2025-03-28 16:57:32,345 Namespace(cfg='configs/loveda/pidnet_small_loveda.yaml', seed=304, opts=[])
2025-03-28 16:57:32,345 AUTO_RESUME: False
CUDNN:
  BENCHMARK: True
  DETERMINISTIC: False
  ENABLED: True
DATASET:
  DATASET: loveda
  EXTRA_TRAIN_SET: 
  NUM_CLASSES: 7
  ROOT: data/
  TARGET_SET: 
  TEST_SET: list/loveda/urban_rural/val.lst
  TRAIN_SET: list/loveda/urban_rural/train.lst
GPUS: (0,)
LOG_DIR: log
LOSS:
  BALANCE_WEIGHTS: [0.4, 1.0]
  CLASS_BALANCE: False
  OHEMKEEP: 131072
  OHEMTHRES: 0.9
  SB_WEIGHTS: 1.0
  USE_OHEM: True
MODEL:
  ALIGN_CORNERS: True
  NAME: pidnet_small
  NUM_OUTPUTS: 2
  PRETRAINED: pretrained_models/imagenet/PIDNet_S_ImageNet.pth.tar
OUTPUT_DIR: output
PIN_MEMORY: True
PRINT_FREQ: 10
TEST:
  BASE_SIZE: 2048
  BATCH_SIZE_PER_GPU: 6
  FLIP_TEST: False
  IMAGE_SIZE: [2048, 1024]
  MODEL_FILE: output/loveda/pidnet_small_loveda/final_state.pt
  MULTI_SCALE: False
  OUTPUT_INDEX: 1
TRAIN:
  AUGMENTATION:
    ENABLE: True
    PROBABILITY: 0.5
    TECHNIQUES:
      GAUSSIAN_BLUR: False
      HORIZONTAL_FLIP: True
      MULTIPLY: True
      RANDOM_BRIGHTNESS: True
  BASE_SIZE: 2048
  BATCH_SIZE_PER_GPU: 6
  BEGIN_EPOCH: 0
  DACS:
    ENABLE: False
    THRESHOLD: 0.968
  END_EPOCH: 20
  EXTRA_EPOCH: 0
  EXTRA_LR: 0.001
  FLIP: False
  IGNORE_LABEL: 0
  IMAGE_SIZE: [1024, 1024]
  LR: 0.01
  MOMENTUM: 0.9
  MULTI_SCALE: False
  NESTEROV: False
  OPTIMIZER: sgd
  RESUME: True
  SCALE_FACTOR: 16
  SHUFFLE: True
  WD: 0.0005
WORKERS: 4
2025-03-28 16:57:32,429 Attention!!!
2025-03-28 16:57:32,430 Loaded 302 parameters!
2025-03-28 16:57:32,430 Over!!!
2025-03-28 16:57:47,752 Epoch: [0/20] Iter:[0/192], Time: 15.22, lr: [0.01], Loss: 16.512749, Acc:0.148866, Semantic loss: 7.031288, BCE loss: 3.821774, SB loss: 5.659687
2025-03-28 16:57:52,092 Epoch: [0/20] Iter:[10/192], Time: 1.76, lr: [0.009976559445324192], Loss: 12.171804, Acc:0.273075, Semantic loss: 5.425010, BCE loss: 2.754370, SB loss: 3.992424
2025-03-28 16:57:56,316 Epoch: [0/20] Iter:[20/192], Time: 1.12, lr: [0.009953112769592761], Loss: 10.141964, Acc:0.310799, Semantic loss: 4.503869, BCE loss: 2.444134, SB loss: 3.193960
2025-03-28 16:58:00,540 Epoch: [0/20] Iter:[30/192], Time: 0.90, lr: [0.009929659955177281], Loss: 8.775919, Acc:0.351157, Semantic loss: 3.865714, BCE loss: 2.246237, SB loss: 2.663968
2025-03-28 16:58:04,736 Epoch: [0/20] Iter:[40/192], Time: 0.78, lr: [0.009906200984352154], Loss: 8.003050, Acc:0.356625, Semantic loss: 3.507228, BCE loss: 2.104971, SB loss: 2.390851
2025-03-28 16:58:08,943 Epoch: [0/20] Iter:[50/192], Time: 0.71, lr: [0.009882735839293803], Loss: 7.357690, Acc:0.376186, Semantic loss: 3.218206, BCE loss: 1.998253, SB loss: 2.141231
2025-03-28 16:58:13,208 Epoch: [0/20] Iter:[60/192], Time: 0.66, lr: [0.00985926450207989], Loss: 7.028766, Acc:0.383254, Semantic loss: 3.072567, BCE loss: 1.938415, SB loss: 2.017784
2025-03-28 16:58:17,484 Epoch: [0/20] Iter:[70/192], Time: 0.63, lr: [0.009835786954688485], Loss: 6.744629, Acc:0.382562, Semantic loss: 2.945223, BCE loss: 1.893706, SB loss: 1.905700
2025-03-28 16:58:21,912 Epoch: [0/20] Iter:[80/192], Time: 0.61, lr: [0.00981230317899726], Loss: 6.529528, Acc:0.389954, Semantic loss: 2.848854, BCE loss: 1.856471, SB loss: 1.824204
2025-03-28 16:58:26,277 Epoch: [0/20] Iter:[90/192], Time: 0.59, lr: [0.009788813156782662], Loss: 6.390514, Acc:0.395406, Semantic loss: 2.773036, BCE loss: 1.839138, SB loss: 1.778340
2025-03-28 16:58:30,830 Epoch: [0/20] Iter:[100/192], Time: 0.58, lr: [0.009765316869719067], Loss: 6.235847, Acc:0.396554, Semantic loss: 2.708851, BCE loss: 1.815349, SB loss: 1.711648
2025-03-28 16:58:35,406 Epoch: [0/20] Iter:[110/192], Time: 0.56, lr: [0.009741814299377942], Loss: 6.106153, Acc:0.396908, Semantic loss: 2.651303, BCE loss: 1.788380, SB loss: 1.666470
2025-03-28 16:58:39,817 Epoch: [0/20] Iter:[120/192], Time: 0.55, lr: [0.009718305427226986], Loss: 5.970005, Acc:0.402684, Semantic loss: 2.584044, BCE loss: 1.778391, SB loss: 1.607570
2025-03-28 16:58:44,279 Epoch: [0/20] Iter:[130/192], Time: 0.55, lr: [0.009694790234629266], Loss: 5.855593, Acc:0.409924, Semantic loss: 2.523774, BCE loss: 1.764580, SB loss: 1.567239
2025-03-28 16:58:48,819 Epoch: [0/20] Iter:[140/192], Time: 0.54, lr: [0.009671268702842338], Loss: 5.763420, Acc:0.411832, Semantic loss: 2.484941, BCE loss: 1.745019, SB loss: 1.533460
2025-03-28 16:58:53,273 Epoch: [0/20] Iter:[150/192], Time: 0.53, lr: [0.009647740813017376], Loss: 5.692395, Acc:0.411770, Semantic loss: 2.452433, BCE loss: 1.731488, SB loss: 1.508475
2025-03-28 16:58:57,760 Epoch: [0/20] Iter:[160/192], Time: 0.53, lr: [0.009624206546198262], Loss: 5.616379, Acc:0.416785, Semantic loss: 2.410258, BCE loss: 1.731170, SB loss: 1.474951
2025-03-28 16:59:02,187 Epoch: [0/20] Iter:[170/192], Time: 0.52, lr: [0.009600665883320689], Loss: 5.559007, Acc:0.421066, Semantic loss: 2.372505, BCE loss: 1.728413, SB loss: 1.458089
2025-03-28 16:59:06,794 Epoch: [0/20] Iter:[180/192], Time: 0.52, lr: [0.009577118805211254], Loss: 5.516398, Acc:0.423963, Semantic loss: 2.343511, BCE loss: 1.724284, SB loss: 1.448604
2025-03-28 16:59:11,271 Epoch: [0/20] Iter:[190/192], Time: 0.52, lr: [0.009553565292586523], Loss: 5.467938, Acc:0.426502, Semantic loss: 2.318700, BCE loss: 1.719070, SB loss: 1.430168
2025-03-28 17:01:13,515 0 [0.00000000e+00 4.66370617e-01 1.06289023e-01 4.17966226e-04
 1.61377731e-05 6.78767593e-03 4.24748731e-02] 0.0889080419513243
2025-03-28 17:01:13,516 1 [0.         0.57091048 0.14914899 0.         0.         0.
 0.        ] 0.102865638904983
2025-03-28 17:01:13,526 => saving checkpoint to output\loveda\pidnet_small_loveda\aug_hf_m_rbcheckpoint.pth.tar
2025-03-28 17:01:13,733 Loss: 5.047, MeanIU:  0.1029, Best_mIoU:  0.1029
2025-03-28 17:01:13,733 [0.         0.57091048 0.14914899 0.         0.         0.
 0.        ]
2025-03-28 17:01:24,988 Epoch: [1/20] Iter:[0/192], Time: 11.07, lr: [0.009548853816214998], Loss: 5.423009, Acc:0.369489, Semantic loss: 2.200316, BCE loss: 1.498092, SB loss: 1.724601
2025-03-28 17:01:29,408 Epoch: [1/20] Iter:[10/192], Time: 1.41, lr: [0.009525292556561479], Loss: 4.682615, Acc:0.456828, Semantic loss: 1.909806, BCE loss: 1.563899, SB loss: 1.208910
2025-03-28 17:01:33,879 Epoch: [1/20] Iter:[20/192], Time: 0.95, lr: [0.00950172481957719], Loss: 4.601600, Acc:0.468191, Semantic loss: 1.879184, BCE loss: 1.574184, SB loss: 1.148232
2025-03-28 17:01:38,322 Epoch: [1/20] Iter:[30/192], Time: 0.79, lr: [0.009478150585620286], Loss: 4.656740, Acc:0.473246, Semantic loss: 1.873654, BCE loss: 1.548131, SB loss: 1.234955
2025-03-28 17:01:42,817 Epoch: [1/20] Iter:[40/192], Time: 0.70, lr: [0.009454569834934885], Loss: 4.676653, Acc:0.465217, Semantic loss: 1.882759, BCE loss: 1.563296, SB loss: 1.230598
2025-03-28 17:01:47,191 Epoch: [1/20] Iter:[50/192], Time: 0.65, lr: [0.009430982547650114], Loss: 4.658444, Acc:0.468651, Semantic loss: 1.872702, BCE loss: 1.585753, SB loss: 1.199989
2025-03-28 17:01:51,751 Epoch: [1/20] Iter:[60/192], Time: 0.62, lr: [0.009407388703779091], Loss: 4.643470, Acc:0.467677, Semantic loss: 1.876360, BCE loss: 1.598506, SB loss: 1.168604
2025-03-28 17:01:56,218 Epoch: [1/20] Iter:[70/192], Time: 0.60, lr: [0.009383788283217955], Loss: 4.592402, Acc:0.472951, Semantic loss: 1.852674, BCE loss: 1.603145, SB loss: 1.136583
2025-03-28 17:02:00,811 Epoch: [1/20] Iter:[80/192], Time: 0.58, lr: [0.00936018126574482], Loss: 4.609875, Acc:0.464581, Semantic loss: 1.867328, BCE loss: 1.596080, SB loss: 1.146467
2025-03-28 17:02:05,185 Epoch: [1/20] Iter:[90/192], Time: 0.56, lr: [0.009336567631018769], Loss: 4.597451, Acc:0.468063, Semantic loss: 1.857232, BCE loss: 1.613254, SB loss: 1.126965
2025-03-28 17:02:09,770 Epoch: [1/20] Iter:[100/192], Time: 0.55, lr: [0.009312947358578814], Loss: 4.618119, Acc:0.466585, Semantic loss: 1.857942, BCE loss: 1.628780, SB loss: 1.131397
2025-03-28 17:02:14,241 Epoch: [1/20] Iter:[110/192], Time: 0.54, lr: [0.009289320427842841], Loss: 4.584190, Acc:0.466113, Semantic loss: 1.851752, BCE loss: 1.609827, SB loss: 1.122611
2025-03-28 17:02:18,752 Epoch: [1/20] Iter:[120/192], Time: 0.54, lr: [0.009265686818106552], Loss: 4.558087, Acc:0.465709, Semantic loss: 1.847001, BCE loss: 1.599495, SB loss: 1.111592
2025-03-28 17:02:23,078 Epoch: [1/20] Iter:[130/192], Time: 0.53, lr: [0.009242046508542393], Loss: 4.553897, Acc:0.467765, Semantic loss: 1.847531, BCE loss: 1.600366, SB loss: 1.105999
2025-03-28 17:02:27,524 Epoch: [1/20] Iter:[140/192], Time: 0.52, lr: [0.009218399478198466], Loss: 4.538756, Acc:0.466970, Semantic loss: 1.843176, BCE loss: 1.594828, SB loss: 1.100752
2025-03-28 17:02:32,063 Epoch: [1/20] Iter:[150/192], Time: 0.52, lr: [0.009194745705997428], Loss: 4.527170, Acc:0.465184, Semantic loss: 1.845537, BCE loss: 1.588187, SB loss: 1.093447
2025-03-28 17:02:36,488 Epoch: [1/20] Iter:[160/192], Time: 0.51, lr: [0.00917108517073538], Loss: 4.518093, Acc:0.465271, Semantic loss: 1.842724, BCE loss: 1.588274, SB loss: 1.087095
2025-03-28 17:02:40,928 Epoch: [1/20] Iter:[170/192], Time: 0.51, lr: [0.00914741785108075], Loss: 4.525443, Acc:0.466569, Semantic loss: 1.838786, BCE loss: 1.587903, SB loss: 1.098754
2025-03-28 17:02:45,672 Epoch: [1/20] Iter:[180/192], Time: 0.51, lr: [0.00912374372557314], Loss: 4.531367, Acc:0.466236, Semantic loss: 1.840856, BCE loss: 1.585706, SB loss: 1.104805
2025-03-28 17:02:49,612 Epoch: [1/20] Iter:[190/192], Time: 0.50, lr: [0.009100062772622186], Loss: 4.523183, Acc:0.466922, Semantic loss: 1.839522, BCE loss: 1.584727, SB loss: 1.098934
2025-03-28 17:04:28,311 0 [0.         0.49835082 0.12784107 0.00913183 0.04382581 0.01180638
 0.0410981 ] 0.10457914286059898
2025-03-28 17:04:28,312 1 [0.         0.61365468 0.08143285 0.         0.         0.01723109
 0.        ] 0.10175980193329173
2025-03-28 17:04:28,317 => saving checkpoint to output\loveda\pidnet_small_loveda\aug_hf_m_rbcheckpoint.pth.tar
2025-03-28 17:04:28,399 Loss: 4.162, MeanIU:  0.1018, Best_mIoU:  0.1029
2025-03-28 17:04:28,399 [0.         0.61365468 0.08143285 0.         0.         0.01723109
 0.        ]
2025-03-28 17:04:38,625 Epoch: [2/20] Iter:[0/192], Time: 10.03, lr: [0.009095325760829623], Loss: 3.982349, Acc:0.435841, Semantic loss: 1.906523, BCE loss: 1.108157, SB loss: 0.967669
2025-03-28 17:04:42,510 Epoch: [2/20] Iter:[10/192], Time: 1.27, lr: [0.009071636586262652], Loss: 4.321454, Acc:0.470142, Semantic loss: 1.784052, BCE loss: 1.592034, SB loss: 0.945368
2025-03-28 17:04:46,364 Epoch: [2/20] Iter:[20/192], Time: 0.85, lr: [0.009047940536290279], Loss: 4.371359, Acc:0.455227, Semantic loss: 1.798378, BCE loss: 1.577550, SB loss: 0.995431
2025-03-28 17:04:50,284 Epoch: [2/20] Iter:[30/192], Time: 0.70, lr: [0.009024237588898336], Loss: 4.329113, Acc:0.465511, Semantic loss: 1.804717, BCE loss: 1.525089, SB loss: 0.999308
2025-03-28 17:04:54,143 Epoch: [2/20] Iter:[40/192], Time: 0.62, lr: [0.009000527721937697], Loss: 4.385198, Acc:0.451578, Semantic loss: 1.831085, BCE loss: 1.522325, SB loss: 1.031788
2025-03-28 17:04:58,025 Epoch: [2/20] Iter:[50/192], Time: 0.58, lr: [0.008976810913123051], Loss: 4.401706, Acc:0.450223, Semantic loss: 1.828841, BCE loss: 1.535401, SB loss: 1.037464
2025-03-28 17:05:01,917 Epoch: [2/20] Iter:[60/192], Time: 0.55, lr: [0.008953087140031669], Loss: 4.409698, Acc:0.445180, Semantic loss: 1.846083, BCE loss: 1.520420, SB loss: 1.043195
2025-03-28 17:05:05,806 Epoch: [2/20] Iter:[70/192], Time: 0.52, lr: [0.008929356380102142], Loss: 4.406989, Acc:0.448256, Semantic loss: 1.832959, BCE loss: 1.525281, SB loss: 1.048749
2025-03-28 17:05:09,756 Epoch: [2/20] Iter:[80/192], Time: 0.51, lr: [0.008905618610633112], Loss: 4.407505, Acc:0.458126, Semantic loss: 1.822158, BCE loss: 1.543211, SB loss: 1.042135
2025-03-28 17:05:13,693 Epoch: [2/20] Iter:[90/192], Time: 0.50, lr: [0.008881873808781991], Loss: 4.387902, Acc:0.462675, Semantic loss: 1.808938, BCE loss: 1.547757, SB loss: 1.031207
2025-03-28 17:05:17,579 Epoch: [2/20] Iter:[100/192], Time: 0.49, lr: [0.008858121951563658], Loss: 4.370569, Acc:0.462851, Semantic loss: 1.810751, BCE loss: 1.536201, SB loss: 1.023617
2025-03-28 17:05:21,501 Epoch: [2/20] Iter:[110/192], Time: 0.48, lr: [0.008834363015849136], Loss: 4.349452, Acc:0.467059, Semantic loss: 1.799823, BCE loss: 1.534286, SB loss: 1.015342
2025-03-28 17:05:25,430 Epoch: [2/20] Iter:[120/192], Time: 0.47, lr: [0.008810596978364274], Loss: 4.374305, Acc:0.468749, Semantic loss: 1.805206, BCE loss: 1.544873, SB loss: 1.024226
2025-03-28 17:05:29,317 Epoch: [2/20] Iter:[130/192], Time: 0.46, lr: [0.008786823815688379], Loss: 4.373671, Acc:0.468455, Semantic loss: 1.804806, BCE loss: 1.544806, SB loss: 1.024058
2025-03-28 17:05:33,225 Epoch: [2/20] Iter:[140/192], Time: 0.46, lr: [0.008763043504252865], Loss: 4.366198, Acc:0.471985, Semantic loss: 1.794274, BCE loss: 1.551462, SB loss: 1.020462
2025-03-28 17:05:37,088 Epoch: [2/20] Iter:[150/192], Time: 0.45, lr: [0.008739256020339866], Loss: 4.359854, Acc:0.471521, Semantic loss: 1.793121, BCE loss: 1.545812, SB loss: 1.020920
2025-03-28 17:05:40,980 Epoch: [2/20] Iter:[160/192], Time: 0.45, lr: [0.00871546134008083], Loss: 4.362043, Acc:0.469762, Semantic loss: 1.797470, BCE loss: 1.547196, SB loss: 1.017377
2025-03-28 17:05:44,882 Epoch: [2/20] Iter:[170/192], Time: 0.45, lr: [0.008691659439455107], Loss: 4.367124, Acc:0.470000, Semantic loss: 1.795211, BCE loss: 1.554508, SB loss: 1.017405
2025-03-28 17:05:48,760 Epoch: [2/20] Iter:[180/192], Time: 0.44, lr: [0.008667850294288517], Loss: 4.369372, Acc:0.470083, Semantic loss: 1.794439, BCE loss: 1.559539, SB loss: 1.015393
2025-03-28 17:05:52,621 Epoch: [2/20] Iter:[190/192], Time: 0.44, lr: [0.008644033880251888], Loss: 4.371206, Acc:0.470500, Semantic loss: 1.796652, BCE loss: 1.559468, SB loss: 1.015085
2025-03-28 17:07:30,445 0 [0.         0.35319208 0.12552551 0.02377721 0.03216188 0.0161428
 0.08484308] 0.09080608079137496
2025-03-28 17:07:30,445 1 [0.00000000e+00 4.93018989e-01 1.27763019e-01 1.88114598e-02
 6.93936605e-05 1.48832388e-02 8.42199274e-02] 0.10553800397280223
2025-03-28 17:07:30,451 => saving checkpoint to output\loveda\pidnet_small_loveda\aug_hf_m_rbcheckpoint.pth.tar
2025-03-28 17:07:30,578 Loss: 4.301, MeanIU:  0.1055, Best_mIoU:  0.1055
2025-03-28 17:07:30,578 [0.00000000e+00 4.93018989e-01 1.27763019e-01 1.88114598e-02
 6.93936605e-05 1.48832388e-02 8.42199274e-02]
2025-03-28 17:07:40,742 Epoch: [3/20] Iter:[0/192], Time: 9.97, lr: [0.008639269723028191], Loss: 4.731639, Acc:0.436357, Semantic loss: 2.330328, BCE loss: 1.342245, SB loss: 1.059066
2025-03-28 17:07:44,644 Epoch: [3/20] Iter:[10/192], Time: 1.26, lr: [0.008615444554012613], Loss: 4.300259, Acc:0.472479, Semantic loss: 1.772033, BCE loss: 1.548687, SB loss: 0.979538
2025-03-28 17:07:48,531 Epoch: [3/20] Iter:[20/192], Time: 0.85, lr: [0.008591612062049989], Loss: 4.250737, Acc:0.486637, Semantic loss: 1.749811, BCE loss: 1.499677, SB loss: 1.001249
2025-03-28 17:07:52,429 Epoch: [3/20] Iter:[30/192], Time: 0.70, lr: [0.008567772222305215], Loss: 4.188258, Acc:0.494564, Semantic loss: 1.698098, BCE loss: 1.536111, SB loss: 0.954049
2025-03-28 17:07:56,330 Epoch: [3/20] Iter:[40/192], Time: 0.62, lr: [0.008543925009781886], Loss: 4.186259, Acc:0.495411, Semantic loss: 1.689198, BCE loss: 1.522810, SB loss: 0.974251
2025-03-28 17:08:00,221 Epoch: [3/20] Iter:[50/192], Time: 0.58, lr: [0.00852007039932076], Loss: 4.194594, Acc:0.490356, Semantic loss: 1.708540, BCE loss: 1.509708, SB loss: 0.976346
2025-03-28 17:08:04,146 Epoch: [3/20] Iter:[60/192], Time: 0.55, lr: [0.00849620836559818], Loss: 4.225599, Acc:0.477315, Semantic loss: 1.745959, BCE loss: 1.486309, SB loss: 0.993332
2025-03-28 17:08:08,093 Epoch: [3/20] Iter:[70/192], Time: 0.53, lr: [0.008472338883124477], Loss: 4.265718, Acc:0.479402, Semantic loss: 1.755518, BCE loss: 1.513742, SB loss: 0.996457
2025-03-28 17:08:12,008 Epoch: [3/20] Iter:[80/192], Time: 0.51, lr: [0.008448461926242374], Loss: 4.275997, Acc:0.478897, Semantic loss: 1.765580, BCE loss: 1.505253, SB loss: 1.005164
2025-03-28 17:08:15,948 Epoch: [3/20] Iter:[90/192], Time: 0.50, lr: [0.008424577469125337], Loss: 4.273722, Acc:0.480494, Semantic loss: 1.755508, BCE loss: 1.519185, SB loss: 0.999030
2025-03-28 17:08:19,879 Epoch: [3/20] Iter:[100/192], Time: 0.49, lr: [0.008400685485775935], Loss: 4.271877, Acc:0.483168, Semantic loss: 1.749117, BCE loss: 1.532797, SB loss: 0.989963
2025-03-28 17:08:23,791 Epoch: [3/20] Iter:[110/192], Time: 0.48, lr: [0.008376785950024154], Loss: 4.256085, Acc:0.484431, Semantic loss: 1.739754, BCE loss: 1.535152, SB loss: 0.981178
2025-03-28 17:08:27,694 Epoch: [3/20] Iter:[120/192], Time: 0.47, lr: [0.00835287883552571], Loss: 4.261943, Acc:0.484501, Semantic loss: 1.733316, BCE loss: 1.555799, SB loss: 0.972829
2025-03-28 17:08:31,594 Epoch: [3/20] Iter:[130/192], Time: 0.46, lr: [0.008328964115760324], Loss: 4.248275, Acc:0.484075, Semantic loss: 1.728378, BCE loss: 1.549346, SB loss: 0.970551
2025-03-28 17:08:35,500 Epoch: [3/20] Iter:[140/192], Time: 0.46, lr: [0.008305041764029988], Loss: 4.246397, Acc:0.482602, Semantic loss: 1.729627, BCE loss: 1.545920, SB loss: 0.970850
2025-03-28 17:08:39,421 Epoch: [3/20] Iter:[150/192], Time: 0.45, lr: [0.008281111753457188], Loss: 4.248373, Acc:0.482008, Semantic loss: 1.731687, BCE loss: 1.537807, SB loss: 0.978879
2025-03-28 17:08:43,329 Epoch: [3/20] Iter:[160/192], Time: 0.45, lr: [0.008257174056983133], Loss: 4.247808, Acc:0.483160, Semantic loss: 1.726652, BCE loss: 1.547243, SB loss: 0.973913
2025-03-28 17:08:47,234 Epoch: [3/20] Iter:[170/192], Time: 0.45, lr: [0.00823322864736593], Loss: 4.235463, Acc:0.483826, Semantic loss: 1.715777, BCE loss: 1.552540, SB loss: 0.967146
2025-03-28 17:08:51,161 Epoch: [3/20] Iter:[180/192], Time: 0.44, lr: [0.008209275497178764], Loss: 4.224446, Acc:0.485387, Semantic loss: 1.713233, BCE loss: 1.546911, SB loss: 0.964302
2025-03-28 17:08:55,030 Epoch: [3/20] Iter:[190/192], Time: 0.44, lr: [0.008185314578808021], Loss: 4.217939, Acc:0.486509, Semantic loss: 1.711519, BCE loss: 1.543111, SB loss: 0.963309
2025-03-28 17:10:33,319 0 [0.         0.40262492 0.06891366 0.03773423 0.05265135 0.00444886
 0.02050759] 0.08384008877317353
2025-03-28 17:10:33,319 1 [0.         0.46371431 0.10296772 0.02650262 0.04902285 0.01033321
 0.01730615] 0.09569241021019972
2025-03-28 17:10:33,325 => saving checkpoint to output\loveda\pidnet_small_loveda\aug_hf_m_rbcheckpoint.pth.tar
2025-03-28 17:10:33,405 Loss: 4.205, MeanIU:  0.0957, Best_mIoU:  0.1055
2025-03-28 17:10:33,406 [0.         0.46371431 0.10296772 0.02650262 0.04902285 0.01033321
 0.01730615]
2025-03-28 17:10:43,689 Epoch: [4/20] Iter:[0/192], Time: 10.09, lr: [0.008180521460508584], Loss: 4.331497, Acc:0.492617, Semantic loss: 1.665164, BCE loss: 1.723527, SB loss: 0.942806
2025-03-28 17:10:47,562 Epoch: [4/20] Iter:[10/192], Time: 1.27, lr: [0.008156551183601795], Loss: 4.167912, Acc:0.487989, Semantic loss: 1.667301, BCE loss: 1.546605, SB loss: 0.954006
2025-03-28 17:10:51,451 Epoch: [4/20] Iter:[20/192], Time: 0.85, lr: [0.008132573077094668], Loss: 4.121615, Acc:0.480523, Semantic loss: 1.682341, BCE loss: 1.487431, SB loss: 0.951843
2025-03-28 17:10:55,320 Epoch: [4/20] Iter:[30/192], Time: 0.70, lr: [0.008108587112763079], Loss: 4.157687, Acc:0.478508, Semantic loss: 1.690670, BCE loss: 1.503004, SB loss: 0.964013
2025-03-28 17:10:59,231 Epoch: [4/20] Iter:[40/192], Time: 0.63, lr: [0.008084593262188028], Loss: 4.192991, Acc:0.485609, Semantic loss: 1.686265, BCE loss: 1.531797, SB loss: 0.974929
2025-03-28 17:11:03,138 Epoch: [4/20] Iter:[50/192], Time: 0.58, lr: [0.008060591496753653], Loss: 4.176215, Acc:0.488810, Semantic loss: 1.679636, BCE loss: 1.517013, SB loss: 0.979566
2025-03-28 17:11:07,043 Epoch: [4/20] Iter:[60/192], Time: 0.55, lr: [0.008036581787645204], Loss: 4.204944, Acc:0.487276, Semantic loss: 1.680209, BCE loss: 1.545114, SB loss: 0.979621
2025-03-28 17:11:10,937 Epoch: [4/20] Iter:[70/192], Time: 0.53, lr: [0.008012564105846994], Loss: 4.185312, Acc:0.483462, Semantic loss: 1.684839, BCE loss: 1.516562, SB loss: 0.983911
2025-03-28 17:11:14,830 Epoch: [4/20] Iter:[80/192], Time: 0.51, lr: [0.007988538422140333], Loss: 4.180956, Acc:0.486068, Semantic loss: 1.686299, BCE loss: 1.509729, SB loss: 0.984928
2025-03-28 17:11:18,727 Epoch: [4/20] Iter:[90/192], Time: 0.50, lr: [0.007964504707101411], Loss: 4.173363, Acc:0.485914, Semantic loss: 1.684405, BCE loss: 1.503647, SB loss: 0.985312
2025-03-28 17:11:22,664 Epoch: [4/20] Iter:[100/192], Time: 0.49, lr: [0.007940462931099176], Loss: 4.153880, Acc:0.489746, Semantic loss: 1.677768, BCE loss: 1.496194, SB loss: 0.979919
2025-03-28 17:11:26,556 Epoch: [4/20] Iter:[110/192], Time: 0.48, lr: [0.007916413064293163], Loss: 4.136325, Acc:0.495381, Semantic loss: 1.663945, BCE loss: 1.501289, SB loss: 0.971091
2025-03-28 17:11:30,492 Epoch: [4/20] Iter:[120/192], Time: 0.47, lr: [0.007892355076631318], Loss: 4.140014, Acc:0.498721, Semantic loss: 1.656970, BCE loss: 1.514222, SB loss: 0.968822
2025-03-28 17:11:34,414 Epoch: [4/20] Iter:[130/192], Time: 0.46, lr: [0.007868288937847752], Loss: 4.143047, Acc:0.498528, Semantic loss: 1.655945, BCE loss: 1.519355, SB loss: 0.967747
2025-03-28 17:11:38,328 Epoch: [4/20] Iter:[140/192], Time: 0.46, lr: [0.007844214617460508], Loss: 4.143566, Acc:0.501783, Semantic loss: 1.648148, BCE loss: 1.531296, SB loss: 0.964122
2025-03-28 17:11:42,221 Epoch: [4/20] Iter:[150/192], Time: 0.45, lr: [0.007820132084769268], Loss: 4.150878, Acc:0.498480, Semantic loss: 1.659485, BCE loss: 1.529423, SB loss: 0.961969
2025-03-28 17:11:46,124 Epoch: [4/20] Iter:[160/192], Time: 0.45, lr: [0.00779604130885303], Loss: 4.150632, Acc:0.498936, Semantic loss: 1.659122, BCE loss: 1.532712, SB loss: 0.958798
2025-03-28 17:11:50,004 Epoch: [4/20] Iter:[170/192], Time: 0.45, lr: [0.007771942258567773], Loss: 4.157822, Acc:0.498865, Semantic loss: 1.658011, BCE loss: 1.537837, SB loss: 0.961974
2025-03-28 17:11:53,917 Epoch: [4/20] Iter:[180/192], Time: 0.44, lr: [0.007747834902544056], Loss: 4.154713, Acc:0.497975, Semantic loss: 1.660221, BCE loss: 1.534082, SB loss: 0.960409
2025-03-28 17:11:57,769 Epoch: [4/20] Iter:[190/192], Time: 0.44, lr: [0.0077237192091846206], Loss: 4.169222, Acc:0.495268, Semantic loss: 1.668992, BCE loss: 1.536077, SB loss: 0.964152
2025-03-28 17:13:36,099 0 [0.         0.5634625  0.1851068  0.05499131 0.08934001 0.05164039
 0.02910526] 0.1390923235632909
2025-03-28 17:13:36,099 1 [0.         0.5577959  0.22822812 0.09638544 0.03149149 0.07479862
 0.0189792 ] 0.14395410942073858
2025-03-28 17:13:36,105 => saving checkpoint to output\loveda\pidnet_small_loveda\aug_hf_m_rbcheckpoint.pth.tar
2025-03-28 17:13:36,227 Loss: 3.885, MeanIU:  0.1440, Best_mIoU:  0.1440
2025-03-28 17:13:36,227 [0.         0.5577959  0.22822812 0.09638544 0.03149149 0.07479862
 0.0189792 ]
2025-03-28 17:13:46,426 Epoch: [5/20] Iter:[0/192], Time: 10.01, lr: [0.007718895067235705], Loss: 3.471540, Acc:0.485149, Semantic loss: 1.431037, BCE loss: 1.297193, SB loss: 0.743310
2025-03-28 17:13:50,308 Epoch: [5/20] Iter:[10/192], Time: 1.26, lr: [0.007694769327040611], Loss: 4.092317, Acc:0.487539, Semantic loss: 1.663805, BCE loss: 1.536609, SB loss: 0.891904
2025-03-28 17:13:54,232 Epoch: [5/20] Iter:[20/192], Time: 0.85, lr: [0.00767063517918174], Loss: 4.096989, Acc:0.487811, Semantic loss: 1.692688, BCE loss: 1.463307, SB loss: 0.940993
2025-03-28 17:13:58,135 Epoch: [5/20] Iter:[30/192], Time: 0.70, lr: [0.007646492591316132], Loss: 3.980205, Acc:0.506779, Semantic loss: 1.621108, BCE loss: 1.445555, SB loss: 0.913542
2025-03-28 17:14:02,050 Epoch: [5/20] Iter:[40/192], Time: 0.63, lr: [0.007622341530862476], Loss: 3.991208, Acc:0.502962, Semantic loss: 1.635681, BCE loss: 1.454420, SB loss: 0.901107
2025-03-28 17:14:05,980 Epoch: [5/20] Iter:[50/192], Time: 0.58, lr: [0.0075981819649984985], Loss: 4.047136, Acc:0.501945, Semantic loss: 1.646040, BCE loss: 1.497524, SB loss: 0.903572
2025-03-28 17:14:09,854 Epoch: [5/20] Iter:[60/192], Time: 0.55, lr: [0.007574013860658317], Loss: 4.000272, Acc:0.504128, Semantic loss: 1.622308, BCE loss: 1.480412, SB loss: 0.897553
2025-03-28 17:14:13,750 Epoch: [5/20] Iter:[70/192], Time: 0.53, lr: [0.007549837184529776], Loss: 4.021415, Acc:0.501960, Semantic loss: 1.620544, BCE loss: 1.498286, SB loss: 0.902586
2025-03-28 17:14:17,666 Epoch: [5/20] Iter:[80/192], Time: 0.51, lr: [0.0075256519030517215], Loss: 4.043409, Acc:0.500395, Semantic loss: 1.624946, BCE loss: 1.497346, SB loss: 0.921117
2025-03-28 17:14:21,578 Epoch: [5/20] Iter:[90/192], Time: 0.50, lr: [0.007501457982411236], Loss: 4.023772, Acc:0.501938, Semantic loss: 1.620438, BCE loss: 1.484464, SB loss: 0.918871
2025-03-28 17:14:25,482 Epoch: [5/20] Iter:[100/192], Time: 0.49, lr: [0.0074772553885408604], Loss: 4.031603, Acc:0.503872, Semantic loss: 1.617422, BCE loss: 1.488056, SB loss: 0.926125
2025-03-28 17:14:29,402 Epoch: [5/20] Iter:[110/192], Time: 0.48, lr: [0.007453044087115737], Loss: 4.072950, Acc:0.502228, Semantic loss: 1.629209, BCE loss: 1.492568, SB loss: 0.951173
2025-03-28 17:14:33,297 Epoch: [5/20] Iter:[120/192], Time: 0.47, lr: [0.007428824043550734], Loss: 4.067169, Acc:0.500490, Semantic loss: 1.628143, BCE loss: 1.493694, SB loss: 0.945331
2025-03-28 17:14:37,213 Epoch: [5/20] Iter:[130/192], Time: 0.46, lr: [0.007404595222997526], Loss: 4.072651, Acc:0.498629, Semantic loss: 1.631773, BCE loss: 1.494987, SB loss: 0.945891
2025-03-28 17:14:41,145 Epoch: [5/20] Iter:[140/192], Time: 0.46, lr: [0.007380357590341623], Loss: 4.079025, Acc:0.500708, Semantic loss: 1.630262, BCE loss: 1.503893, SB loss: 0.944870
2025-03-28 17:14:45,045 Epoch: [5/20] Iter:[150/192], Time: 0.45, lr: [0.007356111110199354], Loss: 4.083409, Acc:0.500275, Semantic loss: 1.631166, BCE loss: 1.505948, SB loss: 0.946294
2025-03-28 17:14:48,930 Epoch: [5/20] Iter:[160/192], Time: 0.45, lr: [0.00733185574691482], Loss: 4.087924, Acc:0.501421, Semantic loss: 1.628331, BCE loss: 1.513616, SB loss: 0.945977
2025-03-28 17:14:52,885 Epoch: [5/20] Iter:[170/192], Time: 0.45, lr: [0.007307591464556783], Loss: 4.078206, Acc:0.503480, Semantic loss: 1.623712, BCE loss: 1.514458, SB loss: 0.940035
2025-03-28 17:14:56,809 Epoch: [5/20] Iter:[180/192], Time: 0.44, lr: [0.007283318226915514], Loss: 4.095148, Acc:0.502393, Semantic loss: 1.628420, BCE loss: 1.525182, SB loss: 0.941546
2025-03-28 17:15:00,680 Epoch: [5/20] Iter:[190/192], Time: 0.44, lr: [0.007259035997499604], Loss: 4.091154, Acc:0.503707, Semantic loss: 1.624076, BCE loss: 1.525625, SB loss: 0.941453
2025-03-28 17:16:38,816 0 [0.         0.51682043 0.12956196 0.07977858 0.17171683 0.05106694
 0.05625394] 0.14359981126190882
2025-03-28 17:16:38,816 1 [0.         0.53401381 0.18492534 0.11522813 0.2169566  0.03290775
 0.02708298] 0.15873065835752367
2025-03-28 17:16:38,822 => saving checkpoint to output\loveda\pidnet_small_loveda\aug_hf_m_rbcheckpoint.pth.tar
2025-03-28 17:16:38,945 Loss: 3.754, MeanIU:  0.1587, Best_mIoU:  0.1587
2025-03-28 17:16:38,945 [0.         0.53401381 0.18492534 0.11522813 0.2169566  0.03290775
 0.02708298]
2025-03-28 17:16:49,147 Epoch: [6/20] Iter:[0/192], Time: 10.01, lr: [0.007254178469372199], Loss: 4.193892, Acc:0.549259, Semantic loss: 1.537122, BCE loss: 1.736615, SB loss: 0.920156
2025-03-28 17:16:53,045 Epoch: [6/20] Iter:[10/192], Time: 1.26, lr: [0.007229885401256642], Loss: 3.856205, Acc:0.531827, Semantic loss: 1.523499, BCE loss: 1.437508, SB loss: 0.895199
2025-03-28 17:16:56,945 Epoch: [6/20] Iter:[20/192], Time: 0.85, lr: [0.0072055832600777334], Loss: 3.866116, Acc:0.511437, Semantic loss: 1.545440, BCE loss: 1.448732, SB loss: 0.871945
2025-03-28 17:17:00,886 Epoch: [6/20] Iter:[30/192], Time: 0.70, lr: [0.007181272008420604], Loss: 3.915390, Acc:0.517276, Semantic loss: 1.580155, BCE loss: 1.453457, SB loss: 0.881778
2025-03-28 17:17:04,765 Epoch: [6/20] Iter:[40/192], Time: 0.63, lr: [0.007156951608574727], Loss: 3.940054, Acc:0.513695, Semantic loss: 1.578716, BCE loss: 1.467096, SB loss: 0.894242
2025-03-28 17:17:08,672 Epoch: [6/20] Iter:[50/192], Time: 0.58, lr: [0.007132622022530447], Loss: 3.933056, Acc:0.511026, Semantic loss: 1.586740, BCE loss: 1.442809, SB loss: 0.903507
2025-03-28 17:17:12,586 Epoch: [6/20] Iter:[60/192], Time: 0.55, lr: [0.007108283211975477], Loss: 3.980736, Acc:0.513740, Semantic loss: 1.593168, BCE loss: 1.495875, SB loss: 0.891694
2025-03-28 17:17:16,515 Epoch: [6/20] Iter:[70/192], Time: 0.53, lr: [0.007083935138291319], Loss: 3.982225, Acc:0.510213, Semantic loss: 1.597762, BCE loss: 1.486890, SB loss: 0.897573
2025-03-28 17:17:20,400 Epoch: [6/20] Iter:[80/192], Time: 0.51, lr: [0.007059577762549636], Loss: 3.997814, Acc:0.514646, Semantic loss: 1.591968, BCE loss: 1.498280, SB loss: 0.907566
2025-03-28 17:17:24,333 Epoch: [6/20] Iter:[90/192], Time: 0.50, lr: [0.007035211045508576], Loss: 3.990897, Acc:0.518169, Semantic loss: 1.579688, BCE loss: 1.505828, SB loss: 0.905381
2025-03-28 17:17:28,272 Epoch: [6/20] Iter:[100/192], Time: 0.49, lr: [0.0070108349476090265], Loss: 4.017709, Acc:0.518528, Semantic loss: 1.581323, BCE loss: 1.521697, SB loss: 0.914689
2025-03-28 17:17:32,144 Epoch: [6/20] Iter:[110/192], Time: 0.48, lr: [0.00698644942897081], Loss: 4.022507, Acc:0.514659, Semantic loss: 1.589988, BCE loss: 1.517936, SB loss: 0.914583
2025-03-28 17:17:36,004 Epoch: [6/20] Iter:[120/192], Time: 0.47, lr: [0.006962054449388827], Loss: 4.035682, Acc:0.512812, Semantic loss: 1.597108, BCE loss: 1.521680, SB loss: 0.916894
2025-03-28 17:17:39,904 Epoch: [6/20] Iter:[130/192], Time: 0.46, lr: [0.006937649968329135], Loss: 4.044037, Acc:0.511909, Semantic loss: 1.597304, BCE loss: 1.529391, SB loss: 0.917342
2025-03-28 17:17:43,814 Epoch: [6/20] Iter:[140/192], Time: 0.46, lr: [0.006913235944924954], Loss: 4.052097, Acc:0.513839, Semantic loss: 1.593104, BCE loss: 1.541606, SB loss: 0.917387
2025-03-28 17:17:47,769 Epoch: [6/20] Iter:[150/192], Time: 0.45, lr: [0.006888812337972621], Loss: 4.042619, Acc:0.513271, Semantic loss: 1.592313, BCE loss: 1.534928, SB loss: 0.915377
2025-03-28 17:17:51,664 Epoch: [6/20] Iter:[160/192], Time: 0.45, lr: [0.00686437910592748], Loss: 4.032351, Acc:0.512623, Semantic loss: 1.590005, BCE loss: 1.529769, SB loss: 0.912576
2025-03-28 17:17:55,556 Epoch: [6/20] Iter:[170/192], Time: 0.45, lr: [0.00683993620689969], Loss: 4.026678, Acc:0.513208, Semantic loss: 1.587712, BCE loss: 1.527333, SB loss: 0.911633
2025-03-28 17:17:59,467 Epoch: [6/20] Iter:[180/192], Time: 0.44, lr: [0.0068154835986499775], Loss: 4.021618, Acc:0.515278, Semantic loss: 1.582692, BCE loss: 1.526607, SB loss: 0.912319
2025-03-28 17:18:03,325 Epoch: [6/20] Iter:[190/192], Time: 0.44, lr: [0.006791021238585323], Loss: 4.015493, Acc:0.516890, Semantic loss: 1.580992, BCE loss: 1.521226, SB loss: 0.913275
2025-03-28 17:19:41,366 0 [0.         0.47232214 0.10022501 0.12533701 0.19732673 0.07831265
 0.0121226 ] 0.14080659164176915
2025-03-28 17:19:41,367 1 [0.         0.51138722 0.1334902  0.1725593  0.32154888 0.13638868
 0.00732995] 0.18324346095674962
2025-03-28 17:19:41,372 => saving checkpoint to output\loveda\pidnet_small_loveda\aug_hf_m_rbcheckpoint.pth.tar
2025-03-28 17:19:41,496 Loss: 3.890, MeanIU:  0.1832, Best_mIoU:  0.1832
2025-03-28 17:19:41,496 [0.         0.51138722 0.1334902  0.1725593  0.32154888 0.13638868
 0.00732995]
2025-03-28 17:19:51,684 Epoch: [7/20] Iter:[0/192], Time: 9.99, lr: [0.006786127592581251], Loss: 4.297422, Acc:0.527185, Semantic loss: 1.423570, BCE loss: 2.069511, SB loss: 0.804341
2025-03-28 17:19:55,594 Epoch: [7/20] Iter:[10/192], Time: 1.26, lr: [0.006761653473611295], Loss: 3.782282, Acc:0.528348, Semantic loss: 1.443518, BCE loss: 1.515233, SB loss: 0.823531
2025-03-28 17:19:59,491 Epoch: [7/20] Iter:[20/192], Time: 0.85, lr: [0.006737169507854796], Loss: 3.824354, Acc:0.539517, Semantic loss: 1.444860, BCE loss: 1.553872, SB loss: 0.825623
2025-03-28 17:20:03,394 Epoch: [7/20] Iter:[30/192], Time: 0.70, lr: [0.006712675651556858], Loss: 3.868583, Acc:0.545545, Semantic loss: 1.468484, BCE loss: 1.554420, SB loss: 0.845680
2025-03-28 17:20:07,296 Epoch: [7/20] Iter:[40/192], Time: 0.62, lr: [0.006688171860589905], Loss: 3.826532, Acc:0.535344, Semantic loss: 1.473867, BCE loss: 1.507669, SB loss: 0.844996
2025-03-28 17:20:11,178 Epoch: [7/20] Iter:[50/192], Time: 0.58, lr: [0.0066636580904489585], Loss: 3.871859, Acc:0.531982, Semantic loss: 1.494314, BCE loss: 1.514609, SB loss: 0.862936
2025-03-28 17:20:15,078 Epoch: [7/20] Iter:[60/192], Time: 0.55, lr: [0.006639134296246874], Loss: 3.894275, Acc:0.530884, Semantic loss: 1.497105, BCE loss: 1.520098, SB loss: 0.877071
2025-03-28 17:20:18,980 Epoch: [7/20] Iter:[70/192], Time: 0.53, lr: [0.0066146004327094585], Loss: 3.908968, Acc:0.528382, Semantic loss: 1.513769, BCE loss: 1.515521, SB loss: 0.879677
2025-03-28 17:20:22,895 Epoch: [7/20] Iter:[80/192], Time: 0.51, lr: [0.006590056454170537], Loss: 3.918706, Acc:0.529733, Semantic loss: 1.516742, BCE loss: 1.523758, SB loss: 0.878207
2025-03-28 17:20:26,807 Epoch: [7/20] Iter:[90/192], Time: 0.50, lr: [0.006565502314566912], Loss: 3.932429, Acc:0.530415, Semantic loss: 1.524964, BCE loss: 1.511254, SB loss: 0.896211
2025-03-28 17:20:30,721 Epoch: [7/20] Iter:[100/192], Time: 0.49, lr: [0.006540937967433255], Loss: 3.935535, Acc:0.527218, Semantic loss: 1.531373, BCE loss: 1.510187, SB loss: 0.893975
2025-03-28 17:20:34,623 Epoch: [7/20] Iter:[110/192], Time: 0.48, lr: [0.006516363365896894], Loss: 3.927602, Acc:0.529835, Semantic loss: 1.525447, BCE loss: 1.504244, SB loss: 0.897911
2025-03-28 17:20:38,549 Epoch: [7/20] Iter:[120/192], Time: 0.47, lr: [0.006491778462672531], Loss: 3.934783, Acc:0.529775, Semantic loss: 1.525249, BCE loss: 1.511943, SB loss: 0.897591
2025-03-28 17:20:42,444 Epoch: [7/20] Iter:[130/192], Time: 0.46, lr: [0.006467183210056843], Loss: 3.944826, Acc:0.529804, Semantic loss: 1.527916, BCE loss: 1.518859, SB loss: 0.898051
2025-03-28 17:20:46,344 Epoch: [7/20] Iter:[140/192], Time: 0.46, lr: [0.006442577559923017], Loss: 3.943285, Acc:0.530224, Semantic loss: 1.527069, BCE loss: 1.518354, SB loss: 0.897861
2025-03-28 17:20:50,266 Epoch: [7/20] Iter:[150/192], Time: 0.45, lr: [0.006417961463715172], Loss: 3.933308, Acc:0.529729, Semantic loss: 1.530120, BCE loss: 1.507997, SB loss: 0.895191
2025-03-28 17:20:54,189 Epoch: [7/20] Iter:[160/192], Time: 0.45, lr: [0.006393334872442681], Loss: 3.946823, Acc:0.528956, Semantic loss: 1.538038, BCE loss: 1.508695, SB loss: 0.900090
2025-03-28 17:20:58,149 Epoch: [7/20] Iter:[170/192], Time: 0.45, lr: [0.006368697736674411], Loss: 3.953814, Acc:0.529735, Semantic loss: 1.544834, BCE loss: 1.507612, SB loss: 0.901367
2025-03-28 17:21:02,079 Epoch: [7/20] Iter:[180/192], Time: 0.44, lr: [0.006344050006532848], Loss: 3.961566, Acc:0.528233, Semantic loss: 1.549187, BCE loss: 1.512446, SB loss: 0.899932
2025-03-28 17:21:05,931 Epoch: [7/20] Iter:[190/192], Time: 0.44, lr: [0.006319391631688114], Loss: 3.959101, Acc:0.529872, Semantic loss: 1.545162, BCE loss: 1.513258, SB loss: 0.900680
2025-03-28 17:22:44,153 0 [0.         0.3855407  0.08556551 0.17750771 0.07055246 0.04501625
 0.02260081] 0.11239763400040707
2025-03-28 17:22:44,154 1 [0.         0.46427676 0.10435049 0.23239558 0.15201486 0.01807217
 0.0188885 ] 0.1414283378117231
2025-03-28 17:22:44,160 => saving checkpoint to output\loveda\pidnet_small_loveda\aug_hf_m_rbcheckpoint.pth.tar
2025-03-28 17:22:44,239 Loss: 3.976, MeanIU:  0.1414, Best_mIoU:  0.1832
2025-03-28 17:22:44,239 [0.         0.46427676 0.10435049 0.23239558 0.15201486 0.01807217
 0.0188885 ]
2025-03-28 17:22:54,430 Epoch: [8/20] Iter:[0/192], Time: 10.00, lr: [0.006314458674893553], Loss: 3.918687, Acc:0.610877, Semantic loss: 1.311837, BCE loss: 1.782643, SB loss: 0.824207
2025-03-28 17:22:58,335 Epoch: [8/20] Iter:[10/192], Time: 1.26, lr: [0.006289787459323657], Loss: 3.997671, Acc:0.548659, Semantic loss: 1.531791, BCE loss: 1.530668, SB loss: 0.935212
2025-03-28 17:23:02,236 Epoch: [8/20] Iter:[20/192], Time: 0.85, lr: [0.006265105486702424], Loss: 3.972769, Acc:0.543937, Semantic loss: 1.552234, BCE loss: 1.499503, SB loss: 0.921031
2025-03-28 17:23:06,128 Epoch: [8/20] Iter:[30/192], Time: 0.70, lr: [0.006240412705211017], Loss: 3.955882, Acc:0.538867, Semantic loss: 1.544644, BCE loss: 1.476043, SB loss: 0.935195
2025-03-28 17:23:10,018 Epoch: [8/20] Iter:[40/192], Time: 0.62, lr: [0.006215709062551949], Loss: 3.926587, Acc:0.539168, Semantic loss: 1.528029, BCE loss: 1.485957, SB loss: 0.912601
2025-03-28 17:23:13,918 Epoch: [8/20] Iter:[50/192], Time: 0.58, lr: [0.006190994505942529], Loss: 3.920982, Acc:0.537574, Semantic loss: 1.545839, BCE loss: 1.460343, SB loss: 0.914800
2025-03-28 17:23:17,838 Epoch: [8/20] Iter:[60/192], Time: 0.55, lr: [0.006166268982108192], Loss: 3.914120, Acc:0.533734, Semantic loss: 1.554564, BCE loss: 1.447888, SB loss: 0.911668
2025-03-28 17:23:21,742 Epoch: [8/20] Iter:[70/192], Time: 0.53, lr: [0.006141532437275693], Loss: 3.895107, Acc:0.530130, Semantic loss: 1.551586, BCE loss: 1.441387, SB loss: 0.902134
2025-03-28 17:23:25,670 Epoch: [8/20] Iter:[80/192], Time: 0.51, lr: [0.006116784817166194], Loss: 3.897160, Acc:0.529471, Semantic loss: 1.545139, BCE loss: 1.444711, SB loss: 0.907310
2025-03-28 17:23:29,617 Epoch: [8/20] Iter:[90/192], Time: 0.50, lr: [0.006092026066988214], Loss: 3.923737, Acc:0.532294, Semantic loss: 1.549223, BCE loss: 1.467962, SB loss: 0.906552
2025-03-28 17:23:33,514 Epoch: [8/20] Iter:[100/192], Time: 0.49, lr: [0.006067256131430442], Loss: 3.924317, Acc:0.531896, Semantic loss: 1.542909, BCE loss: 1.479309, SB loss: 0.902100
2025-03-28 17:23:37,403 Epoch: [8/20] Iter:[110/192], Time: 0.48, lr: [0.00604247495465443], Loss: 3.922422, Acc:0.532497, Semantic loss: 1.534344, BCE loss: 1.488305, SB loss: 0.899773
2025-03-28 17:23:41,294 Epoch: [8/20] Iter:[120/192], Time: 0.47, lr: [0.006017682480287143], Loss: 3.926973, Acc:0.533892, Semantic loss: 1.534957, BCE loss: 1.487477, SB loss: 0.904539
2025-03-28 17:23:45,182 Epoch: [8/20] Iter:[130/192], Time: 0.46, lr: [0.00599287865141337], Loss: 3.920930, Acc:0.535386, Semantic loss: 1.533581, BCE loss: 1.486758, SB loss: 0.900591
2025-03-28 17:23:49,087 Epoch: [8/20] Iter:[140/192], Time: 0.46, lr: [0.005968063410567983], Loss: 3.918016, Acc:0.534355, Semantic loss: 1.530289, BCE loss: 1.486101, SB loss: 0.901626
2025-03-28 17:23:53,009 Epoch: [8/20] Iter:[150/192], Time: 0.45, lr: [0.00594323669972807], Loss: 3.918267, Acc:0.536799, Semantic loss: 1.524164, BCE loss: 1.494366, SB loss: 0.899738
2025-03-28 17:23:56,908 Epoch: [8/20] Iter:[160/192], Time: 0.45, lr: [0.005918398460304892], Loss: 3.916271, Acc:0.538126, Semantic loss: 1.522040, BCE loss: 1.496660, SB loss: 0.897572
2025-03-28 17:24:00,791 Epoch: [8/20] Iter:[170/192], Time: 0.45, lr: [0.0058935486331357125], Loss: 3.923355, Acc:0.538440, Semantic loss: 1.522255, BCE loss: 1.502719, SB loss: 0.898380
2025-03-28 17:24:04,669 Epoch: [8/20] Iter:[180/192], Time: 0.44, lr: [0.005868687158475447], Loss: 3.920585, Acc:0.539414, Semantic loss: 1.519056, BCE loss: 1.504793, SB loss: 0.896736
2025-03-28 17:24:08,529 Epoch: [8/20] Iter:[190/192], Time: 0.44, lr: [0.005843813975988169], Loss: 3.915242, Acc:0.540396, Semantic loss: 1.513458, BCE loss: 1.507833, SB loss: 0.893952
2025-03-28 17:25:46,306 0 [0.         0.56362638 0.21387484 0.2097349  0.15551168 0.0423144
 0.03591833] 0.1744257908342218
2025-03-28 17:25:46,307 1 [0.         0.50296214 0.27486953 0.26603241 0.27659595 0.00994358
 0.05025392] 0.1972367891148205
2025-03-28 17:25:46,312 => saving checkpoint to output\loveda\pidnet_small_loveda\aug_hf_m_rbcheckpoint.pth.tar
2025-03-28 17:25:46,441 Loss: 3.964, MeanIU:  0.1972, Best_mIoU:  0.1972
2025-03-28 17:25:46,441 [0.         0.50296214 0.27486953 0.26603241 0.27659595 0.00994358
 0.05025392]
2025-03-28 17:25:56,552 Epoch: [9/20] Iter:[0/192], Time: 9.92, lr: [0.0058388379291998025], Loss: 3.944736, Acc:0.600485, Semantic loss: 1.349498, BCE loss: 1.621498, SB loss: 0.973741
2025-03-28 17:26:00,459 Epoch: [9/20] Iter:[10/192], Time: 1.26, lr: [0.0058139506168319475], Loss: 3.709576, Acc:0.548356, Semantic loss: 1.420126, BCE loss: 1.433901, SB loss: 0.855550
2025-03-28 17:26:04,367 Epoch: [9/20] Iter:[20/192], Time: 0.84, lr: [0.005789051461775303], Loss: 3.742412, Acc:0.541313, Semantic loss: 1.461841, BCE loss: 1.444756, SB loss: 0.835816
2025-03-28 17:26:08,246 Epoch: [9/20] Iter:[30/192], Time: 0.70, lr: [0.005764140401744157], Loss: 3.783561, Acc:0.538505, Semantic loss: 1.473215, BCE loss: 1.450688, SB loss: 0.859658
2025-03-28 17:26:12,174 Epoch: [9/20] Iter:[40/192], Time: 0.62, lr: [0.005739217373824397], Loss: 3.809402, Acc:0.536395, Semantic loss: 1.480027, BCE loss: 1.462470, SB loss: 0.866905
2025-03-28 17:26:16,082 Epoch: [9/20] Iter:[50/192], Time: 0.58, lr: [0.005714282314464109], Loss: 3.840848, Acc:0.540627, Semantic loss: 1.469817, BCE loss: 1.505022, SB loss: 0.866008
2025-03-28 17:26:19,948 Epoch: [9/20] Iter:[60/192], Time: 0.55, lr: [0.005689335159463984], Loss: 3.836759, Acc:0.543109, Semantic loss: 1.472344, BCE loss: 1.492399, SB loss: 0.872016
2025-03-28 17:26:23,840 Epoch: [9/20] Iter:[70/192], Time: 0.52, lr: [0.0056643758439675305], Loss: 3.843864, Acc:0.541039, Semantic loss: 1.475288, BCE loss: 1.496604, SB loss: 0.871972
2025-03-28 17:26:27,757 Epoch: [9/20] Iter:[80/192], Time: 0.51, lr: [0.005639404302451105], Loss: 3.818612, Acc:0.546937, Semantic loss: 1.464857, BCE loss: 1.484795, SB loss: 0.868960
2025-03-28 17:26:31,690 Epoch: [9/20] Iter:[90/192], Time: 0.50, lr: [0.005614420468713722], Loss: 3.833914, Acc:0.544242, Semantic loss: 1.474209, BCE loss: 1.484809, SB loss: 0.874895
2025-03-28 17:26:35,607 Epoch: [9/20] Iter:[100/192], Time: 0.48, lr: [0.005589424275866668], Loss: 3.834449, Acc:0.546039, Semantic loss: 1.474843, BCE loss: 1.485635, SB loss: 0.873971
2025-03-28 17:26:39,575 Epoch: [9/20] Iter:[110/192], Time: 0.48, lr: [0.005564415656322913], Loss: 3.851542, Acc:0.544574, Semantic loss: 1.479517, BCE loss: 1.495913, SB loss: 0.876112
2025-03-28 17:26:43,485 Epoch: [9/20] Iter:[120/192], Time: 0.47, lr: [0.00553939454178628], Loss: 3.859007, Acc:0.545326, Semantic loss: 1.478517, BCE loss: 1.505999, SB loss: 0.874491
2025-03-28 17:26:47,392 Epoch: [9/20] Iter:[130/192], Time: 0.46, lr: [0.005514360863240413], Loss: 3.854690, Acc:0.544805, Semantic loss: 1.480241, BCE loss: 1.501019, SB loss: 0.873430
2025-03-28 17:26:51,286 Epoch: [9/20] Iter:[140/192], Time: 0.46, lr: [0.005489314550937511], Loss: 3.845793, Acc:0.546683, Semantic loss: 1.472571, BCE loss: 1.500460, SB loss: 0.872762
2025-03-28 17:26:55,176 Epoch: [9/20] Iter:[150/192], Time: 0.45, lr: [0.005464255534386825], Loss: 3.837456, Acc:0.549573, Semantic loss: 1.467620, BCE loss: 1.498615, SB loss: 0.871221
2025-03-28 17:26:59,100 Epoch: [9/20] Iter:[160/192], Time: 0.45, lr: [0.005439183742342914], Loss: 3.848225, Acc:0.548981, Semantic loss: 1.471378, BCE loss: 1.506135, SB loss: 0.870712
2025-03-28 17:27:02,993 Epoch: [9/20] Iter:[170/192], Time: 0.45, lr: [0.00541409910279366], Loss: 3.849247, Acc:0.548158, Semantic loss: 1.470113, BCE loss: 1.509163, SB loss: 0.869971
2025-03-28 17:27:06,944 Epoch: [9/20] Iter:[180/192], Time: 0.44, lr: [0.005389001542948025], Loss: 3.859779, Acc:0.547520, Semantic loss: 1.474734, BCE loss: 1.510930, SB loss: 0.874115
2025-03-28 17:27:10,795 Epoch: [9/20] Iter:[190/192], Time: 0.44, lr: [0.005363890989223547], Loss: 3.849824, Acc:0.546461, Semantic loss: 1.475364, BCE loss: 1.500205, SB loss: 0.874255
2025-03-28 17:28:49,147 0 [0.         0.58775412 0.24796168 0.17318277 0.20243667 0.10250986
 0.03732265] 0.19302396469383631
2025-03-28 17:28:49,147 1 [0.         0.58151391 0.33212318 0.26486339 0.29967064 0.24904004
 0.07781453] 0.2578608140785266
2025-03-28 17:28:49,153 => saving checkpoint to output\loveda\pidnet_small_loveda\aug_hf_m_rbcheckpoint.pth.tar
2025-03-28 17:28:49,323 Loss: 3.583, MeanIU:  0.2579, Best_mIoU:  0.2579
2025-03-28 17:28:49,323 [0.         0.58151391 0.33212318 0.26486339 0.29967064 0.24904004
 0.07781453]
2025-03-28 17:28:59,520 Epoch: [10/20] Iter:[0/192], Time: 10.00, lr: [0.005358867312681466], Loss: 3.612190, Acc:0.647434, Semantic loss: 1.282594, BCE loss: 1.564157, SB loss: 0.765438
2025-03-28 17:29:03,429 Epoch: [10/20] Iter:[10/192], Time: 1.27, lr: [0.005333741068040314], Loss: 3.935113, Acc:0.566037, Semantic loss: 1.448391, BCE loss: 1.602787, SB loss: 0.883935
2025-03-28 17:29:07,314 Epoch: [10/20] Iter:[20/192], Time: 0.85, lr: [0.0053086016647897714], Loss: 3.916077, Acc:0.563222, Semantic loss: 1.467678, BCE loss: 1.575843, SB loss: 0.872556
2025-03-28 17:29:11,220 Epoch: [10/20] Iter:[30/192], Time: 0.70, lr: [0.005283449026727663], Loss: 3.946173, Acc:0.557019, Semantic loss: 1.474040, BCE loss: 1.594882, SB loss: 0.877252
2025-03-28 17:29:15,179 Epoch: [10/20] Iter:[40/192], Time: 0.63, lr: [0.005258283076804885], Loss: 3.923814, Acc:0.565667, Semantic loss: 1.452862, BCE loss: 1.605879, SB loss: 0.865072
2025-03-28 17:29:19,104 Epoch: [10/20] Iter:[50/192], Time: 0.58, lr: [0.00523310373711144], Loss: 3.887556, Acc:0.560558, Semantic loss: 1.445181, BCE loss: 1.585606, SB loss: 0.856768
2025-03-28 17:29:22,996 Epoch: [10/20] Iter:[60/192], Time: 0.55, lr: [0.005207910928862159], Loss: 3.861041, Acc:0.559518, Semantic loss: 1.442852, BCE loss: 1.568145, SB loss: 0.850043
2025-03-28 17:29:26,897 Epoch: [10/20] Iter:[70/192], Time: 0.53, lr: [0.005182704572382109], Loss: 3.835992, Acc:0.559533, Semantic loss: 1.441666, BCE loss: 1.542414, SB loss: 0.851912
2025-03-28 17:29:30,807 Epoch: [10/20] Iter:[80/192], Time: 0.51, lr: [0.005157484587091684], Loss: 3.842531, Acc:0.559878, Semantic loss: 1.441203, BCE loss: 1.546281, SB loss: 0.855047
2025-03-28 17:29:34,672 Epoch: [10/20] Iter:[90/192], Time: 0.50, lr: [0.005132250891491357], Loss: 3.823290, Acc:0.557309, Semantic loss: 1.437163, BCE loss: 1.536588, SB loss: 0.849539
2025-03-28 17:29:38,582 Epoch: [10/20] Iter:[100/192], Time: 0.49, lr: [0.005107003403146087], Loss: 3.803965, Acc:0.557620, Semantic loss: 1.436268, BCE loss: 1.515947, SB loss: 0.851749
2025-03-28 17:29:42,516 Epoch: [10/20] Iter:[110/192], Time: 0.48, lr: [0.005081742038669388], Loss: 3.818518, Acc:0.555676, Semantic loss: 1.444811, BCE loss: 1.515607, SB loss: 0.858101
2025-03-28 17:29:46,405 Epoch: [10/20] Iter:[120/192], Time: 0.47, lr: [0.005056466713707024], Loss: 3.818148, Acc:0.553543, Semantic loss: 1.451674, BCE loss: 1.502885, SB loss: 0.863589
2025-03-28 17:29:50,305 Epoch: [10/20] Iter:[130/192], Time: 0.46, lr: [0.005031177342920337], Loss: 3.811692, Acc:0.553628, Semantic loss: 1.451657, BCE loss: 1.496431, SB loss: 0.863604
2025-03-28 17:29:54,164 Epoch: [10/20] Iter:[140/192], Time: 0.46, lr: [0.005005873839969192], Loss: 3.811239, Acc:0.551625, Semantic loss: 1.453851, BCE loss: 1.487142, SB loss: 0.870246
2025-03-28 17:29:58,089 Epoch: [10/20] Iter:[150/192], Time: 0.45, lr: [0.00498055611749454], Loss: 3.820935, Acc:0.550918, Semantic loss: 1.458509, BCE loss: 1.488868, SB loss: 0.873558
2025-03-28 17:30:01,982 Epoch: [10/20] Iter:[160/192], Time: 0.45, lr: [0.004955224087100552], Loss: 3.815767, Acc:0.552281, Semantic loss: 1.453775, BCE loss: 1.490680, SB loss: 0.871311
2025-03-28 17:30:05,916 Epoch: [10/20] Iter:[170/192], Time: 0.45, lr: [0.004929877659336362], Loss: 3.819246, Acc:0.553599, Semantic loss: 1.453920, BCE loss: 1.492917, SB loss: 0.872409
2025-03-28 17:30:09,788 Epoch: [10/20] Iter:[180/192], Time: 0.44, lr: [0.004904516743677371], Loss: 3.815644, Acc:0.551891, Semantic loss: 1.454860, BCE loss: 1.488665, SB loss: 0.872118
2025-03-28 17:30:13,658 Epoch: [10/20] Iter:[190/192], Time: 0.44, lr: [0.00487914124850611], Loss: 3.821019, Acc:0.551298, Semantic loss: 1.456732, BCE loss: 1.492524, SB loss: 0.871763
2025-03-28 17:31:52,169 0 [0.         0.54481087 0.20097279 0.21502984 0.32037091 0.07101652
 0.09006799] 0.20603841781799268
2025-03-28 17:31:52,170 1 [0.         0.42716138 0.31679715 0.30488111 0.39107528 0.13727547
 0.15692053] 0.2477301317939447
2025-03-28 17:31:52,175 => saving checkpoint to output\loveda\pidnet_small_loveda\aug_hf_m_rbcheckpoint.pth.tar
2025-03-28 17:31:52,255 Loss: 3.477, MeanIU:  0.2477, Best_mIoU:  0.2579
2025-03-28 17:31:52,256 [0.         0.42716138 0.31679715 0.30488111 0.39107528 0.13727547
 0.15692053]
2025-03-28 17:32:02,425 Epoch: [11/20] Iter:[0/192], Time: 9.98, lr: [0.004874064391789954], Loss: 3.783453, Acc:0.649975, Semantic loss: 1.300268, BCE loss: 1.653782, SB loss: 0.829403
2025-03-28 17:32:06,333 Epoch: [11/20] Iter:[10/192], Time: 1.26, lr: [0.004848671278701159], Loss: 3.646260, Acc:0.599738, Semantic loss: 1.299004, BCE loss: 1.540726, SB loss: 0.806530
2025-03-28 17:32:10,201 Epoch: [11/20] Iter:[20/192], Time: 0.85, lr: [0.0048232633805975296], Loss: 3.720225, Acc:0.579140, Semantic loss: 1.357435, BCE loss: 1.549389, SB loss: 0.813401
2025-03-28 17:32:14,139 Epoch: [11/20] Iter:[30/192], Time: 0.70, lr: [0.00479784060223045], Loss: 3.730926, Acc:0.569554, Semantic loss: 1.399513, BCE loss: 1.498563, SB loss: 0.832850
2025-03-28 17:32:18,049 Epoch: [11/20] Iter:[40/192], Time: 0.62, lr: [0.004772402847172951], Loss: 3.705390, Acc:0.573953, Semantic loss: 1.394052, BCE loss: 1.483797, SB loss: 0.827541
2025-03-28 17:32:21,933 Epoch: [11/20] Iter:[50/192], Time: 0.58, lr: [0.004746950017798064], Loss: 3.702630, Acc:0.576822, Semantic loss: 1.378169, BCE loss: 1.492405, SB loss: 0.832057
2025-03-28 17:32:25,832 Epoch: [11/20] Iter:[60/192], Time: 0.55, lr: [0.004721482015256639], Loss: 3.692731, Acc:0.576904, Semantic loss: 1.369893, BCE loss: 1.486023, SB loss: 0.836815
2025-03-28 17:32:29,755 Epoch: [11/20] Iter:[70/192], Time: 0.53, lr: [0.004695998739454633], Loss: 3.715308, Acc:0.580194, Semantic loss: 1.374887, BCE loss: 1.501803, SB loss: 0.838619
2025-03-28 17:32:33,637 Epoch: [11/20] Iter:[80/192], Time: 0.51, lr: [0.004670500089029817], Loss: 3.710850, Acc:0.578771, Semantic loss: 1.375655, BCE loss: 1.502760, SB loss: 0.832435
2025-03-28 17:32:37,575 Epoch: [11/20] Iter:[90/192], Time: 0.50, lr: [0.004644985961327915], Loss: 3.712160, Acc:0.572719, Semantic loss: 1.394682, BCE loss: 1.482407, SB loss: 0.835070
2025-03-28 17:32:41,489 Epoch: [11/20] Iter:[100/192], Time: 0.49, lr: [0.004619456252378151], Loss: 3.716196, Acc:0.572250, Semantic loss: 1.393800, BCE loss: 1.483922, SB loss: 0.838474
2025-03-28 17:32:45,393 Epoch: [11/20] Iter:[110/192], Time: 0.48, lr: [0.004593910856868159], Loss: 3.725277, Acc:0.571996, Semantic loss: 1.398563, BCE loss: 1.481838, SB loss: 0.844877
2025-03-28 17:32:49,315 Epoch: [11/20] Iter:[120/192], Time: 0.47, lr: [0.004568349668118281], Loss: 3.736478, Acc:0.569172, Semantic loss: 1.404758, BCE loss: 1.482456, SB loss: 0.849264
2025-03-28 17:32:53,205 Epoch: [11/20] Iter:[130/192], Time: 0.46, lr: [0.004542772578055196], Loss: 3.744028, Acc:0.566025, Semantic loss: 1.409015, BCE loss: 1.483912, SB loss: 0.851101
2025-03-28 17:32:57,104 Epoch: [11/20] Iter:[140/192], Time: 0.46, lr: [0.00451717947718487], Loss: 3.745581, Acc:0.566676, Semantic loss: 1.405983, BCE loss: 1.492898, SB loss: 0.846700
2025-03-28 17:33:01,020 Epoch: [11/20] Iter:[150/192], Time: 0.45, lr: [0.004491570254564817], Loss: 3.753862, Acc:0.564165, Semantic loss: 1.412544, BCE loss: 1.490087, SB loss: 0.851232
2025-03-28 17:33:04,936 Epoch: [11/20] Iter:[160/192], Time: 0.45, lr: [0.004465944797775636], Loss: 3.753420, Acc:0.564325, Semantic loss: 1.411440, BCE loss: 1.490546, SB loss: 0.851434
2025-03-28 17:33:08,842 Epoch: [11/20] Iter:[170/192], Time: 0.45, lr: [0.004440302992891796], Loss: 3.758564, Acc:0.563524, Semantic loss: 1.414212, BCE loss: 1.494105, SB loss: 0.850246
2025-03-28 17:33:12,755 Epoch: [11/20] Iter:[180/192], Time: 0.44, lr: [0.004414644724451659], Loss: 3.761101, Acc:0.562100, Semantic loss: 1.416518, BCE loss: 1.493119, SB loss: 0.851464
2025-03-28 17:33:16,641 Epoch: [11/20] Iter:[190/192], Time: 0.44, lr: [0.004388969875426714], Loss: 3.760404, Acc:0.561933, Semantic loss: 1.418966, BCE loss: 1.489061, SB loss: 0.852376
2025-03-28 17:34:54,784 0 [0.         0.55582753 0.18275211 0.2413605  0.24917063 0.16772584
 0.04827223] 0.20644411987255093
2025-03-28 17:34:54,785 1 [0.         0.54813444 0.24741012 0.31013476 0.32755625 0.24065795
 0.09598935] 0.25284040944994274
2025-03-28 17:34:54,790 => saving checkpoint to output\loveda\pidnet_small_loveda\aug_hf_m_rbcheckpoint.pth.tar
2025-03-28 17:34:54,871 Loss: 3.728, MeanIU:  0.2528, Best_mIoU:  0.2579
2025-03-28 17:34:54,871 [0.         0.54813444 0.24741012 0.31013476 0.32755625 0.24065795
 0.09598935]
2025-03-28 17:35:05,154 Epoch: [12/20] Iter:[0/192], Time: 10.09, lr: [0.0043838329055408696], Loss: 3.804472, Acc:0.671140, Semantic loss: 1.199499, BCE loss: 1.742789, SB loss: 0.862185
2025-03-28 17:35:09,068 Epoch: [12/20] Iter:[10/192], Time: 1.27, lr: [0.004358138003083593], Loss: 3.868378, Acc:0.566475, Semantic loss: 1.408820, BCE loss: 1.656803, SB loss: 0.802756
2025-03-28 17:35:12,947 Epoch: [12/20] Iter:[20/192], Time: 0.85, lr: [0.0043324262569064236], Loss: 3.860383, Acc:0.557037, Semantic loss: 1.428731, BCE loss: 1.569775, SB loss: 0.861877
2025-03-28 17:35:16,877 Epoch: [12/20] Iter:[30/192], Time: 0.70, lr: [0.0043066975447503065], Loss: 3.828738, Acc:0.551437, Semantic loss: 1.452430, BCE loss: 1.523816, SB loss: 0.852492
2025-03-28 17:35:20,790 Epoch: [12/20] Iter:[40/192], Time: 0.63, lr: [0.00428095174265078], Loss: 3.811681, Acc:0.560737, Semantic loss: 1.436852, BCE loss: 1.533967, SB loss: 0.840862
2025-03-28 17:35:24,707 Epoch: [12/20] Iter:[50/192], Time: 0.58, lr: [0.004255188724902623], Loss: 3.823581, Acc:0.562497, Semantic loss: 1.437636, BCE loss: 1.540717, SB loss: 0.845228
2025-03-28 17:35:28,622 Epoch: [12/20] Iter:[60/192], Time: 0.55, lr: [0.004229408364023519], Loss: 3.825280, Acc:0.567698, Semantic loss: 1.431137, BCE loss: 1.551218, SB loss: 0.842924
2025-03-28 17:35:32,536 Epoch: [12/20] Iter:[70/192], Time: 0.53, lr: [0.004203610530716726], Loss: 3.813039, Acc:0.564252, Semantic loss: 1.433097, BCE loss: 1.534695, SB loss: 0.845247
2025-03-28 17:35:36,454 Epoch: [12/20] Iter:[80/192], Time: 0.51, lr: [0.004177795093832693], Loss: 3.809465, Acc:0.563978, Semantic loss: 1.436561, BCE loss: 1.530411, SB loss: 0.842493
2025-03-28 17:35:40,367 Epoch: [12/20] Iter:[90/192], Time: 0.50, lr: [0.004151961920329593], Loss: 3.800190, Acc:0.562489, Semantic loss: 1.442445, BCE loss: 1.517478, SB loss: 0.840267
2025-03-28 17:35:44,311 Epoch: [12/20] Iter:[100/192], Time: 0.49, lr: [0.004126110875232744], Loss: 3.802312, Acc:0.566029, Semantic loss: 1.436013, BCE loss: 1.523132, SB loss: 0.843167
2025-03-28 17:35:48,213 Epoch: [12/20] Iter:[110/192], Time: 0.48, lr: [0.004100241821592866], Loss: 3.787385, Acc:0.565046, Semantic loss: 1.428550, BCE loss: 1.512790, SB loss: 0.846045
2025-03-28 17:35:52,129 Epoch: [12/20] Iter:[120/192], Time: 0.47, lr: [0.00407435462044314], Loss: 3.777352, Acc:0.567177, Semantic loss: 1.419557, BCE loss: 1.512473, SB loss: 0.845322
2025-03-28 17:35:55,994 Epoch: [12/20] Iter:[130/192], Time: 0.47, lr: [0.004048449130755016], Loss: 3.774029, Acc:0.565194, Semantic loss: 1.417208, BCE loss: 1.512774, SB loss: 0.844047
2025-03-28 17:35:59,919 Epoch: [12/20] Iter:[140/192], Time: 0.46, lr: [0.004022525209392749], Loss: 3.772077, Acc:0.565850, Semantic loss: 1.412943, BCE loss: 1.515948, SB loss: 0.843185
2025-03-28 17:36:03,831 Epoch: [12/20] Iter:[150/192], Time: 0.46, lr: [0.003996582711066572], Loss: 3.765659, Acc:0.565230, Semantic loss: 1.407850, BCE loss: 1.514728, SB loss: 0.843082
2025-03-28 17:36:07,713 Epoch: [12/20] Iter:[160/192], Time: 0.45, lr: [0.003970621488284514], Loss: 3.756572, Acc:0.565130, Semantic loss: 1.404410, BCE loss: 1.505391, SB loss: 0.846771
2025-03-28 17:36:11,615 Epoch: [12/20] Iter:[170/192], Time: 0.45, lr: [0.003944641391302759], Loss: 3.761769, Acc:0.563011, Semantic loss: 1.410937, BCE loss: 1.500571, SB loss: 0.850261
2025-03-28 17:36:15,486 Epoch: [12/20] Iter:[180/192], Time: 0.44, lr: [0.003918642268074522], Loss: 3.752231, Acc:0.562743, Semantic loss: 1.411308, BCE loss: 1.488262, SB loss: 0.852662
2025-03-28 17:36:19,371 Epoch: [12/20] Iter:[190/192], Time: 0.44, lr: [0.003892623964197378], Loss: 3.750467, Acc:0.561792, Semantic loss: 1.411349, BCE loss: 1.486864, SB loss: 0.852254
2025-03-28 17:37:56,751 0 [0.         0.54291556 0.26784939 0.25034735 0.2507888  0.03449308
 0.09206105] 0.20549360497254784
2025-03-28 17:37:56,751 1 [0.         0.30041079 0.36573633 0.32376532 0.35862932 0.03864325
 0.1285378 ] 0.2165318302136208
2025-03-28 17:37:56,757 => saving checkpoint to output\loveda\pidnet_small_loveda\aug_hf_m_rbcheckpoint.pth.tar
2025-03-28 17:37:56,837 Loss: 3.784, MeanIU:  0.2165, Best_mIoU:  0.2579
2025-03-28 17:37:56,837 [0.         0.30041079 0.36573633 0.32376532 0.35862932 0.03864325
 0.1285378 ]
2025-03-28 17:38:07,281 Epoch: [13/20] Iter:[0/192], Time: 10.25, lr: [0.0038874179879876346], Loss: 3.829615, Acc:0.630117, Semantic loss: 1.265505, BCE loss: 1.858296, SB loss: 0.705814
2025-03-28 17:38:11,180 Epoch: [13/20] Iter:[10/192], Time: 1.29, lr: [0.003861376460123532], Loss: 3.821752, Acc:0.573993, Semantic loss: 1.354214, BCE loss: 1.594093, SB loss: 0.873445
2025-03-28 17:38:15,099 Epoch: [13/20] Iter:[20/192], Time: 0.86, lr: [0.003835315403363414], Loss: 3.814830, Acc:0.574484, Semantic loss: 1.406832, BCE loss: 1.531186, SB loss: 0.876813
2025-03-28 17:38:18,986 Epoch: [13/20] Iter:[30/192], Time: 0.71, lr: [0.00380923465539378], Loss: 3.754929, Acc:0.581280, Semantic loss: 1.378003, BCE loss: 1.505146, SB loss: 0.871780
2025-03-28 17:38:22,879 Epoch: [13/20] Iter:[40/192], Time: 0.63, lr: [0.0037831340513060203], Loss: 3.767579, Acc:0.577988, Semantic loss: 1.382370, BCE loss: 1.518443, SB loss: 0.866766
2025-03-28 17:38:26,786 Epoch: [13/20] Iter:[50/192], Time: 0.58, lr: [0.003757013423534689], Loss: 3.768157, Acc:0.580388, Semantic loss: 1.383084, BCE loss: 1.528499, SB loss: 0.856574
2025-03-28 17:38:30,701 Epoch: [13/20] Iter:[60/192], Time: 0.55, lr: [0.003730872601793835], Loss: 3.751996, Acc:0.577161, Semantic loss: 1.375577, BCE loss: 1.525502, SB loss: 0.850917
2025-03-28 17:38:34,638 Epoch: [13/20] Iter:[70/192], Time: 0.53, lr: [0.0037047114130112895], Loss: 3.729979, Acc:0.577175, Semantic loss: 1.371225, BCE loss: 1.510125, SB loss: 0.848629
2025-03-28 17:38:38,553 Epoch: [13/20] Iter:[80/192], Time: 0.51, lr: [0.0036785296812608405], Loss: 3.743718, Acc:0.571103, Semantic loss: 1.399105, BCE loss: 1.481955, SB loss: 0.862659
2025-03-28 17:38:42,426 Epoch: [13/20] Iter:[90/192], Time: 0.50, lr: [0.003652327227692201], Loss: 3.761899, Acc:0.567332, Semantic loss: 1.404117, BCE loss: 1.496028, SB loss: 0.861754
2025-03-28 17:38:46,337 Epoch: [13/20] Iter:[100/192], Time: 0.49, lr: [0.0036261038704587037], Loss: 3.773821, Acc:0.564584, Semantic loss: 1.405304, BCE loss: 1.507504, SB loss: 0.861014
2025-03-28 17:38:50,284 Epoch: [13/20] Iter:[110/192], Time: 0.48, lr: [0.003599859424642584], Loss: 3.773671, Acc:0.564355, Semantic loss: 1.405535, BCE loss: 1.510481, SB loss: 0.857656
2025-03-28 17:38:54,206 Epoch: [13/20] Iter:[120/192], Time: 0.47, lr: [0.0035735937021778063], Loss: 3.764442, Acc:0.565238, Semantic loss: 1.403265, BCE loss: 1.505448, SB loss: 0.855728
2025-03-28 17:38:58,133 Epoch: [13/20] Iter:[130/192], Time: 0.47, lr: [0.0035473065117702885], Loss: 3.757432, Acc:0.564930, Semantic loss: 1.402394, BCE loss: 1.499249, SB loss: 0.855789
2025-03-28 17:39:02,086 Epoch: [13/20] Iter:[140/192], Time: 0.46, lr: [0.003520997658815433], Loss: 3.738278, Acc:0.567677, Semantic loss: 1.396450, BCE loss: 1.492482, SB loss: 0.849346
2025-03-28 17:39:06,001 Epoch: [13/20] Iter:[150/192], Time: 0.46, lr: [0.003494666945312851], Loss: 3.725763, Acc:0.568132, Semantic loss: 1.394780, BCE loss: 1.485455, SB loss: 0.845528
2025-03-28 17:39:09,871 Epoch: [13/20] Iter:[160/192], Time: 0.45, lr: [0.00346831416977816], Loss: 3.719188, Acc:0.568339, Semantic loss: 1.395305, BCE loss: 1.477647, SB loss: 0.846236
2025-03-28 17:39:13,765 Epoch: [13/20] Iter:[170/192], Time: 0.45, lr: [0.003441939127151716], Loss: 3.718261, Acc:0.570410, Semantic loss: 1.392300, BCE loss: 1.478927, SB loss: 0.847034
2025-03-28 17:39:17,687 Epoch: [13/20] Iter:[180/192], Time: 0.45, lr: [0.0034155416087041646], Loss: 3.710256, Acc:0.570638, Semantic loss: 1.388706, BCE loss: 1.477720, SB loss: 0.843830
2025-03-28 17:39:21,549 Epoch: [13/20] Iter:[190/192], Time: 0.44, lr: [0.0033891214019386652], Loss: 3.704081, Acc:0.571123, Semantic loss: 1.383338, BCE loss: 1.477057, SB loss: 0.843686
2025-03-28 17:40:59,234 0 [0.         0.61121573 0.22444762 0.2807642  0.27629304 0.20713319
 0.0744289 ] 0.2391832397435288
2025-03-28 17:40:59,234 1 [0.         0.46520265 0.38277335 0.34021445 0.39190602 0.21958414
 0.18591909] 0.2836571005252479
2025-03-28 17:40:59,240 => saving checkpoint to output\loveda\pidnet_small_loveda\aug_hf_m_rbcheckpoint.pth.tar
2025-03-28 17:40:59,361 Loss: 3.497, MeanIU:  0.2837, Best_mIoU:  0.2837
2025-03-28 17:40:59,361 [0.         0.46520265 0.38277335 0.34021445 0.39190602 0.21958414
 0.18591909]
2025-03-28 17:41:09,630 Epoch: [14/20] Iter:[0/192], Time: 10.08, lr: [0.0033838346190164987], Loss: 3.830528, Acc:0.615421, Semantic loss: 1.241711, BCE loss: 1.709464, SB loss: 0.879354
2025-03-28 17:41:13,562 Epoch: [14/20] Iter:[10/192], Time: 1.27, lr: [0.0033573869003190927], Loss: 3.805452, Acc:0.577398, Semantic loss: 1.373965, BCE loss: 1.588560, SB loss: 0.842928
2025-03-28 17:41:17,488 Epoch: [14/20] Iter:[20/192], Time: 0.85, lr: [0.0033309160120447595], Loss: 3.724396, Acc:0.579999, Semantic loss: 1.351598, BCE loss: 1.521401, SB loss: 0.851397
2025-03-28 17:41:21,363 Epoch: [14/20] Iter:[30/192], Time: 0.70, lr: [0.0033044217289421207], Loss: 3.682596, Acc:0.575182, Semantic loss: 1.367222, BCE loss: 1.479291, SB loss: 0.836083
2025-03-28 17:41:25,241 Epoch: [14/20] Iter:[40/192], Time: 0.63, lr: [0.0032779038215418194], Loss: 3.691471, Acc:0.577392, Semantic loss: 1.367595, BCE loss: 1.493884, SB loss: 0.829992
2025-03-28 17:41:29,118 Epoch: [14/20] Iter:[50/192], Time: 0.58, lr: [0.0032513620560388795], Loss: 3.710902, Acc:0.568744, Semantic loss: 1.369632, BCE loss: 1.508103, SB loss: 0.833167
2025-03-28 17:41:33,002 Epoch: [14/20] Iter:[60/192], Time: 0.55, lr: [0.003224796194170671], Loss: 3.690207, Acc:0.573724, Semantic loss: 1.355182, BCE loss: 1.507381, SB loss: 0.827644
2025-03-28 17:41:36,936 Epoch: [14/20] Iter:[70/192], Time: 0.53, lr: [0.003198205993090303], Loss: 3.667162, Acc:0.573477, Semantic loss: 1.354287, BCE loss: 1.487057, SB loss: 0.825818
2025-03-28 17:41:40,841 Epoch: [14/20] Iter:[80/192], Time: 0.51, lr: [0.0031715912052352204], Loss: 3.663824, Acc:0.577425, Semantic loss: 1.350960, BCE loss: 1.493169, SB loss: 0.819696
2025-03-28 17:41:44,744 Epoch: [14/20] Iter:[90/192], Time: 0.50, lr: [0.0031449515781907557], Loss: 3.652417, Acc:0.581046, Semantic loss: 1.346847, BCE loss: 1.485976, SB loss: 0.819593
2025-03-28 17:41:48,628 Epoch: [14/20] Iter:[100/192], Time: 0.49, lr: [0.003118286854548424], Loss: 3.646978, Acc:0.580510, Semantic loss: 1.347661, BCE loss: 1.481207, SB loss: 0.818111
2025-03-28 17:41:52,543 Epoch: [14/20] Iter:[110/192], Time: 0.48, lr: [0.003091596771758693], Loss: 3.640344, Acc:0.584441, Semantic loss: 1.336308, BCE loss: 1.491578, SB loss: 0.812457
2025-03-28 17:41:56,453 Epoch: [14/20] Iter:[120/192], Time: 0.47, lr: [0.0030648810619779434], Loss: 3.658598, Acc:0.585137, Semantic loss: 1.340517, BCE loss: 1.499091, SB loss: 0.818990
2025-03-28 17:42:00,316 Epoch: [14/20] Iter:[130/192], Time: 0.46, lr: [0.0030381394519093602], Loss: 3.650361, Acc:0.584303, Semantic loss: 1.338682, BCE loss: 1.489226, SB loss: 0.822453
2025-03-28 17:42:04,197 Epoch: [14/20] Iter:[140/192], Time: 0.46, lr: [0.003011371662637431], Loss: 3.648667, Acc:0.583616, Semantic loss: 1.344157, BCE loss: 1.481759, SB loss: 0.822750
2025-03-28 17:42:08,115 Epoch: [14/20] Iter:[150/192], Time: 0.45, lr: [0.0029845774094557345], Loss: 3.653986, Acc:0.582980, Semantic loss: 1.346280, BCE loss: 1.484691, SB loss: 0.823015
2025-03-28 17:42:11,992 Epoch: [14/20] Iter:[160/192], Time: 0.45, lr: [0.002957756401687678], Loss: 3.652687, Acc:0.581891, Semantic loss: 1.351490, BCE loss: 1.479527, SB loss: 0.821670
2025-03-28 17:42:15,912 Epoch: [14/20] Iter:[170/192], Time: 0.45, lr: [0.002930908342499829], Loss: 3.650955, Acc:0.583711, Semantic loss: 1.348774, BCE loss: 1.482538, SB loss: 0.819644
2025-03-28 17:42:19,802 Epoch: [14/20] Iter:[180/192], Time: 0.44, lr: [0.002904032928707437], Loss: 3.649678, Acc:0.582632, Semantic loss: 1.349579, BCE loss: 1.478463, SB loss: 0.821635
2025-03-28 17:42:23,658 Epoch: [14/20] Iter:[190/192], Time: 0.44, lr: [0.0028771298505717554], Loss: 3.664020, Acc:0.580345, Semantic loss: 1.360503, BCE loss: 1.474293, SB loss: 0.829224
2025-03-28 17:44:02,146 0 [0.         0.5884544  0.23310759 0.28397659 0.32453349 0.07992872
 0.06412965] 0.22487577738943174
2025-03-28 17:44:02,146 1 [0.         0.48545009 0.39076151 0.34170539 0.4178177  0.13334807
 0.13174782] 0.27154722644840507
2025-03-28 17:44:02,152 => saving checkpoint to output\loveda\pidnet_small_loveda\aug_hf_m_rbcheckpoint.pth.tar
2025-03-28 17:44:02,238 Loss: 3.522, MeanIU:  0.2715, Best_mIoU:  0.2837
2025-03-28 17:44:02,238 [0.         0.48545009 0.39076151 0.34170539 0.4178177  0.13334807
 0.13174782]
2025-03-28 17:44:12,367 Epoch: [15/20] Iter:[0/192], Time: 9.94, lr: [0.0028717458874925874], Loss: 3.423543, Acc:0.557097, Semantic loss: 1.219182, BCE loss: 1.484482, SB loss: 0.719879
2025-03-28 17:44:16,282 Epoch: [15/20] Iter:[10/192], Time: 1.26, lr: [0.0028448091937488323], Loss: 3.642244, Acc:0.535114, Semantic loss: 1.438014, BCE loss: 1.367476, SB loss: 0.836753
2025-03-28 17:44:20,222 Epoch: [15/20] Iter:[20/192], Time: 0.85, lr: [0.002817844130111582], Loss: 3.731991, Acc:0.545486, Semantic loss: 1.436882, BCE loss: 1.420435, SB loss: 0.874675
2025-03-28 17:44:24,152 Epoch: [15/20] Iter:[30/192], Time: 0.70, lr: [0.0027908503644035994], Loss: 3.770937, Acc:0.557712, Semantic loss: 1.435063, BCE loss: 1.481388, SB loss: 0.854486
2025-03-28 17:44:28,044 Epoch: [15/20] Iter:[40/192], Time: 0.62, lr: [0.0027638275569424097], Loss: 3.733338, Acc:0.557229, Semantic loss: 1.425509, BCE loss: 1.463378, SB loss: 0.844451
2025-03-28 17:44:31,944 Epoch: [15/20] Iter:[50/192], Time: 0.58, lr: [0.002736775360287257], Loss: 3.688067, Acc:0.560205, Semantic loss: 1.412609, BCE loss: 1.430440, SB loss: 0.845019
2025-03-28 17:44:35,824 Epoch: [15/20] Iter:[60/192], Time: 0.55, lr: [0.002709693418974644], Loss: 3.680109, Acc:0.566667, Semantic loss: 1.402905, BCE loss: 1.437596, SB loss: 0.839609
2025-03-28 17:44:39,723 Epoch: [15/20] Iter:[70/192], Time: 0.53, lr: [0.0026825813692418162], Loss: 3.633377, Acc:0.572540, Semantic loss: 1.380382, BCE loss: 1.422624, SB loss: 0.830371
2025-03-28 17:44:43,638 Epoch: [15/20] Iter:[80/192], Time: 0.51, lr: [0.0026554388387375], Loss: 3.649448, Acc:0.574154, Semantic loss: 1.382246, BCE loss: 1.428608, SB loss: 0.838594
2025-03-28 17:44:47,557 Epoch: [15/20] Iter:[90/192], Time: 0.50, lr: [0.002628265446219161], Loss: 3.650996, Acc:0.576240, Semantic loss: 1.380748, BCE loss: 1.433062, SB loss: 0.837187
2025-03-28 17:44:51,471 Epoch: [15/20] Iter:[100/192], Time: 0.49, lr: [0.002601060801235972], Loss: 3.656637, Acc:0.576939, Semantic loss: 1.381791, BCE loss: 1.436103, SB loss: 0.838743
2025-03-28 17:44:55,393 Epoch: [15/20] Iter:[110/192], Time: 0.48, lr: [0.002573824503796671], Loss: 3.654037, Acc:0.576594, Semantic loss: 1.373079, BCE loss: 1.447847, SB loss: 0.833111
2025-03-28 17:44:59,267 Epoch: [15/20] Iter:[120/192], Time: 0.47, lr: [0.00254655614402138], Loss: 3.669051, Acc:0.574774, Semantic loss: 1.374501, BCE loss: 1.457740, SB loss: 0.836810
2025-03-28 17:45:03,186 Epoch: [15/20] Iter:[130/192], Time: 0.46, lr: [0.0025192553017764118], Loss: 3.656211, Acc:0.575995, Semantic loss: 1.367696, BCE loss: 1.456339, SB loss: 0.832177
2025-03-28 17:45:07,068 Epoch: [15/20] Iter:[140/192], Time: 0.46, lr: [0.002491921546291034], Loss: 3.665207, Acc:0.574602, Semantic loss: 1.367675, BCE loss: 1.464569, SB loss: 0.832963
2025-03-28 17:45:10,979 Epoch: [15/20] Iter:[150/192], Time: 0.45, lr: [0.0024645544357550573], Loss: 3.672567, Acc:0.573644, Semantic loss: 1.371159, BCE loss: 1.464755, SB loss: 0.836654
2025-03-28 17:45:14,892 Epoch: [15/20] Iter:[160/192], Time: 0.45, lr: [0.002437153516896028], Loss: 3.673626, Acc:0.571002, Semantic loss: 1.374775, BCE loss: 1.460077, SB loss: 0.838774
2025-03-28 17:45:18,807 Epoch: [15/20] Iter:[170/192], Time: 0.45, lr: [0.0024097183245347467], Loss: 3.669477, Acc:0.574458, Semantic loss: 1.367165, BCE loss: 1.468600, SB loss: 0.833712
2025-03-28 17:45:22,738 Epoch: [15/20] Iter:[180/192], Time: 0.44, lr: [0.0023822483811177], Loss: 3.665749, Acc:0.576247, Semantic loss: 1.363604, BCE loss: 1.472478, SB loss: 0.829667
2025-03-28 17:45:26,632 Epoch: [15/20] Iter:[190/192], Time: 0.44, lr: [0.002354743196224891], Loss: 3.668922, Acc:0.575442, Semantic loss: 1.365310, BCE loss: 1.472397, SB loss: 0.831216
2025-03-28 17:47:03,625 0 [0.         0.59390208 0.23185165 0.28177367 0.23166423 0.07902581
 0.05940444] 0.2110888385690097
2025-03-28 17:47:03,625 1 [0.         0.52310725 0.36874631 0.33417988 0.33064921 0.11950659
 0.1251213 ] 0.25733007795707324
2025-03-28 17:47:03,631 => saving checkpoint to output\loveda\pidnet_small_loveda\aug_hf_m_rbcheckpoint.pth.tar
2025-03-28 17:47:03,711 Loss: 3.662, MeanIU:  0.2573, Best_mIoU:  0.2837
2025-03-28 17:47:03,711 [0.         0.52310725 0.36874631 0.33417988 0.33064921 0.11950659
 0.1251213 ]
2025-03-28 17:47:14,087 Epoch: [16/20] Iter:[0/192], Time: 10.18, lr: [0.0023492378861760376], Loss: 3.968055, Acc:0.597050, Semantic loss: 1.411347, BCE loss: 1.726151, SB loss: 0.830556
2025-03-28 17:47:18,017 Epoch: [16/20] Iter:[10/192], Time: 1.28, lr: [0.0023216897452738748], Loss: 3.622076, Acc:0.595821, Semantic loss: 1.319012, BCE loss: 1.480697, SB loss: 0.822367
2025-03-28 17:47:21,907 Epoch: [16/20] Iter:[20/192], Time: 0.86, lr: [0.0022941052360858027], Loss: 3.547161, Acc:0.589405, Semantic loss: 1.315602, BCE loss: 1.415588, SB loss: 0.815972
2025-03-28 17:47:25,809 Epoch: [16/20] Iter:[30/192], Time: 0.71, lr: [0.0022664838233947228], Loss: 3.626547, Acc:0.586020, Semantic loss: 1.350362, BCE loss: 1.447538, SB loss: 0.828647
2025-03-28 17:47:29,728 Epoch: [16/20] Iter:[40/192], Time: 0.63, lr: [0.0022388249567421017], Loss: 3.638020, Acc:0.584903, Semantic loss: 1.342022, BCE loss: 1.475679, SB loss: 0.820319
2025-03-28 17:47:33,632 Epoch: [16/20] Iter:[50/192], Time: 0.58, lr: [0.002211128069778427], Loss: 3.610202, Acc:0.590699, Semantic loss: 1.332666, BCE loss: 1.463539, SB loss: 0.813997
2025-03-28 17:47:37,523 Epoch: [16/20] Iter:[60/192], Time: 0.55, lr: [0.0021833925795765436], Loss: 3.641953, Acc:0.587856, Semantic loss: 1.336166, BCE loss: 1.485513, SB loss: 0.820275
2025-03-28 17:47:41,405 Epoch: [16/20] Iter:[70/192], Time: 0.53, lr: [0.0021556178859051967], Loss: 3.634726, Acc:0.588219, Semantic loss: 1.331219, BCE loss: 1.486693, SB loss: 0.816814
2025-03-28 17:47:45,315 Epoch: [16/20] Iter:[80/192], Time: 0.51, lr: [0.002127803370459852], Loss: 3.636776, Acc:0.589376, Semantic loss: 1.325154, BCE loss: 1.494796, SB loss: 0.816825
2025-03-28 17:47:49,208 Epoch: [16/20] Iter:[90/192], Time: 0.50, lr: [0.0020999483960476508], Loss: 3.605215, Acc:0.589458, Semantic loss: 1.320913, BCE loss: 1.477160, SB loss: 0.807141
2025-03-28 17:47:53,120 Epoch: [16/20] Iter:[100/192], Time: 0.49, lr: [0.0020720523057230294], Loss: 3.621990, Acc:0.589874, Semantic loss: 1.325615, BCE loss: 1.494044, SB loss: 0.802331
2025-03-28 17:47:57,054 Epoch: [16/20] Iter:[110/192], Time: 0.48, lr: [0.002044114421870228], Loss: 3.618593, Acc:0.589896, Semantic loss: 1.322416, BCE loss: 1.494756, SB loss: 0.801420
2025-03-28 17:48:00,942 Epoch: [16/20] Iter:[120/192], Time: 0.47, lr: [0.0020161340452285867], Loss: 3.615995, Acc:0.591192, Semantic loss: 1.321493, BCE loss: 1.491939, SB loss: 0.802563
2025-03-28 17:48:04,879 Epoch: [16/20] Iter:[130/192], Time: 0.47, lr: [0.001988110453856112], Loss: 3.605641, Acc:0.587739, Semantic loss: 1.323884, BCE loss: 1.478624, SB loss: 0.803133
2025-03-28 17:48:08,792 Epoch: [16/20] Iter:[140/192], Time: 0.46, lr: [0.0019600429020263607], Loss: 3.613626, Acc:0.586553, Semantic loss: 1.326292, BCE loss: 1.481331, SB loss: 0.806003
2025-03-28 17:48:12,724 Epoch: [16/20] Iter:[150/192], Time: 0.46, lr: [0.0019319306190532476], Loss: 3.616216, Acc:0.586218, Semantic loss: 1.327256, BCE loss: 1.484822, SB loss: 0.804137
2025-03-28 17:48:16,651 Epoch: [16/20] Iter:[160/192], Time: 0.45, lr: [0.0019037728080378042], Loss: 3.623135, Acc:0.582808, Semantic loss: 1.337431, BCE loss: 1.478165, SB loss: 0.807539
2025-03-28 17:48:20,555 Epoch: [16/20] Iter:[170/192], Time: 0.45, lr: [0.0018755686445303314], Loss: 3.612673, Acc:0.583748, Semantic loss: 1.337367, BCE loss: 1.468863, SB loss: 0.806443
2025-03-28 17:48:24,498 Epoch: [16/20] Iter:[180/192], Time: 0.45, lr: [0.001847317275100738], Loss: 3.623671, Acc:0.582199, Semantic loss: 1.344237, BCE loss: 1.470906, SB loss: 0.808528
2025-03-28 17:48:28,385 Epoch: [16/20] Iter:[190/192], Time: 0.44, lr: [0.0018190178158090872], Loss: 3.627643, Acc:0.582537, Semantic loss: 1.348101, BCE loss: 1.470220, SB loss: 0.809322
2025-03-28 17:50:07,352 0 [0.         0.60088847 0.21835043 0.28942016 0.2849455  0.1378888
 0.09840894] 0.23284318494018044
2025-03-28 17:50:07,353 1 [0.         0.55738594 0.38680397 0.33942198 0.38456333 0.09360434
 0.16101656] 0.2746851613757165
2025-03-28 17:50:07,359 => saving checkpoint to output\loveda\pidnet_small_loveda\aug_hf_m_rbcheckpoint.pth.tar
2025-03-28 17:50:07,437 Loss: 3.456, MeanIU:  0.2747, Best_mIoU:  0.2837
2025-03-28 17:50:07,438 [0.         0.55738594 0.38680397 0.33942198 0.38456333 0.09360434
 0.16101656]
2025-03-28 17:50:17,809 Epoch: [17/20] Iter:[0/192], Time: 10.18, lr: [0.0018133520731367456], Loss: 3.889531, Acc:0.557627, Semantic loss: 1.388145, BCE loss: 1.715541, SB loss: 0.785845
2025-03-28 17:50:21,699 Epoch: [17/20] Iter:[10/192], Time: 1.28, lr: [0.001784993693823396], Loss: 3.680629, Acc:0.571356, Semantic loss: 1.334281, BCE loss: 1.543371, SB loss: 0.802976
2025-03-28 17:50:25,591 Epoch: [17/20] Iter:[20/192], Time: 0.86, lr: [0.0017565851643374117], Loss: 3.635555, Acc:0.587456, Semantic loss: 1.317583, BCE loss: 1.518944, SB loss: 0.799027
2025-03-28 17:50:29,458 Epoch: [17/20] Iter:[30/192], Time: 0.70, lr: [0.0017281254915000803], Loss: 3.668959, Acc:0.583003, Semantic loss: 1.341495, BCE loss: 1.502404, SB loss: 0.825059
2025-03-28 17:50:33,349 Epoch: [17/20] Iter:[40/192], Time: 0.63, lr: [0.0016996136438923032], Loss: 3.658894, Acc:0.578925, Semantic loss: 1.349719, BCE loss: 1.485895, SB loss: 0.823280
2025-03-28 17:50:37,278 Epoch: [17/20] Iter:[50/192], Time: 0.58, lr: [0.0016710485496403851], Loss: 3.644486, Acc:0.579280, Semantic loss: 1.348561, BCE loss: 1.475279, SB loss: 0.820646
2025-03-28 17:50:41,203 Epoch: [17/20] Iter:[60/192], Time: 0.55, lr: [0.0016424290940290059], Loss: 3.632500, Acc:0.583455, Semantic loss: 1.346220, BCE loss: 1.472161, SB loss: 0.814119
2025-03-28 17:50:45,118 Epoch: [17/20] Iter:[70/192], Time: 0.53, lr: [0.0016137541169242962], Loss: 3.588916, Acc:0.586146, Semantic loss: 1.335617, BCE loss: 1.442340, SB loss: 0.810960
2025-03-28 17:50:49,015 Epoch: [17/20] Iter:[80/192], Time: 0.51, lr: [0.0015850224099878446], Loss: 3.604541, Acc:0.587898, Semantic loss: 1.334470, BCE loss: 1.455876, SB loss: 0.814196
2025-03-28 17:50:52,935 Epoch: [17/20] Iter:[90/192], Time: 0.50, lr: [0.001556232713660091], Loss: 3.600548, Acc:0.587385, Semantic loss: 1.331889, BCE loss: 1.456302, SB loss: 0.812357
2025-03-28 17:50:56,858 Epoch: [17/20] Iter:[100/192], Time: 0.49, lr: [0.0015273837138888994], Loss: 3.602677, Acc:0.588451, Semantic loss: 1.331131, BCE loss: 1.464088, SB loss: 0.807458
2025-03-28 17:51:00,759 Epoch: [17/20] Iter:[110/192], Time: 0.48, lr: [0.0014984740385759552], Loss: 3.611279, Acc:0.586398, Semantic loss: 1.332466, BCE loss: 1.473310, SB loss: 0.805504
2025-03-28 17:51:04,638 Epoch: [17/20] Iter:[120/192], Time: 0.47, lr: [0.0014695022537100475], Loss: 3.607282, Acc:0.585676, Semantic loss: 1.329744, BCE loss: 1.471415, SB loss: 0.806122
2025-03-28 17:51:08,547 Epoch: [17/20] Iter:[130/192], Time: 0.47, lr: [0.0014404668591521846], Loss: 3.607621, Acc:0.584414, Semantic loss: 1.334780, BCE loss: 1.465685, SB loss: 0.807156
2025-03-28 17:51:12,451 Epoch: [17/20] Iter:[140/192], Time: 0.46, lr: [0.0014113662840326588], Loss: 3.609940, Acc:0.586311, Semantic loss: 1.336544, BCE loss: 1.465128, SB loss: 0.808269
2025-03-28 17:51:16,323 Epoch: [17/20] Iter:[150/192], Time: 0.45, lr: [0.0013821988817145786], Loss: 3.607256, Acc:0.588445, Semantic loss: 1.332286, BCE loss: 1.467608, SB loss: 0.807363
2025-03-28 17:51:20,242 Epoch: [17/20] Iter:[160/192], Time: 0.45, lr: [0.0013529629242719093], Loss: 3.607104, Acc:0.590640, Semantic loss: 1.331313, BCE loss: 1.467076, SB loss: 0.808716
2025-03-28 17:51:24,166 Epoch: [17/20] Iter:[170/192], Time: 0.45, lr: [0.0013236565964223801], Loss: 3.609635, Acc:0.591742, Semantic loss: 1.330252, BCE loss: 1.470365, SB loss: 0.809018
2025-03-28 17:51:28,046 Epoch: [17/20] Iter:[180/192], Time: 0.44, lr: [0.0012942779888466518], Loss: 3.607065, Acc:0.591836, Semantic loss: 1.328794, BCE loss: 1.470178, SB loss: 0.808093
2025-03-28 17:51:31,939 Epoch: [17/20] Iter:[190/192], Time: 0.44, lr: [0.0012648250908145803], Loss: 3.604462, Acc:0.591681, Semantic loss: 1.328169, BCE loss: 1.466933, SB loss: 0.809361
2025-03-28 17:53:09,500 0 [0.         0.57380747 0.25412846 0.27667521 0.23052534 0.1548526
 0.10380617] 0.22768503755091427
2025-03-28 17:53:09,500 1 [0.         0.47715354 0.42937729 0.30903242 0.3244     0.14862055
 0.12734696] 0.25941868189654976
2025-03-28 17:53:09,506 => saving checkpoint to output\loveda\pidnet_small_loveda\aug_hf_m_rbcheckpoint.pth.tar
2025-03-28 17:53:09,585 Loss: 3.667, MeanIU:  0.2594, Best_mIoU:  0.2837
2025-03-28 17:53:09,585 [0.         0.47715354 0.42937729 0.30903242 0.3244     0.14862055
 0.12734696]
2025-03-28 17:53:19,750 Epoch: [18/20] Iter:[0/192], Time: 9.97, lr: [0.001258925411794167], Loss: 3.426817, Acc:0.542082, Semantic loss: 1.200691, BCE loss: 1.448980, SB loss: 0.777146
2025-03-28 17:53:23,675 Epoch: [18/20] Iter:[10/192], Time: 1.26, lr: [0.0012293805561511607], Loss: 3.643922, Acc:0.592966, Semantic loss: 1.328546, BCE loss: 1.504236, SB loss: 0.811140
2025-03-28 17:53:27,571 Epoch: [18/20] Iter:[20/192], Time: 0.85, lr: [0.0011997565879500753], Loss: 3.628577, Acc:0.596197, Semantic loss: 1.334939, BCE loss: 1.472996, SB loss: 0.820641
2025-03-28 17:53:31,504 Epoch: [18/20] Iter:[30/192], Time: 0.70, lr: [0.0011700511125444005], Loss: 3.640751, Acc:0.598185, Semantic loss: 1.349817, BCE loss: 1.462553, SB loss: 0.828382
2025-03-28 17:53:35,406 Epoch: [18/20] Iter:[40/192], Time: 0.63, lr: [0.0011402615929770753], Loss: 3.603711, Acc:0.599313, Semantic loss: 1.322955, BCE loss: 1.469214, SB loss: 0.811542
2025-03-28 17:53:39,294 Epoch: [18/20] Iter:[50/192], Time: 0.58, lr: [0.0011103853371305413], Loss: 3.576524, Acc:0.600151, Semantic loss: 1.316043, BCE loss: 1.452900, SB loss: 0.807581
2025-03-28 17:53:43,174 Epoch: [18/20] Iter:[60/192], Time: 0.55, lr: [0.001080419483295973], Loss: 3.552884, Acc:0.599135, Semantic loss: 1.315798, BCE loss: 1.435653, SB loss: 0.801434
2025-03-28 17:53:47,123 Epoch: [18/20] Iter:[70/192], Time: 0.53, lr: [0.0010503609839122385], Loss: 3.568933, Acc:0.600761, Semantic loss: 1.313329, BCE loss: 1.459473, SB loss: 0.796132
2025-03-28 17:53:51,016 Epoch: [18/20] Iter:[80/192], Time: 0.51, lr: [0.0010202065871765603], Loss: 3.594123, Acc:0.593563, Semantic loss: 1.326661, BCE loss: 1.464666, SB loss: 0.802797
2025-03-28 17:53:54,922 Epoch: [18/20] Iter:[90/192], Time: 0.50, lr: [0.000989952816168914], Loss: 3.589409, Acc:0.593656, Semantic loss: 1.322867, BCE loss: 1.467729, SB loss: 0.798813
2025-03-28 17:53:58,821 Epoch: [18/20] Iter:[100/192], Time: 0.49, lr: [0.0009595959450576828], Loss: 3.583730, Acc:0.592147, Semantic loss: 1.319226, BCE loss: 1.465940, SB loss: 0.798563
2025-03-28 17:54:02,702 Epoch: [18/20] Iter:[110/192], Time: 0.48, lr: [0.000929131971860904], Loss: 3.561091, Acc:0.592537, Semantic loss: 1.312698, BCE loss: 1.448532, SB loss: 0.799861
2025-03-28 17:54:06,604 Epoch: [18/20] Iter:[120/192], Time: 0.47, lr: [0.0008985565871200918], Loss: 3.562130, Acc:0.592717, Semantic loss: 1.311205, BCE loss: 1.452424, SB loss: 0.798500
2025-03-28 17:54:10,570 Epoch: [18/20] Iter:[130/192], Time: 0.46, lr: [0.0008678651376944955], Loss: 3.571274, Acc:0.594483, Semantic loss: 1.310789, BCE loss: 1.464222, SB loss: 0.796262
2025-03-28 17:54:14,530 Epoch: [18/20] Iter:[140/192], Time: 0.46, lr: [0.000837052584692747], Loss: 3.584617, Acc:0.594086, Semantic loss: 1.310764, BCE loss: 1.472348, SB loss: 0.801505
2025-03-28 17:54:18,438 Epoch: [18/20] Iter:[150/192], Time: 0.45, lr: [0.000806113454312208], Loss: 3.580446, Acc:0.592979, Semantic loss: 1.312859, BCE loss: 1.465180, SB loss: 0.802407
2025-03-28 17:54:22,358 Epoch: [18/20] Iter:[160/192], Time: 0.45, lr: [0.0007750417800344363], Loss: 3.580921, Acc:0.591597, Semantic loss: 1.314894, BCE loss: 1.461623, SB loss: 0.804403
2025-03-28 17:54:26,256 Epoch: [18/20] Iter:[170/192], Time: 0.45, lr: [0.0007438310342008949], Loss: 3.589605, Acc:0.588966, Semantic loss: 1.320911, BCE loss: 1.460138, SB loss: 0.808555
2025-03-28 17:54:30,158 Epoch: [18/20] Iter:[180/192], Time: 0.44, lr: [0.0007124740464272778], Loss: 3.585440, Acc:0.590141, Semantic loss: 1.318620, BCE loss: 1.460517, SB loss: 0.806304
2025-03-28 17:54:34,029 Epoch: [18/20] Iter:[190/192], Time: 0.44, lr: [0.0006809629055511224], Loss: 3.588379, Acc:0.590013, Semantic loss: 1.318412, BCE loss: 1.463186, SB loss: 0.806781
2025-03-28 17:56:12,407 0 [0.         0.5859758  0.24377382 0.27073877 0.24824187 0.14950174
 0.07374396] 0.22456799437165828
2025-03-28 17:56:12,408 1 [0.         0.54867536 0.39711737 0.30510924 0.33889203 0.124875
 0.11898517] 0.261950597723703
2025-03-28 17:56:12,414 => saving checkpoint to output\loveda\pidnet_small_loveda\aug_hf_m_rbcheckpoint.pth.tar
2025-03-28 17:56:12,494 Loss: 3.570, MeanIU:  0.2620, Best_mIoU:  0.2837
2025-03-28 17:56:12,494 [0.         0.54867536 0.39711737 0.30510924 0.33889203 0.124875
 0.11898517]
2025-03-28 17:56:22,874 Epoch: [19/20] Iter:[0/192], Time: 10.19, lr: [0.0006746414238367822], Loss: 3.755620, Acc:0.591299, Semantic loss: 1.336318, BCE loss: 1.563136, SB loss: 0.856166
2025-03-28 17:56:26,772 Epoch: [19/20] Iter:[10/192], Time: 1.28, lr: [0.0006429336362339898], Loss: 3.605736, Acc:0.586220, Semantic loss: 1.336744, BCE loss: 1.446076, SB loss: 0.822915
2025-03-28 17:56:30,665 Epoch: [19/20] Iter:[20/192], Time: 0.86, lr: [0.0006110510578510947], Loss: 3.554559, Acc:0.580482, Semantic loss: 1.310098, BCE loss: 1.389188, SB loss: 0.855272
2025-03-28 17:56:34,570 Epoch: [19/20] Iter:[30/192], Time: 0.71, lr: [0.0005789824653018995], Loss: 3.568727, Acc:0.583517, Semantic loss: 1.336621, BCE loss: 1.391419, SB loss: 0.840687
2025-03-28 17:56:38,478 Epoch: [19/20] Iter:[40/192], Time: 0.63, lr: [0.0005467151732202777], Loss: 3.617577, Acc:0.581810, Semantic loss: 1.344436, BCE loss: 1.440721, SB loss: 0.832419
2025-03-28 17:56:42,396 Epoch: [19/20] Iter:[50/192], Time: 0.58, lr: [0.0005142347343351296], Loss: 3.630305, Acc:0.581209, Semantic loss: 1.352590, BCE loss: 1.444938, SB loss: 0.832777
2025-03-28 17:56:46,302 Epoch: [19/20] Iter:[60/192], Time: 0.55, lr: [0.0004815245523312483], Loss: 3.590997, Acc:0.582905, Semantic loss: 1.339324, BCE loss: 1.433533, SB loss: 0.818140
2025-03-28 17:56:50,218 Epoch: [19/20] Iter:[70/192], Time: 0.53, lr: [0.000448565373510549], Loss: 3.578869, Acc:0.586182, Semantic loss: 1.333390, BCE loss: 1.429764, SB loss: 0.815714
2025-03-28 17:56:54,138 Epoch: [19/20] Iter:[80/192], Time: 0.51, lr: [0.00041533460609889997], Loss: 3.597826, Acc:0.587120, Semantic loss: 1.336642, BCE loss: 1.448656, SB loss: 0.812528
2025-03-28 17:56:58,059 Epoch: [19/20] Iter:[90/192], Time: 0.50, lr: [0.00038180538785330436], Loss: 3.583992, Acc:0.589174, Semantic loss: 1.333672, BCE loss: 1.440285, SB loss: 0.810034
2025-03-28 17:57:01,955 Epoch: [19/20] Iter:[100/192], Time: 0.49, lr: [0.00034794527452517863], Loss: 3.573294, Acc:0.587427, Semantic loss: 1.331610, BCE loss: 1.434549, SB loss: 0.807135
2025-03-28 17:57:05,892 Epoch: [19/20] Iter:[110/192], Time: 0.48, lr: [0.00031371433588231993], Loss: 3.565865, Acc:0.589055, Semantic loss: 1.330216, BCE loss: 1.429912, SB loss: 0.805736
2025-03-28 17:57:09,816 Epoch: [19/20] Iter:[120/192], Time: 0.47, lr: [0.0002790622842837163], Loss: 3.563012, Acc:0.592457, Semantic loss: 1.326328, BCE loss: 1.433757, SB loss: 0.802927
2025-03-28 17:57:13,752 Epoch: [19/20] Iter:[130/192], Time: 0.47, lr: [0.0002439239356353784], Loss: 3.562246, Acc:0.592929, Semantic loss: 1.325556, BCE loss: 1.437188, SB loss: 0.799502
2025-03-28 17:57:17,652 Epoch: [19/20] Iter:[140/192], Time: 0.46, lr: [0.00020821159321002047], Loss: 3.570161, Acc:0.593049, Semantic loss: 1.322431, BCE loss: 1.446780, SB loss: 0.800950
2025-03-28 17:57:21,585 Epoch: [19/20] Iter:[150/192], Time: 0.46, lr: [0.00017180122628828942], Loss: 3.583035, Acc:0.593459, Semantic loss: 1.321732, BCE loss: 1.459315, SB loss: 0.801987
2025-03-28 17:57:25,523 Epoch: [19/20] Iter:[160/192], Time: 0.45, lr: [0.00013450451987183818], Loss: 3.579920, Acc:0.594695, Semantic loss: 1.317391, BCE loss: 1.460675, SB loss: 0.801853
2025-03-28 17:57:29,405 Epoch: [19/20] Iter:[170/192], Time: 0.45, lr: [9.600244875192536e-05], Loss: 3.585031, Acc:0.594460, Semantic loss: 1.317351, BCE loss: 1.465896, SB loss: 0.801784
2025-03-28 17:57:33,306 Epoch: [19/20] Iter:[180/192], Time: 0.45, lr: [5.563716848048335e-05], Loss: 3.591431, Acc:0.595900, Semantic loss: 1.318215, BCE loss: 1.471410, SB loss: 0.801806
2025-03-28 17:57:37,183 Epoch: [19/20] Iter:[190/192], Time: 0.44, lr: [1.1092486125349496e-05], Loss: 3.578199, Acc:0.595954, Semantic loss: 1.314365, BCE loss: 1.463217, SB loss: 0.800618
2025-03-28 17:59:15,573 0 [0.         0.57747829 0.27835765 0.27934084 0.22337432 0.17304225
 0.09006764] 0.2316658564383116
2025-03-28 17:59:15,573 1 [0.         0.4645748  0.46081898 0.34093733 0.35665705 0.11315082
 0.12245736] 0.26551376281374145
2025-03-28 17:59:15,579 => saving checkpoint to output\loveda\pidnet_small_loveda\aug_hf_m_rbcheckpoint.pth.tar
2025-03-28 17:59:15,660 Loss: 3.611, MeanIU:  0.2655, Best_mIoU:  0.2837
2025-03-28 17:59:15,660 [0.         0.4645748  0.46081898 0.34093733 0.35665705 0.11315082
 0.12245736]
2025-03-28 17:59:15,704 Hours: 1
2025-03-28 17:59:15,704 Done
