2025-03-22 16:03:56,867 Namespace(cfg='configs/loveda/pidnet_small_loveda.yaml', seed=304, opts=[])
2025-03-22 16:03:56,867 AUTO_RESUME: False
CUDNN:
  BENCHMARK: True
  DETERMINISTIC: False
  ENABLED: True
DATASET:
  DATASET: loveda
  EXTRA_TRAIN_SET: 
  NUM_CLASSES: 7
  ROOT: data/
  TEST_SET: list/loveda/urban_rural/val.lst
  TRAIN_SET: list/loveda/urban_rural/train.lst
GPUS: (0,)
LOG_DIR: log
LOSS:
  BALANCE_WEIGHTS: [0.4, 1.0]
  CLASS_BALANCE: False
  OHEMKEEP: 131072
  OHEMTHRES: 0.9
  SB_WEIGHTS: 1.0
  USE_OHEM: True
MODEL:
  ALIGN_CORNERS: True
  NAME: pidnet_small
  NUM_OUTPUTS: 2
  PRETRAINED: pretrained_models/imagenet/PIDNet_S_ImageNet.pth.tar
OUTPUT_DIR: output
PIN_MEMORY: True
PRINT_FREQ: 10
TEST:
  BASE_SIZE: 2048
  BATCH_SIZE_PER_GPU: 6
  FLIP_TEST: False
  IMAGE_SIZE: [2048, 1024]
  MODEL_FILE: output/loveda/pidnet_small_loveda/final_state.pt
  MULTI_SCALE: False
  OUTPUT_INDEX: 1
TRAIN:
  AUGMENTATION:
    ENABLE: True
    PROBABILITY: 0.5
    TECHNIQUES:
      GAUSSIAN_BLUR: False
      HORIZONTAL_FLIP: True
      MULTIPLY: True
      RANDOM_BRIGHTNESS: True
  BASE_SIZE: 2048
  BATCH_SIZE_PER_GPU: 6
  BEGIN_EPOCH: 0
  END_EPOCH: 20
  EXTRA_EPOCH: 0
  EXTRA_LR: 0.001
  FLIP: False
  IGNORE_LABEL: 0
  IMAGE_SIZE: [1024, 1024]
  LR: 0.01
  MOMENTUM: 0.9
  MULTI_SCALE: False
  NESTEROV: False
  OPTIMIZER: sgd
  RESUME: True
  SCALE_FACTOR: 16
  SHUFFLE: True
  WD: 0.0005
WORKERS: 4
2025-03-22 16:03:56,953 Attention!!!
2025-03-22 16:03:56,953 Loaded 302 parameters!
2025-03-22 16:03:56,954 Over!!!
2025-03-22 16:04:10,810 Epoch: [0/20] Iter:[0/192], Time: 13.77, lr: [0.01], Loss: 16.497957, Acc:0.134382, Semantic loss: 6.943100, BCE loss: 3.787225, SB loss: 5.767632
2025-03-22 16:04:14,801 Epoch: [0/20] Iter:[10/192], Time: 1.60, lr: [0.009976559445324192], Loss: 12.155966, Acc:0.283022, Semantic loss: 5.454876, BCE loss: 2.660043, SB loss: 4.041047
2025-03-22 16:04:19,050 Epoch: [0/20] Iter:[20/192], Time: 1.04, lr: [0.009953112769592761], Loss: 10.030928, Acc:0.343464, Semantic loss: 4.474325, BCE loss: 2.329949, SB loss: 3.226654
2025-03-22 16:04:23,333 Epoch: [0/20] Iter:[30/192], Time: 0.84, lr: [0.009929659955177281], Loss: 8.480340, Acc:0.384761, Semantic loss: 3.750312, BCE loss: 2.143067, SB loss: 2.586961
2025-03-22 16:04:27,301 Epoch: [0/20] Iter:[40/192], Time: 0.73, lr: [0.009906200984352154], Loss: 7.658260, Acc:0.394416, Semantic loss: 3.366358, BCE loss: 2.018025, SB loss: 2.273877
2025-03-22 16:04:31,428 Epoch: [0/20] Iter:[50/192], Time: 0.67, lr: [0.009882735839293803], Loss: 7.082510, Acc:0.420450, Semantic loss: 3.079991, BCE loss: 1.929616, SB loss: 2.072903
2025-03-22 16:04:35,398 Epoch: [0/20] Iter:[60/192], Time: 0.63, lr: [0.00985926450207989], Loss: 6.922147, Acc:0.421695, Semantic loss: 2.954801, BCE loss: 1.877767, SB loss: 2.089579
2025-03-22 16:04:39,375 Epoch: [0/20] Iter:[70/192], Time: 0.59, lr: [0.009835786954688485], Loss: 6.685449, Acc:0.419350, Semantic loss: 2.888912, BCE loss: 1.839429, SB loss: 1.957108
2025-03-22 16:04:43,385 Epoch: [0/20] Iter:[80/192], Time: 0.57, lr: [0.00981230317899726], Loss: 6.520109, Acc:0.421945, Semantic loss: 2.828337, BCE loss: 1.809442, SB loss: 1.882330
2025-03-22 16:04:47,331 Epoch: [0/20] Iter:[90/192], Time: 0.55, lr: [0.009788813156782662], Loss: 6.386119, Acc:0.424968, Semantic loss: 2.791833, BCE loss: 1.799230, SB loss: 1.795056
2025-03-22 16:04:51,310 Epoch: [0/20] Iter:[100/192], Time: 0.54, lr: [0.009765316869719067], Loss: 6.229717, Acc:0.425444, Semantic loss: 2.731852, BCE loss: 1.779783, SB loss: 1.718082
2025-03-22 16:04:55,327 Epoch: [0/20] Iter:[110/192], Time: 0.52, lr: [0.009741814299377942], Loss: 6.086549, Acc:0.425601, Semantic loss: 2.665890, BCE loss: 1.754618, SB loss: 1.666041
2025-03-22 16:04:59,298 Epoch: [0/20] Iter:[120/192], Time: 0.51, lr: [0.009718305427226986], Loss: 5.941156, Acc:0.430053, Semantic loss: 2.591768, BCE loss: 1.746768, SB loss: 1.602620
2025-03-22 16:05:03,292 Epoch: [0/20] Iter:[130/192], Time: 0.50, lr: [0.009694790234629266], Loss: 5.806510, Acc:0.434769, Semantic loss: 2.525235, BCE loss: 1.734080, SB loss: 1.547196
2025-03-22 16:05:07,277 Epoch: [0/20] Iter:[140/192], Time: 0.50, lr: [0.009671268702842338], Loss: 5.697910, Acc:0.436577, Semantic loss: 2.480035, BCE loss: 1.715438, SB loss: 1.502436
2025-03-22 16:05:11,237 Epoch: [0/20] Iter:[150/192], Time: 0.49, lr: [0.009647740813017376], Loss: 5.610353, Acc:0.437545, Semantic loss: 2.438136, BCE loss: 1.702348, SB loss: 1.469868
2025-03-22 16:05:15,250 Epoch: [0/20] Iter:[160/192], Time: 0.48, lr: [0.009624206546198262], Loss: 5.533512, Acc:0.442297, Semantic loss: 2.393766, BCE loss: 1.704082, SB loss: 1.435665
2025-03-22 16:05:19,262 Epoch: [0/20] Iter:[170/192], Time: 0.48, lr: [0.009600665883320689], Loss: 5.452329, Acc:0.445827, Semantic loss: 2.351491, BCE loss: 1.701233, SB loss: 1.399605
2025-03-22 16:05:23,265 Epoch: [0/20] Iter:[180/192], Time: 0.48, lr: [0.009577118805211254], Loss: 5.380771, Acc:0.448659, Semantic loss: 2.315815, BCE loss: 1.696035, SB loss: 1.368920
2025-03-22 16:05:27,232 Epoch: [0/20] Iter:[190/192], Time: 0.47, lr: [0.009553565292586523], Loss: 5.317858, Acc:0.451757, Semantic loss: 2.282017, BCE loss: 1.689850, SB loss: 1.345991
2025-03-22 16:07:02,548 0 [0.00000000e+00 3.24680810e-02 4.77797396e-02 1.11113890e-03
 0.00000000e+00 1.07495824e-07 0.00000000e+00] 0.011622723860826937
2025-03-22 16:07:02,548 1 [0.         0.06597158 0.0541778  0.         0.         0.
 0.        ] 0.017164197848647877
2025-03-22 16:07:02,554 => saving checkpoint to output\loveda\pidnet_small_loveda\aug_hf_m_rbcheckpoint.pth.tar
2025-03-22 16:07:02,670 Loss: 13.332, MeanIU:  0.0172, Best_mIoU:  0.0172
2025-03-22 16:07:02,670 [0.         0.06597158 0.0541778  0.         0.         0.
 0.        ]
2025-03-22 16:07:13,282 Epoch: [1/20] Iter:[0/192], Time: 10.41, lr: [0.009548853816214998], Loss: 4.447807, Acc:0.394131, Semantic loss: 2.002965, BCE loss: 1.478358, SB loss: 0.966484
2025-03-22 16:07:17,259 Epoch: [1/20] Iter:[10/192], Time: 1.31, lr: [0.009525292556561479], Loss: 4.306374, Acc:0.472493, Semantic loss: 1.792722, BCE loss: 1.523066, SB loss: 0.990586
2025-03-22 16:07:21,209 Epoch: [1/20] Iter:[20/192], Time: 0.87, lr: [0.00950172481957719], Loss: 4.282630, Acc:0.481321, Semantic loss: 1.796204, BCE loss: 1.545645, SB loss: 0.940782
2025-03-22 16:07:25,144 Epoch: [1/20] Iter:[30/192], Time: 0.72, lr: [0.009478150585620286], Loss: 4.343163, Acc:0.476233, Semantic loss: 1.802633, BCE loss: 1.518955, SB loss: 1.021575
2025-03-22 16:07:29,092 Epoch: [1/20] Iter:[40/192], Time: 0.64, lr: [0.009454569834934885], Loss: 4.356461, Acc:0.470938, Semantic loss: 1.814201, BCE loss: 1.535473, SB loss: 1.006787
2025-03-22 16:07:33,044 Epoch: [1/20] Iter:[50/192], Time: 0.59, lr: [0.009430982547650114], Loss: 4.360901, Acc:0.471392, Semantic loss: 1.807201, BCE loss: 1.564278, SB loss: 0.989422
2025-03-22 16:07:37,003 Epoch: [1/20] Iter:[60/192], Time: 0.56, lr: [0.009407388703779091], Loss: 4.363265, Acc:0.474388, Semantic loss: 1.799230, BCE loss: 1.580072, SB loss: 0.983963
2025-03-22 16:07:40,943 Epoch: [1/20] Iter:[70/192], Time: 0.54, lr: [0.009383788283217955], Loss: 4.326206, Acc:0.479235, Semantic loss: 1.779318, BCE loss: 1.585529, SB loss: 0.961358
2025-03-22 16:07:44,861 Epoch: [1/20] Iter:[80/192], Time: 0.52, lr: [0.00936018126574482], Loss: 4.337443, Acc:0.472009, Semantic loss: 1.788998, BCE loss: 1.577214, SB loss: 0.971231
2025-03-22 16:07:48,820 Epoch: [1/20] Iter:[90/192], Time: 0.50, lr: [0.009336567631018769], Loss: 4.335354, Acc:0.475558, Semantic loss: 1.778319, BCE loss: 1.592760, SB loss: 0.964274
2025-03-22 16:07:52,787 Epoch: [1/20] Iter:[100/192], Time: 0.49, lr: [0.009312947358578814], Loss: 4.340032, Acc:0.476124, Semantic loss: 1.772947, BCE loss: 1.604827, SB loss: 0.962258
2025-03-22 16:07:56,749 Epoch: [1/20] Iter:[110/192], Time: 0.49, lr: [0.009289320427842841], Loss: 4.309774, Acc:0.477216, Semantic loss: 1.765603, BCE loss: 1.586296, SB loss: 0.957875
2025-03-22 16:08:00,697 Epoch: [1/20] Iter:[120/192], Time: 0.48, lr: [0.009265686818106552], Loss: 4.284365, Acc:0.478821, Semantic loss: 1.757870, BCE loss: 1.575850, SB loss: 0.950646
2025-03-22 16:08:04,670 Epoch: [1/20] Iter:[130/192], Time: 0.47, lr: [0.009242046508542393], Loss: 4.280980, Acc:0.480726, Semantic loss: 1.755865, BCE loss: 1.578184, SB loss: 0.946931
2025-03-22 16:08:08,605 Epoch: [1/20] Iter:[140/192], Time: 0.47, lr: [0.009218399478198466], Loss: 4.264055, Acc:0.481284, Semantic loss: 1.749234, BCE loss: 1.571599, SB loss: 0.943221
2025-03-22 16:08:12,569 Epoch: [1/20] Iter:[150/192], Time: 0.46, lr: [0.009194745705997428], Loss: 4.254683, Acc:0.479953, Semantic loss: 1.749015, BCE loss: 1.564332, SB loss: 0.941336
2025-03-22 16:08:16,500 Epoch: [1/20] Iter:[160/192], Time: 0.46, lr: [0.00917108517073538], Loss: 4.249151, Acc:0.479664, Semantic loss: 1.744489, BCE loss: 1.565059, SB loss: 0.939603
2025-03-22 16:08:20,454 Epoch: [1/20] Iter:[170/192], Time: 0.45, lr: [0.00914741785108075], Loss: 4.243707, Acc:0.480177, Semantic loss: 1.740561, BCE loss: 1.563919, SB loss: 0.939227
2025-03-22 16:08:24,390 Epoch: [1/20] Iter:[180/192], Time: 0.45, lr: [0.00912374372557314], Loss: 4.237232, Acc:0.480133, Semantic loss: 1.738777, BCE loss: 1.561627, SB loss: 0.936828
2025-03-22 16:08:28,329 Epoch: [1/20] Iter:[190/192], Time: 0.45, lr: [0.009100062772622186], Loss: 4.236836, Acc:0.479304, Semantic loss: 1.738163, BCE loss: 1.561372, SB loss: 0.937302
2025-03-22 16:10:03,353 0 [0.00000000e+00 1.77695953e-02 5.18326158e-02 4.41057668e-05
 1.68104135e-08 2.68738324e-08 6.61195276e-07] 0.00994957453557572
2025-03-22 16:10:03,353 1 [0.         0.01991277 0.05312357 0.         0.         0.
 0.        ] 0.010433763316081701
2025-03-22 16:10:03,358 => saving checkpoint to output\loveda\pidnet_small_loveda\aug_hf_m_rbcheckpoint.pth.tar
2025-03-22 16:10:03,439 Loss: 15.777, MeanIU:  0.0104, Best_mIoU:  0.0172
2025-03-22 16:10:03,440 [0.         0.01991277 0.05312357 0.         0.         0.
 0.        ]
2025-03-22 16:10:13,957 Epoch: [2/20] Iter:[0/192], Time: 10.32, lr: [0.009095325760829623], Loss: 4.115026, Acc:0.420477, Semantic loss: 1.955368, BCE loss: 1.109301, SB loss: 1.050357
2025-03-22 16:10:17,898 Epoch: [2/20] Iter:[10/192], Time: 1.30, lr: [0.009071636586262652], Loss: 4.221640, Acc:0.473339, Semantic loss: 1.727215, BCE loss: 1.578389, SB loss: 0.916036
2025-03-22 16:10:21,826 Epoch: [2/20] Iter:[20/192], Time: 0.87, lr: [0.009047940536290279], Loss: 4.184053, Acc:0.467391, Semantic loss: 1.720310, BCE loss: 1.565687, SB loss: 0.898055
2025-03-22 16:10:25,801 Epoch: [2/20] Iter:[30/192], Time: 0.71, lr: [0.009024237588898336], Loss: 4.122933, Acc:0.479879, Semantic loss: 1.701372, BCE loss: 1.510116, SB loss: 0.911445
2025-03-22 16:10:29,777 Epoch: [2/20] Iter:[40/192], Time: 0.64, lr: [0.009000527721937697], Loss: 4.134842, Acc:0.470437, Semantic loss: 1.715768, BCE loss: 1.505161, SB loss: 0.913913
2025-03-22 16:10:33,798 Epoch: [2/20] Iter:[50/192], Time: 0.59, lr: [0.008976810913123051], Loss: 4.148429, Acc:0.470029, Semantic loss: 1.711823, BCE loss: 1.519271, SB loss: 0.917334
2025-03-22 16:10:37,793 Epoch: [2/20] Iter:[60/192], Time: 0.56, lr: [0.008953087140031669], Loss: 4.167303, Acc:0.462058, Semantic loss: 1.735860, BCE loss: 1.504081, SB loss: 0.927361
2025-03-22 16:10:41,773 Epoch: [2/20] Iter:[70/192], Time: 0.54, lr: [0.008929356380102142], Loss: 4.149649, Acc:0.467220, Semantic loss: 1.722867, BCE loss: 1.509307, SB loss: 0.917475
2025-03-22 16:10:45,766 Epoch: [2/20] Iter:[80/192], Time: 0.52, lr: [0.008905618610633112], Loss: 4.158787, Acc:0.474701, Semantic loss: 1.713920, BCE loss: 1.528136, SB loss: 0.916731
2025-03-22 16:10:49,754 Epoch: [2/20] Iter:[90/192], Time: 0.51, lr: [0.008881873808781991], Loss: 4.153972, Acc:0.480679, Semantic loss: 1.706169, BCE loss: 1.532701, SB loss: 0.915102
2025-03-22 16:10:53,720 Epoch: [2/20] Iter:[100/192], Time: 0.50, lr: [0.008858121951563658], Loss: 4.151341, Acc:0.479457, Semantic loss: 1.711950, BCE loss: 1.522345, SB loss: 0.917046
2025-03-22 16:10:57,699 Epoch: [2/20] Iter:[110/192], Time: 0.49, lr: [0.008834363015849136], Loss: 4.141680, Acc:0.482990, Semantic loss: 1.703721, BCE loss: 1.521897, SB loss: 0.916062
2025-03-22 16:11:01,694 Epoch: [2/20] Iter:[120/192], Time: 0.48, lr: [0.008810596978364274], Loss: 4.158743, Acc:0.484049, Semantic loss: 1.707281, BCE loss: 1.532144, SB loss: 0.919317
2025-03-22 16:11:05,672 Epoch: [2/20] Iter:[130/192], Time: 0.47, lr: [0.008786823815688379], Loss: 4.161587, Acc:0.484765, Semantic loss: 1.707408, BCE loss: 1.531613, SB loss: 0.922566
2025-03-22 16:11:09,658 Epoch: [2/20] Iter:[140/192], Time: 0.47, lr: [0.008763043504252865], Loss: 4.162861, Acc:0.487508, Semantic loss: 1.702113, BCE loss: 1.540050, SB loss: 0.920699
2025-03-22 16:11:13,641 Epoch: [2/20] Iter:[150/192], Time: 0.46, lr: [0.008739256020339866], Loss: 4.159347, Acc:0.486252, Semantic loss: 1.703042, BCE loss: 1.534983, SB loss: 0.921323
2025-03-22 16:11:17,621 Epoch: [2/20] Iter:[160/192], Time: 0.46, lr: [0.00871546134008083], Loss: 4.155421, Acc:0.485971, Semantic loss: 1.700828, BCE loss: 1.537096, SB loss: 0.917496
2025-03-22 16:11:21,614 Epoch: [2/20] Iter:[170/192], Time: 0.46, lr: [0.008691659439455107], Loss: 4.160493, Acc:0.485836, Semantic loss: 1.699640, BCE loss: 1.544815, SB loss: 0.916038
2025-03-22 16:11:25,612 Epoch: [2/20] Iter:[180/192], Time: 0.45, lr: [0.008667850294288517], Loss: 4.157974, Acc:0.485655, Semantic loss: 1.696216, BCE loss: 1.548935, SB loss: 0.912823
2025-03-22 16:11:29,600 Epoch: [2/20] Iter:[190/192], Time: 0.45, lr: [0.008644033880251888], Loss: 4.159978, Acc:0.486410, Semantic loss: 1.695098, BCE loss: 1.548530, SB loss: 0.916350
2025-03-22 16:13:04,541 0 [0.00000000e+00 2.77079485e-02 4.74801157e-02 3.86694616e-04
 3.36208719e-08 1.20924537e-06 1.94474996e-08] 0.010796574441948313
2025-03-22 16:13:04,542 1 [0.         0.00085365 0.0530632  0.         0.         0.
 0.        ] 0.007702406826614804
2025-03-22 16:13:04,547 => saving checkpoint to output\loveda\pidnet_small_loveda\aug_hf_m_rbcheckpoint.pth.tar
2025-03-22 16:13:04,627 Loss: 24.293, MeanIU:  0.0077, Best_mIoU:  0.0172
2025-03-22 16:13:04,627 [0.         0.00085365 0.0530632  0.         0.         0.
 0.        ]
2025-03-22 16:13:15,291 Epoch: [3/20] Iter:[0/192], Time: 10.45, lr: [0.008639269723028191], Loss: 4.434379, Acc:0.404309, Semantic loss: 2.225155, BCE loss: 1.282259, SB loss: 0.926965
2025-03-22 16:13:19,309 Epoch: [3/20] Iter:[10/192], Time: 1.32, lr: [0.008615444554012613], Loss: 4.128831, Acc:0.480579, Semantic loss: 1.711326, BCE loss: 1.524420, SB loss: 0.893085
2025-03-22 16:13:23,309 Epoch: [3/20] Iter:[20/192], Time: 0.88, lr: [0.008591612062049989], Loss: 4.094855, Acc:0.503136, Semantic loss: 1.681283, BCE loss: 1.496651, SB loss: 0.916921
2025-03-22 16:13:27,214 Epoch: [3/20] Iter:[30/192], Time: 0.72, lr: [0.008567772222305215], Loss: 4.078889, Acc:0.503086, Semantic loss: 1.649294, BCE loss: 1.535864, SB loss: 0.893731
2025-03-22 16:13:31,138 Epoch: [3/20] Iter:[40/192], Time: 0.64, lr: [0.008543925009781886], Loss: 4.065314, Acc:0.500882, Semantic loss: 1.644524, BCE loss: 1.521235, SB loss: 0.899554
2025-03-22 16:13:35,052 Epoch: [3/20] Iter:[50/192], Time: 0.59, lr: [0.00852007039932076], Loss: 4.070214, Acc:0.493845, Semantic loss: 1.650746, BCE loss: 1.509997, SB loss: 0.909471
2025-03-22 16:13:39,088 Epoch: [3/20] Iter:[60/192], Time: 0.56, lr: [0.00849620836559818], Loss: 4.089642, Acc:0.486547, Semantic loss: 1.675116, BCE loss: 1.488931, SB loss: 0.925595
2025-03-22 16:13:43,115 Epoch: [3/20] Iter:[70/192], Time: 0.54, lr: [0.008472338883124477], Loss: 4.118967, Acc:0.488813, Semantic loss: 1.679647, BCE loss: 1.513662, SB loss: 0.925658
2025-03-22 16:13:47,142 Epoch: [3/20] Iter:[80/192], Time: 0.52, lr: [0.008448461926242374], Loss: 4.120517, Acc:0.489698, Semantic loss: 1.689711, BCE loss: 1.503679, SB loss: 0.927128
2025-03-22 16:13:51,176 Epoch: [3/20] Iter:[90/192], Time: 0.51, lr: [0.008424577469125337], Loss: 4.120729, Acc:0.491315, Semantic loss: 1.680127, BCE loss: 1.518721, SB loss: 0.921881
2025-03-22 16:13:55,220 Epoch: [3/20] Iter:[100/192], Time: 0.50, lr: [0.008400685485775935], Loss: 4.125943, Acc:0.493358, Semantic loss: 1.675446, BCE loss: 1.531699, SB loss: 0.918798
2025-03-22 16:13:59,236 Epoch: [3/20] Iter:[110/192], Time: 0.49, lr: [0.008376785950024154], Loss: 4.119263, Acc:0.493011, Semantic loss: 1.663858, BCE loss: 1.534174, SB loss: 0.921231
2025-03-22 16:14:03,212 Epoch: [3/20] Iter:[120/192], Time: 0.48, lr: [0.00835287883552571], Loss: 4.132693, Acc:0.493069, Semantic loss: 1.658723, BCE loss: 1.553720, SB loss: 0.920250
2025-03-22 16:14:07,204 Epoch: [3/20] Iter:[130/192], Time: 0.48, lr: [0.008328964115760324], Loss: 4.129821, Acc:0.492000, Semantic loss: 1.659192, BCE loss: 1.547016, SB loss: 0.923613
2025-03-22 16:14:11,244 Epoch: [3/20] Iter:[140/192], Time: 0.47, lr: [0.008305041764029988], Loss: 4.128521, Acc:0.490574, Semantic loss: 1.659944, BCE loss: 1.543273, SB loss: 0.925304
2025-03-22 16:14:15,281 Epoch: [3/20] Iter:[150/192], Time: 0.47, lr: [0.008281111753457188], Loss: 4.128659, Acc:0.490071, Semantic loss: 1.662558, BCE loss: 1.535703, SB loss: 0.930399
2025-03-22 16:14:19,315 Epoch: [3/20] Iter:[160/192], Time: 0.46, lr: [0.008257174056983133], Loss: 4.132992, Acc:0.490738, Semantic loss: 1.659726, BCE loss: 1.544878, SB loss: 0.928388
2025-03-22 16:14:23,315 Epoch: [3/20] Iter:[170/192], Time: 0.46, lr: [0.00823322864736593], Loss: 4.129062, Acc:0.490973, Semantic loss: 1.653372, BCE loss: 1.550606, SB loss: 0.925084
2025-03-22 16:14:27,363 Epoch: [3/20] Iter:[180/192], Time: 0.46, lr: [0.008209275497178764], Loss: 4.119395, Acc:0.492714, Semantic loss: 1.650936, BCE loss: 1.545076, SB loss: 0.923383
2025-03-22 16:14:31,383 Epoch: [3/20] Iter:[190/192], Time: 0.45, lr: [0.008185314578808021], Loss: 4.112994, Acc:0.493896, Semantic loss: 1.650612, BCE loss: 1.541228, SB loss: 0.921154
2025-03-22 16:16:06,128 0 [0.00000000e+00 1.15122493e-02 5.07328506e-02 2.24102702e-04
 5.88364462e-08 4.29984057e-06 0.00000000e+00] 0.008924794473556857
2025-03-22 16:16:06,128 1 [0.00000000e+00 1.04772924e-03 5.31043103e-02 1.15268214e-05
 0.00000000e+00 0.00000000e+00 0.00000000e+00] 0.0077376523421426365
2025-03-22 16:16:06,132 => saving checkpoint to output\loveda\pidnet_small_loveda\aug_hf_m_rbcheckpoint.pth.tar
2025-03-22 16:16:06,214 Loss: 19.846, MeanIU:  0.0077, Best_mIoU:  0.0172
2025-03-22 16:16:06,214 [0.00000000e+00 1.04772924e-03 5.31043103e-02 1.15268214e-05
 0.00000000e+00 0.00000000e+00 0.00000000e+00]
2025-03-22 16:16:16,862 Epoch: [4/20] Iter:[0/192], Time: 10.44, lr: [0.008180521460508584], Loss: 4.182249, Acc:0.476104, Semantic loss: 1.665939, BCE loss: 1.747066, SB loss: 0.769244
2025-03-22 16:16:20,929 Epoch: [4/20] Iter:[10/192], Time: 1.32, lr: [0.008156551183601795], Loss: 4.097466, Acc:0.493788, Semantic loss: 1.633142, BCE loss: 1.546922, SB loss: 0.917401
2025-03-22 16:16:24,959 Epoch: [4/20] Iter:[20/192], Time: 0.88, lr: [0.008132573077094668], Loss: 4.043580, Acc:0.487025, Semantic loss: 1.641998, BCE loss: 1.485501, SB loss: 0.916081
2025-03-22 16:16:29,011 Epoch: [4/20] Iter:[30/192], Time: 0.73, lr: [0.008108587112763079], Loss: 4.060557, Acc:0.489914, Semantic loss: 1.643559, BCE loss: 1.496557, SB loss: 0.920440
2025-03-22 16:16:33,001 Epoch: [4/20] Iter:[40/192], Time: 0.65, lr: [0.008084593262188028], Loss: 4.083649, Acc:0.500292, Semantic loss: 1.629103, BCE loss: 1.530274, SB loss: 0.924272
2025-03-22 16:16:36,974 Epoch: [4/20] Iter:[50/192], Time: 0.60, lr: [0.008060591496753653], Loss: 4.067976, Acc:0.499046, Semantic loss: 1.635476, BCE loss: 1.519280, SB loss: 0.913220
2025-03-22 16:16:40,925 Epoch: [4/20] Iter:[60/192], Time: 0.57, lr: [0.008036581787645204], Loss: 4.102644, Acc:0.498353, Semantic loss: 1.633088, BCE loss: 1.545546, SB loss: 0.924011
2025-03-22 16:16:44,867 Epoch: [4/20] Iter:[70/192], Time: 0.54, lr: [0.008012564105846994], Loss: 4.079646, Acc:0.493195, Semantic loss: 1.632513, BCE loss: 1.517907, SB loss: 0.929225
2025-03-22 16:16:48,820 Epoch: [4/20] Iter:[80/192], Time: 0.52, lr: [0.007988538422140333], Loss: 4.066332, Acc:0.496183, Semantic loss: 1.630466, BCE loss: 1.510523, SB loss: 0.925344
2025-03-22 16:16:52,754 Epoch: [4/20] Iter:[90/192], Time: 0.51, lr: [0.007964504707101411], Loss: 4.057858, Acc:0.494874, Semantic loss: 1.635711, BCE loss: 1.504496, SB loss: 0.917651
2025-03-22 16:16:56,715 Epoch: [4/20] Iter:[100/192], Time: 0.50, lr: [0.007940462931099176], Loss: 4.041983, Acc:0.499131, Semantic loss: 1.627395, BCE loss: 1.496804, SB loss: 0.917783
2025-03-22 16:17:00,715 Epoch: [4/20] Iter:[110/192], Time: 0.49, lr: [0.007916413064293163], Loss: 4.030756, Acc:0.504397, Semantic loss: 1.616949, BCE loss: 1.501334, SB loss: 0.912473
2025-03-22 16:17:04,713 Epoch: [4/20] Iter:[120/192], Time: 0.48, lr: [0.007892355076631318], Loss: 4.033711, Acc:0.507474, Semantic loss: 1.610394, BCE loss: 1.514351, SB loss: 0.908966
2025-03-22 16:17:08,582 Epoch: [4/20] Iter:[130/192], Time: 0.47, lr: [0.007868288937847752], Loss: 4.046380, Acc:0.505608, Semantic loss: 1.616077, BCE loss: 1.518848, SB loss: 0.911455
2025-03-22 16:17:12,458 Epoch: [4/20] Iter:[140/192], Time: 0.47, lr: [0.007844214617460508], Loss: 4.048903, Acc:0.508462, Semantic loss: 1.609726, BCE loss: 1.531469, SB loss: 0.907708
2025-03-22 16:17:16,302 Epoch: [4/20] Iter:[150/192], Time: 0.46, lr: [0.007820132084769268], Loss: 4.055183, Acc:0.505467, Semantic loss: 1.616445, BCE loss: 1.529406, SB loss: 0.909332
2025-03-22 16:17:20,158 Epoch: [4/20] Iter:[160/192], Time: 0.46, lr: [0.00779604130885303], Loss: 4.055201, Acc:0.505951, Semantic loss: 1.614968, BCE loss: 1.532151, SB loss: 0.908082
2025-03-22 16:17:24,132 Epoch: [4/20] Iter:[170/192], Time: 0.45, lr: [0.007771942258567773], Loss: 4.057643, Acc:0.506211, Semantic loss: 1.613542, BCE loss: 1.536387, SB loss: 0.907713
2025-03-22 16:17:28,165 Epoch: [4/20] Iter:[180/192], Time: 0.45, lr: [0.007747834902544056], Loss: 4.054532, Acc:0.505539, Semantic loss: 1.615778, BCE loss: 1.532524, SB loss: 0.906231
2025-03-22 16:17:32,156 Epoch: [4/20] Iter:[190/192], Time: 0.45, lr: [0.0077237192091846206], Loss: 4.068356, Acc:0.502713, Semantic loss: 1.623942, BCE loss: 1.533743, SB loss: 0.910671
2025-03-22 16:19:06,616 0 [0.00000000e+00 4.10427579e-02 4.31813228e-02 1.32591499e-04
 3.32822423e-06 7.00693975e-05 3.88940780e-08] 0.012061444109921743
2025-03-22 16:19:06,617 1 [0.00000000e+00 5.47760184e-02 5.03462629e-02 3.87077469e-05
 0.00000000e+00 0.00000000e+00 0.00000000e+00] 0.015022998426114596
2025-03-22 16:19:06,623 => saving checkpoint to output\loveda\pidnet_small_loveda\aug_hf_m_rbcheckpoint.pth.tar
2025-03-22 16:19:06,701 Loss: 16.583, MeanIU:  0.0150, Best_mIoU:  0.0172
2025-03-22 16:19:06,701 [0.00000000e+00 5.47760184e-02 5.03462629e-02 3.87077469e-05
 0.00000000e+00 0.00000000e+00 0.00000000e+00]
2025-03-22 16:19:17,184 Epoch: [5/20] Iter:[0/192], Time: 10.28, lr: [0.007718895067235705], Loss: 3.678392, Acc:0.470254, Semantic loss: 1.500800, BCE loss: 1.291939, SB loss: 0.885653
2025-03-22 16:19:21,130 Epoch: [5/20] Iter:[10/192], Time: 1.29, lr: [0.007694769327040611], Loss: 4.044578, Acc:0.489836, Semantic loss: 1.617040, BCE loss: 1.531292, SB loss: 0.896247
2025-03-22 16:19:25,074 Epoch: [5/20] Iter:[20/192], Time: 0.87, lr: [0.00767063517918174], Loss: 4.018337, Acc:0.492976, Semantic loss: 1.640073, BCE loss: 1.456896, SB loss: 0.921369
2025-03-22 16:19:29,000 Epoch: [5/20] Iter:[30/192], Time: 0.71, lr: [0.007646492591316132], Loss: 3.924385, Acc:0.508175, Semantic loss: 1.587941, BCE loss: 1.444023, SB loss: 0.892421
2025-03-22 16:19:32,930 Epoch: [5/20] Iter:[40/192], Time: 0.63, lr: [0.007622341530862476], Loss: 3.951054, Acc:0.503828, Semantic loss: 1.597936, BCE loss: 1.454046, SB loss: 0.899072
2025-03-22 16:19:36,873 Epoch: [5/20] Iter:[50/192], Time: 0.59, lr: [0.0075981819649984985], Loss: 4.034053, Acc:0.499483, Semantic loss: 1.619976, BCE loss: 1.500273, SB loss: 0.913804
2025-03-22 16:19:40,799 Epoch: [5/20] Iter:[60/192], Time: 0.56, lr: [0.007574013860658317], Loss: 3.985102, Acc:0.502207, Semantic loss: 1.596549, BCE loss: 1.483597, SB loss: 0.904955
2025-03-22 16:19:44,719 Epoch: [5/20] Iter:[70/192], Time: 0.53, lr: [0.007549837184529776], Loss: 4.013977, Acc:0.500425, Semantic loss: 1.601028, BCE loss: 1.500519, SB loss: 0.912431
2025-03-22 16:19:48,654 Epoch: [5/20] Iter:[80/192], Time: 0.52, lr: [0.0075256519030517215], Loss: 4.018889, Acc:0.498054, Semantic loss: 1.607116, BCE loss: 1.500954, SB loss: 0.910819
2025-03-22 16:19:52,594 Epoch: [5/20] Iter:[90/192], Time: 0.50, lr: [0.007501457982411236], Loss: 3.997772, Acc:0.500100, Semantic loss: 1.602735, BCE loss: 1.489068, SB loss: 0.905969
2025-03-22 16:19:56,542 Epoch: [5/20] Iter:[100/192], Time: 0.49, lr: [0.0074772553885408604], Loss: 3.994175, Acc:0.503571, Semantic loss: 1.597696, BCE loss: 1.490945, SB loss: 0.905534
2025-03-22 16:20:00,490 Epoch: [5/20] Iter:[110/192], Time: 0.48, lr: [0.007453044087115737], Loss: 4.016116, Acc:0.501986, Semantic loss: 1.608063, BCE loss: 1.493918, SB loss: 0.914135
2025-03-22 16:20:04,429 Epoch: [5/20] Iter:[120/192], Time: 0.48, lr: [0.007428824043550734], Loss: 4.010371, Acc:0.502442, Semantic loss: 1.604875, BCE loss: 1.494397, SB loss: 0.911100
2025-03-22 16:20:08,375 Epoch: [5/20] Iter:[130/192], Time: 0.47, lr: [0.007404595222997526], Loss: 4.022425, Acc:0.499824, Semantic loss: 1.610951, BCE loss: 1.495509, SB loss: 0.915965
2025-03-22 16:20:12,332 Epoch: [5/20] Iter:[140/192], Time: 0.46, lr: [0.007380357590341623], Loss: 4.024191, Acc:0.503088, Semantic loss: 1.607541, BCE loss: 1.505623, SB loss: 0.911028
2025-03-22 16:20:16,278 Epoch: [5/20] Iter:[150/192], Time: 0.46, lr: [0.007356111110199354], Loss: 4.025708, Acc:0.503087, Semantic loss: 1.607411, BCE loss: 1.506898, SB loss: 0.911398
2025-03-22 16:20:20,209 Epoch: [5/20] Iter:[160/192], Time: 0.46, lr: [0.00733185574691482], Loss: 4.026505, Acc:0.504333, Semantic loss: 1.603055, BCE loss: 1.514671, SB loss: 0.908779
2025-03-22 16:20:24,165 Epoch: [5/20] Iter:[170/192], Time: 0.45, lr: [0.007307591464556783], Loss: 4.026487, Acc:0.505526, Semantic loss: 1.602094, BCE loss: 1.515798, SB loss: 0.908595
2025-03-22 16:20:28,099 Epoch: [5/20] Iter:[180/192], Time: 0.45, lr: [0.007283318226915514], Loss: 4.043792, Acc:0.504641, Semantic loss: 1.607181, BCE loss: 1.526143, SB loss: 0.910468
2025-03-22 16:20:32,022 Epoch: [5/20] Iter:[190/192], Time: 0.45, lr: [0.007259035997499604], Loss: 4.038073, Acc:0.506198, Semantic loss: 1.603980, BCE loss: 1.525972, SB loss: 0.908121
2025-03-22 16:22:06,231 0 [0.00000000e+00 9.06045557e-02 3.72160003e-02 8.81497381e-06
 4.20261351e-08 2.20349538e-06 1.67239670e-06] 0.018261898404451214
2025-03-22 16:22:06,232 1 [0.         0.11118349 0.05236376 0.         0.         0.
 0.        ] 0.023363894145012547
2025-03-22 16:22:06,237 => saving checkpoint to output\loveda\pidnet_small_loveda\aug_hf_m_rbcheckpoint.pth.tar
2025-03-22 16:22:06,363 Loss: 13.625, MeanIU:  0.0234, Best_mIoU:  0.0234
2025-03-22 16:22:06,364 [0.         0.11118349 0.05236376 0.         0.         0.
 0.        ]
2025-03-22 16:22:16,938 Epoch: [6/20] Iter:[0/192], Time: 10.38, lr: [0.007254178469372199], Loss: 4.329278, Acc:0.536234, Semantic loss: 1.636190, BCE loss: 1.717635, SB loss: 0.975453
2025-03-22 16:22:20,826 Epoch: [6/20] Iter:[10/192], Time: 1.30, lr: [0.007229885401256642], Loss: 3.907778, Acc:0.518440, Semantic loss: 1.567592, BCE loss: 1.432294, SB loss: 0.907892
2025-03-22 16:22:24,678 Epoch: [6/20] Iter:[20/192], Time: 0.86, lr: [0.0072055832600777334], Loss: 3.942617, Acc:0.496708, Semantic loss: 1.586689, BCE loss: 1.443740, SB loss: 0.912188
2025-03-22 16:22:28,564 Epoch: [6/20] Iter:[30/192], Time: 0.71, lr: [0.007181272008420604], Loss: 3.923000, Acc:0.508071, Semantic loss: 1.588332, BCE loss: 1.449562, SB loss: 0.885107
2025-03-22 16:22:32,420 Epoch: [6/20] Iter:[40/192], Time: 0.63, lr: [0.007156951608574727], Loss: 3.913121, Acc:0.509736, Semantic loss: 1.571105, BCE loss: 1.460534, SB loss: 0.881482
2025-03-22 16:22:36,289 Epoch: [6/20] Iter:[50/192], Time: 0.58, lr: [0.007132622022530447], Loss: 3.906395, Acc:0.509312, Semantic loss: 1.579889, BCE loss: 1.436325, SB loss: 0.890180
2025-03-22 16:22:40,159 Epoch: [6/20] Iter:[60/192], Time: 0.55, lr: [0.007108283211975477], Loss: 3.951072, Acc:0.511446, Semantic loss: 1.582393, BCE loss: 1.487013, SB loss: 0.881667
2025-03-22 16:22:44,009 Epoch: [6/20] Iter:[70/192], Time: 0.53, lr: [0.007083935138291319], Loss: 3.950078, Acc:0.511333, Semantic loss: 1.583813, BCE loss: 1.480414, SB loss: 0.885851
2025-03-22 16:22:47,870 Epoch: [6/20] Iter:[80/192], Time: 0.51, lr: [0.007059577762549636], Loss: 3.955189, Acc:0.515288, Semantic loss: 1.576111, BCE loss: 1.491775, SB loss: 0.887303
2025-03-22 16:22:51,744 Epoch: [6/20] Iter:[90/192], Time: 0.50, lr: [0.007035211045508576], Loss: 3.959489, Acc:0.519896, Semantic loss: 1.570931, BCE loss: 1.502484, SB loss: 0.886074
2025-03-22 16:22:55,600 Epoch: [6/20] Iter:[100/192], Time: 0.49, lr: [0.0070108349476090265], Loss: 3.976079, Acc:0.520138, Semantic loss: 1.571667, BCE loss: 1.518422, SB loss: 0.885990
2025-03-22 16:22:59,442 Epoch: [6/20] Iter:[110/192], Time: 0.48, lr: [0.00698644942897081], Loss: 3.968594, Acc:0.518594, Semantic loss: 1.567690, BCE loss: 1.515102, SB loss: 0.885801
2025-03-22 16:23:03,406 Epoch: [6/20] Iter:[120/192], Time: 0.47, lr: [0.006962054449388827], Loss: 3.980641, Acc:0.516226, Semantic loss: 1.574605, BCE loss: 1.519490, SB loss: 0.886546
2025-03-22 16:23:07,277 Epoch: [6/20] Iter:[130/192], Time: 0.46, lr: [0.006937649968329135], Loss: 3.998595, Acc:0.513336, Semantic loss: 1.580126, BCE loss: 1.527751, SB loss: 0.890719
2025-03-22 16:23:11,185 Epoch: [6/20] Iter:[140/192], Time: 0.46, lr: [0.006913235944924954], Loss: 4.012313, Acc:0.513832, Semantic loss: 1.580257, BCE loss: 1.540094, SB loss: 0.891961
2025-03-22 16:23:15,066 Epoch: [6/20] Iter:[150/192], Time: 0.45, lr: [0.006888812337972621], Loss: 4.006151, Acc:0.513120, Semantic loss: 1.580905, BCE loss: 1.533551, SB loss: 0.891695
2025-03-22 16:23:18,928 Epoch: [6/20] Iter:[160/192], Time: 0.45, lr: [0.00686437910592748], Loss: 3.999860, Acc:0.512183, Semantic loss: 1.580583, BCE loss: 1.529137, SB loss: 0.890140
2025-03-22 16:23:22,806 Epoch: [6/20] Iter:[170/192], Time: 0.45, lr: [0.00683993620689969], Loss: 3.998455, Acc:0.512260, Semantic loss: 1.579444, BCE loss: 1.527590, SB loss: 0.891421
2025-03-22 16:23:26,672 Epoch: [6/20] Iter:[180/192], Time: 0.44, lr: [0.0068154835986499775], Loss: 3.993203, Acc:0.514192, Semantic loss: 1.575049, BCE loss: 1.526601, SB loss: 0.891552
2025-03-22 16:23:30,535 Epoch: [6/20] Iter:[190/192], Time: 0.44, lr: [0.006791021238585323], Loss: 3.985926, Acc:0.514383, Semantic loss: 1.573994, BCE loss: 1.521690, SB loss: 0.890241
2025-03-22 16:25:32,585 0 [0.00000000e+00 7.96308169e-02 3.89450831e-02 5.73312704e-04
 1.00862208e-07 2.95576134e-06 5.83425228e-08] 0.017021761100925813
2025-03-22 16:25:32,585 1 [0.         0.01492598 0.05222173 0.         0.         0.
 0.        ] 0.009592530773670116
2025-03-22 16:25:32,592 => saving checkpoint to output\loveda\pidnet_small_loveda\aug_hf_m_rbcheckpoint.pth.tar
2025-03-22 16:25:32,729 Loss: 17.117, MeanIU:  0.0096, Best_mIoU:  0.0234
2025-03-22 16:25:32,729 [0.         0.01492598 0.05222173 0.         0.         0.
 0.        ]
2025-03-22 16:25:44,048 Epoch: [7/20] Iter:[0/192], Time: 11.13, lr: [0.006786127592581251], Loss: 4.443388, Acc:0.487662, Semantic loss: 1.512423, BCE loss: 2.033515, SB loss: 0.897449
2025-03-22 16:25:48,516 Epoch: [7/20] Iter:[10/192], Time: 1.42, lr: [0.006761653473611295], Loss: 3.806367, Acc:0.526123, Semantic loss: 1.473808, BCE loss: 1.523121, SB loss: 0.809438
2025-03-22 16:25:53,323 Epoch: [7/20] Iter:[20/192], Time: 0.97, lr: [0.006737169507854796], Loss: 3.868323, Acc:0.531111, Semantic loss: 1.489981, BCE loss: 1.567132, SB loss: 0.811209
2025-03-22 16:25:57,893 Epoch: [7/20] Iter:[30/192], Time: 0.81, lr: [0.006712675651556858], Loss: 3.889915, Acc:0.541237, Semantic loss: 1.506567, BCE loss: 1.563539, SB loss: 0.819810
2025-03-22 16:26:02,658 Epoch: [7/20] Iter:[40/192], Time: 0.73, lr: [0.006688171860589905], Loss: 3.839947, Acc:0.537286, Semantic loss: 1.501473, BCE loss: 1.513392, SB loss: 0.825082
2025-03-22 16:26:07,253 Epoch: [7/20] Iter:[50/192], Time: 0.67, lr: [0.0066636580904489585], Loss: 3.887818, Acc:0.530039, Semantic loss: 1.521845, BCE loss: 1.518321, SB loss: 0.847653
2025-03-22 16:26:11,944 Epoch: [7/20] Iter:[60/192], Time: 0.64, lr: [0.006639134296246874], Loss: 3.894856, Acc:0.528435, Semantic loss: 1.525746, BCE loss: 1.524071, SB loss: 0.845040
2025-03-22 16:26:16,492 Epoch: [7/20] Iter:[70/192], Time: 0.61, lr: [0.0066146004327094585], Loss: 3.914829, Acc:0.524769, Semantic loss: 1.542538, BCE loss: 1.519902, SB loss: 0.852389
2025-03-22 16:26:21,221 Epoch: [7/20] Iter:[80/192], Time: 0.60, lr: [0.006590056454170537], Loss: 3.927550, Acc:0.525736, Semantic loss: 1.543601, BCE loss: 1.527814, SB loss: 0.856135
2025-03-22 16:26:25,726 Epoch: [7/20] Iter:[90/192], Time: 0.58, lr: [0.006565502314566912], Loss: 3.930207, Acc:0.525972, Semantic loss: 1.548404, BCE loss: 1.515433, SB loss: 0.866371
2025-03-22 16:26:30,493 Epoch: [7/20] Iter:[100/192], Time: 0.57, lr: [0.006540937967433255], Loss: 3.924639, Acc:0.523814, Semantic loss: 1.546654, BCE loss: 1.514348, SB loss: 0.863637
2025-03-22 16:26:35,075 Epoch: [7/20] Iter:[110/192], Time: 0.56, lr: [0.006516363365896894], Loss: 3.922286, Acc:0.523558, Semantic loss: 1.548772, BCE loss: 1.510218, SB loss: 0.863296
2025-03-22 16:26:39,792 Epoch: [7/20] Iter:[120/192], Time: 0.55, lr: [0.006491778462672531], Loss: 3.927035, Acc:0.523987, Semantic loss: 1.545631, BCE loss: 1.519548, SB loss: 0.861856
2025-03-22 16:26:44,253 Epoch: [7/20] Iter:[130/192], Time: 0.54, lr: [0.006467183210056843], Loss: 3.933756, Acc:0.523203, Semantic loss: 1.544920, BCE loss: 1.525811, SB loss: 0.863025
2025-03-22 16:26:48,952 Epoch: [7/20] Iter:[140/192], Time: 0.54, lr: [0.006442577559923017], Loss: 3.929302, Acc:0.524135, Semantic loss: 1.541548, BCE loss: 1.525609, SB loss: 0.862144
2025-03-22 16:26:53,487 Epoch: [7/20] Iter:[150/192], Time: 0.53, lr: [0.006417961463715172], Loss: 3.917732, Acc:0.523804, Semantic loss: 1.541344, BCE loss: 1.515624, SB loss: 0.860764
2025-03-22 16:26:58,264 Epoch: [7/20] Iter:[160/192], Time: 0.53, lr: [0.006393334872442681], Loss: 3.922282, Acc:0.523767, Semantic loss: 1.544522, BCE loss: 1.515317, SB loss: 0.862443
2025-03-22 16:27:02,889 Epoch: [7/20] Iter:[170/192], Time: 0.53, lr: [0.006368697736674411], Loss: 3.926229, Acc:0.525136, Semantic loss: 1.548144, BCE loss: 1.512847, SB loss: 0.865238
2025-03-22 16:27:07,693 Epoch: [7/20] Iter:[180/192], Time: 0.52, lr: [0.006344050006532848], Loss: 3.933075, Acc:0.523752, Semantic loss: 1.550877, BCE loss: 1.516962, SB loss: 0.865236
2025-03-22 16:27:12,215 Epoch: [7/20] Iter:[190/192], Time: 0.52, lr: [0.006319391631688114], Loss: 3.936343, Acc:0.524979, Semantic loss: 1.549892, BCE loss: 1.517614, SB loss: 0.868836
2025-03-22 16:28:46,210 0 [0.00000000e+00 3.76692264e-02 4.59271689e-02 2.10927419e-04
 0.00000000e+00 0.00000000e+00 4.47288203e-07] 0.011972538570448927
2025-03-22 16:28:46,211 1 [0.         0.00703788 0.05271362 0.         0.         0.
 0.        ] 0.008535929666947733
2025-03-22 16:28:46,218 => saving checkpoint to output\loveda\pidnet_small_loveda\aug_hf_m_rbcheckpoint.pth.tar
2025-03-22 16:28:46,302 Loss: 14.782, MeanIU:  0.0085, Best_mIoU:  0.0234
2025-03-22 16:28:46,302 [0.         0.00703788 0.05271362 0.         0.         0.
 0.        ]
2025-03-22 16:28:56,606 Epoch: [8/20] Iter:[0/192], Time: 10.11, lr: [0.006314458674893553], Loss: 3.970253, Acc:0.592559, Semantic loss: 1.390905, BCE loss: 1.768072, SB loss: 0.811276
2025-03-22 16:29:00,475 Epoch: [8/20] Iter:[10/192], Time: 1.27, lr: [0.006289787459323657], Loss: 3.933933, Acc:0.542292, Semantic loss: 1.505201, BCE loss: 1.525923, SB loss: 0.902809
2025-03-22 16:29:04,331 Epoch: [8/20] Iter:[20/192], Time: 0.85, lr: [0.006265105486702424], Loss: 3.956708, Acc:0.532702, Semantic loss: 1.553768, BCE loss: 1.506577, SB loss: 0.896364
2025-03-22 16:29:08,169 Epoch: [8/20] Iter:[30/192], Time: 0.70, lr: [0.006240412705211017], Loss: 3.943778, Acc:0.529887, Semantic loss: 1.546264, BCE loss: 1.480599, SB loss: 0.916915
2025-03-22 16:29:12,014 Epoch: [8/20] Iter:[40/192], Time: 0.62, lr: [0.006215709062551949], Loss: 3.924249, Acc:0.528811, Semantic loss: 1.535264, BCE loss: 1.494637, SB loss: 0.894348
2025-03-22 16:29:15,864 Epoch: [8/20] Iter:[50/192], Time: 0.58, lr: [0.006190994505942529], Loss: 3.896154, Acc:0.529929, Semantic loss: 1.540115, BCE loss: 1.463900, SB loss: 0.892139
2025-03-22 16:29:19,735 Epoch: [8/20] Iter:[60/192], Time: 0.54, lr: [0.006166268982108192], Loss: 3.884975, Acc:0.527237, Semantic loss: 1.544456, BCE loss: 1.453815, SB loss: 0.886704
2025-03-22 16:29:23,560 Epoch: [8/20] Iter:[70/192], Time: 0.52, lr: [0.006141532437275693], Loss: 3.878895, Acc:0.520431, Semantic loss: 1.549164, BCE loss: 1.447393, SB loss: 0.882338
2025-03-22 16:29:27,427 Epoch: [8/20] Iter:[80/192], Time: 0.51, lr: [0.006116784817166194], Loss: 3.877296, Acc:0.519955, Semantic loss: 1.543432, BCE loss: 1.449982, SB loss: 0.883882
2025-03-22 16:29:31,297 Epoch: [8/20] Iter:[90/192], Time: 0.49, lr: [0.006092026066988214], Loss: 3.902835, Acc:0.520989, Semantic loss: 1.550259, BCE loss: 1.472495, SB loss: 0.880082
2025-03-22 16:29:35,136 Epoch: [8/20] Iter:[100/192], Time: 0.48, lr: [0.006067256131430442], Loss: 3.912056, Acc:0.520315, Semantic loss: 1.547498, BCE loss: 1.483605, SB loss: 0.880953
2025-03-22 16:29:38,981 Epoch: [8/20] Iter:[110/192], Time: 0.47, lr: [0.00604247495465443], Loss: 3.908703, Acc:0.522388, Semantic loss: 1.541046, BCE loss: 1.491553, SB loss: 0.876104
2025-03-22 16:29:42,848 Epoch: [8/20] Iter:[120/192], Time: 0.47, lr: [0.006017682480287143], Loss: 3.904834, Acc:0.524659, Semantic loss: 1.539079, BCE loss: 1.489236, SB loss: 0.876518
2025-03-22 16:29:46,710 Epoch: [8/20] Iter:[130/192], Time: 0.46, lr: [0.00599287865141337], Loss: 3.906311, Acc:0.524899, Semantic loss: 1.539497, BCE loss: 1.490482, SB loss: 0.876332
2025-03-22 16:29:50,551 Epoch: [8/20] Iter:[140/192], Time: 0.45, lr: [0.005968063410567983], Loss: 3.910099, Acc:0.523778, Semantic loss: 1.541080, BCE loss: 1.491612, SB loss: 0.877406
2025-03-22 16:29:54,416 Epoch: [8/20] Iter:[150/192], Time: 0.45, lr: [0.00594323669972807], Loss: 3.912809, Acc:0.526377, Semantic loss: 1.537008, BCE loss: 1.500774, SB loss: 0.875027
2025-03-22 16:29:58,268 Epoch: [8/20] Iter:[160/192], Time: 0.45, lr: [0.005918398460304892], Loss: 3.911488, Acc:0.527231, Semantic loss: 1.535674, BCE loss: 1.502737, SB loss: 0.873076
2025-03-22 16:30:02,130 Epoch: [8/20] Iter:[170/192], Time: 0.44, lr: [0.0058935486331357125], Loss: 3.918453, Acc:0.527299, Semantic loss: 1.537206, BCE loss: 1.508620, SB loss: 0.872627
2025-03-22 16:30:05,980 Epoch: [8/20] Iter:[180/192], Time: 0.44, lr: [0.005868687158475447], Loss: 3.915286, Acc:0.528689, Semantic loss: 1.534064, BCE loss: 1.510136, SB loss: 0.871086
2025-03-22 16:30:09,813 Epoch: [8/20] Iter:[190/192], Time: 0.44, lr: [0.005843813975988169], Loss: 3.911440, Acc:0.529113, Semantic loss: 1.529700, BCE loss: 1.513371, SB loss: 0.868368
2025-03-22 16:31:42,453 0 [0.00000000e+00 2.38138069e-02 5.04581451e-02 4.47170821e-05
 4.20259218e-07 1.70310039e-05 3.69493526e-07] 0.010619212832756127
2025-03-22 16:31:42,453 1 [0.00000000e+00 4.44992733e-02 5.33970660e-02 5.21579293e-06
 0.00000000e+00 0.00000000e+00 0.00000000e+00] 0.01398593644478846
2025-03-22 16:31:42,459 => saving checkpoint to output\loveda\pidnet_small_loveda\aug_hf_m_rbcheckpoint.pth.tar
2025-03-22 16:31:42,538 Loss: 16.348, MeanIU:  0.0140, Best_mIoU:  0.0234
2025-03-22 16:31:42,538 [0.00000000e+00 4.44992733e-02 5.33970660e-02 5.21579293e-06
 0.00000000e+00 0.00000000e+00 0.00000000e+00]
2025-03-22 16:31:52,716 Epoch: [9/20] Iter:[0/192], Time: 9.99, lr: [0.0058388379291998025], Loss: 3.720137, Acc:0.602468, Semantic loss: 1.284273, BCE loss: 1.632237, SB loss: 0.803626
2025-03-22 16:31:56,567 Epoch: [9/20] Iter:[10/192], Time: 1.26, lr: [0.0058139506168319475], Loss: 3.704334, Acc:0.544792, Semantic loss: 1.453138, BCE loss: 1.433036, SB loss: 0.818160
2025-03-22 16:32:00,406 Epoch: [9/20] Iter:[20/192], Time: 0.84, lr: [0.005789051461775303], Loss: 3.751919, Acc:0.533153, Semantic loss: 1.488681, BCE loss: 1.438241, SB loss: 0.824997
2025-03-22 16:32:04,256 Epoch: [9/20] Iter:[30/192], Time: 0.69, lr: [0.005764140401744157], Loss: 3.797237, Acc:0.524543, Semantic loss: 1.508383, BCE loss: 1.449225, SB loss: 0.839629
2025-03-22 16:32:08,104 Epoch: [9/20] Iter:[40/192], Time: 0.62, lr: [0.005739217373824397], Loss: 3.816018, Acc:0.522671, Semantic loss: 1.515416, BCE loss: 1.465104, SB loss: 0.835498
2025-03-22 16:32:11,952 Epoch: [9/20] Iter:[50/192], Time: 0.57, lr: [0.005714282314464109], Loss: 3.849938, Acc:0.526003, Semantic loss: 1.509514, BCE loss: 1.508860, SB loss: 0.831565
2025-03-22 16:32:15,810 Epoch: [9/20] Iter:[60/192], Time: 0.54, lr: [0.005689335159463984], Loss: 3.862015, Acc:0.526510, Semantic loss: 1.522999, BCE loss: 1.499177, SB loss: 0.839839
2025-03-22 16:32:19,645 Epoch: [9/20] Iter:[70/192], Time: 0.52, lr: [0.0056643758439675305], Loss: 3.871770, Acc:0.524410, Semantic loss: 1.524234, BCE loss: 1.502535, SB loss: 0.845002
2025-03-22 16:32:23,525 Epoch: [9/20] Iter:[80/192], Time: 0.50, lr: [0.005639404302451105], Loss: 3.850477, Acc:0.529428, Semantic loss: 1.515498, BCE loss: 1.493046, SB loss: 0.841933
2025-03-22 16:32:27,373 Epoch: [9/20] Iter:[90/192], Time: 0.49, lr: [0.005614420468713722], Loss: 3.876028, Acc:0.524442, Semantic loss: 1.532906, BCE loss: 1.493821, SB loss: 0.849301
2025-03-22 16:32:31,230 Epoch: [9/20] Iter:[100/192], Time: 0.48, lr: [0.005589424275866668], Loss: 3.879097, Acc:0.525450, Semantic loss: 1.533741, BCE loss: 1.494151, SB loss: 0.851205
2025-03-22 16:32:35,097 Epoch: [9/20] Iter:[110/192], Time: 0.47, lr: [0.005564415656322913], Loss: 3.883459, Acc:0.525753, Semantic loss: 1.530610, BCE loss: 1.502540, SB loss: 0.850308
2025-03-22 16:32:38,949 Epoch: [9/20] Iter:[120/192], Time: 0.46, lr: [0.00553939454178628], Loss: 3.889712, Acc:0.526909, Semantic loss: 1.526198, BCE loss: 1.513467, SB loss: 0.850046
2025-03-22 16:32:42,804 Epoch: [9/20] Iter:[130/192], Time: 0.46, lr: [0.005514360863240413], Loss: 3.879041, Acc:0.529090, Semantic loss: 1.522781, BCE loss: 1.508213, SB loss: 0.848047
2025-03-22 16:32:46,661 Epoch: [9/20] Iter:[140/192], Time: 0.45, lr: [0.005489314550937511], Loss: 3.875690, Acc:0.530418, Semantic loss: 1.518322, BCE loss: 1.508937, SB loss: 0.848431
2025-03-22 16:32:50,508 Epoch: [9/20] Iter:[150/192], Time: 0.45, lr: [0.005464255534386825], Loss: 3.869544, Acc:0.532138, Semantic loss: 1.512458, BCE loss: 1.508354, SB loss: 0.848731
2025-03-22 16:32:54,377 Epoch: [9/20] Iter:[160/192], Time: 0.45, lr: [0.005439183742342914], Loss: 3.876093, Acc:0.533433, Semantic loss: 1.512276, BCE loss: 1.516425, SB loss: 0.847393
2025-03-22 16:32:58,228 Epoch: [9/20] Iter:[170/192], Time: 0.44, lr: [0.00541409910279366], Loss: 3.875788, Acc:0.533038, Semantic loss: 1.510324, BCE loss: 1.519869, SB loss: 0.845596
2025-03-22 16:33:02,085 Epoch: [9/20] Iter:[180/192], Time: 0.44, lr: [0.005389001542948025], Loss: 3.883133, Acc:0.532145, Semantic loss: 1.513232, BCE loss: 1.521382, SB loss: 0.848519
2025-03-22 16:33:05,932 Epoch: [9/20] Iter:[190/192], Time: 0.44, lr: [0.005363890989223547], Loss: 3.874066, Acc:0.530174, Semantic loss: 1.514635, BCE loss: 1.510561, SB loss: 0.848870
2025-03-22 16:34:38,407 0 [0.00000000e+00 3.13175690e-02 4.88438274e-02 4.38572032e-05
 1.23136748e-05 1.84079647e-05 5.44425712e-06] 0.011463059923101458
2025-03-22 16:34:38,408 1 [0.         0.23592308 0.05704871 0.00257124 0.         0.
 0.        ] 0.04222043253964495
2025-03-22 16:34:38,413 => saving checkpoint to output\loveda\pidnet_small_loveda\aug_hf_m_rbcheckpoint.pth.tar
2025-03-22 16:34:38,543 Loss: 17.243, MeanIU:  0.0422, Best_mIoU:  0.0422
2025-03-22 16:34:38,543 [0.         0.23592308 0.05704871 0.00257124 0.         0.
 0.        ]
2025-03-22 16:34:48,849 Epoch: [10/20] Iter:[0/192], Time: 10.11, lr: [0.005358867312681466], Loss: 3.886045, Acc:0.599770, Semantic loss: 1.510406, BCE loss: 1.603098, SB loss: 0.772541
2025-03-22 16:34:52,722 Epoch: [10/20] Iter:[10/192], Time: 1.27, lr: [0.005333741068040314], Loss: 3.983032, Acc:0.537782, Semantic loss: 1.522651, BCE loss: 1.627068, SB loss: 0.833313
2025-03-22 16:34:56,575 Epoch: [10/20] Iter:[20/192], Time: 0.85, lr: [0.0053086016647897714], Loss: 3.969915, Acc:0.540707, Semantic loss: 1.522865, BCE loss: 1.594163, SB loss: 0.852887
2025-03-22 16:35:00,422 Epoch: [10/20] Iter:[30/192], Time: 0.70, lr: [0.005283449026727663], Loss: 3.962636, Acc:0.538544, Semantic loss: 1.505594, BCE loss: 1.607196, SB loss: 0.849846
2025-03-22 16:35:04,312 Epoch: [10/20] Iter:[40/192], Time: 0.62, lr: [0.005258283076804885], Loss: 3.964641, Acc:0.541763, Semantic loss: 1.505166, BCE loss: 1.614625, SB loss: 0.844850
2025-03-22 16:35:08,156 Epoch: [10/20] Iter:[50/192], Time: 0.58, lr: [0.00523310373711144], Loss: 3.921248, Acc:0.539945, Semantic loss: 1.493570, BCE loss: 1.594362, SB loss: 0.833315
2025-03-22 16:35:11,990 Epoch: [10/20] Iter:[60/192], Time: 0.55, lr: [0.005207910928862159], Loss: 3.886036, Acc:0.543033, Semantic loss: 1.481126, BCE loss: 1.578214, SB loss: 0.826696
2025-03-22 16:35:15,822 Epoch: [10/20] Iter:[70/192], Time: 0.52, lr: [0.005182704572382109], Loss: 3.862591, Acc:0.542532, Semantic loss: 1.482941, BCE loss: 1.553870, SB loss: 0.825780
2025-03-22 16:35:19,693 Epoch: [10/20] Iter:[80/192], Time: 0.51, lr: [0.005157484587091684], Loss: 3.864826, Acc:0.543371, Semantic loss: 1.482714, BCE loss: 1.556337, SB loss: 0.825775
2025-03-22 16:35:23,548 Epoch: [10/20] Iter:[90/192], Time: 0.49, lr: [0.005132250891491357], Loss: 3.849841, Acc:0.542460, Semantic loss: 1.480402, BCE loss: 1.546604, SB loss: 0.822834
2025-03-22 16:35:27,414 Epoch: [10/20] Iter:[100/192], Time: 0.48, lr: [0.005107003403146087], Loss: 3.824339, Acc:0.543911, Semantic loss: 1.474867, BCE loss: 1.526637, SB loss: 0.822835
2025-03-22 16:35:31,266 Epoch: [10/20] Iter:[110/192], Time: 0.47, lr: [0.005081742038669388], Loss: 3.839902, Acc:0.542008, Semantic loss: 1.482856, BCE loss: 1.527999, SB loss: 0.829047
2025-03-22 16:35:35,113 Epoch: [10/20] Iter:[120/192], Time: 0.47, lr: [0.005056466713707024], Loss: 3.846008, Acc:0.540263, Semantic loss: 1.490974, BCE loss: 1.515968, SB loss: 0.839066
2025-03-22 16:35:38,977 Epoch: [10/20] Iter:[130/192], Time: 0.46, lr: [0.005031177342920337], Loss: 3.841621, Acc:0.540075, Semantic loss: 1.494248, BCE loss: 1.511221, SB loss: 0.836152
2025-03-22 16:35:42,808 Epoch: [10/20] Iter:[140/192], Time: 0.45, lr: [0.005005873839969192], Loss: 3.837794, Acc:0.539420, Semantic loss: 1.495726, BCE loss: 1.501527, SB loss: 0.840541
2025-03-22 16:35:46,679 Epoch: [10/20] Iter:[150/192], Time: 0.45, lr: [0.00498055611749454], Loss: 3.839708, Acc:0.540750, Semantic loss: 1.495240, BCE loss: 1.502461, SB loss: 0.842007
2025-03-22 16:35:50,540 Epoch: [10/20] Iter:[160/192], Time: 0.45, lr: [0.004955224087100552], Loss: 3.838346, Acc:0.541909, Semantic loss: 1.492848, BCE loss: 1.504166, SB loss: 0.841331
2025-03-22 16:35:54,395 Epoch: [10/20] Iter:[170/192], Time: 0.44, lr: [0.004929877659336362], Loss: 3.839746, Acc:0.543177, Semantic loss: 1.491810, BCE loss: 1.505885, SB loss: 0.842050
2025-03-22 16:35:58,229 Epoch: [10/20] Iter:[180/192], Time: 0.44, lr: [0.004904516743677371], Loss: 3.840808, Acc:0.541688, Semantic loss: 1.494183, BCE loss: 1.501886, SB loss: 0.844739
2025-03-22 16:36:02,068 Epoch: [10/20] Iter:[190/192], Time: 0.44, lr: [0.00487914124850611], Loss: 3.848425, Acc:0.540503, Semantic loss: 1.497171, BCE loss: 1.506319, SB loss: 0.844935
2025-03-22 16:37:59,543 0 [0.00000000e+00 6.69622127e-02 4.15019633e-02 1.28966641e-04
 1.49224719e-04 9.84613054e-05 3.50042999e-07] 0.01554873981259602
2025-03-22 16:37:59,543 1 [0.         0.18995244 0.05717883 0.         0.         0.
 0.        ] 0.03530446756461448
2025-03-22 16:37:59,553 => saving checkpoint to output\loveda\pidnet_small_loveda\aug_hf_m_rbcheckpoint.pth.tar
2025-03-22 16:37:59,693 Loss: 14.707, MeanIU:  0.0353, Best_mIoU:  0.0422
2025-03-22 16:37:59,694 [0.         0.18995244 0.05717883 0.         0.         0.
 0.        ]
2025-03-22 16:38:10,963 Epoch: [11/20] Iter:[0/192], Time: 11.08, lr: [0.004874064391789954], Loss: 3.766420, Acc:0.627587, Semantic loss: 1.360456, BCE loss: 1.632246, SB loss: 0.773719
2025-03-22 16:38:15,346 Epoch: [11/20] Iter:[10/192], Time: 1.41, lr: [0.004848671278701159], Loss: 3.714577, Acc:0.573619, Semantic loss: 1.390225, BCE loss: 1.558715, SB loss: 0.765637
2025-03-22 16:38:20,065 Epoch: [11/20] Iter:[20/192], Time: 0.96, lr: [0.0048232633805975296], Loss: 3.798129, Acc:0.554735, Semantic loss: 1.434255, BCE loss: 1.574421, SB loss: 0.789453
2025-03-22 16:38:24,582 Epoch: [11/20] Iter:[30/192], Time: 0.80, lr: [0.00479784060223045], Loss: 3.756086, Acc:0.558224, Semantic loss: 1.440279, BCE loss: 1.519227, SB loss: 0.796581
2025-03-22 16:38:29,332 Epoch: [11/20] Iter:[40/192], Time: 0.72, lr: [0.004772402847172951], Loss: 3.744615, Acc:0.557940, Semantic loss: 1.435325, BCE loss: 1.500767, SB loss: 0.808523
2025-03-22 16:38:33,835 Epoch: [11/20] Iter:[50/192], Time: 0.67, lr: [0.004746950017798064], Loss: 3.745974, Acc:0.557532, Semantic loss: 1.425601, BCE loss: 1.509324, SB loss: 0.811049
2025-03-22 16:38:38,533 Epoch: [11/20] Iter:[60/192], Time: 0.63, lr: [0.004721482015256639], Loss: 3.744420, Acc:0.557859, Semantic loss: 1.424683, BCE loss: 1.502559, SB loss: 0.817179
2025-03-22 16:38:43,082 Epoch: [11/20] Iter:[70/192], Time: 0.61, lr: [0.004695998739454633], Loss: 3.770124, Acc:0.560639, Semantic loss: 1.434121, BCE loss: 1.518358, SB loss: 0.817645
2025-03-22 16:38:47,833 Epoch: [11/20] Iter:[80/192], Time: 0.59, lr: [0.004670500089029817], Loss: 3.770656, Acc:0.559912, Semantic loss: 1.436460, BCE loss: 1.519317, SB loss: 0.814879
2025-03-22 16:38:52,372 Epoch: [11/20] Iter:[90/192], Time: 0.58, lr: [0.004644985961327915], Loss: 3.783390, Acc:0.553472, Semantic loss: 1.457066, BCE loss: 1.499309, SB loss: 0.827015
2025-03-22 16:38:57,144 Epoch: [11/20] Iter:[100/192], Time: 0.57, lr: [0.004619456252378151], Loss: 3.799358, Acc:0.551486, Semantic loss: 1.465404, BCE loss: 1.502369, SB loss: 0.831585
2025-03-22 16:39:01,655 Epoch: [11/20] Iter:[110/192], Time: 0.56, lr: [0.004593910856868159], Loss: 3.799912, Acc:0.551944, Semantic loss: 1.466275, BCE loss: 1.499308, SB loss: 0.834329
2025-03-22 16:39:06,385 Epoch: [11/20] Iter:[120/192], Time: 0.55, lr: [0.004568349668118281], Loss: 3.798000, Acc:0.551256, Semantic loss: 1.464995, BCE loss: 1.498579, SB loss: 0.834427
2025-03-22 16:39:10,916 Epoch: [11/20] Iter:[130/192], Time: 0.54, lr: [0.004542772578055196], Loss: 3.806054, Acc:0.548522, Semantic loss: 1.469593, BCE loss: 1.500741, SB loss: 0.835720
2025-03-22 16:39:15,670 Epoch: [11/20] Iter:[140/192], Time: 0.54, lr: [0.00451717947718487], Loss: 3.807652, Acc:0.549835, Semantic loss: 1.465447, BCE loss: 1.509702, SB loss: 0.832503
2025-03-22 16:39:20,255 Epoch: [11/20] Iter:[150/192], Time: 0.53, lr: [0.004491570254564817], Loss: 3.810222, Acc:0.548267, Semantic loss: 1.469861, BCE loss: 1.505903, SB loss: 0.834457
2025-03-22 16:39:24,856 Epoch: [11/20] Iter:[160/192], Time: 0.53, lr: [0.004465944797775636], Loss: 3.812068, Acc:0.548517, Semantic loss: 1.469948, BCE loss: 1.505838, SB loss: 0.836282
2025-03-22 16:39:29,518 Epoch: [11/20] Iter:[170/192], Time: 0.52, lr: [0.004440302992891796], Loss: 3.817256, Acc:0.547448, Semantic loss: 1.473076, BCE loss: 1.508627, SB loss: 0.835553
2025-03-22 16:39:34,117 Epoch: [11/20] Iter:[180/192], Time: 0.52, lr: [0.004414644724451659], Loss: 3.822700, Acc:0.545313, Semantic loss: 1.478021, BCE loss: 1.508826, SB loss: 0.835853
2025-03-22 16:39:38,834 Epoch: [11/20] Iter:[190/192], Time: 0.52, lr: [0.004388969875426714], Loss: 3.823294, Acc:0.544589, Semantic loss: 1.480796, BCE loss: 1.504514, SB loss: 0.837984
2025-03-22 16:41:39,744 0 [0.00000000e+00 4.91315639e-02 4.95047386e-02 1.37574248e-04
 1.61852553e-04 1.03306671e-04 5.42455124e-06] 0.014149208635767989
2025-03-22 16:41:39,744 1 [0.         0.00203216 0.05316129 0.         0.         0.
 0.        ] 0.007884778808824572
2025-03-22 16:41:39,754 => saving checkpoint to output\loveda\pidnet_small_loveda\aug_hf_m_rbcheckpoint.pth.tar
2025-03-22 16:41:39,892 Loss: 19.813, MeanIU:  0.0079, Best_mIoU:  0.0422
2025-03-22 16:41:39,893 [0.         0.00203216 0.05316129 0.         0.         0.
 0.        ]
2025-03-22 16:41:51,089 Epoch: [12/20] Iter:[0/192], Time: 11.01, lr: [0.0043838329055408696], Loss: 3.686172, Acc:0.666324, Semantic loss: 1.255272, BCE loss: 1.695240, SB loss: 0.735660
2025-03-22 16:41:55,294 Epoch: [12/20] Iter:[10/192], Time: 1.38, lr: [0.004358138003083593], Loss: 3.833563, Acc:0.561871, Semantic loss: 1.406700, BCE loss: 1.645895, SB loss: 0.780969
2025-03-22 16:42:00,023 Epoch: [12/20] Iter:[20/192], Time: 0.95, lr: [0.0043324262569064236], Loss: 3.895310, Acc:0.541600, Semantic loss: 1.478559, BCE loss: 1.585681, SB loss: 0.831070
2025-03-22 16:42:04,545 Epoch: [12/20] Iter:[30/192], Time: 0.79, lr: [0.0043066975447503065], Loss: 3.858674, Acc:0.540108, Semantic loss: 1.494340, BCE loss: 1.534527, SB loss: 0.829806
2025-03-22 16:42:09,294 Epoch: [12/20] Iter:[40/192], Time: 0.71, lr: [0.00428095174265078], Loss: 3.841539, Acc:0.548619, Semantic loss: 1.483842, BCE loss: 1.544833, SB loss: 0.812864
2025-03-22 16:42:13,845 Epoch: [12/20] Iter:[50/192], Time: 0.66, lr: [0.004255188724902623], Loss: 3.851386, Acc:0.551350, Semantic loss: 1.478309, BCE loss: 1.552353, SB loss: 0.820724
2025-03-22 16:42:18,629 Epoch: [12/20] Iter:[60/192], Time: 0.63, lr: [0.004229408364023519], Loss: 3.856478, Acc:0.555603, Semantic loss: 1.473721, BCE loss: 1.563095, SB loss: 0.819662
2025-03-22 16:42:23,193 Epoch: [12/20] Iter:[70/192], Time: 0.61, lr: [0.004203610530716726], Loss: 3.847471, Acc:0.553455, Semantic loss: 1.474537, BCE loss: 1.548207, SB loss: 0.824728
2025-03-22 16:42:27,905 Epoch: [12/20] Iter:[80/192], Time: 0.59, lr: [0.004177795093832693], Loss: 3.845054, Acc:0.552804, Semantic loss: 1.475968, BCE loss: 1.546409, SB loss: 0.822677
2025-03-22 16:42:32,416 Epoch: [12/20] Iter:[90/192], Time: 0.58, lr: [0.004151961920329593], Loss: 3.822802, Acc:0.552977, Semantic loss: 1.475853, BCE loss: 1.531376, SB loss: 0.815572
2025-03-22 16:42:37,174 Epoch: [12/20] Iter:[100/192], Time: 0.57, lr: [0.004126110875232744], Loss: 3.826702, Acc:0.555744, Semantic loss: 1.473384, BCE loss: 1.538437, SB loss: 0.814881
2025-03-22 16:42:41,673 Epoch: [12/20] Iter:[110/192], Time: 0.55, lr: [0.004100241821592866], Loss: 3.815678, Acc:0.554453, Semantic loss: 1.470402, BCE loss: 1.527645, SB loss: 0.817631
2025-03-22 16:42:46,398 Epoch: [12/20] Iter:[120/192], Time: 0.55, lr: [0.00407435462044314], Loss: 3.811112, Acc:0.555986, Semantic loss: 1.464985, BCE loss: 1.527449, SB loss: 0.818678
2025-03-22 16:42:50,940 Epoch: [12/20] Iter:[130/192], Time: 0.54, lr: [0.004048449130755016], Loss: 3.803904, Acc:0.555525, Semantic loss: 1.462106, BCE loss: 1.528139, SB loss: 0.813659
2025-03-22 16:42:55,680 Epoch: [12/20] Iter:[140/192], Time: 0.54, lr: [0.004022525209392749], Loss: 3.803678, Acc:0.556488, Semantic loss: 1.458974, BCE loss: 1.531058, SB loss: 0.813646
2025-03-22 16:43:00,156 Epoch: [12/20] Iter:[150/192], Time: 0.53, lr: [0.003996582711066572], Loss: 3.793444, Acc:0.556952, Semantic loss: 1.452333, BCE loss: 1.529343, SB loss: 0.811769
2025-03-22 16:43:04,853 Epoch: [12/20] Iter:[160/192], Time: 0.53, lr: [0.003970621488284514], Loss: 3.787017, Acc:0.556355, Semantic loss: 1.452861, BCE loss: 1.521430, SB loss: 0.812726
2025-03-22 16:43:09,392 Epoch: [12/20] Iter:[170/192], Time: 0.52, lr: [0.003944641391302759], Loss: 3.779183, Acc:0.556905, Semantic loss: 1.450610, BCE loss: 1.515367, SB loss: 0.813206
2025-03-22 16:43:14,091 Epoch: [12/20] Iter:[180/192], Time: 0.52, lr: [0.003918642268074522], Loss: 3.772943, Acc:0.555294, Semantic loss: 1.455012, BCE loss: 1.503340, SB loss: 0.814592
2025-03-22 16:43:18,600 Epoch: [12/20] Iter:[190/192], Time: 0.52, lr: [0.003892623964197378], Loss: 3.778438, Acc:0.553521, Semantic loss: 1.458767, BCE loss: 1.502857, SB loss: 0.816814
2025-03-22 16:45:19,433 0 [0.00000000e+00 4.49380538e-02 4.60391739e-02 3.81282781e-04
 3.80813341e-05 1.25390769e-04 7.27022422e-06] 0.013075607549502752
2025-03-22 16:45:19,433 1 [0.00000000e+00 9.18885882e-04 5.30364172e-02 1.63986463e-06
 0.00000000e+00 0.00000000e+00 0.00000000e+00] 0.007708134703918043
2025-03-22 16:45:19,442 => saving checkpoint to output\loveda\pidnet_small_loveda\aug_hf_m_rbcheckpoint.pth.tar
2025-03-22 16:45:19,571 Loss: 18.212, MeanIU:  0.0077, Best_mIoU:  0.0422
2025-03-22 16:45:19,572 [0.00000000e+00 9.18885882e-04 5.30364172e-02 1.63986463e-06
 0.00000000e+00 0.00000000e+00 0.00000000e+00]
2025-03-22 16:45:30,435 Epoch: [13/20] Iter:[0/192], Time: 10.68, lr: [0.0038874179879876346], Loss: 3.981756, Acc:0.620779, Semantic loss: 1.323252, BCE loss: 1.867291, SB loss: 0.791213
2025-03-22 16:45:34,789 Epoch: [13/20] Iter:[10/192], Time: 1.37, lr: [0.003861376460123532], Loss: 3.919879, Acc:0.557112, Semantic loss: 1.455740, BCE loss: 1.618351, SB loss: 0.845788
2025-03-22 16:45:39,567 Epoch: [13/20] Iter:[20/192], Time: 0.94, lr: [0.003835315403363414], Loss: 3.892143, Acc:0.550121, Semantic loss: 1.502908, BCE loss: 1.551131, SB loss: 0.838103
2025-03-22 16:45:44,179 Epoch: [13/20] Iter:[30/192], Time: 0.79, lr: [0.00380923465539378], Loss: 3.827317, Acc:0.556306, Semantic loss: 1.472094, BCE loss: 1.521353, SB loss: 0.833870
2025-03-22 16:45:48,935 Epoch: [13/20] Iter:[40/192], Time: 0.71, lr: [0.0037831340513060203], Loss: 3.816589, Acc:0.557382, Semantic loss: 1.460162, BCE loss: 1.531548, SB loss: 0.824879
2025-03-22 16:45:53,451 Epoch: [13/20] Iter:[50/192], Time: 0.66, lr: [0.003757013423534689], Loss: 3.814456, Acc:0.564369, Semantic loss: 1.451703, BCE loss: 1.540660, SB loss: 0.822093
2025-03-22 16:45:58,189 Epoch: [13/20] Iter:[60/192], Time: 0.63, lr: [0.003730872601793835], Loss: 3.806378, Acc:0.563171, Semantic loss: 1.442761, BCE loss: 1.542703, SB loss: 0.820914
2025-03-22 16:46:02,747 Epoch: [13/20] Iter:[70/192], Time: 0.61, lr: [0.0037047114130112895], Loss: 3.785746, Acc:0.564184, Semantic loss: 1.435893, BCE loss: 1.527548, SB loss: 0.822305
2025-03-22 16:46:07,463 Epoch: [13/20] Iter:[80/192], Time: 0.59, lr: [0.0036785296812608405], Loss: 3.794943, Acc:0.558028, Semantic loss: 1.460583, BCE loss: 1.502383, SB loss: 0.831977
2025-03-22 16:46:11,988 Epoch: [13/20] Iter:[90/192], Time: 0.57, lr: [0.003652327227692201], Loss: 3.806173, Acc:0.557742, Semantic loss: 1.462395, BCE loss: 1.514162, SB loss: 0.829616
2025-03-22 16:46:16,738 Epoch: [13/20] Iter:[100/192], Time: 0.56, lr: [0.0036261038704587037], Loss: 3.817836, Acc:0.555319, Semantic loss: 1.461544, BCE loss: 1.526196, SB loss: 0.830096
2025-03-22 16:46:21,253 Epoch: [13/20] Iter:[110/192], Time: 0.55, lr: [0.003599859424642584], Loss: 3.824023, Acc:0.554306, Semantic loss: 1.465642, BCE loss: 1.530685, SB loss: 0.827696
2025-03-22 16:46:25,975 Epoch: [13/20] Iter:[120/192], Time: 0.55, lr: [0.0035735937021778063], Loss: 3.814356, Acc:0.554223, Semantic loss: 1.463621, BCE loss: 1.525456, SB loss: 0.825278
2025-03-22 16:46:30,522 Epoch: [13/20] Iter:[130/192], Time: 0.54, lr: [0.0035473065117702885], Loss: 3.804038, Acc:0.554791, Semantic loss: 1.460662, BCE loss: 1.518947, SB loss: 0.824428
2025-03-22 16:46:35,215 Epoch: [13/20] Iter:[140/192], Time: 0.54, lr: [0.003520997658815433], Loss: 3.789778, Acc:0.555043, Semantic loss: 1.457370, BCE loss: 1.512641, SB loss: 0.819767
2025-03-22 16:46:39,753 Epoch: [13/20] Iter:[150/192], Time: 0.53, lr: [0.003494666945312851], Loss: 3.780796, Acc:0.554755, Semantic loss: 1.456600, BCE loss: 1.505019, SB loss: 0.819177
2025-03-22 16:46:44,468 Epoch: [13/20] Iter:[160/192], Time: 0.53, lr: [0.00346831416977816], Loss: 3.771802, Acc:0.555071, Semantic loss: 1.455804, BCE loss: 1.497029, SB loss: 0.818969
2025-03-22 16:46:49,047 Epoch: [13/20] Iter:[170/192], Time: 0.52, lr: [0.003441939127151716], Loss: 3.767095, Acc:0.557355, Semantic loss: 1.450932, BCE loss: 1.498922, SB loss: 0.817240
2025-03-22 16:46:53,768 Epoch: [13/20] Iter:[180/192], Time: 0.52, lr: [0.0034155416087041646], Loss: 3.760143, Acc:0.559280, Semantic loss: 1.445621, BCE loss: 1.497925, SB loss: 0.816597
2025-03-22 16:46:58,331 Epoch: [13/20] Iter:[190/192], Time: 0.52, lr: [0.0033891214019386652], Loss: 3.756768, Acc:0.559212, Semantic loss: 1.443287, BCE loss: 1.497890, SB loss: 0.815591
2025-03-22 16:49:00,869 0 [0.00000000e+00 2.31799959e-02 5.09828121e-02 5.48179482e-04
 1.85098906e-04 7.52340290e-05 8.77564589e-05] 0.010722725276716473
2025-03-22 16:49:00,869 1 [0.00000000e+00 1.30638600e-03 5.31270095e-02 2.40827272e-05
 0.00000000e+00 0.00000000e+00 0.00000000e+00] 0.007779639751180236
2025-03-22 16:49:00,879 => saving checkpoint to output\loveda\pidnet_small_loveda\aug_hf_m_rbcheckpoint.pth.tar
2025-03-22 16:49:01,023 Loss: 14.374, MeanIU:  0.0078, Best_mIoU:  0.0422
2025-03-22 16:49:01,023 [0.00000000e+00 1.30638600e-03 5.31270095e-02 2.40827272e-05
 0.00000000e+00 0.00000000e+00 0.00000000e+00]
2025-03-22 16:49:12,346 Epoch: [14/20] Iter:[0/192], Time: 11.14, lr: [0.0033838346190164987], Loss: 4.020223, Acc:0.577585, Semantic loss: 1.347199, BCE loss: 1.699363, SB loss: 0.973661
2025-03-22 16:49:16,603 Epoch: [14/20] Iter:[10/192], Time: 1.40, lr: [0.0033573869003190927], Loss: 3.801501, Acc:0.565745, Semantic loss: 1.417955, BCE loss: 1.594111, SB loss: 0.789435
2025-03-22 16:49:21,327 Epoch: [14/20] Iter:[20/192], Time: 0.96, lr: [0.0033309160120447595], Loss: 3.741218, Acc:0.570106, Semantic loss: 1.417583, BCE loss: 1.532736, SB loss: 0.790899
2025-03-22 16:49:25,886 Epoch: [14/20] Iter:[30/192], Time: 0.80, lr: [0.0033044217289421207], Loss: 3.691030, Acc:0.573113, Semantic loss: 1.409116, BCE loss: 1.489318, SB loss: 0.792597
2025-03-22 16:49:30,721 Epoch: [14/20] Iter:[40/192], Time: 0.72, lr: [0.0032779038215418194], Loss: 3.692082, Acc:0.576725, Semantic loss: 1.400787, BCE loss: 1.500417, SB loss: 0.790878
2025-03-22 16:49:35,261 Epoch: [14/20] Iter:[50/192], Time: 0.67, lr: [0.0032513620560388795], Loss: 3.716923, Acc:0.566681, Semantic loss: 1.405010, BCE loss: 1.514932, SB loss: 0.796981
2025-03-22 16:49:40,079 Epoch: [14/20] Iter:[60/192], Time: 0.64, lr: [0.003224796194170671], Loss: 3.705512, Acc:0.569014, Semantic loss: 1.397938, BCE loss: 1.514634, SB loss: 0.792941
2025-03-22 16:49:44,644 Epoch: [14/20] Iter:[70/192], Time: 0.61, lr: [0.003198205993090303], Loss: 3.684084, Acc:0.569052, Semantic loss: 1.398276, BCE loss: 1.494540, SB loss: 0.791268
2025-03-22 16:49:49,486 Epoch: [14/20] Iter:[80/192], Time: 0.60, lr: [0.0031715912052352204], Loss: 3.685207, Acc:0.572025, Semantic loss: 1.396851, BCE loss: 1.504508, SB loss: 0.783848
2025-03-22 16:49:54,100 Epoch: [14/20] Iter:[90/192], Time: 0.58, lr: [0.0031449515781907557], Loss: 3.683660, Acc:0.573583, Semantic loss: 1.399283, BCE loss: 1.499259, SB loss: 0.785119
2025-03-22 16:49:58,829 Epoch: [14/20] Iter:[100/192], Time: 0.57, lr: [0.003118286854548424], Loss: 3.687858, Acc:0.570907, Semantic loss: 1.406087, BCE loss: 1.497049, SB loss: 0.784722
2025-03-22 16:50:03,377 Epoch: [14/20] Iter:[110/192], Time: 0.56, lr: [0.003091596771758693], Loss: 3.692523, Acc:0.573283, Semantic loss: 1.402302, BCE loss: 1.507716, SB loss: 0.782505
2025-03-22 16:50:08,095 Epoch: [14/20] Iter:[120/192], Time: 0.55, lr: [0.0030648810619779434], Loss: 3.708570, Acc:0.571879, Semantic loss: 1.408582, BCE loss: 1.516003, SB loss: 0.783985
2025-03-22 16:50:12,590 Epoch: [14/20] Iter:[130/192], Time: 0.54, lr: [0.0030381394519093602], Loss: 3.695846, Acc:0.570524, Semantic loss: 1.406702, BCE loss: 1.506695, SB loss: 0.782450
2025-03-22 16:50:17,316 Epoch: [14/20] Iter:[140/192], Time: 0.54, lr: [0.003011371662637431], Loss: 3.693968, Acc:0.569478, Semantic loss: 1.410461, BCE loss: 1.499615, SB loss: 0.783892
2025-03-22 16:50:21,877 Epoch: [14/20] Iter:[150/192], Time: 0.53, lr: [0.0029845774094557345], Loss: 3.697850, Acc:0.569693, Semantic loss: 1.410819, BCE loss: 1.502804, SB loss: 0.784227
2025-03-22 16:50:26,628 Epoch: [14/20] Iter:[160/192], Time: 0.53, lr: [0.002957756401687678], Loss: 3.697247, Acc:0.569894, Semantic loss: 1.413175, BCE loss: 1.497237, SB loss: 0.786835
2025-03-22 16:50:31,242 Epoch: [14/20] Iter:[170/192], Time: 0.53, lr: [0.002930908342499829], Loss: 3.699796, Acc:0.571140, Semantic loss: 1.412431, BCE loss: 1.500833, SB loss: 0.786532
2025-03-22 16:50:35,992 Epoch: [14/20] Iter:[180/192], Time: 0.52, lr: [0.002904032928707437], Loss: 3.701624, Acc:0.570073, Semantic loss: 1.415819, BCE loss: 1.498154, SB loss: 0.787650
2025-03-22 16:50:40,534 Epoch: [14/20] Iter:[190/192], Time: 0.52, lr: [0.0028771298505717554], Loss: 3.713977, Acc:0.566403, Semantic loss: 1.424789, BCE loss: 1.493868, SB loss: 0.795321
2025-03-22 16:52:41,784 0 [0.00000000e+00 3.82363963e-02 4.69728973e-02 9.20164510e-04
 1.83345499e-04 1.92042702e-04 1.80972620e-05] 0.012360420508388727
2025-03-22 16:52:41,784 1 [0.         0.09971329 0.05265287 0.         0.         0.
 0.        ] 0.02176659384851495
2025-03-22 16:52:41,792 => saving checkpoint to output\loveda\pidnet_small_loveda\aug_hf_m_rbcheckpoint.pth.tar
2025-03-22 16:52:41,911 Loss: 16.546, MeanIU:  0.0218, Best_mIoU:  0.0422
2025-03-22 16:52:41,911 [0.         0.09971329 0.05265287 0.         0.         0.
 0.        ]
2025-03-22 16:52:52,848 Epoch: [15/20] Iter:[0/192], Time: 10.76, lr: [0.0028717458874925874], Loss: 3.548406, Acc:0.542832, Semantic loss: 1.309713, BCE loss: 1.518705, SB loss: 0.719987
2025-03-22 16:52:57,300 Epoch: [15/20] Iter:[10/192], Time: 1.38, lr: [0.0028448091937488323], Loss: 3.671351, Acc:0.557368, Semantic loss: 1.472161, BCE loss: 1.391925, SB loss: 0.807265
2025-03-22 16:53:02,054 Epoch: [15/20] Iter:[20/192], Time: 0.95, lr: [0.002817844130111582], Loss: 3.749082, Acc:0.563343, Semantic loss: 1.469541, BCE loss: 1.450358, SB loss: 0.829183
2025-03-22 16:53:06,591 Epoch: [15/20] Iter:[30/192], Time: 0.79, lr: [0.0027908503644035994], Loss: 3.802040, Acc:0.566379, Semantic loss: 1.471033, BCE loss: 1.508399, SB loss: 0.822608
2025-03-22 16:53:11,301 Epoch: [15/20] Iter:[40/192], Time: 0.71, lr: [0.0027638275569424097], Loss: 3.776612, Acc:0.561582, Semantic loss: 1.467602, BCE loss: 1.490671, SB loss: 0.818339
2025-03-22 16:53:15,813 Epoch: [15/20] Iter:[50/192], Time: 0.66, lr: [0.002736775360287257], Loss: 3.704549, Acc:0.566826, Semantic loss: 1.443198, BCE loss: 1.454735, SB loss: 0.806617
2025-03-22 16:53:20,517 Epoch: [15/20] Iter:[60/192], Time: 0.63, lr: [0.002709693418974644], Loss: 3.699216, Acc:0.570477, Semantic loss: 1.439702, BCE loss: 1.461586, SB loss: 0.797928
2025-03-22 16:53:25,012 Epoch: [15/20] Iter:[70/192], Time: 0.60, lr: [0.0026825813692418162], Loss: 3.671033, Acc:0.570976, Semantic loss: 1.427856, BCE loss: 1.448100, SB loss: 0.795077
2025-03-22 16:53:29,773 Epoch: [15/20] Iter:[80/192], Time: 0.59, lr: [0.0026554388387375], Loss: 3.682229, Acc:0.570618, Semantic loss: 1.431687, BCE loss: 1.453631, SB loss: 0.796911
2025-03-22 16:53:34,303 Epoch: [15/20] Iter:[90/192], Time: 0.57, lr: [0.002628265446219161], Loss: 3.674601, Acc:0.573118, Semantic loss: 1.424150, BCE loss: 1.455480, SB loss: 0.794972
2025-03-22 16:53:39,015 Epoch: [15/20] Iter:[100/192], Time: 0.56, lr: [0.002601060801235972], Loss: 3.676141, Acc:0.573277, Semantic loss: 1.424382, BCE loss: 1.457895, SB loss: 0.793864
2025-03-22 16:53:43,629 Epoch: [15/20] Iter:[110/192], Time: 0.55, lr: [0.002573824503796671], Loss: 3.678065, Acc:0.572232, Semantic loss: 1.418735, BCE loss: 1.470007, SB loss: 0.789323
2025-03-22 16:53:48,499 Epoch: [15/20] Iter:[120/192], Time: 0.55, lr: [0.00254655614402138], Loss: 3.683741, Acc:0.571705, Semantic loss: 1.415374, BCE loss: 1.478515, SB loss: 0.789852
2025-03-22 16:53:53,093 Epoch: [15/20] Iter:[130/192], Time: 0.54, lr: [0.0025192553017764118], Loss: 3.678267, Acc:0.571968, Semantic loss: 1.412831, BCE loss: 1.477783, SB loss: 0.787653
2025-03-22 16:53:57,858 Epoch: [15/20] Iter:[140/192], Time: 0.54, lr: [0.002491921546291034], Loss: 3.681465, Acc:0.571984, Semantic loss: 1.408506, BCE loss: 1.486308, SB loss: 0.786652
2025-03-22 16:54:02,446 Epoch: [15/20] Iter:[150/192], Time: 0.53, lr: [0.0024645544357550573], Loss: 3.688987, Acc:0.571178, Semantic loss: 1.411858, BCE loss: 1.487203, SB loss: 0.789926
2025-03-22 16:54:07,217 Epoch: [15/20] Iter:[160/192], Time: 0.53, lr: [0.002437153516896028], Loss: 3.691887, Acc:0.568836, Semantic loss: 1.416583, BCE loss: 1.481848, SB loss: 0.793457
2025-03-22 16:54:11,819 Epoch: [15/20] Iter:[170/192], Time: 0.52, lr: [0.0024097183245347467], Loss: 3.697613, Acc:0.571425, Semantic loss: 1.413545, BCE loss: 1.491194, SB loss: 0.792874
2025-03-22 16:54:16,550 Epoch: [15/20] Iter:[180/192], Time: 0.52, lr: [0.0023822483811177], Loss: 3.692946, Acc:0.574013, Semantic loss: 1.407931, BCE loss: 1.494874, SB loss: 0.790141
2025-03-22 16:54:21,047 Epoch: [15/20] Iter:[190/192], Time: 0.52, lr: [0.002354743196224891], Loss: 3.698692, Acc:0.572819, Semantic loss: 1.411974, BCE loss: 1.494856, SB loss: 0.791861
2025-03-22 16:56:22,123 0 [0.00000000e+00 3.85422938e-02 4.67513486e-02 5.22099300e-04
 2.37663049e-04 1.09702096e-04 9.81744834e-06] 0.01231041775653176
2025-03-22 16:56:22,124 1 [0.00000000e+00 7.66722033e-02 4.94878478e-02 2.72039843e-04
 0.00000000e+00 3.33238504e-06 0.00000000e+00] 0.018062203330173936
2025-03-22 16:56:22,133 => saving checkpoint to output\loveda\pidnet_small_loveda\aug_hf_m_rbcheckpoint.pth.tar
2025-03-22 16:56:22,273 Loss: 13.983, MeanIU:  0.0181, Best_mIoU:  0.0422
2025-03-22 16:56:22,273 [0.00000000e+00 7.66722033e-02 4.94878478e-02 2.72039843e-04
 0.00000000e+00 3.33238504e-06 0.00000000e+00]
2025-03-22 16:56:33,370 Epoch: [16/20] Iter:[0/192], Time: 10.92, lr: [0.0023492378861760376], Loss: 3.793767, Acc:0.604479, Semantic loss: 1.370345, BCE loss: 1.709298, SB loss: 0.714124
2025-03-22 16:56:37,604 Epoch: [16/20] Iter:[10/192], Time: 1.38, lr: [0.0023216897452738748], Loss: 3.596497, Acc:0.596802, Semantic loss: 1.339343, BCE loss: 1.497692, SB loss: 0.759463
2025-03-22 16:56:42,378 Epoch: [16/20] Iter:[20/192], Time: 0.95, lr: [0.0022941052360858027], Loss: 3.511092, Acc:0.602072, Semantic loss: 1.329036, BCE loss: 1.432010, SB loss: 0.750047
2025-03-22 16:56:46,947 Epoch: [16/20] Iter:[30/192], Time: 0.79, lr: [0.0022664838233947228], Loss: 3.592256, Acc:0.594941, Semantic loss: 1.365745, BCE loss: 1.467055, SB loss: 0.759456
2025-03-22 16:56:51,652 Epoch: [16/20] Iter:[40/192], Time: 0.71, lr: [0.0022388249567421017], Loss: 3.612110, Acc:0.592766, Semantic loss: 1.363693, BCE loss: 1.497767, SB loss: 0.750650
2025-03-22 16:56:56,225 Epoch: [16/20] Iter:[50/192], Time: 0.66, lr: [0.002211128069778427], Loss: 3.608320, Acc:0.592178, Semantic loss: 1.366291, BCE loss: 1.489288, SB loss: 0.752741
2025-03-22 16:57:01,051 Epoch: [16/20] Iter:[60/192], Time: 0.63, lr: [0.0021833925795765436], Loss: 3.643849, Acc:0.588291, Semantic loss: 1.373763, BCE loss: 1.510610, SB loss: 0.759476
2025-03-22 16:57:05,661 Epoch: [16/20] Iter:[70/192], Time: 0.61, lr: [0.0021556178859051967], Loss: 3.644355, Acc:0.587700, Semantic loss: 1.374365, BCE loss: 1.512240, SB loss: 0.757750
2025-03-22 16:57:10,450 Epoch: [16/20] Iter:[80/192], Time: 0.59, lr: [0.002127803370459852], Loss: 3.659477, Acc:0.585931, Semantic loss: 1.377144, BCE loss: 1.522601, SB loss: 0.759732
2025-03-22 16:57:15,025 Epoch: [16/20] Iter:[90/192], Time: 0.58, lr: [0.0020999483960476508], Loss: 3.631166, Acc:0.586381, Semantic loss: 1.369159, BCE loss: 1.503747, SB loss: 0.758259
2025-03-22 16:57:19,852 Epoch: [16/20] Iter:[100/192], Time: 0.57, lr: [0.0020720523057230294], Loss: 3.648331, Acc:0.587584, Semantic loss: 1.374052, BCE loss: 1.519558, SB loss: 0.754721
2025-03-22 16:57:24,469 Epoch: [16/20] Iter:[110/192], Time: 0.56, lr: [0.002044114421870228], Loss: 3.650910, Acc:0.587746, Semantic loss: 1.372934, BCE loss: 1.521554, SB loss: 0.756422
2025-03-22 16:57:29,329 Epoch: [16/20] Iter:[120/192], Time: 0.55, lr: [0.0020161340452285867], Loss: 3.648308, Acc:0.589677, Semantic loss: 1.372495, BCE loss: 1.518728, SB loss: 0.757085
2025-03-22 16:57:33,985 Epoch: [16/20] Iter:[130/192], Time: 0.55, lr: [0.001988110453856112], Loss: 3.640948, Acc:0.586328, Semantic loss: 1.374527, BCE loss: 1.505346, SB loss: 0.761074
2025-03-22 16:57:38,780 Epoch: [16/20] Iter:[140/192], Time: 0.54, lr: [0.0019600429020263607], Loss: 3.649081, Acc:0.584944, Semantic loss: 1.378111, BCE loss: 1.508279, SB loss: 0.762691
2025-03-22 16:57:43,405 Epoch: [16/20] Iter:[150/192], Time: 0.54, lr: [0.0019319306190532476], Loss: 3.651749, Acc:0.583931, Semantic loss: 1.379430, BCE loss: 1.510383, SB loss: 0.761935
2025-03-22 16:57:48,142 Epoch: [16/20] Iter:[160/192], Time: 0.53, lr: [0.0019037728080378042], Loss: 3.656153, Acc:0.581239, Semantic loss: 1.387870, BCE loss: 1.503821, SB loss: 0.764462
2025-03-22 16:57:52,761 Epoch: [16/20] Iter:[170/192], Time: 0.53, lr: [0.0018755686445303314], Loss: 3.643100, Acc:0.582325, Semantic loss: 1.386328, BCE loss: 1.493719, SB loss: 0.763054
2025-03-22 16:57:57,466 Epoch: [16/20] Iter:[180/192], Time: 0.52, lr: [0.001847317275100738], Loss: 3.649743, Acc:0.581220, Semantic loss: 1.389236, BCE loss: 1.496410, SB loss: 0.764097
2025-03-22 16:58:01,974 Epoch: [16/20] Iter:[190/192], Time: 0.52, lr: [0.0018190178158090872], Loss: 3.654990, Acc:0.580497, Semantic loss: 1.393696, BCE loss: 1.495296, SB loss: 0.765998
2025-03-22 17:00:03,784 0 [0.00000000e+00 5.25063653e-02 4.49693811e-02 6.15091095e-04
 4.14355557e-04 3.42970235e-04 1.37809639e-05] 0.014123134898810967
2025-03-22 17:00:03,784 1 [0.00000000e+00 4.28390223e-02 4.94222027e-02 7.07333135e-05
 0.00000000e+00 0.00000000e+00 0.00000000e+00] 0.013190279752016197
2025-03-22 17:00:03,792 => saving checkpoint to output\loveda\pidnet_small_loveda\aug_hf_m_rbcheckpoint.pth.tar
2025-03-22 17:00:03,935 Loss: 15.301, MeanIU:  0.0132, Best_mIoU:  0.0422
2025-03-22 17:00:03,936 [0.00000000e+00 4.28390223e-02 4.94222027e-02 7.07333135e-05
 0.00000000e+00 0.00000000e+00 0.00000000e+00]
2025-03-22 17:00:14,884 Epoch: [17/20] Iter:[0/192], Time: 10.77, lr: [0.0018133520731367456], Loss: 3.952155, Acc:0.534758, Semantic loss: 1.393998, BCE loss: 1.737152, SB loss: 0.821005
2025-03-22 17:00:19,297 Epoch: [17/20] Iter:[10/192], Time: 1.38, lr: [0.001784993693823396], Loss: 3.676077, Acc:0.563569, Semantic loss: 1.356700, BCE loss: 1.553741, SB loss: 0.765636
2025-03-22 17:00:24,077 Epoch: [17/20] Iter:[20/192], Time: 0.95, lr: [0.0017565851643374117], Loss: 3.666586, Acc:0.573816, Semantic loss: 1.360449, BCE loss: 1.528012, SB loss: 0.778126
2025-03-22 17:00:28,706 Epoch: [17/20] Iter:[30/192], Time: 0.79, lr: [0.0017281254915000803], Loss: 3.696609, Acc:0.567802, Semantic loss: 1.388204, BCE loss: 1.516324, SB loss: 0.792081
2025-03-22 17:00:33,512 Epoch: [17/20] Iter:[40/192], Time: 0.72, lr: [0.0016996136438923032], Loss: 3.680858, Acc:0.569232, Semantic loss: 1.392266, BCE loss: 1.500996, SB loss: 0.787597
2025-03-22 17:00:38,094 Epoch: [17/20] Iter:[50/192], Time: 0.67, lr: [0.0016710485496403851], Loss: 3.680282, Acc:0.568910, Semantic loss: 1.400298, BCE loss: 1.493074, SB loss: 0.786910
2025-03-22 17:00:42,859 Epoch: [17/20] Iter:[60/192], Time: 0.64, lr: [0.0016424290940290059], Loss: 3.653900, Acc:0.578155, Semantic loss: 1.389627, BCE loss: 1.491171, SB loss: 0.773101
2025-03-22 17:00:47,363 Epoch: [17/20] Iter:[70/192], Time: 0.61, lr: [0.0016137541169242962], Loss: 3.620295, Acc:0.580881, Semantic loss: 1.381858, BCE loss: 1.463422, SB loss: 0.775015
2025-03-22 17:00:52,088 Epoch: [17/20] Iter:[80/192], Time: 0.59, lr: [0.0015850224099878446], Loss: 3.632545, Acc:0.583798, Semantic loss: 1.378348, BCE loss: 1.477386, SB loss: 0.776811
2025-03-22 17:00:56,589 Epoch: [17/20] Iter:[90/192], Time: 0.58, lr: [0.001556232713660091], Loss: 3.625102, Acc:0.583916, Semantic loss: 1.374344, BCE loss: 1.478307, SB loss: 0.772451
2025-03-22 17:01:01,281 Epoch: [17/20] Iter:[100/192], Time: 0.57, lr: [0.0015273837138888994], Loss: 3.633103, Acc:0.585168, Semantic loss: 1.375277, BCE loss: 1.486956, SB loss: 0.770870
2025-03-22 17:01:05,839 Epoch: [17/20] Iter:[110/192], Time: 0.56, lr: [0.0014984740385759552], Loss: 3.639413, Acc:0.584354, Semantic loss: 1.373128, BCE loss: 1.494842, SB loss: 0.771443
2025-03-22 17:01:10,587 Epoch: [17/20] Iter:[120/192], Time: 0.55, lr: [0.0014695022537100475], Loss: 3.642202, Acc:0.581678, Semantic loss: 1.374628, BCE loss: 1.493577, SB loss: 0.773997
2025-03-22 17:01:15,120 Epoch: [17/20] Iter:[130/192], Time: 0.54, lr: [0.0014404668591521846], Loss: 3.644742, Acc:0.579706, Semantic loss: 1.382287, BCE loss: 1.488613, SB loss: 0.773843
2025-03-22 17:01:19,819 Epoch: [17/20] Iter:[140/192], Time: 0.54, lr: [0.0014113662840326588], Loss: 3.647815, Acc:0.580492, Semantic loss: 1.386048, BCE loss: 1.487387, SB loss: 0.774380
2025-03-22 17:01:24,393 Epoch: [17/20] Iter:[150/192], Time: 0.53, lr: [0.0013821988817145786], Loss: 3.652676, Acc:0.580431, Semantic loss: 1.386089, BCE loss: 1.490439, SB loss: 0.776148
2025-03-22 17:01:29,175 Epoch: [17/20] Iter:[160/192], Time: 0.53, lr: [0.0013529629242719093], Loss: 3.650235, Acc:0.582965, Semantic loss: 1.383858, BCE loss: 1.491049, SB loss: 0.775328
2025-03-22 17:01:33,704 Epoch: [17/20] Iter:[170/192], Time: 0.52, lr: [0.0013236565964223801], Loss: 3.649615, Acc:0.584106, Semantic loss: 1.382001, BCE loss: 1.493700, SB loss: 0.773914
2025-03-22 17:01:38,436 Epoch: [17/20] Iter:[180/192], Time: 0.52, lr: [0.0012942779888466518], Loss: 3.649947, Acc:0.583400, Semantic loss: 1.382694, BCE loss: 1.494689, SB loss: 0.772564
2025-03-22 17:01:42,905 Epoch: [17/20] Iter:[190/192], Time: 0.52, lr: [0.0012648250908145803], Loss: 3.649023, Acc:0.583062, Semantic loss: 1.383862, BCE loss: 1.491851, SB loss: 0.773310
2025-03-22 17:03:44,239 0 [0.00000000e+00 3.84348672e-02 4.62228739e-02 2.24991043e-04
 3.54741162e-04 2.47189005e-04 1.42291042e-05] 0.012214127353086033
2025-03-22 17:03:44,239 1 [0.00000000e+00 4.57365031e-02 5.26128415e-02 5.25252410e-07
 0.00000000e+00 0.00000000e+00 0.00000000e+00] 0.014049981409317595
2025-03-22 17:03:44,249 => saving checkpoint to output\loveda\pidnet_small_loveda\aug_hf_m_rbcheckpoint.pth.tar
2025-03-22 17:03:44,389 Loss: 16.919, MeanIU:  0.0140, Best_mIoU:  0.0422
2025-03-22 17:03:44,389 [0.00000000e+00 4.57365031e-02 5.26128415e-02 5.25252410e-07
 0.00000000e+00 0.00000000e+00 0.00000000e+00]
2025-03-22 17:03:55,402 Epoch: [18/20] Iter:[0/192], Time: 10.83, lr: [0.001258925411794167], Loss: 3.468623, Acc:0.532538, Semantic loss: 1.280341, BCE loss: 1.451932, SB loss: 0.736350
2025-03-22 17:03:59,794 Epoch: [18/20] Iter:[10/192], Time: 1.38, lr: [0.0012293805561511607], Loss: 3.668332, Acc:0.588933, Semantic loss: 1.379138, BCE loss: 1.522717, SB loss: 0.766477
2025-03-22 17:04:04,482 Epoch: [18/20] Iter:[20/192], Time: 0.95, lr: [0.0011997565879500753], Loss: 3.659488, Acc:0.588627, Semantic loss: 1.396709, BCE loss: 1.496766, SB loss: 0.766012
2025-03-22 17:04:09,063 Epoch: [18/20] Iter:[30/192], Time: 0.79, lr: [0.0011700511125444005], Loss: 3.641380, Acc:0.593944, Semantic loss: 1.398901, BCE loss: 1.483141, SB loss: 0.759339
2025-03-22 17:04:13,834 Epoch: [18/20] Iter:[40/192], Time: 0.71, lr: [0.0011402615929770753], Loss: 3.620215, Acc:0.594670, Semantic loss: 1.375173, BCE loss: 1.494482, SB loss: 0.750561
2025-03-22 17:04:18,398 Epoch: [18/20] Iter:[50/192], Time: 0.66, lr: [0.0011103853371305413], Loss: 3.589250, Acc:0.594650, Semantic loss: 1.366232, BCE loss: 1.476881, SB loss: 0.746137
2025-03-22 17:04:23,344 Epoch: [18/20] Iter:[60/192], Time: 0.64, lr: [0.001080419483295973], Loss: 3.562236, Acc:0.596120, Semantic loss: 1.359498, BCE loss: 1.459907, SB loss: 0.742832
2025-03-22 17:04:27,916 Epoch: [18/20] Iter:[70/192], Time: 0.61, lr: [0.0010503609839122385], Loss: 3.580908, Acc:0.597390, Semantic loss: 1.357459, BCE loss: 1.483505, SB loss: 0.739943
2025-03-22 17:04:32,703 Epoch: [18/20] Iter:[80/192], Time: 0.59, lr: [0.0010202065871765603], Loss: 3.599328, Acc:0.591806, Semantic loss: 1.366051, BCE loss: 1.488884, SB loss: 0.744394
2025-03-22 17:04:37,326 Epoch: [18/20] Iter:[90/192], Time: 0.58, lr: [0.000989952816168914], Loss: 3.597833, Acc:0.593616, Semantic loss: 1.362780, BCE loss: 1.492287, SB loss: 0.742766
2025-03-22 17:04:42,065 Epoch: [18/20] Iter:[100/192], Time: 0.57, lr: [0.0009595959450576828], Loss: 3.596299, Acc:0.594561, Semantic loss: 1.358995, BCE loss: 1.492697, SB loss: 0.744607
2025-03-22 17:04:46,572 Epoch: [18/20] Iter:[110/192], Time: 0.56, lr: [0.000929131971860904], Loss: 3.575618, Acc:0.593652, Semantic loss: 1.355903, BCE loss: 1.476037, SB loss: 0.743678
2025-03-22 17:04:51,217 Epoch: [18/20] Iter:[120/192], Time: 0.55, lr: [0.0008985565871200918], Loss: 3.575803, Acc:0.594206, Semantic loss: 1.354037, BCE loss: 1.478289, SB loss: 0.743477
2025-03-22 17:04:55,726 Epoch: [18/20] Iter:[130/192], Time: 0.54, lr: [0.0008678651376944955], Loss: 3.587299, Acc:0.595207, Semantic loss: 1.355634, BCE loss: 1.488755, SB loss: 0.742909
2025-03-22 17:05:00,462 Epoch: [18/20] Iter:[140/192], Time: 0.54, lr: [0.000837052584692747], Loss: 3.600145, Acc:0.595560, Semantic loss: 1.355761, BCE loss: 1.497956, SB loss: 0.746428
2025-03-22 17:05:05,008 Epoch: [18/20] Iter:[150/192], Time: 0.53, lr: [0.000806113454312208], Loss: 3.593992, Acc:0.594431, Semantic loss: 1.356835, BCE loss: 1.490481, SB loss: 0.746676
2025-03-22 17:05:09,677 Epoch: [18/20] Iter:[160/192], Time: 0.53, lr: [0.0007750417800344363], Loss: 3.588122, Acc:0.594892, Semantic loss: 1.354149, BCE loss: 1.486779, SB loss: 0.747194
2025-03-22 17:05:14,198 Epoch: [18/20] Iter:[170/192], Time: 0.52, lr: [0.0007438310342008949], Loss: 3.591998, Acc:0.592843, Semantic loss: 1.359038, BCE loss: 1.485200, SB loss: 0.747760
2025-03-22 17:05:18,911 Epoch: [18/20] Iter:[180/192], Time: 0.52, lr: [0.0007124740464272778], Loss: 3.585679, Acc:0.593738, Semantic loss: 1.356445, BCE loss: 1.484881, SB loss: 0.744353
2025-03-22 17:05:23,423 Epoch: [18/20] Iter:[190/192], Time: 0.52, lr: [0.0006809629055511224], Loss: 3.591681, Acc:0.593517, Semantic loss: 1.358421, BCE loss: 1.487606, SB loss: 0.745654
2025-03-22 17:06:56,804 0 [0.00000000e+00 4.40212660e-02 4.66074896e-02 2.32148317e-04
 2.79458592e-04 1.84137226e-04 2.13775200e-05] 0.013049411036971737
2025-03-22 17:06:56,804 1 [0.00000000e+00 2.26156820e-02 5.27371599e-02 3.28331868e-06
 0.00000000e+00 2.68739024e-08 0.00000000e+00] 0.010765164587466772
2025-03-22 17:06:56,809 => saving checkpoint to output\loveda\pidnet_small_loveda\aug_hf_m_rbcheckpoint.pth.tar
2025-03-22 17:06:56,886 Loss: 15.739, MeanIU:  0.0108, Best_mIoU:  0.0422
2025-03-22 17:06:56,887 [0.00000000e+00 2.26156820e-02 5.27371599e-02 3.28331868e-06
 0.00000000e+00 2.68739024e-08 0.00000000e+00]
2025-03-22 17:07:07,141 Epoch: [19/20] Iter:[0/192], Time: 10.06, lr: [0.0006746414238367822], Loss: 3.783625, Acc:0.587961, Semantic loss: 1.438813, BCE loss: 1.569102, SB loss: 0.775710
2025-03-22 17:07:11,003 Epoch: [19/20] Iter:[10/192], Time: 1.27, lr: [0.0006429336362339898], Loss: 3.585706, Acc:0.579468, Semantic loss: 1.367904, BCE loss: 1.470104, SB loss: 0.747699
2025-03-22 17:07:14,821 Epoch: [19/20] Iter:[20/192], Time: 0.84, lr: [0.0006110510578510947], Loss: 3.567627, Acc:0.574247, Semantic loss: 1.369032, BCE loss: 1.421887, SB loss: 0.776707
2025-03-22 17:07:18,678 Epoch: [19/20] Iter:[30/192], Time: 0.70, lr: [0.0005789824653018995], Loss: 3.547548, Acc:0.587211, Semantic loss: 1.366570, BCE loss: 1.418811, SB loss: 0.762166
2025-03-22 17:07:22,516 Epoch: [19/20] Iter:[40/192], Time: 0.62, lr: [0.0005467151732202777], Loss: 3.588853, Acc:0.587490, Semantic loss: 1.367079, BCE loss: 1.466249, SB loss: 0.755525
2025-03-22 17:07:26,350 Epoch: [19/20] Iter:[50/192], Time: 0.57, lr: [0.0005142347343351296], Loss: 3.605428, Acc:0.589316, Semantic loss: 1.370707, BCE loss: 1.469981, SB loss: 0.764740
2025-03-22 17:07:30,223 Epoch: [19/20] Iter:[60/192], Time: 0.54, lr: [0.0004815245523312483], Loss: 3.581621, Acc:0.591257, Semantic loss: 1.364166, BCE loss: 1.458445, SB loss: 0.759010
2025-03-22 17:07:34,146 Epoch: [19/20] Iter:[70/192], Time: 0.52, lr: [0.000448565373510549], Loss: 3.567398, Acc:0.595825, Semantic loss: 1.359659, BCE loss: 1.453265, SB loss: 0.754474
2025-03-22 17:07:38,060 Epoch: [19/20] Iter:[80/192], Time: 0.51, lr: [0.00041533460609889997], Loss: 3.583066, Acc:0.595854, Semantic loss: 1.360857, BCE loss: 1.471320, SB loss: 0.750889
2025-03-22 17:07:41,981 Epoch: [19/20] Iter:[90/192], Time: 0.49, lr: [0.00038180538785330436], Loss: 3.579068, Acc:0.595818, Semantic loss: 1.361702, BCE loss: 1.463363, SB loss: 0.754002
2025-03-22 17:07:45,871 Epoch: [19/20] Iter:[100/192], Time: 0.48, lr: [0.00034794527452517863], Loss: 3.559939, Acc:0.596574, Semantic loss: 1.353237, BCE loss: 1.455937, SB loss: 0.750765
2025-03-22 17:07:49,728 Epoch: [19/20] Iter:[110/192], Time: 0.47, lr: [0.00031371433588231993], Loss: 3.556109, Acc:0.597309, Semantic loss: 1.353537, BCE loss: 1.451590, SB loss: 0.750981
2025-03-22 17:07:53,590 Epoch: [19/20] Iter:[120/192], Time: 0.47, lr: [0.0002790622842837163], Loss: 3.558204, Acc:0.598463, Semantic loss: 1.353211, BCE loss: 1.456553, SB loss: 0.748440
2025-03-22 17:07:57,453 Epoch: [19/20] Iter:[130/192], Time: 0.46, lr: [0.0002439239356353784], Loss: 3.554250, Acc:0.599246, Semantic loss: 1.350820, BCE loss: 1.459248, SB loss: 0.744181
2025-03-22 17:08:01,312 Epoch: [19/20] Iter:[140/192], Time: 0.46, lr: [0.00020821159321002047], Loss: 3.565850, Acc:0.598226, Semantic loss: 1.352509, BCE loss: 1.468851, SB loss: 0.744490
2025-03-22 17:08:05,169 Epoch: [19/20] Iter:[150/192], Time: 0.45, lr: [0.00017180122628828942], Loss: 3.580757, Acc:0.597204, Semantic loss: 1.353645, BCE loss: 1.481522, SB loss: 0.745590
2025-03-22 17:08:09,039 Epoch: [19/20] Iter:[160/192], Time: 0.45, lr: [0.00013450451987183818], Loss: 3.576488, Acc:0.598327, Semantic loss: 1.350431, BCE loss: 1.483089, SB loss: 0.742968
2025-03-22 17:08:12,883 Epoch: [19/20] Iter:[170/192], Time: 0.44, lr: [9.600244875192536e-05], Loss: 3.581456, Acc:0.597430, Semantic loss: 1.350746, BCE loss: 1.488190, SB loss: 0.742521
2025-03-22 17:08:16,761 Epoch: [19/20] Iter:[180/192], Time: 0.44, lr: [5.563716848048335e-05], Loss: 3.587176, Acc:0.598301, Semantic loss: 1.352673, BCE loss: 1.493553, SB loss: 0.740950
2025-03-22 17:08:20,589 Epoch: [19/20] Iter:[190/192], Time: 0.44, lr: [1.1092486125349496e-05], Loss: 3.572596, Acc:0.598706, Semantic loss: 1.349038, BCE loss: 1.485317, SB loss: 0.738241
2025-03-22 17:09:54,037 0 [0.00000000e+00 4.77018404e-02 4.60730732e-02 3.29996947e-04
 1.04147217e-03 3.07477493e-04 3.53409485e-05] 0.013641314450028951
2025-03-22 17:09:54,037 1 [0.         0.08964188 0.05582729 0.00034073 0.         0.
 0.        ] 0.02082998589220163
2025-03-22 17:09:54,042 => saving checkpoint to output\loveda\pidnet_small_loveda\aug_hf_m_rbcheckpoint.pth.tar
2025-03-22 17:09:54,168 Loss: 14.530, MeanIU:  0.0208, Best_mIoU:  0.0422
2025-03-22 17:09:54,168 [0.         0.08964188 0.05582729 0.00034073 0.         0.
 0.        ]
2025-03-22 17:09:54,253 Hours: 1
2025-03-22 17:09:54,253 Done
