2025-03-26 18:28:11,939 Namespace(cfg='configs/loveda/pidnet_small_loveda.yaml', seed=304, opts=[])
2025-03-26 18:28:11,939 AUTO_RESUME: False
CUDNN:
  BENCHMARK: True
  DETERMINISTIC: False
  ENABLED: True
DATASET:
  DATASET: loveda
  EXTRA_TRAIN_SET: 
  NUM_CLASSES: 7
  ROOT: data/
  TARGET_SET: 
  TEST_SET: list/loveda/urban_rural/val.lst
  TRAIN_SET: list/loveda/urban_rural/train.lst
GPUS: (0,)
LOG_DIR: log
LOSS:
  BALANCE_WEIGHTS: [0.4, 1.0]
  CLASS_BALANCE: False
  OHEMKEEP: 131072
  OHEMTHRES: 0.9
  SB_WEIGHTS: 1.0
  USE_OHEM: True
MODEL:
  ALIGN_CORNERS: True
  NAME: pidnet_small
  NUM_OUTPUTS: 2
  PRETRAINED: pretrained_models/imagenet/PIDNet_S_ImageNet.pth.tar
OUTPUT_DIR: output
PIN_MEMORY: True
PRINT_FREQ: 10
TEST:
  BASE_SIZE: 2048
  BATCH_SIZE_PER_GPU: 6
  FLIP_TEST: False
  IMAGE_SIZE: [2048, 1024]
  MODEL_FILE: output/loveda/pidnet_small_loveda/final_state.pt
  MULTI_SCALE: False
  OUTPUT_INDEX: 1
TRAIN:
  AUGMENTATION:
    ENABLE: True
    PROBABILITY: 0.5
    TECHNIQUES:
      GAUSSIAN_BLUR: False
      HORIZONTAL_FLIP: False
      MULTIPLY: True
      RANDOM_BRIGHTNESS: False
  BASE_SIZE: 2048
  BATCH_SIZE_PER_GPU: 6
  BEGIN_EPOCH: 0
  DACS:
    ENABLE: False
    THRESHOLD: 0.968
  END_EPOCH: 20
  EXTRA_EPOCH: 0
  EXTRA_LR: 0.001
  FLIP: False
  IGNORE_LABEL: 0
  IMAGE_SIZE: [1024, 1024]
  LR: 0.01
  MOMENTUM: 0.9
  MULTI_SCALE: False
  NESTEROV: False
  OPTIMIZER: sgd
  RESUME: True
  SCALE_FACTOR: 16
  SHUFFLE: True
  WD: 0.0005
WORKERS: 4
2025-03-26 18:28:12,025 Attention!!!
2025-03-26 18:28:12,025 Loaded 302 parameters!
2025-03-26 18:28:12,025 Over!!!
2025-03-26 18:28:27,577 Epoch: [0/20] Iter:[0/192], Time: 15.47, lr: [0.01], Loss: 16.496849, Acc:0.140486, Semantic loss: 7.056401, BCE loss: 3.834320, SB loss: 5.606128
2025-03-26 18:28:32,240 Epoch: [0/20] Iter:[10/192], Time: 1.81, lr: [0.009976559445324192], Loss: 11.761171, Acc:0.284702, Semantic loss: 5.338252, BCE loss: 2.677469, SB loss: 3.745450
2025-03-26 18:28:36,551 Epoch: [0/20] Iter:[20/192], Time: 1.16, lr: [0.009953112769592761], Loss: 9.727450, Acc:0.336820, Semantic loss: 4.281455, BCE loss: 2.337160, SB loss: 3.108835
2025-03-26 18:28:40,848 Epoch: [0/20] Iter:[30/192], Time: 0.92, lr: [0.009929659955177281], Loss: 8.422107, Acc:0.377100, Semantic loss: 3.642930, BCE loss: 2.144495, SB loss: 2.634682
2025-03-26 18:28:45,123 Epoch: [0/20] Iter:[40/192], Time: 0.80, lr: [0.009906200984352154], Loss: 7.646444, Acc:0.379679, Semantic loss: 3.263326, BCE loss: 2.015257, SB loss: 2.367861
2025-03-26 18:28:49,479 Epoch: [0/20] Iter:[50/192], Time: 0.73, lr: [0.009882735839293803], Loss: 7.029678, Acc:0.407346, Semantic loss: 2.979519, BCE loss: 1.924420, SB loss: 2.125739
2025-03-26 18:28:53,749 Epoch: [0/20] Iter:[60/192], Time: 0.68, lr: [0.00985926450207989], Loss: 6.704993, Acc:0.409408, Semantic loss: 2.850661, BCE loss: 1.871990, SB loss: 1.982342
2025-03-26 18:28:58,049 Epoch: [0/20] Iter:[70/192], Time: 0.64, lr: [0.009835786954688485], Loss: 6.449286, Acc:0.408341, Semantic loss: 2.735294, BCE loss: 1.831939, SB loss: 1.882053
2025-03-26 18:29:02,319 Epoch: [0/20] Iter:[80/192], Time: 0.62, lr: [0.00981230317899726], Loss: 6.204862, Acc:0.413756, Semantic loss: 2.632419, BCE loss: 1.798523, SB loss: 1.773920
2025-03-26 18:29:06,578 Epoch: [0/20] Iter:[90/192], Time: 0.60, lr: [0.009788813156782662], Loss: 6.055478, Acc:0.417459, Semantic loss: 2.567550, BCE loss: 1.785878, SB loss: 1.702051
2025-03-26 18:29:10,848 Epoch: [0/20] Iter:[100/192], Time: 0.58, lr: [0.009765316869719067], Loss: 5.947857, Acc:0.416288, Semantic loss: 2.517537, BCE loss: 1.767393, SB loss: 1.662927
2025-03-26 18:29:15,115 Epoch: [0/20] Iter:[110/192], Time: 0.57, lr: [0.009741814299377942], Loss: 5.842027, Acc:0.414642, Semantic loss: 2.475775, BCE loss: 1.745176, SB loss: 1.621076
2025-03-26 18:29:19,403 Epoch: [0/20] Iter:[120/192], Time: 0.55, lr: [0.009718305427226986], Loss: 5.734296, Acc:0.420399, Semantic loss: 2.422108, BCE loss: 1.739236, SB loss: 1.572953
2025-03-26 18:29:23,689 Epoch: [0/20] Iter:[130/192], Time: 0.55, lr: [0.009694790234629266], Loss: 5.656691, Acc:0.424588, Semantic loss: 2.381253, BCE loss: 1.729806, SB loss: 1.545631
2025-03-26 18:29:27,970 Epoch: [0/20] Iter:[140/192], Time: 0.54, lr: [0.009671268702842338], Loss: 5.615734, Acc:0.423689, Semantic loss: 2.364898, BCE loss: 1.715423, SB loss: 1.535413
2025-03-26 18:29:32,222 Epoch: [0/20] Iter:[150/192], Time: 0.53, lr: [0.009647740813017376], Loss: 5.578055, Acc:0.421668, Semantic loss: 2.347815, BCE loss: 1.705015, SB loss: 1.525225
2025-03-26 18:29:36,551 Epoch: [0/20] Iter:[160/192], Time: 0.52, lr: [0.009624206546198262], Loss: 5.525881, Acc:0.425703, Semantic loss: 2.315489, BCE loss: 1.708073, SB loss: 1.502320
2025-03-26 18:29:40,819 Epoch: [0/20] Iter:[170/192], Time: 0.52, lr: [0.009600665883320689], Loss: 5.468975, Acc:0.429273, Semantic loss: 2.285168, BCE loss: 1.705942, SB loss: 1.477865
2025-03-26 18:29:45,080 Epoch: [0/20] Iter:[180/192], Time: 0.51, lr: [0.009577118805211254], Loss: 5.422665, Acc:0.432145, Semantic loss: 2.260685, BCE loss: 1.701285, SB loss: 1.460695
2025-03-26 18:29:49,352 Epoch: [0/20] Iter:[190/192], Time: 0.51, lr: [0.009553565292586523], Loss: 5.368088, Acc:0.435938, Semantic loss: 2.234216, BCE loss: 1.695557, SB loss: 1.438315
2025-03-26 18:32:09,245 0 [0.00000000e+00 5.86682154e-01 1.26402307e-01 3.83129449e-03
 8.05998044e-06 7.19864593e-02 8.25465809e-03] 0.1138807048035799
2025-03-26 18:32:09,245 1 [0.         0.62430846 0.08463473 0.00151836 0.00220306 0.1983331
 0.00211348] 0.13044445426893767
2025-03-26 18:32:09,253 => saving checkpoint to output\loveda\pidnet_small_loveda\aug_mcheckpoint.pth.tar
2025-03-26 18:32:09,457 Loss: 4.064, MeanIU:  0.1304, Best_mIoU:  0.1304
2025-03-26 18:32:09,457 [0.         0.62430846 0.08463473 0.00151836 0.00220306 0.1983331
 0.00211348]
2025-03-26 18:32:20,853 Epoch: [1/20] Iter:[0/192], Time: 11.21, lr: [0.009548853816214998], Loss: 4.770426, Acc:0.382294, Semantic loss: 2.051332, BCE loss: 1.498374, SB loss: 1.220720
2025-03-26 18:32:25,095 Epoch: [1/20] Iter:[10/192], Time: 1.40, lr: [0.009525292556561479], Loss: 4.578879, Acc:0.460423, Semantic loss: 1.847246, BCE loss: 1.551139, SB loss: 1.180494
2025-03-26 18:32:29,340 Epoch: [1/20] Iter:[20/192], Time: 0.94, lr: [0.00950172481957719], Loss: 4.585054, Acc:0.472250, Semantic loss: 1.872349, BCE loss: 1.562860, SB loss: 1.149845
2025-03-26 18:32:33,612 Epoch: [1/20] Iter:[30/192], Time: 0.77, lr: [0.009478150585620286], Loss: 4.585958, Acc:0.466513, Semantic loss: 1.880344, BCE loss: 1.540385, SB loss: 1.165229
2025-03-26 18:32:37,897 Epoch: [1/20] Iter:[40/192], Time: 0.69, lr: [0.009454569834934885], Loss: 4.581864, Acc:0.459919, Semantic loss: 1.878466, BCE loss: 1.558186, SB loss: 1.145212
2025-03-26 18:32:42,213 Epoch: [1/20] Iter:[50/192], Time: 0.64, lr: [0.009430982547650114], Loss: 4.561151, Acc:0.461620, Semantic loss: 1.868499, BCE loss: 1.581088, SB loss: 1.111564
2025-03-26 18:32:46,580 Epoch: [1/20] Iter:[60/192], Time: 0.61, lr: [0.009407388703779091], Loss: 4.539780, Acc:0.465110, Semantic loss: 1.858198, BCE loss: 1.595040, SB loss: 1.086541
2025-03-26 18:32:50,936 Epoch: [1/20] Iter:[70/192], Time: 0.58, lr: [0.009383788283217955], Loss: 4.478313, Acc:0.470154, Semantic loss: 1.832425, BCE loss: 1.599796, SB loss: 1.046092
2025-03-26 18:32:55,334 Epoch: [1/20] Iter:[80/192], Time: 0.56, lr: [0.00936018126574482], Loss: 4.485567, Acc:0.462951, Semantic loss: 1.856295, BCE loss: 1.592223, SB loss: 1.037050
2025-03-26 18:32:59,678 Epoch: [1/20] Iter:[90/192], Time: 0.55, lr: [0.009336567631018769], Loss: 4.475852, Acc:0.465678, Semantic loss: 1.844639, BCE loss: 1.608054, SB loss: 1.023159
2025-03-26 18:33:04,018 Epoch: [1/20] Iter:[100/192], Time: 0.54, lr: [0.009312947358578814], Loss: 4.469662, Acc:0.467063, Semantic loss: 1.838267, BCE loss: 1.619676, SB loss: 1.011719
2025-03-26 18:33:08,317 Epoch: [1/20] Iter:[110/192], Time: 0.53, lr: [0.009289320427842841], Loss: 4.430854, Acc:0.467494, Semantic loss: 1.826771, BCE loss: 1.599984, SB loss: 1.004098
2025-03-26 18:33:12,598 Epoch: [1/20] Iter:[120/192], Time: 0.52, lr: [0.009265686818106552], Loss: 4.401172, Acc:0.470052, Semantic loss: 1.814596, BCE loss: 1.589129, SB loss: 0.997446
2025-03-26 18:33:16,892 Epoch: [1/20] Iter:[130/192], Time: 0.51, lr: [0.009242046508542393], Loss: 4.392684, Acc:0.472155, Semantic loss: 1.809293, BCE loss: 1.590332, SB loss: 0.993060
2025-03-26 18:33:21,243 Epoch: [1/20] Iter:[140/192], Time: 0.51, lr: [0.009218399478198466], Loss: 4.371742, Acc:0.471216, Semantic loss: 1.799559, BCE loss: 1.582971, SB loss: 0.989211
2025-03-26 18:33:25,594 Epoch: [1/20] Iter:[150/192], Time: 0.50, lr: [0.009194745705997428], Loss: 4.366051, Acc:0.468360, Semantic loss: 1.801241, BCE loss: 1.575775, SB loss: 0.989035
2025-03-26 18:33:29,889 Epoch: [1/20] Iter:[160/192], Time: 0.50, lr: [0.00917108517073538], Loss: 4.362002, Acc:0.468479, Semantic loss: 1.797709, BCE loss: 1.576755, SB loss: 0.987538
2025-03-26 18:33:34,160 Epoch: [1/20] Iter:[170/192], Time: 0.49, lr: [0.00914741785108075], Loss: 4.358735, Acc:0.469329, Semantic loss: 1.794605, BCE loss: 1.576049, SB loss: 0.988082
2025-03-26 18:33:38,555 Epoch: [1/20] Iter:[180/192], Time: 0.49, lr: [0.00912374372557314], Loss: 4.351292, Acc:0.468049, Semantic loss: 1.792716, BCE loss: 1.573740, SB loss: 0.984836
2025-03-26 18:33:42,814 Epoch: [1/20] Iter:[190/192], Time: 0.49, lr: [0.009100062772622186], Loss: 4.347385, Acc:0.468318, Semantic loss: 1.789125, BCE loss: 1.572470, SB loss: 0.985790
2025-03-26 18:35:59,376 0 [0.00000000e+00 5.31847380e-01 1.06431359e-01 1.61207109e-02
 1.27146922e-04 1.20608822e-01 1.16219905e-02] 0.11239391555269519
2025-03-26 18:35:59,376 1 [0.         0.60816166 0.13988949 0.00061253 0.03259654 0.11565795
 0.00100209] 0.12827432233157715
2025-03-26 18:35:59,381 => saving checkpoint to output\loveda\pidnet_small_loveda\aug_mcheckpoint.pth.tar
2025-03-26 18:35:59,523 Loss: 4.004, MeanIU:  0.1283, Best_mIoU:  0.1304
2025-03-26 18:35:59,523 [0.         0.60816166 0.13988949 0.00061253 0.03259654 0.11565795
 0.00100209]
2025-03-26 18:36:10,962 Epoch: [2/20] Iter:[0/192], Time: 11.25, lr: [0.009095325760829623], Loss: 3.987100, Acc:0.419921, Semantic loss: 1.921774, BCE loss: 1.109426, SB loss: 0.955900
2025-03-26 18:36:15,210 Epoch: [2/20] Iter:[10/192], Time: 1.41, lr: [0.009071636586262652], Loss: 4.234423, Acc:0.466942, Semantic loss: 1.738128, BCE loss: 1.580099, SB loss: 0.916196
2025-03-26 18:36:19,552 Epoch: [2/20] Iter:[20/192], Time: 0.95, lr: [0.009047940536290279], Loss: 4.212177, Acc:0.455565, Semantic loss: 1.733600, BCE loss: 1.565315, SB loss: 0.913262
2025-03-26 18:36:23,905 Epoch: [2/20] Iter:[30/192], Time: 0.78, lr: [0.009024237588898336], Loss: 4.161555, Acc:0.471844, Semantic loss: 1.717540, BCE loss: 1.511873, SB loss: 0.932143
2025-03-26 18:36:28,220 Epoch: [2/20] Iter:[40/192], Time: 0.70, lr: [0.009000527721937697], Loss: 4.183095, Acc:0.460060, Semantic loss: 1.741392, BCE loss: 1.503551, SB loss: 0.938152
2025-03-26 18:36:32,691 Epoch: [2/20] Iter:[50/192], Time: 0.65, lr: [0.008976810913123051], Loss: 4.218500, Acc:0.456250, Semantic loss: 1.743260, BCE loss: 1.520322, SB loss: 0.954918
2025-03-26 18:36:37,098 Epoch: [2/20] Iter:[60/192], Time: 0.61, lr: [0.008953087140031669], Loss: 4.241437, Acc:0.450889, Semantic loss: 1.758419, BCE loss: 1.506143, SB loss: 0.976875
2025-03-26 18:36:41,462 Epoch: [2/20] Iter:[70/192], Time: 0.59, lr: [0.008929356380102142], Loss: 4.240688, Acc:0.454937, Semantic loss: 1.751841, BCE loss: 1.513463, SB loss: 0.975384
2025-03-26 18:36:45,851 Epoch: [2/20] Iter:[80/192], Time: 0.57, lr: [0.008905618610633112], Loss: 4.259359, Acc:0.462575, Semantic loss: 1.747903, BCE loss: 1.532790, SB loss: 0.978666
2025-03-26 18:36:50,208 Epoch: [2/20] Iter:[90/192], Time: 0.55, lr: [0.008881873808781991], Loss: 4.250504, Acc:0.469597, Semantic loss: 1.736721, BCE loss: 1.537639, SB loss: 0.976144
2025-03-26 18:36:54,524 Epoch: [2/20] Iter:[100/192], Time: 0.54, lr: [0.008858121951563658], Loss: 4.241628, Acc:0.467407, Semantic loss: 1.738797, BCE loss: 1.526871, SB loss: 0.975960
2025-03-26 18:36:58,854 Epoch: [2/20] Iter:[110/192], Time: 0.53, lr: [0.008834363015849136], Loss: 4.217821, Acc:0.472219, Semantic loss: 1.728454, BCE loss: 1.525021, SB loss: 0.964346
2025-03-26 18:37:03,216 Epoch: [2/20] Iter:[120/192], Time: 0.52, lr: [0.008810596978364274], Loss: 4.236614, Acc:0.473450, Semantic loss: 1.733852, BCE loss: 1.535586, SB loss: 0.967176
2025-03-26 18:37:07,542 Epoch: [2/20] Iter:[130/192], Time: 0.52, lr: [0.008786823815688379], Loss: 4.231855, Acc:0.474400, Semantic loss: 1.731716, BCE loss: 1.534895, SB loss: 0.965243
2025-03-26 18:37:11,832 Epoch: [2/20] Iter:[140/192], Time: 0.51, lr: [0.008763043504252865], Loss: 4.230668, Acc:0.477589, Semantic loss: 1.726795, BCE loss: 1.542421, SB loss: 0.961453
2025-03-26 18:37:16,146 Epoch: [2/20] Iter:[150/192], Time: 0.51, lr: [0.008739256020339866], Loss: 4.229388, Acc:0.477026, Semantic loss: 1.724438, BCE loss: 1.536674, SB loss: 0.968276
2025-03-26 18:37:20,560 Epoch: [2/20] Iter:[160/192], Time: 0.50, lr: [0.00871546134008083], Loss: 4.227172, Acc:0.476609, Semantic loss: 1.722568, BCE loss: 1.538123, SB loss: 0.966481
2025-03-26 18:37:24,866 Epoch: [2/20] Iter:[170/192], Time: 0.50, lr: [0.008691659439455107], Loss: 4.235279, Acc:0.476787, Semantic loss: 1.719970, BCE loss: 1.544992, SB loss: 0.970317
2025-03-26 18:37:29,266 Epoch: [2/20] Iter:[180/192], Time: 0.49, lr: [0.008667850294288517], Loss: 4.235761, Acc:0.477710, Semantic loss: 1.715153, BCE loss: 1.548770, SB loss: 0.971838
2025-03-26 18:37:33,558 Epoch: [2/20] Iter:[190/192], Time: 0.49, lr: [0.008644033880251888], Loss: 4.236001, Acc:0.478511, Semantic loss: 1.713417, BCE loss: 1.547912, SB loss: 0.974673
2025-03-26 18:39:36,126 0 [0.         0.46611652 0.12541565 0.02386801 0.04649781 0.01766673
 0.06301174] 0.10608235139186271
2025-03-26 18:39:36,126 1 [0.         0.52888945 0.13413772 0.02326942 0.03848828 0.04781602
 0.07384136] 0.12092032202990809
2025-03-26 18:39:36,134 => saving checkpoint to output\loveda\pidnet_small_loveda\aug_mcheckpoint.pth.tar
2025-03-26 18:39:36,266 Loss: 4.040, MeanIU:  0.1209, Best_mIoU:  0.1304
2025-03-26 18:39:36,267 [0.         0.52888945 0.13413772 0.02326942 0.03848828 0.04781602
 0.07384136]
2025-03-26 18:39:47,688 Epoch: [3/20] Iter:[0/192], Time: 11.23, lr: [0.008639269723028191], Loss: 4.358625, Acc:0.461445, Semantic loss: 2.149092, BCE loss: 1.317628, SB loss: 0.891905
2025-03-26 18:39:51,974 Epoch: [3/20] Iter:[10/192], Time: 1.41, lr: [0.008615444554012613], Loss: 4.128480, Acc:0.492759, Semantic loss: 1.704252, BCE loss: 1.515901, SB loss: 0.908326
2025-03-26 18:39:56,235 Epoch: [3/20] Iter:[20/192], Time: 0.94, lr: [0.008591612062049989], Loss: 4.115258, Acc:0.500537, Semantic loss: 1.693722, BCE loss: 1.480931, SB loss: 0.940605
2025-03-26 18:40:00,476 Epoch: [3/20] Iter:[30/192], Time: 0.77, lr: [0.008567772222305215], Loss: 4.085732, Acc:0.504642, Semantic loss: 1.653254, BCE loss: 1.522085, SB loss: 0.910393
2025-03-26 18:40:04,784 Epoch: [3/20] Iter:[40/192], Time: 0.69, lr: [0.008543925009781886], Loss: 4.088144, Acc:0.501691, Semantic loss: 1.646737, BCE loss: 1.510164, SB loss: 0.931243
2025-03-26 18:40:09,084 Epoch: [3/20] Iter:[50/192], Time: 0.64, lr: [0.00852007039932076], Loss: 4.088356, Acc:0.494907, Semantic loss: 1.655923, BCE loss: 1.498734, SB loss: 0.933700
2025-03-26 18:40:13,416 Epoch: [3/20] Iter:[60/192], Time: 0.61, lr: [0.00849620836559818], Loss: 4.114045, Acc:0.485884, Semantic loss: 1.684251, BCE loss: 1.476494, SB loss: 0.953300
2025-03-26 18:40:17,753 Epoch: [3/20] Iter:[70/192], Time: 0.58, lr: [0.008472338883124477], Loss: 4.142815, Acc:0.485147, Semantic loss: 1.694297, BCE loss: 1.503300, SB loss: 0.945218
2025-03-26 18:40:22,082 Epoch: [3/20] Iter:[80/192], Time: 0.56, lr: [0.008448461926242374], Loss: 4.155708, Acc:0.485237, Semantic loss: 1.702249, BCE loss: 1.494002, SB loss: 0.959458
2025-03-26 18:40:26,372 Epoch: [3/20] Iter:[90/192], Time: 0.55, lr: [0.008424577469125337], Loss: 4.154557, Acc:0.487951, Semantic loss: 1.690220, BCE loss: 1.508140, SB loss: 0.956197
2025-03-26 18:40:30,710 Epoch: [3/20] Iter:[100/192], Time: 0.54, lr: [0.008400685485775935], Loss: 4.158626, Acc:0.491160, Semantic loss: 1.684957, BCE loss: 1.521484, SB loss: 0.952184
2025-03-26 18:40:34,981 Epoch: [3/20] Iter:[110/192], Time: 0.53, lr: [0.008376785950024154], Loss: 4.145315, Acc:0.492446, Semantic loss: 1.671192, BCE loss: 1.523454, SB loss: 0.950669
2025-03-26 18:40:39,326 Epoch: [3/20] Iter:[120/192], Time: 0.52, lr: [0.00835287883552571], Loss: 4.154103, Acc:0.493071, Semantic loss: 1.666224, BCE loss: 1.543813, SB loss: 0.944066
2025-03-26 18:40:43,586 Epoch: [3/20] Iter:[130/192], Time: 0.51, lr: [0.008328964115760324], Loss: 4.146242, Acc:0.493322, Semantic loss: 1.664249, BCE loss: 1.537037, SB loss: 0.944957
2025-03-26 18:40:47,948 Epoch: [3/20] Iter:[140/192], Time: 0.51, lr: [0.008305041764029988], Loss: 4.148143, Acc:0.491848, Semantic loss: 1.663887, BCE loss: 1.533048, SB loss: 0.951208
2025-03-26 18:40:52,241 Epoch: [3/20] Iter:[150/192], Time: 0.50, lr: [0.008281111753457188], Loss: 4.150998, Acc:0.489731, Semantic loss: 1.668690, BCE loss: 1.525023, SB loss: 0.957285
2025-03-26 18:40:56,625 Epoch: [3/20] Iter:[160/192], Time: 0.50, lr: [0.008257174056983133], Loss: 4.157830, Acc:0.490511, Semantic loss: 1.666275, BCE loss: 1.534849, SB loss: 0.956706
2025-03-26 18:41:00,962 Epoch: [3/20] Iter:[170/192], Time: 0.49, lr: [0.00823322864736593], Loss: 4.153107, Acc:0.491726, Semantic loss: 1.658298, BCE loss: 1.540330, SB loss: 0.954478
2025-03-26 18:41:05,357 Epoch: [3/20] Iter:[180/192], Time: 0.49, lr: [0.008209275497178764], Loss: 4.138690, Acc:0.494404, Semantic loss: 1.653940, BCE loss: 1.534427, SB loss: 0.950323
2025-03-26 18:41:09,685 Epoch: [3/20] Iter:[190/192], Time: 0.49, lr: [0.008185314578808021], Loss: 4.131915, Acc:0.494985, Semantic loss: 1.654405, BCE loss: 1.530814, SB loss: 0.946696
2025-03-26 18:43:11,715 0 [0.         0.37409229 0.10611159 0.01899552 0.06600217 0.09791794
 0.00879624] 0.09598796535103836
2025-03-26 18:43:11,715 1 [0.         0.33654454 0.09354721 0.02072009 0.13611286 0.02045558
 0.03834157] 0.09224597986682022
2025-03-26 18:43:11,725 => saving checkpoint to output\loveda\pidnet_small_loveda\aug_mcheckpoint.pth.tar
2025-03-26 18:43:11,860 Loss: 4.558, MeanIU:  0.0922, Best_mIoU:  0.1304
2025-03-26 18:43:11,860 [0.         0.33654454 0.09354721 0.02072009 0.13611286 0.02045558
 0.03834157]
2025-03-26 18:43:23,208 Epoch: [4/20] Iter:[0/192], Time: 11.16, lr: [0.008180521460508584], Loss: 4.324954, Acc:0.468350, Semantic loss: 1.628116, BCE loss: 1.699900, SB loss: 0.996938
2025-03-26 18:43:27,445 Epoch: [4/20] Iter:[10/192], Time: 1.40, lr: [0.008156551183601795], Loss: 4.126083, Acc:0.491317, Semantic loss: 1.622643, BCE loss: 1.543408, SB loss: 0.960032
2025-03-26 18:43:31,687 Epoch: [4/20] Iter:[20/192], Time: 0.94, lr: [0.008132573077094668], Loss: 4.052072, Acc:0.487366, Semantic loss: 1.629284, BCE loss: 1.481879, SB loss: 0.940910
2025-03-26 18:43:35,934 Epoch: [4/20] Iter:[30/192], Time: 0.77, lr: [0.008108587112763079], Loss: 4.050462, Acc:0.492718, Semantic loss: 1.622577, BCE loss: 1.487325, SB loss: 0.940560
2025-03-26 18:43:40,293 Epoch: [4/20] Iter:[40/192], Time: 0.69, lr: [0.008084593262188028], Loss: 4.094628, Acc:0.498255, Semantic loss: 1.626031, BCE loss: 1.520205, SB loss: 0.948392
2025-03-26 18:43:44,644 Epoch: [4/20] Iter:[50/192], Time: 0.64, lr: [0.008060591496753653], Loss: 4.073445, Acc:0.502336, Semantic loss: 1.614091, BCE loss: 1.505305, SB loss: 0.954048
2025-03-26 18:43:49,008 Epoch: [4/20] Iter:[60/192], Time: 0.61, lr: [0.008036581787645204], Loss: 4.099277, Acc:0.502507, Semantic loss: 1.615458, BCE loss: 1.534078, SB loss: 0.949740
2025-03-26 18:43:53,286 Epoch: [4/20] Iter:[70/192], Time: 0.58, lr: [0.008012564105846994], Loss: 4.078103, Acc:0.498403, Semantic loss: 1.614562, BCE loss: 1.506099, SB loss: 0.957442
2025-03-26 18:43:57,605 Epoch: [4/20] Iter:[80/192], Time: 0.56, lr: [0.007988538422140333], Loss: 4.073800, Acc:0.500444, Semantic loss: 1.613903, BCE loss: 1.498005, SB loss: 0.961893
2025-03-26 18:44:01,969 Epoch: [4/20] Iter:[90/192], Time: 0.55, lr: [0.007964504707101411], Loss: 4.066918, Acc:0.498354, Semantic loss: 1.617901, BCE loss: 1.491609, SB loss: 0.957408
2025-03-26 18:44:06,297 Epoch: [4/20] Iter:[100/192], Time: 0.54, lr: [0.007940462931099176], Loss: 4.051879, Acc:0.502379, Semantic loss: 1.614251, BCE loss: 1.483670, SB loss: 0.953958
2025-03-26 18:44:10,619 Epoch: [4/20] Iter:[110/192], Time: 0.53, lr: [0.007916413064293163], Loss: 4.033920, Acc:0.507390, Semantic loss: 1.600517, BCE loss: 1.488433, SB loss: 0.944970
2025-03-26 18:44:14,964 Epoch: [4/20] Iter:[120/192], Time: 0.52, lr: [0.007892355076631318], Loss: 4.038930, Acc:0.510388, Semantic loss: 1.595284, BCE loss: 1.501029, SB loss: 0.942617
2025-03-26 18:44:19,228 Epoch: [4/20] Iter:[130/192], Time: 0.51, lr: [0.007868288937847752], Loss: 4.043673, Acc:0.508337, Semantic loss: 1.595408, BCE loss: 1.506136, SB loss: 0.942130
2025-03-26 18:44:23,607 Epoch: [4/20] Iter:[140/192], Time: 0.51, lr: [0.007844214617460508], Loss: 4.044022, Acc:0.511205, Semantic loss: 1.588405, BCE loss: 1.518825, SB loss: 0.936792
2025-03-26 18:44:27,935 Epoch: [4/20] Iter:[150/192], Time: 0.50, lr: [0.007820132084769268], Loss: 4.050291, Acc:0.508804, Semantic loss: 1.595275, BCE loss: 1.516846, SB loss: 0.938170
2025-03-26 18:44:32,325 Epoch: [4/20] Iter:[160/192], Time: 0.50, lr: [0.00779604130885303], Loss: 4.050974, Acc:0.508802, Semantic loss: 1.596042, BCE loss: 1.519788, SB loss: 0.935143
2025-03-26 18:44:36,611 Epoch: [4/20] Iter:[170/192], Time: 0.49, lr: [0.007771942258567773], Loss: 4.052995, Acc:0.509032, Semantic loss: 1.593122, BCE loss: 1.524297, SB loss: 0.935575
2025-03-26 18:44:40,907 Epoch: [4/20] Iter:[180/192], Time: 0.49, lr: [0.007747834902544056], Loss: 4.047927, Acc:0.508308, Semantic loss: 1.593891, BCE loss: 1.520390, SB loss: 0.933646
2025-03-26 18:44:45,208 Epoch: [4/20] Iter:[190/192], Time: 0.49, lr: [0.0077237192091846206], Loss: 4.063946, Acc:0.505572, Semantic loss: 1.602446, BCE loss: 1.521536, SB loss: 0.939964
2025-03-26 18:46:46,656 0 [0.         0.53223537 0.12971141 0.03035167 0.05827384 0.12838661
 0.0160697 ] 0.12786122983260576
2025-03-26 18:46:46,657 1 [0.         0.49297536 0.07415653 0.05497881 0.16681952 0.07923389
 0.00737027] 0.1250763399584452
2025-03-26 18:46:46,663 => saving checkpoint to output\loveda\pidnet_small_loveda\aug_mcheckpoint.pth.tar
2025-03-26 18:46:46,793 Loss: 4.173, MeanIU:  0.1251, Best_mIoU:  0.1304
2025-03-26 18:46:46,794 [0.         0.49297536 0.07415653 0.05497881 0.16681952 0.07923389
 0.00737027]
2025-03-26 18:46:57,773 Epoch: [5/20] Iter:[0/192], Time: 10.80, lr: [0.007718895067235705], Loss: 3.627759, Acc:0.512673, Semantic loss: 1.372270, BCE loss: 1.296233, SB loss: 0.959257
2025-03-26 18:47:02,057 Epoch: [5/20] Iter:[10/192], Time: 1.37, lr: [0.007694769327040611], Loss: 4.017757, Acc:0.498371, Semantic loss: 1.579484, BCE loss: 1.516003, SB loss: 0.922270
2025-03-26 18:47:06,422 Epoch: [5/20] Iter:[20/192], Time: 0.93, lr: [0.00767063517918174], Loss: 4.011678, Acc:0.496868, Semantic loss: 1.629630, BCE loss: 1.444693, SB loss: 0.937355
2025-03-26 18:47:10,717 Epoch: [5/20] Iter:[30/192], Time: 0.77, lr: [0.007646492591316132], Loss: 3.915950, Acc:0.512699, Semantic loss: 1.568866, BCE loss: 1.428517, SB loss: 0.918568
2025-03-26 18:47:15,042 Epoch: [5/20] Iter:[40/192], Time: 0.68, lr: [0.007622341530862476], Loss: 3.922769, Acc:0.512209, Semantic loss: 1.572558, BCE loss: 1.435291, SB loss: 0.914920
2025-03-26 18:47:19,358 Epoch: [5/20] Iter:[50/192], Time: 0.63, lr: [0.0075981819649984985], Loss: 3.987784, Acc:0.508270, Semantic loss: 1.586778, BCE loss: 1.482805, SB loss: 0.918200
2025-03-26 18:47:23,652 Epoch: [5/20] Iter:[60/192], Time: 0.60, lr: [0.007574013860658317], Loss: 3.942297, Acc:0.510833, Semantic loss: 1.562365, BCE loss: 1.466445, SB loss: 0.913487
2025-03-26 18:47:27,976 Epoch: [5/20] Iter:[70/192], Time: 0.58, lr: [0.007549837184529776], Loss: 3.980482, Acc:0.508149, Semantic loss: 1.568494, BCE loss: 1.483537, SB loss: 0.928451
2025-03-26 18:47:32,324 Epoch: [5/20] Iter:[80/192], Time: 0.56, lr: [0.0075256519030517215], Loss: 3.984034, Acc:0.505782, Semantic loss: 1.570587, BCE loss: 1.482352, SB loss: 0.931095
2025-03-26 18:47:36,627 Epoch: [5/20] Iter:[90/192], Time: 0.55, lr: [0.007501457982411236], Loss: 3.960147, Acc:0.508398, Semantic loss: 1.564374, BCE loss: 1.469895, SB loss: 0.925878
2025-03-26 18:47:40,979 Epoch: [5/20] Iter:[100/192], Time: 0.53, lr: [0.0074772553885408604], Loss: 3.961672, Acc:0.510916, Semantic loss: 1.562402, BCE loss: 1.473760, SB loss: 0.925510
2025-03-26 18:47:45,301 Epoch: [5/20] Iter:[110/192], Time: 0.53, lr: [0.007453044087115737], Loss: 3.979467, Acc:0.511342, Semantic loss: 1.570906, BCE loss: 1.477135, SB loss: 0.931426
2025-03-26 18:47:49,631 Epoch: [5/20] Iter:[120/192], Time: 0.52, lr: [0.007428824043550734], Loss: 3.981527, Acc:0.509567, Semantic loss: 1.571846, BCE loss: 1.477490, SB loss: 0.932191
2025-03-26 18:47:53,930 Epoch: [5/20] Iter:[130/192], Time: 0.51, lr: [0.007404595222997526], Loss: 3.991289, Acc:0.508129, Semantic loss: 1.577708, BCE loss: 1.478752, SB loss: 0.934829
2025-03-26 18:47:58,236 Epoch: [5/20] Iter:[140/192], Time: 0.51, lr: [0.007380357590341623], Loss: 3.989433, Acc:0.511553, Semantic loss: 1.571114, BCE loss: 1.487769, SB loss: 0.930551
2025-03-26 18:48:02,564 Epoch: [5/20] Iter:[150/192], Time: 0.50, lr: [0.007356111110199354], Loss: 3.992046, Acc:0.510999, Semantic loss: 1.572866, BCE loss: 1.489223, SB loss: 0.929957
2025-03-26 18:48:06,862 Epoch: [5/20] Iter:[160/192], Time: 0.50, lr: [0.00733185574691482], Loss: 3.996488, Acc:0.511458, Semantic loss: 1.571355, BCE loss: 1.496861, SB loss: 0.928273
2025-03-26 18:48:11,199 Epoch: [5/20] Iter:[170/192], Time: 0.49, lr: [0.007307591464556783], Loss: 3.991474, Acc:0.512658, Semantic loss: 1.569517, BCE loss: 1.497999, SB loss: 0.923959
2025-03-26 18:48:15,577 Epoch: [5/20] Iter:[180/192], Time: 0.49, lr: [0.007283318226915514], Loss: 4.008178, Acc:0.512172, Semantic loss: 1.573328, BCE loss: 1.508378, SB loss: 0.926472
2025-03-26 18:48:19,891 Epoch: [5/20] Iter:[190/192], Time: 0.49, lr: [0.007259035997499604], Loss: 4.002653, Acc:0.513518, Semantic loss: 1.569803, BCE loss: 1.508353, SB loss: 0.924497
2025-03-26 18:50:21,308 0 [0.         0.49035948 0.14495541 0.04025572 0.26413445 0.15451428
 0.04553166] 0.16282157140048883
2025-03-26 18:50:21,309 1 [0.         0.49121635 0.2231483  0.06309908 0.28898041 0.1189684
 0.04688385] 0.17604234139524874
2025-03-26 18:50:21,316 => saving checkpoint to output\loveda\pidnet_small_loveda\aug_mcheckpoint.pth.tar
2025-03-26 18:50:21,531 Loss: 3.813, MeanIU:  0.1760, Best_mIoU:  0.1760
2025-03-26 18:50:21,532 [0.         0.49121635 0.2231483  0.06309908 0.28898041 0.1189684
 0.04688385]
2025-03-26 18:50:32,586 Epoch: [6/20] Iter:[0/192], Time: 10.85, lr: [0.007254178469372199], Loss: 4.176074, Acc:0.541423, Semantic loss: 1.567787, BCE loss: 1.679533, SB loss: 0.928753
2025-03-26 18:50:36,871 Epoch: [6/20] Iter:[10/192], Time: 1.38, lr: [0.007229885401256642], Loss: 3.845913, Acc:0.526038, Semantic loss: 1.514575, BCE loss: 1.407678, SB loss: 0.923661
2025-03-26 18:50:41,222 Epoch: [6/20] Iter:[20/192], Time: 0.93, lr: [0.0072055832600777334], Loss: 3.879057, Acc:0.510728, Semantic loss: 1.531457, BCE loss: 1.420735, SB loss: 0.926865
2025-03-26 18:50:45,569 Epoch: [6/20] Iter:[30/192], Time: 0.77, lr: [0.007181272008420604], Loss: 3.879915, Acc:0.519959, Semantic loss: 1.539601, BCE loss: 1.429705, SB loss: 0.910609
2025-03-26 18:50:49,914 Epoch: [6/20] Iter:[40/192], Time: 0.69, lr: [0.007156951608574727], Loss: 3.909199, Acc:0.518401, Semantic loss: 1.538252, BCE loss: 1.444945, SB loss: 0.926002
2025-03-26 18:50:54,217 Epoch: [6/20] Iter:[50/192], Time: 0.64, lr: [0.007132622022530447], Loss: 3.905006, Acc:0.516750, Semantic loss: 1.551219, BCE loss: 1.420045, SB loss: 0.933742
2025-03-26 18:50:58,740 Epoch: [6/20] Iter:[60/192], Time: 0.61, lr: [0.007108283211975477], Loss: 3.954468, Acc:0.518966, Semantic loss: 1.555556, BCE loss: 1.474518, SB loss: 0.924394
2025-03-26 18:51:03,075 Epoch: [6/20] Iter:[70/192], Time: 0.58, lr: [0.007083935138291319], Loss: 3.941488, Acc:0.518668, Semantic loss: 1.552329, BCE loss: 1.465108, SB loss: 0.924051
2025-03-26 18:51:07,501 Epoch: [6/20] Iter:[80/192], Time: 0.57, lr: [0.007059577762549636], Loss: 3.943819, Acc:0.522925, Semantic loss: 1.542176, BCE loss: 1.476154, SB loss: 0.925489
2025-03-26 18:51:12,041 Epoch: [6/20] Iter:[90/192], Time: 0.55, lr: [0.007035211045508576], Loss: 3.931963, Acc:0.527626, Semantic loss: 1.528656, BCE loss: 1.483929, SB loss: 0.919378
2025-03-26 18:51:17,156 Epoch: [6/20] Iter:[100/192], Time: 0.55, lr: [0.0070108349476090265], Loss: 3.943337, Acc:0.529151, Semantic loss: 1.526175, BCE loss: 1.500781, SB loss: 0.916381
2025-03-26 18:51:21,510 Epoch: [6/20] Iter:[110/192], Time: 0.54, lr: [0.00698644942897081], Loss: 3.941611, Acc:0.524333, Semantic loss: 1.528008, BCE loss: 1.497231, SB loss: 0.916372
2025-03-26 18:51:26,007 Epoch: [6/20] Iter:[120/192], Time: 0.53, lr: [0.006962054449388827], Loss: 3.946318, Acc:0.523197, Semantic loss: 1.532078, BCE loss: 1.501005, SB loss: 0.913235
2025-03-26 18:51:30,457 Epoch: [6/20] Iter:[130/192], Time: 0.52, lr: [0.006937649968329135], Loss: 3.957873, Acc:0.522407, Semantic loss: 1.532293, BCE loss: 1.508421, SB loss: 0.917159
2025-03-26 18:51:34,824 Epoch: [6/20] Iter:[140/192], Time: 0.52, lr: [0.006913235944924954], Loss: 3.971117, Acc:0.523274, Semantic loss: 1.530163, BCE loss: 1.521124, SB loss: 0.919830
2025-03-26 18:51:39,133 Epoch: [6/20] Iter:[150/192], Time: 0.51, lr: [0.006888812337972621], Loss: 3.963058, Acc:0.523211, Semantic loss: 1.530579, BCE loss: 1.514693, SB loss: 0.917786
2025-03-26 18:51:43,638 Epoch: [6/20] Iter:[160/192], Time: 0.51, lr: [0.00686437910592748], Loss: 3.954464, Acc:0.522462, Semantic loss: 1.530682, BCE loss: 1.509550, SB loss: 0.914232
2025-03-26 18:51:48,038 Epoch: [6/20] Iter:[170/192], Time: 0.50, lr: [0.00683993620689969], Loss: 3.951035, Acc:0.522532, Semantic loss: 1.528978, BCE loss: 1.507560, SB loss: 0.914497
2025-03-26 18:51:52,424 Epoch: [6/20] Iter:[180/192], Time: 0.50, lr: [0.0068154835986499775], Loss: 3.945727, Acc:0.524346, Semantic loss: 1.525120, BCE loss: 1.507049, SB loss: 0.913558
2025-03-26 18:51:56,682 Epoch: [6/20] Iter:[190/192], Time: 0.50, lr: [0.006791021238585323], Loss: 3.936995, Acc:0.525401, Semantic loss: 1.523834, BCE loss: 1.501887, SB loss: 0.911275
2025-03-26 18:53:59,222 0 [0.         0.54013605 0.1842516  0.10799938 0.26868062 0.06301636
 0.01224538] 0.16804705624893349
2025-03-26 18:53:59,222 1 [0.         0.50368989 0.18233061 0.18060475 0.29406661 0.01163408
 0.00522821] 0.16822202068676803
2025-03-26 18:53:59,228 => saving checkpoint to output\loveda\pidnet_small_loveda\aug_mcheckpoint.pth.tar
2025-03-26 18:53:59,352 Loss: 3.723, MeanIU:  0.1682, Best_mIoU:  0.1760
2025-03-26 18:53:59,352 [0.         0.50368989 0.18233061 0.18060475 0.29406661 0.01163408
 0.00522821]
2025-03-26 18:54:10,569 Epoch: [7/20] Iter:[0/192], Time: 11.03, lr: [0.006786127592581251], Loss: 4.398458, Acc:0.522257, Semantic loss: 1.392160, BCE loss: 2.065515, SB loss: 0.940783
2025-03-26 18:54:14,833 Epoch: [7/20] Iter:[10/192], Time: 1.39, lr: [0.006761653473611295], Loss: 3.781635, Acc:0.537178, Semantic loss: 1.429766, BCE loss: 1.495378, SB loss: 0.856491
2025-03-26 18:54:19,138 Epoch: [7/20] Iter:[20/192], Time: 0.93, lr: [0.006737169507854796], Loss: 3.807632, Acc:0.545710, Semantic loss: 1.424838, BCE loss: 1.535022, SB loss: 0.847771
2025-03-26 18:54:23,429 Epoch: [7/20] Iter:[30/192], Time: 0.77, lr: [0.006712675651556858], Loss: 3.840465, Acc:0.548999, Semantic loss: 1.444680, BCE loss: 1.536843, SB loss: 0.858942
2025-03-26 18:54:27,703 Epoch: [7/20] Iter:[40/192], Time: 0.69, lr: [0.006688171860589905], Loss: 3.784445, Acc:0.548265, Semantic loss: 1.440015, BCE loss: 1.485985, SB loss: 0.858444
2025-03-26 18:54:31,982 Epoch: [7/20] Iter:[50/192], Time: 0.64, lr: [0.0066636580904489585], Loss: 3.835112, Acc:0.542095, Semantic loss: 1.460090, BCE loss: 1.492663, SB loss: 0.882360
2025-03-26 18:54:36,311 Epoch: [7/20] Iter:[60/192], Time: 0.60, lr: [0.006639134296246874], Loss: 3.847066, Acc:0.539683, Semantic loss: 1.461865, BCE loss: 1.500037, SB loss: 0.885164
2025-03-26 18:54:40,646 Epoch: [7/20] Iter:[70/192], Time: 0.58, lr: [0.0066146004327094585], Loss: 3.853298, Acc:0.536355, Semantic loss: 1.472329, BCE loss: 1.495085, SB loss: 0.885884
2025-03-26 18:54:44,948 Epoch: [7/20] Iter:[80/192], Time: 0.56, lr: [0.006590056454170537], Loss: 3.859818, Acc:0.536537, Semantic loss: 1.472800, BCE loss: 1.503761, SB loss: 0.883257
2025-03-26 18:54:49,266 Epoch: [7/20] Iter:[90/192], Time: 0.55, lr: [0.006565502314566912], Loss: 3.863488, Acc:0.535876, Semantic loss: 1.479965, BCE loss: 1.490281, SB loss: 0.893241
2025-03-26 18:54:53,605 Epoch: [7/20] Iter:[100/192], Time: 0.54, lr: [0.006540937967433255], Loss: 3.863321, Acc:0.532924, Semantic loss: 1.481796, BCE loss: 1.489863, SB loss: 0.891663
2025-03-26 18:54:57,979 Epoch: [7/20] Iter:[110/192], Time: 0.53, lr: [0.006516363365896894], Loss: 3.853912, Acc:0.535111, Semantic loss: 1.477854, BCE loss: 1.484581, SB loss: 0.891477
2025-03-26 18:55:02,295 Epoch: [7/20] Iter:[120/192], Time: 0.52, lr: [0.006491778462672531], Loss: 3.851824, Acc:0.536093, Semantic loss: 1.471814, BCE loss: 1.492275, SB loss: 0.887734
2025-03-26 18:55:06,578 Epoch: [7/20] Iter:[130/192], Time: 0.51, lr: [0.006467183210056843], Loss: 3.862855, Acc:0.535176, Semantic loss: 1.474920, BCE loss: 1.498996, SB loss: 0.888938
2025-03-26 18:55:10,889 Epoch: [7/20] Iter:[140/192], Time: 0.51, lr: [0.006442577559923017], Loss: 3.859428, Acc:0.536328, Semantic loss: 1.472559, BCE loss: 1.498247, SB loss: 0.888623
2025-03-26 18:55:15,255 Epoch: [7/20] Iter:[150/192], Time: 0.50, lr: [0.006417961463715172], Loss: 3.851329, Acc:0.536655, Semantic loss: 1.473890, BCE loss: 1.488291, SB loss: 0.889148
2025-03-26 18:55:19,572 Epoch: [7/20] Iter:[160/192], Time: 0.50, lr: [0.006393334872442681], Loss: 3.854311, Acc:0.536989, Semantic loss: 1.477021, BCE loss: 1.487990, SB loss: 0.889300
2025-03-26 18:55:23,888 Epoch: [7/20] Iter:[170/192], Time: 0.49, lr: [0.006368697736674411], Loss: 3.858118, Acc:0.538517, Semantic loss: 1.480663, BCE loss: 1.486191, SB loss: 0.891264
2025-03-26 18:55:28,269 Epoch: [7/20] Iter:[180/192], Time: 0.49, lr: [0.006344050006532848], Loss: 3.863043, Acc:0.537661, Semantic loss: 1.483380, BCE loss: 1.489943, SB loss: 0.889720
2025-03-26 18:55:32,567 Epoch: [7/20] Iter:[190/192], Time: 0.49, lr: [0.006319391631688114], Loss: 3.861897, Acc:0.539173, Semantic loss: 1.480306, BCE loss: 1.491128, SB loss: 0.890463
2025-03-26 18:57:32,424 0 [0.         0.51701773 0.16711449 0.16774416 0.12392376 0.14643563
 0.04186483] 0.16630008634221244
2025-03-26 18:57:32,425 1 [0.         0.55162531 0.13294689 0.21470101 0.23114622 0.03796633
 0.03092994] 0.17133081321250546
2025-03-26 18:57:32,434 => saving checkpoint to output\loveda\pidnet_small_loveda\aug_mcheckpoint.pth.tar
2025-03-26 18:57:32,570 Loss: 3.892, MeanIU:  0.1713, Best_mIoU:  0.1760
2025-03-26 18:57:32,570 [0.         0.55162531 0.13294689 0.21470101 0.23114622 0.03796633
 0.03092994]
2025-03-26 18:57:43,670 Epoch: [8/20] Iter:[0/192], Time: 10.91, lr: [0.006314458674893553], Loss: 3.748872, Acc:0.627136, Semantic loss: 1.281245, BCE loss: 1.743261, SB loss: 0.724366
2025-03-26 18:57:47,935 Epoch: [8/20] Iter:[10/192], Time: 1.38, lr: [0.006289787459323657], Loss: 3.866865, Acc:0.552678, Semantic loss: 1.437160, BCE loss: 1.505827, SB loss: 0.923877
2025-03-26 18:57:52,170 Epoch: [8/20] Iter:[20/192], Time: 0.92, lr: [0.006265105486702424], Loss: 3.867651, Acc:0.542647, Semantic loss: 1.476376, BCE loss: 1.473166, SB loss: 0.918109
2025-03-26 18:57:56,437 Epoch: [8/20] Iter:[30/192], Time: 0.76, lr: [0.006240412705211017], Loss: 3.841373, Acc:0.540287, Semantic loss: 1.472133, BCE loss: 1.447485, SB loss: 0.921756
2025-03-26 18:58:00,690 Epoch: [8/20] Iter:[40/192], Time: 0.68, lr: [0.006215709062551949], Loss: 3.811864, Acc:0.542083, Semantic loss: 1.451650, BCE loss: 1.459134, SB loss: 0.901080
2025-03-26 18:58:05,027 Epoch: [8/20] Iter:[50/192], Time: 0.63, lr: [0.006190994505942529], Loss: 3.801228, Acc:0.539064, Semantic loss: 1.469530, BCE loss: 1.433036, SB loss: 0.898662
2025-03-26 18:58:09,314 Epoch: [8/20] Iter:[60/192], Time: 0.60, lr: [0.006166268982108192], Loss: 3.787781, Acc:0.538606, Semantic loss: 1.471582, BCE loss: 1.418881, SB loss: 0.897318
2025-03-26 18:58:13,573 Epoch: [8/20] Iter:[70/192], Time: 0.57, lr: [0.006141532437275693], Loss: 3.767832, Acc:0.537236, Semantic loss: 1.467361, BCE loss: 1.411328, SB loss: 0.889144
2025-03-26 18:58:17,904 Epoch: [8/20] Iter:[80/192], Time: 0.56, lr: [0.006116784817166194], Loss: 3.775008, Acc:0.535511, Semantic loss: 1.467818, BCE loss: 1.414453, SB loss: 0.892737
2025-03-26 18:58:22,116 Epoch: [8/20] Iter:[90/192], Time: 0.54, lr: [0.006092026066988214], Loss: 3.798972, Acc:0.537029, Semantic loss: 1.471739, BCE loss: 1.438428, SB loss: 0.888805
2025-03-26 18:58:26,445 Epoch: [8/20] Iter:[100/192], Time: 0.53, lr: [0.006067256131430442], Loss: 3.810120, Acc:0.537722, Semantic loss: 1.467154, BCE loss: 1.451128, SB loss: 0.891839
2025-03-26 18:58:30,703 Epoch: [8/20] Iter:[110/192], Time: 0.52, lr: [0.00604247495465443], Loss: 3.808807, Acc:0.539953, Semantic loss: 1.459343, BCE loss: 1.460184, SB loss: 0.889280
2025-03-26 18:58:35,113 Epoch: [8/20] Iter:[120/192], Time: 0.52, lr: [0.006017682480287143], Loss: 3.807291, Acc:0.542021, Semantic loss: 1.457100, BCE loss: 1.458697, SB loss: 0.891494
2025-03-26 18:58:39,375 Epoch: [8/20] Iter:[130/192], Time: 0.51, lr: [0.00599287865141337], Loss: 3.804432, Acc:0.543205, Semantic loss: 1.456059, BCE loss: 1.458973, SB loss: 0.889400
2025-03-26 18:58:43,642 Epoch: [8/20] Iter:[140/192], Time: 0.50, lr: [0.005968063410567983], Loss: 3.803686, Acc:0.543581, Semantic loss: 1.452482, BCE loss: 1.459090, SB loss: 0.892114
2025-03-26 18:58:47,884 Epoch: [8/20] Iter:[150/192], Time: 0.50, lr: [0.00594323669972807], Loss: 3.807865, Acc:0.545975, Semantic loss: 1.449483, BCE loss: 1.468192, SB loss: 0.890190
2025-03-26 18:58:52,199 Epoch: [8/20] Iter:[160/192], Time: 0.49, lr: [0.005918398460304892], Loss: 3.808210, Acc:0.547187, Semantic loss: 1.448817, BCE loss: 1.470770, SB loss: 0.888623
2025-03-26 18:58:56,475 Epoch: [8/20] Iter:[170/192], Time: 0.49, lr: [0.0058935486331357125], Loss: 3.816843, Acc:0.547001, Semantic loss: 1.449577, BCE loss: 1.476585, SB loss: 0.890682
2025-03-26 18:59:00,821 Epoch: [8/20] Iter:[180/192], Time: 0.49, lr: [0.005868687158475447], Loss: 3.816798, Acc:0.547803, Semantic loss: 1.448276, BCE loss: 1.478261, SB loss: 0.890262
2025-03-26 18:59:05,117 Epoch: [8/20] Iter:[190/192], Time: 0.48, lr: [0.005843813975988169], Loss: 3.814088, Acc:0.548153, Semantic loss: 1.444955, BCE loss: 1.481568, SB loss: 0.887565
2025-03-26 19:01:05,200 0 [0.         0.57054612 0.20735492 0.21593531 0.3068875  0.12617589
 0.10219356] 0.2184418998630347
2025-03-26 19:01:05,200 1 [0.         0.52169777 0.20629249 0.26627428 0.34972084 0.00869269
 0.05723747] 0.20141650509734688
2025-03-26 19:01:05,209 => saving checkpoint to output\loveda\pidnet_small_loveda\aug_mcheckpoint.pth.tar
2025-03-26 19:01:05,424 Loss: 3.776, MeanIU:  0.2014, Best_mIoU:  0.2014
2025-03-26 19:01:05,424 [0.         0.52169777 0.20629249 0.26627428 0.34972084 0.00869269
 0.05723747]
2025-03-26 19:01:16,191 Epoch: [9/20] Iter:[0/192], Time: 10.59, lr: [0.0058388379291998025], Loss: 3.680812, Acc:0.601897, Semantic loss: 1.287384, BCE loss: 1.586321, SB loss: 0.807107
2025-03-26 19:01:20,325 Epoch: [9/20] Iter:[10/192], Time: 1.34, lr: [0.0058139506168319475], Loss: 3.605467, Acc:0.569561, Semantic loss: 1.366790, BCE loss: 1.406755, SB loss: 0.831922
2025-03-26 19:01:24,685 Epoch: [9/20] Iter:[20/192], Time: 0.91, lr: [0.005789051461775303], Loss: 3.668039, Acc:0.557764, Semantic loss: 1.413147, BCE loss: 1.416162, SB loss: 0.838730
2025-03-26 19:01:28,964 Epoch: [9/20] Iter:[30/192], Time: 0.75, lr: [0.005764140401744157], Loss: 3.705318, Acc:0.549287, Semantic loss: 1.425688, BCE loss: 1.425143, SB loss: 0.854486
2025-03-26 19:01:33,261 Epoch: [9/20] Iter:[40/192], Time: 0.67, lr: [0.005739217373824397], Loss: 3.724724, Acc:0.546804, Semantic loss: 1.430621, BCE loss: 1.437271, SB loss: 0.856832
2025-03-26 19:01:37,550 Epoch: [9/20] Iter:[50/192], Time: 0.63, lr: [0.005714282314464109], Loss: 3.749951, Acc:0.551230, Semantic loss: 1.417125, BCE loss: 1.478190, SB loss: 0.854636
2025-03-26 19:01:41,901 Epoch: [9/20] Iter:[60/192], Time: 0.60, lr: [0.005689335159463984], Loss: 3.744274, Acc:0.556148, Semantic loss: 1.417922, BCE loss: 1.465929, SB loss: 0.860423
2025-03-26 19:01:46,185 Epoch: [9/20] Iter:[70/192], Time: 0.57, lr: [0.0056643758439675305], Loss: 3.754100, Acc:0.554342, Semantic loss: 1.421065, BCE loss: 1.470913, SB loss: 0.862122
2025-03-26 19:01:50,484 Epoch: [9/20] Iter:[80/192], Time: 0.55, lr: [0.005639404302451105], Loss: 3.727279, Acc:0.559852, Semantic loss: 1.410095, BCE loss: 1.460449, SB loss: 0.856735
2025-03-26 19:01:54,807 Epoch: [9/20] Iter:[90/192], Time: 0.54, lr: [0.005614420468713722], Loss: 3.738284, Acc:0.558244, Semantic loss: 1.416001, BCE loss: 1.460941, SB loss: 0.861343
2025-03-26 19:01:59,106 Epoch: [9/20] Iter:[100/192], Time: 0.53, lr: [0.005589424275866668], Loss: 3.735332, Acc:0.560378, Semantic loss: 1.415000, BCE loss: 1.461743, SB loss: 0.858588
2025-03-26 19:02:03,375 Epoch: [9/20] Iter:[110/192], Time: 0.52, lr: [0.005564415656322913], Loss: 3.752789, Acc:0.559487, Semantic loss: 1.420158, BCE loss: 1.471323, SB loss: 0.861307
2025-03-26 19:02:07,759 Epoch: [9/20] Iter:[120/192], Time: 0.51, lr: [0.00553939454178628], Loss: 3.757671, Acc:0.560536, Semantic loss: 1.416076, BCE loss: 1.480681, SB loss: 0.860913
2025-03-26 19:02:12,057 Epoch: [9/20] Iter:[130/192], Time: 0.51, lr: [0.005514360863240413], Loss: 3.753394, Acc:0.559548, Semantic loss: 1.418908, BCE loss: 1.476072, SB loss: 0.858415
2025-03-26 19:02:16,449 Epoch: [9/20] Iter:[140/192], Time: 0.50, lr: [0.005489314550937511], Loss: 3.745465, Acc:0.561668, Semantic loss: 1.411550, BCE loss: 1.475812, SB loss: 0.858102
2025-03-26 19:02:20,737 Epoch: [9/20] Iter:[150/192], Time: 0.50, lr: [0.005464255534386825], Loss: 3.735891, Acc:0.563662, Semantic loss: 1.403859, BCE loss: 1.474300, SB loss: 0.857731
2025-03-26 19:02:25,080 Epoch: [9/20] Iter:[160/192], Time: 0.49, lr: [0.005439183742342914], Loss: 3.746554, Acc:0.563942, Semantic loss: 1.407334, BCE loss: 1.481628, SB loss: 0.857591
2025-03-26 19:02:29,385 Epoch: [9/20] Iter:[170/192], Time: 0.49, lr: [0.00541409910279366], Loss: 3.746376, Acc:0.563055, Semantic loss: 1.404996, BCE loss: 1.485455, SB loss: 0.855926
2025-03-26 19:02:33,746 Epoch: [9/20] Iter:[180/192], Time: 0.49, lr: [0.005389001542948025], Loss: 3.757488, Acc:0.561993, Semantic loss: 1.411113, BCE loss: 1.487424, SB loss: 0.858952
2025-03-26 19:02:38,043 Epoch: [9/20] Iter:[190/192], Time: 0.48, lr: [0.005363890989223547], Loss: 3.747837, Acc:0.561067, Semantic loss: 1.410841, BCE loss: 1.476788, SB loss: 0.860208
2025-03-26 19:04:38,213 0 [0.         0.60872768 0.27053905 0.23121782 0.25839346 0.17670996
 0.04841666] 0.22771494771667403
2025-03-26 19:04:38,214 1 [0.         0.57889498 0.23386369 0.28370837 0.28603693 0.17367117
 0.03202995] 0.2268864417237467
2025-03-26 19:04:38,223 => saving checkpoint to output\loveda\pidnet_small_loveda\aug_mcheckpoint.pth.tar
2025-03-26 19:04:38,440 Loss: 3.565, MeanIU:  0.2269, Best_mIoU:  0.2269
2025-03-26 19:04:38,441 [0.         0.57889498 0.23386369 0.28370837 0.28603693 0.17367117
 0.03202995]
2025-03-26 19:04:49,112 Epoch: [10/20] Iter:[0/192], Time: 10.48, lr: [0.005358867312681466], Loss: 3.577617, Acc:0.599212, Semantic loss: 1.306052, BCE loss: 1.540296, SB loss: 0.731269
2025-03-26 19:04:53,492 Epoch: [10/20] Iter:[10/192], Time: 1.35, lr: [0.005333741068040314], Loss: 3.844091, Acc:0.575269, Semantic loss: 1.401832, BCE loss: 1.577915, SB loss: 0.864344
2025-03-26 19:04:57,931 Epoch: [10/20] Iter:[20/192], Time: 0.92, lr: [0.0053086016647897714], Loss: 3.835370, Acc:0.577224, Semantic loss: 1.416253, BCE loss: 1.556327, SB loss: 0.862790
2025-03-26 19:05:02,392 Epoch: [10/20] Iter:[30/192], Time: 0.77, lr: [0.005283449026727663], Loss: 3.861194, Acc:0.562721, Semantic loss: 1.422020, BCE loss: 1.574276, SB loss: 0.864898
2025-03-26 19:05:06,877 Epoch: [10/20] Iter:[40/192], Time: 0.69, lr: [0.005258283076804885], Loss: 3.850558, Acc:0.572310, Semantic loss: 1.402129, BCE loss: 1.585911, SB loss: 0.862518
2025-03-26 19:05:11,216 Epoch: [10/20] Iter:[50/192], Time: 0.64, lr: [0.00523310373711144], Loss: 3.803562, Acc:0.570354, Semantic loss: 1.386926, BCE loss: 1.565091, SB loss: 0.851545
2025-03-26 19:05:15,673 Epoch: [10/20] Iter:[60/192], Time: 0.61, lr: [0.005207910928862159], Loss: 3.775034, Acc:0.569021, Semantic loss: 1.383840, BCE loss: 1.546976, SB loss: 0.844219
2025-03-26 19:05:20,178 Epoch: [10/20] Iter:[70/192], Time: 0.59, lr: [0.005182704572382109], Loss: 3.751018, Acc:0.567757, Semantic loss: 1.387507, BCE loss: 1.521475, SB loss: 0.842037
2025-03-26 19:05:24,490 Epoch: [10/20] Iter:[80/192], Time: 0.57, lr: [0.005157484587091684], Loss: 3.753441, Acc:0.568689, Semantic loss: 1.387646, BCE loss: 1.524806, SB loss: 0.840990
2025-03-26 19:05:28,692 Epoch: [10/20] Iter:[90/192], Time: 0.55, lr: [0.005132250891491357], Loss: 3.737886, Acc:0.566806, Semantic loss: 1.386505, BCE loss: 1.515338, SB loss: 0.836043
2025-03-26 19:05:32,986 Epoch: [10/20] Iter:[100/192], Time: 0.54, lr: [0.005107003403146087], Loss: 3.716323, Acc:0.567535, Semantic loss: 1.382967, BCE loss: 1.495279, SB loss: 0.838077
2025-03-26 19:05:37,388 Epoch: [10/20] Iter:[110/192], Time: 0.53, lr: [0.005081742038669388], Loss: 3.728460, Acc:0.566109, Semantic loss: 1.390518, BCE loss: 1.495000, SB loss: 0.842941
2025-03-26 19:05:41,747 Epoch: [10/20] Iter:[120/192], Time: 0.52, lr: [0.005056466713707024], Loss: 3.722415, Acc:0.564931, Semantic loss: 1.393708, BCE loss: 1.482171, SB loss: 0.846535
2025-03-26 19:05:46,102 Epoch: [10/20] Iter:[130/192], Time: 0.52, lr: [0.005031177342920337], Loss: 3.714694, Acc:0.565438, Semantic loss: 1.393193, BCE loss: 1.476364, SB loss: 0.845137
2025-03-26 19:05:50,471 Epoch: [10/20] Iter:[140/192], Time: 0.51, lr: [0.005005873839969192], Loss: 3.715326, Acc:0.564327, Semantic loss: 1.395908, BCE loss: 1.467016, SB loss: 0.852403
2025-03-26 19:05:54,778 Epoch: [10/20] Iter:[150/192], Time: 0.50, lr: [0.00498055611749454], Loss: 3.721449, Acc:0.564758, Semantic loss: 1.398194, BCE loss: 1.468320, SB loss: 0.854935
2025-03-26 19:05:59,147 Epoch: [10/20] Iter:[160/192], Time: 0.50, lr: [0.004955224087100552], Loss: 3.718623, Acc:0.565843, Semantic loss: 1.395288, BCE loss: 1.469330, SB loss: 0.854006
2025-03-26 19:06:03,414 Epoch: [10/20] Iter:[170/192], Time: 0.50, lr: [0.004929877659336362], Loss: 3.721692, Acc:0.566770, Semantic loss: 1.394587, BCE loss: 1.471361, SB loss: 0.855745
2025-03-26 19:06:07,753 Epoch: [10/20] Iter:[180/192], Time: 0.49, lr: [0.004904516743677371], Loss: 3.718350, Acc:0.565886, Semantic loss: 1.395505, BCE loss: 1.466964, SB loss: 0.855882
2025-03-26 19:06:12,060 Epoch: [10/20] Iter:[190/192], Time: 0.49, lr: [0.00487914124850611], Loss: 3.723302, Acc:0.565823, Semantic loss: 1.396073, BCE loss: 1.471515, SB loss: 0.855714
2025-03-26 19:08:13,332 0 [0.         0.56991888 0.21646905 0.1310054  0.37144253 0.13768203
 0.08412249] 0.2158057694449384
2025-03-26 19:08:13,333 1 [0.         0.5284955  0.25576297 0.26581397 0.39956495 0.10086221
 0.05451041] 0.22928714458658825
2025-03-26 19:08:13,341 => saving checkpoint to output\loveda\pidnet_small_loveda\aug_mcheckpoint.pth.tar
2025-03-26 19:08:13,637 Loss: 3.588, MeanIU:  0.2293, Best_mIoU:  0.2293
2025-03-26 19:08:13,637 [0.         0.5284955  0.25576297 0.26581397 0.39956495 0.10086221
 0.05451041]
2025-03-26 19:08:24,642 Epoch: [11/20] Iter:[0/192], Time: 10.82, lr: [0.004874064391789954], Loss: 3.720196, Acc:0.684113, Semantic loss: 1.272358, BCE loss: 1.629143, SB loss: 0.818696
2025-03-26 19:08:28,814 Epoch: [11/20] Iter:[10/192], Time: 1.36, lr: [0.004848671278701159], Loss: 3.591833, Acc:0.609306, Semantic loss: 1.265965, BCE loss: 1.518628, SB loss: 0.807240
2025-03-26 19:08:33,049 Epoch: [11/20] Iter:[20/192], Time: 0.92, lr: [0.0048232633805975296], Loss: 3.650913, Acc:0.588907, Semantic loss: 1.312148, BCE loss: 1.530610, SB loss: 0.808155
2025-03-26 19:08:37,348 Epoch: [11/20] Iter:[30/192], Time: 0.76, lr: [0.00479784060223045], Loss: 3.632415, Acc:0.586894, Semantic loss: 1.335864, BCE loss: 1.479336, SB loss: 0.817215
2025-03-26 19:08:41,772 Epoch: [11/20] Iter:[40/192], Time: 0.68, lr: [0.004772402847172951], Loss: 3.610297, Acc:0.589912, Semantic loss: 1.331613, BCE loss: 1.466452, SB loss: 0.812232
2025-03-26 19:08:46,053 Epoch: [11/20] Iter:[50/192], Time: 0.63, lr: [0.004746950017798064], Loss: 3.614754, Acc:0.590004, Semantic loss: 1.320674, BCE loss: 1.473709, SB loss: 0.820371
2025-03-26 19:08:50,410 Epoch: [11/20] Iter:[60/192], Time: 0.60, lr: [0.004721482015256639], Loss: 3.608239, Acc:0.590413, Semantic loss: 1.315347, BCE loss: 1.467639, SB loss: 0.825254
2025-03-26 19:08:54,671 Epoch: [11/20] Iter:[70/192], Time: 0.58, lr: [0.004695998739454633], Loss: 3.634266, Acc:0.593407, Semantic loss: 1.321858, BCE loss: 1.483322, SB loss: 0.829086
2025-03-26 19:08:59,004 Epoch: [11/20] Iter:[80/192], Time: 0.56, lr: [0.004670500089029817], Loss: 3.631996, Acc:0.591596, Semantic loss: 1.321690, BCE loss: 1.484483, SB loss: 0.825823
2025-03-26 19:09:03,236 Epoch: [11/20] Iter:[90/192], Time: 0.54, lr: [0.004644985961327915], Loss: 3.628492, Acc:0.586195, Semantic loss: 1.338703, BCE loss: 1.463442, SB loss: 0.826347
2025-03-26 19:09:07,633 Epoch: [11/20] Iter:[100/192], Time: 0.53, lr: [0.004619456252378151], Loss: 3.635184, Acc:0.585552, Semantic loss: 1.340712, BCE loss: 1.465736, SB loss: 0.828737
2025-03-26 19:09:11,973 Epoch: [11/20] Iter:[110/192], Time: 0.52, lr: [0.004593910856868159], Loss: 3.642944, Acc:0.583488, Semantic loss: 1.344672, BCE loss: 1.463182, SB loss: 0.835091
2025-03-26 19:09:16,366 Epoch: [11/20] Iter:[120/192], Time: 0.52, lr: [0.004568349668118281], Loss: 3.653546, Acc:0.580773, Semantic loss: 1.350719, BCE loss: 1.464290, SB loss: 0.838536
2025-03-26 19:09:20,654 Epoch: [11/20] Iter:[130/192], Time: 0.51, lr: [0.004542772578055196], Loss: 3.662629, Acc:0.577365, Semantic loss: 1.356041, BCE loss: 1.465695, SB loss: 0.840894
2025-03-26 19:09:24,962 Epoch: [11/20] Iter:[140/192], Time: 0.50, lr: [0.00451717947718487], Loss: 3.667796, Acc:0.578080, Semantic loss: 1.354403, BCE loss: 1.474932, SB loss: 0.838461
2025-03-26 19:09:29,283 Epoch: [11/20] Iter:[150/192], Time: 0.50, lr: [0.004491570254564817], Loss: 3.674145, Acc:0.576809, Semantic loss: 1.359843, BCE loss: 1.471892, SB loss: 0.842409
2025-03-26 19:09:33,591 Epoch: [11/20] Iter:[160/192], Time: 0.50, lr: [0.004465944797775636], Loss: 3.674667, Acc:0.576868, Semantic loss: 1.359814, BCE loss: 1.471556, SB loss: 0.843298
2025-03-26 19:09:37,939 Epoch: [11/20] Iter:[170/192], Time: 0.49, lr: [0.004440302992891796], Loss: 3.679758, Acc:0.576262, Semantic loss: 1.361974, BCE loss: 1.474911, SB loss: 0.842873
2025-03-26 19:09:42,312 Epoch: [11/20] Iter:[180/192], Time: 0.49, lr: [0.004414644724451659], Loss: 3.682768, Acc:0.574566, Semantic loss: 1.364652, BCE loss: 1.473717, SB loss: 0.844398
2025-03-26 19:09:46,622 Epoch: [11/20] Iter:[190/192], Time: 0.49, lr: [0.004388969875426714], Loss: 3.683020, Acc:0.574940, Semantic loss: 1.366470, BCE loss: 1.469477, SB loss: 0.847073
2025-03-26 19:11:47,392 0 [0.         0.58591154 0.2228087  0.2714036  0.20400341 0.22945237
 0.04111477] 0.22209919851698093
2025-03-26 19:11:47,392 1 [0.         0.57833181 0.20417096 0.31967702 0.36855778 0.16645289
 0.02072142] 0.2368445545644168
2025-03-26 19:11:47,401 => saving checkpoint to output\loveda\pidnet_small_loveda\aug_mcheckpoint.pth.tar
2025-03-26 19:11:47,596 Loss: 3.634, MeanIU:  0.2368, Best_mIoU:  0.2368
2025-03-26 19:11:47,596 [0.         0.57833181 0.20417096 0.31967702 0.36855778 0.16645289
 0.02072142]
2025-03-26 19:11:58,565 Epoch: [12/20] Iter:[0/192], Time: 10.79, lr: [0.0043838329055408696], Loss: 3.687700, Acc:0.682981, Semantic loss: 1.158877, BCE loss: 1.721203, SB loss: 0.807621
2025-03-26 19:12:02,743 Epoch: [12/20] Iter:[10/192], Time: 1.36, lr: [0.004358138003083593], Loss: 3.787693, Acc:0.579044, Semantic loss: 1.343615, BCE loss: 1.628674, SB loss: 0.815404
2025-03-26 19:12:07,152 Epoch: [12/20] Iter:[20/192], Time: 0.92, lr: [0.0043324262569064236], Loss: 3.740048, Acc:0.582157, Semantic loss: 1.355286, BCE loss: 1.542706, SB loss: 0.842056
2025-03-26 19:12:11,494 Epoch: [12/20] Iter:[30/192], Time: 0.77, lr: [0.0043066975447503065], Loss: 3.718742, Acc:0.575219, Semantic loss: 1.380152, BCE loss: 1.495441, SB loss: 0.843149
2025-03-26 19:12:15,896 Epoch: [12/20] Iter:[40/192], Time: 0.69, lr: [0.00428095174265078], Loss: 3.706309, Acc:0.583081, Semantic loss: 1.370273, BCE loss: 1.508167, SB loss: 0.827868
2025-03-26 19:12:20,252 Epoch: [12/20] Iter:[50/192], Time: 0.64, lr: [0.004255188724902623], Loss: 3.722616, Acc:0.583276, Semantic loss: 1.373173, BCE loss: 1.516781, SB loss: 0.832662
2025-03-26 19:12:24,682 Epoch: [12/20] Iter:[60/192], Time: 0.60, lr: [0.004229408364023519], Loss: 3.719326, Acc:0.588422, Semantic loss: 1.363877, BCE loss: 1.526834, SB loss: 0.828615
2025-03-26 19:12:29,002 Epoch: [12/20] Iter:[70/192], Time: 0.58, lr: [0.004203610530716726], Loss: 3.706513, Acc:0.583513, Semantic loss: 1.366391, BCE loss: 1.511354, SB loss: 0.828769
2025-03-26 19:12:33,399 Epoch: [12/20] Iter:[80/192], Time: 0.56, lr: [0.004177795093832693], Loss: 3.703072, Acc:0.583240, Semantic loss: 1.367729, BCE loss: 1.508276, SB loss: 0.827068
2025-03-26 19:12:37,683 Epoch: [12/20] Iter:[90/192], Time: 0.55, lr: [0.004151961920329593], Loss: 3.688142, Acc:0.582114, Semantic loss: 1.371293, BCE loss: 1.494543, SB loss: 0.822307
2025-03-26 19:12:42,044 Epoch: [12/20] Iter:[100/192], Time: 0.54, lr: [0.004126110875232744], Loss: 3.688909, Acc:0.584972, Semantic loss: 1.365223, BCE loss: 1.500305, SB loss: 0.823381
2025-03-26 19:12:46,302 Epoch: [12/20] Iter:[110/192], Time: 0.53, lr: [0.004100241821592866], Loss: 3.675930, Acc:0.583031, Semantic loss: 1.360373, BCE loss: 1.489267, SB loss: 0.826290
2025-03-26 19:12:50,672 Epoch: [12/20] Iter:[120/192], Time: 0.52, lr: [0.00407435462044314], Loss: 3.669884, Acc:0.585102, Semantic loss: 1.353062, BCE loss: 1.489450, SB loss: 0.827372
2025-03-26 19:12:54,973 Epoch: [12/20] Iter:[130/192], Time: 0.51, lr: [0.004048449130755016], Loss: 3.668135, Acc:0.583187, Semantic loss: 1.352949, BCE loss: 1.489674, SB loss: 0.825511
2025-03-26 19:12:59,379 Epoch: [12/20] Iter:[140/192], Time: 0.51, lr: [0.004022525209392749], Loss: 3.671727, Acc:0.583832, Semantic loss: 1.352001, BCE loss: 1.493028, SB loss: 0.826698
2025-03-26 19:13:03,692 Epoch: [12/20] Iter:[150/192], Time: 0.50, lr: [0.003996582711066572], Loss: 3.664551, Acc:0.584036, Semantic loss: 1.346974, BCE loss: 1.491838, SB loss: 0.825739
2025-03-26 19:13:07,992 Epoch: [12/20] Iter:[160/192], Time: 0.50, lr: [0.003970621488284514], Loss: 3.653868, Acc:0.583740, Semantic loss: 1.342928, BCE loss: 1.482605, SB loss: 0.828335
2025-03-26 19:13:12,302 Epoch: [12/20] Iter:[170/192], Time: 0.49, lr: [0.003944641391302759], Loss: 3.655697, Acc:0.581703, Semantic loss: 1.347910, BCE loss: 1.477685, SB loss: 0.830103
2025-03-26 19:13:16,675 Epoch: [12/20] Iter:[180/192], Time: 0.49, lr: [0.003918642268074522], Loss: 3.650696, Acc:0.580234, Semantic loss: 1.351733, BCE loss: 1.465283, SB loss: 0.833679
2025-03-26 19:13:20,927 Epoch: [12/20] Iter:[190/192], Time: 0.49, lr: [0.003892623964197378], Loss: 3.650830, Acc:0.579423, Semantic loss: 1.351204, BCE loss: 1.463871, SB loss: 0.835755
2025-03-26 19:15:21,792 0 [0.         0.61172551 0.31478098 0.27739923 0.28414181 0.10523118
 0.09155824] 0.24069099138457536
2025-03-26 19:15:21,792 1 [0.         0.5898535  0.35123272 0.35975207 0.296407   0.09356641
 0.08560557] 0.2537738960994681
2025-03-26 19:15:21,802 => saving checkpoint to output\loveda\pidnet_small_loveda\aug_mcheckpoint.pth.tar
2025-03-26 19:15:22,015 Loss: 3.521, MeanIU:  0.2538, Best_mIoU:  0.2538
2025-03-26 19:15:22,016 [0.         0.5898535  0.35123272 0.35975207 0.296407   0.09356641
 0.08560557]
2025-03-26 19:15:33,086 Epoch: [13/20] Iter:[0/192], Time: 10.89, lr: [0.0038874179879876346], Loss: 3.753935, Acc:0.642229, Semantic loss: 1.210450, BCE loss: 1.824575, SB loss: 0.718910
2025-03-26 19:15:37,257 Epoch: [13/20] Iter:[10/192], Time: 1.37, lr: [0.003861376460123532], Loss: 3.742105, Acc:0.593105, Semantic loss: 1.308237, BCE loss: 1.571054, SB loss: 0.862814
2025-03-26 19:15:41,638 Epoch: [13/20] Iter:[20/192], Time: 0.93, lr: [0.003835315403363414], Loss: 3.719640, Acc:0.594793, Semantic loss: 1.355069, BCE loss: 1.509428, SB loss: 0.855143
2025-03-26 19:15:45,913 Epoch: [13/20] Iter:[30/192], Time: 0.77, lr: [0.00380923465539378], Loss: 3.637695, Acc:0.598378, Semantic loss: 1.322159, BCE loss: 1.482045, SB loss: 0.833491
2025-03-26 19:15:50,214 Epoch: [13/20] Iter:[40/192], Time: 0.68, lr: [0.0037831340513060203], Loss: 3.649093, Acc:0.593107, Semantic loss: 1.323285, BCE loss: 1.495150, SB loss: 0.830658
2025-03-26 19:15:54,499 Epoch: [13/20] Iter:[50/192], Time: 0.63, lr: [0.003757013423534689], Loss: 3.669749, Acc:0.594636, Semantic loss: 1.334000, BCE loss: 1.507303, SB loss: 0.828446
2025-03-26 19:15:58,801 Epoch: [13/20] Iter:[60/192], Time: 0.60, lr: [0.003730872601793835], Loss: 3.662651, Acc:0.590747, Semantic loss: 1.328472, BCE loss: 1.506145, SB loss: 0.828034
2025-03-26 19:16:03,123 Epoch: [13/20] Iter:[70/192], Time: 0.58, lr: [0.0037047114130112895], Loss: 3.637895, Acc:0.592337, Semantic loss: 1.323726, BCE loss: 1.490508, SB loss: 0.823661
2025-03-26 19:16:07,479 Epoch: [13/20] Iter:[80/192], Time: 0.56, lr: [0.0036785296812608405], Loss: 3.654407, Acc:0.586725, Semantic loss: 1.351264, BCE loss: 1.462013, SB loss: 0.841130
2025-03-26 19:16:11,836 Epoch: [13/20] Iter:[90/192], Time: 0.55, lr: [0.003652327227692201], Loss: 3.678568, Acc:0.583116, Semantic loss: 1.358548, BCE loss: 1.476576, SB loss: 0.843444
2025-03-26 19:16:16,158 Epoch: [13/20] Iter:[100/192], Time: 0.53, lr: [0.0036261038704587037], Loss: 3.690577, Acc:0.580569, Semantic loss: 1.358965, BCE loss: 1.487743, SB loss: 0.843870
2025-03-26 19:16:20,502 Epoch: [13/20] Iter:[110/192], Time: 0.53, lr: [0.003599859424642584], Loss: 3.689500, Acc:0.581239, Semantic loss: 1.355911, BCE loss: 1.490463, SB loss: 0.843126
2025-03-26 19:16:24,830 Epoch: [13/20] Iter:[120/192], Time: 0.52, lr: [0.0035735937021778063], Loss: 3.678210, Acc:0.582508, Semantic loss: 1.352697, BCE loss: 1.485076, SB loss: 0.840438
2025-03-26 19:16:29,119 Epoch: [13/20] Iter:[130/192], Time: 0.51, lr: [0.0035473065117702885], Loss: 3.664852, Acc:0.583320, Semantic loss: 1.349393, BCE loss: 1.478103, SB loss: 0.837356
2025-03-26 19:16:33,472 Epoch: [13/20] Iter:[140/192], Time: 0.51, lr: [0.003520997658815433], Loss: 3.653955, Acc:0.583760, Semantic loss: 1.347938, BCE loss: 1.471993, SB loss: 0.834024
2025-03-26 19:16:37,739 Epoch: [13/20] Iter:[150/192], Time: 0.50, lr: [0.003494666945312851], Loss: 3.643530, Acc:0.585127, Semantic loss: 1.345882, BCE loss: 1.465002, SB loss: 0.832647
2025-03-26 19:16:42,091 Epoch: [13/20] Iter:[160/192], Time: 0.50, lr: [0.00346831416977816], Loss: 3.634058, Acc:0.585531, Semantic loss: 1.344850, BCE loss: 1.457178, SB loss: 0.832029
2025-03-26 19:16:46,406 Epoch: [13/20] Iter:[170/192], Time: 0.49, lr: [0.003441939127151716], Loss: 3.631656, Acc:0.587122, Semantic loss: 1.341190, BCE loss: 1.458652, SB loss: 0.831814
2025-03-26 19:16:50,802 Epoch: [13/20] Iter:[180/192], Time: 0.49, lr: [0.0034155416087041646], Loss: 3.622052, Acc:0.588294, Semantic loss: 1.335616, BCE loss: 1.456571, SB loss: 0.829865
2025-03-26 19:16:55,057 Epoch: [13/20] Iter:[190/192], Time: 0.49, lr: [0.0033891214019386652], Loss: 3.614356, Acc:0.588940, Semantic loss: 1.330058, BCE loss: 1.455660, SB loss: 0.828638
2025-03-26 19:18:56,232 0 [0.         0.58520481 0.24988572 0.2641356  0.27657461 0.16732488
 0.09078746] 0.23341615412140126
2025-03-26 19:18:56,233 1 [0.         0.57657486 0.34456845 0.36483161 0.3181012  0.11300246
 0.07998511] 0.256723384787334
2025-03-26 19:18:56,242 => saving checkpoint to output\loveda\pidnet_small_loveda\aug_mcheckpoint.pth.tar
2025-03-26 19:18:56,453 Loss: 3.619, MeanIU:  0.2567, Best_mIoU:  0.2567
2025-03-26 19:18:56,454 [0.         0.57657486 0.34456845 0.36483161 0.3181012  0.11300246
 0.07998511]
2025-03-26 19:19:07,610 Epoch: [14/20] Iter:[0/192], Time: 10.97, lr: [0.0033838346190164987], Loss: 3.638716, Acc:0.622444, Semantic loss: 1.167125, BCE loss: 1.630684, SB loss: 0.840907
2025-03-26 19:19:11,796 Epoch: [14/20] Iter:[10/192], Time: 1.38, lr: [0.0033573869003190927], Loss: 3.700205, Acc:0.588952, Semantic loss: 1.328472, BCE loss: 1.554176, SB loss: 0.817557
2025-03-26 19:19:16,045 Epoch: [14/20] Iter:[20/192], Time: 0.92, lr: [0.0033309160120447595], Loss: 3.613336, Acc:0.596019, Semantic loss: 1.295556, BCE loss: 1.491462, SB loss: 0.826318
2025-03-26 19:19:20,347 Epoch: [14/20] Iter:[30/192], Time: 0.76, lr: [0.0033044217289421207], Loss: 3.578337, Acc:0.594407, Semantic loss: 1.312216, BCE loss: 1.451282, SB loss: 0.814839
2025-03-26 19:19:24,738 Epoch: [14/20] Iter:[40/192], Time: 0.69, lr: [0.0032779038215418194], Loss: 3.589501, Acc:0.597623, Semantic loss: 1.311163, BCE loss: 1.468200, SB loss: 0.810139
2025-03-26 19:19:29,031 Epoch: [14/20] Iter:[50/192], Time: 0.64, lr: [0.0032513620560388795], Loss: 3.615609, Acc:0.589049, Semantic loss: 1.316403, BCE loss: 1.483285, SB loss: 0.815921
2025-03-26 19:19:33,388 Epoch: [14/20] Iter:[60/192], Time: 0.60, lr: [0.003224796194170671], Loss: 3.595363, Acc:0.593413, Semantic loss: 1.302290, BCE loss: 1.481229, SB loss: 0.811844
2025-03-26 19:19:37,682 Epoch: [14/20] Iter:[70/192], Time: 0.58, lr: [0.003198205993090303], Loss: 3.574771, Acc:0.592122, Semantic loss: 1.303651, BCE loss: 1.461729, SB loss: 0.809391
2025-03-26 19:19:42,044 Epoch: [14/20] Iter:[80/192], Time: 0.56, lr: [0.0031715912052352204], Loss: 3.576726, Acc:0.594324, Semantic loss: 1.302019, BCE loss: 1.469623, SB loss: 0.805084
2025-03-26 19:19:46,289 Epoch: [14/20] Iter:[90/192], Time: 0.55, lr: [0.0031449515781907557], Loss: 3.562202, Acc:0.599016, Semantic loss: 1.294651, BCE loss: 1.462583, SB loss: 0.804969
2025-03-26 19:19:50,587 Epoch: [14/20] Iter:[100/192], Time: 0.53, lr: [0.003118286854548424], Loss: 3.558563, Acc:0.597298, Semantic loss: 1.296599, BCE loss: 1.458139, SB loss: 0.803825
2025-03-26 19:19:54,840 Epoch: [14/20] Iter:[110/192], Time: 0.52, lr: [0.003091596771758693], Loss: 3.556779, Acc:0.600694, Semantic loss: 1.286838, BCE loss: 1.468315, SB loss: 0.801626
2025-03-26 19:19:59,136 Epoch: [14/20] Iter:[120/192], Time: 0.52, lr: [0.0030648810619779434], Loss: 3.573461, Acc:0.600872, Semantic loss: 1.293220, BCE loss: 1.476336, SB loss: 0.803905
2025-03-26 19:20:03,568 Epoch: [14/20] Iter:[130/192], Time: 0.51, lr: [0.0030381394519093602], Loss: 3.561353, Acc:0.600203, Semantic loss: 1.289808, BCE loss: 1.466748, SB loss: 0.804797
2025-03-26 19:20:07,965 Epoch: [14/20] Iter:[140/192], Time: 0.51, lr: [0.003011371662637431], Loss: 3.557954, Acc:0.599983, Semantic loss: 1.293648, BCE loss: 1.459490, SB loss: 0.804816
2025-03-26 19:20:12,494 Epoch: [14/20] Iter:[150/192], Time: 0.50, lr: [0.0029845774094557345], Loss: 3.563590, Acc:0.598593, Semantic loss: 1.295788, BCE loss: 1.462338, SB loss: 0.805464
2025-03-26 19:20:16,804 Epoch: [14/20] Iter:[160/192], Time: 0.50, lr: [0.002957756401687678], Loss: 3.561410, Acc:0.597919, Semantic loss: 1.300123, BCE loss: 1.456895, SB loss: 0.804393
2025-03-26 19:20:21,273 Epoch: [14/20] Iter:[170/192], Time: 0.49, lr: [0.002930908342499829], Loss: 3.562333, Acc:0.599857, Semantic loss: 1.297901, BCE loss: 1.459648, SB loss: 0.804784
2025-03-26 19:20:25,591 Epoch: [14/20] Iter:[180/192], Time: 0.49, lr: [0.002904032928707437], Loss: 3.559579, Acc:0.599241, Semantic loss: 1.297446, BCE loss: 1.455403, SB loss: 0.806730
2025-03-26 19:20:30,059 Epoch: [14/20] Iter:[190/192], Time: 0.49, lr: [0.0028771298505717554], Loss: 3.575088, Acc:0.596485, Semantic loss: 1.309194, BCE loss: 1.451055, SB loss: 0.814839
2025-03-26 19:22:31,133 0 [0.         0.59501135 0.26546994 0.25795355 0.27111521 0.20964629
 0.06567581] 0.23783887878880444
2025-03-26 19:22:31,133 1 [0.         0.58099616 0.33569792 0.33606632 0.3586097  0.09744405
 0.0615934 ] 0.2529153638192783
2025-03-26 19:22:31,143 => saving checkpoint to output\loveda\pidnet_small_loveda\aug_mcheckpoint.pth.tar
2025-03-26 19:22:31,280 Loss: 3.573, MeanIU:  0.2529, Best_mIoU:  0.2567
2025-03-26 19:22:31,281 [0.         0.58099616 0.33569792 0.33606632 0.3586097  0.09744405
 0.0615934 ]
2025-03-26 19:22:42,323 Epoch: [15/20] Iter:[0/192], Time: 10.86, lr: [0.0028717458874925874], Loss: 3.286186, Acc:0.573880, Semantic loss: 1.132956, BCE loss: 1.454983, SB loss: 0.698248
2025-03-26 19:22:46,500 Epoch: [15/20] Iter:[10/192], Time: 1.37, lr: [0.0028448091937488323], Loss: 3.524898, Acc:0.574225, Semantic loss: 1.358403, BCE loss: 1.348534, SB loss: 0.817960
2025-03-26 19:22:50,861 Epoch: [15/20] Iter:[20/192], Time: 0.92, lr: [0.002817844130111582], Loss: 3.623595, Acc:0.580375, Semantic loss: 1.365247, BCE loss: 1.403562, SB loss: 0.854785
2025-03-26 19:22:55,152 Epoch: [15/20] Iter:[30/192], Time: 0.76, lr: [0.0027908503644035994], Loss: 3.675978, Acc:0.584278, Semantic loss: 1.369316, BCE loss: 1.464374, SB loss: 0.842287
2025-03-26 19:22:59,482 Epoch: [15/20] Iter:[40/192], Time: 0.68, lr: [0.0027638275569424097], Loss: 3.649523, Acc:0.579156, Semantic loss: 1.366191, BCE loss: 1.446907, SB loss: 0.836425
2025-03-26 19:23:03,705 Epoch: [15/20] Iter:[50/192], Time: 0.63, lr: [0.002736775360287257], Loss: 3.595737, Acc:0.582481, Semantic loss: 1.352203, BCE loss: 1.413121, SB loss: 0.830413
2025-03-26 19:23:08,017 Epoch: [15/20] Iter:[60/192], Time: 0.60, lr: [0.002709693418974644], Loss: 3.596237, Acc:0.585663, Semantic loss: 1.346687, BCE loss: 1.420291, SB loss: 0.829260
2025-03-26 19:23:12,300 Epoch: [15/20] Iter:[70/192], Time: 0.58, lr: [0.0026825813692418162], Loss: 3.547139, Acc:0.590712, Semantic loss: 1.322900, BCE loss: 1.404916, SB loss: 0.819323
2025-03-26 19:23:16,617 Epoch: [15/20] Iter:[80/192], Time: 0.56, lr: [0.0026554388387375], Loss: 3.556709, Acc:0.593554, Semantic loss: 1.320387, BCE loss: 1.410242, SB loss: 0.826080
2025-03-26 19:23:20,958 Epoch: [15/20] Iter:[90/192], Time: 0.54, lr: [0.002628265446219161], Loss: 3.555497, Acc:0.596616, Semantic loss: 1.318771, BCE loss: 1.414589, SB loss: 0.822136
2025-03-26 19:23:25,294 Epoch: [15/20] Iter:[100/192], Time: 0.53, lr: [0.002601060801235972], Loss: 3.558993, Acc:0.596474, Semantic loss: 1.320554, BCE loss: 1.417191, SB loss: 0.821248
2025-03-26 19:23:29,595 Epoch: [15/20] Iter:[110/192], Time: 0.52, lr: [0.002573824503796671], Loss: 3.558023, Acc:0.595875, Semantic loss: 1.313755, BCE loss: 1.428414, SB loss: 0.815854
2025-03-26 19:23:33,898 Epoch: [15/20] Iter:[120/192], Time: 0.52, lr: [0.00254655614402138], Loss: 3.571392, Acc:0.594248, Semantic loss: 1.316016, BCE loss: 1.437912, SB loss: 0.817464
2025-03-26 19:23:38,175 Epoch: [15/20] Iter:[130/192], Time: 0.51, lr: [0.0025192553017764118], Loss: 3.558309, Acc:0.596007, Semantic loss: 1.309365, BCE loss: 1.436166, SB loss: 0.812778
2025-03-26 19:23:42,532 Epoch: [15/20] Iter:[140/192], Time: 0.50, lr: [0.002491921546291034], Loss: 3.564630, Acc:0.595122, Semantic loss: 1.308091, BCE loss: 1.444392, SB loss: 0.812148
2025-03-26 19:23:46,844 Epoch: [15/20] Iter:[150/192], Time: 0.50, lr: [0.0024645544357550573], Loss: 3.567157, Acc:0.594550, Semantic loss: 1.308796, BCE loss: 1.444291, SB loss: 0.814070
2025-03-26 19:23:51,214 Epoch: [15/20] Iter:[160/192], Time: 0.50, lr: [0.002437153516896028], Loss: 3.570400, Acc:0.592008, Semantic loss: 1.315226, BCE loss: 1.438907, SB loss: 0.816266
2025-03-26 19:23:55,487 Epoch: [15/20] Iter:[170/192], Time: 0.49, lr: [0.0024097183245347467], Loss: 3.566091, Acc:0.595900, Semantic loss: 1.306518, BCE loss: 1.447699, SB loss: 0.811874
2025-03-26 19:23:59,861 Epoch: [15/20] Iter:[180/192], Time: 0.49, lr: [0.0023822483811177], Loss: 3.564447, Acc:0.597271, Semantic loss: 1.303383, BCE loss: 1.451337, SB loss: 0.809727
2025-03-26 19:24:04,143 Epoch: [15/20] Iter:[190/192], Time: 0.49, lr: [0.002354743196224891], Loss: 3.570759, Acc:0.596056, Semantic loss: 1.306721, BCE loss: 1.451330, SB loss: 0.812708
2025-03-26 19:26:05,291 0 [0.         0.59193873 0.25678765 0.27529662 0.20859228 0.12426906
 0.08399943] 0.2201262531338491
2025-03-26 19:26:05,292 1 [0.         0.58580585 0.26897429 0.34835227 0.29627725 0.11182286
 0.07150582] 0.2403911916271031
2025-03-26 19:26:05,300 => saving checkpoint to output\loveda\pidnet_small_loveda\aug_mcheckpoint.pth.tar
2025-03-26 19:26:05,413 Loss: 3.774, MeanIU:  0.2404, Best_mIoU:  0.2567
2025-03-26 19:26:05,414 [0.         0.58580585 0.26897429 0.34835227 0.29627725 0.11182286
 0.07150582]
2025-03-26 19:26:16,446 Epoch: [16/20] Iter:[0/192], Time: 10.85, lr: [0.0023492378861760376], Loss: 3.837618, Acc:0.620520, Semantic loss: 1.332267, BCE loss: 1.701414, SB loss: 0.803938
2025-03-26 19:26:20,630 Epoch: [16/20] Iter:[10/192], Time: 1.37, lr: [0.0023216897452738748], Loss: 3.534584, Acc:0.614363, Semantic loss: 1.269634, BCE loss: 1.456510, SB loss: 0.808440
2025-03-26 19:26:24,891 Epoch: [16/20] Iter:[20/192], Time: 0.92, lr: [0.0022941052360858027], Loss: 3.436372, Acc:0.615864, Semantic loss: 1.247242, BCE loss: 1.390954, SB loss: 0.798176
2025-03-26 19:26:29,211 Epoch: [16/20] Iter:[30/192], Time: 0.76, lr: [0.0022664838233947228], Loss: 3.519448, Acc:0.606895, Semantic loss: 1.288812, BCE loss: 1.423968, SB loss: 0.806668
2025-03-26 19:26:33,476 Epoch: [16/20] Iter:[40/192], Time: 0.68, lr: [0.0022388249567421017], Loss: 3.520515, Acc:0.610239, Semantic loss: 1.270516, BCE loss: 1.453794, SB loss: 0.796206
2025-03-26 19:26:37,738 Epoch: [16/20] Iter:[50/192], Time: 0.63, lr: [0.002211128069778427], Loss: 3.491663, Acc:0.613785, Semantic loss: 1.257144, BCE loss: 1.439621, SB loss: 0.794898
2025-03-26 19:26:42,141 Epoch: [16/20] Iter:[60/192], Time: 0.60, lr: [0.0021833925795765436], Loss: 3.526753, Acc:0.609457, Semantic loss: 1.265045, BCE loss: 1.463114, SB loss: 0.798594
2025-03-26 19:26:46,441 Epoch: [16/20] Iter:[70/192], Time: 0.58, lr: [0.0021556178859051967], Loss: 3.520846, Acc:0.609005, Semantic loss: 1.263386, BCE loss: 1.463500, SB loss: 0.793961
2025-03-26 19:26:50,808 Epoch: [16/20] Iter:[80/192], Time: 0.56, lr: [0.002127803370459852], Loss: 3.521015, Acc:0.610628, Semantic loss: 1.257402, BCE loss: 1.471808, SB loss: 0.791804
2025-03-26 19:26:55,143 Epoch: [16/20] Iter:[90/192], Time: 0.54, lr: [0.0020999483960476508], Loss: 3.491995, Acc:0.610217, Semantic loss: 1.255071, BCE loss: 1.453489, SB loss: 0.783435
2025-03-26 19:26:59,482 Epoch: [16/20] Iter:[100/192], Time: 0.53, lr: [0.0020720523057230294], Loss: 3.513607, Acc:0.611273, Semantic loss: 1.260616, BCE loss: 1.470755, SB loss: 0.782236
2025-03-26 19:27:03,768 Epoch: [16/20] Iter:[110/192], Time: 0.52, lr: [0.002044114421870228], Loss: 3.508455, Acc:0.611693, Semantic loss: 1.257944, BCE loss: 1.471200, SB loss: 0.779312
2025-03-26 19:27:08,171 Epoch: [16/20] Iter:[120/192], Time: 0.52, lr: [0.0020161340452285867], Loss: 3.505544, Acc:0.612875, Semantic loss: 1.257283, BCE loss: 1.467813, SB loss: 0.780447
2025-03-26 19:27:12,435 Epoch: [16/20] Iter:[130/192], Time: 0.51, lr: [0.001988110453856112], Loss: 3.497432, Acc:0.609694, Semantic loss: 1.260992, BCE loss: 1.454888, SB loss: 0.781552
2025-03-26 19:27:16,827 Epoch: [16/20] Iter:[140/192], Time: 0.51, lr: [0.0019600429020263607], Loss: 3.505217, Acc:0.608858, Semantic loss: 1.263108, BCE loss: 1.457878, SB loss: 0.784231
2025-03-26 19:27:21,188 Epoch: [16/20] Iter:[150/192], Time: 0.50, lr: [0.0019319306190532476], Loss: 3.510083, Acc:0.607991, Semantic loss: 1.264718, BCE loss: 1.461531, SB loss: 0.783834
2025-03-26 19:27:25,612 Epoch: [16/20] Iter:[160/192], Time: 0.50, lr: [0.0019037728080378042], Loss: 3.517917, Acc:0.606094, Semantic loss: 1.274665, BCE loss: 1.455198, SB loss: 0.788053
2025-03-26 19:27:29,932 Epoch: [16/20] Iter:[170/192], Time: 0.49, lr: [0.0018755686445303314], Loss: 3.507233, Acc:0.606764, Semantic loss: 1.273779, BCE loss: 1.445985, SB loss: 0.787469
2025-03-26 19:27:34,245 Epoch: [16/20] Iter:[180/192], Time: 0.49, lr: [0.001847317275100738], Loss: 3.517460, Acc:0.605390, Semantic loss: 1.278904, BCE loss: 1.448194, SB loss: 0.790361
2025-03-26 19:27:38,486 Epoch: [16/20] Iter:[190/192], Time: 0.49, lr: [0.0018190178158090872], Loss: 3.522947, Acc:0.605473, Semantic loss: 1.283994, BCE loss: 1.447429, SB loss: 0.791524
2025-03-26 19:29:12,026 0 [0.         0.59397765 0.26372531 0.26045074 0.23321629 0.19036893
 0.10491406] 0.23523613899990428
2025-03-26 19:29:12,026 1 [0.         0.52484988 0.38734931 0.33018367 0.39025645 0.06489488
 0.06080593] 0.25119144592365344
2025-03-26 19:29:12,032 => saving checkpoint to output\loveda\pidnet_small_loveda\aug_mcheckpoint.pth.tar
2025-03-26 19:29:12,120 Loss: 3.626, MeanIU:  0.2512, Best_mIoU:  0.2567
2025-03-26 19:29:12,120 [0.         0.52484988 0.38734931 0.33018367 0.39025645 0.06489488
 0.06080593]
2025-03-26 19:29:22,389 Epoch: [17/20] Iter:[0/192], Time: 10.08, lr: [0.0018133520731367456], Loss: 3.722152, Acc:0.603358, Semantic loss: 1.267317, BCE loss: 1.695855, SB loss: 0.758980
2025-03-26 19:29:26,247 Epoch: [17/20] Iter:[10/192], Time: 1.27, lr: [0.001784993693823396], Loss: 3.556223, Acc:0.590489, Semantic loss: 1.267062, BCE loss: 1.518458, SB loss: 0.770703
2025-03-26 19:29:30,128 Epoch: [17/20] Iter:[20/192], Time: 0.85, lr: [0.0017565851643374117], Loss: 3.553377, Acc:0.596083, Semantic loss: 1.275847, BCE loss: 1.492214, SB loss: 0.785317
2025-03-26 19:29:34,005 Epoch: [17/20] Iter:[30/192], Time: 0.70, lr: [0.0017281254915000803], Loss: 3.587176, Acc:0.594949, Semantic loss: 1.296323, BCE loss: 1.477425, SB loss: 0.813429
2025-03-26 19:29:37,880 Epoch: [17/20] Iter:[40/192], Time: 0.62, lr: [0.0016996136438923032], Loss: 3.568896, Acc:0.592850, Semantic loss: 1.302146, BCE loss: 1.462809, SB loss: 0.803941
2025-03-26 19:29:41,779 Epoch: [17/20] Iter:[50/192], Time: 0.58, lr: [0.0016710485496403851], Loss: 3.550237, Acc:0.595761, Semantic loss: 1.298783, BCE loss: 1.451516, SB loss: 0.799938
2025-03-26 19:29:45,663 Epoch: [17/20] Iter:[60/192], Time: 0.55, lr: [0.0016424290940290059], Loss: 3.534148, Acc:0.601045, Semantic loss: 1.290739, BCE loss: 1.449060, SB loss: 0.794348
2025-03-26 19:29:49,556 Epoch: [17/20] Iter:[70/192], Time: 0.52, lr: [0.0016137541169242962], Loss: 3.492316, Acc:0.603791, Semantic loss: 1.281281, BCE loss: 1.419360, SB loss: 0.791675
2025-03-26 19:29:53,462 Epoch: [17/20] Iter:[80/192], Time: 0.51, lr: [0.0015850224099878446], Loss: 3.501279, Acc:0.604958, Semantic loss: 1.276777, BCE loss: 1.433354, SB loss: 0.791148
2025-03-26 19:29:57,333 Epoch: [17/20] Iter:[90/192], Time: 0.49, lr: [0.001556232713660091], Loss: 3.494177, Acc:0.605015, Semantic loss: 1.273149, BCE loss: 1.433712, SB loss: 0.787316
2025-03-26 19:30:01,234 Epoch: [17/20] Iter:[100/192], Time: 0.48, lr: [0.0015273837138888994], Loss: 3.495755, Acc:0.606334, Semantic loss: 1.271779, BCE loss: 1.442097, SB loss: 0.781879
2025-03-26 19:30:05,127 Epoch: [17/20] Iter:[110/192], Time: 0.48, lr: [0.0014984740385759552], Loss: 3.511013, Acc:0.603567, Semantic loss: 1.274847, BCE loss: 1.451878, SB loss: 0.784287
2025-03-26 19:30:08,993 Epoch: [17/20] Iter:[120/192], Time: 0.47, lr: [0.0014695022537100475], Loss: 3.514124, Acc:0.600909, Semantic loss: 1.275594, BCE loss: 1.449501, SB loss: 0.789029
2025-03-26 19:30:12,877 Epoch: [17/20] Iter:[130/192], Time: 0.46, lr: [0.0014404668591521846], Loss: 3.515696, Acc:0.599262, Semantic loss: 1.281354, BCE loss: 1.443852, SB loss: 0.790490
2025-03-26 19:30:16,775 Epoch: [17/20] Iter:[140/192], Time: 0.46, lr: [0.0014113662840326588], Loss: 3.517636, Acc:0.600742, Semantic loss: 1.283424, BCE loss: 1.443567, SB loss: 0.790644
2025-03-26 19:30:20,673 Epoch: [17/20] Iter:[150/192], Time: 0.45, lr: [0.0013821988817145786], Loss: 3.516422, Acc:0.602658, Semantic loss: 1.279596, BCE loss: 1.445682, SB loss: 0.791144
2025-03-26 19:30:24,580 Epoch: [17/20] Iter:[160/192], Time: 0.45, lr: [0.0013529629242719093], Loss: 3.514313, Acc:0.604971, Semantic loss: 1.278895, BCE loss: 1.444786, SB loss: 0.790633
2025-03-26 19:30:28,469 Epoch: [17/20] Iter:[170/192], Time: 0.45, lr: [0.0013236565964223801], Loss: 3.516871, Acc:0.606243, Semantic loss: 1.277575, BCE loss: 1.448186, SB loss: 0.791110
2025-03-26 19:30:32,358 Epoch: [17/20] Iter:[180/192], Time: 0.44, lr: [0.0012942779888466518], Loss: 3.513317, Acc:0.606805, Semantic loss: 1.276250, BCE loss: 1.447993, SB loss: 0.789073
2025-03-26 19:30:36,208 Epoch: [17/20] Iter:[190/192], Time: 0.44, lr: [0.0012648250908145803], Loss: 3.509846, Acc:0.605896, Semantic loss: 1.276288, BCE loss: 1.444739, SB loss: 0.788819
2025-03-26 19:32:09,188 0 [0.         0.60177807 0.31885764 0.28607718 0.23511242 0.19636323
 0.10894585] 0.24959062657052528
2025-03-26 19:32:09,188 1 [0.         0.55952491 0.42092328 0.34312638 0.33745568 0.09634283
 0.12127504] 0.26837830170740995
2025-03-26 19:32:09,193 => saving checkpoint to output\loveda\pidnet_small_loveda\aug_mcheckpoint.pth.tar
2025-03-26 19:32:09,315 Loss: 3.604, MeanIU:  0.2684, Best_mIoU:  0.2684
2025-03-26 19:32:09,316 [0.         0.55952491 0.42092328 0.34312638 0.33745568 0.09634283
 0.12127504]
2025-03-26 19:32:19,502 Epoch: [18/20] Iter:[0/192], Time: 9.99, lr: [0.001258925411794167], Loss: 3.371484, Acc:0.565301, Semantic loss: 1.211487, BCE loss: 1.426363, SB loss: 0.733634
2025-03-26 19:32:23,380 Epoch: [18/20] Iter:[10/192], Time: 1.26, lr: [0.0012293805561511607], Loss: 3.560432, Acc:0.620863, Semantic loss: 1.281486, BCE loss: 1.478722, SB loss: 0.800225
2025-03-26 19:32:27,247 Epoch: [18/20] Iter:[20/192], Time: 0.84, lr: [0.0011997565879500753], Loss: 3.537927, Acc:0.620611, Semantic loss: 1.290543, BCE loss: 1.447376, SB loss: 0.800008
2025-03-26 19:32:31,150 Epoch: [18/20] Iter:[30/192], Time: 0.70, lr: [0.0011700511125444005], Loss: 3.528587, Acc:0.623387, Semantic loss: 1.291778, BCE loss: 1.437041, SB loss: 0.799767
2025-03-26 19:32:35,034 Epoch: [18/20] Iter:[40/192], Time: 0.62, lr: [0.0011402615929770753], Loss: 3.494627, Acc:0.622370, Semantic loss: 1.262950, BCE loss: 1.443212, SB loss: 0.788465
2025-03-26 19:32:38,914 Epoch: [18/20] Iter:[50/192], Time: 0.58, lr: [0.0011103853371305413], Loss: 3.464532, Acc:0.621831, Semantic loss: 1.255905, BCE loss: 1.427389, SB loss: 0.781239
2025-03-26 19:32:42,790 Epoch: [18/20] Iter:[60/192], Time: 0.55, lr: [0.001080419483295973], Loss: 3.439582, Acc:0.623044, Semantic loss: 1.251607, BCE loss: 1.411050, SB loss: 0.776926
2025-03-26 19:32:46,665 Epoch: [18/20] Iter:[70/192], Time: 0.52, lr: [0.0010503609839122385], Loss: 3.458423, Acc:0.624841, Semantic loss: 1.249458, BCE loss: 1.434496, SB loss: 0.774469
2025-03-26 19:32:50,533 Epoch: [18/20] Iter:[80/192], Time: 0.51, lr: [0.0010202065871765603], Loss: 3.486852, Acc:0.616340, Semantic loss: 1.265879, BCE loss: 1.439884, SB loss: 0.781089
2025-03-26 19:32:54,433 Epoch: [18/20] Iter:[90/192], Time: 0.49, lr: [0.000989952816168914], Loss: 3.480060, Acc:0.617940, Semantic loss: 1.258908, BCE loss: 1.442553, SB loss: 0.778599
2025-03-26 19:32:58,307 Epoch: [18/20] Iter:[100/192], Time: 0.48, lr: [0.0009595959450576828], Loss: 3.476356, Acc:0.616520, Semantic loss: 1.256264, BCE loss: 1.440782, SB loss: 0.779310
2025-03-26 19:33:02,176 Epoch: [18/20] Iter:[110/192], Time: 0.47, lr: [0.000929131971860904], Loss: 3.453725, Acc:0.617448, Semantic loss: 1.249512, BCE loss: 1.423858, SB loss: 0.780355
2025-03-26 19:33:06,056 Epoch: [18/20] Iter:[120/192], Time: 0.47, lr: [0.0008985565871200918], Loss: 3.453723, Acc:0.618003, Semantic loss: 1.247836, BCE loss: 1.427421, SB loss: 0.778466
2025-03-26 19:33:09,950 Epoch: [18/20] Iter:[130/192], Time: 0.46, lr: [0.0008678651376944955], Loss: 3.466088, Acc:0.618855, Semantic loss: 1.248384, BCE loss: 1.439141, SB loss: 0.778562
2025-03-26 19:33:13,839 Epoch: [18/20] Iter:[140/192], Time: 0.46, lr: [0.000837052584692747], Loss: 3.476844, Acc:0.618274, Semantic loss: 1.248415, BCE loss: 1.447943, SB loss: 0.780486
2025-03-26 19:33:17,724 Epoch: [18/20] Iter:[150/192], Time: 0.45, lr: [0.000806113454312208], Loss: 3.470565, Acc:0.617005, Semantic loss: 1.249935, BCE loss: 1.440363, SB loss: 0.780267
2025-03-26 19:33:21,598 Epoch: [18/20] Iter:[160/192], Time: 0.45, lr: [0.0007750417800344363], Loss: 3.469602, Acc:0.615675, Semantic loss: 1.251878, BCE loss: 1.436566, SB loss: 0.781159
2025-03-26 19:33:25,471 Epoch: [18/20] Iter:[170/192], Time: 0.44, lr: [0.0007438310342008949], Loss: 3.478503, Acc:0.613139, Semantic loss: 1.258429, BCE loss: 1.435157, SB loss: 0.784917
2025-03-26 19:33:29,365 Epoch: [18/20] Iter:[180/192], Time: 0.44, lr: [0.0007124740464272778], Loss: 3.476506, Acc:0.613783, Semantic loss: 1.258049, BCE loss: 1.435582, SB loss: 0.782875
2025-03-26 19:33:33,231 Epoch: [18/20] Iter:[190/192], Time: 0.44, lr: [0.0006809629055511224], Loss: 3.480512, Acc:0.613575, Semantic loss: 1.258888, BCE loss: 1.437684, SB loss: 0.783940
2025-03-26 19:35:05,940 0 [0.         0.58904745 0.25447075 0.27332717 0.20547351 0.18027972
 0.07067508] 0.2247533833123996
2025-03-26 19:35:05,941 1 [0.         0.60198156 0.36533163 0.31831605 0.32370266 0.11448704
 0.06217492] 0.2551419806407454
2025-03-26 19:35:05,947 => saving checkpoint to output\loveda\pidnet_small_loveda\aug_mcheckpoint.pth.tar
2025-03-26 19:35:06,026 Loss: 3.627, MeanIU:  0.2551, Best_mIoU:  0.2684
2025-03-26 19:35:06,026 [0.         0.60198156 0.36533163 0.31831605 0.32370266 0.11448704
 0.06217492]
2025-03-26 19:35:16,275 Epoch: [19/20] Iter:[0/192], Time: 10.06, lr: [0.0006746414238367822], Loss: 3.730870, Acc:0.594224, Semantic loss: 1.320201, BCE loss: 1.524685, SB loss: 0.885985
2025-03-26 19:35:20,160 Epoch: [19/20] Iter:[10/192], Time: 1.27, lr: [0.0006429336362339898], Loss: 3.514260, Acc:0.598771, Semantic loss: 1.271721, BCE loss: 1.417868, SB loss: 0.824671
2025-03-26 19:35:24,021 Epoch: [19/20] Iter:[20/192], Time: 0.85, lr: [0.0006110510578510947], Loss: 3.440426, Acc:0.602403, Semantic loss: 1.248085, BCE loss: 1.362913, SB loss: 0.829427
2025-03-26 19:35:27,893 Epoch: [19/20] Iter:[30/192], Time: 0.70, lr: [0.0005789824653018995], Loss: 3.460968, Acc:0.610053, Semantic loss: 1.273513, BCE loss: 1.366079, SB loss: 0.821376
2025-03-26 19:35:31,791 Epoch: [19/20] Iter:[40/192], Time: 0.62, lr: [0.0005467151732202777], Loss: 3.508446, Acc:0.606293, Semantic loss: 1.282661, BCE loss: 1.415044, SB loss: 0.810741
2025-03-26 19:35:35,666 Epoch: [19/20] Iter:[50/192], Time: 0.58, lr: [0.0005142347343351296], Loss: 3.525236, Acc:0.606444, Semantic loss: 1.289306, BCE loss: 1.419746, SB loss: 0.816184
2025-03-26 19:35:39,564 Epoch: [19/20] Iter:[60/192], Time: 0.55, lr: [0.0004815245523312483], Loss: 3.482979, Acc:0.608736, Semantic loss: 1.275659, BCE loss: 1.408319, SB loss: 0.799002
2025-03-26 19:35:43,458 Epoch: [19/20] Iter:[70/192], Time: 0.52, lr: [0.000448565373510549], Loss: 3.472926, Acc:0.610074, Semantic loss: 1.271843, BCE loss: 1.405251, SB loss: 0.795832
2025-03-26 19:35:47,366 Epoch: [19/20] Iter:[80/192], Time: 0.51, lr: [0.00041533460609889997], Loss: 3.491916, Acc:0.609815, Semantic loss: 1.275624, BCE loss: 1.424938, SB loss: 0.791354
2025-03-26 19:35:51,248 Epoch: [19/20] Iter:[90/192], Time: 0.49, lr: [0.00038180538785330436], Loss: 3.480414, Acc:0.611265, Semantic loss: 1.273066, BCE loss: 1.417449, SB loss: 0.789898
2025-03-26 19:35:55,132 Epoch: [19/20] Iter:[100/192], Time: 0.48, lr: [0.00034794527452517863], Loss: 3.463772, Acc:0.611786, Semantic loss: 1.267841, BCE loss: 1.411488, SB loss: 0.784443
2025-03-26 19:35:59,020 Epoch: [19/20] Iter:[110/192], Time: 0.48, lr: [0.00031371433588231993], Loss: 3.455075, Acc:0.613499, Semantic loss: 1.265976, BCE loss: 1.407035, SB loss: 0.782064
2025-03-26 19:36:02,915 Epoch: [19/20] Iter:[120/192], Time: 0.47, lr: [0.0002790622842837163], Loss: 3.454067, Acc:0.615848, Semantic loss: 1.262655, BCE loss: 1.410929, SB loss: 0.780484
2025-03-26 19:36:06,793 Epoch: [19/20] Iter:[130/192], Time: 0.46, lr: [0.0002439239356353784], Loss: 3.451101, Acc:0.616973, Semantic loss: 1.260804, BCE loss: 1.414444, SB loss: 0.775853
2025-03-26 19:36:10,682 Epoch: [19/20] Iter:[140/192], Time: 0.46, lr: [0.00020821159321002047], Loss: 3.458277, Acc:0.617397, Semantic loss: 1.258264, BCE loss: 1.423895, SB loss: 0.776118
2025-03-26 19:36:14,570 Epoch: [19/20] Iter:[150/192], Time: 0.45, lr: [0.00017180122628828942], Loss: 3.471909, Acc:0.617418, Semantic loss: 1.258468, BCE loss: 1.436180, SB loss: 0.777261
2025-03-26 19:36:18,478 Epoch: [19/20] Iter:[160/192], Time: 0.45, lr: [0.00013450451987183818], Loss: 3.467991, Acc:0.618072, Semantic loss: 1.255230, BCE loss: 1.437233, SB loss: 0.775529
2025-03-26 19:36:22,360 Epoch: [19/20] Iter:[170/192], Time: 0.45, lr: [9.600244875192536e-05], Loss: 3.472831, Acc:0.617741, Semantic loss: 1.255370, BCE loss: 1.442336, SB loss: 0.775125
2025-03-26 19:36:26,247 Epoch: [19/20] Iter:[180/192], Time: 0.44, lr: [5.563716848048335e-05], Loss: 3.478504, Acc:0.618422, Semantic loss: 1.256915, BCE loss: 1.447408, SB loss: 0.774181
2025-03-26 19:36:30,104 Epoch: [19/20] Iter:[190/192], Time: 0.44, lr: [1.1092486125349496e-05], Loss: 3.465332, Acc:0.617889, Semantic loss: 1.253253, BCE loss: 1.439407, SB loss: 0.772671
2025-03-26 19:38:02,939 0 [0.         0.59285214 0.2877879  0.27436714 0.24068053 0.2084031
 0.10050349] 0.2435134709504081
2025-03-26 19:38:02,940 1 [0.         0.56996826 0.41464717 0.34449226 0.34324636 0.08533971
 0.08421185] 0.2631293734782557
2025-03-26 19:38:02,945 => saving checkpoint to output\loveda\pidnet_small_loveda\aug_mcheckpoint.pth.tar
2025-03-26 19:38:03,023 Loss: 3.605, MeanIU:  0.2631, Best_mIoU:  0.2684
2025-03-26 19:38:03,023 [0.         0.56996826 0.41464717 0.34449226 0.34324636 0.08533971
 0.08421185]
2025-03-26 19:38:03,068 Hours: 1
2025-03-26 19:38:03,068 Done
