2025-03-22 11:07:19,826 Namespace(cfg='configs/loveda/pidnet_small_loveda.yaml', seed=304, opts=[])
2025-03-22 11:07:19,826 AUTO_RESUME: False
CUDNN:
  BENCHMARK: True
  DETERMINISTIC: False
  ENABLED: True
DATASET:
  DATASET: loveda
  EXTRA_TRAIN_SET: 
  NUM_CLASSES: 7
  ROOT: data/
  TEST_SET: list/loveda/urban_rural/val.lst
  TRAIN_SET: list/loveda/urban_rural/train.lst
GPUS: (0,)
LOG_DIR: log
LOSS:
  BALANCE_WEIGHTS: [0.4, 1.0]
  CLASS_BALANCE: False
  OHEMKEEP: 131072
  OHEMTHRES: 0.9
  SB_WEIGHTS: 1.0
  USE_OHEM: True
MODEL:
  ALIGN_CORNERS: True
  NAME: pidnet_small
  NUM_OUTPUTS: 2
  PRETRAINED: pretrained_models/imagenet/PIDNet_S_ImageNet.pth.tar
OUTPUT_DIR: output
PIN_MEMORY: True
PRINT_FREQ: 10
TEST:
  BASE_SIZE: 2048
  BATCH_SIZE_PER_GPU: 6
  FLIP_TEST: False
  IMAGE_SIZE: [2048, 1024]
  MODEL_FILE: output/loveda/pidnet_small_loveda/final_state.pt
  MULTI_SCALE: False
  OUTPUT_INDEX: 1
TRAIN:
  AUGMENTATION:
    ENABLE: True
    PROBABILITY: 0.5
    TECHNIQUES:
      GAUSSIAN_BLUR: False
      HORIZONTAL_FLIP: False
      MULTIPLY: False
      RANDOM_BRIGHTNESS: False
  BASE_SIZE: 2048
  BATCH_SIZE_PER_GPU: 6
  BEGIN_EPOCH: 0
  END_EPOCH: 20
  EXTRA_EPOCH: 0
  EXTRA_LR: 0.001
  FLIP: False
  IGNORE_LABEL: 0
  IMAGE_SIZE: [1024, 1024]
  LR: 0.01
  MOMENTUM: 0.9
  MULTI_SCALE: False
  NESTEROV: False
  OPTIMIZER: sgd
  RESUME: True
  SCALE_FACTOR: 16
  SHUFFLE: True
  WD: 0.0005
WORKERS: 4
2025-03-22 11:07:19,977 Attention!!!
2025-03-22 11:07:19,977 Loaded 302 parameters!
2025-03-22 11:07:19,977 Over!!!
2025-03-22 11:07:35,974 Epoch: [0/20] Iter:[0/192], Time: 15.89, lr: [0.01], Loss: 16.036245, Acc:0.147991, Semantic loss: 6.895982, BCE loss: 3.766550, SB loss: 5.373713
2025-03-22 11:07:40,258 Epoch: [0/20] Iter:[10/192], Time: 1.82, lr: [0.009976559445324192], Loss: 11.797993, Acc:0.303127, Semantic loss: 5.302433, BCE loss: 2.664473, SB loss: 3.831086
2025-03-22 11:07:44,611 Epoch: [0/20] Iter:[20/192], Time: 1.16, lr: [0.009953112769592761], Loss: 9.485108, Acc:0.361736, Semantic loss: 4.158168, BCE loss: 2.378156, SB loss: 2.948783
2025-03-22 11:07:48,938 Epoch: [0/20] Iter:[30/192], Time: 0.92, lr: [0.009929659955177281], Loss: 8.197808, Acc:0.392177, Semantic loss: 3.527293, BCE loss: 2.190924, SB loss: 2.479591
2025-03-22 11:07:53,194 Epoch: [0/20] Iter:[40/192], Time: 0.80, lr: [0.009906200984352154], Loss: 7.467081, Acc:0.398736, Semantic loss: 3.173792, BCE loss: 2.046134, SB loss: 2.247154
2025-03-22 11:07:57,408 Epoch: [0/20] Iter:[50/192], Time: 0.73, lr: [0.009882735839293803], Loss: 6.945286, Acc:0.421072, Semantic loss: 2.942033, BCE loss: 1.944759, SB loss: 2.058493
2025-03-22 11:08:01,655 Epoch: [0/20] Iter:[60/192], Time: 0.68, lr: [0.00985926450207989], Loss: 6.632546, Acc:0.425296, Semantic loss: 2.798100, BCE loss: 1.887307, SB loss: 1.947139
2025-03-22 11:08:05,904 Epoch: [0/20] Iter:[70/192], Time: 0.64, lr: [0.009835786954688485], Loss: 6.363013, Acc:0.425497, Semantic loss: 2.676382, BCE loss: 1.843161, SB loss: 1.843470
2025-03-22 11:08:10,145 Epoch: [0/20] Iter:[80/192], Time: 0.62, lr: [0.00981230317899726], Loss: 6.156164, Acc:0.431297, Semantic loss: 2.580141, BCE loss: 1.807141, SB loss: 1.768882
2025-03-22 11:08:14,413 Epoch: [0/20] Iter:[90/192], Time: 0.60, lr: [0.009788813156782662], Loss: 6.006349, Acc:0.434438, Semantic loss: 2.510531, BCE loss: 1.789777, SB loss: 1.706040
2025-03-22 11:08:18,637 Epoch: [0/20] Iter:[100/192], Time: 0.58, lr: [0.009765316869719067], Loss: 5.863841, Acc:0.435341, Semantic loss: 2.448612, BCE loss: 1.766024, SB loss: 1.649205
2025-03-22 11:08:22,893 Epoch: [0/20] Iter:[110/192], Time: 0.56, lr: [0.009741814299377942], Loss: 5.744797, Acc:0.433143, Semantic loss: 2.399633, BCE loss: 1.740816, SB loss: 1.604348
2025-03-22 11:08:27,161 Epoch: [0/20] Iter:[120/192], Time: 0.55, lr: [0.009718305427226986], Loss: 5.634732, Acc:0.437088, Semantic loss: 2.348115, BCE loss: 1.730533, SB loss: 1.556084
2025-03-22 11:08:31,398 Epoch: [0/20] Iter:[130/192], Time: 0.54, lr: [0.009694790234629266], Loss: 5.539659, Acc:0.441103, Semantic loss: 2.294684, BCE loss: 1.718179, SB loss: 1.526796
2025-03-22 11:08:35,670 Epoch: [0/20] Iter:[140/192], Time: 0.53, lr: [0.009671268702842338], Loss: 5.468730, Acc:0.442950, Semantic loss: 2.270576, BCE loss: 1.699018, SB loss: 1.499136
2025-03-22 11:08:39,969 Epoch: [0/20] Iter:[150/192], Time: 0.53, lr: [0.009647740813017376], Loss: 5.399536, Acc:0.444418, Semantic loss: 2.237577, BCE loss: 1.682894, SB loss: 1.479065
2025-03-22 11:08:44,325 Epoch: [0/20] Iter:[160/192], Time: 0.52, lr: [0.009624206546198262], Loss: 5.344091, Acc:0.449921, Semantic loss: 2.205455, BCE loss: 1.682527, SB loss: 1.456110
2025-03-22 11:08:48,641 Epoch: [0/20] Iter:[170/192], Time: 0.52, lr: [0.009600665883320689], Loss: 5.298558, Acc:0.453435, Semantic loss: 2.168486, BCE loss: 1.678453, SB loss: 1.451619
2025-03-22 11:08:53,044 Epoch: [0/20] Iter:[180/192], Time: 0.51, lr: [0.009577118805211254], Loss: 5.241054, Acc:0.457100, Semantic loss: 2.140339, BCE loss: 1.672161, SB loss: 1.428555
2025-03-22 11:08:57,404 Epoch: [0/20] Iter:[190/192], Time: 0.51, lr: [0.009553565292586523], Loss: 5.179983, Acc:0.460871, Semantic loss: 2.109345, BCE loss: 1.664517, SB loss: 1.406121
2025-03-22 11:11:04,145 0 [0.         0.53405245 0.16744877 0.03190373 0.02224547 0.03465351
 0.0046132 ] 0.11355958767387372
2025-03-22 11:11:04,145 1 [0.         0.53597335 0.14885241 0.02825196 0.00176846 0.01559065
 0.00308359] 0.10478863284095519
2025-03-22 11:11:04,154 => saving checkpoint to output\loveda\pidnet_small_loveda\no_augcheckpoint.pth.tar
2025-03-22 11:11:04,370 Loss: 4.834, MeanIU:  0.1048, Best_mIoU:  0.1048
2025-03-22 11:11:04,371 [0.         0.53597335 0.14885241 0.02825196 0.00176846 0.01559065
 0.00308359]
2025-03-22 11:11:15,374 Epoch: [1/20] Iter:[0/192], Time: 10.83, lr: [0.009548853816214998], Loss: 4.489450, Acc:0.412898, Semantic loss: 1.839237, BCE loss: 1.452464, SB loss: 1.197750
2025-03-22 11:11:19,521 Epoch: [1/20] Iter:[10/192], Time: 1.36, lr: [0.009525292556561479], Loss: 4.625567, Acc:0.498742, Semantic loss: 1.692492, BCE loss: 1.481156, SB loss: 1.451919
2025-03-22 11:11:23,844 Epoch: [1/20] Iter:[20/192], Time: 0.92, lr: [0.00950172481957719], Loss: 4.470815, Acc:0.496004, Semantic loss: 1.704888, BCE loss: 1.505880, SB loss: 1.260048
2025-03-22 11:11:28,173 Epoch: [1/20] Iter:[30/192], Time: 0.76, lr: [0.009478150585620286], Loss: 4.430545, Acc:0.494104, Semantic loss: 1.709720, BCE loss: 1.490285, SB loss: 1.230540
2025-03-22 11:11:32,582 Epoch: [1/20] Iter:[40/192], Time: 0.68, lr: [0.009454569834934885], Loss: 4.436882, Acc:0.490496, Semantic loss: 1.718959, BCE loss: 1.517151, SB loss: 1.200772
2025-03-22 11:11:36,861 Epoch: [1/20] Iter:[50/192], Time: 0.63, lr: [0.009430982547650114], Loss: 4.433824, Acc:0.491225, Semantic loss: 1.710490, BCE loss: 1.548266, SB loss: 1.175068
2025-03-22 11:11:41,269 Epoch: [1/20] Iter:[60/192], Time: 0.60, lr: [0.009407388703779091], Loss: 4.445378, Acc:0.490061, Semantic loss: 1.701921, BCE loss: 1.562114, SB loss: 1.181343
2025-03-22 11:11:45,592 Epoch: [1/20] Iter:[70/192], Time: 0.58, lr: [0.009383788283217955], Loss: 4.408842, Acc:0.496596, Semantic loss: 1.679542, BCE loss: 1.563894, SB loss: 1.165405
2025-03-22 11:11:50,022 Epoch: [1/20] Iter:[80/192], Time: 0.56, lr: [0.00936018126574482], Loss: 4.410197, Acc:0.490123, Semantic loss: 1.696783, BCE loss: 1.553108, SB loss: 1.160305
2025-03-22 11:11:54,331 Epoch: [1/20] Iter:[90/192], Time: 0.55, lr: [0.009336567631018769], Loss: 4.408926, Acc:0.493401, Semantic loss: 1.686972, BCE loss: 1.568898, SB loss: 1.153056
2025-03-22 11:11:58,754 Epoch: [1/20] Iter:[100/192], Time: 0.54, lr: [0.009312947358578814], Loss: 4.389765, Acc:0.498108, Semantic loss: 1.670113, BCE loss: 1.581868, SB loss: 1.137784
2025-03-22 11:12:03,074 Epoch: [1/20] Iter:[110/192], Time: 0.53, lr: [0.009289320427842841], Loss: 4.346927, Acc:0.499777, Semantic loss: 1.660688, BCE loss: 1.562885, SB loss: 1.123354
2025-03-22 11:12:07,427 Epoch: [1/20] Iter:[120/192], Time: 0.52, lr: [0.009265686818106552], Loss: 4.308046, Acc:0.501133, Semantic loss: 1.649270, BCE loss: 1.550010, SB loss: 1.108766
2025-03-22 11:12:11,738 Epoch: [1/20] Iter:[130/192], Time: 0.51, lr: [0.009242046508542393], Loss: 4.288980, Acc:0.504336, Semantic loss: 1.637293, BCE loss: 1.551978, SB loss: 1.099708
2025-03-22 11:12:16,098 Epoch: [1/20] Iter:[140/192], Time: 0.51, lr: [0.009218399478198466], Loss: 4.269497, Acc:0.504363, Semantic loss: 1.629318, BCE loss: 1.544170, SB loss: 1.096009
2025-03-22 11:12:20,403 Epoch: [1/20] Iter:[150/192], Time: 0.50, lr: [0.009194745705997428], Loss: 4.250840, Acc:0.504665, Semantic loss: 1.624058, BCE loss: 1.535629, SB loss: 1.091154
2025-03-22 11:12:24,736 Epoch: [1/20] Iter:[160/192], Time: 0.50, lr: [0.00917108517073538], Loss: 4.238714, Acc:0.505387, Semantic loss: 1.615698, BCE loss: 1.535505, SB loss: 1.087511
2025-03-22 11:12:29,060 Epoch: [1/20] Iter:[170/192], Time: 0.49, lr: [0.00914741785108075], Loss: 4.225884, Acc:0.507375, Semantic loss: 1.607441, BCE loss: 1.534931, SB loss: 1.083511
2025-03-22 11:12:33,525 Epoch: [1/20] Iter:[180/192], Time: 0.49, lr: [0.00912374372557314], Loss: 4.204094, Acc:0.509492, Semantic loss: 1.595724, BCE loss: 1.531571, SB loss: 1.076799
2025-03-22 11:12:37,825 Epoch: [1/20] Iter:[190/192], Time: 0.49, lr: [0.009100062772622186], Loss: 4.194176, Acc:0.511012, Semantic loss: 1.590825, BCE loss: 1.530180, SB loss: 1.073171
2025-03-22 11:14:42,228 0 [0.         0.55130504 0.20045981 0.07351647 0.28916866 0.1765862
 0.05774947] 0.19268366612540092
2025-03-22 11:14:42,228 1 [0.         0.5431178  0.23958758 0.09227899 0.38613724 0.25115429
 0.0364079 ] 0.22124054233438192
2025-03-22 11:14:42,240 => saving checkpoint to output\loveda\pidnet_small_loveda\no_augcheckpoint.pth.tar
2025-03-22 11:14:42,448 Loss: 3.701, MeanIU:  0.2212, Best_mIoU:  0.2212
2025-03-22 11:14:42,449 [0.         0.5431178  0.23958758 0.09227899 0.38613724 0.25115429
 0.0364079 ]
2025-03-22 11:14:53,449 Epoch: [2/20] Iter:[0/192], Time: 10.82, lr: [0.009095325760829623], Loss: 3.672009, Acc:0.519438, Semantic loss: 1.667897, BCE loss: 1.047196, SB loss: 0.956916
2025-03-22 11:14:57,598 Epoch: [2/20] Iter:[10/192], Time: 1.36, lr: [0.009071636586262652], Loss: 3.957411, Acc:0.529727, Semantic loss: 1.490307, BCE loss: 1.522650, SB loss: 0.944454
2025-03-22 11:15:01,904 Epoch: [2/20] Iter:[20/192], Time: 0.92, lr: [0.009047940536290279], Loss: 3.920910, Acc:0.533329, Semantic loss: 1.453766, BCE loss: 1.504363, SB loss: 0.962782
2025-03-22 11:15:06,211 Epoch: [2/20] Iter:[30/192], Time: 0.76, lr: [0.009024237588898336], Loss: 3.850397, Acc:0.547804, Semantic loss: 1.435854, BCE loss: 1.447149, SB loss: 0.967395
2025-03-22 11:15:10,580 Epoch: [2/20] Iter:[40/192], Time: 0.68, lr: [0.009000527721937697], Loss: 3.883077, Acc:0.532393, Semantic loss: 1.452986, BCE loss: 1.441554, SB loss: 0.988537
2025-03-22 11:15:14,869 Epoch: [2/20] Iter:[50/192], Time: 0.63, lr: [0.008976810913123051], Loss: 3.892974, Acc:0.530145, Semantic loss: 1.449313, BCE loss: 1.452293, SB loss: 0.991368
2025-03-22 11:15:19,209 Epoch: [2/20] Iter:[60/192], Time: 0.60, lr: [0.008953087140031669], Loss: 3.888560, Acc:0.528729, Semantic loss: 1.457163, BCE loss: 1.437214, SB loss: 0.994183
2025-03-22 11:15:23,539 Epoch: [2/20] Iter:[70/192], Time: 0.58, lr: [0.008929356380102142], Loss: 3.874744, Acc:0.529387, Semantic loss: 1.451838, BCE loss: 1.442837, SB loss: 0.980069
2025-03-22 11:15:27,910 Epoch: [2/20] Iter:[80/192], Time: 0.56, lr: [0.008905618610633112], Loss: 3.885931, Acc:0.534175, Semantic loss: 1.445038, BCE loss: 1.462105, SB loss: 0.978788
2025-03-22 11:15:32,215 Epoch: [2/20] Iter:[90/192], Time: 0.54, lr: [0.008881873808781991], Loss: 3.880322, Acc:0.538755, Semantic loss: 1.437073, BCE loss: 1.466589, SB loss: 0.976660
2025-03-22 11:15:36,574 Epoch: [2/20] Iter:[100/192], Time: 0.53, lr: [0.008858121951563658], Loss: 3.874209, Acc:0.538388, Semantic loss: 1.440325, BCE loss: 1.456103, SB loss: 0.977782
2025-03-22 11:15:40,861 Epoch: [2/20] Iter:[110/192], Time: 0.52, lr: [0.008834363015849136], Loss: 3.854852, Acc:0.542515, Semantic loss: 1.432584, BCE loss: 1.455000, SB loss: 0.967268
2025-03-22 11:15:45,252 Epoch: [2/20] Iter:[120/192], Time: 0.52, lr: [0.008810596978364274], Loss: 3.866654, Acc:0.545059, Semantic loss: 1.429872, BCE loss: 1.463781, SB loss: 0.973000
2025-03-22 11:15:49,521 Epoch: [2/20] Iter:[130/192], Time: 0.51, lr: [0.008786823815688379], Loss: 3.861295, Acc:0.546425, Semantic loss: 1.427668, BCE loss: 1.462822, SB loss: 0.970806
2025-03-22 11:15:53,892 Epoch: [2/20] Iter:[140/192], Time: 0.51, lr: [0.008763043504252865], Loss: 3.858541, Acc:0.549536, Semantic loss: 1.421127, BCE loss: 1.470478, SB loss: 0.966936
2025-03-22 11:15:58,188 Epoch: [2/20] Iter:[150/192], Time: 0.50, lr: [0.008739256020339866], Loss: 3.850405, Acc:0.549543, Semantic loss: 1.416758, BCE loss: 1.465396, SB loss: 0.968251
2025-03-22 11:16:02,543 Epoch: [2/20] Iter:[160/192], Time: 0.50, lr: [0.00871546134008083], Loss: 3.845274, Acc:0.550193, Semantic loss: 1.413902, BCE loss: 1.466882, SB loss: 0.964490
2025-03-22 11:16:06,805 Epoch: [2/20] Iter:[170/192], Time: 0.49, lr: [0.008691659439455107], Loss: 3.848256, Acc:0.551157, Semantic loss: 1.410213, BCE loss: 1.473058, SB loss: 0.964985
2025-03-22 11:16:11,177 Epoch: [2/20] Iter:[180/192], Time: 0.49, lr: [0.008667850294288517], Loss: 3.849698, Acc:0.551787, Semantic loss: 1.406538, BCE loss: 1.476812, SB loss: 0.966348
2025-03-22 11:16:15,445 Epoch: [2/20] Iter:[190/192], Time: 0.49, lr: [0.008644033880251888], Loss: 3.844238, Acc:0.553064, Semantic loss: 1.403011, BCE loss: 1.476482, SB loss: 0.964745
2025-03-22 11:18:19,073 0 [0.         0.53279215 0.13689656 0.10127579 0.21981369 0.07271408
 0.0764299 ] 0.16284602320736477
2025-03-22 11:18:19,073 1 [0.         0.40300174 0.10883101 0.19406351 0.35106416 0.10199063
 0.15279087] 0.187391703245477
2025-03-22 11:18:19,084 => saving checkpoint to output\loveda\pidnet_small_loveda\no_augcheckpoint.pth.tar
2025-03-22 11:18:19,239 Loss: 3.850, MeanIU:  0.1874, Best_mIoU:  0.2212
2025-03-22 11:18:19,239 [0.         0.40300174 0.10883101 0.19406351 0.35106416 0.10199063
 0.15279087]
2025-03-22 11:18:30,369 Epoch: [3/20] Iter:[0/192], Time: 10.95, lr: [0.008639269723028191], Loss: 3.978285, Acc:0.559491, Semantic loss: 1.761594, BCE loss: 1.217845, SB loss: 0.998846
2025-03-22 11:18:34,522 Epoch: [3/20] Iter:[10/192], Time: 1.37, lr: [0.008615444554012613], Loss: 3.775797, Acc:0.555177, Semantic loss: 1.414781, BCE loss: 1.454670, SB loss: 0.906346
2025-03-22 11:18:38,838 Epoch: [3/20] Iter:[20/192], Time: 0.92, lr: [0.008591612062049989], Loss: 3.716307, Acc:0.568388, Semantic loss: 1.394063, BCE loss: 1.414297, SB loss: 0.907947
2025-03-22 11:18:43,183 Epoch: [3/20] Iter:[30/192], Time: 0.77, lr: [0.008567772222305215], Loss: 3.695598, Acc:0.569785, Semantic loss: 1.348781, BCE loss: 1.450899, SB loss: 0.895919
2025-03-22 11:18:47,551 Epoch: [3/20] Iter:[40/192], Time: 0.69, lr: [0.008543925009781886], Loss: 3.649665, Acc:0.575227, Semantic loss: 1.318325, BCE loss: 1.434998, SB loss: 0.896342
2025-03-22 11:18:51,842 Epoch: [3/20] Iter:[50/192], Time: 0.64, lr: [0.00852007039932076], Loss: 3.632791, Acc:0.574594, Semantic loss: 1.312885, BCE loss: 1.419303, SB loss: 0.900603
2025-03-22 11:18:56,233 Epoch: [3/20] Iter:[60/192], Time: 0.60, lr: [0.00849620836559818], Loss: 3.626818, Acc:0.572903, Semantic loss: 1.318848, BCE loss: 1.393116, SB loss: 0.914854
2025-03-22 11:19:00,548 Epoch: [3/20] Iter:[70/192], Time: 0.58, lr: [0.008472338883124477], Loss: 3.656153, Acc:0.575008, Semantic loss: 1.322243, BCE loss: 1.422553, SB loss: 0.911357
2025-03-22 11:19:04,937 Epoch: [3/20] Iter:[80/192], Time: 0.56, lr: [0.008448461926242374], Loss: 3.662931, Acc:0.575931, Semantic loss: 1.329827, BCE loss: 1.414187, SB loss: 0.918917
2025-03-22 11:19:09,205 Epoch: [3/20] Iter:[90/192], Time: 0.55, lr: [0.008424577469125337], Loss: 3.666517, Acc:0.579022, Semantic loss: 1.322326, BCE loss: 1.429538, SB loss: 0.914653
2025-03-22 11:19:13,570 Epoch: [3/20] Iter:[100/192], Time: 0.54, lr: [0.008400685485775935], Loss: 3.664570, Acc:0.584257, Semantic loss: 1.311849, BCE loss: 1.441267, SB loss: 0.911455
2025-03-22 11:19:17,846 Epoch: [3/20] Iter:[110/192], Time: 0.53, lr: [0.008376785950024154], Loss: 3.657249, Acc:0.583565, Semantic loss: 1.303185, BCE loss: 1.444947, SB loss: 0.909117
2025-03-22 11:19:22,213 Epoch: [3/20] Iter:[120/192], Time: 0.52, lr: [0.00835287883552571], Loss: 3.670165, Acc:0.584225, Semantic loss: 1.299513, BCE loss: 1.464011, SB loss: 0.906641
2025-03-22 11:19:26,454 Epoch: [3/20] Iter:[130/192], Time: 0.51, lr: [0.008328964115760324], Loss: 3.663199, Acc:0.584470, Semantic loss: 1.299639, BCE loss: 1.456631, SB loss: 0.906928
2025-03-22 11:19:30,850 Epoch: [3/20] Iter:[140/192], Time: 0.51, lr: [0.008305041764029988], Loss: 3.657259, Acc:0.583816, Semantic loss: 1.297021, BCE loss: 1.453758, SB loss: 0.906480
2025-03-22 11:19:35,132 Epoch: [3/20] Iter:[150/192], Time: 0.50, lr: [0.008281111753457188], Loss: 3.660631, Acc:0.582920, Semantic loss: 1.303484, BCE loss: 1.446309, SB loss: 0.910837
2025-03-22 11:19:39,516 Epoch: [3/20] Iter:[160/192], Time: 0.50, lr: [0.008257174056983133], Loss: 3.665489, Acc:0.583761, Semantic loss: 1.301065, BCE loss: 1.456094, SB loss: 0.908330
2025-03-22 11:19:43,781 Epoch: [3/20] Iter:[170/192], Time: 0.49, lr: [0.00823322864736593], Loss: 3.662728, Acc:0.584736, Semantic loss: 1.294348, BCE loss: 1.462333, SB loss: 0.906047
2025-03-22 11:19:48,160 Epoch: [3/20] Iter:[180/192], Time: 0.49, lr: [0.008209275497178764], Loss: 3.647489, Acc:0.588465, Semantic loss: 1.287347, BCE loss: 1.456581, SB loss: 0.903561
2025-03-22 11:19:52,415 Epoch: [3/20] Iter:[190/192], Time: 0.49, lr: [0.008185314578808021], Loss: 3.644189, Acc:0.588480, Semantic loss: 1.288572, BCE loss: 1.453032, SB loss: 0.902585
2025-03-22 11:21:54,963 0 [0.         0.60535553 0.21501657 0.21871838 0.26916652 0.03448968
 0.03520863] 0.19685075742106609
2025-03-22 11:21:54,964 1 [0.         0.50441427 0.28280119 0.23348704 0.41824729 0.04320975
 0.05629358] 0.21977901618157847
2025-03-22 11:21:54,972 => saving checkpoint to output\loveda\pidnet_small_loveda\no_augcheckpoint.pth.tar
2025-03-22 11:21:55,115 Loss: 3.518, MeanIU:  0.2198, Best_mIoU:  0.2212
2025-03-22 11:21:55,115 [0.         0.50441427 0.28280119 0.23348704 0.41824729 0.04320975
 0.05629358]
2025-03-22 11:22:06,081 Epoch: [4/20] Iter:[0/192], Time: 10.78, lr: [0.008180521460508584], Loss: 3.696791, Acc:0.567496, Semantic loss: 1.303117, BCE loss: 1.568055, SB loss: 0.825619
2025-03-22 11:22:10,221 Epoch: [4/20] Iter:[10/192], Time: 1.36, lr: [0.008156551183601795], Loss: 3.549581, Acc:0.609393, Semantic loss: 1.224282, BCE loss: 1.451141, SB loss: 0.874158
2025-03-22 11:22:14,507 Epoch: [4/20] Iter:[20/192], Time: 0.91, lr: [0.008132573077094668], Loss: 3.495662, Acc:0.600843, Semantic loss: 1.249771, BCE loss: 1.397242, SB loss: 0.848649
2025-03-22 11:22:18,780 Epoch: [4/20] Iter:[30/192], Time: 0.76, lr: [0.008108587112763079], Loss: 3.516905, Acc:0.595326, Semantic loss: 1.252010, BCE loss: 1.405035, SB loss: 0.859860
2025-03-22 11:22:23,218 Epoch: [4/20] Iter:[40/192], Time: 0.68, lr: [0.008084593262188028], Loss: 3.538754, Acc:0.602917, Semantic loss: 1.238361, BCE loss: 1.437042, SB loss: 0.863351
2025-03-22 11:22:27,541 Epoch: [4/20] Iter:[50/192], Time: 0.63, lr: [0.008060591496753653], Loss: 3.516994, Acc:0.604765, Semantic loss: 1.231505, BCE loss: 1.420131, SB loss: 0.865359
2025-03-22 11:22:31,979 Epoch: [4/20] Iter:[60/192], Time: 0.60, lr: [0.008036581787645204], Loss: 3.529046, Acc:0.608730, Semantic loss: 1.220711, BCE loss: 1.444853, SB loss: 0.863481
2025-03-22 11:22:36,307 Epoch: [4/20] Iter:[70/192], Time: 0.58, lr: [0.008012564105846994], Loss: 3.509585, Acc:0.602976, Semantic loss: 1.224911, BCE loss: 1.416961, SB loss: 0.867712
2025-03-22 11:22:40,738 Epoch: [4/20] Iter:[80/192], Time: 0.56, lr: [0.007988538422140333], Loss: 3.494663, Acc:0.608343, Semantic loss: 1.217711, BCE loss: 1.411343, SB loss: 0.865609
2025-03-22 11:22:45,027 Epoch: [4/20] Iter:[90/192], Time: 0.55, lr: [0.007964504707101411], Loss: 3.497276, Acc:0.603632, Semantic loss: 1.224467, BCE loss: 1.404588, SB loss: 0.868221
2025-03-22 11:22:49,374 Epoch: [4/20] Iter:[100/192], Time: 0.54, lr: [0.007940462931099176], Loss: 3.491130, Acc:0.601795, Semantic loss: 1.226994, BCE loss: 1.399135, SB loss: 0.865001
2025-03-22 11:22:53,645 Epoch: [4/20] Iter:[110/192], Time: 0.53, lr: [0.007916413064293163], Loss: 3.485850, Acc:0.603483, Semantic loss: 1.222756, BCE loss: 1.405445, SB loss: 0.857649
2025-03-22 11:22:57,972 Epoch: [4/20] Iter:[120/192], Time: 0.52, lr: [0.007892355076631318], Loss: 3.495048, Acc:0.605283, Semantic loss: 1.221103, BCE loss: 1.418410, SB loss: 0.855534
2025-03-22 11:23:02,236 Epoch: [4/20] Iter:[130/192], Time: 0.51, lr: [0.007868288937847752], Loss: 3.506387, Acc:0.605150, Semantic loss: 1.221632, BCE loss: 1.424173, SB loss: 0.860583
2025-03-22 11:23:06,607 Epoch: [4/20] Iter:[140/192], Time: 0.51, lr: [0.007844214617460508], Loss: 3.508299, Acc:0.608110, Semantic loss: 1.215160, BCE loss: 1.436639, SB loss: 0.856500
2025-03-22 11:23:10,876 Epoch: [4/20] Iter:[150/192], Time: 0.50, lr: [0.007820132084769268], Loss: 3.512166, Acc:0.606100, Semantic loss: 1.217370, BCE loss: 1.434034, SB loss: 0.860762
2025-03-22 11:23:15,238 Epoch: [4/20] Iter:[160/192], Time: 0.50, lr: [0.00779604130885303], Loss: 3.513668, Acc:0.606675, Semantic loss: 1.216959, BCE loss: 1.436255, SB loss: 0.860454
2025-03-22 11:23:19,489 Epoch: [4/20] Iter:[170/192], Time: 0.49, lr: [0.007771942258567773], Loss: 3.514513, Acc:0.607629, Semantic loss: 1.213878, BCE loss: 1.440324, SB loss: 0.860311
2025-03-22 11:23:23,904 Epoch: [4/20] Iter:[180/192], Time: 0.49, lr: [0.007747834902544056], Loss: 3.509070, Acc:0.608424, Semantic loss: 1.213428, BCE loss: 1.436501, SB loss: 0.859141
2025-03-22 11:23:28,164 Epoch: [4/20] Iter:[190/192], Time: 0.49, lr: [0.0077237192091846206], Loss: 3.518505, Acc:0.606770, Semantic loss: 1.218463, BCE loss: 1.437656, SB loss: 0.862385
2025-03-22 11:25:32,495 0 [0.         0.5566211  0.22748422 0.24279711 0.28569122 0.06933642
 0.1140801 ] 0.21371573955004455
2025-03-22 11:25:32,496 1 [0.         0.47258011 0.26928843 0.30224176 0.38453204 0.05048312
 0.14744348] 0.23236699342148
2025-03-22 11:25:32,501 => saving checkpoint to output\loveda\pidnet_small_loveda\no_augcheckpoint.pth.tar
2025-03-22 11:25:32,718 Loss: 3.567, MeanIU:  0.2324, Best_mIoU:  0.2324
2025-03-22 11:25:32,719 [0.         0.47258011 0.26928843 0.30224176 0.38453204 0.05048312
 0.14744348]
2025-03-22 11:25:43,626 Epoch: [5/20] Iter:[0/192], Time: 10.73, lr: [0.007718895067235705], Loss: 3.066655, Acc:0.587884, Semantic loss: 1.057057, BCE loss: 1.219234, SB loss: 0.790365
2025-03-22 11:25:47,772 Epoch: [5/20] Iter:[10/192], Time: 1.35, lr: [0.007694769327040611], Loss: 3.445657, Acc:0.613816, Semantic loss: 1.187365, BCE loss: 1.429172, SB loss: 0.829119
2025-03-22 11:25:52,072 Epoch: [5/20] Iter:[20/192], Time: 0.91, lr: [0.00767063517918174], Loss: 3.392326, Acc:0.611312, Semantic loss: 1.202044, BCE loss: 1.357281, SB loss: 0.833001
2025-03-22 11:25:56,351 Epoch: [5/20] Iter:[30/192], Time: 0.76, lr: [0.007646492591316132], Loss: 3.340794, Acc:0.618189, Semantic loss: 1.176232, BCE loss: 1.341817, SB loss: 0.822744
2025-03-22 11:26:00,778 Epoch: [5/20] Iter:[40/192], Time: 0.68, lr: [0.007622341530862476], Loss: 3.361316, Acc:0.614303, Semantic loss: 1.181832, BCE loss: 1.350741, SB loss: 0.828744
2025-03-22 11:26:05,103 Epoch: [5/20] Iter:[50/192], Time: 0.63, lr: [0.0075981819649984985], Loss: 3.424990, Acc:0.614102, Semantic loss: 1.192429, BCE loss: 1.396272, SB loss: 0.836289
2025-03-22 11:26:09,533 Epoch: [5/20] Iter:[60/192], Time: 0.60, lr: [0.007574013860658317], Loss: 3.405177, Acc:0.609219, Semantic loss: 1.186431, BCE loss: 1.380229, SB loss: 0.838518
2025-03-22 11:26:13,830 Epoch: [5/20] Iter:[70/192], Time: 0.58, lr: [0.007549837184529776], Loss: 3.435724, Acc:0.607176, Semantic loss: 1.190477, BCE loss: 1.397260, SB loss: 0.847987
2025-03-22 11:26:18,209 Epoch: [5/20] Iter:[80/192], Time: 0.56, lr: [0.0075256519030517215], Loss: 3.437688, Acc:0.607156, Semantic loss: 1.196218, BCE loss: 1.393653, SB loss: 0.847817
2025-03-22 11:26:22,474 Epoch: [5/20] Iter:[90/192], Time: 0.54, lr: [0.007501457982411236], Loss: 3.424689, Acc:0.606690, Semantic loss: 1.197030, BCE loss: 1.383017, SB loss: 0.844642
2025-03-22 11:26:26,823 Epoch: [5/20] Iter:[100/192], Time: 0.53, lr: [0.0074772553885408604], Loss: 3.423796, Acc:0.607969, Semantic loss: 1.194830, BCE loss: 1.386820, SB loss: 0.842147
2025-03-22 11:26:31,118 Epoch: [5/20] Iter:[110/192], Time: 0.52, lr: [0.007453044087115737], Loss: 3.428457, Acc:0.612085, Semantic loss: 1.194142, BCE loss: 1.390173, SB loss: 0.844143
2025-03-22 11:26:35,476 Epoch: [5/20] Iter:[120/192], Time: 0.52, lr: [0.007428824043550734], Loss: 3.421319, Acc:0.612652, Semantic loss: 1.189969, BCE loss: 1.390622, SB loss: 0.840728
2025-03-22 11:26:39,762 Epoch: [5/20] Iter:[130/192], Time: 0.51, lr: [0.007404595222997526], Loss: 3.426132, Acc:0.613480, Semantic loss: 1.191829, BCE loss: 1.390812, SB loss: 0.843491
2025-03-22 11:26:44,139 Epoch: [5/20] Iter:[140/192], Time: 0.51, lr: [0.007380357590341623], Loss: 3.430697, Acc:0.617263, Semantic loss: 1.188627, BCE loss: 1.401129, SB loss: 0.840940
2025-03-22 11:26:48,429 Epoch: [5/20] Iter:[150/192], Time: 0.50, lr: [0.007356111110199354], Loss: 3.430499, Acc:0.617051, Semantic loss: 1.188172, BCE loss: 1.402963, SB loss: 0.839363
2025-03-22 11:26:52,776 Epoch: [5/20] Iter:[160/192], Time: 0.50, lr: [0.00733185574691482], Loss: 3.436126, Acc:0.616803, Semantic loss: 1.187036, BCE loss: 1.410980, SB loss: 0.838110
2025-03-22 11:26:57,068 Epoch: [5/20] Iter:[170/192], Time: 0.49, lr: [0.007307591464556783], Loss: 3.432837, Acc:0.618080, Semantic loss: 1.184690, BCE loss: 1.412906, SB loss: 0.835241
2025-03-22 11:27:01,446 Epoch: [5/20] Iter:[180/192], Time: 0.49, lr: [0.007283318226915514], Loss: 3.444989, Acc:0.618758, Semantic loss: 1.185503, BCE loss: 1.423227, SB loss: 0.836259
2025-03-22 11:27:05,701 Epoch: [5/20] Iter:[190/192], Time: 0.49, lr: [0.007259035997499604], Loss: 3.442179, Acc:0.618531, Semantic loss: 1.184066, BCE loss: 1.423799, SB loss: 0.834314
2025-03-22 11:29:10,404 0 [0.         0.56344401 0.22138838 0.22799826 0.20404153 0.08558569
 0.13464594] 0.2053005436994477
2025-03-22 11:29:10,405 1 [0.         0.54298678 0.22586396 0.30551653 0.34586254 0.08833805
 0.14879953] 0.23676676932863647
2025-03-22 11:29:10,414 => saving checkpoint to output\loveda\pidnet_small_loveda\no_augcheckpoint.pth.tar
2025-03-22 11:29:10,648 Loss: 3.625, MeanIU:  0.2368, Best_mIoU:  0.2368
2025-03-22 11:29:10,648 [0.         0.54298678 0.22586396 0.30551653 0.34586254 0.08833805
 0.14879953]
2025-03-22 11:29:21,940 Epoch: [6/20] Iter:[0/192], Time: 11.11, lr: [0.007254178469372199], Loss: 3.593696, Acc:0.658561, Semantic loss: 1.157940, BCE loss: 1.595200, SB loss: 0.840556
2025-03-22 11:29:26,148 Epoch: [6/20] Iter:[10/192], Time: 1.39, lr: [0.007229885401256642], Loss: 3.282485, Acc:0.637540, Semantic loss: 1.124045, BCE loss: 1.323761, SB loss: 0.834679
2025-03-22 11:29:30,417 Epoch: [6/20] Iter:[20/192], Time: 0.93, lr: [0.0072055832600777334], Loss: 3.305967, Acc:0.625341, Semantic loss: 1.135804, BCE loss: 1.337541, SB loss: 0.832621
2025-03-22 11:29:34,696 Epoch: [6/20] Iter:[30/192], Time: 0.77, lr: [0.007181272008420604], Loss: 3.336877, Acc:0.627305, Semantic loss: 1.159186, BCE loss: 1.355574, SB loss: 0.822116
2025-03-22 11:29:39,132 Epoch: [6/20] Iter:[40/192], Time: 0.69, lr: [0.007156951608574727], Loss: 3.347109, Acc:0.620314, Semantic loss: 1.163753, BCE loss: 1.363534, SB loss: 0.819822
2025-03-22 11:29:43,441 Epoch: [6/20] Iter:[50/192], Time: 0.64, lr: [0.007132622022530447], Loss: 3.325618, Acc:0.619790, Semantic loss: 1.166408, BCE loss: 1.337450, SB loss: 0.821760
2025-03-22 11:29:47,846 Epoch: [6/20] Iter:[60/192], Time: 0.61, lr: [0.007108283211975477], Loss: 3.375612, Acc:0.621931, Semantic loss: 1.167593, BCE loss: 1.388816, SB loss: 0.819203
2025-03-22 11:29:52,207 Epoch: [6/20] Iter:[70/192], Time: 0.58, lr: [0.007083935138291319], Loss: 3.364271, Acc:0.620283, Semantic loss: 1.166324, BCE loss: 1.378847, SB loss: 0.819100
2025-03-22 11:29:56,618 Epoch: [6/20] Iter:[80/192], Time: 0.57, lr: [0.007059577762549636], Loss: 3.376401, Acc:0.619880, Semantic loss: 1.166086, BCE loss: 1.390800, SB loss: 0.819516
2025-03-22 11:30:00,925 Epoch: [6/20] Iter:[90/192], Time: 0.55, lr: [0.007035211045508576], Loss: 3.373664, Acc:0.624538, Semantic loss: 1.158526, BCE loss: 1.400155, SB loss: 0.814983
2025-03-22 11:30:05,298 Epoch: [6/20] Iter:[100/192], Time: 0.54, lr: [0.0070108349476090265], Loss: 3.385125, Acc:0.627703, Semantic loss: 1.156248, BCE loss: 1.414460, SB loss: 0.814417
2025-03-22 11:30:09,574 Epoch: [6/20] Iter:[110/192], Time: 0.53, lr: [0.00698644942897081], Loss: 3.377555, Acc:0.625896, Semantic loss: 1.151610, BCE loss: 1.409158, SB loss: 0.816788
2025-03-22 11:30:13,930 Epoch: [6/20] Iter:[120/192], Time: 0.52, lr: [0.006962054449388827], Loss: 3.385514, Acc:0.625983, Semantic loss: 1.154606, BCE loss: 1.411647, SB loss: 0.819260
2025-03-22 11:30:18,254 Epoch: [6/20] Iter:[130/192], Time: 0.51, lr: [0.006937649968329135], Loss: 3.392390, Acc:0.626321, Semantic loss: 1.154371, BCE loss: 1.417033, SB loss: 0.820986
2025-03-22 11:30:22,620 Epoch: [6/20] Iter:[140/192], Time: 0.51, lr: [0.006913235944924954], Loss: 3.401439, Acc:0.628695, Semantic loss: 1.151060, BCE loss: 1.430581, SB loss: 0.819798
2025-03-22 11:30:26,947 Epoch: [6/20] Iter:[150/192], Time: 0.50, lr: [0.006888812337972621], Loss: 3.390732, Acc:0.630580, Semantic loss: 1.148070, BCE loss: 1.423786, SB loss: 0.818876
2025-03-22 11:30:31,301 Epoch: [6/20] Iter:[160/192], Time: 0.50, lr: [0.00686437910592748], Loss: 3.384990, Acc:0.630698, Semantic loss: 1.148925, BCE loss: 1.418521, SB loss: 0.817544
2025-03-22 11:30:35,596 Epoch: [6/20] Iter:[170/192], Time: 0.50, lr: [0.00683993620689969], Loss: 3.379869, Acc:0.631616, Semantic loss: 1.147211, BCE loss: 1.416902, SB loss: 0.815756
2025-03-22 11:30:39,906 Epoch: [6/20] Iter:[180/192], Time: 0.49, lr: [0.0068154835986499775], Loss: 3.377531, Acc:0.632635, Semantic loss: 1.144195, BCE loss: 1.416385, SB loss: 0.816951
2025-03-22 11:30:44,224 Epoch: [6/20] Iter:[190/192], Time: 0.49, lr: [0.006791021238585323], Loss: 3.369358, Acc:0.633023, Semantic loss: 1.143167, BCE loss: 1.410597, SB loss: 0.815593
2025-03-22 11:32:48,011 0 [0.         0.58759502 0.29955279 0.25033923 0.22433332 0.01331287
 0.04903858] 0.20345311620386117
2025-03-22 11:32:48,012 1 [0.         0.50557627 0.35212521 0.25993991 0.46416225 0.00389678
 0.06635808] 0.23600835706805862
2025-03-22 11:32:48,019 => saving checkpoint to output\loveda\pidnet_small_loveda\no_augcheckpoint.pth.tar
2025-03-22 11:32:48,169 Loss: 3.646, MeanIU:  0.2360, Best_mIoU:  0.2368
2025-03-22 11:32:48,169 [0.         0.50557627 0.35212521 0.25993991 0.46416225 0.00389678
 0.06635808]
2025-03-22 11:32:59,844 Epoch: [7/20] Iter:[0/192], Time: 11.49, lr: [0.006786127592581251], Loss: 3.850307, Acc:0.618056, Semantic loss: 1.144368, BCE loss: 1.926089, SB loss: 0.779850
2025-03-22 11:33:04,060 Epoch: [7/20] Iter:[10/192], Time: 1.43, lr: [0.006761653473611295], Loss: 3.298324, Acc:0.640204, Semantic loss: 1.110473, BCE loss: 1.408194, SB loss: 0.779657
2025-03-22 11:33:08,151 Epoch: [7/20] Iter:[20/192], Time: 0.94, lr: [0.006737169507854796], Loss: 3.286221, Acc:0.653221, Semantic loss: 1.076413, BCE loss: 1.439832, SB loss: 0.769976
2025-03-22 11:33:12,054 Epoch: [7/20] Iter:[30/192], Time: 0.76, lr: [0.006712675651556858], Loss: 3.294277, Acc:0.659485, Semantic loss: 1.082139, BCE loss: 1.439974, SB loss: 0.772164
2025-03-22 11:33:16,010 Epoch: [7/20] Iter:[40/192], Time: 0.67, lr: [0.006688171860589905], Loss: 3.243358, Acc:0.658628, Semantic loss: 1.075471, BCE loss: 1.387890, SB loss: 0.779997
2025-03-22 11:33:20,194 Epoch: [7/20] Iter:[50/192], Time: 0.62, lr: [0.0066636580904489585], Loss: 3.271247, Acc:0.653438, Semantic loss: 1.096247, BCE loss: 1.391858, SB loss: 0.783142
2025-03-22 11:33:24,367 Epoch: [7/20] Iter:[60/192], Time: 0.59, lr: [0.006639134296246874], Loss: 3.289406, Acc:0.651181, Semantic loss: 1.101330, BCE loss: 1.399842, SB loss: 0.788234
2025-03-22 11:33:28,662 Epoch: [7/20] Iter:[70/192], Time: 0.57, lr: [0.0066146004327094585], Loss: 3.296292, Acc:0.652052, Semantic loss: 1.109693, BCE loss: 1.397450, SB loss: 0.789149
2025-03-22 11:33:32,878 Epoch: [7/20] Iter:[80/192], Time: 0.55, lr: [0.006590056454170537], Loss: 3.302332, Acc:0.653356, Semantic loss: 1.106586, BCE loss: 1.407313, SB loss: 0.788433
2025-03-22 11:33:37,095 Epoch: [7/20] Iter:[90/192], Time: 0.54, lr: [0.006565502314566912], Loss: 3.297579, Acc:0.652939, Semantic loss: 1.109870, BCE loss: 1.394872, SB loss: 0.792836
2025-03-22 11:33:41,371 Epoch: [7/20] Iter:[100/192], Time: 0.52, lr: [0.006540937967433255], Loss: 3.295056, Acc:0.650320, Semantic loss: 1.108226, BCE loss: 1.392766, SB loss: 0.794064
2025-03-22 11:33:45,700 Epoch: [7/20] Iter:[110/192], Time: 0.52, lr: [0.006516363365896894], Loss: 3.292606, Acc:0.649935, Semantic loss: 1.108972, BCE loss: 1.388777, SB loss: 0.794857
2025-03-22 11:33:49,983 Epoch: [7/20] Iter:[120/192], Time: 0.51, lr: [0.006491778462672531], Loss: 3.301253, Acc:0.649708, Semantic loss: 1.108263, BCE loss: 1.398716, SB loss: 0.794274
2025-03-22 11:33:54,282 Epoch: [7/20] Iter:[130/192], Time: 0.50, lr: [0.006467183210056843], Loss: 3.313956, Acc:0.648364, Semantic loss: 1.110852, BCE loss: 1.405904, SB loss: 0.797199
2025-03-22 11:33:58,455 Epoch: [7/20] Iter:[140/192], Time: 0.50, lr: [0.006442577559923017], Loss: 3.311636, Acc:0.647491, Semantic loss: 1.110453, BCE loss: 1.404920, SB loss: 0.796263
2025-03-22 11:34:02,635 Epoch: [7/20] Iter:[150/192], Time: 0.49, lr: [0.006417961463715172], Loss: 3.301095, Acc:0.647408, Semantic loss: 1.110252, BCE loss: 1.395524, SB loss: 0.795319
2025-03-22 11:34:06,820 Epoch: [7/20] Iter:[160/192], Time: 0.49, lr: [0.006393334872442681], Loss: 3.301369, Acc:0.648340, Semantic loss: 1.110273, BCE loss: 1.395347, SB loss: 0.795749
2025-03-22 11:34:10,978 Epoch: [7/20] Iter:[170/192], Time: 0.48, lr: [0.006368697736674411], Loss: 3.307965, Acc:0.648595, Semantic loss: 1.116736, BCE loss: 1.393586, SB loss: 0.797643
2025-03-22 11:34:15,143 Epoch: [7/20] Iter:[180/192], Time: 0.48, lr: [0.006344050006532848], Loss: 3.315827, Acc:0.648143, Semantic loss: 1.120086, BCE loss: 1.397649, SB loss: 0.798092
2025-03-22 11:34:19,280 Epoch: [7/20] Iter:[190/192], Time: 0.48, lr: [0.006319391631688114], Loss: 3.319570, Acc:0.646886, Semantic loss: 1.121233, BCE loss: 1.399676, SB loss: 0.798661
2025-03-22 11:36:21,914 0 [0.         0.58943385 0.34862858 0.24492254 0.20156999 0.05247964
 0.08714327] 0.21773969622480868
2025-03-22 11:36:21,915 1 [0.         0.58450823 0.39631845 0.30546841 0.33838819 0.05185594
 0.12051594] 0.25672216714222
2025-03-22 11:36:21,921 => saving checkpoint to output\loveda\pidnet_small_loveda\no_augcheckpoint.pth.tar
2025-03-22 11:36:22,131 Loss: 3.353, MeanIU:  0.2567, Best_mIoU:  0.2567
2025-03-22 11:36:22,132 [0.         0.58450823 0.39631845 0.30546841 0.33838819 0.05185594
 0.12051594]
2025-03-22 11:36:33,172 Epoch: [8/20] Iter:[0/192], Time: 10.86, lr: [0.006314458674893553], Loss: 3.379889, Acc:0.656211, Semantic loss: 1.020337, BCE loss: 1.663395, SB loss: 0.696158
2025-03-22 11:36:37,303 Epoch: [8/20] Iter:[10/192], Time: 1.36, lr: [0.006289787459323657], Loss: 3.263083, Acc:0.658465, Semantic loss: 1.059569, BCE loss: 1.430919, SB loss: 0.772595
2025-03-22 11:36:41,623 Epoch: [8/20] Iter:[20/192], Time: 0.92, lr: [0.006265105486702424], Loss: 3.256248, Acc:0.666414, Semantic loss: 1.085297, BCE loss: 1.396596, SB loss: 0.774355
2025-03-22 11:36:45,907 Epoch: [8/20] Iter:[30/192], Time: 0.76, lr: [0.006240412705211017], Loss: 3.251203, Acc:0.654134, Semantic loss: 1.100079, BCE loss: 1.366935, SB loss: 0.784188
2025-03-22 11:36:50,292 Epoch: [8/20] Iter:[40/192], Time: 0.68, lr: [0.006215709062551949], Loss: 3.262555, Acc:0.648922, Semantic loss: 1.100971, BCE loss: 1.378954, SB loss: 0.782630
2025-03-22 11:36:54,574 Epoch: [8/20] Iter:[50/192], Time: 0.63, lr: [0.006190994505942529], Loss: 3.231898, Acc:0.652682, Semantic loss: 1.102019, BCE loss: 1.347473, SB loss: 0.782406
2025-03-22 11:36:58,970 Epoch: [8/20] Iter:[60/192], Time: 0.60, lr: [0.006166268982108192], Loss: 3.215848, Acc:0.650738, Semantic loss: 1.100052, BCE loss: 1.331794, SB loss: 0.784002
2025-03-22 11:37:03,239 Epoch: [8/20] Iter:[70/192], Time: 0.58, lr: [0.006141532437275693], Loss: 3.199013, Acc:0.647301, Semantic loss: 1.099141, BCE loss: 1.322629, SB loss: 0.777243
2025-03-22 11:37:07,564 Epoch: [8/20] Iter:[80/192], Time: 0.56, lr: [0.006116784817166194], Loss: 3.204252, Acc:0.645974, Semantic loss: 1.099304, BCE loss: 1.324801, SB loss: 0.780147
2025-03-22 11:37:11,821 Epoch: [8/20] Iter:[90/192], Time: 0.54, lr: [0.006092026066988214], Loss: 3.236548, Acc:0.649457, Semantic loss: 1.103159, BCE loss: 1.348403, SB loss: 0.784987
2025-03-22 11:37:16,164 Epoch: [8/20] Iter:[100/192], Time: 0.53, lr: [0.006067256131430442], Loss: 3.240972, Acc:0.651418, Semantic loss: 1.095930, BCE loss: 1.358355, SB loss: 0.786687
2025-03-22 11:37:20,428 Epoch: [8/20] Iter:[110/192], Time: 0.52, lr: [0.00604247495465443], Loss: 3.241963, Acc:0.654120, Semantic loss: 1.089044, BCE loss: 1.367533, SB loss: 0.785386
2025-03-22 11:37:24,786 Epoch: [8/20] Iter:[120/192], Time: 0.52, lr: [0.006017682480287143], Loss: 3.235959, Acc:0.657194, Semantic loss: 1.085973, BCE loss: 1.366795, SB loss: 0.783191
2025-03-22 11:37:29,024 Epoch: [8/20] Iter:[130/192], Time: 0.51, lr: [0.00599287865141337], Loss: 3.242517, Acc:0.658155, Semantic loss: 1.089044, BCE loss: 1.368042, SB loss: 0.785431
2025-03-22 11:37:33,346 Epoch: [8/20] Iter:[140/192], Time: 0.50, lr: [0.005968063410567983], Loss: 3.244599, Acc:0.656782, Semantic loss: 1.090768, BCE loss: 1.368337, SB loss: 0.785494
2025-03-22 11:37:37,641 Epoch: [8/20] Iter:[150/192], Time: 0.50, lr: [0.00594323669972807], Loss: 3.256076, Acc:0.656986, Semantic loss: 1.092283, BCE loss: 1.377659, SB loss: 0.786134
2025-03-22 11:37:41,993 Epoch: [8/20] Iter:[160/192], Time: 0.49, lr: [0.005918398460304892], Loss: 3.253507, Acc:0.658497, Semantic loss: 1.089242, BCE loss: 1.379147, SB loss: 0.785119
2025-03-22 11:37:46,309 Epoch: [8/20] Iter:[170/192], Time: 0.49, lr: [0.0058935486331357125], Loss: 3.263492, Acc:0.658286, Semantic loss: 1.092074, BCE loss: 1.383593, SB loss: 0.787825
2025-03-22 11:37:50,654 Epoch: [8/20] Iter:[180/192], Time: 0.49, lr: [0.005868687158475447], Loss: 3.266832, Acc:0.658225, Semantic loss: 1.093699, BCE loss: 1.384337, SB loss: 0.788795
2025-03-22 11:37:54,885 Epoch: [8/20] Iter:[190/192], Time: 0.48, lr: [0.005843813975988169], Loss: 3.268609, Acc:0.657357, Semantic loss: 1.093448, BCE loss: 1.387680, SB loss: 0.787481
2025-03-22 11:39:58,689 0 [0.         0.59462927 0.31279486 0.29239377 0.24476165 0.05428002
 0.09893782] 0.228256769463292
2025-03-22 11:39:58,690 1 [0.         0.63592244 0.43971869 0.32284277 0.3214338  0.00276915
 0.05676176] 0.25420694508067054
2025-03-22 11:39:58,696 => saving checkpoint to output\loveda\pidnet_small_loveda\no_augcheckpoint.pth.tar
2025-03-22 11:39:58,833 Loss: 3.417, MeanIU:  0.2542, Best_mIoU:  0.2567
2025-03-22 11:39:58,834 [0.         0.63592244 0.43971869 0.32284277 0.3214338  0.00276915
 0.05676176]
2025-03-22 11:40:10,014 Epoch: [9/20] Iter:[0/192], Time: 10.99, lr: [0.0058388379291998025], Loss: 3.096882, Acc:0.710579, Semantic loss: 0.907467, BCE loss: 1.489341, SB loss: 0.700073
2025-03-22 11:40:14,284 Epoch: [9/20] Iter:[10/192], Time: 1.39, lr: [0.0058139506168319475], Loss: 3.084090, Acc:0.647973, Semantic loss: 1.048622, BCE loss: 1.305395, SB loss: 0.730072
2025-03-22 11:40:18,590 Epoch: [9/20] Iter:[20/192], Time: 0.93, lr: [0.005789051461775303], Loss: 3.103605, Acc:0.657402, Semantic loss: 1.052649, BCE loss: 1.308141, SB loss: 0.742815
2025-03-22 11:40:22,865 Epoch: [9/20] Iter:[30/192], Time: 0.77, lr: [0.005764140401744157], Loss: 3.123081, Acc:0.667966, Semantic loss: 1.047963, BCE loss: 1.321587, SB loss: 0.753532
2025-03-22 11:40:27,230 Epoch: [9/20] Iter:[40/192], Time: 0.69, lr: [0.005739217373824397], Loss: 3.163933, Acc:0.661581, Semantic loss: 1.064759, BCE loss: 1.335279, SB loss: 0.763894
2025-03-22 11:40:31,524 Epoch: [9/20] Iter:[50/192], Time: 0.64, lr: [0.005714282314464109], Loss: 3.213671, Acc:0.660318, Semantic loss: 1.071512, BCE loss: 1.380812, SB loss: 0.761346
2025-03-22 11:40:35,860 Epoch: [9/20] Iter:[60/192], Time: 0.60, lr: [0.005689335159463984], Loss: 3.212925, Acc:0.663142, Semantic loss: 1.075294, BCE loss: 1.370790, SB loss: 0.766841
2025-03-22 11:40:40,149 Epoch: [9/20] Iter:[70/192], Time: 0.58, lr: [0.0056643758439675305], Loss: 3.213437, Acc:0.661722, Semantic loss: 1.073838, BCE loss: 1.374636, SB loss: 0.764963
2025-03-22 11:40:44,461 Epoch: [9/20] Iter:[80/192], Time: 0.56, lr: [0.005639404302451105], Loss: 3.194809, Acc:0.665008, Semantic loss: 1.069512, BCE loss: 1.365608, SB loss: 0.759689
2025-03-22 11:40:48,747 Epoch: [9/20] Iter:[90/192], Time: 0.55, lr: [0.005614420468713722], Loss: 3.203297, Acc:0.666097, Semantic loss: 1.076089, BCE loss: 1.364653, SB loss: 0.762555
2025-03-22 11:40:53,062 Epoch: [9/20] Iter:[100/192], Time: 0.54, lr: [0.005589424275866668], Loss: 3.210778, Acc:0.665750, Semantic loss: 1.081466, BCE loss: 1.367358, SB loss: 0.761953
2025-03-22 11:40:57,388 Epoch: [9/20] Iter:[110/192], Time: 0.53, lr: [0.005564415656322913], Loss: 3.225120, Acc:0.666658, Semantic loss: 1.084274, BCE loss: 1.376343, SB loss: 0.764502
2025-03-22 11:41:01,719 Epoch: [9/20] Iter:[120/192], Time: 0.52, lr: [0.00553939454178628], Loss: 3.236644, Acc:0.666381, Semantic loss: 1.084912, BCE loss: 1.386246, SB loss: 0.765487
2025-03-22 11:41:06,060 Epoch: [9/20] Iter:[130/192], Time: 0.51, lr: [0.005514360863240413], Loss: 3.232072, Acc:0.667406, Semantic loss: 1.083680, BCE loss: 1.381611, SB loss: 0.766781
2025-03-22 11:41:10,442 Epoch: [9/20] Iter:[140/192], Time: 0.51, lr: [0.005489314550937511], Loss: 3.230626, Acc:0.666933, Semantic loss: 1.081776, BCE loss: 1.382337, SB loss: 0.766513
2025-03-22 11:41:14,775 Epoch: [9/20] Iter:[150/192], Time: 0.50, lr: [0.005464255534386825], Loss: 3.224763, Acc:0.667581, Semantic loss: 1.076755, BCE loss: 1.381472, SB loss: 0.766536
2025-03-22 11:41:19,069 Epoch: [9/20] Iter:[160/192], Time: 0.50, lr: [0.005439183742342914], Loss: 3.229191, Acc:0.669974, Semantic loss: 1.074216, BCE loss: 1.388508, SB loss: 0.766467
2025-03-22 11:41:23,353 Epoch: [9/20] Iter:[170/192], Time: 0.49, lr: [0.00541409910279366], Loss: 3.231525, Acc:0.670009, Semantic loss: 1.072517, BCE loss: 1.392395, SB loss: 0.766613
2025-03-22 11:41:27,705 Epoch: [9/20] Iter:[180/192], Time: 0.49, lr: [0.005389001542948025], Loss: 3.238956, Acc:0.670130, Semantic loss: 1.075464, BCE loss: 1.393100, SB loss: 0.770391
2025-03-22 11:41:31,970 Epoch: [9/20] Iter:[190/192], Time: 0.49, lr: [0.005363890989223547], Loss: 3.229501, Acc:0.668503, Semantic loss: 1.076268, BCE loss: 1.382392, SB loss: 0.770841
2025-03-22 11:43:32,330 0 [0.         0.61535227 0.32387916 0.32609994 0.1496601  0.10679875
 0.07872203] 0.22864460655329863
2025-03-22 11:43:32,331 1 [0.         0.6529578  0.3986212  0.37136759 0.26604469 0.06724198
 0.02983176] 0.25515214440405937
2025-03-22 11:43:32,337 => saving checkpoint to output\loveda\pidnet_small_loveda\no_augcheckpoint.pth.tar
2025-03-22 11:43:32,471 Loss: 3.539, MeanIU:  0.2552, Best_mIoU:  0.2567
2025-03-22 11:43:32,472 [0.         0.6529578  0.3986212  0.37136759 0.26604469 0.06724198
 0.02983176]
2025-03-22 11:43:43,414 Epoch: [10/20] Iter:[0/192], Time: 10.76, lr: [0.005358867312681466], Loss: 3.118260, Acc:0.702003, Semantic loss: 1.025828, BCE loss: 1.419017, SB loss: 0.673416
2025-03-22 11:43:47,589 Epoch: [10/20] Iter:[10/192], Time: 1.36, lr: [0.005333741068040314], Loss: 3.279593, Acc:0.693446, Semantic loss: 1.027814, BCE loss: 1.473555, SB loss: 0.778224
2025-03-22 11:43:51,953 Epoch: [10/20] Iter:[20/192], Time: 0.92, lr: [0.0053086016647897714], Loss: 3.261435, Acc:0.695958, Semantic loss: 1.044809, BCE loss: 1.461103, SB loss: 0.755523
2025-03-22 11:43:56,209 Epoch: [10/20] Iter:[30/192], Time: 0.76, lr: [0.005283449026727663], Loss: 3.278932, Acc:0.683696, Semantic loss: 1.047078, BCE loss: 1.471027, SB loss: 0.760826
2025-03-22 11:44:00,595 Epoch: [10/20] Iter:[40/192], Time: 0.68, lr: [0.005258283076804885], Loss: 3.283512, Acc:0.691196, Semantic loss: 1.042309, BCE loss: 1.483772, SB loss: 0.757431
2025-03-22 11:44:04,846 Epoch: [10/20] Iter:[50/192], Time: 0.63, lr: [0.00523310373711144], Loss: 3.253854, Acc:0.688906, Semantic loss: 1.036995, BCE loss: 1.464074, SB loss: 0.752785
2025-03-22 11:44:09,110 Epoch: [10/20] Iter:[60/192], Time: 0.60, lr: [0.005207910928862159], Loss: 3.247100, Acc:0.682651, Semantic loss: 1.048563, BCE loss: 1.447958, SB loss: 0.750578
2025-03-22 11:44:13,392 Epoch: [10/20] Iter:[70/192], Time: 0.57, lr: [0.005182704572382109], Loss: 3.230297, Acc:0.678229, Semantic loss: 1.054558, BCE loss: 1.424481, SB loss: 0.751259
2025-03-22 11:44:17,732 Epoch: [10/20] Iter:[80/192], Time: 0.56, lr: [0.005157484587091684], Loss: 3.227916, Acc:0.682659, Semantic loss: 1.047310, BCE loss: 1.426536, SB loss: 0.754070
2025-03-22 11:44:22,004 Epoch: [10/20] Iter:[90/192], Time: 0.54, lr: [0.005132250891491357], Loss: 3.213638, Acc:0.679662, Semantic loss: 1.047006, BCE loss: 1.415106, SB loss: 0.751526
2025-03-22 11:44:26,282 Epoch: [10/20] Iter:[100/192], Time: 0.53, lr: [0.005107003403146087], Loss: 3.192434, Acc:0.680835, Semantic loss: 1.043211, BCE loss: 1.396657, SB loss: 0.752566
2025-03-22 11:44:30,557 Epoch: [10/20] Iter:[110/192], Time: 0.52, lr: [0.005081742038669388], Loss: 3.198424, Acc:0.680851, Semantic loss: 1.046671, BCE loss: 1.397456, SB loss: 0.754297
2025-03-22 11:44:34,818 Epoch: [10/20] Iter:[120/192], Time: 0.51, lr: [0.005056466713707024], Loss: 3.196204, Acc:0.680270, Semantic loss: 1.050560, BCE loss: 1.385665, SB loss: 0.759980
2025-03-22 11:44:39,065 Epoch: [10/20] Iter:[130/192], Time: 0.51, lr: [0.005031177342920337], Loss: 3.193447, Acc:0.679405, Semantic loss: 1.052614, BCE loss: 1.380233, SB loss: 0.760600
2025-03-22 11:44:43,315 Epoch: [10/20] Iter:[140/192], Time: 0.50, lr: [0.005005873839969192], Loss: 3.190034, Acc:0.676397, Semantic loss: 1.055219, BCE loss: 1.370344, SB loss: 0.764472
2025-03-22 11:44:47,553 Epoch: [10/20] Iter:[150/192], Time: 0.50, lr: [0.00498055611749454], Loss: 3.200654, Acc:0.675135, Semantic loss: 1.061554, BCE loss: 1.372447, SB loss: 0.766653
2025-03-22 11:44:51,929 Epoch: [10/20] Iter:[160/192], Time: 0.49, lr: [0.004955224087100552], Loss: 3.199328, Acc:0.676116, Semantic loss: 1.059131, BCE loss: 1.373497, SB loss: 0.766700
2025-03-22 11:44:56,214 Epoch: [10/20] Iter:[170/192], Time: 0.49, lr: [0.004929877659336362], Loss: 3.199763, Acc:0.676815, Semantic loss: 1.056376, BCE loss: 1.376218, SB loss: 0.767169
2025-03-22 11:45:00,601 Epoch: [10/20] Iter:[180/192], Time: 0.49, lr: [0.004904516743677371], Loss: 3.200175, Acc:0.674775, Semantic loss: 1.059295, BCE loss: 1.371468, SB loss: 0.769412
2025-03-22 11:45:04,897 Epoch: [10/20] Iter:[190/192], Time: 0.48, lr: [0.00487914124850611], Loss: 3.203528, Acc:0.673635, Semantic loss: 1.060036, BCE loss: 1.374679, SB loss: 0.768814
2025-03-22 11:47:07,566 0 [0.         0.58310024 0.33524766 0.27014002 0.19428288 0.09198934
 0.12016153] 0.22784595183622192
2025-03-22 11:47:07,566 1 [0.         0.59271959 0.33119603 0.28613723 0.26643786 0.05952449
 0.05949258] 0.22792968483099355
2025-03-22 11:47:07,571 => saving checkpoint to output\loveda\pidnet_small_loveda\no_augcheckpoint.pth.tar
2025-03-22 11:47:07,712 Loss: 3.558, MeanIU:  0.2279, Best_mIoU:  0.2567
2025-03-22 11:47:07,712 [0.         0.59271959 0.33119603 0.28613723 0.26643786 0.05952449
 0.05949258]
2025-03-22 11:47:18,927 Epoch: [11/20] Iter:[0/192], Time: 11.03, lr: [0.004874064391789954], Loss: 3.352942, Acc:0.746597, Semantic loss: 1.010936, BCE loss: 1.595590, SB loss: 0.746416
2025-03-22 11:47:23,175 Epoch: [11/20] Iter:[10/192], Time: 1.39, lr: [0.004848671278701159], Loss: 3.197672, Acc:0.686549, Semantic loss: 1.040083, BCE loss: 1.437886, SB loss: 0.719703
2025-03-22 11:47:27,417 Epoch: [11/20] Iter:[20/192], Time: 0.93, lr: [0.0048232633805975296], Loss: 3.214872, Acc:0.680729, Semantic loss: 1.037485, BCE loss: 1.427281, SB loss: 0.750106
2025-03-22 11:47:31,692 Epoch: [11/20] Iter:[30/192], Time: 0.77, lr: [0.00479784060223045], Loss: 3.140602, Acc:0.689823, Semantic loss: 1.021859, BCE loss: 1.371727, SB loss: 0.747017
2025-03-22 11:47:35,950 Epoch: [11/20] Iter:[40/192], Time: 0.68, lr: [0.004772402847172951], Loss: 3.131110, Acc:0.689728, Semantic loss: 1.023157, BCE loss: 1.362697, SB loss: 0.745255
2025-03-22 11:47:40,186 Epoch: [11/20] Iter:[50/192], Time: 0.63, lr: [0.004746950017798064], Loss: 3.138124, Acc:0.686571, Semantic loss: 1.015694, BCE loss: 1.371190, SB loss: 0.751240
2025-03-22 11:47:44,516 Epoch: [11/20] Iter:[60/192], Time: 0.60, lr: [0.004721482015256639], Loss: 3.137761, Acc:0.684992, Semantic loss: 1.019997, BCE loss: 1.366830, SB loss: 0.750934
2025-03-22 11:47:48,849 Epoch: [11/20] Iter:[70/192], Time: 0.58, lr: [0.004695998739454633], Loss: 3.143048, Acc:0.690781, Semantic loss: 1.017955, BCE loss: 1.379677, SB loss: 0.745416
2025-03-22 11:47:53,120 Epoch: [11/20] Iter:[80/192], Time: 0.56, lr: [0.004670500089029817], Loss: 3.140931, Acc:0.689184, Semantic loss: 1.016375, BCE loss: 1.379016, SB loss: 0.745541
2025-03-22 11:47:57,390 Epoch: [11/20] Iter:[90/192], Time: 0.54, lr: [0.004644985961327915], Loss: 3.123763, Acc:0.688901, Semantic loss: 1.019825, BCE loss: 1.358701, SB loss: 0.745237
2025-03-22 11:48:01,746 Epoch: [11/20] Iter:[100/192], Time: 0.53, lr: [0.004619456252378151], Loss: 3.142980, Acc:0.687710, Semantic loss: 1.028168, BCE loss: 1.361605, SB loss: 0.753207
2025-03-22 11:48:06,124 Epoch: [11/20] Iter:[110/192], Time: 0.52, lr: [0.004593910856868159], Loss: 3.140496, Acc:0.689059, Semantic loss: 1.028890, BCE loss: 1.359195, SB loss: 0.752411
2025-03-22 11:48:10,464 Epoch: [11/20] Iter:[120/192], Time: 0.52, lr: [0.004568349668118281], Loss: 3.142325, Acc:0.688377, Semantic loss: 1.028972, BCE loss: 1.360497, SB loss: 0.752856
2025-03-22 11:48:14,809 Epoch: [11/20] Iter:[130/192], Time: 0.51, lr: [0.004542772578055196], Loss: 3.153136, Acc:0.686973, Semantic loss: 1.034552, BCE loss: 1.363460, SB loss: 0.755124
2025-03-22 11:48:19,082 Epoch: [11/20] Iter:[140/192], Time: 0.50, lr: [0.00451717947718487], Loss: 3.154165, Acc:0.687926, Semantic loss: 1.030265, BCE loss: 1.372219, SB loss: 0.751682
2025-03-22 11:48:23,305 Epoch: [11/20] Iter:[150/192], Time: 0.50, lr: [0.004491570254564817], Loss: 3.152270, Acc:0.686941, Semantic loss: 1.031259, BCE loss: 1.369074, SB loss: 0.751936
2025-03-22 11:48:27,522 Epoch: [11/20] Iter:[160/192], Time: 0.49, lr: [0.004465944797775636], Loss: 3.152855, Acc:0.687595, Semantic loss: 1.031238, BCE loss: 1.368232, SB loss: 0.753385
2025-03-22 11:48:31,880 Epoch: [11/20] Iter:[170/192], Time: 0.49, lr: [0.004440302992891796], Loss: 3.160356, Acc:0.687107, Semantic loss: 1.034299, BCE loss: 1.371699, SB loss: 0.754358
2025-03-22 11:48:36,056 Epoch: [11/20] Iter:[180/192], Time: 0.49, lr: [0.004414644724451659], Loss: 3.163535, Acc:0.684487, Semantic loss: 1.037576, BCE loss: 1.371468, SB loss: 0.754491
2025-03-22 11:48:40,254 Epoch: [11/20] Iter:[190/192], Time: 0.48, lr: [0.004388969875426714], Loss: 3.159979, Acc:0.684932, Semantic loss: 1.037797, BCE loss: 1.366767, SB loss: 0.755414
2025-03-22 11:50:38,681 0 [0.         0.60698144 0.40565816 0.31535202 0.19347041 0.14290258
 0.10657038] 0.25299071243438337
2025-03-22 11:50:38,681 1 [0.         0.65679934 0.42052835 0.35593928 0.20400245 0.13946554
 0.05479801] 0.2616475682444484
2025-03-22 11:50:38,686 => saving checkpoint to output\loveda\pidnet_small_loveda\no_augcheckpoint.pth.tar
2025-03-22 11:50:38,887 Loss: 3.782, MeanIU:  0.2616, Best_mIoU:  0.2616
2025-03-22 11:50:38,888 [0.         0.65679934 0.42052835 0.35593928 0.20400245 0.13946554
 0.05479801]
2025-03-22 11:50:50,262 Epoch: [12/20] Iter:[0/192], Time: 11.19, lr: [0.0043838329055408696], Loss: 3.404891, Acc:0.717414, Semantic loss: 1.010980, BCE loss: 1.672061, SB loss: 0.721850
2025-03-22 11:50:54,457 Epoch: [12/20] Iter:[10/192], Time: 1.40, lr: [0.004358138003083593], Loss: 3.238523, Acc:0.706191, Semantic loss: 0.992900, BCE loss: 1.504978, SB loss: 0.740645
2025-03-22 11:50:58,602 Epoch: [12/20] Iter:[20/192], Time: 0.93, lr: [0.0043324262569064236], Loss: 3.188163, Acc:0.699314, Semantic loss: 1.007857, BCE loss: 1.429611, SB loss: 0.750696
2025-03-22 11:51:02,883 Epoch: [12/20] Iter:[30/192], Time: 0.77, lr: [0.0043066975447503065], Loss: 3.167368, Acc:0.693986, Semantic loss: 1.031369, BCE loss: 1.383830, SB loss: 0.752170
2025-03-22 11:51:07,263 Epoch: [12/20] Iter:[40/192], Time: 0.69, lr: [0.00428095174265078], Loss: 3.160715, Acc:0.698750, Semantic loss: 1.024706, BCE loss: 1.398961, SB loss: 0.737048
2025-03-22 11:51:11,548 Epoch: [12/20] Iter:[50/192], Time: 0.64, lr: [0.004255188724902623], Loss: 3.165549, Acc:0.700913, Semantic loss: 1.019704, BCE loss: 1.410828, SB loss: 0.735018
2025-03-22 11:51:15,868 Epoch: [12/20] Iter:[60/192], Time: 0.60, lr: [0.004229408364023519], Loss: 3.175154, Acc:0.703520, Semantic loss: 1.018204, BCE loss: 1.420383, SB loss: 0.736566
2025-03-22 11:51:20,062 Epoch: [12/20] Iter:[70/192], Time: 0.58, lr: [0.004203610530716726], Loss: 3.182681, Acc:0.697344, Semantic loss: 1.033135, BCE loss: 1.406089, SB loss: 0.743457
2025-03-22 11:51:24,383 Epoch: [12/20] Iter:[80/192], Time: 0.56, lr: [0.004177795093832693], Loss: 3.187935, Acc:0.694639, Semantic loss: 1.039079, BCE loss: 1.405410, SB loss: 0.743447
2025-03-22 11:51:28,671 Epoch: [12/20] Iter:[90/192], Time: 0.55, lr: [0.004151961920329593], Loss: 3.160424, Acc:0.696471, Semantic loss: 1.032551, BCE loss: 1.388982, SB loss: 0.738892
2025-03-22 11:51:32,985 Epoch: [12/20] Iter:[100/192], Time: 0.53, lr: [0.004126110875232744], Loss: 3.172444, Acc:0.697557, Semantic loss: 1.034674, BCE loss: 1.394996, SB loss: 0.742775
2025-03-22 11:51:37,240 Epoch: [12/20] Iter:[110/192], Time: 0.52, lr: [0.004100241821592866], Loss: 3.161746, Acc:0.694122, Semantic loss: 1.032997, BCE loss: 1.384117, SB loss: 0.744632
2025-03-22 11:51:41,569 Epoch: [12/20] Iter:[120/192], Time: 0.52, lr: [0.00407435462044314], Loss: 3.157436, Acc:0.694892, Semantic loss: 1.029767, BCE loss: 1.384550, SB loss: 0.743119
2025-03-22 11:51:45,797 Epoch: [12/20] Iter:[130/192], Time: 0.51, lr: [0.004048449130755016], Loss: 3.152712, Acc:0.694338, Semantic loss: 1.025595, BCE loss: 1.385168, SB loss: 0.741949
2025-03-22 11:51:50,108 Epoch: [12/20] Iter:[140/192], Time: 0.50, lr: [0.004022525209392749], Loss: 3.152536, Acc:0.694948, Semantic loss: 1.023161, BCE loss: 1.388928, SB loss: 0.740447
2025-03-22 11:51:54,291 Epoch: [12/20] Iter:[150/192], Time: 0.50, lr: [0.003996582711066572], Loss: 3.144487, Acc:0.694784, Semantic loss: 1.018352, BCE loss: 1.387444, SB loss: 0.738691
2025-03-22 11:51:58,551 Epoch: [12/20] Iter:[160/192], Time: 0.49, lr: [0.003970621488284514], Loss: 3.133770, Acc:0.694461, Semantic loss: 1.015852, BCE loss: 1.378786, SB loss: 0.739132
2025-03-22 11:52:02,803 Epoch: [12/20] Iter:[170/192], Time: 0.49, lr: [0.003944641391302759], Loss: 3.134384, Acc:0.693550, Semantic loss: 1.020507, BCE loss: 1.373430, SB loss: 0.740447
2025-03-22 11:52:07,085 Epoch: [12/20] Iter:[180/192], Time: 0.49, lr: [0.003918642268074522], Loss: 3.126168, Acc:0.691205, Semantic loss: 1.023412, BCE loss: 1.361729, SB loss: 0.741027
2025-03-22 11:52:11,298 Epoch: [12/20] Iter:[190/192], Time: 0.48, lr: [0.003892623964197378], Loss: 3.128894, Acc:0.689994, Semantic loss: 1.025363, BCE loss: 1.360606, SB loss: 0.742924
2025-03-22 11:54:12,772 0 [0.         0.61161771 0.39701477 0.32515606 0.19587451 0.05442268
 0.08779098] 0.2388395306981801
2025-03-22 11:54:12,773 1 [0.         0.65367587 0.44704482 0.35303038 0.2226181  0.04972982
 0.0363554 ] 0.25177919972404317
2025-03-22 11:54:12,779 => saving checkpoint to output\loveda\pidnet_small_loveda\no_augcheckpoint.pth.tar
2025-03-22 11:54:13,001 Loss: 3.789, MeanIU:  0.2518, Best_mIoU:  0.2616
2025-03-22 11:54:13,001 [0.         0.65367587 0.44704482 0.35303038 0.2226181  0.04972982
 0.0363554 ]
2025-03-22 11:54:24,176 Epoch: [13/20] Iter:[0/192], Time: 10.99, lr: [0.0038874179879876346], Loss: 3.257865, Acc:0.747804, Semantic loss: 0.916985, BCE loss: 1.698833, SB loss: 0.642048
2025-03-22 11:54:28,481 Epoch: [13/20] Iter:[10/192], Time: 1.39, lr: [0.003861376460123532], Loss: 3.208187, Acc:0.691667, Semantic loss: 0.997547, BCE loss: 1.470301, SB loss: 0.740339
2025-03-22 11:54:32,873 Epoch: [13/20] Iter:[20/192], Time: 0.94, lr: [0.003835315403363414], Loss: 3.166444, Acc:0.705894, Semantic loss: 1.003885, BCE loss: 1.410883, SB loss: 0.751675
2025-03-22 11:54:37,188 Epoch: [13/20] Iter:[30/192], Time: 0.77, lr: [0.00380923465539378], Loss: 3.109093, Acc:0.707028, Semantic loss: 0.989485, BCE loss: 1.383973, SB loss: 0.735634
2025-03-22 11:54:41,467 Epoch: [13/20] Iter:[40/192], Time: 0.69, lr: [0.0037831340513060203], Loss: 3.119255, Acc:0.707287, Semantic loss: 0.992955, BCE loss: 1.394912, SB loss: 0.731387
2025-03-22 11:54:45,767 Epoch: [13/20] Iter:[50/192], Time: 0.64, lr: [0.003757013423534689], Loss: 3.138624, Acc:0.710724, Semantic loss: 0.999617, BCE loss: 1.407813, SB loss: 0.731194
2025-03-22 11:54:50,021 Epoch: [13/20] Iter:[60/192], Time: 0.60, lr: [0.003730872601793835], Loss: 3.130052, Acc:0.706009, Semantic loss: 0.995587, BCE loss: 1.405378, SB loss: 0.729087
2025-03-22 11:54:54,284 Epoch: [13/20] Iter:[70/192], Time: 0.58, lr: [0.0037047114130112895], Loss: 3.116796, Acc:0.704516, Semantic loss: 0.998933, BCE loss: 1.389476, SB loss: 0.728387
2025-03-22 11:54:58,569 Epoch: [13/20] Iter:[80/192], Time: 0.56, lr: [0.0036785296812608405], Loss: 3.114059, Acc:0.704028, Semantic loss: 1.012350, BCE loss: 1.361352, SB loss: 0.740357
2025-03-22 11:55:02,848 Epoch: [13/20] Iter:[90/192], Time: 0.55, lr: [0.003652327227692201], Loss: 3.130794, Acc:0.702205, Semantic loss: 1.016478, BCE loss: 1.372347, SB loss: 0.741968
2025-03-22 11:55:07,108 Epoch: [13/20] Iter:[100/192], Time: 0.53, lr: [0.0036261038704587037], Loss: 3.141909, Acc:0.698798, Semantic loss: 1.015586, BCE loss: 1.383655, SB loss: 0.742669
2025-03-22 11:55:11,394 Epoch: [13/20] Iter:[110/192], Time: 0.52, lr: [0.003599859424642584], Loss: 3.143891, Acc:0.699945, Semantic loss: 1.014756, BCE loss: 1.386338, SB loss: 0.742796
2025-03-22 11:55:15,673 Epoch: [13/20] Iter:[120/192], Time: 0.52, lr: [0.0035735937021778063], Loss: 3.139018, Acc:0.698858, Semantic loss: 1.015452, BCE loss: 1.380690, SB loss: 0.742876
2025-03-22 11:55:19,948 Epoch: [13/20] Iter:[130/192], Time: 0.51, lr: [0.0035473065117702885], Loss: 3.129769, Acc:0.698583, Semantic loss: 1.014311, BCE loss: 1.374138, SB loss: 0.741320
2025-03-22 11:55:24,218 Epoch: [13/20] Iter:[140/192], Time: 0.50, lr: [0.003520997658815433], Loss: 3.120069, Acc:0.697243, Semantic loss: 1.014166, BCE loss: 1.367694, SB loss: 0.738209
2025-03-22 11:55:28,496 Epoch: [13/20] Iter:[150/192], Time: 0.50, lr: [0.003494666945312851], Loss: 3.112211, Acc:0.697858, Semantic loss: 1.012799, BCE loss: 1.360661, SB loss: 0.738751
2025-03-22 11:55:32,800 Epoch: [13/20] Iter:[160/192], Time: 0.49, lr: [0.00346831416977816], Loss: 3.100271, Acc:0.698337, Semantic loss: 1.010847, BCE loss: 1.352691, SB loss: 0.736733
2025-03-22 11:55:37,119 Epoch: [13/20] Iter:[170/192], Time: 0.49, lr: [0.003441939127151716], Loss: 3.100073, Acc:0.699501, Semantic loss: 1.009539, BCE loss: 1.354829, SB loss: 0.735704
2025-03-22 11:55:41,401 Epoch: [13/20] Iter:[180/192], Time: 0.49, lr: [0.0034155416087041646], Loss: 3.093932, Acc:0.700876, Semantic loss: 1.006412, BCE loss: 1.352806, SB loss: 0.734714
2025-03-22 11:55:45,659 Epoch: [13/20] Iter:[190/192], Time: 0.48, lr: [0.0033891214019386652], Loss: 3.092061, Acc:0.700366, Semantic loss: 1.005611, BCE loss: 1.352097, SB loss: 0.734353
2025-03-22 11:57:46,936 0 [0.         0.62816172 0.38050949 0.2911066  0.18557117 0.11708403
 0.07288562] 0.23933123378115292
2025-03-22 11:57:46,937 1 [0.         0.65812137 0.36682153 0.32044479 0.2171551  0.13284604
 0.03593339] 0.247331747136351
2025-03-22 11:57:46,943 => saving checkpoint to output\loveda\pidnet_small_loveda\no_augcheckpoint.pth.tar
2025-03-22 11:57:47,057 Loss: 4.192, MeanIU:  0.2473, Best_mIoU:  0.2616
2025-03-22 11:57:47,057 [0.         0.65812137 0.36682153 0.32044479 0.2171551  0.13284604
 0.03593339]
2025-03-22 11:57:58,103 Epoch: [14/20] Iter:[0/192], Time: 10.86, lr: [0.0033838346190164987], Loss: 3.226224, Acc:0.692529, Semantic loss: 0.985444, BCE loss: 1.556587, SB loss: 0.684193
2025-03-22 11:58:02,384 Epoch: [14/20] Iter:[10/192], Time: 1.38, lr: [0.0033573869003190927], Loss: 3.171019, Acc:0.716972, Semantic loss: 0.985308, BCE loss: 1.470824, SB loss: 0.714887
2025-03-22 11:58:06,661 Epoch: [14/20] Iter:[20/192], Time: 0.92, lr: [0.0033309160120447595], Loss: 3.103721, Acc:0.720322, Semantic loss: 0.981191, BCE loss: 1.401470, SB loss: 0.721060
2025-03-22 11:58:10,929 Epoch: [14/20] Iter:[30/192], Time: 0.76, lr: [0.0033044217289421207], Loss: 3.059459, Acc:0.715774, Semantic loss: 0.988227, BCE loss: 1.355510, SB loss: 0.715721
2025-03-22 11:58:15,204 Epoch: [14/20] Iter:[40/192], Time: 0.68, lr: [0.0032779038215418194], Loss: 3.085293, Acc:0.715656, Semantic loss: 0.997005, BCE loss: 1.366156, SB loss: 0.722133
2025-03-22 11:58:19,462 Epoch: [14/20] Iter:[50/192], Time: 0.63, lr: [0.0032513620560388795], Loss: 3.086349, Acc:0.709703, Semantic loss: 0.988655, BCE loss: 1.375677, SB loss: 0.722017
2025-03-22 11:58:23,742 Epoch: [14/20] Iter:[60/192], Time: 0.60, lr: [0.003224796194170671], Loss: 3.087105, Acc:0.709373, Semantic loss: 0.986748, BCE loss: 1.376542, SB loss: 0.723815
2025-03-22 11:58:28,014 Epoch: [14/20] Iter:[70/192], Time: 0.57, lr: [0.003198205993090303], Loss: 3.070352, Acc:0.707073, Semantic loss: 0.990346, BCE loss: 1.357388, SB loss: 0.722618
2025-03-22 11:58:32,297 Epoch: [14/20] Iter:[80/192], Time: 0.56, lr: [0.0031715912052352204], Loss: 3.066396, Acc:0.709647, Semantic loss: 0.984006, BCE loss: 1.363903, SB loss: 0.718487
2025-03-22 11:58:36,579 Epoch: [14/20] Iter:[90/192], Time: 0.54, lr: [0.0031449515781907557], Loss: 3.059610, Acc:0.711796, Semantic loss: 0.983681, BCE loss: 1.358108, SB loss: 0.717821
2025-03-22 11:58:40,861 Epoch: [14/20] Iter:[100/192], Time: 0.53, lr: [0.003118286854548424], Loss: 3.062669, Acc:0.709805, Semantic loss: 0.990352, BCE loss: 1.353857, SB loss: 0.718460
2025-03-22 11:58:45,149 Epoch: [14/20] Iter:[110/192], Time: 0.52, lr: [0.003091596771758693], Loss: 3.070799, Acc:0.711181, Semantic loss: 0.987615, BCE loss: 1.364267, SB loss: 0.718916
2025-03-22 11:58:49,454 Epoch: [14/20] Iter:[120/192], Time: 0.51, lr: [0.0030648810619779434], Loss: 3.083948, Acc:0.711126, Semantic loss: 0.990100, BCE loss: 1.371349, SB loss: 0.722499
2025-03-22 11:58:53,710 Epoch: [14/20] Iter:[130/192], Time: 0.51, lr: [0.0030381394519093602], Loss: 3.071677, Acc:0.710161, Semantic loss: 0.987223, BCE loss: 1.360993, SB loss: 0.723462
2025-03-22 11:58:58,014 Epoch: [14/20] Iter:[140/192], Time: 0.50, lr: [0.003011371662637431], Loss: 3.061915, Acc:0.711525, Semantic loss: 0.986169, BCE loss: 1.352434, SB loss: 0.723312
2025-03-22 11:59:02,303 Epoch: [14/20] Iter:[150/192], Time: 0.50, lr: [0.0029845774094557345], Loss: 3.068371, Acc:0.710724, Semantic loss: 0.988565, BCE loss: 1.355425, SB loss: 0.724382
2025-03-22 11:59:06,593 Epoch: [14/20] Iter:[160/192], Time: 0.49, lr: [0.002957756401687678], Loss: 3.063109, Acc:0.710091, Semantic loss: 0.990022, BCE loss: 1.349406, SB loss: 0.723681
2025-03-22 11:59:10,892 Epoch: [14/20] Iter:[170/192], Time: 0.49, lr: [0.002930908342499829], Loss: 3.065909, Acc:0.710659, Semantic loss: 0.989055, BCE loss: 1.352566, SB loss: 0.724288
2025-03-22 11:59:15,157 Epoch: [14/20] Iter:[180/192], Time: 0.49, lr: [0.002904032928707437], Loss: 3.060549, Acc:0.711043, Semantic loss: 0.987048, BCE loss: 1.348037, SB loss: 0.725464
2025-03-22 11:59:19,412 Epoch: [14/20] Iter:[190/192], Time: 0.48, lr: [0.0028771298505717554], Loss: 3.070116, Acc:0.708568, Semantic loss: 0.994655, BCE loss: 1.343947, SB loss: 0.731514
2025-03-22 12:01:00,824 0 [0.         0.5963094  0.4136919  0.25459353 0.20764068 0.09215625
 0.12934615] 0.24196255811395126
2025-03-22 12:01:00,825 1 [0.         0.64179185 0.46134832 0.3126434  0.21412578 0.06243097
 0.05454298] 0.24955475556151535
2025-03-22 12:01:00,830 => saving checkpoint to output\loveda\pidnet_small_loveda\no_augcheckpoint.pth.tar
2025-03-22 12:01:00,916 Loss: 3.945, MeanIU:  0.2496, Best_mIoU:  0.2616
2025-03-22 12:01:00,916 [0.         0.64179185 0.46134832 0.3126434  0.21412578 0.06243097
 0.05454298]
2025-03-22 12:01:11,425 Epoch: [15/20] Iter:[0/192], Time: 10.31, lr: [0.0028717458874925874], Loss: 3.069749, Acc:0.619934, Semantic loss: 0.971733, BCE loss: 1.400549, SB loss: 0.697467
2025-03-22 12:01:15,406 Epoch: [15/20] Iter:[10/192], Time: 1.30, lr: [0.0028448091937488323], Loss: 2.924961, Acc:0.716772, Semantic loss: 0.978428, BCE loss: 1.235031, SB loss: 0.711501
2025-03-22 12:01:19,399 Epoch: [15/20] Iter:[20/192], Time: 0.87, lr: [0.002817844130111582], Loss: 3.022544, Acc:0.714907, Semantic loss: 0.998259, BCE loss: 1.290376, SB loss: 0.733908
2025-03-22 12:01:23,410 Epoch: [15/20] Iter:[30/192], Time: 0.72, lr: [0.0027908503644035994], Loss: 3.074859, Acc:0.717608, Semantic loss: 0.998880, BCE loss: 1.346696, SB loss: 0.729283
2025-03-22 12:01:27,391 Epoch: [15/20] Iter:[40/192], Time: 0.64, lr: [0.0027638275569424097], Loss: 3.056241, Acc:0.715652, Semantic loss: 0.997980, BCE loss: 1.330479, SB loss: 0.727782
2025-03-22 12:01:31,365 Epoch: [15/20] Iter:[50/192], Time: 0.59, lr: [0.002736775360287257], Loss: 3.003057, Acc:0.717383, Semantic loss: 0.983610, BCE loss: 1.298070, SB loss: 0.721377
2025-03-22 12:01:35,365 Epoch: [15/20] Iter:[60/192], Time: 0.56, lr: [0.002709693418974644], Loss: 3.022464, Acc:0.717038, Semantic loss: 0.988804, BCE loss: 1.307266, SB loss: 0.726395
2025-03-22 12:01:39,332 Epoch: [15/20] Iter:[70/192], Time: 0.54, lr: [0.0026825813692418162], Loss: 2.995400, Acc:0.714691, Semantic loss: 0.980283, BCE loss: 1.292934, SB loss: 0.722183
2025-03-22 12:01:43,334 Epoch: [15/20] Iter:[80/192], Time: 0.52, lr: [0.0026554388387375], Loss: 3.011134, Acc:0.714505, Semantic loss: 0.985301, BCE loss: 1.299339, SB loss: 0.726494
2025-03-22 12:01:47,324 Epoch: [15/20] Iter:[90/192], Time: 0.51, lr: [0.002628265446219161], Loss: 3.006513, Acc:0.717484, Semantic loss: 0.982034, BCE loss: 1.302538, SB loss: 0.721941
2025-03-22 12:01:51,330 Epoch: [15/20] Iter:[100/192], Time: 0.50, lr: [0.002601060801235972], Loss: 3.004772, Acc:0.719568, Semantic loss: 0.979378, BCE loss: 1.305123, SB loss: 0.720271
2025-03-22 12:01:55,322 Epoch: [15/20] Iter:[110/192], Time: 0.49, lr: [0.002573824503796671], Loss: 3.014438, Acc:0.716893, Semantic loss: 0.979006, BCE loss: 1.316597, SB loss: 0.718835
2025-03-22 12:01:59,300 Epoch: [15/20] Iter:[120/192], Time: 0.48, lr: [0.00254655614402138], Loss: 3.025949, Acc:0.714691, Semantic loss: 0.980014, BCE loss: 1.326586, SB loss: 0.719349
2025-03-22 12:02:03,312 Epoch: [15/20] Iter:[130/192], Time: 0.47, lr: [0.0025192553017764118], Loss: 3.027431, Acc:0.714482, Semantic loss: 0.980356, BCE loss: 1.327211, SB loss: 0.719864
2025-03-22 12:02:07,308 Epoch: [15/20] Iter:[140/192], Time: 0.47, lr: [0.002491921546291034], Loss: 3.036850, Acc:0.712282, Semantic loss: 0.982529, BCE loss: 1.334987, SB loss: 0.719334
2025-03-22 12:02:11,314 Epoch: [15/20] Iter:[150/192], Time: 0.46, lr: [0.0024645544357550573], Loss: 3.041391, Acc:0.711722, Semantic loss: 0.985055, BCE loss: 1.335707, SB loss: 0.720628
2025-03-22 12:02:15,315 Epoch: [15/20] Iter:[160/192], Time: 0.46, lr: [0.002437153516896028], Loss: 3.034478, Acc:0.712144, Semantic loss: 0.984493, BCE loss: 1.328543, SB loss: 0.721443
2025-03-22 12:02:19,334 Epoch: [15/20] Iter:[170/192], Time: 0.46, lr: [0.0024097183245347467], Loss: 3.038060, Acc:0.713835, Semantic loss: 0.981808, BCE loss: 1.336993, SB loss: 0.719259
2025-03-22 12:02:23,363 Epoch: [15/20] Iter:[180/192], Time: 0.45, lr: [0.0023822483811177], Loss: 3.035522, Acc:0.715590, Semantic loss: 0.978514, BCE loss: 1.340288, SB loss: 0.716720
2025-03-22 12:02:27,335 Epoch: [15/20] Iter:[190/192], Time: 0.45, lr: [0.002354743196224891], Loss: 3.038919, Acc:0.715271, Semantic loss: 0.979876, BCE loss: 1.339874, SB loss: 0.719169
2025-03-22 12:04:01,519 0 [0.         0.61151107 0.38799633 0.26901347 0.20614562 0.11473363
 0.09185115] 0.240178752758432
2025-03-22 12:04:01,520 1 [0.         0.63476705 0.36577163 0.35546383 0.26694333 0.07794281
 0.03475135] 0.24794857202597323
2025-03-22 12:04:01,525 => saving checkpoint to output\loveda\pidnet_small_loveda\no_augcheckpoint.pth.tar
2025-03-22 12:04:01,605 Loss: 3.886, MeanIU:  0.2479, Best_mIoU:  0.2616
2025-03-22 12:04:01,605 [0.         0.63476705 0.36577163 0.35546383 0.26694333 0.07794281
 0.03475135]
2025-03-22 12:04:12,167 Epoch: [16/20] Iter:[0/192], Time: 10.36, lr: [0.0023492378861760376], Loss: 3.237206, Acc:0.742924, Semantic loss: 0.950393, BCE loss: 1.528719, SB loss: 0.758093
2025-03-22 12:04:16,162 Epoch: [16/20] Iter:[10/192], Time: 1.31, lr: [0.0023216897452738748], Loss: 3.052384, Acc:0.723990, Semantic loss: 0.989103, BCE loss: 1.344663, SB loss: 0.718618
2025-03-22 12:04:20,144 Epoch: [16/20] Iter:[20/192], Time: 0.87, lr: [0.0022941052360858027], Loss: 2.961405, Acc:0.722869, Semantic loss: 0.969436, BCE loss: 1.277467, SB loss: 0.714503
2025-03-22 12:04:24,148 Epoch: [16/20] Iter:[30/192], Time: 0.72, lr: [0.0022664838233947228], Loss: 3.002118, Acc:0.725269, Semantic loss: 0.973555, BCE loss: 1.307277, SB loss: 0.721286
2025-03-22 12:04:28,155 Epoch: [16/20] Iter:[40/192], Time: 0.64, lr: [0.0022388249567421017], Loss: 3.034643, Acc:0.721810, Semantic loss: 0.973538, BCE loss: 1.341541, SB loss: 0.719564
2025-03-22 12:04:32,137 Epoch: [16/20] Iter:[50/192], Time: 0.59, lr: [0.002211128069778427], Loss: 3.009402, Acc:0.723145, Semantic loss: 0.964487, BCE loss: 1.331661, SB loss: 0.713255
2025-03-22 12:04:36,129 Epoch: [16/20] Iter:[60/192], Time: 0.56, lr: [0.0021833925795765436], Loss: 3.037368, Acc:0.721394, Semantic loss: 0.968508, BCE loss: 1.352445, SB loss: 0.716415
2025-03-22 12:04:40,130 Epoch: [16/20] Iter:[70/192], Time: 0.54, lr: [0.0021556178859051967], Loss: 3.036230, Acc:0.720931, Semantic loss: 0.971505, BCE loss: 1.353587, SB loss: 0.711138
2025-03-22 12:04:44,132 Epoch: [16/20] Iter:[80/192], Time: 0.52, lr: [0.002127803370459852], Loss: 3.048680, Acc:0.720028, Semantic loss: 0.972334, BCE loss: 1.363779, SB loss: 0.712566
2025-03-22 12:04:48,100 Epoch: [16/20] Iter:[90/192], Time: 0.51, lr: [0.0020999483960476508], Loss: 3.017719, Acc:0.720947, Semantic loss: 0.962770, BCE loss: 1.346910, SB loss: 0.708039
2025-03-22 12:04:52,109 Epoch: [16/20] Iter:[100/192], Time: 0.50, lr: [0.0020720523057230294], Loss: 3.036220, Acc:0.723348, Semantic loss: 0.964816, BCE loss: 1.364479, SB loss: 0.706924
2025-03-22 12:04:56,104 Epoch: [16/20] Iter:[110/192], Time: 0.49, lr: [0.002044114421870228], Loss: 3.033504, Acc:0.723972, Semantic loss: 0.962136, BCE loss: 1.364804, SB loss: 0.706565
2025-03-22 12:05:00,111 Epoch: [16/20] Iter:[120/192], Time: 0.48, lr: [0.0020161340452285867], Loss: 3.029238, Acc:0.726042, Semantic loss: 0.960915, BCE loss: 1.361159, SB loss: 0.707164
2025-03-22 12:05:04,078 Epoch: [16/20] Iter:[130/192], Time: 0.48, lr: [0.001988110453856112], Loss: 3.016640, Acc:0.723588, Semantic loss: 0.959752, BCE loss: 1.348456, SB loss: 0.708432
2025-03-22 12:05:08,066 Epoch: [16/20] Iter:[140/192], Time: 0.47, lr: [0.0019600429020263607], Loss: 3.022501, Acc:0.722417, Semantic loss: 0.961764, BCE loss: 1.350702, SB loss: 0.710035
2025-03-22 12:05:12,061 Epoch: [16/20] Iter:[150/192], Time: 0.47, lr: [0.0019319306190532476], Loss: 3.022676, Acc:0.722960, Semantic loss: 0.960740, BCE loss: 1.353091, SB loss: 0.708846
2025-03-22 12:05:16,047 Epoch: [16/20] Iter:[160/192], Time: 0.46, lr: [0.0019037728080378042], Loss: 3.025738, Acc:0.720759, Semantic loss: 0.968102, BCE loss: 1.346774, SB loss: 0.710862
2025-03-22 12:05:20,029 Epoch: [16/20] Iter:[170/192], Time: 0.46, lr: [0.0018755686445303314], Loss: 3.013415, Acc:0.721568, Semantic loss: 0.965698, BCE loss: 1.337322, SB loss: 0.710396
2025-03-22 12:05:24,031 Epoch: [16/20] Iter:[180/192], Time: 0.45, lr: [0.001847317275100738], Loss: 3.019949, Acc:0.720810, Semantic loss: 0.968956, BCE loss: 1.339088, SB loss: 0.711906
2025-03-22 12:05:28,003 Epoch: [16/20] Iter:[190/192], Time: 0.45, lr: [0.0018190178158090872], Loss: 3.021168, Acc:0.721295, Semantic loss: 0.971243, BCE loss: 1.338821, SB loss: 0.711105
2025-03-22 12:07:02,487 0 [0.         0.59548638 0.36866491 0.28987732 0.1839755  0.18181529
 0.08487639] 0.24352796989717967
2025-03-22 12:07:02,487 1 [0.         0.65681314 0.38021777 0.35465675 0.26979672 0.13028533
 0.02606955] 0.2596913225009969
2025-03-22 12:07:02,493 => saving checkpoint to output\loveda\pidnet_small_loveda\no_augcheckpoint.pth.tar
2025-03-22 12:07:02,570 Loss: 3.917, MeanIU:  0.2597, Best_mIoU:  0.2616
2025-03-22 12:07:02,570 [0.         0.65681314 0.38021777 0.35465675 0.26979672 0.13028533
 0.02606955]
2025-03-22 12:07:13,094 Epoch: [17/20] Iter:[0/192], Time: 10.32, lr: [0.0018133520731367456], Loss: 3.128044, Acc:0.706239, Semantic loss: 0.916489, BCE loss: 1.521520, SB loss: 0.690036
2025-03-22 12:07:17,052 Epoch: [17/20] Iter:[10/192], Time: 1.30, lr: [0.001784993693823396], Loss: 3.016178, Acc:0.705243, Semantic loss: 0.927285, BCE loss: 1.384670, SB loss: 0.704224
2025-03-22 12:07:21,067 Epoch: [17/20] Iter:[20/192], Time: 0.87, lr: [0.0017565851643374117], Loss: 3.002138, Acc:0.720033, Semantic loss: 0.926535, BCE loss: 1.371694, SB loss: 0.703909
2025-03-22 12:07:25,048 Epoch: [17/20] Iter:[30/192], Time: 0.72, lr: [0.0017281254915000803], Loss: 3.028918, Acc:0.719736, Semantic loss: 0.954070, BCE loss: 1.359903, SB loss: 0.714945
2025-03-22 12:07:29,031 Epoch: [17/20] Iter:[40/192], Time: 0.64, lr: [0.0016996136438923032], Loss: 3.018040, Acc:0.715755, Semantic loss: 0.960056, BCE loss: 1.344501, SB loss: 0.713483
2025-03-22 12:07:33,008 Epoch: [17/20] Iter:[50/192], Time: 0.59, lr: [0.0016710485496403851], Loss: 3.018376, Acc:0.715575, Semantic loss: 0.968331, BCE loss: 1.337423, SB loss: 0.712622
2025-03-22 12:07:36,996 Epoch: [17/20] Iter:[60/192], Time: 0.56, lr: [0.0016424290940290059], Loss: 3.004018, Acc:0.721937, Semantic loss: 0.961362, BCE loss: 1.334474, SB loss: 0.708182
2025-03-22 12:07:40,966 Epoch: [17/20] Iter:[70/192], Time: 0.54, lr: [0.0016137541169242962], Loss: 2.968815, Acc:0.722450, Semantic loss: 0.957289, BCE loss: 1.306534, SB loss: 0.704992
2025-03-22 12:07:44,967 Epoch: [17/20] Iter:[80/192], Time: 0.52, lr: [0.0015850224099878446], Loss: 2.982250, Acc:0.725608, Semantic loss: 0.956048, BCE loss: 1.321548, SB loss: 0.704654
2025-03-22 12:07:48,952 Epoch: [17/20] Iter:[90/192], Time: 0.51, lr: [0.001556232713660091], Loss: 2.976568, Acc:0.725112, Semantic loss: 0.953928, BCE loss: 1.322125, SB loss: 0.700515
2025-03-22 12:07:52,954 Epoch: [17/20] Iter:[100/192], Time: 0.50, lr: [0.0015273837138888994], Loss: 2.980907, Acc:0.727621, Semantic loss: 0.951988, BCE loss: 1.329167, SB loss: 0.699751
2025-03-22 12:07:56,935 Epoch: [17/20] Iter:[110/192], Time: 0.49, lr: [0.0014984740385759552], Loss: 2.992982, Acc:0.725501, Semantic loss: 0.954463, BCE loss: 1.338302, SB loss: 0.700217
2025-03-22 12:08:00,913 Epoch: [17/20] Iter:[120/192], Time: 0.48, lr: [0.0014695022537100475], Loss: 2.999625, Acc:0.721829, Semantic loss: 0.959986, BCE loss: 1.336718, SB loss: 0.702922
2025-03-22 12:08:04,904 Epoch: [17/20] Iter:[130/192], Time: 0.47, lr: [0.0014404668591521846], Loss: 2.994399, Acc:0.722164, Semantic loss: 0.960794, BCE loss: 1.330182, SB loss: 0.703422
2025-03-22 12:08:08,915 Epoch: [17/20] Iter:[140/192], Time: 0.47, lr: [0.0014113662840326588], Loss: 2.995564, Acc:0.724070, Semantic loss: 0.962078, BCE loss: 1.328499, SB loss: 0.704987
2025-03-22 12:08:12,926 Epoch: [17/20] Iter:[150/192], Time: 0.46, lr: [0.0013821988817145786], Loss: 2.996563, Acc:0.724882, Semantic loss: 0.961739, BCE loss: 1.331295, SB loss: 0.703529
2025-03-22 12:08:16,937 Epoch: [17/20] Iter:[160/192], Time: 0.46, lr: [0.0013529629242719093], Loss: 2.996013, Acc:0.726280, Semantic loss: 0.961438, BCE loss: 1.330833, SB loss: 0.703742
2025-03-22 12:08:20,947 Epoch: [17/20] Iter:[170/192], Time: 0.46, lr: [0.0013236565964223801], Loss: 2.998728, Acc:0.726309, Semantic loss: 0.961630, BCE loss: 1.334062, SB loss: 0.703036
2025-03-22 12:08:24,949 Epoch: [17/20] Iter:[180/192], Time: 0.45, lr: [0.0012942779888466518], Loss: 2.998979, Acc:0.726217, Semantic loss: 0.961542, BCE loss: 1.334749, SB loss: 0.702688
2025-03-22 12:08:28,928 Epoch: [17/20] Iter:[190/192], Time: 0.45, lr: [0.0012648250908145803], Loss: 2.997447, Acc:0.725137, Semantic loss: 0.962578, BCE loss: 1.332156, SB loss: 0.702713
2025-03-22 12:10:03,190 0 [0.         0.6031813  0.41928739 0.26109815 0.18433574 0.11695271
 0.09658587] 0.24020587913745076
2025-03-22 12:10:03,191 1 [0.         0.65110416 0.40426395 0.32268402 0.20141192 0.08530008
 0.04125055] 0.243716383891016
2025-03-22 12:10:03,197 => saving checkpoint to output\loveda\pidnet_small_loveda\no_augcheckpoint.pth.tar
2025-03-22 12:10:03,276 Loss: 4.269, MeanIU:  0.2437, Best_mIoU:  0.2616
2025-03-22 12:10:03,276 [0.         0.65110416 0.40426395 0.32268402 0.20141192 0.08530008
 0.04125055]
2025-03-22 12:10:13,831 Epoch: [18/20] Iter:[0/192], Time: 10.36, lr: [0.001258925411794167], Loss: 2.779027, Acc:0.666065, Semantic loss: 0.850775, BCE loss: 1.269286, SB loss: 0.658965
2025-03-22 12:10:17,817 Epoch: [18/20] Iter:[10/192], Time: 1.30, lr: [0.0012293805561511607], Loss: 3.042888, Acc:0.731098, Semantic loss: 0.967784, BCE loss: 1.370782, SB loss: 0.704323
2025-03-22 12:10:21,810 Epoch: [18/20] Iter:[20/192], Time: 0.87, lr: [0.0011997565879500753], Loss: 3.034779, Acc:0.731911, Semantic loss: 0.980350, BCE loss: 1.334534, SB loss: 0.719895
2025-03-22 12:10:25,800 Epoch: [18/20] Iter:[30/192], Time: 0.72, lr: [0.0011700511125444005], Loss: 3.014036, Acc:0.736050, Semantic loss: 0.981088, BCE loss: 1.319085, SB loss: 0.713863
2025-03-22 12:10:29,781 Epoch: [18/20] Iter:[40/192], Time: 0.64, lr: [0.0011402615929770753], Loss: 2.990977, Acc:0.733333, Semantic loss: 0.961089, BCE loss: 1.324820, SB loss: 0.705069
2025-03-22 12:10:33,758 Epoch: [18/20] Iter:[50/192], Time: 0.59, lr: [0.0011103853371305413], Loss: 2.961966, Acc:0.734537, Semantic loss: 0.951242, BCE loss: 1.311926, SB loss: 0.698798
2025-03-22 12:10:37,759 Epoch: [18/20] Iter:[60/192], Time: 0.56, lr: [0.001080419483295973], Loss: 2.939604, Acc:0.737508, Semantic loss: 0.947089, BCE loss: 1.297982, SB loss: 0.694533
2025-03-22 12:10:41,757 Epoch: [18/20] Iter:[70/192], Time: 0.54, lr: [0.0010503609839122385], Loss: 2.963064, Acc:0.737766, Semantic loss: 0.948669, BCE loss: 1.321352, SB loss: 0.693043
2025-03-22 12:10:45,744 Epoch: [18/20] Iter:[80/192], Time: 0.52, lr: [0.0010202065871765603], Loss: 2.969889, Acc:0.733845, Semantic loss: 0.951656, BCE loss: 1.325532, SB loss: 0.692701
2025-03-22 12:10:49,743 Epoch: [18/20] Iter:[90/192], Time: 0.51, lr: [0.000989952816168914], Loss: 2.971778, Acc:0.736551, Semantic loss: 0.947609, BCE loss: 1.330092, SB loss: 0.694076
2025-03-22 12:10:53,745 Epoch: [18/20] Iter:[100/192], Time: 0.50, lr: [0.0009595959450576828], Loss: 2.967515, Acc:0.736495, Semantic loss: 0.944325, BCE loss: 1.329441, SB loss: 0.693749
2025-03-22 12:10:57,718 Epoch: [18/20] Iter:[110/192], Time: 0.49, lr: [0.000929131971860904], Loss: 2.952461, Acc:0.735001, Semantic loss: 0.943573, BCE loss: 1.313641, SB loss: 0.695246
2025-03-22 12:11:01,708 Epoch: [18/20] Iter:[120/192], Time: 0.48, lr: [0.0008985565871200918], Loss: 2.954719, Acc:0.734753, Semantic loss: 0.943306, BCE loss: 1.316779, SB loss: 0.694634
2025-03-22 12:11:05,716 Epoch: [18/20] Iter:[130/192], Time: 0.48, lr: [0.0008678651376944955], Loss: 2.965115, Acc:0.736130, Semantic loss: 0.943398, BCE loss: 1.326976, SB loss: 0.694741
2025-03-22 12:11:09,714 Epoch: [18/20] Iter:[140/192], Time: 0.47, lr: [0.000837052584692747], Loss: 2.974697, Acc:0.735515, Semantic loss: 0.943861, BCE loss: 1.335610, SB loss: 0.695226
2025-03-22 12:11:13,711 Epoch: [18/20] Iter:[150/192], Time: 0.47, lr: [0.000806113454312208], Loss: 2.970292, Acc:0.734943, Semantic loss: 0.945737, BCE loss: 1.329107, SB loss: 0.695449
2025-03-22 12:11:17,704 Epoch: [18/20] Iter:[160/192], Time: 0.46, lr: [0.0007750417800344363], Loss: 2.962464, Acc:0.735257, Semantic loss: 0.942664, BCE loss: 1.324692, SB loss: 0.695108
2025-03-22 12:11:21,800 Epoch: [18/20] Iter:[170/192], Time: 0.46, lr: [0.0007438310342008949], Loss: 2.967289, Acc:0.733460, Semantic loss: 0.947123, BCE loss: 1.323458, SB loss: 0.696708
2025-03-22 12:11:25,821 Epoch: [18/20] Iter:[180/192], Time: 0.45, lr: [0.0007124740464272778], Loss: 2.964919, Acc:0.734219, Semantic loss: 0.945563, BCE loss: 1.324216, SB loss: 0.695140
2025-03-22 12:11:29,776 Epoch: [18/20] Iter:[190/192], Time: 0.45, lr: [0.0006809629055511224], Loss: 2.970796, Acc:0.734233, Semantic loss: 0.947310, BCE loss: 1.326693, SB loss: 0.696793
2025-03-22 12:13:04,567 0 [0.         0.61188136 0.39047313 0.23572057 0.19078883 0.09530497
 0.09445142] 0.23123146844090964
2025-03-22 12:13:04,567 1 [0.         0.65737903 0.40772867 0.28115029 0.23348988 0.08672515
 0.03706094] 0.2433619949044407
2025-03-22 12:13:04,573 => saving checkpoint to output\loveda\pidnet_small_loveda\no_augcheckpoint.pth.tar
2025-03-22 12:13:04,653 Loss: 4.492, MeanIU:  0.2434, Best_mIoU:  0.2616
2025-03-22 12:13:04,653 [0.         0.65737903 0.40772867 0.28115029 0.23348988 0.08672515
 0.03706094]
2025-03-22 12:13:14,960 Epoch: [19/20] Iter:[0/192], Time: 10.11, lr: [0.0006746414238367822], Loss: 3.186205, Acc:0.694899, Semantic loss: 1.023511, BCE loss: 1.401493, SB loss: 0.761201
2025-03-22 12:13:18,930 Epoch: [19/20] Iter:[10/192], Time: 1.28, lr: [0.0006429336362339898], Loss: 2.966137, Acc:0.718918, Semantic loss: 0.962255, BCE loss: 1.294671, SB loss: 0.709211
2025-03-22 12:13:22,904 Epoch: [19/20] Iter:[20/192], Time: 0.86, lr: [0.0006110510578510947], Loss: 2.925578, Acc:0.712883, Semantic loss: 0.957374, BCE loss: 1.252330, SB loss: 0.715874
2025-03-22 12:13:26,878 Epoch: [19/20] Iter:[30/192], Time: 0.71, lr: [0.0005789824653018995], Loss: 2.924749, Acc:0.726108, Semantic loss: 0.961428, BCE loss: 1.252713, SB loss: 0.710608
2025-03-22 12:13:30,851 Epoch: [19/20] Iter:[40/192], Time: 0.63, lr: [0.0005467151732202777], Loss: 2.974462, Acc:0.724544, Semantic loss: 0.967921, BCE loss: 1.298514, SB loss: 0.708027
2025-03-22 12:13:34,830 Epoch: [19/20] Iter:[50/192], Time: 0.59, lr: [0.0005142347343351296], Loss: 2.991788, Acc:0.727825, Semantic loss: 0.972758, BCE loss: 1.303851, SB loss: 0.715178
2025-03-22 12:13:38,827 Epoch: [19/20] Iter:[60/192], Time: 0.56, lr: [0.0004815245523312483], Loss: 2.966478, Acc:0.731103, Semantic loss: 0.961489, BCE loss: 1.294058, SB loss: 0.710931
2025-03-22 12:13:42,813 Epoch: [19/20] Iter:[70/192], Time: 0.53, lr: [0.000448565373510549], Loss: 2.953582, Acc:0.734897, Semantic loss: 0.954891, BCE loss: 1.291149, SB loss: 0.707542
2025-03-22 12:13:46,797 Epoch: [19/20] Iter:[80/192], Time: 0.52, lr: [0.00041533460609889997], Loss: 2.965743, Acc:0.734398, Semantic loss: 0.954400, BCE loss: 1.308304, SB loss: 0.703039
2025-03-22 12:13:50,785 Epoch: [19/20] Iter:[90/192], Time: 0.50, lr: [0.00038180538785330436], Loss: 2.969078, Acc:0.732975, Semantic loss: 0.959397, BCE loss: 1.304082, SB loss: 0.705600
2025-03-22 12:13:54,763 Epoch: [19/20] Iter:[100/192], Time: 0.49, lr: [0.00034794527452517863], Loss: 2.950144, Acc:0.733389, Semantic loss: 0.951967, BCE loss: 1.298022, SB loss: 0.700156
2025-03-22 12:13:58,758 Epoch: [19/20] Iter:[110/192], Time: 0.49, lr: [0.00031371433588231993], Loss: 2.943099, Acc:0.735189, Semantic loss: 0.950407, BCE loss: 1.293868, SB loss: 0.698824
2025-03-22 12:14:02,771 Epoch: [19/20] Iter:[120/192], Time: 0.48, lr: [0.0002790622842837163], Loss: 2.945393, Acc:0.737759, Semantic loss: 0.948911, BCE loss: 1.298969, SB loss: 0.697513
2025-03-22 12:14:06,765 Epoch: [19/20] Iter:[130/192], Time: 0.47, lr: [0.0002439239356353784], Loss: 2.945198, Acc:0.738415, Semantic loss: 0.946620, BCE loss: 1.301773, SB loss: 0.696805
2025-03-22 12:14:10,765 Epoch: [19/20] Iter:[140/192], Time: 0.47, lr: [0.00020821159321002047], Loss: 2.954505, Acc:0.737661, Semantic loss: 0.947337, BCE loss: 1.309706, SB loss: 0.697462
2025-03-22 12:14:14,778 Epoch: [19/20] Iter:[150/192], Time: 0.46, lr: [0.00017180122628828942], Loss: 2.964826, Acc:0.737184, Semantic loss: 0.946796, BCE loss: 1.321046, SB loss: 0.696984
2025-03-22 12:14:18,764 Epoch: [19/20] Iter:[160/192], Time: 0.46, lr: [0.00013450451987183818], Loss: 2.958984, Acc:0.738503, Semantic loss: 0.942727, BCE loss: 1.321761, SB loss: 0.694496
2025-03-22 12:14:22,752 Epoch: [19/20] Iter:[170/192], Time: 0.46, lr: [9.600244875192536e-05], Loss: 2.960923, Acc:0.738110, Semantic loss: 0.941672, BCE loss: 1.325743, SB loss: 0.693508
2025-03-22 12:14:26,764 Epoch: [19/20] Iter:[180/192], Time: 0.45, lr: [5.563716848048335e-05], Loss: 2.965025, Acc:0.739090, Semantic loss: 0.942662, BCE loss: 1.329471, SB loss: 0.692892
2025-03-22 12:14:30,726 Epoch: [19/20] Iter:[190/192], Time: 0.45, lr: [1.1092486125349496e-05], Loss: 2.954143, Acc:0.738301, Semantic loss: 0.940602, BCE loss: 1.322057, SB loss: 0.691485
2025-03-22 12:16:04,954 0 [0.         0.60332229 0.40728859 0.25077658 0.18191255 0.12223967
 0.10808725] 0.23908956156099195
2025-03-22 12:16:04,954 1 [0.         0.65566387 0.42921221 0.30289011 0.23733602 0.0992799
 0.04211874] 0.25235726568422595
2025-03-22 12:16:04,960 => saving checkpoint to output\loveda\pidnet_small_loveda\no_augcheckpoint.pth.tar
2025-03-22 12:16:05,039 Loss: 4.240, MeanIU:  0.2524, Best_mIoU:  0.2616
2025-03-22 12:16:05,039 [0.         0.65566387 0.42921221 0.30289011 0.23733602 0.0992799
 0.04211874]
2025-03-22 12:16:05,080 Hours: 1
2025-03-22 12:16:05,080 Done
