2025-03-26 14:43:11,392 Namespace(cfg='configs/loveda/pidnet_small_loveda.yaml', seed=304, opts=[])
2025-03-26 14:43:11,393 AUTO_RESUME: False
CUDNN:
  BENCHMARK: True
  DETERMINISTIC: False
  ENABLED: True
DATASET:
  DATASET: loveda
  EXTRA_TRAIN_SET: 
  NUM_CLASSES: 7
  ROOT: data/
  TARGET_SET: 
  TEST_SET: list/loveda/urban_rural/val.lst
  TRAIN_SET: list/loveda/urban_rural/train.lst
GPUS: (0,)
LOG_DIR: log
LOSS:
  BALANCE_WEIGHTS: [0.4, 1.0]
  CLASS_BALANCE: False
  OHEMKEEP: 131072
  OHEMTHRES: 0.9
  SB_WEIGHTS: 1.0
  USE_OHEM: True
MODEL:
  ALIGN_CORNERS: True
  NAME: pidnet_small
  NUM_OUTPUTS: 2
  PRETRAINED: pretrained_models/imagenet/PIDNet_S_ImageNet.pth.tar
OUTPUT_DIR: output
PIN_MEMORY: True
PRINT_FREQ: 10
TEST:
  BASE_SIZE: 2048
  BATCH_SIZE_PER_GPU: 6
  FLIP_TEST: False
  IMAGE_SIZE: [2048, 1024]
  MODEL_FILE: output/loveda/pidnet_small_loveda/final_state.pt
  MULTI_SCALE: False
  OUTPUT_INDEX: 1
TRAIN:
  AUGMENTATION:
    ENABLE: True
    PROBABILITY: 0.5
    TECHNIQUES:
      GAUSSIAN_BLUR: False
      HORIZONTAL_FLIP: False
      MULTIPLY: False
      RANDOM_BRIGHTNESS: False
  BASE_SIZE: 2048
  BATCH_SIZE_PER_GPU: 6
  BEGIN_EPOCH: 0
  DACS:
    ENABLE: False
    THRESHOLD: 0.968
  END_EPOCH: 20
  EXTRA_EPOCH: 0
  EXTRA_LR: 0.001
  FLIP: False
  IGNORE_LABEL: 0
  IMAGE_SIZE: [1024, 1024]
  LR: 0.01
  MOMENTUM: 0.9
  MULTI_SCALE: False
  NESTEROV: False
  OPTIMIZER: sgd
  RESUME: True
  SCALE_FACTOR: 16
  SHUFFLE: True
  WD: 0.0005
WORKERS: 4
2025-03-26 14:43:11,478 Attention!!!
2025-03-26 14:43:11,478 Loaded 302 parameters!
2025-03-26 14:43:11,479 Over!!!
2025-03-26 14:43:24,985 Epoch: [0/20] Iter:[0/192], Time: 13.41, lr: [0.01], Loss: 16.036434, Acc:0.147996, Semantic loss: 6.896055, BCE loss: 3.766546, SB loss: 5.373833
2025-03-26 14:43:28,945 Epoch: [0/20] Iter:[10/192], Time: 1.56, lr: [0.009976559445324192], Loss: 11.682125, Acc:0.293007, Semantic loss: 5.282734, BCE loss: 2.642304, SB loss: 3.757087
2025-03-26 14:43:32,849 Epoch: [0/20] Iter:[20/192], Time: 1.00, lr: [0.009953112769592761], Loss: 9.497000, Acc:0.354270, Semantic loss: 4.282965, BCE loss: 2.331516, SB loss: 2.882518
2025-03-26 14:43:36,749 Epoch: [0/20] Iter:[30/192], Time: 0.81, lr: [0.009929659955177281], Loss: 8.118386, Acc:0.387056, Semantic loss: 3.563879, BCE loss: 2.169455, SB loss: 2.385053
2025-03-26 14:43:40,614 Epoch: [0/20] Iter:[40/192], Time: 0.70, lr: [0.009906200984352154], Loss: 7.282752, Acc:0.399776, Semantic loss: 3.181259, BCE loss: 2.029743, SB loss: 2.071750
2025-03-26 14:43:44,483 Epoch: [0/20] Iter:[50/192], Time: 0.64, lr: [0.009882735839293803], Loss: 6.691902, Acc:0.428620, Semantic loss: 2.902415, BCE loss: 1.930644, SB loss: 1.858844
2025-03-26 14:43:48,340 Epoch: [0/20] Iter:[60/192], Time: 0.60, lr: [0.00985926450207989], Loss: 6.329337, Acc:0.434390, Semantic loss: 2.729110, BCE loss: 1.867575, SB loss: 1.732652
2025-03-26 14:43:52,200 Epoch: [0/20] Iter:[70/192], Time: 0.57, lr: [0.009835786954688485], Loss: 6.040107, Acc:0.438083, Semantic loss: 2.591593, BCE loss: 1.820323, SB loss: 1.628191
2025-03-26 14:43:56,067 Epoch: [0/20] Iter:[80/192], Time: 0.55, lr: [0.00981230317899726], Loss: 5.808038, Acc:0.445269, Semantic loss: 2.476006, BCE loss: 1.782646, SB loss: 1.549386
2025-03-26 14:43:59,940 Epoch: [0/20] Iter:[90/192], Time: 0.53, lr: [0.009788813156782662], Loss: 5.653845, Acc:0.449939, Semantic loss: 2.395710, BCE loss: 1.765104, SB loss: 1.493031
2025-03-26 14:44:03,799 Epoch: [0/20] Iter:[100/192], Time: 0.52, lr: [0.009765316869719067], Loss: 5.513754, Acc:0.453272, Semantic loss: 2.326878, BCE loss: 1.739934, SB loss: 1.446942
2025-03-26 14:44:07,651 Epoch: [0/20] Iter:[110/192], Time: 0.50, lr: [0.009741814299377942], Loss: 5.386062, Acc:0.455704, Semantic loss: 2.262863, BCE loss: 1.713355, SB loss: 1.409843
2025-03-26 14:44:11,515 Epoch: [0/20] Iter:[120/192], Time: 0.49, lr: [0.009718305427226986], Loss: 5.266836, Acc:0.463357, Semantic loss: 2.196465, BCE loss: 1.703038, SB loss: 1.367333
2025-03-26 14:44:15,404 Epoch: [0/20] Iter:[130/192], Time: 0.49, lr: [0.009694790234629266], Loss: 5.171346, Acc:0.469619, Semantic loss: 2.141780, BCE loss: 1.689885, SB loss: 1.339681
2025-03-26 14:44:19,272 Epoch: [0/20] Iter:[140/192], Time: 0.48, lr: [0.009671268702842338], Loss: 5.089716, Acc:0.472524, Semantic loss: 2.104347, BCE loss: 1.670256, SB loss: 1.315113
2025-03-26 14:44:23,155 Epoch: [0/20] Iter:[150/192], Time: 0.47, lr: [0.009647740813017376], Loss: 5.011867, Acc:0.475333, Semantic loss: 2.066136, BCE loss: 1.654415, SB loss: 1.291316
2025-03-26 14:44:27,047 Epoch: [0/20] Iter:[160/192], Time: 0.47, lr: [0.009624206546198262], Loss: 4.956627, Acc:0.479623, Semantic loss: 2.032201, BCE loss: 1.656967, SB loss: 1.267458
2025-03-26 14:44:30,927 Epoch: [0/20] Iter:[170/192], Time: 0.46, lr: [0.009600665883320689], Loss: 4.889455, Acc:0.484531, Semantic loss: 1.992434, BCE loss: 1.653176, SB loss: 1.243845
2025-03-26 14:44:34,813 Epoch: [0/20] Iter:[180/192], Time: 0.46, lr: [0.009577118805211254], Loss: 4.831105, Acc:0.488693, Semantic loss: 1.960420, BCE loss: 1.647572, SB loss: 1.223113
2025-03-26 14:44:38,659 Epoch: [0/20] Iter:[190/192], Time: 0.45, lr: [0.009553565292586523], Loss: 4.776675, Acc:0.492568, Semantic loss: 1.931228, BCE loss: 1.639974, SB loss: 1.205473
2025-03-26 14:46:12,162 0 [0.         0.50976255 0.14779549 0.06095051 0.15801366 0.14181492
 0.05637431] 0.1535302054293412
2025-03-26 14:46:12,164 1 [0.         0.58418596 0.19568975 0.06584246 0.1933865  0.14498481
 0.03491727] 0.1741438220348567
2025-03-26 14:46:12,170 => saving checkpoint to output\loveda\pidnet_small_loveda\no_augcheckpoint.pth.tar
2025-03-26 14:46:12,287 Loss: 4.039, MeanIU:  0.1741, Best_mIoU:  0.1741
2025-03-26 14:46:12,288 [0.         0.58418596 0.19568975 0.06584246 0.1933865  0.14498481
 0.03491727]
2025-03-26 14:46:22,496 Epoch: [1/20] Iter:[0/192], Time: 10.02, lr: [0.009548853816214998], Loss: 3.907024, Acc:0.515383, Semantic loss: 1.499804, BCE loss: 1.423373, SB loss: 0.983847
2025-03-26 14:46:26,373 Epoch: [1/20] Iter:[10/192], Time: 1.26, lr: [0.009525292556561479], Loss: 3.788998, Acc:0.554864, Semantic loss: 1.412157, BCE loss: 1.457511, SB loss: 0.919330
2025-03-26 14:46:30,264 Epoch: [1/20] Iter:[20/192], Time: 0.85, lr: [0.00950172481957719], Loss: 3.778740, Acc:0.555233, Semantic loss: 1.400815, BCE loss: 1.476299, SB loss: 0.901626
2025-03-26 14:46:34,137 Epoch: [1/20] Iter:[30/192], Time: 0.70, lr: [0.009478150585620286], Loss: 3.763966, Acc:0.562487, Semantic loss: 1.397085, BCE loss: 1.444336, SB loss: 0.922545
2025-03-26 14:46:38,005 Epoch: [1/20] Iter:[40/192], Time: 0.62, lr: [0.009454569834934885], Loss: 3.782297, Acc:0.563998, Semantic loss: 1.395768, BCE loss: 1.459273, SB loss: 0.927256
2025-03-26 14:46:41,886 Epoch: [1/20] Iter:[50/192], Time: 0.58, lr: [0.009430982547650114], Loss: 3.824042, Acc:0.559735, Semantic loss: 1.401333, BCE loss: 1.488428, SB loss: 0.934281
2025-03-26 14:46:45,756 Epoch: [1/20] Iter:[60/192], Time: 0.55, lr: [0.009407388703779091], Loss: 3.879423, Acc:0.560383, Semantic loss: 1.419197, BCE loss: 1.503271, SB loss: 0.956955
2025-03-26 14:46:49,631 Epoch: [1/20] Iter:[70/192], Time: 0.52, lr: [0.009383788283217955], Loss: 3.881465, Acc:0.562274, Semantic loss: 1.418092, BCE loss: 1.510897, SB loss: 0.952476
2025-03-26 14:46:53,489 Epoch: [1/20] Iter:[80/192], Time: 0.51, lr: [0.00936018126574482], Loss: 3.913234, Acc:0.554574, Semantic loss: 1.457135, BCE loss: 1.499304, SB loss: 0.956795
2025-03-26 14:46:57,387 Epoch: [1/20] Iter:[90/192], Time: 0.49, lr: [0.009336567631018769], Loss: 3.934329, Acc:0.557102, Semantic loss: 1.453294, BCE loss: 1.517471, SB loss: 0.963563
2025-03-26 14:47:01,280 Epoch: [1/20] Iter:[100/192], Time: 0.48, lr: [0.009312947358578814], Loss: 3.940928, Acc:0.561981, Semantic loss: 1.442139, BCE loss: 1.531141, SB loss: 0.967648
2025-03-26 14:47:05,155 Epoch: [1/20] Iter:[110/192], Time: 0.47, lr: [0.009289320427842841], Loss: 3.928961, Acc:0.562006, Semantic loss: 1.452040, BCE loss: 1.514488, SB loss: 0.962433
2025-03-26 14:47:09,035 Epoch: [1/20] Iter:[120/192], Time: 0.47, lr: [0.009265686818106552], Loss: 3.917718, Acc:0.559688, Semantic loss: 1.456030, BCE loss: 1.506098, SB loss: 0.955590
2025-03-26 14:47:12,940 Epoch: [1/20] Iter:[130/192], Time: 0.46, lr: [0.009242046508542393], Loss: 3.916318, Acc:0.559635, Semantic loss: 1.456753, BCE loss: 1.509242, SB loss: 0.950324
2025-03-26 14:47:16,804 Epoch: [1/20] Iter:[140/192], Time: 0.46, lr: [0.009218399478198466], Loss: 3.903430, Acc:0.557789, Semantic loss: 1.452640, BCE loss: 1.502544, SB loss: 0.948246
2025-03-26 14:47:20,682 Epoch: [1/20] Iter:[150/192], Time: 0.45, lr: [0.009194745705997428], Loss: 3.891056, Acc:0.556214, Semantic loss: 1.450404, BCE loss: 1.494729, SB loss: 0.945923
2025-03-26 14:47:24,547 Epoch: [1/20] Iter:[160/192], Time: 0.45, lr: [0.00917108517073538], Loss: 3.886280, Acc:0.555468, Semantic loss: 1.445976, BCE loss: 1.494735, SB loss: 0.945569
2025-03-26 14:47:28,429 Epoch: [1/20] Iter:[170/192], Time: 0.44, lr: [0.00914741785108075], Loss: 3.879404, Acc:0.556699, Semantic loss: 1.441274, BCE loss: 1.493905, SB loss: 0.944226
2025-03-26 14:47:32,326 Epoch: [1/20] Iter:[180/192], Time: 0.44, lr: [0.00912374372557314], Loss: 3.862041, Acc:0.558257, Semantic loss: 1.433075, BCE loss: 1.490619, SB loss: 0.938348
2025-03-26 14:47:36,191 Epoch: [1/20] Iter:[190/192], Time: 0.44, lr: [0.009100062772622186], Loss: 3.857414, Acc:0.558797, Semantic loss: 1.429991, BCE loss: 1.489217, SB loss: 0.938206
2025-03-26 14:49:09,859 0 [0.         0.4970703  0.14553289 0.1750448  0.22409117 0.25260832
 0.07214803] 0.19521364351050502
2025-03-26 14:49:09,859 1 [0.         0.51606146 0.17174401 0.16569013 0.30613691 0.23711238
 0.091685  ] 0.21263284051740985
2025-03-26 14:49:09,865 => saving checkpoint to output\loveda\pidnet_small_loveda\no_augcheckpoint.pth.tar
2025-03-26 14:49:09,987 Loss: 3.966, MeanIU:  0.2126, Best_mIoU:  0.2126
2025-03-26 14:49:09,987 [0.         0.51606146 0.17174401 0.16569013 0.30613691 0.23711238
 0.091685  ]
2025-03-26 14:49:20,382 Epoch: [2/20] Iter:[0/192], Time: 10.20, lr: [0.009095325760829623], Loss: 3.210471, Acc:0.606828, Semantic loss: 1.355152, BCE loss: 0.998845, SB loss: 0.856473
2025-03-26 14:49:24,273 Epoch: [2/20] Iter:[10/192], Time: 1.28, lr: [0.009071636586262652], Loss: 3.742743, Acc:0.574375, Semantic loss: 1.375104, BCE loss: 1.499512, SB loss: 0.868127
2025-03-26 14:49:28,142 Epoch: [2/20] Iter:[20/192], Time: 0.86, lr: [0.009047940536290279], Loss: 3.667892, Acc:0.577638, Semantic loss: 1.322783, BCE loss: 1.480685, SB loss: 0.864424
2025-03-26 14:49:32,021 Epoch: [2/20] Iter:[30/192], Time: 0.70, lr: [0.009024237588898336], Loss: 3.603250, Acc:0.586890, Semantic loss: 1.311560, BCE loss: 1.422161, SB loss: 0.869529
2025-03-26 14:49:35,895 Epoch: [2/20] Iter:[40/192], Time: 0.63, lr: [0.009000527721937697], Loss: 3.609019, Acc:0.574555, Semantic loss: 1.318380, BCE loss: 1.413608, SB loss: 0.877031
2025-03-26 14:49:39,761 Epoch: [2/20] Iter:[50/192], Time: 0.58, lr: [0.008976810913123051], Loss: 3.622762, Acc:0.572117, Semantic loss: 1.313376, BCE loss: 1.423386, SB loss: 0.886000
2025-03-26 14:49:43,654 Epoch: [2/20] Iter:[60/192], Time: 0.55, lr: [0.008953087140031669], Loss: 3.616938, Acc:0.571037, Semantic loss: 1.316749, BCE loss: 1.410238, SB loss: 0.889951
2025-03-26 14:49:47,538 Epoch: [2/20] Iter:[70/192], Time: 0.53, lr: [0.008929356380102142], Loss: 3.608497, Acc:0.572319, Semantic loss: 1.310235, BCE loss: 1.416201, SB loss: 0.882061
2025-03-26 14:49:51,432 Epoch: [2/20] Iter:[80/192], Time: 0.51, lr: [0.008905618610633112], Loss: 3.617847, Acc:0.577618, Semantic loss: 1.301262, BCE loss: 1.435111, SB loss: 0.881475
2025-03-26 14:49:55,321 Epoch: [2/20] Iter:[90/192], Time: 0.50, lr: [0.008881873808781991], Loss: 3.607761, Acc:0.582974, Semantic loss: 1.292338, BCE loss: 1.439749, SB loss: 0.875674
2025-03-26 14:49:59,210 Epoch: [2/20] Iter:[100/192], Time: 0.49, lr: [0.008858121951563658], Loss: 3.599661, Acc:0.583256, Semantic loss: 1.293713, BCE loss: 1.429045, SB loss: 0.876903
2025-03-26 14:50:03,115 Epoch: [2/20] Iter:[110/192], Time: 0.48, lr: [0.008834363015849136], Loss: 3.585789, Acc:0.587155, Semantic loss: 1.287397, BCE loss: 1.428514, SB loss: 0.869877
2025-03-26 14:50:07,009 Epoch: [2/20] Iter:[120/192], Time: 0.47, lr: [0.008810596978364274], Loss: 3.598797, Acc:0.589512, Semantic loss: 1.285474, BCE loss: 1.437312, SB loss: 0.876011
2025-03-26 14:50:10,895 Epoch: [2/20] Iter:[130/192], Time: 0.46, lr: [0.008786823815688379], Loss: 3.593631, Acc:0.591216, Semantic loss: 1.284419, BCE loss: 1.435652, SB loss: 0.873560
2025-03-26 14:50:14,788 Epoch: [2/20] Iter:[140/192], Time: 0.46, lr: [0.008763043504252865], Loss: 3.592317, Acc:0.593967, Semantic loss: 1.278600, BCE loss: 1.443759, SB loss: 0.869957
2025-03-26 14:50:18,667 Epoch: [2/20] Iter:[150/192], Time: 0.45, lr: [0.008739256020339866], Loss: 3.585421, Acc:0.594110, Semantic loss: 1.277016, BCE loss: 1.438138, SB loss: 0.870267
2025-03-26 14:50:22,557 Epoch: [2/20] Iter:[160/192], Time: 0.45, lr: [0.00871546134008083], Loss: 3.581697, Acc:0.594737, Semantic loss: 1.273912, BCE loss: 1.439853, SB loss: 0.867932
2025-03-26 14:50:26,444 Epoch: [2/20] Iter:[170/192], Time: 0.45, lr: [0.008691659439455107], Loss: 3.585164, Acc:0.596352, Semantic loss: 1.270570, BCE loss: 1.446126, SB loss: 0.868467
2025-03-26 14:50:30,335 Epoch: [2/20] Iter:[180/192], Time: 0.44, lr: [0.008667850294288517], Loss: 3.589517, Acc:0.596389, Semantic loss: 1.269800, BCE loss: 1.450533, SB loss: 0.869184
2025-03-26 14:50:34,202 Epoch: [2/20] Iter:[190/192], Time: 0.44, lr: [0.008644033880251888], Loss: 3.586286, Acc:0.597025, Semantic loss: 1.268430, BCE loss: 1.449547, SB loss: 0.868309
2025-03-26 14:52:11,234 0 [0.         0.45680664 0.14510082 0.15048955 0.16923279 0.09395104
 0.13470626] 0.16432672830256984
2025-03-26 14:52:11,234 1 [0.         0.27240349 0.22000758 0.30038569 0.33524892 0.06892067
 0.13169107] 0.18980820237649665
2025-03-26 14:52:11,240 => saving checkpoint to output\loveda\pidnet_small_loveda\no_augcheckpoint.pth.tar
2025-03-26 14:52:11,324 Loss: 4.140, MeanIU:  0.1898, Best_mIoU:  0.2126
2025-03-26 14:52:11,325 [0.         0.27240349 0.22000758 0.30038569 0.33524892 0.06892067
 0.13169107]
2025-03-26 14:52:21,513 Epoch: [3/20] Iter:[0/192], Time: 9.99, lr: [0.008639269723028191], Loss: 3.506348, Acc:0.635624, Semantic loss: 1.432393, BCE loss: 1.178942, SB loss: 0.895012
2025-03-26 14:52:25,409 Epoch: [3/20] Iter:[10/192], Time: 1.26, lr: [0.008615444554012613], Loss: 3.495158, Acc:0.606889, Semantic loss: 1.267849, BCE loss: 1.414864, SB loss: 0.812445
2025-03-26 14:52:29,299 Epoch: [3/20] Iter:[20/192], Time: 0.85, lr: [0.008591612062049989], Loss: 3.464918, Acc:0.613156, Semantic loss: 1.258399, BCE loss: 1.381748, SB loss: 0.824770
2025-03-26 14:52:33,177 Epoch: [3/20] Iter:[30/192], Time: 0.70, lr: [0.008567772222305215], Loss: 3.448312, Acc:0.618243, Semantic loss: 1.212621, BCE loss: 1.422387, SB loss: 0.813304
2025-03-26 14:52:37,052 Epoch: [3/20] Iter:[40/192], Time: 0.62, lr: [0.008543925009781886], Loss: 3.403742, Acc:0.620777, Semantic loss: 1.184266, BCE loss: 1.406081, SB loss: 0.813395
2025-03-26 14:52:40,929 Epoch: [3/20] Iter:[50/192], Time: 0.58, lr: [0.00852007039932076], Loss: 3.389085, Acc:0.620392, Semantic loss: 1.184568, BCE loss: 1.390900, SB loss: 0.813617
2025-03-26 14:52:44,802 Epoch: [3/20] Iter:[60/192], Time: 0.55, lr: [0.00849620836559818], Loss: 3.383992, Acc:0.617830, Semantic loss: 1.192900, BCE loss: 1.364958, SB loss: 0.826134
2025-03-26 14:52:48,696 Epoch: [3/20] Iter:[70/192], Time: 0.52, lr: [0.008472338883124477], Loss: 3.416785, Acc:0.620112, Semantic loss: 1.194741, BCE loss: 1.396072, SB loss: 0.825972
2025-03-26 14:52:52,590 Epoch: [3/20] Iter:[80/192], Time: 0.51, lr: [0.008448461926242374], Loss: 3.428457, Acc:0.618839, Semantic loss: 1.204996, BCE loss: 1.387840, SB loss: 0.835622
2025-03-26 14:52:56,482 Epoch: [3/20] Iter:[90/192], Time: 0.49, lr: [0.008424577469125337], Loss: 3.436375, Acc:0.620587, Semantic loss: 1.200734, BCE loss: 1.403282, SB loss: 0.832359
2025-03-26 14:53:00,372 Epoch: [3/20] Iter:[100/192], Time: 0.48, lr: [0.008400685485775935], Loss: 3.438611, Acc:0.626320, Semantic loss: 1.192872, BCE loss: 1.415240, SB loss: 0.830500
2025-03-26 14:53:04,254 Epoch: [3/20] Iter:[110/192], Time: 0.48, lr: [0.008376785950024154], Loss: 3.434610, Acc:0.625516, Semantic loss: 1.188098, BCE loss: 1.419350, SB loss: 0.827162
2025-03-26 14:53:08,127 Epoch: [3/20] Iter:[120/192], Time: 0.47, lr: [0.00835287883552571], Loss: 3.456006, Acc:0.625357, Semantic loss: 1.187091, BCE loss: 1.439502, SB loss: 0.829414
2025-03-26 14:53:12,011 Epoch: [3/20] Iter:[130/192], Time: 0.46, lr: [0.008328964115760324], Loss: 3.447861, Acc:0.625588, Semantic loss: 1.184991, BCE loss: 1.431827, SB loss: 0.831044
2025-03-26 14:53:15,881 Epoch: [3/20] Iter:[140/192], Time: 0.46, lr: [0.008305041764029988], Loss: 3.444032, Acc:0.625838, Semantic loss: 1.181547, BCE loss: 1.429116, SB loss: 0.833368
2025-03-26 14:53:19,753 Epoch: [3/20] Iter:[150/192], Time: 0.45, lr: [0.008281111753457188], Loss: 3.453364, Acc:0.623844, Semantic loss: 1.189481, BCE loss: 1.421800, SB loss: 0.842083
2025-03-26 14:53:23,655 Epoch: [3/20] Iter:[160/192], Time: 0.45, lr: [0.008257174056983133], Loss: 3.463342, Acc:0.623164, Semantic loss: 1.190200, BCE loss: 1.431027, SB loss: 0.842115
2025-03-26 14:53:27,542 Epoch: [3/20] Iter:[170/192], Time: 0.44, lr: [0.00823322864736593], Loss: 3.464207, Acc:0.624137, Semantic loss: 1.185912, BCE loss: 1.437036, SB loss: 0.841258
2025-03-26 14:53:31,451 Epoch: [3/20] Iter:[180/192], Time: 0.44, lr: [0.008209275497178764], Loss: 3.450817, Acc:0.627555, Semantic loss: 1.179809, BCE loss: 1.430835, SB loss: 0.840174
2025-03-26 14:53:35,311 Epoch: [3/20] Iter:[190/192], Time: 0.44, lr: [0.008185314578808021], Loss: 3.450236, Acc:0.627067, Semantic loss: 1.182315, BCE loss: 1.426852, SB loss: 0.841069
2025-03-26 14:55:08,643 0 [0.         0.60053852 0.2369678  0.19108067 0.2763518  0.0725316
 0.04116996] 0.20266290708632148
2025-03-26 14:55:08,644 1 [0.         0.63335471 0.34178445 0.28349253 0.34716976 0.03305561
 0.01938148] 0.23689121999675491
2025-03-26 14:55:08,649 => saving checkpoint to output\loveda\pidnet_small_loveda\no_augcheckpoint.pth.tar
2025-03-26 14:55:08,778 Loss: 3.566, MeanIU:  0.2369, Best_mIoU:  0.2369
2025-03-26 14:55:08,779 [0.         0.63335471 0.34178445 0.28349253 0.34716976 0.03305561
 0.01938148]
2025-03-26 14:55:19,072 Epoch: [4/20] Iter:[0/192], Time: 10.10, lr: [0.008180521460508584], Loss: 3.580921, Acc:0.570491, Semantic loss: 1.287054, BCE loss: 1.540476, SB loss: 0.753391
2025-03-26 14:55:22,950 Epoch: [4/20] Iter:[10/192], Time: 1.27, lr: [0.008156551183601795], Loss: 3.352865, Acc:0.643150, Semantic loss: 1.138579, BCE loss: 1.424989, SB loss: 0.789297
2025-03-26 14:55:26,825 Epoch: [4/20] Iter:[20/192], Time: 0.85, lr: [0.008132573077094668], Loss: 3.318590, Acc:0.629659, Semantic loss: 1.158222, BCE loss: 1.371097, SB loss: 0.789271
2025-03-26 14:55:30,708 Epoch: [4/20] Iter:[30/192], Time: 0.70, lr: [0.008108587112763079], Loss: 3.355991, Acc:0.622984, Semantic loss: 1.170381, BCE loss: 1.380015, SB loss: 0.805595
2025-03-26 14:55:34,621 Epoch: [4/20] Iter:[40/192], Time: 0.63, lr: [0.008084593262188028], Loss: 3.367295, Acc:0.632177, Semantic loss: 1.151586, BCE loss: 1.411532, SB loss: 0.804177
2025-03-26 14:55:38,511 Epoch: [4/20] Iter:[50/192], Time: 0.58, lr: [0.008060591496753653], Loss: 3.349638, Acc:0.635347, Semantic loss: 1.145173, BCE loss: 1.393723, SB loss: 0.810742
2025-03-26 14:55:42,379 Epoch: [4/20] Iter:[60/192], Time: 0.55, lr: [0.008036581787645204], Loss: 3.368062, Acc:0.638704, Semantic loss: 1.136654, BCE loss: 1.417157, SB loss: 0.814251
2025-03-26 14:55:46,241 Epoch: [4/20] Iter:[70/192], Time: 0.52, lr: [0.008012564105846994], Loss: 3.358662, Acc:0.633224, Semantic loss: 1.143119, BCE loss: 1.390737, SB loss: 0.824806
2025-03-26 14:55:50,126 Epoch: [4/20] Iter:[80/192], Time: 0.51, lr: [0.007988538422140333], Loss: 3.334412, Acc:0.639027, Semantic loss: 1.132520, BCE loss: 1.384317, SB loss: 0.817575
2025-03-26 14:55:54,004 Epoch: [4/20] Iter:[90/192], Time: 0.49, lr: [0.007964504707101411], Loss: 3.338922, Acc:0.635493, Semantic loss: 1.140749, BCE loss: 1.377212, SB loss: 0.820962
2025-03-26 14:55:57,904 Epoch: [4/20] Iter:[100/192], Time: 0.48, lr: [0.007940462931099176], Loss: 3.339787, Acc:0.633356, Semantic loss: 1.147471, BCE loss: 1.372596, SB loss: 0.819720
2025-03-26 14:56:01,797 Epoch: [4/20] Iter:[110/192], Time: 0.48, lr: [0.007916413064293163], Loss: 3.338124, Acc:0.634095, Semantic loss: 1.145838, BCE loss: 1.378751, SB loss: 0.813536
2025-03-26 14:56:05,716 Epoch: [4/20] Iter:[120/192], Time: 0.47, lr: [0.007892355076631318], Loss: 3.347355, Acc:0.635484, Semantic loss: 1.143908, BCE loss: 1.391196, SB loss: 0.812251
2025-03-26 14:56:09,609 Epoch: [4/20] Iter:[130/192], Time: 0.46, lr: [0.007868288937847752], Loss: 3.356251, Acc:0.633759, Semantic loss: 1.147899, BCE loss: 1.396809, SB loss: 0.811543
2025-03-26 14:56:13,516 Epoch: [4/20] Iter:[140/192], Time: 0.46, lr: [0.007844214617460508], Loss: 3.358732, Acc:0.636398, Semantic loss: 1.142569, BCE loss: 1.409156, SB loss: 0.807007
2025-03-26 14:56:17,396 Epoch: [4/20] Iter:[150/192], Time: 0.45, lr: [0.007820132084769268], Loss: 3.360924, Acc:0.635336, Semantic loss: 1.144043, BCE loss: 1.406292, SB loss: 0.810590
2025-03-26 14:56:21,298 Epoch: [4/20] Iter:[160/192], Time: 0.45, lr: [0.00779604130885303], Loss: 3.360389, Acc:0.636844, Semantic loss: 1.143347, BCE loss: 1.408102, SB loss: 0.808939
2025-03-26 14:56:25,181 Epoch: [4/20] Iter:[170/192], Time: 0.45, lr: [0.007771942258567773], Loss: 3.360919, Acc:0.638121, Semantic loss: 1.139537, BCE loss: 1.412080, SB loss: 0.809301
2025-03-26 14:56:29,092 Epoch: [4/20] Iter:[180/192], Time: 0.44, lr: [0.007747834902544056], Loss: 3.353760, Acc:0.639510, Semantic loss: 1.136932, BCE loss: 1.408571, SB loss: 0.808257
2025-03-26 14:56:32,965 Epoch: [4/20] Iter:[190/192], Time: 0.44, lr: [0.0077237192091846206], Loss: 3.360679, Acc:0.639095, Semantic loss: 1.139945, BCE loss: 1.408964, SB loss: 0.811770
2025-03-26 14:58:08,722 0 [0.         0.50711808 0.34917143 0.2587041  0.18951072 0.15362313
 0.13617033] 0.22775682746924014
2025-03-26 14:58:08,722 1 [0.         0.56147691 0.41112639 0.35733126 0.26971293 0.0687854
 0.11934459] 0.25539678151523104
2025-03-26 14:58:08,728 => saving checkpoint to output\loveda\pidnet_small_loveda\no_augcheckpoint.pth.tar
2025-03-26 14:58:08,850 Loss: 3.593, MeanIU:  0.2554, Best_mIoU:  0.2554
2025-03-26 14:58:08,850 [0.         0.56147691 0.41112639 0.35733126 0.26971293 0.0687854
 0.11934459]
2025-03-26 14:58:18,983 Epoch: [5/20] Iter:[0/192], Time: 9.94, lr: [0.007718895067235705], Loss: 2.905782, Acc:0.619549, Semantic loss: 0.993321, BCE loss: 1.194266, SB loss: 0.718196
2025-03-26 14:58:22,860 Epoch: [5/20] Iter:[10/192], Time: 1.26, lr: [0.007694769327040611], Loss: 3.265732, Acc:0.646559, Semantic loss: 1.096561, BCE loss: 1.401434, SB loss: 0.767737
2025-03-26 14:58:26,739 Epoch: [5/20] Iter:[20/192], Time: 0.84, lr: [0.00767063517918174], Loss: 3.250624, Acc:0.650653, Semantic loss: 1.121394, BCE loss: 1.330036, SB loss: 0.799194
2025-03-26 14:58:30,634 Epoch: [5/20] Iter:[30/192], Time: 0.70, lr: [0.007646492591316132], Loss: 3.201077, Acc:0.651952, Semantic loss: 1.101816, BCE loss: 1.316451, SB loss: 0.782810
2025-03-26 14:58:34,536 Epoch: [5/20] Iter:[40/192], Time: 0.62, lr: [0.007622341530862476], Loss: 3.214107, Acc:0.651707, Semantic loss: 1.105205, BCE loss: 1.324454, SB loss: 0.784448
2025-03-26 14:58:38,434 Epoch: [5/20] Iter:[50/192], Time: 0.58, lr: [0.0075981819649984985], Loss: 3.273021, Acc:0.652145, Semantic loss: 1.113017, BCE loss: 1.367565, SB loss: 0.792439
2025-03-26 14:58:42,296 Epoch: [5/20] Iter:[60/192], Time: 0.55, lr: [0.007574013860658317], Loss: 3.250268, Acc:0.649877, Semantic loss: 1.105370, BCE loss: 1.351103, SB loss: 0.793794
2025-03-26 14:58:46,174 Epoch: [5/20] Iter:[70/192], Time: 0.52, lr: [0.007549837184529776], Loss: 3.283415, Acc:0.648265, Semantic loss: 1.109164, BCE loss: 1.366646, SB loss: 0.807604
2025-03-26 14:58:50,089 Epoch: [5/20] Iter:[80/192], Time: 0.51, lr: [0.0075256519030517215], Loss: 3.286895, Acc:0.645575, Semantic loss: 1.116910, BCE loss: 1.363968, SB loss: 0.806017
2025-03-26 14:58:53,989 Epoch: [5/20] Iter:[90/192], Time: 0.49, lr: [0.007501457982411236], Loss: 3.272872, Acc:0.644847, Semantic loss: 1.116659, BCE loss: 1.353746, SB loss: 0.802467
2025-03-26 14:58:57,887 Epoch: [5/20] Iter:[100/192], Time: 0.48, lr: [0.0074772553885408604], Loss: 3.275441, Acc:0.646757, Semantic loss: 1.116259, BCE loss: 1.357874, SB loss: 0.801308
2025-03-26 14:59:01,790 Epoch: [5/20] Iter:[110/192], Time: 0.48, lr: [0.007453044087115737], Loss: 3.279192, Acc:0.649762, Semantic loss: 1.114886, BCE loss: 1.361106, SB loss: 0.803200
2025-03-26 14:59:05,669 Epoch: [5/20] Iter:[120/192], Time: 0.47, lr: [0.007428824043550734], Loss: 3.271111, Acc:0.650357, Semantic loss: 1.110754, BCE loss: 1.360592, SB loss: 0.799766
2025-03-26 14:59:09,559 Epoch: [5/20] Iter:[130/192], Time: 0.46, lr: [0.007404595222997526], Loss: 3.276289, Acc:0.650824, Semantic loss: 1.112949, BCE loss: 1.360607, SB loss: 0.802733
2025-03-26 14:59:13,469 Epoch: [5/20] Iter:[140/192], Time: 0.46, lr: [0.007380357590341623], Loss: 3.285733, Acc:0.652936, Semantic loss: 1.113122, BCE loss: 1.371402, SB loss: 0.801209
2025-03-26 14:59:17,364 Epoch: [5/20] Iter:[150/192], Time: 0.45, lr: [0.007356111110199354], Loss: 3.288014, Acc:0.652745, Semantic loss: 1.113000, BCE loss: 1.373566, SB loss: 0.801448
2025-03-26 14:59:21,234 Epoch: [5/20] Iter:[160/192], Time: 0.45, lr: [0.00733185574691482], Loss: 3.292920, Acc:0.652589, Semantic loss: 1.111379, BCE loss: 1.381446, SB loss: 0.800094
2025-03-26 14:59:25,144 Epoch: [5/20] Iter:[170/192], Time: 0.45, lr: [0.007307591464556783], Loss: 3.291594, Acc:0.652708, Semantic loss: 1.110473, BCE loss: 1.383603, SB loss: 0.797519
2025-03-26 14:59:29,040 Epoch: [5/20] Iter:[180/192], Time: 0.44, lr: [0.007283318226915514], Loss: 3.302229, Acc:0.653305, Semantic loss: 1.110294, BCE loss: 1.393540, SB loss: 0.798395
2025-03-26 14:59:32,918 Epoch: [5/20] Iter:[190/192], Time: 0.44, lr: [0.007259035997499604], Loss: 3.300701, Acc:0.652967, Semantic loss: 1.109208, BCE loss: 1.394116, SB loss: 0.797378
2025-03-26 15:01:06,029 0 [0.         0.5541483  0.35422213 0.21779161 0.17685049 0.12877503
 0.18410322] 0.2308415396441874
2025-03-26 15:01:06,029 1 [0.         0.49854363 0.39549562 0.26754822 0.31349856 0.13957606
 0.18053606] 0.2564568774944124
2025-03-26 15:01:06,035 => saving checkpoint to output\loveda\pidnet_small_loveda\no_augcheckpoint.pth.tar
2025-03-26 15:01:06,155 Loss: 3.586, MeanIU:  0.2565, Best_mIoU:  0.2565
2025-03-26 15:01:06,155 [0.         0.49854363 0.39549562 0.26754822 0.31349856 0.13957606
 0.18053606]
2025-03-26 15:01:16,313 Epoch: [6/20] Iter:[0/192], Time: 9.96, lr: [0.007254178469372199], Loss: 3.470903, Acc:0.705327, Semantic loss: 1.072143, BCE loss: 1.550988, SB loss: 0.847771
2025-03-26 15:01:20,210 Epoch: [6/20] Iter:[10/192], Time: 1.26, lr: [0.007229885401256642], Loss: 3.172936, Acc:0.675184, Semantic loss: 1.062407, BCE loss: 1.290669, SB loss: 0.819859
2025-03-26 15:01:24,082 Epoch: [6/20] Iter:[20/192], Time: 0.84, lr: [0.0072055832600777334], Loss: 3.170548, Acc:0.660017, Semantic loss: 1.058066, BCE loss: 1.306748, SB loss: 0.805735
2025-03-26 15:01:28,004 Epoch: [6/20] Iter:[30/192], Time: 0.70, lr: [0.007181272008420604], Loss: 3.192095, Acc:0.665422, Semantic loss: 1.077417, BCE loss: 1.320692, SB loss: 0.793987
2025-03-26 15:01:31,883 Epoch: [6/20] Iter:[40/192], Time: 0.62, lr: [0.007156951608574727], Loss: 3.207735, Acc:0.658056, Semantic loss: 1.087565, BCE loss: 1.329414, SB loss: 0.790756
2025-03-26 15:01:35,776 Epoch: [6/20] Iter:[50/192], Time: 0.58, lr: [0.007132622022530447], Loss: 3.176965, Acc:0.659892, Semantic loss: 1.084141, BCE loss: 1.303937, SB loss: 0.788887
2025-03-26 15:01:39,671 Epoch: [6/20] Iter:[60/192], Time: 0.55, lr: [0.007108283211975477], Loss: 3.236974, Acc:0.660116, Semantic loss: 1.091223, BCE loss: 1.356474, SB loss: 0.789278
2025-03-26 15:01:43,538 Epoch: [6/20] Iter:[70/192], Time: 0.52, lr: [0.007083935138291319], Loss: 3.236604, Acc:0.656657, Semantic loss: 1.100222, BCE loss: 1.347471, SB loss: 0.788911
2025-03-26 15:01:47,421 Epoch: [6/20] Iter:[80/192], Time: 0.51, lr: [0.007059577762549636], Loss: 3.243725, Acc:0.657620, Semantic loss: 1.098778, BCE loss: 1.358902, SB loss: 0.786045
2025-03-26 15:01:51,308 Epoch: [6/20] Iter:[90/192], Time: 0.49, lr: [0.007035211045508576], Loss: 3.245448, Acc:0.660827, Semantic loss: 1.093800, BCE loss: 1.368854, SB loss: 0.782794
2025-03-26 15:01:55,204 Epoch: [6/20] Iter:[100/192], Time: 0.48, lr: [0.0070108349476090265], Loss: 3.259651, Acc:0.663306, Semantic loss: 1.093292, BCE loss: 1.383200, SB loss: 0.783160
2025-03-26 15:01:59,074 Epoch: [6/20] Iter:[110/192], Time: 0.48, lr: [0.00698644942897081], Loss: 3.255439, Acc:0.661196, Semantic loss: 1.092249, BCE loss: 1.378591, SB loss: 0.784599
2025-03-26 15:02:02,961 Epoch: [6/20] Iter:[120/192], Time: 0.47, lr: [0.006962054449388827], Loss: 3.262980, Acc:0.660270, Semantic loss: 1.094589, BCE loss: 1.381968, SB loss: 0.786423
2025-03-26 15:02:06,851 Epoch: [6/20] Iter:[130/192], Time: 0.46, lr: [0.006937649968329135], Loss: 3.269568, Acc:0.660729, Semantic loss: 1.093799, BCE loss: 1.387810, SB loss: 0.787959
2025-03-26 15:02:10,758 Epoch: [6/20] Iter:[140/192], Time: 0.46, lr: [0.006913235944924954], Loss: 3.281179, Acc:0.662465, Semantic loss: 1.091624, BCE loss: 1.401737, SB loss: 0.787818
2025-03-26 15:02:14,662 Epoch: [6/20] Iter:[150/192], Time: 0.45, lr: [0.006888812337972621], Loss: 3.271794, Acc:0.663862, Semantic loss: 1.089166, BCE loss: 1.395099, SB loss: 0.787529
2025-03-26 15:02:18,547 Epoch: [6/20] Iter:[160/192], Time: 0.45, lr: [0.00686437910592748], Loss: 3.266302, Acc:0.663355, Semantic loss: 1.090627, BCE loss: 1.389609, SB loss: 0.786067
2025-03-26 15:02:22,430 Epoch: [6/20] Iter:[170/192], Time: 0.44, lr: [0.00683993620689969], Loss: 3.262825, Acc:0.664348, Semantic loss: 1.089700, BCE loss: 1.387377, SB loss: 0.785748
2025-03-26 15:02:26,340 Epoch: [6/20] Iter:[180/192], Time: 0.44, lr: [0.0068154835986499775], Loss: 3.258351, Acc:0.665780, Semantic loss: 1.085911, BCE loss: 1.386830, SB loss: 0.785609
2025-03-26 15:02:30,205 Epoch: [6/20] Iter:[190/192], Time: 0.44, lr: [0.006791021238585323], Loss: 3.248484, Acc:0.665923, Semantic loss: 1.083636, BCE loss: 1.381199, SB loss: 0.783649
2025-03-26 15:04:03,447 0 [0.         0.53402392 0.2228335  0.21853852 0.18253976 0.03643835
 0.09131729] 0.18367019308936888
2025-03-26 15:04:03,447 1 [0.         0.57106671 0.42077171 0.25659331 0.25552216 0.00763275
 0.08330844] 0.22784215595405424
2025-03-26 15:04:03,453 => saving checkpoint to output\loveda\pidnet_small_loveda\no_augcheckpoint.pth.tar
2025-03-26 15:04:03,535 Loss: 3.858, MeanIU:  0.2278, Best_mIoU:  0.2565
2025-03-26 15:04:03,535 [0.         0.57106671 0.42077171 0.25659331 0.25552216 0.00763275
 0.08330844]
2025-03-26 15:04:13,661 Epoch: [7/20] Iter:[0/192], Time: 9.93, lr: [0.006786127592581251], Loss: 3.723614, Acc:0.638603, Semantic loss: 1.082519, BCE loss: 1.870823, SB loss: 0.770272
2025-03-26 15:04:17,537 Epoch: [7/20] Iter:[10/192], Time: 1.26, lr: [0.006761653473611295], Loss: 3.125614, Acc:0.676549, Semantic loss: 1.014501, BCE loss: 1.371984, SB loss: 0.739129
2025-03-26 15:04:21,424 Epoch: [7/20] Iter:[20/192], Time: 0.84, lr: [0.006737169507854796], Loss: 3.146019, Acc:0.686079, Semantic loss: 1.005009, BCE loss: 1.398572, SB loss: 0.742438
2025-03-26 15:04:25,326 Epoch: [7/20] Iter:[30/192], Time: 0.70, lr: [0.006712675651556858], Loss: 3.148814, Acc:0.695453, Semantic loss: 1.006309, BCE loss: 1.400483, SB loss: 0.742021
2025-03-26 15:04:29,196 Epoch: [7/20] Iter:[40/192], Time: 0.62, lr: [0.006688171860589905], Loss: 3.101522, Acc:0.692316, Semantic loss: 1.005851, BCE loss: 1.350319, SB loss: 0.745351
2025-03-26 15:04:33,091 Epoch: [7/20] Iter:[50/192], Time: 0.58, lr: [0.0066636580904489585], Loss: 3.138140, Acc:0.685978, Semantic loss: 1.030118, BCE loss: 1.353670, SB loss: 0.754352
2025-03-26 15:04:36,977 Epoch: [7/20] Iter:[60/192], Time: 0.55, lr: [0.006639134296246874], Loss: 3.161240, Acc:0.682574, Semantic loss: 1.037254, BCE loss: 1.362985, SB loss: 0.761000
2025-03-26 15:04:40,882 Epoch: [7/20] Iter:[70/192], Time: 0.52, lr: [0.0066146004327094585], Loss: 3.171492, Acc:0.682889, Semantic loss: 1.048567, BCE loss: 1.360565, SB loss: 0.762360
2025-03-26 15:04:44,757 Epoch: [7/20] Iter:[80/192], Time: 0.51, lr: [0.006590056454170537], Loss: 3.179431, Acc:0.683692, Semantic loss: 1.046293, BCE loss: 1.371741, SB loss: 0.761397
2025-03-26 15:04:48,643 Epoch: [7/20] Iter:[90/192], Time: 0.49, lr: [0.006565502314566912], Loss: 3.173501, Acc:0.684458, Semantic loss: 1.048096, BCE loss: 1.360274, SB loss: 0.765130
2025-03-26 15:04:52,533 Epoch: [7/20] Iter:[100/192], Time: 0.48, lr: [0.006540937967433255], Loss: 3.170706, Acc:0.682135, Semantic loss: 1.046360, BCE loss: 1.358612, SB loss: 0.765734
2025-03-26 15:04:56,428 Epoch: [7/20] Iter:[110/192], Time: 0.47, lr: [0.006516363365896894], Loss: 3.168493, Acc:0.681268, Semantic loss: 1.048521, BCE loss: 1.355137, SB loss: 0.764835
2025-03-26 15:05:00,327 Epoch: [7/20] Iter:[120/192], Time: 0.47, lr: [0.006491778462672531], Loss: 3.178200, Acc:0.680639, Semantic loss: 1.048946, BCE loss: 1.364933, SB loss: 0.764321
2025-03-26 15:05:04,217 Epoch: [7/20] Iter:[130/192], Time: 0.46, lr: [0.006467183210056843], Loss: 3.185873, Acc:0.679666, Semantic loss: 1.049193, BCE loss: 1.372817, SB loss: 0.763863
2025-03-26 15:05:08,114 Epoch: [7/20] Iter:[140/192], Time: 0.46, lr: [0.006442577559923017], Loss: 3.183309, Acc:0.678477, Semantic loss: 1.048868, BCE loss: 1.371890, SB loss: 0.762552
2025-03-26 15:05:12,004 Epoch: [7/20] Iter:[150/192], Time: 0.45, lr: [0.006417961463715172], Loss: 3.176256, Acc:0.678138, Semantic loss: 1.050534, BCE loss: 1.362425, SB loss: 0.763298
2025-03-26 15:05:15,888 Epoch: [7/20] Iter:[160/192], Time: 0.45, lr: [0.006393334872442681], Loss: 3.177768, Acc:0.679193, Semantic loss: 1.050651, BCE loss: 1.362399, SB loss: 0.764719
2025-03-26 15:05:19,789 Epoch: [7/20] Iter:[170/192], Time: 0.44, lr: [0.006368697736674411], Loss: 3.182997, Acc:0.679429, Semantic loss: 1.056193, BCE loss: 1.360509, SB loss: 0.766296
2025-03-26 15:05:23,695 Epoch: [7/20] Iter:[180/192], Time: 0.44, lr: [0.006344050006532848], Loss: 3.189819, Acc:0.679058, Semantic loss: 1.059132, BCE loss: 1.364363, SB loss: 0.766324
2025-03-26 15:05:27,558 Epoch: [7/20] Iter:[190/192], Time: 0.44, lr: [0.006319391631688114], Loss: 3.193567, Acc:0.677765, Semantic loss: 1.059132, BCE loss: 1.366552, SB loss: 0.767883
2025-03-26 15:07:01,011 0 [0.         0.5929626  0.34437421 0.25190123 0.18293747 0.12663522
 0.12748227] 0.23232757004344137
2025-03-26 15:07:01,011 1 [0.         0.64797544 0.40268743 0.24757971 0.27006137 0.07147863
 0.05820602] 0.24256980087387725
2025-03-26 15:07:01,016 => saving checkpoint to output\loveda\pidnet_small_loveda\no_augcheckpoint.pth.tar
2025-03-26 15:07:01,098 Loss: 3.708, MeanIU:  0.2426, Best_mIoU:  0.2565
2025-03-26 15:07:01,098 [0.         0.64797544 0.40268743 0.24757971 0.27006137 0.07147863
 0.05820602]
2025-03-26 15:07:11,396 Epoch: [8/20] Iter:[0/192], Time: 10.10, lr: [0.006314458674893553], Loss: 3.246181, Acc:0.713784, Semantic loss: 0.933084, BCE loss: 1.616206, SB loss: 0.696891
2025-03-26 15:07:15,289 Epoch: [8/20] Iter:[10/192], Time: 1.27, lr: [0.006289787459323657], Loss: 3.151672, Acc:0.689253, Semantic loss: 0.975886, BCE loss: 1.396618, SB loss: 0.779168
2025-03-26 15:07:19,183 Epoch: [8/20] Iter:[20/192], Time: 0.85, lr: [0.006265105486702424], Loss: 3.134991, Acc:0.694165, Semantic loss: 1.004292, BCE loss: 1.362213, SB loss: 0.768486
2025-03-26 15:07:23,077 Epoch: [8/20] Iter:[30/192], Time: 0.70, lr: [0.006240412705211017], Loss: 3.117766, Acc:0.686025, Semantic loss: 1.019197, BCE loss: 1.333503, SB loss: 0.765066
2025-03-26 15:07:26,957 Epoch: [8/20] Iter:[40/192], Time: 0.63, lr: [0.006215709062551949], Loss: 3.128568, Acc:0.681120, Semantic loss: 1.023445, BCE loss: 1.346234, SB loss: 0.758889
2025-03-26 15:07:30,852 Epoch: [8/20] Iter:[50/192], Time: 0.58, lr: [0.006190994505942529], Loss: 3.105284, Acc:0.684068, Semantic loss: 1.029304, BCE loss: 1.314792, SB loss: 0.761188
2025-03-26 15:07:34,727 Epoch: [8/20] Iter:[60/192], Time: 0.55, lr: [0.006166268982108192], Loss: 3.094791, Acc:0.681682, Semantic loss: 1.036379, BCE loss: 1.298767, SB loss: 0.759645
2025-03-26 15:07:38,601 Epoch: [8/20] Iter:[70/192], Time: 0.53, lr: [0.006141532437275693], Loss: 3.078783, Acc:0.679036, Semantic loss: 1.033054, BCE loss: 1.289639, SB loss: 0.756090
2025-03-26 15:07:42,486 Epoch: [8/20] Iter:[80/192], Time: 0.51, lr: [0.006116784817166194], Loss: 3.083237, Acc:0.678373, Semantic loss: 1.033097, BCE loss: 1.291710, SB loss: 0.758429
2025-03-26 15:07:46,389 Epoch: [8/20] Iter:[90/192], Time: 0.50, lr: [0.006092026066988214], Loss: 3.114825, Acc:0.681406, Semantic loss: 1.037757, BCE loss: 1.315850, SB loss: 0.761218
2025-03-26 15:07:50,279 Epoch: [8/20] Iter:[100/192], Time: 0.49, lr: [0.006067256131430442], Loss: 3.119958, Acc:0.682317, Semantic loss: 1.032533, BCE loss: 1.324426, SB loss: 0.763000
2025-03-26 15:07:54,166 Epoch: [8/20] Iter:[110/192], Time: 0.48, lr: [0.00604247495465443], Loss: 3.123480, Acc:0.683680, Semantic loss: 1.027638, BCE loss: 1.333508, SB loss: 0.762334
2025-03-26 15:07:58,051 Epoch: [8/20] Iter:[120/192], Time: 0.47, lr: [0.006017682480287143], Loss: 3.118571, Acc:0.685774, Semantic loss: 1.024777, BCE loss: 1.332995, SB loss: 0.760799
2025-03-26 15:08:01,944 Epoch: [8/20] Iter:[130/192], Time: 0.46, lr: [0.00599287865141337], Loss: 3.121203, Acc:0.686779, Semantic loss: 1.026488, BCE loss: 1.334367, SB loss: 0.760349
2025-03-26 15:08:05,816 Epoch: [8/20] Iter:[140/192], Time: 0.46, lr: [0.005968063410567983], Loss: 3.122044, Acc:0.685762, Semantic loss: 1.027607, BCE loss: 1.334354, SB loss: 0.760083
2025-03-26 15:08:09,714 Epoch: [8/20] Iter:[150/192], Time: 0.45, lr: [0.00594323669972807], Loss: 3.133429, Acc:0.685611, Semantic loss: 1.029622, BCE loss: 1.343637, SB loss: 0.760170
2025-03-26 15:08:13,608 Epoch: [8/20] Iter:[160/192], Time: 0.45, lr: [0.005918398460304892], Loss: 3.131554, Acc:0.687242, Semantic loss: 1.027620, BCE loss: 1.344263, SB loss: 0.759671
2025-03-26 15:08:17,501 Epoch: [8/20] Iter:[170/192], Time: 0.45, lr: [0.0058935486331357125], Loss: 3.141651, Acc:0.686689, Semantic loss: 1.030703, BCE loss: 1.348772, SB loss: 0.762176
2025-03-26 15:08:21,399 Epoch: [8/20] Iter:[180/192], Time: 0.44, lr: [0.005868687158475447], Loss: 3.146048, Acc:0.686222, Semantic loss: 1.033775, BCE loss: 1.349393, SB loss: 0.762880
2025-03-26 15:08:25,280 Epoch: [8/20] Iter:[190/192], Time: 0.44, lr: [0.005843813975988169], Loss: 3.149121, Acc:0.685238, Semantic loss: 1.033774, BCE loss: 1.352774, SB loss: 0.762573
2025-03-26 15:09:58,193 0 [0.         0.60386007 0.34528466 0.23471827 0.25381208 0.06974486
 0.10734868] 0.2306812308972924
2025-03-26 15:09:58,193 1 [0.         0.64901291 0.45754285 0.3410107  0.30418251 0.01910061
 0.06279291] 0.2619489270461082
2025-03-26 15:09:58,199 => saving checkpoint to output\loveda\pidnet_small_loveda\no_augcheckpoint.pth.tar
2025-03-26 15:09:58,371 Loss: 3.636, MeanIU:  0.2619, Best_mIoU:  0.2619
2025-03-26 15:09:58,371 [0.         0.64901291 0.45754285 0.3410107  0.30418251 0.01910061
 0.06279291]
2025-03-26 15:10:08,520 Epoch: [9/20] Iter:[0/192], Time: 9.96, lr: [0.0058388379291998025], Loss: 3.003013, Acc:0.747690, Semantic loss: 0.829107, BCE loss: 1.455648, SB loss: 0.718258
2025-03-26 15:10:12,401 Epoch: [9/20] Iter:[10/192], Time: 1.26, lr: [0.0058139506168319475], Loss: 2.991175, Acc:0.687639, Semantic loss: 0.986418, BCE loss: 1.272386, SB loss: 0.732372
2025-03-26 15:10:16,277 Epoch: [9/20] Iter:[20/192], Time: 0.84, lr: [0.005789051461775303], Loss: 3.006291, Acc:0.690525, Semantic loss: 0.995492, BCE loss: 1.275104, SB loss: 0.735695
2025-03-26 15:10:20,169 Epoch: [9/20] Iter:[30/192], Time: 0.70, lr: [0.005764140401744157], Loss: 3.025044, Acc:0.694413, Semantic loss: 0.995263, BCE loss: 1.286693, SB loss: 0.743088
2025-03-26 15:10:24,059 Epoch: [9/20] Iter:[40/192], Time: 0.62, lr: [0.005739217373824397], Loss: 3.062524, Acc:0.690841, Semantic loss: 1.011453, BCE loss: 1.300442, SB loss: 0.750630
2025-03-26 15:10:27,942 Epoch: [9/20] Iter:[50/192], Time: 0.58, lr: [0.005714282314464109], Loss: 3.106596, Acc:0.690917, Semantic loss: 1.015682, BCE loss: 1.345801, SB loss: 0.745114
2025-03-26 15:10:31,841 Epoch: [9/20] Iter:[60/192], Time: 0.55, lr: [0.005689335159463984], Loss: 3.095791, Acc:0.694274, Semantic loss: 1.013649, BCE loss: 1.335788, SB loss: 0.746354
2025-03-26 15:10:35,718 Epoch: [9/20] Iter:[70/192], Time: 0.52, lr: [0.0056643758439675305], Loss: 3.099877, Acc:0.692591, Semantic loss: 1.013595, BCE loss: 1.339787, SB loss: 0.746495
2025-03-26 15:10:39,624 Epoch: [9/20] Iter:[80/192], Time: 0.51, lr: [0.005639404302451105], Loss: 3.078211, Acc:0.696797, Semantic loss: 1.006367, BCE loss: 1.330509, SB loss: 0.741336
2025-03-26 15:10:43,509 Epoch: [9/20] Iter:[90/192], Time: 0.49, lr: [0.005614420468713722], Loss: 3.087010, Acc:0.696271, Semantic loss: 1.015250, BCE loss: 1.328663, SB loss: 0.743097
2025-03-26 15:10:47,419 Epoch: [9/20] Iter:[100/192], Time: 0.48, lr: [0.005589424275866668], Loss: 3.096736, Acc:0.695414, Semantic loss: 1.021594, BCE loss: 1.330605, SB loss: 0.744537
2025-03-26 15:10:51,293 Epoch: [9/20] Iter:[110/192], Time: 0.48, lr: [0.005564415656322913], Loss: 3.108610, Acc:0.695619, Semantic loss: 1.023850, BCE loss: 1.339164, SB loss: 0.745596
2025-03-26 15:10:55,191 Epoch: [9/20] Iter:[120/192], Time: 0.47, lr: [0.00553939454178628], Loss: 3.122907, Acc:0.694397, Semantic loss: 1.026833, BCE loss: 1.350334, SB loss: 0.745740
2025-03-26 15:10:59,075 Epoch: [9/20] Iter:[130/192], Time: 0.46, lr: [0.005514360863240413], Loss: 3.119318, Acc:0.694895, Semantic loss: 1.026604, BCE loss: 1.346013, SB loss: 0.746701
2025-03-26 15:11:02,979 Epoch: [9/20] Iter:[140/192], Time: 0.46, lr: [0.005489314550937511], Loss: 3.118620, Acc:0.694647, Semantic loss: 1.024743, BCE loss: 1.346340, SB loss: 0.747538
2025-03-26 15:11:06,880 Epoch: [9/20] Iter:[150/192], Time: 0.45, lr: [0.005464255534386825], Loss: 3.110660, Acc:0.695425, Semantic loss: 1.019490, BCE loss: 1.345353, SB loss: 0.745817
2025-03-26 15:11:10,780 Epoch: [9/20] Iter:[160/192], Time: 0.45, lr: [0.005439183742342914], Loss: 3.115063, Acc:0.697246, Semantic loss: 1.017052, BCE loss: 1.353044, SB loss: 0.744968
2025-03-26 15:11:14,673 Epoch: [9/20] Iter:[170/192], Time: 0.45, lr: [0.00541409910279366], Loss: 3.118595, Acc:0.696153, Semantic loss: 1.017258, BCE loss: 1.356727, SB loss: 0.744610
2025-03-26 15:11:18,552 Epoch: [9/20] Iter:[180/192], Time: 0.44, lr: [0.005389001542948025], Loss: 3.127417, Acc:0.695852, Semantic loss: 1.020993, BCE loss: 1.357520, SB loss: 0.748904
2025-03-26 15:11:22,400 Epoch: [9/20] Iter:[190/192], Time: 0.44, lr: [0.005363890989223547], Loss: 3.117546, Acc:0.694142, Semantic loss: 1.021750, BCE loss: 1.346623, SB loss: 0.749172
2025-03-26 15:12:57,604 0 [0.         0.62854027 0.38007657 0.24001142 0.1811002  0.15884654
 0.11664279] 0.24360254057026068
2025-03-26 15:12:57,604 1 [0.         0.65640714 0.48886609 0.33627426 0.25661459 0.09770563
 0.04905857] 0.26927518199744055
2025-03-26 15:12:57,610 => saving checkpoint to output\loveda\pidnet_small_loveda\no_augcheckpoint.pth.tar
2025-03-26 15:12:57,731 Loss: 3.397, MeanIU:  0.2693, Best_mIoU:  0.2693
2025-03-26 15:12:57,731 [0.         0.65640714 0.48886609 0.33627426 0.25661459 0.09770563
 0.04905857]
2025-03-26 15:13:08,050 Epoch: [10/20] Iter:[0/192], Time: 10.12, lr: [0.005358867312681466], Loss: 3.025768, Acc:0.713879, Semantic loss: 0.996716, BCE loss: 1.375634, SB loss: 0.653418
2025-03-26 15:13:11,945 Epoch: [10/20] Iter:[10/192], Time: 1.28, lr: [0.005333741068040314], Loss: 3.198566, Acc:0.711861, Semantic loss: 1.005978, BCE loss: 1.440333, SB loss: 0.752255
2025-03-26 15:13:15,820 Epoch: [10/20] Iter:[20/192], Time: 0.85, lr: [0.0053086016647897714], Loss: 3.176175, Acc:0.714743, Semantic loss: 1.008221, BCE loss: 1.429785, SB loss: 0.738168
2025-03-26 15:13:19,698 Epoch: [10/20] Iter:[30/192], Time: 0.70, lr: [0.005283449026727663], Loss: 3.184577, Acc:0.706453, Semantic loss: 1.005701, BCE loss: 1.439332, SB loss: 0.739544
2025-03-26 15:13:23,597 Epoch: [10/20] Iter:[40/192], Time: 0.63, lr: [0.005258283076804885], Loss: 3.182565, Acc:0.714516, Semantic loss: 0.995993, BCE loss: 1.449477, SB loss: 0.737096
2025-03-26 15:13:27,475 Epoch: [10/20] Iter:[50/192], Time: 0.58, lr: [0.00523310373711144], Loss: 3.148909, Acc:0.710948, Semantic loss: 0.991036, BCE loss: 1.429011, SB loss: 0.728861
2025-03-26 15:13:31,348 Epoch: [10/20] Iter:[60/192], Time: 0.55, lr: [0.005207910928862159], Loss: 3.147743, Acc:0.706384, Semantic loss: 1.006881, BCE loss: 1.411941, SB loss: 0.728921
2025-03-26 15:13:35,258 Epoch: [10/20] Iter:[70/192], Time: 0.53, lr: [0.005182704572382109], Loss: 3.122208, Acc:0.702889, Semantic loss: 1.006992, BCE loss: 1.388869, SB loss: 0.726348
2025-03-26 15:13:39,150 Epoch: [10/20] Iter:[80/192], Time: 0.51, lr: [0.005157484587091684], Loss: 3.120156, Acc:0.705995, Semantic loss: 1.000482, BCE loss: 1.390672, SB loss: 0.729002
2025-03-26 15:13:43,035 Epoch: [10/20] Iter:[90/192], Time: 0.50, lr: [0.005132250891491357], Loss: 3.104403, Acc:0.704352, Semantic loss: 0.998805, BCE loss: 1.380001, SB loss: 0.725597
2025-03-26 15:13:46,916 Epoch: [10/20] Iter:[100/192], Time: 0.49, lr: [0.005107003403146087], Loss: 3.082591, Acc:0.704924, Semantic loss: 0.995094, BCE loss: 1.361095, SB loss: 0.726403
2025-03-26 15:13:50,814 Epoch: [10/20] Iter:[110/192], Time: 0.48, lr: [0.005081742038669388], Loss: 3.089944, Acc:0.705618, Semantic loss: 0.998655, BCE loss: 1.361882, SB loss: 0.729407
2025-03-26 15:13:54,690 Epoch: [10/20] Iter:[120/192], Time: 0.47, lr: [0.005056466713707024], Loss: 3.085531, Acc:0.705412, Semantic loss: 1.001554, BCE loss: 1.349924, SB loss: 0.734053
2025-03-26 15:13:58,585 Epoch: [10/20] Iter:[130/192], Time: 0.46, lr: [0.005031177342920337], Loss: 3.081317, Acc:0.705677, Semantic loss: 1.002513, BCE loss: 1.344208, SB loss: 0.734596
2025-03-26 15:14:02,453 Epoch: [10/20] Iter:[140/192], Time: 0.46, lr: [0.005005873839969192], Loss: 3.079453, Acc:0.702806, Semantic loss: 1.006455, BCE loss: 1.334728, SB loss: 0.738270
2025-03-26 15:14:06,343 Epoch: [10/20] Iter:[150/192], Time: 0.45, lr: [0.00498055611749454], Loss: 3.088960, Acc:0.701722, Semantic loss: 1.011618, BCE loss: 1.336837, SB loss: 0.740505
2025-03-26 15:14:10,244 Epoch: [10/20] Iter:[160/192], Time: 0.45, lr: [0.004955224087100552], Loss: 3.088417, Acc:0.702073, Semantic loss: 1.009633, BCE loss: 1.337920, SB loss: 0.740864
2025-03-26 15:14:14,130 Epoch: [10/20] Iter:[170/192], Time: 0.45, lr: [0.004929877659336362], Loss: 3.088657, Acc:0.702723, Semantic loss: 1.006871, BCE loss: 1.340589, SB loss: 0.741197
2025-03-26 15:14:18,004 Epoch: [10/20] Iter:[180/192], Time: 0.44, lr: [0.004904516743677371], Loss: 3.087470, Acc:0.700821, Semantic loss: 1.008968, BCE loss: 1.335937, SB loss: 0.742566
2025-03-26 15:14:21,869 Epoch: [10/20] Iter:[190/192], Time: 0.44, lr: [0.00487914124850611], Loss: 3.093774, Acc:0.699764, Semantic loss: 1.011002, BCE loss: 1.339168, SB loss: 0.743604
2025-03-26 15:15:55,085 0 [0.         0.59268332 0.32150177 0.20046589 0.21138458 0.10305963
 0.13903864] 0.22401911861490498
2025-03-26 15:15:55,086 1 [0.         0.6458614  0.43075215 0.28701758 0.26983438 0.10614853
 0.08224808] 0.26026601870072735
2025-03-26 15:15:55,091 => saving checkpoint to output\loveda\pidnet_small_loveda\no_augcheckpoint.pth.tar
2025-03-26 15:15:55,169 Loss: 3.433, MeanIU:  0.2603, Best_mIoU:  0.2693
2025-03-26 15:15:55,169 [0.         0.6458614  0.43075215 0.28701758 0.26983438 0.10614853
 0.08224808]
2025-03-26 15:16:05,385 Epoch: [11/20] Iter:[0/192], Time: 10.02, lr: [0.004874064391789954], Loss: 3.196605, Acc:0.781571, Semantic loss: 0.949883, BCE loss: 1.536146, SB loss: 0.710576
2025-03-26 15:16:09,276 Epoch: [11/20] Iter:[10/192], Time: 1.27, lr: [0.004848671278701159], Loss: 3.059559, Acc:0.716763, Semantic loss: 0.975828, BCE loss: 1.393869, SB loss: 0.689862
2025-03-26 15:16:13,147 Epoch: [11/20] Iter:[20/192], Time: 0.85, lr: [0.0048232633805975296], Loss: 3.073467, Acc:0.714518, Semantic loss: 0.971447, BCE loss: 1.381887, SB loss: 0.720133
2025-03-26 15:16:17,033 Epoch: [11/20] Iter:[30/192], Time: 0.70, lr: [0.00479784060223045], Loss: 3.015453, Acc:0.720797, Semantic loss: 0.963742, BCE loss: 1.330041, SB loss: 0.721670
2025-03-26 15:16:20,922 Epoch: [11/20] Iter:[40/192], Time: 0.62, lr: [0.004772402847172951], Loss: 3.006860, Acc:0.719605, Semantic loss: 0.966487, BCE loss: 1.323366, SB loss: 0.717007
2025-03-26 15:16:24,806 Epoch: [11/20] Iter:[50/192], Time: 0.58, lr: [0.004746950017798064], Loss: 3.014521, Acc:0.716320, Semantic loss: 0.961259, BCE loss: 1.332288, SB loss: 0.720974
2025-03-26 15:16:28,686 Epoch: [11/20] Iter:[60/192], Time: 0.55, lr: [0.004721482015256639], Loss: 3.014224, Acc:0.714471, Semantic loss: 0.965069, BCE loss: 1.327363, SB loss: 0.721792
2025-03-26 15:16:32,586 Epoch: [11/20] Iter:[70/192], Time: 0.52, lr: [0.004695998739454633], Loss: 3.024464, Acc:0.719155, Semantic loss: 0.964918, BCE loss: 1.340717, SB loss: 0.718829
2025-03-26 15:16:36,467 Epoch: [11/20] Iter:[80/192], Time: 0.51, lr: [0.004670500089029817], Loss: 3.029815, Acc:0.716952, Semantic loss: 0.967680, BCE loss: 1.340330, SB loss: 0.721805
2025-03-26 15:16:40,340 Epoch: [11/20] Iter:[90/192], Time: 0.49, lr: [0.004644985961327915], Loss: 3.016666, Acc:0.715022, Semantic loss: 0.973067, BCE loss: 1.321184, SB loss: 0.722415
2025-03-26 15:16:44,241 Epoch: [11/20] Iter:[100/192], Time: 0.48, lr: [0.004619456252378151], Loss: 3.026311, Acc:0.714406, Semantic loss: 0.977090, BCE loss: 1.324044, SB loss: 0.725176
2025-03-26 15:16:48,142 Epoch: [11/20] Iter:[110/192], Time: 0.48, lr: [0.004593910856868159], Loss: 3.025602, Acc:0.715345, Semantic loss: 0.977916, BCE loss: 1.322801, SB loss: 0.724884
2025-03-26 15:16:52,035 Epoch: [11/20] Iter:[120/192], Time: 0.47, lr: [0.004568349668118281], Loss: 3.029177, Acc:0.714988, Semantic loss: 0.978392, BCE loss: 1.324799, SB loss: 0.725986
2025-03-26 15:16:55,921 Epoch: [11/20] Iter:[130/192], Time: 0.46, lr: [0.004542772578055196], Loss: 3.039083, Acc:0.713451, Semantic loss: 0.983224, BCE loss: 1.328166, SB loss: 0.727693
2025-03-26 15:16:59,811 Epoch: [11/20] Iter:[140/192], Time: 0.46, lr: [0.00451717947718487], Loss: 3.044271, Acc:0.713887, Semantic loss: 0.981496, BCE loss: 1.336475, SB loss: 0.726300
2025-03-26 15:17:03,683 Epoch: [11/20] Iter:[150/192], Time: 0.45, lr: [0.004491570254564817], Loss: 3.042732, Acc:0.713412, Semantic loss: 0.982189, BCE loss: 1.333258, SB loss: 0.727286
2025-03-26 15:17:07,556 Epoch: [11/20] Iter:[160/192], Time: 0.45, lr: [0.004465944797775636], Loss: 3.043154, Acc:0.714242, Semantic loss: 0.982238, BCE loss: 1.332000, SB loss: 0.728916
2025-03-26 15:17:11,461 Epoch: [11/20] Iter:[170/192], Time: 0.45, lr: [0.004440302992891796], Loss: 3.050272, Acc:0.713819, Semantic loss: 0.985606, BCE loss: 1.335047, SB loss: 0.729619
2025-03-26 15:17:15,347 Epoch: [11/20] Iter:[180/192], Time: 0.44, lr: [0.004414644724451659], Loss: 3.055317, Acc:0.710943, Semantic loss: 0.989807, BCE loss: 1.335093, SB loss: 0.730418
2025-03-26 15:17:19,223 Epoch: [11/20] Iter:[190/192], Time: 0.44, lr: [0.004388969875426714], Loss: 3.055970, Acc:0.710190, Semantic loss: 0.993523, BCE loss: 1.330833, SB loss: 0.731614
2025-03-26 15:18:53,067 0 [0.         0.60334246 0.45785206 0.23212543 0.2100548  0.14629592
 0.1744505 ] 0.2605887388199474
2025-03-26 15:18:53,067 1 [0.         0.64195082 0.48887654 0.3215181  0.31180399 0.17081049
 0.14075728] 0.2965310314130873
2025-03-26 15:18:53,073 => saving checkpoint to output\loveda\pidnet_small_loveda\no_augcheckpoint.pth.tar
2025-03-26 15:18:53,194 Loss: 3.551, MeanIU:  0.2965, Best_mIoU:  0.2965
2025-03-26 15:18:53,194 [0.         0.64195082 0.48887654 0.3215181  0.31180399 0.17081049
 0.14075728]
2025-03-26 15:19:03,325 Epoch: [12/20] Iter:[0/192], Time: 9.94, lr: [0.0043838329055408696], Loss: 3.283440, Acc:0.773953, Semantic loss: 0.924553, BCE loss: 1.631361, SB loss: 0.727526
2025-03-26 15:19:07,208 Epoch: [12/20] Iter:[10/192], Time: 1.26, lr: [0.004358138003083593], Loss: 3.164186, Acc:0.728359, Semantic loss: 0.965330, BCE loss: 1.477296, SB loss: 0.721560
2025-03-26 15:19:11,101 Epoch: [12/20] Iter:[20/192], Time: 0.84, lr: [0.0043324262569064236], Loss: 3.081271, Acc:0.723744, Semantic loss: 0.958995, BCE loss: 1.398846, SB loss: 0.723430
2025-03-26 15:19:14,990 Epoch: [12/20] Iter:[30/192], Time: 0.70, lr: [0.0043066975447503065], Loss: 3.049833, Acc:0.721855, Semantic loss: 0.971671, BCE loss: 1.351376, SB loss: 0.726786
2025-03-26 15:19:18,890 Epoch: [12/20] Iter:[40/192], Time: 0.62, lr: [0.00428095174265078], Loss: 3.046852, Acc:0.726919, Semantic loss: 0.968124, BCE loss: 1.364550, SB loss: 0.714178
2025-03-26 15:19:22,763 Epoch: [12/20] Iter:[50/192], Time: 0.58, lr: [0.004255188724902623], Loss: 3.053363, Acc:0.727785, Semantic loss: 0.966687, BCE loss: 1.374566, SB loss: 0.712110
2025-03-26 15:19:26,642 Epoch: [12/20] Iter:[60/192], Time: 0.55, lr: [0.004229408364023519], Loss: 3.066302, Acc:0.730801, Semantic loss: 0.965097, BCE loss: 1.384466, SB loss: 0.716739
2025-03-26 15:19:30,512 Epoch: [12/20] Iter:[70/192], Time: 0.52, lr: [0.004203610530716726], Loss: 3.071000, Acc:0.725061, Semantic loss: 0.979834, BCE loss: 1.370397, SB loss: 0.720769
2025-03-26 15:19:34,409 Epoch: [12/20] Iter:[80/192], Time: 0.51, lr: [0.004177795093832693], Loss: 3.076449, Acc:0.723022, Semantic loss: 0.986685, BCE loss: 1.369302, SB loss: 0.720462
2025-03-26 15:19:38,288 Epoch: [12/20] Iter:[90/192], Time: 0.49, lr: [0.004151961920329593], Loss: 3.050222, Acc:0.723864, Semantic loss: 0.980703, BCE loss: 1.352267, SB loss: 0.717252
2025-03-26 15:19:42,190 Epoch: [12/20] Iter:[100/192], Time: 0.48, lr: [0.004126110875232744], Loss: 3.061299, Acc:0.725414, Semantic loss: 0.982373, BCE loss: 1.357878, SB loss: 0.721047
2025-03-26 15:19:46,072 Epoch: [12/20] Iter:[110/192], Time: 0.47, lr: [0.004100241821592866], Loss: 3.052408, Acc:0.722487, Semantic loss: 0.981205, BCE loss: 1.347234, SB loss: 0.723970
2025-03-26 15:19:49,969 Epoch: [12/20] Iter:[120/192], Time: 0.47, lr: [0.00407435462044314], Loss: 3.047931, Acc:0.722866, Semantic loss: 0.977447, BCE loss: 1.347677, SB loss: 0.722806
2025-03-26 15:19:53,851 Epoch: [12/20] Iter:[130/192], Time: 0.46, lr: [0.004048449130755016], Loss: 3.043785, Acc:0.722165, Semantic loss: 0.974001, BCE loss: 1.348256, SB loss: 0.721527
2025-03-26 15:19:57,736 Epoch: [12/20] Iter:[140/192], Time: 0.46, lr: [0.004022525209392749], Loss: 3.046260, Acc:0.722705, Semantic loss: 0.972603, BCE loss: 1.352052, SB loss: 0.721605
2025-03-26 15:20:01,614 Epoch: [12/20] Iter:[150/192], Time: 0.45, lr: [0.003996582711066572], Loss: 3.039459, Acc:0.722430, Semantic loss: 0.968599, BCE loss: 1.350705, SB loss: 0.720155
2025-03-26 15:20:05,491 Epoch: [12/20] Iter:[160/192], Time: 0.45, lr: [0.003970621488284514], Loss: 3.029959, Acc:0.721807, Semantic loss: 0.966564, BCE loss: 1.342341, SB loss: 0.721053
2025-03-26 15:20:09,372 Epoch: [12/20] Iter:[170/192], Time: 0.44, lr: [0.003944641391302759], Loss: 3.034561, Acc:0.719635, Semantic loss: 0.975615, BCE loss: 1.337109, SB loss: 0.721837
2025-03-26 15:20:13,241 Epoch: [12/20] Iter:[180/192], Time: 0.44, lr: [0.003918642268074522], Loss: 3.027211, Acc:0.718115, Semantic loss: 0.978824, BCE loss: 1.325733, SB loss: 0.722653
2025-03-26 15:20:17,101 Epoch: [12/20] Iter:[190/192], Time: 0.44, lr: [0.003892623964197378], Loss: 3.028579, Acc:0.717024, Semantic loss: 0.979807, BCE loss: 1.324882, SB loss: 0.723890
2025-03-26 15:21:50,789 0 [0.         0.61197376 0.46907093 0.28191477 0.19192045 0.13818725
 0.1261063 ] 0.25988192060661863
2025-03-26 15:21:50,789 1 [0.         0.63966071 0.49288557 0.33011057 0.22098663 0.10784709
 0.10151963] 0.27043002797461285
2025-03-26 15:21:50,795 => saving checkpoint to output\loveda\pidnet_small_loveda\no_augcheckpoint.pth.tar
2025-03-26 15:21:50,881 Loss: 3.725, MeanIU:  0.2704, Best_mIoU:  0.2965
2025-03-26 15:21:50,881 [0.         0.63966071 0.49288557 0.33011057 0.22098663 0.10784709
 0.10151963]
2025-03-26 15:22:01,084 Epoch: [13/20] Iter:[0/192], Time: 10.01, lr: [0.0038874179879876346], Loss: 3.179196, Acc:0.765725, Semantic loss: 0.880776, BCE loss: 1.678778, SB loss: 0.619642
2025-03-26 15:22:04,958 Epoch: [13/20] Iter:[10/192], Time: 1.26, lr: [0.003861376460123532], Loss: 3.073012, Acc:0.720528, Semantic loss: 0.932218, BCE loss: 1.429595, SB loss: 0.711199
2025-03-26 15:22:08,849 Epoch: [13/20] Iter:[20/192], Time: 0.85, lr: [0.003835315403363414], Loss: 3.034517, Acc:0.732283, Semantic loss: 0.948343, BCE loss: 1.370421, SB loss: 0.715752
2025-03-26 15:22:12,735 Epoch: [13/20] Iter:[30/192], Time: 0.70, lr: [0.00380923465539378], Loss: 2.990803, Acc:0.731995, Semantic loss: 0.942006, BCE loss: 1.345261, SB loss: 0.703535
2025-03-26 15:22:16,614 Epoch: [13/20] Iter:[40/192], Time: 0.62, lr: [0.0037831340513060203], Loss: 3.000619, Acc:0.733407, Semantic loss: 0.944011, BCE loss: 1.356209, SB loss: 0.700398
2025-03-26 15:22:20,503 Epoch: [13/20] Iter:[50/192], Time: 0.58, lr: [0.003757013423534689], Loss: 3.023219, Acc:0.736451, Semantic loss: 0.952149, BCE loss: 1.368014, SB loss: 0.703056
2025-03-26 15:22:24,361 Epoch: [13/20] Iter:[60/192], Time: 0.55, lr: [0.003730872601793835], Loss: 3.021440, Acc:0.730918, Semantic loss: 0.950232, BCE loss: 1.365838, SB loss: 0.705370
2025-03-26 15:22:28,225 Epoch: [13/20] Iter:[70/192], Time: 0.52, lr: [0.0037047114130112895], Loss: 3.007922, Acc:0.728816, Semantic loss: 0.951605, BCE loss: 1.350267, SB loss: 0.706050
2025-03-26 15:22:32,107 Epoch: [13/20] Iter:[80/192], Time: 0.51, lr: [0.0036785296812608405], Loss: 3.004412, Acc:0.728470, Semantic loss: 0.963752, BCE loss: 1.323604, SB loss: 0.717056
2025-03-26 15:22:35,989 Epoch: [13/20] Iter:[90/192], Time: 0.49, lr: [0.003652327227692201], Loss: 3.021323, Acc:0.726164, Semantic loss: 0.969900, BCE loss: 1.333655, SB loss: 0.717768
2025-03-26 15:22:39,855 Epoch: [13/20] Iter:[100/192], Time: 0.48, lr: [0.0036261038704587037], Loss: 3.030537, Acc:0.723558, Semantic loss: 0.967218, BCE loss: 1.344911, SB loss: 0.718409
2025-03-26 15:22:43,743 Epoch: [13/20] Iter:[110/192], Time: 0.47, lr: [0.003599859424642584], Loss: 3.032227, Acc:0.724916, Semantic loss: 0.964920, BCE loss: 1.347890, SB loss: 0.719417
2025-03-26 15:22:47,630 Epoch: [13/20] Iter:[120/192], Time: 0.47, lr: [0.0035735937021778063], Loss: 3.028084, Acc:0.724306, Semantic loss: 0.965212, BCE loss: 1.342299, SB loss: 0.720573
2025-03-26 15:22:51,526 Epoch: [13/20] Iter:[130/192], Time: 0.46, lr: [0.0035473065117702885], Loss: 3.020666, Acc:0.724488, Semantic loss: 0.964062, BCE loss: 1.335984, SB loss: 0.720620
2025-03-26 15:22:55,423 Epoch: [13/20] Iter:[140/192], Time: 0.46, lr: [0.003520997658815433], Loss: 3.012770, Acc:0.723255, Semantic loss: 0.964523, BCE loss: 1.330211, SB loss: 0.718037
2025-03-26 15:22:59,298 Epoch: [13/20] Iter:[150/192], Time: 0.45, lr: [0.003494666945312851], Loss: 3.004610, Acc:0.723235, Semantic loss: 0.962830, BCE loss: 1.323302, SB loss: 0.718478
2025-03-26 15:23:03,181 Epoch: [13/20] Iter:[160/192], Time: 0.45, lr: [0.00346831416977816], Loss: 2.992422, Acc:0.723848, Semantic loss: 0.960349, BCE loss: 1.315333, SB loss: 0.716740
2025-03-26 15:23:07,072 Epoch: [13/20] Iter:[170/192], Time: 0.44, lr: [0.003441939127151716], Loss: 2.993845, Acc:0.724949, Semantic loss: 0.960215, BCE loss: 1.317128, SB loss: 0.716502
2025-03-26 15:23:10,960 Epoch: [13/20] Iter:[180/192], Time: 0.44, lr: [0.0034155416087041646], Loss: 2.988213, Acc:0.726218, Semantic loss: 0.957614, BCE loss: 1.315415, SB loss: 0.715184
2025-03-26 15:23:14,820 Epoch: [13/20] Iter:[190/192], Time: 0.44, lr: [0.0033891214019386652], Loss: 2.985136, Acc:0.725998, Semantic loss: 0.956434, BCE loss: 1.314257, SB loss: 0.714445
2025-03-26 15:24:47,712 0 [0.         0.64331025 0.41047657 0.22495978 0.19974108 0.13388605
 0.08783482] 0.24288693603825023
2025-03-26 15:24:47,713 1 [0.         0.66614776 0.44422511 0.31736238 0.26236698 0.13072391
 0.04580553] 0.2666616668145182
2025-03-26 15:24:47,718 => saving checkpoint to output\loveda\pidnet_small_loveda\no_augcheckpoint.pth.tar
2025-03-26 15:24:47,802 Loss: 4.128, MeanIU:  0.2667, Best_mIoU:  0.2965
2025-03-26 15:24:47,803 [0.         0.66614776 0.44422511 0.31736238 0.26236698 0.13072391
 0.04580553]
2025-03-26 15:24:58,025 Epoch: [14/20] Iter:[0/192], Time: 10.03, lr: [0.0033838346190164987], Loss: 3.074896, Acc:0.723397, Semantic loss: 0.896537, BCE loss: 1.497352, SB loss: 0.681006
2025-03-26 15:25:01,903 Epoch: [14/20] Iter:[10/192], Time: 1.26, lr: [0.0033573869003190927], Loss: 3.042015, Acc:0.739221, Semantic loss: 0.920725, BCE loss: 1.418427, SB loss: 0.702863
2025-03-26 15:25:05,792 Epoch: [14/20] Iter:[20/192], Time: 0.85, lr: [0.0033309160120447595], Loss: 2.986747, Acc:0.742723, Semantic loss: 0.925480, BCE loss: 1.356740, SB loss: 0.704526
2025-03-26 15:25:09,659 Epoch: [14/20] Iter:[30/192], Time: 0.70, lr: [0.0033044217289421207], Loss: 2.944858, Acc:0.739528, Semantic loss: 0.934373, BCE loss: 1.310544, SB loss: 0.699941
2025-03-26 15:25:13,534 Epoch: [14/20] Iter:[40/192], Time: 0.62, lr: [0.0032779038215418194], Loss: 2.975646, Acc:0.738134, Semantic loss: 0.947612, BCE loss: 1.323825, SB loss: 0.704209
2025-03-26 15:25:17,399 Epoch: [14/20] Iter:[50/192], Time: 0.58, lr: [0.0032513620560388795], Loss: 2.979063, Acc:0.731564, Semantic loss: 0.940991, BCE loss: 1.334318, SB loss: 0.703755
2025-03-26 15:25:21,278 Epoch: [14/20] Iter:[60/192], Time: 0.55, lr: [0.003224796194170671], Loss: 2.978588, Acc:0.731616, Semantic loss: 0.938354, BCE loss: 1.337504, SB loss: 0.702730
2025-03-26 15:25:25,158 Epoch: [14/20] Iter:[70/192], Time: 0.52, lr: [0.003198205993090303], Loss: 2.965131, Acc:0.728039, Semantic loss: 0.944544, BCE loss: 1.319254, SB loss: 0.701333
2025-03-26 15:25:29,047 Epoch: [14/20] Iter:[80/192], Time: 0.51, lr: [0.0031715912052352204], Loss: 2.960309, Acc:0.731159, Semantic loss: 0.937395, BCE loss: 1.326012, SB loss: 0.696902
2025-03-26 15:25:32,956 Epoch: [14/20] Iter:[90/192], Time: 0.49, lr: [0.0031449515781907557], Loss: 2.955689, Acc:0.733696, Semantic loss: 0.938176, BCE loss: 1.320397, SB loss: 0.697117
2025-03-26 15:25:36,862 Epoch: [14/20] Iter:[100/192], Time: 0.48, lr: [0.003118286854548424], Loss: 2.957020, Acc:0.732228, Semantic loss: 0.943902, BCE loss: 1.316523, SB loss: 0.696595
2025-03-26 15:25:40,736 Epoch: [14/20] Iter:[110/192], Time: 0.48, lr: [0.003091596771758693], Loss: 2.966858, Acc:0.732664, Semantic loss: 0.942984, BCE loss: 1.326321, SB loss: 0.697553
2025-03-26 15:25:44,621 Epoch: [14/20] Iter:[120/192], Time: 0.47, lr: [0.0030648810619779434], Loss: 2.977977, Acc:0.733356, Semantic loss: 0.944038, BCE loss: 1.333332, SB loss: 0.700607
2025-03-26 15:25:48,494 Epoch: [14/20] Iter:[130/192], Time: 0.46, lr: [0.0030381394519093602], Loss: 2.966913, Acc:0.731847, Semantic loss: 0.942654, BCE loss: 1.323624, SB loss: 0.700635
2025-03-26 15:25:52,374 Epoch: [14/20] Iter:[140/192], Time: 0.46, lr: [0.003011371662637431], Loss: 2.955686, Acc:0.734306, Semantic loss: 0.940303, BCE loss: 1.314565, SB loss: 0.700818
2025-03-26 15:25:56,250 Epoch: [14/20] Iter:[150/192], Time: 0.45, lr: [0.0029845774094557345], Loss: 2.962359, Acc:0.733891, Semantic loss: 0.943101, BCE loss: 1.317694, SB loss: 0.701564
2025-03-26 15:26:00,145 Epoch: [14/20] Iter:[160/192], Time: 0.45, lr: [0.002957756401687678], Loss: 2.960753, Acc:0.732933, Semantic loss: 0.947159, BCE loss: 1.312075, SB loss: 0.701519
2025-03-26 15:26:04,030 Epoch: [14/20] Iter:[170/192], Time: 0.44, lr: [0.002930908342499829], Loss: 2.963307, Acc:0.733441, Semantic loss: 0.946260, BCE loss: 1.314525, SB loss: 0.702523
2025-03-26 15:26:07,900 Epoch: [14/20] Iter:[180/192], Time: 0.44, lr: [0.002904032928707437], Loss: 2.958874, Acc:0.732966, Semantic loss: 0.945051, BCE loss: 1.310130, SB loss: 0.703693
2025-03-26 15:26:11,748 Epoch: [14/20] Iter:[190/192], Time: 0.44, lr: [0.0028771298505717554], Loss: 2.966444, Acc:0.731123, Semantic loss: 0.951202, BCE loss: 1.306422, SB loss: 0.708820
2025-03-26 15:27:47,487 0 [0.         0.60260999 0.42297619 0.22941461 0.20591947 0.11193554
 0.14503126] 0.24541243848412475
2025-03-26 15:27:47,488 1 [0.         0.65173129 0.5110657  0.31875349 0.22173688 0.05857152
 0.06037608] 0.2603192787359899
2025-03-26 15:27:47,493 => saving checkpoint to output\loveda\pidnet_small_loveda\no_augcheckpoint.pth.tar
2025-03-26 15:27:47,572 Loss: 3.978, MeanIU:  0.2603, Best_mIoU:  0.2965
2025-03-26 15:27:47,573 [0.         0.65173129 0.5110657  0.31875349 0.22173688 0.05857152
 0.06037608]
2025-03-26 15:27:57,722 Epoch: [15/20] Iter:[0/192], Time: 9.96, lr: [0.0028717458874925874], Loss: 2.998796, Acc:0.657410, Semantic loss: 0.935209, BCE loss: 1.357614, SB loss: 0.705974
2025-03-26 15:28:01,601 Epoch: [15/20] Iter:[10/192], Time: 1.26, lr: [0.0028448091937488323], Loss: 2.827259, Acc:0.739216, Semantic loss: 0.940477, BCE loss: 1.193106, SB loss: 0.693677
2025-03-26 15:28:05,473 Epoch: [15/20] Iter:[20/192], Time: 0.84, lr: [0.002817844130111582], Loss: 2.909525, Acc:0.741078, Semantic loss: 0.950836, BCE loss: 1.249138, SB loss: 0.709551
2025-03-26 15:28:09,358 Epoch: [15/20] Iter:[30/192], Time: 0.70, lr: [0.0027908503644035994], Loss: 2.976188, Acc:0.741719, Semantic loss: 0.955530, BCE loss: 1.307898, SB loss: 0.712760
2025-03-26 15:28:13,239 Epoch: [15/20] Iter:[40/192], Time: 0.62, lr: [0.0027638275569424097], Loss: 2.948858, Acc:0.740184, Semantic loss: 0.952376, BCE loss: 1.288745, SB loss: 0.707736
2025-03-26 15:28:17,111 Epoch: [15/20] Iter:[50/192], Time: 0.58, lr: [0.002736775360287257], Loss: 2.896811, Acc:0.740719, Semantic loss: 0.939805, BCE loss: 1.256847, SB loss: 0.700158
2025-03-26 15:28:20,997 Epoch: [15/20] Iter:[60/192], Time: 0.54, lr: [0.002709693418974644], Loss: 2.920248, Acc:0.741606, Semantic loss: 0.947284, BCE loss: 1.267920, SB loss: 0.705044
2025-03-26 15:28:24,870 Epoch: [15/20] Iter:[70/192], Time: 0.52, lr: [0.0026825813692418162], Loss: 2.896882, Acc:0.738185, Semantic loss: 0.943231, BCE loss: 1.254056, SB loss: 0.699595
2025-03-26 15:28:28,757 Epoch: [15/20] Iter:[80/192], Time: 0.51, lr: [0.0026554388387375], Loss: 2.911364, Acc:0.738664, Semantic loss: 0.946193, BCE loss: 1.259776, SB loss: 0.705395
2025-03-26 15:28:32,640 Epoch: [15/20] Iter:[90/192], Time: 0.49, lr: [0.002628265446219161], Loss: 2.907816, Acc:0.740483, Semantic loss: 0.942574, BCE loss: 1.263342, SB loss: 0.701900
2025-03-26 15:28:36,523 Epoch: [15/20] Iter:[100/192], Time: 0.48, lr: [0.002601060801235972], Loss: 2.907361, Acc:0.742033, Semantic loss: 0.940543, BCE loss: 1.265675, SB loss: 0.701143
2025-03-26 15:28:40,406 Epoch: [15/20] Iter:[110/192], Time: 0.47, lr: [0.002573824503796671], Loss: 2.916798, Acc:0.739833, Semantic loss: 0.940174, BCE loss: 1.277021, SB loss: 0.699603
2025-03-26 15:28:44,276 Epoch: [15/20] Iter:[120/192], Time: 0.47, lr: [0.00254655614402138], Loss: 2.928604, Acc:0.737547, Semantic loss: 0.941058, BCE loss: 1.287343, SB loss: 0.700204
2025-03-26 15:28:48,152 Epoch: [15/20] Iter:[130/192], Time: 0.46, lr: [0.0025192553017764118], Loss: 2.928102, Acc:0.737690, Semantic loss: 0.939937, BCE loss: 1.288355, SB loss: 0.699810
2025-03-26 15:28:52,024 Epoch: [15/20] Iter:[140/192], Time: 0.46, lr: [0.002491921546291034], Loss: 2.936731, Acc:0.736124, Semantic loss: 0.941634, BCE loss: 1.295952, SB loss: 0.699146
2025-03-26 15:28:55,912 Epoch: [15/20] Iter:[150/192], Time: 0.45, lr: [0.0024645544357550573], Loss: 2.940675, Acc:0.735487, Semantic loss: 0.943838, BCE loss: 1.297172, SB loss: 0.699665
2025-03-26 15:28:59,792 Epoch: [15/20] Iter:[160/192], Time: 0.45, lr: [0.002437153516896028], Loss: 2.934442, Acc:0.735676, Semantic loss: 0.944615, BCE loss: 1.290031, SB loss: 0.699796
2025-03-26 15:29:03,689 Epoch: [15/20] Iter:[170/192], Time: 0.44, lr: [0.0024097183245347467], Loss: 2.938395, Acc:0.737161, Semantic loss: 0.941664, BCE loss: 1.298385, SB loss: 0.698345
2025-03-26 15:29:07,597 Epoch: [15/20] Iter:[180/192], Time: 0.44, lr: [0.0023822483811177], Loss: 2.936966, Acc:0.738529, Semantic loss: 0.939079, BCE loss: 1.301589, SB loss: 0.696298
2025-03-26 15:29:11,457 Epoch: [15/20] Iter:[190/192], Time: 0.44, lr: [0.002354743196224891], Loss: 2.938333, Acc:0.738726, Semantic loss: 0.939149, BCE loss: 1.301425, SB loss: 0.697759
2025-03-26 15:30:44,511 0 [0.         0.62117481 0.37125695 0.22819034 0.20572656 0.15219571
 0.11007186] 0.2412308899123122
2025-03-26 15:30:44,512 1 [0.         0.6622681  0.4401459  0.30086741 0.26129118 0.06362185
 0.04136781] 0.252794604913883
2025-03-26 15:30:44,517 => saving checkpoint to output\loveda\pidnet_small_loveda\no_augcheckpoint.pth.tar
2025-03-26 15:30:44,597 Loss: 4.002, MeanIU:  0.2528, Best_mIoU:  0.2965
2025-03-26 15:30:44,597 [0.         0.6622681  0.4401459  0.30086741 0.26129118 0.06362185
 0.04136781]
2025-03-26 15:30:54,889 Epoch: [16/20] Iter:[0/192], Time: 10.10, lr: [0.0023492378861760376], Loss: 3.108438, Acc:0.777339, Semantic loss: 0.899909, BCE loss: 1.504394, SB loss: 0.704135
2025-03-26 15:30:58,793 Epoch: [16/20] Iter:[10/192], Time: 1.27, lr: [0.0023216897452738748], Loss: 2.956779, Acc:0.754023, Semantic loss: 0.936832, BCE loss: 1.305394, SB loss: 0.714552
2025-03-26 15:31:02,669 Epoch: [16/20] Iter:[20/192], Time: 0.85, lr: [0.0022941052360858027], Loss: 2.859278, Acc:0.751417, Semantic loss: 0.916010, BCE loss: 1.239910, SB loss: 0.703359
2025-03-26 15:31:06,557 Epoch: [16/20] Iter:[30/192], Time: 0.70, lr: [0.0022664838233947228], Loss: 2.888346, Acc:0.756032, Semantic loss: 0.919697, BCE loss: 1.266998, SB loss: 0.701651
2025-03-26 15:31:10,438 Epoch: [16/20] Iter:[40/192], Time: 0.63, lr: [0.0022388249567421017], Loss: 2.918112, Acc:0.753029, Semantic loss: 0.919142, BCE loss: 1.299437, SB loss: 0.699533
2025-03-26 15:31:14,332 Epoch: [16/20] Iter:[50/192], Time: 0.58, lr: [0.002211128069778427], Loss: 2.903415, Acc:0.753421, Semantic loss: 0.914469, BCE loss: 1.291134, SB loss: 0.697811
2025-03-26 15:31:18,203 Epoch: [16/20] Iter:[60/192], Time: 0.55, lr: [0.0021833925795765436], Loss: 2.928592, Acc:0.751764, Semantic loss: 0.918599, BCE loss: 1.312128, SB loss: 0.697865
2025-03-26 15:31:22,093 Epoch: [16/20] Iter:[70/192], Time: 0.53, lr: [0.0021556178859051967], Loss: 2.932858, Acc:0.749117, Semantic loss: 0.926049, BCE loss: 1.312846, SB loss: 0.693962
2025-03-26 15:31:25,968 Epoch: [16/20] Iter:[80/192], Time: 0.51, lr: [0.002127803370459852], Loss: 2.944588, Acc:0.746488, Semantic loss: 0.927337, BCE loss: 1.324096, SB loss: 0.693155
2025-03-26 15:31:29,826 Epoch: [16/20] Iter:[90/192], Time: 0.49, lr: [0.0020999483960476508], Loss: 2.916603, Acc:0.746418, Semantic loss: 0.920472, BCE loss: 1.307105, SB loss: 0.689026
2025-03-26 15:31:33,738 Epoch: [16/20] Iter:[100/192], Time: 0.48, lr: [0.0020720523057230294], Loss: 2.933674, Acc:0.748497, Semantic loss: 0.922171, BCE loss: 1.324109, SB loss: 0.687394
2025-03-26 15:31:37,624 Epoch: [16/20] Iter:[110/192], Time: 0.48, lr: [0.002044114421870228], Loss: 2.932342, Acc:0.748107, Semantic loss: 0.921125, BCE loss: 1.323764, SB loss: 0.687452
2025-03-26 15:31:41,508 Epoch: [16/20] Iter:[120/192], Time: 0.47, lr: [0.0020161340452285867], Loss: 2.927289, Acc:0.749580, Semantic loss: 0.920156, BCE loss: 1.320040, SB loss: 0.687093
2025-03-26 15:31:45,382 Epoch: [16/20] Iter:[130/192], Time: 0.46, lr: [0.001988110453856112], Loss: 2.914207, Acc:0.746865, Semantic loss: 0.919655, BCE loss: 1.307240, SB loss: 0.687312
2025-03-26 15:31:49,271 Epoch: [16/20] Iter:[140/192], Time: 0.46, lr: [0.0019600429020263607], Loss: 2.918394, Acc:0.745797, Semantic loss: 0.921263, BCE loss: 1.309668, SB loss: 0.687463
2025-03-26 15:31:53,137 Epoch: [16/20] Iter:[150/192], Time: 0.45, lr: [0.0019319306190532476], Loss: 2.917065, Acc:0.746238, Semantic loss: 0.919559, BCE loss: 1.312002, SB loss: 0.685503
2025-03-26 15:31:57,028 Epoch: [16/20] Iter:[160/192], Time: 0.45, lr: [0.0019037728080378042], Loss: 2.919385, Acc:0.744601, Semantic loss: 0.925572, BCE loss: 1.305887, SB loss: 0.687926
2025-03-26 15:32:00,908 Epoch: [16/20] Iter:[170/192], Time: 0.45, lr: [0.0018755686445303314], Loss: 2.906061, Acc:0.745870, Semantic loss: 0.922904, BCE loss: 1.296323, SB loss: 0.686834
2025-03-26 15:32:04,784 Epoch: [16/20] Iter:[180/192], Time: 0.44, lr: [0.001847317275100738], Loss: 2.910680, Acc:0.745496, Semantic loss: 0.924992, BCE loss: 1.298421, SB loss: 0.687267
2025-03-26 15:32:08,652 Epoch: [16/20] Iter:[190/192], Time: 0.44, lr: [0.0018190178158090872], Loss: 2.912498, Acc:0.745866, Semantic loss: 0.926942, BCE loss: 1.297951, SB loss: 0.687605
2025-03-26 15:33:42,371 0 [0.         0.60971538 0.36888666 0.23133411 0.20231529 0.20691277
 0.13149625] 0.2500943520984979
2025-03-26 15:33:42,371 1 [0.         0.65710652 0.42964909 0.30775829 0.25387805 0.09567332
 0.04519108] 0.2556080506298079
2025-03-26 15:33:42,376 => saving checkpoint to output\loveda\pidnet_small_loveda\no_augcheckpoint.pth.tar
2025-03-26 15:33:42,455 Loss: 3.949, MeanIU:  0.2556, Best_mIoU:  0.2965
2025-03-26 15:33:42,455 [0.         0.65710652 0.42964909 0.30775829 0.25387805 0.09567332
 0.04519108]
2025-03-26 15:33:52,591 Epoch: [17/20] Iter:[0/192], Time: 9.94, lr: [0.0018133520731367456], Loss: 3.006992, Acc:0.755461, Semantic loss: 0.875888, BCE loss: 1.462810, SB loss: 0.668294
2025-03-26 15:33:56,450 Epoch: [17/20] Iter:[10/192], Time: 1.25, lr: [0.001784993693823396], Loss: 2.897386, Acc:0.731987, Semantic loss: 0.873950, BCE loss: 1.340161, SB loss: 0.683275
2025-03-26 15:34:00,331 Epoch: [17/20] Iter:[20/192], Time: 0.84, lr: [0.0017565851643374117], Loss: 2.899737, Acc:0.743484, Semantic loss: 0.884108, BCE loss: 1.331004, SB loss: 0.684625
2025-03-26 15:34:04,200 Epoch: [17/20] Iter:[30/192], Time: 0.70, lr: [0.0017281254915000803], Loss: 2.916676, Acc:0.743910, Semantic loss: 0.904689, BCE loss: 1.317320, SB loss: 0.694666
2025-03-26 15:34:08,072 Epoch: [17/20] Iter:[40/192], Time: 0.62, lr: [0.0016996136438923032], Loss: 2.909569, Acc:0.739460, Semantic loss: 0.913960, BCE loss: 1.301463, SB loss: 0.694146
2025-03-26 15:34:11,942 Epoch: [17/20] Iter:[50/192], Time: 0.57, lr: [0.0016710485496403851], Loss: 2.909593, Acc:0.739750, Semantic loss: 0.923273, BCE loss: 1.294061, SB loss: 0.692259
2025-03-26 15:34:15,818 Epoch: [17/20] Iter:[60/192], Time: 0.54, lr: [0.0016424290940290059], Loss: 2.897113, Acc:0.746048, Semantic loss: 0.917561, BCE loss: 1.290667, SB loss: 0.688885
2025-03-26 15:34:19,692 Epoch: [17/20] Iter:[70/192], Time: 0.52, lr: [0.0016137541169242962], Loss: 2.863381, Acc:0.746488, Semantic loss: 0.913064, BCE loss: 1.263868, SB loss: 0.686450
2025-03-26 15:34:23,572 Epoch: [17/20] Iter:[80/192], Time: 0.51, lr: [0.0015850224099878446], Loss: 2.875754, Acc:0.749876, Semantic loss: 0.911184, BCE loss: 1.278365, SB loss: 0.686205
2025-03-26 15:34:27,456 Epoch: [17/20] Iter:[90/192], Time: 0.49, lr: [0.001556232713660091], Loss: 2.870319, Acc:0.749413, Semantic loss: 0.909176, BCE loss: 1.278748, SB loss: 0.682396
2025-03-26 15:34:31,337 Epoch: [17/20] Iter:[100/192], Time: 0.48, lr: [0.0015273837138888994], Loss: 2.876768, Acc:0.751183, Semantic loss: 0.908804, BCE loss: 1.286246, SB loss: 0.681718
2025-03-26 15:34:35,216 Epoch: [17/20] Iter:[110/192], Time: 0.47, lr: [0.0014984740385759552], Loss: 2.888721, Acc:0.749393, Semantic loss: 0.911514, BCE loss: 1.295131, SB loss: 0.682076
2025-03-26 15:34:39,086 Epoch: [17/20] Iter:[120/192], Time: 0.47, lr: [0.0014695022537100475], Loss: 2.896606, Acc:0.746607, Semantic loss: 0.916229, BCE loss: 1.294291, SB loss: 0.686086
2025-03-26 15:34:42,961 Epoch: [17/20] Iter:[130/192], Time: 0.46, lr: [0.0014404668591521846], Loss: 2.893277, Acc:0.746587, Semantic loss: 0.918532, BCE loss: 1.288202, SB loss: 0.686542
2025-03-26 15:34:46,859 Epoch: [17/20] Iter:[140/192], Time: 0.46, lr: [0.0014113662840326588], Loss: 2.892749, Acc:0.749084, Semantic loss: 0.918319, BCE loss: 1.286530, SB loss: 0.687900
2025-03-26 15:34:50,753 Epoch: [17/20] Iter:[150/192], Time: 0.45, lr: [0.0013821988817145786], Loss: 2.893208, Acc:0.750393, Semantic loss: 0.917205, BCE loss: 1.289119, SB loss: 0.686884
2025-03-26 15:34:54,647 Epoch: [17/20] Iter:[160/192], Time: 0.45, lr: [0.0013529629242719093], Loss: 2.892201, Acc:0.751914, Semantic loss: 0.916175, BCE loss: 1.289135, SB loss: 0.686891
2025-03-26 15:34:58,528 Epoch: [17/20] Iter:[170/192], Time: 0.44, lr: [0.0013236565964223801], Loss: 2.895687, Acc:0.751592, Semantic loss: 0.916946, BCE loss: 1.292501, SB loss: 0.686239
2025-03-26 15:35:02,413 Epoch: [17/20] Iter:[180/192], Time: 0.44, lr: [0.0012942779888466518], Loss: 2.895649, Acc:0.751402, Semantic loss: 0.917072, BCE loss: 1.293143, SB loss: 0.685433
2025-03-26 15:35:06,298 Epoch: [17/20] Iter:[190/192], Time: 0.44, lr: [0.0012648250908145803], Loss: 2.892643, Acc:0.750837, Semantic loss: 0.917012, BCE loss: 1.290586, SB loss: 0.685045
2025-03-26 15:36:39,766 0 [0.         0.62117792 0.42309904 0.24146403 0.19016935 0.16372866
 0.12966319] 0.2527574558898567
2025-03-26 15:36:39,767 1 [0.         0.66051354 0.4815538  0.32614044 0.22428588 0.10914318
 0.05157552] 0.26474462202177435
2025-03-26 15:36:39,772 => saving checkpoint to output\loveda\pidnet_small_loveda\no_augcheckpoint.pth.tar
2025-03-26 15:36:39,857 Loss: 4.011, MeanIU:  0.2647, Best_mIoU:  0.2965
2025-03-26 15:36:39,858 [0.         0.66051354 0.4815538  0.32614044 0.22428588 0.10914318
 0.05157552]
2025-03-26 15:36:50,136 Epoch: [18/20] Iter:[0/192], Time: 10.09, lr: [0.001258925411794167], Loss: 2.648151, Acc:0.692003, Semantic loss: 0.789336, BCE loss: 1.215494, SB loss: 0.643321
2025-03-26 15:36:54,001 Epoch: [18/20] Iter:[10/192], Time: 1.27, lr: [0.0012293805561511607], Loss: 2.937262, Acc:0.756257, Semantic loss: 0.925212, BCE loss: 1.324082, SB loss: 0.687969
2025-03-26 15:36:57,875 Epoch: [18/20] Iter:[20/192], Time: 0.85, lr: [0.0011997565879500753], Loss: 2.908897, Acc:0.759153, Semantic loss: 0.923026, BCE loss: 1.289519, SB loss: 0.696353
2025-03-26 15:37:01,765 Epoch: [18/20] Iter:[30/192], Time: 0.70, lr: [0.0011700511125444005], Loss: 2.897142, Acc:0.760928, Semantic loss: 0.928293, BCE loss: 1.277020, SB loss: 0.691829
2025-03-26 15:37:05,627 Epoch: [18/20] Iter:[40/192], Time: 0.62, lr: [0.0011402615929770753], Loss: 2.876154, Acc:0.757966, Semantic loss: 0.912116, BCE loss: 1.282688, SB loss: 0.681350
2025-03-26 15:37:09,487 Epoch: [18/20] Iter:[50/192], Time: 0.58, lr: [0.0011103853371305413], Loss: 2.850042, Acc:0.758983, Semantic loss: 0.904297, BCE loss: 1.268368, SB loss: 0.677377
2025-03-26 15:37:13,363 Epoch: [18/20] Iter:[60/192], Time: 0.55, lr: [0.001080419483295973], Loss: 2.828935, Acc:0.761546, Semantic loss: 0.900793, BCE loss: 1.254932, SB loss: 0.673210
2025-03-26 15:37:17,239 Epoch: [18/20] Iter:[70/192], Time: 0.52, lr: [0.0010503609839122385], Loss: 2.860148, Acc:0.760842, Semantic loss: 0.908370, BCE loss: 1.279340, SB loss: 0.672438
2025-03-26 15:37:21,089 Epoch: [18/20] Iter:[80/192], Time: 0.51, lr: [0.0010202065871765603], Loss: 2.872024, Acc:0.755688, Semantic loss: 0.915545, BCE loss: 1.283109, SB loss: 0.673371
2025-03-26 15:37:24,982 Epoch: [18/20] Iter:[90/192], Time: 0.49, lr: [0.000989952816168914], Loss: 2.873689, Acc:0.757598, Semantic loss: 0.912392, BCE loss: 1.287272, SB loss: 0.674024
2025-03-26 15:37:28,865 Epoch: [18/20] Iter:[100/192], Time: 0.48, lr: [0.0009595959450576828], Loss: 2.868931, Acc:0.757055, Semantic loss: 0.910378, BCE loss: 1.286198, SB loss: 0.672355
2025-03-26 15:37:32,734 Epoch: [18/20] Iter:[110/192], Time: 0.47, lr: [0.000929131971860904], Loss: 2.851020, Acc:0.756552, Semantic loss: 0.907156, BCE loss: 1.270741, SB loss: 0.673123
2025-03-26 15:37:36,626 Epoch: [18/20] Iter:[120/192], Time: 0.47, lr: [0.0008985565871200918], Loss: 2.851811, Acc:0.757040, Semantic loss: 0.905490, BCE loss: 1.274236, SB loss: 0.672085
2025-03-26 15:37:40,509 Epoch: [18/20] Iter:[130/192], Time: 0.46, lr: [0.0008678651376944955], Loss: 2.861388, Acc:0.758998, Semantic loss: 0.904400, BCE loss: 1.284172, SB loss: 0.672816
2025-03-26 15:37:44,388 Epoch: [18/20] Iter:[140/192], Time: 0.46, lr: [0.000837052584692747], Loss: 2.869994, Acc:0.758592, Semantic loss: 0.903894, BCE loss: 1.292839, SB loss: 0.673261
2025-03-26 15:37:48,264 Epoch: [18/20] Iter:[150/192], Time: 0.45, lr: [0.000806113454312208], Loss: 2.865361, Acc:0.758459, Semantic loss: 0.905157, BCE loss: 1.286563, SB loss: 0.673640
2025-03-26 15:37:52,134 Epoch: [18/20] Iter:[160/192], Time: 0.45, lr: [0.0007750417800344363], Loss: 2.857459, Acc:0.758567, Semantic loss: 0.902266, BCE loss: 1.282136, SB loss: 0.673058
2025-03-26 15:37:56,009 Epoch: [18/20] Iter:[170/192], Time: 0.44, lr: [0.0007438310342008949], Loss: 2.859169, Acc:0.757299, Semantic loss: 0.905177, BCE loss: 1.280771, SB loss: 0.673222
2025-03-26 15:37:59,897 Epoch: [18/20] Iter:[180/192], Time: 0.44, lr: [0.0007124740464272778], Loss: 2.860169, Acc:0.757681, Semantic loss: 0.905090, BCE loss: 1.281694, SB loss: 0.673385
2025-03-26 15:38:03,746 Epoch: [18/20] Iter:[190/192], Time: 0.44, lr: [0.0006809629055511224], Loss: 2.864331, Acc:0.757902, Semantic loss: 0.905749, BCE loss: 1.284127, SB loss: 0.674455
2025-03-26 15:39:36,668 0 [0.         0.60456633 0.39392734 0.22469817 0.19482694 0.13556161
 0.14727017] 0.24297864977997277
2025-03-26 15:39:36,669 1 [0.         0.6501562  0.46009912 0.28226681 0.21846659 0.08278355
 0.06630679] 0.2514398673120054
2025-03-26 15:39:36,675 => saving checkpoint to output\loveda\pidnet_small_loveda\no_augcheckpoint.pth.tar
2025-03-26 15:39:36,752 Loss: 4.351, MeanIU:  0.2514, Best_mIoU:  0.2965
2025-03-26 15:39:36,753 [0.         0.6501562  0.46009912 0.28226681 0.21846659 0.08278355
 0.06630679]
2025-03-26 15:39:46,858 Epoch: [19/20] Iter:[0/192], Time: 9.91, lr: [0.0006746414238367822], Loss: 3.034278, Acc:0.734617, Semantic loss: 0.943301, BCE loss: 1.342584, SB loss: 0.748393
2025-03-26 15:39:50,721 Epoch: [19/20] Iter:[10/192], Time: 1.25, lr: [0.0006429336362339898], Loss: 2.873483, Acc:0.740493, Semantic loss: 0.921959, BCE loss: 1.253795, SB loss: 0.697729
2025-03-26 15:39:54,586 Epoch: [19/20] Iter:[20/192], Time: 0.84, lr: [0.0006110510578510947], Loss: 2.822040, Acc:0.735946, Semantic loss: 0.918618, BCE loss: 1.211622, SB loss: 0.691801
2025-03-26 15:39:58,457 Epoch: [19/20] Iter:[30/192], Time: 0.69, lr: [0.0005789824653018995], Loss: 2.811975, Acc:0.750989, Semantic loss: 0.916072, BCE loss: 1.212617, SB loss: 0.683287
2025-03-26 15:40:02,329 Epoch: [19/20] Iter:[40/192], Time: 0.62, lr: [0.0005467151732202777], Loss: 2.866431, Acc:0.748991, Semantic loss: 0.926039, BCE loss: 1.256272, SB loss: 0.684120
2025-03-26 15:40:06,199 Epoch: [19/20] Iter:[50/192], Time: 0.57, lr: [0.0005142347343351296], Loss: 2.877273, Acc:0.752281, Semantic loss: 0.929502, BCE loss: 1.261874, SB loss: 0.685897
2025-03-26 15:40:10,082 Epoch: [19/20] Iter:[60/192], Time: 0.54, lr: [0.0004815245523312483], Loss: 2.853115, Acc:0.755467, Semantic loss: 0.920111, BCE loss: 1.252382, SB loss: 0.680622
2025-03-26 15:40:13,962 Epoch: [19/20] Iter:[70/192], Time: 0.52, lr: [0.000448565373510549], Loss: 2.842986, Acc:0.758583, Semantic loss: 0.914385, BCE loss: 1.249661, SB loss: 0.678940
2025-03-26 15:40:17,834 Epoch: [19/20] Iter:[80/192], Time: 0.50, lr: [0.00041533460609889997], Loss: 2.858510, Acc:0.758214, Semantic loss: 0.915048, BCE loss: 1.266409, SB loss: 0.677052
2025-03-26 15:40:21,701 Epoch: [19/20] Iter:[90/192], Time: 0.49, lr: [0.00038180538785330436], Loss: 2.855962, Acc:0.758126, Semantic loss: 0.915382, BCE loss: 1.261899, SB loss: 0.678681
2025-03-26 15:40:25,580 Epoch: [19/20] Iter:[100/192], Time: 0.48, lr: [0.00034794527452517863], Loss: 2.840142, Acc:0.758141, Semantic loss: 0.909194, BCE loss: 1.255603, SB loss: 0.675346
2025-03-26 15:40:29,461 Epoch: [19/20] Iter:[110/192], Time: 0.47, lr: [0.00031371433588231993], Loss: 2.831622, Acc:0.760683, Semantic loss: 0.906524, BCE loss: 1.251518, SB loss: 0.673580
2025-03-26 15:40:33,345 Epoch: [19/20] Iter:[120/192], Time: 0.47, lr: [0.0002790622842837163], Loss: 2.834300, Acc:0.762919, Semantic loss: 0.905025, BCE loss: 1.256668, SB loss: 0.672607
2025-03-26 15:40:37,217 Epoch: [19/20] Iter:[130/192], Time: 0.46, lr: [0.0002439239356353784], Loss: 2.833762, Acc:0.763163, Semantic loss: 0.903114, BCE loss: 1.259207, SB loss: 0.671441
2025-03-26 15:40:41,097 Epoch: [19/20] Iter:[140/192], Time: 0.45, lr: [0.00020821159321002047], Loss: 2.842250, Acc:0.762825, Semantic loss: 0.903287, BCE loss: 1.266974, SB loss: 0.671989
2025-03-26 15:40:44,972 Epoch: [19/20] Iter:[150/192], Time: 0.45, lr: [0.00017180122628828942], Loss: 2.852125, Acc:0.762857, Semantic loss: 0.901998, BCE loss: 1.278267, SB loss: 0.671859
2025-03-26 15:40:48,852 Epoch: [19/20] Iter:[160/192], Time: 0.45, lr: [0.00013450451987183818], Loss: 2.848600, Acc:0.763381, Semantic loss: 0.899793, BCE loss: 1.279096, SB loss: 0.669710
2025-03-26 15:40:52,713 Epoch: [19/20] Iter:[170/192], Time: 0.44, lr: [9.600244875192536e-05], Loss: 2.850763, Acc:0.763184, Semantic loss: 0.898350, BCE loss: 1.282991, SB loss: 0.669421
2025-03-26 15:40:56,595 Epoch: [19/20] Iter:[180/192], Time: 0.44, lr: [5.563716848048335e-05], Loss: 2.855594, Acc:0.763844, Semantic loss: 0.899468, BCE loss: 1.286643, SB loss: 0.669483
2025-03-26 15:41:00,445 Epoch: [19/20] Iter:[190/192], Time: 0.44, lr: [1.1092486125349496e-05], Loss: 2.844608, Acc:0.762989, Semantic loss: 0.897093, BCE loss: 1.279408, SB loss: 0.668107
2025-03-26 15:42:37,124 0 [0.         0.60432151 0.41846474 0.23793347 0.18704567 0.1658573
 0.15449438] 0.25258815235325294
2025-03-26 15:42:37,125 1 [0.         0.656543   0.46585265 0.31110549 0.23203987 0.10718455
 0.06218648] 0.26213029228438073
2025-03-26 15:42:37,130 => saving checkpoint to output\loveda\pidnet_small_loveda\no_augcheckpoint.pth.tar
2025-03-26 15:42:37,215 Loss: 4.248, MeanIU:  0.2621, Best_mIoU:  0.2965
2025-03-26 15:42:37,215 [0.         0.656543   0.46585265 0.31110549 0.23203987 0.10718455
 0.06218648]
2025-03-26 15:42:37,258 Hours: 0
2025-03-26 15:42:37,258 Done
