2025-03-27 16:47:36,036 Namespace(cfg='configs/loveda/pidnet_small_loveda.yaml', seed=304, opts=[])
2025-03-27 16:47:36,036 AUTO_RESUME: False
CUDNN:
  BENCHMARK: True
  DETERMINISTIC: False
  ENABLED: True
DATASET:
  DATASET: loveda
  EXTRA_TRAIN_SET: 
  NUM_CLASSES: 7
  ROOT: data/
  TARGET_SET: 
  TEST_SET: list/loveda/urban_rural/val.lst
  TRAIN_SET: list/loveda/urban_rural/train.lst
GPUS: (0,)
LOG_DIR: log
LOSS:
  BALANCE_WEIGHTS: [0.4, 1.0]
  CLASS_BALANCE: False
  OHEMKEEP: 131072
  OHEMTHRES: 0.9
  SB_WEIGHTS: 1.0
  USE_OHEM: True
MODEL:
  ALIGN_CORNERS: True
  NAME: pidnet_small
  NUM_OUTPUTS: 2
  PRETRAINED: pretrained_models/imagenet/PIDNet_S_ImageNet.pth.tar
OUTPUT_DIR: output
PIN_MEMORY: True
PRINT_FREQ: 10
TEST:
  BASE_SIZE: 2048
  BATCH_SIZE_PER_GPU: 6
  FLIP_TEST: False
  IMAGE_SIZE: [2048, 1024]
  MODEL_FILE: output/loveda/pidnet_small_loveda/final_state.pt
  MULTI_SCALE: False
  OUTPUT_INDEX: 1
TRAIN:
  AUGMENTATION:
    ENABLE: True
    PROBABILITY: 0.5
    TECHNIQUES:
      GAUSSIAN_BLUR: True
      HORIZONTAL_FLIP: False
      MULTIPLY: False
      RANDOM_BRIGHTNESS: True
  BASE_SIZE: 2048
  BATCH_SIZE_PER_GPU: 6
  BEGIN_EPOCH: 0
  DACS:
    ENABLE: False
    THRESHOLD: 0.968
  END_EPOCH: 20
  EXTRA_EPOCH: 0
  EXTRA_LR: 0.001
  FLIP: False
  IGNORE_LABEL: 0
  IMAGE_SIZE: [1024, 1024]
  LR: 0.01
  MOMENTUM: 0.9
  MULTI_SCALE: False
  NESTEROV: False
  OPTIMIZER: sgd
  RESUME: True
  SCALE_FACTOR: 16
  SHUFFLE: True
  WD: 0.0005
WORKERS: 4
2025-03-27 16:47:36,118 Attention!!!
2025-03-27 16:47:36,119 Loaded 302 parameters!
2025-03-27 16:47:36,119 Over!!!
2025-03-27 16:47:51,205 Epoch: [0/20] Iter:[0/192], Time: 15.00, lr: [0.01], Loss: 16.375809, Acc:0.145556, Semantic loss: 7.061599, BCE loss: 3.745188, SB loss: 5.569021
2025-03-27 16:47:55,526 Epoch: [0/20] Iter:[10/192], Time: 1.74, lr: [0.009976559445324192], Loss: 12.627057, Acc:0.273014, Semantic loss: 5.714145, BCE loss: 2.734267, SB loss: 4.178644
2025-03-27 16:47:59,757 Epoch: [0/20] Iter:[20/192], Time: 1.11, lr: [0.009953112769592761], Loss: 10.502875, Acc:0.325671, Semantic loss: 4.712378, BCE loss: 2.375182, SB loss: 3.415316
2025-03-27 16:48:04,015 Epoch: [0/20] Iter:[30/192], Time: 0.89, lr: [0.009929659955177281], Loss: 9.028913, Acc:0.358863, Semantic loss: 3.961045, BCE loss: 2.212792, SB loss: 2.855076
2025-03-27 16:48:08,255 Epoch: [0/20] Iter:[40/192], Time: 0.78, lr: [0.009906200984352154], Loss: 8.134451, Acc:0.371883, Semantic loss: 3.542075, BCE loss: 2.085015, SB loss: 2.507361
2025-03-27 16:48:12,518 Epoch: [0/20] Iter:[50/192], Time: 0.71, lr: [0.009882735839293803], Loss: 7.500511, Acc:0.400652, Semantic loss: 3.261061, BCE loss: 1.987701, SB loss: 2.251749
2025-03-27 16:48:16,672 Epoch: [0/20] Iter:[60/192], Time: 0.66, lr: [0.00985926450207989], Loss: 7.111122, Acc:0.408702, Semantic loss: 3.099942, BCE loss: 1.926861, SB loss: 2.084320
2025-03-27 16:48:20,849 Epoch: [0/20] Iter:[70/192], Time: 0.63, lr: [0.009835786954688485], Loss: 6.785863, Acc:0.410324, Semantic loss: 2.948483, BCE loss: 1.881747, SB loss: 1.955634
2025-03-27 16:48:25,180 Epoch: [0/20] Iter:[80/192], Time: 0.60, lr: [0.00981230317899726], Loss: 6.525449, Acc:0.414772, Semantic loss: 2.832591, BCE loss: 1.843526, SB loss: 1.849332
2025-03-27 16:48:29,848 Epoch: [0/20] Iter:[90/192], Time: 0.59, lr: [0.009788813156782662], Loss: 6.352802, Acc:0.418770, Semantic loss: 2.752382, BCE loss: 1.828687, SB loss: 1.771732
2025-03-27 16:48:34,295 Epoch: [0/20] Iter:[100/192], Time: 0.57, lr: [0.009765316869719067], Loss: 6.187227, Acc:0.419698, Semantic loss: 2.686980, BCE loss: 1.805451, SB loss: 1.694795
2025-03-27 16:48:38,773 Epoch: [0/20] Iter:[110/192], Time: 0.56, lr: [0.009741814299377942], Loss: 6.049626, Acc:0.419069, Semantic loss: 2.627656, BCE loss: 1.778293, SB loss: 1.643677
2025-03-27 16:48:43,225 Epoch: [0/20] Iter:[120/192], Time: 0.55, lr: [0.009718305427226986], Loss: 5.918374, Acc:0.424085, Semantic loss: 2.562620, BCE loss: 1.769757, SB loss: 1.585998
2025-03-27 16:48:47,632 Epoch: [0/20] Iter:[130/192], Time: 0.54, lr: [0.009694790234629266], Loss: 5.831810, Acc:0.430432, Semantic loss: 2.506513, BCE loss: 1.756237, SB loss: 1.569060
2025-03-27 16:48:52,095 Epoch: [0/20] Iter:[140/192], Time: 0.54, lr: [0.009671268702842338], Loss: 5.738457, Acc:0.431562, Semantic loss: 2.478528, BCE loss: 1.737379, SB loss: 1.522550
2025-03-27 16:48:56,707 Epoch: [0/20] Iter:[150/192], Time: 0.53, lr: [0.009647740813017376], Loss: 5.673467, Acc:0.431359, Semantic loss: 2.449525, BCE loss: 1.726014, SB loss: 1.497928
2025-03-27 16:49:01,115 Epoch: [0/20] Iter:[160/192], Time: 0.53, lr: [0.009624206546198262], Loss: 5.598089, Acc:0.436752, Semantic loss: 2.406603, BCE loss: 1.726080, SB loss: 1.465406
2025-03-27 16:49:05,619 Epoch: [0/20] Iter:[170/192], Time: 0.52, lr: [0.009600665883320689], Loss: 5.517077, Acc:0.440153, Semantic loss: 2.366994, BCE loss: 1.723131, SB loss: 1.426952
2025-03-27 16:49:10,007 Epoch: [0/20] Iter:[180/192], Time: 0.52, lr: [0.009577118805211254], Loss: 5.456409, Acc:0.443412, Semantic loss: 2.336197, BCE loss: 1.717494, SB loss: 1.402719
2025-03-27 16:49:14,496 Epoch: [0/20] Iter:[190/192], Time: 0.51, lr: [0.009553565292586523], Loss: 5.403010, Acc:0.446026, Semantic loss: 2.311401, BCE loss: 1.710761, SB loss: 1.380848
2025-03-27 16:51:16,427 0 [0.         0.54934384 0.1228524  0.00414282 0.         0.00152806
 0.01845379] 0.09947441435988327
2025-03-27 16:51:16,427 1 [0.         0.54217135 0.0681969  0.         0.         0.
 0.07324307] 0.09765875965158122
2025-03-27 16:51:16,433 => saving checkpoint to output\loveda\pidnet_small_loveda\aug_gb_rbcheckpoint.pth.tar
2025-03-27 16:51:16,635 Loss: 4.161, MeanIU:  0.0977, Best_mIoU:  0.0977
2025-03-27 16:51:16,636 [0.         0.54217135 0.0681969  0.         0.         0.
 0.07324307]
2025-03-27 16:51:27,942 Epoch: [1/20] Iter:[0/192], Time: 11.12, lr: [0.009548853816214998], Loss: 5.021046, Acc:0.387811, Semantic loss: 2.304196, BCE loss: 1.521003, SB loss: 1.195846
2025-03-27 16:51:32,193 Epoch: [1/20] Iter:[10/192], Time: 1.40, lr: [0.009525292556561479], Loss: 4.583222, Acc:0.462783, Semantic loss: 1.929984, BCE loss: 1.568489, SB loss: 1.084749
2025-03-27 16:51:36,586 Epoch: [1/20] Iter:[20/192], Time: 0.94, lr: [0.00950172481957719], Loss: 4.739352, Acc:0.463802, Semantic loss: 1.985364, BCE loss: 1.592436, SB loss: 1.161552
2025-03-27 16:51:41,082 Epoch: [1/20] Iter:[30/192], Time: 0.78, lr: [0.009478150585620286], Loss: 4.737112, Acc:0.463797, Semantic loss: 1.990681, BCE loss: 1.567214, SB loss: 1.179217
2025-03-27 16:51:45,548 Epoch: [1/20] Iter:[40/192], Time: 0.70, lr: [0.009454569834934885], Loss: 4.722413, Acc:0.457925, Semantic loss: 1.984548, BCE loss: 1.584252, SB loss: 1.153613
2025-03-27 16:51:50,046 Epoch: [1/20] Iter:[50/192], Time: 0.65, lr: [0.009430982547650114], Loss: 4.708723, Acc:0.461414, Semantic loss: 1.971972, BCE loss: 1.607430, SB loss: 1.129321
2025-03-27 16:51:54,492 Epoch: [1/20] Iter:[60/192], Time: 0.62, lr: [0.009407388703779091], Loss: 4.689380, Acc:0.463562, Semantic loss: 1.958832, BCE loss: 1.622070, SB loss: 1.108478
2025-03-27 16:51:58,881 Epoch: [1/20] Iter:[70/192], Time: 0.59, lr: [0.009383788283217955], Loss: 4.630166, Acc:0.468900, Semantic loss: 1.927996, BCE loss: 1.625053, SB loss: 1.077118
2025-03-27 16:52:03,343 Epoch: [1/20] Iter:[80/192], Time: 0.57, lr: [0.00936018126574482], Loss: 4.620300, Acc:0.463016, Semantic loss: 1.929202, BCE loss: 1.613734, SB loss: 1.077364
2025-03-27 16:52:07,747 Epoch: [1/20] Iter:[90/192], Time: 0.56, lr: [0.009336567631018769], Loss: 4.606584, Acc:0.466054, Semantic loss: 1.910884, BCE loss: 1.627017, SB loss: 1.068683
2025-03-27 16:52:12,224 Epoch: [1/20] Iter:[100/192], Time: 0.55, lr: [0.009312947358578814], Loss: 4.612308, Acc:0.466562, Semantic loss: 1.904042, BCE loss: 1.636903, SB loss: 1.071362
2025-03-27 16:52:16,611 Epoch: [1/20] Iter:[110/192], Time: 0.54, lr: [0.009289320427842841], Loss: 4.571037, Acc:0.467209, Semantic loss: 1.894266, BCE loss: 1.617608, SB loss: 1.059163
2025-03-27 16:52:21,020 Epoch: [1/20] Iter:[120/192], Time: 0.53, lr: [0.009265686818106552], Loss: 4.539446, Acc:0.468866, Semantic loss: 1.883082, BCE loss: 1.606694, SB loss: 1.049670
2025-03-27 16:52:25,406 Epoch: [1/20] Iter:[130/192], Time: 0.52, lr: [0.009242046508542393], Loss: 4.532303, Acc:0.471690, Semantic loss: 1.877573, BCE loss: 1.608013, SB loss: 1.046717
2025-03-27 16:52:29,819 Epoch: [1/20] Iter:[140/192], Time: 0.52, lr: [0.009218399478198466], Loss: 4.508969, Acc:0.471400, Semantic loss: 1.867268, BCE loss: 1.600333, SB loss: 1.041369
2025-03-27 16:52:34,164 Epoch: [1/20] Iter:[150/192], Time: 0.51, lr: [0.009194745705997428], Loss: 4.495232, Acc:0.469618, Semantic loss: 1.865363, BCE loss: 1.591908, SB loss: 1.037961
2025-03-27 16:52:38,700 Epoch: [1/20] Iter:[160/192], Time: 0.51, lr: [0.00917108517073538], Loss: 4.478845, Acc:0.470017, Semantic loss: 1.856209, BCE loss: 1.591201, SB loss: 1.031435
2025-03-27 16:52:43,049 Epoch: [1/20] Iter:[170/192], Time: 0.50, lr: [0.00914741785108075], Loss: 4.469784, Acc:0.470976, Semantic loss: 1.850389, BCE loss: 1.589416, SB loss: 1.029979
2025-03-27 16:52:47,483 Epoch: [1/20] Iter:[180/192], Time: 0.50, lr: [0.00912374372557314], Loss: 4.463021, Acc:0.470766, Semantic loss: 1.846583, BCE loss: 1.586504, SB loss: 1.029933
2025-03-27 16:52:51,832 Epoch: [1/20] Iter:[190/192], Time: 0.50, lr: [0.009100062772622186], Loss: 4.457532, Acc:0.470491, Semantic loss: 1.841718, BCE loss: 1.585565, SB loss: 1.030249
2025-03-27 16:54:37,788 0 [0.         0.53306337 0.13079337 0.00849667 0.08019194 0.25118157
 0.0346499 ] 0.14833954548717654
2025-03-27 16:54:37,789 1 [0.         0.58252148 0.09528797 0.01638273 0.01790826 0.14391344
 0.01580734] 0.12454588715558738
2025-03-27 16:54:37,796 => saving checkpoint to output\loveda\pidnet_small_loveda\aug_gb_rbcheckpoint.pth.tar
2025-03-27 16:54:38,015 Loss: 4.192, MeanIU:  0.1245, Best_mIoU:  0.1245
2025-03-27 16:54:38,015 [0.         0.58252148 0.09528797 0.01638273 0.01790826 0.14391344
 0.01580734]
2025-03-27 16:54:49,251 Epoch: [2/20] Iter:[0/192], Time: 11.05, lr: [0.009095325760829623], Loss: 3.832995, Acc:0.445377, Semantic loss: 1.855144, BCE loss: 1.121150, SB loss: 0.856701
2025-03-27 16:54:53,516 Epoch: [2/20] Iter:[10/192], Time: 1.39, lr: [0.009071636586262652], Loss: 4.292652, Acc:0.475412, Semantic loss: 1.790138, BCE loss: 1.595709, SB loss: 0.906805
2025-03-27 16:54:57,829 Epoch: [2/20] Iter:[20/192], Time: 0.93, lr: [0.009047940536290279], Loss: 4.306195, Acc:0.464021, Semantic loss: 1.792806, BCE loss: 1.575413, SB loss: 0.937976
2025-03-27 16:55:02,222 Epoch: [2/20] Iter:[30/192], Time: 0.77, lr: [0.009024237588898336], Loss: 4.280695, Acc:0.469089, Semantic loss: 1.788016, BCE loss: 1.523461, SB loss: 0.969218
2025-03-27 16:55:06,582 Epoch: [2/20] Iter:[40/192], Time: 0.69, lr: [0.009000527721937697], Loss: 4.298292, Acc:0.455354, Semantic loss: 1.793211, BCE loss: 1.517765, SB loss: 0.987317
2025-03-27 16:55:10,878 Epoch: [2/20] Iter:[50/192], Time: 0.64, lr: [0.008976810913123051], Loss: 4.308457, Acc:0.454152, Semantic loss: 1.781613, BCE loss: 1.531342, SB loss: 0.995502
2025-03-27 16:55:15,324 Epoch: [2/20] Iter:[60/192], Time: 0.61, lr: [0.008953087140031669], Loss: 4.318329, Acc:0.451106, Semantic loss: 1.799185, BCE loss: 1.514183, SB loss: 1.004961
2025-03-27 16:55:19,774 Epoch: [2/20] Iter:[70/192], Time: 0.59, lr: [0.008929356380102142], Loss: 4.292315, Acc:0.454834, Semantic loss: 1.781405, BCE loss: 1.520298, SB loss: 0.990612
2025-03-27 16:55:24,182 Epoch: [2/20] Iter:[80/192], Time: 0.57, lr: [0.008905618610633112], Loss: 4.295650, Acc:0.463192, Semantic loss: 1.771906, BCE loss: 1.538607, SB loss: 0.985137
2025-03-27 16:55:28,258 Epoch: [2/20] Iter:[90/192], Time: 0.55, lr: [0.008881873808781991], Loss: 4.294371, Acc:0.470323, Semantic loss: 1.761998, BCE loss: 1.543444, SB loss: 0.988928
2025-03-27 16:55:32,264 Epoch: [2/20] Iter:[100/192], Time: 0.54, lr: [0.008858121951563658], Loss: 4.299433, Acc:0.468564, Semantic loss: 1.769277, BCE loss: 1.533111, SB loss: 0.997044
2025-03-27 16:55:36,430 Epoch: [2/20] Iter:[110/192], Time: 0.52, lr: [0.008834363015849136], Loss: 4.281090, Acc:0.472491, Semantic loss: 1.759357, BCE loss: 1.531382, SB loss: 0.990350
2025-03-27 16:55:40,519 Epoch: [2/20] Iter:[120/192], Time: 0.51, lr: [0.008810596978364274], Loss: 4.297290, Acc:0.473687, Semantic loss: 1.763284, BCE loss: 1.541792, SB loss: 0.992214
2025-03-27 16:55:44,406 Epoch: [2/20] Iter:[130/192], Time: 0.51, lr: [0.008786823815688379], Loss: 4.291315, Acc:0.474821, Semantic loss: 1.761293, BCE loss: 1.540146, SB loss: 0.989876
2025-03-27 16:55:48,293 Epoch: [2/20] Iter:[140/192], Time: 0.50, lr: [0.008763043504252865], Loss: 4.284165, Acc:0.478828, Semantic loss: 1.753866, BCE loss: 1.547098, SB loss: 0.983201
2025-03-27 16:55:52,191 Epoch: [2/20] Iter:[150/192], Time: 0.49, lr: [0.008739256020339866], Loss: 4.285415, Acc:0.478256, Semantic loss: 1.752289, BCE loss: 1.541030, SB loss: 0.992096
2025-03-27 16:55:56,086 Epoch: [2/20] Iter:[160/192], Time: 0.48, lr: [0.00871546134008083], Loss: 4.287203, Acc:0.476704, Semantic loss: 1.750949, BCE loss: 1.543025, SB loss: 0.993229
2025-03-27 16:56:00,025 Epoch: [2/20] Iter:[170/192], Time: 0.48, lr: [0.008691659439455107], Loss: 4.294609, Acc:0.477066, Semantic loss: 1.750264, BCE loss: 1.549782, SB loss: 0.994562
2025-03-27 16:56:03,979 Epoch: [2/20] Iter:[180/192], Time: 0.47, lr: [0.008667850294288517], Loss: 4.298338, Acc:0.476718, Semantic loss: 1.749629, BCE loss: 1.554624, SB loss: 0.994085
2025-03-27 16:56:08,224 Epoch: [2/20] Iter:[190/192], Time: 0.47, lr: [0.008644033880251888], Loss: 4.298034, Acc:0.476701, Semantic loss: 1.749889, BCE loss: 1.554656, SB loss: 0.993488
2025-03-27 16:58:07,539 0 [0.00000000e+00 4.73285123e-01 1.34764345e-01 1.03226152e-02
 0.00000000e+00 1.51802552e-02 3.34358408e-06] 0.09050795445483761
2025-03-27 16:58:07,540 1 [0.00000000e+00 4.57621446e-01 1.11117733e-01 1.56927860e-02
 2.92830576e-02 0.00000000e+00 1.11795358e-04] 0.08768954543150705
2025-03-27 16:58:07,546 => saving checkpoint to output\loveda\pidnet_small_loveda\aug_gb_rbcheckpoint.pth.tar
2025-03-27 16:58:07,660 Loss: 4.413, MeanIU:  0.0877, Best_mIoU:  0.1245
2025-03-27 16:58:07,660 [0.00000000e+00 4.57621446e-01 1.11117733e-01 1.56927860e-02
 2.92830576e-02 0.00000000e+00 1.11795358e-04]
2025-03-27 16:58:18,753 Epoch: [3/20] Iter:[0/192], Time: 10.90, lr: [0.008639269723028191], Loss: 4.508171, Acc:0.422363, Semantic loss: 2.297176, BCE loss: 1.382789, SB loss: 0.828206
2025-03-27 16:58:22,996 Epoch: [3/20] Iter:[10/192], Time: 1.38, lr: [0.008615444554012613], Loss: 4.184119, Acc:0.488082, Semantic loss: 1.754192, BCE loss: 1.543526, SB loss: 0.886401
2025-03-27 16:58:27,400 Epoch: [3/20] Iter:[20/192], Time: 0.93, lr: [0.008591612062049989], Loss: 4.137471, Acc:0.503248, Semantic loss: 1.721870, BCE loss: 1.508122, SB loss: 0.907479
2025-03-27 16:58:31,739 Epoch: [3/20] Iter:[30/192], Time: 0.77, lr: [0.008567772222305215], Loss: 4.100895, Acc:0.504181, Semantic loss: 1.677226, BCE loss: 1.543941, SB loss: 0.879728
2025-03-27 16:58:36,111 Epoch: [3/20] Iter:[40/192], Time: 0.69, lr: [0.008543925009781886], Loss: 4.106135, Acc:0.500188, Semantic loss: 1.673926, BCE loss: 1.528407, SB loss: 0.903802
2025-03-27 16:58:40,573 Epoch: [3/20] Iter:[50/192], Time: 0.64, lr: [0.00852007039932076], Loss: 4.117981, Acc:0.492645, Semantic loss: 1.686193, BCE loss: 1.515328, SB loss: 0.916461
2025-03-27 16:58:45,006 Epoch: [3/20] Iter:[60/192], Time: 0.61, lr: [0.00849620836559818], Loss: 4.142447, Acc:0.481017, Semantic loss: 1.713959, BCE loss: 1.491436, SB loss: 0.937052
2025-03-27 16:58:49,401 Epoch: [3/20] Iter:[70/192], Time: 0.59, lr: [0.008472338883124477], Loss: 4.185236, Acc:0.483644, Semantic loss: 1.719608, BCE loss: 1.518398, SB loss: 0.947230
2025-03-27 16:58:53,798 Epoch: [3/20] Iter:[80/192], Time: 0.57, lr: [0.008448461926242374], Loss: 4.196749, Acc:0.481835, Semantic loss: 1.729887, BCE loss: 1.507456, SB loss: 0.959406
2025-03-27 16:58:58,182 Epoch: [3/20] Iter:[90/192], Time: 0.55, lr: [0.008424577469125337], Loss: 4.197503, Acc:0.485572, Semantic loss: 1.716593, BCE loss: 1.521263, SB loss: 0.959647
2025-03-27 16:59:02,589 Epoch: [3/20] Iter:[100/192], Time: 0.54, lr: [0.008400685485775935], Loss: 4.204646, Acc:0.487664, Semantic loss: 1.710888, BCE loss: 1.533803, SB loss: 0.959954
2025-03-27 16:59:06,971 Epoch: [3/20] Iter:[110/192], Time: 0.53, lr: [0.008376785950024154], Loss: 4.194992, Acc:0.487596, Semantic loss: 1.698872, BCE loss: 1.536996, SB loss: 0.959124
2025-03-27 16:59:11,495 Epoch: [3/20] Iter:[120/192], Time: 0.53, lr: [0.00835287883552571], Loss: 4.210375, Acc:0.487886, Semantic loss: 1.695117, BCE loss: 1.557157, SB loss: 0.958101
2025-03-27 16:59:15,823 Epoch: [3/20] Iter:[130/192], Time: 0.52, lr: [0.008328964115760324], Loss: 4.210471, Acc:0.486750, Semantic loss: 1.695513, BCE loss: 1.550032, SB loss: 0.964926
2025-03-27 16:59:20,315 Epoch: [3/20] Iter:[140/192], Time: 0.51, lr: [0.008305041764029988], Loss: 4.207187, Acc:0.485248, Semantic loss: 1.694372, BCE loss: 1.546755, SB loss: 0.966061
2025-03-27 16:59:24,720 Epoch: [3/20] Iter:[150/192], Time: 0.51, lr: [0.008281111753457188], Loss: 4.212842, Acc:0.485509, Semantic loss: 1.699450, BCE loss: 1.539552, SB loss: 0.973840
2025-03-27 16:59:29,108 Epoch: [3/20] Iter:[160/192], Time: 0.50, lr: [0.008257174056983133], Loss: 4.213731, Acc:0.486504, Semantic loss: 1.694467, BCE loss: 1.547611, SB loss: 0.971654
2025-03-27 16:59:33,497 Epoch: [3/20] Iter:[170/192], Time: 0.50, lr: [0.00823322864736593], Loss: 4.210297, Acc:0.487285, Semantic loss: 1.687853, BCE loss: 1.553496, SB loss: 0.968947
2025-03-27 16:59:37,901 Epoch: [3/20] Iter:[180/192], Time: 0.50, lr: [0.008209275497178764], Loss: 4.198744, Acc:0.488780, Semantic loss: 1.684857, BCE loss: 1.548567, SB loss: 0.965321
2025-03-27 16:59:42,230 Epoch: [3/20] Iter:[190/192], Time: 0.49, lr: [0.008185314578808021], Loss: 4.192996, Acc:0.489610, Semantic loss: 1.684228, BCE loss: 1.544623, SB loss: 0.964146
2025-03-27 17:01:44,026 0 [0.00000000e+00 5.19949150e-01 1.58769079e-01 1.43181817e-02
 4.99903125e-02 4.05573733e-06 9.73542801e-03] 0.10753802949823175
2025-03-27 17:01:44,027 1 [0.00000000e+00 4.85793662e-01 1.54389227e-01 2.18817251e-02
 0.00000000e+00 3.51423692e-05 6.11367392e-03] 0.09545906146900864
2025-03-27 17:01:44,035 => saving checkpoint to output\loveda\pidnet_small_loveda\aug_gb_rbcheckpoint.pth.tar
2025-03-27 17:01:44,166 Loss: 4.309, MeanIU:  0.0955, Best_mIoU:  0.1245
2025-03-27 17:01:44,166 [0.00000000e+00 4.85793662e-01 1.54389227e-01 2.18817251e-02
 0.00000000e+00 3.51423692e-05 6.11367392e-03]
2025-03-27 17:01:55,485 Epoch: [4/20] Iter:[0/192], Time: 11.14, lr: [0.008180521460508584], Loss: 4.095677, Acc:0.487114, Semantic loss: 1.636838, BCE loss: 1.685500, SB loss: 0.773339
2025-03-27 17:01:59,710 Epoch: [4/20] Iter:[10/192], Time: 1.40, lr: [0.008156551183601795], Loss: 4.186362, Acc:0.491701, Semantic loss: 1.665899, BCE loss: 1.546264, SB loss: 0.974198
2025-03-27 17:02:04,258 Epoch: [4/20] Iter:[20/192], Time: 0.95, lr: [0.008132573077094668], Loss: 4.169446, Acc:0.491884, Semantic loss: 1.676916, BCE loss: 1.492707, SB loss: 0.999823
2025-03-27 17:02:08,704 Epoch: [4/20] Iter:[30/192], Time: 0.79, lr: [0.008108587112763079], Loss: 4.200732, Acc:0.488006, Semantic loss: 1.695490, BCE loss: 1.505294, SB loss: 0.999948
2025-03-27 17:02:13,125 Epoch: [4/20] Iter:[40/192], Time: 0.70, lr: [0.008084593262188028], Loss: 4.216730, Acc:0.496968, Semantic loss: 1.687101, BCE loss: 1.532824, SB loss: 0.996805
2025-03-27 17:02:17,488 Epoch: [4/20] Iter:[50/192], Time: 0.65, lr: [0.008060591496753653], Loss: 4.176479, Acc:0.495863, Semantic loss: 1.682662, BCE loss: 1.517426, SB loss: 0.976391
2025-03-27 17:02:21,935 Epoch: [4/20] Iter:[60/192], Time: 0.62, lr: [0.008036581787645204], Loss: 4.190077, Acc:0.493660, Semantic loss: 1.681009, BCE loss: 1.544608, SB loss: 0.964460
2025-03-27 17:02:26,287 Epoch: [4/20] Iter:[70/192], Time: 0.59, lr: [0.008012564105846994], Loss: 4.175484, Acc:0.490352, Semantic loss: 1.679781, BCE loss: 1.518264, SB loss: 0.977440
2025-03-27 17:02:30,783 Epoch: [4/20] Iter:[80/192], Time: 0.57, lr: [0.007988538422140333], Loss: 4.178527, Acc:0.490793, Semantic loss: 1.682701, BCE loss: 1.511557, SB loss: 0.984270
2025-03-27 17:02:35,209 Epoch: [4/20] Iter:[90/192], Time: 0.56, lr: [0.007964504707101411], Loss: 4.162037, Acc:0.490390, Semantic loss: 1.684252, BCE loss: 1.505118, SB loss: 0.972666
2025-03-27 17:02:39,729 Epoch: [4/20] Iter:[100/192], Time: 0.55, lr: [0.007940462931099176], Loss: 4.138650, Acc:0.493871, Semantic loss: 1.675009, BCE loss: 1.497152, SB loss: 0.966488
2025-03-27 17:02:44,142 Epoch: [4/20] Iter:[110/192], Time: 0.54, lr: [0.007916413064293163], Loss: 4.122185, Acc:0.498979, Semantic loss: 1.662972, BCE loss: 1.501418, SB loss: 0.957795
2025-03-27 17:02:48,573 Epoch: [4/20] Iter:[120/192], Time: 0.53, lr: [0.007892355076631318], Loss: 4.120587, Acc:0.501260, Semantic loss: 1.655328, BCE loss: 1.514379, SB loss: 0.950880
2025-03-27 17:02:52,972 Epoch: [4/20] Iter:[130/192], Time: 0.52, lr: [0.007868288937847752], Loss: 4.130407, Acc:0.499049, Semantic loss: 1.659736, BCE loss: 1.520530, SB loss: 0.950140
2025-03-27 17:02:57,507 Epoch: [4/20] Iter:[140/192], Time: 0.52, lr: [0.007844214617460508], Loss: 4.135551, Acc:0.501213, Semantic loss: 1.654518, BCE loss: 1.533792, SB loss: 0.947241
2025-03-27 17:03:01,926 Epoch: [4/20] Iter:[150/192], Time: 0.51, lr: [0.007820132084769268], Loss: 4.139702, Acc:0.497447, Semantic loss: 1.659753, BCE loss: 1.532320, SB loss: 0.947629
2025-03-27 17:03:06,370 Epoch: [4/20] Iter:[160/192], Time: 0.51, lr: [0.00779604130885303], Loss: 4.139062, Acc:0.498786, Semantic loss: 1.655910, BCE loss: 1.535735, SB loss: 0.947417
2025-03-27 17:03:10,756 Epoch: [4/20] Iter:[170/192], Time: 0.51, lr: [0.007771942258567773], Loss: 4.137477, Acc:0.498438, Semantic loss: 1.652801, BCE loss: 1.539921, SB loss: 0.944756
2025-03-27 17:03:15,217 Epoch: [4/20] Iter:[180/192], Time: 0.50, lr: [0.007747834902544056], Loss: 4.137610, Acc:0.498087, Semantic loss: 1.654570, BCE loss: 1.536075, SB loss: 0.946965
2025-03-27 17:03:19,634 Epoch: [4/20] Iter:[190/192], Time: 0.50, lr: [0.0077237192091846206], Loss: 4.151905, Acc:0.496153, Semantic loss: 1.661994, BCE loss: 1.537663, SB loss: 0.952248
2025-03-27 17:05:20,908 0 [0.         0.5414247  0.16544095 0.01228631 0.0483273  0.05695672
 0.00819139] 0.11894676570426789
2025-03-27 17:05:20,909 1 [0.         0.56876512 0.16239957 0.0179001  0.04807484 0.28131522
 0.00590551] 0.15490862045476259
2025-03-27 17:05:20,918 => saving checkpoint to output\loveda\pidnet_small_loveda\aug_gb_rbcheckpoint.pth.tar
2025-03-27 17:05:21,134 Loss: 4.187, MeanIU:  0.1549, Best_mIoU:  0.1549
2025-03-27 17:05:21,135 [0.         0.56876512 0.16239957 0.0179001  0.04807484 0.28131522
 0.00590551]
2025-03-27 17:05:32,110 Epoch: [5/20] Iter:[0/192], Time: 10.78, lr: [0.007718895067235705], Loss: 3.742220, Acc:0.493107, Semantic loss: 1.461370, BCE loss: 1.335937, SB loss: 0.944914
2025-03-27 17:05:36,447 Epoch: [5/20] Iter:[10/192], Time: 1.38, lr: [0.007694769327040611], Loss: 4.201308, Acc:0.464225, Semantic loss: 1.684563, BCE loss: 1.557581, SB loss: 0.959163
2025-03-27 17:05:40,434 Epoch: [5/20] Iter:[20/192], Time: 0.91, lr: [0.00767063517918174], Loss: 4.116626, Acc:0.471871, Semantic loss: 1.702267, BCE loss: 1.471577, SB loss: 0.942782
2025-03-27 17:05:44,334 Epoch: [5/20] Iter:[30/192], Time: 0.74, lr: [0.007646492591316132], Loss: 4.021040, Acc:0.490286, Semantic loss: 1.644396, BCE loss: 1.455362, SB loss: 0.921283
2025-03-27 17:05:48,301 Epoch: [5/20] Iter:[40/192], Time: 0.66, lr: [0.007622341530862476], Loss: 4.051588, Acc:0.487072, Semantic loss: 1.659587, BCE loss: 1.461018, SB loss: 0.930983
2025-03-27 17:05:52,487 Epoch: [5/20] Iter:[50/192], Time: 0.61, lr: [0.0075981819649984985], Loss: 4.114209, Acc:0.485634, Semantic loss: 1.669269, BCE loss: 1.503146, SB loss: 0.941794
2025-03-27 17:05:56,735 Epoch: [5/20] Iter:[60/192], Time: 0.58, lr: [0.007574013860658317], Loss: 4.077036, Acc:0.487894, Semantic loss: 1.646423, BCE loss: 1.484819, SB loss: 0.945794
2025-03-27 17:06:00,965 Epoch: [5/20] Iter:[70/192], Time: 0.56, lr: [0.007549837184529776], Loss: 4.113157, Acc:0.486907, Semantic loss: 1.646825, BCE loss: 1.501710, SB loss: 0.964622
2025-03-27 17:06:05,225 Epoch: [5/20] Iter:[80/192], Time: 0.54, lr: [0.0075256519030517215], Loss: 4.121192, Acc:0.484647, Semantic loss: 1.654013, BCE loss: 1.502302, SB loss: 0.964877
2025-03-27 17:06:09,478 Epoch: [5/20] Iter:[90/192], Time: 0.53, lr: [0.007501457982411236], Loss: 4.103817, Acc:0.486608, Semantic loss: 1.650583, BCE loss: 1.491117, SB loss: 0.962116
2025-03-27 17:06:13,780 Epoch: [5/20] Iter:[100/192], Time: 0.52, lr: [0.0074772553885408604], Loss: 4.105206, Acc:0.489926, Semantic loss: 1.646478, BCE loss: 1.493332, SB loss: 0.965396
2025-03-27 17:06:18,113 Epoch: [5/20] Iter:[110/192], Time: 0.51, lr: [0.007453044087115737], Loss: 4.124844, Acc:0.486979, Semantic loss: 1.658500, BCE loss: 1.496775, SB loss: 0.969570
2025-03-27 17:06:22,368 Epoch: [5/20] Iter:[120/192], Time: 0.50, lr: [0.007428824043550734], Loss: 4.116259, Acc:0.486368, Semantic loss: 1.654186, BCE loss: 1.497058, SB loss: 0.965015
2025-03-27 17:06:26,817 Epoch: [5/20] Iter:[130/192], Time: 0.50, lr: [0.007404595222997526], Loss: 4.125872, Acc:0.485187, Semantic loss: 1.658116, BCE loss: 1.498372, SB loss: 0.969383
2025-03-27 17:06:31,252 Epoch: [5/20] Iter:[140/192], Time: 0.50, lr: [0.007380357590341623], Loss: 4.127305, Acc:0.487079, Semantic loss: 1.653701, BCE loss: 1.507854, SB loss: 0.965751
2025-03-27 17:06:35,710 Epoch: [5/20] Iter:[150/192], Time: 0.49, lr: [0.007356111110199354], Loss: 4.126006, Acc:0.487140, Semantic loss: 1.653093, BCE loss: 1.509804, SB loss: 0.963109
2025-03-27 17:06:40,135 Epoch: [5/20] Iter:[160/192], Time: 0.49, lr: [0.00733185574691482], Loss: 4.127810, Acc:0.488757, Semantic loss: 1.646295, BCE loss: 1.517516, SB loss: 0.964000
2025-03-27 17:06:44,679 Epoch: [5/20] Iter:[170/192], Time: 0.49, lr: [0.007307591464556783], Loss: 4.124328, Acc:0.490496, Semantic loss: 1.644690, BCE loss: 1.517873, SB loss: 0.961765
2025-03-27 17:06:49,147 Epoch: [5/20] Iter:[180/192], Time: 0.49, lr: [0.007283318226915514], Loss: 4.143929, Acc:0.489343, Semantic loss: 1.650574, BCE loss: 1.528517, SB loss: 0.964838
2025-03-27 17:06:53,624 Epoch: [5/20] Iter:[190/192], Time: 0.48, lr: [0.007259035997499604], Loss: 4.139991, Acc:0.490738, Semantic loss: 1.646781, BCE loss: 1.528907, SB loss: 0.964304
2025-03-27 17:08:54,528 0 [0.         0.54249283 0.1868813  0.00749285 0.1888862  0.04252047
 0.02310222] 0.14162512435288382
2025-03-27 17:08:54,528 1 [0.         0.56982326 0.17212178 0.02748772 0.1724321  0.0335023
 0.02780893] 0.14331086782843272
2025-03-27 17:08:54,536 => saving checkpoint to output\loveda\pidnet_small_loveda\aug_gb_rbcheckpoint.pth.tar
2025-03-27 17:08:54,650 Loss: 3.820, MeanIU:  0.1433, Best_mIoU:  0.1549
2025-03-27 17:08:54,650 [0.         0.56982326 0.17212178 0.02748772 0.1724321  0.0335023
 0.02780893]
2025-03-27 17:09:05,715 Epoch: [6/20] Iter:[0/192], Time: 10.88, lr: [0.007254178469372199], Loss: 4.263334, Acc:0.545005, Semantic loss: 1.596909, BCE loss: 1.686098, SB loss: 0.980327
2025-03-27 17:09:09,905 Epoch: [6/20] Iter:[10/192], Time: 1.37, lr: [0.007229885401256642], Loss: 3.938374, Acc:0.518013, Semantic loss: 1.545445, BCE loss: 1.427329, SB loss: 0.965599
2025-03-27 17:09:14,310 Epoch: [6/20] Iter:[20/192], Time: 0.93, lr: [0.0072055832600777334], Loss: 4.030876, Acc:0.501061, Semantic loss: 1.596516, BCE loss: 1.442544, SB loss: 0.991815
2025-03-27 17:09:18,638 Epoch: [6/20] Iter:[30/192], Time: 0.77, lr: [0.007181272008420604], Loss: 4.020003, Acc:0.508421, Semantic loss: 1.605420, BCE loss: 1.448983, SB loss: 0.965600
2025-03-27 17:09:23,108 Epoch: [6/20] Iter:[40/192], Time: 0.69, lr: [0.007156951608574727], Loss: 4.026477, Acc:0.503490, Semantic loss: 1.609247, BCE loss: 1.459906, SB loss: 0.957324
2025-03-27 17:09:27,512 Epoch: [6/20] Iter:[50/192], Time: 0.64, lr: [0.007132622022530447], Loss: 4.033434, Acc:0.498685, Semantic loss: 1.624996, BCE loss: 1.438619, SB loss: 0.969819
2025-03-27 17:09:31,933 Epoch: [6/20] Iter:[60/192], Time: 0.61, lr: [0.007108283211975477], Loss: 4.080526, Acc:0.502138, Semantic loss: 1.627299, BCE loss: 1.491363, SB loss: 0.961863
2025-03-27 17:09:36,449 Epoch: [6/20] Iter:[70/192], Time: 0.59, lr: [0.007083935138291319], Loss: 4.059124, Acc:0.499748, Semantic loss: 1.623845, BCE loss: 1.482542, SB loss: 0.952737
2025-03-27 17:09:40,904 Epoch: [6/20] Iter:[80/192], Time: 0.57, lr: [0.007059577762549636], Loss: 4.048391, Acc:0.503825, Semantic loss: 1.612610, BCE loss: 1.493416, SB loss: 0.942365
2025-03-27 17:09:45,503 Epoch: [6/20] Iter:[90/192], Time: 0.56, lr: [0.007035211045508576], Loss: 4.048534, Acc:0.505414, Semantic loss: 1.608020, BCE loss: 1.503843, SB loss: 0.936670
2025-03-27 17:09:49,900 Epoch: [6/20] Iter:[100/192], Time: 0.55, lr: [0.0070108349476090265], Loss: 4.062130, Acc:0.506452, Semantic loss: 1.604731, BCE loss: 1.519539, SB loss: 0.937861
2025-03-27 17:09:54,468 Epoch: [6/20] Iter:[110/192], Time: 0.54, lr: [0.00698644942897081], Loss: 4.063671, Acc:0.501814, Semantic loss: 1.608151, BCE loss: 1.517309, SB loss: 0.938211
2025-03-27 17:09:58,843 Epoch: [6/20] Iter:[120/192], Time: 0.53, lr: [0.006962054449388827], Loss: 4.069590, Acc:0.501840, Semantic loss: 1.609496, BCE loss: 1.520921, SB loss: 0.939172
2025-03-27 17:10:03,354 Epoch: [6/20] Iter:[130/192], Time: 0.52, lr: [0.006937649968329135], Loss: 4.084229, Acc:0.499230, Semantic loss: 1.613685, BCE loss: 1.528272, SB loss: 0.942272
2025-03-27 17:10:07,755 Epoch: [6/20] Iter:[140/192], Time: 0.52, lr: [0.006913235944924954], Loss: 4.092562, Acc:0.501559, Semantic loss: 1.608660, BCE loss: 1.539200, SB loss: 0.944702
2025-03-27 17:10:12,326 Epoch: [6/20] Iter:[150/192], Time: 0.51, lr: [0.006888812337972621], Loss: 4.086368, Acc:0.501288, Semantic loss: 1.609563, BCE loss: 1.532386, SB loss: 0.944419
2025-03-27 17:10:16,785 Epoch: [6/20] Iter:[160/192], Time: 0.51, lr: [0.00686437910592748], Loss: 4.078981, Acc:0.500812, Semantic loss: 1.609385, BCE loss: 1.527541, SB loss: 0.942055
2025-03-27 17:10:21,347 Epoch: [6/20] Iter:[170/192], Time: 0.51, lr: [0.00683993620689969], Loss: 4.073954, Acc:0.501386, Semantic loss: 1.608046, BCE loss: 1.525947, SB loss: 0.939961
2025-03-27 17:10:25,753 Epoch: [6/20] Iter:[180/192], Time: 0.50, lr: [0.0068154835986499775], Loss: 4.068144, Acc:0.503622, Semantic loss: 1.601103, BCE loss: 1.525089, SB loss: 0.941952
2025-03-27 17:10:30,205 Epoch: [6/20] Iter:[190/192], Time: 0.50, lr: [0.006791021238585323], Loss: 4.064269, Acc:0.503776, Semantic loss: 1.600899, BCE loss: 1.519807, SB loss: 0.943563
2025-03-27 17:12:31,231 0 [0.         0.54145447 0.13303978 0.00729611 0.21610314 0.02249487
 0.02626557] 0.13523627824212608
2025-03-27 17:12:31,231 1 [0.         0.50744293 0.12910503 0.02349424 0.1615611  0.02633853
 0.01673748] 0.12352561533656443
2025-03-27 17:12:31,240 => saving checkpoint to output\loveda\pidnet_small_loveda\aug_gb_rbcheckpoint.pth.tar
2025-03-27 17:12:31,379 Loss: 4.182, MeanIU:  0.1235, Best_mIoU:  0.1549
2025-03-27 17:12:31,380 [0.         0.50744293 0.12910503 0.02349424 0.1615611  0.02633853
 0.01673748]
2025-03-27 17:12:42,449 Epoch: [7/20] Iter:[0/192], Time: 10.89, lr: [0.006786127592581251], Loss: 4.527812, Acc:0.519148, Semantic loss: 1.410165, BCE loss: 2.061854, SB loss: 1.055793
2025-03-27 17:12:46,630 Epoch: [7/20] Iter:[10/192], Time: 1.37, lr: [0.006761653473611295], Loss: 3.916788, Acc:0.510120, Semantic loss: 1.498030, BCE loss: 1.523629, SB loss: 0.895128
2025-03-27 17:12:51,123 Epoch: [7/20] Iter:[20/192], Time: 0.93, lr: [0.006737169507854796], Loss: 3.971328, Acc:0.518662, Semantic loss: 1.517627, BCE loss: 1.570382, SB loss: 0.883319
2025-03-27 17:12:55,447 Epoch: [7/20] Iter:[30/192], Time: 0.77, lr: [0.006712675651556858], Loss: 3.990923, Acc:0.520180, Semantic loss: 1.534180, BCE loss: 1.564486, SB loss: 0.892257
2025-03-27 17:12:59,859 Epoch: [7/20] Iter:[40/192], Time: 0.69, lr: [0.006688171860589905], Loss: 3.942044, Acc:0.514886, Semantic loss: 1.542275, BCE loss: 1.515864, SB loss: 0.883905
2025-03-27 17:13:04,241 Epoch: [7/20] Iter:[50/192], Time: 0.64, lr: [0.0066636580904489585], Loss: 3.970456, Acc:0.512366, Semantic loss: 1.551366, BCE loss: 1.519155, SB loss: 0.899935
2025-03-27 17:13:08,692 Epoch: [7/20] Iter:[60/192], Time: 0.61, lr: [0.006639134296246874], Loss: 3.975492, Acc:0.509332, Semantic loss: 1.554087, BCE loss: 1.522123, SB loss: 0.899283
2025-03-27 17:13:13,179 Epoch: [7/20] Iter:[70/192], Time: 0.59, lr: [0.0066146004327094585], Loss: 4.004038, Acc:0.501572, Semantic loss: 1.576140, BCE loss: 1.519536, SB loss: 0.908362
2025-03-27 17:13:17,634 Epoch: [7/20] Iter:[80/192], Time: 0.57, lr: [0.006590056454170537], Loss: 4.015844, Acc:0.502741, Semantic loss: 1.576419, BCE loss: 1.530482, SB loss: 0.908943
2025-03-27 17:13:22,020 Epoch: [7/20] Iter:[90/192], Time: 0.55, lr: [0.006565502314566912], Loss: 4.027079, Acc:0.501855, Semantic loss: 1.584688, BCE loss: 1.518651, SB loss: 0.923739
2025-03-27 17:13:26,475 Epoch: [7/20] Iter:[100/192], Time: 0.54, lr: [0.006540937967433255], Loss: 4.022234, Acc:0.501116, Semantic loss: 1.580156, BCE loss: 1.516223, SB loss: 0.925855
2025-03-27 17:13:30,834 Epoch: [7/20] Iter:[110/192], Time: 0.53, lr: [0.006516363365896894], Loss: 4.012882, Acc:0.503832, Semantic loss: 1.578552, BCE loss: 1.511534, SB loss: 0.922796
2025-03-27 17:13:35,245 Epoch: [7/20] Iter:[120/192], Time: 0.53, lr: [0.006491778462672531], Loss: 4.016231, Acc:0.504730, Semantic loss: 1.575861, BCE loss: 1.520661, SB loss: 0.919709
2025-03-27 17:13:39,667 Epoch: [7/20] Iter:[130/192], Time: 0.52, lr: [0.006467183210056843], Loss: 4.019113, Acc:0.505179, Semantic loss: 1.575795, BCE loss: 1.526647, SB loss: 0.916672
2025-03-27 17:13:43,811 Epoch: [7/20] Iter:[140/192], Time: 0.51, lr: [0.006442577559923017], Loss: 4.014902, Acc:0.507035, Semantic loss: 1.569446, BCE loss: 1.525439, SB loss: 0.920017
2025-03-27 17:13:47,692 Epoch: [7/20] Iter:[150/192], Time: 0.50, lr: [0.006417961463715172], Loss: 4.006858, Acc:0.507199, Semantic loss: 1.567723, BCE loss: 1.514614, SB loss: 0.924521
2025-03-27 17:13:51,600 Epoch: [7/20] Iter:[160/192], Time: 0.50, lr: [0.006393334872442681], Loss: 4.012153, Acc:0.506766, Semantic loss: 1.572936, BCE loss: 1.515028, SB loss: 0.924189
2025-03-27 17:13:55,645 Epoch: [7/20] Iter:[170/192], Time: 0.49, lr: [0.006368697736674411], Loss: 4.007109, Acc:0.509063, Semantic loss: 1.572173, BCE loss: 1.512254, SB loss: 0.922681
2025-03-27 17:13:59,834 Epoch: [7/20] Iter:[180/192], Time: 0.49, lr: [0.006344050006532848], Loss: 4.009654, Acc:0.509028, Semantic loss: 1.571228, BCE loss: 1.516154, SB loss: 0.922273
2025-03-27 17:14:03,990 Epoch: [7/20] Iter:[190/192], Time: 0.48, lr: [0.006319391631688114], Loss: 4.009879, Acc:0.511142, Semantic loss: 1.570297, BCE loss: 1.517011, SB loss: 0.922572
2025-03-27 17:16:04,702 0 [0.         0.54494262 0.19029881 0.03505819 0.0661464  0.01199472
 0.02708085] 0.12507451253308358
2025-03-27 17:16:04,702 1 [0.         0.50704123 0.16404546 0.04316751 0.06308563 0.08410403
 0.01355053] 0.12499919803413066
2025-03-27 17:16:04,708 => saving checkpoint to output\loveda\pidnet_small_loveda\aug_gb_rbcheckpoint.pth.tar
2025-03-27 17:16:04,845 Loss: 4.154, MeanIU:  0.1250, Best_mIoU:  0.1549
2025-03-27 17:16:04,846 [0.         0.50704123 0.16404546 0.04316751 0.06308563 0.08410403
 0.01355053]
2025-03-27 17:16:15,954 Epoch: [8/20] Iter:[0/192], Time: 10.93, lr: [0.006314458674893553], Loss: 3.976098, Acc:0.607374, Semantic loss: 1.375578, BCE loss: 1.772163, SB loss: 0.828357
2025-03-27 17:16:20,118 Epoch: [8/20] Iter:[10/192], Time: 1.37, lr: [0.006289787459323657], Loss: 3.952722, Acc:0.536109, Semantic loss: 1.520583, BCE loss: 1.528295, SB loss: 0.903843
2025-03-27 17:16:24,401 Epoch: [8/20] Iter:[20/192], Time: 0.92, lr: [0.006265105486702424], Loss: 3.999900, Acc:0.519421, Semantic loss: 1.569980, BCE loss: 1.506619, SB loss: 0.923301
2025-03-27 17:16:28,721 Epoch: [8/20] Iter:[30/192], Time: 0.76, lr: [0.006240412705211017], Loss: 4.004345, Acc:0.512909, Semantic loss: 1.575267, BCE loss: 1.488836, SB loss: 0.940242
2025-03-27 17:16:33,152 Epoch: [8/20] Iter:[40/192], Time: 0.69, lr: [0.006215709062551949], Loss: 3.993137, Acc:0.511431, Semantic loss: 1.571208, BCE loss: 1.503091, SB loss: 0.918837
2025-03-27 17:16:37,577 Epoch: [8/20] Iter:[50/192], Time: 0.64, lr: [0.006190994505942529], Loss: 3.956879, Acc:0.512009, Semantic loss: 1.568601, BCE loss: 1.469422, SB loss: 0.918856
2025-03-27 17:16:42,030 Epoch: [8/20] Iter:[60/192], Time: 0.61, lr: [0.006166268982108192], Loss: 3.935053, Acc:0.512131, Semantic loss: 1.566969, BCE loss: 1.453616, SB loss: 0.914468
2025-03-27 17:16:46,453 Epoch: [8/20] Iter:[70/192], Time: 0.58, lr: [0.006141532437275693], Loss: 3.940954, Acc:0.506455, Semantic loss: 1.576469, BCE loss: 1.447502, SB loss: 0.916984
2025-03-27 17:16:50,888 Epoch: [8/20] Iter:[80/192], Time: 0.57, lr: [0.006116784817166194], Loss: 3.941572, Acc:0.506270, Semantic loss: 1.570809, BCE loss: 1.450351, SB loss: 0.920412
2025-03-27 17:16:55,241 Epoch: [8/20] Iter:[90/192], Time: 0.55, lr: [0.006092026066988214], Loss: 3.962076, Acc:0.507970, Semantic loss: 1.573562, BCE loss: 1.472737, SB loss: 0.915778
2025-03-27 17:16:59,660 Epoch: [8/20] Iter:[100/192], Time: 0.54, lr: [0.006067256131430442], Loss: 3.965622, Acc:0.508263, Semantic loss: 1.567578, BCE loss: 1.483454, SB loss: 0.914590
2025-03-27 17:17:04,049 Epoch: [8/20] Iter:[110/192], Time: 0.53, lr: [0.00604247495465443], Loss: 3.969454, Acc:0.508602, Semantic loss: 1.563978, BCE loss: 1.490944, SB loss: 0.914533
2025-03-27 17:17:08,449 Epoch: [8/20] Iter:[120/192], Time: 0.52, lr: [0.006017682480287143], Loss: 3.970383, Acc:0.510478, Semantic loss: 1.562875, BCE loss: 1.489505, SB loss: 0.918003
2025-03-27 17:17:12,803 Epoch: [8/20] Iter:[130/192], Time: 0.52, lr: [0.00599287865141337], Loss: 3.975733, Acc:0.511102, Semantic loss: 1.567528, BCE loss: 1.490171, SB loss: 0.918035
2025-03-27 17:17:17,363 Epoch: [8/20] Iter:[140/192], Time: 0.51, lr: [0.005968063410567983], Loss: 3.983588, Acc:0.509389, Semantic loss: 1.571072, BCE loss: 1.491735, SB loss: 0.920781
2025-03-27 17:17:21,713 Epoch: [8/20] Iter:[150/192], Time: 0.51, lr: [0.00594323669972807], Loss: 3.986956, Acc:0.512285, Semantic loss: 1.566924, BCE loss: 1.500392, SB loss: 0.919640
2025-03-27 17:17:26,195 Epoch: [8/20] Iter:[160/192], Time: 0.50, lr: [0.005918398460304892], Loss: 3.990484, Acc:0.512754, Semantic loss: 1.567786, BCE loss: 1.502271, SB loss: 0.920427
2025-03-27 17:17:30,536 Epoch: [8/20] Iter:[170/192], Time: 0.50, lr: [0.0058935486331357125], Loss: 3.999254, Acc:0.512545, Semantic loss: 1.569909, BCE loss: 1.507890, SB loss: 0.921455
2025-03-27 17:17:35,068 Epoch: [8/20] Iter:[180/192], Time: 0.50, lr: [0.005868687158475447], Loss: 3.999775, Acc:0.512861, Semantic loss: 1.568515, BCE loss: 1.509919, SB loss: 0.921340
2025-03-27 17:17:39,387 Epoch: [8/20] Iter:[190/192], Time: 0.49, lr: [0.005843813975988169], Loss: 3.997005, Acc:0.513462, Semantic loss: 1.564815, BCE loss: 1.513707, SB loss: 0.918483
2025-03-27 17:19:32,630 0 [0.         0.56585497 0.22267291 0.01716542 0.09244777 0.00271391
 0.02063792] 0.13164184284160038
2025-03-27 17:19:32,630 1 [0.00000000e+00 5.03258493e-01 2.14740110e-01 8.42971890e-02
 1.04189887e-01 4.54595782e-04 2.76453648e-02] 0.1335122343024699
2025-03-27 17:19:32,641 => saving checkpoint to output\loveda\pidnet_small_loveda\aug_gb_rbcheckpoint.pth.tar
2025-03-27 17:19:32,785 Loss: 4.073, MeanIU:  0.1335, Best_mIoU:  0.1549
2025-03-27 17:19:32,785 [0.00000000e+00 5.03258493e-01 2.14740110e-01 8.42971890e-02
 1.04189887e-01 4.54595782e-04 2.76453648e-02]
2025-03-27 17:19:43,073 Epoch: [9/20] Iter:[0/192], Time: 10.09, lr: [0.0058388379291998025], Loss: 3.718886, Acc:0.582935, Semantic loss: 1.287950, BCE loss: 1.590816, SB loss: 0.840120
2025-03-27 17:19:46,939 Epoch: [9/20] Iter:[10/192], Time: 1.27, lr: [0.0058139506168319475], Loss: 3.755342, Acc:0.512072, Semantic loss: 1.467450, BCE loss: 1.435550, SB loss: 0.852342
2025-03-27 17:19:50,802 Epoch: [9/20] Iter:[20/192], Time: 0.85, lr: [0.005789051461775303], Loss: 3.799679, Acc:0.511223, Semantic loss: 1.497164, BCE loss: 1.440565, SB loss: 0.861950
2025-03-27 17:19:54,679 Epoch: [9/20] Iter:[30/192], Time: 0.70, lr: [0.005764140401744157], Loss: 3.839807, Acc:0.520421, Semantic loss: 1.501194, BCE loss: 1.451693, SB loss: 0.886921
2025-03-27 17:19:58,568 Epoch: [9/20] Iter:[40/192], Time: 0.62, lr: [0.005739217373824397], Loss: 3.876124, Acc:0.517786, Semantic loss: 1.520332, BCE loss: 1.465738, SB loss: 0.890053
2025-03-27 17:20:02,443 Epoch: [9/20] Iter:[50/192], Time: 0.58, lr: [0.005714282314464109], Loss: 3.905991, Acc:0.520516, Semantic loss: 1.513300, BCE loss: 1.507988, SB loss: 0.884703
2025-03-27 17:20:06,325 Epoch: [9/20] Iter:[60/192], Time: 0.55, lr: [0.005689335159463984], Loss: 3.914176, Acc:0.520885, Semantic loss: 1.528103, BCE loss: 1.496536, SB loss: 0.889537
2025-03-27 17:20:10,191 Epoch: [9/20] Iter:[70/192], Time: 0.52, lr: [0.0056643758439675305], Loss: 3.920610, Acc:0.518803, Semantic loss: 1.525835, BCE loss: 1.498720, SB loss: 0.896054
2025-03-27 17:20:14,066 Epoch: [9/20] Iter:[80/192], Time: 0.51, lr: [0.005639404302451105], Loss: 3.909829, Acc:0.521788, Semantic loss: 1.524444, BCE loss: 1.488292, SB loss: 0.897092
2025-03-27 17:20:17,935 Epoch: [9/20] Iter:[90/192], Time: 0.49, lr: [0.005614420468713722], Loss: 3.923434, Acc:0.518391, Semantic loss: 1.536724, BCE loss: 1.488972, SB loss: 0.897738
2025-03-27 17:20:21,809 Epoch: [9/20] Iter:[100/192], Time: 0.48, lr: [0.005589424275866668], Loss: 3.929375, Acc:0.518751, Semantic loss: 1.543075, BCE loss: 1.490243, SB loss: 0.896057
2025-03-27 17:20:25,681 Epoch: [9/20] Iter:[110/192], Time: 0.47, lr: [0.005564415656322913], Loss: 3.934490, Acc:0.519419, Semantic loss: 1.540065, BCE loss: 1.498964, SB loss: 0.895461
2025-03-27 17:20:29,559 Epoch: [9/20] Iter:[120/192], Time: 0.47, lr: [0.00553939454178628], Loss: 3.942782, Acc:0.520843, Semantic loss: 1.534060, BCE loss: 1.509882, SB loss: 0.898840
2025-03-27 17:20:33,456 Epoch: [9/20] Iter:[130/192], Time: 0.46, lr: [0.005514360863240413], Loss: 3.936659, Acc:0.521107, Semantic loss: 1.531230, BCE loss: 1.503883, SB loss: 0.901545
2025-03-27 17:20:37,319 Epoch: [9/20] Iter:[140/192], Time: 0.46, lr: [0.005489314550937511], Loss: 3.928714, Acc:0.523542, Semantic loss: 1.525325, BCE loss: 1.504089, SB loss: 0.899301
2025-03-27 17:20:41,190 Epoch: [9/20] Iter:[150/192], Time: 0.45, lr: [0.005464255534386825], Loss: 3.923367, Acc:0.526545, Semantic loss: 1.518138, BCE loss: 1.503352, SB loss: 0.901877
2025-03-27 17:20:45,092 Epoch: [9/20] Iter:[160/192], Time: 0.45, lr: [0.005439183742342914], Loss: 3.935407, Acc:0.527370, Semantic loss: 1.522266, BCE loss: 1.511811, SB loss: 0.901330
2025-03-27 17:20:48,959 Epoch: [9/20] Iter:[170/192], Time: 0.44, lr: [0.00541409910279366], Loss: 3.936732, Acc:0.527093, Semantic loss: 1.521638, BCE loss: 1.515034, SB loss: 0.900060
2025-03-27 17:20:52,895 Epoch: [9/20] Iter:[180/192], Time: 0.44, lr: [0.005389001542948025], Loss: 3.943722, Acc:0.526272, Semantic loss: 1.526013, BCE loss: 1.516733, SB loss: 0.900976
2025-03-27 17:20:56,766 Epoch: [9/20] Iter:[190/192], Time: 0.44, lr: [0.005363890989223547], Loss: 3.932199, Acc:0.526028, Semantic loss: 1.525760, BCE loss: 1.505732, SB loss: 0.900707
2025-03-27 17:22:35,904 0 [0.         0.55717738 0.1924976  0.01741955 0.18547958 0.08803509
 0.02126851] 0.15169681569963003
2025-03-27 17:22:35,905 1 [0.         0.54731695 0.1907294  0.10955373 0.18718126 0.23719589
 0.015273  ] 0.18389288833180345
2025-03-27 17:22:35,911 => saving checkpoint to output\loveda\pidnet_small_loveda\aug_gb_rbcheckpoint.pth.tar
2025-03-27 17:22:36,088 Loss: 3.958, MeanIU:  0.1839, Best_mIoU:  0.1839
2025-03-27 17:22:36,088 [0.         0.54731695 0.1907294  0.10955373 0.18718126 0.23719589
 0.015273  ]
2025-03-27 17:22:47,023 Epoch: [10/20] Iter:[0/192], Time: 10.75, lr: [0.005358867312681466], Loss: 3.730815, Acc:0.632655, Semantic loss: 1.379138, BCE loss: 1.577524, SB loss: 0.774153
2025-03-27 17:22:51,184 Epoch: [10/20] Iter:[10/192], Time: 1.36, lr: [0.005333741068040314], Loss: 4.006350, Acc:0.548713, Semantic loss: 1.499303, BCE loss: 1.620445, SB loss: 0.886602
2025-03-27 17:22:55,578 Epoch: [10/20] Iter:[20/192], Time: 0.92, lr: [0.0053086016647897714], Loss: 4.002258, Acc:0.548834, Semantic loss: 1.502945, BCE loss: 1.593477, SB loss: 0.905837
2025-03-27 17:22:59,965 Epoch: [10/20] Iter:[30/192], Time: 0.76, lr: [0.005283449026727663], Loss: 4.020578, Acc:0.535823, Semantic loss: 1.507857, BCE loss: 1.610067, SB loss: 0.902654
2025-03-27 17:23:04,375 Epoch: [10/20] Iter:[40/192], Time: 0.69, lr: [0.005258283076804885], Loss: 4.018791, Acc:0.538306, Semantic loss: 1.509427, BCE loss: 1.618612, SB loss: 0.890752
2025-03-27 17:23:08,773 Epoch: [10/20] Iter:[50/192], Time: 0.64, lr: [0.00523310373711144], Loss: 3.972377, Acc:0.537033, Semantic loss: 1.497006, BCE loss: 1.597720, SB loss: 0.877650
2025-03-27 17:23:13,196 Epoch: [10/20] Iter:[60/192], Time: 0.61, lr: [0.005207910928862159], Loss: 3.942834, Acc:0.540051, Semantic loss: 1.493482, BCE loss: 1.582683, SB loss: 0.866668
2025-03-27 17:23:17,565 Epoch: [10/20] Iter:[70/192], Time: 0.58, lr: [0.005182704572382109], Loss: 3.922657, Acc:0.539383, Semantic loss: 1.496000, BCE loss: 1.556359, SB loss: 0.870297
2025-03-27 17:23:22,021 Epoch: [10/20] Iter:[80/192], Time: 0.56, lr: [0.005157484587091684], Loss: 3.932871, Acc:0.538880, Semantic loss: 1.498674, BCE loss: 1.560199, SB loss: 0.873998
2025-03-27 17:23:26,341 Epoch: [10/20] Iter:[90/192], Time: 0.55, lr: [0.005132250891491357], Loss: 3.923245, Acc:0.537261, Semantic loss: 1.498048, BCE loss: 1.549232, SB loss: 0.875965
2025-03-27 17:23:30,775 Epoch: [10/20] Iter:[100/192], Time: 0.54, lr: [0.005107003403146087], Loss: 3.904566, Acc:0.536943, Semantic loss: 1.495422, BCE loss: 1.529109, SB loss: 0.880035
2025-03-27 17:23:35,170 Epoch: [10/20] Iter:[110/192], Time: 0.53, lr: [0.005081742038669388], Loss: 3.912103, Acc:0.536048, Semantic loss: 1.501759, BCE loss: 1.529048, SB loss: 0.881296
2025-03-27 17:23:39,593 Epoch: [10/20] Iter:[120/192], Time: 0.52, lr: [0.005056466713707024], Loss: 3.905371, Acc:0.535025, Semantic loss: 1.505328, BCE loss: 1.516352, SB loss: 0.883690
2025-03-27 17:23:43,951 Epoch: [10/20] Iter:[130/192], Time: 0.52, lr: [0.005031177342920337], Loss: 3.908066, Acc:0.532068, Semantic loss: 1.511432, BCE loss: 1.511093, SB loss: 0.885541
2025-03-27 17:23:48,365 Epoch: [10/20] Iter:[140/192], Time: 0.51, lr: [0.005005873839969192], Loss: 3.907099, Acc:0.530362, Semantic loss: 1.513399, BCE loss: 1.501122, SB loss: 0.892578
2025-03-27 17:23:52,734 Epoch: [10/20] Iter:[150/192], Time: 0.51, lr: [0.00498055611749454], Loss: 3.907915, Acc:0.531500, Semantic loss: 1.514723, BCE loss: 1.501885, SB loss: 0.891307
2025-03-27 17:23:57,197 Epoch: [10/20] Iter:[160/192], Time: 0.50, lr: [0.004955224087100552], Loss: 3.902419, Acc:0.532393, Semantic loss: 1.510344, BCE loss: 1.503219, SB loss: 0.888856
2025-03-27 17:24:01,601 Epoch: [10/20] Iter:[170/192], Time: 0.50, lr: [0.004929877659336362], Loss: 3.907347, Acc:0.533253, Semantic loss: 1.510980, BCE loss: 1.505504, SB loss: 0.890863
2025-03-27 17:24:06,145 Epoch: [10/20] Iter:[180/192], Time: 0.50, lr: [0.004904516743677371], Loss: 3.904796, Acc:0.531984, Semantic loss: 1.512371, BCE loss: 1.501145, SB loss: 0.891280
2025-03-27 17:24:10,453 Epoch: [10/20] Iter:[190/192], Time: 0.49, lr: [0.00487914124850611], Loss: 3.905865, Acc:0.532598, Semantic loss: 1.511298, BCE loss: 1.505134, SB loss: 0.889433
2025-03-27 17:25:57,322 0 [0.         0.53011151 0.15573952 0.03485694 0.23099701 0.06263385
 0.03256536] 0.14955774085142468
2025-03-27 17:25:57,323 1 [0.         0.49588964 0.16343956 0.08140156 0.3387962  0.14147908
 0.0321875 ] 0.17902765003058382
2025-03-27 17:25:57,328 => saving checkpoint to output\loveda\pidnet_small_loveda\aug_gb_rbcheckpoint.pth.tar
2025-03-27 17:25:57,418 Loss: 3.844, MeanIU:  0.1790, Best_mIoU:  0.1839
2025-03-27 17:25:57,418 [0.         0.49588964 0.16343956 0.08140156 0.3387962  0.14147908
 0.0321875 ]
2025-03-27 17:26:07,771 Epoch: [11/20] Iter:[0/192], Time: 10.16, lr: [0.004874064391789954], Loss: 4.006816, Acc:0.624637, Semantic loss: 1.411512, BCE loss: 1.648423, SB loss: 0.946881
2025-03-27 17:26:11,658 Epoch: [11/20] Iter:[10/192], Time: 1.28, lr: [0.004848671278701159], Loss: 3.746989, Acc:0.569170, Semantic loss: 1.393628, BCE loss: 1.554958, SB loss: 0.798402
2025-03-27 17:26:15,542 Epoch: [11/20] Iter:[20/192], Time: 0.85, lr: [0.0048232633805975296], Loss: 3.833351, Acc:0.547031, Semantic loss: 1.435325, BCE loss: 1.563841, SB loss: 0.834185
2025-03-27 17:26:19,423 Epoch: [11/20] Iter:[30/192], Time: 0.70, lr: [0.00479784060223045], Loss: 3.852085, Acc:0.546749, Semantic loss: 1.463066, BCE loss: 1.512446, SB loss: 0.876574
2025-03-27 17:26:23,307 Epoch: [11/20] Iter:[40/192], Time: 0.63, lr: [0.004772402847172951], Loss: 3.825276, Acc:0.549855, Semantic loss: 1.453658, BCE loss: 1.494653, SB loss: 0.876966
2025-03-27 17:26:27,204 Epoch: [11/20] Iter:[50/192], Time: 0.58, lr: [0.004746950017798064], Loss: 3.799382, Acc:0.555742, Semantic loss: 1.433690, BCE loss: 1.503364, SB loss: 0.862327
2025-03-27 17:26:31,105 Epoch: [11/20] Iter:[60/192], Time: 0.55, lr: [0.004721482015256639], Loss: 3.816992, Acc:0.553220, Semantic loss: 1.439797, BCE loss: 1.500997, SB loss: 0.876198
2025-03-27 17:26:35,233 Epoch: [11/20] Iter:[70/192], Time: 0.53, lr: [0.004695998739454633], Loss: 3.834084, Acc:0.553906, Semantic loss: 1.446833, BCE loss: 1.515096, SB loss: 0.872155
2025-03-27 17:26:39,363 Epoch: [11/20] Iter:[80/192], Time: 0.52, lr: [0.004670500089029817], Loss: 3.831821, Acc:0.553159, Semantic loss: 1.444402, BCE loss: 1.515045, SB loss: 0.872375
2025-03-27 17:26:43,386 Epoch: [11/20] Iter:[90/192], Time: 0.50, lr: [0.004644985961327915], Loss: 3.826058, Acc:0.548550, Semantic loss: 1.458150, BCE loss: 1.493488, SB loss: 0.874420
2025-03-27 17:26:47,282 Epoch: [11/20] Iter:[100/192], Time: 0.49, lr: [0.004619456252378151], Loss: 3.840415, Acc:0.546873, Semantic loss: 1.465806, BCE loss: 1.494515, SB loss: 0.880095
2025-03-27 17:26:51,169 Epoch: [11/20] Iter:[110/192], Time: 0.48, lr: [0.004593910856868159], Loss: 3.843577, Acc:0.546545, Semantic loss: 1.469061, BCE loss: 1.491434, SB loss: 0.883083
2025-03-27 17:26:55,084 Epoch: [11/20] Iter:[120/192], Time: 0.48, lr: [0.004568349668118281], Loss: 3.847730, Acc:0.545697, Semantic loss: 1.471165, BCE loss: 1.491450, SB loss: 0.885115
2025-03-27 17:26:58,980 Epoch: [11/20] Iter:[130/192], Time: 0.47, lr: [0.004542772578055196], Loss: 3.857175, Acc:0.542556, Semantic loss: 1.475766, BCE loss: 1.493816, SB loss: 0.887594
2025-03-27 17:27:02,865 Epoch: [11/20] Iter:[140/192], Time: 0.46, lr: [0.00451717947718487], Loss: 3.857878, Acc:0.543721, Semantic loss: 1.471131, BCE loss: 1.502713, SB loss: 0.884034
2025-03-27 17:27:06,754 Epoch: [11/20] Iter:[150/192], Time: 0.46, lr: [0.004491570254564817], Loss: 3.856297, Acc:0.543069, Semantic loss: 1.470203, BCE loss: 1.499140, SB loss: 0.886954
2025-03-27 17:27:10,648 Epoch: [11/20] Iter:[160/192], Time: 0.45, lr: [0.004465944797775636], Loss: 3.864699, Acc:0.542143, Semantic loss: 1.473138, BCE loss: 1.500060, SB loss: 0.891501
2025-03-27 17:27:14,565 Epoch: [11/20] Iter:[170/192], Time: 0.45, lr: [0.004440302992891796], Loss: 3.871746, Acc:0.541899, Semantic loss: 1.474584, BCE loss: 1.503536, SB loss: 0.893626
2025-03-27 17:27:18,437 Epoch: [11/20] Iter:[180/192], Time: 0.45, lr: [0.004414644724451659], Loss: 3.878850, Acc:0.539208, Semantic loss: 1.480573, BCE loss: 1.503891, SB loss: 0.894386
2025-03-27 17:27:22,305 Epoch: [11/20] Iter:[190/192], Time: 0.44, lr: [0.004388969875426714], Loss: 3.873713, Acc:0.539019, Semantic loss: 1.480581, BCE loss: 1.499312, SB loss: 0.893819
2025-03-27 17:28:56,070 0 [0.         0.52573735 0.21238379 0.05685233 0.22327917 0.05654833
 0.02956616] 0.15776673374257408
2025-03-27 17:28:56,070 1 [0.         0.51736785 0.24654431 0.19685269 0.2918557  0.1877051
 0.02445317] 0.20925411733973484
2025-03-27 17:28:56,076 => saving checkpoint to output\loveda\pidnet_small_loveda\aug_gb_rbcheckpoint.pth.tar
2025-03-27 17:28:56,202 Loss: 3.802, MeanIU:  0.2093, Best_mIoU:  0.2093
2025-03-27 17:28:56,202 [0.         0.51736785 0.24654431 0.19685269 0.2918557  0.1877051
 0.02445317]
2025-03-27 17:29:06,501 Epoch: [12/20] Iter:[0/192], Time: 10.11, lr: [0.0043838329055408696], Loss: 3.841256, Acc:0.660024, Semantic loss: 1.270377, BCE loss: 1.711454, SB loss: 0.859425
2025-03-27 17:29:10,398 Epoch: [12/20] Iter:[10/192], Time: 1.27, lr: [0.004358138003083593], Loss: 3.983863, Acc:0.546461, Semantic loss: 1.458165, BCE loss: 1.659708, SB loss: 0.865989
2025-03-27 17:29:14,259 Epoch: [12/20] Iter:[20/192], Time: 0.85, lr: [0.0043324262569064236], Loss: 3.984907, Acc:0.535443, Semantic loss: 1.501421, BCE loss: 1.584282, SB loss: 0.899204
2025-03-27 17:29:18,155 Epoch: [12/20] Iter:[30/192], Time: 0.70, lr: [0.0043066975447503065], Loss: 3.917476, Acc:0.535350, Semantic loss: 1.504198, BCE loss: 1.532518, SB loss: 0.880760
2025-03-27 17:29:22,195 Epoch: [12/20] Iter:[40/192], Time: 0.63, lr: [0.00428095174265078], Loss: 3.909082, Acc:0.540915, Semantic loss: 1.501136, BCE loss: 1.541944, SB loss: 0.866002
2025-03-27 17:29:26,406 Epoch: [12/20] Iter:[50/192], Time: 0.59, lr: [0.004255188724902623], Loss: 3.934058, Acc:0.540150, Semantic loss: 1.504919, BCE loss: 1.551014, SB loss: 0.878126
2025-03-27 17:29:30,317 Epoch: [12/20] Iter:[60/192], Time: 0.56, lr: [0.004229408364023519], Loss: 3.936386, Acc:0.543898, Semantic loss: 1.501906, BCE loss: 1.564131, SB loss: 0.870349
2025-03-27 17:29:34,215 Epoch: [12/20] Iter:[70/192], Time: 0.53, lr: [0.004203610530716726], Loss: 3.907263, Acc:0.542451, Semantic loss: 1.494282, BCE loss: 1.546398, SB loss: 0.866582
2025-03-27 17:29:38,104 Epoch: [12/20] Iter:[80/192], Time: 0.51, lr: [0.004177795093832693], Loss: 3.893815, Acc:0.542318, Semantic loss: 1.491831, BCE loss: 1.543472, SB loss: 0.858513
2025-03-27 17:29:41,982 Epoch: [12/20] Iter:[90/192], Time: 0.50, lr: [0.004151961920329593], Loss: 3.883376, Acc:0.540420, Semantic loss: 1.496038, BCE loss: 1.527877, SB loss: 0.859460
2025-03-27 17:29:45,877 Epoch: [12/20] Iter:[100/192], Time: 0.49, lr: [0.004126110875232744], Loss: 3.892391, Acc:0.541785, Semantic loss: 1.495700, BCE loss: 1.534133, SB loss: 0.862559
2025-03-27 17:29:49,780 Epoch: [12/20] Iter:[110/192], Time: 0.48, lr: [0.004100241821592866], Loss: 3.886208, Acc:0.541268, Semantic loss: 1.493909, BCE loss: 1.524797, SB loss: 0.867502
2025-03-27 17:29:53,670 Epoch: [12/20] Iter:[120/192], Time: 0.47, lr: [0.00407435462044314], Loss: 3.873252, Acc:0.543026, Semantic loss: 1.483873, BCE loss: 1.523978, SB loss: 0.865402
2025-03-27 17:29:57,591 Epoch: [12/20] Iter:[130/192], Time: 0.47, lr: [0.004048449130755016], Loss: 3.865120, Acc:0.542652, Semantic loss: 1.479196, BCE loss: 1.523482, SB loss: 0.862443
2025-03-27 17:30:01,535 Epoch: [12/20] Iter:[140/192], Time: 0.46, lr: [0.004022525209392749], Loss: 3.862687, Acc:0.544135, Semantic loss: 1.475137, BCE loss: 1.526378, SB loss: 0.861172
2025-03-27 17:30:05,753 Epoch: [12/20] Iter:[150/192], Time: 0.46, lr: [0.003996582711066572], Loss: 3.851998, Acc:0.545255, Semantic loss: 1.468364, BCE loss: 1.524701, SB loss: 0.858933
2025-03-27 17:30:09,935 Epoch: [12/20] Iter:[160/192], Time: 0.46, lr: [0.003970621488284514], Loss: 3.849008, Acc:0.543935, Semantic loss: 1.470861, BCE loss: 1.517269, SB loss: 0.860879
2025-03-27 17:30:14,116 Epoch: [12/20] Iter:[170/192], Time: 0.45, lr: [0.003944641391302759], Loss: 3.841973, Acc:0.543264, Semantic loss: 1.470279, BCE loss: 1.511350, SB loss: 0.860345
2025-03-27 17:30:18,279 Epoch: [12/20] Iter:[180/192], Time: 0.45, lr: [0.003918642268074522], Loss: 3.836196, Acc:0.542758, Semantic loss: 1.472653, BCE loss: 1.498775, SB loss: 0.864768
2025-03-27 17:30:22,431 Epoch: [12/20] Iter:[190/192], Time: 0.45, lr: [0.003892623964197378], Loss: 3.839744, Acc:0.542649, Semantic loss: 1.472566, BCE loss: 1.498728, SB loss: 0.868451
2025-03-27 17:32:03,791 0 [0.         0.54419381 0.25897521 0.07949048 0.24345608 0.0318218
 0.06024778] 0.17402645075213038
2025-03-27 17:32:03,792 1 [0.         0.46765816 0.29166274 0.20336488 0.26715867 0.1543603
 0.02904133] 0.2018922988992333
2025-03-27 17:32:03,800 => saving checkpoint to output\loveda\pidnet_small_loveda\aug_gb_rbcheckpoint.pth.tar
2025-03-27 17:32:04,019 Loss: 3.718, MeanIU:  0.2019, Best_mIoU:  0.2093
2025-03-27 17:32:04,019 [0.         0.46765816 0.29166274 0.20336488 0.26715867 0.1543603
 0.02904133]
2025-03-27 17:32:14,589 Epoch: [13/20] Iter:[0/192], Time: 10.37, lr: [0.0038874179879876346], Loss: 3.934127, Acc:0.632023, Semantic loss: 1.309628, BCE loss: 1.845062, SB loss: 0.779437
2025-03-27 17:32:18,467 Epoch: [13/20] Iter:[10/192], Time: 1.30, lr: [0.003861376460123532], Loss: 3.966371, Acc:0.541852, Semantic loss: 1.454839, BCE loss: 1.618384, SB loss: 0.893148
2025-03-27 17:32:22,377 Epoch: [13/20] Iter:[20/192], Time: 0.86, lr: [0.003835315403363414], Loss: 3.922606, Acc:0.541699, Semantic loss: 1.484171, BCE loss: 1.547477, SB loss: 0.890957
2025-03-27 17:32:26,287 Epoch: [13/20] Iter:[30/192], Time: 0.71, lr: [0.00380923465539378], Loss: 3.862312, Acc:0.550304, Semantic loss: 1.461532, BCE loss: 1.518307, SB loss: 0.882473
2025-03-27 17:32:30,283 Epoch: [13/20] Iter:[40/192], Time: 0.64, lr: [0.0037831340513060203], Loss: 3.864687, Acc:0.549782, Semantic loss: 1.459115, BCE loss: 1.532747, SB loss: 0.872826
2025-03-27 17:32:34,501 Epoch: [13/20] Iter:[50/192], Time: 0.59, lr: [0.003757013423534689], Loss: 3.852501, Acc:0.556913, Semantic loss: 1.445838, BCE loss: 1.541617, SB loss: 0.865046
2025-03-27 17:32:38,590 Epoch: [13/20] Iter:[60/192], Time: 0.56, lr: [0.003730872601793835], Loss: 3.841031, Acc:0.554500, Semantic loss: 1.438945, BCE loss: 1.541990, SB loss: 0.860096
2025-03-27 17:32:42,486 Epoch: [13/20] Iter:[70/192], Time: 0.54, lr: [0.0037047114130112895], Loss: 3.818274, Acc:0.556795, Semantic loss: 1.432959, BCE loss: 1.526735, SB loss: 0.858581
2025-03-27 17:32:46,393 Epoch: [13/20] Iter:[80/192], Time: 0.52, lr: [0.0036785296812608405], Loss: 3.830809, Acc:0.549541, Semantic loss: 1.462548, BCE loss: 1.498653, SB loss: 0.869607
2025-03-27 17:32:50,285 Epoch: [13/20] Iter:[90/192], Time: 0.51, lr: [0.003652327227692201], Loss: 3.836549, Acc:0.549921, Semantic loss: 1.460337, BCE loss: 1.509394, SB loss: 0.866818
2025-03-27 17:32:54,186 Epoch: [13/20] Iter:[100/192], Time: 0.49, lr: [0.0036261038704587037], Loss: 3.849862, Acc:0.548802, Semantic loss: 1.457327, BCE loss: 1.520710, SB loss: 0.871825
2025-03-27 17:32:58,095 Epoch: [13/20] Iter:[110/192], Time: 0.49, lr: [0.003599859424642584], Loss: 3.858559, Acc:0.546539, Semantic loss: 1.462290, BCE loss: 1.525951, SB loss: 0.870318
2025-03-27 17:33:02,010 Epoch: [13/20] Iter:[120/192], Time: 0.48, lr: [0.0035735937021778063], Loss: 3.849790, Acc:0.546850, Semantic loss: 1.460941, BCE loss: 1.520448, SB loss: 0.868401
2025-03-27 17:33:05,897 Epoch: [13/20] Iter:[130/192], Time: 0.47, lr: [0.0035473065117702885], Loss: 3.841217, Acc:0.547271, Semantic loss: 1.458765, BCE loss: 1.513670, SB loss: 0.868781
2025-03-27 17:33:09,787 Epoch: [13/20] Iter:[140/192], Time: 0.47, lr: [0.003520997658815433], Loss: 3.827668, Acc:0.548387, Semantic loss: 1.455586, BCE loss: 1.507922, SB loss: 0.864160
2025-03-27 17:33:13,719 Epoch: [13/20] Iter:[150/192], Time: 0.46, lr: [0.003494666945312851], Loss: 3.819038, Acc:0.548063, Semantic loss: 1.455543, BCE loss: 1.500457, SB loss: 0.863038
2025-03-27 17:33:17,610 Epoch: [13/20] Iter:[160/192], Time: 0.46, lr: [0.00346831416977816], Loss: 3.808202, Acc:0.547732, Semantic loss: 1.455747, BCE loss: 1.492534, SB loss: 0.859921
2025-03-27 17:33:21,519 Epoch: [13/20] Iter:[170/192], Time: 0.45, lr: [0.003441939127151716], Loss: 3.803784, Acc:0.550091, Semantic loss: 1.449509, BCE loss: 1.494990, SB loss: 0.859284
2025-03-27 17:33:25,401 Epoch: [13/20] Iter:[180/192], Time: 0.45, lr: [0.0034155416087041646], Loss: 3.796824, Acc:0.550647, Semantic loss: 1.445690, BCE loss: 1.494060, SB loss: 0.857074
2025-03-27 17:33:29,268 Epoch: [13/20] Iter:[190/192], Time: 0.45, lr: [0.0033891214019386652], Loss: 3.794402, Acc:0.550692, Semantic loss: 1.443475, BCE loss: 1.493943, SB loss: 0.856984
2025-03-27 17:35:20,445 0 [0.         0.54245306 0.27425037 0.04616378 0.27017308 0.06878603
 0.03658028] 0.1769152285453686
2025-03-27 17:35:20,446 1 [0.         0.47363246 0.27782125 0.21426256 0.30583079 0.1190488
 0.0370882 ] 0.20395486470167667
2025-03-27 17:35:20,453 => saving checkpoint to output\loveda\pidnet_small_loveda\aug_gb_rbcheckpoint.pth.tar
2025-03-27 17:35:20,596 Loss: 3.801, MeanIU:  0.2040, Best_mIoU:  0.2093
2025-03-27 17:35:20,596 [0.         0.47363246 0.27782125 0.21426256 0.30583079 0.1190488
 0.0370882 ]
2025-03-27 17:35:31,559 Epoch: [14/20] Iter:[0/192], Time: 10.78, lr: [0.0033838346190164987], Loss: 3.760796, Acc:0.586800, Semantic loss: 1.329906, BCE loss: 1.707592, SB loss: 0.723298
2025-03-27 17:35:35,708 Epoch: [14/20] Iter:[10/192], Time: 1.36, lr: [0.0033573869003190927], Loss: 3.881371, Acc:0.556637, Semantic loss: 1.428715, BCE loss: 1.603337, SB loss: 0.849320
2025-03-27 17:35:40,165 Epoch: [14/20] Iter:[20/192], Time: 0.92, lr: [0.0033309160120447595], Loss: 3.893349, Acc:0.547981, Semantic loss: 1.454349, BCE loss: 1.539041, SB loss: 0.899959
2025-03-27 17:35:44,496 Epoch: [14/20] Iter:[30/192], Time: 0.77, lr: [0.0033044217289421207], Loss: 3.808542, Acc:0.556839, Semantic loss: 1.434953, BCE loss: 1.490002, SB loss: 0.883587
2025-03-27 17:35:49,077 Epoch: [14/20] Iter:[40/192], Time: 0.69, lr: [0.0032779038215418194], Loss: 3.812403, Acc:0.559779, Semantic loss: 1.432128, BCE loss: 1.498705, SB loss: 0.881570
2025-03-27 17:35:53,446 Epoch: [14/20] Iter:[50/192], Time: 0.64, lr: [0.0032513620560388795], Loss: 3.808549, Acc:0.553648, Semantic loss: 1.421360, BCE loss: 1.511882, SB loss: 0.875307
2025-03-27 17:35:57,935 Epoch: [14/20] Iter:[60/192], Time: 0.61, lr: [0.003224796194170671], Loss: 3.814537, Acc:0.554797, Semantic loss: 1.422547, BCE loss: 1.513437, SB loss: 0.878553
2025-03-27 17:36:02,273 Epoch: [14/20] Iter:[70/192], Time: 0.58, lr: [0.003198205993090303], Loss: 3.791369, Acc:0.549913, Semantic loss: 1.426291, BCE loss: 1.493565, SB loss: 0.871513
2025-03-27 17:36:06,746 Epoch: [14/20] Iter:[80/192], Time: 0.57, lr: [0.0031715912052352204], Loss: 3.789306, Acc:0.554157, Semantic loss: 1.419566, BCE loss: 1.500466, SB loss: 0.869274
2025-03-27 17:36:11,117 Epoch: [14/20] Iter:[90/192], Time: 0.55, lr: [0.0031449515781907557], Loss: 3.782912, Acc:0.556094, Semantic loss: 1.419388, BCE loss: 1.495244, SB loss: 0.868280
2025-03-27 17:36:15,627 Epoch: [14/20] Iter:[100/192], Time: 0.54, lr: [0.003118286854548424], Loss: 3.783494, Acc:0.554009, Semantic loss: 1.423343, BCE loss: 1.491753, SB loss: 0.868398
2025-03-27 17:36:20,044 Epoch: [14/20] Iter:[110/192], Time: 0.53, lr: [0.003091596771758693], Loss: 3.783380, Acc:0.555986, Semantic loss: 1.417576, BCE loss: 1.502354, SB loss: 0.863451
2025-03-27 17:36:24,459 Epoch: [14/20] Iter:[120/192], Time: 0.53, lr: [0.0030648810619779434], Loss: 3.791576, Acc:0.557684, Semantic loss: 1.418196, BCE loss: 1.510955, SB loss: 0.862425
2025-03-27 17:36:28,823 Epoch: [14/20] Iter:[130/192], Time: 0.52, lr: [0.0030381394519093602], Loss: 3.778408, Acc:0.556701, Semantic loss: 1.415704, BCE loss: 1.501130, SB loss: 0.861574
2025-03-27 17:36:33,304 Epoch: [14/20] Iter:[140/192], Time: 0.51, lr: [0.003011371662637431], Loss: 3.774843, Acc:0.557594, Semantic loss: 1.416112, BCE loss: 1.492785, SB loss: 0.865946
2025-03-27 17:36:37,681 Epoch: [14/20] Iter:[150/192], Time: 0.51, lr: [0.0029845774094557345], Loss: 3.775991, Acc:0.558189, Semantic loss: 1.415088, BCE loss: 1.496494, SB loss: 0.864408
2025-03-27 17:36:42,155 Epoch: [14/20] Iter:[160/192], Time: 0.51, lr: [0.002957756401687678], Loss: 3.764481, Acc:0.559282, Semantic loss: 1.411959, BCE loss: 1.490783, SB loss: 0.861739
2025-03-27 17:36:46,627 Epoch: [14/20] Iter:[170/192], Time: 0.50, lr: [0.002930908342499829], Loss: 3.770178, Acc:0.559529, Semantic loss: 1.414155, BCE loss: 1.495642, SB loss: 0.860381
2025-03-27 17:36:51,162 Epoch: [14/20] Iter:[180/192], Time: 0.50, lr: [0.002904032928707437], Loss: 3.779490, Acc:0.556746, Semantic loss: 1.424898, BCE loss: 1.492374, SB loss: 0.862219
2025-03-27 17:36:55,571 Epoch: [14/20] Iter:[190/192], Time: 0.50, lr: [0.0028771298505717554], Loss: 3.783120, Acc:0.555555, Semantic loss: 1.431641, BCE loss: 1.487596, SB loss: 0.863883
2025-03-27 17:38:44,456 0 [0.         0.54169458 0.2438935  0.0745322  0.28000518 0.05822779
 0.05430913] 0.17895177006526106
2025-03-27 17:38:44,456 1 [0.         0.52131059 0.2458089  0.2080781  0.36212481 0.16193548
 0.04673067] 0.22085550634442233
2025-03-27 17:38:44,466 => saving checkpoint to output\loveda\pidnet_small_loveda\aug_gb_rbcheckpoint.pth.tar
2025-03-27 17:38:44,679 Loss: 3.704, MeanIU:  0.2209, Best_mIoU:  0.2209
2025-03-27 17:38:44,680 [0.         0.52131059 0.2458089  0.2080781  0.36212481 0.16193548
 0.04673067]
2025-03-27 17:38:55,676 Epoch: [15/20] Iter:[0/192], Time: 10.82, lr: [0.0028717458874925874], Loss: 3.570981, Acc:0.544787, Semantic loss: 1.256181, BCE loss: 1.515421, SB loss: 0.799378
2025-03-27 17:38:59,855 Epoch: [15/20] Iter:[10/192], Time: 1.36, lr: [0.0028448091937488323], Loss: 3.686878, Acc:0.551669, Semantic loss: 1.460727, BCE loss: 1.379594, SB loss: 0.846557
2025-03-27 17:39:04,368 Epoch: [15/20] Iter:[20/192], Time: 0.93, lr: [0.002817844130111582], Loss: 3.780742, Acc:0.552730, Semantic loss: 1.468005, BCE loss: 1.440472, SB loss: 0.872265
2025-03-27 17:39:08,809 Epoch: [15/20] Iter:[30/192], Time: 0.77, lr: [0.0027908503644035994], Loss: 3.837588, Acc:0.552986, Semantic loss: 1.473578, BCE loss: 1.494500, SB loss: 0.869510
2025-03-27 17:39:13,367 Epoch: [15/20] Iter:[40/192], Time: 0.70, lr: [0.0027638275569424097], Loss: 3.831164, Acc:0.550345, Semantic loss: 1.475510, BCE loss: 1.479880, SB loss: 0.875775
2025-03-27 17:39:17,749 Epoch: [15/20] Iter:[50/192], Time: 0.64, lr: [0.002736775360287257], Loss: 3.777343, Acc:0.552072, Semantic loss: 1.459068, BCE loss: 1.444939, SB loss: 0.873336
2025-03-27 17:39:22,296 Epoch: [15/20] Iter:[60/192], Time: 0.61, lr: [0.002709693418974644], Loss: 3.780708, Acc:0.555575, Semantic loss: 1.454734, BCE loss: 1.452226, SB loss: 0.873748
2025-03-27 17:39:26,628 Epoch: [15/20] Iter:[70/192], Time: 0.59, lr: [0.0026825813692418162], Loss: 3.748087, Acc:0.557365, Semantic loss: 1.438864, BCE loss: 1.440764, SB loss: 0.868459
2025-03-27 17:39:31,038 Epoch: [15/20] Iter:[80/192], Time: 0.57, lr: [0.0026554388387375], Loss: 3.751795, Acc:0.558382, Semantic loss: 1.437876, BCE loss: 1.444479, SB loss: 0.869439
2025-03-27 17:39:35,344 Epoch: [15/20] Iter:[90/192], Time: 0.55, lr: [0.002628265446219161], Loss: 3.734523, Acc:0.563416, Semantic loss: 1.427935, BCE loss: 1.445530, SB loss: 0.861058
2025-03-27 17:39:39,862 Epoch: [15/20] Iter:[100/192], Time: 0.54, lr: [0.002601060801235972], Loss: 3.732056, Acc:0.564374, Semantic loss: 1.427744, BCE loss: 1.448489, SB loss: 0.855823
2025-03-27 17:39:44,299 Epoch: [15/20] Iter:[110/192], Time: 0.54, lr: [0.002573824503796671], Loss: 3.735703, Acc:0.562535, Semantic loss: 1.422106, BCE loss: 1.460697, SB loss: 0.852901
2025-03-27 17:39:48,556 Epoch: [15/20] Iter:[120/192], Time: 0.53, lr: [0.00254655614402138], Loss: 3.741292, Acc:0.561225, Semantic loss: 1.419017, BCE loss: 1.469810, SB loss: 0.852464
2025-03-27 17:39:52,437 Epoch: [15/20] Iter:[130/192], Time: 0.52, lr: [0.0025192553017764118], Loss: 3.738327, Acc:0.560793, Semantic loss: 1.418402, BCE loss: 1.470200, SB loss: 0.849725
2025-03-27 17:39:56,336 Epoch: [15/20] Iter:[140/192], Time: 0.51, lr: [0.002491921546291034], Loss: 3.736999, Acc:0.560688, Semantic loss: 1.413426, BCE loss: 1.477618, SB loss: 0.845956
2025-03-27 17:40:00,238 Epoch: [15/20] Iter:[150/192], Time: 0.50, lr: [0.0024645544357550573], Loss: 3.747292, Acc:0.558618, Semantic loss: 1.419351, BCE loss: 1.478865, SB loss: 0.849075
2025-03-27 17:40:04,138 Epoch: [15/20] Iter:[160/192], Time: 0.49, lr: [0.002437153516896028], Loss: 3.745272, Acc:0.557605, Semantic loss: 1.420578, BCE loss: 1.473622, SB loss: 0.851072
2025-03-27 17:40:08,053 Epoch: [15/20] Iter:[170/192], Time: 0.49, lr: [0.0024097183245347467], Loss: 3.748570, Acc:0.559629, Semantic loss: 1.417429, BCE loss: 1.482900, SB loss: 0.848242
2025-03-27 17:40:11,943 Epoch: [15/20] Iter:[180/192], Time: 0.48, lr: [0.0023822483811177], Loss: 3.742954, Acc:0.562223, Semantic loss: 1.410729, BCE loss: 1.486554, SB loss: 0.845670
2025-03-27 17:40:15,828 Epoch: [15/20] Iter:[190/192], Time: 0.48, lr: [0.002354743196224891], Loss: 3.745693, Acc:0.561543, Semantic loss: 1.412673, BCE loss: 1.485957, SB loss: 0.847063
2025-03-27 17:42:08,963 0 [0.         0.53790666 0.20579917 0.07082791 0.28262292 0.06437793
 0.03418538] 0.1708171392542081
2025-03-27 17:42:08,963 1 [0.         0.50961539 0.1989363  0.20897032 0.35295126 0.14129616
 0.03567032] 0.20677710623643378
2025-03-27 17:42:08,968 => saving checkpoint to output\loveda\pidnet_small_loveda\aug_gb_rbcheckpoint.pth.tar
2025-03-27 17:42:09,046 Loss: 3.826, MeanIU:  0.2068, Best_mIoU:  0.2209
2025-03-27 17:42:09,046 [0.         0.50961539 0.1989363  0.20897032 0.35295126 0.14129616
 0.03567032]
2025-03-27 17:42:19,583 Epoch: [16/20] Iter:[0/192], Time: 10.34, lr: [0.0023492378861760376], Loss: 3.827978, Acc:0.590369, Semantic loss: 1.377392, BCE loss: 1.684452, SB loss: 0.766134
2025-03-27 17:42:23,513 Epoch: [16/20] Iter:[10/192], Time: 1.30, lr: [0.0023216897452738748], Loss: 3.666923, Acc:0.591952, Semantic loss: 1.355311, BCE loss: 1.483456, SB loss: 0.828156
2025-03-27 17:42:27,426 Epoch: [16/20] Iter:[20/192], Time: 0.87, lr: [0.0022941052360858027], Loss: 3.590518, Acc:0.587859, Semantic loss: 1.345939, BCE loss: 1.423570, SB loss: 0.821010
2025-03-27 17:42:31,349 Epoch: [16/20] Iter:[30/192], Time: 0.71, lr: [0.0022664838233947228], Loss: 3.682815, Acc:0.578553, Semantic loss: 1.385226, BCE loss: 1.462075, SB loss: 0.835514
2025-03-27 17:42:35,249 Epoch: [16/20] Iter:[40/192], Time: 0.63, lr: [0.0022388249567421017], Loss: 3.712154, Acc:0.573688, Semantic loss: 1.390965, BCE loss: 1.493753, SB loss: 0.827437
2025-03-27 17:42:39,143 Epoch: [16/20] Iter:[50/192], Time: 0.59, lr: [0.002211128069778427], Loss: 3.687286, Acc:0.577355, Semantic loss: 1.377140, BCE loss: 1.484682, SB loss: 0.825464
2025-03-27 17:42:43,031 Epoch: [16/20] Iter:[60/192], Time: 0.55, lr: [0.0021833925795765436], Loss: 3.708488, Acc:0.574949, Semantic loss: 1.375076, BCE loss: 1.502692, SB loss: 0.830720
2025-03-27 17:42:46,934 Epoch: [16/20] Iter:[70/192], Time: 0.53, lr: [0.0021556178859051967], Loss: 3.694644, Acc:0.575661, Semantic loss: 1.368224, BCE loss: 1.503635, SB loss: 0.822785
2025-03-27 17:42:50,835 Epoch: [16/20] Iter:[80/192], Time: 0.51, lr: [0.002127803370459852], Loss: 3.706051, Acc:0.573887, Semantic loss: 1.367807, BCE loss: 1.511920, SB loss: 0.826325
2025-03-27 17:42:54,738 Epoch: [16/20] Iter:[90/192], Time: 0.50, lr: [0.0020999483960476508], Loss: 3.679833, Acc:0.574283, Semantic loss: 1.362185, BCE loss: 1.493510, SB loss: 0.824138
2025-03-27 17:42:58,714 Epoch: [16/20] Iter:[100/192], Time: 0.49, lr: [0.0020720523057230294], Loss: 3.699828, Acc:0.574280, Semantic loss: 1.366381, BCE loss: 1.509290, SB loss: 0.824158
2025-03-27 17:43:02,720 Epoch: [16/20] Iter:[110/192], Time: 0.48, lr: [0.002044114421870228], Loss: 3.691727, Acc:0.575338, Semantic loss: 1.360368, BCE loss: 1.508819, SB loss: 0.822540
2025-03-27 17:43:06,912 Epoch: [16/20] Iter:[120/192], Time: 0.48, lr: [0.0020161340452285867], Loss: 3.688741, Acc:0.576481, Semantic loss: 1.360100, BCE loss: 1.507412, SB loss: 0.821229
2025-03-27 17:43:11,056 Epoch: [16/20] Iter:[130/192], Time: 0.47, lr: [0.001988110453856112], Loss: 3.689022, Acc:0.572708, Semantic loss: 1.367097, BCE loss: 1.495357, SB loss: 0.826567
2025-03-27 17:43:15,233 Epoch: [16/20] Iter:[140/192], Time: 0.47, lr: [0.0019600429020263607], Loss: 3.701661, Acc:0.571419, Semantic loss: 1.372832, BCE loss: 1.498831, SB loss: 0.829997
2025-03-27 17:43:19,401 Epoch: [16/20] Iter:[150/192], Time: 0.46, lr: [0.0019319306190532476], Loss: 3.703196, Acc:0.570999, Semantic loss: 1.374272, BCE loss: 1.501467, SB loss: 0.827456
2025-03-27 17:43:23,559 Epoch: [16/20] Iter:[160/192], Time: 0.46, lr: [0.0019037728080378042], Loss: 3.704066, Acc:0.569225, Semantic loss: 1.380103, BCE loss: 1.494792, SB loss: 0.829171
2025-03-27 17:43:27,735 Epoch: [16/20] Iter:[170/192], Time: 0.46, lr: [0.0018755686445303314], Loss: 3.696393, Acc:0.568704, Semantic loss: 1.382616, BCE loss: 1.484154, SB loss: 0.829623
2025-03-27 17:43:31,918 Epoch: [16/20] Iter:[180/192], Time: 0.46, lr: [0.001847317275100738], Loss: 3.705741, Acc:0.566585, Semantic loss: 1.389704, BCE loss: 1.486335, SB loss: 0.829703
2025-03-27 17:43:36,307 Epoch: [16/20] Iter:[190/192], Time: 0.46, lr: [0.0018190178158090872], Loss: 3.712196, Acc:0.566090, Semantic loss: 1.394713, BCE loss: 1.485315, SB loss: 0.832168
2025-03-27 17:45:10,773 0 [0.         0.552008   0.21994093 0.09714876 0.2285564  0.16262058
 0.07236442] 0.19037701353086625
2025-03-27 17:45:10,773 1 [0.         0.53200736 0.1863297  0.26766744 0.35169323 0.28876904
 0.05394084] 0.2400582299353706
2025-03-27 17:45:10,779 => saving checkpoint to output\loveda\pidnet_small_loveda\aug_gb_rbcheckpoint.pth.tar
2025-03-27 17:45:10,910 Loss: 3.707, MeanIU:  0.2401, Best_mIoU:  0.2401
2025-03-27 17:45:10,910 [0.         0.53200736 0.1863297  0.26766744 0.35169323 0.28876904
 0.05394084]
2025-03-27 17:45:21,711 Epoch: [17/20] Iter:[0/192], Time: 10.60, lr: [0.0018133520731367456], Loss: 3.766354, Acc:0.599324, Semantic loss: 1.242140, BCE loss: 1.671292, SB loss: 0.852922
2025-03-27 17:45:25,658 Epoch: [17/20] Iter:[10/192], Time: 1.32, lr: [0.001784993693823396], Loss: 3.678847, Acc:0.568541, Semantic loss: 1.332620, BCE loss: 1.530524, SB loss: 0.815703
2025-03-27 17:45:29,623 Epoch: [17/20] Iter:[20/192], Time: 0.88, lr: [0.0017565851643374117], Loss: 3.694282, Acc:0.571744, Semantic loss: 1.342164, BCE loss: 1.517519, SB loss: 0.834600
2025-03-27 17:45:33,583 Epoch: [17/20] Iter:[30/192], Time: 0.73, lr: [0.0017281254915000803], Loss: 3.748606, Acc:0.567480, Semantic loss: 1.376405, BCE loss: 1.506649, SB loss: 0.865551
2025-03-27 17:45:37,551 Epoch: [17/20] Iter:[40/192], Time: 0.64, lr: [0.0016996136438923032], Loss: 3.722770, Acc:0.566772, Semantic loss: 1.379105, BCE loss: 1.489096, SB loss: 0.854570
2025-03-27 17:45:41,544 Epoch: [17/20] Iter:[50/192], Time: 0.60, lr: [0.0016710485496403851], Loss: 3.720055, Acc:0.564763, Semantic loss: 1.386872, BCE loss: 1.483057, SB loss: 0.850125
2025-03-27 17:45:45,551 Epoch: [17/20] Iter:[60/192], Time: 0.56, lr: [0.0016424290940290059], Loss: 3.700317, Acc:0.570351, Semantic loss: 1.378530, BCE loss: 1.480352, SB loss: 0.841435
2025-03-27 17:45:49,557 Epoch: [17/20] Iter:[70/192], Time: 0.54, lr: [0.0016137541169242962], Loss: 3.661192, Acc:0.572351, Semantic loss: 1.372151, BCE loss: 1.452145, SB loss: 0.836895
2025-03-27 17:45:53,563 Epoch: [17/20] Iter:[80/192], Time: 0.52, lr: [0.0015850224099878446], Loss: 3.684151, Acc:0.571262, Semantic loss: 1.377797, BCE loss: 1.467600, SB loss: 0.838754
2025-03-27 17:45:57,569 Epoch: [17/20] Iter:[90/192], Time: 0.51, lr: [0.001556232713660091], Loss: 3.676040, Acc:0.571630, Semantic loss: 1.372877, BCE loss: 1.467533, SB loss: 0.835630
2025-03-27 17:46:01,584 Epoch: [17/20] Iter:[100/192], Time: 0.50, lr: [0.0015273837138888994], Loss: 3.678487, Acc:0.573063, Semantic loss: 1.371827, BCE loss: 1.474996, SB loss: 0.831663
2025-03-27 17:46:05,559 Epoch: [17/20] Iter:[110/192], Time: 0.49, lr: [0.0014984740385759552], Loss: 3.688212, Acc:0.572063, Semantic loss: 1.371387, BCE loss: 1.484460, SB loss: 0.832365
2025-03-27 17:46:09,547 Epoch: [17/20] Iter:[120/192], Time: 0.48, lr: [0.0014695022537100475], Loss: 3.689644, Acc:0.570193, Semantic loss: 1.373459, BCE loss: 1.482638, SB loss: 0.833547
2025-03-27 17:46:13,553 Epoch: [17/20] Iter:[130/192], Time: 0.48, lr: [0.0014404668591521846], Loss: 3.688521, Acc:0.567448, Semantic loss: 1.379127, BCE loss: 1.477243, SB loss: 0.832150
2025-03-27 17:46:17,535 Epoch: [17/20] Iter:[140/192], Time: 0.47, lr: [0.0014113662840326588], Loss: 3.696129, Acc:0.568213, Semantic loss: 1.384192, BCE loss: 1.477121, SB loss: 0.834815
2025-03-27 17:46:21,545 Epoch: [17/20] Iter:[150/192], Time: 0.47, lr: [0.0013821988817145786], Loss: 3.700598, Acc:0.567661, Semantic loss: 1.385802, BCE loss: 1.480586, SB loss: 0.834210
2025-03-27 17:46:25,538 Epoch: [17/20] Iter:[160/192], Time: 0.46, lr: [0.0013529629242719093], Loss: 3.698283, Acc:0.570711, Semantic loss: 1.383375, BCE loss: 1.481650, SB loss: 0.833258
2025-03-27 17:46:29,510 Epoch: [17/20] Iter:[170/192], Time: 0.46, lr: [0.0013236565964223801], Loss: 3.696996, Acc:0.571996, Semantic loss: 1.380890, BCE loss: 1.484398, SB loss: 0.831708
2025-03-27 17:46:33,517 Epoch: [17/20] Iter:[180/192], Time: 0.46, lr: [0.0012942779888466518], Loss: 3.695959, Acc:0.572120, Semantic loss: 1.382414, BCE loss: 1.484451, SB loss: 0.829094
2025-03-27 17:46:37,459 Epoch: [17/20] Iter:[190/192], Time: 0.45, lr: [0.0012648250908145803], Loss: 3.697997, Acc:0.571655, Semantic loss: 1.384291, BCE loss: 1.481802, SB loss: 0.831904
2025-03-27 17:48:12,780 0 [0.         0.56161524 0.2467595  0.11311478 0.27415473 0.1095743
 0.07152246] 0.196677288876803
2025-03-27 17:48:12,780 1 [0.         0.55726029 0.27093377 0.27453567 0.33932141 0.24548671
 0.04321661] 0.24725063719405413
2025-03-27 17:48:12,786 => saving checkpoint to output\loveda\pidnet_small_loveda\aug_gb_rbcheckpoint.pth.tar
2025-03-27 17:48:12,910 Loss: 3.726, MeanIU:  0.2473, Best_mIoU:  0.2473
2025-03-27 17:48:12,910 [0.         0.55726029 0.27093377 0.27453567 0.33932141 0.24548671
 0.04321661]
2025-03-27 17:48:24,436 Epoch: [18/20] Iter:[0/192], Time: 11.34, lr: [0.001258925411794167], Loss: 3.593510, Acc:0.527734, Semantic loss: 1.337095, BCE loss: 1.412361, SB loss: 0.844054
2025-03-27 17:48:28,688 Epoch: [18/20] Iter:[10/192], Time: 1.42, lr: [0.0012293805561511607], Loss: 3.766556, Acc:0.588614, Semantic loss: 1.395535, BCE loss: 1.512683, SB loss: 0.858338
2025-03-27 17:48:33,038 Epoch: [18/20] Iter:[20/192], Time: 0.95, lr: [0.0011997565879500753], Loss: 3.726492, Acc:0.591270, Semantic loss: 1.390328, BCE loss: 1.484386, SB loss: 0.851778
2025-03-27 17:48:37,434 Epoch: [18/20] Iter:[30/192], Time: 0.79, lr: [0.0011700511125444005], Loss: 3.720547, Acc:0.589881, Semantic loss: 1.400026, BCE loss: 1.472708, SB loss: 0.847814
2025-03-27 17:48:41,895 Epoch: [18/20] Iter:[40/192], Time: 0.70, lr: [0.0011402615929770753], Loss: 3.689914, Acc:0.586261, Semantic loss: 1.380019, BCE loss: 1.482641, SB loss: 0.827253
2025-03-27 17:48:46,249 Epoch: [18/20] Iter:[50/192], Time: 0.65, lr: [0.0011103853371305413], Loss: 3.655993, Acc:0.583688, Semantic loss: 1.371686, BCE loss: 1.465712, SB loss: 0.818595
2025-03-27 17:48:50,677 Epoch: [18/20] Iter:[60/192], Time: 0.62, lr: [0.001080419483295973], Loss: 3.636436, Acc:0.585113, Semantic loss: 1.368690, BCE loss: 1.451702, SB loss: 0.816045
2025-03-27 17:48:55,046 Epoch: [18/20] Iter:[70/192], Time: 0.59, lr: [0.0010503609839122385], Loss: 3.646669, Acc:0.587577, Semantic loss: 1.361872, BCE loss: 1.474024, SB loss: 0.810773
2025-03-27 17:48:59,441 Epoch: [18/20] Iter:[80/192], Time: 0.57, lr: [0.0010202065871765603], Loss: 3.669238, Acc:0.580349, Semantic loss: 1.375483, BCE loss: 1.479800, SB loss: 0.813956
2025-03-27 17:49:03,854 Epoch: [18/20] Iter:[90/192], Time: 0.56, lr: [0.000989952816168914], Loss: 3.669003, Acc:0.581478, Semantic loss: 1.370391, BCE loss: 1.482761, SB loss: 0.815852
2025-03-27 17:49:08,304 Epoch: [18/20] Iter:[100/192], Time: 0.55, lr: [0.0009595959450576828], Loss: 3.671400, Acc:0.580146, Semantic loss: 1.369152, BCE loss: 1.482674, SB loss: 0.819574
2025-03-27 17:49:12,629 Epoch: [18/20] Iter:[110/192], Time: 0.54, lr: [0.000929131971860904], Loss: 3.655988, Acc:0.576725, Semantic loss: 1.372127, BCE loss: 1.466705, SB loss: 0.817156
2025-03-27 17:49:16,575 Epoch: [18/20] Iter:[120/192], Time: 0.52, lr: [0.0008985565871200918], Loss: 3.652242, Acc:0.578103, Semantic loss: 1.368667, BCE loss: 1.468558, SB loss: 0.815017
2025-03-27 17:49:20,545 Epoch: [18/20] Iter:[130/192], Time: 0.51, lr: [0.0008678651376944955], Loss: 3.664331, Acc:0.579530, Semantic loss: 1.369229, BCE loss: 1.479944, SB loss: 0.815157
2025-03-27 17:49:24,604 Epoch: [18/20] Iter:[140/192], Time: 0.51, lr: [0.000837052584692747], Loss: 3.669342, Acc:0.580831, Semantic loss: 1.364920, BCE loss: 1.487631, SB loss: 0.816790
2025-03-27 17:49:28,640 Epoch: [18/20] Iter:[150/192], Time: 0.50, lr: [0.000806113454312208], Loss: 3.664056, Acc:0.579482, Semantic loss: 1.366974, BCE loss: 1.479974, SB loss: 0.817108
2025-03-27 17:49:32,655 Epoch: [18/20] Iter:[160/192], Time: 0.49, lr: [0.0007750417800344363], Loss: 3.658409, Acc:0.580389, Semantic loss: 1.363916, BCE loss: 1.475789, SB loss: 0.818704
2025-03-27 17:49:36,670 Epoch: [18/20] Iter:[170/192], Time: 0.49, lr: [0.0007438310342008949], Loss: 3.665830, Acc:0.578163, Semantic loss: 1.368649, BCE loss: 1.474513, SB loss: 0.822667
2025-03-27 17:49:40,689 Epoch: [18/20] Iter:[180/192], Time: 0.48, lr: [0.0007124740464272778], Loss: 3.660394, Acc:0.578167, Semantic loss: 1.366142, BCE loss: 1.474031, SB loss: 0.820220
2025-03-27 17:49:44,688 Epoch: [18/20] Iter:[190/192], Time: 0.48, lr: [0.0006809629055511224], Loss: 3.670466, Acc:0.576179, Semantic loss: 1.372255, BCE loss: 1.477287, SB loss: 0.820924
2025-03-27 17:51:19,316 0 [0.         0.54323015 0.24322767 0.10664998 0.27660051 0.06228163
 0.0578396 ] 0.18426136498064166
2025-03-27 17:51:19,316 1 [0.         0.52090387 0.28355827 0.26398426 0.3305362  0.10481209
 0.02856777] 0.21890892285527577
2025-03-27 17:51:19,322 => saving checkpoint to output\loveda\pidnet_small_loveda\aug_gb_rbcheckpoint.pth.tar
2025-03-27 17:51:19,403 Loss: 3.779, MeanIU:  0.2189, Best_mIoU:  0.2473
2025-03-27 17:51:19,403 [0.         0.52090387 0.28355827 0.26398426 0.3305362  0.10481209
 0.02856777]
2025-03-27 17:51:30,179 Epoch: [19/20] Iter:[0/192], Time: 10.57, lr: [0.0006746414238367822], Loss: 3.984336, Acc:0.527852, Semantic loss: 1.563985, BCE loss: 1.555212, SB loss: 0.865139
2025-03-27 17:51:34,196 Epoch: [19/20] Iter:[10/192], Time: 1.33, lr: [0.0006429336362339898], Loss: 3.673221, Acc:0.558653, Semantic loss: 1.389368, BCE loss: 1.470868, SB loss: 0.812985
2025-03-27 17:51:38,188 Epoch: [19/20] Iter:[20/192], Time: 0.89, lr: [0.0006110510578510947], Loss: 3.625570, Acc:0.555913, Semantic loss: 1.385869, BCE loss: 1.411492, SB loss: 0.828208
2025-03-27 17:51:42,213 Epoch: [19/20] Iter:[30/192], Time: 0.73, lr: [0.0005789824653018995], Loss: 3.605977, Acc:0.568599, Semantic loss: 1.382252, BCE loss: 1.409012, SB loss: 0.814713
2025-03-27 17:51:46,220 Epoch: [19/20] Iter:[40/192], Time: 0.65, lr: [0.0005467151732202777], Loss: 3.646137, Acc:0.567875, Semantic loss: 1.380109, BCE loss: 1.455925, SB loss: 0.810103
2025-03-27 17:51:50,233 Epoch: [19/20] Iter:[50/192], Time: 0.60, lr: [0.0005142347343351296], Loss: 3.678925, Acc:0.567947, Semantic loss: 1.391426, BCE loss: 1.461339, SB loss: 0.826160
2025-03-27 17:51:54,238 Epoch: [19/20] Iter:[60/192], Time: 0.57, lr: [0.0004815245523312483], Loss: 3.650020, Acc:0.571437, Semantic loss: 1.382842, BCE loss: 1.450215, SB loss: 0.816963
2025-03-27 17:51:58,235 Epoch: [19/20] Iter:[70/192], Time: 0.54, lr: [0.000448565373510549], Loss: 3.643256, Acc:0.573502, Semantic loss: 1.380165, BCE loss: 1.446434, SB loss: 0.816657
2025-03-27 17:52:02,231 Epoch: [19/20] Iter:[80/192], Time: 0.53, lr: [0.00041533460609889997], Loss: 3.663694, Acc:0.573956, Semantic loss: 1.382137, BCE loss: 1.465655, SB loss: 0.815902
2025-03-27 17:52:06,236 Epoch: [19/20] Iter:[90/192], Time: 0.51, lr: [0.00038180538785330436], Loss: 3.655262, Acc:0.573860, Semantic loss: 1.381395, BCE loss: 1.457282, SB loss: 0.816585
2025-03-27 17:52:10,231 Epoch: [19/20] Iter:[100/192], Time: 0.50, lr: [0.00034794527452517863], Loss: 3.639680, Acc:0.573143, Semantic loss: 1.376906, BCE loss: 1.450335, SB loss: 0.812439
2025-03-27 17:52:14,252 Epoch: [19/20] Iter:[110/192], Time: 0.49, lr: [0.00031371433588231993], Loss: 3.634351, Acc:0.573530, Semantic loss: 1.375890, BCE loss: 1.444918, SB loss: 0.813543
2025-03-27 17:52:18,260 Epoch: [19/20] Iter:[120/192], Time: 0.48, lr: [0.0002790622842837163], Loss: 3.640413, Acc:0.575998, Semantic loss: 1.376676, BCE loss: 1.451057, SB loss: 0.812680
2025-03-27 17:52:22,258 Epoch: [19/20] Iter:[130/192], Time: 0.48, lr: [0.0002439239356353784], Loss: 3.639631, Acc:0.575771, Semantic loss: 1.375341, BCE loss: 1.453142, SB loss: 0.811148
2025-03-27 17:52:26,286 Epoch: [19/20] Iter:[140/192], Time: 0.47, lr: [0.00020821159321002047], Loss: 3.654299, Acc:0.574430, Semantic loss: 1.377296, BCE loss: 1.463023, SB loss: 0.813980
2025-03-27 17:52:30,294 Epoch: [19/20] Iter:[150/192], Time: 0.47, lr: [0.00017180122628828942], Loss: 3.664155, Acc:0.574413, Semantic loss: 1.377403, BCE loss: 1.475193, SB loss: 0.811559
2025-03-27 17:52:34,272 Epoch: [19/20] Iter:[160/192], Time: 0.46, lr: [0.00013450451987183818], Loss: 3.658975, Acc:0.575176, Semantic loss: 1.373263, BCE loss: 1.476109, SB loss: 0.809604
2025-03-27 17:52:38,255 Epoch: [19/20] Iter:[170/192], Time: 0.46, lr: [9.600244875192536e-05], Loss: 3.658327, Acc:0.575490, Semantic loss: 1.370483, BCE loss: 1.480323, SB loss: 0.807521
2025-03-27 17:52:42,284 Epoch: [19/20] Iter:[180/192], Time: 0.46, lr: [5.563716848048335e-05], Loss: 3.664520, Acc:0.576201, Semantic loss: 1.371784, BCE loss: 1.485736, SB loss: 0.806999
2025-03-27 17:52:46,255 Epoch: [19/20] Iter:[190/192], Time: 0.45, lr: [1.1092486125349496e-05], Loss: 3.652466, Acc:0.576822, Semantic loss: 1.367909, BCE loss: 1.477830, SB loss: 0.806727
2025-03-27 17:54:20,677 0 [0.         0.56358438 0.2581519  0.11814583 0.27538318 0.11781554
 0.04612818] 0.1970298585719444
2025-03-27 17:54:20,677 1 [0.         0.54345217 0.27943736 0.2764593  0.34720607 0.2185199
 0.02756011] 0.2418049881844769
2025-03-27 17:54:20,683 => saving checkpoint to output\loveda\pidnet_small_loveda\aug_gb_rbcheckpoint.pth.tar
2025-03-27 17:54:20,765 Loss: 3.704, MeanIU:  0.2418, Best_mIoU:  0.2473
2025-03-27 17:54:20,765 [0.         0.54345217 0.27943736 0.2764593  0.34720607 0.2185199
 0.02756011]
2025-03-27 17:54:20,807 Hours: 1
2025-03-27 17:54:20,807 Done
