2025-03-29 10:30:26,519 Namespace(cfg='configs/loveda/pidnet_small_loveda.yaml', seed=304, opts=[])
2025-03-29 10:30:26,520 AUTO_RESUME: False
CUDNN:
  BENCHMARK: True
  DETERMINISTIC: False
  ENABLED: True
DATASET:
  DATASET: loveda
  EXTRA_TRAIN_SET: 
  NUM_CLASSES: 7
  ROOT: data/
  TARGET_SET: 
  TEST_SET: list/loveda/urban_rural/val.lst
  TRAIN_SET: list/loveda/urban_rural/train.lst
GPUS: (0,)
LOG_DIR: log
LOSS:
  BALANCE_WEIGHTS: [0.4, 1.0]
  CLASS_BALANCE: False
  OHEMKEEP: 131072
  OHEMTHRES: 0.9
  SB_WEIGHTS: 1.0
  USE_OHEM: True
MODEL:
  ALIGN_CORNERS: True
  NAME: pidnet_small
  NUM_OUTPUTS: 2
  PRETRAINED: pretrained_models/imagenet/PIDNet_S_ImageNet.pth.tar
OUTPUT_DIR: output
PIN_MEMORY: True
PRINT_FREQ: 10
TEST:
  BASE_SIZE: 2048
  BATCH_SIZE_PER_GPU: 6
  FLIP_TEST: False
  IMAGE_SIZE: [2048, 1024]
  MODEL_FILE: output/loveda/pidnet_small_loveda/final_state.pt
  MULTI_SCALE: False
  OUTPUT_INDEX: 1
TRAIN:
  AUGMENTATION:
    ENABLE: True
    PROBABILITY: 0.5
    TECHNIQUES:
      GAUSSIAN_BLUR: True
      HORIZONTAL_FLIP: True
      MULTIPLY: True
      RANDOM_BRIGHTNESS: True
  BASE_SIZE: 2048
  BATCH_SIZE_PER_GPU: 6
  BEGIN_EPOCH: 0
  DACS:
    ENABLE: False
    THRESHOLD: 0.968
  END_EPOCH: 20
  EXTRA_EPOCH: 0
  EXTRA_LR: 0.001
  FLIP: False
  IGNORE_LABEL: 0
  IMAGE_SIZE: [1024, 1024]
  LR: 0.01
  MOMENTUM: 0.9
  MULTI_SCALE: False
  NESTEROV: False
  OPTIMIZER: sgd
  RESUME: True
  SCALE_FACTOR: 16
  SHUFFLE: True
  WD: 0.0005
WORKERS: 4
2025-03-29 10:30:26,683 Attention!!!
2025-03-29 10:30:26,683 Loaded 302 parameters!
2025-03-29 10:30:26,684 Over!!!
2025-03-29 10:30:42,482 Epoch: [0/20] Iter:[0/192], Time: 15.66, lr: [0.01], Loss: 16.426512, Acc:0.141697, Semantic loss: 7.005825, BCE loss: 3.810566, SB loss: 5.610120
2025-03-29 10:30:46,773 Epoch: [0/20] Iter:[10/192], Time: 1.80, lr: [0.009976559445324192], Loss: 12.202130, Acc:0.300529, Semantic loss: 5.329700, BCE loss: 2.796616, SB loss: 4.075813
2025-03-29 10:30:50,979 Epoch: [0/20] Iter:[20/192], Time: 1.14, lr: [0.009953112769592761], Loss: 9.997680, Acc:0.341498, Semantic loss: 4.319986, BCE loss: 2.462114, SB loss: 3.215581
2025-03-29 10:30:55,208 Epoch: [0/20] Iter:[30/192], Time: 0.91, lr: [0.009929659955177281], Loss: 8.736254, Acc:0.386704, Semantic loss: 3.703402, BCE loss: 2.262249, SB loss: 2.770603
2025-03-29 10:30:59,441 Epoch: [0/20] Iter:[40/192], Time: 0.79, lr: [0.009906200984352154], Loss: 7.919630, Acc:0.380308, Semantic loss: 3.335579, BCE loss: 2.118963, SB loss: 2.465088
2025-03-29 10:31:04,034 Epoch: [0/20] Iter:[50/192], Time: 0.73, lr: [0.009882735839293803], Loss: 7.304645, Acc:0.410755, Semantic loss: 3.067324, BCE loss: 2.012657, SB loss: 2.224664
2025-03-29 10:31:08,866 Epoch: [0/20] Iter:[60/192], Time: 0.69, lr: [0.00985926450207989], Loss: 6.977127, Acc:0.415288, Semantic loss: 2.923016, BCE loss: 1.952651, SB loss: 2.101460
2025-03-29 10:31:13,519 Epoch: [0/20] Iter:[70/192], Time: 0.66, lr: [0.009835786954688485], Loss: 6.730374, Acc:0.417197, Semantic loss: 2.816162, BCE loss: 1.905329, SB loss: 2.008883
2025-03-29 10:31:18,347 Epoch: [0/20] Iter:[80/192], Time: 0.63, lr: [0.00981230317899726], Loss: 6.608640, Acc:0.421466, Semantic loss: 2.735436, BCE loss: 1.866141, SB loss: 2.007064
2025-03-29 10:31:23,118 Epoch: [0/20] Iter:[90/192], Time: 0.62, lr: [0.009788813156782662], Loss: 6.458563, Acc:0.423090, Semantic loss: 2.671097, BCE loss: 1.851590, SB loss: 1.935876
2025-03-29 10:31:27,858 Epoch: [0/20] Iter:[100/192], Time: 0.60, lr: [0.009765316869719067], Loss: 6.329693, Acc:0.422445, Semantic loss: 2.618077, BCE loss: 1.830275, SB loss: 1.881342
2025-03-29 10:31:32,711 Epoch: [0/20] Iter:[110/192], Time: 0.59, lr: [0.009741814299377942], Loss: 6.203191, Acc:0.420506, Semantic loss: 2.574911, BCE loss: 1.803456, SB loss: 1.824825
2025-03-29 10:31:37,251 Epoch: [0/20] Iter:[120/192], Time: 0.58, lr: [0.009718305427226986], Loss: 6.070322, Acc:0.424993, Semantic loss: 2.518815, BCE loss: 1.791557, SB loss: 1.759950
2025-03-29 10:31:41,993 Epoch: [0/20] Iter:[130/192], Time: 0.57, lr: [0.009694790234629266], Loss: 5.949534, Acc:0.431150, Semantic loss: 2.461461, BCE loss: 1.777016, SB loss: 1.711057
2025-03-29 10:31:46,575 Epoch: [0/20] Iter:[140/192], Time: 0.56, lr: [0.009671268702842338], Loss: 5.847283, Acc:0.432891, Semantic loss: 2.427036, BCE loss: 1.757154, SB loss: 1.663092
2025-03-29 10:31:51,411 Epoch: [0/20] Iter:[150/192], Time: 0.56, lr: [0.009647740813017376], Loss: 5.782246, Acc:0.432493, Semantic loss: 2.399811, BCE loss: 1.742755, SB loss: 1.639681
2025-03-29 10:31:56,019 Epoch: [0/20] Iter:[160/192], Time: 0.55, lr: [0.009624206546198262], Loss: 5.702856, Acc:0.437387, Semantic loss: 2.361071, BCE loss: 1.741622, SB loss: 1.600163
2025-03-29 10:32:00,843 Epoch: [0/20] Iter:[170/192], Time: 0.55, lr: [0.009600665883320689], Loss: 5.632792, Acc:0.440833, Semantic loss: 2.325998, BCE loss: 1.737148, SB loss: 1.569646
2025-03-29 10:32:05,417 Epoch: [0/20] Iter:[180/192], Time: 0.54, lr: [0.009577118805211254], Loss: 5.574946, Acc:0.444068, Semantic loss: 2.298891, BCE loss: 1.731615, SB loss: 1.544440
2025-03-29 10:32:10,127 Epoch: [0/20] Iter:[190/192], Time: 0.54, lr: [0.009553565292586523], Loss: 5.507936, Acc:0.447505, Semantic loss: 2.269737, BCE loss: 1.725108, SB loss: 1.513091
2025-03-29 10:34:14,260 0 [0.         0.53146736 0.0944914  0.00315607 0.00068422 0.01129854
 0.00056598] 0.09166622475671536
2025-03-29 10:34:14,261 1 [0.00000000e+00 5.68966605e-01 1.11213649e-01 0.00000000e+00
 0.00000000e+00 9.41621709e-05 4.48521054e-06] 0.09718270024449989
2025-03-29 10:34:14,274 => saving checkpoint to output\loveda\pidnet_small_loveda\aug_hf_gb_m_rbcheckpoint.pth.tar
2025-03-29 10:34:14,471 Loss: 4.446, MeanIU:  0.0972, Best_mIoU:  0.0972
2025-03-29 10:34:14,471 [0.00000000e+00 5.68966605e-01 1.11213649e-01 0.00000000e+00
 0.00000000e+00 9.41621709e-05 4.48521054e-06]
2025-03-29 10:34:25,739 Epoch: [1/20] Iter:[0/192], Time: 11.09, lr: [0.009548853816214998], Loss: 4.867446, Acc:0.388746, Semantic loss: 2.106885, BCE loss: 1.496556, SB loss: 1.264005
2025-03-29 10:34:30,052 Epoch: [1/20] Iter:[10/192], Time: 1.40, lr: [0.009525292556561479], Loss: 4.608252, Acc:0.474498, Semantic loss: 1.862389, BCE loss: 1.556405, SB loss: 1.189458
2025-03-29 10:34:34,750 Epoch: [1/20] Iter:[20/192], Time: 0.96, lr: [0.00950172481957719], Loss: 4.555669, Acc:0.479540, Semantic loss: 1.861289, BCE loss: 1.571333, SB loss: 1.123047
2025-03-29 10:34:39,275 Epoch: [1/20] Iter:[30/192], Time: 0.79, lr: [0.009478150585620286], Loss: 4.610127, Acc:0.478656, Semantic loss: 1.865681, BCE loss: 1.543637, SB loss: 1.200808
2025-03-29 10:34:43,950 Epoch: [1/20] Iter:[40/192], Time: 0.71, lr: [0.009454569834934885], Loss: 4.644704, Acc:0.472093, Semantic loss: 1.880617, BCE loss: 1.561168, SB loss: 1.202919
2025-03-29 10:34:48,411 Epoch: [1/20] Iter:[50/192], Time: 0.66, lr: [0.009430982547650114], Loss: 4.617702, Acc:0.474018, Semantic loss: 1.867581, BCE loss: 1.583540, SB loss: 1.166581
2025-03-29 10:34:53,089 Epoch: [1/20] Iter:[60/192], Time: 0.63, lr: [0.009407388703779091], Loss: 4.587422, Acc:0.475165, Semantic loss: 1.859410, BCE loss: 1.597695, SB loss: 1.130317
2025-03-29 10:34:57,674 Epoch: [1/20] Iter:[70/192], Time: 0.61, lr: [0.009383788283217955], Loss: 4.543565, Acc:0.479191, Semantic loss: 1.837541, BCE loss: 1.603443, SB loss: 1.102581
2025-03-29 10:35:02,463 Epoch: [1/20] Iter:[80/192], Time: 0.59, lr: [0.00936018126574482], Loss: 4.565733, Acc:0.471757, Semantic loss: 1.852628, BCE loss: 1.597375, SB loss: 1.115730
2025-03-29 10:35:06,946 Epoch: [1/20] Iter:[90/192], Time: 0.57, lr: [0.009336567631018769], Loss: 4.564195, Acc:0.475585, Semantic loss: 1.843135, BCE loss: 1.613405, SB loss: 1.107654
2025-03-29 10:35:11,652 Epoch: [1/20] Iter:[100/192], Time: 0.56, lr: [0.009312947358578814], Loss: 4.573204, Acc:0.475472, Semantic loss: 1.845116, BCE loss: 1.625268, SB loss: 1.102820
2025-03-29 10:35:16,162 Epoch: [1/20] Iter:[110/192], Time: 0.55, lr: [0.009289320427842841], Loss: 4.538321, Acc:0.475414, Semantic loss: 1.839473, BCE loss: 1.606686, SB loss: 1.092162
2025-03-29 10:35:20,810 Epoch: [1/20] Iter:[120/192], Time: 0.55, lr: [0.009265686818106552], Loss: 4.509930, Acc:0.476823, Semantic loss: 1.832261, BCE loss: 1.597100, SB loss: 1.080569
2025-03-29 10:35:25,296 Epoch: [1/20] Iter:[130/192], Time: 0.54, lr: [0.009242046508542393], Loss: 4.500486, Acc:0.478935, Semantic loss: 1.828891, BCE loss: 1.599166, SB loss: 1.072429
2025-03-29 10:35:29,900 Epoch: [1/20] Iter:[140/192], Time: 0.53, lr: [0.009218399478198466], Loss: 4.486936, Acc:0.477873, Semantic loss: 1.825457, BCE loss: 1.593326, SB loss: 1.068153
2025-03-29 10:35:34,537 Epoch: [1/20] Iter:[150/192], Time: 0.53, lr: [0.009194745705997428], Loss: 4.482624, Acc:0.475796, Semantic loss: 1.829660, BCE loss: 1.586855, SB loss: 1.066109
2025-03-29 10:35:39,200 Epoch: [1/20] Iter:[160/192], Time: 0.53, lr: [0.00917108517073538], Loss: 4.476803, Acc:0.475353, Semantic loss: 1.828727, BCE loss: 1.587716, SB loss: 1.060360
2025-03-29 10:35:43,698 Epoch: [1/20] Iter:[170/192], Time: 0.52, lr: [0.00914741785108075], Loss: 4.482686, Acc:0.476248, Semantic loss: 1.825954, BCE loss: 1.587380, SB loss: 1.069352
2025-03-29 10:35:48,589 Epoch: [1/20] Iter:[180/192], Time: 0.52, lr: [0.00912374372557314], Loss: 4.488207, Acc:0.474808, Semantic loss: 1.829032, BCE loss: 1.586263, SB loss: 1.072912
2025-03-29 10:35:53,001 Epoch: [1/20] Iter:[190/192], Time: 0.51, lr: [0.009100062772622186], Loss: 4.488140, Acc:0.474420, Semantic loss: 1.828499, BCE loss: 1.585970, SB loss: 1.073671
2025-03-29 10:37:58,660 0 [0.         0.50698215 0.09301796 0.00333015 0.00627035 0.00426551
 0.00104904] 0.08784502126788639
2025-03-29 10:37:58,661 1 [0.         0.51480914 0.11064042 0.00640853 0.00565622 0.01078559
 0.        ] 0.09261427063765618
2025-03-29 10:37:58,669 => saving checkpoint to output\loveda\pidnet_small_loveda\aug_hf_gb_m_rbcheckpoint.pth.tar
2025-03-29 10:37:58,815 Loss: 4.921, MeanIU:  0.0926, Best_mIoU:  0.0972
2025-03-29 10:37:58,815 [0.         0.51480914 0.11064042 0.00640853 0.00565622 0.01078559
 0.        ]
2025-03-29 10:38:10,029 Epoch: [2/20] Iter:[0/192], Time: 11.03, lr: [0.009095325760829623], Loss: 4.514976, Acc:0.433997, Semantic loss: 2.092488, BCE loss: 1.111660, SB loss: 1.310828
2025-03-29 10:38:14,484 Epoch: [2/20] Iter:[10/192], Time: 1.41, lr: [0.009071636586262652], Loss: 4.494921, Acc:0.466210, Semantic loss: 1.897813, BCE loss: 1.607688, SB loss: 0.989421
2025-03-29 10:38:19,129 Epoch: [2/20] Iter:[20/192], Time: 0.96, lr: [0.009047940536290279], Loss: 4.421735, Acc:0.461412, Semantic loss: 1.852746, BCE loss: 1.592002, SB loss: 0.976987
2025-03-29 10:38:23,479 Epoch: [2/20] Iter:[30/192], Time: 0.79, lr: [0.009024237588898336], Loss: 4.339787, Acc:0.472369, Semantic loss: 1.828218, BCE loss: 1.538178, SB loss: 0.973390
2025-03-29 10:38:28,142 Epoch: [2/20] Iter:[40/192], Time: 0.71, lr: [0.009000527721937697], Loss: 4.362182, Acc:0.458231, Semantic loss: 1.836570, BCE loss: 1.531456, SB loss: 0.994156
2025-03-29 10:38:32,724 Epoch: [2/20] Iter:[50/192], Time: 0.66, lr: [0.008976810913123051], Loss: 4.373304, Acc:0.453708, Semantic loss: 1.830688, BCE loss: 1.546573, SB loss: 0.996044
2025-03-29 10:38:37,436 Epoch: [2/20] Iter:[60/192], Time: 0.63, lr: [0.008953087140031669], Loss: 4.391453, Acc:0.448868, Semantic loss: 1.844279, BCE loss: 1.531568, SB loss: 1.015606
2025-03-29 10:38:42,033 Epoch: [2/20] Iter:[70/192], Time: 0.61, lr: [0.008929356380102142], Loss: 4.382750, Acc:0.456296, Semantic loss: 1.831523, BCE loss: 1.536480, SB loss: 1.014748
2025-03-29 10:38:46,766 Epoch: [2/20] Iter:[80/192], Time: 0.59, lr: [0.008905618610633112], Loss: 4.387104, Acc:0.464041, Semantic loss: 1.818219, BCE loss: 1.552976, SB loss: 1.015908
2025-03-29 10:38:51,152 Epoch: [2/20] Iter:[90/192], Time: 0.57, lr: [0.008881873808781991], Loss: 4.373766, Acc:0.470287, Semantic loss: 1.804985, BCE loss: 1.556376, SB loss: 1.012405
2025-03-29 10:38:55,842 Epoch: [2/20] Iter:[100/192], Time: 0.56, lr: [0.008858121951563658], Loss: 4.359371, Acc:0.469232, Semantic loss: 1.804778, BCE loss: 1.544611, SB loss: 1.009982
2025-03-29 10:39:00,296 Epoch: [2/20] Iter:[110/192], Time: 0.55, lr: [0.008834363015849136], Loss: 4.339309, Acc:0.474182, Semantic loss: 1.792670, BCE loss: 1.542521, SB loss: 1.004118
2025-03-29 10:39:05,037 Epoch: [2/20] Iter:[120/192], Time: 0.55, lr: [0.008810596978364274], Loss: 4.363306, Acc:0.475204, Semantic loss: 1.797620, BCE loss: 1.552123, SB loss: 1.013562
2025-03-29 10:39:09,589 Epoch: [2/20] Iter:[130/192], Time: 0.54, lr: [0.008786823815688379], Loss: 4.362143, Acc:0.475704, Semantic loss: 1.799545, BCE loss: 1.551415, SB loss: 1.011183
2025-03-29 10:39:14,207 Epoch: [2/20] Iter:[140/192], Time: 0.53, lr: [0.008763043504252865], Loss: 4.358601, Acc:0.478991, Semantic loss: 1.790434, BCE loss: 1.558429, SB loss: 1.009738
2025-03-29 10:39:18,715 Epoch: [2/20] Iter:[150/192], Time: 0.53, lr: [0.008739256020339866], Loss: 4.356965, Acc:0.477144, Semantic loss: 1.791565, BCE loss: 1.553376, SB loss: 1.012023
2025-03-29 10:39:23,374 Epoch: [2/20] Iter:[160/192], Time: 0.52, lr: [0.00871546134008083], Loss: 4.357836, Acc:0.476542, Semantic loss: 1.789284, BCE loss: 1.554659, SB loss: 1.013893
2025-03-29 10:39:27,892 Epoch: [2/20] Iter:[170/192], Time: 0.52, lr: [0.008691659439455107], Loss: 4.366463, Acc:0.476918, Semantic loss: 1.786119, BCE loss: 1.560821, SB loss: 1.019523
2025-03-29 10:39:32,693 Epoch: [2/20] Iter:[180/192], Time: 0.52, lr: [0.008667850294288517], Loss: 4.373928, Acc:0.476345, Semantic loss: 1.786567, BCE loss: 1.565473, SB loss: 1.021888
2025-03-29 10:39:37,139 Epoch: [2/20] Iter:[190/192], Time: 0.51, lr: [0.008644033880251888], Loss: 4.377830, Acc:0.477088, Semantic loss: 1.786979, BCE loss: 1.565026, SB loss: 1.025825
2025-03-29 10:41:41,659 0 [0.         0.55826604 0.117607   0.00192658 0.         0.00600075
 0.01133197] 0.09930462065722702
2025-03-29 10:41:41,660 1 [0.00000000e+00 5.67868591e-01 9.95297699e-02 2.96863067e-04
 1.79702958e-05 3.05544691e-02 1.70791969e-03] 0.0999965118771156
2025-03-29 10:41:41,667 => saving checkpoint to output\loveda\pidnet_small_loveda\aug_hf_gb_m_rbcheckpoint.pth.tar
2025-03-29 10:41:41,851 Loss: 4.213, MeanIU:  0.1000, Best_mIoU:  0.1000
2025-03-29 10:41:41,852 [0.00000000e+00 5.67868591e-01 9.95297699e-02 2.96863067e-04
 1.79702958e-05 3.05544691e-02 1.70791969e-03]
2025-03-29 10:41:53,185 Epoch: [3/20] Iter:[0/192], Time: 11.15, lr: [0.008639269723028191], Loss: 4.647903, Acc:0.421038, Semantic loss: 2.304039, BCE loss: 1.379183, SB loss: 0.964681
2025-03-29 10:41:57,388 Epoch: [3/20] Iter:[10/192], Time: 1.40, lr: [0.008615444554012613], Loss: 4.348048, Acc:0.470833, Semantic loss: 1.797000, BCE loss: 1.554364, SB loss: 0.996683
2025-03-29 10:42:01,965 Epoch: [3/20] Iter:[20/192], Time: 0.95, lr: [0.008591612062049989], Loss: 4.266272, Acc:0.493901, Semantic loss: 1.764679, BCE loss: 1.514975, SB loss: 0.986619
2025-03-29 10:42:06,411 Epoch: [3/20] Iter:[30/192], Time: 0.79, lr: [0.008567772222305215], Loss: 4.245875, Acc:0.494302, Semantic loss: 1.727469, BCE loss: 1.549275, SB loss: 0.969130
2025-03-29 10:42:11,221 Epoch: [3/20] Iter:[40/192], Time: 0.71, lr: [0.008543925009781886], Loss: 4.245195, Acc:0.490520, Semantic loss: 1.725531, BCE loss: 1.534711, SB loss: 0.984953
2025-03-29 10:42:15,723 Epoch: [3/20] Iter:[50/192], Time: 0.66, lr: [0.00852007039932076], Loss: 4.256066, Acc:0.484805, Semantic loss: 1.741644, BCE loss: 1.520275, SB loss: 0.994147
2025-03-29 10:42:20,381 Epoch: [3/20] Iter:[60/192], Time: 0.63, lr: [0.00849620836559818], Loss: 4.271861, Acc:0.472440, Semantic loss: 1.769287, BCE loss: 1.498800, SB loss: 1.003774
2025-03-29 10:42:24,948 Epoch: [3/20] Iter:[70/192], Time: 0.60, lr: [0.008472338883124477], Loss: 4.308559, Acc:0.473674, Semantic loss: 1.773672, BCE loss: 1.524168, SB loss: 1.010719
2025-03-29 10:42:29,607 Epoch: [3/20] Iter:[80/192], Time: 0.59, lr: [0.008448461926242374], Loss: 4.319994, Acc:0.472843, Semantic loss: 1.782467, BCE loss: 1.515446, SB loss: 1.022082
2025-03-29 10:42:34,181 Epoch: [3/20] Iter:[90/192], Time: 0.57, lr: [0.008424577469125337], Loss: 4.318469, Acc:0.474011, Semantic loss: 1.772949, BCE loss: 1.529265, SB loss: 1.016255
2025-03-29 10:42:38,889 Epoch: [3/20] Iter:[100/192], Time: 0.56, lr: [0.008400685485775935], Loss: 4.326384, Acc:0.474503, Semantic loss: 1.770880, BCE loss: 1.542073, SB loss: 1.013431
2025-03-29 10:42:43,363 Epoch: [3/20] Iter:[110/192], Time: 0.55, lr: [0.008376785950024154], Loss: 4.310767, Acc:0.475163, Semantic loss: 1.759745, BCE loss: 1.544031, SB loss: 1.006990
2025-03-29 10:42:48,025 Epoch: [3/20] Iter:[120/192], Time: 0.55, lr: [0.00835287883552571], Loss: 4.320354, Acc:0.475678, Semantic loss: 1.753781, BCE loss: 1.564246, SB loss: 1.002326
2025-03-29 10:42:52,629 Epoch: [3/20] Iter:[130/192], Time: 0.54, lr: [0.008328964115760324], Loss: 4.320012, Acc:0.475517, Semantic loss: 1.751988, BCE loss: 1.556645, SB loss: 1.011379
2025-03-29 10:42:57,218 Epoch: [3/20] Iter:[140/192], Time: 0.53, lr: [0.008305041764029988], Loss: 4.324459, Acc:0.473991, Semantic loss: 1.754986, BCE loss: 1.553165, SB loss: 1.016308
2025-03-29 10:43:01,748 Epoch: [3/20] Iter:[150/192], Time: 0.53, lr: [0.008281111753457188], Loss: 4.325339, Acc:0.472719, Semantic loss: 1.759822, BCE loss: 1.545489, SB loss: 1.020028
2025-03-29 10:43:06,546 Epoch: [3/20] Iter:[160/192], Time: 0.52, lr: [0.008257174056983133], Loss: 4.335734, Acc:0.473735, Semantic loss: 1.757604, BCE loss: 1.555637, SB loss: 1.022493
2025-03-29 10:43:11,163 Epoch: [3/20] Iter:[170/192], Time: 0.52, lr: [0.00823322864736593], Loss: 4.334551, Acc:0.474042, Semantic loss: 1.751988, BCE loss: 1.562289, SB loss: 1.020274
2025-03-29 10:43:15,921 Epoch: [3/20] Iter:[180/192], Time: 0.52, lr: [0.008209275497178764], Loss: 4.324375, Acc:0.475729, Semantic loss: 1.750466, BCE loss: 1.556986, SB loss: 1.016923
2025-03-29 10:43:20,526 Epoch: [3/20] Iter:[190/192], Time: 0.52, lr: [0.008185314578808021], Loss: 4.317824, Acc:0.477147, Semantic loss: 1.748233, BCE loss: 1.553324, SB loss: 1.016266
2025-03-29 10:45:24,834 0 [0.00000000e+00 5.07804240e-01 1.60117370e-01 2.42448980e-02
 2.52157095e-08 6.17478685e-05 1.20253876e-03] 0.09906154571217136
2025-03-29 10:45:24,835 1 [0.         0.5060673  0.18946739 0.03012717 0.00189305 0.00170001
 0.0016286 ] 0.10441193006118811
2025-03-29 10:45:24,842 => saving checkpoint to output\loveda\pidnet_small_loveda\aug_hf_gb_m_rbcheckpoint.pth.tar
2025-03-29 10:45:25,033 Loss: 4.547, MeanIU:  0.1044, Best_mIoU:  0.1044
2025-03-29 10:45:25,034 [0.         0.5060673  0.18946739 0.03012717 0.00189305 0.00170001
 0.0016286 ]
2025-03-29 10:45:36,279 Epoch: [4/20] Iter:[0/192], Time: 11.06, lr: [0.008180521460508584], Loss: 4.518924, Acc:0.465819, Semantic loss: 1.742292, BCE loss: 1.719746, SB loss: 1.056885
2025-03-29 10:45:40,621 Epoch: [4/20] Iter:[10/192], Time: 1.40, lr: [0.008156551183601795], Loss: 4.297136, Acc:0.473190, Semantic loss: 1.730404, BCE loss: 1.558484, SB loss: 1.008247
2025-03-29 10:45:45,466 Epoch: [4/20] Iter:[20/192], Time: 0.96, lr: [0.008132573077094668], Loss: 4.207206, Acc:0.468764, Semantic loss: 1.737845, BCE loss: 1.501163, SB loss: 0.968197
2025-03-29 10:45:49,832 Epoch: [4/20] Iter:[30/192], Time: 0.79, lr: [0.008108587112763079], Loss: 4.232310, Acc:0.472244, Semantic loss: 1.743928, BCE loss: 1.510742, SB loss: 0.977640
2025-03-29 10:45:54,596 Epoch: [4/20] Iter:[40/192], Time: 0.72, lr: [0.008084593262188028], Loss: 4.264275, Acc:0.481341, Semantic loss: 1.736876, BCE loss: 1.538983, SB loss: 0.988416
2025-03-29 10:45:59,162 Epoch: [4/20] Iter:[50/192], Time: 0.67, lr: [0.008060591496753653], Loss: 4.247889, Acc:0.481107, Semantic loss: 1.733156, BCE loss: 1.524239, SB loss: 0.990494
2025-03-29 10:46:03,973 Epoch: [4/20] Iter:[60/192], Time: 0.64, lr: [0.008036581787645204], Loss: 4.298456, Acc:0.478596, Semantic loss: 1.738766, BCE loss: 1.553194, SB loss: 1.006496
2025-03-29 10:46:08,519 Epoch: [4/20] Iter:[70/192], Time: 0.61, lr: [0.008012564105846994], Loss: 4.276115, Acc:0.474670, Semantic loss: 1.736249, BCE loss: 1.525222, SB loss: 1.014644
2025-03-29 10:46:13,126 Epoch: [4/20] Iter:[80/192], Time: 0.59, lr: [0.007988538422140333], Loss: 4.268061, Acc:0.477825, Semantic loss: 1.730972, BCE loss: 1.518992, SB loss: 1.018097
2025-03-29 10:46:17,713 Epoch: [4/20] Iter:[90/192], Time: 0.58, lr: [0.007964504707101411], Loss: 4.259322, Acc:0.478046, Semantic loss: 1.728478, BCE loss: 1.513479, SB loss: 1.017365
2025-03-29 10:46:22,486 Epoch: [4/20] Iter:[100/192], Time: 0.57, lr: [0.007940462931099176], Loss: 4.240742, Acc:0.483521, Semantic loss: 1.720133, BCE loss: 1.505791, SB loss: 1.014819
2025-03-29 10:46:26,985 Epoch: [4/20] Iter:[110/192], Time: 0.56, lr: [0.007916413064293163], Loss: 4.225884, Acc:0.488872, Semantic loss: 1.705351, BCE loss: 1.511031, SB loss: 1.009503
2025-03-29 10:46:31,592 Epoch: [4/20] Iter:[120/192], Time: 0.55, lr: [0.007892355076631318], Loss: 4.234514, Acc:0.491462, Semantic loss: 1.700460, BCE loss: 1.524050, SB loss: 1.010005
2025-03-29 10:46:36,009 Epoch: [4/20] Iter:[130/192], Time: 0.54, lr: [0.007868288937847752], Loss: 4.241518, Acc:0.489696, Semantic loss: 1.702684, BCE loss: 1.528727, SB loss: 1.010107
2025-03-29 10:46:40,746 Epoch: [4/20] Iter:[140/192], Time: 0.54, lr: [0.007844214617460508], Loss: 4.244168, Acc:0.493080, Semantic loss: 1.695062, BCE loss: 1.540973, SB loss: 1.008133
2025-03-29 10:46:45,336 Epoch: [4/20] Iter:[150/192], Time: 0.53, lr: [0.007820132084769268], Loss: 4.255042, Acc:0.489792, Semantic loss: 1.702810, BCE loss: 1.539884, SB loss: 1.012348
2025-03-29 10:46:50,131 Epoch: [4/20] Iter:[160/192], Time: 0.53, lr: [0.00779604130885303], Loss: 4.257669, Acc:0.490121, Semantic loss: 1.702840, BCE loss: 1.543055, SB loss: 1.011774
2025-03-29 10:46:54,607 Epoch: [4/20] Iter:[170/192], Time: 0.52, lr: [0.007771942258567773], Loss: 4.263750, Acc:0.490017, Semantic loss: 1.701171, BCE loss: 1.548765, SB loss: 1.013814
2025-03-29 10:46:59,185 Epoch: [4/20] Iter:[180/192], Time: 0.52, lr: [0.007747834902544056], Loss: 4.262418, Acc:0.489120, Semantic loss: 1.701510, BCE loss: 1.545215, SB loss: 1.015693
2025-03-29 10:47:03,648 Epoch: [4/20] Iter:[190/192], Time: 0.52, lr: [0.0077237192091846206], Loss: 4.277831, Acc:0.487062, Semantic loss: 1.708934, BCE loss: 1.546976, SB loss: 1.021921
2025-03-29 10:49:09,315 0 [0.         0.55858421 0.17945354 0.00250703 0.04511212 0.01622551
 0.00440142] 0.11518340318310157
2025-03-29 10:49:09,315 1 [0.         0.51986755 0.11900814 0.00858584 0.02811947 0.00198939
 0.00846132] 0.09800453132383209
2025-03-29 10:49:09,325 => saving checkpoint to output\loveda\pidnet_small_loveda\aug_hf_gb_m_rbcheckpoint.pth.tar
2025-03-29 10:49:09,457 Loss: 4.315, MeanIU:  0.0980, Best_mIoU:  0.1044
2025-03-29 10:49:09,458 [0.         0.51986755 0.11900814 0.00858584 0.02811947 0.00198939
 0.00846132]
2025-03-29 10:49:20,585 Epoch: [5/20] Iter:[0/192], Time: 10.94, lr: [0.007718895067235705], Loss: 3.748525, Acc:0.447187, Semantic loss: 1.526605, BCE loss: 1.307131, SB loss: 0.914789
2025-03-29 10:49:24,823 Epoch: [5/20] Iter:[10/192], Time: 1.38, lr: [0.007694769327040611], Loss: 4.235595, Acc:0.466152, Semantic loss: 1.713806, BCE loss: 1.544474, SB loss: 0.977316
2025-03-29 10:49:29,510 Epoch: [5/20] Iter:[20/192], Time: 0.95, lr: [0.00767063517918174], Loss: 4.205664, Acc:0.467490, Semantic loss: 1.754537, BCE loss: 1.474688, SB loss: 0.976438
2025-03-29 10:49:34,040 Epoch: [5/20] Iter:[30/192], Time: 0.79, lr: [0.007646492591316132], Loss: 4.113169, Acc:0.488049, Semantic loss: 1.692493, BCE loss: 1.457143, SB loss: 0.963532
2025-03-29 10:49:38,675 Epoch: [5/20] Iter:[40/192], Time: 0.71, lr: [0.007622341530862476], Loss: 4.135766, Acc:0.482027, Semantic loss: 1.709255, BCE loss: 1.467481, SB loss: 0.959029
2025-03-29 10:49:43,297 Epoch: [5/20] Iter:[50/192], Time: 0.66, lr: [0.0075981819649984985], Loss: 4.189615, Acc:0.480101, Semantic loss: 1.720814, BCE loss: 1.510296, SB loss: 0.958505
2025-03-29 10:49:47,985 Epoch: [5/20] Iter:[60/192], Time: 0.63, lr: [0.007574013860658317], Loss: 4.150099, Acc:0.482743, Semantic loss: 1.701189, BCE loss: 1.494242, SB loss: 0.954668
2025-03-29 10:49:52,547 Epoch: [5/20] Iter:[70/192], Time: 0.60, lr: [0.007549837184529776], Loss: 4.176138, Acc:0.481547, Semantic loss: 1.699063, BCE loss: 1.511105, SB loss: 0.965970
2025-03-29 10:49:57,258 Epoch: [5/20] Iter:[80/192], Time: 0.59, lr: [0.0075256519030517215], Loss: 4.193336, Acc:0.480900, Semantic loss: 1.701517, BCE loss: 1.510767, SB loss: 0.981052
2025-03-29 10:50:01,763 Epoch: [5/20] Iter:[90/192], Time: 0.57, lr: [0.007501457982411236], Loss: 4.173603, Acc:0.483404, Semantic loss: 1.692094, BCE loss: 1.498044, SB loss: 0.983465
2025-03-29 10:50:06,612 Epoch: [5/20] Iter:[100/192], Time: 0.56, lr: [0.0074772553885408604], Loss: 4.179901, Acc:0.486916, Semantic loss: 1.685834, BCE loss: 1.501340, SB loss: 0.992728
2025-03-29 10:50:11,177 Epoch: [5/20] Iter:[110/192], Time: 0.55, lr: [0.007453044087115737], Loss: 4.210460, Acc:0.483892, Semantic loss: 1.700523, BCE loss: 1.505101, SB loss: 1.004836
2025-03-29 10:50:15,885 Epoch: [5/20] Iter:[120/192], Time: 0.55, lr: [0.007428824043550734], Loss: 4.200017, Acc:0.482929, Semantic loss: 1.694670, BCE loss: 1.504901, SB loss: 1.000446
2025-03-29 10:50:20,409 Epoch: [5/20] Iter:[130/192], Time: 0.54, lr: [0.007404595222997526], Loss: 4.211201, Acc:0.480506, Semantic loss: 1.701359, BCE loss: 1.506986, SB loss: 1.002856
2025-03-29 10:50:24,956 Epoch: [5/20] Iter:[140/192], Time: 0.53, lr: [0.007380357590341623], Loss: 4.219268, Acc:0.484039, Semantic loss: 1.696585, BCE loss: 1.516629, SB loss: 1.006053
2025-03-29 10:50:29,676 Epoch: [5/20] Iter:[150/192], Time: 0.53, lr: [0.007356111110199354], Loss: 4.224059, Acc:0.483926, Semantic loss: 1.697590, BCE loss: 1.518354, SB loss: 1.008115
2025-03-29 10:50:34,305 Epoch: [5/20] Iter:[160/192], Time: 0.53, lr: [0.00733185574691482], Loss: 4.235110, Acc:0.485492, Semantic loss: 1.694759, BCE loss: 1.526726, SB loss: 1.013625
2025-03-29 10:50:38,917 Epoch: [5/20] Iter:[170/192], Time: 0.52, lr: [0.007307591464556783], Loss: 4.225697, Acc:0.487775, Semantic loss: 1.691485, BCE loss: 1.527158, SB loss: 1.007054
2025-03-29 10:50:43,663 Epoch: [5/20] Iter:[180/192], Time: 0.52, lr: [0.007283318226915514], Loss: 4.246923, Acc:0.485799, Semantic loss: 1.698644, BCE loss: 1.537665, SB loss: 1.010613
2025-03-29 10:50:48,321 Epoch: [5/20] Iter:[190/192], Time: 0.52, lr: [0.007259035997499604], Loss: 4.242529, Acc:0.487348, Semantic loss: 1.695783, BCE loss: 1.538195, SB loss: 1.008551
2025-03-29 10:52:53,825 0 [0.         0.53755568 0.14883681 0.00363946 0.05484745 0.01100966
 0.01698439] 0.11041049280343333
2025-03-29 10:52:53,826 1 [0.00000000e+00 5.30150679e-01 1.33643605e-01 1.44220716e-02
 2.24898360e-02 3.44866400e-04 1.35602219e-05] 0.10015208830458334
2025-03-29 10:52:53,833 => saving checkpoint to output\loveda\pidnet_small_loveda\aug_hf_gb_m_rbcheckpoint.pth.tar
2025-03-29 10:52:53,969 Loss: 4.322, MeanIU:  0.1002, Best_mIoU:  0.1044
2025-03-29 10:52:53,970 [0.00000000e+00 5.30150679e-01 1.33643605e-01 1.44220716e-02
 2.24898360e-02 3.44866400e-04 1.35602219e-05]
2025-03-29 10:53:05,104 Epoch: [6/20] Iter:[0/192], Time: 10.95, lr: [0.007254178469372199], Loss: 4.636863, Acc:0.492772, Semantic loss: 1.797650, BCE loss: 1.705176, SB loss: 1.134038
2025-03-29 10:53:09,457 Epoch: [6/20] Iter:[10/192], Time: 1.39, lr: [0.007229885401256642], Loss: 4.134342, Acc:0.499187, Semantic loss: 1.638522, BCE loss: 1.459320, SB loss: 1.036500
2025-03-29 10:53:14,130 Epoch: [6/20] Iter:[20/192], Time: 0.95, lr: [0.0072055832600777334], Loss: 4.159309, Acc:0.480629, Semantic loss: 1.664338, BCE loss: 1.466124, SB loss: 1.028847
2025-03-29 10:53:18,723 Epoch: [6/20] Iter:[30/192], Time: 0.79, lr: [0.007181272008420604], Loss: 4.192448, Acc:0.489846, Semantic loss: 1.686929, BCE loss: 1.469625, SB loss: 1.035894
2025-03-29 10:53:23,470 Epoch: [6/20] Iter:[40/192], Time: 0.71, lr: [0.007156951608574727], Loss: 4.211480, Acc:0.487501, Semantic loss: 1.686803, BCE loss: 1.483966, SB loss: 1.040712
2025-03-29 10:53:28,023 Epoch: [6/20] Iter:[50/192], Time: 0.66, lr: [0.007132622022530447], Loss: 4.192400, Acc:0.485235, Semantic loss: 1.699116, BCE loss: 1.459020, SB loss: 1.034264
2025-03-29 10:53:32,775 Epoch: [6/20] Iter:[60/192], Time: 0.63, lr: [0.007108283211975477], Loss: 4.226458, Acc:0.489049, Semantic loss: 1.703243, BCE loss: 1.509720, SB loss: 1.013496
2025-03-29 10:53:37,307 Epoch: [6/20] Iter:[70/192], Time: 0.61, lr: [0.007083935138291319], Loss: 4.220693, Acc:0.488574, Semantic loss: 1.704286, BCE loss: 1.500171, SB loss: 1.016236
2025-03-29 10:53:42,114 Epoch: [6/20] Iter:[80/192], Time: 0.59, lr: [0.007059577762549636], Loss: 4.219909, Acc:0.492033, Semantic loss: 1.694256, BCE loss: 1.510473, SB loss: 1.015181
2025-03-29 10:53:46,614 Epoch: [6/20] Iter:[90/192], Time: 0.58, lr: [0.007035211045508576], Loss: 4.209576, Acc:0.493981, Semantic loss: 1.684653, BCE loss: 1.519000, SB loss: 1.005923
2025-03-29 10:53:51,365 Epoch: [6/20] Iter:[100/192], Time: 0.57, lr: [0.0070108349476090265], Loss: 4.224371, Acc:0.495183, Semantic loss: 1.680120, BCE loss: 1.533703, SB loss: 1.010549
2025-03-29 10:53:55,846 Epoch: [6/20] Iter:[110/192], Time: 0.56, lr: [0.00698644942897081], Loss: 4.220921, Acc:0.491723, Semantic loss: 1.681952, BCE loss: 1.530286, SB loss: 1.008683
2025-03-29 10:54:00,528 Epoch: [6/20] Iter:[120/192], Time: 0.55, lr: [0.006962054449388827], Loss: 4.237435, Acc:0.490062, Semantic loss: 1.690972, BCE loss: 1.535165, SB loss: 1.011298
2025-03-29 10:54:05,132 Epoch: [6/20] Iter:[130/192], Time: 0.54, lr: [0.006937649968329135], Loss: 4.253986, Acc:0.487452, Semantic loss: 1.697431, BCE loss: 1.543296, SB loss: 1.013258
2025-03-29 10:54:09,819 Epoch: [6/20] Iter:[140/192], Time: 0.54, lr: [0.006913235944924954], Loss: 4.259547, Acc:0.489006, Semantic loss: 1.694250, BCE loss: 1.555425, SB loss: 1.009872
2025-03-29 10:54:14,390 Epoch: [6/20] Iter:[150/192], Time: 0.53, lr: [0.006888812337972621], Loss: 4.256593, Acc:0.487452, Semantic loss: 1.698670, BCE loss: 1.549197, SB loss: 1.008726
2025-03-29 10:54:19,004 Epoch: [6/20] Iter:[160/192], Time: 0.53, lr: [0.00686437910592748], Loss: 4.244012, Acc:0.486101, Semantic loss: 1.698236, BCE loss: 1.544455, SB loss: 1.001321
2025-03-29 10:54:23,460 Epoch: [6/20] Iter:[170/192], Time: 0.52, lr: [0.00683993620689969], Loss: 4.240678, Acc:0.486748, Semantic loss: 1.695454, BCE loss: 1.542392, SB loss: 1.002831
2025-03-29 10:54:28,045 Epoch: [6/20] Iter:[180/192], Time: 0.52, lr: [0.0068154835986499775], Loss: 4.234863, Acc:0.488794, Semantic loss: 1.690629, BCE loss: 1.541770, SB loss: 1.002464
2025-03-29 10:54:32,567 Epoch: [6/20] Iter:[190/192], Time: 0.52, lr: [0.006791021238585323], Loss: 4.223135, Acc:0.489674, Semantic loss: 1.688132, BCE loss: 1.536469, SB loss: 0.998535
2025-03-29 10:56:36,779 0 [0.         0.5497447  0.15349495 0.04293615 0.08836369 0.05356249
 0.00371653] 0.12740264474808183
2025-03-29 10:56:36,779 1 [0.00000000e+00 5.43863256e-01 1.40935071e-01 6.66154151e-02
 7.91294838e-02 2.23175630e-02 1.11205778e-04] 0.12185314210261822
2025-03-29 10:56:36,784 => saving checkpoint to output\loveda\pidnet_small_loveda\aug_hf_gb_m_rbcheckpoint.pth.tar
2025-03-29 10:56:36,910 Loss: 3.976, MeanIU:  0.1219, Best_mIoU:  0.1219
2025-03-29 10:56:36,910 [0.00000000e+00 5.43863256e-01 1.40935071e-01 6.66154151e-02
 7.91294838e-02 2.23175630e-02 1.11205778e-04]
2025-03-29 10:56:47,215 Epoch: [7/20] Iter:[0/192], Time: 10.11, lr: [0.006786127592581251], Loss: 4.799569, Acc:0.470623, Semantic loss: 1.601545, BCE loss: 2.071653, SB loss: 1.126372
2025-03-29 10:56:51,085 Epoch: [7/20] Iter:[10/192], Time: 1.27, lr: [0.006761653473611295], Loss: 4.009366, Acc:0.495525, Semantic loss: 1.557974, BCE loss: 1.533192, SB loss: 0.918200
2025-03-29 10:56:54,946 Epoch: [7/20] Iter:[20/192], Time: 0.85, lr: [0.006737169507854796], Loss: 4.056063, Acc:0.506766, Semantic loss: 1.567513, BCE loss: 1.573173, SB loss: 0.915377
2025-03-29 10:56:58,807 Epoch: [7/20] Iter:[30/192], Time: 0.70, lr: [0.006712675651556858], Loss: 4.123895, Acc:0.511215, Semantic loss: 1.595296, BCE loss: 1.574197, SB loss: 0.954402
2025-03-29 10:57:02,700 Epoch: [7/20] Iter:[40/192], Time: 0.62, lr: [0.006688171860589905], Loss: 4.083602, Acc:0.502577, Semantic loss: 1.598473, BCE loss: 1.526363, SB loss: 0.958766
2025-03-29 10:57:06,594 Epoch: [7/20] Iter:[50/192], Time: 0.58, lr: [0.0066636580904489585], Loss: 4.119426, Acc:0.497787, Semantic loss: 1.612050, BCE loss: 1.532759, SB loss: 0.974617
2025-03-29 10:57:10,492 Epoch: [7/20] Iter:[60/192], Time: 0.55, lr: [0.006639134296246874], Loss: 4.145011, Acc:0.496279, Semantic loss: 1.615988, BCE loss: 1.538739, SB loss: 0.990284
2025-03-29 10:57:14,384 Epoch: [7/20] Iter:[70/192], Time: 0.53, lr: [0.0066146004327094585], Loss: 4.171138, Acc:0.490391, Semantic loss: 1.633684, BCE loss: 1.532657, SB loss: 1.004797
2025-03-29 10:57:18,311 Epoch: [7/20] Iter:[80/192], Time: 0.51, lr: [0.006590056454170537], Loss: 4.193769, Acc:0.489988, Semantic loss: 1.639839, BCE loss: 1.542011, SB loss: 1.011918
2025-03-29 10:57:22,198 Epoch: [7/20] Iter:[90/192], Time: 0.50, lr: [0.006565502314566912], Loss: 4.197905, Acc:0.491101, Semantic loss: 1.649103, BCE loss: 1.529898, SB loss: 1.018904
2025-03-29 10:57:26,082 Epoch: [7/20] Iter:[100/192], Time: 0.48, lr: [0.006540937967433255], Loss: 4.188553, Acc:0.490205, Semantic loss: 1.646065, BCE loss: 1.528156, SB loss: 1.014332
2025-03-29 10:57:29,984 Epoch: [7/20] Iter:[110/192], Time: 0.48, lr: [0.006516363365896894], Loss: 4.179474, Acc:0.491547, Semantic loss: 1.642549, BCE loss: 1.522288, SB loss: 1.014637
2025-03-29 10:57:33,882 Epoch: [7/20] Iter:[120/192], Time: 0.47, lr: [0.006491778462672531], Loss: 4.178064, Acc:0.492686, Semantic loss: 1.636994, BCE loss: 1.530115, SB loss: 1.010955
2025-03-29 10:57:37,761 Epoch: [7/20] Iter:[130/192], Time: 0.46, lr: [0.006467183210056843], Loss: 4.186492, Acc:0.492178, Semantic loss: 1.638317, BCE loss: 1.536625, SB loss: 1.011549
2025-03-29 10:57:41,639 Epoch: [7/20] Iter:[140/192], Time: 0.46, lr: [0.006442577559923017], Loss: 4.179872, Acc:0.493588, Semantic loss: 1.635490, BCE loss: 1.536019, SB loss: 1.008363
2025-03-29 10:57:45,538 Epoch: [7/20] Iter:[150/192], Time: 0.45, lr: [0.006417961463715172], Loss: 4.174887, Acc:0.493320, Semantic loss: 1.637284, BCE loss: 1.525843, SB loss: 1.011760
2025-03-29 10:57:49,435 Epoch: [7/20] Iter:[160/192], Time: 0.45, lr: [0.006393334872442681], Loss: 4.180544, Acc:0.493239, Semantic loss: 1.643187, BCE loss: 1.525703, SB loss: 1.011654
2025-03-29 10:57:53,334 Epoch: [7/20] Iter:[170/192], Time: 0.45, lr: [0.006368697736674411], Loss: 4.183760, Acc:0.494549, Semantic loss: 1.649819, BCE loss: 1.524051, SB loss: 1.009890
2025-03-29 10:57:57,237 Epoch: [7/20] Iter:[180/192], Time: 0.44, lr: [0.006344050006532848], Loss: 4.193166, Acc:0.493322, Semantic loss: 1.654269, BCE loss: 1.528789, SB loss: 1.010107
2025-03-29 10:58:01,132 Epoch: [7/20] Iter:[190/192], Time: 0.44, lr: [0.006319391631688114], Loss: 4.187656, Acc:0.495444, Semantic loss: 1.651101, BCE loss: 1.529575, SB loss: 1.006980
2025-03-29 10:59:34,915 0 [0.         0.55318099 0.14708022 0.0445675  0.01551806 0.08848776
 0.00342395] 0.12175121081657174
2025-03-29 10:59:34,915 1 [0.         0.48887404 0.12063852 0.04535359 0.03240577 0.01672021
 0.01376113] 0.10253618098461552
2025-03-29 10:59:34,920 => saving checkpoint to output\loveda\pidnet_small_loveda\aug_hf_gb_m_rbcheckpoint.pth.tar
2025-03-29 10:59:34,997 Loss: 4.406, MeanIU:  0.1025, Best_mIoU:  0.1219
2025-03-29 10:59:34,997 [0.         0.48887404 0.12063852 0.04535359 0.03240577 0.01672021
 0.01376113]
2025-03-29 10:59:45,377 Epoch: [8/20] Iter:[0/192], Time: 10.19, lr: [0.006314458674893553], Loss: 4.232347, Acc:0.551314, Semantic loss: 1.550293, BCE loss: 1.837231, SB loss: 0.844822
2025-03-29 10:59:49,234 Epoch: [8/20] Iter:[10/192], Time: 1.28, lr: [0.006289787459323657], Loss: 4.184243, Acc:0.515437, Semantic loss: 1.632278, BCE loss: 1.545833, SB loss: 1.006132
2025-03-29 10:59:53,071 Epoch: [8/20] Iter:[20/192], Time: 0.85, lr: [0.006265105486702424], Loss: 4.245030, Acc:0.494154, Semantic loss: 1.697794, BCE loss: 1.518568, SB loss: 1.028668
2025-03-29 10:59:56,902 Epoch: [8/20] Iter:[30/192], Time: 0.70, lr: [0.006240412705211017], Loss: 4.199333, Acc:0.491010, Semantic loss: 1.678065, BCE loss: 1.497715, SB loss: 1.023553
2025-03-29 11:00:00,746 Epoch: [8/20] Iter:[40/192], Time: 0.62, lr: [0.006215709062551949], Loss: 4.171646, Acc:0.494273, Semantic loss: 1.653286, BCE loss: 1.507464, SB loss: 1.010895
2025-03-29 11:00:04,591 Epoch: [8/20] Iter:[50/192], Time: 0.58, lr: [0.006190994505942529], Loss: 4.148041, Acc:0.491373, Semantic loss: 1.664252, BCE loss: 1.479297, SB loss: 1.004491
2025-03-29 11:00:08,423 Epoch: [8/20] Iter:[60/192], Time: 0.54, lr: [0.006166268982108192], Loss: 4.143495, Acc:0.490453, Semantic loss: 1.669339, BCE loss: 1.466141, SB loss: 1.008015
2025-03-29 11:00:12,263 Epoch: [8/20] Iter:[70/192], Time: 0.52, lr: [0.006141532437275693], Loss: 4.124987, Acc:0.488191, Semantic loss: 1.665153, BCE loss: 1.459452, SB loss: 1.000382
2025-03-29 11:00:16,104 Epoch: [8/20] Iter:[80/192], Time: 0.51, lr: [0.006116784817166194], Loss: 4.126932, Acc:0.487217, Semantic loss: 1.662888, BCE loss: 1.463424, SB loss: 1.000620
2025-03-29 11:00:19,968 Epoch: [8/20] Iter:[90/192], Time: 0.49, lr: [0.006092026066988214], Loss: 4.151580, Acc:0.489768, Semantic loss: 1.668116, BCE loss: 1.486157, SB loss: 0.997308
2025-03-29 11:00:23,791 Epoch: [8/20] Iter:[100/192], Time: 0.48, lr: [0.006067256131430442], Loss: 4.147759, Acc:0.490446, Semantic loss: 1.660265, BCE loss: 1.497514, SB loss: 0.989979
2025-03-29 11:00:27,630 Epoch: [8/20] Iter:[110/192], Time: 0.47, lr: [0.00604247495465443], Loss: 4.152537, Acc:0.492222, Semantic loss: 1.653770, BCE loss: 1.506003, SB loss: 0.992765
2025-03-29 11:00:31,480 Epoch: [8/20] Iter:[120/192], Time: 0.47, lr: [0.006017682480287143], Loss: 4.156406, Acc:0.494691, Semantic loss: 1.653734, BCE loss: 1.504310, SB loss: 0.998361
2025-03-29 11:00:35,360 Epoch: [8/20] Iter:[130/192], Time: 0.46, lr: [0.00599287865141337], Loss: 4.151145, Acc:0.495382, Semantic loss: 1.652105, BCE loss: 1.503882, SB loss: 0.995158
2025-03-29 11:00:39,191 Epoch: [8/20] Iter:[140/192], Time: 0.45, lr: [0.005968063410567983], Loss: 4.152584, Acc:0.494555, Semantic loss: 1.650194, BCE loss: 1.502961, SB loss: 0.999429
2025-03-29 11:00:43,039 Epoch: [8/20] Iter:[150/192], Time: 0.45, lr: [0.00594323669972807], Loss: 4.152483, Acc:0.497381, Semantic loss: 1.645509, BCE loss: 1.511569, SB loss: 0.995405
2025-03-29 11:00:46,886 Epoch: [8/20] Iter:[160/192], Time: 0.45, lr: [0.005918398460304892], Loss: 4.155808, Acc:0.498237, Semantic loss: 1.645150, BCE loss: 1.513947, SB loss: 0.996711
2025-03-29 11:00:50,741 Epoch: [8/20] Iter:[170/192], Time: 0.44, lr: [0.0058935486331357125], Loss: 4.160446, Acc:0.498553, Semantic loss: 1.644426, BCE loss: 1.520014, SB loss: 0.996007
2025-03-29 11:00:54,573 Epoch: [8/20] Iter:[180/192], Time: 0.44, lr: [0.005868687158475447], Loss: 4.157837, Acc:0.499281, Semantic loss: 1.642284, BCE loss: 1.521900, SB loss: 0.993653
2025-03-29 11:00:58,389 Epoch: [8/20] Iter:[190/192], Time: 0.44, lr: [0.005843813975988169], Loss: 4.150559, Acc:0.500183, Semantic loss: 1.637631, BCE loss: 1.525286, SB loss: 0.987642
2025-03-29 11:02:31,851 0 [0.         0.55452244 0.15058837 0.05178127 0.21788394 0.00669544
 0.00635452] 0.14111799782989728
2025-03-29 11:02:31,851 1 [0.         0.46834814 0.15527726 0.04801417 0.21207201 0.0062079
 0.0105391 ] 0.12863694006068685
2025-03-29 11:02:31,856 => saving checkpoint to output\loveda\pidnet_small_loveda\aug_hf_gb_m_rbcheckpoint.pth.tar
2025-03-29 11:02:31,972 Loss: 4.056, MeanIU:  0.1286, Best_mIoU:  0.1286
2025-03-29 11:02:31,972 [0.         0.46834814 0.15527726 0.04801417 0.21207201 0.0062079
 0.0105391 ]
2025-03-29 11:02:42,284 Epoch: [9/20] Iter:[0/192], Time: 10.12, lr: [0.0058388379291998025], Loss: 3.922153, Acc:0.549806, Semantic loss: 1.516244, BCE loss: 1.631818, SB loss: 0.774092
2025-03-29 11:02:46,134 Epoch: [9/20] Iter:[10/192], Time: 1.27, lr: [0.0058139506168319475], Loss: 3.936604, Acc:0.507925, Semantic loss: 1.583614, BCE loss: 1.451271, SB loss: 0.901719
2025-03-29 11:02:49,962 Epoch: [9/20] Iter:[20/192], Time: 0.85, lr: [0.005789051461775303], Loss: 4.004756, Acc:0.505757, Semantic loss: 1.605490, BCE loss: 1.467970, SB loss: 0.931296
2025-03-29 11:02:53,795 Epoch: [9/20] Iter:[30/192], Time: 0.70, lr: [0.005764140401744157], Loss: 4.085342, Acc:0.500694, Semantic loss: 1.625573, BCE loss: 1.476223, SB loss: 0.983546
2025-03-29 11:02:57,633 Epoch: [9/20] Iter:[40/192], Time: 0.62, lr: [0.005739217373824397], Loss: 4.090893, Acc:0.498485, Semantic loss: 1.628079, BCE loss: 1.490267, SB loss: 0.972546
2025-03-29 11:03:01,487 Epoch: [9/20] Iter:[50/192], Time: 0.57, lr: [0.005714282314464109], Loss: 4.121122, Acc:0.501113, Semantic loss: 1.617522, BCE loss: 1.528966, SB loss: 0.974634
2025-03-29 11:03:05,332 Epoch: [9/20] Iter:[60/192], Time: 0.54, lr: [0.005689335159463984], Loss: 4.128564, Acc:0.500492, Semantic loss: 1.629867, BCE loss: 1.516503, SB loss: 0.982195
2025-03-29 11:03:09,150 Epoch: [9/20] Iter:[70/192], Time: 0.52, lr: [0.0056643758439675305], Loss: 4.133909, Acc:0.497248, Semantic loss: 1.630762, BCE loss: 1.519377, SB loss: 0.983770
2025-03-29 11:03:13,005 Epoch: [9/20] Iter:[80/192], Time: 0.50, lr: [0.005639404302451105], Loss: 4.117231, Acc:0.501435, Semantic loss: 1.624378, BCE loss: 1.508114, SB loss: 0.984739
2025-03-29 11:03:16,869 Epoch: [9/20] Iter:[90/192], Time: 0.49, lr: [0.005614420468713722], Loss: 4.137262, Acc:0.497881, Semantic loss: 1.636385, BCE loss: 1.507750, SB loss: 0.993127
2025-03-29 11:03:20,751 Epoch: [9/20] Iter:[100/192], Time: 0.48, lr: [0.005589424275866668], Loss: 4.134335, Acc:0.499309, Semantic loss: 1.636205, BCE loss: 1.508926, SB loss: 0.989204
2025-03-29 11:03:24,675 Epoch: [9/20] Iter:[110/192], Time: 0.47, lr: [0.005564415656322913], Loss: 4.143228, Acc:0.498556, Semantic loss: 1.637119, BCE loss: 1.520053, SB loss: 0.986056
2025-03-29 11:03:28,606 Epoch: [9/20] Iter:[120/192], Time: 0.47, lr: [0.00553939454178628], Loss: 4.145730, Acc:0.499483, Semantic loss: 1.633942, BCE loss: 1.529031, SB loss: 0.982756
2025-03-29 11:03:32,542 Epoch: [9/20] Iter:[130/192], Time: 0.46, lr: [0.005514360863240413], Loss: 4.129624, Acc:0.498880, Semantic loss: 1.632405, BCE loss: 1.523450, SB loss: 0.973769
2025-03-29 11:03:36,416 Epoch: [9/20] Iter:[140/192], Time: 0.46, lr: [0.005489314550937511], Loss: 4.115662, Acc:0.502123, Semantic loss: 1.622359, BCE loss: 1.522785, SB loss: 0.970518
2025-03-29 11:03:40,266 Epoch: [9/20] Iter:[150/192], Time: 0.45, lr: [0.005464255534386825], Loss: 4.107401, Acc:0.503719, Semantic loss: 1.615034, BCE loss: 1.521449, SB loss: 0.970918
2025-03-29 11:03:44,116 Epoch: [9/20] Iter:[160/192], Time: 0.45, lr: [0.005439183742342914], Loss: 4.119709, Acc:0.503494, Semantic loss: 1.617523, BCE loss: 1.529062, SB loss: 0.973124
2025-03-29 11:03:47,955 Epoch: [9/20] Iter:[170/192], Time: 0.44, lr: [0.00541409910279366], Loss: 4.115020, Acc:0.502328, Semantic loss: 1.614768, BCE loss: 1.531927, SB loss: 0.968325
2025-03-29 11:03:51,798 Epoch: [9/20] Iter:[180/192], Time: 0.44, lr: [0.005389001542948025], Loss: 4.127645, Acc:0.501630, Semantic loss: 1.620894, BCE loss: 1.534414, SB loss: 0.972337
2025-03-29 11:03:55,618 Epoch: [9/20] Iter:[190/192], Time: 0.44, lr: [0.005363890989223547], Loss: 4.118257, Acc:0.501167, Semantic loss: 1.619906, BCE loss: 1.523553, SB loss: 0.974798
2025-03-29 11:05:28,812 0 [0.         0.53082344 0.20720074 0.05598436 0.1825877  0.09858077
 0.0114114 ] 0.15522691600640517
2025-03-29 11:05:28,813 1 [0.         0.46763898 0.19196172 0.06788895 0.19809565 0.11228967
 0.00653825] 0.14920188709555027
2025-03-29 11:05:28,818 => saving checkpoint to output\loveda\pidnet_small_loveda\aug_hf_gb_m_rbcheckpoint.pth.tar
2025-03-29 11:05:28,945 Loss: 3.916, MeanIU:  0.1492, Best_mIoU:  0.1492
2025-03-29 11:05:28,945 [0.         0.46763898 0.19196172 0.06788895 0.19809565 0.11228967
 0.00653825]
2025-03-29 11:05:39,220 Epoch: [10/20] Iter:[0/192], Time: 10.08, lr: [0.005358867312681466], Loss: 3.993708, Acc:0.611704, Semantic loss: 1.498322, BCE loss: 1.602103, SB loss: 0.893283
2025-03-29 11:05:43,103 Epoch: [10/20] Iter:[10/192], Time: 1.27, lr: [0.005333741068040314], Loss: 4.243415, Acc:0.521919, Semantic loss: 1.610870, BCE loss: 1.637326, SB loss: 0.995218
2025-03-29 11:05:46,972 Epoch: [10/20] Iter:[20/192], Time: 0.85, lr: [0.0053086016647897714], Loss: 4.167666, Acc:0.517714, Semantic loss: 1.615868, BCE loss: 1.602331, SB loss: 0.949468
2025-03-29 11:05:50,856 Epoch: [10/20] Iter:[30/192], Time: 0.70, lr: [0.005283449026727663], Loss: 4.181158, Acc:0.508812, Semantic loss: 1.607959, BCE loss: 1.618341, SB loss: 0.954858
2025-03-29 11:05:54,781 Epoch: [10/20] Iter:[40/192], Time: 0.63, lr: [0.005258283076804885], Loss: 4.185831, Acc:0.514835, Semantic loss: 1.593561, BCE loss: 1.628272, SB loss: 0.963998
2025-03-29 11:05:58,637 Epoch: [10/20] Iter:[50/192], Time: 0.58, lr: [0.00523310373711144], Loss: 4.126943, Acc:0.513493, Semantic loss: 1.577336, BCE loss: 1.607420, SB loss: 0.942187
2025-03-29 11:06:02,472 Epoch: [10/20] Iter:[60/192], Time: 0.55, lr: [0.005207910928862159], Loss: 4.095453, Acc:0.514982, Semantic loss: 1.573859, BCE loss: 1.591543, SB loss: 0.930050
2025-03-29 11:06:06,328 Epoch: [10/20] Iter:[70/192], Time: 0.52, lr: [0.005182704572382109], Loss: 4.062721, Acc:0.515562, Semantic loss: 1.573612, BCE loss: 1.566245, SB loss: 0.922864
2025-03-29 11:06:10,199 Epoch: [10/20] Iter:[80/192], Time: 0.51, lr: [0.005157484587091684], Loss: 4.079645, Acc:0.515548, Semantic loss: 1.575550, BCE loss: 1.569958, SB loss: 0.934138
2025-03-29 11:06:14,080 Epoch: [10/20] Iter:[90/192], Time: 0.49, lr: [0.005132250891491357], Loss: 4.064194, Acc:0.515048, Semantic loss: 1.573990, BCE loss: 1.561401, SB loss: 0.928803
2025-03-29 11:06:17,933 Epoch: [10/20] Iter:[100/192], Time: 0.48, lr: [0.005107003403146087], Loss: 4.040094, Acc:0.516317, Semantic loss: 1.570249, BCE loss: 1.541095, SB loss: 0.928750
2025-03-29 11:06:21,927 Epoch: [10/20] Iter:[110/192], Time: 0.48, lr: [0.005081742038669388], Loss: 4.049305, Acc:0.513597, Semantic loss: 1.576570, BCE loss: 1.541069, SB loss: 0.931667
2025-03-29 11:06:25,906 Epoch: [10/20] Iter:[120/192], Time: 0.47, lr: [0.005056466713707024], Loss: 4.051469, Acc:0.511739, Semantic loss: 1.583316, BCE loss: 1.528583, SB loss: 0.939570
2025-03-29 11:06:29,926 Epoch: [10/20] Iter:[130/192], Time: 0.46, lr: [0.005031177342920337], Loss: 4.062509, Acc:0.510037, Semantic loss: 1.589879, BCE loss: 1.522861, SB loss: 0.949769
2025-03-29 11:06:33,844 Epoch: [10/20] Iter:[140/192], Time: 0.46, lr: [0.005005873839969192], Loss: 4.066975, Acc:0.508569, Semantic loss: 1.592379, BCE loss: 1.513427, SB loss: 0.961168
2025-03-29 11:06:37,766 Epoch: [10/20] Iter:[150/192], Time: 0.45, lr: [0.00498055611749454], Loss: 4.078376, Acc:0.508119, Semantic loss: 1.597073, BCE loss: 1.514536, SB loss: 0.966767
2025-03-29 11:06:41,654 Epoch: [10/20] Iter:[160/192], Time: 0.45, lr: [0.004955224087100552], Loss: 4.077324, Acc:0.508953, Semantic loss: 1.594475, BCE loss: 1.516011, SB loss: 0.966838
2025-03-29 11:06:45,593 Epoch: [10/20] Iter:[170/192], Time: 0.45, lr: [0.004929877659336362], Loss: 4.073795, Acc:0.511083, Semantic loss: 1.591286, BCE loss: 1.517588, SB loss: 0.964922
2025-03-29 11:06:49,517 Epoch: [10/20] Iter:[180/192], Time: 0.44, lr: [0.004904516743677371], Loss: 4.075788, Acc:0.508920, Semantic loss: 1.595745, BCE loss: 1.513738, SB loss: 0.966305
2025-03-29 11:06:53,383 Epoch: [10/20] Iter:[190/192], Time: 0.44, lr: [0.00487914124850611], Loss: 4.078780, Acc:0.508892, Semantic loss: 1.595411, BCE loss: 1.518438, SB loss: 0.964931
2025-03-29 11:08:26,470 0 [0.         0.45009021 0.12693272 0.04295881 0.1994603  0.0146831
 0.02479368] 0.12270269067174142
2025-03-29 11:08:26,470 1 [0.         0.37714055 0.12494984 0.06480582 0.2781874  0.02526604
 0.01792027] 0.1268957032994716
2025-03-29 11:08:26,475 => saving checkpoint to output\loveda\pidnet_small_loveda\aug_hf_gb_m_rbcheckpoint.pth.tar
2025-03-29 11:08:26,551 Loss: 4.068, MeanIU:  0.1269, Best_mIoU:  0.1492
2025-03-29 11:08:26,551 [0.         0.37714055 0.12494984 0.06480582 0.2781874  0.02526604
 0.01792027]
2025-03-29 11:08:36,956 Epoch: [11/20] Iter:[0/192], Time: 10.21, lr: [0.004874064391789954], Loss: 4.084474, Acc:0.583380, Semantic loss: 1.494410, BCE loss: 1.660108, SB loss: 0.929956
2025-03-29 11:08:40,811 Epoch: [11/20] Iter:[10/192], Time: 1.28, lr: [0.004848671278701159], Loss: 3.971653, Acc:0.548269, Semantic loss: 1.499004, BCE loss: 1.576939, SB loss: 0.895710
2025-03-29 11:08:44,667 Epoch: [11/20] Iter:[20/192], Time: 0.85, lr: [0.0048232633805975296], Loss: 4.036386, Acc:0.520966, Semantic loss: 1.542878, BCE loss: 1.582378, SB loss: 0.911130
2025-03-29 11:08:48,536 Epoch: [11/20] Iter:[30/192], Time: 0.70, lr: [0.00479784060223045], Loss: 4.040658, Acc:0.516101, Semantic loss: 1.575830, BCE loss: 1.531935, SB loss: 0.932892
2025-03-29 11:08:52,405 Epoch: [11/20] Iter:[40/192], Time: 0.63, lr: [0.004772402847172951], Loss: 3.990557, Acc:0.521588, Semantic loss: 1.554302, BCE loss: 1.514126, SB loss: 0.922129
2025-03-29 11:08:56,269 Epoch: [11/20] Iter:[50/192], Time: 0.58, lr: [0.004746950017798064], Loss: 3.973834, Acc:0.526721, Semantic loss: 1.534277, BCE loss: 1.520654, SB loss: 0.918903
2025-03-29 11:09:00,122 Epoch: [11/20] Iter:[60/192], Time: 0.55, lr: [0.004721482015256639], Loss: 3.978751, Acc:0.526179, Semantic loss: 1.529647, BCE loss: 1.513699, SB loss: 0.935404
2025-03-29 11:09:04,021 Epoch: [11/20] Iter:[70/192], Time: 0.52, lr: [0.004695998739454633], Loss: 4.004613, Acc:0.528727, Semantic loss: 1.536995, BCE loss: 1.530049, SB loss: 0.937569
2025-03-29 11:09:07,998 Epoch: [11/20] Iter:[80/192], Time: 0.51, lr: [0.004670500089029817], Loss: 4.003032, Acc:0.526878, Semantic loss: 1.535794, BCE loss: 1.531321, SB loss: 0.935918
2025-03-29 11:09:11,895 Epoch: [11/20] Iter:[90/192], Time: 0.50, lr: [0.004644985961327915], Loss: 4.001395, Acc:0.523109, Semantic loss: 1.554310, BCE loss: 1.510685, SB loss: 0.936399
2025-03-29 11:09:15,790 Epoch: [11/20] Iter:[100/192], Time: 0.49, lr: [0.004619456252378151], Loss: 4.003829, Acc:0.521108, Semantic loss: 1.558718, BCE loss: 1.512866, SB loss: 0.932245
2025-03-29 11:09:19,750 Epoch: [11/20] Iter:[110/192], Time: 0.48, lr: [0.004593910856868159], Loss: 4.015032, Acc:0.521081, Semantic loss: 1.566079, BCE loss: 1.511277, SB loss: 0.937676
2025-03-29 11:09:23,640 Epoch: [11/20] Iter:[120/192], Time: 0.47, lr: [0.004568349668118281], Loss: 4.027209, Acc:0.519844, Semantic loss: 1.569590, BCE loss: 1.510587, SB loss: 0.947032
2025-03-29 11:09:27,539 Epoch: [11/20] Iter:[130/192], Time: 0.46, lr: [0.004542772578055196], Loss: 4.041199, Acc:0.516259, Semantic loss: 1.578098, BCE loss: 1.512886, SB loss: 0.950216
2025-03-29 11:09:31,424 Epoch: [11/20] Iter:[140/192], Time: 0.46, lr: [0.00451717947718487], Loss: 4.042503, Acc:0.517053, Semantic loss: 1.574778, BCE loss: 1.521983, SB loss: 0.945742
2025-03-29 11:09:35,287 Epoch: [11/20] Iter:[150/192], Time: 0.45, lr: [0.004491570254564817], Loss: 4.047276, Acc:0.514309, Semantic loss: 1.580360, BCE loss: 1.518629, SB loss: 0.948286
2025-03-29 11:09:39,166 Epoch: [11/20] Iter:[160/192], Time: 0.45, lr: [0.004465944797775636], Loss: 4.051503, Acc:0.513751, Semantic loss: 1.580075, BCE loss: 1.518900, SB loss: 0.952528
2025-03-29 11:09:43,045 Epoch: [11/20] Iter:[170/192], Time: 0.45, lr: [0.004440302992891796], Loss: 4.056880, Acc:0.513316, Semantic loss: 1.582915, BCE loss: 1.522341, SB loss: 0.951624
2025-03-29 11:09:46,901 Epoch: [11/20] Iter:[180/192], Time: 0.44, lr: [0.004414644724451659], Loss: 4.058839, Acc:0.511482, Semantic loss: 1.585144, BCE loss: 1.521682, SB loss: 0.952013
2025-03-29 11:09:50,758 Epoch: [11/20] Iter:[190/192], Time: 0.44, lr: [0.004388969875426714], Loss: 4.058873, Acc:0.510458, Semantic loss: 1.588975, BCE loss: 1.517886, SB loss: 0.952013
2025-03-29 11:11:24,750 0 [0.         0.53267682 0.12536218 0.07098631 0.20191159 0.08706953
 0.00782906] 0.14654792778085138
2025-03-29 11:11:24,751 1 [0.         0.41186474 0.12282823 0.12191735 0.24813084 0.11077805
 0.00949628] 0.14643078418941327
2025-03-29 11:11:24,757 => saving checkpoint to output\loveda\pidnet_small_loveda\aug_hf_gb_m_rbcheckpoint.pth.tar
2025-03-29 11:11:24,836 Loss: 4.029, MeanIU:  0.1464, Best_mIoU:  0.1492
2025-03-29 11:11:24,836 [0.         0.41186474 0.12282823 0.12191735 0.24813084 0.11077805
 0.00949628]
2025-03-29 11:11:35,490 Epoch: [12/20] Iter:[0/192], Time: 10.46, lr: [0.0043838329055408696], Loss: 3.979103, Acc:0.669969, Semantic loss: 1.369822, BCE loss: 1.729267, SB loss: 0.880015
2025-03-29 11:11:39,389 Epoch: [12/20] Iter:[10/192], Time: 1.31, lr: [0.004358138003083593], Loss: 4.145905, Acc:0.513114, Semantic loss: 1.561735, BCE loss: 1.673776, SB loss: 0.910394
2025-03-29 11:11:43,244 Epoch: [12/20] Iter:[20/192], Time: 0.87, lr: [0.0043324262569064236], Loss: 4.192074, Acc:0.502188, Semantic loss: 1.603244, BCE loss: 1.599095, SB loss: 0.989735
2025-03-29 11:11:47,120 Epoch: [12/20] Iter:[30/192], Time: 0.71, lr: [0.0043066975447503065], Loss: 4.155205, Acc:0.499798, Semantic loss: 1.624385, BCE loss: 1.553107, SB loss: 0.977713
2025-03-29 11:11:50,992 Epoch: [12/20] Iter:[40/192], Time: 0.63, lr: [0.00428095174265078], Loss: 4.142468, Acc:0.506414, Semantic loss: 1.622077, BCE loss: 1.561564, SB loss: 0.958827
2025-03-29 11:11:54,849 Epoch: [12/20] Iter:[50/192], Time: 0.58, lr: [0.004255188724902623], Loss: 4.150511, Acc:0.506660, Semantic loss: 1.621880, BCE loss: 1.568823, SB loss: 0.959808
2025-03-29 11:11:58,735 Epoch: [12/20] Iter:[60/192], Time: 0.55, lr: [0.004229408364023519], Loss: 4.148063, Acc:0.512764, Semantic loss: 1.610678, BCE loss: 1.580207, SB loss: 0.957178
2025-03-29 11:12:02,602 Epoch: [12/20] Iter:[70/192], Time: 0.53, lr: [0.004203610530716726], Loss: 4.118442, Acc:0.512720, Semantic loss: 1.604572, BCE loss: 1.563237, SB loss: 0.950633
2025-03-29 11:12:06,519 Epoch: [12/20] Iter:[80/192], Time: 0.51, lr: [0.004177795093832693], Loss: 4.108015, Acc:0.513319, Semantic loss: 1.601022, BCE loss: 1.559205, SB loss: 0.947788
2025-03-29 11:12:10,395 Epoch: [12/20] Iter:[90/192], Time: 0.50, lr: [0.004151961920329593], Loss: 4.097316, Acc:0.511598, Semantic loss: 1.612649, BCE loss: 1.544576, SB loss: 0.940091
2025-03-29 11:12:14,291 Epoch: [12/20] Iter:[100/192], Time: 0.49, lr: [0.004126110875232744], Loss: 4.100643, Acc:0.513004, Semantic loss: 1.608208, BCE loss: 1.551111, SB loss: 0.941324
2025-03-29 11:12:18,161 Epoch: [12/20] Iter:[110/192], Time: 0.48, lr: [0.004100241821592866], Loss: 4.084851, Acc:0.511812, Semantic loss: 1.603648, BCE loss: 1.540822, SB loss: 0.940381
2025-03-29 11:12:22,041 Epoch: [12/20] Iter:[120/192], Time: 0.47, lr: [0.00407435462044314], Loss: 4.074914, Acc:0.513182, Semantic loss: 1.597418, BCE loss: 1.541341, SB loss: 0.936155
2025-03-29 11:12:25,914 Epoch: [12/20] Iter:[130/192], Time: 0.46, lr: [0.004048449130755016], Loss: 4.067046, Acc:0.511706, Semantic loss: 1.594907, BCE loss: 1.541010, SB loss: 0.931129
2025-03-29 11:12:29,778 Epoch: [12/20] Iter:[140/192], Time: 0.46, lr: [0.004022525209392749], Loss: 4.059881, Acc:0.513378, Semantic loss: 1.588042, BCE loss: 1.544436, SB loss: 0.927403
2025-03-29 11:12:33,669 Epoch: [12/20] Iter:[150/192], Time: 0.45, lr: [0.003996582711066572], Loss: 4.048242, Acc:0.514910, Semantic loss: 1.579329, BCE loss: 1.543208, SB loss: 0.925705
2025-03-29 11:12:37,540 Epoch: [12/20] Iter:[160/192], Time: 0.45, lr: [0.003970621488284514], Loss: 4.043700, Acc:0.514294, Semantic loss: 1.576591, BCE loss: 1.534181, SB loss: 0.932928
2025-03-29 11:12:41,401 Epoch: [12/20] Iter:[170/192], Time: 0.45, lr: [0.003944641391302759], Loss: 4.045962, Acc:0.513291, Semantic loss: 1.580350, BCE loss: 1.529276, SB loss: 0.936336
2025-03-29 11:12:45,268 Epoch: [12/20] Iter:[180/192], Time: 0.44, lr: [0.003918642268074522], Loss: 4.039562, Acc:0.513388, Semantic loss: 1.581143, BCE loss: 1.516590, SB loss: 0.941830
2025-03-29 11:12:49,129 Epoch: [12/20] Iter:[190/192], Time: 0.44, lr: [0.003892623964197378], Loss: 4.036188, Acc:0.511924, Semantic loss: 1.580803, BCE loss: 1.515512, SB loss: 0.939873
2025-03-29 11:14:21,842 0 [0.         0.55354511 0.19195039 0.07900289 0.27282348 0.08335945
 0.01964658] 0.17147541360279175
2025-03-29 11:14:21,842 1 [0.         0.39301602 0.17144808 0.12288766 0.23610787 0.08205272
 0.02866533] 0.1477396691804813
2025-03-29 11:14:21,848 => saving checkpoint to output\loveda\pidnet_small_loveda\aug_hf_gb_m_rbcheckpoint.pth.tar
2025-03-29 11:14:21,933 Loss: 3.939, MeanIU:  0.1477, Best_mIoU:  0.1492
2025-03-29 11:14:21,934 [0.         0.39301602 0.17144808 0.12288766 0.23610787 0.08205272
 0.02866533]
2025-03-29 11:14:32,461 Epoch: [13/20] Iter:[0/192], Time: 10.34, lr: [0.0038874179879876346], Loss: 4.099185, Acc:0.584271, Semantic loss: 1.430462, BCE loss: 1.848329, SB loss: 0.820395
2025-03-29 11:14:36,326 Epoch: [13/20] Iter:[10/192], Time: 1.29, lr: [0.003861376460123532], Loss: 4.110264, Acc:0.530918, Semantic loss: 1.521080, BCE loss: 1.623731, SB loss: 0.965454
2025-03-29 11:14:40,181 Epoch: [13/20] Iter:[20/192], Time: 0.86, lr: [0.003835315403363414], Loss: 4.153480, Acc:0.510434, Semantic loss: 1.599203, BCE loss: 1.558391, SB loss: 0.995887
2025-03-29 11:14:44,064 Epoch: [13/20] Iter:[30/192], Time: 0.71, lr: [0.00380923465539378], Loss: 4.066549, Acc:0.521596, Semantic loss: 1.563111, BCE loss: 1.534427, SB loss: 0.969011
2025-03-29 11:14:47,922 Epoch: [13/20] Iter:[40/192], Time: 0.63, lr: [0.0037831340513060203], Loss: 4.061177, Acc:0.518216, Semantic loss: 1.556930, BCE loss: 1.547299, SB loss: 0.956947
2025-03-29 11:14:51,808 Epoch: [13/20] Iter:[50/192], Time: 0.58, lr: [0.003757013423534689], Loss: 4.056660, Acc:0.526531, Semantic loss: 1.553449, BCE loss: 1.556640, SB loss: 0.946570
2025-03-29 11:14:55,648 Epoch: [13/20] Iter:[60/192], Time: 0.55, lr: [0.003730872601793835], Loss: 4.029214, Acc:0.524497, Semantic loss: 1.539595, BCE loss: 1.554033, SB loss: 0.935586
2025-03-29 11:14:59,499 Epoch: [13/20] Iter:[70/192], Time: 0.53, lr: [0.0037047114130112895], Loss: 4.003596, Acc:0.526718, Semantic loss: 1.532703, BCE loss: 1.539009, SB loss: 0.931884
2025-03-29 11:15:03,352 Epoch: [13/20] Iter:[80/192], Time: 0.51, lr: [0.0036785296812608405], Loss: 4.021181, Acc:0.521315, Semantic loss: 1.560109, BCE loss: 1.510557, SB loss: 0.950515
2025-03-29 11:15:07,209 Epoch: [13/20] Iter:[90/192], Time: 0.50, lr: [0.003652327227692201], Loss: 4.036613, Acc:0.518804, Semantic loss: 1.563729, BCE loss: 1.525207, SB loss: 0.947677
2025-03-29 11:15:11,084 Epoch: [13/20] Iter:[100/192], Time: 0.48, lr: [0.0036261038704587037], Loss: 4.047304, Acc:0.516971, Semantic loss: 1.565442, BCE loss: 1.537234, SB loss: 0.944628
2025-03-29 11:15:14,952 Epoch: [13/20] Iter:[110/192], Time: 0.48, lr: [0.003599859424642584], Loss: 4.054978, Acc:0.515067, Semantic loss: 1.568179, BCE loss: 1.540376, SB loss: 0.946424
2025-03-29 11:15:18,813 Epoch: [13/20] Iter:[120/192], Time: 0.47, lr: [0.0035735937021778063], Loss: 4.047900, Acc:0.516648, Semantic loss: 1.564708, BCE loss: 1.535782, SB loss: 0.947410
2025-03-29 11:15:22,675 Epoch: [13/20] Iter:[130/192], Time: 0.46, lr: [0.0035473065117702885], Loss: 4.040792, Acc:0.516852, Semantic loss: 1.563461, BCE loss: 1.529405, SB loss: 0.947926
2025-03-29 11:15:26,548 Epoch: [13/20] Iter:[140/192], Time: 0.46, lr: [0.003520997658815433], Loss: 4.025183, Acc:0.519106, Semantic loss: 1.558995, BCE loss: 1.522765, SB loss: 0.943423
2025-03-29 11:15:30,415 Epoch: [13/20] Iter:[150/192], Time: 0.45, lr: [0.003494666945312851], Loss: 4.018402, Acc:0.518935, Semantic loss: 1.559318, BCE loss: 1.516650, SB loss: 0.942434
2025-03-29 11:15:34,286 Epoch: [13/20] Iter:[160/192], Time: 0.45, lr: [0.00346831416977816], Loss: 4.012068, Acc:0.518051, Semantic loss: 1.562742, BCE loss: 1.508471, SB loss: 0.940854
2025-03-29 11:15:38,173 Epoch: [13/20] Iter:[170/192], Time: 0.44, lr: [0.003441939127151716], Loss: 4.009428, Acc:0.520679, Semantic loss: 1.557353, BCE loss: 1.509519, SB loss: 0.942556
2025-03-29 11:15:42,042 Epoch: [13/20] Iter:[180/192], Time: 0.44, lr: [0.0034155416087041646], Loss: 4.003757, Acc:0.521313, Semantic loss: 1.554578, BCE loss: 1.508803, SB loss: 0.940376
2025-03-29 11:15:45,896 Epoch: [13/20] Iter:[190/192], Time: 0.44, lr: [0.0033891214019386652], Loss: 3.999782, Acc:0.521124, Semantic loss: 1.549394, BCE loss: 1.508096, SB loss: 0.942291
2025-03-29 11:17:19,501 0 [0.         0.5330151  0.17707113 0.08158433 0.25472433 0.07439096
 0.01452517] 0.16218728914858174
2025-03-29 11:17:19,501 1 [0.         0.34813396 0.17390769 0.12530263 0.21990661 0.06958579
 0.01303855] 0.1356964602263197
2025-03-29 11:17:19,507 => saving checkpoint to output\loveda\pidnet_small_loveda\aug_hf_gb_m_rbcheckpoint.pth.tar
2025-03-29 11:17:19,585 Loss: 4.144, MeanIU:  0.1357, Best_mIoU:  0.1492
2025-03-29 11:17:19,585 [0.         0.34813396 0.17390769 0.12530263 0.21990661 0.06958579
 0.01303855]
2025-03-29 11:17:29,978 Epoch: [14/20] Iter:[0/192], Time: 10.20, lr: [0.0033838346190164987], Loss: 4.039215, Acc:0.601270, Semantic loss: 1.336643, BCE loss: 1.714781, SB loss: 0.987792
2025-03-29 11:17:33,872 Epoch: [14/20] Iter:[10/192], Time: 1.28, lr: [0.0033573869003190927], Loss: 4.062670, Acc:0.535963, Semantic loss: 1.508707, BCE loss: 1.612851, SB loss: 0.941112
2025-03-29 11:17:37,760 Epoch: [14/20] Iter:[20/192], Time: 0.86, lr: [0.0033309160120447595], Loss: 4.033218, Acc:0.530517, Semantic loss: 1.511322, BCE loss: 1.549956, SB loss: 0.971941
2025-03-29 11:17:41,650 Epoch: [14/20] Iter:[30/192], Time: 0.71, lr: [0.0033044217289421207], Loss: 3.984869, Acc:0.529340, Semantic loss: 1.523372, BCE loss: 1.507577, SB loss: 0.953920
2025-03-29 11:17:45,549 Epoch: [14/20] Iter:[40/192], Time: 0.63, lr: [0.0032779038215418194], Loss: 3.990064, Acc:0.534262, Semantic loss: 1.520242, BCE loss: 1.520644, SB loss: 0.949178
2025-03-29 11:17:49,385 Epoch: [14/20] Iter:[50/192], Time: 0.58, lr: [0.0032513620560388795], Loss: 3.992183, Acc:0.525989, Semantic loss: 1.517472, BCE loss: 1.535877, SB loss: 0.938834
2025-03-29 11:17:53,249 Epoch: [14/20] Iter:[60/192], Time: 0.55, lr: [0.003224796194170671], Loss: 3.973627, Acc:0.530092, Semantic loss: 1.508062, BCE loss: 1.535384, SB loss: 0.930181
2025-03-29 11:17:57,099 Epoch: [14/20] Iter:[70/192], Time: 0.53, lr: [0.003198205993090303], Loss: 3.955277, Acc:0.526154, Semantic loss: 1.516135, BCE loss: 1.514651, SB loss: 0.924491
2025-03-29 11:18:00,965 Epoch: [14/20] Iter:[80/192], Time: 0.51, lr: [0.0031715912052352204], Loss: 3.957936, Acc:0.529840, Semantic loss: 1.512985, BCE loss: 1.522887, SB loss: 0.922064
2025-03-29 11:18:04,838 Epoch: [14/20] Iter:[90/192], Time: 0.50, lr: [0.0031449515781907557], Loss: 3.948837, Acc:0.532619, Semantic loss: 1.511955, BCE loss: 1.515318, SB loss: 0.921563
2025-03-29 11:18:08,699 Epoch: [14/20] Iter:[100/192], Time: 0.48, lr: [0.003118286854548424], Loss: 3.951919, Acc:0.530818, Semantic loss: 1.517119, BCE loss: 1.512180, SB loss: 0.922619
2025-03-29 11:18:12,564 Epoch: [14/20] Iter:[110/192], Time: 0.48, lr: [0.003091596771758693], Loss: 3.948918, Acc:0.532817, Semantic loss: 1.508681, BCE loss: 1.522425, SB loss: 0.917812
2025-03-29 11:18:16,429 Epoch: [14/20] Iter:[120/192], Time: 0.47, lr: [0.0030648810619779434], Loss: 3.966784, Acc:0.532658, Semantic loss: 1.514450, BCE loss: 1.530678, SB loss: 0.921655
2025-03-29 11:18:20,281 Epoch: [14/20] Iter:[130/192], Time: 0.46, lr: [0.0030381394519093602], Loss: 3.956201, Acc:0.531310, Semantic loss: 1.512198, BCE loss: 1.520379, SB loss: 0.923624
2025-03-29 11:18:24,162 Epoch: [14/20] Iter:[140/192], Time: 0.46, lr: [0.003011371662637431], Loss: 3.948332, Acc:0.531686, Semantic loss: 1.512710, BCE loss: 1.513409, SB loss: 0.922213
2025-03-29 11:18:28,014 Epoch: [14/20] Iter:[150/192], Time: 0.45, lr: [0.0029845774094557345], Loss: 3.947549, Acc:0.531225, Semantic loss: 1.511678, BCE loss: 1.516564, SB loss: 0.919307
2025-03-29 11:18:31,873 Epoch: [14/20] Iter:[160/192], Time: 0.45, lr: [0.002957756401687678], Loss: 3.940014, Acc:0.531026, Semantic loss: 1.513615, BCE loss: 1.511116, SB loss: 0.915283
2025-03-29 11:18:35,756 Epoch: [14/20] Iter:[170/192], Time: 0.44, lr: [0.002930908342499829], Loss: 3.946825, Acc:0.531913, Semantic loss: 1.512099, BCE loss: 1.514526, SB loss: 0.920200
2025-03-29 11:18:39,606 Epoch: [14/20] Iter:[180/192], Time: 0.44, lr: [0.002904032928707437], Loss: 3.947534, Acc:0.531012, Semantic loss: 1.514521, BCE loss: 1.511190, SB loss: 0.921823
2025-03-29 11:18:43,450 Epoch: [14/20] Iter:[190/192], Time: 0.44, lr: [0.0028771298505717554], Loss: 3.960845, Acc:0.528691, Semantic loss: 1.524610, BCE loss: 1.506989, SB loss: 0.929247
2025-03-29 11:20:15,974 0 [0.         0.54495861 0.15945825 0.13092924 0.31275855 0.11256345
 0.00948071] 0.18144983056159317
2025-03-29 11:20:15,974 1 [0.         0.40615169 0.1754892  0.18628732 0.26216338 0.25922336
 0.01657207] 0.1865552898015763
2025-03-29 11:20:15,980 => saving checkpoint to output\loveda\pidnet_small_loveda\aug_hf_gb_m_rbcheckpoint.pth.tar
2025-03-29 11:20:16,112 Loss: 4.160, MeanIU:  0.1866, Best_mIoU:  0.1866
2025-03-29 11:20:16,112 [0.         0.40615169 0.1754892  0.18628732 0.26216338 0.25922336
 0.01657207]
2025-03-29 11:20:26,706 Epoch: [15/20] Iter:[0/192], Time: 10.39, lr: [0.0028717458874925874], Loss: 3.750576, Acc:0.502147, Semantic loss: 1.404869, BCE loss: 1.543694, SB loss: 0.802013
2025-03-29 11:20:30,801 Epoch: [15/20] Iter:[10/192], Time: 1.32, lr: [0.0028448091937488323], Loss: 3.928415, Acc:0.506571, Semantic loss: 1.593321, BCE loss: 1.404738, SB loss: 0.930356
2025-03-29 11:20:34,737 Epoch: [15/20] Iter:[20/192], Time: 0.88, lr: [0.002817844130111582], Loss: 4.034351, Acc:0.511873, Semantic loss: 1.608689, BCE loss: 1.457730, SB loss: 0.967932
2025-03-29 11:20:38,692 Epoch: [15/20] Iter:[30/192], Time: 0.72, lr: [0.0027908503644035994], Loss: 4.070769, Acc:0.513348, Semantic loss: 1.609228, BCE loss: 1.517696, SB loss: 0.943845
2025-03-29 11:20:42,607 Epoch: [15/20] Iter:[40/192], Time: 0.64, lr: [0.0027638275569424097], Loss: 4.033738, Acc:0.511148, Semantic loss: 1.598380, BCE loss: 1.500372, SB loss: 0.934987
2025-03-29 11:20:46,502 Epoch: [15/20] Iter:[50/192], Time: 0.59, lr: [0.002736775360287257], Loss: 3.989411, Acc:0.515476, Semantic loss: 1.585198, BCE loss: 1.464817, SB loss: 0.939395
2025-03-29 11:20:50,412 Epoch: [15/20] Iter:[60/192], Time: 0.56, lr: [0.002709693418974644], Loss: 3.979273, Acc:0.518454, Semantic loss: 1.579973, BCE loss: 1.471566, SB loss: 0.927735
2025-03-29 11:20:54,277 Epoch: [15/20] Iter:[70/192], Time: 0.53, lr: [0.0026825813692418162], Loss: 3.930835, Acc:0.522596, Semantic loss: 1.555803, BCE loss: 1.456188, SB loss: 0.918844
2025-03-29 11:20:58,156 Epoch: [15/20] Iter:[80/192], Time: 0.52, lr: [0.0026554388387375], Loss: 3.940853, Acc:0.524254, Semantic loss: 1.552204, BCE loss: 1.462116, SB loss: 0.926533
2025-03-29 11:21:02,018 Epoch: [15/20] Iter:[90/192], Time: 0.50, lr: [0.002628265446219161], Loss: 3.933843, Acc:0.528695, Semantic loss: 1.546771, BCE loss: 1.464960, SB loss: 0.922112
2025-03-29 11:21:05,875 Epoch: [15/20] Iter:[100/192], Time: 0.49, lr: [0.002601060801235972], Loss: 3.940886, Acc:0.529153, Semantic loss: 1.549698, BCE loss: 1.468749, SB loss: 0.922439
2025-03-29 11:21:09,729 Epoch: [15/20] Iter:[110/192], Time: 0.48, lr: [0.002573824503796671], Loss: 3.937800, Acc:0.529319, Semantic loss: 1.539294, BCE loss: 1.480258, SB loss: 0.918247
2025-03-29 11:21:13,588 Epoch: [15/20] Iter:[120/192], Time: 0.47, lr: [0.00254655614402138], Loss: 3.951219, Acc:0.526931, Semantic loss: 1.539776, BCE loss: 1.490545, SB loss: 0.920898
2025-03-29 11:21:17,469 Epoch: [15/20] Iter:[130/192], Time: 0.47, lr: [0.0025192553017764118], Loss: 3.937035, Acc:0.528127, Semantic loss: 1.531809, BCE loss: 1.489162, SB loss: 0.916065
2025-03-29 11:21:21,323 Epoch: [15/20] Iter:[140/192], Time: 0.46, lr: [0.002491921546291034], Loss: 3.941105, Acc:0.528258, Semantic loss: 1.528107, BCE loss: 1.497833, SB loss: 0.915164
2025-03-29 11:21:25,184 Epoch: [15/20] Iter:[150/192], Time: 0.46, lr: [0.0024645544357550573], Loss: 3.949649, Acc:0.526768, Semantic loss: 1.532775, BCE loss: 1.497575, SB loss: 0.919298
2025-03-29 11:21:29,064 Epoch: [15/20] Iter:[160/192], Time: 0.45, lr: [0.002437153516896028], Loss: 3.947038, Acc:0.524871, Semantic loss: 1.535063, BCE loss: 1.493147, SB loss: 0.918829
2025-03-29 11:21:32,953 Epoch: [15/20] Iter:[170/192], Time: 0.45, lr: [0.0024097183245347467], Loss: 3.946532, Acc:0.527100, Semantic loss: 1.529523, BCE loss: 1.501960, SB loss: 0.915049
2025-03-29 11:21:36,831 Epoch: [15/20] Iter:[180/192], Time: 0.44, lr: [0.0023822483811177], Loss: 3.939466, Acc:0.528852, Semantic loss: 1.524452, BCE loss: 1.505882, SB loss: 0.909132
2025-03-29 11:21:40,677 Epoch: [15/20] Iter:[190/192], Time: 0.44, lr: [0.002354743196224891], Loss: 3.943531, Acc:0.528051, Semantic loss: 1.525345, BCE loss: 1.505530, SB loss: 0.912657
2025-03-29 11:23:13,104 0 [0.         0.53049204 0.19217442 0.10643732 0.2860894  0.041173
 0.05343394] 0.17282859005837953
2025-03-29 11:23:13,104 1 [0.         0.38309497 0.2118973  0.1875626  0.23329469 0.09930415
 0.08850246] 0.17195088103066755
2025-03-29 11:23:13,109 => saving checkpoint to output\loveda\pidnet_small_loveda\aug_hf_gb_m_rbcheckpoint.pth.tar
2025-03-29 11:23:13,186 Loss: 4.128, MeanIU:  0.1720, Best_mIoU:  0.1866
2025-03-29 11:23:13,186 [0.         0.38309497 0.2118973  0.1875626  0.23329469 0.09930415
 0.08850246]
2025-03-29 11:23:23,430 Epoch: [16/20] Iter:[0/192], Time: 10.05, lr: [0.0023492378861760376], Loss: 4.204661, Acc:0.549568, Semantic loss: 1.596338, BCE loss: 1.755049, SB loss: 0.853274
2025-03-29 11:23:27,296 Epoch: [16/20] Iter:[10/192], Time: 1.27, lr: [0.0023216897452738748], Loss: 3.864833, Acc:0.558065, Semantic loss: 1.468739, BCE loss: 1.512531, SB loss: 0.883563
2025-03-29 11:23:31,173 Epoch: [16/20] Iter:[20/192], Time: 0.85, lr: [0.0022941052360858027], Loss: 3.737536, Acc:0.557445, Semantic loss: 1.437762, BCE loss: 1.446703, SB loss: 0.853071
2025-03-29 11:23:35,067 Epoch: [16/20] Iter:[30/192], Time: 0.70, lr: [0.0022664838233947228], Loss: 3.855396, Acc:0.543899, Semantic loss: 1.480250, BCE loss: 1.478811, SB loss: 0.896336
2025-03-29 11:23:38,938 Epoch: [16/20] Iter:[40/192], Time: 0.62, lr: [0.0022388249567421017], Loss: 3.869344, Acc:0.542369, Semantic loss: 1.474467, BCE loss: 1.508311, SB loss: 0.886566
2025-03-29 11:23:42,816 Epoch: [16/20] Iter:[50/192], Time: 0.58, lr: [0.002211128069778427], Loss: 3.839407, Acc:0.546928, Semantic loss: 1.460675, BCE loss: 1.495885, SB loss: 0.882848
2025-03-29 11:23:46,731 Epoch: [16/20] Iter:[60/192], Time: 0.55, lr: [0.0021833925795765436], Loss: 3.870404, Acc:0.542975, Semantic loss: 1.467674, BCE loss: 1.518353, SB loss: 0.884378
2025-03-29 11:23:50,597 Epoch: [16/20] Iter:[70/192], Time: 0.52, lr: [0.0021556178859051967], Loss: 3.871654, Acc:0.543036, Semantic loss: 1.466306, BCE loss: 1.520693, SB loss: 0.884656
2025-03-29 11:23:54,468 Epoch: [16/20] Iter:[80/192], Time: 0.51, lr: [0.002127803370459852], Loss: 3.874678, Acc:0.543701, Semantic loss: 1.462245, BCE loss: 1.528093, SB loss: 0.884340
2025-03-29 11:23:58,351 Epoch: [16/20] Iter:[90/192], Time: 0.49, lr: [0.0020999483960476508], Loss: 3.850096, Acc:0.541543, Semantic loss: 1.461125, BCE loss: 1.509690, SB loss: 0.879281
2025-03-29 11:24:02,279 Epoch: [16/20] Iter:[100/192], Time: 0.48, lr: [0.0020720523057230294], Loss: 3.869125, Acc:0.543100, Semantic loss: 1.466245, BCE loss: 1.525982, SB loss: 0.876898
2025-03-29 11:24:06,211 Epoch: [16/20] Iter:[110/192], Time: 0.48, lr: [0.002044114421870228], Loss: 3.866972, Acc:0.543475, Semantic loss: 1.463206, BCE loss: 1.527607, SB loss: 0.876158
2025-03-29 11:24:10,104 Epoch: [16/20] Iter:[120/192], Time: 0.47, lr: [0.0020161340452285867], Loss: 3.867578, Acc:0.543959, Semantic loss: 1.463361, BCE loss: 1.525126, SB loss: 0.879091
2025-03-29 11:24:13,968 Epoch: [16/20] Iter:[130/192], Time: 0.46, lr: [0.001988110453856112], Loss: 3.861138, Acc:0.541374, Semantic loss: 1.466515, BCE loss: 1.512071, SB loss: 0.882552
2025-03-29 11:24:17,845 Epoch: [16/20] Iter:[140/192], Time: 0.46, lr: [0.0019600429020263607], Loss: 3.875507, Acc:0.539460, Semantic loss: 1.471970, BCE loss: 1.514926, SB loss: 0.888612
2025-03-29 11:24:21,753 Epoch: [16/20] Iter:[150/192], Time: 0.45, lr: [0.0019319306190532476], Loss: 3.875374, Acc:0.539798, Semantic loss: 1.471985, BCE loss: 1.518629, SB loss: 0.884760
2025-03-29 11:24:25,637 Epoch: [16/20] Iter:[160/192], Time: 0.45, lr: [0.0019037728080378042], Loss: 3.883022, Acc:0.536756, Semantic loss: 1.481694, BCE loss: 1.512030, SB loss: 0.889298
2025-03-29 11:24:29,520 Epoch: [16/20] Iter:[170/192], Time: 0.45, lr: [0.0018755686445303314], Loss: 3.873823, Acc:0.536846, Semantic loss: 1.482617, BCE loss: 1.502816, SB loss: 0.888389
2025-03-29 11:24:33,403 Epoch: [16/20] Iter:[180/192], Time: 0.44, lr: [0.001847317275100738], Loss: 3.885917, Acc:0.535261, Semantic loss: 1.489778, BCE loss: 1.505141, SB loss: 0.890998
2025-03-29 11:24:37,279 Epoch: [16/20] Iter:[190/192], Time: 0.44, lr: [0.0018190178158090872], Loss: 3.889930, Acc:0.535514, Semantic loss: 1.495800, BCE loss: 1.504142, SB loss: 0.889987
2025-03-29 11:26:10,242 0 [0.         0.55467883 0.18305115 0.11124464 0.36105255 0.14394552
 0.0226511 ] 0.1966605413628446
2025-03-29 11:26:10,242 1 [0.         0.36546973 0.18626135 0.22587825 0.26538981 0.23162843
 0.02060995] 0.18503393078217983
2025-03-29 11:26:10,248 => saving checkpoint to output\loveda\pidnet_small_loveda\aug_hf_gb_m_rbcheckpoint.pth.tar
2025-03-29 11:26:10,334 Loss: 4.210, MeanIU:  0.1850, Best_mIoU:  0.1866
2025-03-29 11:26:10,334 [0.         0.36546973 0.18626135 0.22587825 0.26538981 0.23162843
 0.02060995]
2025-03-29 11:26:20,795 Epoch: [17/20] Iter:[0/192], Time: 10.28, lr: [0.0018133520731367456], Loss: 4.103458, Acc:0.489287, Semantic loss: 1.482203, BCE loss: 1.755128, SB loss: 0.866128
2025-03-29 11:26:24,680 Epoch: [17/20] Iter:[10/192], Time: 1.29, lr: [0.001784993693823396], Loss: 3.904488, Acc:0.520438, Semantic loss: 1.456566, BCE loss: 1.587421, SB loss: 0.860501
2025-03-29 11:26:28,530 Epoch: [17/20] Iter:[20/192], Time: 0.86, lr: [0.0017565851643374117], Loss: 3.867714, Acc:0.541796, Semantic loss: 1.442397, BCE loss: 1.557082, SB loss: 0.868234
2025-03-29 11:26:32,385 Epoch: [17/20] Iter:[30/192], Time: 0.71, lr: [0.0017281254915000803], Loss: 3.936726, Acc:0.533320, Semantic loss: 1.485732, BCE loss: 1.536066, SB loss: 0.914927
2025-03-29 11:26:36,265 Epoch: [17/20] Iter:[40/192], Time: 0.63, lr: [0.0016996136438923032], Loss: 3.904403, Acc:0.531851, Semantic loss: 1.487688, BCE loss: 1.517230, SB loss: 0.899486
2025-03-29 11:26:40,119 Epoch: [17/20] Iter:[50/192], Time: 0.58, lr: [0.0016710485496403851], Loss: 3.903691, Acc:0.529328, Semantic loss: 1.495268, BCE loss: 1.506581, SB loss: 0.901842
2025-03-29 11:26:43,994 Epoch: [17/20] Iter:[60/192], Time: 0.55, lr: [0.0016424290940290059], Loss: 3.897862, Acc:0.532307, Semantic loss: 1.498393, BCE loss: 1.504453, SB loss: 0.895016
2025-03-29 11:26:47,864 Epoch: [17/20] Iter:[70/192], Time: 0.53, lr: [0.0016137541169242962], Loss: 3.850053, Acc:0.535887, Semantic loss: 1.486212, BCE loss: 1.475404, SB loss: 0.888437
2025-03-29 11:26:51,756 Epoch: [17/20] Iter:[80/192], Time: 0.51, lr: [0.0015850224099878446], Loss: 3.864822, Acc:0.536623, Semantic loss: 1.487170, BCE loss: 1.489565, SB loss: 0.888087
2025-03-29 11:26:55,616 Epoch: [17/20] Iter:[90/192], Time: 0.50, lr: [0.001556232713660091], Loss: 3.875658, Acc:0.536478, Semantic loss: 1.489177, BCE loss: 1.490515, SB loss: 0.895966
2025-03-29 11:26:59,502 Epoch: [17/20] Iter:[100/192], Time: 0.48, lr: [0.0015273837138888994], Loss: 3.876052, Acc:0.537949, Semantic loss: 1.486923, BCE loss: 1.497997, SB loss: 0.891133
2025-03-29 11:27:03,386 Epoch: [17/20] Iter:[110/192], Time: 0.48, lr: [0.0014984740385759552], Loss: 3.882355, Acc:0.537877, Semantic loss: 1.484150, BCE loss: 1.507048, SB loss: 0.891157
2025-03-29 11:27:07,239 Epoch: [17/20] Iter:[120/192], Time: 0.47, lr: [0.0014695022537100475], Loss: 3.886013, Acc:0.537131, Semantic loss: 1.483326, BCE loss: 1.505241, SB loss: 0.897446
2025-03-29 11:27:11,100 Epoch: [17/20] Iter:[130/192], Time: 0.46, lr: [0.0014404668591521846], Loss: 3.888056, Acc:0.534582, Semantic loss: 1.490821, BCE loss: 1.500212, SB loss: 0.897024
2025-03-29 11:27:14,995 Epoch: [17/20] Iter:[140/192], Time: 0.46, lr: [0.0014113662840326588], Loss: 3.888667, Acc:0.536727, Semantic loss: 1.492032, BCE loss: 1.500204, SB loss: 0.896431
2025-03-29 11:27:18,886 Epoch: [17/20] Iter:[150/192], Time: 0.45, lr: [0.0013821988817145786], Loss: 3.887724, Acc:0.537969, Semantic loss: 1.489442, BCE loss: 1.503108, SB loss: 0.895174
2025-03-29 11:27:22,795 Epoch: [17/20] Iter:[160/192], Time: 0.45, lr: [0.0013529629242719093], Loss: 3.886418, Acc:0.540595, Semantic loss: 1.488366, BCE loss: 1.502775, SB loss: 0.895276
2025-03-29 11:27:26,692 Epoch: [17/20] Iter:[170/192], Time: 0.45, lr: [0.0013236565964223801], Loss: 3.886523, Acc:0.541397, Semantic loss: 1.486802, BCE loss: 1.506020, SB loss: 0.893702
2025-03-29 11:27:30,563 Epoch: [17/20] Iter:[180/192], Time: 0.44, lr: [0.0012942779888466518], Loss: 3.886046, Acc:0.541114, Semantic loss: 1.486688, BCE loss: 1.505753, SB loss: 0.893605
2025-03-29 11:27:34,431 Epoch: [17/20] Iter:[190/192], Time: 0.44, lr: [0.0012648250908145803], Loss: 3.883117, Acc:0.540563, Semantic loss: 1.486361, BCE loss: 1.502126, SB loss: 0.894629
2025-03-29 11:29:07,161 0 [0.         0.54714277 0.19619041 0.15568626 0.3378406  0.10026298
 0.03213447] 0.19560821387294866
2025-03-29 11:29:07,162 1 [0.         0.3485036  0.22599966 0.22070739 0.26289834 0.16746754
 0.0743205 ] 0.1856995757357265
2025-03-29 11:29:07,168 => saving checkpoint to output\loveda\pidnet_small_loveda\aug_hf_gb_m_rbcheckpoint.pth.tar
2025-03-29 11:29:07,251 Loss: 4.242, MeanIU:  0.1857, Best_mIoU:  0.1866
2025-03-29 11:29:07,251 [0.         0.3485036  0.22599966 0.22070739 0.26289834 0.16746754
 0.0743205 ]
2025-03-29 11:29:17,499 Epoch: [18/20] Iter:[0/192], Time: 10.06, lr: [0.001258925411794167], Loss: 3.595878, Acc:0.516790, Semantic loss: 1.357656, BCE loss: 1.478659, SB loss: 0.759563
2025-03-29 11:29:21,384 Epoch: [18/20] Iter:[10/192], Time: 1.27, lr: [0.0012293805561511607], Loss: 3.946363, Acc:0.543378, Semantic loss: 1.498430, BCE loss: 1.537367, SB loss: 0.910567
2025-03-29 11:29:25,231 Epoch: [18/20] Iter:[20/192], Time: 0.85, lr: [0.0011997565879500753], Loss: 3.909824, Acc:0.547621, Semantic loss: 1.495980, BCE loss: 1.508305, SB loss: 0.905538
2025-03-29 11:29:29,106 Epoch: [18/20] Iter:[30/192], Time: 0.70, lr: [0.0011700511125444005], Loss: 3.907420, Acc:0.548775, Semantic loss: 1.506692, BCE loss: 1.495033, SB loss: 0.905695
2025-03-29 11:29:32,972 Epoch: [18/20] Iter:[40/192], Time: 0.62, lr: [0.0011402615929770753], Loss: 3.875353, Acc:0.548495, Semantic loss: 1.478546, BCE loss: 1.504671, SB loss: 0.892136
2025-03-29 11:29:36,834 Epoch: [18/20] Iter:[50/192], Time: 0.58, lr: [0.0011103853371305413], Loss: 3.841011, Acc:0.547793, Semantic loss: 1.474578, BCE loss: 1.487579, SB loss: 0.878854
2025-03-29 11:29:40,708 Epoch: [18/20] Iter:[60/192], Time: 0.55, lr: [0.001080419483295973], Loss: 3.824378, Acc:0.547737, Semantic loss: 1.476793, BCE loss: 1.470775, SB loss: 0.876811
2025-03-29 11:29:44,569 Epoch: [18/20] Iter:[70/192], Time: 0.52, lr: [0.0010503609839122385], Loss: 3.840962, Acc:0.549779, Semantic loss: 1.474617, BCE loss: 1.494536, SB loss: 0.871809
2025-03-29 11:29:48,425 Epoch: [18/20] Iter:[80/192], Time: 0.51, lr: [0.0010202065871765603], Loss: 3.852770, Acc:0.542740, Semantic loss: 1.480750, BCE loss: 1.499970, SB loss: 0.872050
2025-03-29 11:29:52,305 Epoch: [18/20] Iter:[90/192], Time: 0.49, lr: [0.000989952816168914], Loss: 3.855734, Acc:0.543596, Semantic loss: 1.478673, BCE loss: 1.504547, SB loss: 0.872514
2025-03-29 11:29:56,171 Epoch: [18/20] Iter:[100/192], Time: 0.48, lr: [0.0009595959450576828], Loss: 3.850948, Acc:0.542434, Semantic loss: 1.474423, BCE loss: 1.503078, SB loss: 0.873448
2025-03-29 11:30:00,028 Epoch: [18/20] Iter:[110/192], Time: 0.47, lr: [0.000929131971860904], Loss: 3.830066, Acc:0.542189, Semantic loss: 1.468859, BCE loss: 1.485526, SB loss: 0.875680
2025-03-29 11:30:03,924 Epoch: [18/20] Iter:[120/192], Time: 0.47, lr: [0.0008985565871200918], Loss: 3.830976, Acc:0.542240, Semantic loss: 1.467945, BCE loss: 1.489167, SB loss: 0.873864
2025-03-29 11:30:07,802 Epoch: [18/20] Iter:[130/192], Time: 0.46, lr: [0.0008678651376944955], Loss: 3.841478, Acc:0.544216, Semantic loss: 1.467687, BCE loss: 1.500973, SB loss: 0.872818
2025-03-29 11:30:11,670 Epoch: [18/20] Iter:[140/192], Time: 0.46, lr: [0.000837052584692747], Loss: 3.852488, Acc:0.544430, Semantic loss: 1.466373, BCE loss: 1.509062, SB loss: 0.877052
2025-03-29 11:30:15,541 Epoch: [18/20] Iter:[150/192], Time: 0.45, lr: [0.000806113454312208], Loss: 3.849062, Acc:0.544048, Semantic loss: 1.466959, BCE loss: 1.502070, SB loss: 0.880034
2025-03-29 11:30:19,375 Epoch: [18/20] Iter:[160/192], Time: 0.45, lr: [0.0007750417800344363], Loss: 3.845689, Acc:0.542780, Semantic loss: 1.467197, BCE loss: 1.497959, SB loss: 0.880533
2025-03-29 11:30:23,237 Epoch: [18/20] Iter:[170/192], Time: 0.44, lr: [0.0007438310342008949], Loss: 3.854159, Acc:0.540322, Semantic loss: 1.472324, BCE loss: 1.495892, SB loss: 0.885943
2025-03-29 11:30:27,120 Epoch: [18/20] Iter:[180/192], Time: 0.44, lr: [0.0007124740464272778], Loss: 3.850721, Acc:0.541079, Semantic loss: 1.470664, BCE loss: 1.495794, SB loss: 0.884264
2025-03-29 11:30:30,990 Epoch: [18/20] Iter:[190/192], Time: 0.44, lr: [0.0006809629055511224], Loss: 3.855709, Acc:0.539908, Semantic loss: 1.472313, BCE loss: 1.498255, SB loss: 0.885140
2025-03-29 11:32:03,726 0 [0.         0.55055132 0.19330619 0.12938675 0.31535364 0.09919126
 0.02695439] 0.1878205079735527
2025-03-29 11:32:03,727 1 [0.         0.40680691 0.22424539 0.23213223 0.2757286  0.20193904
 0.03950867] 0.19719440445002356
2025-03-29 11:32:03,732 => saving checkpoint to output\loveda\pidnet_small_loveda\aug_hf_gb_m_rbcheckpoint.pth.tar
2025-03-29 11:32:03,858 Loss: 4.144, MeanIU:  0.1972, Best_mIoU:  0.1972
2025-03-29 11:32:03,858 [0.         0.40680691 0.22424539 0.23213223 0.2757286  0.20193904
 0.03950867]
2025-03-29 11:32:14,248 Epoch: [19/20] Iter:[0/192], Time: 10.20, lr: [0.0006746414238367822], Loss: 4.056888, Acc:0.515003, Semantic loss: 1.519483, BCE loss: 1.599111, SB loss: 0.938294
2025-03-29 11:32:18,103 Epoch: [19/20] Iter:[10/192], Time: 1.28, lr: [0.0006429336362339898], Loss: 3.841774, Acc:0.515643, Semantic loss: 1.500822, BCE loss: 1.485185, SB loss: 0.855767
2025-03-29 11:32:21,957 Epoch: [19/20] Iter:[20/192], Time: 0.85, lr: [0.0006110510578510947], Loss: 3.837391, Acc:0.514655, Semantic loss: 1.482175, BCE loss: 1.427603, SB loss: 0.927614
2025-03-29 11:32:25,812 Epoch: [19/20] Iter:[30/192], Time: 0.70, lr: [0.0005789824653018995], Loss: 3.826421, Acc:0.526257, Semantic loss: 1.500813, BCE loss: 1.426867, SB loss: 0.898741
2025-03-29 11:32:29,691 Epoch: [19/20] Iter:[40/192], Time: 0.63, lr: [0.0005467151732202777], Loss: 3.887350, Acc:0.527720, Semantic loss: 1.504364, BCE loss: 1.476873, SB loss: 0.906113
2025-03-29 11:32:33,539 Epoch: [19/20] Iter:[50/192], Time: 0.58, lr: [0.0005142347343351296], Loss: 3.909913, Acc:0.527643, Semantic loss: 1.516425, BCE loss: 1.481345, SB loss: 0.912143
2025-03-29 11:32:37,410 Epoch: [19/20] Iter:[60/192], Time: 0.55, lr: [0.0004815245523312483], Loss: 3.867338, Acc:0.530233, Semantic loss: 1.503484, BCE loss: 1.469943, SB loss: 0.893910
2025-03-29 11:32:41,295 Epoch: [19/20] Iter:[70/192], Time: 0.52, lr: [0.000448565373510549], Loss: 3.856092, Acc:0.533462, Semantic loss: 1.498435, BCE loss: 1.466091, SB loss: 0.891566
2025-03-29 11:32:45,173 Epoch: [19/20] Iter:[80/192], Time: 0.51, lr: [0.00041533460609889997], Loss: 3.871711, Acc:0.534652, Semantic loss: 1.498726, BCE loss: 1.485201, SB loss: 0.887785
2025-03-29 11:32:49,032 Epoch: [19/20] Iter:[90/192], Time: 0.49, lr: [0.00038180538785330436], Loss: 3.855486, Acc:0.537066, Semantic loss: 1.493093, BCE loss: 1.476972, SB loss: 0.885421
2025-03-29 11:32:52,892 Epoch: [19/20] Iter:[100/192], Time: 0.48, lr: [0.00034794527452517863], Loss: 3.836712, Acc:0.537412, Semantic loss: 1.484962, BCE loss: 1.470906, SB loss: 0.880844
2025-03-29 11:32:56,781 Epoch: [19/20] Iter:[110/192], Time: 0.48, lr: [0.00031371433588231993], Loss: 3.833227, Acc:0.538461, Semantic loss: 1.485333, BCE loss: 1.465698, SB loss: 0.882196
2025-03-29 11:33:00,695 Epoch: [19/20] Iter:[120/192], Time: 0.47, lr: [0.0002790622842837163], Loss: 3.830430, Acc:0.542559, Semantic loss: 1.479416, BCE loss: 1.469681, SB loss: 0.881334
2025-03-29 11:33:04,574 Epoch: [19/20] Iter:[130/192], Time: 0.46, lr: [0.0002439239356353784], Loss: 3.825110, Acc:0.543353, Semantic loss: 1.476858, BCE loss: 1.473123, SB loss: 0.875129
2025-03-29 11:33:08,438 Epoch: [19/20] Iter:[140/192], Time: 0.46, lr: [0.00020821159321002047], Loss: 3.832208, Acc:0.544204, Semantic loss: 1.473157, BCE loss: 1.482690, SB loss: 0.876361
2025-03-29 11:33:12,336 Epoch: [19/20] Iter:[150/192], Time: 0.45, lr: [0.00017180122628828942], Loss: 3.843952, Acc:0.543777, Semantic loss: 1.472817, BCE loss: 1.494785, SB loss: 0.876351
2025-03-29 11:33:16,223 Epoch: [19/20] Iter:[160/192], Time: 0.45, lr: [0.00013450451987183818], Loss: 3.845255, Acc:0.543969, Semantic loss: 1.470696, BCE loss: 1.496467, SB loss: 0.878092
2025-03-29 11:33:20,102 Epoch: [19/20] Iter:[170/192], Time: 0.44, lr: [9.600244875192536e-05], Loss: 3.850226, Acc:0.543951, Semantic loss: 1.469868, BCE loss: 1.502528, SB loss: 0.877830
2025-03-29 11:33:23,970 Epoch: [19/20] Iter:[180/192], Time: 0.44, lr: [5.563716848048335e-05], Loss: 3.858586, Acc:0.544722, Semantic loss: 1.472192, BCE loss: 1.507993, SB loss: 0.878401
2025-03-29 11:33:27,810 Epoch: [19/20] Iter:[190/192], Time: 0.44, lr: [1.1092486125349496e-05], Loss: 3.841776, Acc:0.545109, Semantic loss: 1.467373, BCE loss: 1.499619, SB loss: 0.874783
2025-03-29 11:35:00,390 0 [0.         0.5524989  0.20428841 0.13209324 0.3188886  0.1224144
 0.02807392] 0.19403677949918707
2025-03-29 11:35:00,390 1 [0.         0.37852977 0.22372506 0.22410359 0.27066921 0.19096227
 0.03261661] 0.1886580744911763
2025-03-29 11:35:00,396 => saving checkpoint to output\loveda\pidnet_small_loveda\aug_hf_gb_m_rbcheckpoint.pth.tar
2025-03-29 11:35:00,472 Loss: 4.265, MeanIU:  0.1887, Best_mIoU:  0.1972
2025-03-29 11:35:00,472 [0.         0.37852977 0.22372506 0.22410359 0.27066921 0.19096227
 0.03261661]
2025-03-29 11:35:00,513 Hours: 1
2025-03-29 11:35:00,513 Done
