2025-03-23 15:09:14,683 Namespace(cfg='configs/loveda/pidnet_small_loveda.yaml', seed=304, opts=[])
2025-03-23 15:09:14,683 AUTO_RESUME: False
CUDNN:
  BENCHMARK: True
  DETERMINISTIC: False
  ENABLED: True
DATASET:
  DATASET: loveda
  EXTRA_TRAIN_SET: 
  NUM_CLASSES: 7
  ROOT: data/
  TEST_SET: list/loveda/urban_rural/val.lst
  TRAIN_SET: list/loveda/urban_rural/train.lst
GPUS: (0,)
LOG_DIR: log
LOSS:
  BALANCE_WEIGHTS: [0.4, 1.0]
  CLASS_BALANCE: False
  OHEMKEEP: 131072
  OHEMTHRES: 0.9
  SB_WEIGHTS: 1.0
  USE_OHEM: True
MODEL:
  ALIGN_CORNERS: True
  NAME: pidnet_small
  NUM_OUTPUTS: 2
  PRETRAINED: pretrained_models/imagenet/PIDNet_S_ImageNet.pth.tar
OUTPUT_DIR: output
PIN_MEMORY: True
PRINT_FREQ: 10
TEST:
  BASE_SIZE: 2048
  BATCH_SIZE_PER_GPU: 6
  FLIP_TEST: False
  IMAGE_SIZE: [2048, 1024]
  MODEL_FILE: output/loveda/pidnet_small_loveda/final_state.pt
  MULTI_SCALE: False
  OUTPUT_INDEX: 1
TRAIN:
  AUGMENTATION:
    ENABLE: True
    PROBABILITY: 0.5
    TECHNIQUES:
      GAUSSIAN_BLUR: True
      HORIZONTAL_FLIP: True
      MULTIPLY: True
      RANDOM_BRIGHTNESS: True
  BASE_SIZE: 2048
  BATCH_SIZE_PER_GPU: 6
  BEGIN_EPOCH: 0
  END_EPOCH: 20
  EXTRA_EPOCH: 0
  EXTRA_LR: 0.001
  FLIP: False
  IGNORE_LABEL: 0
  IMAGE_SIZE: [1024, 1024]
  LR: 0.01
  MOMENTUM: 0.9
  MULTI_SCALE: False
  NESTEROV: False
  OPTIMIZER: sgd
  RESUME: True
  SCALE_FACTOR: 16
  SHUFFLE: True
  WD: 0.0005
WORKERS: 4
2025-03-23 15:09:14,767 Attention!!!
2025-03-23 15:09:14,767 Loaded 302 parameters!
2025-03-23 15:09:14,767 Over!!!
2025-03-23 15:09:29,428 Epoch: [0/20] Iter:[0/192], Time: 14.57, lr: [0.01], Loss: 16.412901, Acc:0.139985, Semantic loss: 6.954784, BCE loss: 3.675224, SB loss: 5.782892
2025-03-23 15:09:33,702 Epoch: [0/20] Iter:[10/192], Time: 1.70, lr: [0.009976559445324192], Loss: 11.863620, Acc:0.293138, Semantic loss: 5.214405, BCE loss: 2.615017, SB loss: 4.034198
2025-03-23 15:09:37,913 Epoch: [0/20] Iter:[20/192], Time: 1.09, lr: [0.009953112769592761], Loss: 9.277065, Acc:0.346080, Semantic loss: 4.064160, BCE loss: 2.292514, SB loss: 2.920391
2025-03-23 15:09:42,157 Epoch: [0/20] Iter:[30/192], Time: 0.87, lr: [0.009929659955177281], Loss: 7.957480, Acc:0.377997, Semantic loss: 3.463710, BCE loss: 2.125100, SB loss: 2.368670
2025-03-23 15:09:46,861 Epoch: [0/20] Iter:[40/192], Time: 0.78, lr: [0.009906200984352154], Loss: 7.198362, Acc:0.388830, Semantic loss: 3.128817, BCE loss: 2.009506, SB loss: 2.060040
2025-03-23 15:09:51,920 Epoch: [0/20] Iter:[50/192], Time: 0.72, lr: [0.009882735839293803], Loss: 6.679298, Acc:0.416011, Semantic loss: 2.895235, BCE loss: 1.929508, SB loss: 1.854556
2025-03-23 15:09:56,739 Epoch: [0/20] Iter:[60/192], Time: 0.68, lr: [0.00985926450207989], Loss: 6.373327, Acc:0.419582, Semantic loss: 2.760814, BCE loss: 1.879168, SB loss: 1.733345
2025-03-23 15:10:01,588 Epoch: [0/20] Iter:[70/192], Time: 0.66, lr: [0.009835786954688485], Loss: 6.134791, Acc:0.424214, Semantic loss: 2.649877, BCE loss: 1.839210, SB loss: 1.645704
2025-03-23 15:10:06,468 Epoch: [0/20] Iter:[80/192], Time: 0.63, lr: [0.00981230317899726], Loss: 5.940842, Acc:0.427727, Semantic loss: 2.569601, BCE loss: 1.806521, SB loss: 1.564720
2025-03-23 15:10:11,434 Epoch: [0/20] Iter:[90/192], Time: 0.62, lr: [0.009788813156782662], Loss: 5.820072, Acc:0.429597, Semantic loss: 2.518810, BCE loss: 1.795551, SB loss: 1.505710
2025-03-23 15:10:16,248 Epoch: [0/20] Iter:[100/192], Time: 0.61, lr: [0.009765316869719067], Loss: 5.702887, Acc:0.428688, Semantic loss: 2.467587, BCE loss: 1.776508, SB loss: 1.458793
2025-03-23 15:10:21,218 Epoch: [0/20] Iter:[110/192], Time: 0.60, lr: [0.009741814299377942], Loss: 5.606957, Acc:0.426248, Semantic loss: 2.425546, BCE loss: 1.753821, SB loss: 1.427590
2025-03-23 15:10:26,049 Epoch: [0/20] Iter:[120/192], Time: 0.59, lr: [0.009718305427226986], Loss: 5.504480, Acc:0.429981, Semantic loss: 2.374122, BCE loss: 1.746407, SB loss: 1.383951
2025-03-23 15:10:31,078 Epoch: [0/20] Iter:[130/192], Time: 0.58, lr: [0.009694790234629266], Loss: 5.402864, Acc:0.435360, Semantic loss: 2.325204, BCE loss: 1.734584, SB loss: 1.343076
2025-03-23 15:10:35,775 Epoch: [0/20] Iter:[140/192], Time: 0.57, lr: [0.009671268702842338], Loss: 5.325179, Acc:0.436669, Semantic loss: 2.295635, BCE loss: 1.717580, SB loss: 1.311964
2025-03-23 15:10:40,809 Epoch: [0/20] Iter:[150/192], Time: 0.57, lr: [0.009647740813017376], Loss: 5.279693, Acc:0.435731, Semantic loss: 2.274572, BCE loss: 1.706201, SB loss: 1.298919
2025-03-23 15:10:45,547 Epoch: [0/20] Iter:[160/192], Time: 0.56, lr: [0.009624206546198262], Loss: 5.226048, Acc:0.441218, Semantic loss: 2.241606, BCE loss: 1.707512, SB loss: 1.276930
2025-03-23 15:10:50,477 Epoch: [0/20] Iter:[170/192], Time: 0.56, lr: [0.009600665883320689], Loss: 5.168206, Acc:0.444710, Semantic loss: 2.213178, BCE loss: 1.705917, SB loss: 1.249111
2025-03-23 15:10:55,174 Epoch: [0/20] Iter:[180/192], Time: 0.55, lr: [0.009577118805211254], Loss: 5.119412, Acc:0.447040, Semantic loss: 2.190340, BCE loss: 1.701021, SB loss: 1.228050
2025-03-23 15:11:00,133 Epoch: [0/20] Iter:[190/192], Time: 0.55, lr: [0.009553565292586523], Loss: 5.077159, Acc:0.449570, Semantic loss: 2.168033, BCE loss: 1.695309, SB loss: 1.213818
2025-03-23 15:13:02,243 0 [0.00000000e+00 4.68836104e-02 4.84189940e-02 1.08879216e-06
 1.14644838e-05 2.98282794e-06 1.08614192e-05] 0.013618428855910648
2025-03-23 15:13:02,244 1 [0.         0.01712892 0.05378854 0.         0.         0.
 0.        ] 0.010131066414800353
2025-03-23 15:13:02,253 => saving checkpoint to output\loveda\pidnet_small_loveda\aug_hf_gb_m_rbcheckpoint.pth.tar
2025-03-23 15:13:02,450 Loss: 10.428, MeanIU:  0.0101, Best_mIoU:  0.0101
2025-03-23 15:13:02,451 [0.         0.01712892 0.05378854 0.         0.         0.
 0.        ]
2025-03-23 15:13:13,759 Epoch: [1/20] Iter:[0/192], Time: 11.13, lr: [0.009548853816214998], Loss: 4.668645, Acc:0.380292, Semantic loss: 2.172033, BCE loss: 1.519305, SB loss: 0.977307
2025-03-23 15:13:18,245 Epoch: [1/20] Iter:[10/192], Time: 1.42, lr: [0.009525292556561479], Loss: 4.387424, Acc:0.485898, Semantic loss: 1.858938, BCE loss: 1.552942, SB loss: 0.975544
2025-03-23 15:13:23,244 Epoch: [1/20] Iter:[20/192], Time: 0.98, lr: [0.00950172481957719], Loss: 4.379933, Acc:0.487254, Semantic loss: 1.845269, BCE loss: 1.572021, SB loss: 0.962644
2025-03-23 15:13:27,994 Epoch: [1/20] Iter:[30/192], Time: 0.82, lr: [0.009478150585620286], Loss: 4.393491, Acc:0.478559, Semantic loss: 1.854125, BCE loss: 1.543716, SB loss: 0.995650
2025-03-23 15:13:33,077 Epoch: [1/20] Iter:[40/192], Time: 0.74, lr: [0.009454569834934885], Loss: 4.408746, Acc:0.474118, Semantic loss: 1.855178, BCE loss: 1.559901, SB loss: 0.993667
2025-03-23 15:13:37,780 Epoch: [1/20] Iter:[50/192], Time: 0.69, lr: [0.009430982547650114], Loss: 4.420468, Acc:0.474912, Semantic loss: 1.849441, BCE loss: 1.584329, SB loss: 0.986698
2025-03-23 15:13:42,835 Epoch: [1/20] Iter:[60/192], Time: 0.66, lr: [0.009407388703779091], Loss: 4.432232, Acc:0.471899, Semantic loss: 1.851959, BCE loss: 1.597967, SB loss: 0.982306
2025-03-23 15:13:47,576 Epoch: [1/20] Iter:[70/192], Time: 0.63, lr: [0.009383788283217955], Loss: 4.395745, Acc:0.477465, Semantic loss: 1.827239, BCE loss: 1.603441, SB loss: 0.965065
2025-03-23 15:13:52,576 Epoch: [1/20] Iter:[80/192], Time: 0.62, lr: [0.00936018126574482], Loss: 4.410472, Acc:0.470175, Semantic loss: 1.838204, BCE loss: 1.593563, SB loss: 0.978704
2025-03-23 15:13:57,297 Epoch: [1/20] Iter:[90/192], Time: 0.60, lr: [0.009336567631018769], Loss: 4.406848, Acc:0.474136, Semantic loss: 1.827712, BCE loss: 1.608417, SB loss: 0.970719
2025-03-23 15:14:02,315 Epoch: [1/20] Iter:[100/192], Time: 0.59, lr: [0.009312947358578814], Loss: 4.417878, Acc:0.472495, Semantic loss: 1.824994, BCE loss: 1.620173, SB loss: 0.972711
2025-03-23 15:14:07,031 Epoch: [1/20] Iter:[110/192], Time: 0.58, lr: [0.009289320427842841], Loss: 4.385548, Acc:0.472800, Semantic loss: 1.817582, BCE loss: 1.601703, SB loss: 0.966263
2025-03-23 15:14:11,986 Epoch: [1/20] Iter:[120/192], Time: 0.57, lr: [0.009265686818106552], Loss: 4.363791, Acc:0.473796, Semantic loss: 1.810592, BCE loss: 1.591329, SB loss: 0.961870
2025-03-23 15:14:16,684 Epoch: [1/20] Iter:[130/192], Time: 0.57, lr: [0.009242046508542393], Loss: 4.361301, Acc:0.476225, Semantic loss: 1.809650, BCE loss: 1.592994, SB loss: 0.958657
2025-03-23 15:14:21,697 Epoch: [1/20] Iter:[140/192], Time: 0.56, lr: [0.009218399478198466], Loss: 4.345409, Acc:0.475515, Semantic loss: 1.804128, BCE loss: 1.586519, SB loss: 0.954762
2025-03-23 15:14:26,408 Epoch: [1/20] Iter:[150/192], Time: 0.55, lr: [0.009194745705997428], Loss: 4.342656, Acc:0.473674, Semantic loss: 1.806614, BCE loss: 1.579852, SB loss: 0.956190
2025-03-23 15:14:31,471 Epoch: [1/20] Iter:[160/192], Time: 0.55, lr: [0.00917108517073538], Loss: 4.340991, Acc:0.473306, Semantic loss: 1.802842, BCE loss: 1.580725, SB loss: 0.957425
2025-03-23 15:14:36,258 Epoch: [1/20] Iter:[170/192], Time: 0.55, lr: [0.00914741785108075], Loss: 4.337032, Acc:0.474257, Semantic loss: 1.799630, BCE loss: 1.579283, SB loss: 0.958118
2025-03-23 15:14:41,327 Epoch: [1/20] Iter:[180/192], Time: 0.55, lr: [0.00912374372557314], Loss: 4.333149, Acc:0.473507, Semantic loss: 1.798062, BCE loss: 1.576688, SB loss: 0.958399
2025-03-23 15:14:46,004 Epoch: [1/20] Iter:[190/192], Time: 0.54, lr: [0.009100062772622186], Loss: 4.334468, Acc:0.473734, Semantic loss: 1.795825, BCE loss: 1.576481, SB loss: 0.962163
2025-03-23 15:16:47,621 0 [0.00000000e+00 2.58415637e-02 5.34643261e-02 2.07109577e-04
 5.04314389e-08 4.70028978e-06 4.29633055e-06] 0.011360292345048666
2025-03-23 15:16:47,622 1 [0.         0.01212577 0.05356825 0.         0.         0.
 0.        ] 0.009384860265723707
2025-03-23 15:16:47,627 => saving checkpoint to output\loveda\pidnet_small_loveda\aug_hf_gb_m_rbcheckpoint.pth.tar
2025-03-23 15:16:47,738 Loss: 13.109, MeanIU:  0.0094, Best_mIoU:  0.0101
2025-03-23 15:16:47,738 [0.         0.01212577 0.05356825 0.         0.         0.
 0.        ]
2025-03-23 15:16:58,920 Epoch: [2/20] Iter:[0/192], Time: 11.00, lr: [0.009095325760829623], Loss: 3.989763, Acc:0.429023, Semantic loss: 2.023436, BCE loss: 1.107294, SB loss: 0.859033
2025-03-23 15:17:03,363 Epoch: [2/20] Iter:[10/192], Time: 1.40, lr: [0.009071636586262652], Loss: 4.332093, Acc:0.472748, Semantic loss: 1.805995, BCE loss: 1.598056, SB loss: 0.928043
2025-03-23 15:17:08,329 Epoch: [2/20] Iter:[20/192], Time: 0.97, lr: [0.009047940536290279], Loss: 4.297949, Acc:0.459184, Semantic loss: 1.795742, BCE loss: 1.581502, SB loss: 0.920706
2025-03-23 15:17:13,041 Epoch: [2/20] Iter:[30/192], Time: 0.81, lr: [0.009024237588898336], Loss: 4.262602, Acc:0.472722, Semantic loss: 1.776424, BCE loss: 1.527794, SB loss: 0.958384
2025-03-23 15:17:18,033 Epoch: [2/20] Iter:[40/192], Time: 0.73, lr: [0.009000527721937697], Loss: 4.303714, Acc:0.454272, Semantic loss: 1.818197, BCE loss: 1.527840, SB loss: 0.957677
2025-03-23 15:17:22,800 Epoch: [2/20] Iter:[50/192], Time: 0.68, lr: [0.008976810913123051], Loss: 4.336911, Acc:0.452821, Semantic loss: 1.821460, BCE loss: 1.545596, SB loss: 0.969855
2025-03-23 15:17:27,832 Epoch: [2/20] Iter:[60/192], Time: 0.65, lr: [0.008953087140031669], Loss: 4.363727, Acc:0.447604, Semantic loss: 1.848257, BCE loss: 1.532547, SB loss: 0.982923
2025-03-23 15:17:32,602 Epoch: [2/20] Iter:[70/192], Time: 0.63, lr: [0.008929356380102142], Loss: 4.345850, Acc:0.452238, Semantic loss: 1.837115, BCE loss: 1.538012, SB loss: 0.970723
2025-03-23 15:17:37,682 Epoch: [2/20] Iter:[80/192], Time: 0.61, lr: [0.008905618610633112], Loss: 4.342658, Acc:0.461352, Semantic loss: 1.821174, BCE loss: 1.555496, SB loss: 0.965988
2025-03-23 15:17:42,409 Epoch: [2/20] Iter:[90/192], Time: 0.60, lr: [0.008881873808781991], Loss: 4.324814, Acc:0.468251, Semantic loss: 1.806393, BCE loss: 1.559945, SB loss: 0.958475
2025-03-23 15:17:47,432 Epoch: [2/20] Iter:[100/192], Time: 0.59, lr: [0.008858121951563658], Loss: 4.312372, Acc:0.465795, Semantic loss: 1.811187, BCE loss: 1.549164, SB loss: 0.952021
2025-03-23 15:17:52,216 Epoch: [2/20] Iter:[110/192], Time: 0.58, lr: [0.008834363015849136], Loss: 4.286259, Acc:0.470914, Semantic loss: 1.795744, BCE loss: 1.547256, SB loss: 0.943259
2025-03-23 15:17:57,227 Epoch: [2/20] Iter:[120/192], Time: 0.57, lr: [0.008810596978364274], Loss: 4.301047, Acc:0.472714, Semantic loss: 1.797605, BCE loss: 1.557148, SB loss: 0.946293
2025-03-23 15:18:01,955 Epoch: [2/20] Iter:[130/192], Time: 0.57, lr: [0.008786823815688379], Loss: 4.297214, Acc:0.472258, Semantic loss: 1.796040, BCE loss: 1.556015, SB loss: 0.945159
2025-03-23 15:18:06,933 Epoch: [2/20] Iter:[140/192], Time: 0.56, lr: [0.008763043504252865], Loss: 4.293202, Acc:0.475783, Semantic loss: 1.790283, BCE loss: 1.563643, SB loss: 0.939275
2025-03-23 15:18:11,713 Epoch: [2/20] Iter:[150/192], Time: 0.55, lr: [0.008739256020339866], Loss: 4.288883, Acc:0.475256, Semantic loss: 1.788100, BCE loss: 1.558005, SB loss: 0.942777
2025-03-23 15:18:16,688 Epoch: [2/20] Iter:[160/192], Time: 0.55, lr: [0.00871546134008083], Loss: 4.284361, Acc:0.475611, Semantic loss: 1.783255, BCE loss: 1.559394, SB loss: 0.941712
2025-03-23 15:18:21,476 Epoch: [2/20] Iter:[170/192], Time: 0.55, lr: [0.008691659439455107], Loss: 4.289364, Acc:0.475823, Semantic loss: 1.781352, BCE loss: 1.566577, SB loss: 0.941435
2025-03-23 15:18:26,598 Epoch: [2/20] Iter:[180/192], Time: 0.55, lr: [0.008667850294288517], Loss: 4.284821, Acc:0.475529, Semantic loss: 1.777389, BCE loss: 1.570503, SB loss: 0.936929
2025-03-23 15:18:31,329 Epoch: [2/20] Iter:[190/192], Time: 0.54, lr: [0.008644033880251888], Loss: 4.285048, Acc:0.475916, Semantic loss: 1.776751, BCE loss: 1.570369, SB loss: 0.937928
2025-03-23 15:20:32,659 0 [0.00000000e+00 1.04233779e-01 3.48017983e-02 2.98182995e-04
 0.00000000e+00 6.67390264e-05 8.75106306e-07] 0.019914482091368434
2025-03-23 15:20:32,660 1 [0.         0.00403269 0.05324263 0.         0.         0.
 0.        ] 0.008182188598848658
2025-03-23 15:20:32,668 => saving checkpoint to output\loveda\pidnet_small_loveda\aug_hf_gb_m_rbcheckpoint.pth.tar
2025-03-23 15:20:32,800 Loss: 18.407, MeanIU:  0.0082, Best_mIoU:  0.0101
2025-03-23 15:20:32,801 [0.         0.00403269 0.05324263 0.         0.         0.
 0.        ]
2025-03-23 15:20:44,417 Epoch: [3/20] Iter:[0/192], Time: 11.42, lr: [0.008639269723028191], Loss: 4.530560, Acc:0.425609, Semantic loss: 2.311677, BCE loss: 1.322532, SB loss: 0.896351
2025-03-23 15:20:49,148 Epoch: [3/20] Iter:[10/192], Time: 1.47, lr: [0.008615444554012613], Loss: 4.180297, Acc:0.469077, Semantic loss: 1.779060, BCE loss: 1.551777, SB loss: 0.849459
2025-03-23 15:20:54,229 Epoch: [3/20] Iter:[20/192], Time: 1.01, lr: [0.008591612062049989], Loss: 4.158542, Acc:0.491604, Semantic loss: 1.746929, BCE loss: 1.515524, SB loss: 0.896089
2025-03-23 15:20:59,084 Epoch: [3/20] Iter:[30/192], Time: 0.84, lr: [0.008567772222305215], Loss: 4.138916, Acc:0.495958, Semantic loss: 1.704606, BCE loss: 1.554994, SB loss: 0.879317
2025-03-23 15:21:04,168 Epoch: [3/20] Iter:[40/192], Time: 0.76, lr: [0.008543925009781886], Loss: 4.135529, Acc:0.493085, Semantic loss: 1.700501, BCE loss: 1.539737, SB loss: 0.895291
2025-03-23 15:21:08,916 Epoch: [3/20] Iter:[50/192], Time: 0.70, lr: [0.00852007039932076], Loss: 4.144127, Acc:0.487885, Semantic loss: 1.709367, BCE loss: 1.527222, SB loss: 0.907537
2025-03-23 15:21:13,897 Epoch: [3/20] Iter:[60/192], Time: 0.67, lr: [0.00849620836559818], Loss: 4.167998, Acc:0.474988, Semantic loss: 1.737637, BCE loss: 1.506872, SB loss: 0.923489
2025-03-23 15:21:18,703 Epoch: [3/20] Iter:[70/192], Time: 0.64, lr: [0.008472338883124477], Loss: 4.199616, Acc:0.478168, Semantic loss: 1.743355, BCE loss: 1.531462, SB loss: 0.924799
2025-03-23 15:21:23,672 Epoch: [3/20] Iter:[80/192], Time: 0.63, lr: [0.008448461926242374], Loss: 4.208262, Acc:0.477551, Semantic loss: 1.755752, BCE loss: 1.521200, SB loss: 0.931310
2025-03-23 15:21:28,343 Epoch: [3/20] Iter:[90/192], Time: 0.61, lr: [0.008424577469125337], Loss: 4.204955, Acc:0.480240, Semantic loss: 1.744584, BCE loss: 1.535175, SB loss: 0.925197
2025-03-23 15:21:33,385 Epoch: [3/20] Iter:[100/192], Time: 0.60, lr: [0.008400685485775935], Loss: 4.211371, Acc:0.483494, Semantic loss: 1.738849, BCE loss: 1.548011, SB loss: 0.924510
2025-03-23 15:21:38,038 Epoch: [3/20] Iter:[110/192], Time: 0.59, lr: [0.008376785950024154], Loss: 4.206059, Acc:0.483911, Semantic loss: 1.727003, BCE loss: 1.550701, SB loss: 0.928355
2025-03-23 15:21:43,047 Epoch: [3/20] Iter:[120/192], Time: 0.58, lr: [0.00835287883552571], Loss: 4.218551, Acc:0.483535, Semantic loss: 1.722966, BCE loss: 1.570026, SB loss: 0.925558
2025-03-23 15:21:47,756 Epoch: [3/20] Iter:[130/192], Time: 0.57, lr: [0.008328964115760324], Loss: 4.214931, Acc:0.483009, Semantic loss: 1.722541, BCE loss: 1.563380, SB loss: 0.929009
2025-03-23 15:21:52,750 Epoch: [3/20] Iter:[140/192], Time: 0.57, lr: [0.008305041764029988], Loss: 4.215690, Acc:0.480768, Semantic loss: 1.723313, BCE loss: 1.559772, SB loss: 0.932605
2025-03-23 15:21:57,443 Epoch: [3/20] Iter:[150/192], Time: 0.56, lr: [0.008281111753457188], Loss: 4.219752, Acc:0.480640, Semantic loss: 1.727090, BCE loss: 1.552140, SB loss: 0.940523
2025-03-23 15:22:02,376 Epoch: [3/20] Iter:[160/192], Time: 0.56, lr: [0.008257174056983133], Loss: 4.222292, Acc:0.481715, Semantic loss: 1.722775, BCE loss: 1.561473, SB loss: 0.938044
2025-03-23 15:22:07,253 Epoch: [3/20] Iter:[170/192], Time: 0.55, lr: [0.00823322864736593], Loss: 4.215930, Acc:0.482141, Semantic loss: 1.715831, BCE loss: 1.567453, SB loss: 0.932645
2025-03-23 15:22:12,111 Epoch: [3/20] Iter:[180/192], Time: 0.55, lr: [0.008209275497178764], Loss: 4.207954, Acc:0.483818, Semantic loss: 1.712707, BCE loss: 1.561956, SB loss: 0.933290
2025-03-23 15:22:17,043 Epoch: [3/20] Iter:[190/192], Time: 0.54, lr: [0.008185314578808021], Loss: 4.200613, Acc:0.484847, Semantic loss: 1.711463, BCE loss: 1.558468, SB loss: 0.930682
2025-03-23 15:24:19,456 0 [0.00000000e+00 3.50564154e-02 5.35925391e-02 2.16627024e-04
 0.00000000e+00 5.34764675e-06 1.67228525e-06] 0.012696085925606341
2025-03-23 15:24:19,456 1 [0.         0.00344673 0.05323852 0.         0.         0.
 0.        ] 0.008097893278262052
2025-03-23 15:24:19,464 => saving checkpoint to output\loveda\pidnet_small_loveda\aug_hf_gb_m_rbcheckpoint.pth.tar
2025-03-23 15:24:19,600 Loss: 12.161, MeanIU:  0.0081, Best_mIoU:  0.0101
2025-03-23 15:24:19,601 [0.         0.00344673 0.05323852 0.         0.         0.
 0.        ]
2025-03-23 15:24:30,917 Epoch: [4/20] Iter:[0/192], Time: 11.14, lr: [0.008180521460508584], Loss: 4.188486, Acc:0.471030, Semantic loss: 1.673641, BCE loss: 1.750358, SB loss: 0.764487
2025-03-23 15:24:35,416 Epoch: [4/20] Iter:[10/192], Time: 1.42, lr: [0.008156551183601795], Loss: 4.197125, Acc:0.479093, Semantic loss: 1.700848, BCE loss: 1.564777, SB loss: 0.931500
2025-03-23 15:24:40,431 Epoch: [4/20] Iter:[20/192], Time: 0.98, lr: [0.008132573077094668], Loss: 4.128210, Acc:0.471704, Semantic loss: 1.707321, BCE loss: 1.504228, SB loss: 0.916660
2025-03-23 15:24:45,072 Epoch: [4/20] Iter:[30/192], Time: 0.82, lr: [0.008108587112763079], Loss: 4.144476, Acc:0.473118, Semantic loss: 1.711097, BCE loss: 1.514771, SB loss: 0.918609
2025-03-23 15:24:50,044 Epoch: [4/20] Iter:[40/192], Time: 0.74, lr: [0.008084593262188028], Loss: 4.158398, Acc:0.481441, Semantic loss: 1.696328, BCE loss: 1.547891, SB loss: 0.914179
2025-03-23 15:24:54,746 Epoch: [4/20] Iter:[50/192], Time: 0.69, lr: [0.008060591496753653], Loss: 4.146316, Acc:0.483018, Semantic loss: 1.698567, BCE loss: 1.536010, SB loss: 0.911740
2025-03-23 15:24:59,721 Epoch: [4/20] Iter:[60/192], Time: 0.65, lr: [0.008036581787645204], Loss: 4.176118, Acc:0.483522, Semantic loss: 1.701517, BCE loss: 1.564810, SB loss: 0.909791
2025-03-23 15:25:04,429 Epoch: [4/20] Iter:[70/192], Time: 0.63, lr: [0.008012564105846994], Loss: 4.168386, Acc:0.478831, Semantic loss: 1.708124, BCE loss: 1.538522, SB loss: 0.921741
2025-03-23 15:25:09,409 Epoch: [4/20] Iter:[80/192], Time: 0.61, lr: [0.007988538422140333], Loss: 4.163030, Acc:0.481251, Semantic loss: 1.713753, BCE loss: 1.532828, SB loss: 0.916448
2025-03-23 15:25:14,184 Epoch: [4/20] Iter:[90/192], Time: 0.60, lr: [0.007964504707101411], Loss: 4.156066, Acc:0.480500, Semantic loss: 1.721349, BCE loss: 1.528211, SB loss: 0.906505
2025-03-23 15:25:19,252 Epoch: [4/20] Iter:[100/192], Time: 0.59, lr: [0.007940462931099176], Loss: 4.141584, Acc:0.484046, Semantic loss: 1.714675, BCE loss: 1.519948, SB loss: 0.906961
2025-03-23 15:25:24,066 Epoch: [4/20] Iter:[110/192], Time: 0.58, lr: [0.007916413064293163], Loss: 4.132693, Acc:0.490063, Semantic loss: 1.703320, BCE loss: 1.524512, SB loss: 0.904861
2025-03-23 15:25:29,069 Epoch: [4/20] Iter:[120/192], Time: 0.57, lr: [0.007892355076631318], Loss: 4.136200, Acc:0.493140, Semantic loss: 1.696356, BCE loss: 1.537981, SB loss: 0.901864
2025-03-23 15:25:33,730 Epoch: [4/20] Iter:[130/192], Time: 0.56, lr: [0.007868288937847752], Loss: 4.150028, Acc:0.491045, Semantic loss: 1.701446, BCE loss: 1.542883, SB loss: 0.905699
2025-03-23 15:25:38,740 Epoch: [4/20] Iter:[140/192], Time: 0.56, lr: [0.007844214617460508], Loss: 4.148359, Acc:0.493789, Semantic loss: 1.695168, BCE loss: 1.554373, SB loss: 0.898818
2025-03-23 15:25:43,442 Epoch: [4/20] Iter:[150/192], Time: 0.55, lr: [0.007820132084769268], Loss: 4.154565, Acc:0.490376, Semantic loss: 1.703640, BCE loss: 1.552816, SB loss: 0.898109
2025-03-23 15:25:48,606 Epoch: [4/20] Iter:[160/192], Time: 0.55, lr: [0.00779604130885303], Loss: 4.158927, Acc:0.489559, Semantic loss: 1.703907, BCE loss: 1.555700, SB loss: 0.899321
2025-03-23 15:25:53,423 Epoch: [4/20] Iter:[170/192], Time: 0.55, lr: [0.007771942258567773], Loss: 4.159593, Acc:0.489763, Semantic loss: 1.702234, BCE loss: 1.560210, SB loss: 0.897149
2025-03-23 15:25:58,487 Epoch: [4/20] Iter:[180/192], Time: 0.55, lr: [0.007747834902544056], Loss: 4.157840, Acc:0.489249, Semantic loss: 1.703759, BCE loss: 1.556668, SB loss: 0.897413
2025-03-23 15:26:03,162 Epoch: [4/20] Iter:[190/192], Time: 0.54, lr: [0.0077237192091846206], Loss: 4.170331, Acc:0.487204, Semantic loss: 1.711387, BCE loss: 1.558245, SB loss: 0.900699
2025-03-23 15:28:07,505 0 [0.00000000e+00 3.66459853e-02 5.17474245e-02 4.53425262e-05
 8.40522391e-09 3.39242391e-05 1.61531271e-05] 0.012641262583483791
2025-03-23 15:28:07,505 1 [0.         0.03102499 0.05111071 0.         0.         0.
 0.        ] 0.011733671514235235
2025-03-23 15:28:07,511 => saving checkpoint to output\loveda\pidnet_small_loveda\aug_hf_gb_m_rbcheckpoint.pth.tar
2025-03-23 15:28:07,718 Loss: 10.174, MeanIU:  0.0117, Best_mIoU:  0.0117
2025-03-23 15:28:07,718 [0.         0.03102499 0.05111071 0.         0.         0.
 0.        ]
2025-03-23 15:28:18,830 Epoch: [5/20] Iter:[0/192], Time: 10.93, lr: [0.007718895067235705], Loss: 3.698041, Acc:0.443992, Semantic loss: 1.531477, BCE loss: 1.331457, SB loss: 0.835107
2025-03-23 15:28:23,379 Epoch: [5/20] Iter:[10/192], Time: 1.41, lr: [0.007694769327040611], Loss: 4.136860, Acc:0.462996, Semantic loss: 1.706080, BCE loss: 1.562474, SB loss: 0.868306
2025-03-23 15:28:28,276 Epoch: [5/20] Iter:[20/192], Time: 0.97, lr: [0.00767063517918174], Loss: 4.114247, Acc:0.471013, Semantic loss: 1.731723, BCE loss: 1.484646, SB loss: 0.897878
2025-03-23 15:28:33,011 Epoch: [5/20] Iter:[30/192], Time: 0.81, lr: [0.007646492591316132], Loss: 4.016776, Acc:0.488220, Semantic loss: 1.671344, BCE loss: 1.470498, SB loss: 0.874933
2025-03-23 15:28:38,037 Epoch: [5/20] Iter:[40/192], Time: 0.74, lr: [0.007622341530862476], Loss: 4.043500, Acc:0.487550, Semantic loss: 1.677827, BCE loss: 1.480244, SB loss: 0.885430
2025-03-23 15:28:42,831 Epoch: [5/20] Iter:[50/192], Time: 0.68, lr: [0.0075981819649984985], Loss: 4.109331, Acc:0.484148, Semantic loss: 1.697326, BCE loss: 1.524639, SB loss: 0.887365
2025-03-23 15:28:47,916 Epoch: [5/20] Iter:[60/192], Time: 0.66, lr: [0.007574013860658317], Loss: 4.057538, Acc:0.491445, Semantic loss: 1.669591, BCE loss: 1.507334, SB loss: 0.880612
2025-03-23 15:28:52,715 Epoch: [5/20] Iter:[70/192], Time: 0.63, lr: [0.007549837184529776], Loss: 4.095447, Acc:0.488285, Semantic loss: 1.676679, BCE loss: 1.525177, SB loss: 0.893591
2025-03-23 15:28:57,738 Epoch: [5/20] Iter:[80/192], Time: 0.62, lr: [0.0075256519030517215], Loss: 4.097453, Acc:0.487174, Semantic loss: 1.678819, BCE loss: 1.524811, SB loss: 0.893823
2025-03-23 15:29:02,404 Epoch: [5/20] Iter:[90/192], Time: 0.60, lr: [0.007501457982411236], Loss: 4.068987, Acc:0.490669, Semantic loss: 1.670580, BCE loss: 1.511826, SB loss: 0.886582
2025-03-23 15:29:07,350 Epoch: [5/20] Iter:[100/192], Time: 0.59, lr: [0.0074772553885408604], Loss: 4.071374, Acc:0.493017, Semantic loss: 1.666966, BCE loss: 1.513068, SB loss: 0.891339
2025-03-23 15:29:12,063 Epoch: [5/20] Iter:[110/192], Time: 0.58, lr: [0.007453044087115737], Loss: 4.096214, Acc:0.490923, Semantic loss: 1.678004, BCE loss: 1.516035, SB loss: 0.902176
2025-03-23 15:29:17,110 Epoch: [5/20] Iter:[120/192], Time: 0.57, lr: [0.007428824043550734], Loss: 4.095979, Acc:0.489536, Semantic loss: 1.676541, BCE loss: 1.516477, SB loss: 0.902960
2025-03-23 15:29:21,872 Epoch: [5/20] Iter:[130/192], Time: 0.56, lr: [0.007404595222997526], Loss: 4.102383, Acc:0.488327, Semantic loss: 1.679347, BCE loss: 1.517646, SB loss: 0.905391
2025-03-23 15:29:26,969 Epoch: [5/20] Iter:[140/192], Time: 0.56, lr: [0.007380357590341623], Loss: 4.100478, Acc:0.491962, Semantic loss: 1.674682, BCE loss: 1.527443, SB loss: 0.898352
2025-03-23 15:29:31,769 Epoch: [5/20] Iter:[150/192], Time: 0.56, lr: [0.007356111110199354], Loss: 4.103175, Acc:0.490386, Semantic loss: 1.675668, BCE loss: 1.528634, SB loss: 0.898873
2025-03-23 15:29:36,797 Epoch: [5/20] Iter:[160/192], Time: 0.55, lr: [0.00733185574691482], Loss: 4.106307, Acc:0.491687, Semantic loss: 1.671501, BCE loss: 1.536340, SB loss: 0.898466
2025-03-23 15:29:41,499 Epoch: [5/20] Iter:[170/192], Time: 0.55, lr: [0.007307591464556783], Loss: 4.106912, Acc:0.492604, Semantic loss: 1.671139, BCE loss: 1.537136, SB loss: 0.898637
2025-03-23 15:29:46,492 Epoch: [5/20] Iter:[180/192], Time: 0.54, lr: [0.007283318226915514], Loss: 4.126842, Acc:0.492407, Semantic loss: 1.675286, BCE loss: 1.547316, SB loss: 0.904241
2025-03-23 15:29:51,143 Epoch: [5/20] Iter:[190/192], Time: 0.54, lr: [0.007259035997499604], Loss: 4.121262, Acc:0.493456, Semantic loss: 1.672234, BCE loss: 1.547215, SB loss: 0.901812
2025-03-23 15:31:54,875 0 [0.00000000e+00 2.48266924e-02 4.93774329e-02 1.87554787e-07
 0.00000000e+00 9.42913973e-06 6.69204947e-05] 0.010611523209111262
2025-03-23 15:31:54,876 1 [0.00000000e+00 5.01941015e-02 5.11032875e-02 0.00000000e+00
 0.00000000e+00 0.00000000e+00 9.71099666e-08] 0.014471069446345224
2025-03-23 15:31:54,886 => saving checkpoint to output\loveda\pidnet_small_loveda\aug_hf_gb_m_rbcheckpoint.pth.tar
2025-03-23 15:31:55,099 Loss: 11.504, MeanIU:  0.0145, Best_mIoU:  0.0145
2025-03-23 15:31:55,100 [0.00000000e+00 5.01941015e-02 5.11032875e-02 0.00000000e+00
 0.00000000e+00 0.00000000e+00 9.71099666e-08]
2025-03-23 15:32:06,568 Epoch: [6/20] Iter:[0/192], Time: 11.29, lr: [0.007254178469372199], Loss: 4.544454, Acc:0.491131, Semantic loss: 1.761587, BCE loss: 1.738876, SB loss: 1.043991
2025-03-23 15:32:11,068 Epoch: [6/20] Iter:[10/192], Time: 1.44, lr: [0.007229885401256642], Loss: 3.975267, Acc:0.504865, Semantic loss: 1.621307, BCE loss: 1.456753, SB loss: 0.897207
2025-03-23 15:32:16,073 Epoch: [6/20] Iter:[20/192], Time: 0.99, lr: [0.0072055832600777334], Loss: 4.039295, Acc:0.484039, Semantic loss: 1.650054, BCE loss: 1.471661, SB loss: 0.917580
2025-03-23 15:32:20,784 Epoch: [6/20] Iter:[30/192], Time: 0.82, lr: [0.007181272008420604], Loss: 4.028964, Acc:0.494909, Semantic loss: 1.656770, BCE loss: 1.472487, SB loss: 0.899707
2025-03-23 15:32:25,716 Epoch: [6/20] Iter:[40/192], Time: 0.74, lr: [0.007156951608574727], Loss: 4.035576, Acc:0.494381, Semantic loss: 1.648743, BCE loss: 1.484351, SB loss: 0.902482
2025-03-23 15:32:30,400 Epoch: [6/20] Iter:[50/192], Time: 0.69, lr: [0.007132622022530447], Loss: 4.028172, Acc:0.489586, Semantic loss: 1.661768, BCE loss: 1.461032, SB loss: 0.905373
2025-03-23 15:32:35,451 Epoch: [6/20] Iter:[60/192], Time: 0.66, lr: [0.007108283211975477], Loss: 4.073986, Acc:0.493944, Semantic loss: 1.660588, BCE loss: 1.511282, SB loss: 0.902116
2025-03-23 15:32:40,204 Epoch: [6/20] Iter:[70/192], Time: 0.63, lr: [0.007083935138291319], Loss: 4.076926, Acc:0.491009, Semantic loss: 1.664781, BCE loss: 1.504785, SB loss: 0.907360
2025-03-23 15:32:45,236 Epoch: [6/20] Iter:[80/192], Time: 0.62, lr: [0.007059577762549636], Loss: 4.090560, Acc:0.494411, Semantic loss: 1.659072, BCE loss: 1.515652, SB loss: 0.915835
2025-03-23 15:32:49,934 Epoch: [6/20] Iter:[90/192], Time: 0.60, lr: [0.007035211045508576], Loss: 4.091062, Acc:0.497359, Semantic loss: 1.655014, BCE loss: 1.526410, SB loss: 0.909639
2025-03-23 15:32:55,071 Epoch: [6/20] Iter:[100/192], Time: 0.59, lr: [0.0070108349476090265], Loss: 4.109209, Acc:0.496868, Semantic loss: 1.658825, BCE loss: 1.543148, SB loss: 0.907236
2025-03-23 15:32:59,827 Epoch: [6/20] Iter:[110/192], Time: 0.58, lr: [0.00698644942897081], Loss: 4.107047, Acc:0.492792, Semantic loss: 1.662112, BCE loss: 1.540503, SB loss: 0.904432
2025-03-23 15:33:04,979 Epoch: [6/20] Iter:[120/192], Time: 0.58, lr: [0.006962054449388827], Loss: 4.121409, Acc:0.490250, Semantic loss: 1.668939, BCE loss: 1.545187, SB loss: 0.907283
2025-03-23 15:33:09,763 Epoch: [6/20] Iter:[130/192], Time: 0.57, lr: [0.006937649968329135], Loss: 4.139469, Acc:0.487088, Semantic loss: 1.674510, BCE loss: 1.553160, SB loss: 0.911800
2025-03-23 15:33:14,842 Epoch: [6/20] Iter:[140/192], Time: 0.56, lr: [0.006913235944924954], Loss: 4.150892, Acc:0.488980, Semantic loss: 1.671480, BCE loss: 1.564710, SB loss: 0.914703
2025-03-23 15:33:19,597 Epoch: [6/20] Iter:[150/192], Time: 0.56, lr: [0.006888812337972621], Loss: 4.143596, Acc:0.487701, Semantic loss: 1.672741, BCE loss: 1.557700, SB loss: 0.913156
2025-03-23 15:33:24,724 Epoch: [6/20] Iter:[160/192], Time: 0.56, lr: [0.00686437910592748], Loss: 4.133057, Acc:0.486523, Semantic loss: 1.671772, BCE loss: 1.553086, SB loss: 0.908198
2025-03-23 15:33:29,548 Epoch: [6/20] Iter:[170/192], Time: 0.55, lr: [0.00683993620689969], Loss: 4.129495, Acc:0.487744, Semantic loss: 1.668314, BCE loss: 1.551453, SB loss: 0.909727
2025-03-23 15:33:34,616 Epoch: [6/20] Iter:[180/192], Time: 0.55, lr: [0.0068154835986499775], Loss: 4.123825, Acc:0.489854, Semantic loss: 1.663752, BCE loss: 1.550569, SB loss: 0.909504
2025-03-23 15:33:39,332 Epoch: [6/20] Iter:[190/192], Time: 0.54, lr: [0.006791021238585323], Loss: 4.115399, Acc:0.490583, Semantic loss: 1.661216, BCE loss: 1.545736, SB loss: 0.908447
2025-03-23 15:35:43,849 0 [0.00000000e+00 1.51059015e-02 5.35198612e-02 4.73044592e-05
 0.00000000e+00 1.57466228e-05 3.79163912e-06] 0.009813229345477128
2025-03-23 15:35:43,850 1 [0.         0.01162072 0.05315144 0.         0.         0.
 0.        ] 0.009253166056086518
2025-03-23 15:35:43,859 => saving checkpoint to output\loveda\pidnet_small_loveda\aug_hf_gb_m_rbcheckpoint.pth.tar
2025-03-23 15:35:43,993 Loss: 13.434, MeanIU:  0.0093, Best_mIoU:  0.0145
2025-03-23 15:35:43,993 [0.         0.01162072 0.05315144 0.         0.         0.
 0.        ]
2025-03-23 15:35:55,081 Epoch: [7/20] Iter:[0/192], Time: 10.91, lr: [0.006786127592581251], Loss: 4.625303, Acc:0.474469, Semantic loss: 1.576613, BCE loss: 2.071271, SB loss: 0.977419
2025-03-23 15:35:59,570 Epoch: [7/20] Iter:[10/192], Time: 1.40, lr: [0.006761653473611295], Loss: 4.001301, Acc:0.497290, Semantic loss: 1.587824, BCE loss: 1.545543, SB loss: 0.867933
2025-03-23 15:36:04,538 Epoch: [7/20] Iter:[20/192], Time: 0.97, lr: [0.006737169507854796], Loss: 4.029801, Acc:0.506310, Semantic loss: 1.583525, BCE loss: 1.589509, SB loss: 0.856767
2025-03-23 15:36:09,251 Epoch: [7/20] Iter:[30/192], Time: 0.81, lr: [0.006712675651556858], Loss: 4.051227, Acc:0.507522, Semantic loss: 1.605718, BCE loss: 1.585471, SB loss: 0.860038
2025-03-23 15:36:14,221 Epoch: [7/20] Iter:[40/192], Time: 0.73, lr: [0.006688171860589905], Loss: 3.977662, Acc:0.506074, Semantic loss: 1.597685, BCE loss: 1.534825, SB loss: 0.845151
2025-03-23 15:36:18,969 Epoch: [7/20] Iter:[50/192], Time: 0.68, lr: [0.0066636580904489585], Loss: 4.008658, Acc:0.502636, Semantic loss: 1.607106, BCE loss: 1.539974, SB loss: 0.861578
2025-03-23 15:36:23,962 Epoch: [7/20] Iter:[60/192], Time: 0.65, lr: [0.006639134296246874], Loss: 4.018985, Acc:0.501553, Semantic loss: 1.608784, BCE loss: 1.547053, SB loss: 0.863148
2025-03-23 15:36:28,703 Epoch: [7/20] Iter:[70/192], Time: 0.63, lr: [0.0066146004327094585], Loss: 4.043744, Acc:0.494208, Semantic loss: 1.625861, BCE loss: 1.542868, SB loss: 0.875015
2025-03-23 15:36:33,797 Epoch: [7/20] Iter:[80/192], Time: 0.61, lr: [0.006590056454170537], Loss: 4.063146, Acc:0.495659, Semantic loss: 1.628365, BCE loss: 1.551387, SB loss: 0.883394
2025-03-23 15:36:38,579 Epoch: [7/20] Iter:[90/192], Time: 0.60, lr: [0.006565502314566912], Loss: 4.062365, Acc:0.496013, Semantic loss: 1.632371, BCE loss: 1.538853, SB loss: 0.891142
2025-03-23 15:36:43,700 Epoch: [7/20] Iter:[100/192], Time: 0.59, lr: [0.006540937967433255], Loss: 4.057554, Acc:0.494735, Semantic loss: 1.629282, BCE loss: 1.538040, SB loss: 0.890232
2025-03-23 15:36:48,473 Epoch: [7/20] Iter:[110/192], Time: 0.58, lr: [0.006516363365896894], Loss: 4.050855, Acc:0.496225, Semantic loss: 1.627090, BCE loss: 1.533707, SB loss: 0.890058
2025-03-23 15:36:53,618 Epoch: [7/20] Iter:[120/192], Time: 0.57, lr: [0.006491778462672531], Loss: 4.052270, Acc:0.498416, Semantic loss: 1.622155, BCE loss: 1.542765, SB loss: 0.887350
2025-03-23 15:36:58,411 Epoch: [7/20] Iter:[130/192], Time: 0.57, lr: [0.006467183210056843], Loss: 4.058616, Acc:0.497823, Semantic loss: 1.622763, BCE loss: 1.548814, SB loss: 0.887039
2025-03-23 15:37:03,482 Epoch: [7/20] Iter:[140/192], Time: 0.56, lr: [0.006442577559923017], Loss: 4.057906, Acc:0.497916, Semantic loss: 1.620718, BCE loss: 1.548425, SB loss: 0.888764
2025-03-23 15:37:08,265 Epoch: [7/20] Iter:[150/192], Time: 0.56, lr: [0.006417961463715172], Loss: 4.048732, Acc:0.497931, Semantic loss: 1.620541, BCE loss: 1.538441, SB loss: 0.889749
2025-03-23 15:37:13,354 Epoch: [7/20] Iter:[160/192], Time: 0.55, lr: [0.006393334872442681], Loss: 4.049686, Acc:0.497734, Semantic loss: 1.623135, BCE loss: 1.537947, SB loss: 0.888604
2025-03-23 15:37:18,085 Epoch: [7/20] Iter:[170/192], Time: 0.55, lr: [0.006368697736674411], Loss: 4.050996, Acc:0.499390, Semantic loss: 1.626530, BCE loss: 1.535688, SB loss: 0.888778
2025-03-23 15:37:23,156 Epoch: [7/20] Iter:[180/192], Time: 0.55, lr: [0.006344050006532848], Loss: 4.056536, Acc:0.498789, Semantic loss: 1.628500, BCE loss: 1.539883, SB loss: 0.888152
2025-03-23 15:37:27,814 Epoch: [7/20] Iter:[190/192], Time: 0.54, lr: [0.006319391631688114], Loss: 4.055581, Acc:0.501093, Semantic loss: 1.626075, BCE loss: 1.540446, SB loss: 0.889060
2025-03-23 15:39:32,591 0 [0.00000000e+00 1.30012109e-02 5.32025559e-02 0.00000000e+00
 1.68104686e-08 1.12867645e-06 6.31906790e-06] 0.009458747334352714
2025-03-23 15:39:32,591 1 [0.         0.0191004  0.05250388 0.         0.         0.
 0.        ] 0.010229183217047248
2025-03-23 15:39:32,600 => saving checkpoint to output\loveda\pidnet_small_loveda\aug_hf_gb_m_rbcheckpoint.pth.tar
2025-03-23 15:39:32,740 Loss: 16.301, MeanIU:  0.0102, Best_mIoU:  0.0145
2025-03-23 15:39:32,740 [0.         0.0191004  0.05250388 0.         0.         0.
 0.        ]
2025-03-23 15:39:43,984 Epoch: [8/20] Iter:[0/192], Time: 11.06, lr: [0.006314458674893553], Loss: 4.134449, Acc:0.573241, Semantic loss: 1.432928, BCE loss: 1.802121, SB loss: 0.899399
2025-03-23 15:39:48,536 Epoch: [8/20] Iter:[10/192], Time: 1.42, lr: [0.006289787459323657], Loss: 4.021606, Acc:0.530497, Semantic loss: 1.572748, BCE loss: 1.545228, SB loss: 0.903630
2025-03-23 15:39:53,577 Epoch: [8/20] Iter:[20/192], Time: 0.98, lr: [0.006265105486702424], Loss: 4.046831, Acc:0.516413, Semantic loss: 1.621044, BCE loss: 1.528569, SB loss: 0.897218
2025-03-23 15:39:58,286 Epoch: [8/20] Iter:[30/192], Time: 0.82, lr: [0.006240412705211017], Loss: 4.064707, Acc:0.513738, Semantic loss: 1.626056, BCE loss: 1.504949, SB loss: 0.933702
2025-03-23 15:40:03,234 Epoch: [8/20] Iter:[40/192], Time: 0.74, lr: [0.006215709062551949], Loss: 4.048538, Acc:0.511173, Semantic loss: 1.613227, BCE loss: 1.517915, SB loss: 0.917395
2025-03-23 15:40:07,955 Epoch: [8/20] Iter:[50/192], Time: 0.69, lr: [0.006190994505942529], Loss: 4.012974, Acc:0.509556, Semantic loss: 1.611720, BCE loss: 1.486056, SB loss: 0.915197
2025-03-23 15:40:12,950 Epoch: [8/20] Iter:[60/192], Time: 0.66, lr: [0.006166268982108192], Loss: 4.004024, Acc:0.506009, Semantic loss: 1.617299, BCE loss: 1.476059, SB loss: 0.910666
2025-03-23 15:40:17,652 Epoch: [8/20] Iter:[70/192], Time: 0.63, lr: [0.006141532437275693], Loss: 3.998821, Acc:0.498876, Semantic loss: 1.622142, BCE loss: 1.469899, SB loss: 0.906781
2025-03-23 15:40:22,669 Epoch: [8/20] Iter:[80/192], Time: 0.61, lr: [0.006116784817166194], Loss: 3.998319, Acc:0.496254, Semantic loss: 1.617919, BCE loss: 1.472547, SB loss: 0.907853
2025-03-23 15:40:27,383 Epoch: [8/20] Iter:[90/192], Time: 0.60, lr: [0.006092026066988214], Loss: 4.021200, Acc:0.498109, Semantic loss: 1.624460, BCE loss: 1.494744, SB loss: 0.901996
2025-03-23 15:40:32,431 Epoch: [8/20] Iter:[100/192], Time: 0.59, lr: [0.006067256131430442], Loss: 4.029611, Acc:0.497597, Semantic loss: 1.621060, BCE loss: 1.505774, SB loss: 0.902777
2025-03-23 15:40:37,126 Epoch: [8/20] Iter:[110/192], Time: 0.58, lr: [0.00604247495465443], Loss: 4.030172, Acc:0.499300, Semantic loss: 1.614865, BCE loss: 1.513428, SB loss: 0.901879
2025-03-23 15:40:42,095 Epoch: [8/20] Iter:[120/192], Time: 0.57, lr: [0.006017682480287143], Loss: 4.026274, Acc:0.501736, Semantic loss: 1.613256, BCE loss: 1.511160, SB loss: 0.901858
2025-03-23 15:40:46,835 Epoch: [8/20] Iter:[130/192], Time: 0.56, lr: [0.00599287865141337], Loss: 4.025572, Acc:0.502669, Semantic loss: 1.613188, BCE loss: 1.511971, SB loss: 0.900412
2025-03-23 15:40:51,858 Epoch: [8/20] Iter:[140/192], Time: 0.56, lr: [0.005968063410567983], Loss: 4.029767, Acc:0.501257, Semantic loss: 1.614887, BCE loss: 1.513147, SB loss: 0.901734
2025-03-23 15:40:56,582 Epoch: [8/20] Iter:[150/192], Time: 0.55, lr: [0.00594323669972807], Loss: 4.033848, Acc:0.504485, Semantic loss: 1.611121, BCE loss: 1.522370, SB loss: 0.900357
2025-03-23 15:41:01,572 Epoch: [8/20] Iter:[160/192], Time: 0.55, lr: [0.005918398460304892], Loss: 4.034738, Acc:0.504727, Semantic loss: 1.610861, BCE loss: 1.524475, SB loss: 0.899402
2025-03-23 15:41:06,318 Epoch: [8/20] Iter:[170/192], Time: 0.55, lr: [0.0058935486331357125], Loss: 4.043601, Acc:0.504735, Semantic loss: 1.613037, BCE loss: 1.530223, SB loss: 0.900341
2025-03-23 15:41:11,374 Epoch: [8/20] Iter:[180/192], Time: 0.54, lr: [0.005868687158475447], Loss: 4.041565, Acc:0.505931, Semantic loss: 1.610716, BCE loss: 1.531840, SB loss: 0.899009
2025-03-23 15:41:16,109 Epoch: [8/20] Iter:[190/192], Time: 0.54, lr: [0.005843813975988169], Loss: 4.036529, Acc:0.506871, Semantic loss: 1.605847, BCE loss: 1.535321, SB loss: 0.895361
2025-03-23 15:43:18,431 0 [0.00000000e+00 2.06817560e-02 5.16495535e-02 3.52093328e-06
 7.56470699e-08 1.24152001e-05 1.41889917e-05] 0.010337358605381004
2025-03-23 15:43:18,431 1 [0.         0.00802046 0.05336911 0.         0.         0.
 0.        ] 0.008769939467371417
2025-03-23 15:43:18,441 => saving checkpoint to output\loveda\pidnet_small_loveda\aug_hf_gb_m_rbcheckpoint.pth.tar
2025-03-23 15:43:18,568 Loss: 12.542, MeanIU:  0.0088, Best_mIoU:  0.0145
2025-03-23 15:43:18,568 [0.         0.00802046 0.05336911 0.         0.         0.
 0.        ]
2025-03-23 15:43:29,908 Epoch: [9/20] Iter:[0/192], Time: 11.16, lr: [0.0058388379291998025], Loss: 3.894604, Acc:0.553103, Semantic loss: 1.430188, BCE loss: 1.681216, SB loss: 0.783200
2025-03-23 15:43:34,347 Epoch: [9/20] Iter:[10/192], Time: 1.42, lr: [0.0058139506168319475], Loss: 3.872752, Acc:0.522746, Semantic loss: 1.568290, BCE loss: 1.460409, SB loss: 0.844053
2025-03-23 15:43:39,327 Epoch: [9/20] Iter:[20/192], Time: 0.98, lr: [0.005789051461775303], Loss: 3.906368, Acc:0.501662, Semantic loss: 1.596069, BCE loss: 1.467559, SB loss: 0.842741
2025-03-23 15:43:44,065 Epoch: [9/20] Iter:[30/192], Time: 0.82, lr: [0.005764140401744157], Loss: 3.943757, Acc:0.501884, Semantic loss: 1.603791, BCE loss: 1.476352, SB loss: 0.863615
2025-03-23 15:43:49,104 Epoch: [9/20] Iter:[40/192], Time: 0.74, lr: [0.005739217373824397], Loss: 3.945345, Acc:0.502699, Semantic loss: 1.603624, BCE loss: 1.489941, SB loss: 0.851780
2025-03-23 15:43:53,819 Epoch: [9/20] Iter:[50/192], Time: 0.69, lr: [0.005714282314464109], Loss: 3.986291, Acc:0.503836, Semantic loss: 1.597179, BCE loss: 1.532536, SB loss: 0.856577
2025-03-23 15:43:58,779 Epoch: [9/20] Iter:[60/192], Time: 0.66, lr: [0.005689335159463984], Loss: 4.003639, Acc:0.502870, Semantic loss: 1.609887, BCE loss: 1.520903, SB loss: 0.872849
2025-03-23 15:44:03,475 Epoch: [9/20] Iter:[70/192], Time: 0.63, lr: [0.0056643758439675305], Loss: 4.009361, Acc:0.501200, Semantic loss: 1.610522, BCE loss: 1.523627, SB loss: 0.875212
2025-03-23 15:44:08,384 Epoch: [9/20] Iter:[80/192], Time: 0.61, lr: [0.005639404302451105], Loss: 3.993223, Acc:0.506996, Semantic loss: 1.601672, BCE loss: 1.514126, SB loss: 0.877425
2025-03-23 15:44:13,115 Epoch: [9/20] Iter:[90/192], Time: 0.60, lr: [0.005614420468713722], Loss: 4.014033, Acc:0.501775, Semantic loss: 1.615029, BCE loss: 1.515811, SB loss: 0.883193
2025-03-23 15:44:18,222 Epoch: [9/20] Iter:[100/192], Time: 0.59, lr: [0.005589424275866668], Loss: 4.015306, Acc:0.503173, Semantic loss: 1.615427, BCE loss: 1.516727, SB loss: 0.883152
2025-03-23 15:44:22,932 Epoch: [9/20] Iter:[110/192], Time: 0.58, lr: [0.005564415656322913], Loss: 4.024222, Acc:0.502696, Semantic loss: 1.615494, BCE loss: 1.525668, SB loss: 0.883060
2025-03-23 15:44:27,975 Epoch: [9/20] Iter:[120/192], Time: 0.57, lr: [0.00553939454178628], Loss: 4.029855, Acc:0.504556, Semantic loss: 1.610167, BCE loss: 1.536614, SB loss: 0.883074
2025-03-23 15:44:32,709 Epoch: [9/20] Iter:[130/192], Time: 0.56, lr: [0.005514360863240413], Loss: 4.019481, Acc:0.504766, Semantic loss: 1.608016, BCE loss: 1.531417, SB loss: 0.880048
2025-03-23 15:44:37,793 Epoch: [9/20] Iter:[140/192], Time: 0.56, lr: [0.005489314550937511], Loss: 4.008787, Acc:0.507917, Semantic loss: 1.601353, BCE loss: 1.531856, SB loss: 0.875578
2025-03-23 15:44:42,530 Epoch: [9/20] Iter:[150/192], Time: 0.55, lr: [0.005464255534386825], Loss: 4.005512, Acc:0.510214, Semantic loss: 1.596225, BCE loss: 1.531069, SB loss: 0.878219
2025-03-23 15:44:47,503 Epoch: [9/20] Iter:[160/192], Time: 0.55, lr: [0.005439183742342914], Loss: 4.010600, Acc:0.511303, Semantic loss: 1.595252, BCE loss: 1.539041, SB loss: 0.876307
2025-03-23 15:44:52,221 Epoch: [9/20] Iter:[170/192], Time: 0.55, lr: [0.00541409910279366], Loss: 4.010871, Acc:0.511226, Semantic loss: 1.592837, BCE loss: 1.542277, SB loss: 0.875757
2025-03-23 15:44:57,218 Epoch: [9/20] Iter:[180/192], Time: 0.54, lr: [0.005389001542948025], Loss: 4.017829, Acc:0.509989, Semantic loss: 1.596263, BCE loss: 1.543984, SB loss: 0.877581
2025-03-23 15:45:01,853 Epoch: [9/20] Iter:[190/192], Time: 0.54, lr: [0.005363890989223547], Loss: 4.007229, Acc:0.508823, Semantic loss: 1.596395, BCE loss: 1.533352, SB loss: 0.877481
2025-03-23 15:47:02,906 0 [0.00000000e+00 1.62240067e-02 5.25235755e-02 1.12507825e-06
 3.36209087e-08 3.10213177e-05 2.27021228e-04] 0.009858111917403689
2025-03-23 15:47:02,906 1 [0.00000000e+00 1.10147690e-02 5.31035262e-02 0.00000000e+00
 2.26096937e-05 0.00000000e+00 6.22315850e-07] 0.009163075315670144
2025-03-23 15:47:02,913 => saving checkpoint to output\loveda\pidnet_small_loveda\aug_hf_gb_m_rbcheckpoint.pth.tar
2025-03-23 15:47:03,007 Loss: 14.594, MeanIU:  0.0092, Best_mIoU:  0.0145
2025-03-23 15:47:03,008 [0.00000000e+00 1.10147690e-02 5.31035262e-02 0.00000000e+00
 2.26096937e-05 0.00000000e+00 6.22315850e-07]
2025-03-23 15:47:14,242 Epoch: [10/20] Iter:[0/192], Time: 11.05, lr: [0.005358867312681466], Loss: 3.967560, Acc:0.611892, Semantic loss: 1.541773, BCE loss: 1.652771, SB loss: 0.773015
2025-03-23 15:47:18,708 Epoch: [10/20] Iter:[10/192], Time: 1.41, lr: [0.005333741068040314], Loss: 4.106761, Acc:0.525666, Semantic loss: 1.598683, BCE loss: 1.647459, SB loss: 0.860619
2025-03-23 15:47:23,723 Epoch: [10/20] Iter:[20/192], Time: 0.98, lr: [0.0053086016647897714], Loss: 4.091855, Acc:0.522134, Semantic loss: 1.593492, BCE loss: 1.613836, SB loss: 0.884528
2025-03-23 15:47:28,449 Epoch: [10/20] Iter:[30/192], Time: 0.81, lr: [0.005283449026727663], Loss: 4.078478, Acc:0.516256, Semantic loss: 1.575036, BCE loss: 1.625278, SB loss: 0.878164
2025-03-23 15:47:33,454 Epoch: [10/20] Iter:[40/192], Time: 0.74, lr: [0.005258283076804885], Loss: 4.084664, Acc:0.519682, Semantic loss: 1.576298, BCE loss: 1.633435, SB loss: 0.874931
2025-03-23 15:47:38,178 Epoch: [10/20] Iter:[50/192], Time: 0.69, lr: [0.00523310373711144], Loss: 4.036028, Acc:0.521112, Semantic loss: 1.558691, BCE loss: 1.614855, SB loss: 0.862482
2025-03-23 15:47:43,136 Epoch: [10/20] Iter:[60/192], Time: 0.65, lr: [0.005207910928862159], Loss: 4.008087, Acc:0.520096, Semantic loss: 1.551761, BCE loss: 1.599178, SB loss: 0.857148
2025-03-23 15:47:47,821 Epoch: [10/20] Iter:[70/192], Time: 0.63, lr: [0.005182704572382109], Loss: 3.980892, Acc:0.520692, Semantic loss: 1.551319, BCE loss: 1.574138, SB loss: 0.855435
2025-03-23 15:47:52,812 Epoch: [10/20] Iter:[80/192], Time: 0.61, lr: [0.005157484587091684], Loss: 3.984406, Acc:0.522729, Semantic loss: 1.552143, BCE loss: 1.576986, SB loss: 0.855277
2025-03-23 15:47:57,538 Epoch: [10/20] Iter:[90/192], Time: 0.60, lr: [0.005132250891491357], Loss: 3.966758, Acc:0.521586, Semantic loss: 1.549511, BCE loss: 1.566780, SB loss: 0.850467
2025-03-23 15:48:02,487 Epoch: [10/20] Iter:[100/192], Time: 0.59, lr: [0.005107003403146087], Loss: 3.941950, Acc:0.522679, Semantic loss: 1.544825, BCE loss: 1.546622, SB loss: 0.850503
2025-03-23 15:48:07,201 Epoch: [10/20] Iter:[110/192], Time: 0.58, lr: [0.005081742038669388], Loss: 3.964739, Acc:0.519256, Semantic loss: 1.555058, BCE loss: 1.549025, SB loss: 0.860656
2025-03-23 15:48:12,121 Epoch: [10/20] Iter:[120/192], Time: 0.57, lr: [0.005056466713707024], Loss: 3.967453, Acc:0.517679, Semantic loss: 1.563125, BCE loss: 1.536561, SB loss: 0.867766
2025-03-23 15:48:16,788 Epoch: [10/20] Iter:[130/192], Time: 0.56, lr: [0.005031177342920337], Loss: 3.967467, Acc:0.516289, Semantic loss: 1.568787, BCE loss: 1.531965, SB loss: 0.866715
2025-03-23 15:48:21,694 Epoch: [10/20] Iter:[140/192], Time: 0.56, lr: [0.005005873839969192], Loss: 3.962074, Acc:0.516184, Semantic loss: 1.570182, BCE loss: 1.522587, SB loss: 0.869306
2025-03-23 15:48:26,370 Epoch: [10/20] Iter:[150/192], Time: 0.55, lr: [0.00498055611749454], Loss: 3.964687, Acc:0.516819, Semantic loss: 1.571004, BCE loss: 1.523505, SB loss: 0.870178
2025-03-23 15:48:31,343 Epoch: [10/20] Iter:[160/192], Time: 0.55, lr: [0.004955224087100552], Loss: 3.964519, Acc:0.517754, Semantic loss: 1.568800, BCE loss: 1.525602, SB loss: 0.870118
2025-03-23 15:48:36,052 Epoch: [10/20] Iter:[170/192], Time: 0.54, lr: [0.004929877659336362], Loss: 3.965112, Acc:0.519311, Semantic loss: 1.567497, BCE loss: 1.527772, SB loss: 0.869843
2025-03-23 15:48:40,999 Epoch: [10/20] Iter:[180/192], Time: 0.54, lr: [0.004904516743677371], Loss: 3.966452, Acc:0.517940, Semantic loss: 1.570014, BCE loss: 1.523951, SB loss: 0.872487
2025-03-23 15:48:45,641 Epoch: [10/20] Iter:[190/192], Time: 0.54, lr: [0.00487914124850611], Loss: 3.972213, Acc:0.516623, Semantic loss: 1.572498, BCE loss: 1.528755, SB loss: 0.870959
2025-03-23 15:50:46,829 0 [0.00000000e+00 6.43486366e-02 4.13507726e-02 1.87159083e-07
 1.25232351e-06 7.29285561e-05 1.62719437e-05] 0.01511286417155971
2025-03-23 15:50:46,829 1 [0.         0.02326688 0.05324301 0.00036858 0.         0.
 0.        ] 0.010982639429206542
2025-03-23 15:50:46,836 => saving checkpoint to output\loveda\pidnet_small_loveda\aug_hf_gb_m_rbcheckpoint.pth.tar
2025-03-23 15:50:46,930 Loss: 11.561, MeanIU:  0.0110, Best_mIoU:  0.0145
2025-03-23 15:50:46,930 [0.         0.02326688 0.05324301 0.00036858 0.         0.
 0.        ]
2025-03-23 15:50:58,156 Epoch: [11/20] Iter:[0/192], Time: 11.04, lr: [0.004874064391789954], Loss: 3.908187, Acc:0.618154, Semantic loss: 1.433603, BCE loss: 1.648424, SB loss: 0.826160
2025-03-23 15:51:02,650 Epoch: [11/20] Iter:[10/192], Time: 1.41, lr: [0.004848671278701159], Loss: 3.873694, Acc:0.553924, Semantic loss: 1.480753, BCE loss: 1.581521, SB loss: 0.811420
2025-03-23 15:51:07,632 Epoch: [11/20] Iter:[20/192], Time: 0.98, lr: [0.0048232633805975296], Loss: 3.954345, Acc:0.532682, Semantic loss: 1.517414, BCE loss: 1.596726, SB loss: 0.840206
2025-03-23 15:51:12,272 Epoch: [11/20] Iter:[30/192], Time: 0.81, lr: [0.00479784060223045], Loss: 3.913936, Acc:0.536404, Semantic loss: 1.525618, BCE loss: 1.543017, SB loss: 0.845301
2025-03-23 15:51:17,187 Epoch: [11/20] Iter:[40/192], Time: 0.73, lr: [0.004772402847172951], Loss: 3.889413, Acc:0.541155, Semantic loss: 1.508545, BCE loss: 1.524362, SB loss: 0.856505
2025-03-23 15:51:21,872 Epoch: [11/20] Iter:[50/192], Time: 0.68, lr: [0.004746950017798064], Loss: 3.891319, Acc:0.541945, Semantic loss: 1.501488, BCE loss: 1.532304, SB loss: 0.857528
2025-03-23 15:51:26,807 Epoch: [11/20] Iter:[60/192], Time: 0.65, lr: [0.004721482015256639], Loss: 3.889724, Acc:0.539801, Semantic loss: 1.502379, BCE loss: 1.526481, SB loss: 0.860865
2025-03-23 15:51:31,514 Epoch: [11/20] Iter:[70/192], Time: 0.63, lr: [0.004695998739454633], Loss: 3.912586, Acc:0.540993, Semantic loss: 1.513575, BCE loss: 1.541557, SB loss: 0.857455
2025-03-23 15:51:36,435 Epoch: [11/20] Iter:[80/192], Time: 0.61, lr: [0.004670500089029817], Loss: 3.913918, Acc:0.540543, Semantic loss: 1.514861, BCE loss: 1.542997, SB loss: 0.856059
2025-03-23 15:51:41,169 Epoch: [11/20] Iter:[90/192], Time: 0.59, lr: [0.004644985961327915], Loss: 3.920395, Acc:0.533783, Semantic loss: 1.533483, BCE loss: 1.522301, SB loss: 0.864611
2025-03-23 15:51:46,173 Epoch: [11/20] Iter:[100/192], Time: 0.58, lr: [0.004619456252378151], Loss: 3.939147, Acc:0.529468, Semantic loss: 1.545314, BCE loss: 1.526046, SB loss: 0.867787
2025-03-23 15:51:50,864 Epoch: [11/20] Iter:[110/192], Time: 0.57, lr: [0.004593910856868159], Loss: 3.937583, Acc:0.529212, Semantic loss: 1.547504, BCE loss: 1.522524, SB loss: 0.867555
2025-03-23 15:51:55,798 Epoch: [11/20] Iter:[120/192], Time: 0.57, lr: [0.004568349668118281], Loss: 3.937221, Acc:0.528700, Semantic loss: 1.546188, BCE loss: 1.521801, SB loss: 0.869232
2025-03-23 15:52:00,466 Epoch: [11/20] Iter:[130/192], Time: 0.56, lr: [0.004542772578055196], Loss: 3.946346, Acc:0.524487, Semantic loss: 1.553269, BCE loss: 1.523466, SB loss: 0.869611
2025-03-23 15:52:05,406 Epoch: [11/20] Iter:[140/192], Time: 0.56, lr: [0.00451717947718487], Loss: 3.946703, Acc:0.525439, Semantic loss: 1.548524, BCE loss: 1.532459, SB loss: 0.865720
2025-03-23 15:52:10,118 Epoch: [11/20] Iter:[150/192], Time: 0.55, lr: [0.004491570254564817], Loss: 3.951405, Acc:0.523524, Semantic loss: 1.554027, BCE loss: 1.529152, SB loss: 0.868226
2025-03-23 15:52:15,145 Epoch: [11/20] Iter:[160/192], Time: 0.55, lr: [0.004465944797775636], Loss: 3.953031, Acc:0.523590, Semantic loss: 1.554755, BCE loss: 1.529769, SB loss: 0.868507
2025-03-23 15:52:19,853 Epoch: [11/20] Iter:[170/192], Time: 0.54, lr: [0.004440302992891796], Loss: 3.956945, Acc:0.522680, Semantic loss: 1.557371, BCE loss: 1.532743, SB loss: 0.866831
2025-03-23 15:52:24,891 Epoch: [11/20] Iter:[180/192], Time: 0.54, lr: [0.004414644724451659], Loss: 3.961225, Acc:0.520816, Semantic loss: 1.561305, BCE loss: 1.532733, SB loss: 0.867186
2025-03-23 15:52:29,564 Epoch: [11/20] Iter:[190/192], Time: 0.54, lr: [0.004388969875426714], Loss: 3.960718, Acc:0.520126, Semantic loss: 1.564460, BCE loss: 1.528908, SB loss: 0.867351
2025-03-23 15:54:30,724 0 [0.00000000e+00 8.54445937e-03 5.33713176e-02 1.77285141e-05
 8.40516634e-08 4.16505864e-06 3.59719980e-06] 0.008848764537322853
2025-03-23 15:54:30,725 1 [0.         0.00084196 0.05306965 0.         0.         0.
 0.        ] 0.0077016584824154705
2025-03-23 15:54:30,736 => saving checkpoint to output\loveda\pidnet_small_loveda\aug_hf_gb_m_rbcheckpoint.pth.tar
2025-03-23 15:54:30,877 Loss: 19.134, MeanIU:  0.0077, Best_mIoU:  0.0145
2025-03-23 15:54:30,877 [0.         0.00084196 0.05306965 0.         0.         0.
 0.        ]
2025-03-23 15:54:42,059 Epoch: [12/20] Iter:[0/192], Time: 11.00, lr: [0.0043838329055408696], Loss: 3.862468, Acc:0.646898, Semantic loss: 1.316548, BCE loss: 1.708512, SB loss: 0.837408
2025-03-23 15:54:46,599 Epoch: [12/20] Iter:[10/192], Time: 1.41, lr: [0.004358138003083593], Loss: 3.940122, Acc:0.536751, Semantic loss: 1.491309, BCE loss: 1.672942, SB loss: 0.775870
2025-03-23 15:54:51,667 Epoch: [12/20] Iter:[20/192], Time: 0.98, lr: [0.0043324262569064236], Loss: 4.015866, Acc:0.514356, Semantic loss: 1.568851, BCE loss: 1.612029, SB loss: 0.834986
2025-03-23 15:54:56,488 Epoch: [12/20] Iter:[30/192], Time: 0.82, lr: [0.0043066975447503065], Loss: 3.979291, Acc:0.509389, Semantic loss: 1.581949, BCE loss: 1.561125, SB loss: 0.836217
2025-03-23 15:55:01,519 Epoch: [12/20] Iter:[40/192], Time: 0.74, lr: [0.00428095174265078], Loss: 3.967686, Acc:0.515312, Semantic loss: 1.570213, BCE loss: 1.568805, SB loss: 0.828669
2025-03-23 15:55:06,233 Epoch: [12/20] Iter:[50/192], Time: 0.69, lr: [0.004255188724902623], Loss: 3.983940, Acc:0.518330, Semantic loss: 1.569665, BCE loss: 1.575597, SB loss: 0.838677
2025-03-23 15:55:11,261 Epoch: [12/20] Iter:[60/192], Time: 0.66, lr: [0.004229408364023519], Loss: 3.990154, Acc:0.524057, Semantic loss: 1.561878, BCE loss: 1.587192, SB loss: 0.841084
2025-03-23 15:55:15,978 Epoch: [12/20] Iter:[70/192], Time: 0.63, lr: [0.004203610530716726], Loss: 3.979108, Acc:0.523245, Semantic loss: 1.560878, BCE loss: 1.571017, SB loss: 0.847214
2025-03-23 15:55:21,076 Epoch: [12/20] Iter:[80/192], Time: 0.62, lr: [0.004177795093832693], Loss: 3.977008, Acc:0.523509, Semantic loss: 1.562529, BCE loss: 1.569377, SB loss: 0.845102
2025-03-23 15:55:25,854 Epoch: [12/20] Iter:[90/192], Time: 0.60, lr: [0.004151961920329593], Loss: 3.956404, Acc:0.522797, Semantic loss: 1.563120, BCE loss: 1.553173, SB loss: 0.840111
2025-03-23 15:55:30,926 Epoch: [12/20] Iter:[100/192], Time: 0.59, lr: [0.004126110875232744], Loss: 3.960508, Acc:0.524772, Semantic loss: 1.560775, BCE loss: 1.560635, SB loss: 0.839098
2025-03-23 15:55:35,684 Epoch: [12/20] Iter:[110/192], Time: 0.58, lr: [0.004100241821592866], Loss: 3.946510, Acc:0.523929, Semantic loss: 1.555907, BCE loss: 1.549833, SB loss: 0.840770
2025-03-23 15:55:40,728 Epoch: [12/20] Iter:[120/192], Time: 0.58, lr: [0.00407435462044314], Loss: 3.941268, Acc:0.525832, Semantic loss: 1.550802, BCE loss: 1.549634, SB loss: 0.840833
2025-03-23 15:55:45,452 Epoch: [12/20] Iter:[130/192], Time: 0.57, lr: [0.004048449130755016], Loss: 3.939763, Acc:0.525000, Semantic loss: 1.550170, BCE loss: 1.550546, SB loss: 0.839046
2025-03-23 15:55:50,461 Epoch: [12/20] Iter:[140/192], Time: 0.56, lr: [0.004022525209392749], Loss: 3.937749, Acc:0.526187, Semantic loss: 1.547018, BCE loss: 1.553400, SB loss: 0.837331
2025-03-23 15:55:55,170 Epoch: [12/20] Iter:[150/192], Time: 0.56, lr: [0.003996582711066572], Loss: 3.931653, Acc:0.526385, Semantic loss: 1.541111, BCE loss: 1.551886, SB loss: 0.838657
2025-03-23 15:56:00,187 Epoch: [12/20] Iter:[160/192], Time: 0.55, lr: [0.003970621488284514], Loss: 3.926750, Acc:0.525427, Semantic loss: 1.541720, BCE loss: 1.544084, SB loss: 0.840946
2025-03-23 15:56:04,894 Epoch: [12/20] Iter:[170/192], Time: 0.55, lr: [0.003944641391302759], Loss: 3.921849, Acc:0.525238, Semantic loss: 1.540389, BCE loss: 1.538279, SB loss: 0.843181
2025-03-23 15:56:09,877 Epoch: [12/20] Iter:[180/192], Time: 0.55, lr: [0.003918642268074522], Loss: 3.912999, Acc:0.524066, Semantic loss: 1.542835, BCE loss: 1.526235, SB loss: 0.843929
2025-03-23 15:56:14,554 Epoch: [12/20] Iter:[190/192], Time: 0.54, lr: [0.003892623964197378], Loss: 3.914788, Acc:0.523908, Semantic loss: 1.542848, BCE loss: 1.525859, SB loss: 0.846082
2025-03-23 15:58:15,474 0 [0.00000000e+00 7.19076941e-03 5.30758411e-02 8.83979455e-05
 8.82526257e-07 2.95533108e-06 9.21353964e-06] 0.008624008555464331
2025-03-23 15:58:15,475 1 [0.00000000e+00 2.78757393e-01 4.63167064e-02 1.15191549e-03
 4.23338112e-05 3.02070476e-03 2.72114106e-07] 0.047041332160228815
2025-03-23 15:58:15,482 => saving checkpoint to output\loveda\pidnet_small_loveda\aug_hf_gb_m_rbcheckpoint.pth.tar
2025-03-23 15:58:15,659 Loss: 9.723, MeanIU:  0.0470, Best_mIoU:  0.0470
2025-03-23 15:58:15,660 [0.00000000e+00 2.78757393e-01 4.63167064e-02 1.15191549e-03
 4.23338112e-05 3.02070476e-03 2.72114106e-07]
2025-03-23 15:58:26,972 Epoch: [13/20] Iter:[0/192], Time: 11.13, lr: [0.0038874179879876346], Loss: 4.017515, Acc:0.595063, Semantic loss: 1.372303, BCE loss: 1.866732, SB loss: 0.778480
2025-03-23 15:58:31,394 Epoch: [13/20] Iter:[10/192], Time: 1.41, lr: [0.003861376460123532], Loss: 4.035444, Acc:0.529462, Semantic loss: 1.522161, BCE loss: 1.640052, SB loss: 0.873231
2025-03-23 15:58:36,404 Epoch: [13/20] Iter:[20/192], Time: 0.98, lr: [0.003835315403363414], Loss: 3.988900, Acc:0.532010, Semantic loss: 1.547444, BCE loss: 1.572646, SB loss: 0.868810
2025-03-23 15:58:41,141 Epoch: [13/20] Iter:[30/192], Time: 0.82, lr: [0.00380923465539378], Loss: 3.923160, Acc:0.537135, Semantic loss: 1.525466, BCE loss: 1.544713, SB loss: 0.852981
2025-03-23 15:58:46,134 Epoch: [13/20] Iter:[40/192], Time: 0.74, lr: [0.0037831340513060203], Loss: 3.918629, Acc:0.535290, Semantic loss: 1.520729, BCE loss: 1.555984, SB loss: 0.841917
2025-03-23 15:58:50,771 Epoch: [13/20] Iter:[50/192], Time: 0.68, lr: [0.003757013423534689], Loss: 3.920126, Acc:0.543062, Semantic loss: 1.514590, BCE loss: 1.563615, SB loss: 0.841921
2025-03-23 15:58:55,636 Epoch: [13/20] Iter:[60/192], Time: 0.65, lr: [0.003730872601793835], Loss: 3.920191, Acc:0.540688, Semantic loss: 1.511984, BCE loss: 1.565563, SB loss: 0.842643
2025-03-23 15:59:00,320 Epoch: [13/20] Iter:[70/192], Time: 0.63, lr: [0.0037047114130112895], Loss: 3.897212, Acc:0.541019, Semantic loss: 1.506311, BCE loss: 1.550397, SB loss: 0.840504
2025-03-23 15:59:05,280 Epoch: [13/20] Iter:[80/192], Time: 0.61, lr: [0.0036785296812608405], Loss: 3.909164, Acc:0.533262, Semantic loss: 1.536344, BCE loss: 1.525578, SB loss: 0.847243
2025-03-23 15:59:09,993 Epoch: [13/20] Iter:[90/192], Time: 0.60, lr: [0.003652327227692201], Loss: 3.923452, Acc:0.532007, Semantic loss: 1.538481, BCE loss: 1.538021, SB loss: 0.846950
2025-03-23 15:59:15,002 Epoch: [13/20] Iter:[100/192], Time: 0.59, lr: [0.0036261038704587037], Loss: 3.936271, Acc:0.529507, Semantic loss: 1.537714, BCE loss: 1.549982, SB loss: 0.848574
2025-03-23 15:59:19,675 Epoch: [13/20] Iter:[110/192], Time: 0.58, lr: [0.003599859424642584], Loss: 3.943989, Acc:0.527813, Semantic loss: 1.543458, BCE loss: 1.554812, SB loss: 0.845720
2025-03-23 15:59:24,670 Epoch: [13/20] Iter:[120/192], Time: 0.57, lr: [0.0035735937021778063], Loss: 3.933148, Acc:0.528832, Semantic loss: 1.540105, BCE loss: 1.549293, SB loss: 0.843750
2025-03-23 15:59:29,391 Epoch: [13/20] Iter:[130/192], Time: 0.56, lr: [0.0035473065117702885], Loss: 3.923047, Acc:0.529837, Semantic loss: 1.537355, BCE loss: 1.542941, SB loss: 0.842751
2025-03-23 15:59:34,323 Epoch: [13/20] Iter:[140/192], Time: 0.56, lr: [0.003520997658815433], Loss: 3.913257, Acc:0.529416, Semantic loss: 1.536776, BCE loss: 1.536576, SB loss: 0.839905
2025-03-23 15:59:38,986 Epoch: [13/20] Iter:[150/192], Time: 0.55, lr: [0.003494666945312851], Loss: 3.910552, Acc:0.527965, Semantic loss: 1.539055, BCE loss: 1.529344, SB loss: 0.842152
2025-03-23 15:59:43,975 Epoch: [13/20] Iter:[160/192], Time: 0.55, lr: [0.00346831416977816], Loss: 3.900757, Acc:0.528346, Semantic loss: 1.537545, BCE loss: 1.521417, SB loss: 0.841796
2025-03-23 15:59:48,737 Epoch: [13/20] Iter:[170/192], Time: 0.54, lr: [0.003441939127151716], Loss: 3.894729, Acc:0.531121, Semantic loss: 1.532132, BCE loss: 1.523361, SB loss: 0.839235
2025-03-23 15:59:53,715 Epoch: [13/20] Iter:[180/192], Time: 0.54, lr: [0.0034155416087041646], Loss: 3.889869, Acc:0.532445, Semantic loss: 1.528490, BCE loss: 1.522725, SB loss: 0.838654
2025-03-23 15:59:58,408 Epoch: [13/20] Iter:[190/192], Time: 0.54, lr: [0.0033891214019386652], Loss: 3.885846, Acc:0.532010, Semantic loss: 1.526207, BCE loss: 1.522518, SB loss: 0.837121
2025-03-23 16:02:00,282 0 [0.00000000e+00 7.24296352e-03 5.32493593e-02 1.19733819e-04
 2.26917653e-06 1.28427814e-05 2.66348790e-06] 0.008661404584140598
2025-03-23 16:02:00,282 1 [0.00000000e+00 9.02558107e-03 5.30751766e-02 9.69137221e-05
 0.00000000e+00 2.00840684e-04 0.00000000e+00] 0.008914073149858284
2025-03-23 16:02:00,288 => saving checkpoint to output\loveda\pidnet_small_loveda\aug_hf_gb_m_rbcheckpoint.pth.tar
2025-03-23 16:02:00,421 Loss: 11.126, MeanIU:  0.0089, Best_mIoU:  0.0470
2025-03-23 16:02:00,421 [0.00000000e+00 9.02558107e-03 5.30751766e-02 9.69137221e-05
 0.00000000e+00 2.00840684e-04 0.00000000e+00]
2025-03-23 16:02:11,679 Epoch: [14/20] Iter:[0/192], Time: 11.07, lr: [0.0033838346190164987], Loss: 4.032821, Acc:0.567213, Semantic loss: 1.406645, BCE loss: 1.724266, SB loss: 0.901910
2025-03-23 16:02:16,203 Epoch: [14/20] Iter:[10/192], Time: 1.42, lr: [0.0033573869003190927], Loss: 3.920919, Acc:0.542122, Semantic loss: 1.491182, BCE loss: 1.614586, SB loss: 0.815151
2025-03-23 16:02:21,131 Epoch: [14/20] Iter:[20/192], Time: 0.98, lr: [0.0033309160120447595], Loss: 3.884997, Acc:0.537776, Semantic loss: 1.500880, BCE loss: 1.552296, SB loss: 0.831820
2025-03-23 16:02:25,803 Epoch: [14/20] Iter:[30/192], Time: 0.81, lr: [0.0033044217289421207], Loss: 3.838315, Acc:0.537526, Semantic loss: 1.502647, BCE loss: 1.513081, SB loss: 0.822587
2025-03-23 16:02:30,782 Epoch: [14/20] Iter:[40/192], Time: 0.74, lr: [0.0032779038215418194], Loss: 3.838937, Acc:0.542905, Semantic loss: 1.495718, BCE loss: 1.523731, SB loss: 0.819488
2025-03-23 16:02:35,520 Epoch: [14/20] Iter:[50/192], Time: 0.68, lr: [0.0032513620560388795], Loss: 3.852194, Acc:0.535086, Semantic loss: 1.496636, BCE loss: 1.538195, SB loss: 0.817363
2025-03-23 16:02:40,463 Epoch: [14/20] Iter:[60/192], Time: 0.65, lr: [0.003224796194170671], Loss: 3.839903, Acc:0.539285, Semantic loss: 1.486384, BCE loss: 1.537552, SB loss: 0.815967
2025-03-23 16:02:45,169 Epoch: [14/20] Iter:[70/192], Time: 0.63, lr: [0.003198205993090303], Loss: 3.819854, Acc:0.536831, Semantic loss: 1.485048, BCE loss: 1.517521, SB loss: 0.817285
2025-03-23 16:02:50,063 Epoch: [14/20] Iter:[80/192], Time: 0.61, lr: [0.0031715912052352204], Loss: 3.817555, Acc:0.540238, Semantic loss: 1.481499, BCE loss: 1.527463, SB loss: 0.808592
2025-03-23 16:02:54,868 Epoch: [14/20] Iter:[90/192], Time: 0.60, lr: [0.0031449515781907557], Loss: 3.815146, Acc:0.542254, Semantic loss: 1.483918, BCE loss: 1.521786, SB loss: 0.809442
2025-03-23 16:02:59,651 Epoch: [14/20] Iter:[100/192], Time: 0.58, lr: [0.003118286854548424], Loss: 3.816583, Acc:0.541185, Semantic loss: 1.488553, BCE loss: 1.519857, SB loss: 0.808173
2025-03-23 16:03:04,591 Epoch: [14/20] Iter:[110/192], Time: 0.58, lr: [0.003091596771758693], Loss: 3.818069, Acc:0.542945, Semantic loss: 1.483759, BCE loss: 1.530126, SB loss: 0.804184
2025-03-23 16:03:09,319 Epoch: [14/20] Iter:[120/192], Time: 0.57, lr: [0.0030648810619779434], Loss: 3.834486, Acc:0.542197, Semantic loss: 1.488944, BCE loss: 1.538226, SB loss: 0.807315
2025-03-23 16:03:14,298 Epoch: [14/20] Iter:[130/192], Time: 0.56, lr: [0.0030381394519093602], Loss: 3.822799, Acc:0.540326, Semantic loss: 1.487455, BCE loss: 1.529024, SB loss: 0.806320
2025-03-23 16:03:19,019 Epoch: [14/20] Iter:[140/192], Time: 0.56, lr: [0.003011371662637431], Loss: 3.823079, Acc:0.539485, Semantic loss: 1.491266, BCE loss: 1.521971, SB loss: 0.809842
2025-03-23 16:03:23,944 Epoch: [14/20] Iter:[150/192], Time: 0.55, lr: [0.0029845774094557345], Loss: 3.829471, Acc:0.538899, Semantic loss: 1.492554, BCE loss: 1.525493, SB loss: 0.811425
2025-03-23 16:03:28,648 Epoch: [14/20] Iter:[160/192], Time: 0.55, lr: [0.002957756401687678], Loss: 3.831094, Acc:0.539448, Semantic loss: 1.495116, BCE loss: 1.520281, SB loss: 0.815696
2025-03-23 16:03:33,630 Epoch: [14/20] Iter:[170/192], Time: 0.54, lr: [0.002930908342499829], Loss: 3.834351, Acc:0.540604, Semantic loss: 1.494872, BCE loss: 1.524247, SB loss: 0.815231
2025-03-23 16:03:38,351 Epoch: [14/20] Iter:[180/192], Time: 0.54, lr: [0.002904032928707437], Loss: 3.836821, Acc:0.539153, Semantic loss: 1.499509, BCE loss: 1.521572, SB loss: 0.815740
2025-03-23 16:03:43,245 Epoch: [14/20] Iter:[190/192], Time: 0.54, lr: [0.0028771298505717554], Loss: 3.849158, Acc:0.536621, Semantic loss: 1.509424, BCE loss: 1.517357, SB loss: 0.822377
2025-03-23 16:05:44,755 0 [0.00000000e+00 1.64991886e-02 5.36090847e-02 0.00000000e+00
 6.72403450e-07 1.00187471e-05 1.22240299e-05] 0.01001874120750143
2025-03-23 16:05:44,756 1 [0.00000000e+00 7.03028998e-03 5.33145967e-02 0.00000000e+00
 0.00000000e+00 5.10607097e-07 0.00000000e+00] 0.00862077103925941
2025-03-23 16:05:44,766 => saving checkpoint to output\loveda\pidnet_small_loveda\aug_hf_gb_m_rbcheckpoint.pth.tar
2025-03-23 16:05:44,873 Loss: 17.557, MeanIU:  0.0086, Best_mIoU:  0.0470
2025-03-23 16:05:44,874 [0.00000000e+00 7.03028998e-03 5.33145967e-02 0.00000000e+00
 0.00000000e+00 5.10607097e-07 0.00000000e+00]
2025-03-23 16:05:56,195 Epoch: [15/20] Iter:[0/192], Time: 11.14, lr: [0.0028717458874925874], Loss: 3.706097, Acc:0.525239, Semantic loss: 1.358561, BCE loss: 1.562204, SB loss: 0.785332
2025-03-23 16:06:00,574 Epoch: [15/20] Iter:[10/192], Time: 1.41, lr: [0.0028448091937488323], Loss: 3.871924, Acc:0.515531, Semantic loss: 1.576931, BCE loss: 1.417427, SB loss: 0.877566
2025-03-23 16:06:05,609 Epoch: [15/20] Iter:[20/192], Time: 0.98, lr: [0.002817844130111582], Loss: 3.888707, Acc:0.531014, Semantic loss: 1.543183, BCE loss: 1.476840, SB loss: 0.868684
2025-03-23 16:06:10,315 Epoch: [15/20] Iter:[30/192], Time: 0.81, lr: [0.0027908503644035994], Loss: 3.944741, Acc:0.532898, Semantic loss: 1.550744, BCE loss: 1.531247, SB loss: 0.862750
2025-03-23 16:06:15,355 Epoch: [15/20] Iter:[40/192], Time: 0.74, lr: [0.0027638275569424097], Loss: 3.928324, Acc:0.528219, Semantic loss: 1.558013, BCE loss: 1.515230, SB loss: 0.855081
2025-03-23 16:06:20,100 Epoch: [15/20] Iter:[50/192], Time: 0.69, lr: [0.002736775360287257], Loss: 3.861627, Acc:0.532445, Semantic loss: 1.538321, BCE loss: 1.478500, SB loss: 0.844806
2025-03-23 16:06:25,168 Epoch: [15/20] Iter:[60/192], Time: 0.66, lr: [0.002709693418974644], Loss: 3.859284, Acc:0.534443, Semantic loss: 1.533495, BCE loss: 1.484648, SB loss: 0.841141
2025-03-23 16:06:29,967 Epoch: [15/20] Iter:[70/192], Time: 0.63, lr: [0.0026825813692418162], Loss: 3.818956, Acc:0.538583, Semantic loss: 1.513861, BCE loss: 1.471828, SB loss: 0.833268
2025-03-23 16:06:35,032 Epoch: [15/20] Iter:[80/192], Time: 0.62, lr: [0.0026554388387375], Loss: 3.829672, Acc:0.539001, Semantic loss: 1.517187, BCE loss: 1.476962, SB loss: 0.835524
2025-03-23 16:06:39,776 Epoch: [15/20] Iter:[90/192], Time: 0.60, lr: [0.002628265446219161], Loss: 3.817946, Acc:0.542299, Semantic loss: 1.507876, BCE loss: 1.478302, SB loss: 0.831767
2025-03-23 16:06:44,804 Epoch: [15/20] Iter:[100/192], Time: 0.59, lr: [0.002601060801235972], Loss: 3.823167, Acc:0.541706, Semantic loss: 1.511020, BCE loss: 1.481018, SB loss: 0.831129
2025-03-23 16:06:49,519 Epoch: [15/20] Iter:[110/192], Time: 0.58, lr: [0.002573824503796671], Loss: 3.823547, Acc:0.540477, Semantic loss: 1.505350, BCE loss: 1.493394, SB loss: 0.824802
2025-03-23 16:06:54,488 Epoch: [15/20] Iter:[120/192], Time: 0.57, lr: [0.00254655614402138], Loss: 3.829531, Acc:0.539553, Semantic loss: 1.502367, BCE loss: 1.502450, SB loss: 0.824713
2025-03-23 16:06:59,190 Epoch: [15/20] Iter:[130/192], Time: 0.57, lr: [0.0025192553017764118], Loss: 3.824792, Acc:0.539565, Semantic loss: 1.500749, BCE loss: 1.501680, SB loss: 0.822363
2025-03-23 16:07:04,127 Epoch: [15/20] Iter:[140/192], Time: 0.56, lr: [0.002491921546291034], Loss: 3.827499, Acc:0.539330, Semantic loss: 1.496695, BCE loss: 1.510501, SB loss: 0.820303
2025-03-23 16:07:08,853 Epoch: [15/20] Iter:[150/192], Time: 0.55, lr: [0.0024645544357550573], Loss: 3.837286, Acc:0.537697, Semantic loss: 1.501085, BCE loss: 1.511330, SB loss: 0.824871
2025-03-23 16:07:13,842 Epoch: [15/20] Iter:[160/192], Time: 0.55, lr: [0.002437153516896028], Loss: 3.838762, Acc:0.535623, Semantic loss: 1.504871, BCE loss: 1.506451, SB loss: 0.827440
2025-03-23 16:07:18,610 Epoch: [15/20] Iter:[170/192], Time: 0.55, lr: [0.0024097183245347467], Loss: 3.842254, Acc:0.537694, Semantic loss: 1.501228, BCE loss: 1.515943, SB loss: 0.825082
2025-03-23 16:07:23,621 Epoch: [15/20] Iter:[180/192], Time: 0.54, lr: [0.0023822483811177], Loss: 3.838331, Acc:0.539967, Semantic loss: 1.497050, BCE loss: 1.519480, SB loss: 0.821800
2025-03-23 16:07:28,273 Epoch: [15/20] Iter:[190/192], Time: 0.54, lr: [0.002354743196224891], Loss: 3.841523, Acc:0.538829, Semantic loss: 1.500327, BCE loss: 1.519168, SB loss: 0.822028
2025-03-23 16:09:29,848 0 [0.00000000e+00 1.17850566e-02 5.32436114e-02 4.51491722e-05
 6.59550403e-04 2.63161018e-06 1.10186867e-05] 0.00939243112048824
2025-03-23 16:09:29,849 1 [0.00000000e+00 1.06412652e-01 5.13897845e-02 5.13743417e-03
 9.41344536e-06 3.05176869e-03 2.08966018e-05] 0.023717421292188044
2025-03-23 16:09:29,859 => saving checkpoint to output\loveda\pidnet_small_loveda\aug_hf_gb_m_rbcheckpoint.pth.tar
2025-03-23 16:09:29,996 Loss: 10.827, MeanIU:  0.0237, Best_mIoU:  0.0470
2025-03-23 16:09:29,997 [0.00000000e+00 1.06412652e-01 5.13897845e-02 5.13743417e-03
 9.41344536e-06 3.05176869e-03 2.08966018e-05]
2025-03-23 16:09:41,326 Epoch: [16/20] Iter:[0/192], Time: 11.14, lr: [0.0023492378861760376], Loss: 3.916975, Acc:0.577873, Semantic loss: 1.463878, BCE loss: 1.758221, SB loss: 0.694876
2025-03-23 16:09:45,970 Epoch: [16/20] Iter:[10/192], Time: 1.44, lr: [0.0023216897452738748], Loss: 3.683296, Acc:0.586344, Semantic loss: 1.399675, BCE loss: 1.517332, SB loss: 0.766289
2025-03-23 16:09:50,946 Epoch: [16/20] Iter:[20/192], Time: 0.99, lr: [0.0022941052360858027], Loss: 3.616109, Acc:0.580810, Semantic loss: 1.406909, BCE loss: 1.453333, SB loss: 0.755867
2025-03-23 16:09:55,726 Epoch: [16/20] Iter:[30/192], Time: 0.82, lr: [0.0022664838233947228], Loss: 3.711864, Acc:0.567453, Semantic loss: 1.450162, BCE loss: 1.490662, SB loss: 0.771040
2025-03-23 16:10:00,610 Epoch: [16/20] Iter:[40/192], Time: 0.74, lr: [0.0022388249567421017], Loss: 3.734689, Acc:0.565085, Semantic loss: 1.450212, BCE loss: 1.521733, SB loss: 0.762745
2025-03-23 16:10:05,310 Epoch: [16/20] Iter:[50/192], Time: 0.69, lr: [0.002211128069778427], Loss: 3.731235, Acc:0.560209, Semantic loss: 1.451793, BCE loss: 1.513237, SB loss: 0.766206
2025-03-23 16:10:10,276 Epoch: [16/20] Iter:[60/192], Time: 0.66, lr: [0.0021833925795765436], Loss: 3.767702, Acc:0.556160, Semantic loss: 1.457389, BCE loss: 1.534528, SB loss: 0.775785
2025-03-23 16:10:14,995 Epoch: [16/20] Iter:[70/192], Time: 0.63, lr: [0.0021556178859051967], Loss: 3.773592, Acc:0.552556, Semantic loss: 1.464592, BCE loss: 1.536528, SB loss: 0.772472
2025-03-23 16:10:19,947 Epoch: [16/20] Iter:[80/192], Time: 0.61, lr: [0.002127803370459852], Loss: 3.787102, Acc:0.550925, Semantic loss: 1.464617, BCE loss: 1.546372, SB loss: 0.776113
2025-03-23 16:10:24,695 Epoch: [16/20] Iter:[90/192], Time: 0.60, lr: [0.0020999483960476508], Loss: 3.758795, Acc:0.553064, Semantic loss: 1.456635, BCE loss: 1.527231, SB loss: 0.774930
2025-03-23 16:10:29,688 Epoch: [16/20] Iter:[100/192], Time: 0.59, lr: [0.0020720523057230294], Loss: 3.778960, Acc:0.553023, Semantic loss: 1.461593, BCE loss: 1.543046, SB loss: 0.774321
2025-03-23 16:10:34,418 Epoch: [16/20] Iter:[110/192], Time: 0.58, lr: [0.002044114421870228], Loss: 3.785174, Acc:0.552380, Semantic loss: 1.462305, BCE loss: 1.545100, SB loss: 0.777768
2025-03-23 16:10:39,363 Epoch: [16/20] Iter:[120/192], Time: 0.57, lr: [0.0020161340452285867], Loss: 3.786756, Acc:0.553062, Semantic loss: 1.463235, BCE loss: 1.543107, SB loss: 0.780413
2025-03-23 16:10:44,084 Epoch: [16/20] Iter:[130/192], Time: 0.56, lr: [0.001988110453856112], Loss: 3.776646, Acc:0.550468, Semantic loss: 1.464583, BCE loss: 1.529939, SB loss: 0.782124
2025-03-23 16:10:48,983 Epoch: [16/20] Iter:[140/192], Time: 0.56, lr: [0.0019600429020263607], Loss: 3.789648, Acc:0.548873, Semantic loss: 1.470193, BCE loss: 1.533137, SB loss: 0.786318
2025-03-23 16:10:53,673 Epoch: [16/20] Iter:[150/192], Time: 0.55, lr: [0.0019319306190532476], Loss: 3.790958, Acc:0.548201, Semantic loss: 1.469695, BCE loss: 1.535604, SB loss: 0.785659
2025-03-23 16:10:58,617 Epoch: [16/20] Iter:[160/192], Time: 0.55, lr: [0.0019037728080378042], Loss: 3.794407, Acc:0.545777, Semantic loss: 1.476471, BCE loss: 1.528908, SB loss: 0.789028
2025-03-23 16:11:03,346 Epoch: [16/20] Iter:[170/192], Time: 0.54, lr: [0.0018755686445303314], Loss: 3.783140, Acc:0.546068, Semantic loss: 1.476385, BCE loss: 1.518935, SB loss: 0.787820
2025-03-23 16:11:08,352 Epoch: [16/20] Iter:[180/192], Time: 0.54, lr: [0.001847317275100738], Loss: 3.789678, Acc:0.544652, Semantic loss: 1.480005, BCE loss: 1.521455, SB loss: 0.788218
2025-03-23 16:11:13,069 Epoch: [16/20] Iter:[190/192], Time: 0.54, lr: [0.0018190178158090872], Loss: 3.792947, Acc:0.544022, Semantic loss: 1.483509, BCE loss: 1.520210, SB loss: 0.789228
2025-03-23 16:13:14,983 0 [0.00000000e+00 1.53260239e-02 5.29268900e-02 9.86577863e-05
 6.79398484e-05 1.66600067e-06 4.76088346e-06] 0.0097751340669886
2025-03-23 16:13:14,983 1 [0.         0.08941887 0.05027216 0.00605234 0.00151537 0.00400072
 0.03313338] 0.02634183411003565
2025-03-23 16:13:14,991 => saving checkpoint to output\loveda\pidnet_small_loveda\aug_hf_gb_m_rbcheckpoint.pth.tar
2025-03-23 16:13:15,121 Loss: 10.743, MeanIU:  0.0263, Best_mIoU:  0.0470
2025-03-23 16:13:15,121 [0.         0.08941887 0.05027216 0.00605234 0.00151537 0.00400072
 0.03313338]
2025-03-23 16:13:26,869 Epoch: [17/20] Iter:[0/192], Time: 11.57, lr: [0.0018133520731367456], Loss: 3.944309, Acc:0.512762, Semantic loss: 1.436579, BCE loss: 1.746568, SB loss: 0.761162
2025-03-23 16:13:31,333 Epoch: [17/20] Iter:[10/192], Time: 1.46, lr: [0.001784993693823396], Loss: 3.832910, Acc:0.520863, Semantic loss: 1.479485, BCE loss: 1.578745, SB loss: 0.774680
2025-03-23 16:13:36,373 Epoch: [17/20] Iter:[20/192], Time: 1.00, lr: [0.0017565851643374117], Loss: 3.792512, Acc:0.544371, Semantic loss: 1.450648, BCE loss: 1.552222, SB loss: 0.789642
2025-03-23 16:13:41,149 Epoch: [17/20] Iter:[30/192], Time: 0.83, lr: [0.0017281254915000803], Loss: 3.835445, Acc:0.535758, Semantic loss: 1.483042, BCE loss: 1.540517, SB loss: 0.811886
2025-03-23 16:13:46,207 Epoch: [17/20] Iter:[40/192], Time: 0.75, lr: [0.0016996136438923032], Loss: 3.816197, Acc:0.537456, Semantic loss: 1.482118, BCE loss: 1.524601, SB loss: 0.809478
2025-03-23 16:13:50,991 Epoch: [17/20] Iter:[50/192], Time: 0.70, lr: [0.0016710485496403851], Loss: 3.817194, Acc:0.535147, Semantic loss: 1.490510, BCE loss: 1.517494, SB loss: 0.809190
2025-03-23 16:13:56,066 Epoch: [17/20] Iter:[60/192], Time: 0.67, lr: [0.0016424290940290059], Loss: 3.794832, Acc:0.543038, Semantic loss: 1.481047, BCE loss: 1.515436, SB loss: 0.798350
2025-03-23 16:14:00,840 Epoch: [17/20] Iter:[70/192], Time: 0.64, lr: [0.0016137541169242962], Loss: 3.765279, Acc:0.545910, Semantic loss: 1.475136, BCE loss: 1.488173, SB loss: 0.801970
2025-03-23 16:14:05,928 Epoch: [17/20] Iter:[80/192], Time: 0.63, lr: [0.0015850224099878446], Loss: 3.777920, Acc:0.547174, Semantic loss: 1.472581, BCE loss: 1.502087, SB loss: 0.803251
2025-03-23 16:14:10,702 Epoch: [17/20] Iter:[90/192], Time: 0.61, lr: [0.001556232713660091], Loss: 3.772155, Acc:0.547417, Semantic loss: 1.469789, BCE loss: 1.503231, SB loss: 0.799135
2025-03-23 16:14:15,717 Epoch: [17/20] Iter:[100/192], Time: 0.60, lr: [0.0015273837138888994], Loss: 3.775209, Acc:0.548471, Semantic loss: 1.470577, BCE loss: 1.511383, SB loss: 0.793248
2025-03-23 16:14:20,392 Epoch: [17/20] Iter:[110/192], Time: 0.59, lr: [0.0014984740385759552], Loss: 3.775628, Acc:0.549518, Semantic loss: 1.465555, BCE loss: 1.518484, SB loss: 0.791589
2025-03-23 16:14:25,348 Epoch: [17/20] Iter:[120/192], Time: 0.58, lr: [0.0014695022537100475], Loss: 3.776757, Acc:0.547575, Semantic loss: 1.466490, BCE loss: 1.517955, SB loss: 0.792312
2025-03-23 16:14:30,065 Epoch: [17/20] Iter:[130/192], Time: 0.57, lr: [0.0014404668591521846], Loss: 3.783527, Acc:0.544255, Semantic loss: 1.474705, BCE loss: 1.512898, SB loss: 0.795925
2025-03-23 16:14:35,072 Epoch: [17/20] Iter:[140/192], Time: 0.57, lr: [0.0014113662840326588], Loss: 3.785397, Acc:0.545498, Semantic loss: 1.477135, BCE loss: 1.511841, SB loss: 0.796420
2025-03-23 16:14:39,938 Epoch: [17/20] Iter:[150/192], Time: 0.56, lr: [0.0013821988817145786], Loss: 3.788776, Acc:0.546278, Semantic loss: 1.476552, BCE loss: 1.515228, SB loss: 0.796996
2025-03-23 16:14:45,079 Epoch: [17/20] Iter:[160/192], Time: 0.56, lr: [0.0013529629242719093], Loss: 3.786164, Acc:0.549300, Semantic loss: 1.474721, BCE loss: 1.516139, SB loss: 0.795304
2025-03-23 16:14:49,989 Epoch: [17/20] Iter:[170/192], Time: 0.55, lr: [0.0013236565964223801], Loss: 3.785589, Acc:0.550040, Semantic loss: 1.473167, BCE loss: 1.518712, SB loss: 0.793710
2025-03-23 16:14:55,032 Epoch: [17/20] Iter:[180/192], Time: 0.55, lr: [0.0012942779888466518], Loss: 3.786732, Acc:0.549320, Semantic loss: 1.475020, BCE loss: 1.519824, SB loss: 0.791888
2025-03-23 16:14:59,749 Epoch: [17/20] Iter:[190/192], Time: 0.55, lr: [0.0012648250908145803], Loss: 3.788840, Acc:0.549526, Semantic loss: 1.477149, BCE loss: 1.516852, SB loss: 0.794839
2025-03-23 16:17:01,337 0 [0.00000000e+00 1.20765844e-02 5.32394117e-02 4.91566453e-05
 6.42285923e-04 5.29072777e-06 3.77496957e-05] 0.009435782721996038
2025-03-23 16:17:01,337 1 [0.00000000e+00 5.10731518e-02 5.20800907e-02 1.06461913e-02
 4.22064014e-05 4.44788736e-03 1.40822358e-04] 0.01691862141611091
2025-03-23 16:17:01,342 => saving checkpoint to output\loveda\pidnet_small_loveda\aug_hf_gb_m_rbcheckpoint.pth.tar
2025-03-23 16:17:01,475 Loss: 12.377, MeanIU:  0.0169, Best_mIoU:  0.0470
2025-03-23 16:17:01,475 [0.00000000e+00 5.10731518e-02 5.20800907e-02 1.06461913e-02
 4.22064014e-05 4.44788736e-03 1.40822358e-04]
2025-03-23 16:17:12,750 Epoch: [18/20] Iter:[0/192], Time: 11.09, lr: [0.001258925411794167], Loss: 3.632441, Acc:0.499450, Semantic loss: 1.377525, BCE loss: 1.485695, SB loss: 0.769221
2025-03-23 16:17:17,365 Epoch: [18/20] Iter:[10/192], Time: 1.43, lr: [0.0012293805561511607], Loss: 3.799672, Acc:0.557282, Semantic loss: 1.482624, BCE loss: 1.547324, SB loss: 0.769723
2025-03-23 16:17:22,336 Epoch: [18/20] Iter:[20/192], Time: 0.98, lr: [0.0011997565879500753], Loss: 3.795619, Acc:0.555004, Semantic loss: 1.497920, BCE loss: 1.525585, SB loss: 0.772114
2025-03-23 16:17:27,048 Epoch: [18/20] Iter:[30/192], Time: 0.82, lr: [0.0011700511125444005], Loss: 3.775760, Acc:0.561556, Semantic loss: 1.494796, BCE loss: 1.509742, SB loss: 0.771223
2025-03-23 16:17:32,019 Epoch: [18/20] Iter:[40/192], Time: 0.74, lr: [0.0011402615929770753], Loss: 3.756068, Acc:0.561565, Semantic loss: 1.470349, BCE loss: 1.522401, SB loss: 0.763318
2025-03-23 16:17:36,755 Epoch: [18/20] Iter:[50/192], Time: 0.69, lr: [0.0011103853371305413], Loss: 3.724205, Acc:0.561632, Semantic loss: 1.461778, BCE loss: 1.504579, SB loss: 0.757848
2025-03-23 16:17:41,690 Epoch: [18/20] Iter:[60/192], Time: 0.66, lr: [0.001080419483295973], Loss: 3.708133, Acc:0.562216, Semantic loss: 1.459102, BCE loss: 1.486690, SB loss: 0.762341
2025-03-23 16:17:46,457 Epoch: [18/20] Iter:[70/192], Time: 0.63, lr: [0.0010503609839122385], Loss: 3.725265, Acc:0.564746, Semantic loss: 1.457232, BCE loss: 1.509743, SB loss: 0.758290
2025-03-23 16:17:51,442 Epoch: [18/20] Iter:[80/192], Time: 0.61, lr: [0.0010202065871765603], Loss: 3.740659, Acc:0.559439, Semantic loss: 1.462809, BCE loss: 1.515239, SB loss: 0.762610
2025-03-23 16:17:56,192 Epoch: [18/20] Iter:[90/192], Time: 0.60, lr: [0.000989952816168914], Loss: 3.741467, Acc:0.560703, Semantic loss: 1.460323, BCE loss: 1.518367, SB loss: 0.762777
2025-03-23 16:18:01,186 Epoch: [18/20] Iter:[100/192], Time: 0.59, lr: [0.0009595959450576828], Loss: 3.739367, Acc:0.560242, Semantic loss: 1.457521, BCE loss: 1.518940, SB loss: 0.762907
2025-03-23 16:18:05,951 Epoch: [18/20] Iter:[110/192], Time: 0.58, lr: [0.000929131971860904], Loss: 3.719130, Acc:0.558199, Semantic loss: 1.454999, BCE loss: 1.502434, SB loss: 0.761696
2025-03-23 16:18:10,936 Epoch: [18/20] Iter:[120/192], Time: 0.57, lr: [0.0008985565871200918], Loss: 3.717879, Acc:0.558822, Semantic loss: 1.451937, BCE loss: 1.504170, SB loss: 0.761772
2025-03-23 16:18:15,764 Epoch: [18/20] Iter:[130/192], Time: 0.57, lr: [0.0008678651376944955], Loss: 3.730956, Acc:0.559415, Semantic loss: 1.453885, BCE loss: 1.515018, SB loss: 0.762053
2025-03-23 16:18:20,717 Epoch: [18/20] Iter:[140/192], Time: 0.56, lr: [0.000837052584692747], Loss: 3.741337, Acc:0.559842, Semantic loss: 1.453191, BCE loss: 1.523849, SB loss: 0.764296
2025-03-23 16:18:25,451 Epoch: [18/20] Iter:[150/192], Time: 0.55, lr: [0.000806113454312208], Loss: 3.736071, Acc:0.559343, Semantic loss: 1.452872, BCE loss: 1.516563, SB loss: 0.766637
2025-03-23 16:18:30,391 Epoch: [18/20] Iter:[160/192], Time: 0.55, lr: [0.0007750417800344363], Loss: 3.731065, Acc:0.559728, Semantic loss: 1.449890, BCE loss: 1.512792, SB loss: 0.768383
2025-03-23 16:18:35,151 Epoch: [18/20] Iter:[170/192], Time: 0.55, lr: [0.0007438310342008949], Loss: 3.737040, Acc:0.557183, Semantic loss: 1.454744, BCE loss: 1.511309, SB loss: 0.770987
2025-03-23 16:18:40,213 Epoch: [18/20] Iter:[180/192], Time: 0.54, lr: [0.0007124740464272778], Loss: 3.731258, Acc:0.557735, Semantic loss: 1.451525, BCE loss: 1.510862, SB loss: 0.768871
2025-03-23 16:18:44,893 Epoch: [18/20] Iter:[190/192], Time: 0.54, lr: [0.0006809629055511224], Loss: 3.738260, Acc:0.556177, Semantic loss: 1.455391, BCE loss: 1.513798, SB loss: 0.769071
2025-03-23 16:20:46,561 0 [0.00000000e+00 1.36491462e-02 5.33037423e-02 1.01835933e-05
 2.52697029e-04 6.44887889e-07 5.30671294e-06] 0.009603102968243895
2025-03-23 16:20:46,561 1 [0.00000000e+00 1.85115111e-02 5.33187069e-02 1.21380649e-02
 4.89097492e-05 8.56816995e-04 1.79778028e-04] 0.012150541095119816
2025-03-23 16:20:46,571 => saving checkpoint to output\loveda\pidnet_small_loveda\aug_hf_gb_m_rbcheckpoint.pth.tar
2025-03-23 16:20:46,695 Loss: 13.703, MeanIU:  0.0122, Best_mIoU:  0.0470
2025-03-23 16:20:46,695 [0.00000000e+00 1.85115111e-02 5.33187069e-02 1.21380649e-02
 4.89097492e-05 8.56816995e-04 1.79778028e-04]
2025-03-23 16:20:58,065 Epoch: [19/20] Iter:[0/192], Time: 11.19, lr: [0.0006746414238367822], Loss: 3.807729, Acc:0.550545, Semantic loss: 1.485963, BCE loss: 1.596915, SB loss: 0.724851
2025-03-23 16:21:02,579 Epoch: [19/20] Iter:[10/192], Time: 1.43, lr: [0.0006429336362339898], Loss: 3.683262, Acc:0.550923, Semantic loss: 1.436668, BCE loss: 1.499608, SB loss: 0.746986
2025-03-23 16:21:07,568 Epoch: [19/20] Iter:[20/192], Time: 0.99, lr: [0.0006110510578510947], Loss: 3.663314, Acc:0.547240, Semantic loss: 1.444599, BCE loss: 1.448833, SB loss: 0.769882
2025-03-23 16:21:12,331 Epoch: [19/20] Iter:[30/192], Time: 0.82, lr: [0.0005789824653018995], Loss: 3.661651, Acc:0.556662, Semantic loss: 1.451194, BCE loss: 1.445923, SB loss: 0.764535
2025-03-23 16:21:17,285 Epoch: [19/20] Iter:[40/192], Time: 0.74, lr: [0.0005467151732202777], Loss: 3.711001, Acc:0.554456, Semantic loss: 1.456026, BCE loss: 1.494360, SB loss: 0.760615
2025-03-23 16:21:22,015 Epoch: [19/20] Iter:[50/192], Time: 0.69, lr: [0.0005142347343351296], Loss: 3.728678, Acc:0.556796, Semantic loss: 1.459965, BCE loss: 1.497584, SB loss: 0.771129
2025-03-23 16:21:27,041 Epoch: [19/20] Iter:[60/192], Time: 0.66, lr: [0.0004815245523312483], Loss: 3.707787, Acc:0.559560, Semantic loss: 1.452763, BCE loss: 1.485459, SB loss: 0.769565
2025-03-23 16:21:31,837 Epoch: [19/20] Iter:[70/192], Time: 0.63, lr: [0.000448565373510549], Loss: 3.695779, Acc:0.562655, Semantic loss: 1.448580, BCE loss: 1.479805, SB loss: 0.767395
2025-03-23 16:21:36,839 Epoch: [19/20] Iter:[80/192], Time: 0.62, lr: [0.00041533460609889997], Loss: 3.713910, Acc:0.562271, Semantic loss: 1.450919, BCE loss: 1.497664, SB loss: 0.765327
2025-03-23 16:21:41,553 Epoch: [19/20] Iter:[90/192], Time: 0.60, lr: [0.00038180538785330436], Loss: 3.705717, Acc:0.563332, Semantic loss: 1.449290, BCE loss: 1.488743, SB loss: 0.767683
2025-03-23 16:21:46,553 Epoch: [19/20] Iter:[100/192], Time: 0.59, lr: [0.00034794527452517863], Loss: 3.687862, Acc:0.562294, Semantic loss: 1.442402, BCE loss: 1.481414, SB loss: 0.764046
2025-03-23 16:21:51,321 Epoch: [19/20] Iter:[110/192], Time: 0.58, lr: [0.00031371433588231993], Loss: 3.686719, Acc:0.562642, Semantic loss: 1.443858, BCE loss: 1.476609, SB loss: 0.766252
2025-03-23 16:21:56,367 Epoch: [19/20] Iter:[120/192], Time: 0.57, lr: [0.0002790622842837163], Loss: 3.687104, Acc:0.564534, Semantic loss: 1.442698, BCE loss: 1.481019, SB loss: 0.763386
2025-03-23 16:22:01,080 Epoch: [19/20] Iter:[130/192], Time: 0.57, lr: [0.0002439239356353784], Loss: 3.686252, Acc:0.564174, Semantic loss: 1.441619, BCE loss: 1.483200, SB loss: 0.761433
2025-03-23 16:22:06,019 Epoch: [19/20] Iter:[140/192], Time: 0.56, lr: [0.00020821159321002047], Loss: 3.700134, Acc:0.562764, Semantic loss: 1.443879, BCE loss: 1.493567, SB loss: 0.762689
2025-03-23 16:22:10,763 Epoch: [19/20] Iter:[150/192], Time: 0.56, lr: [0.00017180122628828942], Loss: 3.713364, Acc:0.561656, Semantic loss: 1.445055, BCE loss: 1.506014, SB loss: 0.762294
2025-03-23 16:22:15,816 Epoch: [19/20] Iter:[160/192], Time: 0.55, lr: [0.00013450451987183818], Loss: 3.709592, Acc:0.563087, Semantic loss: 1.441214, BCE loss: 1.507825, SB loss: 0.760552
2025-03-23 16:22:20,611 Epoch: [19/20] Iter:[170/192], Time: 0.55, lr: [9.600244875192536e-05], Loss: 3.716836, Acc:0.562249, Semantic loss: 1.441919, BCE loss: 1.513567, SB loss: 0.761350
2025-03-23 16:22:25,733 Epoch: [19/20] Iter:[180/192], Time: 0.55, lr: [5.563716848048335e-05], Loss: 3.724907, Acc:0.563474, Semantic loss: 1.443241, BCE loss: 1.519640, SB loss: 0.762026
2025-03-23 16:22:30,471 Epoch: [19/20] Iter:[190/192], Time: 0.54, lr: [1.1092486125349496e-05], Loss: 3.710774, Acc:0.564058, Semantic loss: 1.439189, BCE loss: 1.511644, SB loss: 0.759941
2025-03-23 16:24:32,488 0 [0.00000000e+00 1.38424393e-02 5.33701266e-02 3.66775650e-05
 9.26792118e-04 2.68643474e-06 1.31514205e-05] 0.009741696211978606
2025-03-23 16:24:32,488 1 [0.00000000e+00 1.65596961e-02 5.30336214e-02 2.63480339e-02
 1.65507659e-05 4.07794358e-03 6.37000170e-06] 0.014291745108873929
2025-03-23 16:24:32,496 => saving checkpoint to output\loveda\pidnet_small_loveda\aug_hf_gb_m_rbcheckpoint.pth.tar
2025-03-23 16:24:32,631 Loss: 12.574, MeanIU:  0.0143, Best_mIoU:  0.0470
2025-03-23 16:24:32,632 [0.00000000e+00 1.65596961e-02 5.30336214e-02 2.63480339e-02
 1.65507659e-05 4.07794358e-03 6.37000170e-06]
2025-03-23 16:24:32,705 Hours: 1
2025-03-23 16:24:32,706 Done
