2025-03-26 17:28:14,749 Namespace(cfg='configs/loveda/pidnet_small_loveda.yaml', seed=304, opts=[])
2025-03-26 17:28:14,749 AUTO_RESUME: False
CUDNN:
  BENCHMARK: True
  DETERMINISTIC: False
  ENABLED: True
DATASET:
  DATASET: loveda
  EXTRA_TRAIN_SET: 
  NUM_CLASSES: 7
  ROOT: data/
  TARGET_SET: 
  TEST_SET: list/loveda/urban_rural/val.lst
  TRAIN_SET: list/loveda/urban_rural/train.lst
GPUS: (0,)
LOG_DIR: log
LOSS:
  BALANCE_WEIGHTS: [0.4, 1.0]
  CLASS_BALANCE: False
  OHEMKEEP: 131072
  OHEMTHRES: 0.9
  SB_WEIGHTS: 1.0
  USE_OHEM: True
MODEL:
  ALIGN_CORNERS: True
  NAME: pidnet_small
  NUM_OUTPUTS: 2
  PRETRAINED: pretrained_models/imagenet/PIDNet_S_ImageNet.pth.tar
OUTPUT_DIR: output
PIN_MEMORY: True
PRINT_FREQ: 10
TEST:
  BASE_SIZE: 2048
  BATCH_SIZE_PER_GPU: 6
  FLIP_TEST: False
  IMAGE_SIZE: [2048, 1024]
  MODEL_FILE: output/loveda/pidnet_small_loveda/final_state.pt
  MULTI_SCALE: False
  OUTPUT_INDEX: 1
TRAIN:
  AUGMENTATION:
    ENABLE: True
    PROBABILITY: 0.5
    TECHNIQUES:
      GAUSSIAN_BLUR: True
      HORIZONTAL_FLIP: False
      MULTIPLY: False
      RANDOM_BRIGHTNESS: False
  BASE_SIZE: 2048
  BATCH_SIZE_PER_GPU: 6
  BEGIN_EPOCH: 0
  DACS:
    ENABLE: False
    THRESHOLD: 0.968
  END_EPOCH: 20
  EXTRA_EPOCH: 0
  EXTRA_LR: 0.001
  FLIP: False
  IGNORE_LABEL: 0
  IMAGE_SIZE: [1024, 1024]
  LR: 0.01
  MOMENTUM: 0.9
  MULTI_SCALE: False
  NESTEROV: False
  OPTIMIZER: sgd
  RESUME: True
  SCALE_FACTOR: 16
  SHUFFLE: True
  WD: 0.0005
WORKERS: 4
2025-03-26 17:28:14,854 Attention!!!
2025-03-26 17:28:14,855 Loaded 302 parameters!
2025-03-26 17:28:14,855 Over!!!
2025-03-26 17:28:28,115 Epoch: [0/20] Iter:[0/192], Time: 13.17, lr: [0.01], Loss: 16.640829, Acc:0.126739, Semantic loss: 7.190904, BCE loss: 3.742972, SB loss: 5.706953
2025-03-26 17:28:32,123 Epoch: [0/20] Iter:[10/192], Time: 1.54, lr: [0.009976559445324192], Loss: 11.547027, Acc:0.286527, Semantic loss: 5.196243, BCE loss: 2.690849, SB loss: 3.659935
2025-03-26 17:28:36,076 Epoch: [0/20] Iter:[20/192], Time: 1.00, lr: [0.009953112769592761], Loss: 9.167179, Acc:0.349156, Semantic loss: 4.075493, BCE loss: 2.366548, SB loss: 2.725138
2025-03-26 17:28:40,000 Epoch: [0/20] Iter:[30/192], Time: 0.80, lr: [0.009929659955177281], Loss: 7.865384, Acc:0.391036, Semantic loss: 3.423587, BCE loss: 2.184868, SB loss: 2.256928
2025-03-26 17:28:43,887 Epoch: [0/20] Iter:[40/192], Time: 0.70, lr: [0.009906200984352154], Loss: 7.109736, Acc:0.402825, Semantic loss: 3.068261, BCE loss: 2.041602, SB loss: 1.999873
2025-03-26 17:28:47,771 Epoch: [0/20] Iter:[50/192], Time: 0.64, lr: [0.009882735839293803], Loss: 6.579963, Acc:0.427872, Semantic loss: 2.810082, BCE loss: 1.941572, SB loss: 1.828308
2025-03-26 17:28:51,661 Epoch: [0/20] Iter:[60/192], Time: 0.60, lr: [0.00985926450207989], Loss: 6.242446, Acc:0.436476, Semantic loss: 2.643330, BCE loss: 1.876142, SB loss: 1.722974
2025-03-26 17:28:55,542 Epoch: [0/20] Iter:[70/192], Time: 0.57, lr: [0.009835786954688485], Loss: 5.971182, Acc:0.445645, Semantic loss: 2.510373, BCE loss: 1.828589, SB loss: 1.632219
2025-03-26 17:28:59,424 Epoch: [0/20] Iter:[80/192], Time: 0.55, lr: [0.00981230317899726], Loss: 5.783155, Acc:0.451392, Semantic loss: 2.413467, BCE loss: 1.791336, SB loss: 1.578352
2025-03-26 17:29:03,335 Epoch: [0/20] Iter:[90/192], Time: 0.53, lr: [0.009788813156782662], Loss: 5.649258, Acc:0.455033, Semantic loss: 2.345035, BCE loss: 1.772734, SB loss: 1.531490
2025-03-26 17:29:07,207 Epoch: [0/20] Iter:[100/192], Time: 0.52, lr: [0.009765316869719067], Loss: 5.521371, Acc:0.458176, Semantic loss: 2.283585, BCE loss: 1.747452, SB loss: 1.490334
2025-03-26 17:29:11,061 Epoch: [0/20] Iter:[110/192], Time: 0.50, lr: [0.009741814299377942], Loss: 5.404356, Acc:0.459860, Semantic loss: 2.228856, BCE loss: 1.719381, SB loss: 1.456120
2025-03-26 17:29:14,954 Epoch: [0/20] Iter:[120/192], Time: 0.49, lr: [0.009718305427226986], Loss: 5.295112, Acc:0.465704, Semantic loss: 2.170394, BCE loss: 1.709197, SB loss: 1.415522
2025-03-26 17:29:18,829 Epoch: [0/20] Iter:[130/192], Time: 0.49, lr: [0.009694790234629266], Loss: 5.204576, Acc:0.470164, Semantic loss: 2.120185, BCE loss: 1.696394, SB loss: 1.387997
2025-03-26 17:29:22,697 Epoch: [0/20] Iter:[140/192], Time: 0.48, lr: [0.009671268702842338], Loss: 5.131878, Acc:0.472601, Semantic loss: 2.087566, BCE loss: 1.676095, SB loss: 1.368217
2025-03-26 17:29:26,567 Epoch: [0/20] Iter:[150/192], Time: 0.47, lr: [0.009647740813017376], Loss: 5.056199, Acc:0.474657, Semantic loss: 2.052305, BCE loss: 1.659611, SB loss: 1.344283
2025-03-26 17:29:30,446 Epoch: [0/20] Iter:[160/192], Time: 0.47, lr: [0.009624206546198262], Loss: 5.005114, Acc:0.478388, Semantic loss: 2.021619, BCE loss: 1.660705, SB loss: 1.322790
2025-03-26 17:29:34,312 Epoch: [0/20] Iter:[170/192], Time: 0.46, lr: [0.009600665883320689], Loss: 4.951969, Acc:0.482276, Semantic loss: 1.986362, BCE loss: 1.656491, SB loss: 1.309116
2025-03-26 17:29:38,184 Epoch: [0/20] Iter:[180/192], Time: 0.46, lr: [0.009577118805211254], Loss: 4.902305, Acc:0.486264, Semantic loss: 1.958144, BCE loss: 1.649964, SB loss: 1.294196
2025-03-26 17:29:42,034 Epoch: [0/20] Iter:[190/192], Time: 0.45, lr: [0.009553565292586523], Loss: 4.854934, Acc:0.489015, Semantic loss: 1.933364, BCE loss: 1.643035, SB loss: 1.278534
2025-03-26 17:31:15,753 0 [0.         0.52511897 0.12761101 0.0461244  0.15271175 0.0762401
 0.09593861] 0.14624926355902776
2025-03-26 17:31:15,753 1 [0.         0.54245538 0.16388454 0.03497735 0.23136837 0.15672461
 0.07207349] 0.1716405340908004
2025-03-26 17:31:15,760 => saving checkpoint to output\loveda\pidnet_small_loveda\aug_gbcheckpoint.pth.tar
2025-03-26 17:31:15,876 Loss: 4.082, MeanIU:  0.1716, Best_mIoU:  0.1716
2025-03-26 17:31:15,876 [0.         0.54245538 0.16388454 0.03497735 0.23136837 0.15672461
 0.07207349]
2025-03-26 17:31:26,247 Epoch: [1/20] Iter:[0/192], Time: 10.18, lr: [0.009548853816214998], Loss: 3.855940, Acc:0.513974, Semantic loss: 1.523078, BCE loss: 1.405816, SB loss: 0.927046
2025-03-26 17:31:30,131 Epoch: [1/20] Iter:[10/192], Time: 1.28, lr: [0.009525292556561479], Loss: 4.011026, Acc:0.527548, Semantic loss: 1.534249, BCE loss: 1.454608, SB loss: 1.022169
2025-03-26 17:31:34,019 Epoch: [1/20] Iter:[20/192], Time: 0.85, lr: [0.00950172481957719], Loss: 3.961633, Acc:0.537359, Semantic loss: 1.502078, BCE loss: 1.477856, SB loss: 0.981698
2025-03-26 17:31:37,886 Epoch: [1/20] Iter:[30/192], Time: 0.70, lr: [0.009478150585620286], Loss: 3.920291, Acc:0.544714, Semantic loss: 1.479326, BCE loss: 1.446944, SB loss: 0.994021
2025-03-26 17:31:41,755 Epoch: [1/20] Iter:[40/192], Time: 0.63, lr: [0.009454569834934885], Loss: 3.951645, Acc:0.544448, Semantic loss: 1.491858, BCE loss: 1.463540, SB loss: 0.996247
2025-03-26 17:31:45,619 Epoch: [1/20] Iter:[50/192], Time: 0.58, lr: [0.009430982547650114], Loss: 3.983323, Acc:0.539640, Semantic loss: 1.495948, BCE loss: 1.492832, SB loss: 0.994544
2025-03-26 17:31:49,497 Epoch: [1/20] Iter:[60/192], Time: 0.55, lr: [0.009407388703779091], Loss: 3.990667, Acc:0.542867, Semantic loss: 1.488866, BCE loss: 1.506654, SB loss: 0.995146
2025-03-26 17:31:53,377 Epoch: [1/20] Iter:[70/192], Time: 0.53, lr: [0.009383788283217955], Loss: 3.965542, Acc:0.547763, Semantic loss: 1.465388, BCE loss: 1.509578, SB loss: 0.990575
2025-03-26 17:31:57,252 Epoch: [1/20] Iter:[80/192], Time: 0.51, lr: [0.00936018126574482], Loss: 3.954138, Acc:0.543516, Semantic loss: 1.470321, BCE loss: 1.495923, SB loss: 0.987893
2025-03-26 17:32:01,143 Epoch: [1/20] Iter:[90/192], Time: 0.50, lr: [0.009336567631018769], Loss: 3.957872, Acc:0.547927, Semantic loss: 1.459043, BCE loss: 1.515314, SB loss: 0.983515
2025-03-26 17:32:05,034 Epoch: [1/20] Iter:[100/192], Time: 0.48, lr: [0.009312947358578814], Loss: 3.957516, Acc:0.553177, Semantic loss: 1.449118, BCE loss: 1.529115, SB loss: 0.979283
2025-03-26 17:32:08,905 Epoch: [1/20] Iter:[110/192], Time: 0.48, lr: [0.009289320427842841], Loss: 3.928562, Acc:0.554542, Semantic loss: 1.444988, BCE loss: 1.508949, SB loss: 0.974625
2025-03-26 17:32:12,781 Epoch: [1/20] Iter:[120/192], Time: 0.47, lr: [0.009265686818106552], Loss: 3.907339, Acc:0.553425, Semantic loss: 1.441239, BCE loss: 1.498229, SB loss: 0.967871
2025-03-26 17:32:16,667 Epoch: [1/20] Iter:[130/192], Time: 0.46, lr: [0.009242046508542393], Loss: 3.891766, Acc:0.556806, Semantic loss: 1.430793, BCE loss: 1.500289, SB loss: 0.960683
2025-03-26 17:32:20,543 Epoch: [1/20] Iter:[140/192], Time: 0.46, lr: [0.009218399478198466], Loss: 3.877284, Acc:0.556286, Semantic loss: 1.424350, BCE loss: 1.492331, SB loss: 0.960603
2025-03-26 17:32:24,419 Epoch: [1/20] Iter:[150/192], Time: 0.45, lr: [0.009194745705997428], Loss: 3.861596, Acc:0.556246, Semantic loss: 1.419708, BCE loss: 1.484692, SB loss: 0.957197
2025-03-26 17:32:28,284 Epoch: [1/20] Iter:[160/192], Time: 0.45, lr: [0.00917108517073538], Loss: 3.854925, Acc:0.557383, Semantic loss: 1.412598, BCE loss: 1.485240, SB loss: 0.957087
2025-03-26 17:32:32,161 Epoch: [1/20] Iter:[170/192], Time: 0.44, lr: [0.00914741785108075], Loss: 3.847552, Acc:0.558217, Semantic loss: 1.408222, BCE loss: 1.484820, SB loss: 0.954510
2025-03-26 17:32:36,030 Epoch: [1/20] Iter:[180/192], Time: 0.44, lr: [0.00912374372557314], Loss: 3.829422, Acc:0.559839, Semantic loss: 1.398855, BCE loss: 1.481724, SB loss: 0.948844
2025-03-26 17:32:39,908 Epoch: [1/20] Iter:[190/192], Time: 0.44, lr: [0.009100062772622186], Loss: 3.828172, Acc:0.560770, Semantic loss: 1.397480, BCE loss: 1.480678, SB loss: 0.950013
2025-03-26 17:34:12,872 0 [0.         0.59492277 0.1526551  0.11808832 0.25772513 0.13343907
 0.08242332] 0.191321958002214
2025-03-26 17:34:12,872 1 [0.         0.49699057 0.18515621 0.20905012 0.42158558 0.14040639
 0.18025379] 0.23334895185373347
2025-03-26 17:34:12,879 => saving checkpoint to output\loveda\pidnet_small_loveda\aug_gbcheckpoint.pth.tar
2025-03-26 17:34:13,000 Loss: 3.719, MeanIU:  0.2333, Best_mIoU:  0.2333
2025-03-26 17:34:13,000 [0.         0.49699057 0.18515621 0.20905012 0.42158558 0.14040639
 0.18025379]
2025-03-26 17:34:23,312 Epoch: [2/20] Iter:[0/192], Time: 10.12, lr: [0.009095325760829623], Loss: 3.518555, Acc:0.532141, Semantic loss: 1.557452, BCE loss: 1.014075, SB loss: 0.947028
2025-03-26 17:34:27,188 Epoch: [2/20] Iter:[10/192], Time: 1.27, lr: [0.009071636586262652], Loss: 3.666515, Acc:0.576694, Semantic loss: 1.341359, BCE loss: 1.490943, SB loss: 0.834212
2025-03-26 17:34:31,046 Epoch: [2/20] Iter:[20/192], Time: 0.85, lr: [0.009047940536290279], Loss: 3.626093, Acc:0.582459, Semantic loss: 1.292036, BCE loss: 1.476983, SB loss: 0.857075
2025-03-26 17:34:34,917 Epoch: [2/20] Iter:[30/192], Time: 0.70, lr: [0.009024237588898336], Loss: 3.601936, Acc:0.589992, Semantic loss: 1.294189, BCE loss: 1.419965, SB loss: 0.887781
2025-03-26 17:34:38,766 Epoch: [2/20] Iter:[40/192], Time: 0.62, lr: [0.009000527721937697], Loss: 3.623161, Acc:0.574989, Semantic loss: 1.311164, BCE loss: 1.408244, SB loss: 0.903754
2025-03-26 17:34:42,631 Epoch: [2/20] Iter:[50/192], Time: 0.58, lr: [0.008976810913123051], Loss: 3.633664, Acc:0.572131, Semantic loss: 1.305715, BCE loss: 1.417770, SB loss: 0.910178
2025-03-26 17:34:46,508 Epoch: [2/20] Iter:[60/192], Time: 0.55, lr: [0.008953087140031669], Loss: 3.640826, Acc:0.570054, Semantic loss: 1.318228, BCE loss: 1.403570, SB loss: 0.919027
2025-03-26 17:34:50,408 Epoch: [2/20] Iter:[70/192], Time: 0.52, lr: [0.008929356380102142], Loss: 3.639292, Acc:0.570845, Semantic loss: 1.318080, BCE loss: 1.410396, SB loss: 0.910816
2025-03-26 17:34:54,301 Epoch: [2/20] Iter:[80/192], Time: 0.51, lr: [0.008905618610633112], Loss: 3.642838, Acc:0.575645, Semantic loss: 1.306720, BCE loss: 1.429344, SB loss: 0.906773
2025-03-26 17:34:58,189 Epoch: [2/20] Iter:[90/192], Time: 0.49, lr: [0.008881873808781991], Loss: 3.634898, Acc:0.580317, Semantic loss: 1.300034, BCE loss: 1.434493, SB loss: 0.900371
2025-03-26 17:35:02,068 Epoch: [2/20] Iter:[100/192], Time: 0.48, lr: [0.008858121951563658], Loss: 3.631753, Acc:0.580929, Semantic loss: 1.302523, BCE loss: 1.423705, SB loss: 0.905525
2025-03-26 17:35:05,956 Epoch: [2/20] Iter:[110/192], Time: 0.48, lr: [0.008834363015849136], Loss: 3.616547, Acc:0.586378, Semantic loss: 1.294794, BCE loss: 1.424114, SB loss: 0.897638
2025-03-26 17:35:09,846 Epoch: [2/20] Iter:[120/192], Time: 0.47, lr: [0.008810596978364274], Loss: 3.631237, Acc:0.588509, Semantic loss: 1.295837, BCE loss: 1.432929, SB loss: 0.902470
2025-03-26 17:35:13,737 Epoch: [2/20] Iter:[130/192], Time: 0.46, lr: [0.008786823815688379], Loss: 3.627643, Acc:0.589274, Semantic loss: 1.295689, BCE loss: 1.431634, SB loss: 0.900320
2025-03-26 17:35:17,628 Epoch: [2/20] Iter:[140/192], Time: 0.46, lr: [0.008763043504252865], Loss: 3.631090, Acc:0.591607, Semantic loss: 1.292606, BCE loss: 1.439726, SB loss: 0.898758
2025-03-26 17:35:21,496 Epoch: [2/20] Iter:[150/192], Time: 0.45, lr: [0.008739256020339866], Loss: 3.618402, Acc:0.591418, Semantic loss: 1.288728, BCE loss: 1.434259, SB loss: 0.895414
2025-03-26 17:35:25,365 Epoch: [2/20] Iter:[160/192], Time: 0.45, lr: [0.00871546134008083], Loss: 3.616944, Acc:0.591712, Semantic loss: 1.287830, BCE loss: 1.436124, SB loss: 0.892989
2025-03-26 17:35:29,247 Epoch: [2/20] Iter:[170/192], Time: 0.44, lr: [0.008691659439455107], Loss: 3.622326, Acc:0.592818, Semantic loss: 1.285472, BCE loss: 1.442575, SB loss: 0.894279
2025-03-26 17:35:33,116 Epoch: [2/20] Iter:[180/192], Time: 0.44, lr: [0.008667850294288517], Loss: 3.624053, Acc:0.593191, Semantic loss: 1.283718, BCE loss: 1.446015, SB loss: 0.894320
2025-03-26 17:35:36,987 Epoch: [2/20] Iter:[190/192], Time: 0.44, lr: [0.008644033880251888], Loss: 3.620858, Acc:0.594261, Semantic loss: 1.280963, BCE loss: 1.445844, SB loss: 0.894051
2025-03-26 17:37:09,798 0 [0.         0.54640278 0.17071849 0.18137948 0.37583255 0.05848466
 0.09822354] 0.20443449912819792
2025-03-26 17:37:09,799 1 [0.         0.4567743  0.24756991 0.28237855 0.39453261 0.03444796
 0.15503398] 0.2243910440464643
2025-03-26 17:37:09,805 => saving checkpoint to output\loveda\pidnet_small_loveda\aug_gbcheckpoint.pth.tar
2025-03-26 17:37:09,884 Loss: 3.694, MeanIU:  0.2244, Best_mIoU:  0.2333
2025-03-26 17:37:09,884 [0.         0.4567743  0.24756991 0.28237855 0.39453261 0.03444796
 0.15503398]
2025-03-26 17:37:20,058 Epoch: [3/20] Iter:[0/192], Time: 9.98, lr: [0.008639269723028191], Loss: 3.637336, Acc:0.578080, Semantic loss: 1.518322, BCE loss: 1.189581, SB loss: 0.929433
2025-03-26 17:37:23,951 Epoch: [3/20] Iter:[10/192], Time: 1.26, lr: [0.008615444554012613], Loss: 3.579771, Acc:0.600791, Semantic loss: 1.296012, BCE loss: 1.428507, SB loss: 0.855252
2025-03-26 17:37:27,844 Epoch: [3/20] Iter:[20/192], Time: 0.85, lr: [0.008591612062049989], Loss: 3.543317, Acc:0.606190, Semantic loss: 1.293986, BCE loss: 1.388267, SB loss: 0.861064
2025-03-26 17:37:31,736 Epoch: [3/20] Iter:[30/192], Time: 0.70, lr: [0.008567772222305215], Loss: 3.516540, Acc:0.606662, Semantic loss: 1.249824, BCE loss: 1.425765, SB loss: 0.840951
2025-03-26 17:37:35,629 Epoch: [3/20] Iter:[40/192], Time: 0.62, lr: [0.008543925009781886], Loss: 3.469471, Acc:0.606943, Semantic loss: 1.223849, BCE loss: 1.410305, SB loss: 0.835318
2025-03-26 17:37:39,515 Epoch: [3/20] Iter:[50/192], Time: 0.58, lr: [0.00852007039932076], Loss: 3.458412, Acc:0.606399, Semantic loss: 1.222340, BCE loss: 1.395069, SB loss: 0.841003
2025-03-26 17:37:43,382 Epoch: [3/20] Iter:[60/192], Time: 0.55, lr: [0.00849620836559818], Loss: 3.440758, Acc:0.605240, Semantic loss: 1.223917, BCE loss: 1.368670, SB loss: 0.848171
2025-03-26 17:37:47,267 Epoch: [3/20] Iter:[70/192], Time: 0.52, lr: [0.008472338883124477], Loss: 3.477379, Acc:0.606921, Semantic loss: 1.231934, BCE loss: 1.398484, SB loss: 0.846961
2025-03-26 17:37:51,160 Epoch: [3/20] Iter:[80/192], Time: 0.51, lr: [0.008448461926242374], Loss: 3.478955, Acc:0.606544, Semantic loss: 1.238554, BCE loss: 1.390223, SB loss: 0.850179
2025-03-26 17:37:55,031 Epoch: [3/20] Iter:[90/192], Time: 0.49, lr: [0.008424577469125337], Loss: 3.481598, Acc:0.609452, Semantic loss: 1.231926, BCE loss: 1.405258, SB loss: 0.844414
2025-03-26 17:37:58,919 Epoch: [3/20] Iter:[100/192], Time: 0.48, lr: [0.008400685485775935], Loss: 3.480245, Acc:0.615194, Semantic loss: 1.221186, BCE loss: 1.416342, SB loss: 0.842717
2025-03-26 17:38:02,798 Epoch: [3/20] Iter:[110/192], Time: 0.47, lr: [0.008376785950024154], Loss: 3.475686, Acc:0.615075, Semantic loss: 1.213802, BCE loss: 1.420765, SB loss: 0.841120
2025-03-26 17:38:06,682 Epoch: [3/20] Iter:[120/192], Time: 0.47, lr: [0.00835287883552571], Loss: 3.490466, Acc:0.614978, Semantic loss: 1.209826, BCE loss: 1.439376, SB loss: 0.841264
2025-03-26 17:38:10,574 Epoch: [3/20] Iter:[130/192], Time: 0.46, lr: [0.008328964115760324], Loss: 3.482521, Acc:0.615291, Semantic loss: 1.207347, BCE loss: 1.432038, SB loss: 0.843136
2025-03-26 17:38:14,454 Epoch: [3/20] Iter:[140/192], Time: 0.46, lr: [0.008305041764029988], Loss: 3.478082, Acc:0.615210, Semantic loss: 1.205228, BCE loss: 1.429251, SB loss: 0.843603
2025-03-26 17:38:18,317 Epoch: [3/20] Iter:[150/192], Time: 0.45, lr: [0.008281111753457188], Loss: 3.480738, Acc:0.614315, Semantic loss: 1.209208, BCE loss: 1.421501, SB loss: 0.850030
2025-03-26 17:38:22,213 Epoch: [3/20] Iter:[160/192], Time: 0.45, lr: [0.008257174056983133], Loss: 3.491345, Acc:0.614339, Semantic loss: 1.208873, BCE loss: 1.430989, SB loss: 0.851483
2025-03-26 17:38:26,104 Epoch: [3/20] Iter:[170/192], Time: 0.44, lr: [0.00823322864736593], Loss: 3.492614, Acc:0.615371, Semantic loss: 1.203631, BCE loss: 1.437091, SB loss: 0.851892
2025-03-26 17:38:29,987 Epoch: [3/20] Iter:[180/192], Time: 0.44, lr: [0.008209275497178764], Loss: 3.481273, Acc:0.619096, Semantic loss: 1.198251, BCE loss: 1.431496, SB loss: 0.851526
2025-03-26 17:38:33,859 Epoch: [3/20] Iter:[190/192], Time: 0.44, lr: [0.008185314578808021], Loss: 3.481049, Acc:0.618788, Semantic loss: 1.201651, BCE loss: 1.427547, SB loss: 0.851851
2025-03-26 17:40:06,757 0 [0.         0.60414443 0.2528002  0.24323832 0.26026343 0.05341704
 0.04115169] 0.20785930341930348
2025-03-26 17:40:06,758 1 [0.         0.51872365 0.33724227 0.30895519 0.33627128 0.04266589
 0.01784822] 0.2231009268038743
2025-03-26 17:40:06,764 => saving checkpoint to output\loveda\pidnet_small_loveda\aug_gbcheckpoint.pth.tar
2025-03-26 17:40:06,843 Loss: 3.786, MeanIU:  0.2231, Best_mIoU:  0.2333
2025-03-26 17:40:06,844 [0.         0.51872365 0.33724227 0.30895519 0.33627128 0.04266589
 0.01784822]
2025-03-26 17:40:16,982 Epoch: [4/20] Iter:[0/192], Time: 9.94, lr: [0.008180521460508584], Loss: 3.602315, Acc:0.570360, Semantic loss: 1.294298, BCE loss: 1.529026, SB loss: 0.778991
2025-03-26 17:40:20,852 Epoch: [4/20] Iter:[10/192], Time: 1.26, lr: [0.008156551183601795], Loss: 3.400675, Acc:0.630671, Semantic loss: 1.165295, BCE loss: 1.423830, SB loss: 0.811550
2025-03-26 17:40:24,718 Epoch: [4/20] Iter:[20/192], Time: 0.84, lr: [0.008132573077094668], Loss: 3.352373, Acc:0.621667, Semantic loss: 1.181477, BCE loss: 1.375075, SB loss: 0.795821
2025-03-26 17:40:28,590 Epoch: [4/20] Iter:[30/192], Time: 0.70, lr: [0.008108587112763079], Loss: 3.392324, Acc:0.618611, Semantic loss: 1.191435, BCE loss: 1.382598, SB loss: 0.818291
2025-03-26 17:40:32,468 Epoch: [4/20] Iter:[40/192], Time: 0.62, lr: [0.008084593262188028], Loss: 3.416577, Acc:0.624996, Semantic loss: 1.178299, BCE loss: 1.416483, SB loss: 0.821796
2025-03-26 17:40:36,360 Epoch: [4/20] Iter:[50/192], Time: 0.57, lr: [0.008060591496753653], Loss: 3.399305, Acc:0.626972, Semantic loss: 1.173097, BCE loss: 1.400224, SB loss: 0.825984
2025-03-26 17:40:40,243 Epoch: [4/20] Iter:[60/192], Time: 0.54, lr: [0.008036581787645204], Loss: 3.408614, Acc:0.630374, Semantic loss: 1.162522, BCE loss: 1.423488, SB loss: 0.822604
2025-03-26 17:40:44,101 Epoch: [4/20] Iter:[70/192], Time: 0.52, lr: [0.008012564105846994], Loss: 3.394234, Acc:0.624093, Semantic loss: 1.169662, BCE loss: 1.394934, SB loss: 0.829639
2025-03-26 17:40:47,996 Epoch: [4/20] Iter:[80/192], Time: 0.51, lr: [0.007988538422140333], Loss: 3.378988, Acc:0.629208, Semantic loss: 1.160553, BCE loss: 1.389818, SB loss: 0.828617
2025-03-26 17:40:51,883 Epoch: [4/20] Iter:[90/192], Time: 0.49, lr: [0.007964504707101411], Loss: 3.379039, Acc:0.625721, Semantic loss: 1.164982, BCE loss: 1.382838, SB loss: 0.831219
2025-03-26 17:40:55,771 Epoch: [4/20] Iter:[100/192], Time: 0.48, lr: [0.007940462931099176], Loss: 3.372361, Acc:0.624047, Semantic loss: 1.166549, BCE loss: 1.377186, SB loss: 0.828626
2025-03-26 17:40:59,662 Epoch: [4/20] Iter:[110/192], Time: 0.47, lr: [0.007916413064293163], Loss: 3.367720, Acc:0.625424, Semantic loss: 1.162772, BCE loss: 1.383078, SB loss: 0.821870
2025-03-26 17:41:03,561 Epoch: [4/20] Iter:[120/192], Time: 0.47, lr: [0.007892355076631318], Loss: 3.380497, Acc:0.627187, Semantic loss: 1.161547, BCE loss: 1.395820, SB loss: 0.823129
2025-03-26 17:41:07,452 Epoch: [4/20] Iter:[130/192], Time: 0.46, lr: [0.007868288937847752], Loss: 3.388221, Acc:0.626291, Semantic loss: 1.162790, BCE loss: 1.401244, SB loss: 0.824187
2025-03-26 17:41:11,350 Epoch: [4/20] Iter:[140/192], Time: 0.46, lr: [0.007844214617460508], Loss: 3.391636, Acc:0.628820, Semantic loss: 1.157393, BCE loss: 1.413555, SB loss: 0.820688
2025-03-26 17:41:15,219 Epoch: [4/20] Iter:[150/192], Time: 0.45, lr: [0.007820132084769268], Loss: 3.394442, Acc:0.627223, Semantic loss: 1.159768, BCE loss: 1.410298, SB loss: 0.824376
2025-03-26 17:41:19,094 Epoch: [4/20] Iter:[160/192], Time: 0.45, lr: [0.00779604130885303], Loss: 3.397509, Acc:0.628066, Semantic loss: 1.160475, BCE loss: 1.412538, SB loss: 0.824496
2025-03-26 17:41:22,971 Epoch: [4/20] Iter:[170/192], Time: 0.44, lr: [0.007771942258567773], Loss: 3.400101, Acc:0.628820, Semantic loss: 1.157909, BCE loss: 1.416748, SB loss: 0.825444
2025-03-26 17:41:26,870 Epoch: [4/20] Iter:[180/192], Time: 0.44, lr: [0.007747834902544056], Loss: 3.395081, Acc:0.630298, Semantic loss: 1.157596, BCE loss: 1.413325, SB loss: 0.824160
2025-03-26 17:41:30,726 Epoch: [4/20] Iter:[190/192], Time: 0.44, lr: [0.0077237192091846206], Loss: 3.403134, Acc:0.629296, Semantic loss: 1.161816, BCE loss: 1.413896, SB loss: 0.827422
2025-03-26 17:43:03,823 0 [0.         0.59410403 0.23897851 0.24138594 0.29188068 0.15045175
 0.07614574] 0.2275638082911911
2025-03-26 17:43:03,824 1 [0.         0.60333298 0.35480722 0.30566485 0.35021186 0.10078693
 0.03880149] 0.25051504546780423
2025-03-26 17:43:03,830 => saving checkpoint to output\loveda\pidnet_small_loveda\aug_gbcheckpoint.pth.tar
2025-03-26 17:43:03,961 Loss: 5.340, MeanIU:  0.2505, Best_mIoU:  0.2505
2025-03-26 17:43:03,961 [0.         0.60333298 0.35480722 0.30566485 0.35021186 0.10078693
 0.03880149]
2025-03-26 17:43:14,117 Epoch: [5/20] Iter:[0/192], Time: 9.96, lr: [0.007718895067235705], Loss: 2.955989, Acc:0.614341, Semantic loss: 1.020081, BCE loss: 1.210315, SB loss: 0.725593
2025-03-26 17:43:17,998 Epoch: [5/20] Iter:[10/192], Time: 1.26, lr: [0.007694769327040611], Loss: 3.286224, Acc:0.643539, Semantic loss: 1.093757, BCE loss: 1.412692, SB loss: 0.779775
2025-03-26 17:43:21,866 Epoch: [5/20] Iter:[20/192], Time: 0.84, lr: [0.00767063517918174], Loss: 3.304696, Acc:0.634915, Semantic loss: 1.151637, BCE loss: 1.342216, SB loss: 0.810843
2025-03-26 17:43:25,755 Epoch: [5/20] Iter:[30/192], Time: 0.70, lr: [0.007646492591316132], Loss: 3.253004, Acc:0.638100, Semantic loss: 1.130684, BCE loss: 1.325871, SB loss: 0.796449
2025-03-26 17:43:29,643 Epoch: [5/20] Iter:[40/192], Time: 0.62, lr: [0.007622341530862476], Loss: 3.264470, Acc:0.636001, Semantic loss: 1.132720, BCE loss: 1.334211, SB loss: 0.797540
2025-03-26 17:43:33,533 Epoch: [5/20] Iter:[50/192], Time: 0.58, lr: [0.0075981819649984985], Loss: 3.323805, Acc:0.637641, Semantic loss: 1.142085, BCE loss: 1.376920, SB loss: 0.804801
2025-03-26 17:43:37,405 Epoch: [5/20] Iter:[60/192], Time: 0.55, lr: [0.007574013860658317], Loss: 3.300654, Acc:0.634784, Semantic loss: 1.136041, BCE loss: 1.359927, SB loss: 0.804686
2025-03-26 17:43:41,286 Epoch: [5/20] Iter:[70/192], Time: 0.52, lr: [0.007549837184529776], Loss: 3.331177, Acc:0.632060, Semantic loss: 1.140265, BCE loss: 1.374690, SB loss: 0.816221
2025-03-26 17:43:45,172 Epoch: [5/20] Iter:[80/192], Time: 0.51, lr: [0.0075256519030517215], Loss: 3.332429, Acc:0.631218, Semantic loss: 1.144972, BCE loss: 1.369711, SB loss: 0.817746
2025-03-26 17:43:49,058 Epoch: [5/20] Iter:[90/192], Time: 0.49, lr: [0.007501457982411236], Loss: 3.315371, Acc:0.631269, Semantic loss: 1.143559, BCE loss: 1.359516, SB loss: 0.812296
2025-03-26 17:43:52,953 Epoch: [5/20] Iter:[100/192], Time: 0.48, lr: [0.0074772553885408604], Loss: 3.318425, Acc:0.633564, Semantic loss: 1.142571, BCE loss: 1.363660, SB loss: 0.812194
2025-03-26 17:43:56,841 Epoch: [5/20] Iter:[110/192], Time: 0.47, lr: [0.007453044087115737], Loss: 3.319732, Acc:0.637959, Semantic loss: 1.139416, BCE loss: 1.366806, SB loss: 0.813510
2025-03-26 17:44:00,693 Epoch: [5/20] Iter:[120/192], Time: 0.47, lr: [0.007428824043550734], Loss: 3.311948, Acc:0.638704, Semantic loss: 1.135417, BCE loss: 1.366805, SB loss: 0.809726
2025-03-26 17:44:04,570 Epoch: [5/20] Iter:[130/192], Time: 0.46, lr: [0.007404595222997526], Loss: 3.318010, Acc:0.638966, Semantic loss: 1.138373, BCE loss: 1.366416, SB loss: 0.813221
2025-03-26 17:44:08,468 Epoch: [5/20] Iter:[140/192], Time: 0.46, lr: [0.007380357590341623], Loss: 3.326258, Acc:0.641937, Semantic loss: 1.136482, BCE loss: 1.377103, SB loss: 0.812673
2025-03-26 17:44:12,341 Epoch: [5/20] Iter:[150/192], Time: 0.45, lr: [0.007356111110199354], Loss: 3.326085, Acc:0.642101, Semantic loss: 1.135397, BCE loss: 1.378716, SB loss: 0.811972
2025-03-26 17:44:16,216 Epoch: [5/20] Iter:[160/192], Time: 0.45, lr: [0.00733185574691482], Loss: 3.332236, Acc:0.640959, Semantic loss: 1.135223, BCE loss: 1.386419, SB loss: 0.810594
2025-03-26 17:44:20,096 Epoch: [5/20] Iter:[170/192], Time: 0.44, lr: [0.007307591464556783], Loss: 3.331522, Acc:0.641741, Semantic loss: 1.134150, BCE loss: 1.388753, SB loss: 0.808620
2025-03-26 17:44:23,987 Epoch: [5/20] Iter:[180/192], Time: 0.44, lr: [0.007283318226915514], Loss: 3.343199, Acc:0.642013, Semantic loss: 1.134950, BCE loss: 1.398993, SB loss: 0.809256
2025-03-26 17:44:27,829 Epoch: [5/20] Iter:[190/192], Time: 0.44, lr: [0.007259035997499604], Loss: 3.341917, Acc:0.641593, Semantic loss: 1.134332, BCE loss: 1.399485, SB loss: 0.808100
2025-03-26 17:46:00,471 0 [0.         0.56252508 0.25725411 0.20733914 0.21536477 0.1470413
 0.15365286] 0.22045389320240222
2025-03-26 17:46:00,471 1 [0.         0.50616701 0.3907121  0.29606756 0.3606854  0.08604164
 0.19266702] 0.261762962348102
2025-03-26 17:46:00,477 => saving checkpoint to output\loveda\pidnet_small_loveda\aug_gbcheckpoint.pth.tar
2025-03-26 17:46:00,599 Loss: 3.561, MeanIU:  0.2618, Best_mIoU:  0.2618
2025-03-26 17:46:00,600 [0.         0.50616701 0.3907121  0.29606756 0.3606854  0.08604164
 0.19266702]
2025-03-26 17:46:10,854 Epoch: [6/20] Iter:[0/192], Time: 10.06, lr: [0.007254178469372199], Loss: 3.521966, Acc:0.680673, Semantic loss: 1.106918, BCE loss: 1.566884, SB loss: 0.848164
2025-03-26 17:46:14,720 Epoch: [6/20] Iter:[10/192], Time: 1.27, lr: [0.007229885401256642], Loss: 3.188595, Acc:0.668308, Semantic loss: 1.078359, BCE loss: 1.306489, SB loss: 0.803747
2025-03-26 17:46:18,577 Epoch: [6/20] Iter:[20/192], Time: 0.85, lr: [0.0072055832600777334], Loss: 3.211234, Acc:0.654050, Semantic loss: 1.083617, BCE loss: 1.319437, SB loss: 0.808180
2025-03-26 17:46:22,465 Epoch: [6/20] Iter:[30/192], Time: 0.70, lr: [0.007181272008420604], Loss: 3.228103, Acc:0.657699, Semantic loss: 1.101041, BCE loss: 1.331865, SB loss: 0.795197
2025-03-26 17:46:26,338 Epoch: [6/20] Iter:[40/192], Time: 0.62, lr: [0.007156951608574727], Loss: 3.245799, Acc:0.649280, Semantic loss: 1.114168, BCE loss: 1.339098, SB loss: 0.792532
2025-03-26 17:46:30,227 Epoch: [6/20] Iter:[50/192], Time: 0.58, lr: [0.007132622022530447], Loss: 3.218993, Acc:0.651471, Semantic loss: 1.110420, BCE loss: 1.313093, SB loss: 0.795480
2025-03-26 17:46:34,114 Epoch: [6/20] Iter:[60/192], Time: 0.55, lr: [0.007108283211975477], Loss: 3.276236, Acc:0.653501, Semantic loss: 1.115904, BCE loss: 1.365374, SB loss: 0.794958
2025-03-26 17:46:37,985 Epoch: [6/20] Iter:[70/192], Time: 0.52, lr: [0.007083935138291319], Loss: 3.266345, Acc:0.651450, Semantic loss: 1.117488, BCE loss: 1.355568, SB loss: 0.793289
2025-03-26 17:46:41,882 Epoch: [6/20] Iter:[80/192], Time: 0.51, lr: [0.007059577762549636], Loss: 3.279951, Acc:0.649936, Semantic loss: 1.118109, BCE loss: 1.367149, SB loss: 0.794693
2025-03-26 17:46:45,778 Epoch: [6/20] Iter:[90/192], Time: 0.49, lr: [0.007035211045508576], Loss: 3.277492, Acc:0.654063, Semantic loss: 1.110492, BCE loss: 1.377100, SB loss: 0.789900
2025-03-26 17:46:49,652 Epoch: [6/20] Iter:[100/192], Time: 0.48, lr: [0.0070108349476090265], Loss: 3.288778, Acc:0.655820, Semantic loss: 1.109100, BCE loss: 1.391349, SB loss: 0.788329
2025-03-26 17:46:53,513 Epoch: [6/20] Iter:[110/192], Time: 0.47, lr: [0.00698644942897081], Loss: 3.284901, Acc:0.653744, Semantic loss: 1.107865, BCE loss: 1.386545, SB loss: 0.790491
2025-03-26 17:46:57,375 Epoch: [6/20] Iter:[120/192], Time: 0.47, lr: [0.006962054449388827], Loss: 3.291466, Acc:0.652971, Semantic loss: 1.109740, BCE loss: 1.389599, SB loss: 0.792127
2025-03-26 17:47:01,273 Epoch: [6/20] Iter:[130/192], Time: 0.46, lr: [0.006937649968329135], Loss: 3.296436, Acc:0.653446, Semantic loss: 1.108335, BCE loss: 1.394491, SB loss: 0.793611
2025-03-26 17:47:05,169 Epoch: [6/20] Iter:[140/192], Time: 0.46, lr: [0.006913235944924954], Loss: 3.307264, Acc:0.655526, Semantic loss: 1.106192, BCE loss: 1.407167, SB loss: 0.793905
2025-03-26 17:47:09,042 Epoch: [6/20] Iter:[150/192], Time: 0.45, lr: [0.006888812337972621], Loss: 3.298396, Acc:0.656864, Semantic loss: 1.104324, BCE loss: 1.400288, SB loss: 0.793785
2025-03-26 17:47:12,922 Epoch: [6/20] Iter:[160/192], Time: 0.45, lr: [0.00686437910592748], Loss: 3.289522, Acc:0.656930, Semantic loss: 1.103291, BCE loss: 1.394916, SB loss: 0.791315
2025-03-26 17:47:16,803 Epoch: [6/20] Iter:[170/192], Time: 0.44, lr: [0.00683993620689969], Loss: 3.285793, Acc:0.657097, Semantic loss: 1.102854, BCE loss: 1.392927, SB loss: 0.790012
2025-03-26 17:47:20,692 Epoch: [6/20] Iter:[180/192], Time: 0.44, lr: [0.0068154835986499775], Loss: 3.281622, Acc:0.658676, Semantic loss: 1.098933, BCE loss: 1.392727, SB loss: 0.789962
2025-03-26 17:47:24,532 Epoch: [6/20] Iter:[190/192], Time: 0.44, lr: [0.006791021238585323], Loss: 3.272527, Acc:0.658808, Semantic loss: 1.096846, BCE loss: 1.387032, SB loss: 0.788649
2025-03-26 17:48:57,489 0 [0.         0.55846879 0.28772632 0.24597817 0.20582485 0.06052736
 0.09561663] 0.20773458848323303
2025-03-26 17:48:57,489 1 [0.         0.33342035 0.35643789 0.35488776 0.28770538 0.00696829
 0.07269894] 0.20173123160664558
2025-03-26 17:48:57,495 => saving checkpoint to output\loveda\pidnet_small_loveda\aug_gbcheckpoint.pth.tar
2025-03-26 17:48:57,574 Loss: 4.120, MeanIU:  0.2017, Best_mIoU:  0.2618
2025-03-26 17:48:57,574 [0.         0.33342035 0.35643789 0.35488776 0.28770538 0.00696829
 0.07269894]
2025-03-26 17:49:07,792 Epoch: [7/20] Iter:[0/192], Time: 10.03, lr: [0.006786127592581251], Loss: 3.725993, Acc:0.635200, Semantic loss: 1.088826, BCE loss: 1.893615, SB loss: 0.743551
2025-03-26 17:49:11,642 Epoch: [7/20] Iter:[10/192], Time: 1.26, lr: [0.006761653473611295], Loss: 3.176166, Acc:0.655168, Semantic loss: 1.050777, BCE loss: 1.382407, SB loss: 0.742982
2025-03-26 17:49:15,513 Epoch: [7/20] Iter:[20/192], Time: 0.85, lr: [0.006737169507854796], Loss: 3.188462, Acc:0.671225, Semantic loss: 1.033873, BCE loss: 1.408053, SB loss: 0.746536
2025-03-26 17:49:19,423 Epoch: [7/20] Iter:[30/192], Time: 0.70, lr: [0.006712675651556858], Loss: 3.188495, Acc:0.681053, Semantic loss: 1.034750, BCE loss: 1.408455, SB loss: 0.745291
2025-03-26 17:49:23,295 Epoch: [7/20] Iter:[40/192], Time: 0.62, lr: [0.006688171860589905], Loss: 3.134483, Acc:0.679902, Semantic loss: 1.030217, BCE loss: 1.358097, SB loss: 0.746169
2025-03-26 17:49:27,205 Epoch: [7/20] Iter:[50/192], Time: 0.58, lr: [0.0066636580904489585], Loss: 3.173768, Acc:0.674427, Semantic loss: 1.052901, BCE loss: 1.362746, SB loss: 0.758121
2025-03-26 17:49:31,087 Epoch: [7/20] Iter:[60/192], Time: 0.55, lr: [0.006639134296246874], Loss: 3.199545, Acc:0.671148, Semantic loss: 1.062936, BCE loss: 1.372014, SB loss: 0.764595
2025-03-26 17:49:34,978 Epoch: [7/20] Iter:[70/192], Time: 0.52, lr: [0.0066146004327094585], Loss: 3.207568, Acc:0.671384, Semantic loss: 1.071468, BCE loss: 1.369244, SB loss: 0.766856
2025-03-26 17:49:38,867 Epoch: [7/20] Iter:[80/192], Time: 0.51, lr: [0.006590056454170537], Loss: 3.215559, Acc:0.670861, Semantic loss: 1.069779, BCE loss: 1.380451, SB loss: 0.765329
2025-03-26 17:49:42,759 Epoch: [7/20] Iter:[90/192], Time: 0.49, lr: [0.006565502314566912], Loss: 3.210561, Acc:0.672492, Semantic loss: 1.071756, BCE loss: 1.368130, SB loss: 0.770674
2025-03-26 17:49:46,619 Epoch: [7/20] Iter:[100/192], Time: 0.48, lr: [0.006540937967433255], Loss: 3.209436, Acc:0.669780, Semantic loss: 1.069913, BCE loss: 1.366125, SB loss: 0.773399
2025-03-26 17:49:50,510 Epoch: [7/20] Iter:[110/192], Time: 0.48, lr: [0.006516363365896894], Loss: 3.205658, Acc:0.669454, Semantic loss: 1.070606, BCE loss: 1.362645, SB loss: 0.772406
2025-03-26 17:49:54,389 Epoch: [7/20] Iter:[120/192], Time: 0.47, lr: [0.006491778462672531], Loss: 3.216110, Acc:0.668500, Semantic loss: 1.071430, BCE loss: 1.372086, SB loss: 0.772593
2025-03-26 17:49:58,279 Epoch: [7/20] Iter:[130/192], Time: 0.46, lr: [0.006467183210056843], Loss: 3.223769, Acc:0.667815, Semantic loss: 1.071587, BCE loss: 1.379161, SB loss: 0.773021
2025-03-26 17:50:02,166 Epoch: [7/20] Iter:[140/192], Time: 0.46, lr: [0.006442577559923017], Loss: 3.223402, Acc:0.666709, Semantic loss: 1.072588, BCE loss: 1.377926, SB loss: 0.772889
2025-03-26 17:50:06,046 Epoch: [7/20] Iter:[150/192], Time: 0.45, lr: [0.006417961463715172], Loss: 3.214504, Acc:0.666558, Semantic loss: 1.073544, BCE loss: 1.368553, SB loss: 0.772406
2025-03-26 17:50:09,918 Epoch: [7/20] Iter:[160/192], Time: 0.45, lr: [0.006393334872442681], Loss: 3.215870, Acc:0.666917, Semantic loss: 1.074037, BCE loss: 1.368825, SB loss: 0.773009
2025-03-26 17:50:13,820 Epoch: [7/20] Iter:[170/192], Time: 0.44, lr: [0.006368697736674411], Loss: 3.220509, Acc:0.667781, Semantic loss: 1.078944, BCE loss: 1.367571, SB loss: 0.773994
2025-03-26 17:50:17,716 Epoch: [7/20] Iter:[180/192], Time: 0.44, lr: [0.006344050006532848], Loss: 3.227376, Acc:0.667169, Semantic loss: 1.081924, BCE loss: 1.371738, SB loss: 0.773714
2025-03-26 17:50:21,565 Epoch: [7/20] Iter:[190/192], Time: 0.44, lr: [0.006319391631688114], Loss: 3.232436, Acc:0.665809, Semantic loss: 1.083038, BCE loss: 1.373835, SB loss: 0.775563
2025-03-26 17:51:54,373 0 [0.         0.55464692 0.30187903 0.3015076  0.14679153 0.13564819
 0.0963307 ] 0.21954342369579996
2025-03-26 17:51:54,374 1 [0.         0.64031932 0.38561334 0.30327492 0.25536085 0.04328798
 0.03947401] 0.23819006051422822
2025-03-26 17:51:54,380 => saving checkpoint to output\loveda\pidnet_small_loveda\aug_gbcheckpoint.pth.tar
2025-03-26 17:51:54,459 Loss: 3.769, MeanIU:  0.2382, Best_mIoU:  0.2618
2025-03-26 17:51:54,459 [0.         0.64031932 0.38561334 0.30327492 0.25536085 0.04328798
 0.03947401]
2025-03-26 17:52:04,724 Epoch: [8/20] Iter:[0/192], Time: 10.07, lr: [0.006314458674893553], Loss: 3.257488, Acc:0.740183, Semantic loss: 0.920176, BCE loss: 1.647980, SB loss: 0.689332
2025-03-26 17:52:08,598 Epoch: [8/20] Iter:[10/192], Time: 1.27, lr: [0.006289787459323657], Loss: 3.184673, Acc:0.686105, Semantic loss: 1.003626, BCE loss: 1.408329, SB loss: 0.772718
2025-03-26 17:52:12,460 Epoch: [8/20] Iter:[20/192], Time: 0.85, lr: [0.006265105486702424], Loss: 3.174828, Acc:0.688651, Semantic loss: 1.032891, BCE loss: 1.370069, SB loss: 0.771868
2025-03-26 17:52:16,334 Epoch: [8/20] Iter:[30/192], Time: 0.70, lr: [0.006240412705211017], Loss: 3.170530, Acc:0.672660, Semantic loss: 1.061615, BCE loss: 1.340175, SB loss: 0.768740
2025-03-26 17:52:20,206 Epoch: [8/20] Iter:[40/192], Time: 0.62, lr: [0.006215709062551949], Loss: 3.180624, Acc:0.668417, Semantic loss: 1.061317, BCE loss: 1.353513, SB loss: 0.765794
2025-03-26 17:52:24,089 Epoch: [8/20] Iter:[50/192], Time: 0.58, lr: [0.006190994505942529], Loss: 3.157070, Acc:0.671295, Semantic loss: 1.067534, BCE loss: 1.322787, SB loss: 0.766749
2025-03-26 17:52:27,969 Epoch: [8/20] Iter:[60/192], Time: 0.55, lr: [0.006166268982108192], Loss: 3.141833, Acc:0.667606, Semantic loss: 1.069381, BCE loss: 1.307231, SB loss: 0.765221
2025-03-26 17:52:31,836 Epoch: [8/20] Iter:[70/192], Time: 0.52, lr: [0.006141532437275693], Loss: 3.122923, Acc:0.665894, Semantic loss: 1.064978, BCE loss: 1.297922, SB loss: 0.760023
2025-03-26 17:52:35,728 Epoch: [8/20] Iter:[80/192], Time: 0.51, lr: [0.006116784817166194], Loss: 3.123818, Acc:0.665372, Semantic loss: 1.063151, BCE loss: 1.298948, SB loss: 0.761719
2025-03-26 17:52:39,629 Epoch: [8/20] Iter:[90/192], Time: 0.49, lr: [0.006092026066988214], Loss: 3.154508, Acc:0.669010, Semantic loss: 1.067498, BCE loss: 1.322091, SB loss: 0.764919
2025-03-26 17:52:43,510 Epoch: [8/20] Iter:[100/192], Time: 0.48, lr: [0.006067256131430442], Loss: 3.158855, Acc:0.670337, Semantic loss: 1.060644, BCE loss: 1.331427, SB loss: 0.766784
2025-03-26 17:52:47,378 Epoch: [8/20] Iter:[110/192], Time: 0.48, lr: [0.00604247495465443], Loss: 3.162953, Acc:0.671933, Semantic loss: 1.055705, BCE loss: 1.340650, SB loss: 0.766598
2025-03-26 17:52:51,262 Epoch: [8/20] Iter:[120/192], Time: 0.47, lr: [0.006017682480287143], Loss: 3.158304, Acc:0.674176, Semantic loss: 1.052856, BCE loss: 1.340510, SB loss: 0.764938
2025-03-26 17:52:55,147 Epoch: [8/20] Iter:[130/192], Time: 0.46, lr: [0.00599287865141337], Loss: 3.164540, Acc:0.675340, Semantic loss: 1.055367, BCE loss: 1.342058, SB loss: 0.767115
2025-03-26 17:52:59,019 Epoch: [8/20] Iter:[140/192], Time: 0.46, lr: [0.005968063410567983], Loss: 3.168820, Acc:0.673581, Semantic loss: 1.058496, BCE loss: 1.341603, SB loss: 0.768721
2025-03-26 17:53:02,917 Epoch: [8/20] Iter:[150/192], Time: 0.45, lr: [0.00594323669972807], Loss: 3.178312, Acc:0.673886, Semantic loss: 1.058079, BCE loss: 1.350922, SB loss: 0.769311
2025-03-26 17:53:06,800 Epoch: [8/20] Iter:[160/192], Time: 0.45, lr: [0.005918398460304892], Loss: 3.176915, Acc:0.675032, Semantic loss: 1.056355, BCE loss: 1.352156, SB loss: 0.768404
2025-03-26 17:53:10,691 Epoch: [8/20] Iter:[170/192], Time: 0.44, lr: [0.0058935486331357125], Loss: 3.183085, Acc:0.675275, Semantic loss: 1.057453, BCE loss: 1.356679, SB loss: 0.768953
2025-03-26 17:53:14,564 Epoch: [8/20] Iter:[180/192], Time: 0.44, lr: [0.005868687158475447], Loss: 3.185846, Acc:0.675554, Semantic loss: 1.058838, BCE loss: 1.357467, SB loss: 0.769541
2025-03-26 17:53:18,408 Epoch: [8/20] Iter:[190/192], Time: 0.44, lr: [0.005843813975988169], Loss: 3.188522, Acc:0.674773, Semantic loss: 1.058070, BCE loss: 1.360672, SB loss: 0.769780
2025-03-26 17:54:51,246 0 [0.         0.60433166 0.30759425 0.2467711  0.25760677 0.08414569
 0.08800709] 0.22692236635189716
2025-03-26 17:54:51,246 1 [0.         0.65956025 0.45289993 0.3115804  0.33851637 0.00910906
 0.04832395] 0.2599985635302088
2025-03-26 17:54:51,253 => saving checkpoint to output\loveda\pidnet_small_loveda\aug_gbcheckpoint.pth.tar
2025-03-26 17:54:51,336 Loss: 3.651, MeanIU:  0.2600, Best_mIoU:  0.2618
2025-03-26 17:54:51,336 [0.         0.65956025 0.45289993 0.3115804  0.33851637 0.00910906
 0.04832395]
2025-03-26 17:55:01,491 Epoch: [9/20] Iter:[0/192], Time: 9.96, lr: [0.0058388379291998025], Loss: 3.017298, Acc:0.733410, Semantic loss: 0.861942, BCE loss: 1.465332, SB loss: 0.690024
2025-03-26 17:55:05,353 Epoch: [9/20] Iter:[10/192], Time: 1.26, lr: [0.0058139506168319475], Loss: 3.019499, Acc:0.674099, Semantic loss: 1.012870, BCE loss: 1.276496, SB loss: 0.730133
2025-03-26 17:55:09,243 Epoch: [9/20] Iter:[20/192], Time: 0.84, lr: [0.005789051461775303], Loss: 3.037396, Acc:0.673320, Semantic loss: 1.021746, BCE loss: 1.282997, SB loss: 0.732654
2025-03-26 17:55:13,118 Epoch: [9/20] Iter:[30/192], Time: 0.70, lr: [0.005764140401744157], Loss: 3.046322, Acc:0.678532, Semantic loss: 1.012386, BCE loss: 1.295198, SB loss: 0.738738
2025-03-26 17:55:16,999 Epoch: [9/20] Iter:[40/192], Time: 0.62, lr: [0.005739217373824397], Loss: 3.077543, Acc:0.677457, Semantic loss: 1.025234, BCE loss: 1.309507, SB loss: 0.742803
2025-03-26 17:55:20,905 Epoch: [9/20] Iter:[50/192], Time: 0.58, lr: [0.005714282314464109], Loss: 3.119282, Acc:0.678570, Semantic loss: 1.026652, BCE loss: 1.352931, SB loss: 0.739698
2025-03-26 17:55:24,782 Epoch: [9/20] Iter:[60/192], Time: 0.55, lr: [0.005689335159463984], Loss: 3.114556, Acc:0.682707, Semantic loss: 1.026952, BCE loss: 1.343581, SB loss: 0.744023
2025-03-26 17:55:28,646 Epoch: [9/20] Iter:[70/192], Time: 0.52, lr: [0.0056643758439675305], Loss: 3.123568, Acc:0.680715, Semantic loss: 1.028822, BCE loss: 1.349252, SB loss: 0.745494
2025-03-26 17:55:32,539 Epoch: [9/20] Iter:[80/192], Time: 0.51, lr: [0.005639404302451105], Loss: 3.104185, Acc:0.685136, Semantic loss: 1.023061, BCE loss: 1.340147, SB loss: 0.740977
2025-03-26 17:55:36,441 Epoch: [9/20] Iter:[90/192], Time: 0.49, lr: [0.005614420468713722], Loss: 3.117113, Acc:0.685360, Semantic loss: 1.033550, BCE loss: 1.338774, SB loss: 0.744789
2025-03-26 17:55:40,325 Epoch: [9/20] Iter:[100/192], Time: 0.48, lr: [0.005589424275866668], Loss: 3.126232, Acc:0.684803, Semantic loss: 1.040557, BCE loss: 1.340860, SB loss: 0.744815
2025-03-26 17:55:44,198 Epoch: [9/20] Iter:[110/192], Time: 0.47, lr: [0.005564415656322913], Loss: 3.137053, Acc:0.685740, Semantic loss: 1.041571, BCE loss: 1.349656, SB loss: 0.745825
2025-03-26 17:55:48,083 Epoch: [9/20] Iter:[120/192], Time: 0.47, lr: [0.00553939454178628], Loss: 3.150646, Acc:0.684507, Semantic loss: 1.043949, BCE loss: 1.360369, SB loss: 0.746328
2025-03-26 17:55:51,953 Epoch: [9/20] Iter:[130/192], Time: 0.46, lr: [0.005514360863240413], Loss: 3.144968, Acc:0.685373, Semantic loss: 1.042356, BCE loss: 1.355191, SB loss: 0.747421
2025-03-26 17:55:55,834 Epoch: [9/20] Iter:[140/192], Time: 0.46, lr: [0.005489314550937511], Loss: 3.147662, Acc:0.684495, Semantic loss: 1.042719, BCE loss: 1.356198, SB loss: 0.748745
2025-03-26 17:55:59,711 Epoch: [9/20] Iter:[150/192], Time: 0.45, lr: [0.005464255534386825], Loss: 3.142893, Acc:0.684586, Semantic loss: 1.038630, BCE loss: 1.354757, SB loss: 0.749505
2025-03-26 17:56:03,610 Epoch: [9/20] Iter:[160/192], Time: 0.45, lr: [0.005439183742342914], Loss: 3.149892, Acc:0.685947, Semantic loss: 1.038178, BCE loss: 1.362033, SB loss: 0.749681
2025-03-26 17:56:07,485 Epoch: [9/20] Iter:[170/192], Time: 0.44, lr: [0.00541409910279366], Loss: 3.152887, Acc:0.685110, Semantic loss: 1.037917, BCE loss: 1.365632, SB loss: 0.749337
2025-03-26 17:56:11,370 Epoch: [9/20] Iter:[180/192], Time: 0.44, lr: [0.005389001542948025], Loss: 3.157723, Acc:0.685274, Semantic loss: 1.039448, BCE loss: 1.366281, SB loss: 0.751995
2025-03-26 17:56:15,198 Epoch: [9/20] Iter:[190/192], Time: 0.44, lr: [0.005363890989223547], Loss: 3.149006, Acc:0.683066, Semantic loss: 1.042003, BCE loss: 1.355716, SB loss: 0.751287
2025-03-26 17:57:47,974 0 [0.         0.58292813 0.29341771 0.23180091 0.22536984 0.18882121
 0.09840108] 0.23153412464004663
2025-03-26 17:57:47,975 1 [0.         0.64125196 0.44595354 0.26250644 0.28340445 0.04821696
 0.04834591] 0.24709703502773792
2025-03-26 17:57:47,981 => saving checkpoint to output\loveda\pidnet_small_loveda\aug_gbcheckpoint.pth.tar
2025-03-26 17:57:48,059 Loss: 3.540, MeanIU:  0.2471, Best_mIoU:  0.2618
2025-03-26 17:57:48,059 [0.         0.64125196 0.44595354 0.26250644 0.28340445 0.04821696
 0.04834591]
2025-03-26 17:57:58,388 Epoch: [10/20] Iter:[0/192], Time: 10.13, lr: [0.005358867312681466], Loss: 3.141737, Acc:0.657665, Semantic loss: 1.076625, BCE loss: 1.401370, SB loss: 0.663743
2025-03-26 17:58:02,256 Epoch: [10/20] Iter:[10/192], Time: 1.27, lr: [0.005333741068040314], Loss: 3.180689, Acc:0.711427, Semantic loss: 0.990840, BCE loss: 1.449109, SB loss: 0.740740
2025-03-26 17:58:06,135 Epoch: [10/20] Iter:[20/192], Time: 0.85, lr: [0.0053086016647897714], Loss: 3.202803, Acc:0.710215, Semantic loss: 1.023243, BCE loss: 1.437388, SB loss: 0.742173
2025-03-26 17:58:10,006 Epoch: [10/20] Iter:[30/192], Time: 0.70, lr: [0.005283449026727663], Loss: 3.215230, Acc:0.699077, Semantic loss: 1.026779, BCE loss: 1.447155, SB loss: 0.741296
2025-03-26 17:58:13,906 Epoch: [10/20] Iter:[40/192], Time: 0.63, lr: [0.005258283076804885], Loss: 3.213939, Acc:0.707810, Semantic loss: 1.015126, BCE loss: 1.458831, SB loss: 0.739982
2025-03-26 17:58:17,762 Epoch: [10/20] Iter:[50/192], Time: 0.58, lr: [0.00523310373711144], Loss: 3.183644, Acc:0.704795, Semantic loss: 1.010066, BCE loss: 1.438038, SB loss: 0.735541
2025-03-26 17:58:21,627 Epoch: [10/20] Iter:[60/192], Time: 0.55, lr: [0.005207910928862159], Loss: 3.179641, Acc:0.700651, Semantic loss: 1.024486, BCE loss: 1.421538, SB loss: 0.733617
2025-03-26 17:58:25,504 Epoch: [10/20] Iter:[70/192], Time: 0.52, lr: [0.005182704572382109], Loss: 3.163747, Acc:0.695542, Semantic loss: 1.029404, BCE loss: 1.398768, SB loss: 0.735576
2025-03-26 17:58:29,377 Epoch: [10/20] Iter:[80/192], Time: 0.51, lr: [0.005157484587091684], Loss: 3.160328, Acc:0.698788, Semantic loss: 1.022820, BCE loss: 1.400576, SB loss: 0.736932
2025-03-26 17:58:33,235 Epoch: [10/20] Iter:[90/192], Time: 0.49, lr: [0.005132250891491357], Loss: 3.146615, Acc:0.695934, Semantic loss: 1.022173, BCE loss: 1.389116, SB loss: 0.735325
2025-03-26 17:58:37,117 Epoch: [10/20] Iter:[100/192], Time: 0.48, lr: [0.005107003403146087], Loss: 3.125589, Acc:0.696098, Semantic loss: 1.017269, BCE loss: 1.370293, SB loss: 0.738027
2025-03-26 17:58:41,006 Epoch: [10/20] Iter:[110/192], Time: 0.48, lr: [0.005081742038669388], Loss: 3.131061, Acc:0.696664, Semantic loss: 1.020297, BCE loss: 1.371755, SB loss: 0.739010
2025-03-26 17:58:44,881 Epoch: [10/20] Iter:[120/192], Time: 0.47, lr: [0.005056466713707024], Loss: 3.127726, Acc:0.695676, Semantic loss: 1.024747, BCE loss: 1.359666, SB loss: 0.743313
2025-03-26 17:58:48,775 Epoch: [10/20] Iter:[130/192], Time: 0.46, lr: [0.005031177342920337], Loss: 3.124863, Acc:0.695027, Semantic loss: 1.027032, BCE loss: 1.354069, SB loss: 0.743762
2025-03-26 17:58:52,654 Epoch: [10/20] Iter:[140/192], Time: 0.46, lr: [0.005005873839969192], Loss: 3.120160, Acc:0.692997, Semantic loss: 1.029140, BCE loss: 1.344393, SB loss: 0.746626
2025-03-26 17:58:56,533 Epoch: [10/20] Iter:[150/192], Time: 0.45, lr: [0.00498055611749454], Loss: 3.129433, Acc:0.692187, Semantic loss: 1.033818, BCE loss: 1.346075, SB loss: 0.749540
2025-03-26 17:59:00,430 Epoch: [10/20] Iter:[160/192], Time: 0.45, lr: [0.004955224087100552], Loss: 3.128052, Acc:0.692310, Semantic loss: 1.031488, BCE loss: 1.347136, SB loss: 0.749427
2025-03-26 17:59:04,333 Epoch: [10/20] Iter:[170/192], Time: 0.44, lr: [0.004929877659336362], Loss: 3.127596, Acc:0.692834, Semantic loss: 1.028512, BCE loss: 1.349871, SB loss: 0.749213
2025-03-26 17:59:08,193 Epoch: [10/20] Iter:[180/192], Time: 0.44, lr: [0.004904516743677371], Loss: 3.127789, Acc:0.690464, Semantic loss: 1.031467, BCE loss: 1.345171, SB loss: 0.751151
2025-03-26 17:59:12,040 Epoch: [10/20] Iter:[190/192], Time: 0.44, lr: [0.00487914124850611], Loss: 3.133197, Acc:0.688675, Semantic loss: 1.033682, BCE loss: 1.348335, SB loss: 0.751180
2025-03-26 18:00:45,261 0 [0.         0.55777809 0.34423332 0.24436958 0.17094668 0.12731358
 0.11081981] 0.2222087230998278
2025-03-26 18:00:45,262 1 [0.         0.64226674 0.37561448 0.28639301 0.26568809 0.06957726
 0.05408486] 0.24194634867476705
2025-03-26 18:00:45,268 => saving checkpoint to output\loveda\pidnet_small_loveda\aug_gbcheckpoint.pth.tar
2025-03-26 18:00:45,351 Loss: 3.753, MeanIU:  0.2419, Best_mIoU:  0.2618
2025-03-26 18:00:45,351 [0.         0.64226674 0.37561448 0.28639301 0.26568809 0.06957726
 0.05408486]
2025-03-26 18:00:55,558 Epoch: [11/20] Iter:[0/192], Time: 10.02, lr: [0.004874064391789954], Loss: 3.328868, Acc:0.756338, Semantic loss: 1.010978, BCE loss: 1.551150, SB loss: 0.766740
2025-03-26 18:00:59,426 Epoch: [11/20] Iter:[10/192], Time: 1.26, lr: [0.004848671278701159], Loss: 3.136289, Acc:0.702659, Semantic loss: 1.015819, BCE loss: 1.407820, SB loss: 0.712650
2025-03-26 18:01:03,320 Epoch: [11/20] Iter:[20/192], Time: 0.85, lr: [0.0048232633805975296], Loss: 3.144795, Acc:0.699732, Semantic loss: 1.011979, BCE loss: 1.395055, SB loss: 0.737762
2025-03-26 18:01:07,214 Epoch: [11/20] Iter:[30/192], Time: 0.70, lr: [0.00479784060223045], Loss: 3.070520, Acc:0.708851, Semantic loss: 0.991840, BCE loss: 1.341287, SB loss: 0.737392
2025-03-26 18:01:11,113 Epoch: [11/20] Iter:[40/192], Time: 0.62, lr: [0.004772402847172951], Loss: 3.062542, Acc:0.705284, Semantic loss: 0.996479, BCE loss: 1.332654, SB loss: 0.733409
2025-03-26 18:01:14,988 Epoch: [11/20] Iter:[50/192], Time: 0.58, lr: [0.004746950017798064], Loss: 3.067144, Acc:0.702822, Semantic loss: 0.989047, BCE loss: 1.342543, SB loss: 0.735554
2025-03-26 18:01:18,872 Epoch: [11/20] Iter:[60/192], Time: 0.55, lr: [0.004721482015256639], Loss: 3.061389, Acc:0.702302, Semantic loss: 0.989667, BCE loss: 1.337249, SB loss: 0.734472
2025-03-26 18:01:22,768 Epoch: [11/20] Iter:[70/192], Time: 0.52, lr: [0.004695998739454633], Loss: 3.070332, Acc:0.707049, Semantic loss: 0.988082, BCE loss: 1.350522, SB loss: 0.731728
2025-03-26 18:01:26,640 Epoch: [11/20] Iter:[80/192], Time: 0.51, lr: [0.004670500089029817], Loss: 3.069841, Acc:0.705481, Semantic loss: 0.989963, BCE loss: 1.349741, SB loss: 0.730137
2025-03-26 18:01:30,509 Epoch: [11/20] Iter:[90/192], Time: 0.49, lr: [0.004644985961327915], Loss: 3.054720, Acc:0.704564, Semantic loss: 0.994445, BCE loss: 1.329869, SB loss: 0.730407
2025-03-26 18:01:34,391 Epoch: [11/20] Iter:[100/192], Time: 0.48, lr: [0.004619456252378151], Loss: 3.070359, Acc:0.703530, Semantic loss: 1.000054, BCE loss: 1.333579, SB loss: 0.736725
2025-03-26 18:01:38,284 Epoch: [11/20] Iter:[110/192], Time: 0.48, lr: [0.004593910856868159], Loss: 3.072742, Acc:0.704113, Semantic loss: 1.001345, BCE loss: 1.332748, SB loss: 0.738649
2025-03-26 18:01:42,161 Epoch: [11/20] Iter:[120/192], Time: 0.47, lr: [0.004568349668118281], Loss: 3.075721, Acc:0.702916, Semantic loss: 1.001765, BCE loss: 1.334836, SB loss: 0.739119
2025-03-26 18:01:46,036 Epoch: [11/20] Iter:[130/192], Time: 0.46, lr: [0.004542772578055196], Loss: 3.086040, Acc:0.701181, Semantic loss: 1.007745, BCE loss: 1.337329, SB loss: 0.740966
2025-03-26 18:01:49,914 Epoch: [11/20] Iter:[140/192], Time: 0.46, lr: [0.00451717947718487], Loss: 3.091361, Acc:0.701656, Semantic loss: 1.006051, BCE loss: 1.346446, SB loss: 0.738864
2025-03-26 18:01:53,790 Epoch: [11/20] Iter:[150/192], Time: 0.45, lr: [0.004491570254564817], Loss: 3.088674, Acc:0.701305, Semantic loss: 1.006169, BCE loss: 1.343306, SB loss: 0.739198
2025-03-26 18:01:57,666 Epoch: [11/20] Iter:[160/192], Time: 0.45, lr: [0.004465944797775636], Loss: 3.088588, Acc:0.701493, Semantic loss: 1.006750, BCE loss: 1.342184, SB loss: 0.739655
2025-03-26 18:02:01,555 Epoch: [11/20] Iter:[170/192], Time: 0.44, lr: [0.004440302992891796], Loss: 3.094795, Acc:0.701210, Semantic loss: 1.009356, BCE loss: 1.345628, SB loss: 0.739811
2025-03-26 18:02:05,418 Epoch: [11/20] Iter:[180/192], Time: 0.44, lr: [0.004414644724451659], Loss: 3.098269, Acc:0.698947, Semantic loss: 1.012323, BCE loss: 1.345255, SB loss: 0.740691
2025-03-26 18:02:09,280 Epoch: [11/20] Iter:[190/192], Time: 0.44, lr: [0.004388969875426714], Loss: 3.095194, Acc:0.698814, Semantic loss: 1.012569, BCE loss: 1.340672, SB loss: 0.741954
2025-03-26 18:03:42,296 0 [0.         0.57419567 0.35185617 0.27467278 0.20194914 0.16260138
 0.09763991] 0.23755929328283612
2025-03-26 18:03:42,297 1 [0.         0.6474012  0.45981166 0.34972437 0.26991535 0.11627699
 0.05067017] 0.27054281914727496
2025-03-26 18:03:42,303 => saving checkpoint to output\loveda\pidnet_small_loveda\aug_gbcheckpoint.pth.tar
2025-03-26 18:03:42,426 Loss: 3.656, MeanIU:  0.2705, Best_mIoU:  0.2705
2025-03-26 18:03:42,427 [0.         0.6474012  0.45981166 0.34972437 0.26991535 0.11627699
 0.05067017]
2025-03-26 18:03:52,674 Epoch: [12/20] Iter:[0/192], Time: 10.06, lr: [0.0043838329055408696], Loss: 3.209198, Acc:0.756027, Semantic loss: 0.920870, BCE loss: 1.615689, SB loss: 0.672638
2025-03-26 18:03:56,550 Epoch: [12/20] Iter:[10/192], Time: 1.27, lr: [0.004358138003083593], Loss: 3.150068, Acc:0.725689, Semantic loss: 0.959720, BCE loss: 1.472374, SB loss: 0.717974
2025-03-26 18:04:00,423 Epoch: [12/20] Iter:[20/192], Time: 0.85, lr: [0.0043324262569064236], Loss: 3.096576, Acc:0.718248, Semantic loss: 0.971352, BCE loss: 1.402361, SB loss: 0.722864
2025-03-26 18:04:04,321 Epoch: [12/20] Iter:[30/192], Time: 0.70, lr: [0.0043066975447503065], Loss: 3.069668, Acc:0.714863, Semantic loss: 0.987941, BCE loss: 1.357242, SB loss: 0.724485
2025-03-26 18:04:08,202 Epoch: [12/20] Iter:[40/192], Time: 0.62, lr: [0.00428095174265078], Loss: 3.071656, Acc:0.718914, Semantic loss: 0.987265, BCE loss: 1.369614, SB loss: 0.714777
2025-03-26 18:04:12,094 Epoch: [12/20] Iter:[50/192], Time: 0.58, lr: [0.004255188724902623], Loss: 3.085419, Acc:0.719362, Semantic loss: 0.989509, BCE loss: 1.381406, SB loss: 0.714504
2025-03-26 18:04:15,972 Epoch: [12/20] Iter:[60/192], Time: 0.55, lr: [0.004229408364023519], Loss: 3.094252, Acc:0.722496, Semantic loss: 0.985721, BCE loss: 1.390891, SB loss: 0.717641
2025-03-26 18:04:19,835 Epoch: [12/20] Iter:[70/192], Time: 0.52, lr: [0.004203610530716726], Loss: 3.098370, Acc:0.717148, Semantic loss: 0.999180, BCE loss: 1.376698, SB loss: 0.722492
2025-03-26 18:04:23,727 Epoch: [12/20] Iter:[80/192], Time: 0.51, lr: [0.004177795093832693], Loss: 3.108545, Acc:0.714005, Semantic loss: 1.008501, BCE loss: 1.376871, SB loss: 0.723173
2025-03-26 18:04:27,603 Epoch: [12/20] Iter:[90/192], Time: 0.49, lr: [0.004151961920329593], Loss: 3.085926, Acc:0.714138, Semantic loss: 1.005331, BCE loss: 1.360223, SB loss: 0.720372
2025-03-26 18:04:31,497 Epoch: [12/20] Iter:[100/192], Time: 0.48, lr: [0.004126110875232744], Loss: 3.097786, Acc:0.715166, Semantic loss: 1.006422, BCE loss: 1.366723, SB loss: 0.724641
2025-03-26 18:04:35,377 Epoch: [12/20] Iter:[110/192], Time: 0.48, lr: [0.004100241821592866], Loss: 3.089474, Acc:0.711416, Semantic loss: 1.006545, BCE loss: 1.355899, SB loss: 0.727030
2025-03-26 18:04:39,243 Epoch: [12/20] Iter:[120/192], Time: 0.47, lr: [0.00407435462044314], Loss: 3.086920, Acc:0.711589, Semantic loss: 1.002828, BCE loss: 1.356560, SB loss: 0.727531
2025-03-26 18:04:43,112 Epoch: [12/20] Iter:[130/192], Time: 0.46, lr: [0.004048449130755016], Loss: 3.081074, Acc:0.711660, Semantic loss: 0.996920, BCE loss: 1.357451, SB loss: 0.726703
2025-03-26 18:04:46,996 Epoch: [12/20] Iter:[140/192], Time: 0.46, lr: [0.004022525209392749], Loss: 3.084473, Acc:0.711807, Semantic loss: 0.995660, BCE loss: 1.361520, SB loss: 0.727294
2025-03-26 18:04:50,864 Epoch: [12/20] Iter:[150/192], Time: 0.45, lr: [0.003996582711066572], Loss: 3.077671, Acc:0.711023, Semantic loss: 0.992116, BCE loss: 1.359995, SB loss: 0.725559
2025-03-26 18:04:54,728 Epoch: [12/20] Iter:[160/192], Time: 0.45, lr: [0.003970621488284514], Loss: 3.068810, Acc:0.709498, Semantic loss: 0.990494, BCE loss: 1.351701, SB loss: 0.726615
2025-03-26 18:04:58,603 Epoch: [12/20] Iter:[170/192], Time: 0.44, lr: [0.003944641391302759], Loss: 3.070853, Acc:0.707635, Semantic loss: 0.996434, BCE loss: 1.346249, SB loss: 0.728171
2025-03-26 18:05:02,483 Epoch: [12/20] Iter:[180/192], Time: 0.44, lr: [0.003918642268074522], Loss: 3.062767, Acc:0.705558, Semantic loss: 0.999847, BCE loss: 1.335275, SB loss: 0.727644
2025-03-26 18:05:06,338 Epoch: [12/20] Iter:[190/192], Time: 0.44, lr: [0.003892623964197378], Loss: 3.063025, Acc:0.704857, Semantic loss: 0.999580, BCE loss: 1.334143, SB loss: 0.729301
2025-03-26 18:06:39,389 0 [0.         0.59865498 0.36022941 0.3145499  0.18555386 0.07156725
 0.09915525] 0.23281580656668102
2025-03-26 18:06:39,389 1 [0.         0.65693616 0.38735048 0.35928727 0.21921343 0.05444607
 0.0454947 ] 0.24610401839054563
2025-03-26 18:06:39,395 => saving checkpoint to output\loveda\pidnet_small_loveda\aug_gbcheckpoint.pth.tar
2025-03-26 18:06:39,488 Loss: 3.975, MeanIU:  0.2461, Best_mIoU:  0.2705
2025-03-26 18:06:39,488 [0.         0.65693616 0.38735048 0.35928727 0.21921343 0.05444607
 0.0454947 ]
2025-03-26 18:06:49,613 Epoch: [13/20] Iter:[0/192], Time: 9.93, lr: [0.0038874179879876346], Loss: 3.214660, Acc:0.755413, Semantic loss: 0.908425, BCE loss: 1.672303, SB loss: 0.633932
2025-03-26 18:06:53,483 Epoch: [13/20] Iter:[10/192], Time: 1.25, lr: [0.003861376460123532], Loss: 3.124798, Acc:0.708388, Semantic loss: 0.956808, BCE loss: 1.440756, SB loss: 0.727234
2025-03-26 18:06:57,379 Epoch: [13/20] Iter:[20/192], Time: 0.84, lr: [0.003835315403363414], Loss: 3.092239, Acc:0.719212, Semantic loss: 0.978762, BCE loss: 1.382667, SB loss: 0.730810
2025-03-26 18:07:01,243 Epoch: [13/20] Iter:[30/192], Time: 0.70, lr: [0.00380923465539378], Loss: 3.038440, Acc:0.721121, Semantic loss: 0.964649, BCE loss: 1.357951, SB loss: 0.715840
2025-03-26 18:07:05,128 Epoch: [13/20] Iter:[40/192], Time: 0.62, lr: [0.0037831340513060203], Loss: 3.046173, Acc:0.718913, Semantic loss: 0.967963, BCE loss: 1.368431, SB loss: 0.709779
2025-03-26 18:07:09,024 Epoch: [13/20] Iter:[50/192], Time: 0.58, lr: [0.003757013423534689], Loss: 3.067563, Acc:0.721519, Semantic loss: 0.975119, BCE loss: 1.380893, SB loss: 0.711551
2025-03-26 18:07:12,901 Epoch: [13/20] Iter:[60/192], Time: 0.54, lr: [0.003730872601793835], Loss: 3.062363, Acc:0.717767, Semantic loss: 0.970534, BCE loss: 1.379194, SB loss: 0.712634
2025-03-26 18:07:16,789 Epoch: [13/20] Iter:[70/192], Time: 0.52, lr: [0.0037047114130112895], Loss: 3.046800, Acc:0.716686, Semantic loss: 0.969646, BCE loss: 1.363053, SB loss: 0.714102
2025-03-26 18:07:20,671 Epoch: [13/20] Iter:[80/192], Time: 0.51, lr: [0.0036785296812608405], Loss: 3.048308, Acc:0.715314, Semantic loss: 0.986377, BCE loss: 1.336651, SB loss: 0.725280
2025-03-26 18:07:24,562 Epoch: [13/20] Iter:[90/192], Time: 0.49, lr: [0.003652327227692201], Loss: 3.065844, Acc:0.713464, Semantic loss: 0.992655, BCE loss: 1.346664, SB loss: 0.726525
2025-03-26 18:07:28,457 Epoch: [13/20] Iter:[100/192], Time: 0.48, lr: [0.0036261038704587037], Loss: 3.076946, Acc:0.710597, Semantic loss: 0.991858, BCE loss: 1.357381, SB loss: 0.727707
2025-03-26 18:07:32,345 Epoch: [13/20] Iter:[110/192], Time: 0.47, lr: [0.003599859424642584], Loss: 3.078299, Acc:0.712223, Semantic loss: 0.990067, BCE loss: 1.359792, SB loss: 0.728439
2025-03-26 18:07:36,227 Epoch: [13/20] Iter:[120/192], Time: 0.47, lr: [0.0035735937021778063], Loss: 3.071841, Acc:0.712242, Semantic loss: 0.988628, BCE loss: 1.354919, SB loss: 0.728294
2025-03-26 18:07:40,120 Epoch: [13/20] Iter:[130/192], Time: 0.46, lr: [0.0035473065117702885], Loss: 3.062890, Acc:0.713072, Semantic loss: 0.986029, BCE loss: 1.348859, SB loss: 0.728002
2025-03-26 18:07:44,014 Epoch: [13/20] Iter:[140/192], Time: 0.46, lr: [0.003520997658815433], Loss: 3.053463, Acc:0.711947, Semantic loss: 0.985545, BCE loss: 1.342418, SB loss: 0.725500
2025-03-26 18:07:47,900 Epoch: [13/20] Iter:[150/192], Time: 0.45, lr: [0.003494666945312851], Loss: 3.044347, Acc:0.712325, Semantic loss: 0.983210, BCE loss: 1.335198, SB loss: 0.725939
2025-03-26 18:07:51,781 Epoch: [13/20] Iter:[160/192], Time: 0.45, lr: [0.00346831416977816], Loss: 3.034637, Acc:0.711654, Semantic loss: 0.983253, BCE loss: 1.327082, SB loss: 0.724303
2025-03-26 18:07:55,664 Epoch: [13/20] Iter:[170/192], Time: 0.44, lr: [0.003441939127151716], Loss: 3.036418, Acc:0.712718, Semantic loss: 0.983434, BCE loss: 1.329253, SB loss: 0.723731
2025-03-26 18:07:59,547 Epoch: [13/20] Iter:[180/192], Time: 0.44, lr: [0.0034155416087041646], Loss: 3.029953, Acc:0.713801, Semantic loss: 0.980761, BCE loss: 1.327090, SB loss: 0.722102
2025-03-26 18:08:03,409 Epoch: [13/20] Iter:[190/192], Time: 0.44, lr: [0.0033891214019386652], Loss: 3.028234, Acc:0.713167, Semantic loss: 0.980084, BCE loss: 1.326113, SB loss: 0.722038
2025-03-26 18:09:36,328 0 [0.         0.62425021 0.34673228 0.25413451 0.20523567 0.13364712
 0.06724607] 0.23303512206123564
2025-03-26 18:09:36,328 1 [0.         0.65745184 0.44131616 0.30287435 0.26035612 0.04825202
 0.03179411] 0.2488635135103354
2025-03-26 18:09:36,334 => saving checkpoint to output\loveda\pidnet_small_loveda\aug_gbcheckpoint.pth.tar
2025-03-26 18:09:36,411 Loss: 4.340, MeanIU:  0.2489, Best_mIoU:  0.2705
2025-03-26 18:09:36,411 [0.         0.65745184 0.44131616 0.30287435 0.26035612 0.04825202
 0.03179411]
2025-03-26 18:09:46,534 Epoch: [14/20] Iter:[0/192], Time: 9.93, lr: [0.0033838346190164987], Loss: 3.250912, Acc:0.690787, Semantic loss: 0.987431, BCE loss: 1.538907, SB loss: 0.724574
2025-03-26 18:09:50,424 Epoch: [14/20] Iter:[10/192], Time: 1.26, lr: [0.0033573869003190927], Loss: 3.102729, Acc:0.723740, Semantic loss: 0.958614, BCE loss: 1.436837, SB loss: 0.707278
2025-03-26 18:09:54,286 Epoch: [14/20] Iter:[20/192], Time: 0.84, lr: [0.0033309160120447595], Loss: 3.038978, Acc:0.726772, Semantic loss: 0.953207, BCE loss: 1.371656, SB loss: 0.714115
2025-03-26 18:09:58,149 Epoch: [14/20] Iter:[30/192], Time: 0.69, lr: [0.0033044217289421207], Loss: 3.000933, Acc:0.722428, Semantic loss: 0.967893, BCE loss: 1.326867, SB loss: 0.706173
2025-03-26 18:10:02,033 Epoch: [14/20] Iter:[40/192], Time: 0.62, lr: [0.0032779038215418194], Loss: 3.035387, Acc:0.719693, Semantic loss: 0.983289, BCE loss: 1.340124, SB loss: 0.711974
2025-03-26 18:10:05,894 Epoch: [14/20] Iter:[50/192], Time: 0.57, lr: [0.0032513620560388795], Loss: 3.039904, Acc:0.713495, Semantic loss: 0.975807, BCE loss: 1.350868, SB loss: 0.713230
2025-03-26 18:10:09,771 Epoch: [14/20] Iter:[60/192], Time: 0.54, lr: [0.003224796194170671], Loss: 3.036096, Acc:0.714566, Semantic loss: 0.970603, BCE loss: 1.353216, SB loss: 0.712276
2025-03-26 18:10:13,652 Epoch: [14/20] Iter:[70/192], Time: 0.52, lr: [0.003198205993090303], Loss: 3.015634, Acc:0.713637, Semantic loss: 0.970831, BCE loss: 1.334823, SB loss: 0.709980
2025-03-26 18:10:17,534 Epoch: [14/20] Iter:[80/192], Time: 0.51, lr: [0.0031715912052352204], Loss: 3.015209, Acc:0.716637, Semantic loss: 0.964853, BCE loss: 1.341654, SB loss: 0.708702
2025-03-26 18:10:21,430 Epoch: [14/20] Iter:[90/192], Time: 0.49, lr: [0.0031449515781907557], Loss: 3.011184, Acc:0.719794, Semantic loss: 0.965260, BCE loss: 1.335741, SB loss: 0.710183
2025-03-26 18:10:25,320 Epoch: [14/20] Iter:[100/192], Time: 0.48, lr: [0.003118286854548424], Loss: 3.016319, Acc:0.717944, Semantic loss: 0.973761, BCE loss: 1.330975, SB loss: 0.711583
2025-03-26 18:10:29,219 Epoch: [14/20] Iter:[110/192], Time: 0.47, lr: [0.003091596771758693], Loss: 3.024317, Acc:0.718385, Semantic loss: 0.971543, BCE loss: 1.341419, SB loss: 0.711354
2025-03-26 18:10:33,099 Epoch: [14/20] Iter:[120/192], Time: 0.47, lr: [0.0030648810619779434], Loss: 3.031873, Acc:0.719854, Semantic loss: 0.970680, BCE loss: 1.347956, SB loss: 0.713237
2025-03-26 18:10:36,970 Epoch: [14/20] Iter:[130/192], Time: 0.46, lr: [0.0030381394519093602], Loss: 3.019036, Acc:0.719066, Semantic loss: 0.968019, BCE loss: 1.337776, SB loss: 0.713241
2025-03-26 18:10:40,857 Epoch: [14/20] Iter:[140/192], Time: 0.46, lr: [0.003011371662637431], Loss: 3.009502, Acc:0.720681, Semantic loss: 0.967300, BCE loss: 1.329358, SB loss: 0.712845
2025-03-26 18:10:44,721 Epoch: [14/20] Iter:[150/192], Time: 0.45, lr: [0.0029845774094557345], Loss: 3.013497, Acc:0.720644, Semantic loss: 0.968050, BCE loss: 1.332149, SB loss: 0.713298
2025-03-26 18:10:48,608 Epoch: [14/20] Iter:[160/192], Time: 0.45, lr: [0.002957756401687678], Loss: 3.009723, Acc:0.720463, Semantic loss: 0.970119, BCE loss: 1.326368, SB loss: 0.713237
2025-03-26 18:10:52,503 Epoch: [14/20] Iter:[170/192], Time: 0.44, lr: [0.002930908342499829], Loss: 3.014087, Acc:0.720900, Semantic loss: 0.970765, BCE loss: 1.329067, SB loss: 0.714255
2025-03-26 18:10:56,360 Epoch: [14/20] Iter:[180/192], Time: 0.44, lr: [0.002904032928707437], Loss: 3.009567, Acc:0.721057, Semantic loss: 0.969341, BCE loss: 1.324753, SB loss: 0.715472
2025-03-26 18:11:00,198 Epoch: [14/20] Iter:[190/192], Time: 0.44, lr: [0.0028771298505717554], Loss: 3.015802, Acc:0.719339, Semantic loss: 0.975476, BCE loss: 1.320589, SB loss: 0.719736
2025-03-26 18:12:33,054 0 [0.         0.55306779 0.33093951 0.25277417 0.21306889 0.10201872
 0.11841411] 0.22432616935964544
2025-03-26 18:12:33,054 1 [0.         0.62850105 0.42834697 0.31291313 0.26259321 0.04071543
 0.0631222 ] 0.2480274280916026
2025-03-26 18:12:33,060 => saving checkpoint to output\loveda\pidnet_small_loveda\aug_gbcheckpoint.pth.tar
2025-03-26 18:12:33,140 Loss: 4.079, MeanIU:  0.2480, Best_mIoU:  0.2705
2025-03-26 18:12:33,140 [0.         0.62850105 0.42834697 0.31291313 0.26259321 0.04071543
 0.0631222 ]
2025-03-26 18:12:43,291 Epoch: [15/20] Iter:[0/192], Time: 9.96, lr: [0.0028717458874925874], Loss: 3.047619, Acc:0.641126, Semantic loss: 0.970659, BCE loss: 1.369141, SB loss: 0.707819
2025-03-26 18:12:47,158 Epoch: [15/20] Iter:[10/192], Time: 1.26, lr: [0.0028448091937488323], Loss: 2.861862, Acc:0.734541, Semantic loss: 0.958711, BCE loss: 1.205747, SB loss: 0.697404
2025-03-26 18:12:51,042 Epoch: [15/20] Iter:[20/192], Time: 0.84, lr: [0.002817844130111582], Loss: 2.942881, Acc:0.733822, Semantic loss: 0.966156, BCE loss: 1.261831, SB loss: 0.714894
2025-03-26 18:12:54,932 Epoch: [15/20] Iter:[30/192], Time: 0.70, lr: [0.0027908503644035994], Loss: 3.018122, Acc:0.730370, Semantic loss: 0.978109, BCE loss: 1.320465, SB loss: 0.719548
2025-03-26 18:12:58,800 Epoch: [15/20] Iter:[40/192], Time: 0.62, lr: [0.0027638275569424097], Loss: 2.990420, Acc:0.728738, Semantic loss: 0.971088, BCE loss: 1.302764, SB loss: 0.716567
2025-03-26 18:13:02,672 Epoch: [15/20] Iter:[50/192], Time: 0.58, lr: [0.002736775360287257], Loss: 2.935012, Acc:0.730621, Semantic loss: 0.956549, BCE loss: 1.269573, SB loss: 0.708891
2025-03-26 18:13:06,542 Epoch: [15/20] Iter:[60/192], Time: 0.54, lr: [0.002709693418974644], Loss: 2.958634, Acc:0.730934, Semantic loss: 0.963848, BCE loss: 1.279260, SB loss: 0.715526
2025-03-26 18:13:10,394 Epoch: [15/20] Iter:[70/192], Time: 0.52, lr: [0.0026825813692418162], Loss: 2.933173, Acc:0.728525, Semantic loss: 0.956634, BCE loss: 1.265939, SB loss: 0.710600
2025-03-26 18:13:14,301 Epoch: [15/20] Iter:[80/192], Time: 0.51, lr: [0.0026554388387375], Loss: 2.949556, Acc:0.728360, Semantic loss: 0.961768, BCE loss: 1.271894, SB loss: 0.715894
2025-03-26 18:13:18,191 Epoch: [15/20] Iter:[90/192], Time: 0.49, lr: [0.002628265446219161], Loss: 2.949964, Acc:0.730504, Semantic loss: 0.960805, BCE loss: 1.275598, SB loss: 0.713561
2025-03-26 18:13:22,086 Epoch: [15/20] Iter:[100/192], Time: 0.48, lr: [0.002601060801235972], Loss: 2.950453, Acc:0.731320, Semantic loss: 0.960371, BCE loss: 1.278471, SB loss: 0.711611
2025-03-26 18:13:25,974 Epoch: [15/20] Iter:[110/192], Time: 0.47, lr: [0.002573824503796671], Loss: 2.960119, Acc:0.728469, Semantic loss: 0.959996, BCE loss: 1.289812, SB loss: 0.710312
2025-03-26 18:13:29,840 Epoch: [15/20] Iter:[120/192], Time: 0.47, lr: [0.00254655614402138], Loss: 2.972773, Acc:0.725890, Semantic loss: 0.962272, BCE loss: 1.299690, SB loss: 0.710812
2025-03-26 18:13:33,710 Epoch: [15/20] Iter:[130/192], Time: 0.46, lr: [0.0025192553017764118], Loss: 2.974660, Acc:0.725462, Semantic loss: 0.963150, BCE loss: 1.300829, SB loss: 0.710681
2025-03-26 18:13:37,591 Epoch: [15/20] Iter:[140/192], Time: 0.46, lr: [0.002491921546291034], Loss: 2.983804, Acc:0.723831, Semantic loss: 0.964218, BCE loss: 1.309021, SB loss: 0.710565
2025-03-26 18:13:41,473 Epoch: [15/20] Iter:[150/192], Time: 0.45, lr: [0.0024645544357550573], Loss: 2.987356, Acc:0.723583, Semantic loss: 0.965804, BCE loss: 1.309927, SB loss: 0.711625
2025-03-26 18:13:45,341 Epoch: [15/20] Iter:[160/192], Time: 0.45, lr: [0.002437153516896028], Loss: 2.980655, Acc:0.723766, Semantic loss: 0.965555, BCE loss: 1.303133, SB loss: 0.711967
2025-03-26 18:13:49,230 Epoch: [15/20] Iter:[170/192], Time: 0.44, lr: [0.0024097183245347467], Loss: 2.987732, Acc:0.724980, Semantic loss: 0.964733, BCE loss: 1.312295, SB loss: 0.710704
2025-03-26 18:13:53,126 Epoch: [15/20] Iter:[180/192], Time: 0.44, lr: [0.0023822483811177], Loss: 2.987884, Acc:0.725841, Semantic loss: 0.963042, BCE loss: 1.315720, SB loss: 0.709122
2025-03-26 18:13:56,973 Epoch: [15/20] Iter:[190/192], Time: 0.44, lr: [0.002354743196224891], Loss: 2.989714, Acc:0.725883, Semantic loss: 0.963380, BCE loss: 1.315672, SB loss: 0.710661
2025-03-26 18:15:29,931 0 [0.         0.59126057 0.31181644 0.28331018 0.21298857 0.12897667
 0.08227458] 0.23008957138528727
2025-03-26 18:15:29,931 1 [0.         0.63443972 0.37130878 0.36185811 0.27961671 0.05019513
 0.03727067] 0.24781273143944688
2025-03-26 18:15:29,937 => saving checkpoint to output\loveda\pidnet_small_loveda\aug_gbcheckpoint.pth.tar
2025-03-26 18:15:30,022 Loss: 4.822, MeanIU:  0.2478, Best_mIoU:  0.2705
2025-03-26 18:15:30,022 [0.         0.63443972 0.37130878 0.36185811 0.27961671 0.05019513
 0.03727067]
2025-03-26 18:15:40,218 Epoch: [16/20] Iter:[0/192], Time: 10.00, lr: [0.0023492378861760376], Loss: 3.179771, Acc:0.766942, Semantic loss: 0.921002, BCE loss: 1.510136, SB loss: 0.748634
2025-03-26 18:15:44,089 Epoch: [16/20] Iter:[10/192], Time: 1.26, lr: [0.0023216897452738748], Loss: 2.995181, Acc:0.737187, Semantic loss: 0.958867, BCE loss: 1.325734, SB loss: 0.710581
2025-03-26 18:15:47,935 Epoch: [16/20] Iter:[20/192], Time: 0.84, lr: [0.0022941052360858027], Loss: 2.916365, Acc:0.732458, Semantic loss: 0.946143, BCE loss: 1.257465, SB loss: 0.712757
2025-03-26 18:15:51,817 Epoch: [16/20] Iter:[30/192], Time: 0.70, lr: [0.0022664838233947228], Loss: 2.961569, Acc:0.732452, Semantic loss: 0.962273, BCE loss: 1.284976, SB loss: 0.714320
2025-03-26 18:15:55,686 Epoch: [16/20] Iter:[40/192], Time: 0.62, lr: [0.0022388249567421017], Loss: 2.991928, Acc:0.728896, Semantic loss: 0.963056, BCE loss: 1.317344, SB loss: 0.711527
2025-03-26 18:15:59,557 Epoch: [16/20] Iter:[50/192], Time: 0.58, lr: [0.002211128069778427], Loss: 2.971982, Acc:0.731244, Semantic loss: 0.956073, BCE loss: 1.306892, SB loss: 0.709017
2025-03-26 18:16:03,433 Epoch: [16/20] Iter:[60/192], Time: 0.54, lr: [0.0021833925795765436], Loss: 2.996095, Acc:0.729668, Semantic loss: 0.957718, BCE loss: 1.328301, SB loss: 0.710076
2025-03-26 18:16:07,320 Epoch: [16/20] Iter:[70/192], Time: 0.52, lr: [0.0021556178859051967], Loss: 2.996369, Acc:0.728931, Semantic loss: 0.960774, BCE loss: 1.328760, SB loss: 0.706836
2025-03-26 18:16:11,186 Epoch: [16/20] Iter:[80/192], Time: 0.51, lr: [0.002127803370459852], Loss: 3.006538, Acc:0.727302, Semantic loss: 0.960694, BCE loss: 1.338740, SB loss: 0.707105
2025-03-26 18:16:15,048 Epoch: [16/20] Iter:[90/192], Time: 0.49, lr: [0.0020999483960476508], Loss: 2.971395, Acc:0.728727, Semantic loss: 0.949030, BCE loss: 1.321198, SB loss: 0.701167
2025-03-26 18:16:18,929 Epoch: [16/20] Iter:[100/192], Time: 0.48, lr: [0.0020720523057230294], Loss: 2.989411, Acc:0.731490, Semantic loss: 0.950148, BCE loss: 1.338896, SB loss: 0.700367
2025-03-26 18:16:22,799 Epoch: [16/20] Iter:[110/192], Time: 0.47, lr: [0.002044114421870228], Loss: 2.984456, Acc:0.732163, Semantic loss: 0.947366, BCE loss: 1.338771, SB loss: 0.698318
2025-03-26 18:16:26,686 Epoch: [16/20] Iter:[120/192], Time: 0.47, lr: [0.0020161340452285867], Loss: 2.976979, Acc:0.734960, Semantic loss: 0.943940, BCE loss: 1.335253, SB loss: 0.697785
2025-03-26 18:16:30,550 Epoch: [16/20] Iter:[130/192], Time: 0.46, lr: [0.001988110453856112], Loss: 2.963855, Acc:0.732604, Semantic loss: 0.942931, BCE loss: 1.322995, SB loss: 0.697929
2025-03-26 18:16:34,416 Epoch: [16/20] Iter:[140/192], Time: 0.46, lr: [0.0019600429020263607], Loss: 2.967254, Acc:0.732109, Semantic loss: 0.943830, BCE loss: 1.325107, SB loss: 0.698317
2025-03-26 18:16:38,280 Epoch: [16/20] Iter:[150/192], Time: 0.45, lr: [0.0019319306190532476], Loss: 2.967969, Acc:0.732766, Semantic loss: 0.942379, BCE loss: 1.327544, SB loss: 0.698046
2025-03-26 18:16:42,144 Epoch: [16/20] Iter:[160/192], Time: 0.45, lr: [0.0019037728080378042], Loss: 2.970244, Acc:0.730994, Semantic loss: 0.948956, BCE loss: 1.321317, SB loss: 0.699971
2025-03-26 18:16:46,033 Epoch: [16/20] Iter:[170/192], Time: 0.44, lr: [0.0018755686445303314], Loss: 2.958361, Acc:0.731767, Semantic loss: 0.946817, BCE loss: 1.311911, SB loss: 0.699633
2025-03-26 18:16:49,897 Epoch: [16/20] Iter:[180/192], Time: 0.44, lr: [0.001847317275100738], Loss: 2.964470, Acc:0.731234, Semantic loss: 0.950006, BCE loss: 1.313908, SB loss: 0.700556
2025-03-26 18:16:53,757 Epoch: [16/20] Iter:[190/192], Time: 0.44, lr: [0.0018190178158090872], Loss: 2.968170, Acc:0.731411, Semantic loss: 0.953636, BCE loss: 1.313479, SB loss: 0.701054
2025-03-26 18:18:26,815 0 [0.         0.5875328  0.32513489 0.27552457 0.21740033 0.21291544
 0.08721521] 0.2436747480670918
2025-03-26 18:18:26,815 1 [0.         0.64546675 0.44435863 0.32612503 0.32473532 0.1057864
 0.03033642] 0.268115508421075
2025-03-26 18:18:26,821 => saving checkpoint to output\loveda\pidnet_small_loveda\aug_gbcheckpoint.pth.tar
2025-03-26 18:18:26,907 Loss: 3.991, MeanIU:  0.2681, Best_mIoU:  0.2705
2025-03-26 18:18:26,907 [0.         0.64546675 0.44435863 0.32612503 0.32473532 0.1057864
 0.03033642]
2025-03-26 18:18:37,145 Epoch: [17/20] Iter:[0/192], Time: 10.04, lr: [0.0018133520731367456], Loss: 2.970115, Acc:0.766390, Semantic loss: 0.827714, BCE loss: 1.477385, SB loss: 0.665016
2025-03-26 18:18:41,000 Epoch: [17/20] Iter:[10/192], Time: 1.26, lr: [0.001784993693823396], Loss: 2.929397, Acc:0.726041, Semantic loss: 0.883511, BCE loss: 1.351902, SB loss: 0.693984
2025-03-26 18:18:44,891 Epoch: [17/20] Iter:[20/192], Time: 0.85, lr: [0.0017565851643374117], Loss: 2.936445, Acc:0.733000, Semantic loss: 0.900254, BCE loss: 1.341190, SB loss: 0.695001
2025-03-26 18:18:48,763 Epoch: [17/20] Iter:[30/192], Time: 0.70, lr: [0.0017281254915000803], Loss: 2.970171, Acc:0.732198, Semantic loss: 0.932751, BCE loss: 1.332635, SB loss: 0.704785
2025-03-26 18:18:52,632 Epoch: [17/20] Iter:[40/192], Time: 0.62, lr: [0.0016996136438923032], Loss: 2.960268, Acc:0.729622, Semantic loss: 0.941717, BCE loss: 1.316241, SB loss: 0.702310
2025-03-26 18:18:56,499 Epoch: [17/20] Iter:[50/192], Time: 0.58, lr: [0.0016710485496403851], Loss: 2.958952, Acc:0.730511, Semantic loss: 0.947082, BCE loss: 1.308462, SB loss: 0.703408
2025-03-26 18:19:00,372 Epoch: [17/20] Iter:[60/192], Time: 0.55, lr: [0.0016424290940290059], Loss: 2.940979, Acc:0.736795, Semantic loss: 0.938806, BCE loss: 1.306141, SB loss: 0.696032
2025-03-26 18:19:04,233 Epoch: [17/20] Iter:[70/192], Time: 0.52, lr: [0.0016137541169242962], Loss: 2.911005, Acc:0.736546, Semantic loss: 0.937311, BCE loss: 1.278618, SB loss: 0.695077
2025-03-26 18:19:08,118 Epoch: [17/20] Iter:[80/192], Time: 0.51, lr: [0.0015850224099878446], Loss: 2.926272, Acc:0.739101, Semantic loss: 0.937077, BCE loss: 1.293695, SB loss: 0.695500
2025-03-26 18:19:11,989 Epoch: [17/20] Iter:[90/192], Time: 0.49, lr: [0.001556232713660091], Loss: 2.923461, Acc:0.737860, Semantic loss: 0.936116, BCE loss: 1.295480, SB loss: 0.691865
2025-03-26 18:19:15,874 Epoch: [17/20] Iter:[100/192], Time: 0.48, lr: [0.0015273837138888994], Loss: 2.927930, Acc:0.739586, Semantic loss: 0.935008, BCE loss: 1.302504, SB loss: 0.690418
2025-03-26 18:19:19,744 Epoch: [17/20] Iter:[110/192], Time: 0.47, lr: [0.0014984740385759552], Loss: 2.939846, Acc:0.737630, Semantic loss: 0.937247, BCE loss: 1.311727, SB loss: 0.690872
2025-03-26 18:19:23,609 Epoch: [17/20] Iter:[120/192], Time: 0.47, lr: [0.0014695022537100475], Loss: 2.945037, Acc:0.734376, Semantic loss: 0.940350, BCE loss: 1.310473, SB loss: 0.694214
2025-03-26 18:19:27,485 Epoch: [17/20] Iter:[130/192], Time: 0.46, lr: [0.0014404668591521846], Loss: 2.940192, Acc:0.734681, Semantic loss: 0.941558, BCE loss: 1.303989, SB loss: 0.694646
2025-03-26 18:19:31,378 Epoch: [17/20] Iter:[140/192], Time: 0.46, lr: [0.0014113662840326588], Loss: 2.942113, Acc:0.736321, Semantic loss: 0.943109, BCE loss: 1.302296, SB loss: 0.696708
2025-03-26 18:19:35,270 Epoch: [17/20] Iter:[150/192], Time: 0.45, lr: [0.0013821988817145786], Loss: 2.942430, Acc:0.737227, Semantic loss: 0.942217, BCE loss: 1.304850, SB loss: 0.695363
2025-03-26 18:19:39,152 Epoch: [17/20] Iter:[160/192], Time: 0.45, lr: [0.0013529629242719093], Loss: 2.942557, Acc:0.738371, Semantic loss: 0.941954, BCE loss: 1.305174, SB loss: 0.695429
2025-03-26 18:19:43,021 Epoch: [17/20] Iter:[170/192], Time: 0.44, lr: [0.0013236565964223801], Loss: 2.945816, Acc:0.738222, Semantic loss: 0.942404, BCE loss: 1.308279, SB loss: 0.695133
2025-03-26 18:19:46,895 Epoch: [17/20] Iter:[180/192], Time: 0.44, lr: [0.0012942779888466518], Loss: 2.946229, Acc:0.738143, Semantic loss: 0.942273, BCE loss: 1.309248, SB loss: 0.694708
2025-03-26 18:19:50,743 Epoch: [17/20] Iter:[190/192], Time: 0.44, lr: [0.0012648250908145803], Loss: 2.944262, Acc:0.737159, Semantic loss: 0.943477, BCE loss: 1.306465, SB loss: 0.694320
2025-03-26 18:21:23,595 0 [0.         0.57517546 0.33765795 0.27445856 0.17876132 0.12984704
 0.09472049] 0.22723154549938826
2025-03-26 18:21:23,595 1 [0.         0.61976263 0.43088183 0.35986127 0.26175218 0.05415904
 0.07014274] 0.2566513839916102
2025-03-26 18:21:23,601 => saving checkpoint to output\loveda\pidnet_small_loveda\aug_gbcheckpoint.pth.tar
2025-03-26 18:21:23,679 Loss: 3.922, MeanIU:  0.2567, Best_mIoU:  0.2705
2025-03-26 18:21:23,679 [0.         0.61976263 0.43088183 0.35986127 0.26175218 0.05415904
 0.07014274]
2025-03-26 18:21:33,895 Epoch: [18/20] Iter:[0/192], Time: 10.03, lr: [0.001258925411794167], Loss: 2.730559, Acc:0.677098, Semantic loss: 0.829817, BCE loss: 1.261412, SB loss: 0.639330
2025-03-26 18:21:37,771 Epoch: [18/20] Iter:[10/192], Time: 1.26, lr: [0.0012293805561511607], Loss: 3.006031, Acc:0.743463, Semantic loss: 0.952520, BCE loss: 1.356534, SB loss: 0.696977
2025-03-26 18:21:41,644 Epoch: [18/20] Iter:[20/192], Time: 0.85, lr: [0.0011997565879500753], Loss: 2.974819, Acc:0.745614, Semantic loss: 0.954737, BCE loss: 1.316461, SB loss: 0.703621
2025-03-26 18:21:45,525 Epoch: [18/20] Iter:[30/192], Time: 0.70, lr: [0.0011700511125444005], Loss: 2.955899, Acc:0.750119, Semantic loss: 0.953814, BCE loss: 1.298400, SB loss: 0.703684
2025-03-26 18:21:49,389 Epoch: [18/20] Iter:[40/192], Time: 0.62, lr: [0.0011402615929770753], Loss: 2.934895, Acc:0.747061, Semantic loss: 0.937927, BCE loss: 1.302653, SB loss: 0.694316
2025-03-26 18:21:53,260 Epoch: [18/20] Iter:[50/192], Time: 0.58, lr: [0.0011103853371305413], Loss: 2.904550, Acc:0.747603, Semantic loss: 0.928522, BCE loss: 1.287845, SB loss: 0.688183
2025-03-26 18:21:57,130 Epoch: [18/20] Iter:[60/192], Time: 0.55, lr: [0.001080419483295973], Loss: 2.880452, Acc:0.750250, Semantic loss: 0.922656, BCE loss: 1.274286, SB loss: 0.683510
2025-03-26 18:22:01,002 Epoch: [18/20] Iter:[70/192], Time: 0.52, lr: [0.0010503609839122385], Loss: 2.907239, Acc:0.749834, Semantic loss: 0.925866, BCE loss: 1.298454, SB loss: 0.682919
2025-03-26 18:22:04,849 Epoch: [18/20] Iter:[80/192], Time: 0.51, lr: [0.0010202065871765603], Loss: 2.915949, Acc:0.745376, Semantic loss: 0.929367, BCE loss: 1.302055, SB loss: 0.684528
2025-03-26 18:22:08,718 Epoch: [18/20] Iter:[90/192], Time: 0.49, lr: [0.000989952816168914], Loss: 2.918831, Acc:0.747375, Semantic loss: 0.927067, BCE loss: 1.306166, SB loss: 0.685599
2025-03-26 18:22:12,602 Epoch: [18/20] Iter:[100/192], Time: 0.48, lr: [0.0009595959450576828], Loss: 2.912725, Acc:0.747715, Semantic loss: 0.924009, BCE loss: 1.304492, SB loss: 0.684224
2025-03-26 18:22:16,469 Epoch: [18/20] Iter:[110/192], Time: 0.47, lr: [0.000929131971860904], Loss: 2.896696, Acc:0.746193, Semantic loss: 0.922984, BCE loss: 1.288656, SB loss: 0.685056
2025-03-26 18:22:20,353 Epoch: [18/20] Iter:[120/192], Time: 0.47, lr: [0.0008985565871200918], Loss: 2.899195, Acc:0.745708, Semantic loss: 0.923723, BCE loss: 1.291625, SB loss: 0.683847
2025-03-26 18:22:24,233 Epoch: [18/20] Iter:[130/192], Time: 0.46, lr: [0.0008678651376944955], Loss: 2.909762, Acc:0.747718, Semantic loss: 0.923196, BCE loss: 1.301664, SB loss: 0.684901
2025-03-26 18:22:28,102 Epoch: [18/20] Iter:[140/192], Time: 0.46, lr: [0.000837052584692747], Loss: 2.919886, Acc:0.746782, Semantic loss: 0.924358, BCE loss: 1.310516, SB loss: 0.685011
2025-03-26 18:22:31,969 Epoch: [18/20] Iter:[150/192], Time: 0.45, lr: [0.000806113454312208], Loss: 2.915587, Acc:0.746416, Semantic loss: 0.926173, BCE loss: 1.304336, SB loss: 0.685077
2025-03-26 18:22:35,839 Epoch: [18/20] Iter:[160/192], Time: 0.45, lr: [0.0007750417800344363], Loss: 2.906712, Acc:0.746207, Semantic loss: 0.922776, BCE loss: 1.299526, SB loss: 0.684410
2025-03-26 18:22:39,698 Epoch: [18/20] Iter:[170/192], Time: 0.44, lr: [0.0007438310342008949], Loss: 2.909949, Acc:0.744926, Semantic loss: 0.926510, BCE loss: 1.298129, SB loss: 0.685310
2025-03-26 18:22:43,569 Epoch: [18/20] Iter:[180/192], Time: 0.44, lr: [0.0007124740464272778], Loss: 2.908875, Acc:0.745314, Semantic loss: 0.925212, BCE loss: 1.299091, SB loss: 0.684572
2025-03-26 18:22:47,433 Epoch: [18/20] Iter:[190/192], Time: 0.44, lr: [0.0006809629055511224], Loss: 2.912516, Acc:0.745270, Semantic loss: 0.926177, BCE loss: 1.301520, SB loss: 0.684818
2025-03-26 18:24:20,214 0 [0.         0.58912566 0.32893129 0.26112115 0.19563707 0.11515952
 0.10022609] 0.22717154046681823
2025-03-26 18:24:20,214 1 [0.         0.64845166 0.40954854 0.29852422 0.27292681 0.07637037
 0.0381279 ] 0.24913564236688365
2025-03-26 18:24:20,220 => saving checkpoint to output\loveda\pidnet_small_loveda\aug_gbcheckpoint.pth.tar
2025-03-26 18:24:20,298 Loss: 4.604, MeanIU:  0.2491, Best_mIoU:  0.2705
2025-03-26 18:24:20,298 [0.         0.64845166 0.40954854 0.29852422 0.27292681 0.07637037
 0.0381279 ]
2025-03-26 18:24:30,379 Epoch: [19/20] Iter:[0/192], Time: 9.89, lr: [0.0006746414238367822], Loss: 3.166908, Acc:0.698637, Semantic loss: 1.027238, BCE loss: 1.376002, SB loss: 0.763668
2025-03-26 18:24:34,226 Epoch: [19/20] Iter:[10/192], Time: 1.25, lr: [0.0006429336362339898], Loss: 2.922605, Acc:0.724394, Semantic loss: 0.949240, BCE loss: 1.273475, SB loss: 0.699890
2025-03-26 18:24:38,080 Epoch: [19/20] Iter:[20/192], Time: 0.84, lr: [0.0006110510578510947], Loss: 2.896507, Acc:0.721441, Semantic loss: 0.961398, BCE loss: 1.232063, SB loss: 0.703046
2025-03-26 18:24:41,966 Epoch: [19/20] Iter:[30/192], Time: 0.69, lr: [0.0005789824653018995], Loss: 2.894735, Acc:0.732857, Semantic loss: 0.964419, BCE loss: 1.231915, SB loss: 0.698401
2025-03-26 18:24:45,847 Epoch: [19/20] Iter:[40/192], Time: 0.62, lr: [0.0005467151732202777], Loss: 2.940711, Acc:0.732496, Semantic loss: 0.967176, BCE loss: 1.275277, SB loss: 0.698257
2025-03-26 18:24:49,697 Epoch: [19/20] Iter:[50/192], Time: 0.57, lr: [0.0005142347343351296], Loss: 2.944322, Acc:0.736628, Semantic loss: 0.963503, BCE loss: 1.280662, SB loss: 0.700158
2025-03-26 18:24:53,574 Epoch: [19/20] Iter:[60/192], Time: 0.54, lr: [0.0004815245523312483], Loss: 2.917554, Acc:0.739558, Semantic loss: 0.950667, BCE loss: 1.271436, SB loss: 0.695450
2025-03-26 18:24:57,466 Epoch: [19/20] Iter:[70/192], Time: 0.52, lr: [0.000448565373510549], Loss: 2.904844, Acc:0.743112, Semantic loss: 0.943341, BCE loss: 1.267407, SB loss: 0.694096
2025-03-26 18:25:01,336 Epoch: [19/20] Iter:[80/192], Time: 0.50, lr: [0.00041533460609889997], Loss: 2.915613, Acc:0.743495, Semantic loss: 0.940517, BCE loss: 1.284003, SB loss: 0.691093
2025-03-26 18:25:05,205 Epoch: [19/20] Iter:[90/192], Time: 0.49, lr: [0.00038180538785330436], Loss: 2.915715, Acc:0.743025, Semantic loss: 0.943462, BCE loss: 1.279262, SB loss: 0.692991
2025-03-26 18:25:09,071 Epoch: [19/20] Iter:[100/192], Time: 0.48, lr: [0.00034794527452517863], Loss: 2.897522, Acc:0.743379, Semantic loss: 0.935854, BCE loss: 1.273039, SB loss: 0.688629
2025-03-26 18:25:12,941 Epoch: [19/20] Iter:[110/192], Time: 0.47, lr: [0.00031371433588231993], Loss: 2.889376, Acc:0.746011, Semantic loss: 0.933497, BCE loss: 1.268705, SB loss: 0.687174
2025-03-26 18:25:16,829 Epoch: [19/20] Iter:[120/192], Time: 0.47, lr: [0.0002790622842837163], Loss: 2.890858, Acc:0.748476, Semantic loss: 0.931259, BCE loss: 1.274067, SB loss: 0.685532
2025-03-26 18:25:20,703 Epoch: [19/20] Iter:[130/192], Time: 0.46, lr: [0.0002439239356353784], Loss: 2.890845, Acc:0.748909, Semantic loss: 0.929201, BCE loss: 1.276722, SB loss: 0.684922
2025-03-26 18:25:24,572 Epoch: [19/20] Iter:[140/192], Time: 0.45, lr: [0.00020821159321002047], Loss: 2.898710, Acc:0.748468, Semantic loss: 0.929092, BCE loss: 1.284280, SB loss: 0.685339
2025-03-26 18:25:28,459 Epoch: [19/20] Iter:[150/192], Time: 0.45, lr: [0.00017180122628828942], Loss: 2.908101, Acc:0.748401, Semantic loss: 0.927430, BCE loss: 1.295510, SB loss: 0.685161
2025-03-26 18:25:32,330 Epoch: [19/20] Iter:[160/192], Time: 0.45, lr: [0.00013450451987183818], Loss: 2.902770, Acc:0.749520, Semantic loss: 0.923561, BCE loss: 1.296428, SB loss: 0.682781
2025-03-26 18:25:36,208 Epoch: [19/20] Iter:[170/192], Time: 0.44, lr: [9.600244875192536e-05], Loss: 2.904706, Acc:0.749495, Semantic loss: 0.921758, BCE loss: 1.300343, SB loss: 0.682604
2025-03-26 18:25:40,088 Epoch: [19/20] Iter:[180/192], Time: 0.44, lr: [5.563716848048335e-05], Loss: 2.908892, Acc:0.750468, Semantic loss: 0.922347, BCE loss: 1.303659, SB loss: 0.682886
2025-03-26 18:25:43,921 Epoch: [19/20] Iter:[190/192], Time: 0.44, lr: [1.1092486125349496e-05], Loss: 2.897059, Acc:0.749806, Semantic loss: 0.919645, BCE loss: 1.296338, SB loss: 0.681076
2025-03-26 18:27:16,945 0 [0.         0.57607903 0.3499951  0.27156186 0.1900294  0.15516356
 0.10269173] 0.23507438340157885
2025-03-26 18:27:16,946 1 [0.         0.64544494 0.42566244 0.3285256  0.26980335 0.08289988
 0.04389537] 0.25660451022979186
2025-03-26 18:27:16,951 => saving checkpoint to output\loveda\pidnet_small_loveda\aug_gbcheckpoint.pth.tar
2025-03-26 18:27:17,029 Loss: 4.317, MeanIU:  0.2566, Best_mIoU:  0.2705
2025-03-26 18:27:17,029 [0.         0.64544494 0.42566244 0.3285256  0.26980335 0.08289988
 0.04389537]
2025-03-26 18:27:17,075 Hours: 0
2025-03-26 18:27:17,075 Done
