2025-03-18 21:38:06,199 Namespace(cfg='configs/loveda/pidnet_small_loveda.yaml', seed=304, opts=[])
2025-03-18 21:38:06,199 AUTO_RESUME: False
CUDNN:
  BENCHMARK: True
  DETERMINISTIC: False
  ENABLED: True
DATASET:
  DATASET: loveda
  EXTRA_TRAIN_SET: 
  NUM_CLASSES: 7
  ROOT: data/
  TEST_SET: list/loveda/urban_rural/val.lst
  TRAIN_SET: list/loveda/urban_rural/train.lst
GPUS: (0,)
LOG_DIR: log
LOSS:
  BALANCE_WEIGHTS: [0.4, 1.0]
  CLASS_BALANCE: False
  OHEMKEEP: 131072
  OHEMTHRES: 0.9
  SB_WEIGHTS: 1.0
  USE_OHEM: True
MODEL:
  ALIGN_CORNERS: True
  NAME: pidnet_small
  NUM_OUTPUTS: 2
  PRETRAINED: pretrained_models/imagenet/PIDNet_S_ImageNet.pth.tar
OUTPUT_DIR: output
PIN_MEMORY: True
PRINT_FREQ: 10
TEST:
  BASE_SIZE: 2048
  BATCH_SIZE_PER_GPU: 6
  FLIP_TEST: False
  IMAGE_SIZE: [2048, 1024]
  MODEL_FILE: output/loveda/pidnet_small_loveda/final_state.pt
  MULTI_SCALE: False
  OUTPUT_INDEX: 1
TRAIN:
  AUGMENTATION:
    ENABLE: True
    PROBABILITY: 0.5
    TECHNIQUES:
      GAUSSIAN_BLUR: True
      HORIZONTAL_FLIP: False
      MULTIPLY: False
      RANDOM_BRIGHTNESS: False
  BASE_SIZE: 2048
  BATCH_SIZE_PER_GPU: 6
  BEGIN_EPOCH: 0
  END_EPOCH: 20
  EXTRA_EPOCH: 0
  EXTRA_LR: 0.001
  FLIP: False
  IGNORE_LABEL: 0
  IMAGE_SIZE: [1024, 1024]
  LR: 0.01
  MOMENTUM: 0.9
  MULTI_SCALE: False
  NESTEROV: False
  OPTIMIZER: sgd
  RESUME: True
  SCALE_FACTOR: 16
  SHUFFLE: True
  WD: 0.0005
WORKERS: 4
2025-03-18 21:38:06,287 Attention!!!
2025-03-18 21:38:06,287 Loaded 302 parameters!
2025-03-18 21:38:06,287 Over!!!
2025-03-18 21:38:21,400 Epoch: [0/20] Iter:[0/192], Time: 15.02, lr: [0.01], Loss: 16.294353, Acc:0.126105, Semantic loss: 7.011734, BCE loss: 3.820546, SB loss: 5.462074
2025-03-18 21:38:25,767 Epoch: [0/20] Iter:[10/192], Time: 1.75, lr: [0.009976559445324192], Loss: 11.621663, Acc:0.308648, Semantic loss: 5.192232, BCE loss: 2.627046, SB loss: 3.802384
2025-03-18 21:38:30,058 Epoch: [0/20] Iter:[20/192], Time: 1.12, lr: [0.009953112769592761], Loss: 9.334418, Acc:0.353806, Semantic loss: 4.161194, BCE loss: 2.292490, SB loss: 2.880734
2025-03-18 21:38:34,348 Epoch: [0/20] Iter:[30/192], Time: 0.90, lr: [0.009929659955177281], Loss: 8.017190, Acc:0.385355, Semantic loss: 3.498864, BCE loss: 2.128767, SB loss: 2.389558
2025-03-18 21:38:38,614 Epoch: [0/20] Iter:[40/192], Time: 0.78, lr: [0.009906200984352154], Loss: 7.263371, Acc:0.393386, Semantic loss: 3.168841, BCE loss: 1.997928, SB loss: 2.096603
2025-03-18 21:38:42,887 Epoch: [0/20] Iter:[50/192], Time: 0.71, lr: [0.009882735839293803], Loss: 6.705347, Acc:0.420291, Semantic loss: 2.897098, BCE loss: 1.907642, SB loss: 1.900608
2025-03-18 21:38:47,170 Epoch: [0/20] Iter:[60/192], Time: 0.67, lr: [0.00985926450207989], Loss: 6.358898, Acc:0.430116, Semantic loss: 2.723114, BCE loss: 1.848648, SB loss: 1.787135
2025-03-18 21:38:51,390 Epoch: [0/20] Iter:[70/192], Time: 0.63, lr: [0.009835786954688485], Loss: 6.076353, Acc:0.435586, Semantic loss: 2.579702, BCE loss: 1.807818, SB loss: 1.688832
2025-03-18 21:38:55,627 Epoch: [0/20] Iter:[80/192], Time: 0.61, lr: [0.00981230317899726], Loss: 5.862257, Acc:0.443168, Semantic loss: 2.472916, BCE loss: 1.770663, SB loss: 1.618678
2025-03-18 21:38:59,856 Epoch: [0/20] Iter:[90/192], Time: 0.59, lr: [0.009788813156782662], Loss: 5.705967, Acc:0.449718, Semantic loss: 2.390982, BCE loss: 1.754687, SB loss: 1.560298
2025-03-18 21:39:04,095 Epoch: [0/20] Iter:[100/192], Time: 0.57, lr: [0.009765316869719067], Loss: 5.566775, Acc:0.453764, Semantic loss: 2.324733, BCE loss: 1.730187, SB loss: 1.511855
2025-03-18 21:39:08,361 Epoch: [0/20] Iter:[110/192], Time: 0.56, lr: [0.009741814299377942], Loss: 5.450132, Acc:0.453936, Semantic loss: 2.266779, BCE loss: 1.703972, SB loss: 1.479381
2025-03-18 21:39:12,530 Epoch: [0/20] Iter:[120/192], Time: 0.55, lr: [0.009718305427226986], Loss: 5.334909, Acc:0.460197, Semantic loss: 2.205133, BCE loss: 1.693411, SB loss: 1.436365
2025-03-18 21:39:16,498 Epoch: [0/20] Iter:[130/192], Time: 0.53, lr: [0.009694790234629266], Loss: 5.237669, Acc:0.465834, Semantic loss: 2.149738, BCE loss: 1.681048, SB loss: 1.406883
2025-03-18 21:39:20,691 Epoch: [0/20] Iter:[140/192], Time: 0.53, lr: [0.009671268702842338], Loss: 5.166507, Acc:0.468911, Semantic loss: 2.115398, BCE loss: 1.662204, SB loss: 1.388905
2025-03-18 21:39:24,914 Epoch: [0/20] Iter:[150/192], Time: 0.52, lr: [0.009647740813017376], Loss: 5.091513, Acc:0.470803, Semantic loss: 2.080693, BCE loss: 1.646502, SB loss: 1.364318
2025-03-18 21:39:29,143 Epoch: [0/20] Iter:[160/192], Time: 0.51, lr: [0.009624206546198262], Loss: 5.038829, Acc:0.474927, Semantic loss: 2.047182, BCE loss: 1.648711, SB loss: 1.342936
2025-03-18 21:39:33,351 Epoch: [0/20] Iter:[170/192], Time: 0.51, lr: [0.009600665883320689], Loss: 4.983605, Acc:0.480034, Semantic loss: 2.009112, BCE loss: 1.644876, SB loss: 1.329617
2025-03-18 21:39:37,570 Epoch: [0/20] Iter:[180/192], Time: 0.50, lr: [0.009577118805211254], Loss: 4.930451, Acc:0.484241, Semantic loss: 1.977854, BCE loss: 1.639603, SB loss: 1.312994
2025-03-18 21:39:41,752 Epoch: [0/20] Iter:[190/192], Time: 0.50, lr: [0.009553565292586523], Loss: 4.873578, Acc:0.488720, Semantic loss: 1.947892, BCE loss: 1.632791, SB loss: 1.292895
2025-03-18 21:41:43,005 0 [0.         0.52078619 0.16121486 0.11232647 0.10969815 0.09521728
 0.06880538] 0.152578333758035
2025-03-18 21:41:43,005 1 [0.         0.53509341 0.25299137 0.08479731 0.0029041  0.06489402
 0.07343238] 0.1448732263655481
2025-03-18 21:41:43,011 => saving checkpoint to output\loveda\pidnet_small_loveda\aug_gbcheckpoint.pth.tar
2025-03-18 21:41:43,186 Loss: 4.435, MeanIU:  0.1449, Best_mIoU:  0.1449
2025-03-18 21:41:43,186 [0.         0.53509341 0.25299137 0.08479731 0.0029041  0.06489402
 0.07343238]
2025-03-18 21:41:54,226 Epoch: [1/20] Iter:[0/192], Time: 10.86, lr: [0.009548853816214998], Loss: 3.884070, Acc:0.528232, Semantic loss: 1.564047, BCE loss: 1.424548, SB loss: 0.895476
2025-03-18 21:41:58,455 Epoch: [1/20] Iter:[10/192], Time: 1.37, lr: [0.009525292556561479], Loss: 3.910833, Acc:0.569764, Semantic loss: 1.454073, BCE loss: 1.458860, SB loss: 0.997901
2025-03-18 21:42:02,613 Epoch: [1/20] Iter:[20/192], Time: 0.92, lr: [0.00950172481957719], Loss: 3.899235, Acc:0.559027, Semantic loss: 1.461753, BCE loss: 1.475599, SB loss: 0.961884
2025-03-18 21:42:06,887 Epoch: [1/20] Iter:[30/192], Time: 0.76, lr: [0.009478150585620286], Loss: 3.880133, Acc:0.562571, Semantic loss: 1.450627, BCE loss: 1.444676, SB loss: 0.984830
2025-03-18 21:42:11,195 Epoch: [1/20] Iter:[40/192], Time: 0.68, lr: [0.009454569834934885], Loss: 3.921862, Acc:0.557777, Semantic loss: 1.460968, BCE loss: 1.461680, SB loss: 0.999215
2025-03-18 21:42:15,438 Epoch: [1/20] Iter:[50/192], Time: 0.63, lr: [0.009430982547650114], Loss: 3.945008, Acc:0.553006, Semantic loss: 1.459706, BCE loss: 1.489355, SB loss: 0.995947
2025-03-18 21:42:19,831 Epoch: [1/20] Iter:[60/192], Time: 0.60, lr: [0.009407388703779091], Loss: 3.961455, Acc:0.554772, Semantic loss: 1.454866, BCE loss: 1.502424, SB loss: 1.004165
2025-03-18 21:42:24,117 Epoch: [1/20] Iter:[70/192], Time: 0.57, lr: [0.009383788283217955], Loss: 3.925893, Acc:0.559814, Semantic loss: 1.428828, BCE loss: 1.505888, SB loss: 0.991176
2025-03-18 21:42:28,486 Epoch: [1/20] Iter:[80/192], Time: 0.56, lr: [0.00936018126574482], Loss: 3.919419, Acc:0.555085, Semantic loss: 1.442319, BCE loss: 1.491182, SB loss: 0.985918
2025-03-18 21:42:32,761 Epoch: [1/20] Iter:[90/192], Time: 0.54, lr: [0.009336567631018769], Loss: 3.918396, Acc:0.560397, Semantic loss: 1.428724, BCE loss: 1.508123, SB loss: 0.981549
2025-03-18 21:42:37,127 Epoch: [1/20] Iter:[100/192], Time: 0.53, lr: [0.009312947358578814], Loss: 3.919140, Acc:0.565263, Semantic loss: 1.420158, BCE loss: 1.522262, SB loss: 0.976720
2025-03-18 21:42:41,415 Epoch: [1/20] Iter:[110/192], Time: 0.52, lr: [0.009289320427842841], Loss: 3.890939, Acc:0.566280, Semantic loss: 1.416556, BCE loss: 1.503279, SB loss: 0.971104
2025-03-18 21:42:45,757 Epoch: [1/20] Iter:[120/192], Time: 0.52, lr: [0.009265686818106552], Loss: 3.871891, Acc:0.566300, Semantic loss: 1.413197, BCE loss: 1.493132, SB loss: 0.965561
2025-03-18 21:42:50,068 Epoch: [1/20] Iter:[130/192], Time: 0.51, lr: [0.009242046508542393], Loss: 3.857561, Acc:0.570131, Semantic loss: 1.404247, BCE loss: 1.496594, SB loss: 0.956721
2025-03-18 21:42:54,457 Epoch: [1/20] Iter:[140/192], Time: 0.50, lr: [0.009218399478198466], Loss: 3.845571, Acc:0.569048, Semantic loss: 1.399344, BCE loss: 1.489563, SB loss: 0.956664
2025-03-18 21:42:58,755 Epoch: [1/20] Iter:[150/192], Time: 0.50, lr: [0.009194745705997428], Loss: 3.837927, Acc:0.568992, Semantic loss: 1.401097, BCE loss: 1.482494, SB loss: 0.954337
2025-03-18 21:43:03,109 Epoch: [1/20] Iter:[160/192], Time: 0.50, lr: [0.00917108517073538], Loss: 3.832603, Acc:0.569022, Semantic loss: 1.396326, BCE loss: 1.482024, SB loss: 0.954253
2025-03-18 21:43:07,397 Epoch: [1/20] Iter:[170/192], Time: 0.49, lr: [0.00914741785108075], Loss: 3.824229, Acc:0.570496, Semantic loss: 1.390151, BCE loss: 1.480991, SB loss: 0.953087
2025-03-18 21:43:11,760 Epoch: [1/20] Iter:[180/192], Time: 0.49, lr: [0.00912374372557314], Loss: 3.810699, Acc:0.571589, Semantic loss: 1.382474, BCE loss: 1.477239, SB loss: 0.950986
2025-03-18 21:43:16,051 Epoch: [1/20] Iter:[190/192], Time: 0.49, lr: [0.009100062772622186], Loss: 3.808289, Acc:0.572240, Semantic loss: 1.382193, BCE loss: 1.475585, SB loss: 0.950510
2025-03-18 21:45:16,824 0 [0.         0.56565565 0.15860606 0.16550351 0.33613451 0.11634217
 0.05955512] 0.20025671771551506
2025-03-18 21:45:16,824 1 [0.         0.57611694 0.23765412 0.21916977 0.31887401 0.09143447
 0.12050274] 0.22339315003373944
2025-03-18 21:45:16,833 => saving checkpoint to output\loveda\pidnet_small_loveda\aug_gbcheckpoint.pth.tar
2025-03-18 21:45:17,044 Loss: 3.889, MeanIU:  0.2234, Best_mIoU:  0.2234
2025-03-18 21:45:17,045 [0.         0.57611694 0.23765412 0.21916977 0.31887401 0.09143447
 0.12050274]
2025-03-18 21:45:28,079 Epoch: [2/20] Iter:[0/192], Time: 10.85, lr: [0.009095325760829623], Loss: 3.148153, Acc:0.657515, Semantic loss: 1.213396, BCE loss: 0.999078, SB loss: 0.935679
2025-03-18 21:45:32,218 Epoch: [2/20] Iter:[10/192], Time: 1.36, lr: [0.009071636586262652], Loss: 3.591121, Acc:0.596225, Semantic loss: 1.283986, BCE loss: 1.478269, SB loss: 0.828866
2025-03-18 21:45:36,454 Epoch: [2/20] Iter:[20/192], Time: 0.92, lr: [0.009047940536290279], Loss: 3.542305, Acc:0.599083, Semantic loss: 1.245625, BCE loss: 1.462681, SB loss: 0.833999
2025-03-18 21:45:40,792 Epoch: [2/20] Iter:[30/192], Time: 0.76, lr: [0.009024237588898336], Loss: 3.520837, Acc:0.605068, Semantic loss: 1.250275, BCE loss: 1.406931, SB loss: 0.863631
2025-03-18 21:45:45,163 Epoch: [2/20] Iter:[40/192], Time: 0.68, lr: [0.009000527721937697], Loss: 3.546463, Acc:0.591448, Semantic loss: 1.269263, BCE loss: 1.396378, SB loss: 0.880822
2025-03-18 21:45:49,432 Epoch: [2/20] Iter:[50/192], Time: 0.63, lr: [0.008976810913123051], Loss: 3.574233, Acc:0.585607, Semantic loss: 1.276931, BCE loss: 1.406828, SB loss: 0.890475
2025-03-18 21:45:53,809 Epoch: [2/20] Iter:[60/192], Time: 0.60, lr: [0.008953087140031669], Loss: 3.581331, Acc:0.582794, Semantic loss: 1.288922, BCE loss: 1.392143, SB loss: 0.900267
2025-03-18 21:45:58,177 Epoch: [2/20] Iter:[70/192], Time: 0.58, lr: [0.008929356380102142], Loss: 3.584659, Acc:0.583082, Semantic loss: 1.289084, BCE loss: 1.399668, SB loss: 0.895907
2025-03-18 21:46:02,504 Epoch: [2/20] Iter:[80/192], Time: 0.56, lr: [0.008905618610633112], Loss: 3.599927, Acc:0.586825, Semantic loss: 1.284175, BCE loss: 1.419774, SB loss: 0.895977
2025-03-18 21:46:06,828 Epoch: [2/20] Iter:[90/192], Time: 0.55, lr: [0.008881873808781991], Loss: 3.594789, Acc:0.591341, Semantic loss: 1.276373, BCE loss: 1.424595, SB loss: 0.893822
2025-03-18 21:46:11,221 Epoch: [2/20] Iter:[100/192], Time: 0.53, lr: [0.008858121951563658], Loss: 3.585888, Acc:0.592226, Semantic loss: 1.277671, BCE loss: 1.413786, SB loss: 0.894431
2025-03-18 21:46:15,525 Epoch: [2/20] Iter:[110/192], Time: 0.53, lr: [0.008834363015849136], Loss: 3.572672, Acc:0.596188, Semantic loss: 1.271719, BCE loss: 1.413584, SB loss: 0.887369
2025-03-18 21:46:19,904 Epoch: [2/20] Iter:[120/192], Time: 0.52, lr: [0.008810596978364274], Loss: 3.583939, Acc:0.598029, Semantic loss: 1.270837, BCE loss: 1.422692, SB loss: 0.890410
2025-03-18 21:46:24,247 Epoch: [2/20] Iter:[130/192], Time: 0.51, lr: [0.008786823815688379], Loss: 3.577474, Acc:0.599434, Semantic loss: 1.268636, BCE loss: 1.421371, SB loss: 0.887467
2025-03-18 21:46:28,586 Epoch: [2/20] Iter:[140/192], Time: 0.51, lr: [0.008763043504252865], Loss: 3.579844, Acc:0.601328, Semantic loss: 1.264163, BCE loss: 1.429698, SB loss: 0.885983
2025-03-18 21:46:32,843 Epoch: [2/20] Iter:[150/192], Time: 0.50, lr: [0.008739256020339866], Loss: 3.568760, Acc:0.601636, Semantic loss: 1.260749, BCE loss: 1.424317, SB loss: 0.883693
2025-03-18 21:46:37,155 Epoch: [2/20] Iter:[160/192], Time: 0.50, lr: [0.00871546134008083], Loss: 3.567344, Acc:0.601704, Semantic loss: 1.260362, BCE loss: 1.425586, SB loss: 0.881396
2025-03-18 21:46:41,419 Epoch: [2/20] Iter:[170/192], Time: 0.49, lr: [0.008691659439455107], Loss: 3.572029, Acc:0.602312, Semantic loss: 1.258151, BCE loss: 1.431605, SB loss: 0.882274
2025-03-18 21:46:45,790 Epoch: [2/20] Iter:[180/192], Time: 0.49, lr: [0.008667850294288517], Loss: 3.575754, Acc:0.602832, Semantic loss: 1.256396, BCE loss: 1.435454, SB loss: 0.883904
2025-03-18 21:46:50,068 Epoch: [2/20] Iter:[190/192], Time: 0.49, lr: [0.008644033880251888], Loss: 3.573541, Acc:0.603720, Semantic loss: 1.254771, BCE loss: 1.434942, SB loss: 0.883828
2025-03-18 21:48:51,243 0 [0.         0.43405108 0.14193538 0.13973326 0.26306629 0.08703598
 0.11125385] 0.16815369032079272
2025-03-18 21:48:51,244 1 [0.         0.33225513 0.25248511 0.26296664 0.40490998 0.04959962
 0.11813322] 0.2029070995281931
2025-03-18 21:48:51,252 => saving checkpoint to output\loveda\pidnet_small_loveda\aug_gbcheckpoint.pth.tar
2025-03-18 21:48:51,377 Loss: 4.032, MeanIU:  0.2029, Best_mIoU:  0.2234
2025-03-18 21:48:51,377 [0.         0.33225513 0.25248511 0.26296664 0.40490998 0.04959962
 0.11813322]
2025-03-18 21:49:02,842 Epoch: [3/20] Iter:[0/192], Time: 11.28, lr: [0.008639269723028191], Loss: 3.467296, Acc:0.625253, Semantic loss: 1.406418, BCE loss: 1.171481, SB loss: 0.889397
2025-03-18 21:49:07,095 Epoch: [3/20] Iter:[10/192], Time: 1.41, lr: [0.008615444554012613], Loss: 3.511607, Acc:0.609761, Semantic loss: 1.258495, BCE loss: 1.400725, SB loss: 0.852387
2025-03-18 21:49:11,395 Epoch: [3/20] Iter:[20/192], Time: 0.94, lr: [0.008591612062049989], Loss: 3.478261, Acc:0.616963, Semantic loss: 1.250193, BCE loss: 1.374438, SB loss: 0.853630
2025-03-18 21:49:15,779 Epoch: [3/20] Iter:[30/192], Time: 0.78, lr: [0.008567772222305215], Loss: 3.463445, Acc:0.618844, Semantic loss: 1.212796, BCE loss: 1.413089, SB loss: 0.837559
2025-03-18 21:49:20,178 Epoch: [3/20] Iter:[40/192], Time: 0.70, lr: [0.008543925009781886], Loss: 3.419989, Acc:0.621161, Semantic loss: 1.189764, BCE loss: 1.398154, SB loss: 0.832071
2025-03-18 21:49:24,543 Epoch: [3/20] Iter:[50/192], Time: 0.65, lr: [0.00852007039932076], Loss: 3.400167, Acc:0.620745, Semantic loss: 1.188975, BCE loss: 1.382018, SB loss: 0.829175
2025-03-18 21:49:28,978 Epoch: [3/20] Iter:[60/192], Time: 0.61, lr: [0.00849620836559818], Loss: 3.390699, Acc:0.619214, Semantic loss: 1.194697, BCE loss: 1.355225, SB loss: 0.840777
2025-03-18 21:49:33,326 Epoch: [3/20] Iter:[70/192], Time: 0.59, lr: [0.008472338883124477], Loss: 3.421315, Acc:0.622376, Semantic loss: 1.197931, BCE loss: 1.385227, SB loss: 0.838157
2025-03-18 21:49:37,760 Epoch: [3/20] Iter:[80/192], Time: 0.57, lr: [0.008448461926242374], Loss: 3.431338, Acc:0.621194, Semantic loss: 1.208670, BCE loss: 1.377587, SB loss: 0.845081
2025-03-18 21:49:42,114 Epoch: [3/20] Iter:[90/192], Time: 0.56, lr: [0.008424577469125337], Loss: 3.437605, Acc:0.623576, Semantic loss: 1.203129, BCE loss: 1.393765, SB loss: 0.840711
2025-03-18 21:49:46,455 Epoch: [3/20] Iter:[100/192], Time: 0.54, lr: [0.008400685485775935], Loss: 3.438229, Acc:0.629421, Semantic loss: 1.192634, BCE loss: 1.404778, SB loss: 0.840816
2025-03-18 21:49:50,785 Epoch: [3/20] Iter:[110/192], Time: 0.53, lr: [0.008376785950024154], Loss: 3.433648, Acc:0.628252, Semantic loss: 1.186617, BCE loss: 1.409010, SB loss: 0.838021
2025-03-18 21:49:55,243 Epoch: [3/20] Iter:[120/192], Time: 0.53, lr: [0.00835287883552571], Loss: 3.450770, Acc:0.628031, Semantic loss: 1.184629, BCE loss: 1.427521, SB loss: 0.838620
2025-03-18 21:49:59,551 Epoch: [3/20] Iter:[130/192], Time: 0.52, lr: [0.008328964115760324], Loss: 3.445207, Acc:0.627658, Semantic loss: 1.185490, BCE loss: 1.420153, SB loss: 0.839563
2025-03-18 21:50:03,972 Epoch: [3/20] Iter:[140/192], Time: 0.51, lr: [0.008305041764029988], Loss: 3.440251, Acc:0.627082, Semantic loss: 1.182480, BCE loss: 1.417590, SB loss: 0.840181
2025-03-18 21:50:08,302 Epoch: [3/20] Iter:[150/192], Time: 0.51, lr: [0.008281111753457188], Loss: 3.448353, Acc:0.625351, Semantic loss: 1.189165, BCE loss: 1.409849, SB loss: 0.849340
2025-03-18 21:50:12,652 Epoch: [3/20] Iter:[160/192], Time: 0.50, lr: [0.008257174056983133], Loss: 3.454876, Acc:0.625554, Semantic loss: 1.186974, BCE loss: 1.419486, SB loss: 0.848416
2025-03-18 21:50:17,018 Epoch: [3/20] Iter:[170/192], Time: 0.50, lr: [0.00823322864736593], Loss: 3.455391, Acc:0.626285, Semantic loss: 1.182229, BCE loss: 1.425530, SB loss: 0.847632
2025-03-18 21:50:21,467 Epoch: [3/20] Iter:[180/192], Time: 0.50, lr: [0.008209275497178764], Loss: 3.443404, Acc:0.629809, Semantic loss: 1.176876, BCE loss: 1.419999, SB loss: 0.846529
2025-03-18 21:50:25,793 Epoch: [3/20] Iter:[190/192], Time: 0.49, lr: [0.008185314578808021], Loss: 3.443130, Acc:0.629467, Semantic loss: 1.179808, BCE loss: 1.416231, SB loss: 0.847091
2025-03-18 21:52:35,600 0 [0.         0.55588183 0.19076067 0.18291766 0.32970228 0.03577138
 0.05737159] 0.19320077424255896
2025-03-18 21:52:35,600 1 [0.         0.58339797 0.26646776 0.28057739 0.3611927  0.00794774
 0.03898527] 0.21979554804223161
2025-03-18 21:52:35,607 => saving checkpoint to output\loveda\pidnet_small_loveda\aug_gbcheckpoint.pth.tar
2025-03-18 21:52:35,746 Loss: 3.897, MeanIU:  0.2198, Best_mIoU:  0.2234
2025-03-18 21:52:35,747 [0.         0.58339797 0.26646776 0.28057739 0.3611927  0.00794774
 0.03898527]
2025-03-18 21:52:47,144 Epoch: [4/20] Iter:[0/192], Time: 11.21, lr: [0.008180521460508584], Loss: 3.549811, Acc:0.574128, Semantic loss: 1.247190, BCE loss: 1.528158, SB loss: 0.774463
2025-03-18 21:52:51,329 Epoch: [4/20] Iter:[10/192], Time: 1.40, lr: [0.008156551183601795], Loss: 3.379540, Acc:0.641625, Semantic loss: 1.149775, BCE loss: 1.413740, SB loss: 0.816026
2025-03-18 21:52:55,587 Epoch: [4/20] Iter:[20/192], Time: 0.94, lr: [0.008132573077094668], Loss: 3.300946, Acc:0.637418, Semantic loss: 1.152438, BCE loss: 1.362097, SB loss: 0.786410
2025-03-18 21:52:59,862 Epoch: [4/20] Iter:[30/192], Time: 0.77, lr: [0.008108587112763079], Loss: 3.338971, Acc:0.631788, Semantic loss: 1.163690, BCE loss: 1.368201, SB loss: 0.807080
2025-03-18 21:53:04,270 Epoch: [4/20] Iter:[40/192], Time: 0.69, lr: [0.008084593262188028], Loss: 3.349965, Acc:0.641563, Semantic loss: 1.145551, BCE loss: 1.402823, SB loss: 0.801592
2025-03-18 21:53:08,580 Epoch: [4/20] Iter:[50/192], Time: 0.64, lr: [0.008060591496753653], Loss: 3.337682, Acc:0.641509, Semantic loss: 1.144601, BCE loss: 1.386731, SB loss: 0.806350
2025-03-18 21:53:12,921 Epoch: [4/20] Iter:[60/192], Time: 0.61, lr: [0.008036581787645204], Loss: 3.360893, Acc:0.644693, Semantic loss: 1.137627, BCE loss: 1.410670, SB loss: 0.812595
2025-03-18 21:53:17,219 Epoch: [4/20] Iter:[70/192], Time: 0.58, lr: [0.008012564105846994], Loss: 3.346660, Acc:0.637999, Semantic loss: 1.143247, BCE loss: 1.382858, SB loss: 0.820555
2025-03-18 21:53:21,531 Epoch: [4/20] Iter:[80/192], Time: 0.56, lr: [0.007988538422140333], Loss: 3.335079, Acc:0.643570, Semantic loss: 1.138295, BCE loss: 1.378067, SB loss: 0.818718
2025-03-18 21:53:25,798 Epoch: [4/20] Iter:[90/192], Time: 0.55, lr: [0.007964504707101411], Loss: 3.340721, Acc:0.639856, Semantic loss: 1.146923, BCE loss: 1.371145, SB loss: 0.822652
2025-03-18 21:53:30,101 Epoch: [4/20] Iter:[100/192], Time: 0.54, lr: [0.007940462931099176], Loss: 3.336906, Acc:0.637628, Semantic loss: 1.150212, BCE loss: 1.365215, SB loss: 0.821479
2025-03-18 21:53:34,459 Epoch: [4/20] Iter:[110/192], Time: 0.53, lr: [0.007916413064293163], Loss: 3.329248, Acc:0.638886, Semantic loss: 1.144155, BCE loss: 1.371152, SB loss: 0.813941
2025-03-18 21:53:38,812 Epoch: [4/20] Iter:[120/192], Time: 0.52, lr: [0.007892355076631318], Loss: 3.337001, Acc:0.641049, Semantic loss: 1.140744, BCE loss: 1.383732, SB loss: 0.812525
2025-03-18 21:53:43,119 Epoch: [4/20] Iter:[130/192], Time: 0.51, lr: [0.007868288937847752], Loss: 3.347496, Acc:0.639417, Semantic loss: 1.144239, BCE loss: 1.389065, SB loss: 0.814192
2025-03-18 21:53:47,518 Epoch: [4/20] Iter:[140/192], Time: 0.51, lr: [0.007844214617460508], Loss: 3.348635, Acc:0.643042, Semantic loss: 1.137198, BCE loss: 1.401443, SB loss: 0.809994
2025-03-18 21:53:51,826 Epoch: [4/20] Iter:[150/192], Time: 0.50, lr: [0.007820132084769268], Loss: 3.353677, Acc:0.640300, Semantic loss: 1.142293, BCE loss: 1.398299, SB loss: 0.813085
2025-03-18 21:53:56,167 Epoch: [4/20] Iter:[160/192], Time: 0.50, lr: [0.00779604130885303], Loss: 3.355411, Acc:0.640582, Semantic loss: 1.142600, BCE loss: 1.400204, SB loss: 0.812607
2025-03-18 21:54:00,476 Epoch: [4/20] Iter:[170/192], Time: 0.49, lr: [0.007771942258567773], Loss: 3.358500, Acc:0.641316, Semantic loss: 1.139934, BCE loss: 1.404259, SB loss: 0.814306
2025-03-18 21:54:04,849 Epoch: [4/20] Iter:[180/192], Time: 0.49, lr: [0.007747834902544056], Loss: 3.354910, Acc:0.641875, Semantic loss: 1.139726, BCE loss: 1.400667, SB loss: 0.814517
2025-03-18 21:54:09,073 Epoch: [4/20] Iter:[190/192], Time: 0.49, lr: [0.0077237192091846206], Loss: 3.362438, Acc:0.640981, Semantic loss: 1.143171, BCE loss: 1.401361, SB loss: 0.817905
2025-03-18 21:56:01,602 0 [0.         0.49840867 0.22053164 0.21158274 0.30385227 0.12732224
 0.11674948] 0.21120671929931856
2025-03-18 21:56:01,603 1 [0.         0.38126099 0.31861535 0.34562302 0.43179242 0.05633273
 0.10064365] 0.23346687963206877
2025-03-18 21:56:01,612 => saving checkpoint to output\loveda\pidnet_small_loveda\aug_gbcheckpoint.pth.tar
2025-03-18 21:56:01,826 Loss: 3.924, MeanIU:  0.2335, Best_mIoU:  0.2335
2025-03-18 21:56:01,826 [0.         0.38126099 0.31861535 0.34562302 0.43179242 0.05633273
 0.10064365]
2025-03-18 21:56:13,130 Epoch: [5/20] Iter:[0/192], Time: 11.12, lr: [0.007718895067235705], Loss: 2.870687, Acc:0.612969, Semantic loss: 0.989739, BCE loss: 1.187106, SB loss: 0.693842
2025-03-18 21:56:17,385 Epoch: [5/20] Iter:[10/192], Time: 1.40, lr: [0.007694769327040611], Loss: 3.234035, Acc:0.651525, Semantic loss: 1.077085, BCE loss: 1.397180, SB loss: 0.759770
2025-03-18 21:56:21,704 Epoch: [5/20] Iter:[20/192], Time: 0.94, lr: [0.00767063517918174], Loss: 3.215375, Acc:0.651886, Semantic loss: 1.109135, BCE loss: 1.325015, SB loss: 0.781224
2025-03-18 21:56:26,006 Epoch: [5/20] Iter:[30/192], Time: 0.77, lr: [0.007646492591316132], Loss: 3.179079, Acc:0.655475, Semantic loss: 1.091526, BCE loss: 1.310712, SB loss: 0.776841
2025-03-18 21:56:30,348 Epoch: [5/20] Iter:[40/192], Time: 0.69, lr: [0.007622341530862476], Loss: 3.202241, Acc:0.650831, Semantic loss: 1.102014, BCE loss: 1.317880, SB loss: 0.782346
2025-03-18 21:56:34,664 Epoch: [5/20] Iter:[50/192], Time: 0.64, lr: [0.0075981819649984985], Loss: 3.264856, Acc:0.650307, Semantic loss: 1.113627, BCE loss: 1.360110, SB loss: 0.791119
2025-03-18 21:56:39,024 Epoch: [5/20] Iter:[60/192], Time: 0.61, lr: [0.007574013860658317], Loss: 3.239274, Acc:0.646972, Semantic loss: 1.103861, BCE loss: 1.342367, SB loss: 0.793045
2025-03-18 21:56:43,379 Epoch: [5/20] Iter:[70/192], Time: 0.58, lr: [0.007549837184529776], Loss: 3.270879, Acc:0.646261, Semantic loss: 1.109057, BCE loss: 1.357288, SB loss: 0.804534
2025-03-18 21:56:47,729 Epoch: [5/20] Iter:[80/192], Time: 0.56, lr: [0.0075256519030517215], Loss: 3.274324, Acc:0.644593, Semantic loss: 1.115644, BCE loss: 1.353505, SB loss: 0.805175
2025-03-18 21:56:51,976 Epoch: [5/20] Iter:[90/192], Time: 0.55, lr: [0.007501457982411236], Loss: 3.259161, Acc:0.644382, Semantic loss: 1.115160, BCE loss: 1.344068, SB loss: 0.799933
2025-03-18 21:56:56,336 Epoch: [5/20] Iter:[100/192], Time: 0.54, lr: [0.0074772553885408604], Loss: 3.263091, Acc:0.646536, Semantic loss: 1.114634, BCE loss: 1.348314, SB loss: 0.800144
2025-03-18 21:57:00,657 Epoch: [5/20] Iter:[110/192], Time: 0.53, lr: [0.007453044087115737], Loss: 3.267721, Acc:0.650907, Semantic loss: 1.113473, BCE loss: 1.351456, SB loss: 0.802792
2025-03-18 21:57:04,972 Epoch: [5/20] Iter:[120/192], Time: 0.52, lr: [0.007428824043550734], Loss: 3.261685, Acc:0.650655, Semantic loss: 1.110131, BCE loss: 1.351216, SB loss: 0.800338
2025-03-18 21:57:09,268 Epoch: [5/20] Iter:[130/192], Time: 0.51, lr: [0.007404595222997526], Loss: 3.267330, Acc:0.650493, Semantic loss: 1.113193, BCE loss: 1.351173, SB loss: 0.802964
2025-03-18 21:57:13,604 Epoch: [5/20] Iter:[140/192], Time: 0.51, lr: [0.007380357590341623], Loss: 3.274035, Acc:0.654095, Semantic loss: 1.110831, BCE loss: 1.361568, SB loss: 0.801636
2025-03-18 21:57:17,913 Epoch: [5/20] Iter:[150/192], Time: 0.50, lr: [0.007356111110199354], Loss: 3.277515, Acc:0.653689, Semantic loss: 1.112065, BCE loss: 1.363365, SB loss: 0.802085
2025-03-18 21:57:21,857 Epoch: [5/20] Iter:[160/192], Time: 0.50, lr: [0.00733185574691482], Loss: 3.285207, Acc:0.652998, Semantic loss: 1.112488, BCE loss: 1.371125, SB loss: 0.801593
2025-03-18 21:57:25,830 Epoch: [5/20] Iter:[170/192], Time: 0.49, lr: [0.007307591464556783], Loss: 3.283748, Acc:0.653848, Semantic loss: 1.111415, BCE loss: 1.373766, SB loss: 0.798566
2025-03-18 21:57:29,840 Epoch: [5/20] Iter:[180/192], Time: 0.49, lr: [0.007283318226915514], Loss: 3.296509, Acc:0.654352, Semantic loss: 1.113100, BCE loss: 1.384146, SB loss: 0.799262
2025-03-18 21:57:33,856 Epoch: [5/20] Iter:[190/192], Time: 0.48, lr: [0.007259035997499604], Loss: 3.294907, Acc:0.654159, Semantic loss: 1.111488, BCE loss: 1.385042, SB loss: 0.798377
2025-03-18 21:59:08,103 0 [0.         0.47862834 0.20026137 0.15630605 0.30453051 0.15331212
 0.12673929] 0.20282538360692745
2025-03-18 21:59:08,104 1 [0.         0.28698159 0.37241202 0.26883541 0.42685231 0.11091552
 0.1271916 ] 0.22759834883117097
2025-03-18 21:59:08,109 => saving checkpoint to output\loveda\pidnet_small_loveda\aug_gbcheckpoint.pth.tar
2025-03-18 21:59:08,187 Loss: 3.904, MeanIU:  0.2276, Best_mIoU:  0.2335
2025-03-18 21:59:08,187 [0.         0.28698159 0.37241202 0.26883541 0.42685231 0.11091552
 0.1271916 ]
2025-03-18 21:59:18,786 Epoch: [6/20] Iter:[0/192], Time: 10.40, lr: [0.007254178469372199], Loss: 3.469202, Acc:0.697008, Semantic loss: 1.072425, BCE loss: 1.542861, SB loss: 0.853916
2025-03-18 21:59:22,760 Epoch: [6/20] Iter:[10/192], Time: 1.31, lr: [0.007229885401256642], Loss: 3.137390, Acc:0.666754, Semantic loss: 1.058707, BCE loss: 1.288888, SB loss: 0.789794
2025-03-18 21:59:26,712 Epoch: [6/20] Iter:[20/192], Time: 0.87, lr: [0.0072055832600777334], Loss: 3.173902, Acc:0.656701, Semantic loss: 1.069509, BCE loss: 1.303512, SB loss: 0.800881
2025-03-18 21:59:30,684 Epoch: [6/20] Iter:[30/192], Time: 0.72, lr: [0.007181272008420604], Loss: 3.197003, Acc:0.661202, Semantic loss: 1.090466, BCE loss: 1.317869, SB loss: 0.788668
2025-03-18 21:59:34,627 Epoch: [6/20] Iter:[40/192], Time: 0.64, lr: [0.007156951608574727], Loss: 3.223090, Acc:0.651995, Semantic loss: 1.106389, BCE loss: 1.326068, SB loss: 0.790633
2025-03-18 21:59:38,579 Epoch: [6/20] Iter:[50/192], Time: 0.59, lr: [0.007132622022530447], Loss: 3.191399, Acc:0.653594, Semantic loss: 1.099900, BCE loss: 1.301812, SB loss: 0.789687
2025-03-18 21:59:42,551 Epoch: [6/20] Iter:[60/192], Time: 0.56, lr: [0.007108283211975477], Loss: 3.236615, Acc:0.657274, Semantic loss: 1.097406, BCE loss: 1.352178, SB loss: 0.787031
2025-03-18 21:59:46,488 Epoch: [6/20] Iter:[70/192], Time: 0.54, lr: [0.007083935138291319], Loss: 3.234263, Acc:0.654281, Semantic loss: 1.103568, BCE loss: 1.343006, SB loss: 0.787689
2025-03-18 21:59:50,452 Epoch: [6/20] Iter:[80/192], Time: 0.52, lr: [0.007059577762549636], Loss: 3.247400, Acc:0.654724, Semantic loss: 1.104037, BCE loss: 1.354711, SB loss: 0.788652
2025-03-18 21:59:54,422 Epoch: [6/20] Iter:[90/192], Time: 0.51, lr: [0.007035211045508576], Loss: 3.243736, Acc:0.659279, Semantic loss: 1.095801, BCE loss: 1.363804, SB loss: 0.784131
2025-03-18 21:59:58,395 Epoch: [6/20] Iter:[100/192], Time: 0.50, lr: [0.0070108349476090265], Loss: 3.256174, Acc:0.660551, Semantic loss: 1.094891, BCE loss: 1.377944, SB loss: 0.783339
2025-03-18 22:00:02,339 Epoch: [6/20] Iter:[110/192], Time: 0.49, lr: [0.00698644942897081], Loss: 3.250515, Acc:0.658022, Semantic loss: 1.093231, BCE loss: 1.373307, SB loss: 0.783977
2025-03-18 22:00:06,319 Epoch: [6/20] Iter:[120/192], Time: 0.48, lr: [0.006962054449388827], Loss: 3.256249, Acc:0.658344, Semantic loss: 1.094723, BCE loss: 1.376254, SB loss: 0.785272
2025-03-18 22:00:10,316 Epoch: [6/20] Iter:[130/192], Time: 0.47, lr: [0.006937649968329135], Loss: 3.260882, Acc:0.658282, Semantic loss: 1.093655, BCE loss: 1.381255, SB loss: 0.785973
2025-03-18 22:00:14,322 Epoch: [6/20] Iter:[140/192], Time: 0.47, lr: [0.006913235944924954], Loss: 3.271137, Acc:0.660374, Semantic loss: 1.091267, BCE loss: 1.394527, SB loss: 0.785343
2025-03-18 22:00:18,313 Epoch: [6/20] Iter:[150/192], Time: 0.46, lr: [0.006888812337972621], Loss: 3.264813, Acc:0.661506, Semantic loss: 1.090885, BCE loss: 1.387701, SB loss: 0.786227
2025-03-18 22:00:22,281 Epoch: [6/20] Iter:[160/192], Time: 0.46, lr: [0.00686437910592748], Loss: 3.261162, Acc:0.661168, Semantic loss: 1.093108, BCE loss: 1.382642, SB loss: 0.785412
2025-03-18 22:00:26,241 Epoch: [6/20] Iter:[170/192], Time: 0.46, lr: [0.00683993620689969], Loss: 3.258587, Acc:0.661179, Semantic loss: 1.093086, BCE loss: 1.380647, SB loss: 0.784855
2025-03-18 22:00:30,212 Epoch: [6/20] Iter:[180/192], Time: 0.45, lr: [0.0068154835986499775], Loss: 3.255590, Acc:0.661781, Semantic loss: 1.089960, BCE loss: 1.380388, SB loss: 0.785241
2025-03-18 22:00:34,139 Epoch: [6/20] Iter:[190/192], Time: 0.45, lr: [0.006791021238585323], Loss: 3.245679, Acc:0.662390, Semantic loss: 1.087309, BCE loss: 1.374519, SB loss: 0.783850
2025-03-18 22:02:08,704 0 [0.         0.57355462 0.21042474 0.17154589 0.17432    0.03571101
 0.04273422] 0.17261292840919976
2025-03-18 22:02:08,704 1 [0.         0.49788988 0.35934605 0.24148777 0.32847928 0.00096774
 0.0321543 ] 0.2086178600499495
2025-03-18 22:02:08,710 => saving checkpoint to output\loveda\pidnet_small_loveda\aug_gbcheckpoint.pth.tar
2025-03-18 22:02:08,792 Loss: 4.048, MeanIU:  0.2086, Best_mIoU:  0.2335
2025-03-18 22:02:08,792 [0.         0.49788988 0.35934605 0.24148777 0.32847928 0.00096774
 0.0321543 ]
2025-03-18 22:02:19,318 Epoch: [7/20] Iter:[0/192], Time: 10.33, lr: [0.006786127592581251], Loss: 3.736375, Acc:0.621628, Semantic loss: 1.097194, BCE loss: 1.861912, SB loss: 0.777269
2025-03-18 22:02:23,252 Epoch: [7/20] Iter:[10/192], Time: 1.30, lr: [0.006761653473611295], Loss: 3.160853, Acc:0.658851, Semantic loss: 1.049099, BCE loss: 1.367090, SB loss: 0.744664
2025-03-18 22:02:27,211 Epoch: [7/20] Iter:[20/192], Time: 0.87, lr: [0.006737169507854796], Loss: 3.166366, Acc:0.676283, Semantic loss: 1.022495, BCE loss: 1.394325, SB loss: 0.749546
2025-03-18 22:02:31,190 Epoch: [7/20] Iter:[30/192], Time: 0.72, lr: [0.006712675651556858], Loss: 3.171055, Acc:0.685876, Semantic loss: 1.026148, BCE loss: 1.395315, SB loss: 0.749592
2025-03-18 22:02:35,138 Epoch: [7/20] Iter:[40/192], Time: 0.64, lr: [0.006688171860589905], Loss: 3.123025, Acc:0.684563, Semantic loss: 1.026294, BCE loss: 1.344228, SB loss: 0.752503
2025-03-18 22:02:39,133 Epoch: [7/20] Iter:[50/192], Time: 0.59, lr: [0.0066636580904489585], Loss: 3.160525, Acc:0.679325, Semantic loss: 1.049397, BCE loss: 1.348537, SB loss: 0.762590
2025-03-18 22:02:43,128 Epoch: [7/20] Iter:[60/192], Time: 0.56, lr: [0.006639134296246874], Loss: 3.179058, Acc:0.676859, Semantic loss: 1.054373, BCE loss: 1.356388, SB loss: 0.768297
2025-03-18 22:02:47,127 Epoch: [7/20] Iter:[70/192], Time: 0.54, lr: [0.0066146004327094585], Loss: 3.178909, Acc:0.677998, Semantic loss: 1.059489, BCE loss: 1.353117, SB loss: 0.766302
2025-03-18 22:02:51,123 Epoch: [7/20] Iter:[80/192], Time: 0.52, lr: [0.006590056454170537], Loss: 3.183020, Acc:0.679193, Semantic loss: 1.056254, BCE loss: 1.363400, SB loss: 0.763366
2025-03-18 22:02:55,108 Epoch: [7/20] Iter:[90/192], Time: 0.51, lr: [0.006565502314566912], Loss: 3.181039, Acc:0.680471, Semantic loss: 1.060247, BCE loss: 1.351731, SB loss: 0.769061
2025-03-18 22:02:59,079 Epoch: [7/20] Iter:[100/192], Time: 0.50, lr: [0.006540937967433255], Loss: 3.179770, Acc:0.677569, Semantic loss: 1.058918, BCE loss: 1.350927, SB loss: 0.769925
2025-03-18 22:03:03,079 Epoch: [7/20] Iter:[110/192], Time: 0.49, lr: [0.006516363365896894], Loss: 3.178322, Acc:0.676647, Semantic loss: 1.061046, BCE loss: 1.347836, SB loss: 0.769439
2025-03-18 22:03:07,064 Epoch: [7/20] Iter:[120/192], Time: 0.48, lr: [0.006491778462672531], Loss: 3.187617, Acc:0.676081, Semantic loss: 1.060707, BCE loss: 1.357064, SB loss: 0.769846
2025-03-18 22:03:11,044 Epoch: [7/20] Iter:[130/192], Time: 0.47, lr: [0.006467183210056843], Loss: 3.193251, Acc:0.675359, Semantic loss: 1.058955, BCE loss: 1.365269, SB loss: 0.769027
2025-03-18 22:03:14,999 Epoch: [7/20] Iter:[140/192], Time: 0.47, lr: [0.006442577559923017], Loss: 3.192058, Acc:0.674196, Semantic loss: 1.059958, BCE loss: 1.364296, SB loss: 0.767805
2025-03-18 22:03:18,966 Epoch: [7/20] Iter:[150/192], Time: 0.46, lr: [0.006417961463715172], Loss: 3.181280, Acc:0.674102, Semantic loss: 1.059489, BCE loss: 1.354932, SB loss: 0.766858
2025-03-18 22:03:22,941 Epoch: [7/20] Iter:[160/192], Time: 0.46, lr: [0.006393334872442681], Loss: 3.182603, Acc:0.675227, Semantic loss: 1.059119, BCE loss: 1.355396, SB loss: 0.768088
2025-03-18 22:03:26,930 Epoch: [7/20] Iter:[170/192], Time: 0.46, lr: [0.006368697736674411], Loss: 3.188893, Acc:0.675732, Semantic loss: 1.065467, BCE loss: 1.354028, SB loss: 0.769399
2025-03-18 22:03:30,913 Epoch: [7/20] Iter:[180/192], Time: 0.45, lr: [0.006344050006532848], Loss: 3.198240, Acc:0.674544, Semantic loss: 1.069181, BCE loss: 1.358624, SB loss: 0.770435
2025-03-18 22:03:34,867 Epoch: [7/20] Iter:[190/192], Time: 0.45, lr: [0.006319391631688114], Loss: 3.202946, Acc:0.672966, Semantic loss: 1.070135, BCE loss: 1.360804, SB loss: 0.772007
2025-03-18 22:05:09,535 0 [0.         0.48381597 0.1830835  0.14799529 0.24373202 0.12711126
 0.11077658] 0.18521637465187818
2025-03-18 22:05:09,536 1 [0.         0.38112539 0.35535993 0.27241186 0.35529886 0.04934517
 0.08240969] 0.21370727189548597
2025-03-18 22:05:09,541 => saving checkpoint to output\loveda\pidnet_small_loveda\aug_gbcheckpoint.pth.tar
2025-03-18 22:05:09,620 Loss: 3.826, MeanIU:  0.2137, Best_mIoU:  0.2335
2025-03-18 22:05:09,620 [0.         0.38112539 0.35535993 0.27241186 0.35529886 0.04934517
 0.08240969]
2025-03-18 22:05:20,117 Epoch: [8/20] Iter:[0/192], Time: 10.30, lr: [0.006314458674893553], Loss: 3.288737, Acc:0.722747, Semantic loss: 0.960763, BCE loss: 1.622198, SB loss: 0.705776
2025-03-18 22:05:24,105 Epoch: [8/20] Iter:[10/192], Time: 1.30, lr: [0.006289787459323657], Loss: 3.180919, Acc:0.684087, Semantic loss: 1.006120, BCE loss: 1.398968, SB loss: 0.775831
2025-03-18 22:05:28,086 Epoch: [8/20] Iter:[20/192], Time: 0.87, lr: [0.006265105486702424], Loss: 3.159715, Acc:0.688512, Semantic loss: 1.029960, BCE loss: 1.360051, SB loss: 0.769705
2025-03-18 22:05:32,030 Epoch: [8/20] Iter:[30/192], Time: 0.72, lr: [0.006240412705211017], Loss: 3.140882, Acc:0.678471, Semantic loss: 1.042362, BCE loss: 1.330846, SB loss: 0.767674
2025-03-18 22:05:35,996 Epoch: [8/20] Iter:[40/192], Time: 0.64, lr: [0.006215709062551949], Loss: 3.145120, Acc:0.674993, Semantic loss: 1.040733, BCE loss: 1.342251, SB loss: 0.762136
2025-03-18 22:05:39,969 Epoch: [8/20] Iter:[50/192], Time: 0.59, lr: [0.006190994505942529], Loss: 3.117209, Acc:0.681164, Semantic loss: 1.043464, BCE loss: 1.311796, SB loss: 0.761949
2025-03-18 22:05:43,848 Epoch: [8/20] Iter:[60/192], Time: 0.56, lr: [0.006166268982108192], Loss: 3.109906, Acc:0.677778, Semantic loss: 1.049489, BCE loss: 1.295751, SB loss: 0.764666
2025-03-18 22:05:47,714 Epoch: [8/20] Iter:[70/192], Time: 0.53, lr: [0.006141532437275693], Loss: 3.093569, Acc:0.673172, Semantic loss: 1.047418, BCE loss: 1.286266, SB loss: 0.759885
2025-03-18 22:05:51,607 Epoch: [8/20] Iter:[80/192], Time: 0.52, lr: [0.006116784817166194], Loss: 3.095918, Acc:0.673007, Semantic loss: 1.045831, BCE loss: 1.287918, SB loss: 0.762169
2025-03-18 22:05:55,593 Epoch: [8/20] Iter:[90/192], Time: 0.50, lr: [0.006092026066988214], Loss: 3.128325, Acc:0.676573, Semantic loss: 1.051073, BCE loss: 1.311468, SB loss: 0.765784
2025-03-18 22:05:59,568 Epoch: [8/20] Iter:[100/192], Time: 0.49, lr: [0.006067256131430442], Loss: 3.133572, Acc:0.677518, Semantic loss: 1.045566, BCE loss: 1.320617, SB loss: 0.767389
2025-03-18 22:06:03,568 Epoch: [8/20] Iter:[110/192], Time: 0.48, lr: [0.00604247495465443], Loss: 3.135929, Acc:0.679266, Semantic loss: 1.040967, BCE loss: 1.329032, SB loss: 0.765930
2025-03-18 22:06:07,526 Epoch: [8/20] Iter:[120/192], Time: 0.48, lr: [0.006017682480287143], Loss: 3.131377, Acc:0.680768, Semantic loss: 1.039017, BCE loss: 1.328642, SB loss: 0.763718
2025-03-18 22:06:11,499 Epoch: [8/20] Iter:[130/192], Time: 0.47, lr: [0.00599287865141337], Loss: 3.135577, Acc:0.682259, Semantic loss: 1.041430, BCE loss: 1.329972, SB loss: 0.764175
2025-03-18 22:06:15,465 Epoch: [8/20] Iter:[140/192], Time: 0.47, lr: [0.005968063410567983], Loss: 3.142775, Acc:0.679990, Semantic loss: 1.046937, BCE loss: 1.330039, SB loss: 0.765798
2025-03-18 22:06:19,438 Epoch: [8/20] Iter:[150/192], Time: 0.46, lr: [0.00594323669972807], Loss: 3.151583, Acc:0.680608, Semantic loss: 1.046420, BCE loss: 1.339590, SB loss: 0.765572
2025-03-18 22:06:23,435 Epoch: [8/20] Iter:[160/192], Time: 0.46, lr: [0.005918398460304892], Loss: 3.150279, Acc:0.681959, Semantic loss: 1.045053, BCE loss: 1.340872, SB loss: 0.764354
2025-03-18 22:06:27,418 Epoch: [8/20] Iter:[170/192], Time: 0.45, lr: [0.0058935486331357125], Loss: 3.156905, Acc:0.682409, Semantic loss: 1.046428, BCE loss: 1.345225, SB loss: 0.765252
2025-03-18 22:06:31,386 Epoch: [8/20] Iter:[180/192], Time: 0.45, lr: [0.005868687158475447], Loss: 3.161030, Acc:0.682213, Semantic loss: 1.049329, BCE loss: 1.346024, SB loss: 0.765677
2025-03-18 22:06:35,337 Epoch: [8/20] Iter:[190/192], Time: 0.45, lr: [0.005843813975988169], Loss: 3.163279, Acc:0.681370, Semantic loss: 1.049048, BCE loss: 1.348924, SB loss: 0.765306
2025-03-18 22:08:09,169 0 [0.         0.55726227 0.21907785 0.16614104 0.23862722 0.09762158
 0.10376816] 0.19749973144992797
2025-03-18 22:08:09,170 1 [0.         0.54010173 0.3771064  0.31169243 0.34533581 0.0228681
 0.09966849] 0.24239613865042836
2025-03-18 22:08:09,176 => saving checkpoint to output\loveda\pidnet_small_loveda\aug_gbcheckpoint.pth.tar
2025-03-18 22:08:09,298 Loss: 3.838, MeanIU:  0.2424, Best_mIoU:  0.2424
2025-03-18 22:08:09,299 [0.         0.54010173 0.3771064  0.31169243 0.34533581 0.0228681
 0.09966849]
2025-03-18 22:08:19,993 Epoch: [9/20] Iter:[0/192], Time: 10.50, lr: [0.0058388379291998025], Loss: 2.959643, Acc:0.735910, Semantic loss: 0.839017, BCE loss: 1.454096, SB loss: 0.666530
2025-03-18 22:08:23,984 Epoch: [9/20] Iter:[10/192], Time: 1.32, lr: [0.0058139506168319475], Loss: 2.996129, Acc:0.677492, Semantic loss: 1.011831, BCE loss: 1.267084, SB loss: 0.717214
2025-03-18 22:08:27,913 Epoch: [9/20] Iter:[20/192], Time: 0.88, lr: [0.005789051461775303], Loss: 3.028279, Acc:0.680084, Semantic loss: 1.026097, BCE loss: 1.272614, SB loss: 0.729567
2025-03-18 22:08:31,847 Epoch: [9/20] Iter:[30/192], Time: 0.72, lr: [0.005764140401744157], Loss: 3.043728, Acc:0.685891, Semantic loss: 1.020216, BCE loss: 1.283366, SB loss: 0.740147
2025-03-18 22:08:35,897 Epoch: [9/20] Iter:[40/192], Time: 0.64, lr: [0.005739217373824397], Loss: 3.077000, Acc:0.682200, Semantic loss: 1.033077, BCE loss: 1.294493, SB loss: 0.749431
2025-03-18 22:08:39,927 Epoch: [9/20] Iter:[50/192], Time: 0.60, lr: [0.005714282314464109], Loss: 3.115301, Acc:0.682552, Semantic loss: 1.034947, BCE loss: 1.337262, SB loss: 0.743091
2025-03-18 22:08:43,886 Epoch: [9/20] Iter:[60/192], Time: 0.56, lr: [0.005689335159463984], Loss: 3.098856, Acc:0.687445, Semantic loss: 1.029142, BCE loss: 1.326600, SB loss: 0.743114
2025-03-18 22:08:47,784 Epoch: [9/20] Iter:[70/192], Time: 0.54, lr: [0.0056643758439675305], Loss: 3.102697, Acc:0.686672, Semantic loss: 1.028421, BCE loss: 1.331403, SB loss: 0.742872
2025-03-18 22:08:51,695 Epoch: [9/20] Iter:[80/192], Time: 0.52, lr: [0.005639404302451105], Loss: 3.081194, Acc:0.690881, Semantic loss: 1.020391, BCE loss: 1.323282, SB loss: 0.737521
2025-03-18 22:08:55,613 Epoch: [9/20] Iter:[90/192], Time: 0.51, lr: [0.005614420468713722], Loss: 3.090475, Acc:0.691930, Semantic loss: 1.027431, BCE loss: 1.321762, SB loss: 0.741282
2025-03-18 22:08:59,530 Epoch: [9/20] Iter:[100/192], Time: 0.50, lr: [0.005589424275866668], Loss: 3.101313, Acc:0.691410, Semantic loss: 1.034013, BCE loss: 1.324141, SB loss: 0.743159
2025-03-18 22:09:03,466 Epoch: [9/20] Iter:[110/192], Time: 0.49, lr: [0.005564415656322913], Loss: 3.115830, Acc:0.691630, Semantic loss: 1.036941, BCE loss: 1.333063, SB loss: 0.745826
2025-03-18 22:09:07,361 Epoch: [9/20] Iter:[120/192], Time: 0.48, lr: [0.00553939454178628], Loss: 3.127544, Acc:0.690919, Semantic loss: 1.037938, BCE loss: 1.343769, SB loss: 0.745837
2025-03-18 22:09:11,234 Epoch: [9/20] Iter:[130/192], Time: 0.47, lr: [0.005514360863240413], Loss: 3.121547, Acc:0.691823, Semantic loss: 1.035662, BCE loss: 1.338913, SB loss: 0.746971
2025-03-18 22:09:15,118 Epoch: [9/20] Iter:[140/192], Time: 0.47, lr: [0.005489314550937511], Loss: 3.124380, Acc:0.690716, Semantic loss: 1.035931, BCE loss: 1.339638, SB loss: 0.748811
2025-03-18 22:09:18,989 Epoch: [9/20] Iter:[150/192], Time: 0.46, lr: [0.005464255534386825], Loss: 3.117422, Acc:0.691596, Semantic loss: 1.030783, BCE loss: 1.338896, SB loss: 0.747744
2025-03-18 22:09:22,868 Epoch: [9/20] Iter:[160/192], Time: 0.46, lr: [0.005439183742342914], Loss: 3.124171, Acc:0.693519, Semantic loss: 1.030404, BCE loss: 1.345999, SB loss: 0.747768
2025-03-18 22:09:26,809 Epoch: [9/20] Iter:[170/192], Time: 0.45, lr: [0.00541409910279366], Loss: 3.127249, Acc:0.692859, Semantic loss: 1.030289, BCE loss: 1.349776, SB loss: 0.747183
2025-03-18 22:09:30,849 Epoch: [9/20] Iter:[180/192], Time: 0.45, lr: [0.005389001542948025], Loss: 3.133078, Acc:0.693154, Semantic loss: 1.032337, BCE loss: 1.350600, SB loss: 0.750141
2025-03-18 22:09:34,796 Epoch: [9/20] Iter:[190/192], Time: 0.45, lr: [0.005363890989223547], Loss: 3.122881, Acc:0.691701, Semantic loss: 1.033330, BCE loss: 1.339895, SB loss: 0.749656
2025-03-18 22:11:08,258 0 [0.         0.54902994 0.22228158 0.16511541 0.22750072 0.2586531
 0.13001823] 0.2217998526471325
2025-03-18 22:11:08,258 1 [0.         0.52429862 0.4011618  0.38233998 0.41241128 0.13583403
 0.12366586] 0.28281593818736817
2025-03-18 22:11:08,264 => saving checkpoint to output\loveda\pidnet_small_loveda\aug_gbcheckpoint.pth.tar
2025-03-18 22:11:08,386 Loss: 3.478, MeanIU:  0.2828, Best_mIoU:  0.2828
2025-03-18 22:11:08,386 [0.         0.52429862 0.4011618  0.38233998 0.41241128 0.13583403
 0.12366586]
2025-03-18 22:11:18,729 Epoch: [10/20] Iter:[0/192], Time: 10.15, lr: [0.005358867312681466], Loss: 2.893604, Acc:0.763147, Semantic loss: 0.904542, BCE loss: 1.380746, SB loss: 0.608317
2025-03-18 22:11:22,636 Epoch: [10/20] Iter:[10/192], Time: 1.28, lr: [0.005333741068040314], Loss: 3.160193, Acc:0.717708, Semantic loss: 0.996694, BCE loss: 1.430804, SB loss: 0.732695
2025-03-18 22:11:26,545 Epoch: [10/20] Iter:[20/192], Time: 0.86, lr: [0.0053086016647897714], Loss: 3.162843, Acc:0.718556, Semantic loss: 1.008606, BCE loss: 1.419856, SB loss: 0.734380
2025-03-18 22:11:30,458 Epoch: [10/20] Iter:[30/192], Time: 0.71, lr: [0.005283449026727663], Loss: 3.182584, Acc:0.708403, Semantic loss: 1.013420, BCE loss: 1.431826, SB loss: 0.737338
2025-03-18 22:11:34,375 Epoch: [10/20] Iter:[40/192], Time: 0.63, lr: [0.005258283076804885], Loss: 3.188419, Acc:0.714895, Semantic loss: 1.005791, BCE loss: 1.442567, SB loss: 0.740062
2025-03-18 22:11:38,289 Epoch: [10/20] Iter:[50/192], Time: 0.58, lr: [0.00523310373711144], Loss: 3.151284, Acc:0.711436, Semantic loss: 0.998338, BCE loss: 1.422485, SB loss: 0.730461
2025-03-18 22:11:42,194 Epoch: [10/20] Iter:[60/192], Time: 0.55, lr: [0.005207910928862159], Loss: 3.145853, Acc:0.708896, Semantic loss: 1.012830, BCE loss: 1.405332, SB loss: 0.727692
2025-03-18 22:11:46,112 Epoch: [10/20] Iter:[70/192], Time: 0.53, lr: [0.005182704572382109], Loss: 3.128371, Acc:0.704445, Semantic loss: 1.016389, BCE loss: 1.382646, SB loss: 0.729335
2025-03-18 22:11:50,095 Epoch: [10/20] Iter:[80/192], Time: 0.51, lr: [0.005157484587091684], Loss: 3.121245, Acc:0.708094, Semantic loss: 1.007202, BCE loss: 1.383945, SB loss: 0.730098
2025-03-18 22:11:54,015 Epoch: [10/20] Iter:[90/192], Time: 0.50, lr: [0.005132250891491357], Loss: 3.105010, Acc:0.704602, Semantic loss: 1.005352, BCE loss: 1.372768, SB loss: 0.726890
2025-03-18 22:11:57,936 Epoch: [10/20] Iter:[100/192], Time: 0.49, lr: [0.005107003403146087], Loss: 3.088171, Acc:0.704360, Semantic loss: 1.004230, BCE loss: 1.354509, SB loss: 0.729431
2025-03-18 22:12:01,866 Epoch: [10/20] Iter:[110/192], Time: 0.48, lr: [0.005081742038669388], Loss: 3.094289, Acc:0.705590, Semantic loss: 1.007783, BCE loss: 1.355940, SB loss: 0.730567
2025-03-18 22:12:05,773 Epoch: [10/20] Iter:[120/192], Time: 0.47, lr: [0.005056466713707024], Loss: 3.095073, Acc:0.704242, Semantic loss: 1.014212, BCE loss: 1.343914, SB loss: 0.736948
2025-03-18 22:12:09,694 Epoch: [10/20] Iter:[130/192], Time: 0.47, lr: [0.005031177342920337], Loss: 3.092045, Acc:0.703161, Semantic loss: 1.016787, BCE loss: 1.338319, SB loss: 0.736939
2025-03-18 22:12:13,590 Epoch: [10/20] Iter:[140/192], Time: 0.46, lr: [0.005005873839969192], Loss: 3.089092, Acc:0.700928, Semantic loss: 1.018890, BCE loss: 1.328770, SB loss: 0.741431
2025-03-18 22:12:17,506 Epoch: [10/20] Iter:[150/192], Time: 0.46, lr: [0.00498055611749454], Loss: 3.100427, Acc:0.699551, Semantic loss: 1.025820, BCE loss: 1.330864, SB loss: 0.743743
2025-03-18 22:12:21,420 Epoch: [10/20] Iter:[160/192], Time: 0.45, lr: [0.004955224087100552], Loss: 3.097077, Acc:0.700069, Semantic loss: 1.022423, BCE loss: 1.331772, SB loss: 0.742883
2025-03-18 22:12:25,336 Epoch: [10/20] Iter:[170/192], Time: 0.45, lr: [0.004929877659336362], Loss: 3.096095, Acc:0.701008, Semantic loss: 1.018421, BCE loss: 1.334479, SB loss: 0.743196
2025-03-18 22:12:29,234 Epoch: [10/20] Iter:[180/192], Time: 0.45, lr: [0.004904516743677371], Loss: 3.093564, Acc:0.699277, Semantic loss: 1.019590, BCE loss: 1.329994, SB loss: 0.743980
2025-03-18 22:12:33,117 Epoch: [10/20] Iter:[190/192], Time: 0.44, lr: [0.00487914124850611], Loss: 3.099517, Acc:0.697876, Semantic loss: 1.021708, BCE loss: 1.333088, SB loss: 0.744721
2025-03-18 22:14:06,806 0 [0.         0.5704419  0.25003109 0.1746147  0.24802201 0.21556345
 0.10472103] 0.2233420258047469
2025-03-18 22:14:06,806 1 [0.         0.61240086 0.28038945 0.25776808 0.37057071 0.04537405
 0.04664493] 0.2304497271251623
2025-03-18 22:14:06,811 => saving checkpoint to output\loveda\pidnet_small_loveda\aug_gbcheckpoint.pth.tar
2025-03-18 22:14:06,896 Loss: 3.823, MeanIU:  0.2304, Best_mIoU:  0.2828
2025-03-18 22:14:06,896 [0.         0.61240086 0.28038945 0.25776808 0.37057071 0.04537405
 0.04664493]
2025-03-18 22:14:17,664 Epoch: [11/20] Iter:[0/192], Time: 10.57, lr: [0.004874064391789954], Loss: 3.238186, Acc:0.771494, Semantic loss: 0.951515, BCE loss: 1.550005, SB loss: 0.736666
2025-03-18 22:14:21,579 Epoch: [11/20] Iter:[10/192], Time: 1.32, lr: [0.004848671278701159], Loss: 3.095374, Acc:0.711418, Semantic loss: 0.995309, BCE loss: 1.399975, SB loss: 0.700090
2025-03-18 22:14:25,481 Epoch: [11/20] Iter:[20/192], Time: 0.88, lr: [0.0048232633805975296], Loss: 3.101205, Acc:0.712049, Semantic loss: 0.989111, BCE loss: 1.382381, SB loss: 0.729713
2025-03-18 22:14:29,394 Epoch: [11/20] Iter:[30/192], Time: 0.72, lr: [0.00479784060223045], Loss: 3.028989, Acc:0.722005, Semantic loss: 0.971379, BCE loss: 1.328678, SB loss: 0.728933
2025-03-18 22:14:33,302 Epoch: [11/20] Iter:[40/192], Time: 0.64, lr: [0.004772402847172951], Loss: 3.026609, Acc:0.719070, Semantic loss: 0.979849, BCE loss: 1.319530, SB loss: 0.727229
2025-03-18 22:14:37,213 Epoch: [11/20] Iter:[50/192], Time: 0.59, lr: [0.004746950017798064], Loss: 3.030708, Acc:0.716089, Semantic loss: 0.973974, BCE loss: 1.329069, SB loss: 0.727665
2025-03-18 22:14:41,175 Epoch: [11/20] Iter:[60/192], Time: 0.56, lr: [0.004721482015256639], Loss: 3.023601, Acc:0.713840, Semantic loss: 0.974844, BCE loss: 1.323520, SB loss: 0.725237
2025-03-18 22:14:45,171 Epoch: [11/20] Iter:[70/192], Time: 0.54, lr: [0.004695998739454633], Loss: 3.032382, Acc:0.717474, Semantic loss: 0.975123, BCE loss: 1.336496, SB loss: 0.720763
2025-03-18 22:14:49,137 Epoch: [11/20] Iter:[80/192], Time: 0.52, lr: [0.004670500089029817], Loss: 3.032306, Acc:0.715915, Semantic loss: 0.974537, BCE loss: 1.336083, SB loss: 0.721686
2025-03-18 22:14:53,084 Epoch: [11/20] Iter:[90/192], Time: 0.51, lr: [0.004644985961327915], Loss: 3.024720, Acc:0.713760, Semantic loss: 0.983989, BCE loss: 1.316400, SB loss: 0.724332
2025-03-18 22:14:57,011 Epoch: [11/20] Iter:[100/192], Time: 0.49, lr: [0.004619456252378151], Loss: 3.043250, Acc:0.711785, Semantic loss: 0.991567, BCE loss: 1.319749, SB loss: 0.731935
2025-03-18 22:15:00,934 Epoch: [11/20] Iter:[110/192], Time: 0.49, lr: [0.004593910856868159], Loss: 3.044038, Acc:0.712332, Semantic loss: 0.992637, BCE loss: 1.318482, SB loss: 0.732918
2025-03-18 22:15:04,938 Epoch: [11/20] Iter:[120/192], Time: 0.48, lr: [0.004568349668118281], Loss: 3.046165, Acc:0.710552, Semantic loss: 0.993098, BCE loss: 1.319985, SB loss: 0.733081
2025-03-18 22:15:08,847 Epoch: [11/20] Iter:[130/192], Time: 0.47, lr: [0.004542772578055196], Loss: 3.057045, Acc:0.709255, Semantic loss: 0.998347, BCE loss: 1.322781, SB loss: 0.735916
2025-03-18 22:15:12,761 Epoch: [11/20] Iter:[140/192], Time: 0.47, lr: [0.00451717947718487], Loss: 3.060805, Acc:0.709602, Semantic loss: 0.996237, BCE loss: 1.331371, SB loss: 0.733198
2025-03-18 22:15:16,666 Epoch: [11/20] Iter:[150/192], Time: 0.46, lr: [0.004491570254564817], Loss: 3.057901, Acc:0.709216, Semantic loss: 0.996760, BCE loss: 1.327917, SB loss: 0.733224
2025-03-18 22:15:20,566 Epoch: [11/20] Iter:[160/192], Time: 0.46, lr: [0.004465944797775636], Loss: 3.058527, Acc:0.709263, Semantic loss: 0.997022, BCE loss: 1.326575, SB loss: 0.734929
2025-03-18 22:15:24,483 Epoch: [11/20] Iter:[170/192], Time: 0.45, lr: [0.004440302992891796], Loss: 3.064137, Acc:0.708550, Semantic loss: 0.999806, BCE loss: 1.329636, SB loss: 0.734695
2025-03-18 22:15:28,385 Epoch: [11/20] Iter:[180/192], Time: 0.45, lr: [0.004414644724451659], Loss: 3.064147, Acc:0.706287, Semantic loss: 1.001009, BCE loss: 1.329453, SB loss: 0.733685
2025-03-18 22:15:32,280 Epoch: [11/20] Iter:[190/192], Time: 0.45, lr: [0.004388969875426714], Loss: 3.061979, Acc:0.706345, Semantic loss: 1.001440, BCE loss: 1.325625, SB loss: 0.734914
2025-03-18 22:17:05,483 0 [0.         0.5604019  0.24092653 0.20400909 0.23371005 0.2444589
 0.09048458] 0.22485586382596595
2025-03-18 22:17:05,483 1 [0.         0.59552066 0.31766289 0.2985642  0.31413295 0.15162599
 0.0473284 ] 0.2464050117946162
2025-03-18 22:17:05,489 => saving checkpoint to output\loveda\pidnet_small_loveda\aug_gbcheckpoint.pth.tar
2025-03-18 22:17:05,573 Loss: 3.744, MeanIU:  0.2464, Best_mIoU:  0.2828
2025-03-18 22:17:05,573 [0.         0.59552066 0.31766289 0.2985642  0.31413295 0.15162599
 0.0473284 ]
2025-03-18 22:17:15,989 Epoch: [12/20] Iter:[0/192], Time: 10.21, lr: [0.0043838329055408696], Loss: 3.177255, Acc:0.764672, Semantic loss: 0.899391, BCE loss: 1.611141, SB loss: 0.666723
2025-03-18 22:17:19,917 Epoch: [12/20] Iter:[10/192], Time: 1.29, lr: [0.004358138003083593], Loss: 3.098625, Acc:0.730182, Semantic loss: 0.935380, BCE loss: 1.453789, SB loss: 0.709456
2025-03-18 22:17:23,818 Epoch: [12/20] Iter:[20/192], Time: 0.86, lr: [0.0043324262569064236], Loss: 3.055402, Acc:0.723634, Semantic loss: 0.956755, BCE loss: 1.382179, SB loss: 0.716467
2025-03-18 22:17:27,737 Epoch: [12/20] Iter:[30/192], Time: 0.71, lr: [0.0043066975447503065], Loss: 3.040542, Acc:0.718187, Semantic loss: 0.980377, BCE loss: 1.338254, SB loss: 0.721910
2025-03-18 22:17:31,668 Epoch: [12/20] Iter:[40/192], Time: 0.63, lr: [0.00428095174265078], Loss: 3.040342, Acc:0.723979, Semantic loss: 0.975380, BCE loss: 1.352354, SB loss: 0.712608
2025-03-18 22:17:35,611 Epoch: [12/20] Iter:[50/192], Time: 0.59, lr: [0.004255188724902623], Loss: 3.054273, Acc:0.724947, Semantic loss: 0.977354, BCE loss: 1.362868, SB loss: 0.714051
2025-03-18 22:17:39,584 Epoch: [12/20] Iter:[60/192], Time: 0.55, lr: [0.004229408364023519], Loss: 3.063223, Acc:0.728826, Semantic loss: 0.973947, BCE loss: 1.372853, SB loss: 0.716423
2025-03-18 22:17:43,651 Epoch: [12/20] Iter:[70/192], Time: 0.53, lr: [0.004203610530716726], Loss: 3.066531, Acc:0.722372, Semantic loss: 0.988064, BCE loss: 1.359547, SB loss: 0.718920
2025-03-18 22:17:47,677 Epoch: [12/20] Iter:[80/192], Time: 0.52, lr: [0.004177795093832693], Loss: 3.074092, Acc:0.719596, Semantic loss: 0.995419, BCE loss: 1.359578, SB loss: 0.719095
2025-03-18 22:17:51,672 Epoch: [12/20] Iter:[90/192], Time: 0.50, lr: [0.004151961920329593], Loss: 3.051980, Acc:0.719726, Semantic loss: 0.992184, BCE loss: 1.343432, SB loss: 0.716364
2025-03-18 22:17:55,705 Epoch: [12/20] Iter:[100/192], Time: 0.49, lr: [0.004126110875232744], Loss: 3.064196, Acc:0.720302, Semantic loss: 0.994577, BCE loss: 1.349669, SB loss: 0.719951
2025-03-18 22:17:59,670 Epoch: [12/20] Iter:[110/192], Time: 0.49, lr: [0.004100241821592866], Loss: 3.057756, Acc:0.716420, Semantic loss: 0.995890, BCE loss: 1.339561, SB loss: 0.722305
2025-03-18 22:18:03,771 Epoch: [12/20] Iter:[120/192], Time: 0.48, lr: [0.00407435462044314], Loss: 3.052508, Acc:0.716694, Semantic loss: 0.991326, BCE loss: 1.340087, SB loss: 0.721095
2025-03-18 22:18:07,788 Epoch: [12/20] Iter:[130/192], Time: 0.47, lr: [0.004048449130755016], Loss: 3.046426, Acc:0.716298, Semantic loss: 0.986406, BCE loss: 1.340415, SB loss: 0.719605
2025-03-18 22:18:11,836 Epoch: [12/20] Iter:[140/192], Time: 0.47, lr: [0.004022525209392749], Loss: 3.048363, Acc:0.717640, Semantic loss: 0.984117, BCE loss: 1.344695, SB loss: 0.719552
2025-03-18 22:18:15,766 Epoch: [12/20] Iter:[150/192], Time: 0.46, lr: [0.003996582711066572], Loss: 3.042347, Acc:0.717649, Semantic loss: 0.980046, BCE loss: 1.343183, SB loss: 0.719118
2025-03-18 22:18:19,653 Epoch: [12/20] Iter:[160/192], Time: 0.46, lr: [0.003970621488284514], Loss: 3.032967, Acc:0.716956, Semantic loss: 0.977792, BCE loss: 1.335063, SB loss: 0.720113
2025-03-18 22:18:23,560 Epoch: [12/20] Iter:[170/192], Time: 0.45, lr: [0.003944641391302759], Loss: 3.031658, Acc:0.716610, Semantic loss: 0.980354, BCE loss: 1.329879, SB loss: 0.721426
2025-03-18 22:18:27,454 Epoch: [12/20] Iter:[180/192], Time: 0.45, lr: [0.003918642268074522], Loss: 3.021344, Acc:0.715492, Semantic loss: 0.981651, BCE loss: 1.318450, SB loss: 0.721244
2025-03-18 22:18:31,342 Epoch: [12/20] Iter:[190/192], Time: 0.45, lr: [0.003892623964197378], Loss: 3.023519, Acc:0.714706, Semantic loss: 0.983035, BCE loss: 1.317651, SB loss: 0.722834
2025-03-18 22:20:04,925 0 [0.         0.59067254 0.31642459 0.22120988 0.21310702 0.16309717
 0.09443366] 0.2284206939194001
2025-03-18 22:20:04,926 1 [0.         0.61767335 0.30760472 0.28221856 0.31363347 0.12606863
 0.05100977] 0.24260121508551927
2025-03-18 22:20:04,931 => saving checkpoint to output\loveda\pidnet_small_loveda\aug_gbcheckpoint.pth.tar
2025-03-18 22:20:05,013 Loss: 4.182, MeanIU:  0.2426, Best_mIoU:  0.2828
2025-03-18 22:20:05,013 [0.         0.61767335 0.30760472 0.28221856 0.31363347 0.12606863
 0.05100977]
2025-03-18 22:20:15,655 Epoch: [13/20] Iter:[0/192], Time: 10.43, lr: [0.0038874179879876346], Loss: 3.172124, Acc:0.763477, Semantic loss: 0.898456, BCE loss: 1.666654, SB loss: 0.607013
2025-03-18 22:20:19,698 Epoch: [13/20] Iter:[10/192], Time: 1.32, lr: [0.003861376460123532], Loss: 3.108832, Acc:0.718964, Semantic loss: 0.954410, BCE loss: 1.426930, SB loss: 0.727492
2025-03-18 22:20:23,769 Epoch: [13/20] Iter:[20/192], Time: 0.88, lr: [0.003835315403363414], Loss: 3.053895, Acc:0.734605, Semantic loss: 0.963542, BCE loss: 1.366031, SB loss: 0.724322
2025-03-18 22:20:27,782 Epoch: [13/20] Iter:[30/192], Time: 0.73, lr: [0.00380923465539378], Loss: 3.004755, Acc:0.733382, Semantic loss: 0.956879, BCE loss: 1.340463, SB loss: 0.707413
2025-03-18 22:20:31,784 Epoch: [13/20] Iter:[40/192], Time: 0.65, lr: [0.0037831340513060203], Loss: 3.014365, Acc:0.730597, Semantic loss: 0.960860, BCE loss: 1.350209, SB loss: 0.703296
2025-03-18 22:20:35,719 Epoch: [13/20] Iter:[50/192], Time: 0.60, lr: [0.003757013423534689], Loss: 3.034116, Acc:0.731777, Semantic loss: 0.967786, BCE loss: 1.362357, SB loss: 0.703973
2025-03-18 22:20:39,612 Epoch: [13/20] Iter:[60/192], Time: 0.56, lr: [0.003730872601793835], Loss: 3.030062, Acc:0.727012, Semantic loss: 0.965198, BCE loss: 1.360277, SB loss: 0.704588
2025-03-18 22:20:43,594 Epoch: [13/20] Iter:[70/192], Time: 0.54, lr: [0.0037047114130112895], Loss: 3.016959, Acc:0.725016, Semantic loss: 0.966843, BCE loss: 1.343942, SB loss: 0.706174
2025-03-18 22:20:47,551 Epoch: [13/20] Iter:[80/192], Time: 0.52, lr: [0.0036785296812608405], Loss: 3.010843, Acc:0.725081, Semantic loss: 0.978863, BCE loss: 1.317530, SB loss: 0.714450
2025-03-18 22:20:51,479 Epoch: [13/20] Iter:[90/192], Time: 0.51, lr: [0.003652327227692201], Loss: 3.026851, Acc:0.723083, Semantic loss: 0.982077, BCE loss: 1.327259, SB loss: 0.717515
2025-03-18 22:20:55,347 Epoch: [13/20] Iter:[100/192], Time: 0.50, lr: [0.0036261038704587037], Loss: 3.039705, Acc:0.719182, Semantic loss: 0.981275, BCE loss: 1.338368, SB loss: 0.720062
2025-03-18 22:20:59,326 Epoch: [13/20] Iter:[110/192], Time: 0.49, lr: [0.003599859424642584], Loss: 3.040304, Acc:0.720856, Semantic loss: 0.979406, BCE loss: 1.341324, SB loss: 0.719573
2025-03-18 22:21:03,241 Epoch: [13/20] Iter:[120/192], Time: 0.48, lr: [0.0035735937021778063], Loss: 3.033824, Acc:0.720576, Semantic loss: 0.978747, BCE loss: 1.335901, SB loss: 0.719175
2025-03-18 22:21:07,221 Epoch: [13/20] Iter:[130/192], Time: 0.47, lr: [0.0035473065117702885], Loss: 3.026397, Acc:0.721248, Semantic loss: 0.976944, BCE loss: 1.329613, SB loss: 0.719840
2025-03-18 22:21:11,166 Epoch: [13/20] Iter:[140/192], Time: 0.47, lr: [0.003520997658815433], Loss: 3.017417, Acc:0.720243, Semantic loss: 0.976647, BCE loss: 1.323439, SB loss: 0.717331
2025-03-18 22:21:15,063 Epoch: [13/20] Iter:[150/192], Time: 0.46, lr: [0.003494666945312851], Loss: 3.007348, Acc:0.721045, Semantic loss: 0.973092, BCE loss: 1.316615, SB loss: 0.717641
2025-03-18 22:21:18,947 Epoch: [13/20] Iter:[160/192], Time: 0.46, lr: [0.00346831416977816], Loss: 2.997841, Acc:0.720638, Semantic loss: 0.972653, BCE loss: 1.308906, SB loss: 0.716282
2025-03-18 22:21:22,821 Epoch: [13/20] Iter:[170/192], Time: 0.45, lr: [0.003441939127151716], Loss: 2.999028, Acc:0.721950, Semantic loss: 0.971694, BCE loss: 1.311337, SB loss: 0.715998
2025-03-18 22:21:26,697 Epoch: [13/20] Iter:[180/192], Time: 0.45, lr: [0.0034155416087041646], Loss: 2.994360, Acc:0.723196, Semantic loss: 0.969391, BCE loss: 1.309786, SB loss: 0.715184
2025-03-18 22:21:30,525 Epoch: [13/20] Iter:[190/192], Time: 0.45, lr: [0.0033891214019386652], Loss: 2.992263, Acc:0.722342, Semantic loss: 0.968841, BCE loss: 1.308720, SB loss: 0.714702
2025-03-18 22:23:02,798 0 [0.         0.59786906 0.25543823 0.14523307 0.22316202 0.25931872
 0.09830128] 0.2256174833659346
2025-03-18 22:23:02,798 1 [0.         0.61225455 0.32518721 0.26368284 0.27512111 0.16683221
 0.05889689] 0.24313925981307002
2025-03-18 22:23:02,804 => saving checkpoint to output\loveda\pidnet_small_loveda\aug_gbcheckpoint.pth.tar
2025-03-18 22:23:02,883 Loss: 3.914, MeanIU:  0.2431, Best_mIoU:  0.2828
2025-03-18 22:23:02,883 [0.         0.61225455 0.32518721 0.26368284 0.27512111 0.16683221
 0.05889689]
2025-03-18 22:23:13,061 Epoch: [14/20] Iter:[0/192], Time: 9.99, lr: [0.0033838346190164987], Loss: 3.135842, Acc:0.700866, Semantic loss: 0.951474, BCE loss: 1.501882, SB loss: 0.682486
2025-03-18 22:23:16,928 Epoch: [14/20] Iter:[10/192], Time: 1.26, lr: [0.0033573869003190927], Loss: 3.022274, Acc:0.745296, Semantic loss: 0.919657, BCE loss: 1.413401, SB loss: 0.689215
2025-03-18 22:23:20,805 Epoch: [14/20] Iter:[20/192], Time: 0.84, lr: [0.0033309160120447595], Loss: 2.971347, Acc:0.746144, Semantic loss: 0.925113, BCE loss: 1.351166, SB loss: 0.695068
2025-03-18 22:23:24,667 Epoch: [14/20] Iter:[30/192], Time: 0.70, lr: [0.0033044217289421207], Loss: 2.934969, Acc:0.740628, Semantic loss: 0.934809, BCE loss: 1.306080, SB loss: 0.694080
2025-03-18 22:23:28,541 Epoch: [14/20] Iter:[40/192], Time: 0.62, lr: [0.0032779038215418194], Loss: 2.980858, Acc:0.736571, Semantic loss: 0.957524, BCE loss: 1.320969, SB loss: 0.702364
2025-03-18 22:23:32,401 Epoch: [14/20] Iter:[50/192], Time: 0.58, lr: [0.0032513620560388795], Loss: 2.985476, Acc:0.728446, Semantic loss: 0.951554, BCE loss: 1.331613, SB loss: 0.702308
2025-03-18 22:23:36,288 Epoch: [14/20] Iter:[60/192], Time: 0.54, lr: [0.003224796194170671], Loss: 2.988020, Acc:0.727499, Semantic loss: 0.952189, BCE loss: 1.333149, SB loss: 0.702682
2025-03-18 22:23:40,158 Epoch: [14/20] Iter:[70/192], Time: 0.52, lr: [0.003198205993090303], Loss: 2.970976, Acc:0.725911, Semantic loss: 0.953415, BCE loss: 1.315351, SB loss: 0.702210
2025-03-18 22:23:44,030 Epoch: [14/20] Iter:[80/192], Time: 0.51, lr: [0.0031715912052352204], Loss: 2.967727, Acc:0.729023, Semantic loss: 0.947030, BCE loss: 1.321883, SB loss: 0.698814
2025-03-18 22:23:47,915 Epoch: [14/20] Iter:[90/192], Time: 0.49, lr: [0.0031449515781907557], Loss: 2.963808, Acc:0.731001, Semantic loss: 0.948972, BCE loss: 1.315860, SB loss: 0.698976
2025-03-18 22:23:51,786 Epoch: [14/20] Iter:[100/192], Time: 0.48, lr: [0.003118286854548424], Loss: 2.965903, Acc:0.729628, Semantic loss: 0.955231, BCE loss: 1.311440, SB loss: 0.699232
2025-03-18 22:23:55,661 Epoch: [14/20] Iter:[110/192], Time: 0.47, lr: [0.003091596771758693], Loss: 2.973435, Acc:0.730351, Semantic loss: 0.952936, BCE loss: 1.321041, SB loss: 0.699458
2025-03-18 22:23:59,556 Epoch: [14/20] Iter:[120/192], Time: 0.47, lr: [0.0030648810619779434], Loss: 2.983804, Acc:0.730910, Semantic loss: 0.954148, BCE loss: 1.327658, SB loss: 0.701997
2025-03-18 22:24:03,403 Epoch: [14/20] Iter:[130/192], Time: 0.46, lr: [0.0030381394519093602], Loss: 2.969051, Acc:0.730222, Semantic loss: 0.950447, BCE loss: 1.317465, SB loss: 0.701139
2025-03-18 22:24:07,302 Epoch: [14/20] Iter:[140/192], Time: 0.46, lr: [0.003011371662637431], Loss: 2.957646, Acc:0.732487, Semantic loss: 0.947649, BCE loss: 1.308731, SB loss: 0.701267
2025-03-18 22:24:11,164 Epoch: [14/20] Iter:[150/192], Time: 0.45, lr: [0.0029845774094557345], Loss: 2.961090, Acc:0.732779, Semantic loss: 0.947627, BCE loss: 1.311524, SB loss: 0.701938
2025-03-18 22:24:15,022 Epoch: [14/20] Iter:[160/192], Time: 0.45, lr: [0.002957756401687678], Loss: 2.958190, Acc:0.732056, Semantic loss: 0.950685, BCE loss: 1.305956, SB loss: 0.701549
2025-03-18 22:24:18,899 Epoch: [14/20] Iter:[170/192], Time: 0.44, lr: [0.002930908342499829], Loss: 2.961050, Acc:0.732389, Semantic loss: 0.950430, BCE loss: 1.308671, SB loss: 0.701948
2025-03-18 22:24:22,757 Epoch: [14/20] Iter:[180/192], Time: 0.44, lr: [0.002904032928707437], Loss: 2.958751, Acc:0.732215, Semantic loss: 0.949859, BCE loss: 1.304620, SB loss: 0.704272
2025-03-18 22:24:26,596 Epoch: [14/20] Iter:[190/192], Time: 0.44, lr: [0.0028771298505717554], Loss: 2.967616, Acc:0.730441, Semantic loss: 0.956526, BCE loss: 1.300947, SB loss: 0.710142
2025-03-18 22:25:59,175 0 [0.         0.48778845 0.24952252 0.16721038 0.22423708 0.20453939
 0.13316829] 0.2094951577300413
2025-03-18 22:25:59,176 1 [0.         0.36593623 0.36178015 0.33901051 0.34985555 0.11800653
 0.11273681] 0.23533225395939544
2025-03-18 22:25:59,182 => saving checkpoint to output\loveda\pidnet_small_loveda\aug_gbcheckpoint.pth.tar
2025-03-18 22:25:59,262 Loss: 4.192, MeanIU:  0.2353, Best_mIoU:  0.2828
2025-03-18 22:25:59,262 [0.         0.36593623 0.36178015 0.33901051 0.34985555 0.11800653
 0.11273681]
2025-03-18 22:26:09,384 Epoch: [15/20] Iter:[0/192], Time: 9.93, lr: [0.0028717458874925874], Loss: 3.007586, Acc:0.653103, Semantic loss: 0.961747, BCE loss: 1.346790, SB loss: 0.699049
2025-03-18 22:26:13,257 Epoch: [15/20] Iter:[10/192], Time: 1.26, lr: [0.0028448091937488323], Loss: 2.834729, Acc:0.742832, Semantic loss: 0.949173, BCE loss: 1.189299, SB loss: 0.696257
2025-03-18 22:26:17,121 Epoch: [15/20] Iter:[20/192], Time: 0.84, lr: [0.002817844130111582], Loss: 2.916940, Acc:0.741851, Semantic loss: 0.956702, BCE loss: 1.242050, SB loss: 0.718188
2025-03-18 22:26:20,994 Epoch: [15/20] Iter:[30/192], Time: 0.69, lr: [0.0027908503644035994], Loss: 2.977984, Acc:0.742157, Semantic loss: 0.960447, BCE loss: 1.301279, SB loss: 0.716257
2025-03-18 22:26:24,844 Epoch: [15/20] Iter:[40/192], Time: 0.62, lr: [0.0027638275569424097], Loss: 2.956989, Acc:0.737379, Semantic loss: 0.959115, BCE loss: 1.284998, SB loss: 0.712876
2025-03-18 22:26:28,685 Epoch: [15/20] Iter:[50/192], Time: 0.57, lr: [0.002736775360287257], Loss: 2.905588, Acc:0.737576, Semantic loss: 0.948073, BCE loss: 1.253277, SB loss: 0.704238
2025-03-18 22:26:32,569 Epoch: [15/20] Iter:[60/192], Time: 0.54, lr: [0.002709693418974644], Loss: 2.923659, Acc:0.738592, Semantic loss: 0.952944, BCE loss: 1.262994, SB loss: 0.707721
2025-03-18 22:26:36,418 Epoch: [15/20] Iter:[70/192], Time: 0.52, lr: [0.0026825813692418162], Loss: 2.899957, Acc:0.735492, Semantic loss: 0.947659, BCE loss: 1.250111, SB loss: 0.702186
2025-03-18 22:26:40,289 Epoch: [15/20] Iter:[80/192], Time: 0.50, lr: [0.0026554388387375], Loss: 2.909541, Acc:0.736386, Semantic loss: 0.948657, BCE loss: 1.256614, SB loss: 0.704270
2025-03-18 22:26:44,152 Epoch: [15/20] Iter:[90/192], Time: 0.49, lr: [0.002628265446219161], Loss: 2.907387, Acc:0.738492, Semantic loss: 0.946256, BCE loss: 1.259825, SB loss: 0.701305
2025-03-18 22:26:48,020 Epoch: [15/20] Iter:[100/192], Time: 0.48, lr: [0.002601060801235972], Loss: 2.904706, Acc:0.740417, Semantic loss: 0.943872, BCE loss: 1.262166, SB loss: 0.698669
2025-03-18 22:26:51,891 Epoch: [15/20] Iter:[110/192], Time: 0.47, lr: [0.002573824503796671], Loss: 2.912039, Acc:0.738733, Semantic loss: 0.941765, BCE loss: 1.273253, SB loss: 0.697021
2025-03-18 22:26:55,748 Epoch: [15/20] Iter:[120/192], Time: 0.47, lr: [0.00254655614402138], Loss: 2.922946, Acc:0.736178, Semantic loss: 0.943683, BCE loss: 1.283161, SB loss: 0.696102
2025-03-18 22:26:59,603 Epoch: [15/20] Iter:[130/192], Time: 0.46, lr: [0.0025192553017764118], Loss: 2.924738, Acc:0.735876, Semantic loss: 0.944381, BCE loss: 1.284036, SB loss: 0.696320
2025-03-18 22:27:03,445 Epoch: [15/20] Iter:[140/192], Time: 0.45, lr: [0.002491921546291034], Loss: 2.935696, Acc:0.733715, Semantic loss: 0.946780, BCE loss: 1.291840, SB loss: 0.697075
2025-03-18 22:27:07,319 Epoch: [15/20] Iter:[150/192], Time: 0.45, lr: [0.0024645544357550573], Loss: 2.939784, Acc:0.733566, Semantic loss: 0.948571, BCE loss: 1.292732, SB loss: 0.698480
2025-03-18 22:27:11,169 Epoch: [15/20] Iter:[160/192], Time: 0.45, lr: [0.002437153516896028], Loss: 2.932475, Acc:0.733726, Semantic loss: 0.948398, BCE loss: 1.285780, SB loss: 0.698296
2025-03-18 22:27:15,043 Epoch: [15/20] Iter:[170/192], Time: 0.44, lr: [0.0024097183245347467], Loss: 2.938609, Acc:0.735198, Semantic loss: 0.946736, BCE loss: 1.294437, SB loss: 0.697436
2025-03-18 22:27:18,906 Epoch: [15/20] Iter:[180/192], Time: 0.44, lr: [0.0023822483811177], Loss: 2.937235, Acc:0.736461, Semantic loss: 0.943821, BCE loss: 1.297648, SB loss: 0.695766
2025-03-18 22:27:22,756 Epoch: [15/20] Iter:[190/192], Time: 0.44, lr: [0.002354743196224891], Loss: 2.939422, Acc:0.736416, Semantic loss: 0.944581, BCE loss: 1.297426, SB loss: 0.697415
2025-03-18 22:28:55,255 0 [0.         0.569873   0.22622039 0.17109819 0.22983171 0.22951091
 0.08765485] 0.2163127191508722
2025-03-18 22:28:55,256 1 [0.         0.58812979 0.2532653  0.29417116 0.28544951 0.13199003
 0.03209523] 0.22644300225521768
2025-03-18 22:28:55,261 => saving checkpoint to output\loveda\pidnet_small_loveda\aug_gbcheckpoint.pth.tar
2025-03-18 22:28:55,338 Loss: 3.929, MeanIU:  0.2264, Best_mIoU:  0.2828
2025-03-18 22:28:55,338 [0.         0.58812979 0.2532653  0.29417116 0.28544951 0.13199003
 0.03209523]
2025-03-18 22:29:05,331 Epoch: [16/20] Iter:[0/192], Time: 9.80, lr: [0.0023492378861760376], Loss: 3.085502, Acc:0.793126, Semantic loss: 0.883123, BCE loss: 1.496829, SB loss: 0.705550
2025-03-18 22:29:09,215 Epoch: [16/20] Iter:[10/192], Time: 1.24, lr: [0.0023216897452738748], Loss: 2.940220, Acc:0.753303, Semantic loss: 0.941151, BCE loss: 1.299737, SB loss: 0.699332
2025-03-18 22:29:13,068 Epoch: [16/20] Iter:[20/192], Time: 0.84, lr: [0.0022941052360858027], Loss: 2.844788, Acc:0.751053, Semantic loss: 0.913175, BCE loss: 1.233338, SB loss: 0.698276
2025-03-18 22:29:16,929 Epoch: [16/20] Iter:[30/192], Time: 0.69, lr: [0.0022664838233947228], Loss: 2.884803, Acc:0.751550, Semantic loss: 0.926196, BCE loss: 1.260482, SB loss: 0.698125
2025-03-18 22:29:20,812 Epoch: [16/20] Iter:[40/192], Time: 0.62, lr: [0.0022388249567421017], Loss: 2.920533, Acc:0.745520, Semantic loss: 0.928964, BCE loss: 1.293864, SB loss: 0.697705
2025-03-18 22:29:24,686 Epoch: [16/20] Iter:[50/192], Time: 0.57, lr: [0.002211128069778427], Loss: 2.910239, Acc:0.745442, Semantic loss: 0.928194, BCE loss: 1.284522, SB loss: 0.697524
2025-03-18 22:29:28,552 Epoch: [16/20] Iter:[60/192], Time: 0.54, lr: [0.0021833925795765436], Loss: 2.935352, Acc:0.743999, Semantic loss: 0.931207, BCE loss: 1.305866, SB loss: 0.698279
2025-03-18 22:29:32,434 Epoch: [16/20] Iter:[70/192], Time: 0.52, lr: [0.0021556178859051967], Loss: 2.932780, Acc:0.743850, Semantic loss: 0.932550, BCE loss: 1.306609, SB loss: 0.693621
2025-03-18 22:29:36,300 Epoch: [16/20] Iter:[80/192], Time: 0.50, lr: [0.002127803370459852], Loss: 2.948027, Acc:0.740895, Semantic loss: 0.936266, BCE loss: 1.317194, SB loss: 0.694567
2025-03-18 22:29:40,148 Epoch: [16/20] Iter:[90/192], Time: 0.49, lr: [0.0020999483960476508], Loss: 2.917883, Acc:0.741126, Semantic loss: 0.926680, BCE loss: 1.300292, SB loss: 0.690911
2025-03-18 22:29:44,035 Epoch: [16/20] Iter:[100/192], Time: 0.48, lr: [0.0020720523057230294], Loss: 2.934330, Acc:0.744348, Semantic loss: 0.926088, BCE loss: 1.318066, SB loss: 0.690177
2025-03-18 22:29:47,946 Epoch: [16/20] Iter:[110/192], Time: 0.47, lr: [0.002044114421870228], Loss: 2.930523, Acc:0.744991, Semantic loss: 0.923652, BCE loss: 1.317281, SB loss: 0.689590
2025-03-18 22:29:51,811 Epoch: [16/20] Iter:[120/192], Time: 0.47, lr: [0.0020161340452285867], Loss: 2.924658, Acc:0.747303, Semantic loss: 0.921159, BCE loss: 1.313895, SB loss: 0.689604
2025-03-18 22:29:55,663 Epoch: [16/20] Iter:[130/192], Time: 0.46, lr: [0.001988110453856112], Loss: 2.915137, Acc:0.744124, Semantic loss: 0.923284, BCE loss: 1.301600, SB loss: 0.690252
2025-03-18 22:29:59,535 Epoch: [16/20] Iter:[140/192], Time: 0.45, lr: [0.0019600429020263607], Loss: 2.918838, Acc:0.742986, Semantic loss: 0.924280, BCE loss: 1.304024, SB loss: 0.690535
2025-03-18 22:30:03,412 Epoch: [16/20] Iter:[150/192], Time: 0.45, lr: [0.0019319306190532476], Loss: 2.919837, Acc:0.743333, Semantic loss: 0.923490, BCE loss: 1.306470, SB loss: 0.689877
2025-03-18 22:30:07,293 Epoch: [16/20] Iter:[160/192], Time: 0.45, lr: [0.0019037728080378042], Loss: 2.922366, Acc:0.741784, Semantic loss: 0.929606, BCE loss: 1.300585, SB loss: 0.692176
2025-03-18 22:30:11,156 Epoch: [16/20] Iter:[170/192], Time: 0.44, lr: [0.0018755686445303314], Loss: 2.909263, Acc:0.742942, Semantic loss: 0.927017, BCE loss: 1.290927, SB loss: 0.691319
2025-03-18 22:30:15,029 Epoch: [16/20] Iter:[180/192], Time: 0.44, lr: [0.001847317275100738], Loss: 2.914726, Acc:0.742432, Semantic loss: 0.930500, BCE loss: 1.292925, SB loss: 0.691301
2025-03-18 22:30:18,886 Epoch: [16/20] Iter:[190/192], Time: 0.44, lr: [0.0018190178158090872], Loss: 2.918664, Acc:0.742605, Semantic loss: 0.934107, BCE loss: 1.292752, SB loss: 0.691805
2025-03-18 22:31:51,537 0 [0.         0.56784014 0.21365733 0.18962358 0.25818298 0.25360141
 0.0906732 ] 0.22479694952738746
2025-03-18 22:31:51,537 1 [0.         0.57928714 0.2988611  0.30700962 0.34787945 0.25869625
 0.02186784] 0.259085914437865
2025-03-18 22:31:51,543 => saving checkpoint to output\loveda\pidnet_small_loveda\aug_gbcheckpoint.pth.tar
2025-03-18 22:31:51,622 Loss: 3.791, MeanIU:  0.2591, Best_mIoU:  0.2828
2025-03-18 22:31:51,622 [0.         0.57928714 0.2988611  0.30700962 0.34787945 0.25869625
 0.02186784]
2025-03-18 22:32:01,874 Epoch: [17/20] Iter:[0/192], Time: 10.06, lr: [0.0018133520731367456], Loss: 2.956836, Acc:0.756756, Semantic loss: 0.846907, BCE loss: 1.459885, SB loss: 0.650043
2025-03-18 22:32:05,739 Epoch: [17/20] Iter:[10/192], Time: 1.27, lr: [0.001784993693823396], Loss: 2.895372, Acc:0.734109, Semantic loss: 0.872896, BCE loss: 1.332643, SB loss: 0.689834
2025-03-18 22:32:09,632 Epoch: [17/20] Iter:[20/192], Time: 0.85, lr: [0.0017565851643374117], Loss: 2.880915, Acc:0.744746, Semantic loss: 0.878658, BCE loss: 1.321225, SB loss: 0.681031
2025-03-18 22:32:13,508 Epoch: [17/20] Iter:[30/192], Time: 0.70, lr: [0.0017281254915000803], Loss: 2.907680, Acc:0.742591, Semantic loss: 0.906621, BCE loss: 1.312671, SB loss: 0.688388
2025-03-18 22:32:17,387 Epoch: [17/20] Iter:[40/192], Time: 0.62, lr: [0.0016996136438923032], Loss: 2.899446, Acc:0.740500, Semantic loss: 0.914314, BCE loss: 1.297089, SB loss: 0.688043
2025-03-18 22:32:21,247 Epoch: [17/20] Iter:[50/192], Time: 0.58, lr: [0.0016710485496403851], Loss: 2.899333, Acc:0.739742, Semantic loss: 0.922353, BCE loss: 1.290866, SB loss: 0.686115
2025-03-18 22:32:25,119 Epoch: [17/20] Iter:[60/192], Time: 0.55, lr: [0.0016424290940290059], Loss: 2.886163, Acc:0.745560, Semantic loss: 0.917625, BCE loss: 1.286681, SB loss: 0.681857
2025-03-18 22:32:28,989 Epoch: [17/20] Iter:[70/192], Time: 0.52, lr: [0.0016137541169242962], Loss: 2.855535, Acc:0.745408, Semantic loss: 0.915618, BCE loss: 1.259697, SB loss: 0.680220
2025-03-18 22:32:32,877 Epoch: [17/20] Iter:[80/192], Time: 0.51, lr: [0.0015850224099878446], Loss: 2.870127, Acc:0.748841, Semantic loss: 0.914555, BCE loss: 1.274570, SB loss: 0.681002
2025-03-18 22:32:36,807 Epoch: [17/20] Iter:[90/192], Time: 0.49, lr: [0.001556232713660091], Loss: 2.868881, Acc:0.747569, Semantic loss: 0.915038, BCE loss: 1.275225, SB loss: 0.678618
2025-03-18 22:32:40,723 Epoch: [17/20] Iter:[100/192], Time: 0.48, lr: [0.0015273837138888994], Loss: 2.872997, Acc:0.749919, Semantic loss: 0.912848, BCE loss: 1.282793, SB loss: 0.677357
2025-03-18 22:32:44,899 Epoch: [17/20] Iter:[110/192], Time: 0.48, lr: [0.0014984740385759552], Loss: 2.887243, Acc:0.747713, Semantic loss: 0.916514, BCE loss: 1.291775, SB loss: 0.678954
2025-03-18 22:32:49,138 Epoch: [17/20] Iter:[120/192], Time: 0.47, lr: [0.0014695022537100475], Loss: 2.891913, Acc:0.744846, Semantic loss: 0.919783, BCE loss: 1.290432, SB loss: 0.681698
2025-03-18 22:32:53,344 Epoch: [17/20] Iter:[130/192], Time: 0.47, lr: [0.0014404668591521846], Loss: 2.889248, Acc:0.744691, Semantic loss: 0.922382, BCE loss: 1.284365, SB loss: 0.682501
2025-03-18 22:32:57,534 Epoch: [17/20] Iter:[140/192], Time: 0.47, lr: [0.0014113662840326588], Loss: 2.889422, Acc:0.747223, Semantic loss: 0.922021, BCE loss: 1.282586, SB loss: 0.684815
2025-03-18 22:33:01,718 Epoch: [17/20] Iter:[150/192], Time: 0.46, lr: [0.0013821988817145786], Loss: 2.888739, Acc:0.748678, Semantic loss: 0.920047, BCE loss: 1.285118, SB loss: 0.683575
2025-03-18 22:33:05,884 Epoch: [17/20] Iter:[160/192], Time: 0.46, lr: [0.0013529629242719093], Loss: 2.888017, Acc:0.749834, Semantic loss: 0.919292, BCE loss: 1.285430, SB loss: 0.683295
2025-03-18 22:33:10,054 Epoch: [17/20] Iter:[170/192], Time: 0.46, lr: [0.0013236565964223801], Loss: 2.893010, Acc:0.749916, Semantic loss: 0.920670, BCE loss: 1.288913, SB loss: 0.683427
2025-03-18 22:33:14,228 Epoch: [17/20] Iter:[180/192], Time: 0.46, lr: [0.0012942779888466518], Loss: 2.892856, Acc:0.750143, Semantic loss: 0.920552, BCE loss: 1.289596, SB loss: 0.682708
2025-03-18 22:33:18,370 Epoch: [17/20] Iter:[190/192], Time: 0.45, lr: [0.0012648250908145803], Loss: 2.890752, Acc:0.749287, Semantic loss: 0.921206, BCE loss: 1.286843, SB loss: 0.682703
2025-03-18 22:35:18,969 0 [0.         0.54662816 0.2260904  0.17341267 0.2200224  0.27148537
 0.1068436 ] 0.22064037103057318
2025-03-18 22:35:18,970 1 [0.         0.62451403 0.31908073 0.32436434 0.31344799 0.24635859
 0.06834153] 0.27087245741913024
2025-03-18 22:35:18,977 => saving checkpoint to output\loveda\pidnet_small_loveda\aug_gbcheckpoint.pth.tar
2025-03-18 22:35:19,109 Loss: 3.719, MeanIU:  0.2709, Best_mIoU:  0.2828
2025-03-18 22:35:19,110 [0.         0.62451403 0.31908073 0.32436434 0.31344799 0.24635859
 0.06834153]
2025-03-18 22:35:29,986 Epoch: [18/20] Iter:[0/192], Time: 10.70, lr: [0.001258925411794167], Loss: 2.682989, Acc:0.689713, Semantic loss: 0.818181, BCE loss: 1.226398, SB loss: 0.638410
2025-03-18 22:35:34,140 Epoch: [18/20] Iter:[10/192], Time: 1.35, lr: [0.0012293805561511607], Loss: 2.936031, Acc:0.753584, Semantic loss: 0.928211, BCE loss: 1.327307, SB loss: 0.680513
2025-03-18 22:35:38,468 Epoch: [18/20] Iter:[20/192], Time: 0.91, lr: [0.0011997565879500753], Loss: 2.922590, Acc:0.751933, Semantic loss: 0.936096, BCE loss: 1.290914, SB loss: 0.695581
2025-03-18 22:35:42,728 Epoch: [18/20] Iter:[30/192], Time: 0.76, lr: [0.0011700511125444005], Loss: 2.914257, Acc:0.755212, Semantic loss: 0.940780, BCE loss: 1.277335, SB loss: 0.696141
2025-03-18 22:35:47,041 Epoch: [18/20] Iter:[40/192], Time: 0.68, lr: [0.0011402615929770753], Loss: 2.889111, Acc:0.753431, Semantic loss: 0.920508, BCE loss: 1.282709, SB loss: 0.685894
2025-03-18 22:35:51,310 Epoch: [18/20] Iter:[50/192], Time: 0.63, lr: [0.0011103853371305413], Loss: 2.854674, Acc:0.755578, Semantic loss: 0.908414, BCE loss: 1.268193, SB loss: 0.678067
2025-03-18 22:35:55,692 Epoch: [18/20] Iter:[60/192], Time: 0.60, lr: [0.001080419483295973], Loss: 2.833425, Acc:0.758609, Semantic loss: 0.905524, BCE loss: 1.254563, SB loss: 0.673339
2025-03-18 22:36:00,012 Epoch: [18/20] Iter:[70/192], Time: 0.57, lr: [0.0010503609839122385], Loss: 2.859288, Acc:0.758306, Semantic loss: 0.908955, BCE loss: 1.277771, SB loss: 0.672561
2025-03-18 22:36:04,338 Epoch: [18/20] Iter:[80/192], Time: 0.56, lr: [0.0010202065871765603], Loss: 2.867644, Acc:0.753824, Semantic loss: 0.913189, BCE loss: 1.280856, SB loss: 0.673599
2025-03-18 22:36:08,630 Epoch: [18/20] Iter:[90/192], Time: 0.54, lr: [0.000989952816168914], Loss: 2.871267, Acc:0.755603, Semantic loss: 0.912781, BCE loss: 1.285023, SB loss: 0.673463
2025-03-18 22:36:12,995 Epoch: [18/20] Iter:[100/192], Time: 0.53, lr: [0.0009595959450576828], Loss: 2.865185, Acc:0.756693, Semantic loss: 0.909455, BCE loss: 1.283858, SB loss: 0.671872
2025-03-18 22:36:17,237 Epoch: [18/20] Iter:[110/192], Time: 0.52, lr: [0.000929131971860904], Loss: 2.849706, Acc:0.755281, Semantic loss: 0.909003, BCE loss: 1.268083, SB loss: 0.672620
2025-03-18 22:36:21,510 Epoch: [18/20] Iter:[120/192], Time: 0.51, lr: [0.0008985565871200918], Loss: 2.848289, Acc:0.756456, Semantic loss: 0.905757, BCE loss: 1.270845, SB loss: 0.671687
2025-03-18 22:36:25,777 Epoch: [18/20] Iter:[130/192], Time: 0.51, lr: [0.0008678651376944955], Loss: 2.858516, Acc:0.758286, Semantic loss: 0.905080, BCE loss: 1.280905, SB loss: 0.672531
2025-03-18 22:36:30,120 Epoch: [18/20] Iter:[140/192], Time: 0.50, lr: [0.000837052584692747], Loss: 2.870134, Acc:0.757400, Semantic loss: 0.907063, BCE loss: 1.289577, SB loss: 0.673495
2025-03-18 22:36:34,423 Epoch: [18/20] Iter:[150/192], Time: 0.50, lr: [0.000806113454312208], Loss: 2.866195, Acc:0.757313, Semantic loss: 0.908762, BCE loss: 1.283590, SB loss: 0.673843
2025-03-18 22:36:38,787 Epoch: [18/20] Iter:[160/192], Time: 0.49, lr: [0.0007750417800344363], Loss: 2.856963, Acc:0.757619, Semantic loss: 0.905015, BCE loss: 1.278795, SB loss: 0.673152
2025-03-18 22:36:43,088 Epoch: [18/20] Iter:[170/192], Time: 0.49, lr: [0.0007438310342008949], Loss: 2.860609, Acc:0.756179, Semantic loss: 0.908833, BCE loss: 1.277499, SB loss: 0.674277
2025-03-18 22:36:47,432 Epoch: [18/20] Iter:[180/192], Time: 0.49, lr: [0.0007124740464272778], Loss: 2.861338, Acc:0.756055, Semantic loss: 0.908775, BCE loss: 1.278468, SB loss: 0.674096
2025-03-18 22:36:51,711 Epoch: [18/20] Iter:[190/192], Time: 0.48, lr: [0.0006809629055511224], Loss: 2.864968, Acc:0.756103, Semantic loss: 0.909159, BCE loss: 1.281376, SB loss: 0.674433
2025-03-18 22:38:52,469 0 [0.         0.54478788 0.21545171 0.15908244 0.21932549 0.22597701
 0.10935566] 0.2105685998062696
2025-03-18 22:38:52,470 1 [0.         0.51505355 0.32547637 0.30866341 0.32615792 0.20371744
 0.10146289] 0.25436165321886645
2025-03-18 22:38:52,482 => saving checkpoint to output\loveda\pidnet_small_loveda\aug_gbcheckpoint.pth.tar
2025-03-18 22:38:52,622 Loss: 3.787, MeanIU:  0.2544, Best_mIoU:  0.2828
2025-03-18 22:38:52,623 [0.         0.51505355 0.32547637 0.30866341 0.32615792 0.20371744
 0.10146289]
2025-03-18 22:39:03,524 Epoch: [19/20] Iter:[0/192], Time: 10.72, lr: [0.0006746414238367822], Loss: 3.073230, Acc:0.731888, Semantic loss: 0.959969, BCE loss: 1.347837, SB loss: 0.765423
2025-03-18 22:39:07,662 Epoch: [19/20] Iter:[10/192], Time: 1.35, lr: [0.0006429336362339898], Loss: 2.871390, Acc:0.738395, Semantic loss: 0.927189, BCE loss: 1.255531, SB loss: 0.688670
2025-03-18 22:39:11,849 Epoch: [19/20] Iter:[20/192], Time: 0.91, lr: [0.0006110510578510947], Loss: 2.829178, Acc:0.734012, Semantic loss: 0.926780, BCE loss: 1.214055, SB loss: 0.688342
2025-03-18 22:39:16,150 Epoch: [19/20] Iter:[30/192], Time: 0.75, lr: [0.0005789824653018995], Loss: 2.826500, Acc:0.746444, Semantic loss: 0.929210, BCE loss: 1.213819, SB loss: 0.683471
2025-03-18 22:39:20,465 Epoch: [19/20] Iter:[40/192], Time: 0.67, lr: [0.0005467151732202777], Loss: 2.876528, Acc:0.745787, Semantic loss: 0.935504, BCE loss: 1.254948, SB loss: 0.686075
2025-03-18 22:39:24,786 Epoch: [19/20] Iter:[50/192], Time: 0.63, lr: [0.0005142347343351296], Loss: 2.884559, Acc:0.749436, Semantic loss: 0.934983, BCE loss: 1.260638, SB loss: 0.688937
2025-03-18 22:39:29,107 Epoch: [19/20] Iter:[60/192], Time: 0.60, lr: [0.0004815245523312483], Loss: 2.854993, Acc:0.753162, Semantic loss: 0.921493, BCE loss: 1.250476, SB loss: 0.683024
2025-03-18 22:39:33,392 Epoch: [19/20] Iter:[70/192], Time: 0.57, lr: [0.000448565373510549], Loss: 2.843636, Acc:0.755901, Semantic loss: 0.916373, BCE loss: 1.246761, SB loss: 0.680502
2025-03-18 22:39:37,749 Epoch: [19/20] Iter:[80/192], Time: 0.55, lr: [0.00041533460609889997], Loss: 2.856492, Acc:0.755904, Semantic loss: 0.915936, BCE loss: 1.262885, SB loss: 0.677672
2025-03-18 22:39:42,038 Epoch: [19/20] Iter:[90/192], Time: 0.54, lr: [0.00038180538785330436], Loss: 2.857064, Acc:0.755524, Semantic loss: 0.918635, BCE loss: 1.258997, SB loss: 0.679432
2025-03-18 22:39:46,400 Epoch: [19/20] Iter:[100/192], Time: 0.53, lr: [0.00034794527452517863], Loss: 2.838829, Acc:0.755939, Semantic loss: 0.911192, BCE loss: 1.252796, SB loss: 0.674841
2025-03-18 22:39:50,648 Epoch: [19/20] Iter:[110/192], Time: 0.52, lr: [0.00031371433588231993], Loss: 2.830386, Acc:0.758271, Semantic loss: 0.908515, BCE loss: 1.248129, SB loss: 0.673741
2025-03-18 22:39:55,043 Epoch: [19/20] Iter:[120/192], Time: 0.51, lr: [0.0002790622842837163], Loss: 2.831394, Acc:0.760958, Semantic loss: 0.906297, BCE loss: 1.253037, SB loss: 0.672061
2025-03-18 22:39:59,311 Epoch: [19/20] Iter:[130/192], Time: 0.51, lr: [0.0002439239356353784], Loss: 2.830285, Acc:0.761685, Semantic loss: 0.903714, BCE loss: 1.255534, SB loss: 0.671037
2025-03-18 22:40:03,654 Epoch: [19/20] Iter:[140/192], Time: 0.50, lr: [0.00020821159321002047], Loss: 2.837847, Acc:0.761358, Semantic loss: 0.903624, BCE loss: 1.263260, SB loss: 0.670963
2025-03-18 22:40:07,960 Epoch: [19/20] Iter:[150/192], Time: 0.50, lr: [0.00017180122628828942], Loss: 2.847879, Acc:0.761570, Semantic loss: 0.902868, BCE loss: 1.274376, SB loss: 0.670636
2025-03-18 22:40:12,285 Epoch: [19/20] Iter:[160/192], Time: 0.49, lr: [0.00013450451987183818], Loss: 2.844622, Acc:0.762240, Semantic loss: 0.900256, BCE loss: 1.275368, SB loss: 0.668998
2025-03-18 22:40:16,561 Epoch: [19/20] Iter:[170/192], Time: 0.49, lr: [9.600244875192536e-05], Loss: 2.847859, Acc:0.761986, Semantic loss: 0.899368, BCE loss: 1.279550, SB loss: 0.668941
2025-03-18 22:40:20,919 Epoch: [19/20] Iter:[180/192], Time: 0.49, lr: [5.563716848048335e-05], Loss: 2.852995, Acc:0.762764, Semantic loss: 0.900590, BCE loss: 1.283048, SB loss: 0.669357
2025-03-18 22:40:25,185 Epoch: [19/20] Iter:[190/192], Time: 0.48, lr: [1.1092486125349496e-05], Loss: 2.842284, Acc:0.762216, Semantic loss: 0.898116, BCE loss: 1.275676, SB loss: 0.668492
2025-03-18 22:42:03,571 0 [0.         0.53403233 0.22481103 0.17562851 0.21416088 0.2504988
 0.11437563] 0.21621531055681636
2025-03-18 22:42:03,572 1 [0.         0.54007029 0.29409305 0.32145269 0.32718238 0.15040695
 0.09070181] 0.24627245219054575
2025-03-18 22:42:03,577 => saving checkpoint to output\loveda\pidnet_small_loveda\aug_gbcheckpoint.pth.tar
2025-03-18 22:42:03,658 Loss: 3.849, MeanIU:  0.2463, Best_mIoU:  0.2828
2025-03-18 22:42:03,658 [0.         0.54007029 0.29409305 0.32145269 0.32718238 0.15040695
 0.09070181]
2025-03-18 22:42:03,702 Hours: 1
2025-03-18 22:42:03,703 Done
