2025-03-27 11:17:23,526 Namespace(cfg='configs/loveda/pidnet_small_loveda.yaml', seed=304, opts=[])
2025-03-27 11:17:23,526 AUTO_RESUME: False
CUDNN:
  BENCHMARK: True
  DETERMINISTIC: False
  ENABLED: True
DATASET:
  DATASET: loveda
  EXTRA_TRAIN_SET: 
  NUM_CLASSES: 7
  ROOT: data/
  TARGET_SET: 
  TEST_SET: list/loveda/urban_rural/val.lst
  TRAIN_SET: list/loveda/urban_rural/train.lst
GPUS: (0,)
LOG_DIR: log
LOSS:
  BALANCE_WEIGHTS: [0.4, 1.0]
  CLASS_BALANCE: False
  OHEMKEEP: 131072
  OHEMTHRES: 0.9
  SB_WEIGHTS: 1.0
  USE_OHEM: True
MODEL:
  ALIGN_CORNERS: True
  NAME: pidnet_small
  NUM_OUTPUTS: 2
  PRETRAINED: pretrained_models/imagenet/PIDNet_S_ImageNet.pth.tar
OUTPUT_DIR: output
PIN_MEMORY: True
PRINT_FREQ: 10
TEST:
  BASE_SIZE: 2048
  BATCH_SIZE_PER_GPU: 6
  FLIP_TEST: False
  IMAGE_SIZE: [2048, 1024]
  MODEL_FILE: output/loveda/pidnet_small_loveda/final_state.pt
  MULTI_SCALE: False
  OUTPUT_INDEX: 1
TRAIN:
  AUGMENTATION:
    ENABLE: True
    PROBABILITY: 0.5
    TECHNIQUES:
      GAUSSIAN_BLUR: True
      HORIZONTAL_FLIP: True
      MULTIPLY: False
      RANDOM_BRIGHTNESS: False
  BASE_SIZE: 2048
  BATCH_SIZE_PER_GPU: 6
  BEGIN_EPOCH: 0
  DACS:
    ENABLE: False
    THRESHOLD: 0.968
  END_EPOCH: 20
  EXTRA_EPOCH: 0
  EXTRA_LR: 0.001
  FLIP: False
  IGNORE_LABEL: 0
  IMAGE_SIZE: [1024, 1024]
  LR: 0.01
  MOMENTUM: 0.9
  MULTI_SCALE: False
  NESTEROV: False
  OPTIMIZER: sgd
  RESUME: True
  SCALE_FACTOR: 16
  SHUFFLE: True
  WD: 0.0005
WORKERS: 4
2025-03-27 11:17:23,611 Attention!!!
2025-03-27 11:17:23,611 Loaded 302 parameters!
2025-03-27 11:17:23,611 Over!!!
2025-03-27 11:17:37,088 Epoch: [0/20] Iter:[0/192], Time: 13.38, lr: [0.01], Loss: 16.455826, Acc:0.121748, Semantic loss: 7.088984, BCE loss: 3.784194, SB loss: 5.582647
2025-03-27 11:17:41,086 Epoch: [0/20] Iter:[10/192], Time: 1.56, lr: [0.009976559445324192], Loss: 11.918307, Acc:0.294608, Semantic loss: 5.394398, BCE loss: 2.629262, SB loss: 3.894647
2025-03-27 11:17:44,999 Epoch: [0/20] Iter:[20/192], Time: 1.00, lr: [0.009953112769592761], Loss: 9.313075, Acc:0.352317, Semantic loss: 4.240413, BCE loss: 2.277197, SB loss: 2.795466
2025-03-27 11:17:48,892 Epoch: [0/20] Iter:[30/192], Time: 0.81, lr: [0.009929659955177281], Loss: 8.197088, Acc:0.393421, Semantic loss: 3.671196, BCE loss: 2.135434, SB loss: 2.390457
2025-03-27 11:17:52,782 Epoch: [0/20] Iter:[40/192], Time: 0.70, lr: [0.009906200984352154], Loss: 7.380196, Acc:0.401158, Semantic loss: 3.281014, BCE loss: 2.006688, SB loss: 2.092494
2025-03-27 11:17:56,659 Epoch: [0/20] Iter:[50/192], Time: 0.64, lr: [0.009882735839293803], Loss: 6.841642, Acc:0.423159, Semantic loss: 3.026706, BCE loss: 1.920214, SB loss: 1.894722
2025-03-27 11:18:00,520 Epoch: [0/20] Iter:[60/192], Time: 0.60, lr: [0.00985926450207989], Loss: 6.489788, Acc:0.427641, Semantic loss: 2.853914, BCE loss: 1.858925, SB loss: 1.776950
2025-03-27 11:18:04,388 Epoch: [0/20] Iter:[70/192], Time: 0.57, lr: [0.009835786954688485], Loss: 6.214033, Acc:0.427718, Semantic loss: 2.718189, BCE loss: 1.814545, SB loss: 1.681299
2025-03-27 11:18:08,245 Epoch: [0/20] Iter:[80/192], Time: 0.55, lr: [0.00981230317899726], Loss: 5.998910, Acc:0.433576, Semantic loss: 2.606714, BCE loss: 1.779877, SB loss: 1.612319
2025-03-27 11:18:12,128 Epoch: [0/20] Iter:[90/192], Time: 0.53, lr: [0.009788813156782662], Loss: 5.850085, Acc:0.436434, Semantic loss: 2.527477, BCE loss: 1.763791, SB loss: 1.558816
2025-03-27 11:18:15,986 Epoch: [0/20] Iter:[100/192], Time: 0.52, lr: [0.009765316869719067], Loss: 5.712146, Acc:0.437267, Semantic loss: 2.460376, BCE loss: 1.739863, SB loss: 1.511907
2025-03-27 11:18:19,848 Epoch: [0/20] Iter:[110/192], Time: 0.50, lr: [0.009741814299377942], Loss: 5.590914, Acc:0.437283, Semantic loss: 2.399685, BCE loss: 1.713088, SB loss: 1.478141
2025-03-27 11:18:23,731 Epoch: [0/20] Iter:[120/192], Time: 0.49, lr: [0.009718305427226986], Loss: 5.476316, Acc:0.443817, Semantic loss: 2.335735, BCE loss: 1.703384, SB loss: 1.437197
2025-03-27 11:18:27,600 Epoch: [0/20] Iter:[130/192], Time: 0.49, lr: [0.009694790234629266], Loss: 5.385719, Acc:0.449594, Semantic loss: 2.281982, BCE loss: 1.692783, SB loss: 1.410954
2025-03-27 11:18:31,471 Epoch: [0/20] Iter:[140/192], Time: 0.48, lr: [0.009671268702842338], Loss: 5.314149, Acc:0.451736, Semantic loss: 2.249234, BCE loss: 1.673915, SB loss: 1.391000
2025-03-27 11:18:35,325 Epoch: [0/20] Iter:[150/192], Time: 0.47, lr: [0.009647740813017376], Loss: 5.241973, Acc:0.452300, Semantic loss: 2.217133, BCE loss: 1.659261, SB loss: 1.365579
2025-03-27 11:18:39,194 Epoch: [0/20] Iter:[160/192], Time: 0.47, lr: [0.009624206546198262], Loss: 5.184874, Acc:0.457098, Semantic loss: 2.180106, BCE loss: 1.660751, SB loss: 1.344016
2025-03-27 11:18:43,062 Epoch: [0/20] Iter:[170/192], Time: 0.46, lr: [0.009600665883320689], Loss: 5.128776, Acc:0.460847, Semantic loss: 2.143385, BCE loss: 1.657709, SB loss: 1.327683
2025-03-27 11:18:46,942 Epoch: [0/20] Iter:[180/192], Time: 0.46, lr: [0.009577118805211254], Loss: 5.079785, Acc:0.463635, Semantic loss: 2.120057, BCE loss: 1.652323, SB loss: 1.307405
2025-03-27 11:18:50,760 Epoch: [0/20] Iter:[190/192], Time: 0.45, lr: [0.009553565292586523], Loss: 5.022980, Acc:0.466984, Semantic loss: 2.090545, BCE loss: 1.645906, SB loss: 1.286529
2025-03-27 11:20:24,143 0 [0.         0.53166523 0.12593449 0.00530913 0.06272912 0.00810392
 0.01935201] 0.10758484131739696
2025-03-27 11:20:24,144 1 [0.         0.57480632 0.18872654 0.00282717 0.00327032 0.00386178
 0.01322413] 0.11238803688681008
2025-03-27 11:20:24,149 => saving checkpoint to output\loveda\pidnet_small_loveda\aug_hf_gbcheckpoint.pth.tar
2025-03-27 11:20:24,263 Loss: 4.422, MeanIU:  0.1124, Best_mIoU:  0.1124
2025-03-27 11:20:24,264 [0.         0.57480632 0.18872654 0.00282717 0.00327032 0.00386178
 0.01322413]
2025-03-27 11:20:34,463 Epoch: [1/20] Iter:[0/192], Time: 10.01, lr: [0.009548853816214998], Loss: 4.061354, Acc:0.420423, Semantic loss: 1.775089, BCE loss: 1.430542, SB loss: 0.855724
2025-03-27 11:20:38,323 Epoch: [1/20] Iter:[10/192], Time: 1.26, lr: [0.009525292556561479], Loss: 4.119546, Acc:0.497708, Semantic loss: 1.650294, BCE loss: 1.472625, SB loss: 0.996627
2025-03-27 11:20:42,194 Epoch: [1/20] Iter:[20/192], Time: 0.84, lr: [0.00950172481957719], Loss: 4.112357, Acc:0.499853, Semantic loss: 1.641265, BCE loss: 1.494083, SB loss: 0.977010
2025-03-27 11:20:46,056 Epoch: [1/20] Iter:[30/192], Time: 0.70, lr: [0.009478150585620286], Loss: 4.121558, Acc:0.499517, Semantic loss: 1.645591, BCE loss: 1.464274, SB loss: 1.011693
2025-03-27 11:20:49,927 Epoch: [1/20] Iter:[40/192], Time: 0.62, lr: [0.009454569834934885], Loss: 4.157784, Acc:0.496133, Semantic loss: 1.649152, BCE loss: 1.482921, SB loss: 1.025710
2025-03-27 11:20:53,796 Epoch: [1/20] Iter:[50/192], Time: 0.58, lr: [0.009430982547650114], Loss: 4.180406, Acc:0.497707, Semantic loss: 1.638111, BCE loss: 1.514000, SB loss: 1.028294
2025-03-27 11:20:57,665 Epoch: [1/20] Iter:[60/192], Time: 0.54, lr: [0.009407388703779091], Loss: 4.184444, Acc:0.499851, Semantic loss: 1.629480, BCE loss: 1.525623, SB loss: 1.029341
2025-03-27 11:21:01,539 Epoch: [1/20] Iter:[70/192], Time: 0.52, lr: [0.009383788283217955], Loss: 4.152214, Acc:0.505376, Semantic loss: 1.602179, BCE loss: 1.529972, SB loss: 1.020063
2025-03-27 11:21:05,375 Epoch: [1/20] Iter:[80/192], Time: 0.51, lr: [0.00936018126574482], Loss: 4.170901, Acc:0.499365, Semantic loss: 1.622760, BCE loss: 1.520272, SB loss: 1.027869
2025-03-27 11:21:09,258 Epoch: [1/20] Iter:[90/192], Time: 0.49, lr: [0.009336567631018769], Loss: 4.173445, Acc:0.501318, Semantic loss: 1.615876, BCE loss: 1.535197, SB loss: 1.022372
2025-03-27 11:21:13,147 Epoch: [1/20] Iter:[100/192], Time: 0.48, lr: [0.009312947358578814], Loss: 4.172294, Acc:0.505613, Semantic loss: 1.604216, BCE loss: 1.547479, SB loss: 1.020598
2025-03-27 11:21:17,001 Epoch: [1/20] Iter:[110/192], Time: 0.47, lr: [0.009289320427842841], Loss: 4.136054, Acc:0.508603, Semantic loss: 1.595213, BCE loss: 1.529155, SB loss: 1.011686
2025-03-27 11:21:20,877 Epoch: [1/20] Iter:[120/192], Time: 0.47, lr: [0.009265686818106552], Loss: 4.107223, Acc:0.510016, Semantic loss: 1.585855, BCE loss: 1.518173, SB loss: 1.003195
2025-03-27 11:21:24,751 Epoch: [1/20] Iter:[130/192], Time: 0.46, lr: [0.009242046508542393], Loss: 4.097299, Acc:0.513733, Semantic loss: 1.577706, BCE loss: 1.520830, SB loss: 0.998764
2025-03-27 11:21:28,610 Epoch: [1/20] Iter:[140/192], Time: 0.45, lr: [0.009218399478198466], Loss: 4.081825, Acc:0.513767, Semantic loss: 1.571279, BCE loss: 1.513765, SB loss: 0.996780
2025-03-27 11:21:32,488 Epoch: [1/20] Iter:[150/192], Time: 0.45, lr: [0.009194745705997428], Loss: 4.070252, Acc:0.512788, Semantic loss: 1.569994, BCE loss: 1.506226, SB loss: 0.994032
2025-03-27 11:21:36,330 Epoch: [1/20] Iter:[160/192], Time: 0.45, lr: [0.00917108517073538], Loss: 4.061989, Acc:0.513517, Semantic loss: 1.563860, BCE loss: 1.506219, SB loss: 0.991910
2025-03-27 11:21:40,191 Epoch: [1/20] Iter:[170/192], Time: 0.44, lr: [0.00914741785108075], Loss: 4.057168, Acc:0.515525, Semantic loss: 1.558071, BCE loss: 1.505728, SB loss: 0.993369
2025-03-27 11:21:44,054 Epoch: [1/20] Iter:[180/192], Time: 0.44, lr: [0.00912374372557314], Loss: 4.042497, Acc:0.516496, Semantic loss: 1.552010, BCE loss: 1.502299, SB loss: 0.988188
2025-03-27 11:21:47,916 Epoch: [1/20] Iter:[190/192], Time: 0.44, lr: [0.009100062772622186], Loss: 4.039900, Acc:0.517025, Semantic loss: 1.549420, BCE loss: 1.501622, SB loss: 0.988858
2025-03-27 11:23:20,383 0 [0.         0.51071517 0.10866445 0.02816    0.20860615 0.06859501
 0.04712801] 0.1388383976718089
2025-03-27 11:23:20,383 1 [0.         0.44925474 0.11961311 0.07184005 0.15221696 0.07295709
 0.03040734] 0.12804132832445708
2025-03-27 11:23:20,389 => saving checkpoint to output\loveda\pidnet_small_loveda\aug_hf_gbcheckpoint.pth.tar
2025-03-27 11:23:20,513 Loss: 4.465, MeanIU:  0.1280, Best_mIoU:  0.1280
2025-03-27 11:23:20,513 [0.         0.44925474 0.11961311 0.07184005 0.15221696 0.07295709
 0.03040734]
2025-03-27 11:23:30,737 Epoch: [2/20] Iter:[0/192], Time: 10.03, lr: [0.009095325760829623], Loss: 3.675345, Acc:0.509708, Semantic loss: 1.624572, BCE loss: 1.040580, SB loss: 1.010193
2025-03-27 11:23:34,591 Epoch: [2/20] Iter:[10/192], Time: 1.26, lr: [0.009071636586262652], Loss: 3.912836, Acc:0.535019, Semantic loss: 1.475643, BCE loss: 1.515929, SB loss: 0.921264
2025-03-27 11:23:38,460 Epoch: [2/20] Iter:[20/192], Time: 0.85, lr: [0.009047940536290279], Loss: 3.877884, Acc:0.539834, Semantic loss: 1.441042, BCE loss: 1.497158, SB loss: 0.939684
2025-03-27 11:23:42,324 Epoch: [2/20] Iter:[30/192], Time: 0.70, lr: [0.009024237588898336], Loss: 3.825860, Acc:0.550766, Semantic loss: 1.435183, BCE loss: 1.437914, SB loss: 0.952763
2025-03-27 11:23:46,172 Epoch: [2/20] Iter:[40/192], Time: 0.62, lr: [0.009000527721937697], Loss: 3.837675, Acc:0.538855, Semantic loss: 1.443436, BCE loss: 1.426668, SB loss: 0.967570
2025-03-27 11:23:50,030 Epoch: [2/20] Iter:[50/192], Time: 0.58, lr: [0.008976810913123051], Loss: 3.845973, Acc:0.535853, Semantic loss: 1.440357, BCE loss: 1.436662, SB loss: 0.968955
2025-03-27 11:23:53,882 Epoch: [2/20] Iter:[60/192], Time: 0.54, lr: [0.008953087140031669], Loss: 3.859081, Acc:0.530329, Semantic loss: 1.454851, BCE loss: 1.422685, SB loss: 0.981545
2025-03-27 11:23:57,734 Epoch: [2/20] Iter:[70/192], Time: 0.52, lr: [0.008929356380102142], Loss: 3.857136, Acc:0.532562, Semantic loss: 1.452223, BCE loss: 1.428192, SB loss: 0.976721
2025-03-27 11:24:01,611 Epoch: [2/20] Iter:[80/192], Time: 0.51, lr: [0.008905618610633112], Loss: 3.864689, Acc:0.537720, Semantic loss: 1.443493, BCE loss: 1.449564, SB loss: 0.971632
2025-03-27 11:24:05,490 Epoch: [2/20] Iter:[90/192], Time: 0.49, lr: [0.008881873808781991], Loss: 3.859932, Acc:0.542549, Semantic loss: 1.436131, BCE loss: 1.456880, SB loss: 0.966921
2025-03-27 11:24:09,347 Epoch: [2/20] Iter:[100/192], Time: 0.48, lr: [0.008858121951563658], Loss: 3.863249, Acc:0.541384, Semantic loss: 1.442254, BCE loss: 1.447267, SB loss: 0.973728
2025-03-27 11:24:13,252 Epoch: [2/20] Iter:[110/192], Time: 0.47, lr: [0.008834363015849136], Loss: 3.860564, Acc:0.545630, Semantic loss: 1.447097, BCE loss: 1.447011, SB loss: 0.966457
2025-03-27 11:24:17,131 Epoch: [2/20] Iter:[120/192], Time: 0.47, lr: [0.008810596978364274], Loss: 3.869901, Acc:0.547694, Semantic loss: 1.445220, BCE loss: 1.455906, SB loss: 0.968775
2025-03-27 11:24:21,008 Epoch: [2/20] Iter:[130/192], Time: 0.46, lr: [0.008786823815688379], Loss: 3.865033, Acc:0.549428, Semantic loss: 1.443047, BCE loss: 1.454434, SB loss: 0.967552
2025-03-27 11:24:24,875 Epoch: [2/20] Iter:[140/192], Time: 0.46, lr: [0.008763043504252865], Loss: 3.863517, Acc:0.551608, Semantic loss: 1.437497, BCE loss: 1.462146, SB loss: 0.963873
2025-03-27 11:24:28,726 Epoch: [2/20] Iter:[150/192], Time: 0.45, lr: [0.008739256020339866], Loss: 3.857539, Acc:0.551091, Semantic loss: 1.434325, BCE loss: 1.456982, SB loss: 0.966233
2025-03-27 11:24:32,592 Epoch: [2/20] Iter:[160/192], Time: 0.45, lr: [0.00871546134008083], Loss: 3.852567, Acc:0.551934, Semantic loss: 1.429969, BCE loss: 1.458389, SB loss: 0.964210
2025-03-27 11:24:36,457 Epoch: [2/20] Iter:[170/192], Time: 0.44, lr: [0.008691659439455107], Loss: 3.858708, Acc:0.552442, Semantic loss: 1.428402, BCE loss: 1.465117, SB loss: 0.965190
2025-03-27 11:24:40,326 Epoch: [2/20] Iter:[180/192], Time: 0.44, lr: [0.008667850294288517], Loss: 3.860487, Acc:0.553703, Semantic loss: 1.423288, BCE loss: 1.468480, SB loss: 0.968719
2025-03-27 11:24:44,165 Epoch: [2/20] Iter:[190/192], Time: 0.44, lr: [0.008644033880251888], Loss: 3.855069, Acc:0.555051, Semantic loss: 1.419766, BCE loss: 1.467877, SB loss: 0.967426
2025-03-27 11:26:16,679 0 [0.         0.40291108 0.10845234 0.17087659 0.19973855 0.07300734
 0.13060311] 0.15508414225383418
2025-03-27 11:26:16,679 1 [0.         0.43893202 0.14058208 0.25729693 0.31573412 0.06019057
 0.14566538] 0.19405730069149021
2025-03-27 11:26:16,684 => saving checkpoint to output\loveda\pidnet_small_loveda\aug_hf_gbcheckpoint.pth.tar
2025-03-27 11:26:16,805 Loss: 4.066, MeanIU:  0.1941, Best_mIoU:  0.1941
2025-03-27 11:26:16,805 [0.         0.43893202 0.14058208 0.25729693 0.31573412 0.06019057
 0.14566538]
2025-03-27 11:26:27,080 Epoch: [3/20] Iter:[0/192], Time: 10.08, lr: [0.008639269723028191], Loss: 3.909105, Acc:0.585768, Semantic loss: 1.671664, BCE loss: 1.228253, SB loss: 1.009189
2025-03-27 11:26:30,934 Epoch: [3/20] Iter:[10/192], Time: 1.27, lr: [0.008615444554012613], Loss: 3.744563, Acc:0.571968, Semantic loss: 1.392302, BCE loss: 1.441358, SB loss: 0.910902
2025-03-27 11:26:34,806 Epoch: [3/20] Iter:[20/192], Time: 0.85, lr: [0.008591612062049989], Loss: 3.717705, Acc:0.579458, Semantic loss: 1.385531, BCE loss: 1.405185, SB loss: 0.926988
2025-03-27 11:26:38,677 Epoch: [3/20] Iter:[30/192], Time: 0.70, lr: [0.008567772222305215], Loss: 3.685232, Acc:0.583054, Semantic loss: 1.341137, BCE loss: 1.442989, SB loss: 0.901106
2025-03-27 11:26:42,530 Epoch: [3/20] Iter:[40/192], Time: 0.62, lr: [0.008543925009781886], Loss: 3.654396, Acc:0.580055, Semantic loss: 1.326042, BCE loss: 1.427758, SB loss: 0.900596
2025-03-27 11:26:46,381 Epoch: [3/20] Iter:[50/192], Time: 0.58, lr: [0.00852007039932076], Loss: 3.645774, Acc:0.578496, Semantic loss: 1.324970, BCE loss: 1.412986, SB loss: 0.907818
2025-03-27 11:26:50,246 Epoch: [3/20] Iter:[60/192], Time: 0.55, lr: [0.00849620836559818], Loss: 3.646364, Acc:0.573149, Semantic loss: 1.338881, BCE loss: 1.389084, SB loss: 0.918399
2025-03-27 11:26:54,127 Epoch: [3/20] Iter:[70/192], Time: 0.52, lr: [0.008472338883124477], Loss: 3.687570, Acc:0.574908, Semantic loss: 1.349484, BCE loss: 1.418810, SB loss: 0.919276
2025-03-27 11:26:58,015 Epoch: [3/20] Iter:[80/192], Time: 0.51, lr: [0.008448461926242374], Loss: 3.695360, Acc:0.574449, Semantic loss: 1.355939, BCE loss: 1.411046, SB loss: 0.928375
2025-03-27 11:27:01,889 Epoch: [3/20] Iter:[90/192], Time: 0.49, lr: [0.008424577469125337], Loss: 3.702131, Acc:0.576719, Semantic loss: 1.349711, BCE loss: 1.426728, SB loss: 0.925691
2025-03-27 11:27:05,773 Epoch: [3/20] Iter:[100/192], Time: 0.48, lr: [0.008400685485775935], Loss: 3.698663, Acc:0.581304, Semantic loss: 1.339734, BCE loss: 1.438261, SB loss: 0.920669
2025-03-27 11:27:09,619 Epoch: [3/20] Iter:[110/192], Time: 0.47, lr: [0.008376785950024154], Loss: 3.685667, Acc:0.581081, Semantic loss: 1.328029, BCE loss: 1.442482, SB loss: 0.915157
2025-03-27 11:27:13,483 Epoch: [3/20] Iter:[120/192], Time: 0.47, lr: [0.00835287883552571], Loss: 3.698631, Acc:0.581856, Semantic loss: 1.323550, BCE loss: 1.461978, SB loss: 0.913103
2025-03-27 11:27:17,351 Epoch: [3/20] Iter:[130/192], Time: 0.46, lr: [0.008328964115760324], Loss: 3.692069, Acc:0.581454, Semantic loss: 1.323806, BCE loss: 1.454466, SB loss: 0.913797
2025-03-27 11:27:21,205 Epoch: [3/20] Iter:[140/192], Time: 0.46, lr: [0.008305041764029988], Loss: 3.682642, Acc:0.581867, Semantic loss: 1.317321, BCE loss: 1.451718, SB loss: 0.913603
2025-03-27 11:27:25,077 Epoch: [3/20] Iter:[150/192], Time: 0.45, lr: [0.008281111753457188], Loss: 3.686882, Acc:0.579631, Semantic loss: 1.324498, BCE loss: 1.443280, SB loss: 0.919104
2025-03-27 11:27:28,951 Epoch: [3/20] Iter:[160/192], Time: 0.45, lr: [0.008257174056983133], Loss: 3.690459, Acc:0.580545, Semantic loss: 1.320632, BCE loss: 1.453678, SB loss: 0.916149
2025-03-27 11:27:32,812 Epoch: [3/20] Iter:[170/192], Time: 0.44, lr: [0.00823322864736593], Loss: 3.687895, Acc:0.582138, Semantic loss: 1.313795, BCE loss: 1.459243, SB loss: 0.914857
2025-03-27 11:27:36,691 Epoch: [3/20] Iter:[180/192], Time: 0.44, lr: [0.008209275497178764], Loss: 3.675327, Acc:0.586148, Semantic loss: 1.307176, BCE loss: 1.454125, SB loss: 0.914026
2025-03-27 11:27:40,543 Epoch: [3/20] Iter:[190/192], Time: 0.44, lr: [0.008185314578808021], Loss: 3.675118, Acc:0.585654, Semantic loss: 1.309272, BCE loss: 1.450679, SB loss: 0.915167
2025-03-27 11:29:13,144 0 [0.         0.55393141 0.18715103 0.11608559 0.25314706 0.04573024
 0.07475951] 0.17582926133378804
2025-03-27 11:29:13,145 1 [0.         0.55693903 0.19535801 0.22626098 0.40247623 0.00972101
 0.05116175] 0.2059881427407602
2025-03-27 11:29:13,150 => saving checkpoint to output\loveda\pidnet_small_loveda\aug_hf_gbcheckpoint.pth.tar
2025-03-27 11:29:13,271 Loss: 3.877, MeanIU:  0.2060, Best_mIoU:  0.2060
2025-03-27 11:29:13,272 [0.         0.55693903 0.19535801 0.22626098 0.40247623 0.00972101
 0.05116175]
2025-03-27 11:29:23,420 Epoch: [4/20] Iter:[0/192], Time: 9.96, lr: [0.008180521460508584], Loss: 3.762222, Acc:0.559194, Semantic loss: 1.318617, BCE loss: 1.567372, SB loss: 0.876233
2025-03-27 11:29:27,276 Epoch: [4/20] Iter:[10/192], Time: 1.26, lr: [0.008156551183601795], Loss: 3.584259, Acc:0.606293, Semantic loss: 1.243545, BCE loss: 1.446175, SB loss: 0.894538
2025-03-27 11:29:31,136 Epoch: [4/20] Iter:[20/192], Time: 0.84, lr: [0.008132573077094668], Loss: 3.520858, Acc:0.594418, Semantic loss: 1.271119, BCE loss: 1.395624, SB loss: 0.854115
2025-03-27 11:29:35,006 Epoch: [4/20] Iter:[30/192], Time: 0.69, lr: [0.008108587112763079], Loss: 3.548925, Acc:0.589352, Semantic loss: 1.274312, BCE loss: 1.404689, SB loss: 0.869924
2025-03-27 11:29:38,876 Epoch: [4/20] Iter:[40/192], Time: 0.62, lr: [0.008084593262188028], Loss: 3.573222, Acc:0.598622, Semantic loss: 1.259619, BCE loss: 1.439734, SB loss: 0.873869
2025-03-27 11:29:42,736 Epoch: [4/20] Iter:[50/192], Time: 0.57, lr: [0.008060591496753653], Loss: 3.563370, Acc:0.598642, Semantic loss: 1.256543, BCE loss: 1.422607, SB loss: 0.884220
2025-03-27 11:29:46,581 Epoch: [4/20] Iter:[60/192], Time: 0.54, lr: [0.008036581787645204], Loss: 3.573620, Acc:0.602603, Semantic loss: 1.245537, BCE loss: 1.446803, SB loss: 0.881280
2025-03-27 11:29:50,444 Epoch: [4/20] Iter:[70/192], Time: 0.52, lr: [0.008012564105846994], Loss: 3.549259, Acc:0.596255, Semantic loss: 1.250094, BCE loss: 1.417081, SB loss: 0.882084
2025-03-27 11:29:54,323 Epoch: [4/20] Iter:[80/192], Time: 0.50, lr: [0.007988538422140333], Loss: 3.532570, Acc:0.600855, Semantic loss: 1.242555, BCE loss: 1.410316, SB loss: 0.879700
2025-03-27 11:29:58,182 Epoch: [4/20] Iter:[90/192], Time: 0.49, lr: [0.007964504707101411], Loss: 3.530908, Acc:0.598074, Semantic loss: 1.246397, BCE loss: 1.403690, SB loss: 0.880821
2025-03-27 11:30:02,067 Epoch: [4/20] Iter:[100/192], Time: 0.48, lr: [0.007940462931099176], Loss: 3.521923, Acc:0.596431, Semantic loss: 1.247618, BCE loss: 1.397594, SB loss: 0.876711
2025-03-27 11:30:05,936 Epoch: [4/20] Iter:[110/192], Time: 0.47, lr: [0.007916413064293163], Loss: 3.515826, Acc:0.598388, Semantic loss: 1.242562, BCE loss: 1.403812, SB loss: 0.869452
2025-03-27 11:30:09,818 Epoch: [4/20] Iter:[120/192], Time: 0.47, lr: [0.007892355076631318], Loss: 3.527335, Acc:0.600095, Semantic loss: 1.240107, BCE loss: 1.417441, SB loss: 0.869787
2025-03-27 11:30:13,687 Epoch: [4/20] Iter:[130/192], Time: 0.46, lr: [0.007868288937847752], Loss: 3.537762, Acc:0.599045, Semantic loss: 1.241695, BCE loss: 1.422774, SB loss: 0.873294
2025-03-27 11:30:17,555 Epoch: [4/20] Iter:[140/192], Time: 0.45, lr: [0.007844214617460508], Loss: 3.541019, Acc:0.602406, Semantic loss: 1.235924, BCE loss: 1.435527, SB loss: 0.869568
2025-03-27 11:30:21,416 Epoch: [4/20] Iter:[150/192], Time: 0.45, lr: [0.007820132084769268], Loss: 3.546643, Acc:0.600439, Semantic loss: 1.239657, BCE loss: 1.432347, SB loss: 0.874639
2025-03-27 11:30:25,291 Epoch: [4/20] Iter:[160/192], Time: 0.45, lr: [0.00779604130885303], Loss: 3.546693, Acc:0.601921, Semantic loss: 1.238124, BCE loss: 1.434104, SB loss: 0.874465
2025-03-27 11:30:29,174 Epoch: [4/20] Iter:[170/192], Time: 0.44, lr: [0.007771942258567773], Loss: 3.548015, Acc:0.603093, Semantic loss: 1.235053, BCE loss: 1.438219, SB loss: 0.874744
2025-03-27 11:30:33,069 Epoch: [4/20] Iter:[180/192], Time: 0.44, lr: [0.007747834902544056], Loss: 3.543034, Acc:0.603772, Semantic loss: 1.234576, BCE loss: 1.434301, SB loss: 0.874157
2025-03-27 11:30:36,914 Epoch: [4/20] Iter:[190/192], Time: 0.44, lr: [0.0077237192091846206], Loss: 3.553242, Acc:0.602230, Semantic loss: 1.239269, BCE loss: 1.434935, SB loss: 0.879038
2025-03-27 11:32:09,522 0 [0.         0.55578393 0.15047254 0.18526796 0.25655806 0.16404142
 0.0492005 ] 0.19447491637380424
2025-03-27 11:32:09,522 1 [0.         0.4992022  0.13622965 0.24365686 0.34724907 0.10131075
 0.04712128] 0.1963956858395215
2025-03-27 11:32:09,527 => saving checkpoint to output\loveda\pidnet_small_loveda\aug_hf_gbcheckpoint.pth.tar
2025-03-27 11:32:09,613 Loss: 4.493, MeanIU:  0.1964, Best_mIoU:  0.2060
2025-03-27 11:32:09,614 [0.         0.4992022  0.13622965 0.24365686 0.34724907 0.10131075
 0.04712128]
2025-03-27 11:32:19,771 Epoch: [5/20] Iter:[0/192], Time: 9.97, lr: [0.007718895067235705], Loss: 3.070087, Acc:0.599655, Semantic loss: 1.068449, BCE loss: 1.246340, SB loss: 0.755298
2025-03-27 11:32:23,638 Epoch: [5/20] Iter:[10/192], Time: 1.26, lr: [0.007694769327040611], Loss: 3.433208, Acc:0.617098, Semantic loss: 1.168416, BCE loss: 1.431831, SB loss: 0.832961
2025-03-27 11:32:27,516 Epoch: [5/20] Iter:[20/192], Time: 0.84, lr: [0.00767063517918174], Loss: 3.425109, Acc:0.607893, Semantic loss: 1.207971, BCE loss: 1.357620, SB loss: 0.859518
2025-03-27 11:32:31,372 Epoch: [5/20] Iter:[30/192], Time: 0.70, lr: [0.007646492591316132], Loss: 3.368192, Acc:0.613065, Semantic loss: 1.187384, BCE loss: 1.344950, SB loss: 0.835859
2025-03-27 11:32:35,242 Epoch: [5/20] Iter:[40/192], Time: 0.62, lr: [0.007622341530862476], Loss: 3.380920, Acc:0.610817, Semantic loss: 1.193196, BCE loss: 1.351609, SB loss: 0.836115
2025-03-27 11:32:39,121 Epoch: [5/20] Iter:[50/192], Time: 0.57, lr: [0.0075981819649984985], Loss: 3.440579, Acc:0.610886, Semantic loss: 1.203978, BCE loss: 1.395539, SB loss: 0.841063
2025-03-27 11:32:42,976 Epoch: [5/20] Iter:[60/192], Time: 0.54, lr: [0.007574013860658317], Loss: 3.413517, Acc:0.608324, Semantic loss: 1.196117, BCE loss: 1.378366, SB loss: 0.839034
2025-03-27 11:32:46,838 Epoch: [5/20] Iter:[70/192], Time: 0.52, lr: [0.007549837184529776], Loss: 3.457155, Acc:0.606299, Semantic loss: 1.205198, BCE loss: 1.394826, SB loss: 0.857132
2025-03-27 11:32:50,724 Epoch: [5/20] Iter:[80/192], Time: 0.51, lr: [0.0075256519030517215], Loss: 3.466613, Acc:0.605008, Semantic loss: 1.213059, BCE loss: 1.392004, SB loss: 0.861549
2025-03-27 11:32:54,585 Epoch: [5/20] Iter:[90/192], Time: 0.49, lr: [0.007501457982411236], Loss: 3.448868, Acc:0.605493, Semantic loss: 1.211523, BCE loss: 1.381805, SB loss: 0.855540
2025-03-27 11:32:58,470 Epoch: [5/20] Iter:[100/192], Time: 0.48, lr: [0.0074772553885408604], Loss: 3.449013, Acc:0.606726, Semantic loss: 1.209530, BCE loss: 1.386800, SB loss: 0.852682
2025-03-27 11:33:02,347 Epoch: [5/20] Iter:[110/192], Time: 0.47, lr: [0.007453044087115737], Loss: 3.455688, Acc:0.609844, Semantic loss: 1.209687, BCE loss: 1.389971, SB loss: 0.856030
2025-03-27 11:33:06,206 Epoch: [5/20] Iter:[120/192], Time: 0.47, lr: [0.007428824043550734], Loss: 3.447387, Acc:0.610473, Semantic loss: 1.204716, BCE loss: 1.389513, SB loss: 0.853157
2025-03-27 11:33:10,082 Epoch: [5/20] Iter:[130/192], Time: 0.46, lr: [0.007404595222997526], Loss: 3.453811, Acc:0.610462, Semantic loss: 1.208331, BCE loss: 1.389645, SB loss: 0.855835
2025-03-27 11:33:13,971 Epoch: [5/20] Iter:[140/192], Time: 0.46, lr: [0.007380357590341623], Loss: 3.459809, Acc:0.614393, Semantic loss: 1.206231, BCE loss: 1.399744, SB loss: 0.853833
2025-03-27 11:33:17,849 Epoch: [5/20] Iter:[150/192], Time: 0.45, lr: [0.007356111110199354], Loss: 3.461821, Acc:0.613679, Semantic loss: 1.206727, BCE loss: 1.401453, SB loss: 0.853640
2025-03-27 11:33:21,719 Epoch: [5/20] Iter:[160/192], Time: 0.45, lr: [0.00733185574691482], Loss: 3.466213, Acc:0.613659, Semantic loss: 1.205590, BCE loss: 1.409121, SB loss: 0.851502
2025-03-27 11:33:25,605 Epoch: [5/20] Iter:[170/192], Time: 0.44, lr: [0.007307591464556783], Loss: 3.463548, Acc:0.614738, Semantic loss: 1.203555, BCE loss: 1.410575, SB loss: 0.849418
2025-03-27 11:33:29,489 Epoch: [5/20] Iter:[180/192], Time: 0.44, lr: [0.007283318226915514], Loss: 3.476784, Acc:0.615028, Semantic loss: 1.204435, BCE loss: 1.421157, SB loss: 0.851191
2025-03-27 11:33:33,330 Epoch: [5/20] Iter:[190/192], Time: 0.44, lr: [0.007259035997499604], Loss: 3.475404, Acc:0.614896, Semantic loss: 1.203293, BCE loss: 1.421462, SB loss: 0.850649
2025-03-27 11:35:05,632 0 [0.         0.51275412 0.18608149 0.14123142 0.25945392 0.12687951
 0.08126593] 0.1868094835190305
2025-03-27 11:35:05,632 1 [0.         0.48495585 0.20635905 0.18957647 0.39700946 0.13544087
 0.05475037] 0.20972743807809544
2025-03-27 11:35:05,638 => saving checkpoint to output\loveda\pidnet_small_loveda\aug_hf_gbcheckpoint.pth.tar
2025-03-27 11:35:05,772 Loss: 3.833, MeanIU:  0.2097, Best_mIoU:  0.2097
2025-03-27 11:35:05,772 [0.         0.48495585 0.20635905 0.18957647 0.39700946 0.13544087
 0.05475037]
2025-03-27 11:35:15,883 Epoch: [6/20] Iter:[0/192], Time: 9.92, lr: [0.007254178469372199], Loss: 3.772595, Acc:0.595164, Semantic loss: 1.249987, BCE loss: 1.586005, SB loss: 0.936603
2025-03-27 11:35:19,740 Epoch: [6/20] Iter:[10/192], Time: 1.25, lr: [0.007229885401256642], Loss: 3.350213, Acc:0.632946, Semantic loss: 1.146078, BCE loss: 1.326604, SB loss: 0.877531
2025-03-27 11:35:23,600 Epoch: [6/20] Iter:[20/192], Time: 0.84, lr: [0.0072055832600777334], Loss: 3.333827, Acc:0.622830, Semantic loss: 1.136989, BCE loss: 1.339756, SB loss: 0.857082
2025-03-27 11:35:27,492 Epoch: [6/20] Iter:[30/192], Time: 0.69, lr: [0.007181272008420604], Loss: 3.363889, Acc:0.625557, Semantic loss: 1.171800, BCE loss: 1.351583, SB loss: 0.840506
2025-03-27 11:35:31,343 Epoch: [6/20] Iter:[40/192], Time: 0.62, lr: [0.007156951608574727], Loss: 3.378826, Acc:0.618764, Semantic loss: 1.184638, BCE loss: 1.359401, SB loss: 0.834787
2025-03-27 11:35:35,208 Epoch: [6/20] Iter:[50/192], Time: 0.57, lr: [0.007132622022530447], Loss: 3.352676, Acc:0.623494, Semantic loss: 1.178165, BCE loss: 1.333756, SB loss: 0.840756
2025-03-27 11:35:39,085 Epoch: [6/20] Iter:[60/192], Time: 0.54, lr: [0.007108283211975477], Loss: 3.409710, Acc:0.622909, Semantic loss: 1.184981, BCE loss: 1.385263, SB loss: 0.839466
2025-03-27 11:35:42,947 Epoch: [6/20] Iter:[70/192], Time: 0.52, lr: [0.007083935138291319], Loss: 3.398932, Acc:0.621473, Semantic loss: 1.184896, BCE loss: 1.375671, SB loss: 0.838365
2025-03-27 11:35:46,809 Epoch: [6/20] Iter:[80/192], Time: 0.50, lr: [0.007059577762549636], Loss: 3.411017, Acc:0.619721, Semantic loss: 1.185114, BCE loss: 1.387580, SB loss: 0.838324
2025-03-27 11:35:50,705 Epoch: [6/20] Iter:[90/192], Time: 0.49, lr: [0.007035211045508576], Loss: 3.406229, Acc:0.624340, Semantic loss: 1.174294, BCE loss: 1.398031, SB loss: 0.833904
2025-03-27 11:35:54,581 Epoch: [6/20] Iter:[100/192], Time: 0.48, lr: [0.0070108349476090265], Loss: 3.415134, Acc:0.626925, Semantic loss: 1.171750, BCE loss: 1.412188, SB loss: 0.831196
2025-03-27 11:35:58,430 Epoch: [6/20] Iter:[110/192], Time: 0.47, lr: [0.00698644942897081], Loss: 3.405275, Acc:0.626533, Semantic loss: 1.167276, BCE loss: 1.407030, SB loss: 0.830968
2025-03-27 11:36:02,300 Epoch: [6/20] Iter:[120/192], Time: 0.47, lr: [0.006962054449388827], Loss: 3.414976, Acc:0.626175, Semantic loss: 1.169425, BCE loss: 1.410823, SB loss: 0.834728
2025-03-27 11:36:06,185 Epoch: [6/20] Iter:[130/192], Time: 0.46, lr: [0.006937649968329135], Loss: 3.427233, Acc:0.625553, Semantic loss: 1.171862, BCE loss: 1.416585, SB loss: 0.838786
2025-03-27 11:36:10,083 Epoch: [6/20] Iter:[140/192], Time: 0.45, lr: [0.006913235944924954], Loss: 3.440634, Acc:0.627762, Semantic loss: 1.171288, BCE loss: 1.428943, SB loss: 0.840404
2025-03-27 11:36:13,952 Epoch: [6/20] Iter:[150/192], Time: 0.45, lr: [0.006888812337972621], Loss: 3.434999, Acc:0.628746, Semantic loss: 1.172079, BCE loss: 1.422548, SB loss: 0.840372
2025-03-27 11:36:17,815 Epoch: [6/20] Iter:[160/192], Time: 0.45, lr: [0.00686437910592748], Loss: 3.429134, Acc:0.628227, Semantic loss: 1.173126, BCE loss: 1.417469, SB loss: 0.838539
2025-03-27 11:36:21,702 Epoch: [6/20] Iter:[170/192], Time: 0.44, lr: [0.00683993620689969], Loss: 3.426040, Acc:0.628204, Semantic loss: 1.172772, BCE loss: 1.415755, SB loss: 0.837513
2025-03-27 11:36:25,573 Epoch: [6/20] Iter:[180/192], Time: 0.44, lr: [0.0068154835986499775], Loss: 3.422076, Acc:0.629747, Semantic loss: 1.168993, BCE loss: 1.415428, SB loss: 0.837654
2025-03-27 11:36:29,419 Epoch: [6/20] Iter:[190/192], Time: 0.44, lr: [0.006791021238585323], Loss: 3.413430, Acc:0.630159, Semantic loss: 1.166793, BCE loss: 1.409890, SB loss: 0.836747
2025-03-27 11:38:02,051 0 [0.         0.50922126 0.15721212 0.19191048 0.19403436 0.067181
 0.0564919 ] 0.16800730363285502
2025-03-27 11:38:02,051 1 [0.         0.52638031 0.2576543  0.27291658 0.33214505 0.01133981
 0.05086328] 0.20732847518648656
2025-03-27 11:38:02,057 => saving checkpoint to output\loveda\pidnet_small_loveda\aug_hf_gbcheckpoint.pth.tar
2025-03-27 11:38:02,138 Loss: 4.098, MeanIU:  0.2073, Best_mIoU:  0.2097
2025-03-27 11:38:02,138 [0.         0.52638031 0.2576543  0.27291658 0.33214505 0.01133981
 0.05086328]
2025-03-27 11:38:12,211 Epoch: [7/20] Iter:[0/192], Time: 9.88, lr: [0.006786127592581251], Loss: 3.912582, Acc:0.605465, Semantic loss: 1.181749, BCE loss: 1.916097, SB loss: 0.814736
2025-03-27 11:38:16,083 Epoch: [7/20] Iter:[10/192], Time: 1.25, lr: [0.006761653473611295], Loss: 3.297861, Acc:0.635129, Semantic loss: 1.106610, BCE loss: 1.404679, SB loss: 0.786572
2025-03-27 11:38:19,949 Epoch: [7/20] Iter:[20/192], Time: 0.84, lr: [0.006737169507854796], Loss: 3.300841, Acc:0.645009, Semantic loss: 1.089116, BCE loss: 1.436186, SB loss: 0.775539
2025-03-27 11:38:23,832 Epoch: [7/20] Iter:[30/192], Time: 0.69, lr: [0.006712675651556858], Loss: 3.320044, Acc:0.650895, Semantic loss: 1.100343, BCE loss: 1.437671, SB loss: 0.782029
2025-03-27 11:38:27,711 Epoch: [7/20] Iter:[40/192], Time: 0.62, lr: [0.006688171860589905], Loss: 3.270833, Acc:0.648936, Semantic loss: 1.097134, BCE loss: 1.387132, SB loss: 0.786567
2025-03-27 11:38:31,584 Epoch: [7/20] Iter:[50/192], Time: 0.57, lr: [0.0066636580904489585], Loss: 3.307435, Acc:0.643446, Semantic loss: 1.116961, BCE loss: 1.390383, SB loss: 0.800091
2025-03-27 11:38:35,461 Epoch: [7/20] Iter:[60/192], Time: 0.54, lr: [0.006639134296246874], Loss: 3.332985, Acc:0.640301, Semantic loss: 1.123004, BCE loss: 1.400352, SB loss: 0.809629
2025-03-27 11:38:39,329 Epoch: [7/20] Iter:[70/192], Time: 0.52, lr: [0.0066146004327094585], Loss: 3.342421, Acc:0.641149, Semantic loss: 1.134037, BCE loss: 1.397287, SB loss: 0.811097
2025-03-27 11:38:43,175 Epoch: [7/20] Iter:[80/192], Time: 0.50, lr: [0.006590056454170537], Loss: 3.347731, Acc:0.642611, Semantic loss: 1.130093, BCE loss: 1.407277, SB loss: 0.810360
2025-03-27 11:38:47,035 Epoch: [7/20] Iter:[90/192], Time: 0.49, lr: [0.006565502314566912], Loss: 3.350848, Acc:0.641987, Semantic loss: 1.136524, BCE loss: 1.395483, SB loss: 0.818841
2025-03-27 11:38:50,898 Epoch: [7/20] Iter:[100/192], Time: 0.48, lr: [0.006540937967433255], Loss: 3.346362, Acc:0.640495, Semantic loss: 1.134004, BCE loss: 1.393563, SB loss: 0.818795
2025-03-27 11:38:54,789 Epoch: [7/20] Iter:[110/192], Time: 0.47, lr: [0.006516363365896894], Loss: 3.341392, Acc:0.640585, Semantic loss: 1.134200, BCE loss: 1.389815, SB loss: 0.817377
2025-03-27 11:38:58,675 Epoch: [7/20] Iter:[120/192], Time: 0.47, lr: [0.006491778462672531], Loss: 3.349688, Acc:0.639397, Semantic loss: 1.134379, BCE loss: 1.399082, SB loss: 0.816227
2025-03-27 11:39:02,528 Epoch: [7/20] Iter:[130/192], Time: 0.46, lr: [0.006467183210056843], Loss: 3.357282, Acc:0.639326, Semantic loss: 1.133467, BCE loss: 1.406145, SB loss: 0.817671
2025-03-27 11:39:06,379 Epoch: [7/20] Iter:[140/192], Time: 0.45, lr: [0.006442577559923017], Loss: 3.353247, Acc:0.639083, Semantic loss: 1.133364, BCE loss: 1.404905, SB loss: 0.814978
2025-03-27 11:39:10,251 Epoch: [7/20] Iter:[150/192], Time: 0.45, lr: [0.006417961463715172], Loss: 3.342689, Acc:0.638470, Semantic loss: 1.133319, BCE loss: 1.395183, SB loss: 0.814188
2025-03-27 11:39:14,132 Epoch: [7/20] Iter:[160/192], Time: 0.45, lr: [0.006393334872442681], Loss: 3.344523, Acc:0.639337, Semantic loss: 1.133432, BCE loss: 1.395600, SB loss: 0.815491
2025-03-27 11:39:18,039 Epoch: [7/20] Iter:[170/192], Time: 0.44, lr: [0.006368697736674411], Loss: 3.347830, Acc:0.639592, Semantic loss: 1.137647, BCE loss: 1.394565, SB loss: 0.815617
2025-03-27 11:39:21,927 Epoch: [7/20] Iter:[180/192], Time: 0.44, lr: [0.006344050006532848], Loss: 3.354658, Acc:0.639164, Semantic loss: 1.140518, BCE loss: 1.398293, SB loss: 0.815848
2025-03-27 11:39:25,761 Epoch: [7/20] Iter:[190/192], Time: 0.44, lr: [0.006319391631688114], Loss: 3.359643, Acc:0.637892, Semantic loss: 1.141857, BCE loss: 1.400642, SB loss: 0.817144
2025-03-27 11:40:58,063 0 [0.         0.5320847  0.20260631 0.22570719 0.12162171 0.09587718
 0.06697721] 0.1778391850739701
2025-03-27 11:40:58,063 1 [0.         0.609099   0.27609361 0.22431584 0.26664627 0.04243257
 0.03632215] 0.2078442052198876
2025-03-27 11:40:58,069 => saving checkpoint to output\loveda\pidnet_small_loveda\aug_hf_gbcheckpoint.pth.tar
2025-03-27 11:40:58,160 Loss: 3.887, MeanIU:  0.2078, Best_mIoU:  0.2097
2025-03-27 11:40:58,160 [0.         0.609099   0.27609361 0.22431584 0.26664627 0.04243257
 0.03632215]
2025-03-27 11:41:08,339 Epoch: [8/20] Iter:[0/192], Time: 9.98, lr: [0.006314458674893553], Loss: 3.447477, Acc:0.675627, Semantic loss: 1.056749, BCE loss: 1.703735, SB loss: 0.686994
2025-03-27 11:41:12,204 Epoch: [8/20] Iter:[10/192], Time: 1.26, lr: [0.006289787459323657], Loss: 3.321142, Acc:0.659903, Semantic loss: 1.083527, BCE loss: 1.435945, SB loss: 0.801671
2025-03-27 11:41:16,083 Epoch: [8/20] Iter:[20/192], Time: 0.84, lr: [0.006265105486702424], Loss: 3.326335, Acc:0.653787, Semantic loss: 1.120612, BCE loss: 1.402763, SB loss: 0.802960
2025-03-27 11:41:19,957 Epoch: [8/20] Iter:[30/192], Time: 0.70, lr: [0.006240412705211017], Loss: 3.308729, Acc:0.646179, Semantic loss: 1.130237, BCE loss: 1.371014, SB loss: 0.807478
2025-03-27 11:41:23,828 Epoch: [8/20] Iter:[40/192], Time: 0.62, lr: [0.006215709062551949], Loss: 3.311413, Acc:0.644281, Semantic loss: 1.122607, BCE loss: 1.382968, SB loss: 0.805839
2025-03-27 11:41:27,706 Epoch: [8/20] Iter:[50/192], Time: 0.58, lr: [0.006190994505942529], Loss: 3.283510, Acc:0.648268, Semantic loss: 1.127258, BCE loss: 1.350984, SB loss: 0.805268
2025-03-27 11:41:31,576 Epoch: [8/20] Iter:[60/192], Time: 0.54, lr: [0.006166268982108192], Loss: 3.263889, Acc:0.646305, Semantic loss: 1.126564, BCE loss: 1.333373, SB loss: 0.803953
2025-03-27 11:41:35,449 Epoch: [8/20] Iter:[70/192], Time: 0.52, lr: [0.006141532437275693], Loss: 3.242884, Acc:0.643397, Semantic loss: 1.122273, BCE loss: 1.324284, SB loss: 0.796327
2025-03-27 11:41:39,297 Epoch: [8/20] Iter:[80/192], Time: 0.51, lr: [0.006116784817166194], Loss: 3.248724, Acc:0.642409, Semantic loss: 1.120575, BCE loss: 1.326492, SB loss: 0.801657
2025-03-27 11:41:43,177 Epoch: [8/20] Iter:[90/192], Time: 0.49, lr: [0.006092026066988214], Loss: 3.278588, Acc:0.645940, Semantic loss: 1.123684, BCE loss: 1.350498, SB loss: 0.804405
2025-03-27 11:41:47,052 Epoch: [8/20] Iter:[100/192], Time: 0.48, lr: [0.006067256131430442], Loss: 3.285570, Acc:0.646142, Semantic loss: 1.118541, BCE loss: 1.359793, SB loss: 0.807236
2025-03-27 11:41:50,908 Epoch: [8/20] Iter:[110/192], Time: 0.47, lr: [0.00604247495465443], Loss: 3.289073, Acc:0.647273, Semantic loss: 1.114316, BCE loss: 1.369146, SB loss: 0.805611
2025-03-27 11:41:54,783 Epoch: [8/20] Iter:[120/192], Time: 0.47, lr: [0.006017682480287143], Loss: 3.283120, Acc:0.649487, Semantic loss: 1.111160, BCE loss: 1.368703, SB loss: 0.803257
2025-03-27 11:41:58,663 Epoch: [8/20] Iter:[130/192], Time: 0.46, lr: [0.00599287865141337], Loss: 3.288509, Acc:0.650205, Semantic loss: 1.113217, BCE loss: 1.369511, SB loss: 0.805781
2025-03-27 11:42:02,530 Epoch: [8/20] Iter:[140/192], Time: 0.46, lr: [0.005968063410567983], Loss: 3.293325, Acc:0.648352, Semantic loss: 1.116478, BCE loss: 1.369592, SB loss: 0.807255
2025-03-27 11:42:06,406 Epoch: [8/20] Iter:[150/192], Time: 0.45, lr: [0.00594323669972807], Loss: 3.299940, Acc:0.649535, Semantic loss: 1.114640, BCE loss: 1.378582, SB loss: 0.806718
2025-03-27 11:42:10,289 Epoch: [8/20] Iter:[160/192], Time: 0.45, lr: [0.005918398460304892], Loss: 3.296618, Acc:0.650870, Semantic loss: 1.111472, BCE loss: 1.380283, SB loss: 0.804864
2025-03-27 11:42:14,164 Epoch: [8/20] Iter:[170/192], Time: 0.44, lr: [0.0058935486331357125], Loss: 3.303366, Acc:0.651173, Semantic loss: 1.111705, BCE loss: 1.385128, SB loss: 0.806533
2025-03-27 11:42:18,067 Epoch: [8/20] Iter:[180/192], Time: 0.44, lr: [0.005868687158475447], Loss: 3.309729, Acc:0.650079, Semantic loss: 1.116045, BCE loss: 1.386252, SB loss: 0.807433
2025-03-27 11:42:21,908 Epoch: [8/20] Iter:[190/192], Time: 0.44, lr: [0.005843813975988169], Loss: 3.310686, Acc:0.649309, Semantic loss: 1.114935, BCE loss: 1.389183, SB loss: 0.806568
2025-03-27 11:43:54,540 0 [0.         0.58692957 0.24181816 0.22334056 0.26751095 0.09237426
 0.09017154] 0.21459214858566455
2025-03-27 11:43:54,541 1 [0.         0.65695682 0.37289545 0.25887909 0.37418093 0.01986529
 0.05475029] 0.24821826711969788
2025-03-27 11:43:54,546 => saving checkpoint to output\loveda\pidnet_small_loveda\aug_hf_gbcheckpoint.pth.tar
2025-03-27 11:43:54,666 Loss: 3.664, MeanIU:  0.2482, Best_mIoU:  0.2482
2025-03-27 11:43:54,666 [0.         0.65695682 0.37289545 0.25887909 0.37418093 0.01986529
 0.05475029]
2025-03-27 11:44:04,878 Epoch: [9/20] Iter:[0/192], Time: 10.02, lr: [0.0058388379291998025], Loss: 3.104317, Acc:0.721830, Semantic loss: 0.892701, BCE loss: 1.489244, SB loss: 0.722373
2025-03-27 11:44:08,728 Epoch: [9/20] Iter:[10/192], Time: 1.26, lr: [0.0058139506168319475], Loss: 3.122345, Acc:0.642459, Semantic loss: 1.057822, BCE loss: 1.305564, SB loss: 0.758959
2025-03-27 11:44:12,603 Epoch: [9/20] Iter:[20/192], Time: 0.84, lr: [0.005789051461775303], Loss: 3.155441, Acc:0.644864, Semantic loss: 1.075295, BCE loss: 1.311654, SB loss: 0.768492
2025-03-27 11:44:16,478 Epoch: [9/20] Iter:[30/192], Time: 0.70, lr: [0.005764140401744157], Loss: 3.174136, Acc:0.651483, Semantic loss: 1.073912, BCE loss: 1.323449, SB loss: 0.776776
2025-03-27 11:44:20,346 Epoch: [9/20] Iter:[40/192], Time: 0.62, lr: [0.005739217373824397], Loss: 3.219547, Acc:0.642545, Semantic loss: 1.093569, BCE loss: 1.338711, SB loss: 0.787266
2025-03-27 11:44:24,211 Epoch: [9/20] Iter:[50/192], Time: 0.58, lr: [0.005714282314464109], Loss: 3.263778, Acc:0.644609, Semantic loss: 1.095274, BCE loss: 1.384895, SB loss: 0.783609
2025-03-27 11:44:28,089 Epoch: [9/20] Iter:[60/192], Time: 0.54, lr: [0.005689335159463984], Loss: 3.269876, Acc:0.646388, Semantic loss: 1.103394, BCE loss: 1.375276, SB loss: 0.791206
2025-03-27 11:44:31,951 Epoch: [9/20] Iter:[70/192], Time: 0.52, lr: [0.0056643758439675305], Loss: 3.268200, Acc:0.647323, Semantic loss: 1.099665, BCE loss: 1.379134, SB loss: 0.789401
2025-03-27 11:44:35,821 Epoch: [9/20] Iter:[80/192], Time: 0.51, lr: [0.005639404302451105], Loss: 3.246279, Acc:0.651437, Semantic loss: 1.092794, BCE loss: 1.370005, SB loss: 0.783480
2025-03-27 11:44:39,699 Epoch: [9/20] Iter:[90/192], Time: 0.49, lr: [0.005614420468713722], Loss: 3.251030, Acc:0.653856, Semantic loss: 1.096464, BCE loss: 1.368515, SB loss: 0.786051
2025-03-27 11:44:43,565 Epoch: [9/20] Iter:[100/192], Time: 0.48, lr: [0.005589424275866668], Loss: 3.259862, Acc:0.654753, Semantic loss: 1.102793, BCE loss: 1.370767, SB loss: 0.786303
2025-03-27 11:44:47,447 Epoch: [9/20] Iter:[110/192], Time: 0.47, lr: [0.005564415656322913], Loss: 3.272855, Acc:0.655387, Semantic loss: 1.105457, BCE loss: 1.379745, SB loss: 0.787653
2025-03-27 11:44:51,310 Epoch: [9/20] Iter:[120/192], Time: 0.47, lr: [0.00553939454178628], Loss: 3.282159, Acc:0.655157, Semantic loss: 1.104925, BCE loss: 1.390453, SB loss: 0.786781
2025-03-27 11:44:55,171 Epoch: [9/20] Iter:[130/192], Time: 0.46, lr: [0.005514360863240413], Loss: 3.275567, Acc:0.656256, Semantic loss: 1.102462, BCE loss: 1.385459, SB loss: 0.787646
2025-03-27 11:44:59,038 Epoch: [9/20] Iter:[140/192], Time: 0.46, lr: [0.005489314550937511], Loss: 3.277952, Acc:0.655429, Semantic loss: 1.102212, BCE loss: 1.385784, SB loss: 0.789956
2025-03-27 11:45:02,914 Epoch: [9/20] Iter:[150/192], Time: 0.45, lr: [0.005464255534386825], Loss: 3.271616, Acc:0.656446, Semantic loss: 1.097629, BCE loss: 1.384608, SB loss: 0.789378
2025-03-27 11:45:06,799 Epoch: [9/20] Iter:[160/192], Time: 0.45, lr: [0.005439183742342914], Loss: 3.275533, Acc:0.658799, Semantic loss: 1.095739, BCE loss: 1.391908, SB loss: 0.787886
2025-03-27 11:45:10,670 Epoch: [9/20] Iter:[170/192], Time: 0.44, lr: [0.00541409910279366], Loss: 3.278208, Acc:0.658483, Semantic loss: 1.095258, BCE loss: 1.395526, SB loss: 0.787424
2025-03-27 11:45:14,526 Epoch: [9/20] Iter:[180/192], Time: 0.44, lr: [0.005389001542948025], Loss: 3.284911, Acc:0.658252, Semantic loss: 1.097934, BCE loss: 1.395656, SB loss: 0.791321
2025-03-27 11:45:18,360 Epoch: [9/20] Iter:[190/192], Time: 0.44, lr: [0.005363890989223547], Loss: 3.278649, Acc:0.656193, Semantic loss: 1.100177, BCE loss: 1.384634, SB loss: 0.793838
2025-03-27 11:46:50,851 0 [0.         0.57852359 0.28332789 0.24192417 0.17257354 0.17970077
 0.11940634] 0.22506518376585097
2025-03-27 11:46:50,851 1 [0.         0.47268836 0.34739263 0.36483707 0.26746539 0.04055885
 0.07119656] 0.223448408234672
2025-03-27 11:46:50,856 => saving checkpoint to output\loveda\pidnet_small_loveda\aug_hf_gbcheckpoint.pth.tar
2025-03-27 11:46:50,935 Loss: 3.721, MeanIU:  0.2234, Best_mIoU:  0.2482
2025-03-27 11:46:50,935 [0.         0.47268836 0.34739263 0.36483707 0.26746539 0.04055885
 0.07119656]
2025-03-27 11:47:01,014 Epoch: [10/20] Iter:[0/192], Time: 9.88, lr: [0.005358867312681466], Loss: 3.186856, Acc:0.676194, Semantic loss: 1.061549, BCE loss: 1.428035, SB loss: 0.697272
2025-03-27 11:47:04,887 Epoch: [10/20] Iter:[10/192], Time: 1.25, lr: [0.005333741068040314], Loss: 3.347864, Acc:0.679013, Semantic loss: 1.075149, BCE loss: 1.474926, SB loss: 0.797790
2025-03-27 11:47:08,755 Epoch: [10/20] Iter:[20/192], Time: 0.84, lr: [0.0053086016647897714], Loss: 3.332006, Acc:0.682311, Semantic loss: 1.082338, BCE loss: 1.461657, SB loss: 0.788011
2025-03-27 11:47:12,633 Epoch: [10/20] Iter:[30/192], Time: 0.69, lr: [0.005283449026727663], Loss: 3.355338, Acc:0.667910, Semantic loss: 1.087328, BCE loss: 1.475476, SB loss: 0.792534
2025-03-27 11:47:16,522 Epoch: [10/20] Iter:[40/192], Time: 0.62, lr: [0.005258283076804885], Loss: 3.356129, Acc:0.675983, Semantic loss: 1.078876, BCE loss: 1.488938, SB loss: 0.788316
2025-03-27 11:47:20,389 Epoch: [10/20] Iter:[50/192], Time: 0.57, lr: [0.00523310373711144], Loss: 3.323169, Acc:0.675010, Semantic loss: 1.069847, BCE loss: 1.468972, SB loss: 0.784350
2025-03-27 11:47:24,246 Epoch: [10/20] Iter:[60/192], Time: 0.54, lr: [0.005207910928862159], Loss: 3.321214, Acc:0.668991, Semantic loss: 1.085786, BCE loss: 1.452329, SB loss: 0.783098
2025-03-27 11:47:28,110 Epoch: [10/20] Iter:[70/192], Time: 0.52, lr: [0.005182704572382109], Loss: 3.300692, Acc:0.664369, Semantic loss: 1.090311, BCE loss: 1.428501, SB loss: 0.781880
2025-03-27 11:47:32,001 Epoch: [10/20] Iter:[80/192], Time: 0.50, lr: [0.005157484587091684], Loss: 3.294687, Acc:0.667042, Semantic loss: 1.082393, BCE loss: 1.429905, SB loss: 0.782389
2025-03-27 11:47:35,867 Epoch: [10/20] Iter:[90/192], Time: 0.49, lr: [0.005132250891491357], Loss: 3.276101, Acc:0.664321, Semantic loss: 1.080372, BCE loss: 1.418088, SB loss: 0.777641
2025-03-27 11:47:39,740 Epoch: [10/20] Iter:[100/192], Time: 0.48, lr: [0.005107003403146087], Loss: 3.250316, Acc:0.665411, Semantic loss: 1.075124, BCE loss: 1.398354, SB loss: 0.776838
2025-03-27 11:47:43,612 Epoch: [10/20] Iter:[110/192], Time: 0.47, lr: [0.005081742038669388], Loss: 3.254633, Acc:0.666907, Semantic loss: 1.076208, BCE loss: 1.399550, SB loss: 0.778876
2025-03-27 11:47:47,480 Epoch: [10/20] Iter:[120/192], Time: 0.47, lr: [0.005056466713707024], Loss: 3.248357, Acc:0.666814, Semantic loss: 1.078677, BCE loss: 1.386866, SB loss: 0.782814
2025-03-27 11:47:51,363 Epoch: [10/20] Iter:[130/192], Time: 0.46, lr: [0.005031177342920337], Loss: 3.242442, Acc:0.666992, Semantic loss: 1.078978, BCE loss: 1.381010, SB loss: 0.782454
2025-03-27 11:47:55,215 Epoch: [10/20] Iter:[140/192], Time: 0.45, lr: [0.005005873839969192], Loss: 3.242174, Acc:0.664671, Semantic loss: 1.083343, BCE loss: 1.371101, SB loss: 0.787729
2025-03-27 11:47:59,110 Epoch: [10/20] Iter:[150/192], Time: 0.45, lr: [0.00498055611749454], Loss: 3.248956, Acc:0.664180, Semantic loss: 1.087420, BCE loss: 1.373165, SB loss: 0.788372
2025-03-27 11:48:02,978 Epoch: [10/20] Iter:[160/192], Time: 0.45, lr: [0.004955224087100552], Loss: 3.248132, Acc:0.664541, Semantic loss: 1.085540, BCE loss: 1.374469, SB loss: 0.788122
2025-03-27 11:48:06,867 Epoch: [10/20] Iter:[170/192], Time: 0.44, lr: [0.004929877659336362], Loss: 3.247095, Acc:0.665739, Semantic loss: 1.081674, BCE loss: 1.376844, SB loss: 0.788578
2025-03-27 11:48:10,727 Epoch: [10/20] Iter:[180/192], Time: 0.44, lr: [0.004904516743677371], Loss: 3.247060, Acc:0.663445, Semantic loss: 1.084793, BCE loss: 1.372289, SB loss: 0.789978
2025-03-27 11:48:14,578 Epoch: [10/20] Iter:[190/192], Time: 0.44, lr: [0.00487914124850611], Loss: 3.251386, Acc:0.662345, Semantic loss: 1.086116, BCE loss: 1.375619, SB loss: 0.789651
2025-03-27 11:49:47,102 0 [0.         0.59845683 0.27634368 0.27591774 0.24562748 0.10461966
 0.15021446] 0.23588283492388792
2025-03-27 11:49:47,102 1 [0.         0.64560891 0.38987384 0.31285458 0.35876075 0.06063017
 0.07330172] 0.26300428018595196
2025-03-27 11:49:47,107 => saving checkpoint to output\loveda\pidnet_small_loveda\aug_hf_gbcheckpoint.pth.tar
2025-03-27 11:49:47,232 Loss: 3.627, MeanIU:  0.2630, Best_mIoU:  0.2630
2025-03-27 11:49:47,233 [0.         0.64560891 0.38987384 0.31285458 0.35876075 0.06063017
 0.07330172]
2025-03-27 11:49:57,348 Epoch: [11/20] Iter:[0/192], Time: 9.92, lr: [0.004874064391789954], Loss: 3.327823, Acc:0.733978, Semantic loss: 1.040107, BCE loss: 1.563789, SB loss: 0.723927
2025-03-27 11:50:01,208 Epoch: [11/20] Iter:[10/192], Time: 1.25, lr: [0.004848671278701159], Loss: 3.236686, Acc:0.677178, Semantic loss: 1.063959, BCE loss: 1.442771, SB loss: 0.729956
2025-03-27 11:50:05,071 Epoch: [11/20] Iter:[20/192], Time: 0.84, lr: [0.0048232633805975296], Loss: 3.256639, Acc:0.675975, Semantic loss: 1.059937, BCE loss: 1.429317, SB loss: 0.767385
2025-03-27 11:50:08,939 Epoch: [11/20] Iter:[30/192], Time: 0.69, lr: [0.00479784060223045], Loss: 3.193436, Acc:0.682380, Semantic loss: 1.050085, BCE loss: 1.373156, SB loss: 0.770195
2025-03-27 11:50:12,803 Epoch: [11/20] Iter:[40/192], Time: 0.62, lr: [0.004772402847172951], Loss: 3.189391, Acc:0.677476, Semantic loss: 1.055291, BCE loss: 1.363056, SB loss: 0.771043
2025-03-27 11:50:16,666 Epoch: [11/20] Iter:[50/192], Time: 0.57, lr: [0.004746950017798064], Loss: 3.194904, Acc:0.675505, Semantic loss: 1.047893, BCE loss: 1.372333, SB loss: 0.774678
2025-03-27 11:50:20,536 Epoch: [11/20] Iter:[60/192], Time: 0.54, lr: [0.004721482015256639], Loss: 3.190594, Acc:0.673981, Semantic loss: 1.048062, BCE loss: 1.367086, SB loss: 0.775446
2025-03-27 11:50:24,422 Epoch: [11/20] Iter:[70/192], Time: 0.52, lr: [0.004695998739454633], Loss: 3.197462, Acc:0.679166, Semantic loss: 1.044040, BCE loss: 1.380686, SB loss: 0.772736
2025-03-27 11:50:28,286 Epoch: [11/20] Iter:[80/192], Time: 0.50, lr: [0.004670500089029817], Loss: 3.193217, Acc:0.678822, Semantic loss: 1.042070, BCE loss: 1.380196, SB loss: 0.770951
2025-03-27 11:50:32,150 Epoch: [11/20] Iter:[90/192], Time: 0.49, lr: [0.004644985961327915], Loss: 3.179097, Acc:0.677029, Semantic loss: 1.047861, BCE loss: 1.359837, SB loss: 0.771400
2025-03-27 11:50:36,024 Epoch: [11/20] Iter:[100/192], Time: 0.48, lr: [0.004619456252378151], Loss: 3.195912, Acc:0.675101, Semantic loss: 1.055216, BCE loss: 1.362377, SB loss: 0.778319
2025-03-27 11:50:39,909 Epoch: [11/20] Iter:[110/192], Time: 0.47, lr: [0.004593910856868159], Loss: 3.193808, Acc:0.675417, Semantic loss: 1.056449, BCE loss: 1.360264, SB loss: 0.777094
2025-03-27 11:50:43,776 Epoch: [11/20] Iter:[120/192], Time: 0.47, lr: [0.004568349668118281], Loss: 3.197691, Acc:0.674114, Semantic loss: 1.057708, BCE loss: 1.361763, SB loss: 0.778220
2025-03-27 11:50:47,646 Epoch: [11/20] Iter:[130/192], Time: 0.46, lr: [0.004542772578055196], Loss: 3.209798, Acc:0.671906, Semantic loss: 1.064693, BCE loss: 1.364498, SB loss: 0.780607
2025-03-27 11:50:51,520 Epoch: [11/20] Iter:[140/192], Time: 0.45, lr: [0.00451717947718487], Loss: 3.213865, Acc:0.672194, Semantic loss: 1.062451, BCE loss: 1.373409, SB loss: 0.778005
2025-03-27 11:50:55,374 Epoch: [11/20] Iter:[150/192], Time: 0.45, lr: [0.004491570254564817], Loss: 3.211302, Acc:0.671656, Semantic loss: 1.063403, BCE loss: 1.370073, SB loss: 0.777826
2025-03-27 11:50:59,246 Epoch: [11/20] Iter:[160/192], Time: 0.45, lr: [0.004465944797775636], Loss: 3.214029, Acc:0.671853, Semantic loss: 1.064145, BCE loss: 1.369266, SB loss: 0.780618
2025-03-27 11:51:03,126 Epoch: [11/20] Iter:[170/192], Time: 0.44, lr: [0.004440302992891796], Loss: 3.219295, Acc:0.671356, Semantic loss: 1.066249, BCE loss: 1.372321, SB loss: 0.780726
2025-03-27 11:51:06,977 Epoch: [11/20] Iter:[180/192], Time: 0.44, lr: [0.004414644724451659], Loss: 3.222008, Acc:0.669044, Semantic loss: 1.068967, BCE loss: 1.371871, SB loss: 0.781170
2025-03-27 11:51:10,851 Epoch: [11/20] Iter:[190/192], Time: 0.44, lr: [0.004388969875426714], Loss: 3.217713, Acc:0.669928, Semantic loss: 1.068593, BCE loss: 1.367574, SB loss: 0.781546
2025-03-27 11:52:43,407 0 [0.         0.59019927 0.27347584 0.27825555 0.22372917 0.14728004
 0.10414369] 0.23101193844964407
2025-03-27 11:52:43,407 1 [0.         0.59347266 0.37627883 0.37417284 0.29243551 0.05708173
 0.06700704] 0.25149265861493614
2025-03-27 11:52:43,413 => saving checkpoint to output\loveda\pidnet_small_loveda\aug_hf_gbcheckpoint.pth.tar
2025-03-27 11:52:43,497 Loss: 3.882, MeanIU:  0.2515, Best_mIoU:  0.2630
2025-03-27 11:52:43,497 [0.         0.59347266 0.37627883 0.37417284 0.29243551 0.05708173
 0.06700704]
2025-03-27 11:52:53,685 Epoch: [12/20] Iter:[0/192], Time: 9.99, lr: [0.0043838329055408696], Loss: 3.406317, Acc:0.722701, Semantic loss: 1.021006, BCE loss: 1.647028, SB loss: 0.738284
2025-03-27 11:52:57,558 Epoch: [12/20] Iter:[10/192], Time: 1.26, lr: [0.004358138003083593], Loss: 3.298815, Acc:0.696056, Semantic loss: 1.023697, BCE loss: 1.506260, SB loss: 0.768858
2025-03-27 11:53:01,436 Epoch: [12/20] Iter:[20/192], Time: 0.85, lr: [0.0043324262569064236], Loss: 3.249326, Acc:0.685476, Semantic loss: 1.044811, BCE loss: 1.432872, SB loss: 0.771643
2025-03-27 11:53:05,331 Epoch: [12/20] Iter:[30/192], Time: 0.70, lr: [0.0043066975447503065], Loss: 3.222586, Acc:0.682194, Semantic loss: 1.060856, BCE loss: 1.386904, SB loss: 0.774826
2025-03-27 11:53:09,204 Epoch: [12/20] Iter:[40/192], Time: 0.62, lr: [0.00428095174265078], Loss: 3.217886, Acc:0.686631, Semantic loss: 1.056737, BCE loss: 1.401436, SB loss: 0.759713
2025-03-27 11:53:13,080 Epoch: [12/20] Iter:[50/192], Time: 0.58, lr: [0.004255188724902623], Loss: 3.224195, Acc:0.688628, Semantic loss: 1.054697, BCE loss: 1.412583, SB loss: 0.756915
2025-03-27 11:53:16,953 Epoch: [12/20] Iter:[60/192], Time: 0.55, lr: [0.004229408364023519], Loss: 3.228524, Acc:0.692374, Semantic loss: 1.048794, BCE loss: 1.423778, SB loss: 0.755952
2025-03-27 11:53:20,807 Epoch: [12/20] Iter:[70/192], Time: 0.52, lr: [0.004203610530716726], Loss: 3.233704, Acc:0.686174, Semantic loss: 1.061907, BCE loss: 1.409702, SB loss: 0.762095
2025-03-27 11:53:24,685 Epoch: [12/20] Iter:[80/192], Time: 0.51, lr: [0.004177795093832693], Loss: 3.240830, Acc:0.683283, Semantic loss: 1.069663, BCE loss: 1.409416, SB loss: 0.761751
2025-03-27 11:53:28,567 Epoch: [12/20] Iter:[90/192], Time: 0.49, lr: [0.004151961920329593], Loss: 3.218265, Acc:0.683861, Semantic loss: 1.065435, BCE loss: 1.392825, SB loss: 0.760005
2025-03-27 11:53:32,444 Epoch: [12/20] Iter:[100/192], Time: 0.48, lr: [0.004126110875232744], Loss: 3.227705, Acc:0.685899, Semantic loss: 1.065412, BCE loss: 1.398813, SB loss: 0.763480
2025-03-27 11:53:36,296 Epoch: [12/20] Iter:[110/192], Time: 0.47, lr: [0.004100241821592866], Loss: 3.219925, Acc:0.681953, Semantic loss: 1.065292, BCE loss: 1.387724, SB loss: 0.766909
2025-03-27 11:53:40,169 Epoch: [12/20] Iter:[120/192], Time: 0.47, lr: [0.00407435462044314], Loss: 3.217344, Acc:0.682235, Semantic loss: 1.061987, BCE loss: 1.388517, SB loss: 0.766840
2025-03-27 11:53:44,045 Epoch: [12/20] Iter:[130/192], Time: 0.46, lr: [0.004048449130755016], Loss: 3.212787, Acc:0.682021, Semantic loss: 1.057491, BCE loss: 1.389380, SB loss: 0.765916
2025-03-27 11:53:47,906 Epoch: [12/20] Iter:[140/192], Time: 0.46, lr: [0.004022525209392749], Loss: 3.213479, Acc:0.682549, Semantic loss: 1.055133, BCE loss: 1.393284, SB loss: 0.765062
2025-03-27 11:53:51,756 Epoch: [12/20] Iter:[150/192], Time: 0.45, lr: [0.003996582711066572], Loss: 3.204136, Acc:0.682664, Semantic loss: 1.050089, BCE loss: 1.391202, SB loss: 0.762845
2025-03-27 11:53:55,605 Epoch: [12/20] Iter:[160/192], Time: 0.45, lr: [0.003970621488284514], Loss: 3.196686, Acc:0.681113, Semantic loss: 1.048608, BCE loss: 1.382770, SB loss: 0.765309
2025-03-27 11:53:59,484 Epoch: [12/20] Iter:[170/192], Time: 0.44, lr: [0.003944641391302759], Loss: 3.199818, Acc:0.679795, Semantic loss: 1.056243, BCE loss: 1.377101, SB loss: 0.766474
2025-03-27 11:54:03,348 Epoch: [12/20] Iter:[180/192], Time: 0.44, lr: [0.003918642268074522], Loss: 3.189041, Acc:0.678266, Semantic loss: 1.057937, BCE loss: 1.365338, SB loss: 0.765766
2025-03-27 11:54:07,225 Epoch: [12/20] Iter:[190/192], Time: 0.44, lr: [0.003892623964197378], Loss: 3.190061, Acc:0.677084, Semantic loss: 1.059001, BCE loss: 1.363860, SB loss: 0.767200
2025-03-27 11:55:39,731 0 [0.         0.60502396 0.33618886 0.30780966 0.19242841 0.07247585
 0.09266092] 0.22951252412067127
2025-03-27 11:55:39,731 1 [0.         0.63190112 0.44297911 0.38009998 0.31871413 0.05308314
 0.05371535] 0.2686418321956278
2025-03-27 11:55:39,736 => saving checkpoint to output\loveda\pidnet_small_loveda\aug_hf_gbcheckpoint.pth.tar
2025-03-27 11:55:39,862 Loss: 3.568, MeanIU:  0.2686, Best_mIoU:  0.2686
2025-03-27 11:55:39,862 [0.         0.63190112 0.44297911 0.38009998 0.31871413 0.05308314
 0.05371535]
2025-03-27 11:55:50,024 Epoch: [13/20] Iter:[0/192], Time: 9.97, lr: [0.0038874179879876346], Loss: 3.372423, Acc:0.738282, Semantic loss: 0.967602, BCE loss: 1.721545, SB loss: 0.683277
2025-03-27 11:55:53,910 Epoch: [13/20] Iter:[10/192], Time: 1.26, lr: [0.003861376460123532], Loss: 3.253319, Acc:0.681266, Semantic loss: 1.014129, BCE loss: 1.470781, SB loss: 0.768410
2025-03-27 11:55:57,794 Epoch: [13/20] Iter:[20/192], Time: 0.84, lr: [0.003835315403363414], Loss: 3.205458, Acc:0.693091, Semantic loss: 1.025844, BCE loss: 1.408430, SB loss: 0.771184
2025-03-27 11:56:01,674 Epoch: [13/20] Iter:[30/192], Time: 0.70, lr: [0.00380923465539378], Loss: 3.154021, Acc:0.694515, Semantic loss: 1.014911, BCE loss: 1.384060, SB loss: 0.755049
2025-03-27 11:56:05,531 Epoch: [13/20] Iter:[40/192], Time: 0.62, lr: [0.0037831340513060203], Loss: 3.170168, Acc:0.689414, Semantic loss: 1.024167, BCE loss: 1.395678, SB loss: 0.750323
2025-03-27 11:56:09,415 Epoch: [13/20] Iter:[50/192], Time: 0.58, lr: [0.003757013423534689], Loss: 3.192226, Acc:0.690342, Semantic loss: 1.033984, BCE loss: 1.408502, SB loss: 0.749740
2025-03-27 11:56:13,278 Epoch: [13/20] Iter:[60/192], Time: 0.54, lr: [0.003730872601793835], Loss: 3.190352, Acc:0.685826, Semantic loss: 1.032309, BCE loss: 1.407369, SB loss: 0.750674
2025-03-27 11:56:17,136 Epoch: [13/20] Iter:[70/192], Time: 0.52, lr: [0.0037047114130112895], Loss: 3.179225, Acc:0.685421, Semantic loss: 1.033655, BCE loss: 1.391833, SB loss: 0.753737
2025-03-27 11:56:21,019 Epoch: [13/20] Iter:[80/192], Time: 0.51, lr: [0.0036785296812608405], Loss: 3.175273, Acc:0.685323, Semantic loss: 1.047765, BCE loss: 1.363612, SB loss: 0.763896
2025-03-27 11:56:24,889 Epoch: [13/20] Iter:[90/192], Time: 0.49, lr: [0.003652327227692201], Loss: 3.189665, Acc:0.683970, Semantic loss: 1.049524, BCE loss: 1.373586, SB loss: 0.766556
2025-03-27 11:56:28,758 Epoch: [13/20] Iter:[100/192], Time: 0.48, lr: [0.0036261038704587037], Loss: 3.203814, Acc:0.679646, Semantic loss: 1.049989, BCE loss: 1.385248, SB loss: 0.768577
2025-03-27 11:56:32,622 Epoch: [13/20] Iter:[110/192], Time: 0.47, lr: [0.003599859424642584], Loss: 3.203467, Acc:0.681645, Semantic loss: 1.047610, BCE loss: 1.388160, SB loss: 0.767698
2025-03-27 11:56:36,489 Epoch: [13/20] Iter:[120/192], Time: 0.47, lr: [0.0035735937021778063], Loss: 3.197530, Acc:0.681606, Semantic loss: 1.046816, BCE loss: 1.382900, SB loss: 0.767814
2025-03-27 11:56:40,378 Epoch: [13/20] Iter:[130/192], Time: 0.46, lr: [0.0035473065117702885], Loss: 3.190546, Acc:0.681532, Semantic loss: 1.046218, BCE loss: 1.376394, SB loss: 0.767935
2025-03-27 11:56:44,245 Epoch: [13/20] Iter:[140/192], Time: 0.46, lr: [0.003520997658815433], Loss: 3.179149, Acc:0.680667, Semantic loss: 1.044046, BCE loss: 1.370580, SB loss: 0.764523
2025-03-27 11:56:48,102 Epoch: [13/20] Iter:[150/192], Time: 0.45, lr: [0.003494666945312851], Loss: 3.170493, Acc:0.680483, Semantic loss: 1.042829, BCE loss: 1.363181, SB loss: 0.764483
2025-03-27 11:56:51,973 Epoch: [13/20] Iter:[160/192], Time: 0.45, lr: [0.00346831416977816], Loss: 3.159576, Acc:0.680261, Semantic loss: 1.042219, BCE loss: 1.355400, SB loss: 0.761956
2025-03-27 11:56:55,857 Epoch: [13/20] Iter:[170/192], Time: 0.44, lr: [0.003441939127151716], Loss: 3.161583, Acc:0.681049, Semantic loss: 1.042392, BCE loss: 1.357760, SB loss: 0.761431
2025-03-27 11:56:59,734 Epoch: [13/20] Iter:[180/192], Time: 0.44, lr: [0.0034155416087041646], Loss: 3.154752, Acc:0.681741, Semantic loss: 1.039906, BCE loss: 1.355858, SB loss: 0.758988
2025-03-27 11:57:03,588 Epoch: [13/20] Iter:[190/192], Time: 0.44, lr: [0.0033891214019386652], Loss: 3.152617, Acc:0.681331, Semantic loss: 1.038553, BCE loss: 1.355097, SB loss: 0.758966
2025-03-27 11:58:36,056 0 [0.         0.63000181 0.32378612 0.26362773 0.2328363  0.14008887
 0.07276108] 0.2375859868045142
2025-03-27 11:58:36,057 1 [0.         0.65719063 0.42201396 0.35744052 0.26306188 0.1185929
 0.05071498] 0.2670021254134194
2025-03-27 11:58:36,063 => saving checkpoint to output\loveda\pidnet_small_loveda\aug_hf_gbcheckpoint.pth.tar
2025-03-27 11:58:36,147 Loss: 3.773, MeanIU:  0.2670, Best_mIoU:  0.2686
2025-03-27 11:58:36,147 [0.         0.65719063 0.42201396 0.35744052 0.26306188 0.1185929
 0.05071498]
2025-03-27 11:58:46,359 Epoch: [14/20] Iter:[0/192], Time: 10.02, lr: [0.0033838346190164987], Loss: 3.269480, Acc:0.678415, Semantic loss: 1.022668, BCE loss: 1.536528, SB loss: 0.710284
2025-03-27 11:58:50,215 Epoch: [14/20] Iter:[10/192], Time: 1.26, lr: [0.0033573869003190927], Loss: 3.199215, Acc:0.706036, Semantic loss: 0.990354, BCE loss: 1.462473, SB loss: 0.746388
2025-03-27 11:58:54,078 Epoch: [14/20] Iter:[20/192], Time: 0.84, lr: [0.0033309160120447595], Loss: 3.149195, Acc:0.698745, Semantic loss: 1.000177, BCE loss: 1.401571, SB loss: 0.747447
2025-03-27 11:58:57,941 Epoch: [14/20] Iter:[30/192], Time: 0.70, lr: [0.0033044217289421207], Loss: 3.095527, Acc:0.696752, Semantic loss: 1.003158, BCE loss: 1.355829, SB loss: 0.736540
2025-03-27 11:59:01,815 Epoch: [14/20] Iter:[40/192], Time: 0.62, lr: [0.0032779038215418194], Loss: 3.130923, Acc:0.693902, Semantic loss: 1.021289, BCE loss: 1.367183, SB loss: 0.742451
2025-03-27 11:59:05,700 Epoch: [14/20] Iter:[50/192], Time: 0.58, lr: [0.0032513620560388795], Loss: 3.136094, Acc:0.687551, Semantic loss: 1.014032, BCE loss: 1.376268, SB loss: 0.745795
2025-03-27 11:59:09,572 Epoch: [14/20] Iter:[60/192], Time: 0.54, lr: [0.003224796194170671], Loss: 3.139334, Acc:0.686714, Semantic loss: 1.013970, BCE loss: 1.379896, SB loss: 0.745468
2025-03-27 11:59:13,439 Epoch: [14/20] Iter:[70/192], Time: 0.52, lr: [0.003198205993090303], Loss: 3.123223, Acc:0.685781, Semantic loss: 1.016821, BCE loss: 1.360758, SB loss: 0.745644
2025-03-27 11:59:17,311 Epoch: [14/20] Iter:[80/192], Time: 0.51, lr: [0.0031715912052352204], Loss: 3.123946, Acc:0.688575, Semantic loss: 1.012597, BCE loss: 1.367444, SB loss: 0.743904
2025-03-27 11:59:21,192 Epoch: [14/20] Iter:[90/192], Time: 0.49, lr: [0.0031449515781907557], Loss: 3.119586, Acc:0.690828, Semantic loss: 1.013519, BCE loss: 1.362302, SB loss: 0.743765
2025-03-27 11:59:25,062 Epoch: [14/20] Iter:[100/192], Time: 0.48, lr: [0.003118286854548424], Loss: 3.121801, Acc:0.688838, Semantic loss: 1.019654, BCE loss: 1.358479, SB loss: 0.743668
2025-03-27 11:59:28,927 Epoch: [14/20] Iter:[110/192], Time: 0.47, lr: [0.003091596771758693], Loss: 3.129217, Acc:0.690156, Semantic loss: 1.016590, BCE loss: 1.369137, SB loss: 0.743490
2025-03-27 11:59:32,798 Epoch: [14/20] Iter:[120/192], Time: 0.47, lr: [0.0030648810619779434], Loss: 3.140623, Acc:0.691156, Semantic loss: 1.017672, BCE loss: 1.376464, SB loss: 0.746487
2025-03-27 11:59:36,679 Epoch: [14/20] Iter:[130/192], Time: 0.46, lr: [0.0030381394519093602], Loss: 3.130722, Acc:0.689745, Semantic loss: 1.016445, BCE loss: 1.365971, SB loss: 0.748306
2025-03-27 11:59:40,545 Epoch: [14/20] Iter:[140/192], Time: 0.46, lr: [0.003011371662637431], Loss: 3.122667, Acc:0.690572, Semantic loss: 1.016218, BCE loss: 1.357413, SB loss: 0.749036
2025-03-27 11:59:44,401 Epoch: [14/20] Iter:[150/192], Time: 0.45, lr: [0.0029845774094557345], Loss: 3.129369, Acc:0.690585, Semantic loss: 1.018318, BCE loss: 1.360756, SB loss: 0.750295
2025-03-27 11:59:48,270 Epoch: [14/20] Iter:[160/192], Time: 0.45, lr: [0.002957756401687678], Loss: 3.123356, Acc:0.690386, Semantic loss: 1.019561, BCE loss: 1.355054, SB loss: 0.748741
2025-03-27 11:59:52,152 Epoch: [14/20] Iter:[170/192], Time: 0.44, lr: [0.002930908342499829], Loss: 3.127876, Acc:0.691064, Semantic loss: 1.019997, BCE loss: 1.358090, SB loss: 0.749788
2025-03-27 11:59:56,021 Epoch: [14/20] Iter:[180/192], Time: 0.44, lr: [0.002904032928707437], Loss: 3.122705, Acc:0.691036, Semantic loss: 1.017917, BCE loss: 1.353897, SB loss: 0.750891
2025-03-27 11:59:59,870 Epoch: [14/20] Iter:[190/192], Time: 0.44, lr: [0.0028771298505717554], Loss: 3.129960, Acc:0.689157, Semantic loss: 1.024537, BCE loss: 1.349253, SB loss: 0.756171
2025-03-27 12:01:32,526 0 [0.         0.58955721 0.33479752 0.25251781 0.24635798 0.10065531
 0.09258278] 0.2309240864505603
2025-03-27 12:01:32,526 1 [0.         0.52316253 0.40874698 0.34898611 0.22032605 0.03019474
 0.06683638] 0.2283218259478203
2025-03-27 12:01:32,532 => saving checkpoint to output\loveda\pidnet_small_loveda\aug_hf_gbcheckpoint.pth.tar
2025-03-27 12:01:32,608 Loss: 4.098, MeanIU:  0.2283, Best_mIoU:  0.2686
2025-03-27 12:01:32,608 [0.         0.52316253 0.40874698 0.34898611 0.22032605 0.03019474
 0.06683638]
2025-03-27 12:01:42,687 Epoch: [15/20] Iter:[0/192], Time: 9.89, lr: [0.0028717458874925874], Loss: 3.127470, Acc:0.651374, Semantic loss: 0.981858, BCE loss: 1.388952, SB loss: 0.756660
2025-03-27 12:01:46,569 Epoch: [15/20] Iter:[10/192], Time: 1.25, lr: [0.0028448091937488323], Loss: 2.967749, Acc:0.703066, Semantic loss: 1.000416, BCE loss: 1.240096, SB loss: 0.727238
2025-03-27 12:01:50,447 Epoch: [15/20] Iter:[20/192], Time: 0.84, lr: [0.002817844130111582], Loss: 3.071457, Acc:0.700601, Semantic loss: 1.018789, BCE loss: 1.296369, SB loss: 0.756298
2025-03-27 12:01:54,328 Epoch: [15/20] Iter:[30/192], Time: 0.69, lr: [0.0027908503644035994], Loss: 3.151931, Acc:0.698219, Semantic loss: 1.036472, BCE loss: 1.354783, SB loss: 0.760675
2025-03-27 12:01:58,199 Epoch: [15/20] Iter:[40/192], Time: 0.62, lr: [0.0027638275569424097], Loss: 3.126103, Acc:0.698297, Semantic loss: 1.031363, BCE loss: 1.336763, SB loss: 0.757976
2025-03-27 12:02:02,060 Epoch: [15/20] Iter:[50/192], Time: 0.57, lr: [0.002736775360287257], Loss: 3.067868, Acc:0.700613, Semantic loss: 1.015106, BCE loss: 1.303488, SB loss: 0.749275
2025-03-27 12:02:05,944 Epoch: [15/20] Iter:[60/192], Time: 0.54, lr: [0.002709693418974644], Loss: 3.089713, Acc:0.701117, Semantic loss: 1.022110, BCE loss: 1.313380, SB loss: 0.754222
2025-03-27 12:02:09,801 Epoch: [15/20] Iter:[70/192], Time: 0.52, lr: [0.0026825813692418162], Loss: 3.062047, Acc:0.699105, Semantic loss: 1.013131, BCE loss: 1.299364, SB loss: 0.749552
2025-03-27 12:02:13,677 Epoch: [15/20] Iter:[80/192], Time: 0.50, lr: [0.0026554388387375], Loss: 3.077863, Acc:0.696498, Semantic loss: 1.020340, BCE loss: 1.304400, SB loss: 0.753122
2025-03-27 12:02:17,562 Epoch: [15/20] Iter:[90/192], Time: 0.49, lr: [0.002628265446219161], Loss: 3.075000, Acc:0.698964, Semantic loss: 1.017510, BCE loss: 1.307859, SB loss: 0.749631
2025-03-27 12:02:21,421 Epoch: [15/20] Iter:[100/192], Time: 0.48, lr: [0.002601060801235972], Loss: 3.072890, Acc:0.700992, Semantic loss: 1.014216, BCE loss: 1.310724, SB loss: 0.747950
2025-03-27 12:02:25,291 Epoch: [15/20] Iter:[110/192], Time: 0.47, lr: [0.002573824503796671], Loss: 3.085321, Acc:0.697230, Semantic loss: 1.014977, BCE loss: 1.322360, SB loss: 0.747983
2025-03-27 12:02:29,141 Epoch: [15/20] Iter:[120/192], Time: 0.47, lr: [0.00254655614402138], Loss: 3.099584, Acc:0.694701, Semantic loss: 1.017669, BCE loss: 1.332562, SB loss: 0.749353
2025-03-27 12:02:33,010 Epoch: [15/20] Iter:[130/192], Time: 0.46, lr: [0.0025192553017764118], Loss: 3.099898, Acc:0.694478, Semantic loss: 1.017734, BCE loss: 1.333543, SB loss: 0.748621
2025-03-27 12:02:36,871 Epoch: [15/20] Iter:[140/192], Time: 0.45, lr: [0.002491921546291034], Loss: 3.109696, Acc:0.692023, Semantic loss: 1.019853, BCE loss: 1.341179, SB loss: 0.748665
2025-03-27 12:02:40,733 Epoch: [15/20] Iter:[150/192], Time: 0.45, lr: [0.0024645544357550573], Loss: 3.112478, Acc:0.691710, Semantic loss: 1.020952, BCE loss: 1.342212, SB loss: 0.749315
2025-03-27 12:02:44,595 Epoch: [15/20] Iter:[160/192], Time: 0.45, lr: [0.002437153516896028], Loss: 3.103176, Acc:0.692536, Semantic loss: 1.018578, BCE loss: 1.335195, SB loss: 0.749403
2025-03-27 12:02:48,475 Epoch: [15/20] Iter:[170/192], Time: 0.44, lr: [0.0024097183245347467], Loss: 3.105024, Acc:0.694276, Semantic loss: 1.014637, BCE loss: 1.343457, SB loss: 0.746930
2025-03-27 12:02:52,348 Epoch: [15/20] Iter:[180/192], Time: 0.44, lr: [0.0023822483811177], Loss: 3.101498, Acc:0.695718, Semantic loss: 1.011259, BCE loss: 1.346492, SB loss: 0.743748
2025-03-27 12:02:56,192 Epoch: [15/20] Iter:[190/192], Time: 0.44, lr: [0.002354743196224891], Loss: 3.104247, Acc:0.695826, Semantic loss: 1.012003, BCE loss: 1.345908, SB loss: 0.746336
2025-03-27 12:04:28,634 0 [0.         0.5943394  0.29269607 0.27153432 0.22326122 0.10719689
 0.08980369] 0.22554736918389143
2025-03-27 12:04:28,634 1 [0.         0.64999577 0.32762576 0.34999444 0.21525167 0.0528827
 0.05128667] 0.23529100301910857
2025-03-27 12:04:28,639 => saving checkpoint to output\loveda\pidnet_small_loveda\aug_hf_gbcheckpoint.pth.tar
2025-03-27 12:04:28,716 Loss: 4.115, MeanIU:  0.2353, Best_mIoU:  0.2686
2025-03-27 12:04:28,717 [0.         0.64999577 0.32762576 0.34999444 0.21525167 0.0528827
 0.05128667]
2025-03-27 12:04:38,839 Epoch: [16/20] Iter:[0/192], Time: 9.93, lr: [0.0023492378861760376], Loss: 3.247711, Acc:0.723282, Semantic loss: 0.965248, BCE loss: 1.527231, SB loss: 0.755233
2025-03-27 12:04:42,710 Epoch: [16/20] Iter:[10/192], Time: 1.25, lr: [0.0023216897452738748], Loss: 3.079916, Acc:0.721166, Semantic loss: 0.986270, BCE loss: 1.344223, SB loss: 0.749424
2025-03-27 12:04:46,577 Epoch: [16/20] Iter:[20/192], Time: 0.84, lr: [0.0022941052360858027], Loss: 3.003049, Acc:0.714737, Semantic loss: 0.977709, BCE loss: 1.278211, SB loss: 0.747129
2025-03-27 12:04:50,447 Epoch: [16/20] Iter:[30/192], Time: 0.69, lr: [0.0022664838233947228], Loss: 3.061442, Acc:0.708750, Semantic loss: 0.998594, BCE loss: 1.310122, SB loss: 0.752725
2025-03-27 12:04:54,321 Epoch: [16/20] Iter:[40/192], Time: 0.62, lr: [0.0022388249567421017], Loss: 3.092133, Acc:0.704560, Semantic loss: 0.997386, BCE loss: 1.346024, SB loss: 0.748722
2025-03-27 12:04:58,180 Epoch: [16/20] Iter:[50/192], Time: 0.57, lr: [0.002211128069778427], Loss: 3.070196, Acc:0.705043, Semantic loss: 0.990723, BCE loss: 1.336807, SB loss: 0.742666
2025-03-27 12:05:02,050 Epoch: [16/20] Iter:[60/192], Time: 0.54, lr: [0.0021833925795765436], Loss: 3.101213, Acc:0.702826, Semantic loss: 0.995041, BCE loss: 1.358956, SB loss: 0.747217
2025-03-27 12:05:05,917 Epoch: [16/20] Iter:[70/192], Time: 0.52, lr: [0.0021556178859051967], Loss: 3.102947, Acc:0.700682, Semantic loss: 1.000028, BCE loss: 1.360513, SB loss: 0.742406
2025-03-27 12:05:09,787 Epoch: [16/20] Iter:[80/192], Time: 0.50, lr: [0.002127803370459852], Loss: 3.113986, Acc:0.699623, Semantic loss: 1.000550, BCE loss: 1.370591, SB loss: 0.742845
2025-03-27 12:05:13,640 Epoch: [16/20] Iter:[90/192], Time: 0.49, lr: [0.0020999483960476508], Loss: 3.082912, Acc:0.700836, Semantic loss: 0.992594, BCE loss: 1.353309, SB loss: 0.737009
2025-03-27 12:05:17,533 Epoch: [16/20] Iter:[100/192], Time: 0.48, lr: [0.0020720523057230294], Loss: 3.099930, Acc:0.702343, Semantic loss: 0.994507, BCE loss: 1.370583, SB loss: 0.734840
2025-03-27 12:05:21,423 Epoch: [16/20] Iter:[110/192], Time: 0.47, lr: [0.002044114421870228], Loss: 3.095079, Acc:0.702980, Semantic loss: 0.991561, BCE loss: 1.370783, SB loss: 0.732735
2025-03-27 12:05:25,303 Epoch: [16/20] Iter:[120/192], Time: 0.47, lr: [0.0020161340452285867], Loss: 3.088097, Acc:0.705908, Semantic loss: 0.988668, BCE loss: 1.367090, SB loss: 0.732339
2025-03-27 12:05:29,146 Epoch: [16/20] Iter:[130/192], Time: 0.46, lr: [0.001988110453856112], Loss: 3.076993, Acc:0.703451, Semantic loss: 0.989115, BCE loss: 1.354265, SB loss: 0.733613
2025-03-27 12:05:33,000 Epoch: [16/20] Iter:[140/192], Time: 0.45, lr: [0.0019600429020263607], Loss: 3.083399, Acc:0.702127, Semantic loss: 0.992000, BCE loss: 1.356529, SB loss: 0.734870
2025-03-27 12:05:36,875 Epoch: [16/20] Iter:[150/192], Time: 0.45, lr: [0.0019319306190532476], Loss: 3.083252, Acc:0.702511, Semantic loss: 0.991156, BCE loss: 1.358541, SB loss: 0.733555
2025-03-27 12:05:40,740 Epoch: [16/20] Iter:[160/192], Time: 0.45, lr: [0.0019037728080378042], Loss: 3.085467, Acc:0.700414, Semantic loss: 0.998349, BCE loss: 1.352173, SB loss: 0.734946
2025-03-27 12:05:44,599 Epoch: [16/20] Iter:[170/192], Time: 0.44, lr: [0.0018755686445303314], Loss: 3.072972, Acc:0.701324, Semantic loss: 0.995740, BCE loss: 1.342647, SB loss: 0.734585
2025-03-27 12:05:48,483 Epoch: [16/20] Iter:[180/192], Time: 0.44, lr: [0.001847317275100738], Loss: 3.078116, Acc:0.700895, Semantic loss: 0.998376, BCE loss: 1.344235, SB loss: 0.735505
2025-03-27 12:05:52,328 Epoch: [16/20] Iter:[190/192], Time: 0.44, lr: [0.0018190178158090872], Loss: 3.081961, Acc:0.701021, Semantic loss: 1.001980, BCE loss: 1.344103, SB loss: 0.735879
2025-03-27 12:07:24,972 0 [0.         0.56960357 0.23347391 0.27267604 0.23521633 0.19322567
 0.10000389] 0.22917134372892328
2025-03-27 12:07:24,972 1 [0.         0.62170152 0.26993316 0.35252296 0.29215069 0.10828594
 0.05139755] 0.24228454521134576
2025-03-27 12:07:24,977 => saving checkpoint to output\loveda\pidnet_small_loveda\aug_hf_gbcheckpoint.pth.tar
2025-03-27 12:07:25,067 Loss: 4.017, MeanIU:  0.2423, Best_mIoU:  0.2686
2025-03-27 12:07:25,067 [0.         0.62170152 0.26993316 0.35252296 0.29215069 0.10828594
 0.05139755]
2025-03-27 12:07:35,165 Epoch: [17/20] Iter:[0/192], Time: 9.90, lr: [0.0018133520731367456], Loss: 3.048303, Acc:0.749079, Semantic loss: 0.847635, BCE loss: 1.510660, SB loss: 0.690007
2025-03-27 12:07:39,011 Epoch: [17/20] Iter:[10/192], Time: 1.25, lr: [0.001784993693823396], Loss: 3.041885, Acc:0.701962, Semantic loss: 0.934568, BCE loss: 1.388585, SB loss: 0.718732
2025-03-27 12:07:42,883 Epoch: [17/20] Iter:[20/192], Time: 0.84, lr: [0.0017565851643374117], Loss: 3.070192, Acc:0.706187, Semantic loss: 0.955930, BCE loss: 1.377080, SB loss: 0.737182
2025-03-27 12:07:46,750 Epoch: [17/20] Iter:[30/192], Time: 0.69, lr: [0.0017281254915000803], Loss: 3.117090, Acc:0.699251, Semantic loss: 0.993947, BCE loss: 1.368719, SB loss: 0.754424
2025-03-27 12:07:50,614 Epoch: [17/20] Iter:[40/192], Time: 0.62, lr: [0.0016996136438923032], Loss: 3.107186, Acc:0.695277, Semantic loss: 1.002634, BCE loss: 1.352916, SB loss: 0.751636
2025-03-27 12:07:54,490 Epoch: [17/20] Iter:[50/192], Time: 0.57, lr: [0.0016710485496403851], Loss: 3.097149, Acc:0.697264, Semantic loss: 1.002087, BCE loss: 1.344169, SB loss: 0.750893
2025-03-27 12:07:58,357 Epoch: [17/20] Iter:[60/192], Time: 0.54, lr: [0.0016424290940290059], Loss: 3.077289, Acc:0.703272, Semantic loss: 0.994113, BCE loss: 1.340970, SB loss: 0.742205
2025-03-27 12:08:02,210 Epoch: [17/20] Iter:[70/192], Time: 0.52, lr: [0.0016137541169242962], Loss: 3.046758, Acc:0.702006, Semantic loss: 0.993795, BCE loss: 1.313238, SB loss: 0.739726
2025-03-27 12:08:06,091 Epoch: [17/20] Iter:[80/192], Time: 0.50, lr: [0.0015850224099878446], Loss: 3.056773, Acc:0.706126, Semantic loss: 0.989761, BCE loss: 1.327991, SB loss: 0.739021
2025-03-27 12:08:09,967 Epoch: [17/20] Iter:[90/192], Time: 0.49, lr: [0.001556232713660091], Loss: 3.052924, Acc:0.705121, Semantic loss: 0.987630, BCE loss: 1.329070, SB loss: 0.736224
2025-03-27 12:08:13,858 Epoch: [17/20] Iter:[100/192], Time: 0.48, lr: [0.0015273837138888994], Loss: 3.055436, Acc:0.706801, Semantic loss: 0.985153, BCE loss: 1.336583, SB loss: 0.733700
2025-03-27 12:08:17,726 Epoch: [17/20] Iter:[110/192], Time: 0.47, lr: [0.0014984740385759552], Loss: 3.068157, Acc:0.704485, Semantic loss: 0.988326, BCE loss: 1.345482, SB loss: 0.734350
2025-03-27 12:08:21,582 Epoch: [17/20] Iter:[120/192], Time: 0.47, lr: [0.0014695022537100475], Loss: 3.075459, Acc:0.700932, Semantic loss: 0.992905, BCE loss: 1.344271, SB loss: 0.738283
2025-03-27 12:08:25,453 Epoch: [17/20] Iter:[130/192], Time: 0.46, lr: [0.0014404668591521846], Loss: 3.071704, Acc:0.700796, Semantic loss: 0.995084, BCE loss: 1.337750, SB loss: 0.738870
2025-03-27 12:08:29,346 Epoch: [17/20] Iter:[140/192], Time: 0.45, lr: [0.0014113662840326588], Loss: 3.071649, Acc:0.702415, Semantic loss: 0.995963, BCE loss: 1.335953, SB loss: 0.739733
2025-03-27 12:08:33,213 Epoch: [17/20] Iter:[150/192], Time: 0.45, lr: [0.0013821988817145786], Loss: 3.070120, Acc:0.703886, Semantic loss: 0.994359, BCE loss: 1.338743, SB loss: 0.737018
2025-03-27 12:08:37,112 Epoch: [17/20] Iter:[160/192], Time: 0.45, lr: [0.0013529629242719093], Loss: 3.070047, Acc:0.704641, Semantic loss: 0.994911, BCE loss: 1.338656, SB loss: 0.736480
2025-03-27 12:08:40,974 Epoch: [17/20] Iter:[170/192], Time: 0.44, lr: [0.0013236565964223801], Loss: 3.071112, Acc:0.705270, Semantic loss: 0.994274, BCE loss: 1.341668, SB loss: 0.735170
2025-03-27 12:08:44,840 Epoch: [17/20] Iter:[180/192], Time: 0.44, lr: [0.0012942779888466518], Loss: 3.072055, Acc:0.704678, Semantic loss: 0.995402, BCE loss: 1.342223, SB loss: 0.734431
2025-03-27 12:08:48,689 Epoch: [17/20] Iter:[190/192], Time: 0.44, lr: [0.0012648250908145803], Loss: 3.067427, Acc:0.703897, Semantic loss: 0.995167, BCE loss: 1.339329, SB loss: 0.732931
2025-03-27 12:10:21,086 0 [0.         0.58400376 0.30812903 0.27596575 0.21992862 0.11921975
 0.11339496] 0.2315202659462706
2025-03-27 12:10:21,086 1 [0.         0.63522417 0.418197   0.35178915 0.24453822 0.05307592
 0.0782771 ] 0.2544430797453057
2025-03-27 12:10:21,091 => saving checkpoint to output\loveda\pidnet_small_loveda\aug_hf_gbcheckpoint.pth.tar
2025-03-27 12:10:21,169 Loss: 4.068, MeanIU:  0.2544, Best_mIoU:  0.2686
2025-03-27 12:10:21,169 [0.         0.63522417 0.418197   0.35178915 0.24453822 0.05307592
 0.0782771 ]
2025-03-27 12:10:31,307 Epoch: [18/20] Iter:[0/192], Time: 9.95, lr: [0.001258925411794167], Loss: 2.869297, Acc:0.646022, Semantic loss: 0.892954, BCE loss: 1.293415, SB loss: 0.682927
2025-03-27 12:10:35,177 Epoch: [18/20] Iter:[10/192], Time: 1.26, lr: [0.0012293805561511607], Loss: 3.149388, Acc:0.708368, Semantic loss: 1.016177, BCE loss: 1.385974, SB loss: 0.747237
2025-03-27 12:10:39,034 Epoch: [18/20] Iter:[20/192], Time: 0.84, lr: [0.0011997565879500753], Loss: 3.122626, Acc:0.710532, Semantic loss: 1.016945, BCE loss: 1.346258, SB loss: 0.759422
2025-03-27 12:10:42,901 Epoch: [18/20] Iter:[30/192], Time: 0.69, lr: [0.0011700511125444005], Loss: 3.103673, Acc:0.713508, Semantic loss: 1.019816, BCE loss: 1.331482, SB loss: 0.752374
2025-03-27 12:10:46,758 Epoch: [18/20] Iter:[40/192], Time: 0.62, lr: [0.0011402615929770753], Loss: 3.079617, Acc:0.712605, Semantic loss: 0.998940, BCE loss: 1.337517, SB loss: 0.743160
2025-03-27 12:10:50,628 Epoch: [18/20] Iter:[50/192], Time: 0.57, lr: [0.0011103853371305413], Loss: 3.041265, Acc:0.713975, Semantic loss: 0.985931, BCE loss: 1.323036, SB loss: 0.732299
2025-03-27 12:10:54,500 Epoch: [18/20] Iter:[60/192], Time: 0.54, lr: [0.001080419483295973], Loss: 3.014609, Acc:0.716496, Semantic loss: 0.980471, BCE loss: 1.309310, SB loss: 0.724827
2025-03-27 12:10:58,360 Epoch: [18/20] Iter:[70/192], Time: 0.52, lr: [0.0010503609839122385], Loss: 3.045429, Acc:0.715168, Semantic loss: 0.987582, BCE loss: 1.332269, SB loss: 0.725578
2025-03-27 12:11:02,214 Epoch: [18/20] Iter:[80/192], Time: 0.50, lr: [0.0010202065871765603], Loss: 3.057226, Acc:0.709318, Semantic loss: 0.996230, BCE loss: 1.335469, SB loss: 0.725527
2025-03-27 12:11:06,088 Epoch: [18/20] Iter:[90/192], Time: 0.49, lr: [0.000989952816168914], Loss: 3.061811, Acc:0.710359, Semantic loss: 0.994711, BCE loss: 1.340070, SB loss: 0.727030
2025-03-27 12:11:09,946 Epoch: [18/20] Iter:[100/192], Time: 0.48, lr: [0.0009595959450576828], Loss: 3.052466, Acc:0.710563, Semantic loss: 0.988865, BCE loss: 1.338276, SB loss: 0.725325
2025-03-27 12:11:13,787 Epoch: [18/20] Iter:[110/192], Time: 0.47, lr: [0.000929131971860904], Loss: 3.036143, Acc:0.709186, Semantic loss: 0.987641, BCE loss: 1.322402, SB loss: 0.726100
2025-03-27 12:11:17,652 Epoch: [18/20] Iter:[120/192], Time: 0.47, lr: [0.0008985565871200918], Loss: 3.032841, Acc:0.709899, Semantic loss: 0.983761, BCE loss: 1.325357, SB loss: 0.723724
2025-03-27 12:11:21,533 Epoch: [18/20] Iter:[130/192], Time: 0.46, lr: [0.0008678651376944955], Loss: 3.040658, Acc:0.712307, Semantic loss: 0.981798, BCE loss: 1.335157, SB loss: 0.723703
2025-03-27 12:11:25,393 Epoch: [18/20] Iter:[140/192], Time: 0.45, lr: [0.000837052584692747], Loss: 3.051018, Acc:0.711855, Semantic loss: 0.982027, BCE loss: 1.344445, SB loss: 0.724545
2025-03-27 12:11:29,263 Epoch: [18/20] Iter:[150/192], Time: 0.45, lr: [0.000806113454312208], Loss: 3.047171, Acc:0.711545, Semantic loss: 0.983907, BCE loss: 1.337756, SB loss: 0.725508
2025-03-27 12:11:33,134 Epoch: [18/20] Iter:[160/192], Time: 0.45, lr: [0.0007750417800344363], Loss: 3.039668, Acc:0.711579, Semantic loss: 0.981110, BCE loss: 1.332885, SB loss: 0.725674
2025-03-27 12:11:37,002 Epoch: [18/20] Iter:[170/192], Time: 0.44, lr: [0.0007438310342008949], Loss: 3.046569, Acc:0.709375, Semantic loss: 0.987276, BCE loss: 1.331347, SB loss: 0.727946
2025-03-27 12:11:40,879 Epoch: [18/20] Iter:[180/192], Time: 0.44, lr: [0.0007124740464272778], Loss: 3.044978, Acc:0.709297, Semantic loss: 0.986403, BCE loss: 1.332314, SB loss: 0.726261
2025-03-27 12:11:44,729 Epoch: [18/20] Iter:[190/192], Time: 0.44, lr: [0.0006809629055511224], Loss: 3.049160, Acc:0.709336, Semantic loss: 0.986742, BCE loss: 1.334609, SB loss: 0.727809
2025-03-27 12:13:17,250 0 [0.         0.58925825 0.29008997 0.26499721 0.22333657 0.10372157
 0.1041958 ] 0.22508562237575863
2025-03-27 12:13:17,251 1 [0.         0.6335693  0.31561346 0.32405506 0.24563886 0.08206009
 0.09151674] 0.24177907311744387
2025-03-27 12:13:17,256 => saving checkpoint to output\loveda\pidnet_small_loveda\aug_hf_gbcheckpoint.pth.tar
2025-03-27 12:13:17,335 Loss: 4.465, MeanIU:  0.2418, Best_mIoU:  0.2686
2025-03-27 12:13:17,335 [0.         0.6335693  0.31561346 0.32405506 0.24563886 0.08206009
 0.09151674]
2025-03-27 12:13:27,427 Epoch: [19/20] Iter:[0/192], Time: 9.90, lr: [0.0006746414238367822], Loss: 3.304846, Acc:0.660896, Semantic loss: 1.104434, BCE loss: 1.406670, SB loss: 0.793742
2025-03-27 12:13:31,292 Epoch: [19/20] Iter:[10/192], Time: 1.25, lr: [0.0006429336362339898], Loss: 3.076066, Acc:0.687502, Semantic loss: 1.011841, BCE loss: 1.313327, SB loss: 0.750898
2025-03-27 12:13:35,132 Epoch: [19/20] Iter:[20/192], Time: 0.84, lr: [0.0006110510578510947], Loss: 3.044210, Acc:0.685808, Semantic loss: 1.011898, BCE loss: 1.267300, SB loss: 0.765012
2025-03-27 12:13:39,010 Epoch: [19/20] Iter:[30/192], Time: 0.69, lr: [0.0005789824653018995], Loss: 3.022048, Acc:0.698479, Semantic loss: 1.008656, BCE loss: 1.266424, SB loss: 0.746968
2025-03-27 12:13:42,877 Epoch: [19/20] Iter:[40/192], Time: 0.62, lr: [0.0005467151732202777], Loss: 3.061248, Acc:0.699406, Semantic loss: 1.008439, BCE loss: 1.310282, SB loss: 0.742526
2025-03-27 12:13:46,742 Epoch: [19/20] Iter:[50/192], Time: 0.57, lr: [0.0005142347343351296], Loss: 3.062879, Acc:0.704315, Semantic loss: 1.005046, BCE loss: 1.313896, SB loss: 0.743937
2025-03-27 12:13:50,617 Epoch: [19/20] Iter:[60/192], Time: 0.54, lr: [0.0004815245523312483], Loss: 3.035661, Acc:0.708237, Semantic loss: 0.994441, BCE loss: 1.304161, SB loss: 0.737058
2025-03-27 12:13:54,486 Epoch: [19/20] Iter:[70/192], Time: 0.52, lr: [0.000448565373510549], Loss: 3.021707, Acc:0.711649, Semantic loss: 0.987500, BCE loss: 1.299842, SB loss: 0.734364
2025-03-27 12:13:58,341 Epoch: [19/20] Iter:[80/192], Time: 0.50, lr: [0.00041533460609889997], Loss: 3.036974, Acc:0.711199, Semantic loss: 0.987949, BCE loss: 1.316665, SB loss: 0.732360
2025-03-27 12:14:02,203 Epoch: [19/20] Iter:[90/192], Time: 0.49, lr: [0.00038180538785330436], Loss: 3.037457, Acc:0.710535, Semantic loss: 0.992216, BCE loss: 1.311528, SB loss: 0.733712
2025-03-27 12:14:06,072 Epoch: [19/20] Iter:[100/192], Time: 0.48, lr: [0.00034794527452517863], Loss: 3.019827, Acc:0.710568, Semantic loss: 0.985367, BCE loss: 1.305215, SB loss: 0.729245
2025-03-27 12:14:09,950 Epoch: [19/20] Iter:[110/192], Time: 0.47, lr: [0.00031371433588231993], Loss: 3.010271, Acc:0.713441, Semantic loss: 0.981829, BCE loss: 1.300913, SB loss: 0.727528
2025-03-27 12:14:13,820 Epoch: [19/20] Iter:[120/192], Time: 0.47, lr: [0.0002790622842837163], Loss: 3.014317, Acc:0.715700, Semantic loss: 0.981157, BCE loss: 1.306291, SB loss: 0.726870
2025-03-27 12:14:17,690 Epoch: [19/20] Iter:[130/192], Time: 0.46, lr: [0.0002439239356353784], Loss: 3.012623, Acc:0.716620, Semantic loss: 0.979224, BCE loss: 1.309027, SB loss: 0.724371
2025-03-27 12:14:21,549 Epoch: [19/20] Iter:[140/192], Time: 0.45, lr: [0.00020821159321002047], Loss: 3.019424, Acc:0.716128, Semantic loss: 0.979223, BCE loss: 1.316829, SB loss: 0.723372
2025-03-27 12:14:25,414 Epoch: [19/20] Iter:[150/192], Time: 0.45, lr: [0.00017180122628828942], Loss: 3.029527, Acc:0.715313, Semantic loss: 0.978528, BCE loss: 1.328214, SB loss: 0.722785
2025-03-27 12:14:29,301 Epoch: [19/20] Iter:[160/192], Time: 0.45, lr: [0.00013450451987183818], Loss: 3.024129, Acc:0.715709, Semantic loss: 0.975693, BCE loss: 1.328796, SB loss: 0.719640
2025-03-27 12:14:33,178 Epoch: [19/20] Iter:[170/192], Time: 0.44, lr: [9.600244875192536e-05], Loss: 3.028468, Acc:0.714631, Semantic loss: 0.975775, BCE loss: 1.333314, SB loss: 0.719378
2025-03-27 12:14:37,061 Epoch: [19/20] Iter:[180/192], Time: 0.44, lr: [5.563716848048335e-05], Loss: 3.034587, Acc:0.714939, Semantic loss: 0.977979, BCE loss: 1.336851, SB loss: 0.719758
2025-03-27 12:14:40,902 Epoch: [19/20] Iter:[190/192], Time: 0.44, lr: [1.1092486125349496e-05], Loss: 3.024064, Acc:0.714052, Semantic loss: 0.976059, BCE loss: 1.329992, SB loss: 0.718013
2025-03-27 12:16:13,377 0 [0.         0.58537024 0.31509098 0.27853483 0.1921843  0.12788515
 0.11394975] 0.23043074883334042
2025-03-27 12:16:13,377 1 [0.         0.63219839 0.33440839 0.35392585 0.20018928 0.05812626
 0.06997802] 0.23554659802728645
2025-03-27 12:16:13,383 => saving checkpoint to output\loveda\pidnet_small_loveda\aug_hf_gbcheckpoint.pth.tar
2025-03-27 12:16:13,461 Loss: 4.256, MeanIU:  0.2355, Best_mIoU:  0.2686
2025-03-27 12:16:13,461 [0.         0.63219839 0.33440839 0.35392585 0.20018928 0.05812626
 0.06997802]
2025-03-27 12:16:13,502 Hours: 0
2025-03-27 12:16:13,502 Done
