2025-03-22 12:27:28,465 Namespace(cfg='configs/loveda/pidnet_small_loveda.yaml', seed=304, opts=[])
2025-03-22 12:27:28,465 AUTO_RESUME: False
CUDNN:
  BENCHMARK: True
  DETERMINISTIC: False
  ENABLED: True
DATASET:
  DATASET: loveda
  EXTRA_TRAIN_SET: 
  NUM_CLASSES: 7
  ROOT: data/
  TEST_SET: list/loveda/urban_rural/val.lst
  TRAIN_SET: list/loveda/urban_rural/train.lst
GPUS: (0,)
LOG_DIR: log
LOSS:
  BALANCE_WEIGHTS: [0.4, 1.0]
  CLASS_BALANCE: False
  OHEMKEEP: 131072
  OHEMTHRES: 0.9
  SB_WEIGHTS: 1.0
  USE_OHEM: True
MODEL:
  ALIGN_CORNERS: True
  NAME: pidnet_small
  NUM_OUTPUTS: 2
  PRETRAINED: pretrained_models/imagenet/PIDNet_S_ImageNet.pth.tar
OUTPUT_DIR: output
PIN_MEMORY: True
PRINT_FREQ: 10
TEST:
  BASE_SIZE: 2048
  BATCH_SIZE_PER_GPU: 6
  FLIP_TEST: False
  IMAGE_SIZE: [2048, 1024]
  MODEL_FILE: output/loveda/pidnet_small_loveda/final_state.pt
  MULTI_SCALE: False
  OUTPUT_INDEX: 1
TRAIN:
  AUGMENTATION:
    ENABLE: True
    PROBABILITY: 0.5
    TECHNIQUES:
      GAUSSIAN_BLUR: True
      HORIZONTAL_FLIP: True
      MULTIPLY: False
      RANDOM_BRIGHTNESS: False
  BASE_SIZE: 2048
  BATCH_SIZE_PER_GPU: 6
  BEGIN_EPOCH: 0
  END_EPOCH: 20
  EXTRA_EPOCH: 0
  EXTRA_LR: 0.001
  FLIP: False
  IGNORE_LABEL: 0
  IMAGE_SIZE: [1024, 1024]
  LR: 0.01
  MOMENTUM: 0.9
  MULTI_SCALE: False
  NESTEROV: False
  OPTIMIZER: sgd
  RESUME: True
  SCALE_FACTOR: 16
  SHUFFLE: True
  WD: 0.0005
WORKERS: 4
2025-03-22 12:27:28,575 Attention!!!
2025-03-22 12:27:28,575 Loaded 302 parameters!
2025-03-22 12:27:28,575 Over!!!
2025-03-22 12:27:42,102 Epoch: [0/20] Iter:[0/192], Time: 13.42, lr: [0.01], Loss: 16.267487, Acc:0.129670, Semantic loss: 7.005124, BCE loss: 3.861845, SB loss: 5.400517
2025-03-22 12:27:46,094 Epoch: [0/20] Iter:[10/192], Time: 1.57, lr: [0.009976559445324192], Loss: 11.708001, Acc:0.307382, Semantic loss: 5.257168, BCE loss: 2.619677, SB loss: 3.831155
2025-03-22 12:27:49,990 Epoch: [0/20] Iter:[20/192], Time: 1.01, lr: [0.009953112769592761], Loss: 9.366204, Acc:0.364148, Semantic loss: 4.208227, BCE loss: 2.292823, SB loss: 2.865155
2025-03-22 12:27:53,873 Epoch: [0/20] Iter:[30/192], Time: 0.81, lr: [0.009929659955177281], Loss: 7.979436, Acc:0.397090, Semantic loss: 3.542390, BCE loss: 2.105691, SB loss: 2.331355
2025-03-22 12:27:57,714 Epoch: [0/20] Iter:[40/192], Time: 0.70, lr: [0.009906200984352154], Loss: 7.161082, Acc:0.403400, Semantic loss: 3.169351, BCE loss: 1.972538, SB loss: 2.019193
2025-03-22 12:28:01,561 Epoch: [0/20] Iter:[50/192], Time: 0.64, lr: [0.009882735839293803], Loss: 6.602454, Acc:0.427236, Semantic loss: 2.900575, BCE loss: 1.884059, SB loss: 1.817819
2025-03-22 12:28:05,394 Epoch: [0/20] Iter:[60/192], Time: 0.60, lr: [0.00985926450207989], Loss: 6.265683, Acc:0.434105, Semantic loss: 2.732458, BCE loss: 1.830654, SB loss: 1.702571
2025-03-22 12:28:09,233 Epoch: [0/20] Iter:[70/192], Time: 0.57, lr: [0.009835786954688485], Loss: 6.005999, Acc:0.439878, Semantic loss: 2.600265, BCE loss: 1.789014, SB loss: 1.616720
2025-03-22 12:28:13,083 Epoch: [0/20] Iter:[80/192], Time: 0.55, lr: [0.00981230317899726], Loss: 5.866470, Acc:0.444266, Semantic loss: 2.511426, BCE loss: 1.756673, SB loss: 1.598371
2025-03-22 12:28:16,922 Epoch: [0/20] Iter:[90/192], Time: 0.53, lr: [0.009788813156782662], Loss: 5.723694, Acc:0.447285, Semantic loss: 2.444485, BCE loss: 1.742426, SB loss: 1.536783
2025-03-22 12:28:20,758 Epoch: [0/20] Iter:[100/192], Time: 0.51, lr: [0.009765316869719067], Loss: 5.607570, Acc:0.448397, Semantic loss: 2.387748, BCE loss: 1.720554, SB loss: 1.499267
2025-03-22 12:28:24,605 Epoch: [0/20] Iter:[110/192], Time: 0.50, lr: [0.009741814299377942], Loss: 5.498296, Acc:0.448474, Semantic loss: 2.333727, BCE loss: 1.696929, SB loss: 1.467640
2025-03-22 12:28:28,455 Epoch: [0/20] Iter:[120/192], Time: 0.49, lr: [0.009718305427226986], Loss: 5.395527, Acc:0.452221, Semantic loss: 2.279011, BCE loss: 1.689490, SB loss: 1.427026
2025-03-22 12:28:32,318 Epoch: [0/20] Iter:[130/192], Time: 0.48, lr: [0.009694790234629266], Loss: 5.306637, Acc:0.457577, Semantic loss: 2.226326, BCE loss: 1.678944, SB loss: 1.401367
2025-03-22 12:28:36,165 Epoch: [0/20] Iter:[140/192], Time: 0.48, lr: [0.009671268702842338], Loss: 5.236282, Acc:0.459149, Semantic loss: 2.200006, BCE loss: 1.661635, SB loss: 1.374641
2025-03-22 12:28:40,002 Epoch: [0/20] Iter:[150/192], Time: 0.47, lr: [0.009647740813017376], Loss: 5.169511, Acc:0.460508, Semantic loss: 2.169439, BCE loss: 1.647883, SB loss: 1.352188
2025-03-22 12:28:43,868 Epoch: [0/20] Iter:[160/192], Time: 0.47, lr: [0.009624206546198262], Loss: 5.125890, Acc:0.464215, Semantic loss: 2.143820, BCE loss: 1.650559, SB loss: 1.331512
2025-03-22 12:28:47,711 Epoch: [0/20] Iter:[170/192], Time: 0.46, lr: [0.009600665883320689], Loss: 5.070145, Acc:0.468432, Semantic loss: 2.109998, BCE loss: 1.648352, SB loss: 1.311795
2025-03-22 12:28:51,565 Epoch: [0/20] Iter:[180/192], Time: 0.46, lr: [0.009577118805211254], Loss: 5.012644, Acc:0.471681, Semantic loss: 2.081594, BCE loss: 1.643513, SB loss: 1.287536
2025-03-22 12:28:55,391 Epoch: [0/20] Iter:[190/192], Time: 0.45, lr: [0.009553565292586523], Loss: 4.956426, Acc:0.474139, Semantic loss: 2.051969, BCE loss: 1.637318, SB loss: 1.267139
2025-03-22 12:30:29,076 0 [0.         0.5133241  0.12915582 0.02083887 0.14722134 0.10434436
 0.03698178] 0.13598089556948065
2025-03-22 12:30:29,076 1 [0.         0.56421753 0.24156139 0.02501353 0.12110473 0.17084623
 0.02279982] 0.16364903182919574
2025-03-22 12:30:29,081 => saving checkpoint to output\loveda\pidnet_small_loveda\aug_hf_gbcheckpoint.pth.tar
2025-03-22 12:30:29,197 Loss: 4.463, MeanIU:  0.1636, Best_mIoU:  0.1636
2025-03-22 12:30:29,197 [0.         0.56421753 0.24156139 0.02501353 0.12110473 0.17084623
 0.02279982]
2025-03-22 12:30:39,427 Epoch: [1/20] Iter:[0/192], Time: 10.04, lr: [0.009548853816214998], Loss: 4.297637, Acc:0.429314, Semantic loss: 1.765854, BCE loss: 1.436980, SB loss: 1.094803
2025-03-22 12:30:43,274 Epoch: [1/20] Iter:[10/192], Time: 1.26, lr: [0.009525292556561479], Loss: 4.118508, Acc:0.511743, Semantic loss: 1.625423, BCE loss: 1.479484, SB loss: 1.013601
2025-03-22 12:30:47,125 Epoch: [1/20] Iter:[20/192], Time: 0.84, lr: [0.00950172481957719], Loss: 4.074277, Acc:0.517754, Semantic loss: 1.597847, BCE loss: 1.505072, SB loss: 0.971357
2025-03-22 12:30:50,969 Epoch: [1/20] Iter:[30/192], Time: 0.70, lr: [0.009478150585620286], Loss: 4.044769, Acc:0.521511, Semantic loss: 1.595086, BCE loss: 1.470848, SB loss: 0.978835
2025-03-22 12:30:54,832 Epoch: [1/20] Iter:[40/192], Time: 0.62, lr: [0.009454569834934885], Loss: 4.095078, Acc:0.517141, Semantic loss: 1.603860, BCE loss: 1.488043, SB loss: 1.003176
2025-03-22 12:30:58,689 Epoch: [1/20] Iter:[50/192], Time: 0.57, lr: [0.009430982547650114], Loss: 4.127490, Acc:0.514540, Semantic loss: 1.600668, BCE loss: 1.515826, SB loss: 1.010997
2025-03-22 12:31:02,536 Epoch: [1/20] Iter:[60/192], Time: 0.54, lr: [0.009407388703779091], Loss: 4.156426, Acc:0.516977, Semantic loss: 1.597117, BCE loss: 1.528037, SB loss: 1.031273
2025-03-22 12:31:06,402 Epoch: [1/20] Iter:[70/192], Time: 0.52, lr: [0.009383788283217955], Loss: 4.130662, Acc:0.523417, Semantic loss: 1.581056, BCE loss: 1.531880, SB loss: 1.017727
2025-03-22 12:31:10,237 Epoch: [1/20] Iter:[80/192], Time: 0.50, lr: [0.00936018126574482], Loss: 4.136757, Acc:0.519332, Semantic loss: 1.595033, BCE loss: 1.519863, SB loss: 1.021861
2025-03-22 12:31:14,095 Epoch: [1/20] Iter:[90/192], Time: 0.49, lr: [0.009336567631018769], Loss: 4.129668, Acc:0.522690, Semantic loss: 1.580673, BCE loss: 1.536591, SB loss: 1.012405
2025-03-22 12:31:17,957 Epoch: [1/20] Iter:[100/192], Time: 0.48, lr: [0.009312947358578814], Loss: 4.128511, Acc:0.528111, Semantic loss: 1.566453, BCE loss: 1.549428, SB loss: 1.012630
2025-03-22 12:31:21,807 Epoch: [1/20] Iter:[110/192], Time: 0.47, lr: [0.009289320427842841], Loss: 4.088464, Acc:0.528218, Semantic loss: 1.557905, BCE loss: 1.530609, SB loss: 0.999950
2025-03-22 12:31:25,647 Epoch: [1/20] Iter:[120/192], Time: 0.46, lr: [0.009265686818106552], Loss: 4.061125, Acc:0.528906, Semantic loss: 1.551686, BCE loss: 1.520312, SB loss: 0.989127
2025-03-22 12:31:29,503 Epoch: [1/20] Iter:[130/192], Time: 0.46, lr: [0.009242046508542393], Loss: 4.046174, Acc:0.532183, Semantic loss: 1.540520, BCE loss: 1.522991, SB loss: 0.982662
2025-03-22 12:31:33,322 Epoch: [1/20] Iter:[140/192], Time: 0.45, lr: [0.009218399478198466], Loss: 4.026238, Acc:0.532215, Semantic loss: 1.531490, BCE loss: 1.515104, SB loss: 0.979643
2025-03-22 12:31:37,161 Epoch: [1/20] Iter:[150/192], Time: 0.45, lr: [0.009194745705997428], Loss: 4.011287, Acc:0.531812, Semantic loss: 1.526846, BCE loss: 1.506728, SB loss: 0.977713
2025-03-22 12:31:40,984 Epoch: [1/20] Iter:[160/192], Time: 0.44, lr: [0.00917108517073538], Loss: 3.999283, Acc:0.533142, Semantic loss: 1.519137, BCE loss: 1.505830, SB loss: 0.974316
2025-03-22 12:31:44,832 Epoch: [1/20] Iter:[170/192], Time: 0.44, lr: [0.00914741785108075], Loss: 3.988324, Acc:0.534649, Semantic loss: 1.511196, BCE loss: 1.505322, SB loss: 0.971806
2025-03-22 12:31:48,680 Epoch: [1/20] Iter:[180/192], Time: 0.44, lr: [0.00912374372557314], Loss: 3.970309, Acc:0.536422, Semantic loss: 1.501992, BCE loss: 1.502020, SB loss: 0.966298
2025-03-22 12:31:52,514 Epoch: [1/20] Iter:[190/192], Time: 0.44, lr: [0.009100062772622186], Loss: 3.965540, Acc:0.537279, Semantic loss: 1.499192, BCE loss: 1.500815, SB loss: 0.965534
2025-03-22 12:33:25,840 0 [0.         0.55201354 0.153603   0.07256842 0.19728145 0.11679323
 0.0435591 ] 0.16225981956247856
2025-03-22 12:33:25,841 1 [0.         0.43255029 0.18193555 0.11217343 0.37696591 0.13182791
 0.0256176 ] 0.18015295704641748
2025-03-22 12:33:25,846 => saving checkpoint to output\loveda\pidnet_small_loveda\aug_hf_gbcheckpoint.pth.tar
2025-03-22 12:33:25,974 Loss: 4.050, MeanIU:  0.1802, Best_mIoU:  0.1802
2025-03-22 12:33:25,974 [0.         0.43255029 0.18193555 0.11217343 0.37696591 0.13182791
 0.0256176 ]
2025-03-22 12:33:36,303 Epoch: [2/20] Iter:[0/192], Time: 10.14, lr: [0.009095325760829623], Loss: 3.384974, Acc:0.527147, Semantic loss: 1.562435, BCE loss: 1.030999, SB loss: 0.791540
2025-03-22 12:33:40,188 Epoch: [2/20] Iter:[10/192], Time: 1.27, lr: [0.009071636586262652], Loss: 3.754330, Acc:0.562583, Semantic loss: 1.389991, BCE loss: 1.509328, SB loss: 0.855011
2025-03-22 12:33:44,050 Epoch: [2/20] Iter:[20/192], Time: 0.85, lr: [0.009047940536290279], Loss: 3.718820, Acc:0.567389, Semantic loss: 1.358269, BCE loss: 1.491957, SB loss: 0.868594
2025-03-22 12:33:47,930 Epoch: [2/20] Iter:[30/192], Time: 0.70, lr: [0.009024237588898336], Loss: 3.721920, Acc:0.569853, Semantic loss: 1.376143, BCE loss: 1.434337, SB loss: 0.911440
2025-03-22 12:33:51,786 Epoch: [2/20] Iter:[40/192], Time: 0.62, lr: [0.009000527721937697], Loss: 3.739744, Acc:0.556363, Semantic loss: 1.386998, BCE loss: 1.424123, SB loss: 0.928623
2025-03-22 12:33:55,642 Epoch: [2/20] Iter:[50/192], Time: 0.58, lr: [0.008976810913123051], Loss: 3.760265, Acc:0.551430, Semantic loss: 1.389757, BCE loss: 1.436028, SB loss: 0.934479
2025-03-22 12:33:59,518 Epoch: [2/20] Iter:[60/192], Time: 0.55, lr: [0.008953087140031669], Loss: 3.770695, Acc:0.548364, Semantic loss: 1.403364, BCE loss: 1.425120, SB loss: 0.942211
2025-03-22 12:34:03,411 Epoch: [2/20] Iter:[70/192], Time: 0.52, lr: [0.008929356380102142], Loss: 3.761248, Acc:0.549032, Semantic loss: 1.400555, BCE loss: 1.432119, SB loss: 0.928573
2025-03-22 12:34:07,324 Epoch: [2/20] Iter:[80/192], Time: 0.51, lr: [0.008905618610633112], Loss: 3.762051, Acc:0.555339, Semantic loss: 1.388109, BCE loss: 1.451932, SB loss: 0.922010
2025-03-22 12:34:11,236 Epoch: [2/20] Iter:[90/192], Time: 0.50, lr: [0.008881873808781991], Loss: 3.756759, Acc:0.560826, Semantic loss: 1.378531, BCE loss: 1.457045, SB loss: 0.921182
2025-03-22 12:34:15,121 Epoch: [2/20] Iter:[100/192], Time: 0.48, lr: [0.008858121951563658], Loss: 3.756474, Acc:0.560964, Semantic loss: 1.380706, BCE loss: 1.446741, SB loss: 0.929028
2025-03-22 12:34:19,023 Epoch: [2/20] Iter:[110/192], Time: 0.48, lr: [0.008834363015849136], Loss: 3.739924, Acc:0.564331, Semantic loss: 1.373869, BCE loss: 1.446166, SB loss: 0.919889
2025-03-22 12:34:22,933 Epoch: [2/20] Iter:[120/192], Time: 0.47, lr: [0.008810596978364274], Loss: 3.747694, Acc:0.566240, Semantic loss: 1.372020, BCE loss: 1.454692, SB loss: 0.920982
2025-03-22 12:34:26,816 Epoch: [2/20] Iter:[130/192], Time: 0.46, lr: [0.008786823815688379], Loss: 3.742514, Acc:0.567093, Semantic loss: 1.370846, BCE loss: 1.453553, SB loss: 0.918115
2025-03-22 12:34:30,703 Epoch: [2/20] Iter:[140/192], Time: 0.46, lr: [0.008763043504252865], Loss: 3.741899, Acc:0.569538, Semantic loss: 1.364454, BCE loss: 1.461652, SB loss: 0.915793
2025-03-22 12:34:34,585 Epoch: [2/20] Iter:[150/192], Time: 0.45, lr: [0.008739256020339866], Loss: 3.732365, Acc:0.568517, Semantic loss: 1.361666, BCE loss: 1.455852, SB loss: 0.914847
2025-03-22 12:34:38,469 Epoch: [2/20] Iter:[160/192], Time: 0.45, lr: [0.00871546134008083], Loss: 3.731244, Acc:0.568924, Semantic loss: 1.360759, BCE loss: 1.457223, SB loss: 0.913262
2025-03-22 12:34:42,381 Epoch: [2/20] Iter:[170/192], Time: 0.45, lr: [0.008691659439455107], Loss: 3.734953, Acc:0.569746, Semantic loss: 1.358567, BCE loss: 1.463207, SB loss: 0.913178
2025-03-22 12:34:46,275 Epoch: [2/20] Iter:[180/192], Time: 0.44, lr: [0.008667850294288517], Loss: 3.737052, Acc:0.570034, Semantic loss: 1.356043, BCE loss: 1.466455, SB loss: 0.914553
2025-03-22 12:34:50,147 Epoch: [2/20] Iter:[190/192], Time: 0.44, lr: [0.008644033880251888], Loss: 3.731419, Acc:0.571122, Semantic loss: 1.352992, BCE loss: 1.465558, SB loss: 0.912869
2025-03-22 12:36:22,932 0 [0.         0.48493273 0.1308428  0.10927408 0.11515518 0.06430419
 0.10873872] 0.14474967153902094
2025-03-22 12:36:22,932 1 [0.         0.33073305 0.14627654 0.15378147 0.35555255 0.0350832
 0.19589818] 0.17390356817724223
2025-03-22 12:36:22,938 => saving checkpoint to output\loveda\pidnet_small_loveda\aug_hf_gbcheckpoint.pth.tar
2025-03-22 12:36:23,013 Loss: 4.078, MeanIU:  0.1739, Best_mIoU:  0.1802
2025-03-22 12:36:23,013 [0.         0.33073305 0.14627654 0.15378147 0.35555255 0.0350832
 0.19589818]
2025-03-22 12:36:33,244 Epoch: [3/20] Iter:[0/192], Time: 10.04, lr: [0.008639269723028191], Loss: 3.626434, Acc:0.630420, Semantic loss: 1.494938, BCE loss: 1.203591, SB loss: 0.927905
2025-03-22 12:36:37,130 Epoch: [3/20] Iter:[10/192], Time: 1.27, lr: [0.008615444554012613], Loss: 3.636366, Acc:0.580296, Semantic loss: 1.341862, BCE loss: 1.427947, SB loss: 0.866556
2025-03-22 12:36:41,018 Epoch: [3/20] Iter:[20/192], Time: 0.85, lr: [0.008591612062049989], Loss: 3.622049, Acc:0.587693, Semantic loss: 1.336444, BCE loss: 1.401955, SB loss: 0.883650
2025-03-22 12:36:44,896 Epoch: [3/20] Iter:[30/192], Time: 0.70, lr: [0.008567772222305215], Loss: 3.598026, Acc:0.589001, Semantic loss: 1.296490, BCE loss: 1.439767, SB loss: 0.861769
2025-03-22 12:36:48,771 Epoch: [3/20] Iter:[40/192], Time: 0.62, lr: [0.008543925009781886], Loss: 3.554844, Acc:0.591119, Semantic loss: 1.271169, BCE loss: 1.424870, SB loss: 0.858804
2025-03-22 12:36:52,635 Epoch: [3/20] Iter:[50/192], Time: 0.58, lr: [0.00852007039932076], Loss: 3.556593, Acc:0.590343, Semantic loss: 1.276341, BCE loss: 1.410526, SB loss: 0.869726
2025-03-22 12:36:56,517 Epoch: [3/20] Iter:[60/192], Time: 0.55, lr: [0.00849620836559818], Loss: 3.545561, Acc:0.588952, Semantic loss: 1.279479, BCE loss: 1.385322, SB loss: 0.880760
2025-03-22 12:37:00,415 Epoch: [3/20] Iter:[70/192], Time: 0.52, lr: [0.008472338883124477], Loss: 3.586122, Acc:0.592337, Semantic loss: 1.286422, BCE loss: 1.415730, SB loss: 0.883970
2025-03-22 12:37:04,300 Epoch: [3/20] Iter:[80/192], Time: 0.51, lr: [0.008448461926242374], Loss: 3.590991, Acc:0.591402, Semantic loss: 1.295499, BCE loss: 1.407773, SB loss: 0.887720
2025-03-22 12:37:08,175 Epoch: [3/20] Iter:[90/192], Time: 0.49, lr: [0.008424577469125337], Loss: 3.596019, Acc:0.593953, Semantic loss: 1.287818, BCE loss: 1.422228, SB loss: 0.885973
2025-03-22 12:37:12,055 Epoch: [3/20] Iter:[100/192], Time: 0.48, lr: [0.008400685485775935], Loss: 3.595316, Acc:0.598780, Semantic loss: 1.279703, BCE loss: 1.433702, SB loss: 0.881910
2025-03-22 12:37:15,927 Epoch: [3/20] Iter:[110/192], Time: 0.47, lr: [0.008376785950024154], Loss: 3.589732, Acc:0.598570, Semantic loss: 1.272175, BCE loss: 1.438244, SB loss: 0.879313
2025-03-22 12:37:19,788 Epoch: [3/20] Iter:[120/192], Time: 0.47, lr: [0.00835287883552571], Loss: 3.603419, Acc:0.598936, Semantic loss: 1.268688, BCE loss: 1.456733, SB loss: 0.877998
2025-03-22 12:37:23,660 Epoch: [3/20] Iter:[130/192], Time: 0.46, lr: [0.008328964115760324], Loss: 3.590984, Acc:0.600224, Semantic loss: 1.265007, BCE loss: 1.448373, SB loss: 0.877604
2025-03-22 12:37:27,548 Epoch: [3/20] Iter:[140/192], Time: 0.46, lr: [0.008305041764029988], Loss: 3.582273, Acc:0.600318, Semantic loss: 1.261191, BCE loss: 1.445450, SB loss: 0.875631
2025-03-22 12:37:31,444 Epoch: [3/20] Iter:[150/192], Time: 0.45, lr: [0.008281111753457188], Loss: 3.585927, Acc:0.599123, Semantic loss: 1.266968, BCE loss: 1.437060, SB loss: 0.881899
2025-03-22 12:37:35,329 Epoch: [3/20] Iter:[160/192], Time: 0.45, lr: [0.008257174056983133], Loss: 3.590738, Acc:0.599536, Semantic loss: 1.263935, BCE loss: 1.446854, SB loss: 0.879948
2025-03-22 12:37:39,219 Epoch: [3/20] Iter:[170/192], Time: 0.44, lr: [0.00823322864736593], Loss: 3.589074, Acc:0.600624, Semantic loss: 1.257867, BCE loss: 1.452761, SB loss: 0.878446
2025-03-22 12:37:43,111 Epoch: [3/20] Iter:[180/192], Time: 0.44, lr: [0.008209275497178764], Loss: 3.574539, Acc:0.603777, Semantic loss: 1.251718, BCE loss: 1.447436, SB loss: 0.875386
2025-03-22 12:37:46,977 Epoch: [3/20] Iter:[190/192], Time: 0.44, lr: [0.008185314578808021], Loss: 3.574043, Acc:0.603055, Semantic loss: 1.255535, BCE loss: 1.443745, SB loss: 0.874763
2025-03-22 12:39:19,700 0 [0.         0.59830713 0.21250695 0.20649395 0.18352851 0.01947609
 0.0534021 ] 0.18195924572026914
2025-03-22 12:39:19,700 1 [0.         0.43050555 0.25296677 0.25955356 0.31018064 0.00957886
 0.107708  ] 0.19578476971570352
2025-03-22 12:39:19,705 => saving checkpoint to output\loveda\pidnet_small_loveda\aug_hf_gbcheckpoint.pth.tar
2025-03-22 12:39:19,824 Loss: 4.196, MeanIU:  0.1958, Best_mIoU:  0.1958
2025-03-22 12:39:19,824 [0.         0.43050555 0.25296677 0.25955356 0.31018064 0.00957886
 0.107708  ]
2025-03-22 12:39:29,978 Epoch: [4/20] Iter:[0/192], Time: 9.96, lr: [0.008180521460508584], Loss: 3.633057, Acc:0.565673, Semantic loss: 1.306194, BCE loss: 1.556764, SB loss: 0.770099
2025-03-22 12:39:33,866 Epoch: [4/20] Iter:[10/192], Time: 1.26, lr: [0.008156551183601795], Loss: 3.481891, Acc:0.622714, Semantic loss: 1.198350, BCE loss: 1.442018, SB loss: 0.841523
2025-03-22 12:39:37,739 Epoch: [4/20] Iter:[20/192], Time: 0.84, lr: [0.008132573077094668], Loss: 3.417253, Acc:0.612706, Semantic loss: 1.211146, BCE loss: 1.387162, SB loss: 0.818946
2025-03-22 12:39:41,615 Epoch: [4/20] Iter:[30/192], Time: 0.70, lr: [0.008108587112763079], Loss: 3.447268, Acc:0.609358, Semantic loss: 1.223439, BCE loss: 1.392889, SB loss: 0.830940
2025-03-22 12:39:45,529 Epoch: [4/20] Iter:[40/192], Time: 0.62, lr: [0.008084593262188028], Loss: 3.465966, Acc:0.617198, Semantic loss: 1.208547, BCE loss: 1.428463, SB loss: 0.828956
2025-03-22 12:39:49,402 Epoch: [4/20] Iter:[50/192], Time: 0.58, lr: [0.008060591496753653], Loss: 3.451665, Acc:0.619230, Semantic loss: 1.202074, BCE loss: 1.413337, SB loss: 0.836254
2025-03-22 12:39:53,276 Epoch: [4/20] Iter:[60/192], Time: 0.55, lr: [0.008036581787645204], Loss: 3.474658, Acc:0.623323, Semantic loss: 1.192238, BCE loss: 1.438363, SB loss: 0.844057
2025-03-22 12:39:57,155 Epoch: [4/20] Iter:[70/192], Time: 0.52, lr: [0.008012564105846994], Loss: 3.455602, Acc:0.616675, Semantic loss: 1.199429, BCE loss: 1.409076, SB loss: 0.847097
2025-03-22 12:40:01,055 Epoch: [4/20] Iter:[80/192], Time: 0.51, lr: [0.007988538422140333], Loss: 3.440368, Acc:0.622211, Semantic loss: 1.191331, BCE loss: 1.403572, SB loss: 0.845466
2025-03-22 12:40:04,941 Epoch: [4/20] Iter:[90/192], Time: 0.49, lr: [0.007964504707101411], Loss: 3.438246, Acc:0.617946, Semantic loss: 1.196664, BCE loss: 1.396205, SB loss: 0.845377
2025-03-22 12:40:08,850 Epoch: [4/20] Iter:[100/192], Time: 0.48, lr: [0.007940462931099176], Loss: 3.436733, Acc:0.615624, Semantic loss: 1.201160, BCE loss: 1.390612, SB loss: 0.844961
2025-03-22 12:40:12,743 Epoch: [4/20] Iter:[110/192], Time: 0.48, lr: [0.007916413064293163], Loss: 3.433107, Acc:0.616980, Semantic loss: 1.196268, BCE loss: 1.396888, SB loss: 0.839952
2025-03-22 12:40:16,641 Epoch: [4/20] Iter:[120/192], Time: 0.47, lr: [0.007892355076631318], Loss: 3.441931, Acc:0.618555, Semantic loss: 1.194687, BCE loss: 1.409367, SB loss: 0.837877
2025-03-22 12:40:20,548 Epoch: [4/20] Iter:[130/192], Time: 0.46, lr: [0.007868288937847752], Loss: 3.450728, Acc:0.617088, Semantic loss: 1.196955, BCE loss: 1.414180, SB loss: 0.839593
2025-03-22 12:40:24,439 Epoch: [4/20] Iter:[140/192], Time: 0.46, lr: [0.007844214617460508], Loss: 3.454374, Acc:0.619855, Semantic loss: 1.191607, BCE loss: 1.426302, SB loss: 0.836466
2025-03-22 12:40:28,315 Epoch: [4/20] Iter:[150/192], Time: 0.45, lr: [0.007820132084769268], Loss: 3.458864, Acc:0.617695, Semantic loss: 1.195316, BCE loss: 1.422777, SB loss: 0.840771
2025-03-22 12:40:32,208 Epoch: [4/20] Iter:[160/192], Time: 0.45, lr: [0.00779604130885303], Loss: 3.459786, Acc:0.618853, Semantic loss: 1.194284, BCE loss: 1.425069, SB loss: 0.840434
2025-03-22 12:40:36,111 Epoch: [4/20] Iter:[170/192], Time: 0.45, lr: [0.007771942258567773], Loss: 3.461176, Acc:0.619482, Semantic loss: 1.191462, BCE loss: 1.429195, SB loss: 0.840519
2025-03-22 12:40:40,008 Epoch: [4/20] Iter:[180/192], Time: 0.44, lr: [0.007747834902544056], Loss: 3.455867, Acc:0.620295, Semantic loss: 1.190561, BCE loss: 1.425591, SB loss: 0.839715
2025-03-22 12:40:43,881 Epoch: [4/20] Iter:[190/192], Time: 0.44, lr: [0.0077237192091846206], Loss: 3.464496, Acc:0.618964, Semantic loss: 1.194765, BCE loss: 1.426457, SB loss: 0.843274
2025-03-22 12:42:16,618 0 [0.         0.50941455 0.15403255 0.26172085 0.21994807 0.12389537
 0.08295802] 0.19313848830162647
2025-03-22 12:42:16,619 1 [0.         0.32216785 0.24427807 0.31436639 0.37935064 0.05684903
 0.10849773] 0.20364424353286664
2025-03-22 12:42:16,624 => saving checkpoint to output\loveda\pidnet_small_loveda\aug_hf_gbcheckpoint.pth.tar
2025-03-22 12:42:16,749 Loss: 4.048, MeanIU:  0.2036, Best_mIoU:  0.2036
2025-03-22 12:42:16,750 [0.         0.32216785 0.24427807 0.31436639 0.37935064 0.05684903
 0.10849773]
2025-03-22 12:42:26,903 Epoch: [5/20] Iter:[0/192], Time: 9.96, lr: [0.007718895067235705], Loss: 2.982513, Acc:0.592651, Semantic loss: 1.068707, BCE loss: 1.200952, SB loss: 0.712854
2025-03-22 12:42:30,793 Epoch: [5/20] Iter:[10/192], Time: 1.26, lr: [0.007694769327040611], Loss: 3.330198, Acc:0.629227, Semantic loss: 1.132746, BCE loss: 1.416795, SB loss: 0.780658
2025-03-22 12:42:34,670 Epoch: [5/20] Iter:[20/192], Time: 0.84, lr: [0.00767063517918174], Loss: 3.311596, Acc:0.627057, Semantic loss: 1.167041, BCE loss: 1.348106, SB loss: 0.796449
2025-03-22 12:42:38,531 Epoch: [5/20] Iter:[30/192], Time: 0.70, lr: [0.007646492591316132], Loss: 3.278272, Acc:0.632012, Semantic loss: 1.149552, BCE loss: 1.335344, SB loss: 0.793376
2025-03-22 12:42:42,421 Epoch: [5/20] Iter:[40/192], Time: 0.62, lr: [0.007622341530862476], Loss: 3.300590, Acc:0.628406, Semantic loss: 1.157791, BCE loss: 1.343615, SB loss: 0.799184
2025-03-22 12:42:46,325 Epoch: [5/20] Iter:[50/192], Time: 0.58, lr: [0.0075981819649984985], Loss: 3.363119, Acc:0.628239, Semantic loss: 1.168452, BCE loss: 1.387351, SB loss: 0.807316
2025-03-22 12:42:50,200 Epoch: [5/20] Iter:[60/192], Time: 0.55, lr: [0.007574013860658317], Loss: 3.327755, Acc:0.626407, Semantic loss: 1.153786, BCE loss: 1.369828, SB loss: 0.804141
2025-03-22 12:42:54,065 Epoch: [5/20] Iter:[70/192], Time: 0.52, lr: [0.007549837184529776], Loss: 3.367855, Acc:0.624162, Semantic loss: 1.162593, BCE loss: 1.386144, SB loss: 0.819118
2025-03-22 12:42:57,958 Epoch: [5/20] Iter:[80/192], Time: 0.51, lr: [0.0075256519030517215], Loss: 3.372416, Acc:0.622883, Semantic loss: 1.167773, BCE loss: 1.383053, SB loss: 0.821590
2025-03-22 12:43:01,860 Epoch: [5/20] Iter:[90/192], Time: 0.49, lr: [0.007501457982411236], Loss: 3.352684, Acc:0.624478, Semantic loss: 1.163778, BCE loss: 1.372715, SB loss: 0.816192
2025-03-22 12:43:05,741 Epoch: [5/20] Iter:[100/192], Time: 0.48, lr: [0.0074772553885408604], Loss: 3.354270, Acc:0.626601, Semantic loss: 1.161225, BCE loss: 1.376183, SB loss: 0.816861
2025-03-22 12:43:09,619 Epoch: [5/20] Iter:[110/192], Time: 0.47, lr: [0.007453044087115737], Loss: 3.357476, Acc:0.630612, Semantic loss: 1.158693, BCE loss: 1.379545, SB loss: 0.819237
2025-03-22 12:43:13,488 Epoch: [5/20] Iter:[120/192], Time: 0.47, lr: [0.007428824043550734], Loss: 3.352527, Acc:0.630371, Semantic loss: 1.156428, BCE loss: 1.379089, SB loss: 0.817010
2025-03-22 12:43:17,380 Epoch: [5/20] Iter:[130/192], Time: 0.46, lr: [0.007404595222997526], Loss: 3.361682, Acc:0.629791, Semantic loss: 1.160963, BCE loss: 1.378964, SB loss: 0.821755
2025-03-22 12:43:21,279 Epoch: [5/20] Iter:[140/192], Time: 0.46, lr: [0.007380357590341623], Loss: 3.366999, Acc:0.632976, Semantic loss: 1.157584, BCE loss: 1.389305, SB loss: 0.820110
2025-03-22 12:43:25,175 Epoch: [5/20] Iter:[150/192], Time: 0.45, lr: [0.007356111110199354], Loss: 3.368545, Acc:0.632857, Semantic loss: 1.157173, BCE loss: 1.391452, SB loss: 0.819920
2025-03-22 12:43:29,061 Epoch: [5/20] Iter:[160/192], Time: 0.45, lr: [0.00733185574691482], Loss: 3.375913, Acc:0.631974, Semantic loss: 1.157347, BCE loss: 1.400558, SB loss: 0.818008
2025-03-22 12:43:32,957 Epoch: [5/20] Iter:[170/192], Time: 0.44, lr: [0.007307591464556783], Loss: 3.382698, Acc:0.631909, Semantic loss: 1.159973, BCE loss: 1.404047, SB loss: 0.818678
2025-03-22 12:43:36,842 Epoch: [5/20] Iter:[180/192], Time: 0.44, lr: [0.007283318226915514], Loss: 3.396205, Acc:0.631911, Semantic loss: 1.162085, BCE loss: 1.414872, SB loss: 0.819248
2025-03-22 12:43:40,724 Epoch: [5/20] Iter:[190/192], Time: 0.44, lr: [0.007259035997499604], Loss: 3.396825, Acc:0.631164, Semantic loss: 1.161766, BCE loss: 1.415887, SB loss: 0.819171
2025-03-22 12:45:13,294 0 [0.         0.58254085 0.21081681 0.22136825 0.25622177 0.09241851
 0.08925105] 0.2075167492412349
2025-03-22 12:45:13,294 1 [0.         0.44460532 0.24108357 0.33985908 0.38476116 0.14891289
 0.17693977] 0.24802311355552645
2025-03-22 12:45:13,300 => saving checkpoint to output\loveda\pidnet_small_loveda\aug_hf_gbcheckpoint.pth.tar
2025-03-22 12:45:13,419 Loss: 3.637, MeanIU:  0.2480, Best_mIoU:  0.2480
2025-03-22 12:45:13,419 [0.         0.44460532 0.24108357 0.33985908 0.38476116 0.14891289
 0.17693977]
2025-03-22 12:45:23,649 Epoch: [6/20] Iter:[0/192], Time: 10.04, lr: [0.007254178469372199], Loss: 3.634788, Acc:0.658319, Semantic loss: 1.177236, BCE loss: 1.582448, SB loss: 0.875105
2025-03-22 12:45:27,535 Epoch: [6/20] Iter:[10/192], Time: 1.27, lr: [0.007229885401256642], Loss: 3.291327, Acc:0.640354, Semantic loss: 1.125802, BCE loss: 1.324785, SB loss: 0.840741
2025-03-22 12:45:31,420 Epoch: [6/20] Iter:[20/192], Time: 0.85, lr: [0.0072055832600777334], Loss: 3.305830, Acc:0.627319, Semantic loss: 1.139332, BCE loss: 1.338005, SB loss: 0.828493
2025-03-22 12:45:35,324 Epoch: [6/20] Iter:[30/192], Time: 0.70, lr: [0.007181272008420604], Loss: 3.335652, Acc:0.632938, Semantic loss: 1.165529, BCE loss: 1.353549, SB loss: 0.816573
2025-03-22 12:45:39,209 Epoch: [6/20] Iter:[40/192], Time: 0.62, lr: [0.007156951608574727], Loss: 3.352853, Acc:0.624869, Semantic loss: 1.180554, BCE loss: 1.360790, SB loss: 0.811509
2025-03-22 12:45:43,096 Epoch: [6/20] Iter:[50/192], Time: 0.58, lr: [0.007132622022530447], Loss: 3.319736, Acc:0.629000, Semantic loss: 1.175395, BCE loss: 1.334401, SB loss: 0.809939
2025-03-22 12:45:47,013 Epoch: [6/20] Iter:[60/192], Time: 0.55, lr: [0.007108283211975477], Loss: 3.379920, Acc:0.629875, Semantic loss: 1.180210, BCE loss: 1.387929, SB loss: 0.811781
2025-03-22 12:45:50,895 Epoch: [6/20] Iter:[70/192], Time: 0.53, lr: [0.007083935138291319], Loss: 3.367681, Acc:0.627696, Semantic loss: 1.179216, BCE loss: 1.378765, SB loss: 0.809699
2025-03-22 12:45:54,783 Epoch: [6/20] Iter:[80/192], Time: 0.51, lr: [0.007059577762549636], Loss: 3.377791, Acc:0.627819, Semantic loss: 1.179369, BCE loss: 1.390007, SB loss: 0.808416
2025-03-22 12:45:58,686 Epoch: [6/20] Iter:[90/192], Time: 0.50, lr: [0.007035211045508576], Loss: 3.377868, Acc:0.632872, Semantic loss: 1.174776, BCE loss: 1.399311, SB loss: 0.803781
2025-03-22 12:46:02,580 Epoch: [6/20] Iter:[100/192], Time: 0.48, lr: [0.0070108349476090265], Loss: 3.386188, Acc:0.635160, Semantic loss: 1.170320, BCE loss: 1.413027, SB loss: 0.802841
2025-03-22 12:46:06,451 Epoch: [6/20] Iter:[110/192], Time: 0.48, lr: [0.00698644942897081], Loss: 3.373604, Acc:0.634025, Semantic loss: 1.163645, BCE loss: 1.408072, SB loss: 0.801888
2025-03-22 12:46:10,321 Epoch: [6/20] Iter:[120/192], Time: 0.47, lr: [0.006962054449388827], Loss: 3.380395, Acc:0.633201, Semantic loss: 1.164616, BCE loss: 1.410507, SB loss: 0.805272
2025-03-22 12:46:14,222 Epoch: [6/20] Iter:[130/192], Time: 0.46, lr: [0.006937649968329135], Loss: 3.386919, Acc:0.632739, Semantic loss: 1.164325, BCE loss: 1.415088, SB loss: 0.807506
2025-03-22 12:46:18,123 Epoch: [6/20] Iter:[140/192], Time: 0.46, lr: [0.006913235944924954], Loss: 3.398462, Acc:0.635067, Semantic loss: 1.160285, BCE loss: 1.428446, SB loss: 0.809731
2025-03-22 12:46:22,019 Epoch: [6/20] Iter:[150/192], Time: 0.45, lr: [0.006888812337972621], Loss: 3.391885, Acc:0.635988, Semantic loss: 1.159793, BCE loss: 1.420918, SB loss: 0.811175
2025-03-22 12:46:25,919 Epoch: [6/20] Iter:[160/192], Time: 0.45, lr: [0.00686437910592748], Loss: 3.385581, Acc:0.635342, Semantic loss: 1.161030, BCE loss: 1.416038, SB loss: 0.808513
2025-03-22 12:46:29,832 Epoch: [6/20] Iter:[170/192], Time: 0.45, lr: [0.00683993620689969], Loss: 3.382610, Acc:0.635189, Semantic loss: 1.161178, BCE loss: 1.414370, SB loss: 0.807061
2025-03-22 12:46:33,727 Epoch: [6/20] Iter:[180/192], Time: 0.44, lr: [0.0068154835986499775], Loss: 3.378443, Acc:0.636839, Semantic loss: 1.156488, BCE loss: 1.413615, SB loss: 0.808339
2025-03-22 12:46:37,585 Epoch: [6/20] Iter:[190/192], Time: 0.44, lr: [0.006791021238585323], Loss: 3.368407, Acc:0.637832, Semantic loss: 1.153407, BCE loss: 1.407829, SB loss: 0.807170
2025-03-22 12:48:10,365 0 [0.         0.54328931 0.19833304 0.17188386 0.20457407 0.02685802
 0.05204668] 0.1709978536915158
2025-03-22 12:48:10,365 1 [0.         0.40366226 0.23535381 0.2525769  0.37182355 0.02461131
 0.10469657] 0.19896063017229246
2025-03-22 12:48:10,370 => saving checkpoint to output\loveda\pidnet_small_loveda\aug_hf_gbcheckpoint.pth.tar
2025-03-22 12:48:10,447 Loss: 4.780, MeanIU:  0.1990, Best_mIoU:  0.2480
2025-03-22 12:48:10,447 [0.         0.40366226 0.23535381 0.2525769  0.37182355 0.02461131
 0.10469657]
2025-03-22 12:48:20,608 Epoch: [7/20] Iter:[0/192], Time: 9.97, lr: [0.006786127592581251], Loss: 3.777568, Acc:0.636079, Semantic loss: 1.092678, BCE loss: 1.904645, SB loss: 0.780244
2025-03-22 12:48:24,487 Epoch: [7/20] Iter:[10/192], Time: 1.26, lr: [0.006761653473611295], Loss: 3.259116, Acc:0.645548, Semantic loss: 1.105616, BCE loss: 1.396248, SB loss: 0.757252
2025-03-22 12:48:28,372 Epoch: [7/20] Iter:[20/192], Time: 0.84, lr: [0.006737169507854796], Loss: 3.256285, Acc:0.654016, Semantic loss: 1.079660, BCE loss: 1.423046, SB loss: 0.753580
2025-03-22 12:48:32,271 Epoch: [7/20] Iter:[30/192], Time: 0.70, lr: [0.006712675651556858], Loss: 3.259319, Acc:0.663193, Semantic loss: 1.077641, BCE loss: 1.425615, SB loss: 0.756063
2025-03-22 12:48:36,142 Epoch: [7/20] Iter:[40/192], Time: 0.62, lr: [0.006688171860589905], Loss: 3.200234, Acc:0.665353, Semantic loss: 1.069507, BCE loss: 1.374234, SB loss: 0.756494
2025-03-22 12:48:40,037 Epoch: [7/20] Iter:[50/192], Time: 0.58, lr: [0.0066636580904489585], Loss: 3.239530, Acc:0.659043, Semantic loss: 1.090279, BCE loss: 1.378657, SB loss: 0.770593
2025-03-22 12:48:43,921 Epoch: [7/20] Iter:[60/192], Time: 0.55, lr: [0.006639134296246874], Loss: 3.258897, Acc:0.655878, Semantic loss: 1.095184, BCE loss: 1.387366, SB loss: 0.776347
2025-03-22 12:48:47,794 Epoch: [7/20] Iter:[70/192], Time: 0.52, lr: [0.0066146004327094585], Loss: 3.264479, Acc:0.656352, Semantic loss: 1.104308, BCE loss: 1.384239, SB loss: 0.775932
2025-03-22 12:48:51,673 Epoch: [7/20] Iter:[80/192], Time: 0.51, lr: [0.006590056454170537], Loss: 3.281544, Acc:0.656758, Semantic loss: 1.106797, BCE loss: 1.395370, SB loss: 0.779377
2025-03-22 12:48:55,555 Epoch: [7/20] Iter:[90/192], Time: 0.49, lr: [0.006565502314566912], Loss: 3.274675, Acc:0.658770, Semantic loss: 1.107752, BCE loss: 1.381926, SB loss: 0.784997
2025-03-22 12:48:59,421 Epoch: [7/20] Iter:[100/192], Time: 0.48, lr: [0.006540937967433255], Loss: 3.274711, Acc:0.655713, Semantic loss: 1.107995, BCE loss: 1.380055, SB loss: 0.786660
2025-03-22 12:49:03,306 Epoch: [7/20] Iter:[110/192], Time: 0.47, lr: [0.006516363365896894], Loss: 3.271996, Acc:0.654854, Semantic loss: 1.109354, BCE loss: 1.376132, SB loss: 0.786510
2025-03-22 12:49:07,191 Epoch: [7/20] Iter:[120/192], Time: 0.47, lr: [0.006491778462672531], Loss: 3.280731, Acc:0.654376, Semantic loss: 1.108722, BCE loss: 1.386204, SB loss: 0.785805
2025-03-22 12:49:11,061 Epoch: [7/20] Iter:[130/192], Time: 0.46, lr: [0.006467183210056843], Loss: 3.287448, Acc:0.653789, Semantic loss: 1.108369, BCE loss: 1.393511, SB loss: 0.785567
2025-03-22 12:49:14,934 Epoch: [7/20] Iter:[140/192], Time: 0.46, lr: [0.006442577559923017], Loss: 3.287090, Acc:0.653182, Semantic loss: 1.109470, BCE loss: 1.392784, SB loss: 0.784835
2025-03-22 12:49:18,817 Epoch: [7/20] Iter:[150/192], Time: 0.45, lr: [0.006417961463715172], Loss: 3.278537, Acc:0.652565, Semantic loss: 1.110159, BCE loss: 1.383331, SB loss: 0.785048
2025-03-22 12:49:22,703 Epoch: [7/20] Iter:[160/192], Time: 0.45, lr: [0.006393334872442681], Loss: 3.278431, Acc:0.653216, Semantic loss: 1.109467, BCE loss: 1.383540, SB loss: 0.785423
2025-03-22 12:49:26,610 Epoch: [7/20] Iter:[170/192], Time: 0.44, lr: [0.006368697736674411], Loss: 3.285356, Acc:0.653530, Semantic loss: 1.116467, BCE loss: 1.382629, SB loss: 0.786260
2025-03-22 12:49:30,515 Epoch: [7/20] Iter:[180/192], Time: 0.44, lr: [0.006344050006532848], Loss: 3.292161, Acc:0.652653, Semantic loss: 1.119243, BCE loss: 1.386879, SB loss: 0.786038
2025-03-22 12:49:34,379 Epoch: [7/20] Iter:[190/192], Time: 0.44, lr: [0.006319391631688114], Loss: 3.295753, Acc:0.651566, Semantic loss: 1.119455, BCE loss: 1.389204, SB loss: 0.787094
2025-03-22 12:51:06,973 0 [0.         0.52552374 0.17642948 0.21012919 0.21762116 0.05027426
 0.06260519] 0.17751186074370778
2025-03-22 12:51:06,974 1 [0.         0.55539366 0.27700173 0.29112856 0.2235095  0.03144762
 0.10664136] 0.21216034694955896
2025-03-22 12:51:06,979 => saving checkpoint to output\loveda\pidnet_small_loveda\aug_hf_gbcheckpoint.pth.tar
2025-03-22 12:51:07,062 Loss: 3.811, MeanIU:  0.2122, Best_mIoU:  0.2480
2025-03-22 12:51:07,062 [0.         0.55539366 0.27700173 0.29112856 0.2235095  0.03144762
 0.10664136]
2025-03-22 12:51:17,140 Epoch: [8/20] Iter:[0/192], Time: 9.88, lr: [0.006314458674893553], Loss: 3.318965, Acc:0.695927, Semantic loss: 0.979843, BCE loss: 1.649896, SB loss: 0.689226
2025-03-22 12:51:21,025 Epoch: [8/20] Iter:[10/192], Time: 1.25, lr: [0.006289787459323657], Loss: 3.280254, Acc:0.657508, Semantic loss: 1.064002, BCE loss: 1.425041, SB loss: 0.791211
2025-03-22 12:51:24,900 Epoch: [8/20] Iter:[20/192], Time: 0.84, lr: [0.006265105486702424], Loss: 3.259059, Acc:0.673507, Semantic loss: 1.082799, BCE loss: 1.387800, SB loss: 0.788460
2025-03-22 12:51:28,794 Epoch: [8/20] Iter:[30/192], Time: 0.69, lr: [0.006240412705211017], Loss: 3.241231, Acc:0.661249, Semantic loss: 1.095688, BCE loss: 1.357725, SB loss: 0.787817
2025-03-22 12:51:32,689 Epoch: [8/20] Iter:[40/192], Time: 0.62, lr: [0.006215709062551949], Loss: 3.243028, Acc:0.655838, Semantic loss: 1.093092, BCE loss: 1.370137, SB loss: 0.779799
2025-03-22 12:51:36,589 Epoch: [8/20] Iter:[50/192], Time: 0.58, lr: [0.006190994505942529], Loss: 3.217489, Acc:0.658632, Semantic loss: 1.097613, BCE loss: 1.338680, SB loss: 0.781197
2025-03-22 12:51:40,468 Epoch: [8/20] Iter:[60/192], Time: 0.54, lr: [0.006166268982108192], Loss: 3.198923, Acc:0.657083, Semantic loss: 1.097300, BCE loss: 1.322174, SB loss: 0.779449
2025-03-22 12:51:44,347 Epoch: [8/20] Iter:[70/192], Time: 0.52, lr: [0.006141532437275693], Loss: 3.180983, Acc:0.653885, Semantic loss: 1.094780, BCE loss: 1.312880, SB loss: 0.773323
2025-03-22 12:51:48,220 Epoch: [8/20] Iter:[80/192], Time: 0.51, lr: [0.006116784817166194], Loss: 3.186468, Acc:0.653879, Semantic loss: 1.094649, BCE loss: 1.314286, SB loss: 0.777533
2025-03-22 12:51:52,131 Epoch: [8/20] Iter:[90/192], Time: 0.49, lr: [0.006092026066988214], Loss: 3.215712, Acc:0.657565, Semantic loss: 1.096991, BCE loss: 1.338299, SB loss: 0.780422
2025-03-22 12:51:56,023 Epoch: [8/20] Iter:[100/192], Time: 0.48, lr: [0.006067256131430442], Loss: 3.220411, Acc:0.658835, Semantic loss: 1.089471, BCE loss: 1.348490, SB loss: 0.782450
2025-03-22 12:51:59,919 Epoch: [8/20] Iter:[110/192], Time: 0.47, lr: [0.00604247495465443], Loss: 3.223908, Acc:0.660282, Semantic loss: 1.084578, BCE loss: 1.357126, SB loss: 0.782203
2025-03-22 12:52:03,805 Epoch: [8/20] Iter:[120/192], Time: 0.47, lr: [0.006017682480287143], Loss: 3.219252, Acc:0.661822, Semantic loss: 1.082947, BCE loss: 1.357039, SB loss: 0.779266
2025-03-22 12:52:07,712 Epoch: [8/20] Iter:[130/192], Time: 0.46, lr: [0.00599287865141337], Loss: 3.225801, Acc:0.662332, Semantic loss: 1.085933, BCE loss: 1.357961, SB loss: 0.781908
2025-03-22 12:52:11,588 Epoch: [8/20] Iter:[140/192], Time: 0.46, lr: [0.005968063410567983], Loss: 3.226968, Acc:0.660945, Semantic loss: 1.086731, BCE loss: 1.357911, SB loss: 0.782326
2025-03-22 12:52:15,490 Epoch: [8/20] Iter:[150/192], Time: 0.45, lr: [0.00594323669972807], Loss: 3.236989, Acc:0.660898, Semantic loss: 1.087247, BCE loss: 1.366966, SB loss: 0.782776
2025-03-22 12:52:19,385 Epoch: [8/20] Iter:[160/192], Time: 0.45, lr: [0.005918398460304892], Loss: 3.236110, Acc:0.662050, Semantic loss: 1.085075, BCE loss: 1.368351, SB loss: 0.782684
2025-03-22 12:52:23,280 Epoch: [8/20] Iter:[170/192], Time: 0.44, lr: [0.0058935486331357125], Loss: 3.243315, Acc:0.662385, Semantic loss: 1.086530, BCE loss: 1.372992, SB loss: 0.783792
2025-03-22 12:52:27,165 Epoch: [8/20] Iter:[180/192], Time: 0.44, lr: [0.005868687158475447], Loss: 3.246857, Acc:0.662190, Semantic loss: 1.088829, BCE loss: 1.373702, SB loss: 0.784326
2025-03-22 12:52:31,042 Epoch: [8/20] Iter:[190/192], Time: 0.44, lr: [0.005843813975988169], Loss: 3.247702, Acc:0.661459, Semantic loss: 1.087641, BCE loss: 1.376641, SB loss: 0.783420
2025-03-22 12:54:03,686 0 [0.         0.59194068 0.23799308 0.22548305 0.21431042 0.06173141
 0.08971775] 0.20302519753963605
2025-03-22 12:54:03,686 1 [0.         0.62957085 0.39470485 0.34207255 0.36750828 0.02081753
 0.08801319] 0.26324103678061667
2025-03-22 12:54:03,691 => saving checkpoint to output\loveda\pidnet_small_loveda\aug_hf_gbcheckpoint.pth.tar
2025-03-22 12:54:03,818 Loss: 3.528, MeanIU:  0.2632, Best_mIoU:  0.2632
2025-03-22 12:54:03,819 [0.         0.62957085 0.39470485 0.34207255 0.36750828 0.02081753
 0.08801319]
2025-03-22 12:54:14,046 Epoch: [9/20] Iter:[0/192], Time: 10.04, lr: [0.0058388379291998025], Loss: 3.084957, Acc:0.723359, Semantic loss: 0.886784, BCE loss: 1.473686, SB loss: 0.724487
2025-03-22 12:54:17,917 Epoch: [9/20] Iter:[10/192], Time: 1.26, lr: [0.0058139506168319475], Loss: 3.078385, Acc:0.649103, Semantic loss: 1.055418, BCE loss: 1.297597, SB loss: 0.725370
2025-03-22 12:54:21,805 Epoch: [9/20] Iter:[20/192], Time: 0.85, lr: [0.005789051461775303], Loss: 3.102700, Acc:0.654917, Semantic loss: 1.060711, BCE loss: 1.301006, SB loss: 0.740983
2025-03-22 12:54:25,699 Epoch: [9/20] Iter:[30/192], Time: 0.70, lr: [0.005764140401744157], Loss: 3.117737, Acc:0.662421, Semantic loss: 1.054227, BCE loss: 1.311868, SB loss: 0.751642
2025-03-22 12:54:29,580 Epoch: [9/20] Iter:[40/192], Time: 0.62, lr: [0.005739217373824397], Loss: 3.149559, Acc:0.658149, Semantic loss: 1.067734, BCE loss: 1.323304, SB loss: 0.758521
2025-03-22 12:54:33,454 Epoch: [9/20] Iter:[50/192], Time: 0.58, lr: [0.005714282314464109], Loss: 3.192384, Acc:0.659133, Semantic loss: 1.068628, BCE loss: 1.368807, SB loss: 0.754949
2025-03-22 12:54:37,343 Epoch: [9/20] Iter:[60/192], Time: 0.55, lr: [0.005689335159463984], Loss: 3.181068, Acc:0.664905, Semantic loss: 1.066552, BCE loss: 1.358131, SB loss: 0.756385
2025-03-22 12:54:41,226 Epoch: [9/20] Iter:[70/192], Time: 0.52, lr: [0.0056643758439675305], Loss: 3.186614, Acc:0.664644, Semantic loss: 1.066666, BCE loss: 1.363078, SB loss: 0.756870
2025-03-22 12:54:45,105 Epoch: [9/20] Iter:[80/192], Time: 0.51, lr: [0.005639404302451105], Loss: 3.167134, Acc:0.668710, Semantic loss: 1.059507, BCE loss: 1.354296, SB loss: 0.753331
2025-03-22 12:54:48,998 Epoch: [9/20] Iter:[90/192], Time: 0.49, lr: [0.005614420468713722], Loss: 3.179049, Acc:0.670047, Semantic loss: 1.068744, BCE loss: 1.353463, SB loss: 0.756842
2025-03-22 12:54:52,891 Epoch: [9/20] Iter:[100/192], Time: 0.48, lr: [0.005589424275866668], Loss: 3.188176, Acc:0.669356, Semantic loss: 1.075664, BCE loss: 1.355446, SB loss: 0.757066
2025-03-22 12:54:56,781 Epoch: [9/20] Iter:[110/192], Time: 0.48, lr: [0.005564415656322913], Loss: 3.200917, Acc:0.669297, Semantic loss: 1.078644, BCE loss: 1.363965, SB loss: 0.758308
2025-03-22 12:55:00,692 Epoch: [9/20] Iter:[120/192], Time: 0.47, lr: [0.00553939454178628], Loss: 3.212849, Acc:0.668729, Semantic loss: 1.080224, BCE loss: 1.374545, SB loss: 0.758080
2025-03-22 12:55:04,569 Epoch: [9/20] Iter:[130/192], Time: 0.46, lr: [0.005514360863240413], Loss: 3.208522, Acc:0.669553, Semantic loss: 1.079778, BCE loss: 1.369422, SB loss: 0.759322
2025-03-22 12:55:08,446 Epoch: [9/20] Iter:[140/192], Time: 0.46, lr: [0.005489314550937511], Loss: 3.206524, Acc:0.669266, Semantic loss: 1.078112, BCE loss: 1.369794, SB loss: 0.758618
2025-03-22 12:55:12,324 Epoch: [9/20] Iter:[150/192], Time: 0.45, lr: [0.005464255534386825], Loss: 3.202211, Acc:0.670131, Semantic loss: 1.074819, BCE loss: 1.368799, SB loss: 0.758593
2025-03-22 12:55:16,202 Epoch: [9/20] Iter:[160/192], Time: 0.45, lr: [0.005439183742342914], Loss: 3.210763, Acc:0.671548, Semantic loss: 1.074880, BCE loss: 1.376222, SB loss: 0.759661
2025-03-22 12:55:20,084 Epoch: [9/20] Iter:[170/192], Time: 0.44, lr: [0.00541409910279366], Loss: 3.215991, Acc:0.670832, Semantic loss: 1.074800, BCE loss: 1.380192, SB loss: 0.760999
2025-03-22 12:55:23,959 Epoch: [9/20] Iter:[180/192], Time: 0.44, lr: [0.005389001542948025], Loss: 3.222055, Acc:0.670918, Semantic loss: 1.077010, BCE loss: 1.380909, SB loss: 0.764136
2025-03-22 12:55:27,805 Epoch: [9/20] Iter:[190/192], Time: 0.44, lr: [0.005363890989223547], Loss: 3.215833, Acc:0.668609, Semantic loss: 1.079381, BCE loss: 1.370446, SB loss: 0.766006
2025-03-22 12:57:00,549 0 [0.         0.58323858 0.24470575 0.18912639 0.18305877 0.12639419
 0.09868655] 0.20360146087714717
2025-03-22 12:57:00,550 1 [0.         0.52048589 0.38563754 0.30015057 0.3200309  0.12818424
 0.16849911] 0.2604268919979899
2025-03-22 12:57:00,555 => saving checkpoint to output\loveda\pidnet_small_loveda\aug_hf_gbcheckpoint.pth.tar
2025-03-22 12:57:00,637 Loss: 3.691, MeanIU:  0.2604, Best_mIoU:  0.2632
2025-03-22 12:57:00,637 [0.         0.52048589 0.38563754 0.30015057 0.3200309  0.12818424
 0.16849911]
2025-03-22 12:57:10,801 Epoch: [10/20] Iter:[0/192], Time: 9.97, lr: [0.005358867312681466], Loss: 3.177643, Acc:0.668381, Semantic loss: 1.085445, BCE loss: 1.421173, SB loss: 0.671025
2025-03-22 12:57:14,690 Epoch: [10/20] Iter:[10/192], Time: 1.26, lr: [0.005333741068040314], Loss: 3.311564, Acc:0.687312, Semantic loss: 1.060385, BCE loss: 1.473135, SB loss: 0.778044
2025-03-22 12:57:18,565 Epoch: [10/20] Iter:[20/192], Time: 0.84, lr: [0.0053086016647897714], Loss: 3.288307, Acc:0.691948, Semantic loss: 1.060988, BCE loss: 1.461828, SB loss: 0.765491
2025-03-22 12:57:22,456 Epoch: [10/20] Iter:[30/192], Time: 0.70, lr: [0.005283449026727663], Loss: 3.297997, Acc:0.679187, Semantic loss: 1.063229, BCE loss: 1.471012, SB loss: 0.763757
2025-03-22 12:57:26,346 Epoch: [10/20] Iter:[40/192], Time: 0.62, lr: [0.005258283076804885], Loss: 3.291567, Acc:0.688097, Semantic loss: 1.050793, BCE loss: 1.480318, SB loss: 0.760456
2025-03-22 12:57:30,219 Epoch: [10/20] Iter:[50/192], Time: 0.58, lr: [0.00523310373711144], Loss: 3.255902, Acc:0.685022, Semantic loss: 1.044416, BCE loss: 1.459185, SB loss: 0.752300
2025-03-22 12:57:34,093 Epoch: [10/20] Iter:[60/192], Time: 0.55, lr: [0.005207910928862159], Loss: 3.250314, Acc:0.680134, Semantic loss: 1.058313, BCE loss: 1.441231, SB loss: 0.750770
2025-03-22 12:57:37,970 Epoch: [10/20] Iter:[70/192], Time: 0.52, lr: [0.005182704572382109], Loss: 3.228056, Acc:0.677243, Semantic loss: 1.059118, BCE loss: 1.416083, SB loss: 0.752855
2025-03-22 12:57:41,868 Epoch: [10/20] Iter:[80/192], Time: 0.51, lr: [0.005157484587091684], Loss: 3.221688, Acc:0.682241, Semantic loss: 1.050991, BCE loss: 1.417283, SB loss: 0.753415
2025-03-22 12:57:45,765 Epoch: [10/20] Iter:[90/192], Time: 0.49, lr: [0.005132250891491357], Loss: 3.203468, Acc:0.679707, Semantic loss: 1.048285, BCE loss: 1.405488, SB loss: 0.749695
2025-03-22 12:57:49,644 Epoch: [10/20] Iter:[100/192], Time: 0.48, lr: [0.005107003403146087], Loss: 3.178393, Acc:0.681150, Semantic loss: 1.042799, BCE loss: 1.386176, SB loss: 0.749418
2025-03-22 12:57:53,560 Epoch: [10/20] Iter:[110/192], Time: 0.48, lr: [0.005081742038669388], Loss: 3.180643, Acc:0.683000, Semantic loss: 1.043595, BCE loss: 1.387052, SB loss: 0.749995
2025-03-22 12:57:57,448 Epoch: [10/20] Iter:[120/192], Time: 0.47, lr: [0.005056466713707024], Loss: 3.175439, Acc:0.682909, Semantic loss: 1.047741, BCE loss: 1.374640, SB loss: 0.753058
2025-03-22 12:58:01,336 Epoch: [10/20] Iter:[130/192], Time: 0.46, lr: [0.005031177342920337], Loss: 3.170954, Acc:0.683734, Semantic loss: 1.048595, BCE loss: 1.368690, SB loss: 0.753669
2025-03-22 12:58:05,211 Epoch: [10/20] Iter:[140/192], Time: 0.46, lr: [0.005005873839969192], Loss: 3.168739, Acc:0.682009, Semantic loss: 1.051010, BCE loss: 1.358682, SB loss: 0.759047
2025-03-22 12:58:09,116 Epoch: [10/20] Iter:[150/192], Time: 0.45, lr: [0.00498055611749454], Loss: 3.176236, Acc:0.681723, Semantic loss: 1.055526, BCE loss: 1.360615, SB loss: 0.760096
2025-03-22 12:58:12,996 Epoch: [10/20] Iter:[160/192], Time: 0.45, lr: [0.004955224087100552], Loss: 3.174262, Acc:0.682446, Semantic loss: 1.052671, BCE loss: 1.361708, SB loss: 0.759883
2025-03-22 12:58:16,890 Epoch: [10/20] Iter:[170/192], Time: 0.44, lr: [0.004929877659336362], Loss: 3.172777, Acc:0.683068, Semantic loss: 1.049229, BCE loss: 1.363991, SB loss: 0.759557
2025-03-22 12:58:20,784 Epoch: [10/20] Iter:[180/192], Time: 0.44, lr: [0.004904516743677371], Loss: 3.171175, Acc:0.681329, Semantic loss: 1.051574, BCE loss: 1.359323, SB loss: 0.760278
2025-03-22 12:58:24,635 Epoch: [10/20] Iter:[190/192], Time: 0.44, lr: [0.00487914124850611], Loss: 3.177293, Acc:0.679719, Semantic loss: 1.053925, BCE loss: 1.362609, SB loss: 0.760759
2025-03-22 12:59:57,341 0 [0.         0.5861448  0.25144986 0.24601452 0.23651044 0.12697348
 0.08332572] 0.2186312575487717
2025-03-22 12:59:57,342 1 [0.         0.63468194 0.44831653 0.3176785  0.32610792 0.0749682
 0.07926165] 0.26871638927568997
2025-03-22 12:59:57,347 => saving checkpoint to output\loveda\pidnet_small_loveda\aug_hf_gbcheckpoint.pth.tar
2025-03-22 12:59:57,481 Loss: 3.528, MeanIU:  0.2687, Best_mIoU:  0.2687
2025-03-22 12:59:57,481 [0.         0.63468194 0.44831653 0.3176785  0.32610792 0.0749682
 0.07926165]
2025-03-22 13:00:07,725 Epoch: [11/20] Iter:[0/192], Time: 10.05, lr: [0.004874064391789954], Loss: 3.271379, Acc:0.763296, Semantic loss: 0.976091, BCE loss: 1.578129, SB loss: 0.717159
2025-03-22 13:00:11,608 Epoch: [11/20] Iter:[10/192], Time: 1.27, lr: [0.004848671278701159], Loss: 3.173730, Acc:0.696424, Semantic loss: 1.030438, BCE loss: 1.424641, SB loss: 0.718651
2025-03-22 13:00:15,480 Epoch: [11/20] Iter:[20/192], Time: 0.85, lr: [0.0048232633805975296], Loss: 3.167530, Acc:0.691049, Semantic loss: 1.019597, BCE loss: 1.411378, SB loss: 0.736555
2025-03-22 13:00:19,367 Epoch: [11/20] Iter:[30/192], Time: 0.70, lr: [0.00479784060223045], Loss: 3.104964, Acc:0.701129, Semantic loss: 1.013058, BCE loss: 1.356927, SB loss: 0.734979
2025-03-22 13:00:23,254 Epoch: [11/20] Iter:[40/192], Time: 0.62, lr: [0.004772402847172951], Loss: 3.107328, Acc:0.697446, Semantic loss: 1.020114, BCE loss: 1.350271, SB loss: 0.736943
2025-03-22 13:00:27,126 Epoch: [11/20] Iter:[50/192], Time: 0.58, lr: [0.004746950017798064], Loss: 3.111697, Acc:0.695707, Semantic loss: 1.012347, BCE loss: 1.358385, SB loss: 0.740965
2025-03-22 13:00:31,002 Epoch: [11/20] Iter:[60/192], Time: 0.55, lr: [0.004721482015256639], Loss: 3.109859, Acc:0.694212, Semantic loss: 1.015402, BCE loss: 1.353240, SB loss: 0.741218
2025-03-22 13:00:34,899 Epoch: [11/20] Iter:[70/192], Time: 0.52, lr: [0.004695998739454633], Loss: 3.116506, Acc:0.699020, Semantic loss: 1.012915, BCE loss: 1.366069, SB loss: 0.737522
2025-03-22 13:00:38,768 Epoch: [11/20] Iter:[80/192], Time: 0.51, lr: [0.004670500089029817], Loss: 3.111566, Acc:0.698139, Semantic loss: 1.009016, BCE loss: 1.366108, SB loss: 0.736443
2025-03-22 13:00:42,642 Epoch: [11/20] Iter:[90/192], Time: 0.49, lr: [0.004644985961327915], Loss: 3.101296, Acc:0.696165, Semantic loss: 1.016339, BCE loss: 1.346674, SB loss: 0.738283
2025-03-22 13:00:46,527 Epoch: [11/20] Iter:[100/192], Time: 0.48, lr: [0.004619456252378151], Loss: 3.115944, Acc:0.695210, Semantic loss: 1.022853, BCE loss: 1.349473, SB loss: 0.743618
2025-03-22 13:00:50,420 Epoch: [11/20] Iter:[110/192], Time: 0.48, lr: [0.004593910856868159], Loss: 3.116357, Acc:0.695954, Semantic loss: 1.023333, BCE loss: 1.347917, SB loss: 0.745107
2025-03-22 13:00:54,308 Epoch: [11/20] Iter:[120/192], Time: 0.47, lr: [0.004568349668118281], Loss: 3.119692, Acc:0.695078, Semantic loss: 1.023442, BCE loss: 1.349943, SB loss: 0.746306
2025-03-22 13:00:58,186 Epoch: [11/20] Iter:[130/192], Time: 0.46, lr: [0.004542772578055196], Loss: 3.129026, Acc:0.693367, Semantic loss: 1.028446, BCE loss: 1.352431, SB loss: 0.748149
2025-03-22 13:01:02,077 Epoch: [11/20] Iter:[140/192], Time: 0.46, lr: [0.00451717947718487], Loss: 3.133169, Acc:0.693494, Semantic loss: 1.026085, BCE loss: 1.360878, SB loss: 0.746207
2025-03-22 13:01:05,960 Epoch: [11/20] Iter:[150/192], Time: 0.45, lr: [0.004491570254564817], Loss: 3.130962, Acc:0.692802, Semantic loss: 1.026403, BCE loss: 1.357639, SB loss: 0.746920
2025-03-22 13:01:09,847 Epoch: [11/20] Iter:[160/192], Time: 0.45, lr: [0.004465944797775636], Loss: 3.129285, Acc:0.693185, Semantic loss: 1.025371, BCE loss: 1.356585, SB loss: 0.747329
2025-03-22 13:01:13,727 Epoch: [11/20] Iter:[170/192], Time: 0.44, lr: [0.004440302992891796], Loss: 3.137156, Acc:0.692404, Semantic loss: 1.029026, BCE loss: 1.359842, SB loss: 0.748288
2025-03-22 13:01:17,604 Epoch: [11/20] Iter:[180/192], Time: 0.44, lr: [0.004414644724451659], Loss: 3.139808, Acc:0.690235, Semantic loss: 1.031708, BCE loss: 1.359586, SB loss: 0.748514
2025-03-22 13:01:21,482 Epoch: [11/20] Iter:[190/192], Time: 0.44, lr: [0.004388969875426714], Loss: 3.136901, Acc:0.690493, Semantic loss: 1.032218, BCE loss: 1.355040, SB loss: 0.749643
2025-03-22 13:02:54,212 0 [0.         0.54748154 0.23929368 0.18891715 0.20616083 0.12677662
 0.09038448] 0.19985918436359892
2025-03-22 13:02:54,212 1 [0.         0.50917923 0.38472844 0.35483954 0.27502239 0.10878745
 0.1564533 ] 0.2555729071387328
2025-03-22 13:02:54,217 => saving checkpoint to output\loveda\pidnet_small_loveda\aug_hf_gbcheckpoint.pth.tar
2025-03-22 13:02:54,295 Loss: 3.841, MeanIU:  0.2556, Best_mIoU:  0.2687
2025-03-22 13:02:54,295 [0.         0.50917923 0.38472844 0.35483954 0.27502239 0.10878745
 0.1564533 ]
2025-03-22 13:03:04,469 Epoch: [12/20] Iter:[0/192], Time: 9.98, lr: [0.0043838329055408696], Loss: 3.293315, Acc:0.742455, Semantic loss: 0.961903, BCE loss: 1.659003, SB loss: 0.672409
2025-03-22 13:03:08,368 Epoch: [12/20] Iter:[10/192], Time: 1.26, lr: [0.004358138003083593], Loss: 3.185362, Acc:0.715050, Semantic loss: 0.977582, BCE loss: 1.492980, SB loss: 0.714800
2025-03-22 13:03:12,254 Epoch: [12/20] Iter:[20/192], Time: 0.85, lr: [0.0043324262569064236], Loss: 3.133889, Acc:0.711458, Semantic loss: 0.987596, BCE loss: 1.418519, SB loss: 0.727774
2025-03-22 13:03:16,153 Epoch: [12/20] Iter:[30/192], Time: 0.70, lr: [0.0043066975447503065], Loss: 3.105543, Acc:0.707770, Semantic loss: 1.005144, BCE loss: 1.371067, SB loss: 0.729332
2025-03-22 13:03:20,042 Epoch: [12/20] Iter:[40/192], Time: 0.62, lr: [0.00428095174265078], Loss: 3.106793, Acc:0.711589, Semantic loss: 1.003757, BCE loss: 1.384068, SB loss: 0.718968
2025-03-22 13:03:23,917 Epoch: [12/20] Iter:[50/192], Time: 0.58, lr: [0.004255188724902623], Loss: 3.126237, Acc:0.711257, Semantic loss: 1.008246, BCE loss: 1.395695, SB loss: 0.722296
2025-03-22 13:03:27,807 Epoch: [12/20] Iter:[60/192], Time: 0.55, lr: [0.004229408364023519], Loss: 3.138983, Acc:0.713542, Semantic loss: 1.007060, BCE loss: 1.405809, SB loss: 0.726114
2025-03-22 13:03:31,700 Epoch: [12/20] Iter:[70/192], Time: 0.52, lr: [0.004203610530716726], Loss: 3.145426, Acc:0.706976, Semantic loss: 1.022524, BCE loss: 1.391438, SB loss: 0.731464
2025-03-22 13:03:35,586 Epoch: [12/20] Iter:[80/192], Time: 0.51, lr: [0.004177795093832693], Loss: 3.149257, Acc:0.703522, Semantic loss: 1.027385, BCE loss: 1.391645, SB loss: 0.730227
2025-03-22 13:03:39,450 Epoch: [12/20] Iter:[90/192], Time: 0.49, lr: [0.004151961920329593], Loss: 3.124518, Acc:0.704129, Semantic loss: 1.022281, BCE loss: 1.375260, SB loss: 0.726977
2025-03-22 13:03:43,363 Epoch: [12/20] Iter:[100/192], Time: 0.48, lr: [0.004126110875232744], Loss: 3.138739, Acc:0.705134, Semantic loss: 1.025061, BCE loss: 1.381932, SB loss: 0.731746
2025-03-22 13:03:47,251 Epoch: [12/20] Iter:[110/192], Time: 0.48, lr: [0.004100241821592866], Loss: 3.131822, Acc:0.702127, Semantic loss: 1.025823, BCE loss: 1.371619, SB loss: 0.734379
2025-03-22 13:03:51,153 Epoch: [12/20] Iter:[120/192], Time: 0.47, lr: [0.00407435462044314], Loss: 3.128389, Acc:0.701789, Semantic loss: 1.022832, BCE loss: 1.372325, SB loss: 0.733233
2025-03-22 13:03:55,035 Epoch: [12/20] Iter:[130/192], Time: 0.46, lr: [0.004048449130755016], Loss: 3.123977, Acc:0.701357, Semantic loss: 1.018049, BCE loss: 1.372776, SB loss: 0.733152
2025-03-22 13:03:58,923 Epoch: [12/20] Iter:[140/192], Time: 0.46, lr: [0.004022525209392749], Loss: 3.125515, Acc:0.702104, Semantic loss: 1.015635, BCE loss: 1.376943, SB loss: 0.732938
2025-03-22 13:04:02,817 Epoch: [12/20] Iter:[150/192], Time: 0.45, lr: [0.003996582711066572], Loss: 3.118279, Acc:0.701656, Semantic loss: 1.011255, BCE loss: 1.375507, SB loss: 0.731518
2025-03-22 13:04:06,711 Epoch: [12/20] Iter:[160/192], Time: 0.45, lr: [0.003970621488284514], Loss: 3.108309, Acc:0.700842, Semantic loss: 1.009113, BCE loss: 1.366801, SB loss: 0.732395
2025-03-22 13:04:10,607 Epoch: [12/20] Iter:[170/192], Time: 0.45, lr: [0.003944641391302759], Loss: 3.109255, Acc:0.699426, Semantic loss: 1.014574, BCE loss: 1.361138, SB loss: 0.733543
2025-03-22 13:04:14,478 Epoch: [12/20] Iter:[180/192], Time: 0.44, lr: [0.003918642268074522], Loss: 3.100704, Acc:0.697234, Semantic loss: 1.018224, BCE loss: 1.349419, SB loss: 0.733061
2025-03-22 13:04:18,349 Epoch: [12/20] Iter:[190/192], Time: 0.44, lr: [0.003892623964197378], Loss: 3.101444, Acc:0.696902, Semantic loss: 1.018643, BCE loss: 1.348246, SB loss: 0.734555
2025-03-22 13:05:51,168 0 [0.         0.50216382 0.21012194 0.24785703 0.16308119 0.07575351
 0.08189827] 0.18298224866009388
2025-03-22 13:05:51,168 1 [0.         0.32303013 0.30374487 0.34903662 0.30529199 0.05854646
 0.14064808] 0.21147116406011213
2025-03-22 13:05:51,173 => saving checkpoint to output\loveda\pidnet_small_loveda\aug_hf_gbcheckpoint.pth.tar
2025-03-22 13:05:51,251 Loss: 4.153, MeanIU:  0.2115, Best_mIoU:  0.2687
2025-03-22 13:05:51,251 [0.         0.32303013 0.30374487 0.34903662 0.30529199 0.05854646
 0.14064808]
2025-03-22 13:06:01,413 Epoch: [13/20] Iter:[0/192], Time: 9.97, lr: [0.0038874179879876346], Loss: 3.290294, Acc:0.747977, Semantic loss: 0.941371, BCE loss: 1.702201, SB loss: 0.646722
2025-03-22 13:06:05,316 Epoch: [13/20] Iter:[10/192], Time: 1.26, lr: [0.003861376460123532], Loss: 3.157352, Acc:0.700798, Semantic loss: 0.965970, BCE loss: 1.457293, SB loss: 0.734089
2025-03-22 13:06:09,209 Epoch: [13/20] Iter:[20/192], Time: 0.85, lr: [0.003835315403363414], Loss: 3.130081, Acc:0.716515, Semantic loss: 0.993373, BCE loss: 1.398626, SB loss: 0.738083
2025-03-22 13:06:13,083 Epoch: [13/20] Iter:[30/192], Time: 0.70, lr: [0.00380923465539378], Loss: 3.091360, Acc:0.716035, Semantic loss: 0.990944, BCE loss: 1.374975, SB loss: 0.725441
2025-03-22 13:06:16,957 Epoch: [13/20] Iter:[40/192], Time: 0.62, lr: [0.0037831340513060203], Loss: 3.108835, Acc:0.713154, Semantic loss: 0.999923, BCE loss: 1.386872, SB loss: 0.722040
2025-03-22 13:06:20,826 Epoch: [13/20] Iter:[50/192], Time: 0.58, lr: [0.003757013423534689], Loss: 3.131385, Acc:0.714563, Semantic loss: 1.008614, BCE loss: 1.399283, SB loss: 0.723488
2025-03-22 13:06:24,705 Epoch: [13/20] Iter:[60/192], Time: 0.55, lr: [0.003730872601793835], Loss: 3.130021, Acc:0.709685, Semantic loss: 1.007000, BCE loss: 1.397642, SB loss: 0.725379
2025-03-22 13:06:28,567 Epoch: [13/20] Iter:[70/192], Time: 0.52, lr: [0.0037047114130112895], Loss: 3.115451, Acc:0.707145, Semantic loss: 1.007806, BCE loss: 1.381817, SB loss: 0.725827
2025-03-22 13:06:32,440 Epoch: [13/20] Iter:[80/192], Time: 0.51, lr: [0.0036785296812608405], Loss: 3.111694, Acc:0.705311, Semantic loss: 1.022828, BCE loss: 1.354662, SB loss: 0.734205
2025-03-22 13:06:36,326 Epoch: [13/20] Iter:[90/192], Time: 0.49, lr: [0.003652327227692201], Loss: 3.127715, Acc:0.702278, Semantic loss: 1.027936, BCE loss: 1.364000, SB loss: 0.735779
2025-03-22 13:06:40,204 Epoch: [13/20] Iter:[100/192], Time: 0.48, lr: [0.0036261038704587037], Loss: 3.136737, Acc:0.699127, Semantic loss: 1.025961, BCE loss: 1.375143, SB loss: 0.735633
2025-03-22 13:06:44,104 Epoch: [13/20] Iter:[110/192], Time: 0.47, lr: [0.003599859424642584], Loss: 3.138327, Acc:0.700450, Semantic loss: 1.024188, BCE loss: 1.378034, SB loss: 0.736105
2025-03-22 13:06:47,988 Epoch: [13/20] Iter:[120/192], Time: 0.47, lr: [0.0035735937021778063], Loss: 3.133215, Acc:0.699854, Semantic loss: 1.023858, BCE loss: 1.372994, SB loss: 0.736363
2025-03-22 13:06:51,873 Epoch: [13/20] Iter:[130/192], Time: 0.46, lr: [0.0035473065117702885], Loss: 3.122783, Acc:0.700705, Semantic loss: 1.019968, BCE loss: 1.366129, SB loss: 0.736686
2025-03-22 13:06:55,759 Epoch: [13/20] Iter:[140/192], Time: 0.46, lr: [0.003520997658815433], Loss: 3.110591, Acc:0.700023, Semantic loss: 1.017797, BCE loss: 1.359354, SB loss: 0.733440
2025-03-22 13:06:59,654 Epoch: [13/20] Iter:[150/192], Time: 0.45, lr: [0.003494666945312851], Loss: 3.101668, Acc:0.700169, Semantic loss: 1.016230, BCE loss: 1.351897, SB loss: 0.733541
2025-03-22 13:07:03,532 Epoch: [13/20] Iter:[160/192], Time: 0.45, lr: [0.00346831416977816], Loss: 3.092125, Acc:0.700189, Semantic loss: 1.015240, BCE loss: 1.343977, SB loss: 0.732908
2025-03-22 13:07:07,446 Epoch: [13/20] Iter:[170/192], Time: 0.44, lr: [0.003441939127151716], Loss: 3.092057, Acc:0.701746, Semantic loss: 1.013677, BCE loss: 1.346405, SB loss: 0.731975
2025-03-22 13:07:11,323 Epoch: [13/20] Iter:[180/192], Time: 0.44, lr: [0.0034155416087041646], Loss: 3.083180, Acc:0.703130, Semantic loss: 1.009336, BCE loss: 1.344057, SB loss: 0.729787
2025-03-22 13:07:15,184 Epoch: [13/20] Iter:[190/192], Time: 0.44, lr: [0.0033891214019386652], Loss: 3.080736, Acc:0.702966, Semantic loss: 1.007742, BCE loss: 1.343075, SB loss: 0.729920
2025-03-22 13:08:48,026 0 [0.         0.57487674 0.2367064  0.19795994 0.20646815 0.11936706
 0.06874911] 0.20058962871648472
2025-03-22 13:08:48,026 1 [0.         0.61856759 0.34286755 0.33597229 0.21821232 0.18989298
 0.07540603] 0.254416964881201
2025-03-22 13:08:48,032 => saving checkpoint to output\loveda\pidnet_small_loveda\aug_hf_gbcheckpoint.pth.tar
2025-03-22 13:08:48,108 Loss: 3.828, MeanIU:  0.2544, Best_mIoU:  0.2687
2025-03-22 13:08:48,108 [0.         0.61856759 0.34286755 0.33597229 0.21821232 0.18989298
 0.07540603]
2025-03-22 13:08:58,354 Epoch: [14/20] Iter:[0/192], Time: 10.05, lr: [0.0033838346190164987], Loss: 3.245646, Acc:0.676848, Semantic loss: 1.015797, BCE loss: 1.519473, SB loss: 0.710377
2025-03-22 13:09:02,245 Epoch: [14/20] Iter:[10/192], Time: 1.27, lr: [0.0033573869003190927], Loss: 3.125829, Acc:0.724001, Semantic loss: 0.968602, BCE loss: 1.450072, SB loss: 0.707156
2025-03-22 13:09:06,131 Epoch: [14/20] Iter:[20/192], Time: 0.85, lr: [0.0033309160120447595], Loss: 3.081146, Acc:0.724304, Semantic loss: 0.975139, BCE loss: 1.387153, SB loss: 0.718854
2025-03-22 13:09:09,995 Epoch: [14/20] Iter:[30/192], Time: 0.70, lr: [0.0033044217289421207], Loss: 3.049235, Acc:0.715950, Semantic loss: 0.988191, BCE loss: 1.342169, SB loss: 0.718875
2025-03-22 13:09:13,887 Epoch: [14/20] Iter:[40/192], Time: 0.62, lr: [0.0032779038215418194], Loss: 3.072785, Acc:0.715057, Semantic loss: 0.998916, BCE loss: 1.353671, SB loss: 0.720198
2025-03-22 13:09:17,762 Epoch: [14/20] Iter:[50/192], Time: 0.58, lr: [0.0032513620560388795], Loss: 3.075277, Acc:0.709384, Semantic loss: 0.989235, BCE loss: 1.363367, SB loss: 0.722675
2025-03-22 13:09:21,638 Epoch: [14/20] Iter:[60/192], Time: 0.55, lr: [0.003224796194170671], Loss: 3.073126, Acc:0.708816, Semantic loss: 0.986596, BCE loss: 1.365077, SB loss: 0.721453
2025-03-22 13:09:25,529 Epoch: [14/20] Iter:[70/192], Time: 0.52, lr: [0.003198205993090303], Loss: 3.053948, Acc:0.706002, Semantic loss: 0.988925, BCE loss: 1.345935, SB loss: 0.719088
2025-03-22 13:09:29,426 Epoch: [14/20] Iter:[80/192], Time: 0.51, lr: [0.0031715912052352204], Loss: 3.050047, Acc:0.709819, Semantic loss: 0.981502, BCE loss: 1.352457, SB loss: 0.716088
2025-03-22 13:09:33,326 Epoch: [14/20] Iter:[90/192], Time: 0.49, lr: [0.0031449515781907557], Loss: 3.043054, Acc:0.713249, Semantic loss: 0.980518, BCE loss: 1.346549, SB loss: 0.715987
2025-03-22 13:09:37,209 Epoch: [14/20] Iter:[100/192], Time: 0.48, lr: [0.003118286854548424], Loss: 3.044087, Acc:0.711894, Semantic loss: 0.984783, BCE loss: 1.342598, SB loss: 0.716706
2025-03-22 13:09:41,102 Epoch: [14/20] Iter:[110/192], Time: 0.48, lr: [0.003091596771758693], Loss: 3.049621, Acc:0.713028, Semantic loss: 0.981429, BCE loss: 1.352771, SB loss: 0.715422
2025-03-22 13:09:45,002 Epoch: [14/20] Iter:[120/192], Time: 0.47, lr: [0.0030648810619779434], Loss: 3.059785, Acc:0.713801, Semantic loss: 0.982363, BCE loss: 1.359805, SB loss: 0.717618
2025-03-22 13:09:48,844 Epoch: [14/20] Iter:[130/192], Time: 0.46, lr: [0.0030381394519093602], Loss: 3.047942, Acc:0.712978, Semantic loss: 0.980704, BCE loss: 1.349611, SB loss: 0.717628
2025-03-22 13:09:52,737 Epoch: [14/20] Iter:[140/192], Time: 0.46, lr: [0.003011371662637431], Loss: 3.038572, Acc:0.714895, Semantic loss: 0.980009, BCE loss: 1.340735, SB loss: 0.717828
2025-03-22 13:09:56,617 Epoch: [14/20] Iter:[150/192], Time: 0.45, lr: [0.0029845774094557345], Loss: 3.045314, Acc:0.714077, Semantic loss: 0.982746, BCE loss: 1.343764, SB loss: 0.718803
2025-03-22 13:10:00,500 Epoch: [14/20] Iter:[160/192], Time: 0.45, lr: [0.002957756401687678], Loss: 3.041365, Acc:0.713282, Semantic loss: 0.985455, BCE loss: 1.338277, SB loss: 0.717633
2025-03-22 13:10:04,384 Epoch: [14/20] Iter:[170/192], Time: 0.44, lr: [0.002930908342499829], Loss: 3.044812, Acc:0.713853, Semantic loss: 0.985330, BCE loss: 1.341200, SB loss: 0.718281
2025-03-22 13:10:08,255 Epoch: [14/20] Iter:[180/192], Time: 0.44, lr: [0.002904032928707437], Loss: 3.041579, Acc:0.713658, Semantic loss: 0.984758, BCE loss: 1.336798, SB loss: 0.720024
2025-03-22 13:10:12,115 Epoch: [14/20] Iter:[190/192], Time: 0.44, lr: [0.0028771298505717554], Loss: 3.049376, Acc:0.711689, Semantic loss: 0.991791, BCE loss: 1.332742, SB loss: 0.724843
2025-03-22 13:11:44,845 0 [0.         0.5469871  0.24781998 0.19869743 0.224142   0.10846151
 0.08585771] 0.20170939022428133
2025-03-22 13:11:44,846 1 [0.         0.47749152 0.36809355 0.35312282 0.25859752 0.14062895
 0.13150136] 0.24706224409530103
2025-03-22 13:11:44,851 => saving checkpoint to output\loveda\pidnet_small_loveda\aug_hf_gbcheckpoint.pth.tar
2025-03-22 13:11:44,928 Loss: 4.128, MeanIU:  0.2471, Best_mIoU:  0.2687
2025-03-22 13:11:44,929 [0.         0.47749152 0.36809355 0.35312282 0.25859752 0.14062895
 0.13150136]
2025-03-22 13:11:55,080 Epoch: [15/20] Iter:[0/192], Time: 9.96, lr: [0.0028717458874925874], Loss: 3.087235, Acc:0.643290, Semantic loss: 0.999755, BCE loss: 1.370577, SB loss: 0.716904
2025-03-22 13:11:58,983 Epoch: [15/20] Iter:[10/192], Time: 1.26, lr: [0.0028448091937488323], Loss: 2.921198, Acc:0.725617, Semantic loss: 0.988820, BCE loss: 1.220681, SB loss: 0.711696
2025-03-22 13:12:02,861 Epoch: [15/20] Iter:[20/192], Time: 0.84, lr: [0.002817844130111582], Loss: 3.000229, Acc:0.725482, Semantic loss: 0.997332, BCE loss: 1.275083, SB loss: 0.727813
2025-03-22 13:12:06,756 Epoch: [15/20] Iter:[30/192], Time: 0.70, lr: [0.0027908503644035994], Loss: 3.064451, Acc:0.726858, Semantic loss: 1.000878, BCE loss: 1.334350, SB loss: 0.729223
2025-03-22 13:12:10,628 Epoch: [15/20] Iter:[40/192], Time: 0.62, lr: [0.0027638275569424097], Loss: 3.044020, Acc:0.720877, Semantic loss: 1.001596, BCE loss: 1.316777, SB loss: 0.725648
2025-03-22 13:12:14,492 Epoch: [15/20] Iter:[50/192], Time: 0.58, lr: [0.002736775360287257], Loss: 2.990146, Acc:0.722186, Semantic loss: 0.987942, BCE loss: 1.283609, SB loss: 0.718595
2025-03-22 13:12:18,451 Epoch: [15/20] Iter:[60/192], Time: 0.55, lr: [0.002709693418974644], Loss: 3.002587, Acc:0.724438, Semantic loss: 0.987816, BCE loss: 1.293138, SB loss: 0.721633
2025-03-22 13:12:22,454 Epoch: [15/20] Iter:[70/192], Time: 0.53, lr: [0.0026825813692418162], Loss: 2.976699, Acc:0.721650, Semantic loss: 0.979897, BCE loss: 1.279764, SB loss: 0.717038
2025-03-22 13:12:26,682 Epoch: [15/20] Iter:[80/192], Time: 0.51, lr: [0.0026554388387375], Loss: 2.990010, Acc:0.722355, Semantic loss: 0.983120, BCE loss: 1.285516, SB loss: 0.721373
2025-03-22 13:12:30,901 Epoch: [15/20] Iter:[90/192], Time: 0.50, lr: [0.002628265446219161], Loss: 2.984991, Acc:0.725155, Semantic loss: 0.978361, BCE loss: 1.289228, SB loss: 0.717402
2025-03-22 13:12:35,268 Epoch: [15/20] Iter:[100/192], Time: 0.50, lr: [0.002601060801235972], Loss: 2.985505, Acc:0.726612, Semantic loss: 0.976837, BCE loss: 1.292097, SB loss: 0.716571
2025-03-22 13:12:39,584 Epoch: [15/20] Iter:[110/192], Time: 0.49, lr: [0.002573824503796671], Loss: 2.995166, Acc:0.723054, Semantic loss: 0.976806, BCE loss: 1.303527, SB loss: 0.714833
2025-03-22 13:12:43,760 Epoch: [15/20] Iter:[120/192], Time: 0.48, lr: [0.00254655614402138], Loss: 3.007370, Acc:0.720502, Semantic loss: 0.978747, BCE loss: 1.312942, SB loss: 0.715681
2025-03-22 13:12:47,942 Epoch: [15/20] Iter:[130/192], Time: 0.48, lr: [0.0025192553017764118], Loss: 3.007147, Acc:0.719699, Semantic loss: 0.979091, BCE loss: 1.313861, SB loss: 0.714195
2025-03-22 13:12:52,200 Epoch: [15/20] Iter:[140/192], Time: 0.48, lr: [0.002491921546291034], Loss: 3.016417, Acc:0.718154, Semantic loss: 0.979944, BCE loss: 1.322399, SB loss: 0.714074
2025-03-22 13:12:56,791 Epoch: [15/20] Iter:[150/192], Time: 0.47, lr: [0.0024645544357550573], Loss: 3.018632, Acc:0.718012, Semantic loss: 0.980925, BCE loss: 1.322903, SB loss: 0.714804
2025-03-22 13:13:01,285 Epoch: [15/20] Iter:[160/192], Time: 0.47, lr: [0.002437153516896028], Loss: 3.011103, Acc:0.718302, Semantic loss: 0.980348, BCE loss: 1.316026, SB loss: 0.714729
2025-03-22 13:13:05,786 Epoch: [15/20] Iter:[170/192], Time: 0.47, lr: [0.0024097183245347467], Loss: 3.015218, Acc:0.719771, Semantic loss: 0.977377, BCE loss: 1.324798, SB loss: 0.713043
2025-03-22 13:13:10,218 Epoch: [15/20] Iter:[180/192], Time: 0.47, lr: [0.0023822483811177], Loss: 3.013312, Acc:0.721111, Semantic loss: 0.974202, BCE loss: 1.328126, SB loss: 0.710984
2025-03-22 13:13:14,700 Epoch: [15/20] Iter:[190/192], Time: 0.47, lr: [0.002354743196224891], Loss: 3.015137, Acc:0.721298, Semantic loss: 0.975024, BCE loss: 1.327858, SB loss: 0.712255
2025-03-22 13:15:16,862 0 [0.         0.5532566  0.2154377  0.22201174 0.2154436  0.14400883
 0.06162679] 0.20168360849641745
2025-03-22 13:15:16,862 1 [0.         0.57854043 0.30517314 0.31900008 0.25603128 0.15572366
 0.07657982] 0.24157834458759134
2025-03-22 13:15:16,869 => saving checkpoint to output\loveda\pidnet_small_loveda\aug_hf_gbcheckpoint.pth.tar
2025-03-22 13:15:16,999 Loss: 3.949, MeanIU:  0.2416, Best_mIoU:  0.2687
2025-03-22 13:15:16,999 [0.         0.57854043 0.30517314 0.31900008 0.25603128 0.15572366
 0.07657982]
2025-03-22 13:15:27,385 Epoch: [16/20] Iter:[0/192], Time: 10.19, lr: [0.0023492378861760376], Loss: 3.161438, Acc:0.757290, Semantic loss: 0.935526, BCE loss: 1.513955, SB loss: 0.711958
2025-03-22 13:15:31,336 Epoch: [16/20] Iter:[10/192], Time: 1.29, lr: [0.0023216897452738748], Loss: 3.003875, Acc:0.735273, Semantic loss: 0.962141, BCE loss: 1.335496, SB loss: 0.706237
2025-03-22 13:15:35,209 Epoch: [16/20] Iter:[20/192], Time: 0.86, lr: [0.0022941052360858027], Loss: 2.914102, Acc:0.734063, Semantic loss: 0.942790, BCE loss: 1.268305, SB loss: 0.703007
2025-03-22 13:15:39,132 Epoch: [16/20] Iter:[30/192], Time: 0.71, lr: [0.0022664838233947228], Loss: 2.966898, Acc:0.730735, Semantic loss: 0.963486, BCE loss: 1.295804, SB loss: 0.707607
2025-03-22 13:15:43,032 Epoch: [16/20] Iter:[40/192], Time: 0.63, lr: [0.0022388249567421017], Loss: 3.004166, Acc:0.726546, Semantic loss: 0.966491, BCE loss: 1.329778, SB loss: 0.707896
2025-03-22 13:15:46,926 Epoch: [16/20] Iter:[50/192], Time: 0.58, lr: [0.002211128069778427], Loss: 2.990386, Acc:0.728256, Semantic loss: 0.961796, BCE loss: 1.320084, SB loss: 0.708506
2025-03-22 13:15:50,817 Epoch: [16/20] Iter:[60/192], Time: 0.55, lr: [0.0021833925795765436], Loss: 3.018063, Acc:0.727024, Semantic loss: 0.965088, BCE loss: 1.341496, SB loss: 0.711479
2025-03-22 13:15:54,704 Epoch: [16/20] Iter:[70/192], Time: 0.53, lr: [0.0021556178859051967], Loss: 3.019219, Acc:0.725592, Semantic loss: 0.969678, BCE loss: 1.341900, SB loss: 0.707641
2025-03-22 13:15:58,571 Epoch: [16/20] Iter:[80/192], Time: 0.51, lr: [0.002127803370459852], Loss: 3.035343, Acc:0.723753, Semantic loss: 0.974227, BCE loss: 1.351957, SB loss: 0.709159
2025-03-22 13:16:02,440 Epoch: [16/20] Iter:[90/192], Time: 0.50, lr: [0.0020999483960476508], Loss: 3.003352, Acc:0.724719, Semantic loss: 0.964105, BCE loss: 1.334789, SB loss: 0.704458
2025-03-22 13:16:06,454 Epoch: [16/20] Iter:[100/192], Time: 0.49, lr: [0.0020720523057230294], Loss: 3.021190, Acc:0.727297, Semantic loss: 0.965243, BCE loss: 1.352275, SB loss: 0.703672
2025-03-22 13:16:10,390 Epoch: [16/20] Iter:[110/192], Time: 0.48, lr: [0.002044114421870228], Loss: 3.017716, Acc:0.726930, Semantic loss: 0.963512, BCE loss: 1.352163, SB loss: 0.702042
2025-03-22 13:16:14,359 Epoch: [16/20] Iter:[120/192], Time: 0.47, lr: [0.0020161340452285867], Loss: 3.010164, Acc:0.729433, Semantic loss: 0.959512, BCE loss: 1.348122, SB loss: 0.702530
2025-03-22 13:16:18,262 Epoch: [16/20] Iter:[130/192], Time: 0.47, lr: [0.001988110453856112], Loss: 2.997948, Acc:0.726773, Semantic loss: 0.959230, BCE loss: 1.335848, SB loss: 0.702870
2025-03-22 13:16:22,170 Epoch: [16/20] Iter:[140/192], Time: 0.46, lr: [0.0019600429020263607], Loss: 3.003105, Acc:0.725726, Semantic loss: 0.961489, BCE loss: 1.337768, SB loss: 0.703848
2025-03-22 13:16:26,075 Epoch: [16/20] Iter:[150/192], Time: 0.46, lr: [0.0019319306190532476], Loss: 3.003331, Acc:0.726058, Semantic loss: 0.960933, BCE loss: 1.340036, SB loss: 0.702362
2025-03-22 13:16:29,952 Epoch: [16/20] Iter:[160/192], Time: 0.45, lr: [0.0019037728080378042], Loss: 3.005405, Acc:0.724103, Semantic loss: 0.967832, BCE loss: 1.333572, SB loss: 0.704001
2025-03-22 13:16:33,879 Epoch: [16/20] Iter:[170/192], Time: 0.45, lr: [0.0018755686445303314], Loss: 2.991901, Acc:0.725001, Semantic loss: 0.965211, BCE loss: 1.323957, SB loss: 0.702733
2025-03-22 13:16:37,789 Epoch: [16/20] Iter:[180/192], Time: 0.45, lr: [0.001847317275100738], Loss: 2.997576, Acc:0.724270, Semantic loss: 0.968100, BCE loss: 1.325737, SB loss: 0.703739
2025-03-22 13:16:41,650 Epoch: [16/20] Iter:[190/192], Time: 0.44, lr: [0.0018190178158090872], Loss: 2.999850, Acc:0.724502, Semantic loss: 0.970558, BCE loss: 1.325258, SB loss: 0.704033
2025-03-22 13:18:17,852 0 [0.         0.5034206  0.17773346 0.24805921 0.24439587 0.18744485
 0.06690518] 0.20399416614119897
2025-03-22 13:18:17,852 1 [0.         0.46992246 0.24322496 0.32492846 0.30351398 0.13257086
 0.11480008] 0.22699439822238965
2025-03-22 13:18:17,858 => saving checkpoint to output\loveda\pidnet_small_loveda\aug_hf_gbcheckpoint.pth.tar
2025-03-22 13:18:17,937 Loss: 3.919, MeanIU:  0.2270, Best_mIoU:  0.2687
2025-03-22 13:18:17,938 [0.         0.46992246 0.24322496 0.32492846 0.30351398 0.13257086
 0.11480008]
2025-03-22 13:18:28,151 Epoch: [17/20] Iter:[0/192], Time: 10.02, lr: [0.0018133520731367456], Loss: 3.018445, Acc:0.755741, Semantic loss: 0.835333, BCE loss: 1.508015, SB loss: 0.675097
2025-03-22 13:18:32,031 Epoch: [17/20] Iter:[10/192], Time: 1.26, lr: [0.001784993693823396], Loss: 2.971553, Acc:0.720275, Semantic loss: 0.899616, BCE loss: 1.371025, SB loss: 0.700912
2025-03-22 13:18:35,941 Epoch: [17/20] Iter:[20/192], Time: 0.85, lr: [0.0017565851643374117], Loss: 2.975249, Acc:0.729425, Semantic loss: 0.912678, BCE loss: 1.358475, SB loss: 0.704096
2025-03-22 13:18:39,840 Epoch: [17/20] Iter:[30/192], Time: 0.70, lr: [0.0017281254915000803], Loss: 3.001941, Acc:0.727496, Semantic loss: 0.941728, BCE loss: 1.348468, SB loss: 0.711745
2025-03-22 13:18:43,730 Epoch: [17/20] Iter:[40/192], Time: 0.62, lr: [0.0016996136438923032], Loss: 2.986021, Acc:0.724320, Semantic loss: 0.949464, BCE loss: 1.332241, SB loss: 0.704317
2025-03-22 13:18:47,648 Epoch: [17/20] Iter:[50/192], Time: 0.58, lr: [0.0016710485496403851], Loss: 2.984491, Acc:0.724098, Semantic loss: 0.956765, BCE loss: 1.323962, SB loss: 0.703764
2025-03-22 13:18:51,554 Epoch: [17/20] Iter:[60/192], Time: 0.55, lr: [0.0016424290940290059], Loss: 2.966146, Acc:0.730963, Semantic loss: 0.949158, BCE loss: 1.320542, SB loss: 0.696446
2025-03-22 13:18:55,416 Epoch: [17/20] Iter:[70/192], Time: 0.53, lr: [0.0016137541169242962], Loss: 2.933240, Acc:0.731275, Semantic loss: 0.945630, BCE loss: 1.292107, SB loss: 0.695502
2025-03-22 13:18:59,358 Epoch: [17/20] Iter:[80/192], Time: 0.51, lr: [0.0015850224099878446], Loss: 2.949529, Acc:0.734328, Semantic loss: 0.944936, BCE loss: 1.307157, SB loss: 0.697436
2025-03-22 13:19:03,241 Epoch: [17/20] Iter:[90/192], Time: 0.50, lr: [0.001556232713660091], Loss: 2.947598, Acc:0.732809, Semantic loss: 0.945188, BCE loss: 1.308078, SB loss: 0.694332
2025-03-22 13:19:07,172 Epoch: [17/20] Iter:[100/192], Time: 0.49, lr: [0.0015273837138888994], Loss: 2.951812, Acc:0.734905, Semantic loss: 0.943259, BCE loss: 1.315870, SB loss: 0.692684
2025-03-22 13:19:11,079 Epoch: [17/20] Iter:[110/192], Time: 0.48, lr: [0.0014984740385759552], Loss: 2.964911, Acc:0.732772, Semantic loss: 0.946143, BCE loss: 1.325208, SB loss: 0.693560
2025-03-22 13:19:14,943 Epoch: [17/20] Iter:[120/192], Time: 0.47, lr: [0.0014695022537100475], Loss: 2.971442, Acc:0.729129, Semantic loss: 0.951693, BCE loss: 1.323767, SB loss: 0.695982
2025-03-22 13:19:18,839 Epoch: [17/20] Iter:[130/192], Time: 0.46, lr: [0.0014404668591521846], Loss: 2.968902, Acc:0.728582, Semantic loss: 0.954473, BCE loss: 1.317714, SB loss: 0.696715
2025-03-22 13:19:22,752 Epoch: [17/20] Iter:[140/192], Time: 0.46, lr: [0.0014113662840326588], Loss: 2.971600, Acc:0.729384, Semantic loss: 0.957333, BCE loss: 1.316007, SB loss: 0.698260
2025-03-22 13:19:26,665 Epoch: [17/20] Iter:[150/192], Time: 0.45, lr: [0.0013821988817145786], Loss: 2.971979, Acc:0.730355, Semantic loss: 0.956335, BCE loss: 1.318595, SB loss: 0.697050
2025-03-22 13:19:30,575 Epoch: [17/20] Iter:[160/192], Time: 0.45, lr: [0.0013529629242719093], Loss: 2.971524, Acc:0.731880, Semantic loss: 0.955928, BCE loss: 1.318677, SB loss: 0.696919
2025-03-22 13:19:34,498 Epoch: [17/20] Iter:[170/192], Time: 0.45, lr: [0.0013236565964223801], Loss: 2.974840, Acc:0.731885, Semantic loss: 0.956681, BCE loss: 1.321887, SB loss: 0.696272
2025-03-22 13:19:38,399 Epoch: [17/20] Iter:[180/192], Time: 0.44, lr: [0.0012942779888466518], Loss: 2.974035, Acc:0.732237, Semantic loss: 0.956083, BCE loss: 1.322317, SB loss: 0.695635
2025-03-22 13:19:42,275 Epoch: [17/20] Iter:[190/192], Time: 0.44, lr: [0.0012648250908145803], Loss: 2.970935, Acc:0.731726, Semantic loss: 0.956318, BCE loss: 1.319148, SB loss: 0.695468
2025-03-22 13:21:20,955 0 [0.         0.53397341 0.2312217  0.25137239 0.20488928 0.1725853
 0.06758101] 0.20880329891635263
2025-03-22 13:21:20,955 1 [0.         0.56120091 0.38965194 0.35764112 0.27267099 0.14459798
 0.12060337] 0.2637666151327053
2025-03-22 13:21:20,960 => saving checkpoint to output\loveda\pidnet_small_loveda\aug_hf_gbcheckpoint.pth.tar
2025-03-22 13:21:21,038 Loss: 3.774, MeanIU:  0.2638, Best_mIoU:  0.2687
2025-03-22 13:21:21,038 [0.         0.56120091 0.38965194 0.35764112 0.27267099 0.14459798
 0.12060337]
2025-03-22 13:21:31,242 Epoch: [18/20] Iter:[0/192], Time: 10.01, lr: [0.001258925411794167], Loss: 2.760389, Acc:0.678426, Semantic loss: 0.857281, BCE loss: 1.257860, SB loss: 0.645248
2025-03-22 13:21:35,149 Epoch: [18/20] Iter:[10/192], Time: 1.27, lr: [0.0012293805561511607], Loss: 3.032555, Acc:0.728335, Semantic loss: 0.971088, BCE loss: 1.365482, SB loss: 0.695985
2025-03-22 13:21:39,060 Epoch: [18/20] Iter:[20/192], Time: 0.85, lr: [0.0011997565879500753], Loss: 3.008789, Acc:0.734272, Semantic loss: 0.972118, BCE loss: 1.325117, SB loss: 0.711554
2025-03-22 13:21:43,019 Epoch: [18/20] Iter:[30/192], Time: 0.70, lr: [0.0011700511125444005], Loss: 2.998013, Acc:0.737199, Semantic loss: 0.977974, BCE loss: 1.310096, SB loss: 0.709943
2025-03-22 13:21:46,944 Epoch: [18/20] Iter:[40/192], Time: 0.63, lr: [0.0011402615929770753], Loss: 2.968456, Acc:0.737809, Semantic loss: 0.953091, BCE loss: 1.315359, SB loss: 0.700006
2025-03-22 13:21:50,848 Epoch: [18/20] Iter:[50/192], Time: 0.58, lr: [0.0011103853371305413], Loss: 2.932472, Acc:0.740249, Semantic loss: 0.940173, BCE loss: 1.300794, SB loss: 0.691505
2025-03-22 13:21:54,773 Epoch: [18/20] Iter:[60/192], Time: 0.55, lr: [0.001080419483295973], Loss: 2.906798, Acc:0.743479, Semantic loss: 0.934483, BCE loss: 1.287446, SB loss: 0.684870
2025-03-22 13:21:58,746 Epoch: [18/20] Iter:[70/192], Time: 0.53, lr: [0.0010503609839122385], Loss: 2.934226, Acc:0.743058, Semantic loss: 0.939663, BCE loss: 1.311315, SB loss: 0.683248
2025-03-22 13:22:02,619 Epoch: [18/20] Iter:[80/192], Time: 0.51, lr: [0.0010202065871765603], Loss: 2.943436, Acc:0.737883, Semantic loss: 0.945905, BCE loss: 1.314148, SB loss: 0.683383
2025-03-22 13:22:06,526 Epoch: [18/20] Iter:[90/192], Time: 0.50, lr: [0.000989952816168914], Loss: 2.946535, Acc:0.739821, Semantic loss: 0.944518, BCE loss: 1.318897, SB loss: 0.683120
2025-03-22 13:22:10,436 Epoch: [18/20] Iter:[100/192], Time: 0.49, lr: [0.0009595959450576828], Loss: 2.940854, Acc:0.739865, Semantic loss: 0.941496, BCE loss: 1.317255, SB loss: 0.682103
2025-03-22 13:22:14,319 Epoch: [18/20] Iter:[110/192], Time: 0.48, lr: [0.000929131971860904], Loss: 2.924682, Acc:0.738862, Semantic loss: 0.939904, BCE loss: 1.300791, SB loss: 0.683987
2025-03-22 13:22:18,250 Epoch: [18/20] Iter:[120/192], Time: 0.47, lr: [0.0008985565871200918], Loss: 2.924042, Acc:0.739502, Semantic loss: 0.937390, BCE loss: 1.303898, SB loss: 0.682754
2025-03-22 13:22:22,194 Epoch: [18/20] Iter:[130/192], Time: 0.47, lr: [0.0008678651376944955], Loss: 2.934015, Acc:0.741725, Semantic loss: 0.936351, BCE loss: 1.314200, SB loss: 0.683463
2025-03-22 13:22:26,121 Epoch: [18/20] Iter:[140/192], Time: 0.46, lr: [0.000837052584692747], Loss: 2.945437, Acc:0.740986, Semantic loss: 0.938160, BCE loss: 1.323213, SB loss: 0.684063
2025-03-22 13:22:30,018 Epoch: [18/20] Iter:[150/192], Time: 0.46, lr: [0.000806113454312208], Loss: 2.941172, Acc:0.740684, Semantic loss: 0.939842, BCE loss: 1.316779, SB loss: 0.684551
2025-03-22 13:22:33,946 Epoch: [18/20] Iter:[160/192], Time: 0.45, lr: [0.0007750417800344363], Loss: 2.932787, Acc:0.740834, Semantic loss: 0.936915, BCE loss: 1.311704, SB loss: 0.684168
2025-03-22 13:22:37,833 Epoch: [18/20] Iter:[170/192], Time: 0.45, lr: [0.0007438310342008949], Loss: 2.937308, Acc:0.739328, Semantic loss: 0.941535, BCE loss: 1.310101, SB loss: 0.685672
2025-03-22 13:22:41,734 Epoch: [18/20] Iter:[180/192], Time: 0.44, lr: [0.0007124740464272778], Loss: 2.936306, Acc:0.739976, Semantic loss: 0.940455, BCE loss: 1.310808, SB loss: 0.685043
2025-03-22 13:22:45,607 Epoch: [18/20] Iter:[190/192], Time: 0.44, lr: [0.0006809629055511224], Loss: 2.939259, Acc:0.740022, Semantic loss: 0.940403, BCE loss: 1.313402, SB loss: 0.685455
2025-03-22 13:24:24,441 0 [0.         0.53344008 0.21240851 0.19911769 0.21144846 0.14039219
 0.06830929] 0.19501660350058786
2025-03-22 13:24:24,441 1 [0.         0.54204219 0.32622468 0.33333132 0.27721948 0.14801225
 0.10893829] 0.24796688636647993
2025-03-22 13:24:24,447 => saving checkpoint to output\loveda\pidnet_small_loveda\aug_hf_gbcheckpoint.pth.tar
2025-03-22 13:24:24,535 Loss: 3.924, MeanIU:  0.2480, Best_mIoU:  0.2687
2025-03-22 13:24:24,535 [0.         0.54204219 0.32622468 0.33333132 0.27721948 0.14801225
 0.10893829]
2025-03-22 13:24:34,593 Epoch: [19/20] Iter:[0/192], Time: 9.87, lr: [0.0006746414238367822], Loss: 3.195303, Acc:0.696553, Semantic loss: 1.054257, BCE loss: 1.373641, SB loss: 0.767405
2025-03-22 13:24:38,468 Epoch: [19/20] Iter:[10/192], Time: 1.25, lr: [0.0006429336362339898], Loss: 2.955178, Acc:0.721238, Semantic loss: 0.960225, BCE loss: 1.284889, SB loss: 0.710064
2025-03-22 13:24:42,331 Epoch: [19/20] Iter:[20/192], Time: 0.84, lr: [0.0006110510578510947], Loss: 2.936686, Acc:0.716661, Semantic loss: 0.978770, BCE loss: 1.242934, SB loss: 0.714982
2025-03-22 13:24:46,277 Epoch: [19/20] Iter:[30/192], Time: 0.70, lr: [0.0005789824653018995], Loss: 2.915576, Acc:0.732181, Semantic loss: 0.969269, BCE loss: 1.242602, SB loss: 0.703705
2025-03-22 13:24:50,164 Epoch: [19/20] Iter:[40/192], Time: 0.62, lr: [0.0005467151732202777], Loss: 2.965783, Acc:0.730165, Semantic loss: 0.975390, BCE loss: 1.286150, SB loss: 0.704242
2025-03-22 13:24:54,081 Epoch: [19/20] Iter:[50/192], Time: 0.58, lr: [0.0005142347343351296], Loss: 2.977665, Acc:0.732737, Semantic loss: 0.978047, BCE loss: 1.291453, SB loss: 0.708164
2025-03-22 13:24:57,963 Epoch: [19/20] Iter:[60/192], Time: 0.54, lr: [0.0004815245523312483], Loss: 2.947166, Acc:0.736260, Semantic loss: 0.963576, BCE loss: 1.281830, SB loss: 0.701760
2025-03-22 13:25:01,882 Epoch: [19/20] Iter:[70/192], Time: 0.52, lr: [0.000448565373510549], Loss: 2.934310, Acc:0.739149, Semantic loss: 0.956677, BCE loss: 1.278236, SB loss: 0.699397
2025-03-22 13:25:05,784 Epoch: [19/20] Iter:[80/192], Time: 0.51, lr: [0.00041533460609889997], Loss: 2.946454, Acc:0.739295, Semantic loss: 0.954612, BCE loss: 1.295639, SB loss: 0.696204
2025-03-22 13:25:09,701 Epoch: [19/20] Iter:[90/192], Time: 0.49, lr: [0.00038180538785330436], Loss: 2.948154, Acc:0.737941, Semantic loss: 0.959168, BCE loss: 1.291723, SB loss: 0.697263
2025-03-22 13:25:13,598 Epoch: [19/20] Iter:[100/192], Time: 0.48, lr: [0.00034794527452517863], Loss: 2.928403, Acc:0.738534, Semantic loss: 0.950931, BCE loss: 1.285471, SB loss: 0.692001
2025-03-22 13:25:17,520 Epoch: [19/20] Iter:[110/192], Time: 0.48, lr: [0.00031371433588231993], Loss: 2.919639, Acc:0.741021, Semantic loss: 0.947410, BCE loss: 1.281205, SB loss: 0.691024
2025-03-22 13:25:21,427 Epoch: [19/20] Iter:[120/192], Time: 0.47, lr: [0.0002790622842837163], Loss: 2.920249, Acc:0.743872, Semantic loss: 0.944637, BCE loss: 1.286548, SB loss: 0.689065
2025-03-22 13:25:25,363 Epoch: [19/20] Iter:[130/192], Time: 0.46, lr: [0.0002439239356353784], Loss: 2.918130, Acc:0.744589, Semantic loss: 0.941869, BCE loss: 1.289545, SB loss: 0.686715
2025-03-22 13:25:29,244 Epoch: [19/20] Iter:[140/192], Time: 0.46, lr: [0.00020821159321002047], Loss: 2.925793, Acc:0.744042, Semantic loss: 0.941849, BCE loss: 1.297344, SB loss: 0.686600
2025-03-22 13:25:33,146 Epoch: [19/20] Iter:[150/192], Time: 0.45, lr: [0.00017180122628828942], Loss: 2.934713, Acc:0.744272, Semantic loss: 0.939844, BCE loss: 1.308419, SB loss: 0.686450
2025-03-22 13:25:37,042 Epoch: [19/20] Iter:[160/192], Time: 0.45, lr: [0.00013450451987183818], Loss: 2.928787, Acc:0.745443, Semantic loss: 0.935751, BCE loss: 1.308971, SB loss: 0.684064
2025-03-22 13:25:40,957 Epoch: [19/20] Iter:[170/192], Time: 0.45, lr: [9.600244875192536e-05], Loss: 2.930504, Acc:0.745220, Semantic loss: 0.934220, BCE loss: 1.312919, SB loss: 0.683365
2025-03-22 13:25:44,869 Epoch: [19/20] Iter:[180/192], Time: 0.44, lr: [5.563716848048335e-05], Loss: 2.935411, Acc:0.745484, Semantic loss: 0.936071, BCE loss: 1.316181, SB loss: 0.683159
2025-03-22 13:25:48,739 Epoch: [19/20] Iter:[190/192], Time: 0.44, lr: [1.1092486125349496e-05], Loss: 2.924680, Acc:0.744454, Semantic loss: 0.934170, BCE loss: 1.308895, SB loss: 0.681614
2025-03-22 13:27:27,138 0 [0.         0.52712207 0.227969   0.23076936 0.19441144 0.15716304
 0.07057025] 0.20114359571480406
2025-03-22 13:27:27,138 1 [0.         0.51525012 0.35138339 0.34347812 0.26389753 0.11640454
 0.11387769] 0.24347019881237925
2025-03-22 13:27:27,144 => saving checkpoint to output\loveda\pidnet_small_loveda\aug_hf_gbcheckpoint.pth.tar
2025-03-22 13:27:27,223 Loss: 3.898, MeanIU:  0.2435, Best_mIoU:  0.2687
2025-03-22 13:27:27,223 [0.         0.51525012 0.35138339 0.34347812 0.26389753 0.11640454
 0.11387769]
2025-03-22 13:27:27,265 Hours: 0
2025-03-22 13:27:27,265 Done
