2025-05-22 18:58:08,873 Namespace(cfg='configs/loveda/pidnet_small_loveda.yaml', seed=304, opts=[])
2025-05-22 18:58:08,873 AUTO_RESUME: False
CUDNN:
  BENCHMARK: True
  DETERMINISTIC: False
  ENABLED: True
DATASET:
  DATASET: loveda
  EXTRA_TRAIN_SET: 
  NUM_CLASSES: 8
  ROOT: data/
  TARGET_SET: list/loveda/rural/train.lst
  TEST_SET: list/loveda/urban_rural/val.lst
  TRAIN_SET: list/loveda/urban_rural/train.lst
GPUS: (0,)
LOG_DIR: log
LOSS:
  BALANCE_WEIGHTS: [0.4, 1.0]
  CLASS_BALANCE: False
  OHEMKEEP: 131072
  OHEMTHRES: 0.9
  SB_WEIGHTS: 1.0
  USE_OHEM: True
MODEL:
  ALIGN_CORNERS: True
  NAME: pidnet_small
  NUM_OUTPUTS: 2
  PRETRAINED: pretrained_models/imagenet/PIDNet_S_ImageNet.pth.tar
OUTPUT_DIR: output
PIN_MEMORY: True
PRINT_FREQ: 10
TEST:
  BASE_SIZE: 1024
  BATCH_SIZE_PER_GPU: 6
  FLIP_TEST: False
  IMAGE_SIZE: [1024, 1024]
  MODEL_FILE: output/loveda/pidnet_small_loveda/final_state.pt
  MULTI_SCALE: False
  OUTPUT_INDEX: 1
TRAIN:
  AUGMENTATION:
    ENABLE: True
    PROBABILITY: 0.5
    TECHNIQUES:
      COLOR_JITTER: True
      GAUSSIAN_BLUR: False
      GAUSSIAN_NOISE: True
      HORIZONTAL_FLIP: True
      RANDOM_CROP: False
  BASE_SIZE: 1024
  BATCH_SIZE_PER_GPU: 6
  BEGIN_EPOCH: 0
  DACS:
    ENABLE: False
    THRESHOLD: 0.9
  END_EPOCH: 20
  EXTRA_EPOCH: 0
  EXTRA_LR: 0.001
  FDA:
    ENABLE: False
  FLIP: False
  GAN:
    ENABLE: False
    MULTI_LEVEL: False
  IGNORE_LABEL: 0
  IMAGE_SIZE: [1024, 1024]
  LR: 0.01
  MOMENTUM: 0.7
  MULTI_SCALE: False
  NESTEROV: False
  OPTIMIZER: sgd
  RESUME: True
  SCALE_FACTOR: 16
  SHUFFLE: True
  WD: 0.0005
WORKERS: 4
2025-05-22 18:58:08,956 Attention!!!
2025-05-22 18:58:08,956 Loaded 302 parameters!
2025-05-22 18:58:08,956 Over!!!
2025-05-22 18:58:25,179 Epoch: [0/20] Iter:[0/192], Time: 16.14, lr: [0.01], Loss: 9.357681, Acc:0.170282, Semantic loss: 2.403773, BCE loss: 4.929141, SB loss: 2.024767
2025-05-22 18:58:29,280 Epoch: [0/20] Iter:[10/192], Time: 1.82, lr: [0.009976559445324192], Loss: 6.050362, Acc:0.216260, Semantic loss: 1.992180, BCE loss: 2.738087, SB loss: 1.320095
2025-05-22 18:58:33,360 Epoch: [0/20] Iter:[20/192], Time: 1.15, lr: [0.009953112769592761], Loss: 5.384436, Acc:0.225844, Semantic loss: 1.859662, BCE loss: 2.394613, SB loss: 1.130161
2025-05-22 18:58:37,411 Epoch: [0/20] Iter:[30/192], Time: 0.91, lr: [0.009929659955177281], Loss: 4.852323, Acc:0.238443, Semantic loss: 1.658414, BCE loss: 2.240091, SB loss: 0.953817
2025-05-22 18:58:41,437 Epoch: [0/20] Iter:[40/192], Time: 0.79, lr: [0.009906200984352154], Loss: 4.567000, Acc:0.250159, Semantic loss: 1.580537, BCE loss: 2.116972, SB loss: 0.869491
2025-05-22 18:58:45,455 Epoch: [0/20] Iter:[50/192], Time: 0.71, lr: [0.009882735839293803], Loss: 4.264966, Acc:0.251841, Semantic loss: 1.463628, BCE loss: 2.012217, SB loss: 0.789121
2025-05-22 18:58:49,454 Epoch: [0/20] Iter:[60/192], Time: 0.66, lr: [0.00985926450207989], Loss: 4.086559, Acc:0.254132, Semantic loss: 1.397826, BCE loss: 1.938232, SB loss: 0.750501
2025-05-22 18:58:53,458 Epoch: [0/20] Iter:[70/192], Time: 0.62, lr: [0.009835786954688485], Loss: 3.960132, Acc:0.259972, Semantic loss: 1.348655, BCE loss: 1.902663, SB loss: 0.708814
2025-05-22 18:58:57,472 Epoch: [0/20] Iter:[80/192], Time: 0.60, lr: [0.00981230317899726], Loss: 3.888752, Acc:0.265009, Semantic loss: 1.318540, BCE loss: 1.862284, SB loss: 0.707928
2025-05-22 18:59:01,481 Epoch: [0/20] Iter:[90/192], Time: 0.57, lr: [0.009788813156782662], Loss: 3.815136, Acc:0.265600, Semantic loss: 1.278005, BCE loss: 1.854924, SB loss: 0.682207
2025-05-22 18:59:05,488 Epoch: [0/20] Iter:[100/192], Time: 0.56, lr: [0.009765316869719067], Loss: 3.736952, Acc:0.270275, Semantic loss: 1.247583, BCE loss: 1.835160, SB loss: 0.654209
2025-05-22 18:59:09,514 Epoch: [0/20] Iter:[110/192], Time: 0.54, lr: [0.009741814299377942], Loss: 3.646211, Acc:0.273470, Semantic loss: 1.213283, BCE loss: 1.809151, SB loss: 0.623777
2025-05-22 18:59:13,531 Epoch: [0/20] Iter:[120/192], Time: 0.53, lr: [0.009718305427226986], Loss: 3.660481, Acc:0.273370, Semantic loss: 1.202788, BCE loss: 1.784713, SB loss: 0.672980
2025-05-22 18:59:17,521 Epoch: [0/20] Iter:[130/192], Time: 0.52, lr: [0.009694790234629266], Loss: 3.633307, Acc:0.276870, Semantic loss: 1.199540, BCE loss: 1.769550, SB loss: 0.664216
2025-05-22 18:59:21,536 Epoch: [0/20] Iter:[140/192], Time: 0.51, lr: [0.009671268702842338], Loss: 3.593000, Acc:0.277185, Semantic loss: 1.186911, BCE loss: 1.751120, SB loss: 0.654968
2025-05-22 18:59:25,566 Epoch: [0/20] Iter:[150/192], Time: 0.51, lr: [0.009647740813017376], Loss: 3.567628, Acc:0.278698, Semantic loss: 1.178245, BCE loss: 1.737978, SB loss: 0.651405
2025-05-22 18:59:29,591 Epoch: [0/20] Iter:[160/192], Time: 0.50, lr: [0.009624206546198262], Loss: 3.534374, Acc:0.278965, Semantic loss: 1.164977, BCE loss: 1.723561, SB loss: 0.645835
2025-05-22 18:59:33,623 Epoch: [0/20] Iter:[170/192], Time: 0.49, lr: [0.009600665883320689], Loss: 3.498547, Acc:0.280669, Semantic loss: 1.149574, BCE loss: 1.715814, SB loss: 0.633160
2025-05-22 18:59:37,618 Epoch: [0/20] Iter:[180/192], Time: 0.49, lr: [0.009577118805211254], Loss: 3.450538, Acc:0.283366, Semantic loss: 1.128858, BCE loss: 1.703630, SB loss: 0.618050
2025-05-22 18:59:41,556 Epoch: [0/20] Iter:[190/192], Time: 0.48, lr: [0.009553565292586523], Loss: 3.410741, Acc:0.285775, Semantic loss: 1.115538, BCE loss: 1.689331, SB loss: 0.605872
2025-05-22 19:01:27,264 => saving checkpoint to output\loveda\pidnet_small_loveda\aug_hf_cj_gncheckpoint.pth.tar
2025-05-22 19:01:27,381 Loss: 5.108, MeanIU:  0.1948, Best_mIoU:  0.1948
2025-05-22 19:01:27,381 [0.19253976 0.24379238 0.13162974 0.27057316 0.0397851  0.13244354
 0.35251533]
2025-05-22 19:01:39,276 Epoch: [1/20] Iter:[0/192], Time: 11.70, lr: [0.009548853816214998], Loss: 2.720552, Acc:0.294922, Semantic loss: 0.757863, BCE loss: 1.746732, SB loss: 0.215957
2025-05-22 19:01:43,318 Epoch: [1/20] Iter:[10/192], Time: 1.43, lr: [0.009525292556561479], Loss: 2.617482, Acc:0.343766, Semantic loss: 0.769011, BCE loss: 1.550641, SB loss: 0.297830
2025-05-22 19:01:47,316 Epoch: [1/20] Iter:[20/192], Time: 0.94, lr: [0.00950172481957719], Loss: 2.657053, Acc:0.348970, Semantic loss: 0.834856, BCE loss: 1.480530, SB loss: 0.341668
2025-05-22 19:01:51,454 Epoch: [1/20] Iter:[30/192], Time: 0.77, lr: [0.009478150585620286], Loss: 2.575672, Acc:0.357048, Semantic loss: 0.801964, BCE loss: 1.445259, SB loss: 0.328449
2025-05-22 19:01:55,604 Epoch: [1/20] Iter:[40/192], Time: 0.68, lr: [0.009454569834934885], Loss: 2.557204, Acc:0.355576, Semantic loss: 0.783455, BCE loss: 1.453404, SB loss: 0.320345
2025-05-22 19:02:00,102 Epoch: [1/20] Iter:[50/192], Time: 0.64, lr: [0.009430982547650114], Loss: 2.619232, Acc:0.354496, Semantic loss: 0.808676, BCE loss: 1.473632, SB loss: 0.336925
2025-05-22 19:02:04,401 Epoch: [1/20] Iter:[60/192], Time: 0.60, lr: [0.009407388703779091], Loss: 2.631233, Acc:0.356635, Semantic loss: 0.817885, BCE loss: 1.477999, SB loss: 0.335349
2025-05-22 19:02:08,673 Epoch: [1/20] Iter:[70/192], Time: 0.58, lr: [0.009383788283217955], Loss: 2.614069, Acc:0.356367, Semantic loss: 0.811298, BCE loss: 1.450997, SB loss: 0.351774
2025-05-22 19:02:12,955 Epoch: [1/20] Iter:[80/192], Time: 0.56, lr: [0.00936018126574482], Loss: 2.662792, Acc:0.350838, Semantic loss: 0.847354, BCE loss: 1.457257, SB loss: 0.358180
2025-05-22 19:02:17,234 Epoch: [1/20] Iter:[90/192], Time: 0.55, lr: [0.009336567631018769], Loss: 2.680634, Acc:0.349427, Semantic loss: 0.849521, BCE loss: 1.463827, SB loss: 0.367286
2025-05-22 19:02:21,528 Epoch: [1/20] Iter:[100/192], Time: 0.53, lr: [0.009312947358578814], Loss: 2.689550, Acc:0.350150, Semantic loss: 0.837373, BCE loss: 1.475097, SB loss: 0.377081
2025-05-22 19:02:25,828 Epoch: [1/20] Iter:[110/192], Time: 0.52, lr: [0.009289320427842841], Loss: 2.686530, Acc:0.352691, Semantic loss: 0.827944, BCE loss: 1.478309, SB loss: 0.380277
2025-05-22 19:02:30,131 Epoch: [1/20] Iter:[120/192], Time: 0.52, lr: [0.009265686818106552], Loss: 2.687290, Acc:0.355232, Semantic loss: 0.816977, BCE loss: 1.486841, SB loss: 0.383472
2025-05-22 19:02:34,418 Epoch: [1/20] Iter:[130/192], Time: 0.51, lr: [0.009242046508542393], Loss: 2.683345, Acc:0.358020, Semantic loss: 0.816420, BCE loss: 1.485168, SB loss: 0.381756
2025-05-22 19:02:38,701 Epoch: [1/20] Iter:[140/192], Time: 0.50, lr: [0.009218399478198466], Loss: 2.669578, Acc:0.358585, Semantic loss: 0.806752, BCE loss: 1.481405, SB loss: 0.381421
2025-05-22 19:02:42,976 Epoch: [1/20] Iter:[150/192], Time: 0.50, lr: [0.009194745705997428], Loss: 2.670412, Acc:0.362185, Semantic loss: 0.802256, BCE loss: 1.488279, SB loss: 0.379878
2025-05-22 19:02:47,275 Epoch: [1/20] Iter:[160/192], Time: 0.50, lr: [0.00917108517073538], Loss: 2.665507, Acc:0.363640, Semantic loss: 0.796910, BCE loss: 1.493141, SB loss: 0.375456
2025-05-22 19:02:51,635 Epoch: [1/20] Iter:[170/192], Time: 0.49, lr: [0.00914741785108075], Loss: 2.663069, Acc:0.365283, Semantic loss: 0.791913, BCE loss: 1.493462, SB loss: 0.377695
2025-05-22 19:02:55,840 Epoch: [1/20] Iter:[180/192], Time: 0.49, lr: [0.00912374372557314], Loss: 2.657376, Acc:0.365232, Semantic loss: 0.786715, BCE loss: 1.495758, SB loss: 0.374903
2025-05-22 19:02:59,773 Epoch: [1/20] Iter:[190/192], Time: 0.48, lr: [0.009100062772622186], Loss: 2.651406, Acc:0.366601, Semantic loss: 0.779708, BCE loss: 1.499715, SB loss: 0.371983
2025-05-22 19:04:46,741 => saving checkpoint to output\loveda\pidnet_small_loveda\aug_hf_cj_gncheckpoint.pth.tar
2025-05-22 19:04:46,864 Loss: 5.411, MeanIU:  0.2333, Best_mIoU:  0.2333
2025-05-22 19:04:46,864 [0.09929747 0.35310166 0.24731239 0.35857277 0.0445022  0.09697444
 0.43367151]
2025-05-22 19:04:58,966 Epoch: [2/20] Iter:[0/192], Time: 11.90, lr: [0.009095325760829623], Loss: 2.520793, Acc:0.407821, Semantic loss: 0.613438, BCE loss: 1.634398, SB loss: 0.272958
2025-05-22 19:05:03,051 Epoch: [2/20] Iter:[10/192], Time: 1.45, lr: [0.009071636586262652], Loss: 2.659126, Acc:0.412348, Semantic loss: 0.739421, BCE loss: 1.554513, SB loss: 0.365192
2025-05-22 19:05:07,329 Epoch: [2/20] Iter:[20/192], Time: 0.97, lr: [0.009047940536290279], Loss: 2.619909, Acc:0.395889, Semantic loss: 0.791320, BCE loss: 1.455812, SB loss: 0.372778
2025-05-22 19:05:11,644 Epoch: [2/20] Iter:[30/192], Time: 0.79, lr: [0.009024237588898336], Loss: 2.614887, Acc:0.397183, Semantic loss: 0.767881, BCE loss: 1.474594, SB loss: 0.372412
2025-05-22 19:05:15,835 Epoch: [2/20] Iter:[40/192], Time: 0.70, lr: [0.009000527721937697], Loss: 2.622226, Acc:0.384528, Semantic loss: 0.779931, BCE loss: 1.481201, SB loss: 0.361094
2025-05-22 19:05:19,841 Epoch: [2/20] Iter:[50/192], Time: 0.64, lr: [0.008976810913123051], Loss: 2.585969, Acc:0.388982, Semantic loss: 0.765923, BCE loss: 1.461525, SB loss: 0.358521
2025-05-22 19:05:24,064 Epoch: [2/20] Iter:[60/192], Time: 0.61, lr: [0.008953087140031669], Loss: 2.557693, Acc:0.393188, Semantic loss: 0.745518, BCE loss: 1.460761, SB loss: 0.351415
2025-05-22 19:05:28,239 Epoch: [2/20] Iter:[70/192], Time: 0.58, lr: [0.008929356380102142], Loss: 2.544113, Acc:0.393707, Semantic loss: 0.735204, BCE loss: 1.460690, SB loss: 0.348218
2025-05-22 19:05:32,203 Epoch: [2/20] Iter:[80/192], Time: 0.56, lr: [0.008905618610633112], Loss: 2.534355, Acc:0.398896, Semantic loss: 0.717303, BCE loss: 1.475386, SB loss: 0.341666
2025-05-22 19:05:36,182 Epoch: [2/20] Iter:[90/192], Time: 0.54, lr: [0.008881873808781991], Loss: 2.529196, Acc:0.399590, Semantic loss: 0.705253, BCE loss: 1.476438, SB loss: 0.347505
2025-05-22 19:05:40,178 Epoch: [2/20] Iter:[100/192], Time: 0.53, lr: [0.008858121951563658], Loss: 2.531912, Acc:0.398814, Semantic loss: 0.705604, BCE loss: 1.481234, SB loss: 0.345074
2025-05-22 19:05:44,152 Epoch: [2/20] Iter:[110/192], Time: 0.51, lr: [0.008834363015849136], Loss: 2.548375, Acc:0.402685, Semantic loss: 0.712133, BCE loss: 1.486041, SB loss: 0.350201
2025-05-22 19:05:48,119 Epoch: [2/20] Iter:[120/192], Time: 0.50, lr: [0.008810596978364274], Loss: 2.555775, Acc:0.403284, Semantic loss: 0.706442, BCE loss: 1.497162, SB loss: 0.352172
2025-05-22 19:05:52,079 Epoch: [2/20] Iter:[130/192], Time: 0.50, lr: [0.008786823815688379], Loss: 2.551442, Acc:0.404533, Semantic loss: 0.709604, BCE loss: 1.490966, SB loss: 0.350871
2025-05-22 19:05:56,050 Epoch: [2/20] Iter:[140/192], Time: 0.49, lr: [0.008763043504252865], Loss: 2.542313, Acc:0.403782, Semantic loss: 0.708942, BCE loss: 1.484099, SB loss: 0.349271
2025-05-22 19:06:00,042 Epoch: [2/20] Iter:[150/192], Time: 0.48, lr: [0.008739256020339866], Loss: 2.547181, Acc:0.403401, Semantic loss: 0.708320, BCE loss: 1.485953, SB loss: 0.352909
2025-05-22 19:06:04,032 Epoch: [2/20] Iter:[160/192], Time: 0.48, lr: [0.00871546134008083], Loss: 2.536993, Acc:0.403756, Semantic loss: 0.703581, BCE loss: 1.484311, SB loss: 0.349100
2025-05-22 19:06:08,016 Epoch: [2/20] Iter:[170/192], Time: 0.47, lr: [0.008691659439455107], Loss: 2.522154, Acc:0.404113, Semantic loss: 0.698234, BCE loss: 1.477959, SB loss: 0.345961
2025-05-22 19:06:12,047 Epoch: [2/20] Iter:[180/192], Time: 0.47, lr: [0.008667850294288517], Loss: 2.509693, Acc:0.405883, Semantic loss: 0.695242, BCE loss: 1.470330, SB loss: 0.344122
2025-05-22 19:06:16,065 Epoch: [2/20] Iter:[190/192], Time: 0.47, lr: [0.008644033880251888], Loss: 2.512686, Acc:0.405828, Semantic loss: 0.693887, BCE loss: 1.474632, SB loss: 0.344166
2025-05-22 19:08:02,574 => saving checkpoint to output\loveda\pidnet_small_loveda\aug_hf_cj_gncheckpoint.pth.tar
2025-05-22 19:08:02,656 Loss: 5.718, MeanIU:  0.2322, Best_mIoU:  0.2333
2025-05-22 19:08:02,657 [0.03652351 0.38452227 0.31423201 0.24641069 0.01896849 0.18072286
 0.44422867]
2025-05-22 19:08:14,862 Epoch: [3/20] Iter:[0/192], Time: 12.01, lr: [0.008639269723028191], Loss: 2.791011, Acc:0.422625, Semantic loss: 0.475167, BCE loss: 1.922073, SB loss: 0.393771
2025-05-22 19:08:18,838 Epoch: [3/20] Iter:[10/192], Time: 1.45, lr: [0.008615444554012613], Loss: 2.568216, Acc:0.427713, Semantic loss: 0.644658, BCE loss: 1.513909, SB loss: 0.409649
2025-05-22 19:08:22,828 Epoch: [3/20] Iter:[20/192], Time: 0.95, lr: [0.008591612062049989], Loss: 2.530756, Acc:0.438146, Semantic loss: 0.642779, BCE loss: 1.513969, SB loss: 0.374008
2025-05-22 19:08:26,830 Epoch: [3/20] Iter:[30/192], Time: 0.77, lr: [0.008567772222305215], Loss: 2.472533, Acc:0.438678, Semantic loss: 0.651601, BCE loss: 1.470590, SB loss: 0.350343
2025-05-22 19:08:30,803 Epoch: [3/20] Iter:[40/192], Time: 0.68, lr: [0.008543925009781886], Loss: 2.429274, Acc:0.437853, Semantic loss: 0.629408, BCE loss: 1.464681, SB loss: 0.335185
2025-05-22 19:08:34,766 Epoch: [3/20] Iter:[50/192], Time: 0.63, lr: [0.00852007039932076], Loss: 2.482003, Acc:0.442219, Semantic loss: 0.632249, BCE loss: 1.498977, SB loss: 0.350776
2025-05-22 19:08:38,794 Epoch: [3/20] Iter:[60/192], Time: 0.59, lr: [0.00849620836559818], Loss: 2.422665, Acc:0.438556, Semantic loss: 0.625417, BCE loss: 1.454640, SB loss: 0.342609
2025-05-22 19:08:42,767 Epoch: [3/20] Iter:[70/192], Time: 0.56, lr: [0.008472338883124477], Loss: 2.449282, Acc:0.436916, Semantic loss: 0.637223, BCE loss: 1.460706, SB loss: 0.351353
2025-05-22 19:08:46,774 Epoch: [3/20] Iter:[80/192], Time: 0.54, lr: [0.008448461926242374], Loss: 2.453512, Acc:0.435939, Semantic loss: 0.632717, BCE loss: 1.473265, SB loss: 0.347530
2025-05-22 19:08:50,751 Epoch: [3/20] Iter:[90/192], Time: 0.53, lr: [0.008424577469125337], Loss: 2.460738, Acc:0.436170, Semantic loss: 0.640154, BCE loss: 1.474167, SB loss: 0.346417
2025-05-22 19:08:54,727 Epoch: [3/20] Iter:[100/192], Time: 0.51, lr: [0.008400685485775935], Loss: 2.453907, Acc:0.436861, Semantic loss: 0.634988, BCE loss: 1.469954, SB loss: 0.348965
2025-05-22 19:08:58,711 Epoch: [3/20] Iter:[110/192], Time: 0.50, lr: [0.008376785950024154], Loss: 2.470512, Acc:0.436301, Semantic loss: 0.628896, BCE loss: 1.487149, SB loss: 0.354467
2025-05-22 19:09:02,719 Epoch: [3/20] Iter:[120/192], Time: 0.49, lr: [0.00835287883552571], Loss: 2.468412, Acc:0.438004, Semantic loss: 0.633236, BCE loss: 1.481082, SB loss: 0.354094
2025-05-22 19:09:06,761 Epoch: [3/20] Iter:[130/192], Time: 0.49, lr: [0.008328964115760324], Loss: 2.467854, Acc:0.435988, Semantic loss: 0.630421, BCE loss: 1.484040, SB loss: 0.353393
2025-05-22 19:09:11,039 Epoch: [3/20] Iter:[140/192], Time: 0.48, lr: [0.008305041764029988], Loss: 2.465082, Acc:0.436486, Semantic loss: 0.630993, BCE loss: 1.484393, SB loss: 0.349695
2025-05-22 19:09:15,323 Epoch: [3/20] Iter:[150/192], Time: 0.48, lr: [0.008281111753457188], Loss: 2.463088, Acc:0.436265, Semantic loss: 0.635555, BCE loss: 1.476223, SB loss: 0.351311
2025-05-22 19:09:19,600 Epoch: [3/20] Iter:[160/192], Time: 0.48, lr: [0.008257174056983133], Loss: 2.458651, Acc:0.437172, Semantic loss: 0.635910, BCE loss: 1.472111, SB loss: 0.350630
2025-05-22 19:09:23,868 Epoch: [3/20] Iter:[170/192], Time: 0.47, lr: [0.00823322864736593], Loss: 2.440461, Acc:0.434989, Semantic loss: 0.629372, BCE loss: 1.466977, SB loss: 0.344112
2025-05-22 19:09:28,140 Epoch: [3/20] Iter:[180/192], Time: 0.47, lr: [0.008209275497178764], Loss: 2.436208, Acc:0.435575, Semantic loss: 0.630139, BCE loss: 1.460826, SB loss: 0.345242
2025-05-22 19:09:32,357 Epoch: [3/20] Iter:[190/192], Time: 0.47, lr: [0.008185314578808021], Loss: 2.433414, Acc:0.435939, Semantic loss: 0.635257, BCE loss: 1.455843, SB loss: 0.342314
2025-05-22 19:11:14,418 => saving checkpoint to output\loveda\pidnet_small_loveda\aug_hf_cj_gncheckpoint.pth.tar
2025-05-22 19:11:14,543 Loss: 4.469, MeanIU:  0.2651, Best_mIoU:  0.2651
2025-05-22 19:11:14,543 [0.1189138  0.39068625 0.31256499 0.34602951 0.01494657 0.19917747
 0.47342042]
2025-05-22 19:11:26,714 Epoch: [4/20] Iter:[0/192], Time: 11.96, lr: [0.008180521460508584], Loss: 2.419781, Acc:0.558893, Semantic loss: 0.520711, BCE loss: 1.553885, SB loss: 0.345185
2025-05-22 19:11:30,715 Epoch: [4/20] Iter:[10/192], Time: 1.45, lr: [0.008156551183601795], Loss: 2.133295, Acc:0.426082, Semantic loss: 0.483204, BCE loss: 1.384149, SB loss: 0.265943
2025-05-22 19:11:34,723 Epoch: [4/20] Iter:[20/192], Time: 0.95, lr: [0.008132573077094668], Loss: 2.217359, Acc:0.449875, Semantic loss: 0.511077, BCE loss: 1.423258, SB loss: 0.283024
2025-05-22 19:11:38,718 Epoch: [4/20] Iter:[30/192], Time: 0.77, lr: [0.008108587112763079], Loss: 2.285040, Acc:0.453406, Semantic loss: 0.561126, BCE loss: 1.431627, SB loss: 0.292286
2025-05-22 19:11:42,718 Epoch: [4/20] Iter:[40/192], Time: 0.68, lr: [0.008084593262188028], Loss: 2.299326, Acc:0.453015, Semantic loss: 0.575326, BCE loss: 1.427504, SB loss: 0.296496
2025-05-22 19:11:46,744 Epoch: [4/20] Iter:[50/192], Time: 0.63, lr: [0.008060591496753653], Loss: 2.315452, Acc:0.447488, Semantic loss: 0.586691, BCE loss: 1.426100, SB loss: 0.302660
2025-05-22 19:11:51,002 Epoch: [4/20] Iter:[60/192], Time: 0.59, lr: [0.008036581787645204], Loss: 2.323429, Acc:0.452008, Semantic loss: 0.577271, BCE loss: 1.444033, SB loss: 0.302125
2025-05-22 19:11:55,287 Epoch: [4/20] Iter:[70/192], Time: 0.57, lr: [0.008012564105846994], Loss: 2.349460, Acc:0.446752, Semantic loss: 0.585454, BCE loss: 1.454844, SB loss: 0.309162
2025-05-22 19:11:59,566 Epoch: [4/20] Iter:[80/192], Time: 0.55, lr: [0.007988538422140333], Loss: 2.315060, Acc:0.450599, Semantic loss: 0.581664, BCE loss: 1.433150, SB loss: 0.300246
2025-05-22 19:12:03,853 Epoch: [4/20] Iter:[90/192], Time: 0.54, lr: [0.007964504707101411], Loss: 2.314699, Acc:0.449493, Semantic loss: 0.579625, BCE loss: 1.433644, SB loss: 0.301430
2025-05-22 19:12:08,147 Epoch: [4/20] Iter:[100/192], Time: 0.53, lr: [0.007940462931099176], Loss: 2.304417, Acc:0.453028, Semantic loss: 0.578881, BCE loss: 1.423353, SB loss: 0.302182
2025-05-22 19:12:12,481 Epoch: [4/20] Iter:[110/192], Time: 0.52, lr: [0.007916413064293163], Loss: 2.331205, Acc:0.452491, Semantic loss: 0.583438, BCE loss: 1.438345, SB loss: 0.309421
2025-05-22 19:12:16,797 Epoch: [4/20] Iter:[120/192], Time: 0.51, lr: [0.007892355076631318], Loss: 2.354381, Acc:0.450156, Semantic loss: 0.596029, BCE loss: 1.438366, SB loss: 0.319985
2025-05-22 19:12:21,092 Epoch: [4/20] Iter:[130/192], Time: 0.51, lr: [0.007868288937847752], Loss: 2.364241, Acc:0.450074, Semantic loss: 0.599721, BCE loss: 1.441592, SB loss: 0.322929
2025-05-22 19:12:25,408 Epoch: [4/20] Iter:[140/192], Time: 0.50, lr: [0.007844214617460508], Loss: 2.362321, Acc:0.448971, Semantic loss: 0.598641, BCE loss: 1.443243, SB loss: 0.320438
2025-05-22 19:12:29,702 Epoch: [4/20] Iter:[150/192], Time: 0.50, lr: [0.007820132084769268], Loss: 2.373551, Acc:0.449146, Semantic loss: 0.597613, BCE loss: 1.449860, SB loss: 0.326078
2025-05-22 19:12:33,759 Epoch: [4/20] Iter:[160/192], Time: 0.49, lr: [0.00779604130885303], Loss: 2.363248, Acc:0.447309, Semantic loss: 0.600283, BCE loss: 1.440579, SB loss: 0.322386
2025-05-22 19:12:37,752 Epoch: [4/20] Iter:[170/192], Time: 0.49, lr: [0.007771942258567773], Loss: 2.360794, Acc:0.447219, Semantic loss: 0.600993, BCE loss: 1.435869, SB loss: 0.323932
2025-05-22 19:12:41,732 Epoch: [4/20] Iter:[180/192], Time: 0.48, lr: [0.007747834902544056], Loss: 2.364539, Acc:0.447422, Semantic loss: 0.599850, BCE loss: 1.439794, SB loss: 0.324895
2025-05-22 19:12:45,681 Epoch: [4/20] Iter:[190/192], Time: 0.48, lr: [0.0077237192091846206], Loss: 2.363859, Acc:0.448303, Semantic loss: 0.597250, BCE loss: 1.441134, SB loss: 0.325474
2025-05-22 19:14:50,518 => saving checkpoint to output\loveda\pidnet_small_loveda\aug_hf_cj_gncheckpoint.pth.tar
2025-05-22 19:14:50,654 Loss: 5.744, MeanIU:  0.2450, Best_mIoU:  0.2651
2025-05-22 19:14:50,654 [0.0762849  0.36606815 0.31995438 0.29897615 0.01441938 0.20448427
 0.4347341 ]
2025-05-22 19:15:02,712 Epoch: [5/20] Iter:[0/192], Time: 11.85, lr: [0.007718895067235705], Loss: 2.539393, Acc:0.544192, Semantic loss: 0.573611, BCE loss: 1.691625, SB loss: 0.274156
2025-05-22 19:15:06,729 Epoch: [5/20] Iter:[10/192], Time: 1.44, lr: [0.007694769327040611], Loss: 2.318954, Acc:0.476659, Semantic loss: 0.509380, BCE loss: 1.505400, SB loss: 0.304174
2025-05-22 19:15:10,736 Epoch: [5/20] Iter:[20/192], Time: 0.95, lr: [0.00767063517918174], Loss: 2.322796, Acc:0.470155, Semantic loss: 0.527047, BCE loss: 1.471948, SB loss: 0.323801
2025-05-22 19:15:14,722 Epoch: [5/20] Iter:[30/192], Time: 0.77, lr: [0.007646492591316132], Loss: 2.375426, Acc:0.462388, Semantic loss: 0.556740, BCE loss: 1.453541, SB loss: 0.365145
2025-05-22 19:15:18,708 Epoch: [5/20] Iter:[40/192], Time: 0.68, lr: [0.007622341530862476], Loss: 2.313421, Acc:0.449597, Semantic loss: 0.562128, BCE loss: 1.403419, SB loss: 0.347874
2025-05-22 19:15:22,793 Epoch: [5/20] Iter:[50/192], Time: 0.63, lr: [0.0075981819649984985], Loss: 2.289839, Acc:0.450065, Semantic loss: 0.551105, BCE loss: 1.405916, SB loss: 0.332818
2025-05-22 19:15:27,095 Epoch: [5/20] Iter:[60/192], Time: 0.59, lr: [0.007574013860658317], Loss: 2.283278, Acc:0.448279, Semantic loss: 0.552220, BCE loss: 1.412664, SB loss: 0.318394
2025-05-22 19:15:31,302 Epoch: [5/20] Iter:[70/192], Time: 0.57, lr: [0.007549837184529776], Loss: 2.290515, Acc:0.452007, Semantic loss: 0.552491, BCE loss: 1.419718, SB loss: 0.318306
2025-05-22 19:15:35,332 Epoch: [5/20] Iter:[80/192], Time: 0.55, lr: [0.0075256519030517215], Loss: 2.315271, Acc:0.453654, Semantic loss: 0.560226, BCE loss: 1.437409, SB loss: 0.317636
2025-05-22 19:15:39,359 Epoch: [5/20] Iter:[90/192], Time: 0.53, lr: [0.007501457982411236], Loss: 2.303691, Acc:0.452437, Semantic loss: 0.562810, BCE loss: 1.428614, SB loss: 0.312268
2025-05-22 19:15:43,372 Epoch: [5/20] Iter:[100/192], Time: 0.52, lr: [0.0074772553885408604], Loss: 2.316566, Acc:0.454583, Semantic loss: 0.568031, BCE loss: 1.433119, SB loss: 0.315416
2025-05-22 19:15:47,321 Epoch: [5/20] Iter:[110/192], Time: 0.51, lr: [0.007453044087115737], Loss: 2.306586, Acc:0.454143, Semantic loss: 0.568770, BCE loss: 1.426425, SB loss: 0.311391
2025-05-22 19:15:51,300 Epoch: [5/20] Iter:[120/192], Time: 0.50, lr: [0.007428824043550734], Loss: 2.321065, Acc:0.457414, Semantic loss: 0.572846, BCE loss: 1.434777, SB loss: 0.313442
2025-05-22 19:15:55,262 Epoch: [5/20] Iter:[130/192], Time: 0.49, lr: [0.007404595222997526], Loss: 2.331120, Acc:0.457612, Semantic loss: 0.573536, BCE loss: 1.440128, SB loss: 0.317456
2025-05-22 19:15:59,208 Epoch: [5/20] Iter:[140/192], Time: 0.48, lr: [0.007380357590341623], Loss: 2.331456, Acc:0.457520, Semantic loss: 0.573390, BCE loss: 1.441158, SB loss: 0.316908
2025-05-22 19:16:03,159 Epoch: [5/20] Iter:[150/192], Time: 0.48, lr: [0.007356111110199354], Loss: 2.333925, Acc:0.456656, Semantic loss: 0.574837, BCE loss: 1.441185, SB loss: 0.317903
2025-05-22 19:16:07,147 Epoch: [5/20] Iter:[160/192], Time: 0.47, lr: [0.00733185574691482], Loss: 2.334513, Acc:0.458466, Semantic loss: 0.573765, BCE loss: 1.444344, SB loss: 0.316404
2025-05-22 19:16:11,108 Epoch: [5/20] Iter:[170/192], Time: 0.47, lr: [0.007307591464556783], Loss: 2.324163, Acc:0.459255, Semantic loss: 0.573406, BCE loss: 1.434317, SB loss: 0.316440
2025-05-22 19:16:15,085 Epoch: [5/20] Iter:[180/192], Time: 0.47, lr: [0.007283318226915514], Loss: 2.313400, Acc:0.458949, Semantic loss: 0.573336, BCE loss: 1.426139, SB loss: 0.313925
2025-05-22 19:16:19,052 Epoch: [5/20] Iter:[190/192], Time: 0.46, lr: [0.007259035997499604], Loss: 2.327272, Acc:0.459291, Semantic loss: 0.577696, BCE loss: 1.433647, SB loss: 0.315928
2025-05-22 19:18:07,497 => saving checkpoint to output\loveda\pidnet_small_loveda\aug_hf_cj_gncheckpoint.pth.tar
2025-05-22 19:18:07,575 Loss: 5.105, MeanIU:  0.2589, Best_mIoU:  0.2651
2025-05-22 19:18:07,575 [0.12959253 0.38209525 0.29034529 0.35519819 0.01845193 0.17627742
 0.46059805]
2025-05-22 19:18:19,687 Epoch: [6/20] Iter:[0/192], Time: 11.91, lr: [0.007254178469372199], Loss: 2.639582, Acc:0.659459, Semantic loss: 0.812037, BCE loss: 1.209145, SB loss: 0.618400
2025-05-22 19:18:23,975 Epoch: [6/20] Iter:[10/192], Time: 1.47, lr: [0.007229885401256642], Loss: 2.308602, Acc:0.489993, Semantic loss: 0.590791, BCE loss: 1.423566, SB loss: 0.294245
2025-05-22 19:18:28,381 Epoch: [6/20] Iter:[20/192], Time: 0.98, lr: [0.0072055832600777334], Loss: 2.299885, Acc:0.479614, Semantic loss: 0.603460, BCE loss: 1.385746, SB loss: 0.310679
2025-05-22 19:18:32,667 Epoch: [6/20] Iter:[30/192], Time: 0.80, lr: [0.007181272008420604], Loss: 2.274681, Acc:0.464629, Semantic loss: 0.565271, BCE loss: 1.398740, SB loss: 0.310669
2025-05-22 19:18:36,727 Epoch: [6/20] Iter:[40/192], Time: 0.71, lr: [0.007156951608574727], Loss: 2.294746, Acc:0.469631, Semantic loss: 0.571254, BCE loss: 1.414515, SB loss: 0.308977
2025-05-22 19:18:40,676 Epoch: [6/20] Iter:[50/192], Time: 0.65, lr: [0.007132622022530447], Loss: 2.256941, Acc:0.469110, Semantic loss: 0.559366, BCE loss: 1.394825, SB loss: 0.302750
2025-05-22 19:18:44,722 Epoch: [6/20] Iter:[60/192], Time: 0.61, lr: [0.007108283211975477], Loss: 2.251903, Acc:0.469062, Semantic loss: 0.547606, BCE loss: 1.402097, SB loss: 0.302199
2025-05-22 19:18:48,702 Epoch: [6/20] Iter:[70/192], Time: 0.58, lr: [0.007083935138291319], Loss: 2.255468, Acc:0.472089, Semantic loss: 0.543174, BCE loss: 1.406353, SB loss: 0.305941
2025-05-22 19:18:52,672 Epoch: [6/20] Iter:[80/192], Time: 0.55, lr: [0.007059577762549636], Loss: 2.268078, Acc:0.473750, Semantic loss: 0.550427, BCE loss: 1.407810, SB loss: 0.309840
2025-05-22 19:18:56,679 Epoch: [6/20] Iter:[90/192], Time: 0.54, lr: [0.007035211045508576], Loss: 2.289157, Acc:0.473377, Semantic loss: 0.554344, BCE loss: 1.420459, SB loss: 0.314354
2025-05-22 19:19:00,683 Epoch: [6/20] Iter:[100/192], Time: 0.52, lr: [0.0070108349476090265], Loss: 2.290731, Acc:0.472394, Semantic loss: 0.555746, BCE loss: 1.419921, SB loss: 0.315064
2025-05-22 19:19:04,872 Epoch: [6/20] Iter:[110/192], Time: 0.51, lr: [0.00698644942897081], Loss: 2.288496, Acc:0.472038, Semantic loss: 0.550855, BCE loss: 1.423130, SB loss: 0.314510
2025-05-22 19:19:09,156 Epoch: [6/20] Iter:[120/192], Time: 0.51, lr: [0.006962054449388827], Loss: 2.296201, Acc:0.471264, Semantic loss: 0.560644, BCE loss: 1.420358, SB loss: 0.315199
2025-05-22 19:19:13,345 Epoch: [6/20] Iter:[130/192], Time: 0.50, lr: [0.006937649968329135], Loss: 2.305311, Acc:0.471199, Semantic loss: 0.562833, BCE loss: 1.427969, SB loss: 0.314509
2025-05-22 19:19:17,328 Epoch: [6/20] Iter:[140/192], Time: 0.49, lr: [0.006913235944924954], Loss: 2.312643, Acc:0.469088, Semantic loss: 0.563867, BCE loss: 1.429639, SB loss: 0.319136
2025-05-22 19:19:21,318 Epoch: [6/20] Iter:[150/192], Time: 0.49, lr: [0.006888812337972621], Loss: 2.310642, Acc:0.470533, Semantic loss: 0.563412, BCE loss: 1.426998, SB loss: 0.320232
2025-05-22 19:19:25,317 Epoch: [6/20] Iter:[160/192], Time: 0.48, lr: [0.00686437910592748], Loss: 2.295541, Acc:0.470604, Semantic loss: 0.562598, BCE loss: 1.414692, SB loss: 0.318251
2025-05-22 19:19:29,309 Epoch: [6/20] Iter:[170/192], Time: 0.48, lr: [0.00683993620689969], Loss: 2.288275, Acc:0.471175, Semantic loss: 0.558027, BCE loss: 1.413867, SB loss: 0.316381
2025-05-22 19:19:33,313 Epoch: [6/20] Iter:[180/192], Time: 0.47, lr: [0.0068154835986499775], Loss: 2.295468, Acc:0.471233, Semantic loss: 0.559095, BCE loss: 1.420503, SB loss: 0.315871
2025-05-22 19:19:37,257 Epoch: [6/20] Iter:[190/192], Time: 0.47, lr: [0.006791021238585323], Loss: 2.303066, Acc:0.471171, Semantic loss: 0.558307, BCE loss: 1.427757, SB loss: 0.317002
2025-05-22 19:21:22,092 => saving checkpoint to output\loveda\pidnet_small_loveda\aug_hf_cj_gncheckpoint.pth.tar
2025-05-22 19:21:22,173 Loss: 5.741, MeanIU:  0.2542, Best_mIoU:  0.2651
2025-05-22 19:21:22,173 [0.09868353 0.3558801  0.32673804 0.35705148 0.0162     0.1879952
 0.43691742]
2025-05-22 19:21:34,784 Epoch: [7/20] Iter:[0/192], Time: 12.42, lr: [0.006786127592581251], Loss: 2.281813, Acc:0.486205, Semantic loss: 0.515558, BCE loss: 1.430533, SB loss: 0.335722
2025-05-22 19:21:39,107 Epoch: [7/20] Iter:[10/192], Time: 1.52, lr: [0.006761653473611295], Loss: 2.288591, Acc:0.493288, Semantic loss: 0.507224, BCE loss: 1.463440, SB loss: 0.317927
2025-05-22 19:21:43,443 Epoch: [7/20] Iter:[20/192], Time: 1.00, lr: [0.006737169507854796], Loss: 2.215523, Acc:0.502762, Semantic loss: 0.494939, BCE loss: 1.423587, SB loss: 0.296997
2025-05-22 19:21:47,739 Epoch: [7/20] Iter:[30/192], Time: 0.82, lr: [0.006712675651556858], Loss: 2.239041, Acc:0.499209, Semantic loss: 0.513741, BCE loss: 1.415179, SB loss: 0.310121
2025-05-22 19:21:52,073 Epoch: [7/20] Iter:[40/192], Time: 0.72, lr: [0.006688171860589905], Loss: 2.292178, Acc:0.495862, Semantic loss: 0.539324, BCE loss: 1.424509, SB loss: 0.328346
2025-05-22 19:21:56,421 Epoch: [7/20] Iter:[50/192], Time: 0.67, lr: [0.0066636580904489585], Loss: 2.323253, Acc:0.495258, Semantic loss: 0.536460, BCE loss: 1.457072, SB loss: 0.329721
2025-05-22 19:22:00,753 Epoch: [7/20] Iter:[60/192], Time: 0.63, lr: [0.006639134296246874], Loss: 2.343515, Acc:0.493000, Semantic loss: 0.543196, BCE loss: 1.467029, SB loss: 0.333289
2025-05-22 19:22:05,055 Epoch: [7/20] Iter:[70/192], Time: 0.60, lr: [0.0066146004327094585], Loss: 2.361831, Acc:0.487362, Semantic loss: 0.558125, BCE loss: 1.470072, SB loss: 0.333634
2025-05-22 19:22:09,334 Epoch: [7/20] Iter:[80/192], Time: 0.58, lr: [0.006590056454170537], Loss: 2.354230, Acc:0.482718, Semantic loss: 0.564464, BCE loss: 1.459860, SB loss: 0.329905
2025-05-22 19:22:13,540 Epoch: [7/20] Iter:[90/192], Time: 0.56, lr: [0.006565502314566912], Loss: 2.333877, Acc:0.481087, Semantic loss: 0.555976, BCE loss: 1.455847, SB loss: 0.322054
2025-05-22 19:22:17,580 Epoch: [7/20] Iter:[100/192], Time: 0.55, lr: [0.006540937967433255], Loss: 2.329843, Acc:0.483786, Semantic loss: 0.555818, BCE loss: 1.449041, SB loss: 0.324984
2025-05-22 19:22:21,612 Epoch: [7/20] Iter:[110/192], Time: 0.53, lr: [0.006516363365896894], Loss: 2.310713, Acc:0.481358, Semantic loss: 0.548511, BCE loss: 1.441540, SB loss: 0.320663
2025-05-22 19:22:25,572 Epoch: [7/20] Iter:[120/192], Time: 0.52, lr: [0.006491778462672531], Loss: 2.308266, Acc:0.479666, Semantic loss: 0.551564, BCE loss: 1.435923, SB loss: 0.320779
2025-05-22 19:22:29,533 Epoch: [7/20] Iter:[130/192], Time: 0.51, lr: [0.006467183210056843], Loss: 2.302873, Acc:0.478498, Semantic loss: 0.545395, BCE loss: 1.438898, SB loss: 0.318580
2025-05-22 19:22:33,531 Epoch: [7/20] Iter:[140/192], Time: 0.50, lr: [0.006442577559923017], Loss: 2.297575, Acc:0.478338, Semantic loss: 0.544949, BCE loss: 1.434670, SB loss: 0.317956
2025-05-22 19:22:37,508 Epoch: [7/20] Iter:[150/192], Time: 0.50, lr: [0.006417961463715172], Loss: 2.292247, Acc:0.481133, Semantic loss: 0.542445, BCE loss: 1.430735, SB loss: 0.319067
2025-05-22 19:22:41,468 Epoch: [7/20] Iter:[160/192], Time: 0.49, lr: [0.006393334872442681], Loss: 2.287761, Acc:0.482297, Semantic loss: 0.538964, BCE loss: 1.429478, SB loss: 0.319319
2025-05-22 19:22:45,439 Epoch: [7/20] Iter:[170/192], Time: 0.49, lr: [0.006368697736674411], Loss: 2.285871, Acc:0.483356, Semantic loss: 0.542544, BCE loss: 1.424322, SB loss: 0.319005
2025-05-22 19:22:49,410 Epoch: [7/20] Iter:[180/192], Time: 0.48, lr: [0.006344050006532848], Loss: 2.277477, Acc:0.483276, Semantic loss: 0.536826, BCE loss: 1.424868, SB loss: 0.315783
2025-05-22 19:22:53,341 Epoch: [7/20] Iter:[190/192], Time: 0.48, lr: [0.006319391631688114], Loss: 2.274696, Acc:0.484012, Semantic loss: 0.537595, BCE loss: 1.422054, SB loss: 0.315048
2025-05-22 19:24:36,454 => saving checkpoint to output\loveda\pidnet_small_loveda\aug_hf_cj_gncheckpoint.pth.tar
2025-05-22 19:24:36,576 Loss: 5.762, MeanIU:  0.2810, Best_mIoU:  0.2810
2025-05-22 19:24:36,576 [0.16467478 0.33933002 0.35082651 0.44461135 0.01910515 0.19454715
 0.45404904]
2025-05-22 19:24:48,908 Epoch: [8/20] Iter:[0/192], Time: 12.15, lr: [0.006314458674893553], Loss: 2.633669, Acc:0.592352, Semantic loss: 0.584813, BCE loss: 1.708841, SB loss: 0.340015
2025-05-22 19:24:53,167 Epoch: [8/20] Iter:[10/192], Time: 1.49, lr: [0.006289787459323657], Loss: 2.368825, Acc:0.453883, Semantic loss: 0.510810, BCE loss: 1.555996, SB loss: 0.302019
2025-05-22 19:24:57,480 Epoch: [8/20] Iter:[20/192], Time: 0.99, lr: [0.006265105486702424], Loss: 2.328821, Acc:0.472636, Semantic loss: 0.525373, BCE loss: 1.486526, SB loss: 0.316922
2025-05-22 19:25:01,512 Epoch: [8/20] Iter:[30/192], Time: 0.80, lr: [0.006240412705211017], Loss: 2.326033, Acc:0.490907, Semantic loss: 0.533347, BCE loss: 1.468868, SB loss: 0.323818
2025-05-22 19:25:05,483 Epoch: [8/20] Iter:[40/192], Time: 0.70, lr: [0.006215709062551949], Loss: 2.331297, Acc:0.485183, Semantic loss: 0.558414, BCE loss: 1.450436, SB loss: 0.322446
2025-05-22 19:25:09,469 Epoch: [8/20] Iter:[50/192], Time: 0.64, lr: [0.006190994505942529], Loss: 2.290800, Acc:0.483273, Semantic loss: 0.549341, BCE loss: 1.426877, SB loss: 0.314582
2025-05-22 19:25:13,449 Epoch: [8/20] Iter:[60/192], Time: 0.60, lr: [0.006166268982108192], Loss: 2.294377, Acc:0.481138, Semantic loss: 0.535996, BCE loss: 1.447197, SB loss: 0.311183
2025-05-22 19:25:17,426 Epoch: [8/20] Iter:[70/192], Time: 0.57, lr: [0.006141532437275693], Loss: 2.279300, Acc:0.484158, Semantic loss: 0.534491, BCE loss: 1.433342, SB loss: 0.311467
2025-05-22 19:25:21,416 Epoch: [8/20] Iter:[80/192], Time: 0.55, lr: [0.006116784817166194], Loss: 2.297844, Acc:0.486843, Semantic loss: 0.539316, BCE loss: 1.446999, SB loss: 0.311530
2025-05-22 19:25:25,433 Epoch: [8/20] Iter:[90/192], Time: 0.53, lr: [0.006092026066988214], Loss: 2.292621, Acc:0.486428, Semantic loss: 0.538133, BCE loss: 1.443885, SB loss: 0.310602
2025-05-22 19:25:29,440 Epoch: [8/20] Iter:[100/192], Time: 0.52, lr: [0.006067256131430442], Loss: 2.283145, Acc:0.486419, Semantic loss: 0.539412, BCE loss: 1.435092, SB loss: 0.308641
2025-05-22 19:25:33,443 Epoch: [8/20] Iter:[110/192], Time: 0.51, lr: [0.00604247495465443], Loss: 2.251107, Acc:0.484276, Semantic loss: 0.533071, BCE loss: 1.414832, SB loss: 0.303203
2025-05-22 19:25:37,769 Epoch: [8/20] Iter:[120/192], Time: 0.50, lr: [0.006017682480287143], Loss: 2.254027, Acc:0.486209, Semantic loss: 0.530885, BCE loss: 1.424190, SB loss: 0.298952
2025-05-22 19:25:41,848 Epoch: [8/20] Iter:[130/192], Time: 0.50, lr: [0.00599287865141337], Loss: 2.242780, Acc:0.486973, Semantic loss: 0.527696, BCE loss: 1.420585, SB loss: 0.294499
2025-05-22 19:25:45,831 Epoch: [8/20] Iter:[140/192], Time: 0.49, lr: [0.005968063410567983], Loss: 2.239638, Acc:0.487859, Semantic loss: 0.524309, BCE loss: 1.421859, SB loss: 0.293469
2025-05-22 19:25:49,832 Epoch: [8/20] Iter:[150/192], Time: 0.48, lr: [0.00594323669972807], Loss: 2.238603, Acc:0.489735, Semantic loss: 0.519428, BCE loss: 1.428268, SB loss: 0.290908
2025-05-22 19:25:53,799 Epoch: [8/20] Iter:[160/192], Time: 0.48, lr: [0.005918398460304892], Loss: 2.236820, Acc:0.489827, Semantic loss: 0.518305, BCE loss: 1.429022, SB loss: 0.289493
2025-05-22 19:25:57,782 Epoch: [8/20] Iter:[170/192], Time: 0.47, lr: [0.0058935486331357125], Loss: 2.230934, Acc:0.489942, Semantic loss: 0.519795, BCE loss: 1.422639, SB loss: 0.288499
2025-05-22 19:26:01,752 Epoch: [8/20] Iter:[180/192], Time: 0.47, lr: [0.005868687158475447], Loss: 2.230411, Acc:0.489818, Semantic loss: 0.522067, BCE loss: 1.419810, SB loss: 0.288534
2025-05-22 19:26:05,696 Epoch: [8/20] Iter:[190/192], Time: 0.47, lr: [0.005843813975988169], Loss: 2.231778, Acc:0.490014, Semantic loss: 0.525446, BCE loss: 1.415421, SB loss: 0.290911
2025-05-22 19:28:01,459 => saving checkpoint to output\loveda\pidnet_small_loveda\aug_hf_cj_gncheckpoint.pth.tar
2025-05-22 19:28:01,540 Loss: 5.262, MeanIU:  0.2651, Best_mIoU:  0.2810
2025-05-22 19:28:01,540 [0.1136056  0.37391334 0.34436343 0.37719695 0.03880089 0.15795564
 0.4496127 ]
2025-05-22 19:28:14,222 Epoch: [9/20] Iter:[0/192], Time: 12.49, lr: [0.0058388379291998025], Loss: 2.720190, Acc:0.504842, Semantic loss: 0.678333, BCE loss: 1.751503, SB loss: 0.290354
2025-05-22 19:28:18,524 Epoch: [9/20] Iter:[10/192], Time: 1.53, lr: [0.0058139506168319475], Loss: 2.167890, Acc:0.491033, Semantic loss: 0.511108, BCE loss: 1.390849, SB loss: 0.265933
2025-05-22 19:28:22,860 Epoch: [9/20] Iter:[20/192], Time: 1.01, lr: [0.005789051461775303], Loss: 2.194861, Acc:0.492714, Semantic loss: 0.491558, BCE loss: 1.431427, SB loss: 0.271875
2025-05-22 19:28:27,175 Epoch: [9/20] Iter:[30/192], Time: 0.82, lr: [0.005764140401744157], Loss: 2.244021, Acc:0.490649, Semantic loss: 0.499471, BCE loss: 1.474480, SB loss: 0.270070
2025-05-22 19:28:31,464 Epoch: [9/20] Iter:[40/192], Time: 0.73, lr: [0.005739217373824397], Loss: 2.205363, Acc:0.484549, Semantic loss: 0.494521, BCE loss: 1.447978, SB loss: 0.262864
2025-05-22 19:28:35,697 Epoch: [9/20] Iter:[50/192], Time: 0.67, lr: [0.005714282314464109], Loss: 2.215829, Acc:0.486461, Semantic loss: 0.486512, BCE loss: 1.462556, SB loss: 0.266761
2025-05-22 19:28:39,659 Epoch: [9/20] Iter:[60/192], Time: 0.62, lr: [0.005689335159463984], Loss: 2.277240, Acc:0.489638, Semantic loss: 0.519998, BCE loss: 1.473822, SB loss: 0.283420
2025-05-22 19:28:43,637 Epoch: [9/20] Iter:[70/192], Time: 0.59, lr: [0.0056643758439675305], Loss: 2.243297, Acc:0.489029, Semantic loss: 0.518289, BCE loss: 1.441805, SB loss: 0.283203
2025-05-22 19:28:47,607 Epoch: [9/20] Iter:[80/192], Time: 0.57, lr: [0.005639404302451105], Loss: 2.236308, Acc:0.486792, Semantic loss: 0.513259, BCE loss: 1.439266, SB loss: 0.283783
2025-05-22 19:28:51,613 Epoch: [9/20] Iter:[90/192], Time: 0.55, lr: [0.005614420468713722], Loss: 2.231120, Acc:0.490496, Semantic loss: 0.513164, BCE loss: 1.430379, SB loss: 0.287578
2025-05-22 19:28:55,879 Epoch: [9/20] Iter:[100/192], Time: 0.54, lr: [0.005589424275866668], Loss: 2.240857, Acc:0.492144, Semantic loss: 0.532252, BCE loss: 1.418130, SB loss: 0.290476
2025-05-22 19:29:00,162 Epoch: [9/20] Iter:[110/192], Time: 0.53, lr: [0.005564415656322913], Loss: 2.237491, Acc:0.492452, Semantic loss: 0.528615, BCE loss: 1.423311, SB loss: 0.285564
2025-05-22 19:29:04,430 Epoch: [9/20] Iter:[120/192], Time: 0.52, lr: [0.00553939454178628], Loss: 2.236489, Acc:0.492983, Semantic loss: 0.523038, BCE loss: 1.428482, SB loss: 0.284969
2025-05-22 19:29:08,730 Epoch: [9/20] Iter:[130/192], Time: 0.51, lr: [0.005514360863240413], Loss: 2.246850, Acc:0.494247, Semantic loss: 0.523342, BCE loss: 1.436223, SB loss: 0.287285
2025-05-22 19:29:12,829 Epoch: [9/20] Iter:[140/192], Time: 0.50, lr: [0.005489314550937511], Loss: 2.232500, Acc:0.494920, Semantic loss: 0.519895, BCE loss: 1.428326, SB loss: 0.284278
2025-05-22 19:29:16,830 Epoch: [9/20] Iter:[150/192], Time: 0.50, lr: [0.005464255534386825], Loss: 2.216484, Acc:0.495959, Semantic loss: 0.516144, BCE loss: 1.416034, SB loss: 0.284306
2025-05-22 19:29:20,812 Epoch: [9/20] Iter:[160/192], Time: 0.49, lr: [0.005439183742342914], Loss: 2.231213, Acc:0.495539, Semantic loss: 0.520613, BCE loss: 1.421649, SB loss: 0.288951
2025-05-22 19:29:25,043 Epoch: [9/20] Iter:[170/192], Time: 0.49, lr: [0.00541409910279366], Loss: 2.230695, Acc:0.495923, Semantic loss: 0.521088, BCE loss: 1.421039, SB loss: 0.288567
2025-05-22 19:29:29,364 Epoch: [9/20] Iter:[180/192], Time: 0.48, lr: [0.005389001542948025], Loss: 2.224381, Acc:0.495700, Semantic loss: 0.521087, BCE loss: 1.413287, SB loss: 0.290006
2025-05-22 19:29:33,566 Epoch: [9/20] Iter:[190/192], Time: 0.48, lr: [0.005363890989223547], Loss: 2.218047, Acc:0.496131, Semantic loss: 0.517911, BCE loss: 1.411472, SB loss: 0.288664
2025-05-22 19:31:16,920 => saving checkpoint to output\loveda\pidnet_small_loveda\aug_hf_cj_gncheckpoint.pth.tar
2025-05-22 19:31:17,039 Loss: 5.268, MeanIU:  0.2843, Best_mIoU:  0.2843
2025-05-22 19:31:17,040 [0.12457728 0.38416689 0.35684009 0.48971452 0.03179583 0.14880269
 0.45432595]
2025-05-22 19:31:29,764 Epoch: [10/20] Iter:[0/192], Time: 12.53, lr: [0.005358867312681466], Loss: 1.792271, Acc:0.448478, Semantic loss: 0.462622, BCE loss: 1.042945, SB loss: 0.286704
2025-05-22 19:31:34,050 Epoch: [10/20] Iter:[10/192], Time: 1.53, lr: [0.005333741068040314], Loss: 2.206919, Acc:0.517700, Semantic loss: 0.493832, BCE loss: 1.444860, SB loss: 0.268227
2025-05-22 19:31:38,355 Epoch: [10/20] Iter:[20/192], Time: 1.01, lr: [0.0053086016647897714], Loss: 2.251184, Acc:0.532335, Semantic loss: 0.489297, BCE loss: 1.431643, SB loss: 0.330245
2025-05-22 19:31:42,583 Epoch: [10/20] Iter:[30/192], Time: 0.82, lr: [0.005283449026727663], Loss: 2.248005, Acc:0.523142, Semantic loss: 0.495012, BCE loss: 1.432623, SB loss: 0.320370
2025-05-22 19:31:46,573 Epoch: [10/20] Iter:[40/192], Time: 0.72, lr: [0.005258283076804885], Loss: 2.238449, Acc:0.520878, Semantic loss: 0.488078, BCE loss: 1.435395, SB loss: 0.314976
2025-05-22 19:31:50,616 Epoch: [10/20] Iter:[50/192], Time: 0.65, lr: [0.00523310373711144], Loss: 2.240682, Acc:0.513814, Semantic loss: 0.483279, BCE loss: 1.453221, SB loss: 0.304181
2025-05-22 19:31:54,902 Epoch: [10/20] Iter:[60/192], Time: 0.62, lr: [0.005207910928862159], Loss: 2.222207, Acc:0.514991, Semantic loss: 0.481550, BCE loss: 1.438731, SB loss: 0.301926
2025-05-22 19:31:59,040 Epoch: [10/20] Iter:[70/192], Time: 0.59, lr: [0.005182704572382109], Loss: 2.229314, Acc:0.511460, Semantic loss: 0.498723, BCE loss: 1.427902, SB loss: 0.302690
2025-05-22 19:32:03,015 Epoch: [10/20] Iter:[80/192], Time: 0.57, lr: [0.005157484587091684], Loss: 2.207053, Acc:0.509353, Semantic loss: 0.493636, BCE loss: 1.413108, SB loss: 0.300309
2025-05-22 19:32:07,009 Epoch: [10/20] Iter:[90/192], Time: 0.55, lr: [0.005132250891491357], Loss: 2.202086, Acc:0.510131, Semantic loss: 0.490021, BCE loss: 1.413778, SB loss: 0.298288
2025-05-22 19:32:10,965 Epoch: [10/20] Iter:[100/192], Time: 0.53, lr: [0.005107003403146087], Loss: 2.196365, Acc:0.507223, Semantic loss: 0.488092, BCE loss: 1.414156, SB loss: 0.294117
2025-05-22 19:32:15,237 Epoch: [10/20] Iter:[110/192], Time: 0.52, lr: [0.005081742038669388], Loss: 2.194945, Acc:0.507975, Semantic loss: 0.489827, BCE loss: 1.413320, SB loss: 0.291798
2025-05-22 19:32:19,508 Epoch: [10/20] Iter:[120/192], Time: 0.51, lr: [0.005056466713707024], Loss: 2.193911, Acc:0.508523, Semantic loss: 0.490786, BCE loss: 1.411074, SB loss: 0.292051
2025-05-22 19:32:23,790 Epoch: [10/20] Iter:[130/192], Time: 0.51, lr: [0.005031177342920337], Loss: 2.201644, Acc:0.507371, Semantic loss: 0.489697, BCE loss: 1.420133, SB loss: 0.291813
2025-05-22 19:32:28,080 Epoch: [10/20] Iter:[140/192], Time: 0.50, lr: [0.005005873839969192], Loss: 2.200852, Acc:0.509033, Semantic loss: 0.490293, BCE loss: 1.417893, SB loss: 0.292666
2025-05-22 19:32:32,385 Epoch: [10/20] Iter:[150/192], Time: 0.50, lr: [0.00498055611749454], Loss: 2.209055, Acc:0.509912, Semantic loss: 0.490733, BCE loss: 1.426255, SB loss: 0.292066
2025-05-22 19:32:36,695 Epoch: [10/20] Iter:[160/192], Time: 0.49, lr: [0.004955224087100552], Loss: 2.193015, Acc:0.510945, Semantic loss: 0.490626, BCE loss: 1.412335, SB loss: 0.290054
2025-05-22 19:32:41,064 Epoch: [10/20] Iter:[170/192], Time: 0.49, lr: [0.004929877659336362], Loss: 2.189245, Acc:0.509706, Semantic loss: 0.488949, BCE loss: 1.411710, SB loss: 0.288586
2025-05-22 19:32:45,390 Epoch: [10/20] Iter:[180/192], Time: 0.49, lr: [0.004904516743677371], Loss: 2.183265, Acc:0.511564, Semantic loss: 0.490910, BCE loss: 1.403403, SB loss: 0.288952
2025-05-22 19:32:49,671 Epoch: [10/20] Iter:[190/192], Time: 0.48, lr: [0.00487914124850611], Loss: 2.185739, Acc:0.511035, Semantic loss: 0.488863, BCE loss: 1.406598, SB loss: 0.290278
2025-05-22 19:35:00,927 => saving checkpoint to output\loveda\pidnet_small_loveda\aug_hf_cj_gncheckpoint.pth.tar
2025-05-22 19:35:01,134 Loss: 5.062, MeanIU:  0.2901, Best_mIoU:  0.2901
2025-05-22 19:35:01,135 [0.14490669 0.40608674 0.35120969 0.45705007 0.02369351 0.18101173
 0.46656242]
2025-05-22 19:35:13,293 Epoch: [11/20] Iter:[0/192], Time: 11.98, lr: [0.004874064391789954], Loss: 1.689593, Acc:0.500694, Semantic loss: 0.516721, BCE loss: 0.914825, SB loss: 0.258047
2025-05-22 19:35:17,538 Epoch: [11/20] Iter:[10/192], Time: 1.47, lr: [0.004848671278701159], Loss: 2.234805, Acc:0.529189, Semantic loss: 0.539978, BCE loss: 1.404477, SB loss: 0.290349
2025-05-22 19:35:21,801 Epoch: [11/20] Iter:[20/192], Time: 0.98, lr: [0.0048232633805975296], Loss: 2.184280, Acc:0.521615, Semantic loss: 0.510150, BCE loss: 1.391297, SB loss: 0.282832
2025-05-22 19:35:26,068 Epoch: [11/20] Iter:[30/192], Time: 0.80, lr: [0.00479784060223045], Loss: 2.221529, Acc:0.523033, Semantic loss: 0.536246, BCE loss: 1.382951, SB loss: 0.302332
2025-05-22 19:35:30,333 Epoch: [11/20] Iter:[40/192], Time: 0.71, lr: [0.004772402847172951], Loss: 2.188331, Acc:0.522305, Semantic loss: 0.527212, BCE loss: 1.366604, SB loss: 0.294515
2025-05-22 19:35:34,602 Epoch: [11/20] Iter:[50/192], Time: 0.65, lr: [0.004746950017798064], Loss: 2.179352, Acc:0.523271, Semantic loss: 0.518653, BCE loss: 1.372861, SB loss: 0.287838
2025-05-22 19:35:38,871 Epoch: [11/20] Iter:[60/192], Time: 0.62, lr: [0.004721482015256639], Loss: 2.201116, Acc:0.517281, Semantic loss: 0.507324, BCE loss: 1.408881, SB loss: 0.284912
2025-05-22 19:35:43,135 Epoch: [11/20] Iter:[70/192], Time: 0.59, lr: [0.004695998739454633], Loss: 2.186272, Acc:0.517780, Semantic loss: 0.495105, BCE loss: 1.407833, SB loss: 0.283335
2025-05-22 19:35:47,400 Epoch: [11/20] Iter:[80/192], Time: 0.57, lr: [0.004670500089029817], Loss: 2.181992, Acc:0.516532, Semantic loss: 0.492957, BCE loss: 1.406506, SB loss: 0.282529
2025-05-22 19:35:51,676 Epoch: [11/20] Iter:[90/192], Time: 0.55, lr: [0.004644985961327915], Loss: 2.176640, Acc:0.518030, Semantic loss: 0.483598, BCE loss: 1.410904, SB loss: 0.282138
2025-05-22 19:35:55,930 Epoch: [11/20] Iter:[100/192], Time: 0.54, lr: [0.004619456252378151], Loss: 2.189366, Acc:0.516834, Semantic loss: 0.494485, BCE loss: 1.406675, SB loss: 0.288205
2025-05-22 19:36:00,214 Epoch: [11/20] Iter:[110/192], Time: 0.53, lr: [0.004593910856868159], Loss: 2.192711, Acc:0.516664, Semantic loss: 0.494302, BCE loss: 1.409877, SB loss: 0.288532
2025-05-22 19:36:04,478 Epoch: [11/20] Iter:[120/192], Time: 0.52, lr: [0.004568349668118281], Loss: 2.182587, Acc:0.515913, Semantic loss: 0.492406, BCE loss: 1.400688, SB loss: 0.289494
2025-05-22 19:36:08,739 Epoch: [11/20] Iter:[130/192], Time: 0.51, lr: [0.004542772578055196], Loss: 2.162079, Acc:0.517077, Semantic loss: 0.489450, BCE loss: 1.385869, SB loss: 0.286760
2025-05-22 19:36:13,002 Epoch: [11/20] Iter:[140/192], Time: 0.51, lr: [0.00451717947718487], Loss: 2.174420, Acc:0.517170, Semantic loss: 0.490740, BCE loss: 1.395979, SB loss: 0.287701
2025-05-22 19:36:17,252 Epoch: [11/20] Iter:[150/192], Time: 0.50, lr: [0.004491570254564817], Loss: 2.167846, Acc:0.516637, Semantic loss: 0.485880, BCE loss: 1.396703, SB loss: 0.285263
2025-05-22 19:36:21,505 Epoch: [11/20] Iter:[160/192], Time: 0.50, lr: [0.004465944797775636], Loss: 2.173581, Acc:0.516182, Semantic loss: 0.485407, BCE loss: 1.403542, SB loss: 0.284633
2025-05-22 19:36:25,763 Epoch: [11/20] Iter:[170/192], Time: 0.49, lr: [0.004440302992891796], Loss: 2.168873, Acc:0.517216, Semantic loss: 0.485263, BCE loss: 1.398419, SB loss: 0.285190
2025-05-22 19:36:30,020 Epoch: [11/20] Iter:[180/192], Time: 0.49, lr: [0.004414644724451659], Loss: 2.182746, Acc:0.516851, Semantic loss: 0.490744, BCE loss: 1.404423, SB loss: 0.287578
2025-05-22 19:36:34,226 Epoch: [11/20] Iter:[190/192], Time: 0.49, lr: [0.004388969875426714], Loss: 2.176579, Acc:0.515512, Semantic loss: 0.490919, BCE loss: 1.397857, SB loss: 0.287803
2025-05-22 19:38:45,125 => saving checkpoint to output\loveda\pidnet_small_loveda\aug_hf_cj_gncheckpoint.pth.tar
2025-05-22 19:38:45,265 Loss: 5.240, MeanIU:  0.2732, Best_mIoU:  0.2901
2025-05-22 19:38:45,266 [0.16824787 0.35768322 0.35356894 0.4172521  0.0303527  0.13523659
 0.45032463]
2025-05-22 19:38:57,603 Epoch: [12/20] Iter:[0/192], Time: 12.15, lr: [0.0043838329055408696], Loss: 1.912437, Acc:0.498800, Semantic loss: 0.373540, BCE loss: 1.308941, SB loss: 0.229956
2025-05-22 19:39:01,848 Epoch: [12/20] Iter:[10/192], Time: 1.49, lr: [0.004358138003083593], Loss: 2.129102, Acc:0.495263, Semantic loss: 0.446621, BCE loss: 1.428419, SB loss: 0.254062
2025-05-22 19:39:06,104 Epoch: [12/20] Iter:[20/192], Time: 0.98, lr: [0.0043324262569064236], Loss: 2.143920, Acc:0.503143, Semantic loss: 0.451090, BCE loss: 1.447827, SB loss: 0.245003
2025-05-22 19:39:10,369 Epoch: [12/20] Iter:[30/192], Time: 0.80, lr: [0.0043066975447503065], Loss: 2.158408, Acc:0.517702, Semantic loss: 0.452925, BCE loss: 1.443176, SB loss: 0.262307
2025-05-22 19:39:14,641 Epoch: [12/20] Iter:[40/192], Time: 0.71, lr: [0.00428095174265078], Loss: 2.207957, Acc:0.520746, Semantic loss: 0.467718, BCE loss: 1.467691, SB loss: 0.272548
2025-05-22 19:39:18,892 Epoch: [12/20] Iter:[50/192], Time: 0.66, lr: [0.004255188724902623], Loss: 2.195474, Acc:0.522580, Semantic loss: 0.484650, BCE loss: 1.428468, SB loss: 0.282356
2025-05-22 19:39:23,137 Epoch: [12/20] Iter:[60/192], Time: 0.62, lr: [0.004229408364023519], Loss: 2.184623, Acc:0.521098, Semantic loss: 0.479684, BCE loss: 1.425269, SB loss: 0.279670
2025-05-22 19:39:27,411 Epoch: [12/20] Iter:[70/192], Time: 0.59, lr: [0.004203610530716726], Loss: 2.190172, Acc:0.523625, Semantic loss: 0.488865, BCE loss: 1.414989, SB loss: 0.286317
2025-05-22 19:39:31,676 Epoch: [12/20] Iter:[80/192], Time: 0.57, lr: [0.004177795093832693], Loss: 2.175977, Acc:0.525875, Semantic loss: 0.483633, BCE loss: 1.408724, SB loss: 0.283620
2025-05-22 19:39:35,938 Epoch: [12/20] Iter:[90/192], Time: 0.55, lr: [0.004151961920329593], Loss: 2.156988, Acc:0.523257, Semantic loss: 0.472751, BCE loss: 1.402861, SB loss: 0.281377
2025-05-22 19:39:40,202 Epoch: [12/20] Iter:[100/192], Time: 0.54, lr: [0.004126110875232744], Loss: 2.141859, Acc:0.522255, Semantic loss: 0.475438, BCE loss: 1.387193, SB loss: 0.279229
2025-05-22 19:39:44,474 Epoch: [12/20] Iter:[110/192], Time: 0.53, lr: [0.004100241821592866], Loss: 2.149762, Acc:0.523509, Semantic loss: 0.477337, BCE loss: 1.396567, SB loss: 0.275858
2025-05-22 19:39:48,742 Epoch: [12/20] Iter:[120/192], Time: 0.52, lr: [0.00407435462044314], Loss: 2.154901, Acc:0.520087, Semantic loss: 0.476205, BCE loss: 1.403027, SB loss: 0.275668
2025-05-22 19:39:53,019 Epoch: [12/20] Iter:[130/192], Time: 0.52, lr: [0.004048449130755016], Loss: 2.163015, Acc:0.519143, Semantic loss: 0.483401, BCE loss: 1.404613, SB loss: 0.275000
2025-05-22 19:39:57,272 Epoch: [12/20] Iter:[140/192], Time: 0.51, lr: [0.004022525209392749], Loss: 2.154056, Acc:0.517724, Semantic loss: 0.484374, BCE loss: 1.394543, SB loss: 0.275139
2025-05-22 19:40:01,552 Epoch: [12/20] Iter:[150/192], Time: 0.50, lr: [0.003996582711066572], Loss: 2.154090, Acc:0.519289, Semantic loss: 0.483026, BCE loss: 1.393935, SB loss: 0.277129
2025-05-22 19:40:05,821 Epoch: [12/20] Iter:[160/192], Time: 0.50, lr: [0.003970621488284514], Loss: 2.159032, Acc:0.520768, Semantic loss: 0.485032, BCE loss: 1.397188, SB loss: 0.276812
2025-05-22 19:40:10,085 Epoch: [12/20] Iter:[170/192], Time: 0.49, lr: [0.003944641391302759], Loss: 2.153858, Acc:0.521204, Semantic loss: 0.483633, BCE loss: 1.393808, SB loss: 0.276417
2025-05-22 19:40:14,348 Epoch: [12/20] Iter:[180/192], Time: 0.49, lr: [0.003918642268074522], Loss: 2.154241, Acc:0.520053, Semantic loss: 0.482875, BCE loss: 1.395397, SB loss: 0.275970
2025-05-22 19:40:18,572 Epoch: [12/20] Iter:[190/192], Time: 0.49, lr: [0.003892623964197378], Loss: 2.153839, Acc:0.519687, Semantic loss: 0.481137, BCE loss: 1.397058, SB loss: 0.275645
2025-05-22 19:42:29,377 => saving checkpoint to output\loveda\pidnet_small_loveda\aug_hf_cj_gncheckpoint.pth.tar
2025-05-22 19:42:29,527 Loss: 5.478, MeanIU:  0.2738, Best_mIoU:  0.2901
2025-05-22 19:42:29,527 [0.1116354  0.37169791 0.35531737 0.47023989 0.01927468 0.1613507
 0.4271098 ]
2025-05-22 19:42:41,706 Epoch: [13/20] Iter:[0/192], Time: 11.99, lr: [0.0038874179879876346], Loss: 1.757285, Acc:0.645504, Semantic loss: 0.502833, BCE loss: 0.765531, SB loss: 0.488920
2025-05-22 19:42:45,935 Epoch: [13/20] Iter:[10/192], Time: 1.47, lr: [0.003861376460123532], Loss: 2.059124, Acc:0.533716, Semantic loss: 0.511648, BCE loss: 1.253369, SB loss: 0.294107
2025-05-22 19:42:50,200 Epoch: [13/20] Iter:[20/192], Time: 0.98, lr: [0.003835315403363414], Loss: 2.056790, Acc:0.521540, Semantic loss: 0.504279, BCE loss: 1.279895, SB loss: 0.272616
2025-05-22 19:42:54,464 Epoch: [13/20] Iter:[30/192], Time: 0.80, lr: [0.00380923465539378], Loss: 2.073337, Acc:0.528907, Semantic loss: 0.484386, BCE loss: 1.312766, SB loss: 0.276185
2025-05-22 19:42:58,728 Epoch: [13/20] Iter:[40/192], Time: 0.71, lr: [0.0037831340513060203], Loss: 2.071218, Acc:0.522025, Semantic loss: 0.482721, BCE loss: 1.319489, SB loss: 0.269008
2025-05-22 19:43:02,987 Epoch: [13/20] Iter:[50/192], Time: 0.65, lr: [0.003757013423534689], Loss: 2.056327, Acc:0.525616, Semantic loss: 0.480984, BCE loss: 1.309853, SB loss: 0.265491
2025-05-22 19:43:07,244 Epoch: [13/20] Iter:[60/192], Time: 0.62, lr: [0.003730872601793835], Loss: 2.108579, Acc:0.524529, Semantic loss: 0.485386, BCE loss: 1.351126, SB loss: 0.272067
2025-05-22 19:43:11,497 Epoch: [13/20] Iter:[70/192], Time: 0.59, lr: [0.0037047114130112895], Loss: 2.128911, Acc:0.528835, Semantic loss: 0.479289, BCE loss: 1.373745, SB loss: 0.275877
2025-05-22 19:43:15,745 Epoch: [13/20] Iter:[80/192], Time: 0.57, lr: [0.0036785296812608405], Loss: 2.122791, Acc:0.526517, Semantic loss: 0.482482, BCE loss: 1.363697, SB loss: 0.276612
2025-05-22 19:43:20,011 Epoch: [13/20] Iter:[90/192], Time: 0.55, lr: [0.003652327227692201], Loss: 2.118761, Acc:0.525065, Semantic loss: 0.479425, BCE loss: 1.363201, SB loss: 0.276135
2025-05-22 19:43:24,271 Epoch: [13/20] Iter:[100/192], Time: 0.54, lr: [0.0036261038704587037], Loss: 2.114653, Acc:0.525634, Semantic loss: 0.481278, BCE loss: 1.356780, SB loss: 0.276595
2025-05-22 19:43:28,530 Epoch: [13/20] Iter:[110/192], Time: 0.53, lr: [0.003599859424642584], Loss: 2.117734, Acc:0.525373, Semantic loss: 0.481180, BCE loss: 1.358794, SB loss: 0.277760
2025-05-22 19:43:32,802 Epoch: [13/20] Iter:[120/192], Time: 0.52, lr: [0.0035735937021778063], Loss: 2.133340, Acc:0.523794, Semantic loss: 0.477777, BCE loss: 1.379932, SB loss: 0.275632
2025-05-22 19:43:37,097 Epoch: [13/20] Iter:[130/192], Time: 0.51, lr: [0.0035473065117702885], Loss: 2.128421, Acc:0.522735, Semantic loss: 0.476930, BCE loss: 1.377099, SB loss: 0.274392
2025-05-22 19:43:41,365 Epoch: [13/20] Iter:[140/192], Time: 0.51, lr: [0.003520997658815433], Loss: 2.128558, Acc:0.521884, Semantic loss: 0.476623, BCE loss: 1.378755, SB loss: 0.273180
2025-05-22 19:43:45,620 Epoch: [13/20] Iter:[150/192], Time: 0.50, lr: [0.003494666945312851], Loss: 2.134439, Acc:0.522176, Semantic loss: 0.478156, BCE loss: 1.382817, SB loss: 0.273466
2025-05-22 19:43:49,886 Epoch: [13/20] Iter:[160/192], Time: 0.50, lr: [0.00346831416977816], Loss: 2.131590, Acc:0.521634, Semantic loss: 0.476076, BCE loss: 1.382674, SB loss: 0.272839
2025-05-22 19:43:54,161 Epoch: [13/20] Iter:[170/192], Time: 0.49, lr: [0.003441939127151716], Loss: 2.144568, Acc:0.522304, Semantic loss: 0.476536, BCE loss: 1.393998, SB loss: 0.274034
2025-05-22 19:43:58,412 Epoch: [13/20] Iter:[180/192], Time: 0.49, lr: [0.0034155416087041646], Loss: 2.136363, Acc:0.522583, Semantic loss: 0.474414, BCE loss: 1.389317, SB loss: 0.272632
2025-05-22 19:44:02,649 Epoch: [13/20] Iter:[190/192], Time: 0.49, lr: [0.0033891214019386652], Loss: 2.146510, Acc:0.524118, Semantic loss: 0.476595, BCE loss: 1.395787, SB loss: 0.274128
2025-05-22 19:46:13,224 => saving checkpoint to output\loveda\pidnet_small_loveda\aug_hf_cj_gncheckpoint.pth.tar
2025-05-22 19:46:13,432 Loss: 5.418, MeanIU:  0.2911, Best_mIoU:  0.2911
2025-05-22 19:46:13,433 [0.1534607  0.42003068 0.3759415  0.45866624 0.02521038 0.14002114
 0.46419783]
2025-05-22 19:46:25,599 Epoch: [14/20] Iter:[0/192], Time: 11.98, lr: [0.0033838346190164987], Loss: 1.767648, Acc:0.581526, Semantic loss: 0.293715, BCE loss: 1.256202, SB loss: 0.217731
2025-05-22 19:46:29,855 Epoch: [14/20] Iter:[10/192], Time: 1.48, lr: [0.0033573869003190927], Loss: 2.018066, Acc:0.542108, Semantic loss: 0.429691, BCE loss: 1.329059, SB loss: 0.259316
2025-05-22 19:46:34,108 Epoch: [14/20] Iter:[20/192], Time: 0.98, lr: [0.0033309160120447595], Loss: 2.096740, Acc:0.529613, Semantic loss: 0.432316, BCE loss: 1.393689, SB loss: 0.270735
2025-05-22 19:46:38,377 Epoch: [14/20] Iter:[30/192], Time: 0.80, lr: [0.0033044217289421207], Loss: 2.104513, Acc:0.521794, Semantic loss: 0.435149, BCE loss: 1.400346, SB loss: 0.269018
2025-05-22 19:46:42,633 Epoch: [14/20] Iter:[40/192], Time: 0.71, lr: [0.0032779038215418194], Loss: 2.077038, Acc:0.521358, Semantic loss: 0.442962, BCE loss: 1.367429, SB loss: 0.266647
2025-05-22 19:46:46,881 Epoch: [14/20] Iter:[50/192], Time: 0.65, lr: [0.0032513620560388795], Loss: 2.092040, Acc:0.526929, Semantic loss: 0.458461, BCE loss: 1.365840, SB loss: 0.267740
2025-05-22 19:46:51,152 Epoch: [14/20] Iter:[60/192], Time: 0.62, lr: [0.003224796194170671], Loss: 2.114472, Acc:0.523657, Semantic loss: 0.449851, BCE loss: 1.394955, SB loss: 0.269666
2025-05-22 19:46:55,406 Epoch: [14/20] Iter:[70/192], Time: 0.59, lr: [0.003198205993090303], Loss: 2.116815, Acc:0.520591, Semantic loss: 0.453630, BCE loss: 1.392794, SB loss: 0.270391
2025-05-22 19:46:59,677 Epoch: [14/20] Iter:[80/192], Time: 0.57, lr: [0.0031715912052352204], Loss: 2.116916, Acc:0.522726, Semantic loss: 0.452000, BCE loss: 1.394654, SB loss: 0.270263
2025-05-22 19:47:03,930 Epoch: [14/20] Iter:[90/192], Time: 0.55, lr: [0.0031449515781907557], Loss: 2.108047, Acc:0.525086, Semantic loss: 0.454298, BCE loss: 1.384765, SB loss: 0.268984
2025-05-22 19:47:08,207 Epoch: [14/20] Iter:[100/192], Time: 0.54, lr: [0.003118286854548424], Loss: 2.110200, Acc:0.530548, Semantic loss: 0.453286, BCE loss: 1.390070, SB loss: 0.266843
2025-05-22 19:47:12,476 Epoch: [14/20] Iter:[110/192], Time: 0.53, lr: [0.003091596771758693], Loss: 2.113983, Acc:0.529371, Semantic loss: 0.456048, BCE loss: 1.390395, SB loss: 0.267540
2025-05-22 19:47:16,717 Epoch: [14/20] Iter:[120/192], Time: 0.52, lr: [0.0030648810619779434], Loss: 2.116523, Acc:0.530266, Semantic loss: 0.456225, BCE loss: 1.393882, SB loss: 0.266416
2025-05-22 19:47:20,960 Epoch: [14/20] Iter:[130/192], Time: 0.51, lr: [0.0030381394519093602], Loss: 2.121624, Acc:0.530562, Semantic loss: 0.464076, BCE loss: 1.389943, SB loss: 0.267604
2025-05-22 19:47:25,213 Epoch: [14/20] Iter:[140/192], Time: 0.51, lr: [0.003011371662637431], Loss: 2.106047, Acc:0.529324, Semantic loss: 0.461884, BCE loss: 1.378483, SB loss: 0.265680
2025-05-22 19:47:29,468 Epoch: [14/20] Iter:[150/192], Time: 0.50, lr: [0.0029845774094557345], Loss: 2.104698, Acc:0.528751, Semantic loss: 0.461660, BCE loss: 1.379335, SB loss: 0.263703
2025-05-22 19:47:33,742 Epoch: [14/20] Iter:[160/192], Time: 0.50, lr: [0.002957756401687678], Loss: 2.108967, Acc:0.529882, Semantic loss: 0.462965, BCE loss: 1.381901, SB loss: 0.264102
2025-05-22 19:47:38,012 Epoch: [14/20] Iter:[170/192], Time: 0.49, lr: [0.002930908342499829], Loss: 2.108120, Acc:0.530143, Semantic loss: 0.463159, BCE loss: 1.380447, SB loss: 0.264515
2025-05-22 19:47:42,280 Epoch: [14/20] Iter:[180/192], Time: 0.49, lr: [0.002904032928707437], Loss: 2.118083, Acc:0.528935, Semantic loss: 0.467967, BCE loss: 1.383812, SB loss: 0.266303
2025-05-22 19:47:46,515 Epoch: [14/20] Iter:[190/192], Time: 0.49, lr: [0.0028771298505717554], Loss: 2.124776, Acc:0.528195, Semantic loss: 0.466313, BCE loss: 1.393356, SB loss: 0.265108
2025-05-22 19:49:57,055 => saving checkpoint to output\loveda\pidnet_small_loveda\aug_hf_cj_gncheckpoint.pth.tar
2025-05-22 19:49:57,197 Loss: 5.493, MeanIU:  0.2834, Best_mIoU:  0.2911
2025-05-22 19:49:57,198 [0.14678612 0.3887452  0.35643184 0.46190788 0.02627342 0.16489636
 0.43855837]
2025-05-22 19:50:09,540 Epoch: [15/20] Iter:[0/192], Time: 12.16, lr: [0.0028717458874925874], Loss: 1.830633, Acc:0.476969, Semantic loss: 0.392723, BCE loss: 1.218017, SB loss: 0.219893
2025-05-22 19:50:13,790 Epoch: [15/20] Iter:[10/192], Time: 1.49, lr: [0.0028448091937488323], Loss: 2.008278, Acc:0.527109, Semantic loss: 0.429054, BCE loss: 1.323913, SB loss: 0.255311
2025-05-22 19:50:18,051 Epoch: [15/20] Iter:[20/192], Time: 0.98, lr: [0.002817844130111582], Loss: 2.089386, Acc:0.511577, Semantic loss: 0.428654, BCE loss: 1.404002, SB loss: 0.256731
2025-05-22 19:50:22,325 Epoch: [15/20] Iter:[30/192], Time: 0.80, lr: [0.0027908503644035994], Loss: 2.103293, Acc:0.517371, Semantic loss: 0.430965, BCE loss: 1.415731, SB loss: 0.256597
2025-05-22 19:50:26,580 Epoch: [15/20] Iter:[40/192], Time: 0.71, lr: [0.0027638275569424097], Loss: 2.140575, Acc:0.520159, Semantic loss: 0.437298, BCE loss: 1.448203, SB loss: 0.255074
2025-05-22 19:50:30,829 Epoch: [15/20] Iter:[50/192], Time: 0.66, lr: [0.002736775360287257], Loss: 2.150938, Acc:0.519742, Semantic loss: 0.463408, BCE loss: 1.422862, SB loss: 0.264668
2025-05-22 19:50:35,102 Epoch: [15/20] Iter:[60/192], Time: 0.62, lr: [0.002709693418974644], Loss: 2.163338, Acc:0.525839, Semantic loss: 0.463178, BCE loss: 1.432605, SB loss: 0.267555
2025-05-22 19:50:39,376 Epoch: [15/20] Iter:[70/192], Time: 0.59, lr: [0.0026825813692418162], Loss: 2.141730, Acc:0.529862, Semantic loss: 0.462893, BCE loss: 1.413296, SB loss: 0.265541
2025-05-22 19:50:43,623 Epoch: [15/20] Iter:[80/192], Time: 0.57, lr: [0.0026554388387375], Loss: 2.122084, Acc:0.531548, Semantic loss: 0.459563, BCE loss: 1.400564, SB loss: 0.261957
2025-05-22 19:50:47,864 Epoch: [15/20] Iter:[90/192], Time: 0.55, lr: [0.002628265446219161], Loss: 2.123797, Acc:0.530322, Semantic loss: 0.461479, BCE loss: 1.399736, SB loss: 0.262581
2025-05-22 19:50:52,118 Epoch: [15/20] Iter:[100/192], Time: 0.54, lr: [0.002601060801235972], Loss: 2.113441, Acc:0.530428, Semantic loss: 0.463209, BCE loss: 1.390583, SB loss: 0.259650
2025-05-22 19:50:56,384 Epoch: [15/20] Iter:[110/192], Time: 0.53, lr: [0.002573824503796671], Loss: 2.123797, Acc:0.531190, Semantic loss: 0.463296, BCE loss: 1.400841, SB loss: 0.259660
2025-05-22 19:51:00,659 Epoch: [15/20] Iter:[120/192], Time: 0.52, lr: [0.00254655614402138], Loss: 2.129849, Acc:0.530997, Semantic loss: 0.460454, BCE loss: 1.406602, SB loss: 0.262792
2025-05-22 19:51:04,908 Epoch: [15/20] Iter:[130/192], Time: 0.52, lr: [0.0025192553017764118], Loss: 2.119667, Acc:0.531680, Semantic loss: 0.456908, BCE loss: 1.400286, SB loss: 0.262473
2025-05-22 19:51:09,164 Epoch: [15/20] Iter:[140/192], Time: 0.51, lr: [0.002491921546291034], Loss: 2.116277, Acc:0.532202, Semantic loss: 0.457644, BCE loss: 1.396469, SB loss: 0.262164
2025-05-22 19:51:13,414 Epoch: [15/20] Iter:[150/192], Time: 0.50, lr: [0.0024645544357550573], Loss: 2.123218, Acc:0.532386, Semantic loss: 0.464226, BCE loss: 1.393677, SB loss: 0.265314
2025-05-22 19:51:17,678 Epoch: [15/20] Iter:[160/192], Time: 0.50, lr: [0.002437153516896028], Loss: 2.123626, Acc:0.533483, Semantic loss: 0.463810, BCE loss: 1.392694, SB loss: 0.267122
2025-05-22 19:51:21,941 Epoch: [15/20] Iter:[170/192], Time: 0.49, lr: [0.0024097183245347467], Loss: 2.119322, Acc:0.531626, Semantic loss: 0.462585, BCE loss: 1.391194, SB loss: 0.265542
2025-05-22 19:51:26,208 Epoch: [15/20] Iter:[180/192], Time: 0.49, lr: [0.0023822483811177], Loss: 2.121958, Acc:0.531456, Semantic loss: 0.461393, BCE loss: 1.396257, SB loss: 0.264307
2025-05-22 19:51:30,446 Epoch: [15/20] Iter:[190/192], Time: 0.49, lr: [0.002354743196224891], Loss: 2.124061, Acc:0.533305, Semantic loss: 0.462741, BCE loss: 1.396520, SB loss: 0.264799
2025-05-22 19:53:41,403 => saving checkpoint to output\loveda\pidnet_small_loveda\aug_hf_cj_gncheckpoint.pth.tar
2025-05-22 19:53:41,545 Loss: 5.366, MeanIU:  0.2909, Best_mIoU:  0.2911
2025-05-22 19:53:41,546 [0.20754575 0.37683795 0.36693845 0.44667263 0.03048005 0.15142224
 0.45662748]
2025-05-22 19:53:53,661 Epoch: [16/20] Iter:[0/192], Time: 11.93, lr: [0.0023492378861760376], Loss: 2.071879, Acc:0.409329, Semantic loss: 0.738576, BCE loss: 0.876723, SB loss: 0.456579
2025-05-22 19:53:57,938 Epoch: [16/20] Iter:[10/192], Time: 1.47, lr: [0.0023216897452738748], Loss: 2.127772, Acc:0.520872, Semantic loss: 0.492544, BCE loss: 1.336881, SB loss: 0.298348
2025-05-22 19:54:02,196 Epoch: [16/20] Iter:[20/192], Time: 0.97, lr: [0.0022941052360858027], Loss: 2.128547, Acc:0.524551, Semantic loss: 0.471645, BCE loss: 1.375785, SB loss: 0.281117
2025-05-22 19:54:06,461 Epoch: [16/20] Iter:[30/192], Time: 0.80, lr: [0.0022664838233947228], Loss: 2.133485, Acc:0.531093, Semantic loss: 0.471534, BCE loss: 1.386172, SB loss: 0.275779
2025-05-22 19:54:10,728 Epoch: [16/20] Iter:[40/192], Time: 0.71, lr: [0.0022388249567421017], Loss: 2.098901, Acc:0.529324, Semantic loss: 0.457935, BCE loss: 1.367454, SB loss: 0.273512
2025-05-22 19:54:14,971 Epoch: [16/20] Iter:[50/192], Time: 0.65, lr: [0.002211128069778427], Loss: 2.113154, Acc:0.532913, Semantic loss: 0.461281, BCE loss: 1.383028, SB loss: 0.268845
2025-05-22 19:54:19,226 Epoch: [16/20] Iter:[60/192], Time: 0.61, lr: [0.0021833925795765436], Loss: 2.111085, Acc:0.533003, Semantic loss: 0.460521, BCE loss: 1.379766, SB loss: 0.270798
2025-05-22 19:54:23,494 Epoch: [16/20] Iter:[70/192], Time: 0.59, lr: [0.0021556178859051967], Loss: 2.094990, Acc:0.531533, Semantic loss: 0.453032, BCE loss: 1.374152, SB loss: 0.267807
2025-05-22 19:54:27,752 Epoch: [16/20] Iter:[80/192], Time: 0.57, lr: [0.002127803370459852], Loss: 2.091301, Acc:0.533381, Semantic loss: 0.453880, BCE loss: 1.369091, SB loss: 0.268329
2025-05-22 19:54:32,013 Epoch: [16/20] Iter:[90/192], Time: 0.55, lr: [0.0020999483960476508], Loss: 2.083534, Acc:0.535244, Semantic loss: 0.447841, BCE loss: 1.369323, SB loss: 0.266369
2025-05-22 19:54:36,276 Epoch: [16/20] Iter:[100/192], Time: 0.54, lr: [0.0020720523057230294], Loss: 2.085721, Acc:0.538730, Semantic loss: 0.449051, BCE loss: 1.372467, SB loss: 0.264204
2025-05-22 19:54:40,542 Epoch: [16/20] Iter:[110/192], Time: 0.53, lr: [0.002044114421870228], Loss: 2.087508, Acc:0.539304, Semantic loss: 0.445139, BCE loss: 1.380504, SB loss: 0.261865
2025-05-22 19:54:44,819 Epoch: [16/20] Iter:[120/192], Time: 0.52, lr: [0.0020161340452285867], Loss: 2.102257, Acc:0.542415, Semantic loss: 0.455100, BCE loss: 1.382477, SB loss: 0.264680
2025-05-22 19:54:49,076 Epoch: [16/20] Iter:[130/192], Time: 0.51, lr: [0.001988110453856112], Loss: 2.097684, Acc:0.543364, Semantic loss: 0.457248, BCE loss: 1.374579, SB loss: 0.265857
2025-05-22 19:54:53,361 Epoch: [16/20] Iter:[140/192], Time: 0.51, lr: [0.0019600429020263607], Loss: 2.102800, Acc:0.541597, Semantic loss: 0.459989, BCE loss: 1.377561, SB loss: 0.265250
2025-05-22 19:54:57,627 Epoch: [16/20] Iter:[150/192], Time: 0.50, lr: [0.0019319306190532476], Loss: 2.108992, Acc:0.540173, Semantic loss: 0.462100, BCE loss: 1.382563, SB loss: 0.264329
2025-05-22 19:55:01,897 Epoch: [16/20] Iter:[160/192], Time: 0.50, lr: [0.0019037728080378042], Loss: 2.099999, Acc:0.537500, Semantic loss: 0.459985, BCE loss: 1.377417, SB loss: 0.262597
2025-05-22 19:55:06,181 Epoch: [16/20] Iter:[170/192], Time: 0.49, lr: [0.0018755686445303314], Loss: 2.111803, Acc:0.536251, Semantic loss: 0.459949, BCE loss: 1.388568, SB loss: 0.263286
2025-05-22 19:55:10,454 Epoch: [16/20] Iter:[180/192], Time: 0.49, lr: [0.001847317275100738], Loss: 2.107226, Acc:0.537104, Semantic loss: 0.461149, BCE loss: 1.382603, SB loss: 0.263473
2025-05-22 19:55:14,658 Epoch: [16/20] Iter:[190/192], Time: 0.49, lr: [0.0018190178158090872], Loss: 2.107144, Acc:0.535044, Semantic loss: 0.460310, BCE loss: 1.385344, SB loss: 0.261490
2025-05-22 19:57:25,673 => saving checkpoint to output\loveda\pidnet_small_loveda\aug_hf_cj_gncheckpoint.pth.tar
2025-05-22 19:57:25,890 Loss: 5.232, MeanIU:  0.2926, Best_mIoU:  0.2926
2025-05-22 19:57:25,891 [0.17093133 0.38991189 0.36967739 0.46954901 0.03034953 0.15886342
 0.45896332]
2025-05-22 19:57:37,782 Epoch: [17/20] Iter:[0/192], Time: 11.71, lr: [0.0018133520731367456], Loss: 2.155921, Acc:0.567354, Semantic loss: 0.448955, BCE loss: 1.426111, SB loss: 0.280855
2025-05-22 19:57:42,032 Epoch: [17/20] Iter:[10/192], Time: 1.45, lr: [0.001784993693823396], Loss: 2.024270, Acc:0.543947, Semantic loss: 0.439068, BCE loss: 1.325603, SB loss: 0.259599
2025-05-22 19:57:46,301 Epoch: [17/20] Iter:[20/192], Time: 0.96, lr: [0.0017565851643374117], Loss: 2.000474, Acc:0.544139, Semantic loss: 0.463045, BCE loss: 1.284501, SB loss: 0.252927
2025-05-22 19:57:50,536 Epoch: [17/20] Iter:[30/192], Time: 0.79, lr: [0.0017281254915000803], Loss: 1.989675, Acc:0.544010, Semantic loss: 0.461795, BCE loss: 1.269152, SB loss: 0.258727
2025-05-22 19:57:54,800 Epoch: [17/20] Iter:[40/192], Time: 0.70, lr: [0.0016996136438923032], Loss: 2.032108, Acc:0.542357, Semantic loss: 0.475229, BCE loss: 1.300050, SB loss: 0.256828
2025-05-22 19:57:59,052 Epoch: [17/20] Iter:[50/192], Time: 0.65, lr: [0.0016710485496403851], Loss: 2.006363, Acc:0.534965, Semantic loss: 0.468000, BCE loss: 1.283213, SB loss: 0.255151
2025-05-22 19:58:03,326 Epoch: [17/20] Iter:[60/192], Time: 0.61, lr: [0.0016424290940290059], Loss: 2.041738, Acc:0.532339, Semantic loss: 0.464881, BCE loss: 1.322070, SB loss: 0.254787
2025-05-22 19:58:07,588 Epoch: [17/20] Iter:[70/192], Time: 0.58, lr: [0.0016137541169242962], Loss: 2.044048, Acc:0.531816, Semantic loss: 0.456879, BCE loss: 1.334943, SB loss: 0.252226
2025-05-22 19:58:11,826 Epoch: [17/20] Iter:[80/192], Time: 0.56, lr: [0.0015850224099878446], Loss: 2.050101, Acc:0.532127, Semantic loss: 0.450353, BCE loss: 1.349574, SB loss: 0.250174
2025-05-22 19:58:16,076 Epoch: [17/20] Iter:[90/192], Time: 0.55, lr: [0.001556232713660091], Loss: 2.072188, Acc:0.531642, Semantic loss: 0.450062, BCE loss: 1.373063, SB loss: 0.249062
2025-05-22 19:58:20,339 Epoch: [17/20] Iter:[100/192], Time: 0.54, lr: [0.0015273837138888994], Loss: 2.074724, Acc:0.533419, Semantic loss: 0.453684, BCE loss: 1.370047, SB loss: 0.250993
2025-05-22 19:58:24,592 Epoch: [17/20] Iter:[110/192], Time: 0.53, lr: [0.0014984740385759552], Loss: 2.059993, Acc:0.533850, Semantic loss: 0.446517, BCE loss: 1.363806, SB loss: 0.249670
2025-05-22 19:58:28,844 Epoch: [17/20] Iter:[120/192], Time: 0.52, lr: [0.0014695022537100475], Loss: 2.071400, Acc:0.537389, Semantic loss: 0.447829, BCE loss: 1.371344, SB loss: 0.252227
2025-05-22 19:58:33,103 Epoch: [17/20] Iter:[130/192], Time: 0.51, lr: [0.0014404668591521846], Loss: 2.071761, Acc:0.538270, Semantic loss: 0.451199, BCE loss: 1.368042, SB loss: 0.252520
2025-05-22 19:58:37,374 Epoch: [17/20] Iter:[140/192], Time: 0.51, lr: [0.0014113662840326588], Loss: 2.082007, Acc:0.539109, Semantic loss: 0.450124, BCE loss: 1.381292, SB loss: 0.250591
2025-05-22 19:58:41,646 Epoch: [17/20] Iter:[150/192], Time: 0.50, lr: [0.0013821988817145786], Loss: 2.089439, Acc:0.538500, Semantic loss: 0.449290, BCE loss: 1.386636, SB loss: 0.253513
2025-05-22 19:58:45,905 Epoch: [17/20] Iter:[160/192], Time: 0.50, lr: [0.0013529629242719093], Loss: 2.096829, Acc:0.538764, Semantic loss: 0.451610, BCE loss: 1.391026, SB loss: 0.254193
2025-05-22 19:58:50,164 Epoch: [17/20] Iter:[170/192], Time: 0.49, lr: [0.0013236565964223801], Loss: 2.097589, Acc:0.539702, Semantic loss: 0.448895, BCE loss: 1.395045, SB loss: 0.253648
2025-05-22 19:58:54,437 Epoch: [17/20] Iter:[180/192], Time: 0.49, lr: [0.0012942779888466518], Loss: 2.102834, Acc:0.538851, Semantic loss: 0.450473, BCE loss: 1.396777, SB loss: 0.255584
2025-05-22 19:58:58,661 Epoch: [17/20] Iter:[190/192], Time: 0.48, lr: [0.0012648250908145803], Loss: 2.103712, Acc:0.537114, Semantic loss: 0.452640, BCE loss: 1.393720, SB loss: 0.257352
2025-05-22 20:01:09,607 => saving checkpoint to output\loveda\pidnet_small_loveda\aug_hf_cj_gncheckpoint.pth.tar
2025-05-22 20:01:09,820 Loss: 5.750, MeanIU:  0.2980, Best_mIoU:  0.2980
2025-05-22 20:01:09,820 [0.23557757 0.37904267 0.36907861 0.4551366  0.03697131 0.150602
 0.45960428]
2025-05-22 20:01:21,897 Epoch: [18/20] Iter:[0/192], Time: 11.89, lr: [0.001258925411794167], Loss: 2.183902, Acc:0.542192, Semantic loss: 0.489237, BCE loss: 1.496173, SB loss: 0.198491
2025-05-22 20:01:26,163 Epoch: [18/20] Iter:[10/192], Time: 1.47, lr: [0.0012293805561511607], Loss: 2.094819, Acc:0.526616, Semantic loss: 0.436338, BCE loss: 1.412166, SB loss: 0.246314
2025-05-22 20:01:30,417 Epoch: [18/20] Iter:[20/192], Time: 0.97, lr: [0.0011997565879500753], Loss: 2.048705, Acc:0.530633, Semantic loss: 0.431117, BCE loss: 1.375153, SB loss: 0.242435
2025-05-22 20:01:34,676 Epoch: [18/20] Iter:[30/192], Time: 0.80, lr: [0.0011700511125444005], Loss: 2.084502, Acc:0.553604, Semantic loss: 0.437624, BCE loss: 1.393700, SB loss: 0.253179
2025-05-22 20:01:38,941 Epoch: [18/20] Iter:[40/192], Time: 0.71, lr: [0.0011402615929770753], Loss: 2.099146, Acc:0.547248, Semantic loss: 0.437596, BCE loss: 1.415900, SB loss: 0.245651
2025-05-22 20:01:43,187 Epoch: [18/20] Iter:[50/192], Time: 0.65, lr: [0.0011103853371305413], Loss: 2.082610, Acc:0.542987, Semantic loss: 0.448524, BCE loss: 1.384845, SB loss: 0.249242
2025-05-22 20:01:47,453 Epoch: [18/20] Iter:[60/192], Time: 0.61, lr: [0.001080419483295973], Loss: 2.114201, Acc:0.542458, Semantic loss: 0.460902, BCE loss: 1.398901, SB loss: 0.254398
2025-05-22 20:01:51,714 Epoch: [18/20] Iter:[70/192], Time: 0.59, lr: [0.0010503609839122385], Loss: 2.109383, Acc:0.541019, Semantic loss: 0.457600, BCE loss: 1.395859, SB loss: 0.255924
2025-05-22 20:01:55,990 Epoch: [18/20] Iter:[80/192], Time: 0.57, lr: [0.0010202065871765603], Loss: 2.117614, Acc:0.543967, Semantic loss: 0.456396, BCE loss: 1.401646, SB loss: 0.259573
2025-05-22 20:02:00,248 Epoch: [18/20] Iter:[90/192], Time: 0.55, lr: [0.000989952816168914], Loss: 2.111350, Acc:0.541915, Semantic loss: 0.451994, BCE loss: 1.398661, SB loss: 0.260695
2025-05-22 20:02:04,521 Epoch: [18/20] Iter:[100/192], Time: 0.54, lr: [0.0009595959450576828], Loss: 2.118130, Acc:0.541373, Semantic loss: 0.453193, BCE loss: 1.405595, SB loss: 0.259342
2025-05-22 20:02:08,786 Epoch: [18/20] Iter:[110/192], Time: 0.53, lr: [0.000929131971860904], Loss: 2.126645, Acc:0.541006, Semantic loss: 0.450786, BCE loss: 1.416873, SB loss: 0.258986
2025-05-22 20:02:13,046 Epoch: [18/20] Iter:[120/192], Time: 0.52, lr: [0.0008985565871200918], Loss: 2.104228, Acc:0.541103, Semantic loss: 0.446859, BCE loss: 1.399303, SB loss: 0.258066
2025-05-22 20:02:17,327 Epoch: [18/20] Iter:[130/192], Time: 0.51, lr: [0.0008678651376944955], Loss: 2.106351, Acc:0.542044, Semantic loss: 0.449804, BCE loss: 1.398202, SB loss: 0.258344
2025-05-22 20:02:21,579 Epoch: [18/20] Iter:[140/192], Time: 0.51, lr: [0.000837052584692747], Loss: 2.106196, Acc:0.542611, Semantic loss: 0.452912, BCE loss: 1.392027, SB loss: 0.261257
2025-05-22 20:02:25,823 Epoch: [18/20] Iter:[150/192], Time: 0.50, lr: [0.000806113454312208], Loss: 2.103190, Acc:0.541388, Semantic loss: 0.454794, BCE loss: 1.386401, SB loss: 0.261995
2025-05-22 20:02:30,082 Epoch: [18/20] Iter:[160/192], Time: 0.50, lr: [0.0007750417800344363], Loss: 2.097586, Acc:0.541819, Semantic loss: 0.453717, BCE loss: 1.380601, SB loss: 0.263268
2025-05-22 20:02:34,341 Epoch: [18/20] Iter:[170/192], Time: 0.49, lr: [0.0007438310342008949], Loss: 2.100714, Acc:0.541239, Semantic loss: 0.454444, BCE loss: 1.384040, SB loss: 0.262230
2025-05-22 20:02:38,596 Epoch: [18/20] Iter:[180/192], Time: 0.49, lr: [0.0007124740464272778], Loss: 2.096295, Acc:0.539798, Semantic loss: 0.450414, BCE loss: 1.386374, SB loss: 0.259507
2025-05-22 20:02:42,820 Epoch: [18/20] Iter:[190/192], Time: 0.49, lr: [0.0006809629055511224], Loss: 2.097086, Acc:0.540222, Semantic loss: 0.449836, BCE loss: 1.386808, SB loss: 0.260443
2025-05-22 20:04:53,703 => saving checkpoint to output\loveda\pidnet_small_loveda\aug_hf_cj_gncheckpoint.pth.tar
2025-05-22 20:04:53,822 Loss: 5.349, MeanIU:  0.2911, Best_mIoU:  0.2980
2025-05-22 20:04:53,822 [0.20215022 0.38689748 0.37568581 0.43410941 0.03527193 0.15558946
 0.44805384]
2025-05-22 20:05:06,027 Epoch: [19/20] Iter:[0/192], Time: 12.02, lr: [0.0006746414238367822], Loss: 2.496215, Acc:0.487027, Semantic loss: 0.442745, BCE loss: 1.846910, SB loss: 0.206560
2025-05-22 20:05:10,254 Epoch: [19/20] Iter:[10/192], Time: 1.48, lr: [0.0006429336362339898], Loss: 2.110527, Acc:0.543468, Semantic loss: 0.413977, BCE loss: 1.471273, SB loss: 0.225278
2025-05-22 20:05:14,517 Epoch: [19/20] Iter:[20/192], Time: 0.98, lr: [0.0006110510578510947], Loss: 2.181235, Acc:0.543279, Semantic loss: 0.423273, BCE loss: 1.524945, SB loss: 0.233017
2025-05-22 20:05:18,749 Epoch: [19/20] Iter:[30/192], Time: 0.80, lr: [0.0005789824653018995], Loss: 2.112665, Acc:0.546165, Semantic loss: 0.449752, BCE loss: 1.417878, SB loss: 0.245034
2025-05-22 20:05:23,005 Epoch: [19/20] Iter:[40/192], Time: 0.71, lr: [0.0005467151732202777], Loss: 2.092386, Acc:0.542923, Semantic loss: 0.439629, BCE loss: 1.407386, SB loss: 0.245371
2025-05-22 20:05:27,254 Epoch: [19/20] Iter:[50/192], Time: 0.65, lr: [0.0005142347343351296], Loss: 2.111296, Acc:0.546486, Semantic loss: 0.448005, BCE loss: 1.415102, SB loss: 0.248189
2025-05-22 20:05:31,514 Epoch: [19/20] Iter:[60/192], Time: 0.61, lr: [0.0004815245523312483], Loss: 2.124056, Acc:0.547035, Semantic loss: 0.459683, BCE loss: 1.412481, SB loss: 0.251893
2025-05-22 20:05:35,747 Epoch: [19/20] Iter:[70/192], Time: 0.59, lr: [0.000448565373510549], Loss: 2.119240, Acc:0.539992, Semantic loss: 0.453119, BCE loss: 1.416077, SB loss: 0.250044
2025-05-22 20:05:39,987 Epoch: [19/20] Iter:[80/192], Time: 0.57, lr: [0.00041533460609889997], Loss: 2.115468, Acc:0.539279, Semantic loss: 0.456814, BCE loss: 1.413064, SB loss: 0.245590
2025-05-22 20:05:44,255 Epoch: [19/20] Iter:[90/192], Time: 0.55, lr: [0.00038180538785330436], Loss: 2.106823, Acc:0.537488, Semantic loss: 0.456938, BCE loss: 1.404256, SB loss: 0.245629
2025-05-22 20:05:48,531 Epoch: [19/20] Iter:[100/192], Time: 0.54, lr: [0.00034794527452517863], Loss: 2.117495, Acc:0.538841, Semantic loss: 0.462431, BCE loss: 1.408658, SB loss: 0.246406
2025-05-22 20:05:52,797 Epoch: [19/20] Iter:[110/192], Time: 0.53, lr: [0.00031371433588231993], Loss: 2.112326, Acc:0.537603, Semantic loss: 0.456069, BCE loss: 1.411228, SB loss: 0.245029
2025-05-22 20:05:57,081 Epoch: [19/20] Iter:[120/192], Time: 0.52, lr: [0.0002790622842837163], Loss: 2.127634, Acc:0.540337, Semantic loss: 0.462993, BCE loss: 1.411321, SB loss: 0.253319
2025-05-22 20:06:01,355 Epoch: [19/20] Iter:[130/192], Time: 0.51, lr: [0.0002439239356353784], Loss: 2.126910, Acc:0.540577, Semantic loss: 0.468153, BCE loss: 1.405157, SB loss: 0.253600
2025-05-22 20:06:05,619 Epoch: [19/20] Iter:[140/192], Time: 0.51, lr: [0.00020821159321002047], Loss: 2.120870, Acc:0.540003, Semantic loss: 0.463876, BCE loss: 1.404612, SB loss: 0.252382
2025-05-22 20:06:09,873 Epoch: [19/20] Iter:[150/192], Time: 0.50, lr: [0.00017180122628828942], Loss: 2.109834, Acc:0.542572, Semantic loss: 0.462776, BCE loss: 1.396382, SB loss: 0.250675
2025-05-22 20:06:14,150 Epoch: [19/20] Iter:[160/192], Time: 0.50, lr: [0.00013450451987183818], Loss: 2.110488, Acc:0.544587, Semantic loss: 0.464550, BCE loss: 1.393679, SB loss: 0.252259
2025-05-22 20:06:18,408 Epoch: [19/20] Iter:[170/192], Time: 0.49, lr: [9.600244875192536e-05], Loss: 2.100605, Acc:0.544987, Semantic loss: 0.462329, BCE loss: 1.385251, SB loss: 0.253026
2025-05-22 20:06:22,686 Epoch: [19/20] Iter:[180/192], Time: 0.49, lr: [5.563716848048335e-05], Loss: 2.107563, Acc:0.543272, Semantic loss: 0.460796, BCE loss: 1.392956, SB loss: 0.253811
2025-05-22 20:06:26,897 Epoch: [19/20] Iter:[190/192], Time: 0.49, lr: [1.1092486125349496e-05], Loss: 2.105357, Acc:0.541982, Semantic loss: 0.460219, BCE loss: 1.391160, SB loss: 0.253978
2025-05-22 20:08:37,870 => saving checkpoint to output\loveda\pidnet_small_loveda\aug_hf_cj_gncheckpoint.pth.tar
2025-05-22 20:08:38,010 Loss: 5.149, MeanIU:  0.2942, Best_mIoU:  0.2980
2025-05-22 20:08:38,010 [0.20230139 0.39942646 0.37338074 0.45709187 0.03709562 0.14190842
 0.44844244]
2025-05-22 20:08:38,090 Hours: 1
2025-05-22 20:08:38,090 Done
