Epoch 1/20: 100%|██████████| 192/192 [03:22<00:00,  1.05s/it, seg_loss=0.823, bd_loss=1.42, acc=0.429, adv1=0.765, loss_d1=0.701, adv2=0.711, loss_d2=0.694] 
Epoch 1 Train Avg — seg_loss: 1.0962, bd_loss: 1.7702, acc: 0.3189, adv1: 0.8064, loss_d1: 0.7109, adv2: 0.7242, loss_d2: 0.6994, 

Epoch 1 Validation (full_model):
  ==> full_model mIoU: 0.2149
    Class  1: IoU = 0.1796
    Class  2: IoU = 0.2698
    Class  3: IoU = 0.1793
    Class  4: IoU = 0.3320
    Class  5: IoU = 0.0727
    Class  6: IoU = 0.1186
    Class  7: IoU = 0.3522
Epoch 2/20: 100%|██████████| 192/192 [03:16<00:00,  1.03s/it, seg_loss=0.541, bd_loss=1.5, acc=0.413, adv1=0.73, loss_d1=0.695, adv2=0.703, loss_d2=0.695]   
Epoch 2 Train Avg — seg_loss: 0.6966, bd_loss: 1.4951, acc: 0.4220, adv1: 0.7395, loss_d1: 0.6975, adv2: 0.7036, loss_d2: 0.6942, 

Epoch 2 Validation (full_model):
  ==> full_model mIoU: 0.2427
    Class  1: IoU = 0.3074
    Class  2: IoU = 0.2432
    Class  3: IoU = 0.1583
    Class  4: IoU = 0.4027
    Class  5: IoU = 0.0544
    Class  6: IoU = 0.1942
    Class  7: IoU = 0.3384
Epoch 3/20: 100%|██████████| 192/192 [03:10<00:00,  1.01it/s, seg_loss=0.673, bd_loss=1.2, acc=0.553, adv1=0.72, loss_d1=0.691, adv2=0.701, loss_d2=0.689]   
Epoch 3 Train Avg — seg_loss: 0.6335, bd_loss: 1.4559, acc: 0.4502, adv1: 0.7210, loss_d1: 0.6938, adv2: 0.7004, loss_d2: 0.6927, 

Epoch 3 Validation (full_model):
  ==> full_model mIoU: 0.2494
    Class  1: IoU = 0.3675
    Class  2: IoU = 0.2002
    Class  3: IoU = 0.1906
    Class  4: IoU = 0.4570
    Class  5: IoU = 0.0690
    Class  6: IoU = 0.0777
    Class  7: IoU = 0.3842
Epoch 4/20: 100%|██████████| 192/192 [03:09<00:00,  1.01it/s, seg_loss=0.545, bd_loss=1.83, acc=0.414, adv1=0.706, loss_d1=0.695, adv2=0.7, loss_d2=0.695]   
Epoch 4 Train Avg — seg_loss: 0.5836, bd_loss: 1.4461, acc: 0.4581, adv1: 0.7132, loss_d1: 0.6924, adv2: 0.6993, loss_d2: 0.6909, 

Epoch 4 Validation (full_model):
  ==> full_model mIoU: 0.2298
    Class  1: IoU = 0.2976
    Class  2: IoU = 0.2280
    Class  3: IoU = 0.2263
    Class  4: IoU = 0.3119
    Class  5: IoU = 0.0355
    Class  6: IoU = 0.1339
    Class  7: IoU = 0.3756
Epoch 5/20: 100%|██████████| 192/192 [03:11<00:00,  1.00it/s, seg_loss=0.596, bd_loss=1.65, acc=0.499, adv1=0.715, loss_d1=0.689, adv2=0.7, loss_d2=0.681]  
Epoch 5 Train Avg — seg_loss: 0.5538, bd_loss: 1.4296, acc: 0.4781, adv1: 0.7118, loss_d1: 0.6909, adv2: 0.7010, loss_d2: 0.6893, 

Epoch 5 Validation (full_model):
  ==> full_model mIoU: 0.2304
    Class  1: IoU = 0.2642
    Class  2: IoU = 0.1779
    Class  3: IoU = 0.2540
    Class  4: IoU = 0.3206
    Class  5: IoU = 0.0365
    Class  6: IoU = 0.1425
    Class  7: IoU = 0.4172
Epoch 6/20: 100%|██████████| 192/192 [03:14<00:00,  1.01s/it, seg_loss=0.758, bd_loss=1.47, acc=0.581, adv1=0.71, loss_d1=0.686, adv2=0.711, loss_d2=0.693] 
Epoch 6 Train Avg — seg_loss: 0.5241, bd_loss: 1.4204, acc: 0.4926, adv1: 0.7136, loss_d1: 0.6888, adv2: 0.7000, loss_d2: 0.6885, 

Epoch 6 Validation (full_model):
  ==> full_model mIoU: 0.2677
    Class  1: IoU = 0.2996
    Class  2: IoU = 0.2582
    Class  3: IoU = 0.2114
    Class  4: IoU = 0.4695
    Class  5: IoU = 0.0403
    Class  6: IoU = 0.1983
    Class  7: IoU = 0.3969
Epoch 7/20: 100%|██████████| 192/192 [03:07<00:00,  1.02it/s, seg_loss=0.535, bd_loss=0.95, acc=0.52, adv1=0.718, loss_d1=0.688, adv2=0.709, loss_d2=0.675]  
Epoch 7 Train Avg — seg_loss: 0.5280, bd_loss: 1.4121, acc: 0.4926, adv1: 0.7129, loss_d1: 0.6875, adv2: 0.7023, loss_d2: 0.6862, 

Epoch 7 Validation (full_model):
  ==> full_model mIoU: 0.2510
    Class  1: IoU = 0.3105
    Class  2: IoU = 0.2677
    Class  3: IoU = 0.2380
    Class  4: IoU = 0.3562
    Class  5: IoU = 0.0428
    Class  6: IoU = 0.1348
    Class  7: IoU = 0.4070
Epoch 8/20: 100%|██████████| 192/192 [03:09<00:00,  1.01it/s, seg_loss=0.39, bd_loss=1.9, acc=0.502, adv1=0.714, loss_d1=0.687, adv2=0.695, loss_d2=0.694]   
Epoch 8 Train Avg — seg_loss: 0.4895, bd_loss: 1.4024, acc: 0.5118, adv1: 0.7115, loss_d1: 0.6867, adv2: 0.7063, loss_d2: 0.6836, 

Epoch 8 Validation (full_model):
  ==> full_model mIoU: 0.2202
    Class  1: IoU = 0.2406
    Class  2: IoU = 0.2986
    Class  3: IoU = 0.2041
    Class  4: IoU = 0.2714
    Class  5: IoU = 0.0375
    Class  6: IoU = 0.1366
    Class  7: IoU = 0.3522
Epoch 9/20: 100%|██████████| 192/192 [03:14<00:00,  1.01s/it, seg_loss=0.389, bd_loss=1.09, acc=0.655, adv1=0.707, loss_d1=0.698, adv2=0.721, loss_d2=0.669] 
Epoch 9 Train Avg — seg_loss: 0.4718, bd_loss: 1.3947, acc: 0.5188, adv1: 0.7113, loss_d1: 0.6856, adv2: 0.7085, loss_d2: 0.6825, 

Epoch 9 Validation (full_model):
  ==> full_model mIoU: 0.2945
    Class  1: IoU = 0.2712
    Class  2: IoU = 0.3547
    Class  3: IoU = 0.3041
    Class  4: IoU = 0.4890
    Class  5: IoU = 0.0350
    Class  6: IoU = 0.1615
    Class  7: IoU = 0.4460
Epoch 10/20: 100%|██████████| 192/192 [03:12<00:00,  1.00s/it, seg_loss=0.376, bd_loss=1.47, acc=0.468, adv1=0.723, loss_d1=0.678, adv2=0.714, loss_d2=0.674] 
Epoch 10 Train Avg — seg_loss: 0.4631, bd_loss: 1.3896, acc: 0.5283, adv1: 0.7137, loss_d1: 0.6839, adv2: 0.7095, loss_d2: 0.6807, 

Epoch 10 Validation (full_model):
  ==> full_model mIoU: 0.2782
    Class  1: IoU = 0.2675
    Class  2: IoU = 0.3068
    Class  3: IoU = 0.2642
    Class  4: IoU = 0.5097
    Class  5: IoU = 0.0360
    Class  6: IoU = 0.1689
    Class  7: IoU = 0.3941
Epoch 11/20: 100%|██████████| 192/192 [03:13<00:00,  1.01s/it, seg_loss=0.389, bd_loss=1.65, acc=0.425, adv1=0.723, loss_d1=0.675, adv2=0.709, loss_d2=0.691] 
Epoch 11 Train Avg — seg_loss: 0.4536, bd_loss: 1.3862, acc: 0.5393, adv1: 0.7143, loss_d1: 0.6831, adv2: 0.7128, loss_d2: 0.6769, 

Epoch 11 Validation (full_model):
  ==> full_model mIoU: 0.2560
    Class  1: IoU = 0.3012
    Class  2: IoU = 0.2757
    Class  3: IoU = 0.2620
    Class  4: IoU = 0.3495
    Class  5: IoU = 0.0349
    Class  6: IoU = 0.1481
    Class  7: IoU = 0.4206
Epoch 12/20: 100%|██████████| 192/192 [03:06<00:00,  1.03it/s, seg_loss=0.369, bd_loss=1.36, acc=0.521, adv1=0.731, loss_d1=0.681, adv2=0.729, loss_d2=0.687] 
Epoch 12 Train Avg — seg_loss: 0.4490, bd_loss: 1.3806, acc: 0.5409, adv1: 0.7154, loss_d1: 0.6827, adv2: 0.7140, loss_d2: 0.6752, 

Epoch 12 Validation (full_model):
  ==> full_model mIoU: 0.2755
    Class  1: IoU = 0.3346
    Class  2: IoU = 0.2751
    Class  3: IoU = 0.2796
    Class  4: IoU = 0.4060
    Class  5: IoU = 0.0352
    Class  6: IoU = 0.1753
    Class  7: IoU = 0.4224
Epoch 13/20: 100%|██████████| 192/192 [03:05<00:00,  1.04it/s, seg_loss=0.658, bd_loss=0.994, acc=0.486, adv1=0.719, loss_d1=0.676, adv2=0.733, loss_d2=0.689]
Epoch 13 Train Avg — seg_loss: 0.4333, bd_loss: 1.3797, acc: 0.5486, adv1: 0.7161, loss_d1: 0.6808, adv2: 0.7136, loss_d2: 0.6749, 

Epoch 13 Validation (full_model):
  ==> full_model mIoU: 0.2997
    Class  1: IoU = 0.4651
    Class  2: IoU = 0.2347
    Class  3: IoU = 0.2698
    Class  4: IoU = 0.4777
    Class  5: IoU = 0.0727
    Class  6: IoU = 0.1502
    Class  7: IoU = 0.4280
Epoch 14/20: 100%|██████████| 192/192 [03:13<00:00,  1.01s/it, seg_loss=0.376, bd_loss=1.21, acc=0.486, adv1=0.71, loss_d1=0.695, adv2=0.716, loss_d2=0.659]  
Epoch 14 Train Avg — seg_loss: 0.4262, bd_loss: 1.3783, acc: 0.5489, adv1: 0.7180, loss_d1: 0.6801, adv2: 0.7167, loss_d2: 0.6738, 

Epoch 14 Validation (full_model):
  ==> full_model mIoU: 0.3007
    Class  1: IoU = 0.3867
    Class  2: IoU = 0.3463
    Class  3: IoU = 0.2644
    Class  4: IoU = 0.4645
    Class  5: IoU = 0.0543
    Class  6: IoU = 0.1533
    Class  7: IoU = 0.4352
Epoch 15/20: 100%|██████████| 192/192 [03:10<00:00,  1.01it/s, seg_loss=0.423, bd_loss=1.3, acc=0.488, adv1=0.724, loss_d1=0.67, adv2=0.731, loss_d2=0.689]   
Epoch 15 Train Avg — seg_loss: 0.4202, bd_loss: 1.3759, acc: 0.5591, adv1: 0.7196, loss_d1: 0.6796, adv2: 0.7181, loss_d2: 0.6725, 

Epoch 15 Validation (full_model):
  ==> full_model mIoU: 0.3030
    Class  1: IoU = 0.4417
    Class  2: IoU = 0.2861
    Class  3: IoU = 0.2794
    Class  4: IoU = 0.4719
    Class  5: IoU = 0.0547
    Class  6: IoU = 0.1617
    Class  7: IoU = 0.4254
Epoch 16/20: 100%|██████████| 192/192 [03:17<00:00,  1.03s/it, seg_loss=0.325, bd_loss=1.15, acc=0.445, adv1=0.723, loss_d1=0.683, adv2=0.716, loss_d2=0.656] 
Epoch 16 Train Avg — seg_loss: 0.4176, bd_loss: 1.3696, acc: 0.5603, adv1: 0.7218, loss_d1: 0.6789, adv2: 0.7146, loss_d2: 0.6740, 

Epoch 16 Validation (full_model):
  ==> full_model mIoU: 0.3059
    Class  1: IoU = 0.4290
    Class  2: IoU = 0.3495
    Class  3: IoU = 0.2770
    Class  4: IoU = 0.4158
    Class  5: IoU = 0.0506
    Class  6: IoU = 0.1931
    Class  7: IoU = 0.4262
Epoch 17/20: 100%|██████████| 192/192 [03:09<00:00,  1.01it/s, seg_loss=0.363, bd_loss=1.7, acc=0.506, adv1=0.723, loss_d1=0.68, adv2=0.687, loss_d2=0.672]   
Epoch 17 Train Avg — seg_loss: 0.4144, bd_loss: 1.3685, acc: 0.5649, adv1: 0.7207, loss_d1: 0.6780, adv2: 0.7175, loss_d2: 0.6726, 

Epoch 17 Validation (full_model):
  ==> full_model mIoU: 0.2869
    Class  1: IoU = 0.3993
    Class  2: IoU = 0.3389
    Class  3: IoU = 0.2437
    Class  4: IoU = 0.3951
    Class  5: IoU = 0.0537
    Class  6: IoU = 0.1701
    Class  7: IoU = 0.4074
Epoch 18/20: 100%|██████████| 192/192 [03:12<00:00,  1.00s/it, seg_loss=0.385, bd_loss=1.5, acc=0.542, adv1=0.713, loss_d1=0.675, adv2=0.703, loss_d2=0.669]  
Epoch 18 Train Avg — seg_loss: 0.4127, bd_loss: 1.3673, acc: 0.5650, adv1: 0.7240, loss_d1: 0.6771, adv2: 0.7166, loss_d2: 0.6713, 

Epoch 18 Validation (full_model):
  ==> full_model mIoU: 0.3158
    Class  1: IoU = 0.4440
    Class  2: IoU = 0.3391
    Class  3: IoU = 0.2741
    Class  4: IoU = 0.4732
    Class  5: IoU = 0.0531
    Class  6: IoU = 0.1631
    Class  7: IoU = 0.4639
Epoch 19/20: 100%|██████████| 192/192 [03:08<00:00,  1.02it/s, seg_loss=0.356, bd_loss=1.57, acc=0.521, adv1=0.734, loss_d1=0.674, adv2=0.735, loss_d2=0.645] 
Epoch 19 Train Avg — seg_loss: 0.4137, bd_loss: 1.3674, acc: 0.5677, adv1: 0.7247, loss_d1: 0.6764, adv2: 0.7153, loss_d2: 0.6725, 

Epoch 19 Validation (full_model):
  ==> full_model mIoU: 0.2975
    Class  1: IoU = 0.4457
    Class  2: IoU = 0.2958
    Class  3: IoU = 0.2593
    Class  4: IoU = 0.4492
    Class  5: IoU = 0.0538
    Class  6: IoU = 0.1535
    Class  7: IoU = 0.4248
Epoch 20/20: 100%|██████████| 192/192 [03:11<00:00,  1.00it/s, seg_loss=0.301, bd_loss=1.18, acc=0.498, adv1=0.708, loss_d1=0.683, adv2=0.735, loss_d2=0.654] 
Epoch 20 Train Avg — seg_loss: 0.4010, bd_loss: 1.3643, acc: 0.5729, adv1: 0.7244, loss_d1: 0.6777, adv2: 0.7169, loss_d2: 0.6708, 

Epoch 20 Validation (full_model):
  ==> full_model mIoU: 0.3290
    Class  1: IoU = 0.4518
    Class  2: IoU = 0.3493
    Class  3: IoU = 0.2987
    Class  4: IoU = 0.5043
    Class  5: IoU = 0.0631
    Class  6: IoU = 0.1914
    Class  7: IoU = 0.4442