2025-03-19 12:30:52,788 Namespace(cfg='configs/loveda/pidnet_small_loveda.yaml', opts=[], seed=304)
2025-03-19 12:30:52,788 AUTO_RESUME: False
CUDNN:
  BENCHMARK: True
  DETERMINISTIC: False
  ENABLED: True
DATASET:
  DATASET: loveda
  EXTRA_TRAIN_SET: 
  NUM_CLASSES: 7
  ROOT: data/
  TEST_SET: list/loveda/urban_rural/val.lst
  TRAIN_SET: list/loveda/urban_rural/train.lst
GPUS: (0,)
LOG_DIR: log
LOSS:
  BALANCE_WEIGHTS: [0.4, 1.0]
  CLASS_BALANCE: False
  OHEMKEEP: 131072
  OHEMTHRES: 0.9
  SB_WEIGHTS: 1.0
  USE_OHEM: True
MODEL:
  ALIGN_CORNERS: True
  NAME: pidnet_small
  NUM_OUTPUTS: 2
  PRETRAINED: pretrained_models/imagenet/PIDNet_S_ImageNet.pth.tar
OUTPUT_DIR: output
PIN_MEMORY: True
PRINT_FREQ: 10
TEST:
  BASE_SIZE: 2048
  BATCH_SIZE_PER_GPU: 6
  FLIP_TEST: False
  IMAGE_SIZE: [2048, 1024]
  MODEL_FILE: output/loveda/pidnet_small_loveda/final_state.pt
  MULTI_SCALE: False
  OUTPUT_INDEX: 1
TRAIN:
  AUGMENTATION:
    ENABLE: True
    PROBABILITY: 0.5
    TECHNIQUES:
      GAUSSIAN_BLUR: False
      HORIZONTAL_FLIP: False
      MULTIPLY: False
      RANDOM_BRIGHTNESS: True
  BASE_SIZE: 2048
  BATCH_SIZE_PER_GPU: 6
  BEGIN_EPOCH: 0
  END_EPOCH: 20
  EXTRA_EPOCH: 0
  EXTRA_LR: 0.001
  FLIP: False
  IGNORE_LABEL: 0
  IMAGE_SIZE: [1024, 1024]
  LR: 0.01
  MOMENTUM: 0.9
  MULTI_SCALE: False
  NESTEROV: False
  OPTIMIZER: sgd
  RESUME: True
  SCALE_FACTOR: 16
  SHUFFLE: True
  WD: 0.0005
WORKERS: 4
2025-03-19 12:30:52,899 Attention!!!
2025-03-19 12:30:52,899 Loaded 302 parameters!
2025-03-19 12:30:52,899 Over!!!
2025-03-19 12:31:12,405 Epoch: [0/20] Iter:[0/192], Time: 19.35, lr: [0.01], Loss: 16.262239, Acc:0.145575, Semantic loss: 6.993616, BCE loss: 3.744265, SB loss: 5.524359
2025-03-19 12:31:18,312 Epoch: [0/20] Iter:[10/192], Time: 2.27, lr: [0.009976559445324192], Loss: 12.307135, Acc:0.285069, Semantic loss: 5.444346, BCE loss: 2.727108, SB loss: 4.135681
2025-03-19 12:31:24,424 Epoch: [0/20] Iter:[20/192], Time: 1.48, lr: [0.009953112769592761], Loss: 10.644807, Acc:0.328704, Semantic loss: 4.674341, BCE loss: 2.480729, SB loss: 3.489737
2025-03-19 12:31:30,540 Epoch: [0/20] Iter:[30/192], Time: 1.20, lr: [0.009929659955177281], Loss: 9.004894, Acc:0.351824, Semantic loss: 3.929928, BCE loss: 2.261946, SB loss: 2.813020
2025-03-19 12:31:36,530 Epoch: [0/20] Iter:[40/192], Time: 1.05, lr: [0.009906200984352154], Loss: 8.121733, Acc:0.354229, Semantic loss: 3.512348, BCE loss: 2.112427, SB loss: 2.496957
2025-03-19 12:31:42,472 Epoch: [0/20] Iter:[50/192], Time: 0.96, lr: [0.009882735839293803], Loss: 7.506490, Acc:0.386170, Semantic loss: 3.224845, BCE loss: 2.008132, SB loss: 2.273513
2025-03-19 12:31:48,168 Epoch: [0/20] Iter:[60/192], Time: 0.90, lr: [0.00985926450207989], Loss: 7.137689, Acc:0.392035, Semantic loss: 3.049843, BCE loss: 1.940533, SB loss: 2.147314
2025-03-19 12:31:53,552 Epoch: [0/20] Iter:[70/192], Time: 0.85, lr: [0.009835786954688485], Loss: 6.830926, Acc:0.392171, Semantic loss: 2.920667, BCE loss: 1.893625, SB loss: 2.016634
2025-03-19 12:31:58,946 Epoch: [0/20] Iter:[80/192], Time: 0.81, lr: [0.00981230317899726], Loss: 6.572607, Acc:0.400291, Semantic loss: 2.822407, BCE loss: 1.855677, SB loss: 1.894524
2025-03-19 12:32:04,455 Epoch: [0/20] Iter:[90/192], Time: 0.78, lr: [0.009788813156782662], Loss: 6.404161, Acc:0.404080, Semantic loss: 2.760158, BCE loss: 1.838497, SB loss: 1.805507
2025-03-19 12:32:09,732 Epoch: [0/20] Iter:[100/192], Time: 0.76, lr: [0.009765316869719067], Loss: 6.232888, Acc:0.407455, Semantic loss: 2.690105, BCE loss: 1.813642, SB loss: 1.729141
2025-03-19 12:32:15,043 Epoch: [0/20] Iter:[110/192], Time: 0.74, lr: [0.009741814299377942], Loss: 6.090834, Acc:0.410456, Semantic loss: 2.628500, BCE loss: 1.786515, SB loss: 1.675818
2025-03-19 12:32:20,501 Epoch: [0/20] Iter:[120/192], Time: 0.72, lr: [0.009718305427226986], Loss: 5.953048, Acc:0.415146, Semantic loss: 2.559593, BCE loss: 1.775061, SB loss: 1.618394
2025-03-19 12:32:25,999 Epoch: [0/20] Iter:[130/192], Time: 0.71, lr: [0.009694790234629266], Loss: 5.824898, Acc:0.421277, Semantic loss: 2.496641, BCE loss: 1.760737, SB loss: 1.567520
2025-03-19 12:32:31,460 Epoch: [0/20] Iter:[140/192], Time: 0.70, lr: [0.009671268702842338], Loss: 5.726985, Acc:0.423953, Semantic loss: 2.457665, BCE loss: 1.739940, SB loss: 1.529379
2025-03-19 12:32:36,865 Epoch: [0/20] Iter:[150/192], Time: 0.69, lr: [0.009647740813017376], Loss: 5.657870, Acc:0.423747, Semantic loss: 2.428662, BCE loss: 1.726564, SB loss: 1.502644
2025-03-19 12:32:42,384 Epoch: [0/20] Iter:[160/192], Time: 0.68, lr: [0.009624206546198262], Loss: 5.580298, Acc:0.429844, Semantic loss: 2.385995, BCE loss: 1.725957, SB loss: 1.468347
2025-03-19 12:32:47,844 Epoch: [0/20] Iter:[170/192], Time: 0.67, lr: [0.009600665883320689], Loss: 5.507164, Acc:0.433482, Semantic loss: 2.346714, BCE loss: 1.723427, SB loss: 1.437024
2025-03-19 12:32:53,345 Epoch: [0/20] Iter:[180/192], Time: 0.66, lr: [0.009577118805211254], Loss: 5.438504, Acc:0.436558, Semantic loss: 2.315144, BCE loss: 1.717251, SB loss: 1.406109
2025-03-19 12:32:58,607 Epoch: [0/20] Iter:[190/192], Time: 0.66, lr: [0.009553565292586523], Loss: 5.369098, Acc:0.440142, Semantic loss: 2.281299, BCE loss: 1.709792, SB loss: 1.378008
2025-03-19 12:35:21,213 0 [0.00000000e+00 4.96951032e-01 1.83965353e-01 2.25271065e-03
 0.00000000e+00 1.30055453e-04 4.82119790e-02] 0.10450159007925848
2025-03-19 12:35:21,213 1 [0.         0.57938917 0.15273708 0.         0.         0.
 0.02323114] 0.10790819878036247
2025-03-19 12:35:21,220 => saving checkpoint to output\loveda\pidnet_small_loveda\aug_rbcheckpoint.pth.tar
2025-03-19 12:35:21,365 Loss: 4.040, MeanIU:  0.1079, Best_mIoU:  0.1079
2025-03-19 12:35:21,365 [0.         0.57938917 0.15273708 0.         0.         0.
 0.02323114]
2025-03-19 12:35:33,561 Epoch: [1/20] Iter:[0/192], Time: 11.94, lr: [0.009548853816214998], Loss: 4.397426, Acc:0.380737, Semantic loss: 2.068037, BCE loss: 1.465733, SB loss: 0.863656
2025-03-19 12:35:38,943 Epoch: [1/20] Iter:[10/192], Time: 1.57, lr: [0.009525292556561479], Loss: 4.350122, Acc:0.471373, Semantic loss: 1.795533, BCE loss: 1.556967, SB loss: 0.997622
2025-03-19 12:35:44,397 Epoch: [1/20] Iter:[20/192], Time: 1.08, lr: [0.00950172481957719], Loss: 4.348136, Acc:0.482371, Semantic loss: 1.796507, BCE loss: 1.568786, SB loss: 0.982844
2025-03-19 12:35:50,297 Epoch: [1/20] Iter:[30/192], Time: 0.93, lr: [0.009478150585620286], Loss: 4.374486, Acc:0.479089, Semantic loss: 1.819037, BCE loss: 1.535708, SB loss: 1.019741
2025-03-19 12:35:56,276 Epoch: [1/20] Iter:[40/192], Time: 0.85, lr: [0.009454569834934885], Loss: 4.459031, Acc:0.472381, Semantic loss: 1.841579, BCE loss: 1.555602, SB loss: 1.061850
2025-03-19 12:36:02,437 Epoch: [1/20] Iter:[50/192], Time: 0.80, lr: [0.009430982547650114], Loss: 4.482520, Acc:0.474635, Semantic loss: 1.846408, BCE loss: 1.580660, SB loss: 1.055452
2025-03-19 12:36:08,549 Epoch: [1/20] Iter:[60/192], Time: 0.77, lr: [0.009407388703779091], Loss: 4.488995, Acc:0.475490, Semantic loss: 1.845982, BCE loss: 1.596994, SB loss: 1.046019
2025-03-19 12:36:14,618 Epoch: [1/20] Iter:[70/192], Time: 0.75, lr: [0.009383788283217955], Loss: 4.446519, Acc:0.479910, Semantic loss: 1.820484, BCE loss: 1.603904, SB loss: 1.022132
2025-03-19 12:36:20,729 Epoch: [1/20] Iter:[80/192], Time: 0.73, lr: [0.00936018126574482], Loss: 4.461366, Acc:0.472356, Semantic loss: 1.838220, BCE loss: 1.593985, SB loss: 1.029161
2025-03-19 12:36:26,875 Epoch: [1/20] Iter:[90/192], Time: 0.72, lr: [0.009336567631018769], Loss: 4.460072, Acc:0.475229, Semantic loss: 1.830483, BCE loss: 1.610013, SB loss: 1.019576
2025-03-19 12:36:33,017 Epoch: [1/20] Iter:[100/192], Time: 0.71, lr: [0.009312947358578814], Loss: 4.478286, Acc:0.475832, Semantic loss: 1.826900, BCE loss: 1.622249, SB loss: 1.029137
2025-03-19 12:36:39,063 Epoch: [1/20] Iter:[110/192], Time: 0.70, lr: [0.009289320427842841], Loss: 4.446725, Acc:0.473861, Semantic loss: 1.822036, BCE loss: 1.603831, SB loss: 1.020858
2025-03-19 12:36:45,092 Epoch: [1/20] Iter:[120/192], Time: 0.69, lr: [0.009265686818106552], Loss: 4.421225, Acc:0.476129, Semantic loss: 1.813790, BCE loss: 1.594142, SB loss: 1.013293
2025-03-19 12:36:51,271 Epoch: [1/20] Iter:[130/192], Time: 0.68, lr: [0.009242046508542393], Loss: 4.415587, Acc:0.478132, Semantic loss: 1.811201, BCE loss: 1.595641, SB loss: 1.008745
2025-03-19 12:36:57,364 Epoch: [1/20] Iter:[140/192], Time: 0.68, lr: [0.009218399478198466], Loss: 4.393693, Acc:0.478997, Semantic loss: 1.801891, BCE loss: 1.588554, SB loss: 1.003248
2025-03-19 12:37:03,439 Epoch: [1/20] Iter:[150/192], Time: 0.67, lr: [0.009194745705997428], Loss: 4.390271, Acc:0.476911, Semantic loss: 1.805925, BCE loss: 1.582578, SB loss: 1.001767
2025-03-19 12:37:09,441 Epoch: [1/20] Iter:[160/192], Time: 0.67, lr: [0.00917108517073538], Loss: 4.386952, Acc:0.476867, Semantic loss: 1.803142, BCE loss: 1.583858, SB loss: 0.999952
2025-03-19 12:37:15,462 Epoch: [1/20] Iter:[170/192], Time: 0.67, lr: [0.00914741785108075], Loss: 4.380420, Acc:0.477760, Semantic loss: 1.798678, BCE loss: 1.582199, SB loss: 0.999544
2025-03-19 12:37:21,049 Epoch: [1/20] Iter:[180/192], Time: 0.66, lr: [0.00912374372557314], Loss: 4.375560, Acc:0.477502, Semantic loss: 1.796585, BCE loss: 1.578671, SB loss: 1.000305
2025-03-19 12:37:26,425 Epoch: [1/20] Iter:[190/192], Time: 0.65, lr: [0.009100062772622186], Loss: 4.369926, Acc:0.477427, Semantic loss: 1.793628, BCE loss: 1.577565, SB loss: 0.998733
2025-03-19 12:39:44,797 0 [0.         0.56285113 0.1450667  0.00714139 0.01152782 0.03393502
 0.02990265] 0.11291781654216419
2025-03-19 12:39:44,798 1 [0.00000000e+00 6.07003461e-01 1.31189220e-01 1.72840501e-04
 6.88626741e-05 6.67939544e-02 1.59756594e-02] 0.11731485682425827
2025-03-19 12:39:44,805 => saving checkpoint to output\loveda\pidnet_small_loveda\aug_rbcheckpoint.pth.tar
2025-03-19 12:39:44,943 Loss: 3.986, MeanIU:  0.1173, Best_mIoU:  0.1173
2025-03-19 12:39:44,943 [0.00000000e+00 6.07003461e-01 1.31189220e-01 1.72840501e-04
 6.88626741e-05 6.67939544e-02 1.59756594e-02]
2025-03-19 12:39:56,614 Epoch: [2/20] Iter:[0/192], Time: 11.41, lr: [0.009095325760829623], Loss: 3.911751, Acc:0.410467, Semantic loss: 2.021699, BCE loss: 1.103495, SB loss: 0.786557
2025-03-19 12:40:01,704 Epoch: [2/20] Iter:[10/192], Time: 1.50, lr: [0.009071636586262652], Loss: 4.343023, Acc:0.468773, Semantic loss: 1.807287, BCE loss: 1.600213, SB loss: 0.935524
2025-03-19 12:40:07,153 Epoch: [2/20] Iter:[20/192], Time: 1.05, lr: [0.009047940536290279], Loss: 4.307078, Acc:0.466766, Semantic loss: 1.778395, BCE loss: 1.576825, SB loss: 0.951858
2025-03-19 12:40:12,688 Epoch: [2/20] Iter:[30/192], Time: 0.89, lr: [0.009024237588898336], Loss: 4.264316, Acc:0.472020, Semantic loss: 1.759567, BCE loss: 1.520969, SB loss: 0.983780
2025-03-19 12:40:18,254 Epoch: [2/20] Iter:[40/192], Time: 0.81, lr: [0.009000527721937697], Loss: 4.290105, Acc:0.455866, Semantic loss: 1.775536, BCE loss: 1.517041, SB loss: 0.997528
2025-03-19 12:40:23,791 Epoch: [2/20] Iter:[50/192], Time: 0.76, lr: [0.008976810913123051], Loss: 4.289327, Acc:0.456266, Semantic loss: 1.762256, BCE loss: 1.527648, SB loss: 0.999422
2025-03-19 12:40:29,384 Epoch: [2/20] Iter:[60/192], Time: 0.72, lr: [0.008953087140031669], Loss: 4.303990, Acc:0.456446, Semantic loss: 1.776843, BCE loss: 1.512318, SB loss: 1.014829
2025-03-19 12:40:34,955 Epoch: [2/20] Iter:[70/192], Time: 0.70, lr: [0.008929356380102142], Loss: 4.288411, Acc:0.462873, Semantic loss: 1.764187, BCE loss: 1.518240, SB loss: 1.005984
2025-03-19 12:40:40,565 Epoch: [2/20] Iter:[80/192], Time: 0.68, lr: [0.008905618610633112], Loss: 4.300814, Acc:0.469775, Semantic loss: 1.753891, BCE loss: 1.536263, SB loss: 1.010660
2025-03-19 12:40:46,093 Epoch: [2/20] Iter:[90/192], Time: 0.67, lr: [0.008881873808781991], Loss: 4.292690, Acc:0.475659, Semantic loss: 1.744825, BCE loss: 1.541282, SB loss: 1.006583
2025-03-19 12:40:51,646 Epoch: [2/20] Iter:[100/192], Time: 0.66, lr: [0.008858121951563658], Loss: 4.300652, Acc:0.474365, Semantic loss: 1.755081, BCE loss: 1.532127, SB loss: 1.013444
2025-03-19 12:40:57,261 Epoch: [2/20] Iter:[110/192], Time: 0.65, lr: [0.008834363015849136], Loss: 4.289523, Acc:0.478989, Semantic loss: 1.745002, BCE loss: 1.532467, SB loss: 1.012054
2025-03-19 12:41:02,813 Epoch: [2/20] Iter:[120/192], Time: 0.64, lr: [0.008810596978364274], Loss: 4.325935, Acc:0.478829, Semantic loss: 1.757422, BCE loss: 1.543381, SB loss: 1.025132
2025-03-19 12:41:08,401 Epoch: [2/20] Iter:[130/192], Time: 0.64, lr: [0.008786823815688379], Loss: 4.338609, Acc:0.479985, Semantic loss: 1.772097, BCE loss: 1.541181, SB loss: 1.025331
2025-03-19 12:41:14,010 Epoch: [2/20] Iter:[140/192], Time: 0.63, lr: [0.008763043504252865], Loss: 4.347244, Acc:0.482178, Semantic loss: 1.773466, BCE loss: 1.549404, SB loss: 1.024373
2025-03-19 12:41:19,712 Epoch: [2/20] Iter:[150/192], Time: 0.63, lr: [0.008739256020339866], Loss: 4.364264, Acc:0.481164, Semantic loss: 1.784977, BCE loss: 1.544990, SB loss: 1.034297
2025-03-19 12:41:25,231 Epoch: [2/20] Iter:[160/192], Time: 0.62, lr: [0.00871546134008083], Loss: 4.369623, Acc:0.480149, Semantic loss: 1.788677, BCE loss: 1.547980, SB loss: 1.032966
2025-03-19 12:41:30,811 Epoch: [2/20] Iter:[170/192], Time: 0.62, lr: [0.008691659439455107], Loss: 4.378436, Acc:0.479953, Semantic loss: 1.792028, BCE loss: 1.555357, SB loss: 1.031051
2025-03-19 12:41:36,412 Epoch: [2/20] Iter:[180/192], Time: 0.61, lr: [0.008667850294288517], Loss: 4.375687, Acc:0.479564, Semantic loss: 1.790657, BCE loss: 1.559859, SB loss: 1.025171
2025-03-19 12:41:41,752 Epoch: [2/20] Iter:[190/192], Time: 0.61, lr: [0.008644033880251888], Loss: 4.375604, Acc:0.479938, Semantic loss: 1.790634, BCE loss: 1.559836, SB loss: 1.025134
2025-03-19 12:44:01,469 0 [0.00000000e+00 5.80566440e-01 1.27432572e-01 9.34794398e-03
 7.04358936e-06 5.44094932e-04 3.04542549e-04] 0.1026003767306043
2025-03-19 12:44:01,470 1 [0.00000000e+00 5.36238125e-01 9.83505726e-02 2.53686175e-03
 5.43817754e-06 8.86230121e-04 1.02123070e-02] 0.09260421926246638
2025-03-19 12:44:01,478 => saving checkpoint to output\loveda\pidnet_small_loveda\aug_rbcheckpoint.pth.tar
2025-03-19 12:44:01,574 Loss: 4.480, MeanIU:  0.0926, Best_mIoU:  0.1173
2025-03-19 12:44:01,574 [0.00000000e+00 5.36238125e-01 9.83505726e-02 2.53686175e-03
 5.43817754e-06 8.86230121e-04 1.02123070e-02]
2025-03-19 12:44:13,095 Epoch: [3/20] Iter:[0/192], Time: 11.26, lr: [0.008639269723028191], Loss: 4.668682, Acc:0.414899, Semantic loss: 2.211447, BCE loss: 1.368373, SB loss: 1.088862
2025-03-19 12:44:18,444 Epoch: [3/20] Iter:[10/192], Time: 1.51, lr: [0.008615444554012613], Loss: 4.257279, Acc:0.482451, Semantic loss: 1.755362, BCE loss: 1.548746, SB loss: 0.953171
2025-03-19 12:44:24,062 Epoch: [3/20] Iter:[20/192], Time: 1.06, lr: [0.008591612062049989], Loss: 4.202634, Acc:0.502704, Semantic loss: 1.730160, BCE loss: 1.509379, SB loss: 0.963095
2025-03-19 12:44:29,675 Epoch: [3/20] Iter:[30/192], Time: 0.90, lr: [0.008567772222305215], Loss: 4.175964, Acc:0.501710, Semantic loss: 1.692521, BCE loss: 1.546376, SB loss: 0.937067
2025-03-19 12:44:35,244 Epoch: [3/20] Iter:[40/192], Time: 0.81, lr: [0.008543925009781886], Loss: 4.166793, Acc:0.497928, Semantic loss: 1.690391, BCE loss: 1.529615, SB loss: 0.946787
2025-03-19 12:44:40,781 Epoch: [3/20] Iter:[50/192], Time: 0.76, lr: [0.00852007039932076], Loss: 4.196488, Acc:0.490329, Semantic loss: 1.704822, BCE loss: 1.519872, SB loss: 0.971794
2025-03-19 12:44:46,306 Epoch: [3/20] Iter:[60/192], Time: 0.73, lr: [0.00849620836559818], Loss: 4.222556, Acc:0.478476, Semantic loss: 1.737403, BCE loss: 1.495935, SB loss: 0.989217
2025-03-19 12:44:51,893 Epoch: [3/20] Iter:[70/192], Time: 0.71, lr: [0.008472338883124477], Loss: 4.261472, Acc:0.482404, Semantic loss: 1.737587, BCE loss: 1.521630, SB loss: 1.002255
2025-03-19 12:44:57,513 Epoch: [3/20] Iter:[80/192], Time: 0.69, lr: [0.008448461926242374], Loss: 4.252419, Acc:0.483554, Semantic loss: 1.742856, BCE loss: 1.510819, SB loss: 0.998744
2025-03-19 12:45:03,099 Epoch: [3/20] Iter:[90/192], Time: 0.67, lr: [0.008424577469125337], Loss: 4.250210, Acc:0.485604, Semantic loss: 1.734475, BCE loss: 1.524456, SB loss: 0.991280
2025-03-19 12:45:08,675 Epoch: [3/20] Iter:[100/192], Time: 0.66, lr: [0.008400685485775935], Loss: 4.250173, Acc:0.487250, Semantic loss: 1.727198, BCE loss: 1.536968, SB loss: 0.986007
2025-03-19 12:45:14,256 Epoch: [3/20] Iter:[110/192], Time: 0.65, lr: [0.008376785950024154], Loss: 4.233066, Acc:0.488352, Semantic loss: 1.711881, BCE loss: 1.540389, SB loss: 0.980796
2025-03-19 12:45:19,793 Epoch: [3/20] Iter:[120/192], Time: 0.64, lr: [0.00835287883552571], Loss: 4.246243, Acc:0.488207, Semantic loss: 1.709187, BCE loss: 1.560141, SB loss: 0.976915
2025-03-19 12:45:25,400 Epoch: [3/20] Iter:[130/192], Time: 0.64, lr: [0.008328964115760324], Loss: 4.242468, Acc:0.487656, Semantic loss: 1.710180, BCE loss: 1.553055, SB loss: 0.979233
2025-03-19 12:45:30,997 Epoch: [3/20] Iter:[140/192], Time: 0.63, lr: [0.008305041764029988], Loss: 4.244283, Acc:0.486579, Semantic loss: 1.711937, BCE loss: 1.550241, SB loss: 0.982105
2025-03-19 12:45:36,548 Epoch: [3/20] Iter:[150/192], Time: 0.63, lr: [0.008281111753457188], Loss: 4.243932, Acc:0.485659, Semantic loss: 1.715134, BCE loss: 1.542347, SB loss: 0.986451
2025-03-19 12:45:42,146 Epoch: [3/20] Iter:[160/192], Time: 0.62, lr: [0.008257174056983133], Loss: 4.248178, Acc:0.486610, Semantic loss: 1.710798, BCE loss: 1.550982, SB loss: 0.986398
2025-03-19 12:45:47,734 Epoch: [3/20] Iter:[170/192], Time: 0.62, lr: [0.00823322864736593], Loss: 4.243111, Acc:0.487641, Semantic loss: 1.704779, BCE loss: 1.557259, SB loss: 0.981074
2025-03-19 12:45:53,317 Epoch: [3/20] Iter:[180/192], Time: 0.62, lr: [0.008209275497178764], Loss: 4.232421, Acc:0.489462, Semantic loss: 1.701540, BCE loss: 1.552075, SB loss: 0.978807
2025-03-19 12:45:58,540 Epoch: [3/20] Iter:[190/192], Time: 0.61, lr: [0.008185314578808021], Loss: 4.226801, Acc:0.490318, Semantic loss: 1.701621, BCE loss: 1.548055, SB loss: 0.977125
2025-03-19 12:48:17,485 0 [0.00000000e+00 4.17554113e-01 2.23051011e-01 1.54300171e-02
 1.18107426e-03 4.24604076e-06 9.37998009e-03] 0.09522863452481503
2025-03-19 12:48:17,486 1 [0.         0.3932682  0.1666235  0.01458816 0.03173379 0.
 0.00506034] 0.08732485564900525
2025-03-19 12:48:17,493 => saving checkpoint to output\loveda\pidnet_small_loveda\aug_rbcheckpoint.pth.tar
2025-03-19 12:48:17,589 Loss: 4.441, MeanIU:  0.0873, Best_mIoU:  0.1173
2025-03-19 12:48:17,589 [0.         0.3932682  0.1666235  0.01458816 0.03173379 0.
 0.00506034]
2025-03-19 12:48:29,069 Epoch: [4/20] Iter:[0/192], Time: 11.22, lr: [0.008180521460508584], Loss: 4.258770, Acc:0.488528, Semantic loss: 1.667373, BCE loss: 1.704313, SB loss: 0.887084
2025-03-19 12:48:34,314 Epoch: [4/20] Iter:[10/192], Time: 1.50, lr: [0.008156551183601795], Loss: 4.227708, Acc:0.492994, Semantic loss: 1.655784, BCE loss: 1.554184, SB loss: 1.017739
2025-03-19 12:48:39,832 Epoch: [4/20] Iter:[20/192], Time: 1.05, lr: [0.008132573077094668], Loss: 4.152950, Acc:0.491047, Semantic loss: 1.663966, BCE loss: 1.499261, SB loss: 0.989723
2025-03-19 12:48:45,193 Epoch: [4/20] Iter:[30/192], Time: 0.88, lr: [0.008108587112763079], Loss: 4.204820, Acc:0.486432, Semantic loss: 1.688799, BCE loss: 1.509796, SB loss: 1.006224
2025-03-19 12:48:50,546 Epoch: [4/20] Iter:[40/192], Time: 0.80, lr: [0.008084593262188028], Loss: 4.229401, Acc:0.491719, Semantic loss: 1.685461, BCE loss: 1.538499, SB loss: 1.005442
2025-03-19 12:48:56,326 Epoch: [4/20] Iter:[50/192], Time: 0.75, lr: [0.008060591496753653], Loss: 4.201451, Acc:0.490802, Semantic loss: 1.683503, BCE loss: 1.522813, SB loss: 0.995135
2025-03-19 12:49:02,475 Epoch: [4/20] Iter:[60/192], Time: 0.73, lr: [0.008036581787645204], Loss: 4.217184, Acc:0.488716, Semantic loss: 1.683584, BCE loss: 1.549733, SB loss: 0.983867
2025-03-19 12:49:08,629 Epoch: [4/20] Iter:[70/192], Time: 0.72, lr: [0.008012564105846994], Loss: 4.181541, Acc:0.486052, Semantic loss: 1.679312, BCE loss: 1.521116, SB loss: 0.981113
2025-03-19 12:49:14,807 Epoch: [4/20] Iter:[80/192], Time: 0.70, lr: [0.007988538422140333], Loss: 4.190470, Acc:0.488875, Semantic loss: 1.676734, BCE loss: 1.515779, SB loss: 0.997957
2025-03-19 12:49:20,697 Epoch: [4/20] Iter:[90/192], Time: 0.69, lr: [0.007964504707101411], Loss: 4.176348, Acc:0.488508, Semantic loss: 1.678022, BCE loss: 1.509791, SB loss: 0.988536
2025-03-19 12:49:26,347 Epoch: [4/20] Iter:[100/192], Time: 0.68, lr: [0.007940462931099176], Loss: 4.156865, Acc:0.493316, Semantic loss: 1.669426, BCE loss: 1.501881, SB loss: 0.985558
2025-03-19 12:49:31,904 Epoch: [4/20] Iter:[110/192], Time: 0.67, lr: [0.007916413064293163], Loss: 4.136598, Acc:0.498834, Semantic loss: 1.655609, BCE loss: 1.506533, SB loss: 0.974457
2025-03-19 12:49:37,540 Epoch: [4/20] Iter:[120/192], Time: 0.66, lr: [0.007892355076631318], Loss: 4.131413, Acc:0.501590, Semantic loss: 1.646277, BCE loss: 1.519376, SB loss: 0.965760
2025-03-19 12:49:43,164 Epoch: [4/20] Iter:[130/192], Time: 0.65, lr: [0.007868288937847752], Loss: 4.141965, Acc:0.499528, Semantic loss: 1.650077, BCE loss: 1.524773, SB loss: 0.967115
2025-03-19 12:49:48,725 Epoch: [4/20] Iter:[140/192], Time: 0.64, lr: [0.007844214617460508], Loss: 4.146767, Acc:0.502515, Semantic loss: 1.644020, BCE loss: 1.537187, SB loss: 0.965560
2025-03-19 12:49:54,389 Epoch: [4/20] Iter:[150/192], Time: 0.64, lr: [0.007820132084769268], Loss: 4.151367, Acc:0.498969, Semantic loss: 1.649861, BCE loss: 1.535047, SB loss: 0.966459
2025-03-19 12:50:00,018 Epoch: [4/20] Iter:[160/192], Time: 0.63, lr: [0.00779604130885303], Loss: 4.149340, Acc:0.500666, Semantic loss: 1.646707, BCE loss: 1.538171, SB loss: 0.964462
2025-03-19 12:50:05,624 Epoch: [4/20] Iter:[170/192], Time: 0.63, lr: [0.007771942258567773], Loss: 4.145444, Acc:0.501294, Semantic loss: 1.641752, BCE loss: 1.542095, SB loss: 0.961598
2025-03-19 12:50:11,208 Epoch: [4/20] Iter:[180/192], Time: 0.63, lr: [0.007747834902544056], Loss: 4.144046, Acc:0.501529, Semantic loss: 1.643547, BCE loss: 1.538269, SB loss: 0.962230
2025-03-19 12:50:16,534 Epoch: [4/20] Iter:[190/192], Time: 0.62, lr: [0.0077237192091846206], Loss: 4.153049, Acc:0.499676, Semantic loss: 1.650540, BCE loss: 1.539652, SB loss: 0.962858
2025-03-19 12:52:34,985 0 [0.         0.49957358 0.13832427 0.01204463 0.02168451 0.01276922
 0.0080414 ] 0.09891965829140555
2025-03-19 12:52:34,986 1 [0.         0.50230323 0.13919432 0.02310563 0.07739659 0.00734714
 0.02022398] 0.10993869952721098
2025-03-19 12:52:34,993 => saving checkpoint to output\loveda\pidnet_small_loveda\aug_rbcheckpoint.pth.tar
2025-03-19 12:52:35,080 Loss: 4.275, MeanIU:  0.1099, Best_mIoU:  0.1173
2025-03-19 12:52:35,080 [0.         0.50230323 0.13919432 0.02310563 0.07739659 0.00734714
 0.02022398]
2025-03-19 12:52:46,565 Epoch: [5/20] Iter:[0/192], Time: 11.23, lr: [0.007718895067235705], Loss: 3.624312, Acc:0.516132, Semantic loss: 1.452526, BCE loss: 1.319761, SB loss: 0.852025
2025-03-19 12:52:51,870 Epoch: [5/20] Iter:[10/192], Time: 1.50, lr: [0.007694769327040611], Loss: 4.161983, Acc:0.478661, Semantic loss: 1.665522, BCE loss: 1.538771, SB loss: 0.957690
2025-03-19 12:52:57,372 Epoch: [5/20] Iter:[20/192], Time: 1.05, lr: [0.00767063517918174], Loss: 4.121587, Acc:0.481096, Semantic loss: 1.693326, BCE loss: 1.455885, SB loss: 0.972375
2025-03-19 12:53:02,952 Epoch: [5/20] Iter:[30/192], Time: 0.89, lr: [0.007646492591316132], Loss: 4.025467, Acc:0.494516, Semantic loss: 1.633373, BCE loss: 1.443873, SB loss: 0.948221
2025-03-19 12:53:08,536 Epoch: [5/20] Iter:[40/192], Time: 0.81, lr: [0.007622341530862476], Loss: 4.044609, Acc:0.493411, Semantic loss: 1.644231, BCE loss: 1.455003, SB loss: 0.945375
2025-03-19 12:53:14,164 Epoch: [5/20] Iter:[50/192], Time: 0.76, lr: [0.0075981819649984985], Loss: 4.097082, Acc:0.496899, Semantic loss: 1.643181, BCE loss: 1.498412, SB loss: 0.955489
2025-03-19 12:53:19,773 Epoch: [5/20] Iter:[60/192], Time: 0.73, lr: [0.007574013860658317], Loss: 4.055016, Acc:0.500597, Semantic loss: 1.620939, BCE loss: 1.481727, SB loss: 0.952350
2025-03-19 12:53:25,378 Epoch: [5/20] Iter:[70/192], Time: 0.70, lr: [0.007549837184529776], Loss: 4.080079, Acc:0.499530, Semantic loss: 1.617443, BCE loss: 1.498418, SB loss: 0.964218
2025-03-19 12:53:30,889 Epoch: [5/20] Iter:[80/192], Time: 0.69, lr: [0.0075256519030517215], Loss: 4.095013, Acc:0.496939, Semantic loss: 1.628241, BCE loss: 1.499353, SB loss: 0.967420
2025-03-19 12:53:36,470 Epoch: [5/20] Iter:[90/192], Time: 0.67, lr: [0.007501457982411236], Loss: 4.076550, Acc:0.499697, Semantic loss: 1.629742, BCE loss: 1.488477, SB loss: 0.958331
2025-03-19 12:53:41,990 Epoch: [5/20] Iter:[100/192], Time: 0.66, lr: [0.0074772553885408604], Loss: 4.072351, Acc:0.502805, Semantic loss: 1.625645, BCE loss: 1.490591, SB loss: 0.956115
2025-03-19 12:53:47,576 Epoch: [5/20] Iter:[110/192], Time: 0.65, lr: [0.007453044087115737], Loss: 4.091180, Acc:0.502689, Semantic loss: 1.632488, BCE loss: 1.493749, SB loss: 0.964942
2025-03-19 12:53:53,166 Epoch: [5/20] Iter:[120/192], Time: 0.64, lr: [0.007428824043550734], Loss: 4.084567, Acc:0.502115, Semantic loss: 1.628694, BCE loss: 1.494560, SB loss: 0.961312
2025-03-19 12:53:58,720 Epoch: [5/20] Iter:[130/192], Time: 0.64, lr: [0.007404595222997526], Loss: 4.090756, Acc:0.500340, Semantic loss: 1.632153, BCE loss: 1.495688, SB loss: 0.962916
2025-03-19 12:54:04,314 Epoch: [5/20] Iter:[140/192], Time: 0.63, lr: [0.007380357590341623], Loss: 4.089322, Acc:0.504016, Semantic loss: 1.626148, BCE loss: 1.505214, SB loss: 0.957959
2025-03-19 12:54:09,864 Epoch: [5/20] Iter:[150/192], Time: 0.63, lr: [0.007356111110199354], Loss: 4.090897, Acc:0.503684, Semantic loss: 1.626479, BCE loss: 1.507250, SB loss: 0.957168
2025-03-19 12:54:15,452 Epoch: [5/20] Iter:[160/192], Time: 0.62, lr: [0.00733185574691482], Loss: 4.089741, Acc:0.504560, Semantic loss: 1.620706, BCE loss: 1.515156, SB loss: 0.953879
2025-03-19 12:54:21,049 Epoch: [5/20] Iter:[170/192], Time: 0.62, lr: [0.007307591464556783], Loss: 4.086446, Acc:0.506061, Semantic loss: 1.618993, BCE loss: 1.516058, SB loss: 0.951394
2025-03-19 12:54:26,622 Epoch: [5/20] Iter:[180/192], Time: 0.61, lr: [0.007283318226915514], Loss: 4.101965, Acc:0.505006, Semantic loss: 1.623167, BCE loss: 1.526530, SB loss: 0.952267
2025-03-19 12:54:31,944 Epoch: [5/20] Iter:[190/192], Time: 0.61, lr: [0.007259035997499604], Loss: 4.100545, Acc:0.506704, Semantic loss: 1.618711, BCE loss: 1.526405, SB loss: 0.955429
2025-03-19 12:56:49,895 0 [0.         0.52294264 0.19685253 0.01906622 0.07370567 0.02956729
 0.09643048] 0.1340806890671425
2025-03-19 12:56:49,896 1 [0.         0.43211297 0.2043429  0.05631479 0.11143023 0.03754815
 0.1116183 ] 0.13619533394811326
2025-03-19 12:56:49,904 => saving checkpoint to output\loveda\pidnet_small_loveda\aug_rbcheckpoint.pth.tar
2025-03-19 12:56:50,047 Loss: 4.298, MeanIU:  0.1362, Best_mIoU:  0.1362
2025-03-19 12:56:50,047 [0.         0.43211297 0.2043429  0.05631479 0.11143023 0.03754815
 0.1116183 ]
2025-03-19 12:57:01,700 Epoch: [6/20] Iter:[0/192], Time: 11.40, lr: [0.007254178469372199], Loss: 4.202669, Acc:0.523158, Semantic loss: 1.607778, BCE loss: 1.677591, SB loss: 0.917300
2025-03-19 12:57:06,857 Epoch: [6/20] Iter:[10/192], Time: 1.50, lr: [0.007229885401256642], Loss: 4.003359, Acc:0.526832, Semantic loss: 1.563768, BCE loss: 1.428164, SB loss: 1.011427
2025-03-19 12:57:11,887 Epoch: [6/20] Iter:[20/192], Time: 1.03, lr: [0.0072055832600777334], Loss: 4.060148, Acc:0.507316, Semantic loss: 1.604131, BCE loss: 1.442655, SB loss: 1.013362
2025-03-19 12:57:17,002 Epoch: [6/20] Iter:[30/192], Time: 0.86, lr: [0.007181272008420604], Loss: 4.045999, Acc:0.510529, Semantic loss: 1.606864, BCE loss: 1.450085, SB loss: 0.989051
2025-03-19 12:57:22,450 Epoch: [6/20] Iter:[40/192], Time: 0.78, lr: [0.007156951608574727], Loss: 4.031964, Acc:0.507730, Semantic loss: 1.599421, BCE loss: 1.461762, SB loss: 0.970781
2025-03-19 12:57:27,610 Epoch: [6/20] Iter:[50/192], Time: 0.73, lr: [0.007132622022530447], Loss: 4.036957, Acc:0.505498, Semantic loss: 1.613093, BCE loss: 1.440584, SB loss: 0.983280
2025-03-19 12:57:32,809 Epoch: [6/20] Iter:[60/192], Time: 0.70, lr: [0.007108283211975477], Loss: 4.077449, Acc:0.508688, Semantic loss: 1.611570, BCE loss: 1.491375, SB loss: 0.974503
2025-03-19 12:57:38,038 Epoch: [6/20] Iter:[70/192], Time: 0.67, lr: [0.007083935138291319], Loss: 4.061073, Acc:0.508636, Semantic loss: 1.606393, BCE loss: 1.482259, SB loss: 0.972422
2025-03-19 12:57:43,254 Epoch: [6/20] Iter:[80/192], Time: 0.65, lr: [0.007059577762549636], Loss: 4.058347, Acc:0.512234, Semantic loss: 1.596643, BCE loss: 1.494251, SB loss: 0.967453
2025-03-19 12:57:48,350 Epoch: [6/20] Iter:[90/192], Time: 0.64, lr: [0.007035211045508576], Loss: 4.056078, Acc:0.514166, Semantic loss: 1.593524, BCE loss: 1.504598, SB loss: 0.957956
2025-03-19 12:57:53,414 Epoch: [6/20] Iter:[100/192], Time: 0.62, lr: [0.0070108349476090265], Loss: 4.066814, Acc:0.514663, Semantic loss: 1.592339, BCE loss: 1.520120, SB loss: 0.954355
2025-03-19 12:57:58,476 Epoch: [6/20] Iter:[110/192], Time: 0.61, lr: [0.00698644942897081], Loss: 4.070660, Acc:0.511098, Semantic loss: 1.596899, BCE loss: 1.518479, SB loss: 0.955282
2025-03-19 12:58:03,531 Epoch: [6/20] Iter:[120/192], Time: 0.61, lr: [0.006962054449388827], Loss: 4.078634, Acc:0.511611, Semantic loss: 1.598385, BCE loss: 1.521902, SB loss: 0.958347
2025-03-19 12:58:08,652 Epoch: [6/20] Iter:[130/192], Time: 0.60, lr: [0.006937649968329135], Loss: 4.086814, Acc:0.509120, Semantic loss: 1.600403, BCE loss: 1.529604, SB loss: 0.956807
2025-03-19 12:58:13,923 Epoch: [6/20] Iter:[140/192], Time: 0.59, lr: [0.006913235944924954], Loss: 4.100604, Acc:0.511452, Semantic loss: 1.596447, BCE loss: 1.541256, SB loss: 0.962901
2025-03-19 12:58:19,475 Epoch: [6/20] Iter:[150/192], Time: 0.59, lr: [0.006888812337972621], Loss: 4.091325, Acc:0.511866, Semantic loss: 1.599608, BCE loss: 1.534383, SB loss: 0.957334
2025-03-19 12:58:25,035 Epoch: [6/20] Iter:[160/192], Time: 0.59, lr: [0.00686437910592748], Loss: 4.078473, Acc:0.512848, Semantic loss: 1.595783, BCE loss: 1.529683, SB loss: 0.953007
2025-03-19 12:58:30,561 Epoch: [6/20] Iter:[170/192], Time: 0.59, lr: [0.00683993620689969], Loss: 4.072103, Acc:0.513205, Semantic loss: 1.594886, BCE loss: 1.528139, SB loss: 0.949078
2025-03-19 12:58:36,118 Epoch: [6/20] Iter:[180/192], Time: 0.58, lr: [0.0068154835986499775], Loss: 4.072708, Acc:0.515313, Semantic loss: 1.591848, BCE loss: 1.527808, SB loss: 0.953052
2025-03-19 12:58:41,312 Epoch: [6/20] Iter:[190/192], Time: 0.58, lr: [0.006791021238585323], Loss: 4.071508, Acc:0.516188, Semantic loss: 1.598505, BCE loss: 1.522812, SB loss: 0.950191
2025-03-19 13:00:45,602 0 [0.         0.54114432 0.18410029 0.07316445 0.17777355 0.00371757
 0.09765721] 0.1539367703417655
2025-03-19 13:00:45,603 1 [0.         0.50582204 0.12366224 0.21386605 0.15234254 0.00765073
 0.15316529] 0.1652155552575012
2025-03-19 13:00:45,610 => saving checkpoint to output\loveda\pidnet_small_loveda\aug_rbcheckpoint.pth.tar
2025-03-19 13:00:45,755 Loss: 3.933, MeanIU:  0.1652, Best_mIoU:  0.1652
2025-03-19 13:00:45,756 [0.         0.50582204 0.12366224 0.21386605 0.15234254 0.00765073
 0.15316529]
2025-03-19 13:00:57,414 Epoch: [7/20] Iter:[0/192], Time: 11.40, lr: [0.006786127592581251], Loss: 4.231663, Acc:0.529666, Semantic loss: 1.333804, BCE loss: 2.087159, SB loss: 0.810699
2025-03-19 13:01:02,492 Epoch: [7/20] Iter:[10/192], Time: 1.50, lr: [0.006761653473611295], Loss: 3.955437, Acc:0.524571, Semantic loss: 1.548257, BCE loss: 1.549793, SB loss: 0.857387
2025-03-19 13:01:07,534 Epoch: [7/20] Iter:[20/192], Time: 1.02, lr: [0.006737169507854796], Loss: 4.011197, Acc:0.528681, Semantic loss: 1.570113, BCE loss: 1.600999, SB loss: 0.840085
2025-03-19 13:01:12,563 Epoch: [7/20] Iter:[30/192], Time: 0.86, lr: [0.006712675651556858], Loss: 4.044475, Acc:0.526464, Semantic loss: 1.592210, BCE loss: 1.597652, SB loss: 0.854613
2025-03-19 13:01:17,556 Epoch: [7/20] Iter:[40/192], Time: 0.77, lr: [0.006688171860589905], Loss: 4.000483, Acc:0.522386, Semantic loss: 1.596193, BCE loss: 1.549980, SB loss: 0.854310
2025-03-19 13:01:22,641 Epoch: [7/20] Iter:[50/192], Time: 0.72, lr: [0.0066636580904489585], Loss: 4.020365, Acc:0.518419, Semantic loss: 1.596642, BCE loss: 1.550519, SB loss: 0.873204
2025-03-19 13:01:27,735 Epoch: [7/20] Iter:[60/192], Time: 0.68, lr: [0.006639134296246874], Loss: 4.015916, Acc:0.519506, Semantic loss: 1.592442, BCE loss: 1.552172, SB loss: 0.871301
2025-03-19 13:01:32,814 Epoch: [7/20] Iter:[70/192], Time: 0.66, lr: [0.0066146004327094585], Loss: 4.036417, Acc:0.514331, Semantic loss: 1.609371, BCE loss: 1.546941, SB loss: 0.880104
2025-03-19 13:01:37,857 Epoch: [7/20] Iter:[80/192], Time: 0.64, lr: [0.006590056454170537], Loss: 4.035957, Acc:0.517342, Semantic loss: 1.600542, BCE loss: 1.556604, SB loss: 0.878811
2025-03-19 13:01:42,931 Epoch: [7/20] Iter:[90/192], Time: 0.63, lr: [0.006565502314566912], Loss: 4.034486, Acc:0.515749, Semantic loss: 1.604076, BCE loss: 1.543987, SB loss: 0.886423
2025-03-19 13:01:47,933 Epoch: [7/20] Iter:[100/192], Time: 0.61, lr: [0.006540937967433255], Loss: 4.025458, Acc:0.514876, Semantic loss: 1.597118, BCE loss: 1.540911, SB loss: 0.887428
2025-03-19 13:01:52,966 Epoch: [7/20] Iter:[110/192], Time: 0.60, lr: [0.006516363365896894], Loss: 4.008770, Acc:0.518064, Semantic loss: 1.589264, BCE loss: 1.534039, SB loss: 0.885467
2025-03-19 13:01:58,034 Epoch: [7/20] Iter:[120/192], Time: 0.60, lr: [0.006491778462672531], Loss: 4.010351, Acc:0.519115, Semantic loss: 1.582790, BCE loss: 1.542284, SB loss: 0.885276
2025-03-19 13:02:03,070 Epoch: [7/20] Iter:[130/192], Time: 0.59, lr: [0.006467183210056843], Loss: 4.011387, Acc:0.520458, Semantic loss: 1.576430, BCE loss: 1.547623, SB loss: 0.887334
2025-03-19 13:02:08,126 Epoch: [7/20] Iter:[140/192], Time: 0.58, lr: [0.006442577559923017], Loss: 4.004487, Acc:0.521863, Semantic loss: 1.566961, BCE loss: 1.547195, SB loss: 0.890331
2025-03-19 13:02:13,227 Epoch: [7/20] Iter:[150/192], Time: 0.58, lr: [0.006417961463715172], Loss: 3.992238, Acc:0.522487, Semantic loss: 1.563117, BCE loss: 1.536470, SB loss: 0.892651
2025-03-19 13:02:18,277 Epoch: [7/20] Iter:[160/192], Time: 0.57, lr: [0.006393334872442681], Loss: 4.000236, Acc:0.522322, Semantic loss: 1.566348, BCE loss: 1.535338, SB loss: 0.898550
2025-03-19 13:02:23,369 Epoch: [7/20] Iter:[170/192], Time: 0.57, lr: [0.006368697736674411], Loss: 3.999190, Acc:0.523692, Semantic loss: 1.567687, BCE loss: 1.531874, SB loss: 0.899629
2025-03-19 13:02:28,430 Epoch: [7/20] Iter:[180/192], Time: 0.57, lr: [0.006344050006532848], Loss: 3.998046, Acc:0.524533, Semantic loss: 1.563990, BCE loss: 1.534372, SB loss: 0.899684
2025-03-19 13:02:33,404 Epoch: [7/20] Iter:[190/192], Time: 0.56, lr: [0.006319391631688114], Loss: 3.997157, Acc:0.525606, Semantic loss: 1.562249, BCE loss: 1.534231, SB loss: 0.900678
2025-03-19 13:04:50,262 0 [0.         0.38237274 0.1047432  0.03712118 0.07880911 0.03691587
 0.01994945] 0.09427307746584983
2025-03-19 13:04:50,263 1 [0.         0.35745742 0.09235978 0.09335116 0.11238344 0.05073946
 0.01032038] 0.10237308852735484
2025-03-19 13:04:50,271 => saving checkpoint to output\loveda\pidnet_small_loveda\aug_rbcheckpoint.pth.tar
2025-03-19 13:04:50,366 Loss: 4.819, MeanIU:  0.1024, Best_mIoU:  0.1652
2025-03-19 13:04:50,366 [0.         0.35745742 0.09235978 0.09335116 0.11238344 0.05073946
 0.01032038]
2025-03-19 13:05:01,927 Epoch: [8/20] Iter:[0/192], Time: 11.30, lr: [0.006314458674893553], Loss: 4.038863, Acc:0.610020, Semantic loss: 1.377199, BCE loss: 1.754655, SB loss: 0.907010
2025-03-19 13:05:07,075 Epoch: [8/20] Iter:[10/192], Time: 1.50, lr: [0.006289787459323657], Loss: 3.908908, Acc:0.553255, Semantic loss: 1.485033, BCE loss: 1.532848, SB loss: 0.891027
2025-03-19 13:05:12,157 Epoch: [8/20] Iter:[20/192], Time: 1.03, lr: [0.006265105486702424], Loss: 3.954922, Acc:0.543617, Semantic loss: 1.518125, BCE loss: 1.506240, SB loss: 0.930558
2025-03-19 13:05:17,160 Epoch: [8/20] Iter:[30/192], Time: 0.86, lr: [0.006240412705211017], Loss: 3.953945, Acc:0.531776, Semantic loss: 1.530254, BCE loss: 1.483481, SB loss: 0.940209
2025-03-19 13:05:22,186 Epoch: [8/20] Iter:[40/192], Time: 0.77, lr: [0.006215709062551949], Loss: 3.950329, Acc:0.530988, Semantic loss: 1.523705, BCE loss: 1.495191, SB loss: 0.931432
2025-03-19 13:05:27,253 Epoch: [8/20] Iter:[50/192], Time: 0.72, lr: [0.006190994505942529], Loss: 3.908776, Acc:0.533684, Semantic loss: 1.520940, BCE loss: 1.462572, SB loss: 0.925264
2025-03-19 13:05:32,278 Epoch: [8/20] Iter:[60/192], Time: 0.68, lr: [0.006166268982108192], Loss: 3.885079, Acc:0.532829, Semantic loss: 1.518152, BCE loss: 1.448245, SB loss: 0.918682
2025-03-19 13:05:37,272 Epoch: [8/20] Iter:[70/192], Time: 0.66, lr: [0.006141532437275693], Loss: 3.895319, Acc:0.526526, Semantic loss: 1.531121, BCE loss: 1.443929, SB loss: 0.920269
2025-03-19 13:05:42,269 Epoch: [8/20] Iter:[80/192], Time: 0.64, lr: [0.006116784817166194], Loss: 3.887821, Acc:0.527062, Semantic loss: 1.523887, BCE loss: 1.447525, SB loss: 0.916409
2025-03-19 13:05:47,362 Epoch: [8/20] Iter:[90/192], Time: 0.62, lr: [0.006092026066988214], Loss: 3.906796, Acc:0.529047, Semantic loss: 1.528462, BCE loss: 1.470241, SB loss: 0.908094
2025-03-19 13:05:52,362 Epoch: [8/20] Iter:[100/192], Time: 0.61, lr: [0.006067256131430442], Loss: 3.913150, Acc:0.529088, Semantic loss: 1.522657, BCE loss: 1.480957, SB loss: 0.909536
2025-03-19 13:05:57,382 Epoch: [8/20] Iter:[110/192], Time: 0.60, lr: [0.00604247495465443], Loss: 3.913710, Acc:0.530150, Semantic loss: 1.516631, BCE loss: 1.488598, SB loss: 0.908482
2025-03-19 13:06:02,449 Epoch: [8/20] Iter:[120/192], Time: 0.59, lr: [0.006017682480287143], Loss: 3.911277, Acc:0.531661, Semantic loss: 1.515690, BCE loss: 1.487684, SB loss: 0.907903
2025-03-19 13:06:07,485 Epoch: [8/20] Iter:[130/192], Time: 0.59, lr: [0.00599287865141337], Loss: 3.913429, Acc:0.532198, Semantic loss: 1.518256, BCE loss: 1.488524, SB loss: 0.906649
2025-03-19 13:06:12,547 Epoch: [8/20] Iter:[140/192], Time: 0.58, lr: [0.005968063410567983], Loss: 3.921050, Acc:0.530865, Semantic loss: 1.521154, BCE loss: 1.490031, SB loss: 0.909865
2025-03-19 13:06:17,605 Epoch: [8/20] Iter:[150/192], Time: 0.58, lr: [0.00594323669972807], Loss: 3.923798, Acc:0.533296, Semantic loss: 1.517346, BCE loss: 1.499156, SB loss: 0.907297
2025-03-19 13:06:22,670 Epoch: [8/20] Iter:[160/192], Time: 0.57, lr: [0.005918398460304892], Loss: 3.921889, Acc:0.534406, Semantic loss: 1.516102, BCE loss: 1.501453, SB loss: 0.904335
2025-03-19 13:06:27,760 Epoch: [8/20] Iter:[170/192], Time: 0.57, lr: [0.0058935486331357125], Loss: 3.933304, Acc:0.532967, Semantic loss: 1.520125, BCE loss: 1.507305, SB loss: 0.905873
2025-03-19 13:06:32,831 Epoch: [8/20] Iter:[180/192], Time: 0.56, lr: [0.005868687158475447], Loss: 3.935508, Acc:0.533508, Semantic loss: 1.520075, BCE loss: 1.509287, SB loss: 0.906147
2025-03-19 13:06:37,803 Epoch: [8/20] Iter:[190/192], Time: 0.56, lr: [0.005843813975988169], Loss: 3.933554, Acc:0.533482, Semantic loss: 1.517220, BCE loss: 1.513227, SB loss: 0.903108
2025-03-19 13:08:53,133 0 [0.         0.56297366 0.24257357 0.0883791  0.06551842 0.00410861
 0.0574688 ] 0.14586030970308636
2025-03-19 13:08:53,133 1 [0.         0.50428929 0.26677036 0.24800777 0.23932977 0.00150533
 0.09976759] 0.1942385867559668
2025-03-19 13:08:53,141 => saving checkpoint to output\loveda\pidnet_small_loveda\aug_rbcheckpoint.pth.tar
2025-03-19 13:08:53,286 Loss: 3.849, MeanIU:  0.1942, Best_mIoU:  0.1942
2025-03-19 13:08:53,287 [0.         0.50428929 0.26677036 0.24800777 0.23932977 0.00150533
 0.09976759]
2025-03-19 13:09:04,838 Epoch: [9/20] Iter:[0/192], Time: 11.30, lr: [0.0058388379291998025], Loss: 3.737639, Acc:0.591549, Semantic loss: 1.297429, BCE loss: 1.612454, SB loss: 0.827757
2025-03-19 13:09:09,944 Epoch: [9/20] Iter:[10/192], Time: 1.49, lr: [0.0058139506168319475], Loss: 3.754955, Acc:0.536983, Semantic loss: 1.463554, BCE loss: 1.437213, SB loss: 0.854188
2025-03-19 13:09:14,979 Epoch: [9/20] Iter:[20/192], Time: 1.02, lr: [0.005789051461775303], Loss: 3.777828, Acc:0.537568, Semantic loss: 1.474278, BCE loss: 1.444833, SB loss: 0.858717
2025-03-19 13:09:20,029 Epoch: [9/20] Iter:[30/192], Time: 0.85, lr: [0.005764140401744157], Loss: 3.814519, Acc:0.538171, Semantic loss: 1.478321, BCE loss: 1.452896, SB loss: 0.883303
2025-03-19 13:09:25,091 Epoch: [9/20] Iter:[40/192], Time: 0.77, lr: [0.005739217373824397], Loss: 3.844934, Acc:0.534748, Semantic loss: 1.496645, BCE loss: 1.467982, SB loss: 0.880307
2025-03-19 13:09:30,103 Epoch: [9/20] Iter:[50/192], Time: 0.72, lr: [0.005714282314464109], Loss: 3.873233, Acc:0.537941, Semantic loss: 1.486325, BCE loss: 1.510089, SB loss: 0.876820
2025-03-19 13:09:35,143 Epoch: [9/20] Iter:[60/192], Time: 0.68, lr: [0.005689335159463984], Loss: 3.873259, Acc:0.539928, Semantic loss: 1.491508, BCE loss: 1.498907, SB loss: 0.882843
2025-03-19 13:09:40,187 Epoch: [9/20] Iter:[70/192], Time: 0.66, lr: [0.0056643758439675305], Loss: 3.875922, Acc:0.538025, Semantic loss: 1.488903, BCE loss: 1.500868, SB loss: 0.886151
2025-03-19 13:09:45,293 Epoch: [9/20] Iter:[80/192], Time: 0.64, lr: [0.005639404302451105], Loss: 3.856778, Acc:0.541642, Semantic loss: 1.483100, BCE loss: 1.489724, SB loss: 0.883954
2025-03-19 13:09:50,325 Epoch: [9/20] Iter:[90/192], Time: 0.62, lr: [0.005614420468713722], Loss: 3.872073, Acc:0.538384, Semantic loss: 1.495103, BCE loss: 1.489322, SB loss: 0.887647
2025-03-19 13:09:55,395 Epoch: [9/20] Iter:[100/192], Time: 0.61, lr: [0.005589424275866668], Loss: 3.880242, Acc:0.538058, Semantic loss: 1.500680, BCE loss: 1.489202, SB loss: 0.890361
2025-03-19 13:10:00,482 Epoch: [9/20] Iter:[110/192], Time: 0.60, lr: [0.005564415656322913], Loss: 3.884898, Acc:0.538882, Semantic loss: 1.497836, BCE loss: 1.498304, SB loss: 0.888758
2025-03-19 13:10:05,524 Epoch: [9/20] Iter:[120/192], Time: 0.59, lr: [0.00553939454178628], Loss: 3.889119, Acc:0.541038, Semantic loss: 1.490207, BCE loss: 1.508778, SB loss: 0.890134
2025-03-19 13:10:10,573 Epoch: [9/20] Iter:[130/192], Time: 0.59, lr: [0.005514360863240413], Loss: 3.879758, Acc:0.542221, Semantic loss: 1.485711, BCE loss: 1.503319, SB loss: 0.890729
2025-03-19 13:10:15,656 Epoch: [9/20] Iter:[140/192], Time: 0.58, lr: [0.005489314550937511], Loss: 3.871014, Acc:0.544649, Semantic loss: 1.478299, BCE loss: 1.503731, SB loss: 0.888984
2025-03-19 13:10:20,679 Epoch: [9/20] Iter:[150/192], Time: 0.58, lr: [0.005464255534386825], Loss: 3.863286, Acc:0.546957, Semantic loss: 1.470830, BCE loss: 1.502919, SB loss: 0.889537
2025-03-19 13:10:25,724 Epoch: [9/20] Iter:[160/192], Time: 0.57, lr: [0.005439183742342914], Loss: 3.880351, Acc:0.546493, Semantic loss: 1.479049, BCE loss: 1.511332, SB loss: 0.889970
2025-03-19 13:10:30,756 Epoch: [9/20] Iter:[170/192], Time: 0.57, lr: [0.00541409910279366], Loss: 3.881277, Acc:0.546075, Semantic loss: 1.478396, BCE loss: 1.514322, SB loss: 0.888559
2025-03-19 13:10:35,841 Epoch: [9/20] Iter:[180/192], Time: 0.57, lr: [0.005389001542948025], Loss: 3.892356, Acc:0.544870, Semantic loss: 1.484396, BCE loss: 1.515481, SB loss: 0.892479
2025-03-19 13:10:40,820 Epoch: [9/20] Iter:[190/192], Time: 0.56, lr: [0.005363890989223547], Loss: 3.881416, Acc:0.544023, Semantic loss: 1.483587, BCE loss: 1.504939, SB loss: 0.892890
2025-03-19 13:12:38,118 0 [0.         0.53082713 0.18591452 0.10080741 0.13334665 0.10311595
 0.03498851] 0.15557145100639644
2025-03-19 13:12:38,118 1 [0.         0.51195868 0.15503773 0.2454039  0.22436402 0.22171716
 0.03905076] 0.19964746414273482
2025-03-19 13:12:38,126 => saving checkpoint to output\loveda\pidnet_small_loveda\aug_rbcheckpoint.pth.tar
2025-03-19 13:12:38,269 Loss: 4.101, MeanIU:  0.1996, Best_mIoU:  0.1996
2025-03-19 13:12:38,269 [0.         0.51195868 0.15503773 0.2454039  0.22436402 0.22171716
 0.03905076]
2025-03-19 13:12:49,776 Epoch: [10/20] Iter:[0/192], Time: 11.25, lr: [0.005358867312681466], Loss: 3.658820, Acc:0.649361, Semantic loss: 1.304672, BCE loss: 1.586014, SB loss: 0.768134
2025-03-19 13:12:54,893 Epoch: [10/20] Iter:[10/192], Time: 1.49, lr: [0.005333741068040314], Loss: 3.931901, Acc:0.562926, Semantic loss: 1.453420, BCE loss: 1.611735, SB loss: 0.866746
2025-03-19 13:12:59,987 Epoch: [10/20] Iter:[20/192], Time: 1.02, lr: [0.0053086016647897714], Loss: 3.989059, Acc:0.563224, Semantic loss: 1.495673, BCE loss: 1.589702, SB loss: 0.903684
2025-03-19 13:13:05,018 Epoch: [10/20] Iter:[30/192], Time: 0.85, lr: [0.005283449026727663], Loss: 4.031794, Acc:0.551892, Semantic loss: 1.536079, BCE loss: 1.608321, SB loss: 0.887395
2025-03-19 13:13:10,089 Epoch: [10/20] Iter:[40/192], Time: 0.77, lr: [0.005258283076804885], Loss: 4.037583, Acc:0.553912, Semantic loss: 1.541701, BCE loss: 1.616239, SB loss: 0.879644
2025-03-19 13:13:15,181 Epoch: [10/20] Iter:[50/192], Time: 0.72, lr: [0.00523310373711144], Loss: 3.986154, Acc:0.553186, Semantic loss: 1.517802, BCE loss: 1.597579, SB loss: 0.870773
2025-03-19 13:13:20,208 Epoch: [10/20] Iter:[60/192], Time: 0.68, lr: [0.005207910928862159], Loss: 3.953661, Acc:0.553154, Semantic loss: 1.510530, BCE loss: 1.584568, SB loss: 0.858562
2025-03-19 13:13:25,210 Epoch: [10/20] Iter:[70/192], Time: 0.66, lr: [0.005182704572382109], Loss: 3.917362, Acc:0.552121, Semantic loss: 1.504126, BCE loss: 1.558039, SB loss: 0.855197
2025-03-19 13:13:30,283 Epoch: [10/20] Iter:[80/192], Time: 0.64, lr: [0.005157484587091684], Loss: 3.920965, Acc:0.553768, Semantic loss: 1.501298, BCE loss: 1.561557, SB loss: 0.858110
2025-03-19 13:13:35,322 Epoch: [10/20] Iter:[90/192], Time: 0.62, lr: [0.005132250891491357], Loss: 3.906699, Acc:0.552103, Semantic loss: 1.495937, BCE loss: 1.552054, SB loss: 0.858708
2025-03-19 13:13:40,391 Epoch: [10/20] Iter:[100/192], Time: 0.61, lr: [0.005107003403146087], Loss: 3.877710, Acc:0.551412, Semantic loss: 1.489197, BCE loss: 1.532437, SB loss: 0.856075
2025-03-19 13:13:45,446 Epoch: [10/20] Iter:[110/192], Time: 0.60, lr: [0.005081742038669388], Loss: 3.885448, Acc:0.550546, Semantic loss: 1.494953, BCE loss: 1.533101, SB loss: 0.857393
2025-03-19 13:13:50,503 Epoch: [10/20] Iter:[120/192], Time: 0.59, lr: [0.005056466713707024], Loss: 3.875846, Acc:0.549534, Semantic loss: 1.496497, BCE loss: 1.520198, SB loss: 0.859151
2025-03-19 13:13:55,585 Epoch: [10/20] Iter:[130/192], Time: 0.59, lr: [0.005031177342920337], Loss: 3.876331, Acc:0.547018, Semantic loss: 1.501554, BCE loss: 1.515215, SB loss: 0.859562
2025-03-19 13:14:00,591 Epoch: [10/20] Iter:[140/192], Time: 0.58, lr: [0.005005873839969192], Loss: 3.872226, Acc:0.545537, Semantic loss: 1.502232, BCE loss: 1.504402, SB loss: 0.865592
2025-03-19 13:14:05,643 Epoch: [10/20] Iter:[150/192], Time: 0.58, lr: [0.00498055611749454], Loss: 3.872059, Acc:0.546475, Semantic loss: 1.501652, BCE loss: 1.504404, SB loss: 0.866003
2025-03-19 13:14:10,716 Epoch: [10/20] Iter:[160/192], Time: 0.57, lr: [0.004955224087100552], Loss: 3.865518, Acc:0.547359, Semantic loss: 1.496331, BCE loss: 1.505613, SB loss: 0.863574
2025-03-19 13:14:15,787 Epoch: [10/20] Iter:[170/192], Time: 0.57, lr: [0.004929877659336362], Loss: 3.867178, Acc:0.548084, Semantic loss: 1.493542, BCE loss: 1.507748, SB loss: 0.865888
2025-03-19 13:14:20,827 Epoch: [10/20] Iter:[180/192], Time: 0.57, lr: [0.004904516743677371], Loss: 3.863872, Acc:0.547186, Semantic loss: 1.493462, BCE loss: 1.502889, SB loss: 0.867521
2025-03-19 13:14:25,859 Epoch: [10/20] Iter:[190/192], Time: 0.56, lr: [0.00487914124850611], Loss: 3.861654, Acc:0.547471, Semantic loss: 1.489814, BCE loss: 1.506467, SB loss: 0.865373
2025-03-19 13:16:25,140 0 [0.         0.49955636 0.18789168 0.10528881 0.17215593 0.05335005
 0.096279  ] 0.15921740390896563
2025-03-19 13:16:25,141 1 [0.         0.41020068 0.21478776 0.26478223 0.30692833 0.05218408
 0.1367944 ] 0.19795392348698085
2025-03-19 13:16:25,147 => saving checkpoint to output\loveda\pidnet_small_loveda\aug_rbcheckpoint.pth.tar
2025-03-19 13:16:25,237 Loss: 3.839, MeanIU:  0.1980, Best_mIoU:  0.1996
2025-03-19 13:16:25,237 [0.         0.41020068 0.21478776 0.26478223 0.30692833 0.05218408
 0.1367944 ]
2025-03-19 13:16:36,710 Epoch: [11/20] Iter:[0/192], Time: 11.21, lr: [0.004874064391789954], Loss: 3.823530, Acc:0.659121, Semantic loss: 1.327527, BCE loss: 1.638237, SB loss: 0.857766
2025-03-19 13:16:41,832 Epoch: [11/20] Iter:[10/192], Time: 1.49, lr: [0.004848671278701159], Loss: 3.672263, Acc:0.587902, Semantic loss: 1.326619, BCE loss: 1.548373, SB loss: 0.797272
2025-03-19 13:16:46,847 Epoch: [11/20] Iter:[20/192], Time: 1.02, lr: [0.0048232633805975296], Loss: 3.771586, Acc:0.567860, Semantic loss: 1.379519, BCE loss: 1.556709, SB loss: 0.835358
2025-03-19 13:16:51,874 Epoch: [11/20] Iter:[30/192], Time: 0.85, lr: [0.00479784060223045], Loss: 3.762401, Acc:0.565706, Semantic loss: 1.404217, BCE loss: 1.505845, SB loss: 0.852339
2025-03-19 13:16:56,941 Epoch: [11/20] Iter:[40/192], Time: 0.77, lr: [0.004772402847172951], Loss: 3.717488, Acc:0.572085, Semantic loss: 1.384792, BCE loss: 1.487278, SB loss: 0.845418
2025-03-19 13:17:01,966 Epoch: [11/20] Iter:[50/192], Time: 0.72, lr: [0.004746950017798064], Loss: 3.711766, Acc:0.578982, Semantic loss: 1.369445, BCE loss: 1.496096, SB loss: 0.846225
2025-03-19 13:17:07,020 Epoch: [11/20] Iter:[60/192], Time: 0.68, lr: [0.004721482015256639], Loss: 3.719949, Acc:0.577364, Semantic loss: 1.373812, BCE loss: 1.493501, SB loss: 0.852636
2025-03-19 13:17:12,084 Epoch: [11/20] Iter:[70/192], Time: 0.66, lr: [0.004695998739454633], Loss: 3.735412, Acc:0.579128, Semantic loss: 1.380033, BCE loss: 1.507360, SB loss: 0.848018
2025-03-19 13:17:17,137 Epoch: [11/20] Iter:[80/192], Time: 0.64, lr: [0.004670500089029817], Loss: 3.742062, Acc:0.577743, Semantic loss: 1.381126, BCE loss: 1.508307, SB loss: 0.852629
2025-03-19 13:17:22,195 Epoch: [11/20] Iter:[90/192], Time: 0.62, lr: [0.004644985961327915], Loss: 3.740088, Acc:0.572248, Semantic loss: 1.397415, BCE loss: 1.486673, SB loss: 0.856000
2025-03-19 13:17:27,257 Epoch: [11/20] Iter:[100/192], Time: 0.61, lr: [0.004619456252378151], Loss: 3.755010, Acc:0.570665, Semantic loss: 1.405065, BCE loss: 1.487986, SB loss: 0.861959
2025-03-19 13:17:32,361 Epoch: [11/20] Iter:[110/192], Time: 0.60, lr: [0.004593910856868159], Loss: 3.754962, Acc:0.570348, Semantic loss: 1.407003, BCE loss: 1.484951, SB loss: 0.863007
2025-03-19 13:17:37,448 Epoch: [11/20] Iter:[120/192], Time: 0.59, lr: [0.004568349668118281], Loss: 3.761487, Acc:0.569023, Semantic loss: 1.411022, BCE loss: 1.485095, SB loss: 0.865370
2025-03-19 13:17:42,509 Epoch: [11/20] Iter:[130/192], Time: 0.59, lr: [0.004542772578055196], Loss: 3.770606, Acc:0.566066, Semantic loss: 1.415562, BCE loss: 1.487230, SB loss: 0.867814
2025-03-19 13:17:47,609 Epoch: [11/20] Iter:[140/192], Time: 0.58, lr: [0.00451717947718487], Loss: 3.767975, Acc:0.567496, Semantic loss: 1.410040, BCE loss: 1.495448, SB loss: 0.862486
2025-03-19 13:17:52,615 Epoch: [11/20] Iter:[150/192], Time: 0.58, lr: [0.004491570254564817], Loss: 3.766524, Acc:0.566699, Semantic loss: 1.411182, BCE loss: 1.492379, SB loss: 0.862963
2025-03-19 13:17:57,679 Epoch: [11/20] Iter:[160/192], Time: 0.57, lr: [0.004465944797775636], Loss: 3.773966, Acc:0.565091, Semantic loss: 1.414607, BCE loss: 1.492609, SB loss: 0.866750
2025-03-19 13:18:02,732 Epoch: [11/20] Iter:[170/192], Time: 0.57, lr: [0.004440302992891796], Loss: 3.779486, Acc:0.564510, Semantic loss: 1.416210, BCE loss: 1.495949, SB loss: 0.867327
2025-03-19 13:18:07,779 Epoch: [11/20] Iter:[180/192], Time: 0.57, lr: [0.004414644724451659], Loss: 3.786443, Acc:0.562068, Semantic loss: 1.422248, BCE loss: 1.496287, SB loss: 0.867907
2025-03-19 13:18:12,818 Epoch: [11/20] Iter:[190/192], Time: 0.56, lr: [0.004388969875426714], Loss: 3.783374, Acc:0.562094, Semantic loss: 1.423396, BCE loss: 1.491756, SB loss: 0.868223
2025-03-19 13:20:15,642 0 [0.         0.55094938 0.26232374 0.15774437 0.21001433 0.12676003
 0.09534511] 0.20044813779026402
2025-03-19 13:20:15,642 1 [0.         0.48094916 0.33208099 0.34269462 0.29779129 0.14348206
 0.14725712] 0.2491793214319619
2025-03-19 13:20:15,653 => saving checkpoint to output\loveda\pidnet_small_loveda\aug_rbcheckpoint.pth.tar
2025-03-19 13:20:15,797 Loss: 3.766, MeanIU:  0.2492, Best_mIoU:  0.2492
2025-03-19 13:20:15,798 [0.         0.48094916 0.33208099 0.34269462 0.29779129 0.14348206
 0.14725712]
2025-03-19 13:20:27,420 Epoch: [12/20] Iter:[0/192], Time: 11.36, lr: [0.0043838329055408696], Loss: 3.687832, Acc:0.686928, Semantic loss: 1.181386, BCE loss: 1.693894, SB loss: 0.812552
2025-03-19 13:20:32,552 Epoch: [12/20] Iter:[10/192], Time: 1.50, lr: [0.004358138003083593], Loss: 3.846347, Acc:0.573934, Semantic loss: 1.386595, BCE loss: 1.644103, SB loss: 0.815649
2025-03-19 13:20:37,629 Epoch: [12/20] Iter:[20/192], Time: 1.03, lr: [0.0043324262569064236], Loss: 3.860593, Acc:0.559448, Semantic loss: 1.437312, BCE loss: 1.571738, SB loss: 0.851542
2025-03-19 13:20:42,720 Epoch: [12/20] Iter:[30/192], Time: 0.86, lr: [0.0043066975447503065], Loss: 3.807125, Acc:0.557122, Semantic loss: 1.435809, BCE loss: 1.521581, SB loss: 0.849734
2025-03-19 13:20:47,814 Epoch: [12/20] Iter:[40/192], Time: 0.77, lr: [0.00428095174265078], Loss: 3.783132, Acc:0.566071, Semantic loss: 1.424234, BCE loss: 1.529302, SB loss: 0.829596
2025-03-19 13:20:52,868 Epoch: [12/20] Iter:[50/192], Time: 0.72, lr: [0.004255188724902623], Loss: 3.817150, Acc:0.563055, Semantic loss: 1.436361, BCE loss: 1.538813, SB loss: 0.841975
2025-03-19 13:20:57,883 Epoch: [12/20] Iter:[60/192], Time: 0.69, lr: [0.004229408364023519], Loss: 3.824543, Acc:0.565740, Semantic loss: 1.434578, BCE loss: 1.550412, SB loss: 0.839553
2025-03-19 13:21:02,985 Epoch: [12/20] Iter:[70/192], Time: 0.66, lr: [0.004203610530716726], Loss: 3.804184, Acc:0.563103, Semantic loss: 1.429192, BCE loss: 1.533772, SB loss: 0.841221
2025-03-19 13:21:08,068 Epoch: [12/20] Iter:[80/192], Time: 0.64, lr: [0.004177795093832693], Loss: 3.790525, Acc:0.563588, Semantic loss: 1.427318, BCE loss: 1.530660, SB loss: 0.832548
2025-03-19 13:21:13,117 Epoch: [12/20] Iter:[90/192], Time: 0.63, lr: [0.004151961920329593], Loss: 3.781203, Acc:0.561860, Semantic loss: 1.433598, BCE loss: 1.516456, SB loss: 0.831148
2025-03-19 13:21:18,176 Epoch: [12/20] Iter:[100/192], Time: 0.62, lr: [0.004126110875232744], Loss: 3.788203, Acc:0.563360, Semantic loss: 1.433165, BCE loss: 1.522753, SB loss: 0.832285
2025-03-19 13:21:23,240 Epoch: [12/20] Iter:[110/192], Time: 0.61, lr: [0.004100241821592866], Loss: 3.783619, Acc:0.560579, Semantic loss: 1.433405, BCE loss: 1.513458, SB loss: 0.836756
2025-03-19 13:21:28,295 Epoch: [12/20] Iter:[120/192], Time: 0.60, lr: [0.00407435462044314], Loss: 3.773387, Acc:0.562831, Semantic loss: 1.422965, BCE loss: 1.511836, SB loss: 0.838586
2025-03-19 13:21:33,350 Epoch: [12/20] Iter:[130/192], Time: 0.59, lr: [0.004048449130755016], Loss: 3.766909, Acc:0.562150, Semantic loss: 1.418261, BCE loss: 1.511947, SB loss: 0.836700
2025-03-19 13:21:38,427 Epoch: [12/20] Iter:[140/192], Time: 0.58, lr: [0.004022525209392749], Loss: 3.765103, Acc:0.563403, Semantic loss: 1.414356, BCE loss: 1.515208, SB loss: 0.835539
2025-03-19 13:21:43,431 Epoch: [12/20] Iter:[150/192], Time: 0.58, lr: [0.003996582711066572], Loss: 3.754575, Acc:0.565039, Semantic loss: 1.406796, BCE loss: 1.514059, SB loss: 0.833720
2025-03-19 13:21:48,427 Epoch: [12/20] Iter:[160/192], Time: 0.57, lr: [0.003970621488284514], Loss: 3.749945, Acc:0.564062, Semantic loss: 1.406005, BCE loss: 1.506403, SB loss: 0.837537
2025-03-19 13:21:53,482 Epoch: [12/20] Iter:[170/192], Time: 0.57, lr: [0.003944641391302759], Loss: 3.745552, Acc:0.563885, Semantic loss: 1.407303, BCE loss: 1.500360, SB loss: 0.837890
2025-03-19 13:21:58,534 Epoch: [12/20] Iter:[180/192], Time: 0.57, lr: [0.003918642268074522], Loss: 3.738248, Acc:0.563480, Semantic loss: 1.409394, BCE loss: 1.488187, SB loss: 0.840667
2025-03-19 13:22:03,502 Epoch: [12/20] Iter:[190/192], Time: 0.56, lr: [0.003892623964197378], Loss: 3.742257, Acc:0.562632, Semantic loss: 1.411252, BCE loss: 1.488180, SB loss: 0.842825
2025-03-19 13:24:13,197 0 [0.         0.57348278 0.27534585 0.19611592 0.20349015 0.05909082
 0.06292389] 0.19577848752913116
2025-03-19 13:24:13,197 1 [0.         0.47417744 0.39801297 0.35476754 0.27296868 0.13795492
 0.08426027] 0.24602026149757358
2025-03-19 13:24:13,205 => saving checkpoint to output\loveda\pidnet_small_loveda\aug_rbcheckpoint.pth.tar
2025-03-19 13:24:13,303 Loss: 3.669, MeanIU:  0.2460, Best_mIoU:  0.2492
2025-03-19 13:24:13,303 [0.         0.47417744 0.39801297 0.35476754 0.27296868 0.13795492
 0.08426027]
2025-03-19 13:24:24,728 Epoch: [13/20] Iter:[0/192], Time: 11.17, lr: [0.0038874179879876346], Loss: 3.893856, Acc:0.628079, Semantic loss: 1.280674, BCE loss: 1.833155, SB loss: 0.780028
2025-03-19 13:24:29,815 Epoch: [13/20] Iter:[10/192], Time: 1.48, lr: [0.003861376460123532], Loss: 3.875644, Acc:0.560726, Semantic loss: 1.390013, BCE loss: 1.605668, SB loss: 0.879963
2025-03-19 13:24:34,913 Epoch: [13/20] Iter:[20/192], Time: 1.02, lr: [0.003835315403363414], Loss: 3.818770, Acc:0.567885, Semantic loss: 1.418834, BCE loss: 1.535999, SB loss: 0.863937
2025-03-19 13:24:40,008 Epoch: [13/20] Iter:[30/192], Time: 0.85, lr: [0.00380923465539378], Loss: 3.782199, Acc:0.571005, Semantic loss: 1.410190, BCE loss: 1.507427, SB loss: 0.864582
2025-03-19 13:24:45,088 Epoch: [13/20] Iter:[40/192], Time: 0.77, lr: [0.0037831340513060203], Loss: 3.790387, Acc:0.569937, Semantic loss: 1.409757, BCE loss: 1.520699, SB loss: 0.859931
2025-03-19 13:24:50,156 Epoch: [13/20] Iter:[50/192], Time: 0.72, lr: [0.003757013423534689], Loss: 3.780026, Acc:0.580499, Semantic loss: 1.396312, BCE loss: 1.530987, SB loss: 0.852727
2025-03-19 13:24:55,202 Epoch: [13/20] Iter:[60/192], Time: 0.68, lr: [0.003730872601793835], Loss: 3.770138, Acc:0.577875, Semantic loss: 1.391050, BCE loss: 1.532566, SB loss: 0.846521
2025-03-19 13:25:00,245 Epoch: [13/20] Iter:[70/192], Time: 0.66, lr: [0.0037047114130112895], Loss: 3.748885, Acc:0.579471, Semantic loss: 1.386067, BCE loss: 1.517096, SB loss: 0.845722
2025-03-19 13:25:05,297 Epoch: [13/20] Iter:[80/192], Time: 0.64, lr: [0.0036785296812608405], Loss: 3.771784, Acc:0.571732, Semantic loss: 1.416300, BCE loss: 1.489159, SB loss: 0.866324
2025-03-19 13:25:10,392 Epoch: [13/20] Iter:[90/192], Time: 0.62, lr: [0.003652327227692201], Loss: 3.778424, Acc:0.572139, Semantic loss: 1.413459, BCE loss: 1.499991, SB loss: 0.864974
2025-03-19 13:25:15,400 Epoch: [13/20] Iter:[100/192], Time: 0.61, lr: [0.0036261038704587037], Loss: 3.784694, Acc:0.570681, Semantic loss: 1.409102, BCE loss: 1.511330, SB loss: 0.864262
2025-03-19 13:25:20,470 Epoch: [13/20] Iter:[110/192], Time: 0.60, lr: [0.003599859424642584], Loss: 3.791400, Acc:0.568896, Semantic loss: 1.412729, BCE loss: 1.516705, SB loss: 0.861967
2025-03-19 13:25:25,492 Epoch: [13/20] Iter:[120/192], Time: 0.59, lr: [0.0035735937021778063], Loss: 3.783087, Acc:0.569338, Semantic loss: 1.410774, BCE loss: 1.511586, SB loss: 0.860727
2025-03-19 13:25:30,561 Epoch: [13/20] Iter:[130/192], Time: 0.59, lr: [0.0035473065117702885], Loss: 3.773763, Acc:0.569788, Semantic loss: 1.408200, BCE loss: 1.505216, SB loss: 0.860347
2025-03-19 13:25:35,586 Epoch: [13/20] Iter:[140/192], Time: 0.58, lr: [0.003520997658815433], Loss: 3.758172, Acc:0.570218, Semantic loss: 1.403866, BCE loss: 1.499037, SB loss: 0.855269
2025-03-19 13:25:40,621 Epoch: [13/20] Iter:[150/192], Time: 0.58, lr: [0.003494666945312851], Loss: 3.746595, Acc:0.570519, Semantic loss: 1.402668, BCE loss: 1.491671, SB loss: 0.852256
2025-03-19 13:25:45,686 Epoch: [13/20] Iter:[160/192], Time: 0.57, lr: [0.00346831416977816], Loss: 3.735489, Acc:0.570359, Semantic loss: 1.401803, BCE loss: 1.483836, SB loss: 0.849850
2025-03-19 13:25:50,776 Epoch: [13/20] Iter:[170/192], Time: 0.57, lr: [0.003441939127151716], Loss: 3.729615, Acc:0.571836, Semantic loss: 1.396566, BCE loss: 1.485577, SB loss: 0.847471
2025-03-19 13:25:55,855 Epoch: [13/20] Iter:[180/192], Time: 0.57, lr: [0.0034155416087041646], Loss: 3.721104, Acc:0.572768, Semantic loss: 1.392238, BCE loss: 1.484850, SB loss: 0.844015
2025-03-19 13:26:00,853 Epoch: [13/20] Iter:[190/192], Time: 0.56, lr: [0.0033891214019386652], Loss: 3.717975, Acc:0.572314, Semantic loss: 1.389746, BCE loss: 1.484654, SB loss: 0.843575
2025-03-19 13:28:02,677 0 [0.         0.57442325 0.25408279 0.17669038 0.18434955 0.08398721
 0.06291778] 0.1909215644921402
2025-03-19 13:28:02,677 1 [0.         0.58838632 0.35239039 0.35121307 0.25402247 0.06920088
 0.06559284] 0.24011513862234277
2025-03-19 13:28:02,685 => saving checkpoint to output\loveda\pidnet_small_loveda\aug_rbcheckpoint.pth.tar
2025-03-19 13:28:02,781 Loss: 3.599, MeanIU:  0.2401, Best_mIoU:  0.2492
2025-03-19 13:28:02,781 [0.         0.58838632 0.35239039 0.35121307 0.25402247 0.06920088
 0.06559284]
2025-03-19 13:28:14,462 Epoch: [14/20] Iter:[0/192], Time: 11.43, lr: [0.0033838346190164987], Loss: 3.739745, Acc:0.612179, Semantic loss: 1.271893, BCE loss: 1.722987, SB loss: 0.744866
2025-03-19 13:28:19,588 Epoch: [14/20] Iter:[10/192], Time: 1.51, lr: [0.0033573869003190927], Loss: 3.807994, Acc:0.584012, Semantic loss: 1.385698, BCE loss: 1.593221, SB loss: 0.829075
2025-03-19 13:28:24,673 Epoch: [14/20] Iter:[20/192], Time: 1.03, lr: [0.0033309160120447595], Loss: 3.769669, Acc:0.580212, Semantic loss: 1.383127, BCE loss: 1.525115, SB loss: 0.861428
2025-03-19 13:28:29,700 Epoch: [14/20] Iter:[30/192], Time: 0.86, lr: [0.0033044217289421207], Loss: 3.692031, Acc:0.584909, Semantic loss: 1.370392, BCE loss: 1.477203, SB loss: 0.844436
2025-03-19 13:28:34,729 Epoch: [14/20] Iter:[40/192], Time: 0.77, lr: [0.0032779038215418194], Loss: 3.698509, Acc:0.584555, Semantic loss: 1.370119, BCE loss: 1.486942, SB loss: 0.841448
2025-03-19 13:28:39,756 Epoch: [14/20] Iter:[50/192], Time: 0.72, lr: [0.0032513620560388795], Loss: 3.700041, Acc:0.576178, Semantic loss: 1.363473, BCE loss: 1.501715, SB loss: 0.834852
2025-03-19 13:28:44,811 Epoch: [14/20] Iter:[60/192], Time: 0.68, lr: [0.003224796194170671], Loss: 3.698147, Acc:0.576621, Semantic loss: 1.360964, BCE loss: 1.502412, SB loss: 0.834772
2025-03-19 13:28:49,844 Epoch: [14/20] Iter:[70/192], Time: 0.66, lr: [0.003198205993090303], Loss: 3.687509, Acc:0.571588, Semantic loss: 1.369970, BCE loss: 1.482823, SB loss: 0.834715
2025-03-19 13:28:54,934 Epoch: [14/20] Iter:[80/192], Time: 0.64, lr: [0.0031715912052352204], Loss: 3.683359, Acc:0.575495, Semantic loss: 1.362908, BCE loss: 1.489719, SB loss: 0.830732
2025-03-19 13:29:00,001 Epoch: [14/20] Iter:[90/192], Time: 0.63, lr: [0.0031449515781907557], Loss: 3.677110, Acc:0.578350, Semantic loss: 1.363061, BCE loss: 1.484710, SB loss: 0.829339
2025-03-19 13:29:05,089 Epoch: [14/20] Iter:[100/192], Time: 0.61, lr: [0.003118286854548424], Loss: 3.678339, Acc:0.576933, Semantic loss: 1.369249, BCE loss: 1.480901, SB loss: 0.828189
2025-03-19 13:29:10,110 Epoch: [14/20] Iter:[110/192], Time: 0.60, lr: [0.003091596771758693], Loss: 3.679292, Acc:0.578753, Semantic loss: 1.363371, BCE loss: 1.491282, SB loss: 0.824639
2025-03-19 13:29:15,204 Epoch: [14/20] Iter:[120/192], Time: 0.60, lr: [0.0030648810619779434], Loss: 3.691633, Acc:0.579348, Semantic loss: 1.366908, BCE loss: 1.499890, SB loss: 0.824834
2025-03-19 13:29:20,280 Epoch: [14/20] Iter:[130/192], Time: 0.59, lr: [0.0030381394519093602], Loss: 3.679728, Acc:0.577589, Semantic loss: 1.364511, BCE loss: 1.489978, SB loss: 0.825239
2025-03-19 13:29:25,358 Epoch: [14/20] Iter:[140/192], Time: 0.58, lr: [0.003011371662637431], Loss: 3.676956, Acc:0.578045, Semantic loss: 1.366968, BCE loss: 1.481761, SB loss: 0.828227
2025-03-19 13:29:30,404 Epoch: [14/20] Iter:[150/192], Time: 0.58, lr: [0.0029845774094557345], Loss: 3.676434, Acc:0.578542, Semantic loss: 1.365054, BCE loss: 1.485340, SB loss: 0.826041
2025-03-19 13:29:35,513 Epoch: [14/20] Iter:[160/192], Time: 0.57, lr: [0.002957756401687678], Loss: 3.665077, Acc:0.579680, Semantic loss: 1.361980, BCE loss: 1.479703, SB loss: 0.823394
2025-03-19 13:29:40,587 Epoch: [14/20] Iter:[170/192], Time: 0.57, lr: [0.002930908342499829], Loss: 3.671490, Acc:0.579710, Semantic loss: 1.364168, BCE loss: 1.484289, SB loss: 0.823033
2025-03-19 13:29:45,641 Epoch: [14/20] Iter:[180/192], Time: 0.57, lr: [0.002904032928707437], Loss: 3.675013, Acc:0.577037, Semantic loss: 1.369311, BCE loss: 1.480642, SB loss: 0.825060
2025-03-19 13:29:50,654 Epoch: [14/20] Iter:[190/192], Time: 0.56, lr: [0.0028771298505717554], Loss: 3.682398, Acc:0.575106, Semantic loss: 1.376182, BCE loss: 1.475860, SB loss: 0.830356
2025-03-19 13:31:55,991 0 [0.         0.58731131 0.31739071 0.166252   0.23468773 0.11703248
 0.07910124] 0.21453935244463343
2025-03-19 13:31:55,992 1 [0.         0.47308412 0.40712726 0.33247836 0.32316401 0.1649346
 0.12837814] 0.2613094976288116
2025-03-19 13:31:56,000 => saving checkpoint to output\loveda\pidnet_small_loveda\aug_rbcheckpoint.pth.tar
2025-03-19 13:31:56,142 Loss: 3.614, MeanIU:  0.2613, Best_mIoU:  0.2613
2025-03-19 13:31:56,142 [0.         0.47308412 0.40712726 0.33247836 0.32316401 0.1649346
 0.12837814]
2025-03-19 13:32:07,797 Epoch: [15/20] Iter:[0/192], Time: 11.40, lr: [0.0028717458874925874], Loss: 3.405154, Acc:0.565129, Semantic loss: 1.178988, BCE loss: 1.487952, SB loss: 0.738214
2025-03-19 13:32:12,902 Epoch: [15/20] Iter:[10/192], Time: 1.50, lr: [0.0028448091937488323], Loss: 3.631127, Acc:0.564391, Semantic loss: 1.419682, BCE loss: 1.374351, SB loss: 0.837095
2025-03-19 13:32:17,990 Epoch: [15/20] Iter:[20/192], Time: 1.03, lr: [0.002817844130111582], Loss: 3.701231, Acc:0.568377, Semantic loss: 1.419808, BCE loss: 1.427697, SB loss: 0.853726
2025-03-19 13:32:23,047 Epoch: [15/20] Iter:[30/192], Time: 0.86, lr: [0.0027908503644035994], Loss: 3.737034, Acc:0.572978, Semantic loss: 1.408512, BCE loss: 1.482497, SB loss: 0.846025
2025-03-19 13:32:28,098 Epoch: [15/20] Iter:[40/192], Time: 0.77, lr: [0.0027638275569424097], Loss: 3.723359, Acc:0.571146, Semantic loss: 1.416908, BCE loss: 1.467004, SB loss: 0.839447
2025-03-19 13:32:33,143 Epoch: [15/20] Iter:[50/192], Time: 0.72, lr: [0.002736775360287257], Loss: 3.669953, Acc:0.570400, Semantic loss: 1.404705, BCE loss: 1.433853, SB loss: 0.831395
2025-03-19 13:32:38,238 Epoch: [15/20] Iter:[60/192], Time: 0.69, lr: [0.002709693418974644], Loss: 3.679791, Acc:0.574987, Semantic loss: 1.403428, BCE loss: 1.441891, SB loss: 0.834472
2025-03-19 13:32:43,278 Epoch: [15/20] Iter:[70/192], Time: 0.66, lr: [0.0026825813692418162], Loss: 3.646789, Acc:0.577303, Semantic loss: 1.386416, BCE loss: 1.429725, SB loss: 0.830648
2025-03-19 13:32:48,343 Epoch: [15/20] Iter:[80/192], Time: 0.64, lr: [0.0026554388387375], Loss: 3.661623, Acc:0.576821, Semantic loss: 1.389618, BCE loss: 1.433616, SB loss: 0.838389
2025-03-19 13:32:53,432 Epoch: [15/20] Iter:[90/192], Time: 0.63, lr: [0.002628265446219161], Loss: 3.647465, Acc:0.581822, Semantic loss: 1.381724, BCE loss: 1.434969, SB loss: 0.830772
2025-03-19 13:32:58,527 Epoch: [15/20] Iter:[100/192], Time: 0.62, lr: [0.002601060801235972], Loss: 3.643305, Acc:0.582931, Semantic loss: 1.380448, BCE loss: 1.437766, SB loss: 0.825090
2025-03-19 13:33:03,599 Epoch: [15/20] Iter:[110/192], Time: 0.61, lr: [0.002573824503796671], Loss: 3.644551, Acc:0.581701, Semantic loss: 1.372451, BCE loss: 1.449949, SB loss: 0.822152
2025-03-19 13:33:08,675 Epoch: [15/20] Iter:[120/192], Time: 0.60, lr: [0.00254655614402138], Loss: 3.651641, Acc:0.580186, Semantic loss: 1.368592, BCE loss: 1.458856, SB loss: 0.824193
2025-03-19 13:33:13,746 Epoch: [15/20] Iter:[130/192], Time: 0.59, lr: [0.0025192553017764118], Loss: 3.649056, Acc:0.580123, Semantic loss: 1.366840, BCE loss: 1.459263, SB loss: 0.822952
2025-03-19 13:33:18,805 Epoch: [15/20] Iter:[140/192], Time: 0.58, lr: [0.002491921546291034], Loss: 3.649439, Acc:0.579587, Semantic loss: 1.361964, BCE loss: 1.467297, SB loss: 0.820178
2025-03-19 13:33:23,841 Epoch: [15/20] Iter:[150/192], Time: 0.58, lr: [0.0024645544357550573], Loss: 3.660294, Acc:0.577373, Semantic loss: 1.369977, BCE loss: 1.468709, SB loss: 0.821608
2025-03-19 13:33:28,900 Epoch: [15/20] Iter:[160/192], Time: 0.57, lr: [0.002437153516896028], Loss: 3.659068, Acc:0.576823, Semantic loss: 1.371083, BCE loss: 1.463178, SB loss: 0.824808
2025-03-19 13:33:33,961 Epoch: [15/20] Iter:[170/192], Time: 0.57, lr: [0.0024097183245347467], Loss: 3.662690, Acc:0.579605, Semantic loss: 1.367951, BCE loss: 1.472421, SB loss: 0.822319
2025-03-19 13:33:39,085 Epoch: [15/20] Iter:[180/192], Time: 0.57, lr: [0.0023822483811177], Loss: 3.657473, Acc:0.581995, Semantic loss: 1.361991, BCE loss: 1.475897, SB loss: 0.819586
2025-03-19 13:33:44,081 Epoch: [15/20] Iter:[190/192], Time: 0.56, lr: [0.002354743196224891], Loss: 3.660647, Acc:0.580956, Semantic loss: 1.363753, BCE loss: 1.475207, SB loss: 0.821687
2025-03-19 13:35:53,576 0 [0.         0.55536791 0.23829442 0.23155045 0.22897851 0.10171732
 0.05533206] 0.2016058074982309
2025-03-19 13:35:53,577 1 [0.         0.48209989 0.33049375 0.34875361 0.30293728 0.13275694
 0.08814399] 0.24074077986072112
2025-03-19 13:35:53,585 => saving checkpoint to output\loveda\pidnet_small_loveda\aug_rbcheckpoint.pth.tar
2025-03-19 13:35:53,681 Loss: 3.759, MeanIU:  0.2407, Best_mIoU:  0.2613
2025-03-19 13:35:53,681 [0.         0.48209989 0.33049375 0.34875361 0.30293728 0.13275694
 0.08814399]
2025-03-19 13:36:05,119 Epoch: [16/20] Iter:[0/192], Time: 11.18, lr: [0.0023492378861760376], Loss: 3.828079, Acc:0.608829, Semantic loss: 1.360032, BCE loss: 1.676962, SB loss: 0.791085
2025-03-19 13:36:10,254 Epoch: [16/20] Iter:[10/192], Time: 1.48, lr: [0.0023216897452738748], Loss: 3.580616, Acc:0.615931, Semantic loss: 1.314863, BCE loss: 1.474969, SB loss: 0.790785
2025-03-19 13:36:15,307 Epoch: [16/20] Iter:[20/192], Time: 1.02, lr: [0.0022941052360858027], Loss: 3.501965, Acc:0.608341, Semantic loss: 1.302994, BCE loss: 1.413842, SB loss: 0.785129
2025-03-19 13:36:20,364 Epoch: [16/20] Iter:[30/192], Time: 0.85, lr: [0.0022664838233947228], Loss: 3.591305, Acc:0.601753, Semantic loss: 1.338618, BCE loss: 1.450798, SB loss: 0.801889
2025-03-19 13:36:25,434 Epoch: [16/20] Iter:[40/192], Time: 0.77, lr: [0.0022388249567421017], Loss: 3.616485, Acc:0.596325, Semantic loss: 1.341533, BCE loss: 1.483000, SB loss: 0.791952
2025-03-19 13:36:30,451 Epoch: [16/20] Iter:[50/192], Time: 0.72, lr: [0.002211128069778427], Loss: 3.597230, Acc:0.598870, Semantic loss: 1.330900, BCE loss: 1.473825, SB loss: 0.792505
2025-03-19 13:36:35,457 Epoch: [16/20] Iter:[60/192], Time: 0.68, lr: [0.0021833925795765436], Loss: 3.622768, Acc:0.595817, Semantic loss: 1.330221, BCE loss: 1.491681, SB loss: 0.800866
2025-03-19 13:36:40,537 Epoch: [16/20] Iter:[70/192], Time: 0.66, lr: [0.0021556178859051967], Loss: 3.609537, Acc:0.597228, Semantic loss: 1.321656, BCE loss: 1.492130, SB loss: 0.795751
2025-03-19 13:36:45,583 Epoch: [16/20] Iter:[80/192], Time: 0.64, lr: [0.002127803370459852], Loss: 3.617205, Acc:0.595578, Semantic loss: 1.321896, BCE loss: 1.500765, SB loss: 0.794545
2025-03-19 13:36:50,627 Epoch: [16/20] Iter:[90/192], Time: 0.62, lr: [0.0020999483960476508], Loss: 3.589779, Acc:0.595742, Semantic loss: 1.316464, BCE loss: 1.481755, SB loss: 0.791560
2025-03-19 13:36:55,734 Epoch: [16/20] Iter:[100/192], Time: 0.61, lr: [0.0020720523057230294], Loss: 3.610458, Acc:0.596418, Semantic loss: 1.320888, BCE loss: 1.498835, SB loss: 0.790736
2025-03-19 13:37:00,769 Epoch: [16/20] Iter:[110/192], Time: 0.60, lr: [0.002044114421870228], Loss: 3.601643, Acc:0.598650, Semantic loss: 1.313054, BCE loss: 1.498500, SB loss: 0.790089
2025-03-19 13:37:05,844 Epoch: [16/20] Iter:[120/192], Time: 0.59, lr: [0.0020161340452285867], Loss: 3.600559, Acc:0.599071, Semantic loss: 1.313700, BCE loss: 1.496209, SB loss: 0.790650
2025-03-19 13:37:10,849 Epoch: [16/20] Iter:[130/192], Time: 0.59, lr: [0.001988110453856112], Loss: 3.598235, Acc:0.594819, Semantic loss: 1.320312, BCE loss: 1.484046, SB loss: 0.793877
2025-03-19 13:37:15,907 Epoch: [16/20] Iter:[140/192], Time: 0.58, lr: [0.0019600429020263607], Loss: 3.611911, Acc:0.593200, Semantic loss: 1.325910, BCE loss: 1.487662, SB loss: 0.798338
2025-03-19 13:37:20,995 Epoch: [16/20] Iter:[150/192], Time: 0.58, lr: [0.0019319306190532476], Loss: 3.611479, Acc:0.593741, Semantic loss: 1.324596, BCE loss: 1.490321, SB loss: 0.796561
2025-03-19 13:37:26,037 Epoch: [16/20] Iter:[160/192], Time: 0.57, lr: [0.0019037728080378042], Loss: 3.614087, Acc:0.591264, Semantic loss: 1.331666, BCE loss: 1.483317, SB loss: 0.799105
2025-03-19 13:37:31,066 Epoch: [16/20] Iter:[170/192], Time: 0.57, lr: [0.0018755686445303314], Loss: 3.607311, Acc:0.590210, Semantic loss: 1.334286, BCE loss: 1.472832, SB loss: 0.800194
2025-03-19 13:37:36,362 Epoch: [16/20] Iter:[180/192], Time: 0.57, lr: [0.001847317275100738], Loss: 3.614123, Acc:0.588001, Semantic loss: 1.339613, BCE loss: 1.474719, SB loss: 0.799791
2025-03-19 13:37:41,453 Epoch: [16/20] Iter:[190/192], Time: 0.56, lr: [0.0018190178158090872], Loss: 3.621723, Acc:0.587405, Semantic loss: 1.345321, BCE loss: 1.473798, SB loss: 0.802604
2025-03-19 13:40:01,256 0 [0.         0.54821665 0.22525415 0.21205135 0.16545379 0.20216736
 0.05800751] 0.20159297222727537
2025-03-19 13:40:01,257 1 [0.         0.51777754 0.26979822 0.33779794 0.27851164 0.21906235
 0.02325722] 0.23517213057073474
2025-03-19 13:40:01,265 => saving checkpoint to output\loveda\pidnet_small_loveda\aug_rbcheckpoint.pth.tar
2025-03-19 13:40:01,377 Loss: 3.796, MeanIU:  0.2352, Best_mIoU:  0.2613
2025-03-19 13:40:01,377 [0.         0.51777754 0.26979822 0.33779794 0.27851164 0.21906235
 0.02325722]
2025-03-19 13:40:14,224 Epoch: [17/20] Iter:[0/192], Time: 12.59, lr: [0.0018133520731367456], Loss: 3.724218, Acc:0.593506, Semantic loss: 1.232535, BCE loss: 1.658935, SB loss: 0.832747
2025-03-19 13:40:19,677 Epoch: [17/20] Iter:[10/192], Time: 1.64, lr: [0.001784993693823396], Loss: 3.620986, Acc:0.577983, Semantic loss: 1.300975, BCE loss: 1.518314, SB loss: 0.801697
2025-03-19 13:40:25,259 Epoch: [17/20] Iter:[20/192], Time: 1.13, lr: [0.0017565851643374117], Loss: 3.616604, Acc:0.589244, Semantic loss: 1.299514, BCE loss: 1.504871, SB loss: 0.812219
2025-03-19 13:40:30,863 Epoch: [17/20] Iter:[30/192], Time: 0.94, lr: [0.0017281254915000803], Loss: 3.648781, Acc:0.588725, Semantic loss: 1.326447, BCE loss: 1.492411, SB loss: 0.829924
2025-03-19 13:40:36,489 Epoch: [17/20] Iter:[40/192], Time: 0.85, lr: [0.0016996136438923032], Loss: 3.621139, Acc:0.587089, Semantic loss: 1.325924, BCE loss: 1.476261, SB loss: 0.818954
2025-03-19 13:40:42,094 Epoch: [17/20] Iter:[50/192], Time: 0.79, lr: [0.0016710485496403851], Loss: 3.627043, Acc:0.583355, Semantic loss: 1.338598, BCE loss: 1.471456, SB loss: 0.816989
2025-03-19 13:40:47,650 Epoch: [17/20] Iter:[60/192], Time: 0.75, lr: [0.0016424290940290059], Loss: 3.605024, Acc:0.590935, Semantic loss: 1.330077, BCE loss: 1.468592, SB loss: 0.806355
2025-03-19 13:40:53,253 Epoch: [17/20] Iter:[70/192], Time: 0.73, lr: [0.0016137541169242962], Loss: 3.570822, Acc:0.591343, Semantic loss: 1.325715, BCE loss: 1.439862, SB loss: 0.805245
2025-03-19 13:40:58,844 Epoch: [17/20] Iter:[80/192], Time: 0.71, lr: [0.0015850224099878446], Loss: 3.589642, Acc:0.593455, Semantic loss: 1.325933, BCE loss: 1.455375, SB loss: 0.808334
2025-03-19 13:41:04,447 Epoch: [17/20] Iter:[90/192], Time: 0.69, lr: [0.001556232713660091], Loss: 3.580231, Acc:0.593251, Semantic loss: 1.319106, BCE loss: 1.455499, SB loss: 0.805626
2025-03-19 13:41:10,098 Epoch: [17/20] Iter:[100/192], Time: 0.68, lr: [0.0015273837138888994], Loss: 3.581064, Acc:0.595178, Semantic loss: 1.316914, BCE loss: 1.462208, SB loss: 0.801943
2025-03-19 13:41:15,654 Epoch: [17/20] Iter:[110/192], Time: 0.67, lr: [0.0014984740385759552], Loss: 3.592396, Acc:0.594213, Semantic loss: 1.316010, BCE loss: 1.471132, SB loss: 0.805254
2025-03-19 13:41:21,149 Epoch: [17/20] Iter:[120/192], Time: 0.66, lr: [0.0014695022537100475], Loss: 3.593430, Acc:0.591685, Semantic loss: 1.318912, BCE loss: 1.469292, SB loss: 0.805226
2025-03-19 13:41:26,682 Epoch: [17/20] Iter:[130/192], Time: 0.65, lr: [0.0014404668591521846], Loss: 3.593381, Acc:0.589436, Semantic loss: 1.324421, BCE loss: 1.463664, SB loss: 0.805296
2025-03-19 13:41:32,294 Epoch: [17/20] Iter:[140/192], Time: 0.64, lr: [0.0014113662840326588], Loss: 3.597106, Acc:0.591548, Semantic loss: 1.327056, BCE loss: 1.463105, SB loss: 0.806945
2025-03-19 13:41:37,889 Epoch: [17/20] Iter:[150/192], Time: 0.64, lr: [0.0013821988817145786], Loss: 3.602948, Acc:0.591504, Semantic loss: 1.328490, BCE loss: 1.466163, SB loss: 0.808295
2025-03-19 13:41:43,549 Epoch: [17/20] Iter:[160/192], Time: 0.63, lr: [0.0013529629242719093], Loss: 3.602218, Acc:0.594328, Semantic loss: 1.327427, BCE loss: 1.467451, SB loss: 0.807339
2025-03-19 13:41:49,146 Epoch: [17/20] Iter:[170/192], Time: 0.63, lr: [0.0013236565964223801], Loss: 3.603564, Acc:0.595041, Semantic loss: 1.325861, BCE loss: 1.470907, SB loss: 0.806796
2025-03-19 13:41:54,766 Epoch: [17/20] Iter:[180/192], Time: 0.63, lr: [0.0012942779888466518], Loss: 3.603135, Acc:0.594593, Semantic loss: 1.327357, BCE loss: 1.471252, SB loss: 0.804526
2025-03-19 13:41:59,805 Epoch: [17/20] Iter:[190/192], Time: 0.62, lr: [0.0012648250908145803], Loss: 3.601043, Acc:0.594225, Semantic loss: 1.327453, BCE loss: 1.468675, SB loss: 0.804915
2025-03-19 13:44:17,874 0 [0.         0.57989524 0.27525453 0.23807482 0.24883448 0.18613675
 0.07319097] 0.228769541018441
2025-03-19 13:44:17,875 1 [0.         0.56211267 0.33991706 0.3415471  0.28183038 0.22209995
 0.04920029] 0.2566724921843012
2025-03-19 13:44:17,881 => saving checkpoint to output\loveda\pidnet_small_loveda\aug_rbcheckpoint.pth.tar
2025-03-19 13:44:17,973 Loss: 3.644, MeanIU:  0.2567, Best_mIoU:  0.2613
2025-03-19 13:44:17,973 [0.         0.56211267 0.33991706 0.3415471  0.28183038 0.22209995
 0.04920029]
2025-03-19 13:44:29,731 Epoch: [18/20] Iter:[0/192], Time: 11.51, lr: [0.001258925411794167], Loss: 3.499618, Acc:0.489834, Semantic loss: 1.307598, BCE loss: 1.412597, SB loss: 0.779423
2025-03-19 13:44:34,865 Epoch: [18/20] Iter:[10/192], Time: 1.51, lr: [0.0012293805561511607], Loss: 3.658133, Acc:0.605541, Semantic loss: 1.340982, BCE loss: 1.504685, SB loss: 0.812466
2025-03-19 13:44:39,885 Epoch: [18/20] Iter:[20/192], Time: 1.03, lr: [0.0011997565879500753], Loss: 3.620568, Acc:0.607705, Semantic loss: 1.330078, BCE loss: 1.473401, SB loss: 0.817088
2025-03-19 13:44:44,893 Epoch: [18/20] Iter:[30/192], Time: 0.86, lr: [0.0011700511125444005], Loss: 3.628159, Acc:0.606192, Semantic loss: 1.349287, BCE loss: 1.460469, SB loss: 0.818403
2025-03-19 13:44:49,892 Epoch: [18/20] Iter:[40/192], Time: 0.77, lr: [0.0011402615929770753], Loss: 3.598811, Acc:0.604341, Semantic loss: 1.327380, BCE loss: 1.469226, SB loss: 0.802205
2025-03-19 13:44:54,888 Epoch: [18/20] Iter:[50/192], Time: 0.72, lr: [0.0011103853371305413], Loss: 3.559381, Acc:0.604783, Semantic loss: 1.312902, BCE loss: 1.453180, SB loss: 0.793299
2025-03-19 13:44:59,878 Epoch: [18/20] Iter:[60/192], Time: 0.68, lr: [0.001080419483295973], Loss: 3.539399, Acc:0.605436, Semantic loss: 1.310646, BCE loss: 1.438255, SB loss: 0.790498
2025-03-19 13:45:04,889 Epoch: [18/20] Iter:[70/192], Time: 0.66, lr: [0.0010503609839122385], Loss: 3.549773, Acc:0.609125, Semantic loss: 1.303966, BCE loss: 1.460262, SB loss: 0.785545
2025-03-19 13:45:09,880 Epoch: [18/20] Iter:[80/192], Time: 0.64, lr: [0.0010202065871765603], Loss: 3.577462, Acc:0.599465, Semantic loss: 1.321909, BCE loss: 1.465229, SB loss: 0.790323
2025-03-19 13:45:14,895 Epoch: [18/20] Iter:[90/192], Time: 0.62, lr: [0.000989952816168914], Loss: 3.574260, Acc:0.600331, Semantic loss: 1.316055, BCE loss: 1.467519, SB loss: 0.790686
2025-03-19 13:45:19,949 Epoch: [18/20] Iter:[100/192], Time: 0.61, lr: [0.0009595959450576828], Loss: 3.575350, Acc:0.598932, Semantic loss: 1.314557, BCE loss: 1.468098, SB loss: 0.792695
2025-03-19 13:45:24,966 Epoch: [18/20] Iter:[110/192], Time: 0.60, lr: [0.000929131971860904], Loss: 3.562496, Acc:0.596474, Semantic loss: 1.317905, BCE loss: 1.452346, SB loss: 0.792246
2025-03-19 13:45:30,052 Epoch: [18/20] Iter:[120/192], Time: 0.59, lr: [0.0008985565871200918], Loss: 3.558483, Acc:0.597673, Semantic loss: 1.314530, BCE loss: 1.454925, SB loss: 0.789028
2025-03-19 13:45:35,099 Epoch: [18/20] Iter:[130/192], Time: 0.59, lr: [0.0008678651376944955], Loss: 3.569319, Acc:0.599254, Semantic loss: 1.313933, BCE loss: 1.465858, SB loss: 0.789528
2025-03-19 13:45:40,150 Epoch: [18/20] Iter:[140/192], Time: 0.58, lr: [0.000837052584692747], Loss: 3.576409, Acc:0.599760, Semantic loss: 1.310335, BCE loss: 1.473803, SB loss: 0.792271
2025-03-19 13:45:45,172 Epoch: [18/20] Iter:[150/192], Time: 0.58, lr: [0.000806113454312208], Loss: 3.571888, Acc:0.598932, Semantic loss: 1.312508, BCE loss: 1.466469, SB loss: 0.792912
2025-03-19 13:45:50,221 Epoch: [18/20] Iter:[160/192], Time: 0.57, lr: [0.0007750417800344363], Loss: 3.567621, Acc:0.599179, Semantic loss: 1.311207, BCE loss: 1.461893, SB loss: 0.794521
2025-03-19 13:45:55,260 Epoch: [18/20] Iter:[170/192], Time: 0.57, lr: [0.0007438310342008949], Loss: 3.574490, Acc:0.596929, Semantic loss: 1.315910, BCE loss: 1.460302, SB loss: 0.798278
2025-03-19 13:46:00,304 Epoch: [18/20] Iter:[180/192], Time: 0.56, lr: [0.0007124740464272778], Loss: 3.569922, Acc:0.597353, Semantic loss: 1.313395, BCE loss: 1.459973, SB loss: 0.796554
2025-03-19 13:46:05,346 Epoch: [18/20] Iter:[190/192], Time: 0.56, lr: [0.0006809629055511224], Loss: 3.577298, Acc:0.595357, Semantic loss: 1.317986, BCE loss: 1.463158, SB loss: 0.796154
2025-03-19 13:48:21,572 0 [0.         0.56909536 0.25356942 0.22580705 0.22897405 0.11319901
 0.06578139] 0.20806089735338423
2025-03-19 13:48:21,573 1 [0.         0.53626867 0.32388554 0.35326167 0.30816456 0.12159823
 0.08400699] 0.24674080773146323
2025-03-19 13:48:21,580 => saving checkpoint to output\loveda\pidnet_small_loveda\aug_rbcheckpoint.pth.tar
2025-03-19 13:48:21,676 Loss: 3.610, MeanIU:  0.2467, Best_mIoU:  0.2613
2025-03-19 13:48:21,676 [0.         0.53626867 0.32388554 0.35326167 0.30816456 0.12159823
 0.08400699]
2025-03-19 13:48:33,258 Epoch: [19/20] Iter:[0/192], Time: 11.33, lr: [0.0006746414238367822], Loss: 3.794450, Acc:0.566247, Semantic loss: 1.395791, BCE loss: 1.539573, SB loss: 0.859086
2025-03-19 13:48:38,332 Epoch: [19/20] Iter:[10/192], Time: 1.49, lr: [0.0006429336362339898], Loss: 3.596970, Acc:0.569874, Semantic loss: 1.354349, BCE loss: 1.456526, SB loss: 0.786095
2025-03-19 13:48:43,401 Epoch: [19/20] Iter:[20/192], Time: 1.02, lr: [0.0006110510578510947], Loss: 3.542092, Acc:0.575028, Semantic loss: 1.342312, BCE loss: 1.399055, SB loss: 0.800725
2025-03-19 13:48:48,433 Epoch: [19/20] Iter:[30/192], Time: 0.86, lr: [0.0005789824653018995], Loss: 3.522615, Acc:0.589488, Semantic loss: 1.336815, BCE loss: 1.396322, SB loss: 0.789478
2025-03-19 13:48:53,495 Epoch: [19/20] Iter:[40/192], Time: 0.77, lr: [0.0005467151732202777], Loss: 3.566509, Acc:0.589163, Semantic loss: 1.337218, BCE loss: 1.443512, SB loss: 0.785780
2025-03-19 13:48:58,558 Epoch: [19/20] Iter:[50/192], Time: 0.72, lr: [0.0005142347343351296], Loss: 3.594744, Acc:0.587713, Semantic loss: 1.347099, BCE loss: 1.449121, SB loss: 0.798524
2025-03-19 13:49:03,616 Epoch: [19/20] Iter:[60/192], Time: 0.68, lr: [0.0004815245523312483], Loss: 3.562849, Acc:0.591122, Semantic loss: 1.334510, BCE loss: 1.437398, SB loss: 0.790941
2025-03-19 13:49:08,630 Epoch: [19/20] Iter:[70/192], Time: 0.66, lr: [0.000448565373510549], Loss: 3.556849, Acc:0.592431, Semantic loss: 1.334023, BCE loss: 1.433575, SB loss: 0.789251
2025-03-19 13:49:13,666 Epoch: [19/20] Iter:[80/192], Time: 0.64, lr: [0.00041533460609889997], Loss: 3.575128, Acc:0.593853, Semantic loss: 1.331956, BCE loss: 1.453068, SB loss: 0.790103
2025-03-19 13:49:18,742 Epoch: [19/20] Iter:[90/192], Time: 0.62, lr: [0.00038180538785330436], Loss: 3.570903, Acc:0.594278, Semantic loss: 1.332686, BCE loss: 1.445506, SB loss: 0.792711
2025-03-19 13:49:23,811 Epoch: [19/20] Iter:[100/192], Time: 0.61, lr: [0.00034794527452517863], Loss: 3.554360, Acc:0.593486, Semantic loss: 1.326716, BCE loss: 1.438438, SB loss: 0.789205
2025-03-19 13:49:28,907 Epoch: [19/20] Iter:[110/192], Time: 0.60, lr: [0.00031371433588231993], Loss: 3.547341, Acc:0.594215, Semantic loss: 1.325847, BCE loss: 1.433436, SB loss: 0.788058
2025-03-19 13:49:33,976 Epoch: [19/20] Iter:[120/192], Time: 0.60, lr: [0.0002790622842837163], Loss: 3.552578, Acc:0.596155, Semantic loss: 1.327142, BCE loss: 1.439493, SB loss: 0.785942
2025-03-19 13:49:39,006 Epoch: [19/20] Iter:[130/192], Time: 0.59, lr: [0.0002439239356353784], Loss: 3.552021, Acc:0.596298, Semantic loss: 1.325184, BCE loss: 1.441597, SB loss: 0.785240
2025-03-19 13:49:44,064 Epoch: [19/20] Iter:[140/192], Time: 0.58, lr: [0.00020821159321002047], Loss: 3.564002, Acc:0.595715, Semantic loss: 1.325835, BCE loss: 1.451018, SB loss: 0.787149
2025-03-19 13:49:49,131 Epoch: [19/20] Iter:[150/192], Time: 0.58, lr: [0.00017180122628828942], Loss: 3.575462, Acc:0.595330, Semantic loss: 1.325567, BCE loss: 1.463821, SB loss: 0.786074
2025-03-19 13:49:54,593 Epoch: [19/20] Iter:[160/192], Time: 0.58, lr: [0.00013450451987183818], Loss: 3.568394, Acc:0.596582, Semantic loss: 1.320316, BCE loss: 1.464430, SB loss: 0.783647
2025-03-19 13:49:59,835 Epoch: [19/20] Iter:[170/192], Time: 0.57, lr: [9.600244875192536e-05], Loss: 3.568223, Acc:0.597499, Semantic loss: 1.316916, BCE loss: 1.468616, SB loss: 0.782690
2025-03-19 13:50:04,901 Epoch: [19/20] Iter:[180/192], Time: 0.57, lr: [5.563716848048335e-05], Loss: 3.575243, Acc:0.598072, Semantic loss: 1.319364, BCE loss: 1.473352, SB loss: 0.782527
2025-03-19 13:50:09,869 Epoch: [19/20] Iter:[190/192], Time: 0.57, lr: [1.1092486125349496e-05], Loss: 3.561180, Acc:0.598772, Semantic loss: 1.314800, BCE loss: 1.465411, SB loss: 0.780969
2025-03-19 13:52:27,498 0 [0.         0.58362068 0.30932634 0.2403568  0.19718562 0.16162756
 0.0786011 ] 0.22438829922371117
2025-03-19 13:52:27,499 1 [0.         0.5529721  0.40103821 0.35713779 0.29260267 0.18116063
 0.07064901] 0.26508005753536323
2025-03-19 13:52:27,507 => saving checkpoint to output\loveda\pidnet_small_loveda\aug_rbcheckpoint.pth.tar
2025-03-19 13:52:27,647 Loss: 3.606, MeanIU:  0.2651, Best_mIoU:  0.2651
2025-03-19 13:52:27,647 [0.         0.5529721  0.40103821 0.35713779 0.29260267 0.18116063
 0.07064901]
2025-03-19 13:52:27,700 Hours: 1
2025-03-19 13:52:27,701 Done
