2025-03-27 08:52:23,948 Namespace(cfg='configs/loveda/pidnet_small_loveda.yaml', seed=304, opts=[])
2025-03-27 08:52:23,949 AUTO_RESUME: False
CUDNN:
  BENCHMARK: True
  DETERMINISTIC: False
  ENABLED: True
DATASET:
  DATASET: loveda
  EXTRA_TRAIN_SET: 
  NUM_CLASSES: 7
  ROOT: data/
  TARGET_SET: 
  TEST_SET: list/loveda/urban_rural/val.lst
  TRAIN_SET: list/loveda/urban_rural/train.lst
GPUS: (0,)
LOG_DIR: log
LOSS:
  BALANCE_WEIGHTS: [0.4, 1.0]
  CLASS_BALANCE: False
  OHEMKEEP: 131072
  OHEMTHRES: 0.9
  SB_WEIGHTS: 1.0
  USE_OHEM: True
MODEL:
  ALIGN_CORNERS: True
  NAME: pidnet_small
  NUM_OUTPUTS: 2
  PRETRAINED: pretrained_models/imagenet/PIDNet_S_ImageNet.pth.tar
OUTPUT_DIR: output
PIN_MEMORY: True
PRINT_FREQ: 10
TEST:
  BASE_SIZE: 2048
  BATCH_SIZE_PER_GPU: 6
  FLIP_TEST: False
  IMAGE_SIZE: [2048, 1024]
  MODEL_FILE: output/loveda/pidnet_small_loveda/final_state.pt
  MULTI_SCALE: False
  OUTPUT_INDEX: 1
TRAIN:
  AUGMENTATION:
    ENABLE: True
    PROBABILITY: 0.5
    TECHNIQUES:
      GAUSSIAN_BLUR: False
      HORIZONTAL_FLIP: False
      MULTIPLY: False
      RANDOM_BRIGHTNESS: True
  BASE_SIZE: 2048
  BATCH_SIZE_PER_GPU: 6
  BEGIN_EPOCH: 0
  DACS:
    ENABLE: False
    THRESHOLD: 0.968
  END_EPOCH: 20
  EXTRA_EPOCH: 0
  EXTRA_LR: 0.001
  FLIP: False
  IGNORE_LABEL: 0
  IMAGE_SIZE: [1024, 1024]
  LR: 0.01
  MOMENTUM: 0.9
  MULTI_SCALE: False
  NESTEROV: False
  OPTIMIZER: sgd
  RESUME: True
  SCALE_FACTOR: 16
  SHUFFLE: True
  WD: 0.0005
WORKERS: 4
2025-03-27 08:52:24,125 Attention!!!
2025-03-27 08:52:24,126 Loaded 302 parameters!
2025-03-27 08:52:24,126 Over!!!
2025-03-27 08:52:38,393 Epoch: [0/20] Iter:[0/192], Time: 14.14, lr: [0.01], Loss: 16.262220, Acc:0.145607, Semantic loss: 6.993520, BCE loss: 3.744265, SB loss: 5.524436
2025-03-27 08:52:42,322 Epoch: [0/20] Iter:[10/192], Time: 1.63, lr: [0.009976559445324192], Loss: 12.242489, Acc:0.283719, Semantic loss: 5.404907, BCE loss: 2.767469, SB loss: 4.070114
2025-03-27 08:52:46,179 Epoch: [0/20] Iter:[20/192], Time: 1.03, lr: [0.009953112769592761], Loss: 10.230238, Acc:0.331042, Semantic loss: 4.456920, BCE loss: 2.435328, SB loss: 3.337989
2025-03-27 08:52:49,998 Epoch: [0/20] Iter:[30/192], Time: 0.82, lr: [0.009929659955177281], Loss: 8.841439, Acc:0.367249, Semantic loss: 3.771111, BCE loss: 2.246776, SB loss: 2.823552
2025-03-27 08:52:53,816 Epoch: [0/20] Iter:[40/192], Time: 0.72, lr: [0.009906200984352154], Loss: 8.075656, Acc:0.376724, Semantic loss: 3.419108, BCE loss: 2.110866, SB loss: 2.545682
2025-03-27 08:52:57,662 Epoch: [0/20] Iter:[50/192], Time: 0.65, lr: [0.009882735839293803], Loss: 7.532138, Acc:0.403600, Semantic loss: 3.174666, BCE loss: 2.012145, SB loss: 2.345327
2025-03-27 08:53:01,473 Epoch: [0/20] Iter:[60/192], Time: 0.61, lr: [0.00985926450207989], Loss: 7.132155, Acc:0.409748, Semantic loss: 3.015414, BCE loss: 1.947730, SB loss: 2.169012
2025-03-27 08:53:05,282 Epoch: [0/20] Iter:[70/192], Time: 0.58, lr: [0.009835786954688485], Loss: 6.865356, Acc:0.412476, Semantic loss: 2.901053, BCE loss: 1.901478, SB loss: 2.062825
2025-03-27 08:53:09,122 Epoch: [0/20] Iter:[80/192], Time: 0.55, lr: [0.00981230317899726], Loss: 6.604648, Acc:0.419112, Semantic loss: 2.791203, BCE loss: 1.862254, SB loss: 1.951191
2025-03-27 08:53:12,952 Epoch: [0/20] Iter:[90/192], Time: 0.53, lr: [0.009788813156782662], Loss: 6.427929, Acc:0.423628, Semantic loss: 2.719614, BCE loss: 1.845069, SB loss: 1.863246
2025-03-27 08:53:16,766 Epoch: [0/20] Iter:[100/192], Time: 0.52, lr: [0.009765316869719067], Loss: 6.289453, Acc:0.424184, Semantic loss: 2.654448, BCE loss: 1.821717, SB loss: 1.813288
2025-03-27 08:53:20,606 Epoch: [0/20] Iter:[110/192], Time: 0.51, lr: [0.009741814299377942], Loss: 6.166048, Acc:0.423399, Semantic loss: 2.606603, BCE loss: 1.794232, SB loss: 1.765213
2025-03-27 08:53:24,456 Epoch: [0/20] Iter:[120/192], Time: 0.50, lr: [0.009718305427226986], Loss: 6.048839, Acc:0.427530, Semantic loss: 2.554659, BCE loss: 1.784129, SB loss: 1.710051
2025-03-27 08:53:28,319 Epoch: [0/20] Iter:[130/192], Time: 0.49, lr: [0.009694790234629266], Loss: 5.948857, Acc:0.433350, Semantic loss: 2.502460, BCE loss: 1.769461, SB loss: 1.676937
2025-03-27 08:53:32,160 Epoch: [0/20] Iter:[140/192], Time: 0.48, lr: [0.009671268702842338], Loss: 5.897492, Acc:0.434789, Semantic loss: 2.498914, BCE loss: 1.750132, SB loss: 1.648445
2025-03-27 08:53:35,982 Epoch: [0/20] Iter:[150/192], Time: 0.47, lr: [0.009647740813017376], Loss: 5.835452, Acc:0.434345, Semantic loss: 2.485338, BCE loss: 1.738785, SB loss: 1.611330
2025-03-27 08:53:39,825 Epoch: [0/20] Iter:[160/192], Time: 0.47, lr: [0.009624206546198262], Loss: 5.812153, Acc:0.439382, Semantic loss: 2.450901, BCE loss: 1.739577, SB loss: 1.621675
2025-03-27 08:53:43,665 Epoch: [0/20] Iter:[170/192], Time: 0.46, lr: [0.009600665883320689], Loss: 5.739456, Acc:0.441999, Semantic loss: 2.416367, BCE loss: 1.737649, SB loss: 1.585440
2025-03-27 08:53:47,517 Epoch: [0/20] Iter:[180/192], Time: 0.46, lr: [0.009577118805211254], Loss: 5.678759, Acc:0.445209, Semantic loss: 2.389411, BCE loss: 1.731424, SB loss: 1.557925
2025-03-27 08:53:51,375 Epoch: [0/20] Iter:[190/192], Time: 0.46, lr: [0.009553565292586523], Loss: 5.606915, Acc:0.448018, Semantic loss: 2.355848, BCE loss: 1.724033, SB loss: 1.527035
2025-03-27 08:55:26,497 0 [0.00000000e+00 5.74635414e-01 8.83038909e-02 1.57692937e-06
 5.89106760e-04 0.00000000e+00 1.36129051e-06] 0.09479019289371986
2025-03-27 08:55:26,497 1 [0.00000000e+00 5.88670362e-01 8.18449175e-02 1.85750697e-03
 8.36246154e-02 7.84063506e-02 4.52160824e-04] 0.1192651304918989
2025-03-27 08:55:26,508 => saving checkpoint to output\loveda\pidnet_small_loveda\aug_rbcheckpoint.pth.tar
2025-03-27 08:55:26,621 Loss: 6.691, MeanIU:  0.1193, Best_mIoU:  0.1193
2025-03-27 08:55:26,621 [0.00000000e+00 5.88670362e-01 8.18449175e-02 1.85750697e-03
 8.36246154e-02 7.84063506e-02 4.52160824e-04]
2025-03-27 08:55:36,889 Epoch: [1/20] Iter:[0/192], Time: 10.09, lr: [0.009548853816214998], Loss: 4.476003, Acc:0.392749, Semantic loss: 2.078125, BCE loss: 1.481367, SB loss: 0.916512
2025-03-27 08:55:40,739 Epoch: [1/20] Iter:[10/192], Time: 1.27, lr: [0.009525292556561479], Loss: 4.579525, Acc:0.480803, Semantic loss: 1.872180, BCE loss: 1.562834, SB loss: 1.144511
2025-03-27 08:55:44,584 Epoch: [1/20] Iter:[20/192], Time: 0.85, lr: [0.00950172481957719], Loss: 4.728977, Acc:0.479527, Semantic loss: 1.890165, BCE loss: 1.579531, SB loss: 1.259281
2025-03-27 08:55:48,427 Epoch: [1/20] Iter:[30/192], Time: 0.70, lr: [0.009478150585620286], Loss: 4.702197, Acc:0.477352, Semantic loss: 1.902717, BCE loss: 1.551437, SB loss: 1.248043
2025-03-27 08:55:52,275 Epoch: [1/20] Iter:[40/192], Time: 0.62, lr: [0.009454569834934885], Loss: 4.911884, Acc:0.471950, Semantic loss: 1.953968, BCE loss: 1.566471, SB loss: 1.391444
2025-03-27 08:55:56,122 Epoch: [1/20] Iter:[50/192], Time: 0.57, lr: [0.009430982547650114], Loss: 4.989333, Acc:0.467497, Semantic loss: 2.008512, BCE loss: 1.591325, SB loss: 1.389496
2025-03-27 08:55:59,970 Epoch: [1/20] Iter:[60/192], Time: 0.54, lr: [0.009407388703779091], Loss: 4.979482, Acc:0.467123, Semantic loss: 2.002478, BCE loss: 1.606752, SB loss: 1.370252
2025-03-27 08:56:03,804 Epoch: [1/20] Iter:[70/192], Time: 0.52, lr: [0.009383788283217955], Loss: 4.920990, Acc:0.471499, Semantic loss: 1.972784, BCE loss: 1.612516, SB loss: 1.335690
2025-03-27 08:56:07,631 Epoch: [1/20] Iter:[80/192], Time: 0.50, lr: [0.00936018126574482], Loss: 4.920246, Acc:0.464988, Semantic loss: 1.994695, BCE loss: 1.602949, SB loss: 1.322601
2025-03-27 08:56:11,509 Epoch: [1/20] Iter:[90/192], Time: 0.49, lr: [0.009336567631018769], Loss: 4.897211, Acc:0.469297, Semantic loss: 1.977758, BCE loss: 1.617562, SB loss: 1.301891
2025-03-27 08:56:15,403 Epoch: [1/20] Iter:[100/192], Time: 0.48, lr: [0.009312947358578814], Loss: 4.903943, Acc:0.469430, Semantic loss: 1.972750, BCE loss: 1.628992, SB loss: 1.302201
2025-03-27 08:56:19,254 Epoch: [1/20] Iter:[110/192], Time: 0.47, lr: [0.009289320427842841], Loss: 4.849746, Acc:0.469839, Semantic loss: 1.962578, BCE loss: 1.611314, SB loss: 1.275854
2025-03-27 08:56:23,124 Epoch: [1/20] Iter:[120/192], Time: 0.47, lr: [0.009265686818106552], Loss: 4.800166, Acc:0.471974, Semantic loss: 1.949937, BCE loss: 1.601834, SB loss: 1.248396
2025-03-27 08:56:26,984 Epoch: [1/20] Iter:[130/192], Time: 0.46, lr: [0.009242046508542393], Loss: 4.781473, Acc:0.474047, Semantic loss: 1.943054, BCE loss: 1.603256, SB loss: 1.235163
2025-03-27 08:56:30,815 Epoch: [1/20] Iter:[140/192], Time: 0.45, lr: [0.009218399478198466], Loss: 4.754702, Acc:0.472621, Semantic loss: 1.934644, BCE loss: 1.596211, SB loss: 1.223846
2025-03-27 08:56:34,652 Epoch: [1/20] Iter:[150/192], Time: 0.45, lr: [0.009194745705997428], Loss: 4.743870, Acc:0.471002, Semantic loss: 1.936991, BCE loss: 1.589220, SB loss: 1.217659
2025-03-27 08:56:38,477 Epoch: [1/20] Iter:[160/192], Time: 0.45, lr: [0.00917108517073538], Loss: 4.722593, Acc:0.470768, Semantic loss: 1.929360, BCE loss: 1.589666, SB loss: 1.203567
2025-03-27 08:56:42,325 Epoch: [1/20] Iter:[170/192], Time: 0.44, lr: [0.00914741785108075], Loss: 4.703880, Acc:0.471649, Semantic loss: 1.920254, BCE loss: 1.588445, SB loss: 1.195181
2025-03-27 08:56:46,163 Epoch: [1/20] Iter:[180/192], Time: 0.44, lr: [0.00912374372557314], Loss: 4.688226, Acc:0.471178, Semantic loss: 1.914265, BCE loss: 1.585978, SB loss: 1.187983
2025-03-27 08:56:49,991 Epoch: [1/20] Iter:[190/192], Time: 0.44, lr: [0.009100062772622186], Loss: 4.673907, Acc:0.470588, Semantic loss: 1.910446, BCE loss: 1.585118, SB loss: 1.178343
2025-03-27 08:58:24,525 0 [0.00000000e+00 5.84497883e-01 1.40587498e-01 1.37911841e-03
 9.16963261e-06 3.92236178e-02 1.48118807e-02] 0.11150130967477603
2025-03-27 08:58:24,526 1 [0.         0.56564518 0.12615942 0.0015372  0.02178026 0.0852889
 0.03702849] 0.11963420773399965
2025-03-27 08:58:24,539 => saving checkpoint to output\loveda\pidnet_small_loveda\aug_rbcheckpoint.pth.tar
2025-03-27 08:58:24,661 Loss: 4.369, MeanIU:  0.1196, Best_mIoU:  0.1196
2025-03-27 08:58:24,661 [0.         0.56564518 0.12615942 0.0015372  0.02178026 0.0852889
 0.03702849]
2025-03-27 08:58:34,944 Epoch: [2/20] Iter:[0/192], Time: 10.09, lr: [0.009095325760829623], Loss: 4.033097, Acc:0.417495, Semantic loss: 1.959178, BCE loss: 1.100062, SB loss: 0.973857
2025-03-27 08:58:38,790 Epoch: [2/20] Iter:[10/192], Time: 1.27, lr: [0.009071636586262652], Loss: 4.452634, Acc:0.457794, Semantic loss: 1.873684, BCE loss: 1.611717, SB loss: 0.967233
2025-03-27 08:58:42,628 Epoch: [2/20] Iter:[20/192], Time: 0.85, lr: [0.009047940536290279], Loss: 4.454483, Acc:0.455368, Semantic loss: 1.852646, BCE loss: 1.589879, SB loss: 1.011957
2025-03-27 08:58:46,476 Epoch: [2/20] Iter:[30/192], Time: 0.70, lr: [0.009024237588898336], Loss: 4.431508, Acc:0.465970, Semantic loss: 1.851469, BCE loss: 1.539185, SB loss: 1.040854
2025-03-27 08:58:50,299 Epoch: [2/20] Iter:[40/192], Time: 0.62, lr: [0.009000527721937697], Loss: 4.419974, Acc:0.452861, Semantic loss: 1.855688, BCE loss: 1.532546, SB loss: 1.031739
2025-03-27 08:58:54,125 Epoch: [2/20] Iter:[50/192], Time: 0.57, lr: [0.008976810913123051], Loss: 4.426971, Acc:0.453308, Semantic loss: 1.839906, BCE loss: 1.542238, SB loss: 1.044827
2025-03-27 08:58:57,960 Epoch: [2/20] Iter:[60/192], Time: 0.54, lr: [0.008953087140031669], Loss: 4.437434, Acc:0.449364, Semantic loss: 1.860718, BCE loss: 1.525885, SB loss: 1.050831
2025-03-27 08:59:01,803 Epoch: [2/20] Iter:[70/192], Time: 0.52, lr: [0.008929356380102142], Loss: 4.405235, Acc:0.456555, Semantic loss: 1.844699, BCE loss: 1.530095, SB loss: 1.030440
2025-03-27 08:59:05,658 Epoch: [2/20] Iter:[80/192], Time: 0.50, lr: [0.008905618610633112], Loss: 4.410421, Acc:0.463950, Semantic loss: 1.828490, BCE loss: 1.547775, SB loss: 1.034156
2025-03-27 08:59:09,499 Epoch: [2/20] Iter:[90/192], Time: 0.49, lr: [0.008881873808781991], Loss: 4.399997, Acc:0.469861, Semantic loss: 1.818130, BCE loss: 1.552802, SB loss: 1.029065
2025-03-27 08:59:13,344 Epoch: [2/20] Iter:[100/192], Time: 0.48, lr: [0.008858121951563658], Loss: 4.397543, Acc:0.469228, Semantic loss: 1.821970, BCE loss: 1.543096, SB loss: 1.032477
2025-03-27 08:59:17,196 Epoch: [2/20] Iter:[110/192], Time: 0.47, lr: [0.008834363015849136], Loss: 4.378866, Acc:0.473641, Semantic loss: 1.808508, BCE loss: 1.542824, SB loss: 1.027533
2025-03-27 08:59:21,062 Epoch: [2/20] Iter:[120/192], Time: 0.46, lr: [0.008810596978364274], Loss: 4.396940, Acc:0.473876, Semantic loss: 1.812258, BCE loss: 1.553097, SB loss: 1.031584
2025-03-27 08:59:24,905 Epoch: [2/20] Iter:[130/192], Time: 0.46, lr: [0.008786823815688379], Loss: 4.398962, Acc:0.475522, Semantic loss: 1.810276, BCE loss: 1.551328, SB loss: 1.037358
2025-03-27 08:59:28,758 Epoch: [2/20] Iter:[140/192], Time: 0.45, lr: [0.008763043504252865], Loss: 4.384455, Acc:0.478907, Semantic loss: 1.799203, BCE loss: 1.557814, SB loss: 1.027438
2025-03-27 08:59:32,594 Epoch: [2/20] Iter:[150/192], Time: 0.45, lr: [0.008739256020339866], Loss: 4.384335, Acc:0.477815, Semantic loss: 1.797020, BCE loss: 1.551225, SB loss: 1.036090
2025-03-27 08:59:36,442 Epoch: [2/20] Iter:[160/192], Time: 0.44, lr: [0.00871546134008083], Loss: 4.388190, Acc:0.476926, Semantic loss: 1.795782, BCE loss: 1.553366, SB loss: 1.039042
2025-03-27 08:59:40,292 Epoch: [2/20] Iter:[170/192], Time: 0.44, lr: [0.008691659439455107], Loss: 4.387750, Acc:0.477472, Semantic loss: 1.793559, BCE loss: 1.560265, SB loss: 1.033925
2025-03-27 08:59:44,141 Epoch: [2/20] Iter:[180/192], Time: 0.44, lr: [0.008667850294288517], Loss: 4.387389, Acc:0.476681, Semantic loss: 1.792439, BCE loss: 1.564130, SB loss: 1.030820
2025-03-27 08:59:47,977 Epoch: [2/20] Iter:[190/192], Time: 0.44, lr: [0.008644033880251888], Loss: 4.386142, Acc:0.477507, Semantic loss: 1.791863, BCE loss: 1.563870, SB loss: 1.030409
2025-03-27 09:01:22,569 0 [0.         0.52405173 0.0909958  0.0103378  0.         0.
 0.00173606] 0.08958876944799886
2025-03-27 09:01:22,570 1 [0.00000000e+00 5.79977993e-01 1.14610456e-01 3.75221751e-08
 1.48056720e-02 6.52275519e-03 4.04042303e-03] 0.10285104805131143
2025-03-27 09:01:22,578 => saving checkpoint to output\loveda\pidnet_small_loveda\aug_rbcheckpoint.pth.tar
2025-03-27 09:01:22,661 Loss: 4.502, MeanIU:  0.1029, Best_mIoU:  0.1196
2025-03-27 09:01:22,661 [0.00000000e+00 5.79977993e-01 1.14610456e-01 3.75221751e-08
 1.48056720e-02 6.52275519e-03 4.04042303e-03]
2025-03-27 09:01:33,079 Epoch: [3/20] Iter:[0/192], Time: 10.22, lr: [0.008639269723028191], Loss: 4.787150, Acc:0.420008, Semantic loss: 2.309141, BCE loss: 1.374035, SB loss: 1.103975
2025-03-27 09:01:36,920 Epoch: [3/20] Iter:[10/192], Time: 1.28, lr: [0.008615444554012613], Loss: 4.261988, Acc:0.476516, Semantic loss: 1.782684, BCE loss: 1.547940, SB loss: 0.931364
2025-03-27 09:01:40,773 Epoch: [3/20] Iter:[20/192], Time: 0.85, lr: [0.008591612062049989], Loss: 4.219922, Acc:0.500152, Semantic loss: 1.747494, BCE loss: 1.509276, SB loss: 0.963151
2025-03-27 09:01:44,624 Epoch: [3/20] Iter:[30/192], Time: 0.70, lr: [0.008567772222305215], Loss: 4.201344, Acc:0.499426, Semantic loss: 1.708725, BCE loss: 1.547000, SB loss: 0.945618
2025-03-27 09:01:48,572 Epoch: [3/20] Iter:[40/192], Time: 0.63, lr: [0.008543925009781886], Loss: 4.202194, Acc:0.492927, Semantic loss: 1.705908, BCE loss: 1.533749, SB loss: 0.962537
2025-03-27 09:01:52,412 Epoch: [3/20] Iter:[50/192], Time: 0.58, lr: [0.00852007039932076], Loss: 4.229051, Acc:0.487453, Semantic loss: 1.718829, BCE loss: 1.524803, SB loss: 0.985419
2025-03-27 09:01:56,249 Epoch: [3/20] Iter:[60/192], Time: 0.55, lr: [0.00849620836559818], Loss: 4.247170, Acc:0.474751, Semantic loss: 1.752693, BCE loss: 1.503608, SB loss: 0.990868
2025-03-27 09:02:00,107 Epoch: [3/20] Iter:[70/192], Time: 0.52, lr: [0.008472338883124477], Loss: 4.297307, Acc:0.477971, Semantic loss: 1.760621, BCE loss: 1.529270, SB loss: 1.007416
2025-03-27 09:02:03,967 Epoch: [3/20] Iter:[80/192], Time: 0.51, lr: [0.008448461926242374], Loss: 4.301534, Acc:0.476904, Semantic loss: 1.769257, BCE loss: 1.520891, SB loss: 1.011386
2025-03-27 09:02:07,809 Epoch: [3/20] Iter:[90/192], Time: 0.49, lr: [0.008424577469125337], Loss: 4.306235, Acc:0.477253, Semantic loss: 1.762690, BCE loss: 1.535415, SB loss: 1.008130
2025-03-27 09:02:11,678 Epoch: [3/20] Iter:[100/192], Time: 0.48, lr: [0.008400685485775935], Loss: 4.310752, Acc:0.478809, Semantic loss: 1.759278, BCE loss: 1.547579, SB loss: 1.003895
2025-03-27 09:02:15,517 Epoch: [3/20] Iter:[110/192], Time: 0.47, lr: [0.008376785950024154], Loss: 4.299269, Acc:0.479334, Semantic loss: 1.746714, BCE loss: 1.550735, SB loss: 1.001819
2025-03-27 09:02:19,372 Epoch: [3/20] Iter:[120/192], Time: 0.47, lr: [0.00835287883552571], Loss: 4.313080, Acc:0.479304, Semantic loss: 1.743847, BCE loss: 1.570250, SB loss: 0.998983
2025-03-27 09:02:23,217 Epoch: [3/20] Iter:[130/192], Time: 0.46, lr: [0.008328964115760324], Loss: 4.311374, Acc:0.478276, Semantic loss: 1.744961, BCE loss: 1.562757, SB loss: 1.003656
2025-03-27 09:02:27,065 Epoch: [3/20] Iter:[140/192], Time: 0.46, lr: [0.008305041764029988], Loss: 4.311235, Acc:0.476222, Semantic loss: 1.746882, BCE loss: 1.559341, SB loss: 1.005013
2025-03-27 09:02:30,923 Epoch: [3/20] Iter:[150/192], Time: 0.45, lr: [0.008281111753457188], Loss: 4.313310, Acc:0.476086, Semantic loss: 1.748859, BCE loss: 1.551346, SB loss: 1.013105
2025-03-27 09:02:34,783 Epoch: [3/20] Iter:[160/192], Time: 0.45, lr: [0.008257174056983133], Loss: 4.315906, Acc:0.477408, Semantic loss: 1.744786, BCE loss: 1.559662, SB loss: 1.011458
2025-03-27 09:02:38,640 Epoch: [3/20] Iter:[170/192], Time: 0.44, lr: [0.00823322864736593], Loss: 4.307823, Acc:0.477872, Semantic loss: 1.738211, BCE loss: 1.565667, SB loss: 1.003945
2025-03-27 09:02:42,505 Epoch: [3/20] Iter:[180/192], Time: 0.44, lr: [0.008209275497178764], Loss: 4.293420, Acc:0.479912, Semantic loss: 1.733980, BCE loss: 1.560915, SB loss: 0.998524
2025-03-27 09:02:46,334 Epoch: [3/20] Iter:[190/192], Time: 0.44, lr: [0.008185314578808021], Loss: 4.286338, Acc:0.481034, Semantic loss: 1.733268, BCE loss: 1.557327, SB loss: 0.995743
2025-03-27 09:04:21,179 0 [0.         0.53545684 0.12915234 0.01629984 0.00296883 0.
 0.00434789] 0.09831796193820182
2025-03-27 09:04:21,179 1 [0.         0.55183936 0.150824   0.02046101 0.02660343 0.00187906
 0.015036  ] 0.10952040994872449
2025-03-27 09:04:21,186 => saving checkpoint to output\loveda\pidnet_small_loveda\aug_rbcheckpoint.pth.tar
2025-03-27 09:04:21,271 Loss: 4.283, MeanIU:  0.1095, Best_mIoU:  0.1196
2025-03-27 09:04:21,271 [0.         0.55183936 0.150824   0.02046101 0.02660343 0.00187906
 0.015036  ]
2025-03-27 09:04:31,412 Epoch: [4/20] Iter:[0/192], Time: 9.95, lr: [0.008180521460508584], Loss: 4.247634, Acc:0.463281, Semantic loss: 1.638954, BCE loss: 1.705425, SB loss: 0.903255
2025-03-27 09:04:35,261 Epoch: [4/20] Iter:[10/192], Time: 1.25, lr: [0.008156551183601795], Loss: 4.292948, Acc:0.482764, Semantic loss: 1.708571, BCE loss: 1.553704, SB loss: 1.030672
2025-03-27 09:04:39,082 Epoch: [4/20] Iter:[20/192], Time: 0.84, lr: [0.008132573077094668], Loss: 4.262673, Acc:0.475004, Semantic loss: 1.722449, BCE loss: 1.499268, SB loss: 1.040956
2025-03-27 09:04:42,917 Epoch: [4/20] Iter:[30/192], Time: 0.69, lr: [0.008108587112763079], Loss: 4.290034, Acc:0.477957, Semantic loss: 1.734186, BCE loss: 1.513085, SB loss: 1.042763
2025-03-27 09:04:46,762 Epoch: [4/20] Iter:[40/192], Time: 0.62, lr: [0.008084593262188028], Loss: 4.317369, Acc:0.482787, Semantic loss: 1.733274, BCE loss: 1.543124, SB loss: 1.040971
2025-03-27 09:04:50,605 Epoch: [4/20] Iter:[50/192], Time: 0.57, lr: [0.008060591496753653], Loss: 4.288379, Acc:0.482359, Semantic loss: 1.728311, BCE loss: 1.527533, SB loss: 1.032536
2025-03-27 09:04:54,438 Epoch: [4/20] Iter:[60/192], Time: 0.54, lr: [0.008036581787645204], Loss: 4.306061, Acc:0.478202, Semantic loss: 1.727136, BCE loss: 1.554345, SB loss: 1.024580
2025-03-27 09:04:58,267 Epoch: [4/20] Iter:[70/192], Time: 0.52, lr: [0.008012564105846994], Loss: 4.279341, Acc:0.473865, Semantic loss: 1.724432, BCE loss: 1.527491, SB loss: 1.027418
2025-03-27 09:05:02,123 Epoch: [4/20] Iter:[80/192], Time: 0.50, lr: [0.007988538422140333], Loss: 4.278626, Acc:0.476650, Semantic loss: 1.721660, BCE loss: 1.520216, SB loss: 1.036750
2025-03-27 09:05:05,964 Epoch: [4/20] Iter:[90/192], Time: 0.49, lr: [0.007964504707101411], Loss: 4.265359, Acc:0.475607, Semantic loss: 1.727648, BCE loss: 1.512659, SB loss: 1.025053
2025-03-27 09:05:09,812 Epoch: [4/20] Iter:[100/192], Time: 0.48, lr: [0.007940462931099176], Loss: 4.243567, Acc:0.481352, Semantic loss: 1.719451, BCE loss: 1.505320, SB loss: 1.018796
2025-03-27 09:05:13,664 Epoch: [4/20] Iter:[110/192], Time: 0.47, lr: [0.007916413064293163], Loss: 4.227279, Acc:0.486640, Semantic loss: 1.707310, BCE loss: 1.510036, SB loss: 1.009933
2025-03-27 09:05:17,521 Epoch: [4/20] Iter:[120/192], Time: 0.46, lr: [0.007892355076631318], Loss: 4.223660, Acc:0.489503, Semantic loss: 1.698675, BCE loss: 1.523162, SB loss: 1.001824
2025-03-27 09:05:21,370 Epoch: [4/20] Iter:[130/192], Time: 0.46, lr: [0.007868288937847752], Loss: 4.230364, Acc:0.487536, Semantic loss: 1.702117, BCE loss: 1.528293, SB loss: 0.999953
2025-03-27 09:05:25,227 Epoch: [4/20] Iter:[140/192], Time: 0.45, lr: [0.007844214617460508], Loss: 4.237220, Acc:0.491059, Semantic loss: 1.696570, BCE loss: 1.541090, SB loss: 0.999559
2025-03-27 09:05:29,072 Epoch: [4/20] Iter:[150/192], Time: 0.45, lr: [0.007820132084769268], Loss: 4.241196, Acc:0.487044, Semantic loss: 1.702545, BCE loss: 1.539818, SB loss: 0.998833
2025-03-27 09:05:32,925 Epoch: [4/20] Iter:[160/192], Time: 0.44, lr: [0.00779604130885303], Loss: 4.237011, Acc:0.489156, Semantic loss: 1.697567, BCE loss: 1.542671, SB loss: 0.996773
2025-03-27 09:05:36,771 Epoch: [4/20] Iter:[170/192], Time: 0.44, lr: [0.007771942258567773], Loss: 4.236218, Acc:0.488992, Semantic loss: 1.694699, BCE loss: 1.547026, SB loss: 0.994493
2025-03-27 09:05:40,633 Epoch: [4/20] Iter:[180/192], Time: 0.44, lr: [0.007747834902544056], Loss: 4.232280, Acc:0.489732, Semantic loss: 1.694822, BCE loss: 1.543384, SB loss: 0.994075
2025-03-27 09:05:44,472 Epoch: [4/20] Iter:[190/192], Time: 0.43, lr: [0.0077237192091846206], Loss: 4.244805, Acc:0.488033, Semantic loss: 1.701763, BCE loss: 1.544809, SB loss: 0.998234
2025-03-27 09:07:19,189 0 [0.         0.51391013 0.13670051 0.00240872 0.02482346 0.06188968
 0.00323542] 0.10613827412734185
2025-03-27 09:07:19,190 1 [0.         0.53412474 0.14515064 0.00619169 0.01698284 0.04456029
 0.021598  ] 0.10980117043051267
2025-03-27 09:07:19,196 => saving checkpoint to output\loveda\pidnet_small_loveda\aug_rbcheckpoint.pth.tar
2025-03-27 09:07:19,273 Loss: 4.741, MeanIU:  0.1098, Best_mIoU:  0.1196
2025-03-27 09:07:19,273 [0.         0.53412474 0.14515064 0.00619169 0.01698284 0.04456029
 0.021598  ]
2025-03-27 09:07:29,540 Epoch: [5/20] Iter:[0/192], Time: 10.07, lr: [0.007718895067235705], Loss: 3.850561, Acc:0.468606, Semantic loss: 1.469113, BCE loss: 1.317807, SB loss: 1.063641
2025-03-27 09:07:33,403 Epoch: [5/20] Iter:[10/192], Time: 1.27, lr: [0.007694769327040611], Loss: 4.244078, Acc:0.458092, Semantic loss: 1.711868, BCE loss: 1.553073, SB loss: 0.979137
2025-03-27 09:07:37,250 Epoch: [5/20] Iter:[20/192], Time: 0.85, lr: [0.00767063517918174], Loss: 4.192510, Acc:0.471487, Semantic loss: 1.732060, BCE loss: 1.470694, SB loss: 0.989755
2025-03-27 09:07:41,083 Epoch: [5/20] Iter:[30/192], Time: 0.70, lr: [0.007646492591316132], Loss: 4.117616, Acc:0.487603, Semantic loss: 1.683205, BCE loss: 1.458769, SB loss: 0.975643
2025-03-27 09:07:44,930 Epoch: [5/20] Iter:[40/192], Time: 0.62, lr: [0.007622341530862476], Loss: 4.141357, Acc:0.483387, Semantic loss: 1.692777, BCE loss: 1.466939, SB loss: 0.981641
2025-03-27 09:07:48,780 Epoch: [5/20] Iter:[50/192], Time: 0.57, lr: [0.0075981819649984985], Loss: 4.209525, Acc:0.482286, Semantic loss: 1.706855, BCE loss: 1.510785, SB loss: 0.991884
2025-03-27 09:07:52,618 Epoch: [5/20] Iter:[60/192], Time: 0.54, lr: [0.007574013860658317], Loss: 4.160364, Acc:0.486237, Semantic loss: 1.684678, BCE loss: 1.493679, SB loss: 0.982006
2025-03-27 09:07:56,448 Epoch: [5/20] Iter:[70/192], Time: 0.52, lr: [0.007549837184529776], Loss: 4.189251, Acc:0.485462, Semantic loss: 1.680492, BCE loss: 1.511258, SB loss: 0.997501
2025-03-27 09:08:00,300 Epoch: [5/20] Iter:[80/192], Time: 0.50, lr: [0.0075256519030517215], Loss: 4.205246, Acc:0.483969, Semantic loss: 1.687819, BCE loss: 1.510914, SB loss: 1.006513
2025-03-27 09:08:04,151 Epoch: [5/20] Iter:[90/192], Time: 0.49, lr: [0.007501457982411236], Loss: 4.182413, Acc:0.484490, Semantic loss: 1.683366, BCE loss: 1.499570, SB loss: 0.999478
2025-03-27 09:08:08,000 Epoch: [5/20] Iter:[100/192], Time: 0.48, lr: [0.0074772553885408604], Loss: 4.182632, Acc:0.487787, Semantic loss: 1.679420, BCE loss: 1.501686, SB loss: 1.001527
2025-03-27 09:08:11,864 Epoch: [5/20] Iter:[110/192], Time: 0.47, lr: [0.007453044087115737], Loss: 4.208289, Acc:0.485227, Semantic loss: 1.694617, BCE loss: 1.504776, SB loss: 1.008896
2025-03-27 09:08:15,707 Epoch: [5/20] Iter:[120/192], Time: 0.46, lr: [0.007428824043550734], Loss: 4.199911, Acc:0.484843, Semantic loss: 1.689999, BCE loss: 1.505575, SB loss: 1.004337
2025-03-27 09:08:19,553 Epoch: [5/20] Iter:[130/192], Time: 0.46, lr: [0.007404595222997526], Loss: 4.214109, Acc:0.482081, Semantic loss: 1.698365, BCE loss: 1.506980, SB loss: 1.008765
2025-03-27 09:08:23,427 Epoch: [5/20] Iter:[140/192], Time: 0.45, lr: [0.007380357590341623], Loss: 4.211926, Acc:0.483943, Semantic loss: 1.694606, BCE loss: 1.516344, SB loss: 1.000975
2025-03-27 09:08:27,290 Epoch: [5/20] Iter:[150/192], Time: 0.45, lr: [0.007356111110199354], Loss: 4.213707, Acc:0.485086, Semantic loss: 1.694458, BCE loss: 1.518104, SB loss: 1.001146
2025-03-27 09:08:31,132 Epoch: [5/20] Iter:[160/192], Time: 0.45, lr: [0.00733185574691482], Loss: 4.219074, Acc:0.486494, Semantic loss: 1.689372, BCE loss: 1.525664, SB loss: 1.004038
2025-03-27 09:08:34,995 Epoch: [5/20] Iter:[170/192], Time: 0.44, lr: [0.007307591464556783], Loss: 4.213641, Acc:0.488305, Semantic loss: 1.687693, BCE loss: 1.526275, SB loss: 0.999673
2025-03-27 09:08:38,854 Epoch: [5/20] Iter:[180/192], Time: 0.44, lr: [0.007283318226915514], Loss: 4.235254, Acc:0.487043, Semantic loss: 1.692992, BCE loss: 1.536564, SB loss: 1.005698
2025-03-27 09:08:42,689 Epoch: [5/20] Iter:[190/192], Time: 0.44, lr: [0.007259035997499604], Loss: 4.230411, Acc:0.488890, Semantic loss: 1.688594, BCE loss: 1.536174, SB loss: 1.005643
2025-03-27 09:10:17,132 0 [0.         0.51843256 0.15513441 0.01534413 0.10914552 0.05216671
 0.04451867] 0.12782028746356391
2025-03-27 09:10:17,132 1 [0.         0.57823985 0.14924144 0.01455698 0.03113964 0.02479435
 0.04310032] 0.12015322672846997
2025-03-27 09:10:17,139 => saving checkpoint to output\loveda\pidnet_small_loveda\aug_rbcheckpoint.pth.tar
2025-03-27 09:10:17,256 Loss: 4.341, MeanIU:  0.1202, Best_mIoU:  0.1202
2025-03-27 09:10:17,256 [0.         0.57823985 0.14924144 0.01455698 0.03113964 0.02479435
 0.04310032]
2025-03-27 09:10:27,503 Epoch: [6/20] Iter:[0/192], Time: 10.05, lr: [0.007254178469372199], Loss: 4.325725, Acc:0.497344, Semantic loss: 1.698552, BCE loss: 1.689405, SB loss: 0.937768
2025-03-27 09:10:31,351 Epoch: [6/20] Iter:[10/192], Time: 1.26, lr: [0.007229885401256642], Loss: 4.043120, Acc:0.510053, Semantic loss: 1.584696, BCE loss: 1.439330, SB loss: 1.019094
2025-03-27 09:10:35,186 Epoch: [6/20] Iter:[20/192], Time: 0.84, lr: [0.0072055832600777334], Loss: 4.137279, Acc:0.495739, Semantic loss: 1.633315, BCE loss: 1.454631, SB loss: 1.049332
2025-03-27 09:10:39,052 Epoch: [6/20] Iter:[30/192], Time: 0.70, lr: [0.007181272008420604], Loss: 4.128056, Acc:0.499834, Semantic loss: 1.649020, BCE loss: 1.457787, SB loss: 1.021249
2025-03-27 09:10:42,891 Epoch: [6/20] Iter:[40/192], Time: 0.62, lr: [0.007156951608574727], Loss: 4.127323, Acc:0.497918, Semantic loss: 1.648821, BCE loss: 1.469395, SB loss: 1.009106
2025-03-27 09:10:46,731 Epoch: [6/20] Iter:[50/192], Time: 0.57, lr: [0.007132622022530447], Loss: 4.136043, Acc:0.494231, Semantic loss: 1.662720, BCE loss: 1.448802, SB loss: 1.024521
2025-03-27 09:10:50,586 Epoch: [6/20] Iter:[60/192], Time: 0.54, lr: [0.007108283211975477], Loss: 4.179919, Acc:0.497893, Semantic loss: 1.666152, BCE loss: 1.500163, SB loss: 1.013604
2025-03-27 09:10:54,423 Epoch: [6/20] Iter:[70/192], Time: 0.52, lr: [0.007083935138291319], Loss: 4.162928, Acc:0.497019, Semantic loss: 1.664932, BCE loss: 1.491447, SB loss: 1.006549
2025-03-27 09:10:58,275 Epoch: [6/20] Iter:[80/192], Time: 0.50, lr: [0.007059577762549636], Loss: 4.157312, Acc:0.500098, Semantic loss: 1.657133, BCE loss: 1.503633, SB loss: 0.996546
2025-03-27 09:11:02,129 Epoch: [6/20] Iter:[90/192], Time: 0.49, lr: [0.007035211045508576], Loss: 4.156138, Acc:0.501700, Semantic loss: 1.653659, BCE loss: 1.515681, SB loss: 0.986797
2025-03-27 09:11:05,979 Epoch: [6/20] Iter:[100/192], Time: 0.48, lr: [0.0070108349476090265], Loss: 4.164549, Acc:0.503270, Semantic loss: 1.646427, BCE loss: 1.531166, SB loss: 0.986956
2025-03-27 09:11:09,809 Epoch: [6/20] Iter:[110/192], Time: 0.47, lr: [0.00698644942897081], Loss: 4.163483, Acc:0.499400, Semantic loss: 1.648700, BCE loss: 1.529415, SB loss: 0.985368
2025-03-27 09:11:13,658 Epoch: [6/20] Iter:[120/192], Time: 0.46, lr: [0.006962054449388827], Loss: 4.172986, Acc:0.498853, Semantic loss: 1.650414, BCE loss: 1.532308, SB loss: 0.990264
2025-03-27 09:11:17,512 Epoch: [6/20] Iter:[130/192], Time: 0.46, lr: [0.006937649968329135], Loss: 4.185088, Acc:0.496150, Semantic loss: 1.655134, BCE loss: 1.539672, SB loss: 0.990282
2025-03-27 09:11:21,369 Epoch: [6/20] Iter:[140/192], Time: 0.45, lr: [0.006913235944924954], Loss: 4.193661, Acc:0.498378, Semantic loss: 1.651622, BCE loss: 1.550745, SB loss: 0.991293
2025-03-27 09:11:25,219 Epoch: [6/20] Iter:[150/192], Time: 0.45, lr: [0.006888812337972621], Loss: 4.187902, Acc:0.496866, Semantic loss: 1.656163, BCE loss: 1.544370, SB loss: 0.987369
2025-03-27 09:11:29,080 Epoch: [6/20] Iter:[160/192], Time: 0.44, lr: [0.00686437910592748], Loss: 4.182626, Acc:0.496628, Semantic loss: 1.655746, BCE loss: 1.540245, SB loss: 0.986635
2025-03-27 09:11:33,136 Epoch: [6/20] Iter:[170/192], Time: 0.44, lr: [0.00683993620689969], Loss: 4.179475, Acc:0.496977, Semantic loss: 1.655902, BCE loss: 1.538640, SB loss: 0.984933
2025-03-27 09:11:36,984 Epoch: [6/20] Iter:[180/192], Time: 0.44, lr: [0.0068154835986499775], Loss: 4.174909, Acc:0.498731, Semantic loss: 1.650222, BCE loss: 1.538246, SB loss: 0.986441
2025-03-27 09:11:40,818 Epoch: [6/20] Iter:[190/192], Time: 0.44, lr: [0.006791021238585323], Loss: 4.167103, Acc:0.498881, Semantic loss: 1.650474, BCE loss: 1.533409, SB loss: 0.983220
2025-03-27 09:13:15,322 0 [0.         0.54943333 0.14957036 0.02461598 0.1603073  0.10011011
 0.03530712] 0.14562060073472255
2025-03-27 09:13:15,322 1 [0.         0.49157233 0.0821673  0.01369439 0.04759784 0.03984512
 0.03225651] 0.1010190706555293
2025-03-27 09:13:15,329 => saving checkpoint to output\loveda\pidnet_small_loveda\aug_rbcheckpoint.pth.tar
2025-03-27 09:13:15,413 Loss: 4.397, MeanIU:  0.1010, Best_mIoU:  0.1202
2025-03-27 09:13:15,413 [0.         0.49157233 0.0821673  0.01369439 0.04759784 0.03984512
 0.03225651]
2025-03-27 09:13:25,634 Epoch: [7/20] Iter:[0/192], Time: 10.03, lr: [0.006786127592581251], Loss: 4.672530, Acc:0.481873, Semantic loss: 1.470950, BCE loss: 2.093908, SB loss: 1.107672
2025-03-27 09:13:29,475 Epoch: [7/20] Iter:[10/192], Time: 1.26, lr: [0.006761653473611295], Loss: 3.958417, Acc:0.509158, Semantic loss: 1.526992, BCE loss: 1.539190, SB loss: 0.892235
2025-03-27 09:13:33,336 Epoch: [7/20] Iter:[20/192], Time: 0.84, lr: [0.006737169507854796], Loss: 4.020426, Acc:0.516467, Semantic loss: 1.547119, BCE loss: 1.582743, SB loss: 0.890565
2025-03-27 09:13:37,201 Epoch: [7/20] Iter:[30/192], Time: 0.70, lr: [0.006712675651556858], Loss: 4.038330, Acc:0.519603, Semantic loss: 1.564884, BCE loss: 1.577448, SB loss: 0.895998
2025-03-27 09:13:41,040 Epoch: [7/20] Iter:[40/192], Time: 0.62, lr: [0.006688171860589905], Loss: 3.998435, Acc:0.504076, Semantic loss: 1.583890, BCE loss: 1.529732, SB loss: 0.884813
2025-03-27 09:13:44,895 Epoch: [7/20] Iter:[50/192], Time: 0.57, lr: [0.0066636580904489585], Loss: 4.036236, Acc:0.501693, Semantic loss: 1.594917, BCE loss: 1.532328, SB loss: 0.908990
2025-03-27 09:13:48,738 Epoch: [7/20] Iter:[60/192], Time: 0.54, lr: [0.006639134296246874], Loss: 4.041596, Acc:0.501207, Semantic loss: 1.597000, BCE loss: 1.535586, SB loss: 0.909010
2025-03-27 09:13:52,592 Epoch: [7/20] Iter:[70/192], Time: 0.52, lr: [0.0066146004327094585], Loss: 4.091946, Acc:0.491882, Semantic loss: 1.625238, BCE loss: 1.533280, SB loss: 0.933428
2025-03-27 09:13:56,443 Epoch: [7/20] Iter:[80/192], Time: 0.50, lr: [0.006590056454170537], Loss: 4.111363, Acc:0.494264, Semantic loss: 1.628802, BCE loss: 1.543858, SB loss: 0.938703
2025-03-27 09:14:00,298 Epoch: [7/20] Iter:[90/192], Time: 0.49, lr: [0.006565502314566912], Loss: 4.121758, Acc:0.493580, Semantic loss: 1.641656, BCE loss: 1.532387, SB loss: 0.947716
2025-03-27 09:14:04,129 Epoch: [7/20] Iter:[100/192], Time: 0.48, lr: [0.006540937967433255], Loss: 4.121516, Acc:0.492380, Semantic loss: 1.636297, BCE loss: 1.529672, SB loss: 0.955547
2025-03-27 09:14:07,979 Epoch: [7/20] Iter:[110/192], Time: 0.47, lr: [0.006516363365896894], Loss: 4.111718, Acc:0.494425, Semantic loss: 1.632300, BCE loss: 1.524520, SB loss: 0.954898
2025-03-27 09:14:11,832 Epoch: [7/20] Iter:[120/192], Time: 0.46, lr: [0.006491778462672531], Loss: 4.117068, Acc:0.495081, Semantic loss: 1.630262, BCE loss: 1.533378, SB loss: 0.953428
2025-03-27 09:14:15,684 Epoch: [7/20] Iter:[130/192], Time: 0.46, lr: [0.006467183210056843], Loss: 4.118375, Acc:0.495918, Semantic loss: 1.627844, BCE loss: 1.539153, SB loss: 0.951378
2025-03-27 09:14:19,549 Epoch: [7/20] Iter:[140/192], Time: 0.45, lr: [0.006442577559923017], Loss: 4.111053, Acc:0.498009, Semantic loss: 1.620907, BCE loss: 1.538236, SB loss: 0.951909
2025-03-27 09:14:23,403 Epoch: [7/20] Iter:[150/192], Time: 0.45, lr: [0.006417961463715172], Loss: 4.096286, Acc:0.498464, Semantic loss: 1.617774, BCE loss: 1.527617, SB loss: 0.950895
2025-03-27 09:14:27,262 Epoch: [7/20] Iter:[160/192], Time: 0.45, lr: [0.006393334872442681], Loss: 4.101495, Acc:0.498446, Semantic loss: 1.621657, BCE loss: 1.527287, SB loss: 0.952551
2025-03-27 09:14:31,123 Epoch: [7/20] Iter:[170/192], Time: 0.44, lr: [0.006368697736674411], Loss: 4.104674, Acc:0.499835, Semantic loss: 1.627707, BCE loss: 1.524942, SB loss: 0.952026
2025-03-27 09:14:34,986 Epoch: [7/20] Iter:[180/192], Time: 0.44, lr: [0.006344050006532848], Loss: 4.109152, Acc:0.499580, Semantic loss: 1.627081, BCE loss: 1.528271, SB loss: 0.953800
2025-03-27 09:14:38,808 Epoch: [7/20] Iter:[190/192], Time: 0.44, lr: [0.006319391631688114], Loss: 4.109240, Acc:0.501774, Semantic loss: 1.625112, BCE loss: 1.529592, SB loss: 0.954535
2025-03-27 09:16:13,414 0 [0.         0.5048618  0.14170544 0.03606203 0.08121323 0.00101594
 0.00300627] 0.10969495924772975
2025-03-27 09:16:13,415 1 [0.         0.4955024  0.16388481 0.01338881 0.08830451 0.01319978
 0.02628427] 0.11436636803032926
2025-03-27 09:16:13,422 => saving checkpoint to output\loveda\pidnet_small_loveda\aug_rbcheckpoint.pth.tar
2025-03-27 09:16:13,499 Loss: 5.077, MeanIU:  0.1144, Best_mIoU:  0.1202
2025-03-27 09:16:13,499 [0.         0.4955024  0.16388481 0.01338881 0.08830451 0.01319978
 0.02628427]
2025-03-27 09:16:23,788 Epoch: [8/20] Iter:[0/192], Time: 10.10, lr: [0.006314458674893553], Loss: 4.149367, Acc:0.583008, Semantic loss: 1.470530, BCE loss: 1.804693, SB loss: 0.874144
2025-03-27 09:16:27,639 Epoch: [8/20] Iter:[10/192], Time: 1.27, lr: [0.006289787459323657], Loss: 4.014371, Acc:0.532421, Semantic loss: 1.555734, BCE loss: 1.548432, SB loss: 0.910205
2025-03-27 09:16:31,490 Epoch: [8/20] Iter:[20/192], Time: 0.85, lr: [0.006265105486702424], Loss: 4.111954, Acc:0.509226, Semantic loss: 1.626247, BCE loss: 1.518255, SB loss: 0.967453
2025-03-27 09:16:35,323 Epoch: [8/20] Iter:[30/192], Time: 0.70, lr: [0.006240412705211017], Loss: 4.094151, Acc:0.498668, Semantic loss: 1.622749, BCE loss: 1.497976, SB loss: 0.973425
2025-03-27 09:16:39,167 Epoch: [8/20] Iter:[40/192], Time: 0.62, lr: [0.006215709062551949], Loss: 4.083373, Acc:0.502647, Semantic loss: 1.614100, BCE loss: 1.510650, SB loss: 0.958623
2025-03-27 09:16:43,028 Epoch: [8/20] Iter:[50/192], Time: 0.58, lr: [0.006190994505942529], Loss: 4.053125, Acc:0.503679, Semantic loss: 1.611218, BCE loss: 1.477598, SB loss: 0.964309
2025-03-27 09:16:46,872 Epoch: [8/20] Iter:[60/192], Time: 0.54, lr: [0.006166268982108192], Loss: 4.036325, Acc:0.502299, Semantic loss: 1.613586, BCE loss: 1.462668, SB loss: 0.960071
2025-03-27 09:16:50,700 Epoch: [8/20] Iter:[70/192], Time: 0.52, lr: [0.006141532437275693], Loss: 4.040722, Acc:0.496708, Semantic loss: 1.623544, BCE loss: 1.458130, SB loss: 0.959047
2025-03-27 09:16:54,534 Epoch: [8/20] Iter:[80/192], Time: 0.50, lr: [0.006116784817166194], Loss: 4.038844, Acc:0.497114, Semantic loss: 1.616413, BCE loss: 1.463037, SB loss: 0.959393
2025-03-27 09:16:58,397 Epoch: [8/20] Iter:[90/192], Time: 0.49, lr: [0.006092026066988214], Loss: 4.065357, Acc:0.498693, Semantic loss: 1.623571, BCE loss: 1.486505, SB loss: 0.955281
2025-03-27 09:17:02,227 Epoch: [8/20] Iter:[100/192], Time: 0.48, lr: [0.006067256131430442], Loss: 4.063083, Acc:0.499660, Semantic loss: 1.616787, BCE loss: 1.497028, SB loss: 0.949267
2025-03-27 09:17:06,073 Epoch: [8/20] Iter:[110/192], Time: 0.47, lr: [0.00604247495465443], Loss: 4.071193, Acc:0.500264, Semantic loss: 1.613339, BCE loss: 1.503973, SB loss: 0.953881
2025-03-27 09:17:09,937 Epoch: [8/20] Iter:[120/192], Time: 0.46, lr: [0.006017682480287143], Loss: 4.070321, Acc:0.500938, Semantic loss: 1.613973, BCE loss: 1.503000, SB loss: 0.953348
2025-03-27 09:17:13,798 Epoch: [8/20] Iter:[130/192], Time: 0.46, lr: [0.00599287865141337], Loss: 4.072892, Acc:0.502483, Semantic loss: 1.616637, BCE loss: 1.503915, SB loss: 0.952341
2025-03-27 09:17:17,633 Epoch: [8/20] Iter:[140/192], Time: 0.45, lr: [0.005968063410567983], Loss: 4.083572, Acc:0.500286, Semantic loss: 1.621308, BCE loss: 1.505025, SB loss: 0.957239
2025-03-27 09:17:21,493 Epoch: [8/20] Iter:[150/192], Time: 0.45, lr: [0.00594323669972807], Loss: 4.086444, Acc:0.503470, Semantic loss: 1.616945, BCE loss: 1.513967, SB loss: 0.955532
2025-03-27 09:17:25,353 Epoch: [8/20] Iter:[160/192], Time: 0.45, lr: [0.005918398460304892], Loss: 4.088656, Acc:0.504625, Semantic loss: 1.615971, BCE loss: 1.516433, SB loss: 0.956251
2025-03-27 09:17:29,211 Epoch: [8/20] Iter:[170/192], Time: 0.44, lr: [0.0058935486331357125], Loss: 4.095693, Acc:0.503709, Semantic loss: 1.617601, BCE loss: 1.522208, SB loss: 0.955883
2025-03-27 09:17:33,066 Epoch: [8/20] Iter:[180/192], Time: 0.44, lr: [0.005868687158475447], Loss: 4.095454, Acc:0.504502, Semantic loss: 1.616667, BCE loss: 1.523949, SB loss: 0.954838
2025-03-27 09:17:36,888 Epoch: [8/20] Iter:[190/192], Time: 0.44, lr: [0.005843813975988169], Loss: 4.088939, Acc:0.505162, Semantic loss: 1.612577, BCE loss: 1.527644, SB loss: 0.948719
2025-03-27 09:19:11,191 0 [0.         0.54792534 0.20652454 0.04862818 0.10044134 0.00705586
 0.03260851] 0.13474053856472776
2025-03-27 09:19:11,191 1 [0.         0.52865981 0.23276899 0.04681604 0.12199538 0.033693
 0.04452042] 0.1440648075937067
2025-03-27 09:19:11,198 => saving checkpoint to output\loveda\pidnet_small_loveda\aug_rbcheckpoint.pth.tar
2025-03-27 09:19:11,315 Loss: 4.439, MeanIU:  0.1441, Best_mIoU:  0.1441
2025-03-27 09:19:11,315 [0.         0.52865981 0.23276899 0.04681604 0.12199538 0.033693
 0.04452042]
2025-03-27 09:19:21,516 Epoch: [9/20] Iter:[0/192], Time: 10.01, lr: [0.0058388379291998025], Loss: 3.758062, Acc:0.578952, Semantic loss: 1.288935, BCE loss: 1.634284, SB loss: 0.834843
2025-03-27 09:19:25,369 Epoch: [9/20] Iter:[10/192], Time: 1.26, lr: [0.0058139506168319475], Loss: 3.899989, Acc:0.504728, Semantic loss: 1.535340, BCE loss: 1.455656, SB loss: 0.908992
2025-03-27 09:19:29,218 Epoch: [9/20] Iter:[20/192], Time: 0.84, lr: [0.005789051461775303], Loss: 3.955898, Acc:0.502941, Semantic loss: 1.570047, BCE loss: 1.459880, SB loss: 0.925971
2025-03-27 09:19:33,074 Epoch: [9/20] Iter:[30/192], Time: 0.70, lr: [0.005764140401744157], Loss: 3.998722, Acc:0.508801, Semantic loss: 1.578035, BCE loss: 1.466753, SB loss: 0.953934
2025-03-27 09:19:36,922 Epoch: [9/20] Iter:[40/192], Time: 0.62, lr: [0.005739217373824397], Loss: 4.019324, Acc:0.506670, Semantic loss: 1.586528, BCE loss: 1.481996, SB loss: 0.950800
2025-03-27 09:19:40,768 Epoch: [9/20] Iter:[50/192], Time: 0.57, lr: [0.005714282314464109], Loss: 4.035556, Acc:0.510183, Semantic loss: 1.576635, BCE loss: 1.523997, SB loss: 0.934925
2025-03-27 09:19:44,624 Epoch: [9/20] Iter:[60/192], Time: 0.54, lr: [0.005689335159463984], Loss: 4.059096, Acc:0.509290, Semantic loss: 1.589115, BCE loss: 1.512783, SB loss: 0.957199
2025-03-27 09:19:48,463 Epoch: [9/20] Iter:[70/192], Time: 0.52, lr: [0.0056643758439675305], Loss: 4.058114, Acc:0.506606, Semantic loss: 1.587765, BCE loss: 1.515988, SB loss: 0.954361
2025-03-27 09:19:52,325 Epoch: [9/20] Iter:[80/192], Time: 0.50, lr: [0.005639404302451105], Loss: 4.041212, Acc:0.510978, Semantic loss: 1.584311, BCE loss: 1.505579, SB loss: 0.951321
2025-03-27 09:19:56,180 Epoch: [9/20] Iter:[90/192], Time: 0.49, lr: [0.005614420468713722], Loss: 4.058109, Acc:0.505181, Semantic loss: 1.600356, BCE loss: 1.506249, SB loss: 0.951505
2025-03-27 09:20:00,044 Epoch: [9/20] Iter:[100/192], Time: 0.48, lr: [0.005589424275866668], Loss: 4.059388, Acc:0.506399, Semantic loss: 1.602191, BCE loss: 1.506895, SB loss: 0.950303
2025-03-27 09:20:03,898 Epoch: [9/20] Iter:[110/192], Time: 0.47, lr: [0.005564415656322913], Loss: 4.065763, Acc:0.506683, Semantic loss: 1.598800, BCE loss: 1.516811, SB loss: 0.950152
2025-03-27 09:20:07,750 Epoch: [9/20] Iter:[120/192], Time: 0.46, lr: [0.00553939454178628], Loss: 4.067561, Acc:0.509094, Semantic loss: 1.592798, BCE loss: 1.527219, SB loss: 0.947544
2025-03-27 09:20:11,613 Epoch: [9/20] Iter:[130/192], Time: 0.46, lr: [0.005514360863240413], Loss: 4.057282, Acc:0.510304, Semantic loss: 1.588153, BCE loss: 1.521119, SB loss: 0.948010
2025-03-27 09:20:15,473 Epoch: [9/20] Iter:[140/192], Time: 0.45, lr: [0.005489314550937511], Loss: 4.048164, Acc:0.513216, Semantic loss: 1.580990, BCE loss: 1.521846, SB loss: 0.945328
2025-03-27 09:20:19,319 Epoch: [9/20] Iter:[150/192], Time: 0.45, lr: [0.005464255534386825], Loss: 4.040615, Acc:0.515358, Semantic loss: 1.574081, BCE loss: 1.520771, SB loss: 0.945763
2025-03-27 09:20:23,181 Epoch: [9/20] Iter:[160/192], Time: 0.45, lr: [0.005439183742342914], Loss: 4.051906, Acc:0.514771, Semantic loss: 1.577578, BCE loss: 1.528855, SB loss: 0.945472
2025-03-27 09:20:27,025 Epoch: [9/20] Iter:[170/192], Time: 0.44, lr: [0.00541409910279366], Loss: 4.052921, Acc:0.515172, Semantic loss: 1.575571, BCE loss: 1.532317, SB loss: 0.945033
2025-03-27 09:20:30,880 Epoch: [9/20] Iter:[180/192], Time: 0.44, lr: [0.005389001542948025], Loss: 4.063175, Acc:0.514162, Semantic loss: 1.581182, BCE loss: 1.534369, SB loss: 0.947624
2025-03-27 09:20:34,692 Epoch: [9/20] Iter:[190/192], Time: 0.44, lr: [0.005363890989223547], Loss: 4.052065, Acc:0.513489, Semantic loss: 1.580777, BCE loss: 1.523788, SB loss: 0.947500
2025-03-27 09:22:09,263 0 [0.         0.52742692 0.18006952 0.04146398 0.16002462 0.14779328
 0.02184862] 0.1540895631061689
2025-03-27 09:22:09,263 1 [0.         0.45870793 0.12439353 0.03038884 0.19494642 0.19350178
 0.01562336] 0.1453659783436516
2025-03-27 09:22:09,270 => saving checkpoint to output\loveda\pidnet_small_loveda\aug_rbcheckpoint.pth.tar
2025-03-27 09:22:09,394 Loss: 4.361, MeanIU:  0.1454, Best_mIoU:  0.1454
2025-03-27 09:22:09,394 [0.         0.45870793 0.12439353 0.03038884 0.19494642 0.19350178
 0.01562336]
2025-03-27 09:22:19,634 Epoch: [10/20] Iter:[0/192], Time: 10.05, lr: [0.005358867312681466], Loss: 3.891086, Acc:0.589306, Semantic loss: 1.473881, BCE loss: 1.626392, SB loss: 0.790813
2025-03-27 09:22:23,489 Epoch: [10/20] Iter:[10/192], Time: 1.26, lr: [0.005333741068040314], Loss: 4.143743, Acc:0.527704, Semantic loss: 1.598396, BCE loss: 1.634243, SB loss: 0.911104
2025-03-27 09:22:27,343 Epoch: [10/20] Iter:[20/192], Time: 0.85, lr: [0.0053086016647897714], Loss: 4.152122, Acc:0.528946, Semantic loss: 1.597122, BCE loss: 1.607590, SB loss: 0.947410
2025-03-27 09:22:31,184 Epoch: [10/20] Iter:[30/192], Time: 0.70, lr: [0.005283449026727663], Loss: 4.136964, Acc:0.524724, Semantic loss: 1.582346, BCE loss: 1.625366, SB loss: 0.929252
2025-03-27 09:22:35,049 Epoch: [10/20] Iter:[40/192], Time: 0.62, lr: [0.005258283076804885], Loss: 4.121687, Acc:0.526265, Semantic loss: 1.573882, BCE loss: 1.633836, SB loss: 0.913969
2025-03-27 09:22:38,891 Epoch: [10/20] Iter:[50/192], Time: 0.57, lr: [0.00523310373711144], Loss: 4.071881, Acc:0.525141, Semantic loss: 1.560021, BCE loss: 1.614532, SB loss: 0.897328
2025-03-27 09:22:42,741 Epoch: [10/20] Iter:[60/192], Time: 0.54, lr: [0.005207910928862159], Loss: 4.040386, Acc:0.526014, Semantic loss: 1.558432, BCE loss: 1.598949, SB loss: 0.883006
2025-03-27 09:22:46,582 Epoch: [10/20] Iter:[70/192], Time: 0.52, lr: [0.005182704572382109], Loss: 4.011646, Acc:0.525462, Semantic loss: 1.557086, BCE loss: 1.571783, SB loss: 0.882777
2025-03-27 09:22:50,430 Epoch: [10/20] Iter:[80/192], Time: 0.50, lr: [0.005157484587091684], Loss: 4.025766, Acc:0.524420, Semantic loss: 1.559684, BCE loss: 1.574954, SB loss: 0.891127
2025-03-27 09:22:54,276 Epoch: [10/20] Iter:[90/192], Time: 0.49, lr: [0.005132250891491357], Loss: 4.006460, Acc:0.524913, Semantic loss: 1.555232, BCE loss: 1.564176, SB loss: 0.887053
2025-03-27 09:22:58,123 Epoch: [10/20] Iter:[100/192], Time: 0.48, lr: [0.005107003403146087], Loss: 3.983273, Acc:0.525543, Semantic loss: 1.551244, BCE loss: 1.544358, SB loss: 0.887671
2025-03-27 09:23:01,989 Epoch: [10/20] Iter:[110/192], Time: 0.47, lr: [0.005081742038669388], Loss: 3.997054, Acc:0.523065, Semantic loss: 1.559190, BCE loss: 1.544527, SB loss: 0.893338
2025-03-27 09:23:05,841 Epoch: [10/20] Iter:[120/192], Time: 0.46, lr: [0.005056466713707024], Loss: 3.995560, Acc:0.521276, Semantic loss: 1.564299, BCE loss: 1.531681, SB loss: 0.899579
2025-03-27 09:23:09,695 Epoch: [10/20] Iter:[130/192], Time: 0.46, lr: [0.005031177342920337], Loss: 4.001767, Acc:0.517915, Semantic loss: 1.571494, BCE loss: 1.527815, SB loss: 0.902458
2025-03-27 09:23:13,529 Epoch: [10/20] Iter:[140/192], Time: 0.45, lr: [0.005005873839969192], Loss: 4.004363, Acc:0.516099, Semantic loss: 1.574532, BCE loss: 1.518062, SB loss: 0.911768
2025-03-27 09:23:17,384 Epoch: [10/20] Iter:[150/192], Time: 0.45, lr: [0.00498055611749454], Loss: 4.007371, Acc:0.516475, Semantic loss: 1.576458, BCE loss: 1.518514, SB loss: 0.912399
2025-03-27 09:23:21,240 Epoch: [10/20] Iter:[160/192], Time: 0.45, lr: [0.004955224087100552], Loss: 4.002713, Acc:0.518006, Semantic loss: 1.571836, BCE loss: 1.520039, SB loss: 0.910838
2025-03-27 09:23:25,096 Epoch: [10/20] Iter:[170/192], Time: 0.44, lr: [0.004929877659336362], Loss: 4.007060, Acc:0.518799, Semantic loss: 1.571450, BCE loss: 1.522281, SB loss: 0.913329
2025-03-27 09:23:28,940 Epoch: [10/20] Iter:[180/192], Time: 0.44, lr: [0.004904516743677371], Loss: 4.005944, Acc:0.517271, Semantic loss: 1.572630, BCE loss: 1.517556, SB loss: 0.915757
2025-03-27 09:23:32,768 Epoch: [10/20] Iter:[190/192], Time: 0.44, lr: [0.00487914124850611], Loss: 4.008365, Acc:0.518291, Semantic loss: 1.569279, BCE loss: 1.521249, SB loss: 0.917837
2025-03-27 09:25:07,116 0 [0.         0.52961137 0.19642482 0.07756452 0.26828582 0.11914356
 0.06968354] 0.180101945419111
2025-03-27 09:25:07,116 1 [0.         0.45104517 0.17429335 0.09091057 0.24517695 0.17546202
 0.04634738] 0.16903363342100494
2025-03-27 09:25:07,123 => saving checkpoint to output\loveda\pidnet_small_loveda\aug_rbcheckpoint.pth.tar
2025-03-27 09:25:07,255 Loss: 3.983, MeanIU:  0.1690, Best_mIoU:  0.1690
2025-03-27 09:25:07,255 [0.         0.45104517 0.17429335 0.09091057 0.24517695 0.17546202
 0.04634738]
2025-03-27 09:25:17,556 Epoch: [11/20] Iter:[0/192], Time: 10.11, lr: [0.004874064391789954], Loss: 4.004966, Acc:0.625350, Semantic loss: 1.420913, BCE loss: 1.658484, SB loss: 0.925570
2025-03-27 09:25:21,411 Epoch: [11/20] Iter:[10/192], Time: 1.27, lr: [0.004848671278701159], Loss: 3.838998, Acc:0.554318, Semantic loss: 1.448889, BCE loss: 1.570966, SB loss: 0.819142
2025-03-27 09:25:25,251 Epoch: [11/20] Iter:[20/192], Time: 0.85, lr: [0.0048232633805975296], Loss: 3.971445, Acc:0.531630, Semantic loss: 1.497737, BCE loss: 1.578348, SB loss: 0.895360
2025-03-27 09:25:29,114 Epoch: [11/20] Iter:[30/192], Time: 0.70, lr: [0.00479784060223045], Loss: 3.994999, Acc:0.524390, Semantic loss: 1.541991, BCE loss: 1.527512, SB loss: 0.925496
2025-03-27 09:25:32,961 Epoch: [11/20] Iter:[40/192], Time: 0.62, lr: [0.004772402847172951], Loss: 3.953340, Acc:0.533521, Semantic loss: 1.518163, BCE loss: 1.509956, SB loss: 0.925221
2025-03-27 09:25:36,802 Epoch: [11/20] Iter:[50/192], Time: 0.58, lr: [0.004746950017798064], Loss: 3.931864, Acc:0.540721, Semantic loss: 1.497006, BCE loss: 1.519225, SB loss: 0.915634
2025-03-27 09:25:40,642 Epoch: [11/20] Iter:[60/192], Time: 0.54, lr: [0.004721482015256639], Loss: 3.941388, Acc:0.539952, Semantic loss: 1.501899, BCE loss: 1.516105, SB loss: 0.923384
2025-03-27 09:25:44,506 Epoch: [11/20] Iter:[70/192], Time: 0.52, lr: [0.004695998739454633], Loss: 3.950852, Acc:0.542002, Semantic loss: 1.505685, BCE loss: 1.529184, SB loss: 0.915982
2025-03-27 09:25:48,358 Epoch: [11/20] Iter:[80/192], Time: 0.51, lr: [0.004670500089029817], Loss: 3.948286, Acc:0.540007, Semantic loss: 1.502114, BCE loss: 1.529677, SB loss: 0.916494
2025-03-27 09:25:52,205 Epoch: [11/20] Iter:[90/192], Time: 0.49, lr: [0.004644985961327915], Loss: 3.944842, Acc:0.533774, Semantic loss: 1.522351, BCE loss: 1.508840, SB loss: 0.913651
2025-03-27 09:25:56,070 Epoch: [11/20] Iter:[100/192], Time: 0.48, lr: [0.004619456252378151], Loss: 3.954968, Acc:0.533253, Semantic loss: 1.525585, BCE loss: 1.510639, SB loss: 0.918744
2025-03-27 09:25:59,937 Epoch: [11/20] Iter:[110/192], Time: 0.47, lr: [0.004593910856868159], Loss: 3.952316, Acc:0.533551, Semantic loss: 1.525962, BCE loss: 1.507336, SB loss: 0.919017
2025-03-27 09:26:03,796 Epoch: [11/20] Iter:[120/192], Time: 0.47, lr: [0.004568349668118281], Loss: 3.957069, Acc:0.532781, Semantic loss: 1.528053, BCE loss: 1.507377, SB loss: 0.921639
2025-03-27 09:26:07,663 Epoch: [11/20] Iter:[130/192], Time: 0.46, lr: [0.004542772578055196], Loss: 3.964314, Acc:0.530183, Semantic loss: 1.533058, BCE loss: 1.509711, SB loss: 0.921545
2025-03-27 09:26:11,522 Epoch: [11/20] Iter:[140/192], Time: 0.45, lr: [0.00451717947718487], Loss: 3.963619, Acc:0.531404, Semantic loss: 1.527656, BCE loss: 1.517638, SB loss: 0.918325
2025-03-27 09:26:15,375 Epoch: [11/20] Iter:[150/192], Time: 0.45, lr: [0.004491570254564817], Loss: 3.962789, Acc:0.530047, Semantic loss: 1.530016, BCE loss: 1.514659, SB loss: 0.918114
2025-03-27 09:26:19,233 Epoch: [11/20] Iter:[160/192], Time: 0.45, lr: [0.004465944797775636], Loss: 3.968685, Acc:0.528804, Semantic loss: 1.532089, BCE loss: 1.515549, SB loss: 0.921047
2025-03-27 09:26:23,090 Epoch: [11/20] Iter:[170/192], Time: 0.44, lr: [0.004440302992891796], Loss: 3.974202, Acc:0.528975, Semantic loss: 1.533307, BCE loss: 1.519525, SB loss: 0.921370
2025-03-27 09:26:26,928 Epoch: [11/20] Iter:[180/192], Time: 0.44, lr: [0.004414644724451659], Loss: 3.978680, Acc:0.526562, Semantic loss: 1.538583, BCE loss: 1.520099, SB loss: 0.919998
2025-03-27 09:26:30,761 Epoch: [11/20] Iter:[190/192], Time: 0.44, lr: [0.004388969875426714], Loss: 3.977403, Acc:0.526077, Semantic loss: 1.540647, BCE loss: 1.515513, SB loss: 0.921242
2025-03-27 09:28:05,394 0 [0.         0.5151159  0.22438161 0.09098001 0.22337562 0.06289925
 0.05665611] 0.16762978627481553
2025-03-27 09:28:05,394 1 [0.         0.51675124 0.20326509 0.10803999 0.24475149 0.10345692
 0.04469972] 0.17442349212718714
2025-03-27 09:28:05,400 => saving checkpoint to output\loveda\pidnet_small_loveda\aug_rbcheckpoint.pth.tar
2025-03-27 09:28:05,523 Loss: 4.058, MeanIU:  0.1744, Best_mIoU:  0.1744
2025-03-27 09:28:05,524 [0.         0.51675124 0.20326509 0.10803999 0.24475149 0.10345692
 0.04469972]
2025-03-27 09:28:15,693 Epoch: [12/20] Iter:[0/192], Time: 9.97, lr: [0.0043838329055408696], Loss: 3.773959, Acc:0.670726, Semantic loss: 1.244943, BCE loss: 1.682119, SB loss: 0.846897
2025-03-27 09:28:19,537 Epoch: [12/20] Iter:[10/192], Time: 1.26, lr: [0.004358138003083593], Loss: 4.014742, Acc:0.539325, Semantic loss: 1.479578, BCE loss: 1.668431, SB loss: 0.866734
2025-03-27 09:28:23,385 Epoch: [12/20] Iter:[20/192], Time: 0.84, lr: [0.0043324262569064236], Loss: 4.047047, Acc:0.522892, Semantic loss: 1.547010, BCE loss: 1.597561, SB loss: 0.902476
2025-03-27 09:28:27,233 Epoch: [12/20] Iter:[30/192], Time: 0.69, lr: [0.0043066975447503065], Loss: 4.008705, Acc:0.521306, Semantic loss: 1.553973, BCE loss: 1.548069, SB loss: 0.906663
2025-03-27 09:28:31,086 Epoch: [12/20] Iter:[40/192], Time: 0.62, lr: [0.00428095174265078], Loss: 3.989863, Acc:0.526199, Semantic loss: 1.548275, BCE loss: 1.556815, SB loss: 0.884773
2025-03-27 09:28:34,938 Epoch: [12/20] Iter:[50/192], Time: 0.57, lr: [0.004255188724902623], Loss: 4.018383, Acc:0.524390, Semantic loss: 1.553647, BCE loss: 1.566336, SB loss: 0.898400
2025-03-27 09:28:38,799 Epoch: [12/20] Iter:[60/192], Time: 0.54, lr: [0.004229408364023519], Loss: 4.022704, Acc:0.530053, Semantic loss: 1.548035, BCE loss: 1.578566, SB loss: 0.896104
2025-03-27 09:28:42,645 Epoch: [12/20] Iter:[70/192], Time: 0.52, lr: [0.004203610530716726], Loss: 3.991846, Acc:0.530107, Semantic loss: 1.539913, BCE loss: 1.560901, SB loss: 0.891033
2025-03-27 09:28:46,504 Epoch: [12/20] Iter:[80/192], Time: 0.50, lr: [0.004177795093832693], Loss: 3.980842, Acc:0.529763, Semantic loss: 1.537256, BCE loss: 1.557614, SB loss: 0.885971
2025-03-27 09:28:50,352 Epoch: [12/20] Iter:[90/192], Time: 0.49, lr: [0.004151961920329593], Loss: 3.971999, Acc:0.526656, Semantic loss: 1.546796, BCE loss: 1.542549, SB loss: 0.882654
2025-03-27 09:28:54,217 Epoch: [12/20] Iter:[100/192], Time: 0.48, lr: [0.004126110875232744], Loss: 3.983784, Acc:0.526677, Semantic loss: 1.548047, BCE loss: 1.549061, SB loss: 0.886676
2025-03-27 09:28:58,055 Epoch: [12/20] Iter:[110/192], Time: 0.47, lr: [0.004100241821592866], Loss: 3.978420, Acc:0.525306, Semantic loss: 1.547670, BCE loss: 1.539809, SB loss: 0.890941
2025-03-27 09:29:01,905 Epoch: [12/20] Iter:[120/192], Time: 0.46, lr: [0.00407435462044314], Loss: 3.968043, Acc:0.527189, Semantic loss: 1.537412, BCE loss: 1.538877, SB loss: 0.891755
2025-03-27 09:29:05,752 Epoch: [12/20] Iter:[130/192], Time: 0.46, lr: [0.004048449130755016], Loss: 3.961098, Acc:0.526326, Semantic loss: 1.532765, BCE loss: 1.538187, SB loss: 0.890146
2025-03-27 09:29:09,604 Epoch: [12/20] Iter:[140/192], Time: 0.45, lr: [0.004022525209392749], Loss: 3.959312, Acc:0.527137, Semantic loss: 1.528706, BCE loss: 1.541362, SB loss: 0.889245
2025-03-27 09:29:13,455 Epoch: [12/20] Iter:[150/192], Time: 0.45, lr: [0.003996582711066572], Loss: 3.945716, Acc:0.529115, Semantic loss: 1.519428, BCE loss: 1.539870, SB loss: 0.886418
2025-03-27 09:29:17,291 Epoch: [12/20] Iter:[160/192], Time: 0.44, lr: [0.003970621488284514], Loss: 3.941251, Acc:0.527524, Semantic loss: 1.519960, BCE loss: 1.532602, SB loss: 0.888690
2025-03-27 09:29:21,131 Epoch: [12/20] Iter:[170/192], Time: 0.44, lr: [0.003944641391302759], Loss: 3.936404, Acc:0.527191, Semantic loss: 1.519622, BCE loss: 1.526010, SB loss: 0.890773
2025-03-27 09:29:24,974 Epoch: [12/20] Iter:[180/192], Time: 0.44, lr: [0.003918642268074522], Loss: 3.929021, Acc:0.528601, Semantic loss: 1.520103, BCE loss: 1.513913, SB loss: 0.895005
2025-03-27 09:29:28,811 Epoch: [12/20] Iter:[190/192], Time: 0.44, lr: [0.003892623964197378], Loss: 3.931845, Acc:0.528292, Semantic loss: 1.520429, BCE loss: 1.514042, SB loss: 0.897373
2025-03-27 09:31:03,258 0 [0.         0.53389696 0.24699061 0.10576817 0.24395079 0.03731478
 0.077209  ] 0.177875757869705
2025-03-27 09:31:03,258 1 [0.         0.44544982 0.2838975  0.12573077 0.20533143 0.13339397
 0.04901953] 0.17754614634002355
2025-03-27 09:31:03,265 => saving checkpoint to output\loveda\pidnet_small_loveda\aug_rbcheckpoint.pth.tar
2025-03-27 09:31:03,388 Loss: 4.163, MeanIU:  0.1775, Best_mIoU:  0.1775
2025-03-27 09:31:03,388 [0.         0.44544982 0.2838975  0.12573077 0.20533143 0.13339397
 0.04901953]
2025-03-27 09:31:13,645 Epoch: [13/20] Iter:[0/192], Time: 10.06, lr: [0.0038874179879876346], Loss: 4.141561, Acc:0.610179, Semantic loss: 1.390001, BCE loss: 1.845571, SB loss: 0.905989
2025-03-27 09:31:17,496 Epoch: [13/20] Iter:[10/192], Time: 1.26, lr: [0.003861376460123532], Loss: 4.026588, Acc:0.537843, Semantic loss: 1.461423, BCE loss: 1.633070, SB loss: 0.932095
2025-03-27 09:31:21,356 Epoch: [13/20] Iter:[20/192], Time: 0.85, lr: [0.003835315403363414], Loss: 4.003598, Acc:0.529435, Semantic loss: 1.520864, BCE loss: 1.562053, SB loss: 0.920681
2025-03-27 09:31:25,216 Epoch: [13/20] Iter:[30/192], Time: 0.70, lr: [0.00380923465539378], Loss: 3.949662, Acc:0.536820, Semantic loss: 1.503431, BCE loss: 1.536201, SB loss: 0.910029
2025-03-27 09:31:29,072 Epoch: [13/20] Iter:[40/192], Time: 0.62, lr: [0.0037831340513060203], Loss: 3.964146, Acc:0.531367, Semantic loss: 1.507412, BCE loss: 1.548957, SB loss: 0.907778
2025-03-27 09:31:32,949 Epoch: [13/20] Iter:[50/192], Time: 0.58, lr: [0.003757013423534689], Loss: 3.975219, Acc:0.539316, Semantic loss: 1.505565, BCE loss: 1.557266, SB loss: 0.912388
2025-03-27 09:31:36,779 Epoch: [13/20] Iter:[60/192], Time: 0.54, lr: [0.003730872601793835], Loss: 3.968467, Acc:0.534398, Semantic loss: 1.504713, BCE loss: 1.558931, SB loss: 0.904823
2025-03-27 09:31:40,618 Epoch: [13/20] Iter:[70/192], Time: 0.52, lr: [0.0037047114130112895], Loss: 3.959463, Acc:0.536200, Semantic loss: 1.502229, BCE loss: 1.543978, SB loss: 0.913256
2025-03-27 09:31:44,474 Epoch: [13/20] Iter:[80/192], Time: 0.50, lr: [0.0036785296812608405], Loss: 3.970178, Acc:0.529042, Semantic loss: 1.530129, BCE loss: 1.516027, SB loss: 0.924022
2025-03-27 09:31:48,321 Epoch: [13/20] Iter:[90/192], Time: 0.49, lr: [0.003652327227692201], Loss: 3.977039, Acc:0.529758, Semantic loss: 1.527684, BCE loss: 1.526856, SB loss: 0.922499
2025-03-27 09:31:52,161 Epoch: [13/20] Iter:[100/192], Time: 0.48, lr: [0.0036261038704587037], Loss: 3.993839, Acc:0.528132, Semantic loss: 1.526398, BCE loss: 1.537921, SB loss: 0.929520
2025-03-27 09:31:56,022 Epoch: [13/20] Iter:[110/192], Time: 0.47, lr: [0.003599859424642584], Loss: 4.000007, Acc:0.525867, Semantic loss: 1.531215, BCE loss: 1.542519, SB loss: 0.926273
2025-03-27 09:31:59,873 Epoch: [13/20] Iter:[120/192], Time: 0.47, lr: [0.0035735937021778063], Loss: 3.983887, Acc:0.527557, Semantic loss: 1.526252, BCE loss: 1.536876, SB loss: 0.920759
2025-03-27 09:32:03,737 Epoch: [13/20] Iter:[130/192], Time: 0.46, lr: [0.0035473065117702885], Loss: 3.975473, Acc:0.528337, Semantic loss: 1.524246, BCE loss: 1.529941, SB loss: 0.921286
2025-03-27 09:32:07,597 Epoch: [13/20] Iter:[140/192], Time: 0.45, lr: [0.003520997658815433], Loss: 3.957821, Acc:0.530184, Semantic loss: 1.518800, BCE loss: 1.523452, SB loss: 0.915569
2025-03-27 09:32:11,446 Epoch: [13/20] Iter:[150/192], Time: 0.45, lr: [0.003494666945312851], Loss: 3.947187, Acc:0.530449, Semantic loss: 1.517548, BCE loss: 1.516024, SB loss: 0.913615
2025-03-27 09:32:15,321 Epoch: [13/20] Iter:[160/192], Time: 0.45, lr: [0.00346831416977816], Loss: 3.940803, Acc:0.529848, Semantic loss: 1.519819, BCE loss: 1.507881, SB loss: 0.913103
2025-03-27 09:32:19,346 Epoch: [13/20] Iter:[170/192], Time: 0.44, lr: [0.003441939127151716], Loss: 3.932842, Acc:0.532081, Semantic loss: 1.513553, BCE loss: 1.509697, SB loss: 0.909592
2025-03-27 09:32:23,534 Epoch: [13/20] Iter:[180/192], Time: 0.44, lr: [0.0034155416087041646], Loss: 3.925052, Acc:0.533252, Semantic loss: 1.508939, BCE loss: 1.508897, SB loss: 0.907216
2025-03-27 09:32:27,687 Epoch: [13/20] Iter:[190/192], Time: 0.44, lr: [0.0033891214019386652], Loss: 3.921281, Acc:0.533461, Semantic loss: 1.505784, BCE loss: 1.508651, SB loss: 0.906846
2025-03-27 09:34:33,387 0 [0.         0.5852349  0.24889618 0.08685795 0.251425   0.05039464
 0.03670662] 0.17993075736863545
2025-03-27 09:34:33,387 1 [0.         0.49567727 0.23772786 0.1310351  0.21374015 0.14594172
 0.04700079] 0.18158898344807217
2025-03-27 09:34:33,396 => saving checkpoint to output\loveda\pidnet_small_loveda\aug_rbcheckpoint.pth.tar
2025-03-27 09:34:33,711 Loss: 4.076, MeanIU:  0.1816, Best_mIoU:  0.1816
2025-03-27 09:34:33,711 [0.         0.49567727 0.23772786 0.1310351  0.21374015 0.14594172
 0.04700079]
2025-03-27 09:34:44,950 Epoch: [14/20] Iter:[0/192], Time: 11.06, lr: [0.0033838346190164987], Loss: 3.976151, Acc:0.577213, Semantic loss: 1.397618, BCE loss: 1.761421, SB loss: 0.817113
2025-03-27 09:34:49,115 Epoch: [14/20] Iter:[10/192], Time: 1.38, lr: [0.0033573869003190927], Loss: 3.946649, Acc:0.552157, Semantic loss: 1.476744, BCE loss: 1.619620, SB loss: 0.850285
2025-03-27 09:34:53,739 Epoch: [14/20] Iter:[20/192], Time: 0.95, lr: [0.0033309160120447595], Loss: 3.974844, Acc:0.549129, Semantic loss: 1.491463, BCE loss: 1.552503, SB loss: 0.930878
2025-03-27 09:34:58,150 Epoch: [14/20] Iter:[30/192], Time: 0.78, lr: [0.0033044217289421207], Loss: 3.904105, Acc:0.548937, Semantic loss: 1.479766, BCE loss: 1.505187, SB loss: 0.919152
2025-03-27 09:35:02,733 Epoch: [14/20] Iter:[40/192], Time: 0.70, lr: [0.0032779038215418194], Loss: 3.913173, Acc:0.553146, Semantic loss: 1.475653, BCE loss: 1.514720, SB loss: 0.922800
2025-03-27 09:35:07,113 Epoch: [14/20] Iter:[50/192], Time: 0.65, lr: [0.0032513620560388795], Loss: 3.914503, Acc:0.544620, Semantic loss: 1.468432, BCE loss: 1.529212, SB loss: 0.916859
2025-03-27 09:35:11,694 Epoch: [14/20] Iter:[60/192], Time: 0.62, lr: [0.003224796194170671], Loss: 3.919648, Acc:0.544428, Semantic loss: 1.469837, BCE loss: 1.530646, SB loss: 0.919165
2025-03-27 09:35:16,082 Epoch: [14/20] Iter:[70/192], Time: 0.59, lr: [0.003198205993090303], Loss: 3.895906, Acc:0.541179, Semantic loss: 1.474525, BCE loss: 1.509707, SB loss: 0.911674
2025-03-27 09:35:20,667 Epoch: [14/20] Iter:[80/192], Time: 0.58, lr: [0.0031715912052352204], Loss: 3.891928, Acc:0.544221, Semantic loss: 1.470360, BCE loss: 1.517012, SB loss: 0.904556
2025-03-27 09:35:25,060 Epoch: [14/20] Iter:[90/192], Time: 0.56, lr: [0.0031449515781907557], Loss: 3.882815, Acc:0.546819, Semantic loss: 1.470112, BCE loss: 1.511190, SB loss: 0.901514
2025-03-27 09:35:29,618 Epoch: [14/20] Iter:[100/192], Time: 0.55, lr: [0.003118286854548424], Loss: 3.891052, Acc:0.544712, Semantic loss: 1.475986, BCE loss: 1.507856, SB loss: 0.907210
2025-03-27 09:35:34,061 Epoch: [14/20] Iter:[110/192], Time: 0.54, lr: [0.003091596771758693], Loss: 3.895446, Acc:0.545956, Semantic loss: 1.471544, BCE loss: 1.518553, SB loss: 0.905349
2025-03-27 09:35:38,568 Epoch: [14/20] Iter:[120/192], Time: 0.53, lr: [0.0030648810619779434], Loss: 3.907074, Acc:0.546209, Semantic loss: 1.474995, BCE loss: 1.527380, SB loss: 0.904699
2025-03-27 09:35:42,962 Epoch: [14/20] Iter:[130/192], Time: 0.53, lr: [0.0030381394519093602], Loss: 3.893962, Acc:0.544105, Semantic loss: 1.472260, BCE loss: 1.517056, SB loss: 0.904646
2025-03-27 09:35:47,478 Epoch: [14/20] Iter:[140/192], Time: 0.52, lr: [0.003011371662637431], Loss: 3.893141, Acc:0.545306, Semantic loss: 1.472950, BCE loss: 1.508829, SB loss: 0.911361
2025-03-27 09:35:51,871 Epoch: [14/20] Iter:[150/192], Time: 0.52, lr: [0.0029845774094557345], Loss: 3.898104, Acc:0.544093, Semantic loss: 1.475499, BCE loss: 1.512820, SB loss: 0.909785
2025-03-27 09:35:56,388 Epoch: [14/20] Iter:[160/192], Time: 0.51, lr: [0.002957756401687678], Loss: 3.885294, Acc:0.545407, Semantic loss: 1.471498, BCE loss: 1.506925, SB loss: 0.906871
2025-03-27 09:36:00,814 Epoch: [14/20] Iter:[170/192], Time: 0.51, lr: [0.002930908342499829], Loss: 3.890113, Acc:0.544878, Semantic loss: 1.473235, BCE loss: 1.511403, SB loss: 0.905475
2025-03-27 09:36:05,435 Epoch: [14/20] Iter:[180/192], Time: 0.51, lr: [0.002904032928707437], Loss: 3.894520, Acc:0.542587, Semantic loss: 1.479130, BCE loss: 1.508373, SB loss: 0.907018
2025-03-27 09:36:09,871 Epoch: [14/20] Iter:[190/192], Time: 0.50, lr: [0.0028771298505717554], Loss: 3.900738, Acc:0.541318, Semantic loss: 1.485281, BCE loss: 1.503466, SB loss: 0.911991
2025-03-27 09:38:14,564 0 [0.         0.57284778 0.23674093 0.1054904  0.27696684 0.06854108
 0.09462385] 0.1936015548095866
2025-03-27 09:38:14,565 1 [0.         0.54322877 0.26444978 0.16030829 0.27514021 0.23233028
 0.07820157] 0.22195127094391034
2025-03-27 09:38:14,571 => saving checkpoint to output\loveda\pidnet_small_loveda\aug_rbcheckpoint.pth.tar
2025-03-27 09:38:14,765 Loss: 3.798, MeanIU:  0.2220, Best_mIoU:  0.2220
2025-03-27 09:38:14,765 [0.         0.54322877 0.26444978 0.16030829 0.27514021 0.23233028
 0.07820157]
2025-03-27 09:38:26,061 Epoch: [15/20] Iter:[0/192], Time: 11.11, lr: [0.0028717458874925874], Loss: 3.686946, Acc:0.509216, Semantic loss: 1.312127, BCE loss: 1.519931, SB loss: 0.854889
2025-03-27 09:38:30,269 Epoch: [15/20] Iter:[10/192], Time: 1.39, lr: [0.0028448091937488323], Loss: 3.831275, Acc:0.529565, Semantic loss: 1.515439, BCE loss: 1.400143, SB loss: 0.915693
2025-03-27 09:38:34,854 Epoch: [15/20] Iter:[20/192], Time: 0.95, lr: [0.002817844130111582], Loss: 3.949797, Acc:0.528982, Semantic loss: 1.538482, BCE loss: 1.458710, SB loss: 0.952605
2025-03-27 09:38:39,307 Epoch: [15/20] Iter:[30/192], Time: 0.79, lr: [0.0027908503644035994], Loss: 3.976784, Acc:0.533065, Semantic loss: 1.534598, BCE loss: 1.512274, SB loss: 0.929911
2025-03-27 09:38:43,929 Epoch: [15/20] Iter:[40/192], Time: 0.71, lr: [0.0027638275569424097], Loss: 3.961547, Acc:0.532002, Semantic loss: 1.532221, BCE loss: 1.497526, SB loss: 0.931801
2025-03-27 09:38:48,382 Epoch: [15/20] Iter:[50/192], Time: 0.66, lr: [0.002736775360287257], Loss: 3.900174, Acc:0.535090, Semantic loss: 1.514779, BCE loss: 1.461536, SB loss: 0.923859
2025-03-27 09:38:52,967 Epoch: [15/20] Iter:[60/192], Time: 0.62, lr: [0.002709693418974644], Loss: 3.900836, Acc:0.540486, Semantic loss: 1.509079, BCE loss: 1.467646, SB loss: 0.924110
2025-03-27 09:38:57,348 Epoch: [15/20] Iter:[70/192], Time: 0.60, lr: [0.0026825813692418162], Loss: 3.859331, Acc:0.542854, Semantic loss: 1.492054, BCE loss: 1.455609, SB loss: 0.911667
2025-03-27 09:39:01,868 Epoch: [15/20] Iter:[80/192], Time: 0.58, lr: [0.0026554388387375], Loss: 3.870737, Acc:0.544536, Semantic loss: 1.491838, BCE loss: 1.460074, SB loss: 0.918825
2025-03-27 09:39:06,288 Epoch: [15/20] Iter:[90/192], Time: 0.56, lr: [0.002628265446219161], Loss: 3.849041, Acc:0.549311, Semantic loss: 1.482058, BCE loss: 1.460759, SB loss: 0.906223
2025-03-27 09:39:10,811 Epoch: [15/20] Iter:[100/192], Time: 0.55, lr: [0.002601060801235972], Loss: 3.845060, Acc:0.549229, Semantic loss: 1.482243, BCE loss: 1.463949, SB loss: 0.898869
2025-03-27 09:39:15,258 Epoch: [15/20] Iter:[110/192], Time: 0.54, lr: [0.002573824503796671], Loss: 3.847336, Acc:0.547701, Semantic loss: 1.475310, BCE loss: 1.476091, SB loss: 0.895934
2025-03-27 09:39:19,771 Epoch: [15/20] Iter:[120/192], Time: 0.54, lr: [0.00254655614402138], Loss: 3.851115, Acc:0.546659, Semantic loss: 1.470730, BCE loss: 1.485168, SB loss: 0.895217
2025-03-27 09:39:24,202 Epoch: [15/20] Iter:[130/192], Time: 0.53, lr: [0.0025192553017764118], Loss: 3.850190, Acc:0.546750, Semantic loss: 1.469986, BCE loss: 1.485444, SB loss: 0.894759
2025-03-27 09:39:28,710 Epoch: [15/20] Iter:[140/192], Time: 0.52, lr: [0.002491921546291034], Loss: 3.851759, Acc:0.545392, Semantic loss: 1.465669, BCE loss: 1.493230, SB loss: 0.892860
2025-03-27 09:39:33,117 Epoch: [15/20] Iter:[150/192], Time: 0.52, lr: [0.0024645544357550573], Loss: 3.861684, Acc:0.544855, Semantic loss: 1.470388, BCE loss: 1.494548, SB loss: 0.896749
2025-03-27 09:39:37,655 Epoch: [15/20] Iter:[160/192], Time: 0.51, lr: [0.002437153516896028], Loss: 3.858556, Acc:0.544690, Semantic loss: 1.471162, BCE loss: 1.489400, SB loss: 0.897994
2025-03-27 09:39:42,135 Epoch: [15/20] Iter:[170/192], Time: 0.51, lr: [0.0024097183245347467], Loss: 3.862504, Acc:0.545978, Semantic loss: 1.469925, BCE loss: 1.498700, SB loss: 0.893879
2025-03-27 09:39:46,688 Epoch: [15/20] Iter:[180/192], Time: 0.51, lr: [0.0023822483811177], Loss: 3.856455, Acc:0.548281, Semantic loss: 1.463364, BCE loss: 1.502409, SB loss: 0.890681
2025-03-27 09:39:51,067 Epoch: [15/20] Iter:[190/192], Time: 0.50, lr: [0.002354743196224891], Loss: 3.857893, Acc:0.547486, Semantic loss: 1.465094, BCE loss: 1.501614, SB loss: 0.891184
2025-03-27 09:41:55,271 0 [0.         0.58915544 0.21947867 0.12467494 0.27146776 0.06166592
 0.06108271] 0.18964649074270404
2025-03-27 09:41:55,272 1 [0.         0.55495016 0.2492033  0.16216936 0.29895877 0.14067796
 0.04676822] 0.2075325397302892
2025-03-27 09:41:55,278 => saving checkpoint to output\loveda\pidnet_small_loveda\aug_rbcheckpoint.pth.tar
2025-03-27 09:41:55,418 Loss: 3.995, MeanIU:  0.2075, Best_mIoU:  0.2220
2025-03-27 09:41:55,418 [0.         0.55495016 0.2492033  0.16216936 0.29895877 0.14067796
 0.04676822]
2025-03-27 09:42:06,395 Epoch: [16/20] Iter:[0/192], Time: 10.80, lr: [0.0023492378861760376], Loss: 3.959793, Acc:0.581223, Semantic loss: 1.445851, BCE loss: 1.708893, SB loss: 0.805049
2025-03-27 09:42:10,555 Epoch: [16/20] Iter:[10/192], Time: 1.36, lr: [0.0023216897452738748], Loss: 3.737841, Acc:0.592711, Semantic loss: 1.389042, BCE loss: 1.502179, SB loss: 0.846620
2025-03-27 09:42:15,098 Epoch: [16/20] Iter:[20/192], Time: 0.93, lr: [0.0022941052360858027], Loss: 3.656882, Acc:0.581687, Semantic loss: 1.389381, BCE loss: 1.440153, SB loss: 0.827348
2025-03-27 09:42:19,505 Epoch: [16/20] Iter:[30/192], Time: 0.77, lr: [0.0022664838233947228], Loss: 3.756582, Acc:0.572613, Semantic loss: 1.423933, BCE loss: 1.477018, SB loss: 0.855631
2025-03-27 09:42:24,018 Epoch: [16/20] Iter:[40/192], Time: 0.69, lr: [0.0022388249567421017], Loss: 3.779278, Acc:0.566459, Semantic loss: 1.430450, BCE loss: 1.507466, SB loss: 0.841362
2025-03-27 09:42:28,401 Epoch: [16/20] Iter:[50/192], Time: 0.64, lr: [0.002211128069778427], Loss: 3.778952, Acc:0.564552, Semantic loss: 1.429365, BCE loss: 1.498749, SB loss: 0.850839
2025-03-27 09:42:32,916 Epoch: [16/20] Iter:[60/192], Time: 0.61, lr: [0.0021833925795765436], Loss: 3.803666, Acc:0.561218, Semantic loss: 1.430177, BCE loss: 1.517351, SB loss: 0.856138
2025-03-27 09:42:37,306 Epoch: [16/20] Iter:[70/192], Time: 0.59, lr: [0.0021556178859051967], Loss: 3.792896, Acc:0.562111, Semantic loss: 1.421594, BCE loss: 1.518704, SB loss: 0.852597
2025-03-27 09:42:41,807 Epoch: [16/20] Iter:[80/192], Time: 0.57, lr: [0.002127803370459852], Loss: 3.793654, Acc:0.561493, Semantic loss: 1.416098, BCE loss: 1.526669, SB loss: 0.850888
2025-03-27 09:42:46,176 Epoch: [16/20] Iter:[90/192], Time: 0.56, lr: [0.0020999483960476508], Loss: 3.767485, Acc:0.560946, Semantic loss: 1.411694, BCE loss: 1.508254, SB loss: 0.847537
2025-03-27 09:42:50,706 Epoch: [16/20] Iter:[100/192], Time: 0.55, lr: [0.0020720523057230294], Loss: 3.789891, Acc:0.560660, Semantic loss: 1.417144, BCE loss: 1.524975, SB loss: 0.847772
2025-03-27 09:42:55,121 Epoch: [16/20] Iter:[110/192], Time: 0.54, lr: [0.002044114421870228], Loss: 3.784289, Acc:0.562015, Semantic loss: 1.411133, BCE loss: 1.525392, SB loss: 0.847765
2025-03-27 09:42:59,703 Epoch: [16/20] Iter:[120/192], Time: 0.53, lr: [0.0020161340452285867], Loss: 3.782043, Acc:0.562504, Semantic loss: 1.411627, BCE loss: 1.523266, SB loss: 0.847150
2025-03-27 09:43:04,099 Epoch: [16/20] Iter:[130/192], Time: 0.52, lr: [0.001988110453856112], Loss: 3.786645, Acc:0.558092, Semantic loss: 1.421208, BCE loss: 1.511471, SB loss: 0.853966
2025-03-27 09:43:08,578 Epoch: [16/20] Iter:[140/192], Time: 0.52, lr: [0.0019600429020263607], Loss: 3.802935, Acc:0.556024, Semantic loss: 1.427861, BCE loss: 1.514850, SB loss: 0.860225
2025-03-27 09:43:13,017 Epoch: [16/20] Iter:[150/192], Time: 0.51, lr: [0.0019319306190532476], Loss: 3.804673, Acc:0.556740, Semantic loss: 1.428912, BCE loss: 1.517716, SB loss: 0.858044
2025-03-27 09:43:17,571 Epoch: [16/20] Iter:[160/192], Time: 0.51, lr: [0.0019037728080378042], Loss: 3.807674, Acc:0.554000, Semantic loss: 1.436457, BCE loss: 1.510539, SB loss: 0.860678
2025-03-27 09:43:22,036 Epoch: [16/20] Iter:[170/192], Time: 0.51, lr: [0.0018755686445303314], Loss: 3.802847, Acc:0.552753, Semantic loss: 1.440545, BCE loss: 1.500010, SB loss: 0.862292
2025-03-27 09:43:26,511 Epoch: [16/20] Iter:[180/192], Time: 0.50, lr: [0.001847317275100738], Loss: 3.812350, Acc:0.551079, Semantic loss: 1.447007, BCE loss: 1.502493, SB loss: 0.862850
2025-03-27 09:43:30,846 Epoch: [16/20] Iter:[190/192], Time: 0.50, lr: [0.0018190178158090872], Loss: 3.822619, Acc:0.550237, Semantic loss: 1.453620, BCE loss: 1.501984, SB loss: 0.867014
2025-03-27 09:45:36,589 0 [0.         0.58479052 0.21091787 0.11194816 0.33733203 0.1307832
 0.09619955] 0.21028162051831925
2025-03-27 09:45:36,590 1 [0.         0.51382536 0.24823791 0.16392968 0.35331868 0.28450498
 0.05505807] 0.23126781084147605
2025-03-27 09:45:36,595 => saving checkpoint to output\loveda\pidnet_small_loveda\aug_rbcheckpoint.pth.tar
2025-03-27 09:45:36,814 Loss: 3.709, MeanIU:  0.2313, Best_mIoU:  0.2313
2025-03-27 09:45:36,815 [0.         0.51382536 0.24823791 0.16392968 0.35331868 0.28450498
 0.05505807]
2025-03-27 09:45:47,910 Epoch: [17/20] Iter:[0/192], Time: 10.92, lr: [0.0018133520731367456], Loss: 3.866363, Acc:0.553656, Semantic loss: 1.313439, BCE loss: 1.698588, SB loss: 0.854335
2025-03-27 09:45:52,085 Epoch: [17/20] Iter:[10/192], Time: 1.37, lr: [0.001784993693823396], Loss: 3.804963, Acc:0.541236, Semantic loss: 1.400567, BCE loss: 1.550729, SB loss: 0.853668
2025-03-27 09:45:56,585 Epoch: [17/20] Iter:[20/192], Time: 0.93, lr: [0.0017565851643374117], Loss: 3.809112, Acc:0.551076, Semantic loss: 1.403598, BCE loss: 1.536141, SB loss: 0.869372
2025-03-27 09:46:01,032 Epoch: [17/20] Iter:[30/192], Time: 0.78, lr: [0.0017281254915000803], Loss: 3.877355, Acc:0.544798, Semantic loss: 1.450227, BCE loss: 1.524505, SB loss: 0.902623
2025-03-27 09:46:05,607 Epoch: [17/20] Iter:[40/192], Time: 0.70, lr: [0.0016996136438923032], Loss: 3.837952, Acc:0.548347, Semantic loss: 1.442285, BCE loss: 1.506476, SB loss: 0.889192
2025-03-27 09:46:10,073 Epoch: [17/20] Iter:[50/192], Time: 0.65, lr: [0.0016710485496403851], Loss: 3.847203, Acc:0.543568, Semantic loss: 1.453990, BCE loss: 1.499817, SB loss: 0.893396
2025-03-27 09:46:14,636 Epoch: [17/20] Iter:[60/192], Time: 0.62, lr: [0.0016424290940290059], Loss: 3.828084, Acc:0.548867, Semantic loss: 1.448172, BCE loss: 1.497074, SB loss: 0.882838
2025-03-27 09:46:19,034 Epoch: [17/20] Iter:[70/192], Time: 0.59, lr: [0.0016137541169242962], Loss: 3.787232, Acc:0.549860, Semantic loss: 1.442401, BCE loss: 1.469265, SB loss: 0.875565
2025-03-27 09:46:23,567 Epoch: [17/20] Iter:[80/192], Time: 0.57, lr: [0.0015850224099878446], Loss: 3.805983, Acc:0.549488, Semantic loss: 1.445434, BCE loss: 1.484208, SB loss: 0.876341
2025-03-27 09:46:28,007 Epoch: [17/20] Iter:[90/192], Time: 0.56, lr: [0.001556232713660091], Loss: 3.801126, Acc:0.548794, Semantic loss: 1.441397, BCE loss: 1.484571, SB loss: 0.875158
2025-03-27 09:46:32,539 Epoch: [17/20] Iter:[100/192], Time: 0.55, lr: [0.0015273837138888994], Loss: 3.800528, Acc:0.551922, Semantic loss: 1.437487, BCE loss: 1.491482, SB loss: 0.871559
2025-03-27 09:46:36,970 Epoch: [17/20] Iter:[110/192], Time: 0.54, lr: [0.0014984740385759552], Loss: 3.805653, Acc:0.551880, Semantic loss: 1.434394, BCE loss: 1.500403, SB loss: 0.870857
2025-03-27 09:46:41,462 Epoch: [17/20] Iter:[120/192], Time: 0.53, lr: [0.0014695022537100475], Loss: 3.810479, Acc:0.549719, Semantic loss: 1.437796, BCE loss: 1.499287, SB loss: 0.873396
2025-03-27 09:46:45,799 Epoch: [17/20] Iter:[130/192], Time: 0.53, lr: [0.0014404668591521846], Loss: 3.812038, Acc:0.547810, Semantic loss: 1.442977, BCE loss: 1.493527, SB loss: 0.875534
2025-03-27 09:46:50,328 Epoch: [17/20] Iter:[140/192], Time: 0.52, lr: [0.0014113662840326588], Loss: 3.817635, Acc:0.549183, Semantic loss: 1.446970, BCE loss: 1.493238, SB loss: 0.877427
2025-03-27 09:46:54,722 Epoch: [17/20] Iter:[150/192], Time: 0.51, lr: [0.0013821988817145786], Loss: 3.821928, Acc:0.549104, Semantic loss: 1.447557, BCE loss: 1.496185, SB loss: 0.878186
2025-03-27 09:46:59,259 Epoch: [17/20] Iter:[160/192], Time: 0.51, lr: [0.0013529629242719093], Loss: 3.816551, Acc:0.552940, Semantic loss: 1.443864, BCE loss: 1.496757, SB loss: 0.875930
2025-03-27 09:47:03,697 Epoch: [17/20] Iter:[170/192], Time: 0.51, lr: [0.0013236565964223801], Loss: 3.814625, Acc:0.553905, Semantic loss: 1.441542, BCE loss: 1.499952, SB loss: 0.873130
2025-03-27 09:47:08,184 Epoch: [17/20] Iter:[180/192], Time: 0.50, lr: [0.0012942779888466518], Loss: 3.813982, Acc:0.553301, Semantic loss: 1.442110, BCE loss: 1.500614, SB loss: 0.871257
2025-03-27 09:47:12,519 Epoch: [17/20] Iter:[190/192], Time: 0.50, lr: [0.0012648250908145803], Loss: 3.816735, Acc:0.552573, Semantic loss: 1.442395, BCE loss: 1.497779, SB loss: 0.876561
2025-03-27 09:49:17,222 0 [0.         0.5689981  0.21283322 0.13935957 0.23184921 0.09648958
 0.12239412] 0.19598911448516756
2025-03-27 09:49:17,223 1 [0.         0.51976535 0.28094943 0.2160193  0.24852334 0.24012909
 0.07492018] 0.22575809735671637
2025-03-27 09:49:17,231 => saving checkpoint to output\loveda\pidnet_small_loveda\aug_rbcheckpoint.pth.tar
2025-03-27 09:49:17,373 Loss: 3.995, MeanIU:  0.2258, Best_mIoU:  0.2313
2025-03-27 09:49:17,373 [0.         0.51976535 0.28094943 0.2160193  0.24852334 0.24012909
 0.07492018]
2025-03-27 09:49:28,623 Epoch: [18/20] Iter:[0/192], Time: 11.07, lr: [0.001258925411794167], Loss: 3.664304, Acc:0.492694, Semantic loss: 1.390478, BCE loss: 1.431991, SB loss: 0.841835
2025-03-27 09:49:32,901 Epoch: [18/20] Iter:[10/192], Time: 1.40, lr: [0.0012293805561511607], Loss: 3.901609, Acc:0.549199, Semantic loss: 1.474110, BCE loss: 1.528123, SB loss: 0.899375
2025-03-27 09:49:37,531 Epoch: [18/20] Iter:[20/192], Time: 0.95, lr: [0.0011997565879500753], Loss: 3.846261, Acc:0.556136, Semantic loss: 1.458780, BCE loss: 1.499548, SB loss: 0.887933
2025-03-27 09:49:42,031 Epoch: [18/20] Iter:[30/192], Time: 0.79, lr: [0.0011700511125444005], Loss: 3.844928, Acc:0.562115, Semantic loss: 1.465087, BCE loss: 1.486917, SB loss: 0.892923
2025-03-27 09:49:46,731 Epoch: [18/20] Iter:[40/192], Time: 0.71, lr: [0.0011402615929770753], Loss: 3.812367, Acc:0.563786, Semantic loss: 1.438898, BCE loss: 1.496575, SB loss: 0.876895
2025-03-27 09:49:51,234 Epoch: [18/20] Iter:[50/192], Time: 0.66, lr: [0.0011103853371305413], Loss: 3.779559, Acc:0.564647, Semantic loss: 1.428986, BCE loss: 1.479829, SB loss: 0.870744
2025-03-27 09:49:55,901 Epoch: [18/20] Iter:[60/192], Time: 0.63, lr: [0.001080419483295973], Loss: 3.760223, Acc:0.566599, Semantic loss: 1.426246, BCE loss: 1.465344, SB loss: 0.868633
2025-03-27 09:50:00,350 Epoch: [18/20] Iter:[70/192], Time: 0.60, lr: [0.0010503609839122385], Loss: 3.768962, Acc:0.568817, Semantic loss: 1.419972, BCE loss: 1.488274, SB loss: 0.860716
2025-03-27 09:50:04,981 Epoch: [18/20] Iter:[80/192], Time: 0.59, lr: [0.0010202065871765603], Loss: 3.787090, Acc:0.561757, Semantic loss: 1.431577, BCE loss: 1.493377, SB loss: 0.862136
2025-03-27 09:50:09,485 Epoch: [18/20] Iter:[90/192], Time: 0.57, lr: [0.000989952816168914], Loss: 3.783275, Acc:0.562350, Semantic loss: 1.426342, BCE loss: 1.497105, SB loss: 0.859829
2025-03-27 09:50:14,108 Epoch: [18/20] Iter:[100/192], Time: 0.56, lr: [0.0009595959450576828], Loss: 3.789152, Acc:0.560406, Semantic loss: 1.427127, BCE loss: 1.497358, SB loss: 0.864667
2025-03-27 09:50:18,610 Epoch: [18/20] Iter:[110/192], Time: 0.55, lr: [0.000929131971860904], Loss: 3.771303, Acc:0.558012, Semantic loss: 1.429825, BCE loss: 1.481468, SB loss: 0.860010
2025-03-27 09:50:23,281 Epoch: [18/20] Iter:[120/192], Time: 0.54, lr: [0.0008985565871200918], Loss: 3.766988, Acc:0.559270, Semantic loss: 1.426600, BCE loss: 1.484198, SB loss: 0.856190
2025-03-27 09:50:27,792 Epoch: [18/20] Iter:[130/192], Time: 0.54, lr: [0.0008678651376944955], Loss: 3.776741, Acc:0.560711, Semantic loss: 1.426410, BCE loss: 1.495401, SB loss: 0.854930
2025-03-27 09:50:32,383 Epoch: [18/20] Iter:[140/192], Time: 0.53, lr: [0.000837052584692747], Loss: 3.786327, Acc:0.561585, Semantic loss: 1.422897, BCE loss: 1.503311, SB loss: 0.860119
2025-03-27 09:50:36,887 Epoch: [18/20] Iter:[150/192], Time: 0.53, lr: [0.000806113454312208], Loss: 3.778089, Acc:0.561945, Semantic loss: 1.423033, BCE loss: 1.495963, SB loss: 0.859094
2025-03-27 09:50:41,521 Epoch: [18/20] Iter:[160/192], Time: 0.52, lr: [0.0007750417800344363], Loss: 3.771154, Acc:0.562181, Semantic loss: 1.420370, BCE loss: 1.491615, SB loss: 0.859169
2025-03-27 09:50:46,035 Epoch: [18/20] Iter:[170/192], Time: 0.52, lr: [0.0007438310342008949], Loss: 3.778179, Acc:0.560556, Semantic loss: 1.424078, BCE loss: 1.490080, SB loss: 0.864021
2025-03-27 09:50:50,682 Epoch: [18/20] Iter:[180/192], Time: 0.51, lr: [0.0007124740464272778], Loss: 3.772229, Acc:0.561515, Semantic loss: 1.420881, BCE loss: 1.489453, SB loss: 0.861894
2025-03-27 09:50:55,073 Epoch: [18/20] Iter:[190/192], Time: 0.51, lr: [0.0006809629055511224], Loss: 3.782356, Acc:0.559468, Semantic loss: 1.426870, BCE loss: 1.492482, SB loss: 0.863004
2025-03-27 09:52:59,231 0 [0.         0.57136691 0.20142474 0.1543291  0.25692431 0.05689752
 0.06766443] 0.18694385911412775
2025-03-27 09:52:59,232 1 [0.         0.52390733 0.23268246 0.21620151 0.2807013  0.14291763
 0.03828813] 0.2049569095128729
2025-03-27 09:52:59,237 => saving checkpoint to output\loveda\pidnet_small_loveda\aug_rbcheckpoint.pth.tar
2025-03-27 09:52:59,379 Loss: 4.085, MeanIU:  0.2050, Best_mIoU:  0.2313
2025-03-27 09:52:59,379 [0.         0.52390733 0.23268246 0.21620151 0.2807013  0.14291763
 0.03828813]
2025-03-27 09:53:10,541 Epoch: [19/20] Iter:[0/192], Time: 10.97, lr: [0.0006746414238367822], Loss: 3.974722, Acc:0.534495, Semantic loss: 1.520628, BCE loss: 1.572070, SB loss: 0.882023
2025-03-27 09:53:14,811 Epoch: [19/20] Iter:[10/192], Time: 1.39, lr: [0.0006429336362339898], Loss: 3.756283, Acc:0.531057, Semantic loss: 1.441087, BCE loss: 1.487214, SB loss: 0.827982
2025-03-27 09:53:19,199 Epoch: [19/20] Iter:[20/192], Time: 0.94, lr: [0.0006110510578510947], Loss: 3.770645, Acc:0.523014, Semantic loss: 1.459110, BCE loss: 1.428186, SB loss: 0.883350
2025-03-27 09:53:23,532 Epoch: [19/20] Iter:[30/192], Time: 0.77, lr: [0.0005789824653018995], Loss: 3.758956, Acc:0.536754, Semantic loss: 1.453732, BCE loss: 1.424573, SB loss: 0.880651
2025-03-27 09:53:27,966 Epoch: [19/20] Iter:[40/192], Time: 0.69, lr: [0.0005467151732202777], Loss: 3.798435, Acc:0.538518, Semantic loss: 1.457013, BCE loss: 1.472735, SB loss: 0.868687
2025-03-27 09:53:32,365 Epoch: [19/20] Iter:[50/192], Time: 0.64, lr: [0.0005142347343351296], Loss: 3.835035, Acc:0.536239, Semantic loss: 1.471313, BCE loss: 1.477842, SB loss: 0.885880
2025-03-27 09:53:36,788 Epoch: [19/20] Iter:[60/192], Time: 0.61, lr: [0.0004815245523312483], Loss: 3.792873, Acc:0.542890, Semantic loss: 1.457074, BCE loss: 1.466247, SB loss: 0.869551
2025-03-27 09:53:41,238 Epoch: [19/20] Iter:[70/192], Time: 0.59, lr: [0.000448565373510549], Loss: 3.778068, Acc:0.546798, Semantic loss: 1.451013, BCE loss: 1.461502, SB loss: 0.865553
2025-03-27 09:53:45,699 Epoch: [19/20] Iter:[80/192], Time: 0.57, lr: [0.00041533460609889997], Loss: 3.792414, Acc:0.547431, Semantic loss: 1.449651, BCE loss: 1.480046, SB loss: 0.862716
2025-03-27 09:53:50,015 Epoch: [19/20] Iter:[90/192], Time: 0.55, lr: [0.00038180538785330436], Loss: 3.779582, Acc:0.549819, Semantic loss: 1.446690, BCE loss: 1.471771, SB loss: 0.861121
2025-03-27 09:53:54,466 Epoch: [19/20] Iter:[100/192], Time: 0.54, lr: [0.00034794527452517863], Loss: 3.763044, Acc:0.549483, Semantic loss: 1.441154, BCE loss: 1.464360, SB loss: 0.857530
2025-03-27 09:53:58,808 Epoch: [19/20] Iter:[110/192], Time: 0.53, lr: [0.00031371433588231993], Loss: 3.753511, Acc:0.550772, Semantic loss: 1.438617, BCE loss: 1.459628, SB loss: 0.855267
2025-03-27 09:54:03,315 Epoch: [19/20] Iter:[120/192], Time: 0.53, lr: [0.0002790622842837163], Loss: 3.759125, Acc:0.553211, Semantic loss: 1.438730, BCE loss: 1.465960, SB loss: 0.854435
2025-03-27 09:54:07,712 Epoch: [19/20] Iter:[130/192], Time: 0.52, lr: [0.0002439239356353784], Loss: 3.757191, Acc:0.553980, Semantic loss: 1.437874, BCE loss: 1.468531, SB loss: 0.850786
2025-03-27 09:54:12,138 Epoch: [19/20] Iter:[140/192], Time: 0.51, lr: [0.00020821159321002047], Loss: 3.768545, Acc:0.553317, Semantic loss: 1.437232, BCE loss: 1.477968, SB loss: 0.853345
2025-03-27 09:54:16,477 Epoch: [19/20] Iter:[150/192], Time: 0.51, lr: [0.00017180122628828942], Loss: 3.779605, Acc:0.553315, Semantic loss: 1.436918, BCE loss: 1.490462, SB loss: 0.852225
2025-03-27 09:54:20,899 Epoch: [19/20] Iter:[160/192], Time: 0.51, lr: [0.00013450451987183818], Loss: 3.774455, Acc:0.554573, Semantic loss: 1.432355, BCE loss: 1.490969, SB loss: 0.851132
2025-03-27 09:54:25,281 Epoch: [19/20] Iter:[170/192], Time: 0.50, lr: [9.600244875192536e-05], Loss: 3.774498, Acc:0.555484, Semantic loss: 1.428996, BCE loss: 1.495569, SB loss: 0.849933
2025-03-27 09:54:29,711 Epoch: [19/20] Iter:[180/192], Time: 0.50, lr: [5.563716848048335e-05], Loss: 3.780996, Acc:0.556515, Semantic loss: 1.430174, BCE loss: 1.500957, SB loss: 0.849865
2025-03-27 09:54:34,024 Epoch: [19/20] Iter:[190/192], Time: 0.49, lr: [1.1092486125349496e-05], Loss: 3.766574, Acc:0.557617, Semantic loss: 1.425194, BCE loss: 1.493093, SB loss: 0.848287
2025-03-27 09:56:37,093 0 [0.         0.59627481 0.25019257 0.14833055 0.23052474 0.12177426
 0.08746166] 0.20493694250181202
2025-03-27 09:56:37,094 1 [0.         0.53169378 0.32887302 0.24092215 0.27986541 0.19324738
 0.05118913] 0.2322558385704975
2025-03-27 09:56:37,100 => saving checkpoint to output\loveda\pidnet_small_loveda\aug_rbcheckpoint.pth.tar
2025-03-27 09:56:37,314 Loss: 3.836, MeanIU:  0.2323, Best_mIoU:  0.2323
2025-03-27 09:56:37,314 [0.         0.53169378 0.32887302 0.24092215 0.27986541 0.19324738
 0.05118913]
2025-03-27 09:56:37,377 Hours: 1
2025-03-27 09:56:37,378 Done
