2025-05-22 14:25:38,744 Namespace(cfg='configs/loveda/pidnet_small_loveda.yaml', opts=[], seed=304)
2025-05-22 14:25:38,745 AUTO_RESUME: False
CUDNN:
  BENCHMARK: True
  DETERMINISTIC: False
  ENABLED: True
DATASET:
  DATASET: loveda
  EXTRA_TRAIN_SET: 
  NUM_CLASSES: 8
  ROOT: data/
  TARGET_SET: list/loveda/rural/train.lst
  TEST_SET: list/loveda/urban_rural/val.lst
  TRAIN_SET: list/loveda/urban_rural/train.lst
GPUS: (0,)
LOG_DIR: log
LOSS:
  BALANCE_WEIGHTS: [0.4, 1.0]
  CLASS_BALANCE: False
  OHEMKEEP: 131072
  OHEMTHRES: 0.9
  SB_WEIGHTS: 1.0
  USE_OHEM: True
MODEL:
  ALIGN_CORNERS: True
  NAME: pidnet_small
  NUM_OUTPUTS: 2
  PRETRAINED: pretrained_models/imagenet/PIDNet_S_ImageNet.pth.tar
OUTPUT_DIR: output
PIN_MEMORY: True
PRINT_FREQ: 10
TEST:
  BASE_SIZE: 1024
  BATCH_SIZE_PER_GPU: 6
  FLIP_TEST: False
  IMAGE_SIZE: [1024, 1024]
  MODEL_FILE: output/loveda/pidnet_small_loveda/final_state.pt
  MULTI_SCALE: False
  OUTPUT_INDEX: 1
TRAIN:
  AUGMENTATION:
    ENABLE: True
    PROBABILITY: 0.5
    TECHNIQUES:
      COLOR_JITTER: False
      GAUSSIAN_BLUR: False
      GAUSSIAN_NOISE: True
      HORIZONTAL_FLIP: False
      RANDOM_CROP: False
  BASE_SIZE: 1024
  BATCH_SIZE_PER_GPU: 6
  BEGIN_EPOCH: 0
  DACS:
    ENABLE: False
    THRESHOLD: 0.9
  END_EPOCH: 20
  EXTRA_EPOCH: 0
  EXTRA_LR: 0.001
  FDA:
    ENABLE: False
  FLIP: False
  GAN:
    ENABLE: False
    MULTI_LEVEL: False
  IGNORE_LABEL: 0
  IMAGE_SIZE: [1024, 1024]
  LR: 0.01
  MOMENTUM: 0.7
  MULTI_SCALE: False
  NESTEROV: False
  OPTIMIZER: sgd
  RESUME: False
  SCALE_FACTOR: 16
  SHUFFLE: True
  WD: 0.0005
WORKERS: 4
2025-05-22 14:25:38,912 Attention!!!
2025-05-22 14:25:38,912 Loaded 302 parameters!
2025-05-22 14:25:38,912 Over!!!
2025-05-22 14:26:02,030 Epoch: [0/20] Iter:[0/192], Time: 22.95, lr: [0.01], Loss: 8.891546, Acc:0.161762, Semantic loss: 2.322466, BCE loss: 4.815366, SB loss: 1.753714
2025-05-22 14:26:08,629 Epoch: [0/20] Iter:[10/192], Time: 2.66, lr: [0.009976559445324192], Loss: 5.662105, Acc:0.219458, Semantic loss: 1.828449, BCE loss: 2.694120, SB loss: 1.139535
2025-05-22 14:26:15,082 Epoch: [0/20] Iter:[20/192], Time: 1.70, lr: [0.009953112769592761], Loss: 5.224471, Acc:0.229438, Semantic loss: 1.801739, BCE loss: 2.359374, SB loss: 1.063359
2025-05-22 14:26:21,444 Epoch: [0/20] Iter:[30/192], Time: 1.36, lr: [0.009929659955177281], Loss: 4.700782, Acc:0.240348, Semantic loss: 1.572837, BCE loss: 2.207888, SB loss: 0.920057
2025-05-22 14:26:27,858 Epoch: [0/20] Iter:[40/192], Time: 1.18, lr: [0.009906200984352154], Loss: 4.436500, Acc:0.259587, Semantic loss: 1.494059, BCE loss: 2.091283, SB loss: 0.851157
2025-05-22 14:26:34,198 Epoch: [0/20] Iter:[50/192], Time: 1.08, lr: [0.009882735839293803], Loss: 4.156228, Acc:0.269322, Semantic loss: 1.386242, BCE loss: 1.990532, SB loss: 0.779454
2025-05-22 14:26:40,549 Epoch: [0/20] Iter:[60/192], Time: 1.00, lr: [0.00985926450207989], Loss: 3.967703, Acc:0.276292, Semantic loss: 1.317507, BCE loss: 1.916308, SB loss: 0.733889
2025-05-22 14:26:46,916 Epoch: [0/20] Iter:[70/192], Time: 0.95, lr: [0.009835786954688485], Loss: 3.836979, Acc:0.283425, Semantic loss: 1.261188, BCE loss: 1.882963, SB loss: 0.692828
2025-05-22 14:26:53,280 Epoch: [0/20] Iter:[80/192], Time: 0.91, lr: [0.00981230317899726], Loss: 3.750517, Acc:0.291621, Semantic loss: 1.226270, BCE loss: 1.840527, SB loss: 0.683720
2025-05-22 14:26:59,640 Epoch: [0/20] Iter:[90/192], Time: 0.88, lr: [0.009788813156782662], Loss: 3.669321, Acc:0.297161, Semantic loss: 1.180107, BCE loss: 1.832969, SB loss: 0.656245
2025-05-22 14:27:05,989 Epoch: [0/20] Iter:[100/192], Time: 0.86, lr: [0.009765316869719067], Loss: 3.635241, Acc:0.303234, Semantic loss: 1.171376, BCE loss: 1.815382, SB loss: 0.648482
2025-05-22 14:27:12,295 Epoch: [0/20] Iter:[110/192], Time: 0.84, lr: [0.009741814299377942], Loss: 3.561810, Acc:0.307642, Semantic loss: 1.139465, BCE loss: 1.792794, SB loss: 0.629550
2025-05-22 14:27:18,697 Epoch: [0/20] Iter:[120/192], Time: 0.82, lr: [0.009718305427226986], Loss: 3.493770, Acc:0.311160, Semantic loss: 1.113847, BCE loss: 1.770789, SB loss: 0.609134
2025-05-22 14:27:25,038 Epoch: [0/20] Iter:[130/192], Time: 0.81, lr: [0.009694790234629266], Loss: 3.437320, Acc:0.317206, Semantic loss: 1.092745, BCE loss: 1.753795, SB loss: 0.590780
2025-05-22 14:27:31,402 Epoch: [0/20] Iter:[140/192], Time: 0.79, lr: [0.009671268702842338], Loss: 3.371670, Acc:0.322582, Semantic loss: 1.066264, BCE loss: 1.733469, SB loss: 0.571936
2025-05-22 14:27:37,760 Epoch: [0/20] Iter:[150/192], Time: 0.78, lr: [0.009647740813017376], Loss: 3.342360, Acc:0.326033, Semantic loss: 1.057161, BCE loss: 1.719653, SB loss: 0.565545
2025-05-22 14:27:44,110 Epoch: [0/20] Iter:[160/192], Time: 0.78, lr: [0.009624206546198262], Loss: 3.304938, Acc:0.325247, Semantic loss: 1.043274, BCE loss: 1.703801, SB loss: 0.557862
2025-05-22 14:27:50,441 Epoch: [0/20] Iter:[170/192], Time: 0.77, lr: [0.009600665883320689], Loss: 3.274796, Acc:0.327895, Semantic loss: 1.027260, BCE loss: 1.696134, SB loss: 0.551402
2025-05-22 14:27:56,802 Epoch: [0/20] Iter:[180/192], Time: 0.76, lr: [0.009577118805211254], Loss: 3.230660, Acc:0.330498, Semantic loss: 1.005581, BCE loss: 1.683822, SB loss: 0.541256
2025-05-22 14:28:02,862 Epoch: [0/20] Iter:[190/192], Time: 0.75, lr: [0.009553565292586523], Loss: 3.203286, Acc:0.333631, Semantic loss: 0.996713, BCE loss: 1.669781, SB loss: 0.536792
2025-05-22 14:31:09,818 => saving checkpoint to output\loveda\pidnet_small_loveda\aug_gncheckpoint.pth.tar
2025-05-22 14:31:10,044 Loss: 6.736, MeanIU:  0.1892, Best_mIoU:  0.1892
2025-05-22 14:31:10,044 [0.09361325 0.20096    0.19917432 0.26939715 0.08039108 0.1056191
 0.37491753]
2025-05-22 14:31:25,395 Epoch: [1/20] Iter:[0/192], Time: 15.10, lr: [0.009548853816214998], Loss: 2.728356, Acc:0.370866, Semantic loss: 0.704100, BCE loss: 1.778250, SB loss: 0.246005
2025-05-22 14:31:31,533 Epoch: [1/20] Iter:[10/192], Time: 1.93, lr: [0.009525292556561479], Loss: 2.538027, Acc:0.406061, Semantic loss: 0.708340, BCE loss: 1.534494, SB loss: 0.295192
2025-05-22 14:31:37,887 Epoch: [1/20] Iter:[20/192], Time: 1.31, lr: [0.00950172481957719], Loss: 2.748455, Acc:0.393739, Semantic loss: 0.762595, BCE loss: 1.473594, SB loss: 0.512266
2025-05-22 14:31:43,766 Epoch: [1/20] Iter:[30/192], Time: 1.08, lr: [0.009478150585620286], Loss: 2.713846, Acc:0.394941, Semantic loss: 0.750571, BCE loss: 1.463770, SB loss: 0.499506
2025-05-22 14:31:49,618 Epoch: [1/20] Iter:[40/192], Time: 0.96, lr: [0.009454569834934885], Loss: 2.650463, Acc:0.391931, Semantic loss: 0.726226, BCE loss: 1.470996, SB loss: 0.453241
2025-05-22 14:31:55,683 Epoch: [1/20] Iter:[50/192], Time: 0.89, lr: [0.009430982547650114], Loss: 2.649169, Acc:0.392890, Semantic loss: 0.742639, BCE loss: 1.489445, SB loss: 0.417085
2025-05-22 14:32:02,051 Epoch: [1/20] Iter:[60/192], Time: 0.85, lr: [0.009407388703779091], Loss: 2.616230, Acc:0.402168, Semantic loss: 0.736635, BCE loss: 1.488893, SB loss: 0.390702
2025-05-22 14:32:08,421 Epoch: [1/20] Iter:[70/192], Time: 0.82, lr: [0.009383788283217955], Loss: 2.577708, Acc:0.401646, Semantic loss: 0.731140, BCE loss: 1.460493, SB loss: 0.386075
2025-05-22 14:32:14,804 Epoch: [1/20] Iter:[80/192], Time: 0.80, lr: [0.00936018126574482], Loss: 2.590264, Acc:0.401228, Semantic loss: 0.749426, BCE loss: 1.466621, SB loss: 0.374217
2025-05-22 14:32:21,191 Epoch: [1/20] Iter:[90/192], Time: 0.78, lr: [0.009336567631018769], Loss: 2.601766, Acc:0.398386, Semantic loss: 0.750801, BCE loss: 1.470116, SB loss: 0.380849
2025-05-22 14:32:27,576 Epoch: [1/20] Iter:[100/192], Time: 0.77, lr: [0.009312947358578814], Loss: 2.595863, Acc:0.398506, Semantic loss: 0.739237, BCE loss: 1.480869, SB loss: 0.375757
2025-05-22 14:32:33,958 Epoch: [1/20] Iter:[110/192], Time: 0.75, lr: [0.009289320427842841], Loss: 2.581860, Acc:0.400774, Semantic loss: 0.732109, BCE loss: 1.482726, SB loss: 0.367026
2025-05-22 14:32:40,032 Epoch: [1/20] Iter:[120/192], Time: 0.74, lr: [0.009265686818106552], Loss: 2.563584, Acc:0.402780, Semantic loss: 0.717821, BCE loss: 1.489412, SB loss: 0.356351
2025-05-22 14:32:46,475 Epoch: [1/20] Iter:[130/192], Time: 0.73, lr: [0.009242046508542393], Loss: 2.552992, Acc:0.404559, Semantic loss: 0.714337, BCE loss: 1.486535, SB loss: 0.352120
2025-05-22 14:32:52,207 Epoch: [1/20] Iter:[140/192], Time: 0.72, lr: [0.009218399478198466], Loss: 2.531968, Acc:0.405088, Semantic loss: 0.703622, BCE loss: 1.481089, SB loss: 0.347257
2025-05-22 14:32:57,848 Epoch: [1/20] Iter:[150/192], Time: 0.71, lr: [0.009194745705997428], Loss: 2.525001, Acc:0.409186, Semantic loss: 0.696635, BCE loss: 1.486884, SB loss: 0.341482
2025-05-22 14:33:03,516 Epoch: [1/20] Iter:[160/192], Time: 0.70, lr: [0.00917108517073538], Loss: 2.526217, Acc:0.411288, Semantic loss: 0.695465, BCE loss: 1.490813, SB loss: 0.339939
2025-05-22 14:33:09,184 Epoch: [1/20] Iter:[170/192], Time: 0.70, lr: [0.00914741785108075], Loss: 2.517054, Acc:0.412990, Semantic loss: 0.688919, BCE loss: 1.489771, SB loss: 0.338364
2025-05-22 14:33:14,875 Epoch: [1/20] Iter:[180/192], Time: 0.69, lr: [0.00912374372557314], Loss: 2.506981, Acc:0.413327, Semantic loss: 0.682274, BCE loss: 1.491703, SB loss: 0.333005
2025-05-22 14:33:20,422 Epoch: [1/20] Iter:[190/192], Time: 0.68, lr: [0.009100062772622186], Loss: 2.497185, Acc:0.415637, Semantic loss: 0.674108, BCE loss: 1.494405, SB loss: 0.328672
2025-05-22 14:35:43,537 => saving checkpoint to output\loveda\pidnet_small_loveda\aug_gncheckpoint.pth.tar
2025-05-22 14:35:43,674 Loss: 6.180, MeanIU:  0.2374, Best_mIoU:  0.2374
2025-05-22 14:35:43,675 [0.13297125 0.29140007 0.27170307 0.37539939 0.06798129 0.10227812
 0.41996351]
2025-05-22 14:35:58,212 Epoch: [2/20] Iter:[0/192], Time: 14.27, lr: [0.009095325760829623], Loss: 2.307140, Acc:0.483937, Semantic loss: 0.451835, BCE loss: 1.581863, SB loss: 0.273441
2025-05-22 14:36:03,764 Epoch: [2/20] Iter:[10/192], Time: 1.80, lr: [0.009071636586262652], Loss: 2.373620, Acc:0.468490, Semantic loss: 0.593401, BCE loss: 1.509412, SB loss: 0.270807
2025-05-22 14:36:09,370 Epoch: [2/20] Iter:[20/192], Time: 1.21, lr: [0.009047940536290279], Loss: 2.403174, Acc:0.448834, Semantic loss: 0.641799, BCE loss: 1.417761, SB loss: 0.343614
2025-05-22 14:36:15,032 Epoch: [2/20] Iter:[30/192], Time: 1.00, lr: [0.009024237588898336], Loss: 2.380739, Acc:0.450074, Semantic loss: 0.612343, BCE loss: 1.440803, SB loss: 0.327593
2025-05-22 14:36:20,667 Epoch: [2/20] Iter:[40/192], Time: 0.90, lr: [0.009000527721937697], Loss: 2.376911, Acc:0.446013, Semantic loss: 0.618421, BCE loss: 1.451798, SB loss: 0.306692
2025-05-22 14:36:26,353 Epoch: [2/20] Iter:[50/192], Time: 0.83, lr: [0.008976810913123051], Loss: 2.353757, Acc:0.444574, Semantic loss: 0.612053, BCE loss: 1.434766, SB loss: 0.306938
2025-05-22 14:36:31,974 Epoch: [2/20] Iter:[60/192], Time: 0.79, lr: [0.008953087140031669], Loss: 2.344123, Acc:0.445043, Semantic loss: 0.601420, BCE loss: 1.435749, SB loss: 0.306954
2025-05-22 14:36:37,596 Epoch: [2/20] Iter:[70/192], Time: 0.76, lr: [0.008929356380102142], Loss: 2.338931, Acc:0.441949, Semantic loss: 0.597000, BCE loss: 1.434936, SB loss: 0.306995
2025-05-22 14:36:43,257 Epoch: [2/20] Iter:[80/192], Time: 0.73, lr: [0.008905618610633112], Loss: 2.344869, Acc:0.444733, Semantic loss: 0.587605, BCE loss: 1.450899, SB loss: 0.306364
2025-05-22 14:36:48,919 Epoch: [2/20] Iter:[90/192], Time: 0.71, lr: [0.008881873808781991], Loss: 2.334402, Acc:0.445410, Semantic loss: 0.576156, BCE loss: 1.452293, SB loss: 0.305954
2025-05-22 14:36:54,597 Epoch: [2/20] Iter:[100/192], Time: 0.70, lr: [0.008858121951563658], Loss: 2.350257, Acc:0.445559, Semantic loss: 0.578679, BCE loss: 1.458944, SB loss: 0.312634
2025-05-22 14:37:00,259 Epoch: [2/20] Iter:[110/192], Time: 0.69, lr: [0.008834363015849136], Loss: 2.359268, Acc:0.448829, Semantic loss: 0.587652, BCE loss: 1.463787, SB loss: 0.307829
2025-05-22 14:37:05,868 Epoch: [2/20] Iter:[120/192], Time: 0.68, lr: [0.008810596978364274], Loss: 2.368085, Acc:0.449150, Semantic loss: 0.584259, BCE loss: 1.474468, SB loss: 0.309357
2025-05-22 14:37:11,541 Epoch: [2/20] Iter:[130/192], Time: 0.67, lr: [0.008786823815688379], Loss: 2.370764, Acc:0.450476, Semantic loss: 0.588268, BCE loss: 1.468458, SB loss: 0.314039
2025-05-22 14:37:17,195 Epoch: [2/20] Iter:[140/192], Time: 0.66, lr: [0.008763043504252865], Loss: 2.363090, Acc:0.451056, Semantic loss: 0.587943, BCE loss: 1.461721, SB loss: 0.313426
2025-05-22 14:37:22,839 Epoch: [2/20] Iter:[150/192], Time: 0.65, lr: [0.008739256020339866], Loss: 2.367804, Acc:0.450675, Semantic loss: 0.589248, BCE loss: 1.463649, SB loss: 0.314907
2025-05-22 14:37:28,476 Epoch: [2/20] Iter:[160/192], Time: 0.65, lr: [0.00871546134008083], Loss: 2.354800, Acc:0.450959, Semantic loss: 0.584602, BCE loss: 1.461879, SB loss: 0.308319
2025-05-22 14:37:34,097 Epoch: [2/20] Iter:[170/192], Time: 0.64, lr: [0.008691659439455107], Loss: 2.346592, Acc:0.450887, Semantic loss: 0.581375, BCE loss: 1.455491, SB loss: 0.309727
2025-05-22 14:37:39,747 Epoch: [2/20] Iter:[180/192], Time: 0.64, lr: [0.008667850294288517], Loss: 2.339922, Acc:0.451731, Semantic loss: 0.580680, BCE loss: 1.448098, SB loss: 0.311143
2025-05-22 14:37:45,191 Epoch: [2/20] Iter:[190/192], Time: 0.63, lr: [0.008644033880251888], Loss: 2.340787, Acc:0.452661, Semantic loss: 0.578856, BCE loss: 1.452428, SB loss: 0.309503
2025-05-22 14:40:05,710 => saving checkpoint to output\loveda\pidnet_small_loveda\aug_gncheckpoint.pth.tar
2025-05-22 14:40:05,806 Loss: 6.187, MeanIU:  0.2308, Best_mIoU:  0.2374
2025-05-22 14:40:05,806 [0.06462625 0.31040179 0.29465248 0.33373757 0.0650626  0.0978297
 0.44913094]
2025-05-22 14:40:20,102 Epoch: [3/20] Iter:[0/192], Time: 14.03, lr: [0.008639269723028191], Loss: 2.569752, Acc:0.474552, Semantic loss: 0.403082, BCE loss: 1.867501, SB loss: 0.299170
2025-05-22 14:40:25,196 Epoch: [3/20] Iter:[10/192], Time: 1.74, lr: [0.008615444554012613], Loss: 2.334235, Acc:0.460207, Semantic loss: 0.553706, BCE loss: 1.485882, SB loss: 0.294647
2025-05-22 14:40:30,285 Epoch: [3/20] Iter:[20/192], Time: 1.15, lr: [0.008591612062049989], Loss: 2.311685, Acc:0.471855, Semantic loss: 0.544696, BCE loss: 1.490555, SB loss: 0.276434
2025-05-22 14:40:35,355 Epoch: [3/20] Iter:[30/192], Time: 0.94, lr: [0.008567772222305215], Loss: 2.275184, Acc:0.472896, Semantic loss: 0.553767, BCE loss: 1.446485, SB loss: 0.274932
2025-05-22 14:40:40,419 Epoch: [3/20] Iter:[40/192], Time: 0.84, lr: [0.008543925009781886], Loss: 2.248578, Acc:0.471613, Semantic loss: 0.533644, BCE loss: 1.441725, SB loss: 0.273209
2025-05-22 14:40:45,492 Epoch: [3/20] Iter:[50/192], Time: 0.77, lr: [0.00852007039932076], Loss: 2.284005, Acc:0.478170, Semantic loss: 0.527620, BCE loss: 1.475880, SB loss: 0.280506
2025-05-22 14:40:50,559 Epoch: [3/20] Iter:[60/192], Time: 0.73, lr: [0.00849620836559818], Loss: 2.233835, Acc:0.473435, Semantic loss: 0.521745, BCE loss: 1.432675, SB loss: 0.279416
2025-05-22 14:40:55,622 Epoch: [3/20] Iter:[70/192], Time: 0.70, lr: [0.008472338883124477], Loss: 2.244623, Acc:0.474842, Semantic loss: 0.528751, BCE loss: 1.438038, SB loss: 0.277834
2025-05-22 14:41:00,685 Epoch: [3/20] Iter:[80/192], Time: 0.67, lr: [0.008448461926242374], Loss: 2.250665, Acc:0.475921, Semantic loss: 0.523748, BCE loss: 1.451210, SB loss: 0.275707
2025-05-22 14:41:05,756 Epoch: [3/20] Iter:[90/192], Time: 0.66, lr: [0.008424577469125337], Loss: 2.263720, Acc:0.477497, Semantic loss: 0.527690, BCE loss: 1.451623, SB loss: 0.284406
2025-05-22 14:41:10,805 Epoch: [3/20] Iter:[100/192], Time: 0.64, lr: [0.008400685485775935], Loss: 2.262367, Acc:0.477493, Semantic loss: 0.527418, BCE loss: 1.447706, SB loss: 0.287244
2025-05-22 14:41:15,898 Epoch: [3/20] Iter:[110/192], Time: 0.63, lr: [0.008376785950024154], Loss: 2.278288, Acc:0.477199, Semantic loss: 0.522283, BCE loss: 1.464671, SB loss: 0.291334
2025-05-22 14:41:20,987 Epoch: [3/20] Iter:[120/192], Time: 0.62, lr: [0.00835287883552571], Loss: 2.279419, Acc:0.477997, Semantic loss: 0.532004, BCE loss: 1.458397, SB loss: 0.289019
2025-05-22 14:41:26,065 Epoch: [3/20] Iter:[130/192], Time: 0.61, lr: [0.008328964115760324], Loss: 2.281484, Acc:0.476447, Semantic loss: 0.530283, BCE loss: 1.461480, SB loss: 0.289721
2025-05-22 14:41:31,140 Epoch: [3/20] Iter:[140/192], Time: 0.60, lr: [0.008305041764029988], Loss: 2.282573, Acc:0.475391, Semantic loss: 0.533160, BCE loss: 1.462497, SB loss: 0.286917
2025-05-22 14:41:36,213 Epoch: [3/20] Iter:[150/192], Time: 0.60, lr: [0.008281111753457188], Loss: 2.280262, Acc:0.475716, Semantic loss: 0.534916, BCE loss: 1.454344, SB loss: 0.291002
2025-05-22 14:41:41,272 Epoch: [3/20] Iter:[160/192], Time: 0.59, lr: [0.008257174056983133], Loss: 2.271701, Acc:0.477547, Semantic loss: 0.533363, BCE loss: 1.449894, SB loss: 0.288444
2025-05-22 14:41:46,349 Epoch: [3/20] Iter:[170/192], Time: 0.59, lr: [0.00823322864736593], Loss: 2.262462, Acc:0.474239, Semantic loss: 0.531498, BCE loss: 1.445122, SB loss: 0.285842
2025-05-22 14:41:51,392 Epoch: [3/20] Iter:[180/192], Time: 0.58, lr: [0.008209275497178764], Loss: 2.256622, Acc:0.474804, Semantic loss: 0.532376, BCE loss: 1.438703, SB loss: 0.285543
2025-05-22 14:41:56,420 Epoch: [3/20] Iter:[190/192], Time: 0.58, lr: [0.008185314578808021], Loss: 2.260059, Acc:0.475309, Semantic loss: 0.538395, BCE loss: 1.433590, SB loss: 0.288073
2025-05-22 14:44:01,291 => saving checkpoint to output\loveda\pidnet_small_loveda\aug_gncheckpoint.pth.tar
2025-05-22 14:44:01,389 Loss: 5.124, MeanIU:  0.2285, Best_mIoU:  0.2374
2025-05-22 14:44:01,389 [0.11248252 0.33268962 0.29143836 0.35184351 0.03624721 0.06563144
 0.40911111]
2025-05-22 14:44:15,833 Epoch: [4/20] Iter:[0/192], Time: 14.18, lr: [0.008180521460508584], Loss: 2.186825, Acc:0.609141, Semantic loss: 0.431935, BCE loss: 1.535063, SB loss: 0.219827
2025-05-22 14:44:20,885 Epoch: [4/20] Iter:[10/192], Time: 1.75, lr: [0.008156551183601795], Loss: 2.012910, Acc:0.450383, Semantic loss: 0.433452, BCE loss: 1.360977, SB loss: 0.218480
2025-05-22 14:44:25,975 Epoch: [4/20] Iter:[20/192], Time: 1.16, lr: [0.008132573077094668], Loss: 2.073531, Acc:0.478384, Semantic loss: 0.446756, BCE loss: 1.401572, SB loss: 0.225203
2025-05-22 14:44:31,029 Epoch: [4/20] Iter:[30/192], Time: 0.95, lr: [0.008108587112763079], Loss: 2.129352, Acc:0.487762, Semantic loss: 0.478065, BCE loss: 1.409234, SB loss: 0.242053
2025-05-22 14:44:36,089 Epoch: [4/20] Iter:[40/192], Time: 0.84, lr: [0.008084593262188028], Loss: 2.150862, Acc:0.487242, Semantic loss: 0.496067, BCE loss: 1.405037, SB loss: 0.249759
2025-05-22 14:44:41,167 Epoch: [4/20] Iter:[50/192], Time: 0.77, lr: [0.008060591496753653], Loss: 2.173704, Acc:0.484121, Semantic loss: 0.507558, BCE loss: 1.403914, SB loss: 0.262231
2025-05-22 14:44:46,233 Epoch: [4/20] Iter:[60/192], Time: 0.73, lr: [0.008036581787645204], Loss: 2.193642, Acc:0.485576, Semantic loss: 0.505445, BCE loss: 1.421398, SB loss: 0.266799
2025-05-22 14:44:51,317 Epoch: [4/20] Iter:[70/192], Time: 0.70, lr: [0.008012564105846994], Loss: 2.214391, Acc:0.482999, Semantic loss: 0.511830, BCE loss: 1.432642, SB loss: 0.269919
2025-05-22 14:44:56,383 Epoch: [4/20] Iter:[80/192], Time: 0.68, lr: [0.007988538422140333], Loss: 2.177857, Acc:0.487457, Semantic loss: 0.506103, BCE loss: 1.410538, SB loss: 0.261216
2025-05-22 14:45:01,432 Epoch: [4/20] Iter:[90/192], Time: 0.66, lr: [0.007964504707101411], Loss: 2.172782, Acc:0.486607, Semantic loss: 0.503401, BCE loss: 1.410530, SB loss: 0.258851
2025-05-22 14:45:06,511 Epoch: [4/20] Iter:[100/192], Time: 0.64, lr: [0.007940462931099176], Loss: 2.162814, Acc:0.490256, Semantic loss: 0.501785, BCE loss: 1.399968, SB loss: 0.261061
2025-05-22 14:45:11,604 Epoch: [4/20] Iter:[110/192], Time: 0.63, lr: [0.007916413064293163], Loss: 2.177884, Acc:0.490749, Semantic loss: 0.501947, BCE loss: 1.414345, SB loss: 0.261592
2025-05-22 14:45:16,675 Epoch: [4/20] Iter:[120/192], Time: 0.62, lr: [0.007892355076631318], Loss: 2.196004, Acc:0.491168, Semantic loss: 0.512687, BCE loss: 1.413674, SB loss: 0.269643
2025-05-22 14:45:21,748 Epoch: [4/20] Iter:[130/192], Time: 0.61, lr: [0.007868288937847752], Loss: 2.204093, Acc:0.491585, Semantic loss: 0.515950, BCE loss: 1.416179, SB loss: 0.271965
2025-05-22 14:45:26,792 Epoch: [4/20] Iter:[140/192], Time: 0.60, lr: [0.007844214617460508], Loss: 2.206596, Acc:0.491021, Semantic loss: 0.514430, BCE loss: 1.417829, SB loss: 0.274336
2025-05-22 14:45:31,865 Epoch: [4/20] Iter:[150/192], Time: 0.60, lr: [0.007820132084769268], Loss: 2.213518, Acc:0.491476, Semantic loss: 0.512784, BCE loss: 1.424943, SB loss: 0.275791
2025-05-22 14:45:36,881 Epoch: [4/20] Iter:[160/192], Time: 0.59, lr: [0.00779604130885303], Loss: 2.205720, Acc:0.489633, Semantic loss: 0.513453, BCE loss: 1.415651, SB loss: 0.276616
2025-05-22 14:45:41,960 Epoch: [4/20] Iter:[170/192], Time: 0.59, lr: [0.007771942258567773], Loss: 2.195889, Acc:0.490502, Semantic loss: 0.510476, BCE loss: 1.410651, SB loss: 0.274762
2025-05-22 14:45:47,020 Epoch: [4/20] Iter:[180/192], Time: 0.58, lr: [0.007747834902544056], Loss: 2.198598, Acc:0.490788, Semantic loss: 0.508152, BCE loss: 1.414865, SB loss: 0.275581
2025-05-22 14:45:52,040 Epoch: [4/20] Iter:[190/192], Time: 0.58, lr: [0.0077237192091846206], Loss: 2.197073, Acc:0.491544, Semantic loss: 0.505033, BCE loss: 1.416147, SB loss: 0.275893
2025-05-22 14:48:01,836 => saving checkpoint to output\loveda\pidnet_small_loveda\aug_gncheckpoint.pth.tar
2025-05-22 14:48:01,975 Loss: 6.200, MeanIU:  0.2507, Best_mIoU:  0.2507
2025-05-22 14:48:01,975 [0.16139108 0.30929929 0.30670433 0.40191817 0.04195964 0.09199371
 0.44158644]
2025-05-22 14:48:16,589 Epoch: [5/20] Iter:[0/192], Time: 14.35, lr: [0.007718895067235705], Loss: 2.708341, Acc:0.563935, Semantic loss: 0.589735, BCE loss: 1.692727, SB loss: 0.425879
2025-05-22 14:48:21,643 Epoch: [5/20] Iter:[10/192], Time: 1.76, lr: [0.007694769327040611], Loss: 2.178392, Acc:0.520784, Semantic loss: 0.440308, BCE loss: 1.475367, SB loss: 0.262717
2025-05-22 14:48:26,726 Epoch: [5/20] Iter:[20/192], Time: 1.17, lr: [0.00767063517918174], Loss: 2.148657, Acc:0.513554, Semantic loss: 0.446527, BCE loss: 1.440186, SB loss: 0.261944
2025-05-22 14:48:31,780 Epoch: [5/20] Iter:[30/192], Time: 0.95, lr: [0.007646492591316132], Loss: 2.146323, Acc:0.512302, Semantic loss: 0.458880, BCE loss: 1.423291, SB loss: 0.264152
2025-05-22 14:48:36,827 Epoch: [5/20] Iter:[40/192], Time: 0.84, lr: [0.007622341530862476], Loss: 2.105031, Acc:0.506219, Semantic loss: 0.456931, BCE loss: 1.375248, SB loss: 0.272851
2025-05-22 14:48:41,888 Epoch: [5/20] Iter:[50/192], Time: 0.78, lr: [0.0075981819649984985], Loss: 2.098754, Acc:0.503049, Semantic loss: 0.454730, BCE loss: 1.378484, SB loss: 0.265540
2025-05-22 14:48:46,963 Epoch: [5/20] Iter:[60/192], Time: 0.73, lr: [0.007574013860658317], Loss: 2.101103, Acc:0.501239, Semantic loss: 0.456392, BCE loss: 1.386078, SB loss: 0.258632
2025-05-22 14:48:52,061 Epoch: [5/20] Iter:[70/192], Time: 0.70, lr: [0.007549837184529776], Loss: 2.106405, Acc:0.505562, Semantic loss: 0.456457, BCE loss: 1.392004, SB loss: 0.257944
2025-05-22 14:48:57,117 Epoch: [5/20] Iter:[80/192], Time: 0.68, lr: [0.0075256519030517215], Loss: 2.138777, Acc:0.506188, Semantic loss: 0.462909, BCE loss: 1.410040, SB loss: 0.265829
2025-05-22 14:49:02,124 Epoch: [5/20] Iter:[90/192], Time: 0.66, lr: [0.007501457982411236], Loss: 2.136238, Acc:0.502824, Semantic loss: 0.470793, BCE loss: 1.403322, SB loss: 0.262123
2025-05-22 14:49:07,189 Epoch: [5/20] Iter:[100/192], Time: 0.64, lr: [0.0074772553885408604], Loss: 2.151435, Acc:0.503911, Semantic loss: 0.475249, BCE loss: 1.408321, SB loss: 0.267865
2025-05-22 14:49:12,246 Epoch: [5/20] Iter:[110/192], Time: 0.63, lr: [0.007453044087115737], Loss: 2.145199, Acc:0.502628, Semantic loss: 0.478645, BCE loss: 1.402139, SB loss: 0.264416
2025-05-22 14:49:17,309 Epoch: [5/20] Iter:[120/192], Time: 0.62, lr: [0.007428824043550734], Loss: 2.160598, Acc:0.505527, Semantic loss: 0.481647, BCE loss: 1.410292, SB loss: 0.268659
2025-05-22 14:49:22,383 Epoch: [5/20] Iter:[130/192], Time: 0.61, lr: [0.007404595222997526], Loss: 2.170086, Acc:0.503193, Semantic loss: 0.484726, BCE loss: 1.415327, SB loss: 0.270033
2025-05-22 14:49:27,424 Epoch: [5/20] Iter:[140/192], Time: 0.60, lr: [0.007380357590341623], Loss: 2.173996, Acc:0.502006, Semantic loss: 0.486618, BCE loss: 1.416133, SB loss: 0.271245
2025-05-22 14:49:32,502 Epoch: [5/20] Iter:[150/192], Time: 0.60, lr: [0.007356111110199354], Loss: 2.176109, Acc:0.499867, Semantic loss: 0.488558, BCE loss: 1.416190, SB loss: 0.271361
2025-05-22 14:49:37,597 Epoch: [5/20] Iter:[160/192], Time: 0.59, lr: [0.00733185574691482], Loss: 2.179446, Acc:0.501047, Semantic loss: 0.488579, BCE loss: 1.419877, SB loss: 0.270991
2025-05-22 14:49:42,675 Epoch: [5/20] Iter:[170/192], Time: 0.59, lr: [0.007307591464556783], Loss: 2.170585, Acc:0.501417, Semantic loss: 0.488838, BCE loss: 1.409815, SB loss: 0.271932
2025-05-22 14:49:47,794 Epoch: [5/20] Iter:[180/192], Time: 0.58, lr: [0.007283318226915514], Loss: 2.160787, Acc:0.500715, Semantic loss: 0.487868, BCE loss: 1.401983, SB loss: 0.270937
2025-05-22 14:49:52,854 Epoch: [5/20] Iter:[190/192], Time: 0.58, lr: [0.007259035997499604], Loss: 2.170073, Acc:0.502215, Semantic loss: 0.489207, BCE loss: 1.409586, SB loss: 0.271279
2025-05-22 14:52:03,476 => saving checkpoint to output\loveda\pidnet_small_loveda\aug_gncheckpoint.pth.tar
2025-05-22 14:52:03,567 Loss: 5.989, MeanIU:  0.2377, Best_mIoU:  0.2507
2025-05-22 14:52:03,567 [0.11509374 0.32389953 0.32422093 0.33403459 0.01920742 0.10963967
 0.43774081]
2025-05-22 14:52:18,690 Epoch: [6/20] Iter:[0/192], Time: 14.86, lr: [0.007254178469372199], Loss: 2.391754, Acc:0.697404, Semantic loss: 0.722358, BCE loss: 1.188954, SB loss: 0.480442
2025-05-22 14:52:24,222 Epoch: [6/20] Iter:[10/192], Time: 1.85, lr: [0.007229885401256642], Loss: 2.170466, Acc:0.526778, Semantic loss: 0.536211, BCE loss: 1.393716, SB loss: 0.240539
2025-05-22 14:52:29,861 Epoch: [6/20] Iter:[20/192], Time: 1.24, lr: [0.0072055832600777334], Loss: 2.159388, Acc:0.517556, Semantic loss: 0.532031, BCE loss: 1.360521, SB loss: 0.266835
2025-05-22 14:52:35,484 Epoch: [6/20] Iter:[30/192], Time: 1.02, lr: [0.007181272008420604], Loss: 2.133977, Acc:0.503025, Semantic loss: 0.495456, BCE loss: 1.373135, SB loss: 0.265386
2025-05-22 14:52:41,131 Epoch: [6/20] Iter:[40/192], Time: 0.91, lr: [0.007156951608574727], Loss: 2.142041, Acc:0.509890, Semantic loss: 0.491069, BCE loss: 1.389183, SB loss: 0.261790
2025-05-22 14:52:46,730 Epoch: [6/20] Iter:[50/192], Time: 0.84, lr: [0.007132622022530447], Loss: 2.106133, Acc:0.508294, Semantic loss: 0.480650, BCE loss: 1.371081, SB loss: 0.254402
2025-05-22 14:52:52,377 Epoch: [6/20] Iter:[60/192], Time: 0.80, lr: [0.007108283211975477], Loss: 2.105005, Acc:0.507786, Semantic loss: 0.471301, BCE loss: 1.378611, SB loss: 0.255093
2025-05-22 14:52:58,042 Epoch: [6/20] Iter:[70/192], Time: 0.76, lr: [0.007083935138291319], Loss: 2.113260, Acc:0.509839, Semantic loss: 0.469855, BCE loss: 1.382519, SB loss: 0.260887
2025-05-22 14:53:03,680 Epoch: [6/20] Iter:[80/192], Time: 0.74, lr: [0.007059577762549636], Loss: 2.120803, Acc:0.514080, Semantic loss: 0.473610, BCE loss: 1.382975, SB loss: 0.264219
2025-05-22 14:53:09,365 Epoch: [6/20] Iter:[90/192], Time: 0.72, lr: [0.007035211045508576], Loss: 2.131942, Acc:0.514176, Semantic loss: 0.474435, BCE loss: 1.394199, SB loss: 0.263308
2025-05-22 14:53:14,991 Epoch: [6/20] Iter:[100/192], Time: 0.70, lr: [0.0070108349476090265], Loss: 2.133292, Acc:0.513401, Semantic loss: 0.476208, BCE loss: 1.393966, SB loss: 0.263118
2025-05-22 14:53:20,670 Epoch: [6/20] Iter:[110/192], Time: 0.69, lr: [0.00698644942897081], Loss: 2.131895, Acc:0.514437, Semantic loss: 0.471194, BCE loss: 1.396685, SB loss: 0.264017
2025-05-22 14:53:26,274 Epoch: [6/20] Iter:[120/192], Time: 0.68, lr: [0.006962054449388827], Loss: 2.138555, Acc:0.514392, Semantic loss: 0.480552, BCE loss: 1.393748, SB loss: 0.264255
2025-05-22 14:53:31,907 Epoch: [6/20] Iter:[130/192], Time: 0.67, lr: [0.006937649968329135], Loss: 2.149260, Acc:0.514470, Semantic loss: 0.483440, BCE loss: 1.401123, SB loss: 0.264698
2025-05-22 14:53:37,565 Epoch: [6/20] Iter:[140/192], Time: 0.66, lr: [0.006913235944924954], Loss: 2.150455, Acc:0.513359, Semantic loss: 0.481621, BCE loss: 1.402140, SB loss: 0.266693
2025-05-22 14:53:43,239 Epoch: [6/20] Iter:[150/192], Time: 0.66, lr: [0.006888812337972621], Loss: 2.145958, Acc:0.514806, Semantic loss: 0.479431, BCE loss: 1.399719, SB loss: 0.266807
2025-05-22 14:53:48,884 Epoch: [6/20] Iter:[160/192], Time: 0.65, lr: [0.00686437910592748], Loss: 2.135117, Acc:0.513144, Semantic loss: 0.480740, BCE loss: 1.387241, SB loss: 0.267137
2025-05-22 14:53:54,518 Epoch: [6/20] Iter:[170/192], Time: 0.65, lr: [0.00683993620689969], Loss: 2.131314, Acc:0.512907, Semantic loss: 0.478026, BCE loss: 1.386736, SB loss: 0.266552
2025-05-22 14:54:00,171 Epoch: [6/20] Iter:[180/192], Time: 0.64, lr: [0.0068154835986499775], Loss: 2.139970, Acc:0.512908, Semantic loss: 0.479424, BCE loss: 1.392988, SB loss: 0.267558
2025-05-22 14:54:05,567 Epoch: [6/20] Iter:[190/192], Time: 0.64, lr: [0.006791021238585323], Loss: 2.146939, Acc:0.512272, Semantic loss: 0.479344, BCE loss: 1.400347, SB loss: 0.267248
2025-05-22 14:56:27,680 => saving checkpoint to output\loveda\pidnet_small_loveda\aug_gncheckpoint.pth.tar
2025-05-22 14:56:27,771 Loss: 6.713, MeanIU:  0.2379, Best_mIoU:  0.2507
2025-05-22 14:56:27,771 [0.13898535 0.29450018 0.31179908 0.36872364 0.03111223 0.07873377
 0.44147713]
2025-05-22 14:56:42,249 Epoch: [7/20] Iter:[0/192], Time: 14.21, lr: [0.006786127592581251], Loss: 2.015380, Acc:0.530610, Semantic loss: 0.402135, BCE loss: 1.390120, SB loss: 0.223125
2025-05-22 14:56:47,513 Epoch: [7/20] Iter:[10/192], Time: 1.77, lr: [0.006761653473611295], Loss: 2.097612, Acc:0.530617, Semantic loss: 0.423621, BCE loss: 1.444129, SB loss: 0.229862
2025-05-22 14:56:53,144 Epoch: [7/20] Iter:[20/192], Time: 1.20, lr: [0.006737169507854796], Loss: 2.041431, Acc:0.544712, Semantic loss: 0.414403, BCE loss: 1.400281, SB loss: 0.226747
2025-05-22 14:56:58,791 Epoch: [7/20] Iter:[30/192], Time: 0.99, lr: [0.006712675651556858], Loss: 2.083623, Acc:0.539348, Semantic loss: 0.436475, BCE loss: 1.394350, SB loss: 0.252798
2025-05-22 14:57:04,462 Epoch: [7/20] Iter:[40/192], Time: 0.89, lr: [0.006688171860589905], Loss: 2.108101, Acc:0.539271, Semantic loss: 0.451179, BCE loss: 1.403161, SB loss: 0.253761
2025-05-22 14:57:10,078 Epoch: [7/20] Iter:[50/192], Time: 0.82, lr: [0.0066636580904489585], Loss: 2.139481, Acc:0.538059, Semantic loss: 0.451838, BCE loss: 1.434341, SB loss: 0.253302
2025-05-22 14:57:15,722 Epoch: [7/20] Iter:[60/192], Time: 0.78, lr: [0.006639134296246874], Loss: 2.159433, Acc:0.535639, Semantic loss: 0.456859, BCE loss: 1.442141, SB loss: 0.260434
2025-05-22 14:57:21,380 Epoch: [7/20] Iter:[70/192], Time: 0.75, lr: [0.0066146004327094585], Loss: 2.167123, Acc:0.533005, Semantic loss: 0.462205, BCE loss: 1.444072, SB loss: 0.260846
2025-05-22 14:57:27,004 Epoch: [7/20] Iter:[80/192], Time: 0.73, lr: [0.006590056454170537], Loss: 2.164497, Acc:0.528777, Semantic loss: 0.466928, BCE loss: 1.433351, SB loss: 0.264219
2025-05-22 14:57:32,644 Epoch: [7/20] Iter:[90/192], Time: 0.71, lr: [0.006565502314566912], Loss: 2.149503, Acc:0.527981, Semantic loss: 0.459773, BCE loss: 1.429929, SB loss: 0.259801
2025-05-22 14:57:38,269 Epoch: [7/20] Iter:[100/192], Time: 0.70, lr: [0.006540937967433255], Loss: 2.141041, Acc:0.530727, Semantic loss: 0.460141, BCE loss: 1.423057, SB loss: 0.257844
2025-05-22 14:57:43,925 Epoch: [7/20] Iter:[110/192], Time: 0.68, lr: [0.006516363365896894], Loss: 2.128582, Acc:0.528375, Semantic loss: 0.457277, BCE loss: 1.415123, SB loss: 0.256182
2025-05-22 14:57:49,570 Epoch: [7/20] Iter:[120/192], Time: 0.67, lr: [0.006491778462672531], Loss: 2.123448, Acc:0.527825, Semantic loss: 0.457603, BCE loss: 1.409013, SB loss: 0.256833
2025-05-22 14:57:55,171 Epoch: [7/20] Iter:[130/192], Time: 0.67, lr: [0.006467183210056843], Loss: 2.121125, Acc:0.526268, Semantic loss: 0.453392, BCE loss: 1.412023, SB loss: 0.255709
2025-05-22 14:58:00,827 Epoch: [7/20] Iter:[140/192], Time: 0.66, lr: [0.006442577559923017], Loss: 2.116197, Acc:0.526318, Semantic loss: 0.453332, BCE loss: 1.407170, SB loss: 0.255696
2025-05-22 14:58:06,456 Epoch: [7/20] Iter:[150/192], Time: 0.65, lr: [0.006417961463715172], Loss: 2.114941, Acc:0.528823, Semantic loss: 0.452018, BCE loss: 1.403520, SB loss: 0.259404
2025-05-22 14:58:12,069 Epoch: [7/20] Iter:[160/192], Time: 0.65, lr: [0.006393334872442681], Loss: 2.113683, Acc:0.529663, Semantic loss: 0.450558, BCE loss: 1.402263, SB loss: 0.260862
2025-05-22 14:58:17,768 Epoch: [7/20] Iter:[170/192], Time: 0.64, lr: [0.006368697736674411], Loss: 2.110370, Acc:0.531118, Semantic loss: 0.451904, BCE loss: 1.397564, SB loss: 0.260902
2025-05-22 14:58:23,347 Epoch: [7/20] Iter:[180/192], Time: 0.64, lr: [0.006344050006532848], Loss: 2.105348, Acc:0.531153, Semantic loss: 0.448143, BCE loss: 1.398105, SB loss: 0.259100
2025-05-22 14:58:28,661 Epoch: [7/20] Iter:[190/192], Time: 0.63, lr: [0.006319391631688114], Loss: 2.100977, Acc:0.532148, Semantic loss: 0.447812, BCE loss: 1.395389, SB loss: 0.257776
2025-05-22 15:00:50,350 => saving checkpoint to output\loveda\pidnet_small_loveda\aug_gncheckpoint.pth.tar
2025-05-22 15:00:50,494 Loss: 6.973, MeanIU:  0.2562, Best_mIoU:  0.2562
2025-05-22 15:00:50,494 [0.19703903 0.35194676 0.30597358 0.36846951 0.05240672 0.08448099
 0.43287223]
2025-05-22 15:01:04,749 Epoch: [8/20] Iter:[0/192], Time: 13.99, lr: [0.006314458674893553], Loss: 2.341574, Acc:0.656976, Semantic loss: 0.446646, BCE loss: 1.660308, SB loss: 0.234620
2025-05-22 15:01:10,126 Epoch: [8/20] Iter:[10/192], Time: 1.76, lr: [0.006289787459323657], Loss: 2.166731, Acc:0.498106, Semantic loss: 0.415352, BCE loss: 1.517731, SB loss: 0.233649
2025-05-22 15:01:15,753 Epoch: [8/20] Iter:[20/192], Time: 1.19, lr: [0.006265105486702424], Loss: 2.130084, Acc:0.524786, Semantic loss: 0.429745, BCE loss: 1.451407, SB loss: 0.248932
2025-05-22 15:01:21,394 Epoch: [8/20] Iter:[30/192], Time: 0.99, lr: [0.006240412705211017], Loss: 2.132241, Acc:0.541327, Semantic loss: 0.436049, BCE loss: 1.438094, SB loss: 0.258098
2025-05-22 15:01:27,040 Epoch: [8/20] Iter:[40/192], Time: 0.88, lr: [0.006215709062551949], Loss: 2.137976, Acc:0.535661, Semantic loss: 0.460135, BCE loss: 1.420267, SB loss: 0.257573
2025-05-22 15:01:32,715 Epoch: [8/20] Iter:[50/192], Time: 0.82, lr: [0.006190994505942529], Loss: 2.107757, Acc:0.532031, Semantic loss: 0.456734, BCE loss: 1.397627, SB loss: 0.253396
2025-05-22 15:01:38,350 Epoch: [8/20] Iter:[60/192], Time: 0.78, lr: [0.006166268982108192], Loss: 2.119396, Acc:0.530122, Semantic loss: 0.448155, BCE loss: 1.419354, SB loss: 0.251886
2025-05-22 15:01:43,999 Epoch: [8/20] Iter:[70/192], Time: 0.75, lr: [0.006141532437275693], Loss: 2.113709, Acc:0.532563, Semantic loss: 0.449077, BCE loss: 1.406958, SB loss: 0.257673
2025-05-22 15:01:49,646 Epoch: [8/20] Iter:[80/192], Time: 0.73, lr: [0.006116784817166194], Loss: 2.130920, Acc:0.535615, Semantic loss: 0.453131, BCE loss: 1.420408, SB loss: 0.257381
2025-05-22 15:01:55,318 Epoch: [8/20] Iter:[90/192], Time: 0.71, lr: [0.006092026066988214], Loss: 2.127393, Acc:0.534884, Semantic loss: 0.452688, BCE loss: 1.417372, SB loss: 0.257333
2025-05-22 15:02:00,925 Epoch: [8/20] Iter:[100/192], Time: 0.69, lr: [0.006067256131430442], Loss: 2.120333, Acc:0.533517, Semantic loss: 0.453050, BCE loss: 1.408582, SB loss: 0.258701
2025-05-22 15:02:06,551 Epoch: [8/20] Iter:[110/192], Time: 0.68, lr: [0.00604247495465443], Loss: 2.091088, Acc:0.530691, Semantic loss: 0.446809, BCE loss: 1.388665, SB loss: 0.255613
2025-05-22 15:02:12,208 Epoch: [8/20] Iter:[120/192], Time: 0.67, lr: [0.006017682480287143], Loss: 2.095660, Acc:0.532532, Semantic loss: 0.444989, BCE loss: 1.397203, SB loss: 0.253468
2025-05-22 15:02:17,849 Epoch: [8/20] Iter:[130/192], Time: 0.66, lr: [0.00599287865141337], Loss: 2.088654, Acc:0.532528, Semantic loss: 0.442999, BCE loss: 1.393664, SB loss: 0.251991
2025-05-22 15:02:23,559 Epoch: [8/20] Iter:[140/192], Time: 0.66, lr: [0.005968063410567983], Loss: 2.088655, Acc:0.532428, Semantic loss: 0.441610, BCE loss: 1.394268, SB loss: 0.252777
2025-05-22 15:02:29,198 Epoch: [8/20] Iter:[150/192], Time: 0.65, lr: [0.00594323669972807], Loss: 2.089856, Acc:0.534323, Semantic loss: 0.437976, BCE loss: 1.401292, SB loss: 0.250588
2025-05-22 15:02:34,883 Epoch: [8/20] Iter:[160/192], Time: 0.65, lr: [0.005918398460304892], Loss: 2.089698, Acc:0.534593, Semantic loss: 0.437058, BCE loss: 1.402474, SB loss: 0.250166
2025-05-22 15:02:40,546 Epoch: [8/20] Iter:[170/192], Time: 0.64, lr: [0.0058935486331357125], Loss: 2.083493, Acc:0.534505, Semantic loss: 0.438161, BCE loss: 1.395982, SB loss: 0.249351
2025-05-22 15:02:46,173 Epoch: [8/20] Iter:[180/192], Time: 0.64, lr: [0.005868687158475447], Loss: 2.082325, Acc:0.534532, Semantic loss: 0.438961, BCE loss: 1.393351, SB loss: 0.250012
2025-05-22 15:02:51,524 Epoch: [8/20] Iter:[190/192], Time: 0.63, lr: [0.005843813975988169], Loss: 2.082906, Acc:0.534449, Semantic loss: 0.442150, BCE loss: 1.389108, SB loss: 0.251648
2025-05-22 15:05:12,847 => saving checkpoint to output\loveda\pidnet_small_loveda\aug_gncheckpoint.pth.tar
2025-05-22 15:05:12,940 Loss: 7.064, MeanIU:  0.2348, Best_mIoU:  0.2562
2025-05-22 15:05:12,941 [0.16942727 0.33721707 0.32328215 0.2629857  0.03465313 0.07364319
 0.44262654]
2025-05-22 15:05:27,432 Epoch: [9/20] Iter:[0/192], Time: 14.23, lr: [0.0058388379291998025], Loss: 2.651744, Acc:0.567629, Semantic loss: 0.536792, BCE loss: 1.672049, SB loss: 0.442904
2025-05-22 15:05:32,536 Epoch: [9/20] Iter:[10/192], Time: 1.76, lr: [0.0058139506168319475], Loss: 2.051382, Acc:0.546684, Semantic loss: 0.435067, BCE loss: 1.350221, SB loss: 0.266093
2025-05-22 15:05:37,885 Epoch: [9/20] Iter:[20/192], Time: 1.17, lr: [0.005789051461775303], Loss: 2.064518, Acc:0.546534, Semantic loss: 0.412435, BCE loss: 1.400755, SB loss: 0.251328
2025-05-22 15:05:43,274 Epoch: [9/20] Iter:[30/192], Time: 0.97, lr: [0.005764140401744157], Loss: 2.118344, Acc:0.542298, Semantic loss: 0.425911, BCE loss: 1.444803, SB loss: 0.247629
2025-05-22 15:05:48,641 Epoch: [9/20] Iter:[40/192], Time: 0.86, lr: [0.005739217373824397], Loss: 2.079767, Acc:0.534930, Semantic loss: 0.418399, BCE loss: 1.418141, SB loss: 0.243227
2025-05-22 15:05:54,149 Epoch: [9/20] Iter:[50/192], Time: 0.80, lr: [0.005714282314464109], Loss: 2.087945, Acc:0.537850, Semantic loss: 0.410565, BCE loss: 1.433718, SB loss: 0.243662
2025-05-22 15:05:59,606 Epoch: [9/20] Iter:[60/192], Time: 0.76, lr: [0.005689335159463984], Loss: 2.135111, Acc:0.539450, Semantic loss: 0.442869, BCE loss: 1.445707, SB loss: 0.246534
2025-05-22 15:06:04,920 Epoch: [9/20] Iter:[70/192], Time: 0.73, lr: [0.0056643758439675305], Loss: 2.098875, Acc:0.538749, Semantic loss: 0.439903, BCE loss: 1.414503, SB loss: 0.244469
2025-05-22 15:06:10,080 Epoch: [9/20] Iter:[80/192], Time: 0.70, lr: [0.005639404302451105], Loss: 2.089593, Acc:0.536068, Semantic loss: 0.433855, BCE loss: 1.410731, SB loss: 0.245008
2025-05-22 15:06:15,505 Epoch: [9/20] Iter:[90/192], Time: 0.68, lr: [0.005614420468713722], Loss: 2.084264, Acc:0.539822, Semantic loss: 0.435570, BCE loss: 1.402532, SB loss: 0.246162
2025-05-22 15:06:20,789 Epoch: [9/20] Iter:[100/192], Time: 0.67, lr: [0.005589424275866668], Loss: 2.088096, Acc:0.541093, Semantic loss: 0.448940, BCE loss: 1.391760, SB loss: 0.247396
2025-05-22 15:06:26,065 Epoch: [9/20] Iter:[110/192], Time: 0.66, lr: [0.005564415656322913], Loss: 2.091223, Acc:0.540554, Semantic loss: 0.447894, BCE loss: 1.397230, SB loss: 0.246099
2025-05-22 15:06:31,436 Epoch: [9/20] Iter:[120/192], Time: 0.65, lr: [0.00553939454178628], Loss: 2.091152, Acc:0.540587, Semantic loss: 0.443518, BCE loss: 1.402339, SB loss: 0.245294
2025-05-22 15:06:36,819 Epoch: [9/20] Iter:[130/192], Time: 0.64, lr: [0.005514360863240413], Loss: 2.102190, Acc:0.541881, Semantic loss: 0.443771, BCE loss: 1.410295, SB loss: 0.248124
2025-05-22 15:06:42,173 Epoch: [9/20] Iter:[140/192], Time: 0.63, lr: [0.005489314550937511], Loss: 2.092746, Acc:0.541940, Semantic loss: 0.441947, BCE loss: 1.402688, SB loss: 0.248111
2025-05-22 15:06:47,561 Epoch: [9/20] Iter:[150/192], Time: 0.62, lr: [0.005464255534386825], Loss: 2.077328, Acc:0.542000, Semantic loss: 0.439784, BCE loss: 1.390249, SB loss: 0.247295
2025-05-22 15:06:52,959 Epoch: [9/20] Iter:[160/192], Time: 0.62, lr: [0.005439183742342914], Loss: 2.084309, Acc:0.542260, Semantic loss: 0.440876, BCE loss: 1.395098, SB loss: 0.248335
2025-05-22 15:06:58,399 Epoch: [9/20] Iter:[170/192], Time: 0.62, lr: [0.00541409910279366], Loss: 2.083120, Acc:0.543776, Semantic loss: 0.439996, BCE loss: 1.394624, SB loss: 0.248500
2025-05-22 15:07:03,674 Epoch: [9/20] Iter:[180/192], Time: 0.61, lr: [0.005389001542948025], Loss: 2.074914, Acc:0.544020, Semantic loss: 0.439914, BCE loss: 1.386612, SB loss: 0.248388
2025-05-22 15:07:08,785 Epoch: [9/20] Iter:[190/192], Time: 0.61, lr: [0.005363890989223547], Loss: 2.069490, Acc:0.544322, Semantic loss: 0.437282, BCE loss: 1.385034, SB loss: 0.247174
2025-05-22 15:09:48,482 => saving checkpoint to output\loveda\pidnet_small_loveda\aug_gncheckpoint.pth.tar
2025-05-22 15:09:48,711 Loss: 6.072, MeanIU:  0.2691, Best_mIoU:  0.2691
2025-05-22 15:09:48,712 [0.28716604 0.30845262 0.33797865 0.34851111 0.06467485 0.08688852
 0.44988331]
2025-05-22 15:10:03,280 Epoch: [10/20] Iter:[0/192], Time: 14.31, lr: [0.005358867312681466], Loss: 1.626460, Acc:0.508729, Semantic loss: 0.391940, BCE loss: 1.025784, SB loss: 0.208736
2025-05-22 15:10:08,687 Epoch: [10/20] Iter:[10/192], Time: 1.79, lr: [0.005333741068040314], Loss: 2.050025, Acc:0.572601, Semantic loss: 0.404500, BCE loss: 1.422321, SB loss: 0.223204
2025-05-22 15:10:14,054 Epoch: [10/20] Iter:[20/192], Time: 1.19, lr: [0.0053086016647897714], Loss: 2.054983, Acc:0.581828, Semantic loss: 0.405173, BCE loss: 1.406479, SB loss: 0.243331
2025-05-22 15:10:19,448 Epoch: [10/20] Iter:[30/192], Time: 0.98, lr: [0.005283449026727663], Loss: 2.059035, Acc:0.573390, Semantic loss: 0.410077, BCE loss: 1.407056, SB loss: 0.241902
2025-05-22 15:10:24,783 Epoch: [10/20] Iter:[40/192], Time: 0.87, lr: [0.005258283076804885], Loss: 2.059979, Acc:0.568211, Semantic loss: 0.410185, BCE loss: 1.408223, SB loss: 0.241571
2025-05-22 15:10:30,202 Epoch: [10/20] Iter:[50/192], Time: 0.81, lr: [0.00523310373711144], Loss: 2.074002, Acc:0.560927, Semantic loss: 0.407090, BCE loss: 1.426323, SB loss: 0.240588
2025-05-22 15:10:35,556 Epoch: [10/20] Iter:[60/192], Time: 0.76, lr: [0.005207910928862159], Loss: 2.053726, Acc:0.563214, Semantic loss: 0.404513, BCE loss: 1.410586, SB loss: 0.238627
2025-05-22 15:10:40,894 Epoch: [10/20] Iter:[70/192], Time: 0.73, lr: [0.005182704572382109], Loss: 2.057510, Acc:0.560077, Semantic loss: 0.413933, BCE loss: 1.400597, SB loss: 0.242980
2025-05-22 15:10:46,282 Epoch: [10/20] Iter:[80/192], Time: 0.71, lr: [0.005157484587091684], Loss: 2.041100, Acc:0.557006, Semantic loss: 0.412334, BCE loss: 1.386404, SB loss: 0.242363
2025-05-22 15:10:51,686 Epoch: [10/20] Iter:[90/192], Time: 0.69, lr: [0.005132250891491357], Loss: 2.042617, Acc:0.556633, Semantic loss: 0.411785, BCE loss: 1.387276, SB loss: 0.243556
2025-05-22 15:10:57,052 Epoch: [10/20] Iter:[100/192], Time: 0.67, lr: [0.005107003403146087], Loss: 2.042164, Acc:0.553283, Semantic loss: 0.411566, BCE loss: 1.388145, SB loss: 0.242453
2025-05-22 15:11:02,387 Epoch: [10/20] Iter:[110/192], Time: 0.66, lr: [0.005081742038669388], Loss: 2.038695, Acc:0.553994, Semantic loss: 0.411331, BCE loss: 1.386380, SB loss: 0.240984
2025-05-22 15:11:07,734 Epoch: [10/20] Iter:[120/192], Time: 0.65, lr: [0.005056466713707024], Loss: 2.038217, Acc:0.554673, Semantic loss: 0.413555, BCE loss: 1.384562, SB loss: 0.240100
2025-05-22 15:11:13,137 Epoch: [10/20] Iter:[130/192], Time: 0.64, lr: [0.005031177342920337], Loss: 2.048394, Acc:0.553093, Semantic loss: 0.413644, BCE loss: 1.393311, SB loss: 0.241439
2025-05-22 15:11:18,500 Epoch: [10/20] Iter:[140/192], Time: 0.64, lr: [0.005005873839969192], Loss: 2.047314, Acc:0.554770, Semantic loss: 0.415263, BCE loss: 1.390732, SB loss: 0.241319
2025-05-22 15:11:23,876 Epoch: [10/20] Iter:[150/192], Time: 0.63, lr: [0.00498055611749454], Loss: 2.054292, Acc:0.556088, Semantic loss: 0.414749, BCE loss: 1.398593, SB loss: 0.240950
2025-05-22 15:11:29,220 Epoch: [10/20] Iter:[160/192], Time: 0.62, lr: [0.004955224087100552], Loss: 2.039171, Acc:0.556958, Semantic loss: 0.414452, BCE loss: 1.384519, SB loss: 0.240200
2025-05-22 15:11:34,568 Epoch: [10/20] Iter:[170/192], Time: 0.62, lr: [0.004929877659336362], Loss: 2.037924, Acc:0.555873, Semantic loss: 0.413210, BCE loss: 1.384353, SB loss: 0.240360
2025-05-22 15:11:39,927 Epoch: [10/20] Iter:[180/192], Time: 0.61, lr: [0.004904516743677371], Loss: 2.031045, Acc:0.557220, Semantic loss: 0.414368, BCE loss: 1.375967, SB loss: 0.240710
2025-05-22 15:11:45,227 Epoch: [10/20] Iter:[190/192], Time: 0.61, lr: [0.00487914124850611], Loss: 2.032288, Acc:0.556869, Semantic loss: 0.412383, BCE loss: 1.379465, SB loss: 0.240440
2025-05-22 15:14:39,055 => saving checkpoint to output\loveda\pidnet_small_loveda\aug_gncheckpoint.pth.tar
2025-05-22 15:14:39,300 Loss: 6.820, MeanIU:  0.2772, Best_mIoU:  0.2772
2025-05-22 15:14:39,300 [0.31455804 0.36521567 0.33609539 0.33511689 0.0587902  0.08188914
 0.44844756]
2025-05-22 15:14:53,959 Epoch: [11/20] Iter:[0/192], Time: 14.41, lr: [0.004874064391789954], Loss: 1.541279, Acc:0.551071, Semantic loss: 0.406746, BCE loss: 0.907548, SB loss: 0.226984
2025-05-22 15:14:59,316 Epoch: [11/20] Iter:[10/192], Time: 1.80, lr: [0.004848671278701159], Loss: 2.060076, Acc:0.577526, Semantic loss: 0.428040, BCE loss: 1.382082, SB loss: 0.249953
2025-05-22 15:15:04,673 Epoch: [11/20] Iter:[20/192], Time: 1.20, lr: [0.0048232633805975296], Loss: 2.014468, Acc:0.572152, Semantic loss: 0.411346, BCE loss: 1.366445, SB loss: 0.236678
2025-05-22 15:15:10,024 Epoch: [11/20] Iter:[30/192], Time: 0.98, lr: [0.00479784060223045], Loss: 2.036727, Acc:0.574278, Semantic loss: 0.439373, BCE loss: 1.354254, SB loss: 0.243100
2025-05-22 15:15:15,383 Epoch: [11/20] Iter:[40/192], Time: 0.87, lr: [0.004772402847172951], Loss: 2.007216, Acc:0.573012, Semantic loss: 0.431643, BCE loss: 1.337010, SB loss: 0.238563
2025-05-22 15:15:20,714 Epoch: [11/20] Iter:[50/192], Time: 0.81, lr: [0.004746950017798064], Loss: 2.010938, Acc:0.570848, Semantic loss: 0.428993, BCE loss: 1.342305, SB loss: 0.239640
2025-05-22 15:15:26,084 Epoch: [11/20] Iter:[60/192], Time: 0.76, lr: [0.004721482015256639], Loss: 2.035261, Acc:0.566270, Semantic loss: 0.420713, BCE loss: 1.378381, SB loss: 0.236168
2025-05-22 15:15:31,438 Epoch: [11/20] Iter:[70/192], Time: 0.73, lr: [0.004695998739454633], Loss: 2.024776, Acc:0.566600, Semantic loss: 0.411994, BCE loss: 1.378517, SB loss: 0.234264
2025-05-22 15:15:36,799 Epoch: [11/20] Iter:[80/192], Time: 0.71, lr: [0.004670500089029817], Loss: 2.019918, Acc:0.566023, Semantic loss: 0.410605, BCE loss: 1.376726, SB loss: 0.232587
2025-05-22 15:15:42,173 Epoch: [11/20] Iter:[90/192], Time: 0.69, lr: [0.004644985961327915], Loss: 2.017714, Acc:0.566459, Semantic loss: 0.405613, BCE loss: 1.381338, SB loss: 0.230763
2025-05-22 15:15:47,520 Epoch: [11/20] Iter:[100/192], Time: 0.67, lr: [0.004619456252378151], Loss: 2.023084, Acc:0.564601, Semantic loss: 0.414908, BCE loss: 1.377315, SB loss: 0.230862
2025-05-22 15:15:52,872 Epoch: [11/20] Iter:[110/192], Time: 0.66, lr: [0.004593910856868159], Loss: 2.023433, Acc:0.563853, Semantic loss: 0.412823, BCE loss: 1.380248, SB loss: 0.230361
2025-05-22 15:15:58,455 Epoch: [11/20] Iter:[120/192], Time: 0.65, lr: [0.004568349668118281], Loss: 2.017833, Acc:0.563221, Semantic loss: 0.413138, BCE loss: 1.372571, SB loss: 0.232124
2025-05-22 15:16:03,731 Epoch: [11/20] Iter:[130/192], Time: 0.64, lr: [0.004542772578055196], Loss: 2.000058, Acc:0.564336, Semantic loss: 0.411230, BCE loss: 1.357371, SB loss: 0.231457
2025-05-22 15:16:09,359 Epoch: [11/20] Iter:[140/192], Time: 0.64, lr: [0.00451717947718487], Loss: 2.010846, Acc:0.563992, Semantic loss: 0.411953, BCE loss: 1.367280, SB loss: 0.231613
2025-05-22 15:16:14,777 Epoch: [11/20] Iter:[150/192], Time: 0.63, lr: [0.004491570254564817], Loss: 2.008248, Acc:0.562745, Semantic loss: 0.409050, BCE loss: 1.368116, SB loss: 0.231082
2025-05-22 15:16:20,197 Epoch: [11/20] Iter:[160/192], Time: 0.63, lr: [0.004465944797775636], Loss: 2.014575, Acc:0.562263, Semantic loss: 0.409060, BCE loss: 1.375625, SB loss: 0.229889
2025-05-22 15:16:25,661 Epoch: [11/20] Iter:[170/192], Time: 0.62, lr: [0.004440302992891796], Loss: 2.008695, Acc:0.562803, Semantic loss: 0.408334, BCE loss: 1.370736, SB loss: 0.229624
2025-05-22 15:16:31,071 Epoch: [11/20] Iter:[180/192], Time: 0.62, lr: [0.004414644724451659], Loss: 2.022408, Acc:0.562498, Semantic loss: 0.413618, BCE loss: 1.376973, SB loss: 0.231817
2025-05-22 15:16:36,374 Epoch: [11/20] Iter:[190/192], Time: 0.61, lr: [0.004388969875426714], Loss: 2.021164, Acc:0.560255, Semantic loss: 0.415586, BCE loss: 1.370038, SB loss: 0.235541
2025-05-22 15:19:36,165 => saving checkpoint to output\loveda\pidnet_small_loveda\aug_gncheckpoint.pth.tar
2025-05-22 15:19:36,309 Loss: 6.391, MeanIU:  0.2673, Best_mIoU:  0.2772
2025-05-22 15:19:36,310 [0.2585719  0.35767758 0.34565887 0.33294932 0.05580543 0.08944965
 0.43065635]
2025-05-22 15:19:51,090 Epoch: [12/20] Iter:[0/192], Time: 14.53, lr: [0.0043838329055408696], Loss: 1.802037, Acc:0.547104, Semantic loss: 0.319823, BCE loss: 1.280707, SB loss: 0.201507
2025-05-22 15:19:56,474 Epoch: [12/20] Iter:[10/192], Time: 1.81, lr: [0.004358138003083593], Loss: 2.015954, Acc:0.532700, Semantic loss: 0.381636, BCE loss: 1.399474, SB loss: 0.234844
2025-05-22 15:20:01,854 Epoch: [12/20] Iter:[20/192], Time: 1.20, lr: [0.0043324262569064236], Loss: 2.031332, Acc:0.547148, Semantic loss: 0.388336, BCE loss: 1.418838, SB loss: 0.224159
2025-05-22 15:20:07,252 Epoch: [12/20] Iter:[30/192], Time: 0.99, lr: [0.0043066975447503065], Loss: 2.026268, Acc:0.563297, Semantic loss: 0.387363, BCE loss: 1.414676, SB loss: 0.224228
2025-05-22 15:20:12,581 Epoch: [12/20] Iter:[40/192], Time: 0.88, lr: [0.00428095174265078], Loss: 2.057434, Acc:0.568007, Semantic loss: 0.394977, BCE loss: 1.438489, SB loss: 0.223968
2025-05-22 15:20:17,941 Epoch: [12/20] Iter:[50/192], Time: 0.81, lr: [0.004255188724902623], Loss: 2.034588, Acc:0.569151, Semantic loss: 0.406528, BCE loss: 1.400316, SB loss: 0.227743
2025-05-22 15:20:23,286 Epoch: [12/20] Iter:[60/192], Time: 0.77, lr: [0.004229408364023519], Loss: 2.029016, Acc:0.566449, Semantic loss: 0.404769, BCE loss: 1.396798, SB loss: 0.227449
2025-05-22 15:20:28,751 Epoch: [12/20] Iter:[70/192], Time: 0.73, lr: [0.004203610530716726], Loss: 2.029880, Acc:0.569275, Semantic loss: 0.412462, BCE loss: 1.386889, SB loss: 0.230529
2025-05-22 15:20:34,120 Epoch: [12/20] Iter:[80/192], Time: 0.71, lr: [0.004177795093832693], Loss: 2.017681, Acc:0.571100, Semantic loss: 0.408835, BCE loss: 1.378674, SB loss: 0.230172
2025-05-22 15:20:39,534 Epoch: [12/20] Iter:[90/192], Time: 0.69, lr: [0.004151961920329593], Loss: 2.002459, Acc:0.567287, Semantic loss: 0.400715, BCE loss: 1.373680, SB loss: 0.228064
2025-05-22 15:20:44,923 Epoch: [12/20] Iter:[100/192], Time: 0.68, lr: [0.004126110875232744], Loss: 1.990390, Acc:0.566514, Semantic loss: 0.403401, BCE loss: 1.357904, SB loss: 0.229085
2025-05-22 15:20:50,323 Epoch: [12/20] Iter:[110/192], Time: 0.66, lr: [0.004100241821592866], Loss: 1.999856, Acc:0.567429, Semantic loss: 0.405095, BCE loss: 1.367230, SB loss: 0.227531
2025-05-22 15:20:55,712 Epoch: [12/20] Iter:[120/192], Time: 0.65, lr: [0.00407435462044314], Loss: 2.004852, Acc:0.564992, Semantic loss: 0.404047, BCE loss: 1.373150, SB loss: 0.227654
2025-05-22 15:21:01,101 Epoch: [12/20] Iter:[130/192], Time: 0.65, lr: [0.004048449130755016], Loss: 2.016156, Acc:0.564609, Semantic loss: 0.410138, BCE loss: 1.375273, SB loss: 0.230745
2025-05-22 15:21:06,467 Epoch: [12/20] Iter:[140/192], Time: 0.64, lr: [0.004022525209392749], Loss: 2.008172, Acc:0.563331, Semantic loss: 0.410157, BCE loss: 1.365811, SB loss: 0.232204
2025-05-22 15:21:11,879 Epoch: [12/20] Iter:[150/192], Time: 0.63, lr: [0.003996582711066572], Loss: 2.007154, Acc:0.564638, Semantic loss: 0.409129, BCE loss: 1.364979, SB loss: 0.233046
2025-05-22 15:21:17,254 Epoch: [12/20] Iter:[160/192], Time: 0.63, lr: [0.003970621488284514], Loss: 2.012594, Acc:0.565731, Semantic loss: 0.410796, BCE loss: 1.369531, SB loss: 0.232267
2025-05-22 15:21:22,617 Epoch: [12/20] Iter:[170/192], Time: 0.62, lr: [0.003944641391302759], Loss: 2.007973, Acc:0.566213, Semantic loss: 0.409622, BCE loss: 1.366337, SB loss: 0.232015
2025-05-22 15:21:27,992 Epoch: [12/20] Iter:[180/192], Time: 0.62, lr: [0.003918642268074522], Loss: 2.007933, Acc:0.565513, Semantic loss: 0.408219, BCE loss: 1.367442, SB loss: 0.232271
2025-05-22 15:21:33,309 Epoch: [12/20] Iter:[190/192], Time: 0.61, lr: [0.003892623964197378], Loss: 2.008736, Acc:0.564927, Semantic loss: 0.406777, BCE loss: 1.369105, SB loss: 0.232853
2025-05-22 15:24:32,069 => saving checkpoint to output\loveda\pidnet_small_loveda\aug_gncheckpoint.pth.tar
2025-05-22 15:24:32,165 Loss: 6.308, MeanIU:  0.2728, Best_mIoU:  0.2772
2025-05-22 15:24:32,166 [0.31244611 0.36184759 0.33390793 0.32916973 0.04843508 0.08263595
 0.44106796]
2025-05-22 15:24:46,783 Epoch: [13/20] Iter:[0/192], Time: 14.37, lr: [0.0038874179879876346], Loss: 1.762409, Acc:0.687225, Semantic loss: 0.431306, BCE loss: 0.760659, SB loss: 0.570444
2025-05-22 15:24:52,141 Epoch: [13/20] Iter:[10/192], Time: 1.79, lr: [0.003861376460123532], Loss: 1.928129, Acc:0.578787, Semantic loss: 0.430115, BCE loss: 1.218997, SB loss: 0.279018
2025-05-22 15:24:57,474 Epoch: [13/20] Iter:[20/192], Time: 1.19, lr: [0.003835315403363414], Loss: 1.940887, Acc:0.566700, Semantic loss: 0.426906, BCE loss: 1.249740, SB loss: 0.264241
2025-05-22 15:25:02,843 Epoch: [13/20] Iter:[30/192], Time: 0.98, lr: [0.00380923465539378], Loss: 1.955922, Acc:0.571336, Semantic loss: 0.419711, BCE loss: 1.282339, SB loss: 0.253872
2025-05-22 15:25:08,226 Epoch: [13/20] Iter:[40/192], Time: 0.87, lr: [0.0037831340513060203], Loss: 1.949115, Acc:0.564932, Semantic loss: 0.415652, BCE loss: 1.289254, SB loss: 0.244210
2025-05-22 15:25:13,590 Epoch: [13/20] Iter:[50/192], Time: 0.81, lr: [0.003757013423534689], Loss: 1.932613, Acc:0.569272, Semantic loss: 0.411584, BCE loss: 1.280036, SB loss: 0.240993
2025-05-22 15:25:18,972 Epoch: [13/20] Iter:[60/192], Time: 0.76, lr: [0.003730872601793835], Loss: 1.974134, Acc:0.569866, Semantic loss: 0.411735, BCE loss: 1.321802, SB loss: 0.240597
2025-05-22 15:25:24,333 Epoch: [13/20] Iter:[70/192], Time: 0.73, lr: [0.0037047114130112895], Loss: 1.989119, Acc:0.574355, Semantic loss: 0.406404, BCE loss: 1.344911, SB loss: 0.237804
2025-05-22 15:25:29,672 Epoch: [13/20] Iter:[80/192], Time: 0.71, lr: [0.0036785296812608405], Loss: 1.980753, Acc:0.572103, Semantic loss: 0.409761, BCE loss: 1.334740, SB loss: 0.236253
2025-05-22 15:25:35,014 Epoch: [13/20] Iter:[90/192], Time: 0.69, lr: [0.003652327227692201], Loss: 1.976103, Acc:0.571014, Semantic loss: 0.406781, BCE loss: 1.334346, SB loss: 0.234977
2025-05-22 15:25:40,392 Epoch: [13/20] Iter:[100/192], Time: 0.67, lr: [0.0036261038704587037], Loss: 1.972412, Acc:0.570752, Semantic loss: 0.409645, BCE loss: 1.328355, SB loss: 0.234412
2025-05-22 15:25:45,769 Epoch: [13/20] Iter:[110/192], Time: 0.66, lr: [0.003599859424642584], Loss: 1.972742, Acc:0.571428, Semantic loss: 0.407715, BCE loss: 1.330210, SB loss: 0.234817
2025-05-22 15:25:51,124 Epoch: [13/20] Iter:[120/192], Time: 0.65, lr: [0.0035735937021778063], Loss: 1.991104, Acc:0.569610, Semantic loss: 0.405118, BCE loss: 1.351181, SB loss: 0.234806
2025-05-22 15:25:56,525 Epoch: [13/20] Iter:[130/192], Time: 0.64, lr: [0.0035473065117702885], Loss: 1.984122, Acc:0.567982, Semantic loss: 0.403590, BCE loss: 1.348410, SB loss: 0.232122
2025-05-22 15:26:01,898 Epoch: [13/20] Iter:[140/192], Time: 0.63, lr: [0.003520997658815433], Loss: 1.984523, Acc:0.568018, Semantic loss: 0.402220, BCE loss: 1.349789, SB loss: 0.232514
2025-05-22 15:26:07,241 Epoch: [13/20] Iter:[150/192], Time: 0.63, lr: [0.003494666945312851], Loss: 1.989887, Acc:0.568530, Semantic loss: 0.403990, BCE loss: 1.353662, SB loss: 0.232236
2025-05-22 15:26:12,608 Epoch: [13/20] Iter:[160/192], Time: 0.62, lr: [0.00346831416977816], Loss: 1.988541, Acc:0.567850, Semantic loss: 0.403248, BCE loss: 1.353866, SB loss: 0.231426
2025-05-22 15:26:17,987 Epoch: [13/20] Iter:[170/192], Time: 0.62, lr: [0.003441939127151716], Loss: 2.000012, Acc:0.568080, Semantic loss: 0.403619, BCE loss: 1.365269, SB loss: 0.231124
2025-05-22 15:26:23,329 Epoch: [13/20] Iter:[180/192], Time: 0.61, lr: [0.0034155416087041646], Loss: 1.991596, Acc:0.568653, Semantic loss: 0.401187, BCE loss: 1.360194, SB loss: 0.230214
2025-05-22 15:26:28,661 Epoch: [13/20] Iter:[190/192], Time: 0.61, lr: [0.0033891214019386652], Loss: 1.998838, Acc:0.570023, Semantic loss: 0.401796, BCE loss: 1.366567, SB loss: 0.230475
2025-05-22 15:29:24,482 => saving checkpoint to output\loveda\pidnet_small_loveda\aug_gncheckpoint.pth.tar
2025-05-22 15:29:24,602 Loss: 7.100, MeanIU:  0.2733, Best_mIoU:  0.2772
2025-05-22 15:29:24,603 [0.30799035 0.40174234 0.32663848 0.31980202 0.0428644  0.07411447
 0.43971348]
2025-05-22 15:29:39,284 Epoch: [14/20] Iter:[0/192], Time: 14.43, lr: [0.0033838346190164987], Loss: 1.676468, Acc:0.630163, Semantic loss: 0.253859, BCE loss: 1.224686, SB loss: 0.197924
2025-05-22 15:29:44,664 Epoch: [14/20] Iter:[10/192], Time: 1.80, lr: [0.0033573869003190927], Loss: 1.878176, Acc:0.588647, Semantic loss: 0.353400, BCE loss: 1.298709, SB loss: 0.226067
2025-05-22 15:29:50,025 Epoch: [14/20] Iter:[20/192], Time: 1.20, lr: [0.0033309160120447595], Loss: 1.948951, Acc:0.576318, Semantic loss: 0.362071, BCE loss: 1.363365, SB loss: 0.223515
2025-05-22 15:29:55,399 Epoch: [14/20] Iter:[30/192], Time: 0.99, lr: [0.0033044217289421207], Loss: 1.958976, Acc:0.568360, Semantic loss: 0.366122, BCE loss: 1.373365, SB loss: 0.219488
2025-05-22 15:30:00,762 Epoch: [14/20] Iter:[40/192], Time: 0.88, lr: [0.0032779038215418194], Loss: 1.932916, Acc:0.569708, Semantic loss: 0.370437, BCE loss: 1.338898, SB loss: 0.223581
2025-05-22 15:30:06,128 Epoch: [14/20] Iter:[50/192], Time: 0.81, lr: [0.0032513620560388795], Loss: 1.944180, Acc:0.576102, Semantic loss: 0.383567, BCE loss: 1.336042, SB loss: 0.224572
2025-05-22 15:30:11,497 Epoch: [14/20] Iter:[60/192], Time: 0.76, lr: [0.003224796194170671], Loss: 1.966274, Acc:0.573944, Semantic loss: 0.376554, BCE loss: 1.365039, SB loss: 0.224680
2025-05-22 15:30:16,837 Epoch: [14/20] Iter:[70/192], Time: 0.73, lr: [0.003198205993090303], Loss: 1.967911, Acc:0.570565, Semantic loss: 0.380375, BCE loss: 1.362326, SB loss: 0.225210
2025-05-22 15:30:22,192 Epoch: [14/20] Iter:[80/192], Time: 0.71, lr: [0.0031715912052352204], Loss: 1.970054, Acc:0.571477, Semantic loss: 0.380742, BCE loss: 1.363617, SB loss: 0.225695
2025-05-22 15:30:27,562 Epoch: [14/20] Iter:[90/192], Time: 0.69, lr: [0.0031449515781907557], Loss: 1.962977, Acc:0.573416, Semantic loss: 0.384395, BCE loss: 1.353567, SB loss: 0.225015
2025-05-22 15:30:32,933 Epoch: [14/20] Iter:[100/192], Time: 0.67, lr: [0.003118286854548424], Loss: 1.968193, Acc:0.578799, Semantic loss: 0.384911, BCE loss: 1.359545, SB loss: 0.223737
2025-05-22 15:30:38,293 Epoch: [14/20] Iter:[110/192], Time: 0.66, lr: [0.003091596771758693], Loss: 1.970768, Acc:0.576885, Semantic loss: 0.386133, BCE loss: 1.359821, SB loss: 0.224814
2025-05-22 15:30:43,626 Epoch: [14/20] Iter:[120/192], Time: 0.65, lr: [0.0030648810619779434], Loss: 1.974663, Acc:0.578314, Semantic loss: 0.386709, BCE loss: 1.363418, SB loss: 0.224536
2025-05-22 15:30:48,989 Epoch: [14/20] Iter:[130/192], Time: 0.64, lr: [0.0030381394519093602], Loss: 1.976711, Acc:0.578238, Semantic loss: 0.392266, BCE loss: 1.358791, SB loss: 0.225655
2025-05-22 15:30:54,344 Epoch: [14/20] Iter:[140/192], Time: 0.63, lr: [0.003011371662637431], Loss: 1.961683, Acc:0.576770, Semantic loss: 0.390805, BCE loss: 1.347693, SB loss: 0.223185
2025-05-22 15:30:59,707 Epoch: [14/20] Iter:[150/192], Time: 0.63, lr: [0.0029845774094557345], Loss: 1.960459, Acc:0.576664, Semantic loss: 0.390061, BCE loss: 1.348953, SB loss: 0.221445
2025-05-22 15:31:05,069 Epoch: [14/20] Iter:[160/192], Time: 0.62, lr: [0.002957756401687678], Loss: 1.964090, Acc:0.578131, Semantic loss: 0.390559, BCE loss: 1.350953, SB loss: 0.222578
2025-05-22 15:31:10,452 Epoch: [14/20] Iter:[170/192], Time: 0.62, lr: [0.002930908342499829], Loss: 1.961811, Acc:0.578275, Semantic loss: 0.389937, BCE loss: 1.349303, SB loss: 0.222572
2025-05-22 15:31:15,810 Epoch: [14/20] Iter:[180/192], Time: 0.61, lr: [0.002904032928707437], Loss: 1.969417, Acc:0.577610, Semantic loss: 0.393684, BCE loss: 1.352555, SB loss: 0.223178
2025-05-22 15:31:21,107 Epoch: [14/20] Iter:[190/192], Time: 0.61, lr: [0.0028771298505717554], Loss: 1.977794, Acc:0.576777, Semantic loss: 0.392209, BCE loss: 1.362482, SB loss: 0.223103
2025-05-22 15:34:18,889 => saving checkpoint to output\loveda\pidnet_small_loveda\aug_gncheckpoint.pth.tar
2025-05-22 15:34:19,076 Loss: 7.123, MeanIU:  0.2797, Best_mIoU:  0.2797
2025-05-22 15:34:19,077 [0.35406639 0.35220295 0.31883006 0.33939232 0.07112597 0.08329897
 0.43913056]
2025-05-22 15:34:33,596 Epoch: [15/20] Iter:[0/192], Time: 14.27, lr: [0.0028717458874925874], Loss: 1.696355, Acc:0.529445, Semantic loss: 0.308378, BCE loss: 1.188296, SB loss: 0.199681
2025-05-22 15:34:38,969 Epoch: [15/20] Iter:[10/192], Time: 1.79, lr: [0.0028448091937488323], Loss: 1.866357, Acc:0.582946, Semantic loss: 0.362869, BCE loss: 1.289920, SB loss: 0.213568
2025-05-22 15:34:44,344 Epoch: [15/20] Iter:[20/192], Time: 1.19, lr: [0.002817844130111582], Loss: 1.942117, Acc:0.564616, Semantic loss: 0.367927, BCE loss: 1.370816, SB loss: 0.203374
2025-05-22 15:34:49,705 Epoch: [15/20] Iter:[30/192], Time: 0.98, lr: [0.0027908503644035994], Loss: 1.963455, Acc:0.565834, Semantic loss: 0.370762, BCE loss: 1.383034, SB loss: 0.209659
2025-05-22 15:34:55,055 Epoch: [15/20] Iter:[40/192], Time: 0.87, lr: [0.0027638275569424097], Loss: 2.002194, Acc:0.568900, Semantic loss: 0.376023, BCE loss: 1.416740, SB loss: 0.209431
2025-05-22 15:35:00,396 Epoch: [15/20] Iter:[50/192], Time: 0.81, lr: [0.002736775360287257], Loss: 1.999383, Acc:0.569872, Semantic loss: 0.391504, BCE loss: 1.390243, SB loss: 0.217636
2025-05-22 15:35:05,768 Epoch: [15/20] Iter:[60/192], Time: 0.76, lr: [0.002709693418974644], Loss: 2.005229, Acc:0.578440, Semantic loss: 0.387409, BCE loss: 1.398916, SB loss: 0.218903
2025-05-22 15:35:11,153 Epoch: [15/20] Iter:[70/192], Time: 0.73, lr: [0.0026825813692418162], Loss: 1.988784, Acc:0.581446, Semantic loss: 0.388031, BCE loss: 1.379938, SB loss: 0.220816
2025-05-22 15:35:16,500 Epoch: [15/20] Iter:[80/192], Time: 0.71, lr: [0.0026554388387375], Loss: 1.969918, Acc:0.582207, Semantic loss: 0.385883, BCE loss: 1.367268, SB loss: 0.216767
2025-05-22 15:35:21,840 Epoch: [15/20] Iter:[90/192], Time: 0.69, lr: [0.002628265446219161], Loss: 1.971211, Acc:0.580211, Semantic loss: 0.387722, BCE loss: 1.365949, SB loss: 0.217539
2025-05-22 15:35:27,193 Epoch: [15/20] Iter:[100/192], Time: 0.67, lr: [0.002601060801235972], Loss: 1.966058, Acc:0.580048, Semantic loss: 0.390549, BCE loss: 1.357507, SB loss: 0.218002
2025-05-22 15:35:32,534 Epoch: [15/20] Iter:[110/192], Time: 0.66, lr: [0.002573824503796671], Loss: 1.975046, Acc:0.581287, Semantic loss: 0.389705, BCE loss: 1.368138, SB loss: 0.217203
2025-05-22 15:35:37,888 Epoch: [15/20] Iter:[120/192], Time: 0.65, lr: [0.00254655614402138], Loss: 1.978622, Acc:0.580706, Semantic loss: 0.387859, BCE loss: 1.373417, SB loss: 0.217346
2025-05-22 15:35:43,237 Epoch: [15/20] Iter:[130/192], Time: 0.64, lr: [0.0025192553017764118], Loss: 1.969452, Acc:0.580150, Semantic loss: 0.385692, BCE loss: 1.367326, SB loss: 0.216433
2025-05-22 15:35:48,607 Epoch: [15/20] Iter:[140/192], Time: 0.63, lr: [0.002491921546291034], Loss: 1.968342, Acc:0.580339, Semantic loss: 0.387065, BCE loss: 1.364019, SB loss: 0.217258
2025-05-22 15:35:53,922 Epoch: [15/20] Iter:[150/192], Time: 0.63, lr: [0.0024645544357550573], Loss: 1.972037, Acc:0.580465, Semantic loss: 0.391189, BCE loss: 1.361303, SB loss: 0.219545
2025-05-22 15:35:59,267 Epoch: [15/20] Iter:[160/192], Time: 0.62, lr: [0.002437153516896028], Loss: 1.970422, Acc:0.581281, Semantic loss: 0.390074, BCE loss: 1.360394, SB loss: 0.219955
2025-05-22 15:36:04,657 Epoch: [15/20] Iter:[170/192], Time: 0.62, lr: [0.0024097183245347467], Loss: 1.969197, Acc:0.579594, Semantic loss: 0.389436, BCE loss: 1.359381, SB loss: 0.220381
2025-05-22 15:36:10,035 Epoch: [15/20] Iter:[180/192], Time: 0.61, lr: [0.0023822483811177], Loss: 1.973633, Acc:0.579377, Semantic loss: 0.388889, BCE loss: 1.364541, SB loss: 0.220204
2025-05-22 15:36:15,346 Epoch: [15/20] Iter:[190/192], Time: 0.61, lr: [0.002354743196224891], Loss: 1.976372, Acc:0.581277, Semantic loss: 0.390067, BCE loss: 1.364593, SB loss: 0.221712
2025-05-22 15:39:14,766 => saving checkpoint to output\loveda\pidnet_small_loveda\aug_gncheckpoint.pth.tar
2025-05-22 15:39:14,976 Loss: 6.908, MeanIU:  0.2922, Best_mIoU:  0.2922
2025-05-22 15:39:14,977 [0.34813533 0.37293516 0.35104822 0.36292301 0.07500528 0.08773011
 0.44778226]
2025-05-22 15:39:30,092 Epoch: [16/20] Iter:[0/192], Time: 14.86, lr: [0.0023492378861760376], Loss: 1.833549, Acc:0.464149, Semantic loss: 0.638631, BCE loss: 0.839468, SB loss: 0.355450
2025-05-22 15:39:35,552 Epoch: [16/20] Iter:[10/192], Time: 1.85, lr: [0.0023216897452738748], Loss: 1.964538, Acc:0.568712, Semantic loss: 0.418882, BCE loss: 1.301053, SB loss: 0.244604
2025-05-22 15:39:41,051 Epoch: [16/20] Iter:[20/192], Time: 1.23, lr: [0.0022941052360858027], Loss: 1.982242, Acc:0.570511, Semantic loss: 0.406574, BCE loss: 1.343204, SB loss: 0.232464
2025-05-22 15:39:46,734 Epoch: [16/20] Iter:[30/192], Time: 1.02, lr: [0.0022664838233947228], Loss: 1.977766, Acc:0.575558, Semantic loss: 0.402400, BCE loss: 1.355393, SB loss: 0.219973
2025-05-22 15:39:52,654 Epoch: [16/20] Iter:[40/192], Time: 0.91, lr: [0.0022388249567421017], Loss: 1.941893, Acc:0.574037, Semantic loss: 0.388452, BCE loss: 1.338139, SB loss: 0.215302
2025-05-22 15:39:58,338 Epoch: [16/20] Iter:[50/192], Time: 0.85, lr: [0.002211128069778427], Loss: 1.960565, Acc:0.575672, Semantic loss: 0.393451, BCE loss: 1.354481, SB loss: 0.212633
2025-05-22 15:40:04,262 Epoch: [16/20] Iter:[60/192], Time: 0.80, lr: [0.0021833925795765436], Loss: 1.955270, Acc:0.578069, Semantic loss: 0.391123, BCE loss: 1.350739, SB loss: 0.213408
2025-05-22 15:40:10,681 Epoch: [16/20] Iter:[70/192], Time: 0.78, lr: [0.0021556178859051967], Loss: 1.943478, Acc:0.578393, Semantic loss: 0.385935, BCE loss: 1.344693, SB loss: 0.212850
2025-05-22 15:40:16,897 Epoch: [16/20] Iter:[80/192], Time: 0.76, lr: [0.002127803370459852], Loss: 1.938969, Acc:0.580114, Semantic loss: 0.385629, BCE loss: 1.340031, SB loss: 0.213308
2025-05-22 15:40:22,363 Epoch: [16/20] Iter:[90/192], Time: 0.74, lr: [0.0020999483960476508], Loss: 1.933058, Acc:0.583675, Semantic loss: 0.379806, BCE loss: 1.339941, SB loss: 0.213312
2025-05-22 15:40:28,037 Epoch: [16/20] Iter:[100/192], Time: 0.72, lr: [0.0020720523057230294], Loss: 1.937579, Acc:0.587156, Semantic loss: 0.380215, BCE loss: 1.342849, SB loss: 0.214515
2025-05-22 15:40:33,722 Epoch: [16/20] Iter:[110/192], Time: 0.71, lr: [0.002044114421870228], Loss: 1.940026, Acc:0.587681, Semantic loss: 0.376710, BCE loss: 1.350526, SB loss: 0.212790
2025-05-22 15:40:39,204 Epoch: [16/20] Iter:[120/192], Time: 0.69, lr: [0.0020161340452285867], Loss: 1.950913, Acc:0.590707, Semantic loss: 0.382866, BCE loss: 1.352569, SB loss: 0.215479
2025-05-22 15:40:44,620 Epoch: [16/20] Iter:[130/192], Time: 0.68, lr: [0.001988110453856112], Loss: 1.947602, Acc:0.591325, Semantic loss: 0.385560, BCE loss: 1.344194, SB loss: 0.217847
2025-05-22 15:40:50,541 Epoch: [16/20] Iter:[140/192], Time: 0.68, lr: [0.0019600429020263607], Loss: 1.952398, Acc:0.589476, Semantic loss: 0.386860, BCE loss: 1.347639, SB loss: 0.217898
2025-05-22 15:40:56,377 Epoch: [16/20] Iter:[150/192], Time: 0.67, lr: [0.0019319306190532476], Loss: 1.958680, Acc:0.588723, Semantic loss: 0.387968, BCE loss: 1.352671, SB loss: 0.218041
2025-05-22 15:41:02,171 Epoch: [16/20] Iter:[160/192], Time: 0.66, lr: [0.0019037728080378042], Loss: 1.950452, Acc:0.585934, Semantic loss: 0.386622, BCE loss: 1.347185, SB loss: 0.216646
2025-05-22 15:41:08,112 Epoch: [16/20] Iter:[170/192], Time: 0.66, lr: [0.0018755686445303314], Loss: 1.962992, Acc:0.584742, Semantic loss: 0.386952, BCE loss: 1.358269, SB loss: 0.217771
2025-05-22 15:41:13,765 Epoch: [16/20] Iter:[180/192], Time: 0.65, lr: [0.001847317275100738], Loss: 1.959184, Acc:0.586077, Semantic loss: 0.388128, BCE loss: 1.352613, SB loss: 0.218443
2025-05-22 15:41:19,204 Epoch: [16/20] Iter:[190/192], Time: 0.65, lr: [0.0018190178158090872], Loss: 1.960185, Acc:0.583758, Semantic loss: 0.387382, BCE loss: 1.354859, SB loss: 0.217944
2025-05-22 15:44:20,148 => saving checkpoint to output\loveda\pidnet_small_loveda\aug_gncheckpoint.pth.tar
2025-05-22 15:44:20,286 Loss: 6.724, MeanIU:  0.2829, Best_mIoU:  0.2922
2025-05-22 15:44:20,287 [0.37462097 0.34472078 0.33132868 0.33916084 0.06068248 0.08857031
 0.44143539]
2025-05-22 15:44:34,990 Epoch: [17/20] Iter:[0/192], Time: 14.45, lr: [0.0018133520731367456], Loss: 1.967845, Acc:0.630189, Semantic loss: 0.361553, BCE loss: 1.386215, SB loss: 0.220076
2025-05-22 15:44:41,046 Epoch: [17/20] Iter:[10/192], Time: 1.86, lr: [0.001784993693823396], Loss: 1.858335, Acc:0.591311, Semantic loss: 0.365655, BCE loss: 1.284705, SB loss: 0.207975
2025-05-22 15:44:46,676 Epoch: [17/20] Iter:[20/192], Time: 1.24, lr: [0.0017565851643374117], Loss: 1.837575, Acc:0.592560, Semantic loss: 0.378119, BCE loss: 1.251657, SB loss: 0.207798
2025-05-22 15:44:52,113 Epoch: [17/20] Iter:[30/192], Time: 1.02, lr: [0.0017281254915000803], Loss: 1.836735, Acc:0.591842, Semantic loss: 0.380448, BCE loss: 1.239454, SB loss: 0.216833
2025-05-22 15:44:57,561 Epoch: [17/20] Iter:[40/192], Time: 0.90, lr: [0.0016996136438923032], Loss: 1.886083, Acc:0.590354, Semantic loss: 0.396364, BCE loss: 1.269898, SB loss: 0.219821
2025-05-22 15:45:02,933 Epoch: [17/20] Iter:[50/192], Time: 0.83, lr: [0.0016710485496403851], Loss: 1.862166, Acc:0.583199, Semantic loss: 0.391007, BCE loss: 1.253880, SB loss: 0.217278
2025-05-22 15:45:08,329 Epoch: [17/20] Iter:[60/192], Time: 0.78, lr: [0.0016424290940290059], Loss: 1.898588, Acc:0.582133, Semantic loss: 0.387818, BCE loss: 1.292380, SB loss: 0.218391
2025-05-22 15:45:14,138 Epoch: [17/20] Iter:[70/192], Time: 0.75, lr: [0.0016137541169242962], Loss: 1.901841, Acc:0.581786, Semantic loss: 0.381562, BCE loss: 1.304525, SB loss: 0.215754
2025-05-22 15:45:19,600 Epoch: [17/20] Iter:[80/192], Time: 0.73, lr: [0.0015850224099878446], Loss: 1.913421, Acc:0.582434, Semantic loss: 0.377825, BCE loss: 1.320293, SB loss: 0.215302
2025-05-22 15:45:25,474 Epoch: [17/20] Iter:[90/192], Time: 0.71, lr: [0.001556232713660091], Loss: 1.933245, Acc:0.582473, Semantic loss: 0.375397, BCE loss: 1.343563, SB loss: 0.214285
2025-05-22 15:45:31,258 Epoch: [17/20] Iter:[100/192], Time: 0.70, lr: [0.0015273837138888994], Loss: 1.932794, Acc:0.584402, Semantic loss: 0.377784, BCE loss: 1.339818, SB loss: 0.215192
2025-05-22 15:45:36,756 Epoch: [17/20] Iter:[110/192], Time: 0.69, lr: [0.0014984740385759552], Loss: 1.919725, Acc:0.584129, Semantic loss: 0.372552, BCE loss: 1.333078, SB loss: 0.214095
2025-05-22 15:45:42,610 Epoch: [17/20] Iter:[120/192], Time: 0.68, lr: [0.0014695022537100475], Loss: 1.928509, Acc:0.586988, Semantic loss: 0.373962, BCE loss: 1.339806, SB loss: 0.214741
2025-05-22 15:45:48,217 Epoch: [17/20] Iter:[130/192], Time: 0.67, lr: [0.0014404668591521846], Loss: 1.930439, Acc:0.587943, Semantic loss: 0.377356, BCE loss: 1.337003, SB loss: 0.216080
2025-05-22 15:45:54,552 Epoch: [17/20] Iter:[140/192], Time: 0.67, lr: [0.0014113662840326588], Loss: 1.943409, Acc:0.587716, Semantic loss: 0.377093, BCE loss: 1.350541, SB loss: 0.215775
2025-05-22 15:46:00,897 Epoch: [17/20] Iter:[150/192], Time: 0.66, lr: [0.0013821988817145786], Loss: 1.949614, Acc:0.587161, Semantic loss: 0.376824, BCE loss: 1.356019, SB loss: 0.216771
2025-05-22 15:46:07,269 Epoch: [17/20] Iter:[160/192], Time: 0.66, lr: [0.0013529629242719093], Loss: 1.958776, Acc:0.587071, Semantic loss: 0.379424, BCE loss: 1.360150, SB loss: 0.219202
2025-05-22 15:46:13,604 Epoch: [17/20] Iter:[170/192], Time: 0.66, lr: [0.0013236565964223801], Loss: 1.960569, Acc:0.587803, Semantic loss: 0.378087, BCE loss: 1.364130, SB loss: 0.218353
2025-05-22 15:46:18,984 Epoch: [17/20] Iter:[180/192], Time: 0.65, lr: [0.0012942779888466518], Loss: 1.963470, Acc:0.587281, Semantic loss: 0.379148, BCE loss: 1.365774, SB loss: 0.218549
2025-05-22 15:46:24,348 Epoch: [17/20] Iter:[190/192], Time: 0.65, lr: [0.0012648250908145803], Loss: 1.961072, Acc:0.586320, Semantic loss: 0.379632, BCE loss: 1.362221, SB loss: 0.219220
2025-05-22 15:49:24,669 => saving checkpoint to output\loveda\pidnet_small_loveda\aug_gncheckpoint.pth.tar
2025-05-22 15:49:24,819 Loss: 7.308, MeanIU:  0.2775, Best_mIoU:  0.2922
2025-05-22 15:49:24,820 [0.36931719 0.30546033 0.33466919 0.33638136 0.06823975 0.08471502
 0.44391624]
2025-05-22 15:49:39,503 Epoch: [18/20] Iter:[0/192], Time: 14.43, lr: [0.001258925411794167], Loss: 2.130221, Acc:0.586899, Semantic loss: 0.446242, BCE loss: 1.466873, SB loss: 0.217106
2025-05-22 15:49:45,220 Epoch: [18/20] Iter:[10/192], Time: 1.83, lr: [0.0012293805561511607], Loss: 1.953077, Acc:0.579767, Semantic loss: 0.362168, BCE loss: 1.387674, SB loss: 0.203234
2025-05-22 15:49:51,583 Epoch: [18/20] Iter:[20/192], Time: 1.26, lr: [0.0011997565879500753], Loss: 1.912730, Acc:0.583296, Semantic loss: 0.362327, BCE loss: 1.347687, SB loss: 0.202716
2025-05-22 15:49:57,266 Epoch: [18/20] Iter:[30/192], Time: 1.04, lr: [0.0011700511125444005], Loss: 1.947044, Acc:0.602634, Semantic loss: 0.371636, BCE loss: 1.366176, SB loss: 0.209232
2025-05-22 15:50:02,920 Epoch: [18/20] Iter:[40/192], Time: 0.92, lr: [0.0011402615929770753], Loss: 1.964392, Acc:0.593424, Semantic loss: 0.369171, BCE loss: 1.385869, SB loss: 0.209352
2025-05-22 15:50:08,545 Epoch: [18/20] Iter:[50/192], Time: 0.85, lr: [0.0011103853371305413], Loss: 1.942742, Acc:0.590958, Semantic loss: 0.375799, BCE loss: 1.353888, SB loss: 0.213055
2025-05-22 15:50:14,164 Epoch: [18/20] Iter:[60/192], Time: 0.80, lr: [0.001080419483295973], Loss: 1.969216, Acc:0.590013, Semantic loss: 0.387895, BCE loss: 1.365952, SB loss: 0.215368
2025-05-22 15:50:19,786 Epoch: [18/20] Iter:[70/192], Time: 0.77, lr: [0.0010503609839122385], Loss: 1.963140, Acc:0.589294, Semantic loss: 0.385005, BCE loss: 1.363685, SB loss: 0.214449
2025-05-22 15:50:25,448 Epoch: [18/20] Iter:[80/192], Time: 0.75, lr: [0.0010202065871765603], Loss: 1.971388, Acc:0.591363, Semantic loss: 0.384234, BCE loss: 1.369099, SB loss: 0.218055
2025-05-22 15:50:31,124 Epoch: [18/20] Iter:[90/192], Time: 0.73, lr: [0.000989952816168914], Loss: 1.963400, Acc:0.589780, Semantic loss: 0.380777, BCE loss: 1.366382, SB loss: 0.216241
2025-05-22 15:50:36,795 Epoch: [18/20] Iter:[100/192], Time: 0.71, lr: [0.0009595959450576828], Loss: 1.969416, Acc:0.588375, Semantic loss: 0.382494, BCE loss: 1.373155, SB loss: 0.213767
2025-05-22 15:50:42,424 Epoch: [18/20] Iter:[110/192], Time: 0.70, lr: [0.000929131971860904], Loss: 1.981076, Acc:0.588005, Semantic loss: 0.381856, BCE loss: 1.383838, SB loss: 0.215383
2025-05-22 15:50:48,100 Epoch: [18/20] Iter:[120/192], Time: 0.69, lr: [0.0008985565871200918], Loss: 1.960551, Acc:0.587529, Semantic loss: 0.379186, BCE loss: 1.366348, SB loss: 0.215017
2025-05-22 15:50:53,810 Epoch: [18/20] Iter:[130/192], Time: 0.68, lr: [0.0008678651376944955], Loss: 1.961974, Acc:0.588391, Semantic loss: 0.382054, BCE loss: 1.364977, SB loss: 0.214943
2025-05-22 15:50:59,474 Epoch: [18/20] Iter:[140/192], Time: 0.67, lr: [0.000837052584692747], Loss: 1.959948, Acc:0.588899, Semantic loss: 0.384885, BCE loss: 1.359169, SB loss: 0.215894
2025-05-22 15:51:05,100 Epoch: [18/20] Iter:[150/192], Time: 0.66, lr: [0.000806113454312208], Loss: 1.955897, Acc:0.587936, Semantic loss: 0.385971, BCE loss: 1.354500, SB loss: 0.215426
2025-05-22 15:51:10,758 Epoch: [18/20] Iter:[160/192], Time: 0.66, lr: [0.0007750417800344363], Loss: 1.948891, Acc:0.588418, Semantic loss: 0.384951, BCE loss: 1.348388, SB loss: 0.215552
2025-05-22 15:51:16,421 Epoch: [18/20] Iter:[170/192], Time: 0.65, lr: [0.0007438310342008949], Loss: 1.952139, Acc:0.587689, Semantic loss: 0.385320, BCE loss: 1.351818, SB loss: 0.215002
2025-05-22 15:51:22,060 Epoch: [18/20] Iter:[180/192], Time: 0.65, lr: [0.0007124740464272778], Loss: 1.950113, Acc:0.586773, Semantic loss: 0.381950, BCE loss: 1.354444, SB loss: 0.213719
2025-05-22 15:51:27,471 Epoch: [18/20] Iter:[190/192], Time: 0.64, lr: [0.0006809629055511224], Loss: 1.951523, Acc:0.587197, Semantic loss: 0.381831, BCE loss: 1.354810, SB loss: 0.214882
2025-05-22 15:53:48,644 => saving checkpoint to output\loveda\pidnet_small_loveda\aug_gncheckpoint.pth.tar
2025-05-22 15:53:48,931 Loss: 7.137, MeanIU:  0.2863, Best_mIoU:  0.2922
2025-05-22 15:53:48,931 [0.3857111  0.3560356  0.34291474 0.32054515 0.07421062 0.08092743
 0.44364527]
2025-05-22 15:54:03,412 Epoch: [19/20] Iter:[0/192], Time: 14.22, lr: [0.0006746414238367822], Loss: 2.385251, Acc:0.493825, Semantic loss: 0.407415, BCE loss: 1.791749, SB loss: 0.186087
2025-05-22 15:54:08,815 Epoch: [19/20] Iter:[10/192], Time: 1.78, lr: [0.0006429336362339898], Loss: 1.977569, Acc:0.593610, Semantic loss: 0.348546, BCE loss: 1.440231, SB loss: 0.188793
2025-05-22 15:54:14,515 Epoch: [19/20] Iter:[20/192], Time: 1.21, lr: [0.0006110510578510947], Loss: 2.043080, Acc:0.586635, Semantic loss: 0.355666, BCE loss: 1.493541, SB loss: 0.193874
2025-05-22 15:54:20,140 Epoch: [19/20] Iter:[30/192], Time: 1.00, lr: [0.0005789824653018995], Loss: 1.961920, Acc:0.593214, Semantic loss: 0.373671, BCE loss: 1.386684, SB loss: 0.201564
2025-05-22 15:54:25,813 Epoch: [19/20] Iter:[40/192], Time: 0.89, lr: [0.0005467151732202777], Loss: 1.950498, Acc:0.589302, Semantic loss: 0.369535, BCE loss: 1.375793, SB loss: 0.205171
2025-05-22 15:54:31,497 Epoch: [19/20] Iter:[50/192], Time: 0.83, lr: [0.0005142347343351296], Loss: 1.968357, Acc:0.593432, Semantic loss: 0.378215, BCE loss: 1.383089, SB loss: 0.207054
2025-05-22 15:54:37,152 Epoch: [19/20] Iter:[60/192], Time: 0.79, lr: [0.0004815245523312483], Loss: 1.984416, Acc:0.596005, Semantic loss: 0.390100, BCE loss: 1.380122, SB loss: 0.214194
2025-05-22 15:54:42,815 Epoch: [19/20] Iter:[70/192], Time: 0.76, lr: [0.000448565373510549], Loss: 1.979770, Acc:0.588564, Semantic loss: 0.384021, BCE loss: 1.383222, SB loss: 0.212528
2025-05-22 15:54:48,481 Epoch: [19/20] Iter:[80/192], Time: 0.73, lr: [0.00041533460609889997], Loss: 1.976427, Acc:0.588025, Semantic loss: 0.384268, BCE loss: 1.379728, SB loss: 0.212431
2025-05-22 15:54:54,179 Epoch: [19/20] Iter:[90/192], Time: 0.71, lr: [0.00038180538785330436], Loss: 1.965841, Acc:0.587149, Semantic loss: 0.382684, BCE loss: 1.370638, SB loss: 0.212520
2025-05-22 15:54:59,854 Epoch: [19/20] Iter:[100/192], Time: 0.70, lr: [0.00034794527452517863], Loss: 1.978412, Acc:0.587714, Semantic loss: 0.388820, BCE loss: 1.376061, SB loss: 0.213531
2025-05-22 15:55:05,550 Epoch: [19/20] Iter:[110/192], Time: 0.69, lr: [0.00031371433588231993], Loss: 1.974718, Acc:0.586231, Semantic loss: 0.383662, BCE loss: 1.378456, SB loss: 0.212601
2025-05-22 15:55:11,264 Epoch: [19/20] Iter:[120/192], Time: 0.68, lr: [0.0002790622842837163], Loss: 1.981367, Acc:0.589624, Semantic loss: 0.388113, BCE loss: 1.378397, SB loss: 0.214857
2025-05-22 15:55:16,912 Epoch: [19/20] Iter:[130/192], Time: 0.67, lr: [0.0002439239356353784], Loss: 1.978596, Acc:0.589448, Semantic loss: 0.392165, BCE loss: 1.371924, SB loss: 0.214507
2025-05-22 15:55:22,589 Epoch: [19/20] Iter:[140/192], Time: 0.66, lr: [0.00020821159321002047], Loss: 1.975080, Acc:0.588201, Semantic loss: 0.389784, BCE loss: 1.371718, SB loss: 0.213578
2025-05-22 15:55:28,243 Epoch: [19/20] Iter:[150/192], Time: 0.66, lr: [0.00017180122628828942], Loss: 1.964951, Acc:0.590626, Semantic loss: 0.388751, BCE loss: 1.363301, SB loss: 0.212900
2025-05-22 15:55:33,892 Epoch: [19/20] Iter:[160/192], Time: 0.65, lr: [0.00013450451987183818], Loss: 1.963103, Acc:0.592773, Semantic loss: 0.389554, BCE loss: 1.360072, SB loss: 0.213476
2025-05-22 15:55:39,553 Epoch: [19/20] Iter:[170/192], Time: 0.65, lr: [9.600244875192536e-05], Loss: 1.952871, Acc:0.592765, Semantic loss: 0.387268, BCE loss: 1.351676, SB loss: 0.213927
2025-05-22 15:55:45,233 Epoch: [19/20] Iter:[180/192], Time: 0.64, lr: [5.563716848048335e-05], Loss: 1.959088, Acc:0.590932, Semantic loss: 0.386005, BCE loss: 1.359317, SB loss: 0.213766
2025-05-22 15:55:50,627 Epoch: [19/20] Iter:[190/192], Time: 0.64, lr: [1.1092486125349496e-05], Loss: 1.958157, Acc:0.589441, Semantic loss: 0.386145, BCE loss: 1.358037, SB loss: 0.213975
2025-05-22 15:58:12,166 => saving checkpoint to output\loveda\pidnet_small_loveda\aug_gncheckpoint.pth.tar
2025-05-22 15:58:12,259 Loss: 7.052, MeanIU:  0.2890, Best_mIoU:  0.2922
2025-05-22 15:58:12,259 [0.36846787 0.35951625 0.35557938 0.33618978 0.06770409 0.08796774
 0.44736925]
2025-05-22 15:58:12,312 Hours: 1
2025-05-22 15:58:12,313 Done
