2025-03-22 19:24:30,705 Namespace(cfg='configs/loveda/pidnet_small_loveda.yaml', seed=304, opts=[])
2025-03-22 19:24:30,705 AUTO_RESUME: False
CUDNN:
  BENCHMARK: True
  DETERMINISTIC: False
  ENABLED: True
DATASET:
  DATASET: loveda
  EXTRA_TRAIN_SET: 
  NUM_CLASSES: 7
  ROOT: data/
  TEST_SET: list/loveda/urban_rural/val.lst
  TRAIN_SET: list/loveda/urban_rural/train.lst
GPUS: (0,)
LOG_DIR: log
LOSS:
  BALANCE_WEIGHTS: [0.4, 1.0]
  CLASS_BALANCE: False
  OHEMKEEP: 131072
  OHEMTHRES: 0.9
  SB_WEIGHTS: 1.0
  USE_OHEM: True
MODEL:
  ALIGN_CORNERS: True
  NAME: pidnet_small
  NUM_OUTPUTS: 2
  PRETRAINED: pretrained_models/imagenet/PIDNet_S_ImageNet.pth.tar
OUTPUT_DIR: output
PIN_MEMORY: True
PRINT_FREQ: 10
TEST:
  BASE_SIZE: 2048
  BATCH_SIZE_PER_GPU: 6
  FLIP_TEST: False
  IMAGE_SIZE: [2048, 1024]
  MODEL_FILE: output/loveda/pidnet_small_loveda/final_state.pt
  MULTI_SCALE: False
  OUTPUT_INDEX: 1
TRAIN:
  AUGMENTATION:
    ENABLE: True
    PROBABILITY: 0.5
    TECHNIQUES:
      GAUSSIAN_BLUR: False
      HORIZONTAL_FLIP: False
      MULTIPLY: True
      RANDOM_BRIGHTNESS: True
  BASE_SIZE: 2048
  BATCH_SIZE_PER_GPU: 6
  BEGIN_EPOCH: 0
  END_EPOCH: 20
  EXTRA_EPOCH: 0
  EXTRA_LR: 0.001
  FLIP: False
  IGNORE_LABEL: 0
  IMAGE_SIZE: [1024, 1024]
  LR: 0.01
  MOMENTUM: 0.9
  MULTI_SCALE: False
  NESTEROV: False
  OPTIMIZER: sgd
  RESUME: True
  SCALE_FACTOR: 16
  SHUFFLE: True
  WD: 0.0005
WORKERS: 4
2025-03-22 19:24:30,790 Attention!!!
2025-03-22 19:24:30,791 Loaded 302 parameters!
2025-03-22 19:24:30,791 Over!!!
2025-03-22 19:24:44,718 Epoch: [0/20] Iter:[0/192], Time: 13.84, lr: [0.01], Loss: 16.538975, Acc:0.126661, Semantic loss: 7.008831, BCE loss: 3.776249, SB loss: 5.753894
2025-03-22 19:24:48,816 Epoch: [0/20] Iter:[10/192], Time: 1.61, lr: [0.009976559445324192], Loss: 12.165615, Acc:0.294457, Semantic loss: 5.506177, BCE loss: 2.666358, SB loss: 3.993081
2025-03-22 19:24:52,861 Epoch: [0/20] Iter:[20/192], Time: 1.04, lr: [0.009953112769592761], Loss: 9.751103, Acc:0.338085, Semantic loss: 4.339398, BCE loss: 2.342652, SB loss: 3.069053
2025-03-22 19:24:56,862 Epoch: [0/20] Iter:[30/192], Time: 0.83, lr: [0.009929659955177281], Loss: 8.472789, Acc:0.363889, Semantic loss: 3.687870, BCE loss: 2.162190, SB loss: 2.622728
2025-03-22 19:25:00,846 Epoch: [0/20] Iter:[40/192], Time: 0.73, lr: [0.009906200984352154], Loss: 7.741483, Acc:0.370217, Semantic loss: 3.336607, BCE loss: 2.036585, SB loss: 2.368291
2025-03-22 19:25:04,830 Epoch: [0/20] Iter:[50/192], Time: 0.66, lr: [0.009882735839293803], Loss: 7.194883, Acc:0.398931, Semantic loss: 3.081418, BCE loss: 1.947628, SB loss: 2.165837
2025-03-22 19:25:08,788 Epoch: [0/20] Iter:[60/192], Time: 0.62, lr: [0.00985926450207989], Loss: 6.865805, Acc:0.404539, Semantic loss: 2.939690, BCE loss: 1.890941, SB loss: 2.035174
2025-03-22 19:25:12,697 Epoch: [0/20] Iter:[70/192], Time: 0.59, lr: [0.009835786954688485], Loss: 6.571800, Acc:0.407407, Semantic loss: 2.809719, BCE loss: 1.848580, SB loss: 1.913501
2025-03-22 19:25:16,604 Epoch: [0/20] Iter:[80/192], Time: 0.56, lr: [0.00981230317899726], Loss: 6.335908, Acc:0.412829, Semantic loss: 2.703762, BCE loss: 1.815186, SB loss: 1.816960
2025-03-22 19:25:20,583 Epoch: [0/20] Iter:[90/192], Time: 0.54, lr: [0.009788813156782662], Loss: 6.181049, Acc:0.417051, Semantic loss: 2.634926, BCE loss: 1.803611, SB loss: 1.742512
2025-03-22 19:25:24,512 Epoch: [0/20] Iter:[100/192], Time: 0.53, lr: [0.009765316869719067], Loss: 6.080932, Acc:0.416803, Semantic loss: 2.584065, BCE loss: 1.784619, SB loss: 1.712248
2025-03-22 19:25:28,443 Epoch: [0/20] Iter:[110/192], Time: 0.52, lr: [0.009741814299377942], Loss: 5.970720, Acc:0.415460, Semantic loss: 2.538522, BCE loss: 1.760841, SB loss: 1.671358
2025-03-22 19:25:32,374 Epoch: [0/20] Iter:[120/192], Time: 0.51, lr: [0.009718305427226986], Loss: 5.865068, Acc:0.420055, Semantic loss: 2.484088, BCE loss: 1.752116, SB loss: 1.628864
2025-03-22 19:25:36,295 Epoch: [0/20] Iter:[130/192], Time: 0.50, lr: [0.009694790234629266], Loss: 5.745059, Acc:0.424711, Semantic loss: 2.432937, BCE loss: 1.739737, SB loss: 1.572384
2025-03-22 19:25:40,264 Epoch: [0/20] Iter:[140/192], Time: 0.49, lr: [0.009671268702842338], Loss: 5.666993, Acc:0.425815, Semantic loss: 2.401059, BCE loss: 1.721746, SB loss: 1.544188
2025-03-22 19:25:44,214 Epoch: [0/20] Iter:[150/192], Time: 0.48, lr: [0.009647740813017376], Loss: 5.598389, Acc:0.426462, Semantic loss: 2.372385, BCE loss: 1.709833, SB loss: 1.516170
2025-03-22 19:25:48,171 Epoch: [0/20] Iter:[160/192], Time: 0.48, lr: [0.009624206546198262], Loss: 5.527802, Acc:0.432508, Semantic loss: 2.335371, BCE loss: 1.710221, SB loss: 1.482210
2025-03-22 19:25:52,102 Epoch: [0/20] Iter:[170/192], Time: 0.47, lr: [0.009600665883320689], Loss: 5.456012, Acc:0.435797, Semantic loss: 2.301977, BCE loss: 1.708570, SB loss: 1.445465
2025-03-22 19:25:56,030 Epoch: [0/20] Iter:[180/192], Time: 0.47, lr: [0.009577118805211254], Loss: 5.392035, Acc:0.438851, Semantic loss: 2.274290, BCE loss: 1.703376, SB loss: 1.414368
2025-03-22 19:25:59,930 Epoch: [0/20] Iter:[190/192], Time: 0.47, lr: [0.009553565292586523], Loss: 5.337169, Acc:0.441637, Semantic loss: 2.250368, BCE loss: 1.697244, SB loss: 1.389557
2025-03-22 19:27:34,466 0 [0.00000000e+00 1.02948042e-01 3.31379699e-02 5.06866673e-06
 5.04314393e-08 1.53691429e-04 0.00000000e+00] 0.019463546091172425
2025-03-22 19:27:34,466 1 [0.00000000e+00 1.73474551e-01 3.70319150e-02 0.00000000e+00
 0.00000000e+00 0.00000000e+00 1.29417909e-05] 0.030074201127175664
2025-03-22 19:27:34,472 => saving checkpoint to output\loveda\pidnet_small_loveda\aug_m_rbcheckpoint.pth.tar
2025-03-22 19:27:34,587 Loss: 16.803, MeanIU:  0.0301, Best_mIoU:  0.0301
2025-03-22 19:27:34,588 [0.00000000e+00 1.73474551e-01 3.70319150e-02 0.00000000e+00
 0.00000000e+00 0.00000000e+00 1.29417909e-05]
2025-03-22 19:27:44,941 Epoch: [1/20] Iter:[0/192], Time: 10.16, lr: [0.009548853816214998], Loss: 4.537716, Acc:0.399512, Semantic loss: 2.062687, BCE loss: 1.499209, SB loss: 0.975819
2025-03-22 19:27:48,942 Epoch: [1/20] Iter:[10/192], Time: 1.29, lr: [0.009525292556561479], Loss: 4.409266, Acc:0.466316, Semantic loss: 1.858604, BCE loss: 1.543873, SB loss: 1.006789
2025-03-22 19:27:52,904 Epoch: [1/20] Iter:[20/192], Time: 0.86, lr: [0.00950172481957719], Loss: 4.373919, Acc:0.473829, Semantic loss: 1.849274, BCE loss: 1.564709, SB loss: 0.959935
2025-03-22 19:27:56,865 Epoch: [1/20] Iter:[30/192], Time: 0.71, lr: [0.009478150585620286], Loss: 4.409618, Acc:0.469560, Semantic loss: 1.857687, BCE loss: 1.537948, SB loss: 1.013982
2025-03-22 19:28:00,801 Epoch: [1/20] Iter:[40/192], Time: 0.63, lr: [0.009454569834934885], Loss: 4.440133, Acc:0.464263, Semantic loss: 1.868159, BCE loss: 1.557361, SB loss: 1.014613
2025-03-22 19:28:04,711 Epoch: [1/20] Iter:[50/192], Time: 0.59, lr: [0.009430982547650114], Loss: 4.446123, Acc:0.466836, Semantic loss: 1.866507, BCE loss: 1.582189, SB loss: 0.997427
2025-03-22 19:28:08,644 Epoch: [1/20] Iter:[60/192], Time: 0.56, lr: [0.009407388703779091], Loss: 4.462392, Acc:0.466544, Semantic loss: 1.870341, BCE loss: 1.598131, SB loss: 0.993921
2025-03-22 19:28:12,566 Epoch: [1/20] Iter:[70/192], Time: 0.53, lr: [0.009383788283217955], Loss: 4.418351, Acc:0.472558, Semantic loss: 1.844951, BCE loss: 1.604550, SB loss: 0.968850
2025-03-22 19:28:16,459 Epoch: [1/20] Iter:[80/192], Time: 0.51, lr: [0.00936018126574482], Loss: 4.423596, Acc:0.464809, Semantic loss: 1.858287, BCE loss: 1.595537, SB loss: 0.969772
2025-03-22 19:28:20,387 Epoch: [1/20] Iter:[90/192], Time: 0.50, lr: [0.009336567631018769], Loss: 4.416458, Acc:0.469236, Semantic loss: 1.848227, BCE loss: 1.611084, SB loss: 0.957147
2025-03-22 19:28:24,319 Epoch: [1/20] Iter:[100/192], Time: 0.49, lr: [0.009312947358578814], Loss: 4.423021, Acc:0.467920, Semantic loss: 1.847698, BCE loss: 1.623556, SB loss: 0.951768
2025-03-22 19:28:28,233 Epoch: [1/20] Iter:[110/192], Time: 0.48, lr: [0.009289320427842841], Loss: 4.393804, Acc:0.467751, Semantic loss: 1.843417, BCE loss: 1.604861, SB loss: 0.945527
2025-03-22 19:28:32,160 Epoch: [1/20] Iter:[120/192], Time: 0.47, lr: [0.009265686818106552], Loss: 4.371202, Acc:0.470117, Semantic loss: 1.837933, BCE loss: 1.595729, SB loss: 0.937540
2025-03-22 19:28:36,088 Epoch: [1/20] Iter:[130/192], Time: 0.47, lr: [0.009242046508542393], Loss: 4.370152, Acc:0.471984, Semantic loss: 1.837696, BCE loss: 1.597567, SB loss: 0.934889
2025-03-22 19:28:39,993 Epoch: [1/20] Iter:[140/192], Time: 0.46, lr: [0.009218399478198466], Loss: 4.358021, Acc:0.471952, Semantic loss: 1.832117, BCE loss: 1.590808, SB loss: 0.935096
2025-03-22 19:28:43,918 Epoch: [1/20] Iter:[150/192], Time: 0.46, lr: [0.009194745705997428], Loss: 4.357413, Acc:0.469916, Semantic loss: 1.836337, BCE loss: 1.584129, SB loss: 0.936946
2025-03-22 19:28:47,882 Epoch: [1/20] Iter:[160/192], Time: 0.45, lr: [0.00917108517073538], Loss: 4.357007, Acc:0.468295, Semantic loss: 1.833764, BCE loss: 1.584700, SB loss: 0.938542
2025-03-22 19:28:51,809 Epoch: [1/20] Iter:[170/192], Time: 0.45, lr: [0.00914741785108075], Loss: 4.352710, Acc:0.468991, Semantic loss: 1.830272, BCE loss: 1.583603, SB loss: 0.938835
2025-03-22 19:28:55,646 Epoch: [1/20] Iter:[180/192], Time: 0.45, lr: [0.00912374372557314], Loss: 4.344718, Acc:0.468246, Semantic loss: 1.828171, BCE loss: 1.581136, SB loss: 0.935411
2025-03-22 19:28:59,560 Epoch: [1/20] Iter:[190/192], Time: 0.44, lr: [0.009100062772622186], Loss: 4.347957, Acc:0.468905, Semantic loss: 1.825449, BCE loss: 1.580774, SB loss: 0.941734
2025-03-22 19:30:33,127 0 [0.00000000e+00 1.55619598e-02 5.32794905e-02 1.02475165e-04
 0.00000000e+00 1.69294680e-06 2.13920969e-07] 0.00984940462305156
2025-03-22 19:30:33,127 1 [0.         0.35792624 0.05069992 0.         0.         0.
 0.00041352] 0.058434240362141614
2025-03-22 19:30:33,134 => saving checkpoint to output\loveda\pidnet_small_loveda\aug_m_rbcheckpoint.pth.tar
2025-03-22 19:30:33,256 Loss: 26.178, MeanIU:  0.0584, Best_mIoU:  0.0584
2025-03-22 19:30:33,256 [0.         0.35792624 0.05069992 0.         0.         0.
 0.00041352]
2025-03-22 19:30:43,957 Epoch: [2/20] Iter:[0/192], Time: 10.50, lr: [0.009095325760829623], Loss: 4.170682, Acc:0.431917, Semantic loss: 2.034068, BCE loss: 1.109280, SB loss: 1.027334
2025-03-22 19:30:47,848 Epoch: [2/20] Iter:[10/192], Time: 1.31, lr: [0.009071636586262652], Loss: 4.329476, Acc:0.471391, Semantic loss: 1.829089, BCE loss: 1.597665, SB loss: 0.902722
2025-03-22 19:30:51,725 Epoch: [2/20] Iter:[20/192], Time: 0.87, lr: [0.009047940536290279], Loss: 4.260369, Acc:0.459208, Semantic loss: 1.808558, BCE loss: 1.585226, SB loss: 0.866584
2025-03-22 19:30:55,609 Epoch: [2/20] Iter:[30/192], Time: 0.71, lr: [0.009024237588898336], Loss: 4.248638, Acc:0.472781, Semantic loss: 1.793047, BCE loss: 1.532258, SB loss: 0.923333
2025-03-22 19:30:59,460 Epoch: [2/20] Iter:[40/192], Time: 0.63, lr: [0.009000527721937697], Loss: 4.258941, Acc:0.455443, Semantic loss: 1.814502, BCE loss: 1.527200, SB loss: 0.917239
2025-03-22 19:31:03,318 Epoch: [2/20] Iter:[50/192], Time: 0.59, lr: [0.008976810913123051], Loss: 4.277363, Acc:0.453572, Semantic loss: 1.807631, BCE loss: 1.541431, SB loss: 0.928301
2025-03-22 19:31:07,203 Epoch: [2/20] Iter:[60/192], Time: 0.55, lr: [0.008953087140031669], Loss: 4.280333, Acc:0.448794, Semantic loss: 1.828038, BCE loss: 1.525915, SB loss: 0.926380
2025-03-22 19:31:11,074 Epoch: [2/20] Iter:[70/192], Time: 0.53, lr: [0.008929356380102142], Loss: 4.258539, Acc:0.451377, Semantic loss: 1.810284, BCE loss: 1.530475, SB loss: 0.917780
2025-03-22 19:31:14,974 Epoch: [2/20] Iter:[80/192], Time: 0.51, lr: [0.008905618610633112], Loss: 4.288217, Acc:0.459926, Semantic loss: 1.804987, BCE loss: 1.549227, SB loss: 0.934003
2025-03-22 19:31:18,867 Epoch: [2/20] Iter:[90/192], Time: 0.50, lr: [0.008881873808781991], Loss: 4.288918, Acc:0.466529, Semantic loss: 1.800061, BCE loss: 1.553774, SB loss: 0.935084
2025-03-22 19:31:22,753 Epoch: [2/20] Iter:[100/192], Time: 0.49, lr: [0.008858121951563658], Loss: 4.281584, Acc:0.464596, Semantic loss: 1.808498, BCE loss: 1.543085, SB loss: 0.930000
2025-03-22 19:31:26,648 Epoch: [2/20] Iter:[110/192], Time: 0.48, lr: [0.008834363015849136], Loss: 4.268144, Acc:0.468405, Semantic loss: 1.796211, BCE loss: 1.542246, SB loss: 0.929687
2025-03-22 19:31:30,560 Epoch: [2/20] Iter:[120/192], Time: 0.47, lr: [0.008810596978364274], Loss: 4.290000, Acc:0.469385, Semantic loss: 1.799069, BCE loss: 1.552295, SB loss: 0.938636
2025-03-22 19:31:34,445 Epoch: [2/20] Iter:[130/192], Time: 0.47, lr: [0.008786823815688379], Loss: 4.288903, Acc:0.468997, Semantic loss: 1.798629, BCE loss: 1.551489, SB loss: 0.938785
2025-03-22 19:31:38,351 Epoch: [2/20] Iter:[140/192], Time: 0.46, lr: [0.008763043504252865], Loss: 4.286434, Acc:0.472603, Semantic loss: 1.793151, BCE loss: 1.559589, SB loss: 0.933694
2025-03-22 19:31:42,242 Epoch: [2/20] Iter:[150/192], Time: 0.46, lr: [0.008739256020339866], Loss: 4.281385, Acc:0.472030, Semantic loss: 1.791000, BCE loss: 1.554491, SB loss: 0.935895
2025-03-22 19:31:46,124 Epoch: [2/20] Iter:[160/192], Time: 0.45, lr: [0.00871546134008083], Loss: 4.273364, Acc:0.472281, Semantic loss: 1.786912, BCE loss: 1.556185, SB loss: 0.930267
2025-03-22 19:31:50,007 Epoch: [2/20] Iter:[170/192], Time: 0.45, lr: [0.008691659439455107], Loss: 4.277483, Acc:0.471901, Semantic loss: 1.784876, BCE loss: 1.563936, SB loss: 0.928671
2025-03-22 19:31:53,898 Epoch: [2/20] Iter:[180/192], Time: 0.44, lr: [0.008667850294288517], Loss: 4.273611, Acc:0.471257, Semantic loss: 1.781014, BCE loss: 1.567640, SB loss: 0.924958
2025-03-22 19:31:57,766 Epoch: [2/20] Iter:[190/192], Time: 0.44, lr: [0.008644033880251888], Loss: 4.274330, Acc:0.471902, Semantic loss: 1.779770, BCE loss: 1.567511, SB loss: 0.927049
2025-03-22 19:33:30,951 0 [0.00000000e+00 4.00572111e-02 4.85151472e-02 7.42860902e-04
 1.00862877e-07 4.88864171e-06 4.08309447e-07] 0.012760088141430299
2025-03-22 19:33:30,951 1 [0.         0.0149917  0.00343615 0.00098493 0.         0.
 0.07115053] 0.0129376154626193
2025-03-22 19:33:30,957 => saving checkpoint to output\loveda\pidnet_small_loveda\aug_m_rbcheckpoint.pth.tar
2025-03-22 19:33:31,035 Loss: 62.606, MeanIU:  0.0129, Best_mIoU:  0.0584
2025-03-22 19:33:31,035 [0.         0.0149917  0.00343615 0.00098493 0.         0.
 0.07115053]
2025-03-22 19:33:41,506 Epoch: [3/20] Iter:[0/192], Time: 10.28, lr: [0.008639269723028191], Loss: 4.481777, Acc:0.429925, Semantic loss: 2.279736, BCE loss: 1.321501, SB loss: 0.880540
2025-03-22 19:33:45,455 Epoch: [3/20] Iter:[10/192], Time: 1.29, lr: [0.008615444554012613], Loss: 4.217110, Acc:0.472463, Semantic loss: 1.783480, BCE loss: 1.549582, SB loss: 0.884048
2025-03-22 19:33:49,342 Epoch: [3/20] Iter:[20/192], Time: 0.86, lr: [0.008591612062049989], Loss: 4.191910, Acc:0.490412, Semantic loss: 1.769997, BCE loss: 1.513359, SB loss: 0.908554
2025-03-22 19:33:53,221 Epoch: [3/20] Iter:[30/192], Time: 0.71, lr: [0.008567772222305215], Loss: 4.189549, Acc:0.493181, Semantic loss: 1.735808, BCE loss: 1.552290, SB loss: 0.901451
2025-03-22 19:33:57,095 Epoch: [3/20] Iter:[40/192], Time: 0.63, lr: [0.008543925009781886], Loss: 4.192225, Acc:0.489947, Semantic loss: 1.731699, BCE loss: 1.536768, SB loss: 0.923758
2025-03-22 19:34:00,978 Epoch: [3/20] Iter:[50/192], Time: 0.58, lr: [0.00852007039932076], Loss: 4.214017, Acc:0.482960, Semantic loss: 1.745507, BCE loss: 1.524750, SB loss: 0.943760
2025-03-22 19:34:04,850 Epoch: [3/20] Iter:[60/192], Time: 0.55, lr: [0.00849620836559818], Loss: 4.256868, Acc:0.466253, Semantic loss: 1.781433, BCE loss: 1.503716, SB loss: 0.971719
2025-03-22 19:34:08,732 Epoch: [3/20] Iter:[70/192], Time: 0.53, lr: [0.008472338883124477], Loss: 4.289726, Acc:0.469102, Semantic loss: 1.788583, BCE loss: 1.528406, SB loss: 0.972737
2025-03-22 19:34:12,636 Epoch: [3/20] Iter:[80/192], Time: 0.51, lr: [0.008448461926242374], Loss: 4.288168, Acc:0.468959, Semantic loss: 1.797526, BCE loss: 1.518200, SB loss: 0.972441
2025-03-22 19:34:16,538 Epoch: [3/20] Iter:[90/192], Time: 0.50, lr: [0.008424577469125337], Loss: 4.282319, Acc:0.471556, Semantic loss: 1.784537, BCE loss: 1.532823, SB loss: 0.964959
2025-03-22 19:34:20,442 Epoch: [3/20] Iter:[100/192], Time: 0.49, lr: [0.008400685485775935], Loss: 4.289340, Acc:0.474746, Semantic loss: 1.774837, BCE loss: 1.545578, SB loss: 0.968925
2025-03-22 19:34:24,322 Epoch: [3/20] Iter:[110/192], Time: 0.48, lr: [0.008376785950024154], Loss: 4.278409, Acc:0.475972, Semantic loss: 1.760496, BCE loss: 1.548357, SB loss: 0.969556
2025-03-22 19:34:28,199 Epoch: [3/20] Iter:[120/192], Time: 0.47, lr: [0.00835287883552571], Loss: 4.290866, Acc:0.475791, Semantic loss: 1.754269, BCE loss: 1.568589, SB loss: 0.968008
2025-03-22 19:34:32,088 Epoch: [3/20] Iter:[130/192], Time: 0.46, lr: [0.008328964115760324], Loss: 4.282710, Acc:0.474880, Semantic loss: 1.751171, BCE loss: 1.561734, SB loss: 0.969804
2025-03-22 19:34:35,968 Epoch: [3/20] Iter:[140/192], Time: 0.46, lr: [0.008305041764029988], Loss: 4.278357, Acc:0.473162, Semantic loss: 1.749706, BCE loss: 1.558073, SB loss: 0.970578
2025-03-22 19:34:39,854 Epoch: [3/20] Iter:[150/192], Time: 0.45, lr: [0.008281111753457188], Loss: 4.287947, Acc:0.471968, Semantic loss: 1.755704, BCE loss: 1.550229, SB loss: 0.982014
2025-03-22 19:34:43,748 Epoch: [3/20] Iter:[160/192], Time: 0.45, lr: [0.008257174056983133], Loss: 4.290328, Acc:0.473144, Semantic loss: 1.751525, BCE loss: 1.559437, SB loss: 0.979367
2025-03-22 19:34:47,641 Epoch: [3/20] Iter:[170/192], Time: 0.45, lr: [0.00823322864736593], Loss: 4.284894, Acc:0.473864, Semantic loss: 1.743949, BCE loss: 1.565369, SB loss: 0.975576
2025-03-22 19:34:51,573 Epoch: [3/20] Iter:[180/192], Time: 0.44, lr: [0.008209275497178764], Loss: 4.270020, Acc:0.475444, Semantic loss: 1.740084, BCE loss: 1.559842, SB loss: 0.970094
2025-03-22 19:34:55,437 Epoch: [3/20] Iter:[190/192], Time: 0.44, lr: [0.008185314578808021], Loss: 4.261231, Acc:0.477088, Semantic loss: 1.737284, BCE loss: 1.556472, SB loss: 0.967476
2025-03-22 19:36:28,817 0 [0.00000000e+00 1.71367045e-02 5.37264642e-02 1.71904755e-03
 1.84915276e-07 1.96159335e-06 2.52809540e-06] 0.010369555839985693
2025-03-22 19:36:28,817 1 [0.         0.06294842 0.05186374 0.00110867 0.         0.
 0.04092332] 0.022406307762728055
2025-03-22 19:36:28,824 => saving checkpoint to output\loveda\pidnet_small_loveda\aug_m_rbcheckpoint.pth.tar
2025-03-22 19:36:28,904 Loss: 28.500, MeanIU:  0.0224, Best_mIoU:  0.0584
2025-03-22 19:36:28,904 [0.         0.06294842 0.05186374 0.00110867 0.         0.
 0.04092332]
2025-03-22 19:36:39,431 Epoch: [4/20] Iter:[0/192], Time: 10.33, lr: [0.008180521460508584], Loss: 4.137296, Acc:0.470129, Semantic loss: 1.679158, BCE loss: 1.744572, SB loss: 0.713566
2025-03-22 19:36:43,320 Epoch: [4/20] Iter:[10/192], Time: 1.29, lr: [0.008156551183601795], Loss: 4.187187, Acc:0.472205, Semantic loss: 1.706618, BCE loss: 1.561408, SB loss: 0.919162
2025-03-22 19:36:47,199 Epoch: [4/20] Iter:[20/192], Time: 0.86, lr: [0.008132573077094668], Loss: 4.154369, Acc:0.463238, Semantic loss: 1.720124, BCE loss: 1.501391, SB loss: 0.932854
2025-03-22 19:36:51,087 Epoch: [4/20] Iter:[30/192], Time: 0.71, lr: [0.008108587112763079], Loss: 4.169231, Acc:0.466819, Semantic loss: 1.719384, BCE loss: 1.511751, SB loss: 0.938096
2025-03-22 19:36:54,974 Epoch: [4/20] Iter:[40/192], Time: 0.63, lr: [0.008084593262188028], Loss: 4.195029, Acc:0.475420, Semantic loss: 1.710052, BCE loss: 1.544752, SB loss: 0.940225
2025-03-22 19:36:58,851 Epoch: [4/20] Iter:[50/192], Time: 0.58, lr: [0.008060591496753653], Loss: 4.180116, Acc:0.476879, Semantic loss: 1.711659, BCE loss: 1.532130, SB loss: 0.936326
2025-03-22 19:37:02,736 Epoch: [4/20] Iter:[60/192], Time: 0.55, lr: [0.008036581787645204], Loss: 4.213059, Acc:0.476729, Semantic loss: 1.712200, BCE loss: 1.559023, SB loss: 0.941836
2025-03-22 19:37:06,597 Epoch: [4/20] Iter:[70/192], Time: 0.53, lr: [0.008012564105846994], Loss: 4.189067, Acc:0.474257, Semantic loss: 1.711552, BCE loss: 1.531114, SB loss: 0.946401
2025-03-22 19:37:10,497 Epoch: [4/20] Iter:[80/192], Time: 0.51, lr: [0.007988538422140333], Loss: 4.189378, Acc:0.477443, Semantic loss: 1.709657, BCE loss: 1.524002, SB loss: 0.955720
2025-03-22 19:37:14,377 Epoch: [4/20] Iter:[90/192], Time: 0.50, lr: [0.007964504707101411], Loss: 4.174808, Acc:0.477720, Semantic loss: 1.709882, BCE loss: 1.518438, SB loss: 0.946488
2025-03-22 19:37:18,260 Epoch: [4/20] Iter:[100/192], Time: 0.49, lr: [0.007940462931099176], Loss: 4.157063, Acc:0.480995, Semantic loss: 1.702714, BCE loss: 1.510610, SB loss: 0.943739
2025-03-22 19:37:22,146 Epoch: [4/20] Iter:[110/192], Time: 0.48, lr: [0.007916413064293163], Loss: 4.149674, Acc:0.487027, Semantic loss: 1.691417, BCE loss: 1.515273, SB loss: 0.942985
2025-03-22 19:37:26,061 Epoch: [4/20] Iter:[120/192], Time: 0.47, lr: [0.007892355076631318], Loss: 4.149547, Acc:0.489063, Semantic loss: 1.684266, BCE loss: 1.528437, SB loss: 0.936845
2025-03-22 19:37:29,953 Epoch: [4/20] Iter:[130/192], Time: 0.46, lr: [0.007868288937847752], Loss: 4.159959, Acc:0.487562, Semantic loss: 1.688439, BCE loss: 1.532688, SB loss: 0.938832
2025-03-22 19:37:33,849 Epoch: [4/20] Iter:[140/192], Time: 0.46, lr: [0.007844214617460508], Loss: 4.161334, Acc:0.489768, Semantic loss: 1.682912, BCE loss: 1.544946, SB loss: 0.933475
2025-03-22 19:37:37,739 Epoch: [4/20] Iter:[150/192], Time: 0.45, lr: [0.007820132084769268], Loss: 4.170066, Acc:0.485906, Semantic loss: 1.691213, BCE loss: 1.543162, SB loss: 0.935691
2025-03-22 19:37:41,646 Epoch: [4/20] Iter:[160/192], Time: 0.45, lr: [0.00779604130885303], Loss: 4.169511, Acc:0.486091, Semantic loss: 1.690839, BCE loss: 1.545610, SB loss: 0.933062
2025-03-22 19:37:45,541 Epoch: [4/20] Iter:[170/192], Time: 0.45, lr: [0.007771942258567773], Loss: 4.171625, Acc:0.486036, Semantic loss: 1.689622, BCE loss: 1.549928, SB loss: 0.932075
2025-03-22 19:37:49,452 Epoch: [4/20] Iter:[180/192], Time: 0.44, lr: [0.007747834902544056], Loss: 4.167382, Acc:0.485732, Semantic loss: 1.690763, BCE loss: 1.546052, SB loss: 0.930567
2025-03-22 19:37:53,326 Epoch: [4/20] Iter:[190/192], Time: 0.44, lr: [0.0077237192091846206], Loss: 4.178333, Acc:0.483293, Semantic loss: 1.699168, BCE loss: 1.547582, SB loss: 0.931583
2025-03-22 19:39:26,612 0 [0.00000000e+00 3.41426802e-02 4.83825491e-02 1.01632192e-03
 4.26144953e-06 1.21430582e-05 5.75600240e-06] 0.011937673099316275
2025-03-22 19:39:26,613 1 [0.         0.20012167 0.08559726 0.         0.         0.
 0.07437571] 0.051442091508602
2025-03-22 19:39:26,619 => saving checkpoint to output\loveda\pidnet_small_loveda\aug_m_rbcheckpoint.pth.tar
2025-03-22 19:39:26,701 Loss: 17.344, MeanIU:  0.0514, Best_mIoU:  0.0584
2025-03-22 19:39:26,701 [0.         0.20012167 0.08559726 0.         0.         0.
 0.07437571]
2025-03-22 19:39:37,353 Epoch: [5/20] Iter:[0/192], Time: 10.46, lr: [0.007718895067235705], Loss: 3.691151, Acc:0.433448, Semantic loss: 1.561926, BCE loss: 1.305652, SB loss: 0.823572
2025-03-22 19:39:41,223 Epoch: [5/20] Iter:[10/192], Time: 1.30, lr: [0.007694769327040611], Loss: 4.194054, Acc:0.457270, Semantic loss: 1.712976, BCE loss: 1.543614, SB loss: 0.937464
2025-03-22 19:39:45,084 Epoch: [5/20] Iter:[20/192], Time: 0.87, lr: [0.00767063517918174], Loss: 4.143027, Acc:0.466815, Semantic loss: 1.730028, BCE loss: 1.468680, SB loss: 0.944319
2025-03-22 19:39:48,938 Epoch: [5/20] Iter:[30/192], Time: 0.71, lr: [0.007646492591316132], Loss: 4.037950, Acc:0.486272, Semantic loss: 1.669696, BCE loss: 1.455734, SB loss: 0.912520
2025-03-22 19:39:52,810 Epoch: [5/20] Iter:[40/192], Time: 0.63, lr: [0.007622341530862476], Loss: 4.055351, Acc:0.487235, Semantic loss: 1.676929, BCE loss: 1.466357, SB loss: 0.912065
2025-03-22 19:39:56,701 Epoch: [5/20] Iter:[50/192], Time: 0.58, lr: [0.0075981819649984985], Loss: 4.127776, Acc:0.484548, Semantic loss: 1.699400, BCE loss: 1.512747, SB loss: 0.915629
2025-03-22 19:40:00,550 Epoch: [5/20] Iter:[60/192], Time: 0.55, lr: [0.007574013860658317], Loss: 4.085388, Acc:0.487331, Semantic loss: 1.673746, BCE loss: 1.497149, SB loss: 0.914493
2025-03-22 19:40:04,381 Epoch: [5/20] Iter:[70/192], Time: 0.53, lr: [0.007549837184529776], Loss: 4.111116, Acc:0.484682, Semantic loss: 1.680642, BCE loss: 1.515468, SB loss: 0.915007
2025-03-22 19:40:08,232 Epoch: [5/20] Iter:[80/192], Time: 0.51, lr: [0.0075256519030517215], Loss: 4.113874, Acc:0.482796, Semantic loss: 1.684318, BCE loss: 1.514933, SB loss: 0.914624
2025-03-22 19:40:12,110 Epoch: [5/20] Iter:[90/192], Time: 0.50, lr: [0.007501457982411236], Loss: 4.092932, Acc:0.485284, Semantic loss: 1.678082, BCE loss: 1.503139, SB loss: 0.911710
2025-03-22 19:40:16,010 Epoch: [5/20] Iter:[100/192], Time: 0.49, lr: [0.0074772553885408604], Loss: 4.095291, Acc:0.487858, Semantic loss: 1.674364, BCE loss: 1.505391, SB loss: 0.915537
2025-03-22 19:40:19,894 Epoch: [5/20] Iter:[110/192], Time: 0.48, lr: [0.007453044087115737], Loss: 4.117128, Acc:0.486071, Semantic loss: 1.682951, BCE loss: 1.509051, SB loss: 0.925126
2025-03-22 19:40:23,744 Epoch: [5/20] Iter:[120/192], Time: 0.47, lr: [0.007428824043550734], Loss: 4.115596, Acc:0.484410, Semantic loss: 1.682165, BCE loss: 1.509443, SB loss: 0.923988
2025-03-22 19:40:27,631 Epoch: [5/20] Iter:[130/192], Time: 0.46, lr: [0.007404595222997526], Loss: 4.129831, Acc:0.482238, Semantic loss: 1.686111, BCE loss: 1.510519, SB loss: 0.933201
2025-03-22 19:40:31,494 Epoch: [5/20] Iter:[140/192], Time: 0.46, lr: [0.007380357590341623], Loss: 4.129031, Acc:0.483823, Semantic loss: 1.682201, BCE loss: 1.520714, SB loss: 0.926116
2025-03-22 19:40:35,470 Epoch: [5/20] Iter:[150/192], Time: 0.45, lr: [0.007356111110199354], Loss: 4.133057, Acc:0.482847, Semantic loss: 1.682354, BCE loss: 1.522024, SB loss: 0.928680
2025-03-22 19:40:39,461 Epoch: [5/20] Iter:[160/192], Time: 0.45, lr: [0.00733185574691482], Loss: 4.134124, Acc:0.484335, Semantic loss: 1.676097, BCE loss: 1.529635, SB loss: 0.928393
2025-03-22 19:40:43,418 Epoch: [5/20] Iter:[170/192], Time: 0.45, lr: [0.007307591464556783], Loss: 4.133389, Acc:0.485816, Semantic loss: 1.675139, BCE loss: 1.530790, SB loss: 0.927460
2025-03-22 19:40:47,449 Epoch: [5/20] Iter:[180/192], Time: 0.45, lr: [0.007283318226915514], Loss: 4.152134, Acc:0.485370, Semantic loss: 1.679467, BCE loss: 1.541087, SB loss: 0.931580
2025-03-22 19:40:51,334 Epoch: [5/20] Iter:[190/192], Time: 0.44, lr: [0.007259035997499604], Loss: 4.144708, Acc:0.486398, Semantic loss: 1.677003, BCE loss: 1.540954, SB loss: 0.926751
2025-03-22 19:42:25,249 0 [0.00000000e+00 7.58587304e-02 2.66074157e-02 1.85962392e-04
 2.23578530e-06 3.76222795e-07 1.45837704e-05] 0.01466704347090048
2025-03-22 19:42:25,250 1 [0.00000000e+00 3.26143442e-02 3.27735681e-02 1.50185019e-07
 2.52157018e-07 1.18620788e-04 4.94795914e-02] 0.016426646692102306
2025-03-22 19:42:25,255 => saving checkpoint to output\loveda\pidnet_small_loveda\aug_m_rbcheckpoint.pth.tar
2025-03-22 19:42:25,341 Loss: 15.406, MeanIU:  0.0164, Best_mIoU:  0.0584
2025-03-22 19:42:25,341 [0.00000000e+00 3.26143442e-02 3.27735681e-02 1.50185019e-07
 2.52157018e-07 1.18620788e-04 4.94795914e-02]
2025-03-22 19:42:35,898 Epoch: [6/20] Iter:[0/192], Time: 10.36, lr: [0.007254178469372199], Loss: 4.538194, Acc:0.490142, Semantic loss: 1.697761, BCE loss: 1.726716, SB loss: 1.113718
2025-03-22 19:42:39,833 Epoch: [6/20] Iter:[10/192], Time: 1.30, lr: [0.007229885401256642], Loss: 4.000120, Acc:0.508039, Semantic loss: 1.623886, BCE loss: 1.447312, SB loss: 0.928921
2025-03-22 19:42:43,694 Epoch: [6/20] Iter:[20/192], Time: 0.86, lr: [0.0072055832600777334], Loss: 4.044596, Acc:0.479440, Semantic loss: 1.658563, BCE loss: 1.458905, SB loss: 0.927129
2025-03-22 19:42:47,604 Epoch: [6/20] Iter:[30/192], Time: 0.71, lr: [0.007181272008420604], Loss: 4.039041, Acc:0.489377, Semantic loss: 1.670482, BCE loss: 1.463429, SB loss: 0.905130
2025-03-22 19:42:51,486 Epoch: [6/20] Iter:[40/192], Time: 0.63, lr: [0.007156951608574727], Loss: 4.040673, Acc:0.487965, Semantic loss: 1.657785, BCE loss: 1.475840, SB loss: 0.907049
2025-03-22 19:42:55,367 Epoch: [6/20] Iter:[50/192], Time: 0.58, lr: [0.007132622022530447], Loss: 4.037853, Acc:0.484226, Semantic loss: 1.666133, BCE loss: 1.451580, SB loss: 0.920140
2025-03-22 19:42:59,261 Epoch: [6/20] Iter:[60/192], Time: 0.55, lr: [0.007108283211975477], Loss: 4.077448, Acc:0.488482, Semantic loss: 1.664617, BCE loss: 1.502868, SB loss: 0.909963
2025-03-22 19:43:03,153 Epoch: [6/20] Iter:[70/192], Time: 0.53, lr: [0.007083935138291319], Loss: 4.081556, Acc:0.486873, Semantic loss: 1.666669, BCE loss: 1.495593, SB loss: 0.919295
2025-03-22 19:43:07,053 Epoch: [6/20] Iter:[80/192], Time: 0.51, lr: [0.007059577762549636], Loss: 4.078836, Acc:0.490821, Semantic loss: 1.657610, BCE loss: 1.506294, SB loss: 0.914931
2025-03-22 19:43:10,956 Epoch: [6/20] Iter:[90/192], Time: 0.50, lr: [0.007035211045508576], Loss: 4.068691, Acc:0.495266, Semantic loss: 1.649298, BCE loss: 1.516693, SB loss: 0.902700
2025-03-22 19:43:14,855 Epoch: [6/20] Iter:[100/192], Time: 0.49, lr: [0.0070108349476090265], Loss: 4.089914, Acc:0.495403, Semantic loss: 1.652261, BCE loss: 1.532523, SB loss: 0.905130
2025-03-22 19:43:18,717 Epoch: [6/20] Iter:[110/192], Time: 0.48, lr: [0.00698644942897081], Loss: 4.095224, Acc:0.491159, Semantic loss: 1.656216, BCE loss: 1.529901, SB loss: 0.909107
2025-03-22 19:43:22,600 Epoch: [6/20] Iter:[120/192], Time: 0.47, lr: [0.006962054449388827], Loss: 4.110890, Acc:0.488990, Semantic loss: 1.662039, BCE loss: 1.534628, SB loss: 0.914224
2025-03-22 19:43:26,493 Epoch: [6/20] Iter:[130/192], Time: 0.47, lr: [0.006937649968329135], Loss: 4.126699, Acc:0.486247, Semantic loss: 1.667025, BCE loss: 1.542190, SB loss: 0.917485
2025-03-22 19:43:30,396 Epoch: [6/20] Iter:[140/192], Time: 0.46, lr: [0.006913235944924954], Loss: 4.137234, Acc:0.487550, Semantic loss: 1.664701, BCE loss: 1.554138, SB loss: 0.918395
2025-03-22 19:43:34,279 Epoch: [6/20] Iter:[150/192], Time: 0.46, lr: [0.006888812337972621], Loss: 4.134760, Acc:0.485850, Semantic loss: 1.667090, BCE loss: 1.547386, SB loss: 0.920285
2025-03-22 19:43:38,182 Epoch: [6/20] Iter:[160/192], Time: 0.45, lr: [0.00686437910592748], Loss: 4.126123, Acc:0.483871, Semantic loss: 1.666922, BCE loss: 1.542858, SB loss: 0.916343
2025-03-22 19:43:42,076 Epoch: [6/20] Iter:[170/192], Time: 0.45, lr: [0.00683993620689969], Loss: 4.122967, Acc:0.485548, Semantic loss: 1.664743, BCE loss: 1.541619, SB loss: 0.916605
2025-03-22 19:43:45,984 Epoch: [6/20] Iter:[180/192], Time: 0.44, lr: [0.0068154835986499775], Loss: 4.116906, Acc:0.487887, Semantic loss: 1.660003, BCE loss: 1.540731, SB loss: 0.916171
2025-03-22 19:43:49,854 Epoch: [6/20] Iter:[190/192], Time: 0.44, lr: [0.006791021238585323], Loss: 4.112792, Acc:0.488628, Semantic loss: 1.658810, BCE loss: 1.535837, SB loss: 0.918145
2025-03-22 19:45:22,996 0 [0.00000000e+00 3.93759864e-02 4.98009098e-02 1.64229388e-03
 6.18156499e-04 3.47356002e-05 4.14190429e-06] 0.013068032005369311
2025-03-22 19:45:22,996 1 [0.00000000e+00 9.48844205e-02 1.59052982e-02 4.62586051e-04
 1.58875285e-01 8.74223119e-05 3.38847635e-02] 0.043442825082319406
2025-03-22 19:45:23,002 => saving checkpoint to output\loveda\pidnet_small_loveda\aug_m_rbcheckpoint.pth.tar
2025-03-22 19:45:23,078 Loss: 17.065, MeanIU:  0.0434, Best_mIoU:  0.0584
2025-03-22 19:45:23,078 [0.00000000e+00 9.48844205e-02 1.59052982e-02 4.62586051e-04
 1.58875285e-01 8.74223119e-05 3.38847635e-02]
2025-03-22 19:45:33,633 Epoch: [7/20] Iter:[0/192], Time: 10.36, lr: [0.006786127592581251], Loss: 4.707528, Acc:0.472243, Semantic loss: 1.570127, BCE loss: 2.072561, SB loss: 1.064840
2025-03-22 19:45:37,535 Epoch: [7/20] Iter:[10/192], Time: 1.30, lr: [0.006761653473611295], Loss: 4.025105, Acc:0.489017, Semantic loss: 1.578192, BCE loss: 1.536620, SB loss: 0.910293
2025-03-22 19:45:41,518 Epoch: [7/20] Iter:[20/192], Time: 0.87, lr: [0.006737169507854796], Loss: 4.052198, Acc:0.501463, Semantic loss: 1.576811, BCE loss: 1.582004, SB loss: 0.893384
2025-03-22 19:45:45,448 Epoch: [7/20] Iter:[30/192], Time: 0.72, lr: [0.006712675651556858], Loss: 4.072542, Acc:0.504061, Semantic loss: 1.599624, BCE loss: 1.580199, SB loss: 0.892719
2025-03-22 19:45:49,363 Epoch: [7/20] Iter:[40/192], Time: 0.64, lr: [0.006688171860589905], Loss: 4.004696, Acc:0.503841, Semantic loss: 1.594511, BCE loss: 1.529961, SB loss: 0.880224
2025-03-22 19:45:53,263 Epoch: [7/20] Iter:[50/192], Time: 0.59, lr: [0.0066636580904489585], Loss: 4.025935, Acc:0.500009, Semantic loss: 1.606262, BCE loss: 1.533357, SB loss: 0.886316
2025-03-22 19:45:57,150 Epoch: [7/20] Iter:[60/192], Time: 0.56, lr: [0.006639134296246874], Loss: 4.036872, Acc:0.499094, Semantic loss: 1.609864, BCE loss: 1.540139, SB loss: 0.886869
2025-03-22 19:46:01,047 Epoch: [7/20] Iter:[70/192], Time: 0.53, lr: [0.0066146004327094585], Loss: 4.066149, Acc:0.491739, Semantic loss: 1.629733, BCE loss: 1.535247, SB loss: 0.901169
2025-03-22 19:46:04,932 Epoch: [7/20] Iter:[80/192], Time: 0.51, lr: [0.006590056454170537], Loss: 4.076786, Acc:0.493629, Semantic loss: 1.628721, BCE loss: 1.543275, SB loss: 0.904790
2025-03-22 19:46:08,839 Epoch: [7/20] Iter:[90/192], Time: 0.50, lr: [0.006565502314566912], Loss: 4.076141, Acc:0.492472, Semantic loss: 1.633830, BCE loss: 1.530672, SB loss: 0.911638
2025-03-22 19:46:12,716 Epoch: [7/20] Iter:[100/192], Time: 0.49, lr: [0.006540937967433255], Loss: 4.070284, Acc:0.491638, Semantic loss: 1.632802, BCE loss: 1.529229, SB loss: 0.908252
2025-03-22 19:46:16,631 Epoch: [7/20] Iter:[110/192], Time: 0.48, lr: [0.006516363365896894], Loss: 4.063309, Acc:0.493410, Semantic loss: 1.630357, BCE loss: 1.524367, SB loss: 0.908585
2025-03-22 19:46:20,530 Epoch: [7/20] Iter:[120/192], Time: 0.47, lr: [0.006491778462672531], Loss: 4.064943, Acc:0.495249, Semantic loss: 1.626382, BCE loss: 1.533332, SB loss: 0.905228
2025-03-22 19:46:24,410 Epoch: [7/20] Iter:[130/192], Time: 0.47, lr: [0.006467183210056843], Loss: 4.069789, Acc:0.494914, Semantic loss: 1.625617, BCE loss: 1.539077, SB loss: 0.905094
2025-03-22 19:46:28,304 Epoch: [7/20] Iter:[140/192], Time: 0.46, lr: [0.006442577559923017], Loss: 4.064417, Acc:0.495777, Semantic loss: 1.621662, BCE loss: 1.538198, SB loss: 0.904557
2025-03-22 19:46:32,200 Epoch: [7/20] Iter:[150/192], Time: 0.46, lr: [0.006417961463715172], Loss: 4.054026, Acc:0.495678, Semantic loss: 1.622700, BCE loss: 1.528136, SB loss: 0.903190
2025-03-22 19:46:36,102 Epoch: [7/20] Iter:[160/192], Time: 0.45, lr: [0.006393334872442681], Loss: 4.055362, Acc:0.496472, Semantic loss: 1.624862, BCE loss: 1.527879, SB loss: 0.902621
2025-03-22 19:46:40,026 Epoch: [7/20] Iter:[170/192], Time: 0.45, lr: [0.006368697736674411], Loss: 4.056719, Acc:0.497528, Semantic loss: 1.628432, BCE loss: 1.525550, SB loss: 0.902737
2025-03-22 19:46:43,931 Epoch: [7/20] Iter:[180/192], Time: 0.45, lr: [0.006344050006532848], Loss: 4.063147, Acc:0.496478, Semantic loss: 1.630481, BCE loss: 1.529606, SB loss: 0.903060
2025-03-22 19:46:47,805 Epoch: [7/20] Iter:[190/192], Time: 0.44, lr: [0.006319391631688114], Loss: 4.064175, Acc:0.498811, Semantic loss: 1.628313, BCE loss: 1.530246, SB loss: 0.905616
2025-03-22 19:48:20,860 0 [0.00000000e+00 4.80981054e-02 4.58486707e-02 1.86922660e-03
 3.57222356e-06 5.13034019e-06 4.47230174e-06] 0.01368988250801167
2025-03-22 19:48:20,861 1 [0.         0.11473093 0.05568486 0.01022578 0.         0.
 0.05964357] 0.034326448803612845
2025-03-22 19:48:20,866 => saving checkpoint to output\loveda\pidnet_small_loveda\aug_m_rbcheckpoint.pth.tar
2025-03-22 19:48:20,960 Loss: 14.629, MeanIU:  0.0343, Best_mIoU:  0.0584
2025-03-22 19:48:20,960 [0.         0.11473093 0.05568486 0.01022578 0.         0.
 0.05964357]
2025-03-22 19:48:31,156 Epoch: [8/20] Iter:[0/192], Time: 10.00, lr: [0.006314458674893553], Loss: 4.108947, Acc:0.568422, Semantic loss: 1.445958, BCE loss: 1.790575, SB loss: 0.872415
2025-03-22 19:48:35,018 Epoch: [8/20] Iter:[10/192], Time: 1.26, lr: [0.006289787459323657], Loss: 4.048767, Acc:0.523822, Semantic loss: 1.595237, BCE loss: 1.538956, SB loss: 0.914574
2025-03-22 19:48:38,853 Epoch: [8/20] Iter:[20/192], Time: 0.84, lr: [0.006265105486702424], Loss: 4.097794, Acc:0.499534, Semantic loss: 1.646046, BCE loss: 1.521253, SB loss: 0.930495
2025-03-22 19:48:42,679 Epoch: [8/20] Iter:[30/192], Time: 0.69, lr: [0.006240412705211017], Loss: 4.076158, Acc:0.501839, Semantic loss: 1.633708, BCE loss: 1.499028, SB loss: 0.943421
2025-03-22 19:48:46,525 Epoch: [8/20] Iter:[40/192], Time: 0.62, lr: [0.006215709062551949], Loss: 4.055233, Acc:0.503405, Semantic loss: 1.617714, BCE loss: 1.511880, SB loss: 0.925639
2025-03-22 19:48:50,390 Epoch: [8/20] Iter:[50/192], Time: 0.57, lr: [0.006190994505942529], Loss: 4.029611, Acc:0.501507, Semantic loss: 1.617720, BCE loss: 1.481000, SB loss: 0.930891
2025-03-22 19:48:54,237 Epoch: [8/20] Iter:[60/192], Time: 0.54, lr: [0.006166268982108192], Loss: 4.023273, Acc:0.499941, Semantic loss: 1.625039, BCE loss: 1.471261, SB loss: 0.926973
2025-03-22 19:48:58,060 Epoch: [8/20] Iter:[70/192], Time: 0.52, lr: [0.006141532437275693], Loss: 4.017752, Acc:0.495021, Semantic loss: 1.628533, BCE loss: 1.464398, SB loss: 0.924821
2025-03-22 19:49:01,903 Epoch: [8/20] Iter:[80/192], Time: 0.50, lr: [0.006116784817166194], Loss: 4.015792, Acc:0.492617, Semantic loss: 1.624705, BCE loss: 1.466941, SB loss: 0.924146
2025-03-22 19:49:05,771 Epoch: [8/20] Iter:[90/192], Time: 0.49, lr: [0.006092026066988214], Loss: 4.042152, Acc:0.494211, Semantic loss: 1.632548, BCE loss: 1.489810, SB loss: 0.919794
2025-03-22 19:49:09,608 Epoch: [8/20] Iter:[100/192], Time: 0.48, lr: [0.006067256131430442], Loss: 4.050354, Acc:0.493893, Semantic loss: 1.628620, BCE loss: 1.501184, SB loss: 0.920550
2025-03-22 19:49:13,459 Epoch: [8/20] Iter:[110/192], Time: 0.47, lr: [0.00604247495465443], Loss: 4.053193, Acc:0.495146, Semantic loss: 1.623804, BCE loss: 1.508918, SB loss: 0.920472
2025-03-22 19:49:17,323 Epoch: [8/20] Iter:[120/192], Time: 0.46, lr: [0.006017682480287143], Loss: 4.053097, Acc:0.497722, Semantic loss: 1.622362, BCE loss: 1.506197, SB loss: 0.924538
2025-03-22 19:49:21,190 Epoch: [8/20] Iter:[130/192], Time: 0.46, lr: [0.00599287865141337], Loss: 4.054544, Acc:0.499236, Semantic loss: 1.622997, BCE loss: 1.507288, SB loss: 0.924259
2025-03-22 19:49:25,041 Epoch: [8/20] Iter:[140/192], Time: 0.45, lr: [0.005968063410567983], Loss: 4.054692, Acc:0.497642, Semantic loss: 1.623528, BCE loss: 1.508158, SB loss: 0.923006
2025-03-22 19:49:28,899 Epoch: [8/20] Iter:[150/192], Time: 0.45, lr: [0.00594323669972807], Loss: 4.057648, Acc:0.500931, Semantic loss: 1.618883, BCE loss: 1.517026, SB loss: 0.921739
2025-03-22 19:49:32,756 Epoch: [8/20] Iter:[160/192], Time: 0.44, lr: [0.005918398460304892], Loss: 4.055258, Acc:0.501954, Semantic loss: 1.618837, BCE loss: 1.518871, SB loss: 0.917550
2025-03-22 19:49:36,615 Epoch: [8/20] Iter:[170/192], Time: 0.44, lr: [0.0058935486331357125], Loss: 4.060197, Acc:0.502318, Semantic loss: 1.618393, BCE loss: 1.524533, SB loss: 0.917272
2025-03-22 19:49:40,471 Epoch: [8/20] Iter:[180/192], Time: 0.44, lr: [0.005868687158475447], Loss: 4.056979, Acc:0.503698, Semantic loss: 1.615399, BCE loss: 1.526034, SB loss: 0.915546
2025-03-22 19:49:44,296 Epoch: [8/20] Iter:[190/192], Time: 0.44, lr: [0.005843813975988169], Loss: 4.053292, Acc:0.504606, Semantic loss: 1.610716, BCE loss: 1.529392, SB loss: 0.913184
2025-03-22 19:51:16,811 0 [0.00000000e+00 5.47717389e-02 3.87095612e-02 1.26296714e-03
 2.22031394e-04 1.31167396e-05 6.98024751e-06] 0.013569485080302427
2025-03-22 19:51:16,812 1 [0.         0.05762511 0.10444051 0.00703546 0.         0.
 0.07505682] 0.03487969974954201
2025-03-22 19:51:16,817 => saving checkpoint to output\loveda\pidnet_small_loveda\aug_m_rbcheckpoint.pth.tar
2025-03-22 19:51:16,893 Loss: 45.978, MeanIU:  0.0349, Best_mIoU:  0.0584
2025-03-22 19:51:16,893 [0.         0.05762511 0.10444051 0.00703546 0.         0.
 0.07505682]
2025-03-22 19:51:27,101 Epoch: [9/20] Iter:[0/192], Time: 10.01, lr: [0.0058388379291998025], Loss: 3.881041, Acc:0.577323, Semantic loss: 1.373976, BCE loss: 1.631690, SB loss: 0.875376
2025-03-22 19:51:30,974 Epoch: [9/20] Iter:[10/192], Time: 1.26, lr: [0.0058139506168319475], Loss: 3.876054, Acc:0.522756, Semantic loss: 1.553158, BCE loss: 1.449318, SB loss: 0.873577
2025-03-22 19:51:34,812 Epoch: [9/20] Iter:[20/192], Time: 0.84, lr: [0.005789051461775303], Loss: 3.917291, Acc:0.505302, Semantic loss: 1.586751, BCE loss: 1.453606, SB loss: 0.876933
2025-03-22 19:51:38,668 Epoch: [9/20] Iter:[30/192], Time: 0.70, lr: [0.005764140401744157], Loss: 3.952894, Acc:0.500980, Semantic loss: 1.596627, BCE loss: 1.464630, SB loss: 0.891637
2025-03-22 19:51:42,517 Epoch: [9/20] Iter:[40/192], Time: 0.62, lr: [0.005739217373824397], Loss: 3.974508, Acc:0.501199, Semantic loss: 1.604886, BCE loss: 1.479794, SB loss: 0.889827
2025-03-22 19:51:46,373 Epoch: [9/20] Iter:[50/192], Time: 0.57, lr: [0.005714282314464109], Loss: 4.002261, Acc:0.504123, Semantic loss: 1.597331, BCE loss: 1.523113, SB loss: 0.881818
2025-03-22 19:51:50,229 Epoch: [9/20] Iter:[60/192], Time: 0.54, lr: [0.005689335159463984], Loss: 4.020885, Acc:0.501980, Semantic loss: 1.614370, BCE loss: 1.513212, SB loss: 0.893303
2025-03-22 19:51:54,086 Epoch: [9/20] Iter:[70/192], Time: 0.52, lr: [0.0056643758439675305], Loss: 4.025941, Acc:0.500177, Semantic loss: 1.613965, BCE loss: 1.516348, SB loss: 0.895629
2025-03-22 19:51:57,946 Epoch: [9/20] Iter:[80/192], Time: 0.50, lr: [0.005639404302451105], Loss: 4.007258, Acc:0.505035, Semantic loss: 1.605274, BCE loss: 1.506845, SB loss: 0.895139
2025-03-22 19:52:01,807 Epoch: [9/20] Iter:[90/192], Time: 0.49, lr: [0.005614420468713722], Loss: 4.026922, Acc:0.499166, Semantic loss: 1.619600, BCE loss: 1.508193, SB loss: 0.899128
2025-03-22 19:52:05,670 Epoch: [9/20] Iter:[100/192], Time: 0.48, lr: [0.005589424275866668], Loss: 4.028543, Acc:0.500364, Semantic loss: 1.619819, BCE loss: 1.508938, SB loss: 0.899786
2025-03-22 19:52:09,535 Epoch: [9/20] Iter:[110/192], Time: 0.47, lr: [0.005564415656322913], Loss: 4.032034, Acc:0.501269, Semantic loss: 1.616892, BCE loss: 1.517891, SB loss: 0.897250
2025-03-22 19:52:13,388 Epoch: [9/20] Iter:[120/192], Time: 0.47, lr: [0.00553939454178628], Loss: 4.036752, Acc:0.502965, Semantic loss: 1.611639, BCE loss: 1.529109, SB loss: 0.896004
2025-03-22 19:52:17,257 Epoch: [9/20] Iter:[130/192], Time: 0.46, lr: [0.005514360863240413], Loss: 4.028052, Acc:0.503644, Semantic loss: 1.608714, BCE loss: 1.523695, SB loss: 0.895644
2025-03-22 19:52:21,101 Epoch: [9/20] Iter:[140/192], Time: 0.45, lr: [0.005489314550937511], Loss: 4.020911, Acc:0.506859, Semantic loss: 1.601351, BCE loss: 1.524407, SB loss: 0.895152
2025-03-22 19:52:24,945 Epoch: [9/20] Iter:[150/192], Time: 0.45, lr: [0.005464255534386825], Loss: 4.013450, Acc:0.508554, Semantic loss: 1.595249, BCE loss: 1.523332, SB loss: 0.894869
2025-03-22 19:52:28,824 Epoch: [9/20] Iter:[160/192], Time: 0.45, lr: [0.005439183742342914], Loss: 4.019083, Acc:0.509670, Semantic loss: 1.594928, BCE loss: 1.531122, SB loss: 0.893033
2025-03-22 19:52:32,652 Epoch: [9/20] Iter:[170/192], Time: 0.44, lr: [0.00541409910279366], Loss: 4.016741, Acc:0.509703, Semantic loss: 1.591589, BCE loss: 1.534449, SB loss: 0.890704
2025-03-22 19:52:36,526 Epoch: [9/20] Iter:[180/192], Time: 0.44, lr: [0.005389001542948025], Loss: 4.022231, Acc:0.508831, Semantic loss: 1.594093, BCE loss: 1.535629, SB loss: 0.892510
2025-03-22 19:52:40,358 Epoch: [9/20] Iter:[190/192], Time: 0.44, lr: [0.005363890989223547], Loss: 4.014264, Acc:0.507769, Semantic loss: 1.594667, BCE loss: 1.524634, SB loss: 0.894963
2025-03-22 19:54:13,004 0 [0.00000000e+00 4.17457757e-02 4.70551501e-02 1.07456576e-03
 2.86536308e-04 2.02457863e-03 2.89606154e-06] 0.013169928926562657
2025-03-22 19:54:13,004 1 [0.00000000e+00 1.09056107e-02 2.01333686e-02 8.41221015e-05
 5.90541110e-05 1.70274332e-04 7.09002082e-02] 0.014607519710576113
2025-03-22 19:54:13,010 => saving checkpoint to output\loveda\pidnet_small_loveda\aug_m_rbcheckpoint.pth.tar
2025-03-22 19:54:13,088 Loss: 58.850, MeanIU:  0.0146, Best_mIoU:  0.0584
2025-03-22 19:54:13,088 [0.00000000e+00 1.09056107e-02 2.01333686e-02 8.41221015e-05
 5.90541110e-05 1.70274332e-04 7.09002082e-02]
2025-03-22 19:54:23,240 Epoch: [10/20] Iter:[0/192], Time: 9.96, lr: [0.005358867312681466], Loss: 3.972486, Acc:0.593373, Semantic loss: 1.560997, BCE loss: 1.615520, SB loss: 0.795969
2025-03-22 19:54:27,107 Epoch: [10/20] Iter:[10/192], Time: 1.26, lr: [0.005333741068040314], Loss: 4.131303, Acc:0.527252, Semantic loss: 1.583512, BCE loss: 1.644114, SB loss: 0.903677
2025-03-22 19:54:30,973 Epoch: [10/20] Iter:[20/192], Time: 0.84, lr: [0.0053086016647897714], Loss: 4.125104, Acc:0.523218, Semantic loss: 1.593917, BCE loss: 1.609847, SB loss: 0.921339
2025-03-22 19:54:34,801 Epoch: [10/20] Iter:[30/192], Time: 0.69, lr: [0.005283449026727663], Loss: 4.114096, Acc:0.515654, Semantic loss: 1.583992, BCE loss: 1.621236, SB loss: 0.908869
2025-03-22 19:54:38,658 Epoch: [10/20] Iter:[40/192], Time: 0.62, lr: [0.005258283076804885], Loss: 4.104153, Acc:0.518995, Semantic loss: 1.580409, BCE loss: 1.628173, SB loss: 0.895571
2025-03-22 19:54:42,495 Epoch: [10/20] Iter:[50/192], Time: 0.57, lr: [0.00523310373711144], Loss: 4.057948, Acc:0.517358, Semantic loss: 1.566525, BCE loss: 1.608810, SB loss: 0.882613
2025-03-22 19:54:46,342 Epoch: [10/20] Iter:[60/192], Time: 0.54, lr: [0.005207910928862159], Loss: 4.027134, Acc:0.517278, Semantic loss: 1.556875, BCE loss: 1.593887, SB loss: 0.876372
2025-03-22 19:54:50,212 Epoch: [10/20] Iter:[70/192], Time: 0.52, lr: [0.005182704572382109], Loss: 4.002030, Acc:0.517478, Semantic loss: 1.557445, BCE loss: 1.568445, SB loss: 0.876140
2025-03-22 19:54:54,087 Epoch: [10/20] Iter:[80/192], Time: 0.50, lr: [0.005157484587091684], Loss: 4.007632, Acc:0.519722, Semantic loss: 1.557831, BCE loss: 1.570671, SB loss: 0.879130
2025-03-22 19:54:57,934 Epoch: [10/20] Iter:[90/192], Time: 0.49, lr: [0.005132250891491357], Loss: 3.987704, Acc:0.519252, Semantic loss: 1.553589, BCE loss: 1.560673, SB loss: 0.873442
2025-03-22 19:55:01,795 Epoch: [10/20] Iter:[100/192], Time: 0.48, lr: [0.005107003403146087], Loss: 3.963145, Acc:0.520114, Semantic loss: 1.548156, BCE loss: 1.540355, SB loss: 0.874633
2025-03-22 19:55:05,667 Epoch: [10/20] Iter:[110/192], Time: 0.47, lr: [0.005081742038669388], Loss: 3.981605, Acc:0.518088, Semantic loss: 1.555976, BCE loss: 1.542009, SB loss: 0.883620
2025-03-22 19:55:09,525 Epoch: [10/20] Iter:[120/192], Time: 0.46, lr: [0.005056466713707024], Loss: 3.982677, Acc:0.516736, Semantic loss: 1.562155, BCE loss: 1.530021, SB loss: 0.890501
2025-03-22 19:55:13,378 Epoch: [10/20] Iter:[130/192], Time: 0.46, lr: [0.005031177342920337], Loss: 3.980876, Acc:0.516441, Semantic loss: 1.566972, BCE loss: 1.525289, SB loss: 0.888616
2025-03-22 19:55:17,213 Epoch: [10/20] Iter:[140/192], Time: 0.45, lr: [0.005005873839969192], Loss: 3.980064, Acc:0.515793, Semantic loss: 1.568486, BCE loss: 1.515381, SB loss: 0.896197
2025-03-22 19:55:21,065 Epoch: [10/20] Iter:[150/192], Time: 0.45, lr: [0.00498055611749454], Loss: 3.982688, Acc:0.516677, Semantic loss: 1.568508, BCE loss: 1.516430, SB loss: 0.897750
2025-03-22 19:55:24,903 Epoch: [10/20] Iter:[160/192], Time: 0.44, lr: [0.004955224087100552], Loss: 3.979028, Acc:0.517835, Semantic loss: 1.565508, BCE loss: 1.518122, SB loss: 0.895398
2025-03-22 19:55:28,750 Epoch: [10/20] Iter:[170/192], Time: 0.44, lr: [0.004929877659336362], Loss: 3.979108, Acc:0.519456, Semantic loss: 1.564072, BCE loss: 1.520074, SB loss: 0.894963
2025-03-22 19:55:32,590 Epoch: [10/20] Iter:[180/192], Time: 0.44, lr: [0.004904516743677371], Loss: 3.979664, Acc:0.517779, Semantic loss: 1.566140, BCE loss: 1.516171, SB loss: 0.897353
2025-03-22 19:55:36,421 Epoch: [10/20] Iter:[190/192], Time: 0.44, lr: [0.00487914124850611], Loss: 3.987632, Acc:0.516131, Semantic loss: 1.569761, BCE loss: 1.520781, SB loss: 0.897090
2025-03-22 19:57:08,903 0 [0.00000000e+00 8.41037627e-02 3.44401418e-02 3.60132786e-03
 1.87584871e-04 1.78993533e-04 5.63905681e-06] 0.017502492828913353
2025-03-22 19:57:08,903 1 [0.00000000e+00 7.86435412e-02 8.18655435e-02 8.53345467e-03
 2.12038457e-03 6.61231468e-06 7.54116219e-02] 0.035225879731082654
2025-03-22 19:57:08,908 => saving checkpoint to output\loveda\pidnet_small_loveda\aug_m_rbcheckpoint.pth.tar
2025-03-22 19:57:08,987 Loss: 22.361, MeanIU:  0.0352, Best_mIoU:  0.0584
2025-03-22 19:57:08,987 [0.00000000e+00 7.86435412e-02 8.18655435e-02 8.53345467e-03
 2.12038457e-03 6.61231468e-06 7.54116219e-02]
2025-03-22 19:57:19,194 Epoch: [11/20] Iter:[0/192], Time: 10.01, lr: [0.004874064391789954], Loss: 3.925192, Acc:0.626337, Semantic loss: 1.417038, BCE loss: 1.653982, SB loss: 0.854173
2025-03-22 19:57:23,064 Epoch: [11/20] Iter:[10/192], Time: 1.26, lr: [0.004848671278701159], Loss: 3.881730, Acc:0.554663, Semantic loss: 1.462318, BCE loss: 1.575375, SB loss: 0.844037
2025-03-22 19:57:26,899 Epoch: [11/20] Iter:[20/192], Time: 0.84, lr: [0.0048232633805975296], Loss: 3.945716, Acc:0.531788, Semantic loss: 1.503021, BCE loss: 1.589416, SB loss: 0.853279
2025-03-22 19:57:30,760 Epoch: [11/20] Iter:[30/192], Time: 0.70, lr: [0.00479784060223045], Loss: 3.914574, Acc:0.538712, Semantic loss: 1.517001, BCE loss: 1.534431, SB loss: 0.863142
2025-03-22 19:57:34,637 Epoch: [11/20] Iter:[40/192], Time: 0.62, lr: [0.004772402847172951], Loss: 3.898467, Acc:0.540613, Semantic loss: 1.508626, BCE loss: 1.514402, SB loss: 0.875438
2025-03-22 19:57:38,468 Epoch: [11/20] Iter:[50/192], Time: 0.57, lr: [0.004746950017798064], Loss: 3.890908, Acc:0.543201, Semantic loss: 1.496326, BCE loss: 1.522887, SB loss: 0.871695
2025-03-22 19:57:42,307 Epoch: [11/20] Iter:[60/192], Time: 0.54, lr: [0.004721482015256639], Loss: 3.890939, Acc:0.541835, Semantic loss: 1.498579, BCE loss: 1.516842, SB loss: 0.875518
2025-03-22 19:57:46,174 Epoch: [11/20] Iter:[70/192], Time: 0.52, lr: [0.004695998739454633], Loss: 3.912259, Acc:0.543862, Semantic loss: 1.508911, BCE loss: 1.531516, SB loss: 0.871832
2025-03-22 19:57:49,997 Epoch: [11/20] Iter:[80/192], Time: 0.50, lr: [0.004670500089029817], Loss: 3.910834, Acc:0.542498, Semantic loss: 1.509589, BCE loss: 1.532376, SB loss: 0.868869
2025-03-22 19:57:53,863 Epoch: [11/20] Iter:[90/192], Time: 0.49, lr: [0.004644985961327915], Loss: 3.920559, Acc:0.535336, Semantic loss: 1.529880, BCE loss: 1.512650, SB loss: 0.878029
2025-03-22 19:57:57,716 Epoch: [11/20] Iter:[100/192], Time: 0.48, lr: [0.004619456252378151], Loss: 3.937443, Acc:0.532598, Semantic loss: 1.541175, BCE loss: 1.515935, SB loss: 0.880333
2025-03-22 19:58:01,586 Epoch: [11/20] Iter:[110/192], Time: 0.47, lr: [0.004593910856868159], Loss: 3.937954, Acc:0.531721, Semantic loss: 1.542398, BCE loss: 1.512609, SB loss: 0.882947
2025-03-22 19:58:05,435 Epoch: [11/20] Iter:[120/192], Time: 0.46, lr: [0.004568349668118281], Loss: 3.935307, Acc:0.531434, Semantic loss: 1.539194, BCE loss: 1.511746, SB loss: 0.884367
2025-03-22 19:58:09,275 Epoch: [11/20] Iter:[130/192], Time: 0.46, lr: [0.004542772578055196], Loss: 3.945696, Acc:0.528055, Semantic loss: 1.545604, BCE loss: 1.513347, SB loss: 0.886745
2025-03-22 19:58:13,154 Epoch: [11/20] Iter:[140/192], Time: 0.45, lr: [0.00451717947718487], Loss: 3.946044, Acc:0.528716, Semantic loss: 1.542150, BCE loss: 1.522178, SB loss: 0.881717
2025-03-22 19:58:17,003 Epoch: [11/20] Iter:[150/192], Time: 0.45, lr: [0.004491570254564817], Loss: 3.954587, Acc:0.526503, Semantic loss: 1.547315, BCE loss: 1.518804, SB loss: 0.888468
2025-03-22 19:58:20,846 Epoch: [11/20] Iter:[160/192], Time: 0.45, lr: [0.004465944797775636], Loss: 3.955516, Acc:0.526650, Semantic loss: 1.546218, BCE loss: 1.518901, SB loss: 0.890397
2025-03-22 19:58:24,700 Epoch: [11/20] Iter:[170/192], Time: 0.44, lr: [0.004440302992891796], Loss: 3.960090, Acc:0.525685, Semantic loss: 1.548715, BCE loss: 1.521831, SB loss: 0.889544
2025-03-22 19:58:28,541 Epoch: [11/20] Iter:[180/192], Time: 0.44, lr: [0.004414644724451659], Loss: 3.964656, Acc:0.524068, Semantic loss: 1.552132, BCE loss: 1.522239, SB loss: 0.890285
2025-03-22 19:58:32,375 Epoch: [11/20] Iter:[190/192], Time: 0.44, lr: [0.004388969875426714], Loss: 3.962486, Acc:0.523303, Semantic loss: 1.553774, BCE loss: 1.517900, SB loss: 0.890813
2025-03-22 20:00:04,678 0 [0.00000000e+00 3.90223161e-02 5.28179069e-02 5.52336093e-03
 6.58424728e-04 8.37544425e-05 7.19550266e-07] 0.014015211807827633
2025-03-22 20:00:04,679 1 [0.00000000e+00 1.05313898e-02 5.37984453e-02 2.83026190e-03
 2.33500085e-03 3.29155762e-03 1.94174931e-07] 0.010398121385843171
2025-03-22 20:00:04,685 => saving checkpoint to output\loveda\pidnet_small_loveda\aug_m_rbcheckpoint.pth.tar
2025-03-22 20:00:04,763 Loss: 11.117, MeanIU:  0.0104, Best_mIoU:  0.0584
2025-03-22 20:00:04,763 [0.00000000e+00 1.05313898e-02 5.37984453e-02 2.83026190e-03
 2.33500085e-03 3.29155762e-03 1.94174931e-07]
2025-03-22 20:00:14,919 Epoch: [12/20] Iter:[0/192], Time: 9.96, lr: [0.0043838329055408696], Loss: 3.947182, Acc:0.638430, Semantic loss: 1.341594, BCE loss: 1.692203, SB loss: 0.913385
2025-03-22 20:00:18,769 Epoch: [12/20] Iter:[10/192], Time: 1.26, lr: [0.004358138003083593], Loss: 3.941938, Acc:0.543609, Semantic loss: 1.462813, BCE loss: 1.659479, SB loss: 0.819646
2025-03-22 20:00:22,599 Epoch: [12/20] Iter:[20/192], Time: 0.84, lr: [0.0043324262569064236], Loss: 4.009284, Acc:0.523030, Semantic loss: 1.541176, BCE loss: 1.598085, SB loss: 0.870023
2025-03-22 20:00:26,464 Epoch: [12/20] Iter:[30/192], Time: 0.69, lr: [0.0043066975447503065], Loss: 3.975085, Acc:0.517870, Semantic loss: 1.552004, BCE loss: 1.549083, SB loss: 0.873999
2025-03-22 20:00:30,326 Epoch: [12/20] Iter:[40/192], Time: 0.62, lr: [0.00428095174265078], Loss: 3.962643, Acc:0.526018, Semantic loss: 1.548048, BCE loss: 1.557368, SB loss: 0.857227
2025-03-22 20:00:34,180 Epoch: [12/20] Iter:[50/192], Time: 0.57, lr: [0.004255188724902623], Loss: 3.976328, Acc:0.523769, Semantic loss: 1.549521, BCE loss: 1.564334, SB loss: 0.862473
2025-03-22 20:00:38,038 Epoch: [12/20] Iter:[60/192], Time: 0.54, lr: [0.004229408364023519], Loss: 3.984086, Acc:0.529632, Semantic loss: 1.546265, BCE loss: 1.575027, SB loss: 0.862794
2025-03-22 20:00:41,890 Epoch: [12/20] Iter:[70/192], Time: 0.52, lr: [0.004203610530716726], Loss: 3.978376, Acc:0.528273, Semantic loss: 1.545892, BCE loss: 1.559918, SB loss: 0.872567
2025-03-22 20:00:45,746 Epoch: [12/20] Iter:[80/192], Time: 0.50, lr: [0.004177795093832693], Loss: 3.975972, Acc:0.528335, Semantic loss: 1.548538, BCE loss: 1.557725, SB loss: 0.869710
2025-03-22 20:00:49,592 Epoch: [12/20] Iter:[90/192], Time: 0.49, lr: [0.004151961920329593], Loss: 3.957944, Acc:0.527493, Semantic loss: 1.550517, BCE loss: 1.542673, SB loss: 0.864755
2025-03-22 20:00:53,471 Epoch: [12/20] Iter:[100/192], Time: 0.48, lr: [0.004126110875232744], Loss: 3.965124, Acc:0.529362, Semantic loss: 1.548529, BCE loss: 1.549668, SB loss: 0.866927
2025-03-22 20:00:57,311 Epoch: [12/20] Iter:[110/192], Time: 0.47, lr: [0.004100241821592866], Loss: 3.956889, Acc:0.527901, Semantic loss: 1.546480, BCE loss: 1.539302, SB loss: 0.871107
2025-03-22 20:01:01,175 Epoch: [12/20] Iter:[120/192], Time: 0.46, lr: [0.00407435462044314], Loss: 3.950736, Acc:0.529483, Semantic loss: 1.540489, BCE loss: 1.539367, SB loss: 0.870880
2025-03-22 20:01:05,019 Epoch: [12/20] Iter:[130/192], Time: 0.46, lr: [0.004048449130755016], Loss: 3.943701, Acc:0.529476, Semantic loss: 1.536298, BCE loss: 1.540282, SB loss: 0.867121
2025-03-22 20:01:08,885 Epoch: [12/20] Iter:[140/192], Time: 0.45, lr: [0.004022525209392749], Loss: 3.942647, Acc:0.530416, Semantic loss: 1.533031, BCE loss: 1.543315, SB loss: 0.866301
2025-03-22 20:01:12,737 Epoch: [12/20] Iter:[150/192], Time: 0.45, lr: [0.003996582711066572], Loss: 3.935069, Acc:0.530688, Semantic loss: 1.526582, BCE loss: 1.541682, SB loss: 0.866805
2025-03-22 20:01:16,566 Epoch: [12/20] Iter:[160/192], Time: 0.44, lr: [0.003970621488284514], Loss: 3.933134, Acc:0.530074, Semantic loss: 1.526526, BCE loss: 1.533950, SB loss: 0.872658
2025-03-22 20:01:20,416 Epoch: [12/20] Iter:[170/192], Time: 0.44, lr: [0.003944641391302759], Loss: 3.929089, Acc:0.529102, Semantic loss: 1.526261, BCE loss: 1.528148, SB loss: 0.874679
2025-03-22 20:01:24,250 Epoch: [12/20] Iter:[180/192], Time: 0.44, lr: [0.003918642268074522], Loss: 3.923562, Acc:0.528288, Semantic loss: 1.529362, BCE loss: 1.516072, SB loss: 0.878127
2025-03-22 20:01:28,089 Epoch: [12/20] Iter:[190/192], Time: 0.44, lr: [0.003892623964197378], Loss: 3.929385, Acc:0.527555, Semantic loss: 1.532510, BCE loss: 1.515945, SB loss: 0.880929
2025-03-22 20:03:00,453 0 [0.00000000e+00 2.73262515e-02 5.15755271e-02 3.71525958e-03
 4.15066328e-03 8.60983218e-04 3.11153259e-07] 0.012518427975595227
2025-03-22 20:03:00,453 1 [0.         0.03030608 0.06130354 0.01178477 0.00020407 0.00067616
 0.06497406] 0.024178382893138728
2025-03-22 20:03:00,459 => saving checkpoint to output\loveda\pidnet_small_loveda\aug_m_rbcheckpoint.pth.tar
2025-03-22 20:03:00,547 Loss: 24.748, MeanIU:  0.0242, Best_mIoU:  0.0584
2025-03-22 20:03:00,547 [0.         0.03030608 0.06130354 0.01178477 0.00020407 0.00067616
 0.06497406]
2025-03-22 20:03:10,646 Epoch: [13/20] Iter:[0/192], Time: 9.90, lr: [0.0038874179879876346], Loss: 4.018193, Acc:0.597351, Semantic loss: 1.385234, BCE loss: 1.871257, SB loss: 0.761703
2025-03-22 20:03:14,501 Epoch: [13/20] Iter:[10/192], Time: 1.25, lr: [0.003861376460123532], Loss: 4.020367, Acc:0.531626, Semantic loss: 1.501417, BCE loss: 1.629491, SB loss: 0.889459
2025-03-22 20:03:18,363 Epoch: [13/20] Iter:[20/192], Time: 0.84, lr: [0.003835315403363414], Loss: 4.033651, Acc:0.520631, Semantic loss: 1.567859, BCE loss: 1.563035, SB loss: 0.902757
2025-03-22 20:03:22,209 Epoch: [13/20] Iter:[30/192], Time: 0.69, lr: [0.00380923465539378], Loss: 3.974913, Acc:0.526931, Semantic loss: 1.540906, BCE loss: 1.535213, SB loss: 0.898794
2025-03-22 20:03:26,050 Epoch: [13/20] Iter:[40/192], Time: 0.62, lr: [0.0037831340513060203], Loss: 3.962017, Acc:0.530101, Semantic loss: 1.527897, BCE loss: 1.545894, SB loss: 0.888226
2025-03-22 20:03:29,919 Epoch: [13/20] Iter:[50/192], Time: 0.57, lr: [0.003757013423534689], Loss: 3.954909, Acc:0.537662, Semantic loss: 1.515808, BCE loss: 1.554603, SB loss: 0.884499
2025-03-22 20:03:33,768 Epoch: [13/20] Iter:[60/192], Time: 0.54, lr: [0.003730872601793835], Loss: 3.948480, Acc:0.534915, Semantic loss: 1.511649, BCE loss: 1.555906, SB loss: 0.880926
2025-03-22 20:03:37,605 Epoch: [13/20] Iter:[70/192], Time: 0.52, lr: [0.0037047114130112895], Loss: 3.923710, Acc:0.536471, Semantic loss: 1.504012, BCE loss: 1.540698, SB loss: 0.878999
2025-03-22 20:03:41,446 Epoch: [13/20] Iter:[80/192], Time: 0.50, lr: [0.0036785296812608405], Loss: 3.935036, Acc:0.530201, Semantic loss: 1.532234, BCE loss: 1.515244, SB loss: 0.887558
2025-03-22 20:03:45,282 Epoch: [13/20] Iter:[90/192], Time: 0.49, lr: [0.003652327227692201], Loss: 3.947615, Acc:0.528644, Semantic loss: 1.535425, BCE loss: 1.526973, SB loss: 0.885217
2025-03-22 20:03:49,119 Epoch: [13/20] Iter:[100/192], Time: 0.48, lr: [0.0036261038704587037], Loss: 3.956842, Acc:0.526578, Semantic loss: 1.534224, BCE loss: 1.539104, SB loss: 0.883515
2025-03-22 20:03:52,985 Epoch: [13/20] Iter:[110/192], Time: 0.47, lr: [0.003599859424642584], Loss: 3.966095, Acc:0.524712, Semantic loss: 1.540364, BCE loss: 1.543903, SB loss: 0.881828
2025-03-22 20:03:56,837 Epoch: [13/20] Iter:[120/192], Time: 0.46, lr: [0.0035735937021778063], Loss: 3.953689, Acc:0.525727, Semantic loss: 1.537651, BCE loss: 1.538232, SB loss: 0.877806
2025-03-22 20:04:00,700 Epoch: [13/20] Iter:[130/192], Time: 0.46, lr: [0.0035473065117702885], Loss: 3.942648, Acc:0.527134, Semantic loss: 1.534636, BCE loss: 1.532000, SB loss: 0.876013
2025-03-22 20:04:04,553 Epoch: [13/20] Iter:[140/192], Time: 0.45, lr: [0.003520997658815433], Loss: 3.930812, Acc:0.527709, Semantic loss: 1.531506, BCE loss: 1.525677, SB loss: 0.873629
2025-03-22 20:04:08,417 Epoch: [13/20] Iter:[150/192], Time: 0.45, lr: [0.003494666945312851], Loss: 3.922893, Acc:0.527449, Semantic loss: 1.531941, BCE loss: 1.518059, SB loss: 0.872893
2025-03-22 20:04:12,276 Epoch: [13/20] Iter:[160/192], Time: 0.44, lr: [0.00346831416977816], Loss: 3.914140, Acc:0.527039, Semantic loss: 1.532497, BCE loss: 1.510213, SB loss: 0.871431
2025-03-22 20:04:16,166 Epoch: [13/20] Iter:[170/192], Time: 0.44, lr: [0.003441939127151716], Loss: 3.909716, Acc:0.529337, Semantic loss: 1.527211, BCE loss: 1.511991, SB loss: 0.870513
2025-03-22 20:04:20,034 Epoch: [13/20] Iter:[180/192], Time: 0.44, lr: [0.0034155416087041646], Loss: 3.902049, Acc:0.531164, Semantic loss: 1.522207, BCE loss: 1.511270, SB loss: 0.868572
2025-03-22 20:04:23,868 Epoch: [13/20] Iter:[190/192], Time: 0.44, lr: [0.0033891214019386652], Loss: 3.897272, Acc:0.531230, Semantic loss: 1.518596, BCE loss: 1.511257, SB loss: 0.867420
2025-03-22 20:05:56,279 0 [0.00000000e+00 2.97712233e-02 5.27374527e-02 3.36086735e-03
 1.87583664e-03 2.77189993e-04 3.22817344e-06] 0.0125751140232716
2025-03-22 20:05:56,280 1 [0.         0.0233093  0.06007683 0.00317223 0.         0.00313391
 0.06791742] 0.02251567027531139
2025-03-22 20:05:56,285 => saving checkpoint to output\loveda\pidnet_small_loveda\aug_m_rbcheckpoint.pth.tar
2025-03-22 20:05:56,361 Loss: 23.241, MeanIU:  0.0225, Best_mIoU:  0.0584
2025-03-22 20:05:56,361 [0.         0.0233093  0.06007683 0.00317223 0.         0.00313391
 0.06791742]
2025-03-22 20:06:06,590 Epoch: [14/20] Iter:[0/192], Time: 10.04, lr: [0.0033838346190164987], Loss: 4.024595, Acc:0.602719, Semantic loss: 1.362359, BCE loss: 1.710068, SB loss: 0.952167
2025-03-22 20:06:10,456 Epoch: [14/20] Iter:[10/192], Time: 1.26, lr: [0.0033573869003190927], Loss: 3.902400, Acc:0.553546, Semantic loss: 1.455767, BCE loss: 1.603855, SB loss: 0.842777
2025-03-22 20:06:14,312 Epoch: [14/20] Iter:[20/192], Time: 0.85, lr: [0.0033309160120447595], Loss: 3.864127, Acc:0.551010, Semantic loss: 1.467357, BCE loss: 1.543317, SB loss: 0.853454
2025-03-22 20:06:18,155 Epoch: [14/20] Iter:[30/192], Time: 0.70, lr: [0.0033044217289421207], Loss: 3.824846, Acc:0.549408, Semantic loss: 1.474443, BCE loss: 1.501373, SB loss: 0.849030
2025-03-22 20:06:22,010 Epoch: [14/20] Iter:[40/192], Time: 0.62, lr: [0.0032779038215418194], Loss: 3.823767, Acc:0.553200, Semantic loss: 1.467458, BCE loss: 1.512720, SB loss: 0.843589
2025-03-22 20:06:25,835 Epoch: [14/20] Iter:[50/192], Time: 0.57, lr: [0.0032513620560388795], Loss: 3.838165, Acc:0.544182, Semantic loss: 1.469112, BCE loss: 1.527418, SB loss: 0.841635
2025-03-22 20:06:29,702 Epoch: [14/20] Iter:[60/192], Time: 0.54, lr: [0.003224796194170671], Loss: 3.823692, Acc:0.548427, Semantic loss: 1.460424, BCE loss: 1.526530, SB loss: 0.836738
2025-03-22 20:06:33,556 Epoch: [14/20] Iter:[70/192], Time: 0.52, lr: [0.003198205993090303], Loss: 3.809608, Acc:0.544404, Semantic loss: 1.464389, BCE loss: 1.506661, SB loss: 0.838558
2025-03-22 20:06:37,412 Epoch: [14/20] Iter:[80/192], Time: 0.50, lr: [0.0031715912052352204], Loss: 3.810159, Acc:0.546702, Semantic loss: 1.462522, BCE loss: 1.516111, SB loss: 0.831526
2025-03-22 20:06:41,281 Epoch: [14/20] Iter:[90/192], Time: 0.49, lr: [0.0031449515781907557], Loss: 3.808705, Acc:0.548073, Semantic loss: 1.465319, BCE loss: 1.510792, SB loss: 0.832594
2025-03-22 20:06:45,143 Epoch: [14/20] Iter:[100/192], Time: 0.48, lr: [0.003118286854548424], Loss: 3.816148, Acc:0.546314, Semantic loss: 1.473468, BCE loss: 1.508639, SB loss: 0.834040
2025-03-22 20:06:48,986 Epoch: [14/20] Iter:[110/192], Time: 0.47, lr: [0.003091596771758693], Loss: 3.820173, Acc:0.548621, Semantic loss: 1.469807, BCE loss: 1.519382, SB loss: 0.830985
2025-03-22 20:06:52,842 Epoch: [14/20] Iter:[120/192], Time: 0.47, lr: [0.0030648810619779434], Loss: 3.840642, Acc:0.547893, Semantic loss: 1.475645, BCE loss: 1.527553, SB loss: 0.837445
2025-03-22 20:06:56,670 Epoch: [14/20] Iter:[130/192], Time: 0.46, lr: [0.0030381394519093602], Loss: 3.831423, Acc:0.544963, Semantic loss: 1.474383, BCE loss: 1.518036, SB loss: 0.839004
2025-03-22 20:07:00,533 Epoch: [14/20] Iter:[140/192], Time: 0.45, lr: [0.003011371662637431], Loss: 3.831158, Acc:0.544875, Semantic loss: 1.477540, BCE loss: 1.510808, SB loss: 0.842810
2025-03-22 20:07:04,388 Epoch: [14/20] Iter:[150/192], Time: 0.45, lr: [0.0029845774094557345], Loss: 3.838198, Acc:0.543790, Semantic loss: 1.479415, BCE loss: 1.514078, SB loss: 0.844706
2025-03-22 20:07:08,249 Epoch: [14/20] Iter:[160/192], Time: 0.45, lr: [0.002957756401687678], Loss: 3.835203, Acc:0.544214, Semantic loss: 1.481496, BCE loss: 1.508794, SB loss: 0.844913
2025-03-22 20:07:12,110 Epoch: [14/20] Iter:[170/192], Time: 0.44, lr: [0.002930908342499829], Loss: 3.838774, Acc:0.544755, Semantic loss: 1.482017, BCE loss: 1.512579, SB loss: 0.844178
2025-03-22 20:07:15,946 Epoch: [14/20] Iter:[180/192], Time: 0.44, lr: [0.002904032928707437], Loss: 3.846293, Acc:0.543172, Semantic loss: 1.488995, BCE loss: 1.510218, SB loss: 0.847079
2025-03-22 20:07:19,770 Epoch: [14/20] Iter:[190/192], Time: 0.44, lr: [0.0028771298505717554], Loss: 3.860435, Acc:0.540372, Semantic loss: 1.497746, BCE loss: 1.505936, SB loss: 0.856753
2025-03-22 20:08:52,169 0 [0.00000000e+00 6.67400581e-02 4.71158015e-02 5.34022878e-03
 1.32036183e-03 1.81635650e-03 1.03069978e-06] 0.017476262492327525
2025-03-22 20:08:52,170 1 [0.         0.01671432 0.08629739 0.00034147 0.00093739 0.00063815
 0.07524349] 0.02573888803465186
2025-03-22 20:08:52,175 => saving checkpoint to output\loveda\pidnet_small_loveda\aug_m_rbcheckpoint.pth.tar
2025-03-22 20:08:52,255 Loss: 38.387, MeanIU:  0.0257, Best_mIoU:  0.0584
2025-03-22 20:08:52,255 [0.         0.01671432 0.08629739 0.00034147 0.00093739 0.00063815
 0.07524349]
2025-03-22 20:09:02,511 Epoch: [15/20] Iter:[0/192], Time: 10.06, lr: [0.0028717458874925874], Loss: 3.615221, Acc:0.526301, Semantic loss: 1.316867, BCE loss: 1.529478, SB loss: 0.768875
2025-03-22 20:09:06,372 Epoch: [15/20] Iter:[10/192], Time: 1.27, lr: [0.0028448091937488323], Loss: 3.850668, Acc:0.523636, Semantic loss: 1.570875, BCE loss: 1.403875, SB loss: 0.875918
2025-03-22 20:09:10,222 Epoch: [15/20] Iter:[20/192], Time: 0.85, lr: [0.002817844130111582], Loss: 3.905520, Acc:0.536699, Semantic loss: 1.548525, BCE loss: 1.460837, SB loss: 0.896159
2025-03-22 20:09:14,076 Epoch: [15/20] Iter:[30/192], Time: 0.70, lr: [0.0027908503644035994], Loss: 3.957998, Acc:0.537601, Semantic loss: 1.556097, BCE loss: 1.517833, SB loss: 0.884069
2025-03-22 20:09:17,914 Epoch: [15/20] Iter:[40/192], Time: 0.62, lr: [0.0027638275569424097], Loss: 3.943010, Acc:0.530965, Semantic loss: 1.559488, BCE loss: 1.502347, SB loss: 0.881175
2025-03-22 20:09:21,757 Epoch: [15/20] Iter:[50/192], Time: 0.57, lr: [0.002736775360287257], Loss: 3.874080, Acc:0.533723, Semantic loss: 1.536210, BCE loss: 1.466578, SB loss: 0.871292
2025-03-22 20:09:25,613 Epoch: [15/20] Iter:[60/192], Time: 0.54, lr: [0.002709693418974644], Loss: 3.871076, Acc:0.537858, Semantic loss: 1.529352, BCE loss: 1.473307, SB loss: 0.868417
2025-03-22 20:09:29,439 Epoch: [15/20] Iter:[70/192], Time: 0.52, lr: [0.0026825813692418162], Loss: 3.837325, Acc:0.541667, Semantic loss: 1.510457, BCE loss: 1.459801, SB loss: 0.867067
2025-03-22 20:09:33,300 Epoch: [15/20] Iter:[80/192], Time: 0.50, lr: [0.0026554388387375], Loss: 3.845120, Acc:0.541590, Semantic loss: 1.514409, BCE loss: 1.465707, SB loss: 0.865003
2025-03-22 20:09:37,175 Epoch: [15/20] Iter:[90/192], Time: 0.49, lr: [0.002628265446219161], Loss: 3.833257, Acc:0.544473, Semantic loss: 1.505387, BCE loss: 1.467294, SB loss: 0.860577
2025-03-22 20:09:41,030 Epoch: [15/20] Iter:[100/192], Time: 0.48, lr: [0.002601060801235972], Loss: 3.836339, Acc:0.544364, Semantic loss: 1.506004, BCE loss: 1.470069, SB loss: 0.860266
2025-03-22 20:09:44,859 Epoch: [15/20] Iter:[110/192], Time: 0.47, lr: [0.002573824503796671], Loss: 3.835595, Acc:0.543352, Semantic loss: 1.499206, BCE loss: 1.482514, SB loss: 0.853875
2025-03-22 20:09:48,690 Epoch: [15/20] Iter:[120/192], Time: 0.46, lr: [0.00254655614402138], Loss: 3.838558, Acc:0.543037, Semantic loss: 1.494081, BCE loss: 1.491104, SB loss: 0.853372
2025-03-22 20:09:52,546 Epoch: [15/20] Iter:[130/192], Time: 0.46, lr: [0.0025192553017764118], Loss: 3.830833, Acc:0.543344, Semantic loss: 1.490755, BCE loss: 1.490224, SB loss: 0.849854
2025-03-22 20:09:56,403 Epoch: [15/20] Iter:[140/192], Time: 0.45, lr: [0.002491921546291034], Loss: 3.830438, Acc:0.543693, Semantic loss: 1.485207, BCE loss: 1.498885, SB loss: 0.846346
2025-03-22 20:10:00,257 Epoch: [15/20] Iter:[150/192], Time: 0.45, lr: [0.0024645544357550573], Loss: 3.838446, Acc:0.542672, Semantic loss: 1.488788, BCE loss: 1.499742, SB loss: 0.849916
2025-03-22 20:10:04,124 Epoch: [15/20] Iter:[160/192], Time: 0.45, lr: [0.002437153516896028], Loss: 3.841325, Acc:0.540497, Semantic loss: 1.493208, BCE loss: 1.494463, SB loss: 0.853654
2025-03-22 20:10:07,983 Epoch: [15/20] Iter:[170/192], Time: 0.44, lr: [0.0024097183245347467], Loss: 3.847212, Acc:0.542036, Semantic loss: 1.490605, BCE loss: 1.503856, SB loss: 0.852750
2025-03-22 20:10:11,845 Epoch: [15/20] Iter:[180/192], Time: 0.44, lr: [0.0023822483811177], Loss: 3.839877, Acc:0.545053, Semantic loss: 1.484137, BCE loss: 1.507311, SB loss: 0.848428
2025-03-22 20:10:15,686 Epoch: [15/20] Iter:[190/192], Time: 0.44, lr: [0.002354743196224891], Loss: 3.843978, Acc:0.543703, Semantic loss: 1.486943, BCE loss: 1.507330, SB loss: 0.849705
2025-03-22 20:11:48,278 0 [0.00000000e+00 5.33586412e-02 5.16951648e-02 1.77649925e-02
 1.41650837e-03 2.12281005e-03 1.12792524e-06] 0.018051320698673247
2025-03-22 20:11:48,278 1 [0.         0.04323194 0.05008436 0.02364206 0.00876087 0.00593041
 0.02133496] 0.021854944433847858
2025-03-22 20:11:48,284 => saving checkpoint to output\loveda\pidnet_small_loveda\aug_m_rbcheckpoint.pth.tar
2025-03-22 20:11:48,362 Loss: 9.352, MeanIU:  0.0219, Best_mIoU:  0.0584
2025-03-22 20:11:48,363 [0.         0.04323194 0.05008436 0.02364206 0.00876087 0.00593041
 0.02133496]
2025-03-22 20:11:58,644 Epoch: [16/20] Iter:[0/192], Time: 10.09, lr: [0.0023492378861760376], Loss: 3.899298, Acc:0.590497, Semantic loss: 1.415267, BCE loss: 1.713025, SB loss: 0.771006
2025-03-22 20:12:02,521 Epoch: [16/20] Iter:[10/192], Time: 1.27, lr: [0.0023216897452738748], Loss: 3.730267, Acc:0.571123, Semantic loss: 1.416563, BCE loss: 1.508650, SB loss: 0.805054
2025-03-22 20:12:06,365 Epoch: [16/20] Iter:[20/192], Time: 0.85, lr: [0.0022941052360858027], Loss: 3.674741, Acc:0.572651, Semantic loss: 1.414757, BCE loss: 1.444823, SB loss: 0.815161
2025-03-22 20:12:10,220 Epoch: [16/20] Iter:[30/192], Time: 0.70, lr: [0.0022664838233947228], Loss: 3.753973, Acc:0.564916, Semantic loss: 1.451262, BCE loss: 1.480178, SB loss: 0.822532
2025-03-22 20:12:14,059 Epoch: [16/20] Iter:[40/192], Time: 0.62, lr: [0.0022388249567421017], Loss: 3.766652, Acc:0.561925, Semantic loss: 1.446905, BCE loss: 1.511184, SB loss: 0.808562
2025-03-22 20:12:17,903 Epoch: [16/20] Iter:[50/192], Time: 0.58, lr: [0.002211128069778427], Loss: 3.763098, Acc:0.558237, Semantic loss: 1.447321, BCE loss: 1.502893, SB loss: 0.812884
2025-03-22 20:12:21,742 Epoch: [16/20] Iter:[60/192], Time: 0.54, lr: [0.0021833925795765436], Loss: 3.795806, Acc:0.556254, Semantic loss: 1.452054, BCE loss: 1.524035, SB loss: 0.819716
2025-03-22 20:12:25,585 Epoch: [16/20] Iter:[70/192], Time: 0.52, lr: [0.0021556178859051967], Loss: 3.791023, Acc:0.555924, Semantic loss: 1.451441, BCE loss: 1.525248, SB loss: 0.814334
2025-03-22 20:12:29,438 Epoch: [16/20] Iter:[80/192], Time: 0.50, lr: [0.002127803370459852], Loss: 3.800004, Acc:0.554995, Semantic loss: 1.449645, BCE loss: 1.534548, SB loss: 0.815810
2025-03-22 20:12:33,282 Epoch: [16/20] Iter:[90/192], Time: 0.49, lr: [0.0020999483960476508], Loss: 3.768145, Acc:0.556926, Semantic loss: 1.440168, BCE loss: 1.515186, SB loss: 0.812791
2025-03-22 20:12:37,146 Epoch: [16/20] Iter:[100/192], Time: 0.48, lr: [0.0020720523057230294], Loss: 3.787216, Acc:0.557490, Semantic loss: 1.445665, BCE loss: 1.531237, SB loss: 0.810313
2025-03-22 20:12:41,009 Epoch: [16/20] Iter:[110/192], Time: 0.47, lr: [0.002044114421870228], Loss: 3.791505, Acc:0.557034, Semantic loss: 1.445435, BCE loss: 1.533283, SB loss: 0.812787
2025-03-22 20:12:44,866 Epoch: [16/20] Iter:[120/192], Time: 0.47, lr: [0.0020161340452285867], Loss: 3.787130, Acc:0.559720, Semantic loss: 1.443889, BCE loss: 1.530670, SB loss: 0.812571
2025-03-22 20:12:48,696 Epoch: [16/20] Iter:[130/192], Time: 0.46, lr: [0.001988110453856112], Loss: 3.782287, Acc:0.556000, Semantic loss: 1.448060, BCE loss: 1.517637, SB loss: 0.816591
2025-03-22 20:12:52,553 Epoch: [16/20] Iter:[140/192], Time: 0.45, lr: [0.0019600429020263607], Loss: 3.792936, Acc:0.554484, Semantic loss: 1.452531, BCE loss: 1.520518, SB loss: 0.819887
2025-03-22 20:12:56,415 Epoch: [16/20] Iter:[150/192], Time: 0.45, lr: [0.0019319306190532476], Loss: 3.794468, Acc:0.553784, Semantic loss: 1.452887, BCE loss: 1.522859, SB loss: 0.818723
2025-03-22 20:13:00,272 Epoch: [16/20] Iter:[160/192], Time: 0.45, lr: [0.0019037728080378042], Loss: 3.799708, Acc:0.551747, Semantic loss: 1.460459, BCE loss: 1.516035, SB loss: 0.823213
2025-03-22 20:13:04,111 Epoch: [16/20] Iter:[170/192], Time: 0.44, lr: [0.0018755686445303314], Loss: 3.787966, Acc:0.552659, Semantic loss: 1.459496, BCE loss: 1.505887, SB loss: 0.822583
2025-03-22 20:13:07,962 Epoch: [16/20] Iter:[180/192], Time: 0.44, lr: [0.001847317275100738], Loss: 3.795189, Acc:0.550953, Semantic loss: 1.463040, BCE loss: 1.508263, SB loss: 0.823886
2025-03-22 20:13:11,830 Epoch: [16/20] Iter:[190/192], Time: 0.44, lr: [0.0018190178158090872], Loss: 3.800589, Acc:0.550110, Semantic loss: 1.467752, BCE loss: 1.507181, SB loss: 0.825656
2025-03-22 20:14:44,307 0 [0.00000000e+00 5.40489125e-02 4.20962599e-02 1.27372529e-02
 7.12890902e-03 1.92300982e-03 5.63957967e-07] 0.016847844024449037
2025-03-22 20:14:44,307 1 [0.         0.04806735 0.08120495 0.00810339 0.00101771 0.0005131
 0.07243479] 0.030191612324456878
2025-03-22 20:14:44,313 => saving checkpoint to output\loveda\pidnet_small_loveda\aug_m_rbcheckpoint.pth.tar
2025-03-22 20:14:44,393 Loss: 17.914, MeanIU:  0.0302, Best_mIoU:  0.0584
2025-03-22 20:14:44,393 [0.         0.04806735 0.08120495 0.00810339 0.00101771 0.0005131
 0.07243479]
2025-03-22 20:14:54,608 Epoch: [17/20] Iter:[0/192], Time: 10.02, lr: [0.0018133520731367456], Loss: 4.040217, Acc:0.542075, Semantic loss: 1.433990, BCE loss: 1.742076, SB loss: 0.864152
2025-03-22 20:14:58,467 Epoch: [17/20] Iter:[10/192], Time: 1.26, lr: [0.001784993693823396], Loss: 3.822469, Acc:0.525816, Semantic loss: 1.441561, BCE loss: 1.563093, SB loss: 0.817815
2025-03-22 20:15:02,319 Epoch: [17/20] Iter:[20/192], Time: 0.84, lr: [0.0017565851643374117], Loss: 3.796699, Acc:0.545995, Semantic loss: 1.431547, BCE loss: 1.539294, SB loss: 0.825858
2025-03-22 20:15:06,169 Epoch: [17/20] Iter:[30/192], Time: 0.70, lr: [0.0017281254915000803], Loss: 3.849732, Acc:0.538951, Semantic loss: 1.469120, BCE loss: 1.527798, SB loss: 0.852814
2025-03-22 20:15:10,013 Epoch: [17/20] Iter:[40/192], Time: 0.62, lr: [0.0016996136438923032], Loss: 3.816534, Acc:0.540024, Semantic loss: 1.466291, BCE loss: 1.512176, SB loss: 0.838067
2025-03-22 20:15:13,854 Epoch: [17/20] Iter:[50/192], Time: 0.57, lr: [0.0016710485496403851], Loss: 3.824955, Acc:0.538412, Semantic loss: 1.475630, BCE loss: 1.504800, SB loss: 0.844525
2025-03-22 20:15:17,710 Epoch: [17/20] Iter:[60/192], Time: 0.54, lr: [0.0016424290940290059], Loss: 3.797261, Acc:0.546972, Semantic loss: 1.466218, BCE loss: 1.502627, SB loss: 0.828417
2025-03-22 20:15:21,539 Epoch: [17/20] Iter:[70/192], Time: 0.52, lr: [0.0016137541169242962], Loss: 3.762601, Acc:0.551312, Semantic loss: 1.457088, BCE loss: 1.474718, SB loss: 0.830795
2025-03-22 20:15:25,412 Epoch: [17/20] Iter:[80/192], Time: 0.50, lr: [0.0015850224099878446], Loss: 3.778004, Acc:0.552434, Semantic loss: 1.456040, BCE loss: 1.489063, SB loss: 0.832901
2025-03-22 20:15:29,269 Epoch: [17/20] Iter:[90/192], Time: 0.49, lr: [0.001556232713660091], Loss: 3.772059, Acc:0.552420, Semantic loss: 1.452921, BCE loss: 1.490210, SB loss: 0.828928
2025-03-22 20:15:33,133 Epoch: [17/20] Iter:[100/192], Time: 0.48, lr: [0.0015273837138888994], Loss: 3.774083, Acc:0.553859, Semantic loss: 1.451951, BCE loss: 1.498697, SB loss: 0.823436
2025-03-22 20:15:36,982 Epoch: [17/20] Iter:[110/192], Time: 0.47, lr: [0.0014984740385759552], Loss: 3.780356, Acc:0.553119, Semantic loss: 1.450043, BCE loss: 1.506032, SB loss: 0.824281
2025-03-22 20:15:40,842 Epoch: [17/20] Iter:[120/192], Time: 0.46, lr: [0.0014695022537100475], Loss: 3.781148, Acc:0.551601, Semantic loss: 1.449905, BCE loss: 1.505471, SB loss: 0.825772
2025-03-22 20:15:44,705 Epoch: [17/20] Iter:[130/192], Time: 0.46, lr: [0.0014404668591521846], Loss: 3.787203, Acc:0.548352, Semantic loss: 1.458196, BCE loss: 1.500309, SB loss: 0.828698
2025-03-22 20:15:48,585 Epoch: [17/20] Iter:[140/192], Time: 0.45, lr: [0.0014113662840326588], Loss: 3.788873, Acc:0.550018, Semantic loss: 1.460112, BCE loss: 1.499312, SB loss: 0.829450
2025-03-22 20:15:52,462 Epoch: [17/20] Iter:[150/192], Time: 0.45, lr: [0.0013821988817145786], Loss: 3.792401, Acc:0.550657, Semantic loss: 1.459536, BCE loss: 1.502423, SB loss: 0.830442
2025-03-22 20:15:56,323 Epoch: [17/20] Iter:[160/192], Time: 0.45, lr: [0.0013529629242719093], Loss: 3.792789, Acc:0.552994, Semantic loss: 1.458964, BCE loss: 1.503326, SB loss: 0.830499
2025-03-22 20:16:00,182 Epoch: [17/20] Iter:[170/192], Time: 0.44, lr: [0.0013236565964223801], Loss: 3.791294, Acc:0.553854, Semantic loss: 1.456099, BCE loss: 1.505865, SB loss: 0.829330
2025-03-22 20:16:04,043 Epoch: [17/20] Iter:[180/192], Time: 0.44, lr: [0.0012942779888466518], Loss: 3.791075, Acc:0.553278, Semantic loss: 1.456606, BCE loss: 1.506704, SB loss: 0.827764
2025-03-22 20:16:07,898 Epoch: [17/20] Iter:[190/192], Time: 0.44, lr: [0.0012648250908145803], Loss: 3.790242, Acc:0.553138, Semantic loss: 1.457202, BCE loss: 1.504035, SB loss: 0.829006
2025-03-22 20:17:40,515 0 [0.00000000e+00 6.66860617e-02 4.51653871e-02 2.24035317e-02
 4.72712080e-03 3.80319360e-03 6.41752899e-07] 0.020397990957263183
2025-03-22 20:17:40,515 1 [0.         0.07643544 0.05006354 0.02726161 0.00058429 0.00620761
 0.0081592 ] 0.024101669079141123
2025-03-22 20:17:40,520 => saving checkpoint to output\loveda\pidnet_small_loveda\aug_m_rbcheckpoint.pth.tar
2025-03-22 20:17:40,614 Loss: 9.035, MeanIU:  0.0241, Best_mIoU:  0.0584
2025-03-22 20:17:40,615 [0.         0.07643544 0.05006354 0.02726161 0.00058429 0.00620761
 0.0081592 ]
2025-03-22 20:17:50,717 Epoch: [18/20] Iter:[0/192], Time: 9.91, lr: [0.001258925411794167], Loss: 3.690689, Acc:0.477294, Semantic loss: 1.380615, BCE loss: 1.462982, SB loss: 0.847092
2025-03-22 20:17:54,582 Epoch: [18/20] Iter:[10/192], Time: 1.25, lr: [0.0012293805561511607], Loss: 3.808408, Acc:0.553076, Semantic loss: 1.449066, BCE loss: 1.531941, SB loss: 0.827402
2025-03-22 20:17:58,436 Epoch: [18/20] Iter:[20/192], Time: 0.84, lr: [0.0011997565879500753], Loss: 3.801296, Acc:0.559818, Semantic loss: 1.466102, BCE loss: 1.508779, SB loss: 0.826415
2025-03-22 20:18:02,300 Epoch: [18/20] Iter:[30/192], Time: 0.69, lr: [0.0011700511125444005], Loss: 3.789319, Acc:0.566786, Semantic loss: 1.472548, BCE loss: 1.493796, SB loss: 0.822975
2025-03-22 20:18:06,141 Epoch: [18/20] Iter:[40/192], Time: 0.62, lr: [0.0011402615929770753], Loss: 3.760025, Acc:0.567010, Semantic loss: 1.443722, BCE loss: 1.505323, SB loss: 0.810980
2025-03-22 20:18:09,994 Epoch: [18/20] Iter:[50/192], Time: 0.57, lr: [0.0011103853371305413], Loss: 3.730285, Acc:0.566848, Semantic loss: 1.436418, BCE loss: 1.488773, SB loss: 0.805093
2025-03-22 20:18:13,856 Epoch: [18/20] Iter:[60/192], Time: 0.54, lr: [0.001080419483295973], Loss: 3.712185, Acc:0.569274, Semantic loss: 1.432844, BCE loss: 1.472164, SB loss: 0.807178
2025-03-22 20:18:17,711 Epoch: [18/20] Iter:[70/192], Time: 0.52, lr: [0.0010503609839122385], Loss: 3.724195, Acc:0.571880, Semantic loss: 1.428386, BCE loss: 1.495089, SB loss: 0.800720
2025-03-22 20:18:21,543 Epoch: [18/20] Iter:[80/192], Time: 0.50, lr: [0.0010202065871765603], Loss: 3.740726, Acc:0.565806, Semantic loss: 1.436101, BCE loss: 1.500540, SB loss: 0.804085
2025-03-22 20:18:25,390 Epoch: [18/20] Iter:[90/192], Time: 0.49, lr: [0.000989952816168914], Loss: 3.740320, Acc:0.566090, Semantic loss: 1.433581, BCE loss: 1.504154, SB loss: 0.802585
2025-03-22 20:18:29,248 Epoch: [18/20] Iter:[100/192], Time: 0.48, lr: [0.0009595959450576828], Loss: 3.741144, Acc:0.565379, Semantic loss: 1.430803, BCE loss: 1.504628, SB loss: 0.805713
2025-03-22 20:18:33,087 Epoch: [18/20] Iter:[110/192], Time: 0.47, lr: [0.000929131971860904], Loss: 3.722956, Acc:0.564130, Semantic loss: 1.429597, BCE loss: 1.487755, SB loss: 0.805604
2025-03-22 20:18:36,953 Epoch: [18/20] Iter:[120/192], Time: 0.46, lr: [0.0008985565871200918], Loss: 3.722703, Acc:0.564522, Semantic loss: 1.427614, BCE loss: 1.489919, SB loss: 0.805170
2025-03-22 20:18:40,807 Epoch: [18/20] Iter:[130/192], Time: 0.46, lr: [0.0008678651376944955], Loss: 3.737412, Acc:0.564997, Semantic loss: 1.431067, BCE loss: 1.500595, SB loss: 0.805750
2025-03-22 20:18:44,666 Epoch: [18/20] Iter:[140/192], Time: 0.45, lr: [0.000837052584692747], Loss: 3.748476, Acc:0.565341, Semantic loss: 1.430956, BCE loss: 1.509406, SB loss: 0.808114
2025-03-22 20:18:48,527 Epoch: [18/20] Iter:[150/192], Time: 0.45, lr: [0.000806113454312208], Loss: 3.742316, Acc:0.563140, Semantic loss: 1.431815, BCE loss: 1.502113, SB loss: 0.808389
2025-03-22 20:18:52,386 Epoch: [18/20] Iter:[160/192], Time: 0.44, lr: [0.0007750417800344363], Loss: 3.737464, Acc:0.563477, Semantic loss: 1.429520, BCE loss: 1.498652, SB loss: 0.809292
2025-03-22 20:18:56,221 Epoch: [18/20] Iter:[170/192], Time: 0.44, lr: [0.0007438310342008949], Loss: 3.743322, Acc:0.561377, Semantic loss: 1.434646, BCE loss: 1.497224, SB loss: 0.811452
2025-03-22 20:19:00,086 Epoch: [18/20] Iter:[180/192], Time: 0.44, lr: [0.0007124740464272778], Loss: 3.737690, Acc:0.561861, Semantic loss: 1.432079, BCE loss: 1.496849, SB loss: 0.808762
2025-03-22 20:19:03,928 Epoch: [18/20] Iter:[190/192], Time: 0.44, lr: [0.0006809629055511224], Loss: 3.745184, Acc:0.559938, Semantic loss: 1.435708, BCE loss: 1.499589, SB loss: 0.809887
2025-03-22 20:20:36,266 0 [0.00000000e+00 5.44407706e-02 4.81452716e-02 1.15337397e-02
 3.81339042e-03 1.54855273e-03 7.38991003e-07] 0.01706892342918327
2025-03-22 20:20:36,266 1 [0.         0.02618892 0.04794897 0.00204989 0.0046586  0.00334872
 0.03597665] 0.017167393256607884
2025-03-22 20:20:36,272 => saving checkpoint to output\loveda\pidnet_small_loveda\aug_m_rbcheckpoint.pth.tar
2025-03-22 20:20:36,348 Loss: 17.374, MeanIU:  0.0172, Best_mIoU:  0.0584
2025-03-22 20:20:36,349 [0.         0.02618892 0.04794897 0.00204989 0.0046586  0.00334872
 0.03597665]
2025-03-22 20:20:46,471 Epoch: [19/20] Iter:[0/192], Time: 9.93, lr: [0.0006746414238367822], Loss: 3.899703, Acc:0.534200, Semantic loss: 1.467562, BCE loss: 1.584107, SB loss: 0.848034
2025-03-22 20:20:50,324 Epoch: [19/20] Iter:[10/192], Time: 1.25, lr: [0.0006429336362339898], Loss: 3.712365, Acc:0.548456, Semantic loss: 1.423832, BCE loss: 1.483597, SB loss: 0.804936
2025-03-22 20:20:54,151 Epoch: [19/20] Iter:[20/192], Time: 0.84, lr: [0.0006110510578510947], Loss: 3.695975, Acc:0.545305, Semantic loss: 1.432943, BCE loss: 1.435499, SB loss: 0.827533
2025-03-22 20:20:58,012 Epoch: [19/20] Iter:[30/192], Time: 0.69, lr: [0.0005789824653018995], Loss: 3.689067, Acc:0.558064, Semantic loss: 1.439510, BCE loss: 1.431675, SB loss: 0.817882
2025-03-22 20:21:01,857 Epoch: [19/20] Iter:[40/192], Time: 0.62, lr: [0.0005467151732202777], Loss: 3.736819, Acc:0.555969, Semantic loss: 1.441468, BCE loss: 1.479224, SB loss: 0.816127
2025-03-22 20:21:05,716 Epoch: [19/20] Iter:[50/192], Time: 0.57, lr: [0.0005142347343351296], Loss: 3.752047, Acc:0.554939, Semantic loss: 1.444976, BCE loss: 1.481992, SB loss: 0.825079
2025-03-22 20:21:09,569 Epoch: [19/20] Iter:[60/192], Time: 0.54, lr: [0.0004815245523312483], Loss: 3.722443, Acc:0.559305, Semantic loss: 1.436393, BCE loss: 1.470511, SB loss: 0.815539
2025-03-22 20:21:13,416 Epoch: [19/20] Iter:[70/192], Time: 0.52, lr: [0.000448565373510549], Loss: 3.707546, Acc:0.563362, Semantic loss: 1.431852, BCE loss: 1.464793, SB loss: 0.810900
2025-03-22 20:21:17,280 Epoch: [19/20] Iter:[80/192], Time: 0.50, lr: [0.00041533460609889997], Loss: 3.723963, Acc:0.563204, Semantic loss: 1.431561, BCE loss: 1.482663, SB loss: 0.809738
2025-03-22 20:21:21,132 Epoch: [19/20] Iter:[90/192], Time: 0.49, lr: [0.00038180538785330436], Loss: 3.721070, Acc:0.562486, Semantic loss: 1.433836, BCE loss: 1.474503, SB loss: 0.812731
2025-03-22 20:21:24,984 Epoch: [19/20] Iter:[100/192], Time: 0.48, lr: [0.00034794527452517863], Loss: 3.697281, Acc:0.564156, Semantic loss: 1.424115, BCE loss: 1.466784, SB loss: 0.806381
2025-03-22 20:21:28,859 Epoch: [19/20] Iter:[110/192], Time: 0.47, lr: [0.00031371433588231993], Loss: 3.695788, Acc:0.564823, Semantic loss: 1.425804, BCE loss: 1.462712, SB loss: 0.807272
2025-03-22 20:21:32,713 Epoch: [19/20] Iter:[120/192], Time: 0.46, lr: [0.0002790622842837163], Loss: 3.697834, Acc:0.566010, Semantic loss: 1.424903, BCE loss: 1.467508, SB loss: 0.805423
2025-03-22 20:21:36,566 Epoch: [19/20] Iter:[130/192], Time: 0.46, lr: [0.0002439239356353784], Loss: 3.695112, Acc:0.566994, Semantic loss: 1.422781, BCE loss: 1.470133, SB loss: 0.802198
2025-03-22 20:21:40,423 Epoch: [19/20] Iter:[140/192], Time: 0.45, lr: [0.00020821159321002047], Loss: 3.709800, Acc:0.565870, Semantic loss: 1.425591, BCE loss: 1.480065, SB loss: 0.804144
2025-03-22 20:21:44,281 Epoch: [19/20] Iter:[150/192], Time: 0.45, lr: [0.00017180122628828942], Loss: 3.725263, Acc:0.564400, Semantic loss: 1.427195, BCE loss: 1.493058, SB loss: 0.805010
2025-03-22 20:21:48,123 Epoch: [19/20] Iter:[160/192], Time: 0.44, lr: [0.00013450451987183818], Loss: 3.719848, Acc:0.566379, Semantic loss: 1.422386, BCE loss: 1.494652, SB loss: 0.802810
2025-03-22 20:21:51,974 Epoch: [19/20] Iter:[170/192], Time: 0.44, lr: [9.600244875192536e-05], Loss: 3.725349, Acc:0.565377, Semantic loss: 1.423468, BCE loss: 1.499861, SB loss: 0.802020
2025-03-22 20:21:55,849 Epoch: [19/20] Iter:[180/192], Time: 0.44, lr: [5.563716848048335e-05], Loss: 3.733967, Acc:0.565982, Semantic loss: 1.426288, BCE loss: 1.505598, SB loss: 0.802081
2025-03-22 20:21:59,681 Epoch: [19/20] Iter:[190/192], Time: 0.44, lr: [1.1092486125349496e-05], Loss: 3.720421, Acc:0.567109, Semantic loss: 1.422090, BCE loss: 1.497482, SB loss: 0.800850
2025-03-22 20:23:32,115 0 [0.00000000e+00 5.93274040e-02 4.50845477e-02 1.39770448e-02
 4.39787867e-03 3.14808725e-03 7.77864542e-07] 0.017990820042752133
2025-03-22 20:23:32,115 1 [0.         0.0360608  0.04739712 0.00456782 0.0030423  0.00351658
 0.02744801] 0.017433232648472567
2025-03-22 20:23:32,121 => saving checkpoint to output\loveda\pidnet_small_loveda\aug_m_rbcheckpoint.pth.tar
2025-03-22 20:23:32,207 Loss: 11.566, MeanIU:  0.0174, Best_mIoU:  0.0584
2025-03-22 20:23:32,207 [0.         0.0360608  0.04739712 0.00456782 0.0030423  0.00351658
 0.02744801]
2025-03-22 20:23:32,250 Hours: 0
2025-03-22 20:23:32,250 Done
