2025-03-27 19:07:48,290 Namespace(cfg='configs/loveda/pidnet_small_loveda.yaml', seed=304, opts=[])
2025-03-27 19:07:48,290 AUTO_RESUME: False
CUDNN:
  BENCHMARK: True
  DETERMINISTIC: False
  ENABLED: True
DATASET:
  DATASET: loveda
  EXTRA_TRAIN_SET: 
  NUM_CLASSES: 7
  ROOT: data/
  TARGET_SET: 
  TEST_SET: list/loveda/urban_rural/val.lst
  TRAIN_SET: list/loveda/urban_rural/train.lst
GPUS: (0,)
LOG_DIR: log
LOSS:
  BALANCE_WEIGHTS: [0.4, 1.0]
  CLASS_BALANCE: False
  OHEMKEEP: 131072
  OHEMTHRES: 0.9
  SB_WEIGHTS: 1.0
  USE_OHEM: True
MODEL:
  ALIGN_CORNERS: True
  NAME: pidnet_small
  NUM_OUTPUTS: 2
  PRETRAINED: pretrained_models/imagenet/PIDNet_S_ImageNet.pth.tar
OUTPUT_DIR: output
PIN_MEMORY: True
PRINT_FREQ: 10
TEST:
  BASE_SIZE: 2048
  BATCH_SIZE_PER_GPU: 6
  FLIP_TEST: False
  IMAGE_SIZE: [2048, 1024]
  MODEL_FILE: output/loveda/pidnet_small_loveda/final_state.pt
  MULTI_SCALE: False
  OUTPUT_INDEX: 1
TRAIN:
  AUGMENTATION:
    ENABLE: True
    PROBABILITY: 0.5
    TECHNIQUES:
      GAUSSIAN_BLUR: False
      HORIZONTAL_FLIP: False
      MULTIPLY: True
      RANDOM_BRIGHTNESS: True
  BASE_SIZE: 2048
  BATCH_SIZE_PER_GPU: 6
  BEGIN_EPOCH: 0
  DACS:
    ENABLE: False
    THRESHOLD: 0.968
  END_EPOCH: 20
  EXTRA_EPOCH: 0
  EXTRA_LR: 0.001
  FLIP: False
  IGNORE_LABEL: 0
  IMAGE_SIZE: [1024, 1024]
  LR: 0.01
  MOMENTUM: 0.9
  MULTI_SCALE: False
  NESTEROV: False
  OPTIMIZER: sgd
  RESUME: True
  SCALE_FACTOR: 16
  SHUFFLE: True
  WD: 0.0005
WORKERS: 4
2025-03-27 19:07:48,376 Attention!!!
2025-03-27 19:07:48,376 Loaded 302 parameters!
2025-03-27 19:07:48,376 Over!!!
2025-03-27 19:08:01,918 Epoch: [0/20] Iter:[0/192], Time: 13.44, lr: [0.01], Loss: 16.576649, Acc:0.145441, Semantic loss: 7.082159, BCE loss: 3.844706, SB loss: 5.649785
2025-03-27 19:08:05,941 Epoch: [0/20] Iter:[10/192], Time: 1.57, lr: [0.009976559445324192], Loss: 12.257672, Acc:0.285733, Semantic loss: 5.484515, BCE loss: 2.659076, SB loss: 4.114082
2025-03-27 19:08:09,878 Epoch: [0/20] Iter:[20/192], Time: 1.01, lr: [0.009953112769592761], Loss: 10.373084, Acc:0.330975, Semantic loss: 4.617920, BCE loss: 2.381248, SB loss: 3.373917
2025-03-27 19:08:13,806 Epoch: [0/20] Iter:[30/192], Time: 0.81, lr: [0.009929659955177281], Loss: 8.987709, Acc:0.361935, Semantic loss: 3.970682, BCE loss: 2.192937, SB loss: 2.824090
2025-03-27 19:08:17,705 Epoch: [0/20] Iter:[40/192], Time: 0.71, lr: [0.009906200984352154], Loss: 8.362592, Acc:0.363911, Semantic loss: 3.804488, BCE loss: 2.062377, SB loss: 2.495728
2025-03-27 19:08:21,602 Epoch: [0/20] Iter:[50/192], Time: 0.65, lr: [0.009882735839293803], Loss: 7.747019, Acc:0.391244, Semantic loss: 3.539044, BCE loss: 1.966460, SB loss: 2.241515
2025-03-27 19:08:25,486 Epoch: [0/20] Iter:[60/192], Time: 0.60, lr: [0.00985926450207989], Loss: 7.384466, Acc:0.393315, Semantic loss: 3.342775, BCE loss: 1.915533, SB loss: 2.126159
2025-03-27 19:08:29,371 Epoch: [0/20] Iter:[70/192], Time: 0.57, lr: [0.009835786954688485], Loss: 7.037256, Acc:0.394382, Semantic loss: 3.168262, BCE loss: 1.876419, SB loss: 1.992576
2025-03-27 19:08:33,270 Epoch: [0/20] Iter:[80/192], Time: 0.55, lr: [0.00981230317899726], Loss: 6.754570, Acc:0.402535, Semantic loss: 3.020372, BCE loss: 1.840375, SB loss: 1.893822
2025-03-27 19:08:37,159 Epoch: [0/20] Iter:[90/192], Time: 0.53, lr: [0.009788813156782662], Loss: 6.573780, Acc:0.407419, Semantic loss: 2.919481, BCE loss: 1.827625, SB loss: 1.826673
2025-03-27 19:08:41,050 Epoch: [0/20] Iter:[100/192], Time: 0.52, lr: [0.009765316869719067], Loss: 6.407492, Acc:0.409011, Semantic loss: 2.836146, BCE loss: 1.805799, SB loss: 1.765547
2025-03-27 19:08:44,929 Epoch: [0/20] Iter:[110/192], Time: 0.51, lr: [0.009741814299377942], Loss: 6.255417, Acc:0.408276, Semantic loss: 2.763416, BCE loss: 1.778660, SB loss: 1.713341
2025-03-27 19:08:48,817 Epoch: [0/20] Iter:[120/192], Time: 0.50, lr: [0.009718305427226986], Loss: 6.105268, Acc:0.413724, Semantic loss: 2.683300, BCE loss: 1.767470, SB loss: 1.654499
2025-03-27 19:08:52,723 Epoch: [0/20] Iter:[130/192], Time: 0.49, lr: [0.009694790234629266], Loss: 5.978959, Acc:0.420385, Semantic loss: 2.615375, BCE loss: 1.754124, SB loss: 1.609460
2025-03-27 19:08:56,611 Epoch: [0/20] Iter:[140/192], Time: 0.48, lr: [0.009671268702842338], Loss: 5.879428, Acc:0.423269, Semantic loss: 2.567076, BCE loss: 1.734173, SB loss: 1.578180
2025-03-27 19:09:00,509 Epoch: [0/20] Iter:[150/192], Time: 0.48, lr: [0.009647740813017376], Loss: 5.799917, Acc:0.424518, Semantic loss: 2.526552, BCE loss: 1.721084, SB loss: 1.552281
2025-03-27 19:09:04,427 Epoch: [0/20] Iter:[160/192], Time: 0.47, lr: [0.009624206546198262], Loss: 5.725555, Acc:0.428706, Semantic loss: 2.479772, BCE loss: 1.720824, SB loss: 1.524958
2025-03-27 19:09:08,327 Epoch: [0/20] Iter:[170/192], Time: 0.47, lr: [0.009600665883320689], Loss: 5.645376, Acc:0.432715, Semantic loss: 2.435868, BCE loss: 1.717126, SB loss: 1.492382
2025-03-27 19:09:12,208 Epoch: [0/20] Iter:[180/192], Time: 0.46, lr: [0.009577118805211254], Loss: 5.574059, Acc:0.436644, Semantic loss: 2.398725, BCE loss: 1.712064, SB loss: 1.463270
2025-03-27 19:09:16,082 Epoch: [0/20] Iter:[190/192], Time: 0.46, lr: [0.009553565292586523], Loss: 5.507406, Acc:0.440114, Semantic loss: 2.363529, BCE loss: 1.705566, SB loss: 1.438311
2025-03-27 19:10:49,735 0 [0.00000000e+00 5.44936428e-01 8.02353911e-02 6.54563832e-04
 8.40523833e-09 2.93552746e-04 1.34184559e-06] 0.08944589805057461
2025-03-27 19:10:49,735 1 [0.00000000e+00 5.81148092e-01 9.15927656e-02 0.00000000e+00
 0.00000000e+00 0.00000000e+00 6.61855205e-05] 0.09611529180532057
2025-03-27 19:10:49,740 => saving checkpoint to output\loveda\pidnet_small_loveda\aug_m_rbcheckpoint.pth.tar
2025-03-27 19:10:49,855 Loss: 4.865, MeanIU:  0.0961, Best_mIoU:  0.0961
2025-03-27 19:10:49,855 [0.00000000e+00 5.81148092e-01 9.15927656e-02 0.00000000e+00
 0.00000000e+00 0.00000000e+00 6.61855205e-05]
2025-03-27 19:11:00,076 Epoch: [1/20] Iter:[0/192], Time: 10.03, lr: [0.009548853816214998], Loss: 4.666628, Acc:0.381150, Semantic loss: 2.045750, BCE loss: 1.467352, SB loss: 1.153525
2025-03-27 19:11:03,991 Epoch: [1/20] Iter:[10/192], Time: 1.27, lr: [0.009525292556561479], Loss: 4.428820, Acc:0.474566, Semantic loss: 1.829192, BCE loss: 1.529062, SB loss: 1.070566
2025-03-27 19:11:07,894 Epoch: [1/20] Iter:[20/192], Time: 0.85, lr: [0.00950172481957719], Loss: 4.433827, Acc:0.482563, Semantic loss: 1.820907, BCE loss: 1.547624, SB loss: 1.065296
2025-03-27 19:11:11,794 Epoch: [1/20] Iter:[30/192], Time: 0.70, lr: [0.009478150585620286], Loss: 4.522281, Acc:0.479449, Semantic loss: 1.843915, BCE loss: 1.528177, SB loss: 1.150189
2025-03-27 19:11:15,685 Epoch: [1/20] Iter:[40/192], Time: 0.63, lr: [0.009454569834934885], Loss: 4.551898, Acc:0.472796, Semantic loss: 1.853782, BCE loss: 1.548409, SB loss: 1.149707
2025-03-27 19:11:19,594 Epoch: [1/20] Iter:[50/192], Time: 0.58, lr: [0.009430982547650114], Loss: 4.553970, Acc:0.473867, Semantic loss: 1.854537, BCE loss: 1.572861, SB loss: 1.126572
2025-03-27 19:11:23,493 Epoch: [1/20] Iter:[60/192], Time: 0.55, lr: [0.009407388703779091], Loss: 4.543595, Acc:0.473150, Semantic loss: 1.847719, BCE loss: 1.586594, SB loss: 1.109282
2025-03-27 19:11:27,371 Epoch: [1/20] Iter:[70/192], Time: 0.53, lr: [0.009383788283217955], Loss: 4.495698, Acc:0.478089, Semantic loss: 1.823950, BCE loss: 1.592823, SB loss: 1.078925
2025-03-27 19:11:31,261 Epoch: [1/20] Iter:[80/192], Time: 0.51, lr: [0.00936018126574482], Loss: 4.515845, Acc:0.471973, Semantic loss: 1.837788, BCE loss: 1.586245, SB loss: 1.091812
2025-03-27 19:11:35,160 Epoch: [1/20] Iter:[90/192], Time: 0.50, lr: [0.009336567631018769], Loss: 4.510634, Acc:0.475138, Semantic loss: 1.828701, BCE loss: 1.603652, SB loss: 1.078281
2025-03-27 19:11:39,060 Epoch: [1/20] Iter:[100/192], Time: 0.49, lr: [0.009312947358578814], Loss: 4.517204, Acc:0.475010, Semantic loss: 1.828553, BCE loss: 1.615567, SB loss: 1.073084
2025-03-27 19:11:42,939 Epoch: [1/20] Iter:[110/192], Time: 0.48, lr: [0.009289320427842841], Loss: 4.480062, Acc:0.475028, Semantic loss: 1.821803, BCE loss: 1.596227, SB loss: 1.062032
2025-03-27 19:11:46,853 Epoch: [1/20] Iter:[120/192], Time: 0.47, lr: [0.009265686818106552], Loss: 4.450802, Acc:0.476871, Semantic loss: 1.811080, BCE loss: 1.585213, SB loss: 1.054510
2025-03-27 19:11:50,756 Epoch: [1/20] Iter:[130/192], Time: 0.46, lr: [0.009242046508542393], Loss: 4.444603, Acc:0.478930, Semantic loss: 1.807178, BCE loss: 1.586374, SB loss: 1.051052
2025-03-27 19:11:54,639 Epoch: [1/20] Iter:[140/192], Time: 0.46, lr: [0.009218399478198466], Loss: 4.429442, Acc:0.478089, Semantic loss: 1.801551, BCE loss: 1.580738, SB loss: 1.047152
2025-03-27 19:11:58,554 Epoch: [1/20] Iter:[150/192], Time: 0.45, lr: [0.009194745705997428], Loss: 4.416597, Acc:0.476199, Semantic loss: 1.801771, BCE loss: 1.574007, SB loss: 1.040820
2025-03-27 19:12:02,443 Epoch: [1/20] Iter:[160/192], Time: 0.45, lr: [0.00917108517073538], Loss: 4.413178, Acc:0.475927, Semantic loss: 1.799754, BCE loss: 1.575032, SB loss: 1.038391
2025-03-27 19:12:06,360 Epoch: [1/20] Iter:[170/192], Time: 0.45, lr: [0.00914741785108075], Loss: 4.414510, Acc:0.476709, Semantic loss: 1.798069, BCE loss: 1.574992, SB loss: 1.041449
2025-03-27 19:12:10,246 Epoch: [1/20] Iter:[180/192], Time: 0.44, lr: [0.00912374372557314], Loss: 4.411674, Acc:0.475582, Semantic loss: 1.798449, BCE loss: 1.573144, SB loss: 1.040081
2025-03-27 19:12:14,116 Epoch: [1/20] Iter:[190/192], Time: 0.44, lr: [0.009100062772622186], Loss: 4.409745, Acc:0.475542, Semantic loss: 1.796821, BCE loss: 1.572386, SB loss: 1.040538
2025-03-27 19:13:47,308 0 [0.00000000e+00 5.53425335e-01 8.33281465e-02 2.66126659e-03
 2.28621952e-05 1.21894701e-02 8.16730260e-07] 0.09308969962644693
2025-03-27 19:13:47,309 1 [0.00000000e+00 5.81019525e-01 1.50270018e-01 2.09168672e-03
 6.15464466e-05 3.16829819e-02 9.71994146e-07] 0.10930381856563884
2025-03-27 19:13:47,314 => saving checkpoint to output\loveda\pidnet_small_loveda\aug_m_rbcheckpoint.pth.tar
2025-03-27 19:13:47,439 Loss: 4.221, MeanIU:  0.1093, Best_mIoU:  0.1093
2025-03-27 19:13:47,440 [0.00000000e+00 5.81019525e-01 1.50270018e-01 2.09168672e-03
 6.15464466e-05 3.16829819e-02 9.71994146e-07]
2025-03-27 19:13:57,764 Epoch: [2/20] Iter:[0/192], Time: 10.13, lr: [0.009095325760829623], Loss: 3.928902, Acc:0.452264, Semantic loss: 1.920975, BCE loss: 1.109943, SB loss: 0.897985
2025-03-27 19:14:01,649 Epoch: [2/20] Iter:[10/192], Time: 1.27, lr: [0.009071636586262652], Loss: 4.245128, Acc:0.476985, Semantic loss: 1.769309, BCE loss: 1.584958, SB loss: 0.890862
2025-03-27 19:14:05,529 Epoch: [2/20] Iter:[20/192], Time: 0.85, lr: [0.009047940536290279], Loss: 4.280113, Acc:0.467719, Semantic loss: 1.773049, BCE loss: 1.570304, SB loss: 0.936760
2025-03-27 19:14:09,426 Epoch: [2/20] Iter:[30/192], Time: 0.70, lr: [0.009024237588898336], Loss: 4.220596, Acc:0.477341, Semantic loss: 1.762002, BCE loss: 1.516591, SB loss: 0.942003
2025-03-27 19:14:13,306 Epoch: [2/20] Iter:[40/192], Time: 0.63, lr: [0.009000527721937697], Loss: 4.247342, Acc:0.466056, Semantic loss: 1.777607, BCE loss: 1.511667, SB loss: 0.958068
2025-03-27 19:14:17,176 Epoch: [2/20] Iter:[50/192], Time: 0.58, lr: [0.008976810913123051], Loss: 4.262997, Acc:0.464319, Semantic loss: 1.768127, BCE loss: 1.525649, SB loss: 0.969220
2025-03-27 19:14:21,072 Epoch: [2/20] Iter:[60/192], Time: 0.55, lr: [0.008953087140031669], Loss: 4.271806, Acc:0.459367, Semantic loss: 1.785132, BCE loss: 1.510547, SB loss: 0.976127
2025-03-27 19:14:24,958 Epoch: [2/20] Iter:[70/192], Time: 0.53, lr: [0.008929356380102142], Loss: 4.256700, Acc:0.464144, Semantic loss: 1.771475, BCE loss: 1.516328, SB loss: 0.968897
2025-03-27 19:14:28,868 Epoch: [2/20] Iter:[80/192], Time: 0.51, lr: [0.008905618610633112], Loss: 4.260148, Acc:0.472497, Semantic loss: 1.761521, BCE loss: 1.534227, SB loss: 0.964400
2025-03-27 19:14:32,767 Epoch: [2/20] Iter:[90/192], Time: 0.50, lr: [0.008881873808781991], Loss: 4.251348, Acc:0.478108, Semantic loss: 1.747083, BCE loss: 1.539157, SB loss: 0.965108
2025-03-27 19:14:36,659 Epoch: [2/20] Iter:[100/192], Time: 0.49, lr: [0.008858121951563658], Loss: 4.246578, Acc:0.477530, Semantic loss: 1.749375, BCE loss: 1.528185, SB loss: 0.969019
2025-03-27 19:14:40,557 Epoch: [2/20] Iter:[110/192], Time: 0.48, lr: [0.008834363015849136], Loss: 4.222321, Acc:0.482613, Semantic loss: 1.737367, BCE loss: 1.525723, SB loss: 0.959231
2025-03-27 19:14:44,461 Epoch: [2/20] Iter:[120/192], Time: 0.47, lr: [0.008810596978364274], Loss: 4.251207, Acc:0.483855, Semantic loss: 1.743544, BCE loss: 1.536695, SB loss: 0.970968
2025-03-27 19:14:48,358 Epoch: [2/20] Iter:[130/192], Time: 0.46, lr: [0.008786823815688379], Loss: 4.257580, Acc:0.485223, Semantic loss: 1.744711, BCE loss: 1.537011, SB loss: 0.975858
2025-03-27 19:14:52,263 Epoch: [2/20] Iter:[140/192], Time: 0.46, lr: [0.008763043504252865], Loss: 4.253911, Acc:0.487988, Semantic loss: 1.737842, BCE loss: 1.544546, SB loss: 0.971524
2025-03-27 19:14:56,141 Epoch: [2/20] Iter:[150/192], Time: 0.45, lr: [0.008739256020339866], Loss: 4.260910, Acc:0.487026, Semantic loss: 1.742009, BCE loss: 1.539885, SB loss: 0.979016
2025-03-27 19:15:00,041 Epoch: [2/20] Iter:[160/192], Time: 0.45, lr: [0.00871546134008083], Loss: 4.263277, Acc:0.485744, Semantic loss: 1.745379, BCE loss: 1.541805, SB loss: 0.976093
2025-03-27 19:15:03,941 Epoch: [2/20] Iter:[170/192], Time: 0.45, lr: [0.008691659439455107], Loss: 4.268524, Acc:0.486259, Semantic loss: 1.744520, BCE loss: 1.548569, SB loss: 0.975435
2025-03-27 19:15:07,831 Epoch: [2/20] Iter:[180/192], Time: 0.44, lr: [0.008667850294288517], Loss: 4.273377, Acc:0.486195, Semantic loss: 1.743283, BCE loss: 1.552702, SB loss: 0.977391
2025-03-27 19:15:11,703 Epoch: [2/20] Iter:[190/192], Time: 0.44, lr: [0.008644033880251888], Loss: 4.271875, Acc:0.486923, Semantic loss: 1.740829, BCE loss: 1.552796, SB loss: 0.978251
2025-03-27 19:16:44,800 0 [0.         0.50195329 0.13430796 0.02260188 0.01644514 0.04067134
 0.02248323] 0.10549469111194955
2025-03-27 19:16:44,800 1 [0.         0.58743374 0.13939217 0.08951235 0.         0.00786062
 0.06655068] 0.1272499353099181
2025-03-27 19:16:44,806 => saving checkpoint to output\loveda\pidnet_small_loveda\aug_m_rbcheckpoint.pth.tar
2025-03-27 19:16:44,929 Loss: 3.953, MeanIU:  0.1272, Best_mIoU:  0.1272
2025-03-27 19:16:44,929 [0.         0.58743374 0.13939217 0.08951235 0.         0.00786062
 0.06655068]
2025-03-27 19:16:55,090 Epoch: [3/20] Iter:[0/192], Time: 9.97, lr: [0.008639269723028191], Loss: 4.344085, Acc:0.409933, Semantic loss: 2.135234, BCE loss: 1.360423, SB loss: 0.848427
2025-03-27 19:16:58,997 Epoch: [3/20] Iter:[10/192], Time: 1.26, lr: [0.008615444554012613], Loss: 4.133624, Acc:0.484887, Semantic loss: 1.714618, BCE loss: 1.548202, SB loss: 0.870804
2025-03-27 19:17:02,911 Epoch: [3/20] Iter:[20/192], Time: 0.85, lr: [0.008591612062049989], Loss: 4.134707, Acc:0.502443, Semantic loss: 1.701142, BCE loss: 1.503821, SB loss: 0.929744
2025-03-27 19:17:06,801 Epoch: [3/20] Iter:[30/192], Time: 0.70, lr: [0.008567772222305215], Loss: 4.100513, Acc:0.506313, Semantic loss: 1.656549, BCE loss: 1.540498, SB loss: 0.903466
2025-03-27 19:17:10,684 Epoch: [3/20] Iter:[40/192], Time: 0.62, lr: [0.008543925009781886], Loss: 4.093557, Acc:0.505764, Semantic loss: 1.650809, BCE loss: 1.524693, SB loss: 0.918055
2025-03-27 19:17:14,577 Epoch: [3/20] Iter:[50/192], Time: 0.58, lr: [0.00852007039932076], Loss: 4.104917, Acc:0.498344, Semantic loss: 1.666232, BCE loss: 1.511047, SB loss: 0.927639
2025-03-27 19:17:18,457 Epoch: [3/20] Iter:[60/192], Time: 0.55, lr: [0.00849620836559818], Loss: 4.131773, Acc:0.486021, Semantic loss: 1.698304, BCE loss: 1.486636, SB loss: 0.946833
2025-03-27 19:17:22,368 Epoch: [3/20] Iter:[70/192], Time: 0.52, lr: [0.008472338883124477], Loss: 4.166229, Acc:0.487476, Semantic loss: 1.707306, BCE loss: 1.512858, SB loss: 0.946065
2025-03-27 19:17:26,280 Epoch: [3/20] Iter:[80/192], Time: 0.51, lr: [0.008448461926242374], Loss: 4.172849, Acc:0.488516, Semantic loss: 1.714143, BCE loss: 1.502304, SB loss: 0.956402
2025-03-27 19:17:30,175 Epoch: [3/20] Iter:[90/192], Time: 0.50, lr: [0.008424577469125337], Loss: 4.168892, Acc:0.490630, Semantic loss: 1.702703, BCE loss: 1.515891, SB loss: 0.950298
2025-03-27 19:17:34,082 Epoch: [3/20] Iter:[100/192], Time: 0.48, lr: [0.008400685485775935], Loss: 4.178733, Acc:0.492652, Semantic loss: 1.697873, BCE loss: 1.527675, SB loss: 0.953185
2025-03-27 19:17:37,963 Epoch: [3/20] Iter:[110/192], Time: 0.48, lr: [0.008376785950024154], Loss: 4.164218, Acc:0.493554, Semantic loss: 1.684525, BCE loss: 1.530300, SB loss: 0.949393
2025-03-27 19:17:41,843 Epoch: [3/20] Iter:[120/192], Time: 0.47, lr: [0.00835287883552571], Loss: 4.176905, Acc:0.493930, Semantic loss: 1.678076, BCE loss: 1.552165, SB loss: 0.946664
2025-03-27 19:17:45,742 Epoch: [3/20] Iter:[130/192], Time: 0.46, lr: [0.008328964115760324], Loss: 4.171315, Acc:0.493745, Semantic loss: 1.675396, BCE loss: 1.546023, SB loss: 0.949896
2025-03-27 19:17:49,624 Epoch: [3/20] Iter:[140/192], Time: 0.46, lr: [0.008305041764029988], Loss: 4.172619, Acc:0.491465, Semantic loss: 1.676990, BCE loss: 1.541748, SB loss: 0.953882
2025-03-27 19:17:53,518 Epoch: [3/20] Iter:[150/192], Time: 0.45, lr: [0.008281111753457188], Loss: 4.169227, Acc:0.490796, Semantic loss: 1.677773, BCE loss: 1.533498, SB loss: 0.957956
2025-03-27 19:17:57,421 Epoch: [3/20] Iter:[160/192], Time: 0.45, lr: [0.008257174056983133], Loss: 4.174013, Acc:0.491699, Semantic loss: 1.674884, BCE loss: 1.543489, SB loss: 0.955640
2025-03-27 19:18:01,320 Epoch: [3/20] Iter:[170/192], Time: 0.45, lr: [0.00823322864736593], Loss: 4.167716, Acc:0.493400, Semantic loss: 1.665248, BCE loss: 1.548818, SB loss: 0.953651
2025-03-27 19:18:05,226 Epoch: [3/20] Iter:[180/192], Time: 0.44, lr: [0.008209275497178764], Loss: 4.153110, Acc:0.496059, Semantic loss: 1.660163, BCE loss: 1.543035, SB loss: 0.949913
2025-03-27 19:18:09,110 Epoch: [3/20] Iter:[190/192], Time: 0.44, lr: [0.008185314578808021], Loss: 4.151590, Acc:0.496900, Semantic loss: 1.659063, BCE loss: 1.539490, SB loss: 0.953037
2025-03-27 19:19:42,113 0 [0.         0.52410683 0.19274827 0.04622668 0.03640448 0.0043818
 0.00981015] 0.1162397448132116
2025-03-27 19:19:42,114 1 [0.00000000e+00 5.22685237e-01 2.67332889e-01 7.62377541e-02
 9.44631060e-04 1.95955263e-06 2.50815070e-02] 0.12746913955733571
2025-03-27 19:19:42,120 => saving checkpoint to output\loveda\pidnet_small_loveda\aug_m_rbcheckpoint.pth.tar
2025-03-27 19:19:42,239 Loss: 4.027, MeanIU:  0.1275, Best_mIoU:  0.1275
2025-03-27 19:19:42,239 [0.00000000e+00 5.22685237e-01 2.67332889e-01 7.62377541e-02
 9.44631060e-04 1.95955263e-06 2.50815070e-02]
2025-03-27 19:19:52,415 Epoch: [4/20] Iter:[0/192], Time: 9.98, lr: [0.008180521460508584], Loss: 4.333556, Acc:0.490635, Semantic loss: 1.651565, BCE loss: 1.714302, SB loss: 0.967690
2025-03-27 19:19:56,297 Epoch: [4/20] Iter:[10/192], Time: 1.26, lr: [0.008156551183601795], Loss: 4.133212, Acc:0.504562, Semantic loss: 1.624283, BCE loss: 1.553530, SB loss: 0.955398
2025-03-27 19:20:00,187 Epoch: [4/20] Iter:[20/192], Time: 0.85, lr: [0.008132573077094668], Loss: 4.076584, Acc:0.494558, Semantic loss: 1.629835, BCE loss: 1.487863, SB loss: 0.958885
2025-03-27 19:20:04,068 Epoch: [4/20] Iter:[30/192], Time: 0.70, lr: [0.008108587112763079], Loss: 4.090865, Acc:0.496666, Semantic loss: 1.627805, BCE loss: 1.497363, SB loss: 0.965697
2025-03-27 19:20:07,964 Epoch: [4/20] Iter:[40/192], Time: 0.62, lr: [0.008084593262188028], Loss: 4.098394, Acc:0.505241, Semantic loss: 1.617942, BCE loss: 1.527552, SB loss: 0.952900
2025-03-27 19:20:11,856 Epoch: [4/20] Iter:[50/192], Time: 0.58, lr: [0.008060591496753653], Loss: 4.071990, Acc:0.506934, Semantic loss: 1.609606, BCE loss: 1.512296, SB loss: 0.950088
2025-03-27 19:20:15,745 Epoch: [4/20] Iter:[60/192], Time: 0.55, lr: [0.008036581787645204], Loss: 4.102019, Acc:0.507137, Semantic loss: 1.610230, BCE loss: 1.540295, SB loss: 0.951494
2025-03-27 19:20:19,623 Epoch: [4/20] Iter:[70/192], Time: 0.52, lr: [0.008012564105846994], Loss: 4.082386, Acc:0.503246, Semantic loss: 1.613686, BCE loss: 1.511156, SB loss: 0.957545
2025-03-27 19:20:23,543 Epoch: [4/20] Iter:[80/192], Time: 0.51, lr: [0.007988538422140333], Loss: 4.078690, Acc:0.505799, Semantic loss: 1.614571, BCE loss: 1.504105, SB loss: 0.960014
2025-03-27 19:20:27,451 Epoch: [4/20] Iter:[90/192], Time: 0.49, lr: [0.007964504707101411], Loss: 4.080618, Acc:0.503705, Semantic loss: 1.620744, BCE loss: 1.497907, SB loss: 0.961967
2025-03-27 19:20:31,346 Epoch: [4/20] Iter:[100/192], Time: 0.48, lr: [0.007940462931099176], Loss: 4.061554, Acc:0.507071, Semantic loss: 1.615094, BCE loss: 1.490479, SB loss: 0.955981
2025-03-27 19:20:35,245 Epoch: [4/20] Iter:[110/192], Time: 0.48, lr: [0.007916413064293163], Loss: 4.045774, Acc:0.512223, Semantic loss: 1.601433, BCE loss: 1.495608, SB loss: 0.948733
2025-03-27 19:20:39,163 Epoch: [4/20] Iter:[120/192], Time: 0.47, lr: [0.007892355076631318], Loss: 4.048371, Acc:0.515028, Semantic loss: 1.595030, BCE loss: 1.508113, SB loss: 0.945227
2025-03-27 19:20:43,061 Epoch: [4/20] Iter:[130/192], Time: 0.46, lr: [0.007868288937847752], Loss: 4.054969, Acc:0.513872, Semantic loss: 1.595048, BCE loss: 1.513091, SB loss: 0.946829
2025-03-27 19:20:46,962 Epoch: [4/20] Iter:[140/192], Time: 0.46, lr: [0.007844214617460508], Loss: 4.053197, Acc:0.517243, Semantic loss: 1.586266, BCE loss: 1.524441, SB loss: 0.942490
2025-03-27 19:20:50,839 Epoch: [4/20] Iter:[150/192], Time: 0.45, lr: [0.007820132084769268], Loss: 4.062678, Acc:0.513458, Semantic loss: 1.594845, BCE loss: 1.523208, SB loss: 0.944625
2025-03-27 19:20:54,742 Epoch: [4/20] Iter:[160/192], Time: 0.45, lr: [0.00779604130885303], Loss: 4.065530, Acc:0.514624, Semantic loss: 1.594221, BCE loss: 1.526733, SB loss: 0.944576
2025-03-27 19:20:58,640 Epoch: [4/20] Iter:[170/192], Time: 0.45, lr: [0.007771942258567773], Loss: 4.064857, Acc:0.515198, Semantic loss: 1.590619, BCE loss: 1.531201, SB loss: 0.943037
2025-03-27 19:21:02,541 Epoch: [4/20] Iter:[180/192], Time: 0.44, lr: [0.007747834902544056], Loss: 4.060625, Acc:0.514614, Semantic loss: 1.592735, BCE loss: 1.526948, SB loss: 0.940941
2025-03-27 19:21:06,427 Epoch: [4/20] Iter:[190/192], Time: 0.44, lr: [0.0077237192091846206], Loss: 4.073990, Acc:0.512227, Semantic loss: 1.599302, BCE loss: 1.528601, SB loss: 0.946087
2025-03-27 19:22:39,423 0 [0.         0.56515513 0.17363879 0.11310111 0.02945398 0.05370891
 0.00801463] 0.13472465058432231
2025-03-27 19:22:39,423 1 [0.00000000e+00 5.80478057e-01 2.28405217e-01 2.46784055e-01
 2.01389539e-05 9.98166843e-02 1.68027032e-02] 0.16747240795140814
2025-03-27 19:22:39,429 => saving checkpoint to output\loveda\pidnet_small_loveda\aug_m_rbcheckpoint.pth.tar
2025-03-27 19:22:39,548 Loss: 3.901, MeanIU:  0.1675, Best_mIoU:  0.1675
2025-03-27 19:22:39,548 [0.00000000e+00 5.80478057e-01 2.28405217e-01 2.46784055e-01
 2.01389539e-05 9.98166843e-02 1.68027032e-02]
2025-03-27 19:22:49,744 Epoch: [5/20] Iter:[0/192], Time: 10.00, lr: [0.007718895067235705], Loss: 3.467818, Acc:0.500313, Semantic loss: 1.354630, BCE loss: 1.300500, SB loss: 0.812687
2025-03-27 19:22:53,642 Epoch: [5/20] Iter:[10/192], Time: 1.26, lr: [0.007694769327040611], Loss: 4.041801, Acc:0.502599, Semantic loss: 1.573575, BCE loss: 1.521416, SB loss: 0.946811
2025-03-27 19:22:57,540 Epoch: [5/20] Iter:[20/192], Time: 0.85, lr: [0.00767063517918174], Loss: 4.031688, Acc:0.498755, Semantic loss: 1.629689, BCE loss: 1.448639, SB loss: 0.953361
2025-03-27 19:23:01,427 Epoch: [5/20] Iter:[30/192], Time: 0.70, lr: [0.007646492591316132], Loss: 3.926259, Acc:0.517070, Semantic loss: 1.563678, BCE loss: 1.434104, SB loss: 0.928477
2025-03-27 19:23:05,333 Epoch: [5/20] Iter:[40/192], Time: 0.62, lr: [0.007622341530862476], Loss: 3.952801, Acc:0.510493, Semantic loss: 1.580840, BCE loss: 1.442581, SB loss: 0.929380
2025-03-27 19:23:09,252 Epoch: [5/20] Iter:[50/192], Time: 0.58, lr: [0.0075981819649984985], Loss: 4.019755, Acc:0.503274, Semantic loss: 1.594856, BCE loss: 1.488939, SB loss: 0.935959
2025-03-27 19:23:13,147 Epoch: [5/20] Iter:[60/192], Time: 0.55, lr: [0.007574013860658317], Loss: 3.976449, Acc:0.505289, Semantic loss: 1.577779, BCE loss: 1.472472, SB loss: 0.926198
2025-03-27 19:23:17,022 Epoch: [5/20] Iter:[70/192], Time: 0.53, lr: [0.007549837184529776], Loss: 4.008020, Acc:0.504356, Semantic loss: 1.579844, BCE loss: 1.489298, SB loss: 0.938878
2025-03-27 19:23:20,917 Epoch: [5/20] Iter:[80/192], Time: 0.51, lr: [0.0075256519030517215], Loss: 4.009718, Acc:0.503507, Semantic loss: 1.581651, BCE loss: 1.490094, SB loss: 0.937973
2025-03-27 19:23:24,832 Epoch: [5/20] Iter:[90/192], Time: 0.50, lr: [0.007501457982411236], Loss: 3.983952, Acc:0.507327, Semantic loss: 1.574796, BCE loss: 1.477635, SB loss: 0.931522
2025-03-27 19:23:28,735 Epoch: [5/20] Iter:[100/192], Time: 0.49, lr: [0.0074772553885408604], Loss: 3.980373, Acc:0.510353, Semantic loss: 1.569229, BCE loss: 1.480566, SB loss: 0.930578
2025-03-27 19:23:32,655 Epoch: [5/20] Iter:[110/192], Time: 0.48, lr: [0.007453044087115737], Loss: 4.000727, Acc:0.509469, Semantic loss: 1.580001, BCE loss: 1.483613, SB loss: 0.937112
2025-03-27 19:23:36,548 Epoch: [5/20] Iter:[120/192], Time: 0.47, lr: [0.007428824043550734], Loss: 3.991079, Acc:0.510190, Semantic loss: 1.574724, BCE loss: 1.483476, SB loss: 0.932880
2025-03-27 19:23:40,444 Epoch: [5/20] Iter:[130/192], Time: 0.46, lr: [0.007404595222997526], Loss: 3.998732, Acc:0.509977, Semantic loss: 1.577817, BCE loss: 1.484585, SB loss: 0.936330
2025-03-27 19:23:44,357 Epoch: [5/20] Iter:[140/192], Time: 0.46, lr: [0.007380357590341623], Loss: 3.999371, Acc:0.513989, Semantic loss: 1.573233, BCE loss: 1.493667, SB loss: 0.932471
2025-03-27 19:23:48,271 Epoch: [5/20] Iter:[150/192], Time: 0.45, lr: [0.007356111110199354], Loss: 4.002093, Acc:0.513496, Semantic loss: 1.573343, BCE loss: 1.495703, SB loss: 0.933046
2025-03-27 19:23:52,162 Epoch: [5/20] Iter:[160/192], Time: 0.45, lr: [0.00733185574691482], Loss: 4.005879, Acc:0.514154, Semantic loss: 1.571054, BCE loss: 1.503233, SB loss: 0.931593
2025-03-27 19:23:56,069 Epoch: [5/20] Iter:[170/192], Time: 0.45, lr: [0.007307591464556783], Loss: 3.997688, Acc:0.516992, Semantic loss: 1.566945, BCE loss: 1.504165, SB loss: 0.926577
2025-03-27 19:23:59,980 Epoch: [5/20] Iter:[180/192], Time: 0.44, lr: [0.007283318226915514], Loss: 4.015161, Acc:0.516216, Semantic loss: 1.572671, BCE loss: 1.514699, SB loss: 0.927791
2025-03-27 19:24:03,849 Epoch: [5/20] Iter:[190/192], Time: 0.44, lr: [0.007259035997499604], Loss: 4.012899, Acc:0.517475, Semantic loss: 1.569528, BCE loss: 1.514594, SB loss: 0.928777
2025-03-27 19:25:36,944 0 [0.         0.52406167 0.1291258  0.07127552 0.08554626 0.03846245
 0.05155528] 0.1285752814926267
2025-03-27 19:25:36,944 1 [0.         0.54235957 0.16141396 0.1878233  0.05167689 0.06071522
 0.05210053] 0.15086992619545175
2025-03-27 19:25:36,950 => saving checkpoint to output\loveda\pidnet_small_loveda\aug_m_rbcheckpoint.pth.tar
2025-03-27 19:25:37,033 Loss: 3.894, MeanIU:  0.1509, Best_mIoU:  0.1675
2025-03-27 19:25:37,034 [0.         0.54235957 0.16141396 0.1878233  0.05167689 0.06071522
 0.05210053]
2025-03-27 19:25:47,300 Epoch: [6/20] Iter:[0/192], Time: 10.07, lr: [0.007254178469372199], Loss: 4.235550, Acc:0.554711, Semantic loss: 1.569904, BCE loss: 1.682116, SB loss: 0.983531
2025-03-27 19:25:51,188 Epoch: [6/20] Iter:[10/192], Time: 1.27, lr: [0.007229885401256642], Loss: 3.819311, Acc:0.537117, Semantic loss: 1.494509, BCE loss: 1.422234, SB loss: 0.902568
2025-03-27 19:25:55,093 Epoch: [6/20] Iter:[20/192], Time: 0.85, lr: [0.0072055832600777334], Loss: 3.836258, Acc:0.522950, Semantic loss: 1.501398, BCE loss: 1.431006, SB loss: 0.903853
2025-03-27 19:25:59,000 Epoch: [6/20] Iter:[30/192], Time: 0.70, lr: [0.007181272008420604], Loss: 3.846889, Acc:0.533619, Semantic loss: 1.508722, BCE loss: 1.438069, SB loss: 0.900098
2025-03-27 19:26:02,891 Epoch: [6/20] Iter:[40/192], Time: 0.63, lr: [0.007156951608574727], Loss: 3.867233, Acc:0.531392, Semantic loss: 1.509246, BCE loss: 1.450998, SB loss: 0.906990
2025-03-27 19:26:06,778 Epoch: [6/20] Iter:[50/192], Time: 0.58, lr: [0.007132622022530447], Loss: 3.867990, Acc:0.529109, Semantic loss: 1.520052, BCE loss: 1.427187, SB loss: 0.920751
2025-03-27 19:26:10,670 Epoch: [6/20] Iter:[60/192], Time: 0.55, lr: [0.007108283211975477], Loss: 3.920547, Acc:0.530913, Semantic loss: 1.530136, BCE loss: 1.480801, SB loss: 0.909610
2025-03-27 19:26:14,551 Epoch: [6/20] Iter:[70/192], Time: 0.53, lr: [0.007083935138291319], Loss: 3.917505, Acc:0.527807, Semantic loss: 1.532672, BCE loss: 1.471645, SB loss: 0.913188
2025-03-27 19:26:18,459 Epoch: [6/20] Iter:[80/192], Time: 0.51, lr: [0.007059577762549636], Loss: 3.925665, Acc:0.532211, Semantic loss: 1.524754, BCE loss: 1.483029, SB loss: 0.917882
2025-03-27 19:26:22,360 Epoch: [6/20] Iter:[90/192], Time: 0.50, lr: [0.007035211045508576], Loss: 3.911104, Acc:0.535824, Semantic loss: 1.513354, BCE loss: 1.491505, SB loss: 0.906244
2025-03-27 19:26:26,260 Epoch: [6/20] Iter:[100/192], Time: 0.49, lr: [0.0070108349476090265], Loss: 3.927274, Acc:0.537011, Semantic loss: 1.513484, BCE loss: 1.507026, SB loss: 0.906764
2025-03-27 19:26:30,123 Epoch: [6/20] Iter:[110/192], Time: 0.48, lr: [0.00698644942897081], Loss: 3.924330, Acc:0.533691, Semantic loss: 1.515666, BCE loss: 1.503041, SB loss: 0.905623
2025-03-27 19:26:34,023 Epoch: [6/20] Iter:[120/192], Time: 0.47, lr: [0.006962054449388827], Loss: 3.934162, Acc:0.532238, Semantic loss: 1.520715, BCE loss: 1.506820, SB loss: 0.906626
2025-03-27 19:26:37,924 Epoch: [6/20] Iter:[130/192], Time: 0.46, lr: [0.006937649968329135], Loss: 3.945995, Acc:0.530091, Semantic loss: 1.524444, BCE loss: 1.514279, SB loss: 0.907272
2025-03-27 19:26:41,831 Epoch: [6/20] Iter:[140/192], Time: 0.46, lr: [0.006913235944924954], Loss: 3.959785, Acc:0.530824, Semantic loss: 1.523440, BCE loss: 1.526800, SB loss: 0.909545
2025-03-27 19:26:45,719 Epoch: [6/20] Iter:[150/192], Time: 0.45, lr: [0.006888812337972621], Loss: 3.952405, Acc:0.530657, Semantic loss: 1.524114, BCE loss: 1.520724, SB loss: 0.907567
2025-03-27 19:26:49,615 Epoch: [6/20] Iter:[160/192], Time: 0.45, lr: [0.00686437910592748], Loss: 3.947692, Acc:0.529956, Semantic loss: 1.524211, BCE loss: 1.515786, SB loss: 0.907694
2025-03-27 19:26:53,516 Epoch: [6/20] Iter:[170/192], Time: 0.45, lr: [0.00683993620689969], Loss: 3.945080, Acc:0.529985, Semantic loss: 1.523087, BCE loss: 1.513757, SB loss: 0.908237
2025-03-27 19:26:57,414 Epoch: [6/20] Iter:[180/192], Time: 0.44, lr: [0.0068154835986499775], Loss: 3.942620, Acc:0.531561, Semantic loss: 1.521266, BCE loss: 1.513546, SB loss: 0.907808
2025-03-27 19:27:01,307 Epoch: [6/20] Iter:[190/192], Time: 0.44, lr: [0.006791021238585323], Loss: 3.936323, Acc:0.532318, Semantic loss: 1.522184, BCE loss: 1.508248, SB loss: 0.905891
2025-03-27 19:28:34,402 0 [0.         0.5491758  0.14217085 0.11823431 0.34170969 0.11429452
 0.00658786] 0.1817390035476029
2025-03-27 19:28:34,402 1 [0.         0.55277862 0.18649584 0.2109937  0.26571016 0.08325139
 0.00696939] 0.18659987403498907
2025-03-27 19:28:34,407 => saving checkpoint to output\loveda\pidnet_small_loveda\aug_m_rbcheckpoint.pth.tar
2025-03-27 19:28:34,533 Loss: 3.599, MeanIU:  0.1866, Best_mIoU:  0.1866
2025-03-27 19:28:34,533 [0.         0.55277862 0.18649584 0.2109937  0.26571016 0.08325139
 0.00696939]
2025-03-27 19:28:44,818 Epoch: [7/20] Iter:[0/192], Time: 10.09, lr: [0.006786127592581251], Loss: 4.324294, Acc:0.532054, Semantic loss: 1.386958, BCE loss: 2.051349, SB loss: 0.885987
2025-03-27 19:28:48,697 Epoch: [7/20] Iter:[10/192], Time: 1.27, lr: [0.006761653473611295], Loss: 3.733330, Acc:0.550157, Semantic loss: 1.410710, BCE loss: 1.504664, SB loss: 0.817956
2025-03-27 19:28:52,591 Epoch: [7/20] Iter:[20/192], Time: 0.85, lr: [0.006737169507854796], Loss: 3.778684, Acc:0.553786, Semantic loss: 1.410425, BCE loss: 1.547598, SB loss: 0.820662
2025-03-27 19:28:56,493 Epoch: [7/20] Iter:[30/192], Time: 0.70, lr: [0.006712675651556858], Loss: 3.823515, Acc:0.559632, Semantic loss: 1.435162, BCE loss: 1.545208, SB loss: 0.843145
2025-03-27 19:29:00,390 Epoch: [7/20] Iter:[40/192], Time: 0.63, lr: [0.006688171860589905], Loss: 3.773410, Acc:0.556993, Semantic loss: 1.434963, BCE loss: 1.492843, SB loss: 0.845604
2025-03-27 19:29:04,302 Epoch: [7/20] Iter:[50/192], Time: 0.58, lr: [0.0066636580904489585], Loss: 3.822347, Acc:0.551079, Semantic loss: 1.458240, BCE loss: 1.501819, SB loss: 0.862287
2025-03-27 19:29:08,209 Epoch: [7/20] Iter:[60/192], Time: 0.55, lr: [0.006639134296246874], Loss: 3.836669, Acc:0.548185, Semantic loss: 1.461992, BCE loss: 1.509375, SB loss: 0.865301
2025-03-27 19:29:12,118 Epoch: [7/20] Iter:[70/192], Time: 0.53, lr: [0.0066146004327094585], Loss: 3.847546, Acc:0.544291, Semantic loss: 1.471617, BCE loss: 1.504840, SB loss: 0.871089
2025-03-27 19:29:16,016 Epoch: [7/20] Iter:[80/192], Time: 0.51, lr: [0.006590056454170537], Loss: 3.852813, Acc:0.545359, Semantic loss: 1.470433, BCE loss: 1.513150, SB loss: 0.869230
2025-03-27 19:29:19,922 Epoch: [7/20] Iter:[90/192], Time: 0.50, lr: [0.006565502314566912], Loss: 3.864176, Acc:0.545388, Semantic loss: 1.480149, BCE loss: 1.500746, SB loss: 0.883281
2025-03-27 19:29:23,823 Epoch: [7/20] Iter:[100/192], Time: 0.49, lr: [0.006540937967433255], Loss: 3.864664, Acc:0.542970, Semantic loss: 1.484954, BCE loss: 1.499949, SB loss: 0.879760
2025-03-27 19:29:27,726 Epoch: [7/20] Iter:[110/192], Time: 0.48, lr: [0.006516363365896894], Loss: 3.852464, Acc:0.543841, Semantic loss: 1.481192, BCE loss: 1.494169, SB loss: 0.877103
2025-03-27 19:29:31,637 Epoch: [7/20] Iter:[120/192], Time: 0.47, lr: [0.006491778462672531], Loss: 3.850207, Acc:0.545530, Semantic loss: 1.473972, BCE loss: 1.501691, SB loss: 0.874544
2025-03-27 19:29:35,537 Epoch: [7/20] Iter:[130/192], Time: 0.46, lr: [0.006467183210056843], Loss: 3.863937, Acc:0.543873, Semantic loss: 1.476409, BCE loss: 1.508404, SB loss: 0.879124
2025-03-27 19:29:39,450 Epoch: [7/20] Iter:[140/192], Time: 0.46, lr: [0.006442577559923017], Loss: 3.861916, Acc:0.544500, Semantic loss: 1.475173, BCE loss: 1.508237, SB loss: 0.878506
2025-03-27 19:29:43,343 Epoch: [7/20] Iter:[150/192], Time: 0.45, lr: [0.006417961463715172], Loss: 3.854844, Acc:0.544038, Semantic loss: 1.478165, BCE loss: 1.498892, SB loss: 0.877786
2025-03-27 19:29:47,256 Epoch: [7/20] Iter:[160/192], Time: 0.45, lr: [0.006393334872442681], Loss: 3.861457, Acc:0.543828, Semantic loss: 1.482914, BCE loss: 1.499020, SB loss: 0.879522
2025-03-27 19:29:51,172 Epoch: [7/20] Iter:[170/192], Time: 0.45, lr: [0.006368697736674411], Loss: 3.866184, Acc:0.544596, Semantic loss: 1.486745, BCE loss: 1.496725, SB loss: 0.882713
2025-03-27 19:29:55,080 Epoch: [7/20] Iter:[180/192], Time: 0.44, lr: [0.006344050006532848], Loss: 3.872153, Acc:0.544141, Semantic loss: 1.488658, BCE loss: 1.500483, SB loss: 0.883012
2025-03-27 19:29:58,941 Epoch: [7/20] Iter:[190/192], Time: 0.44, lr: [0.006319391631688114], Loss: 3.873105, Acc:0.545391, Semantic loss: 1.485552, BCE loss: 1.501609, SB loss: 0.885944
2025-03-27 19:31:32,094 0 [0.         0.57476092 0.19818985 0.15139205 0.19052942 0.10967651
 0.01965152] 0.17774289456592565
2025-03-27 19:31:32,095 1 [0.         0.58599502 0.18065948 0.21816822 0.12654695 0.06702515
 0.02153903] 0.17141912000199416
2025-03-27 19:31:32,100 => saving checkpoint to output\loveda\pidnet_small_loveda\aug_m_rbcheckpoint.pth.tar
2025-03-27 19:31:32,177 Loss: 3.805, MeanIU:  0.1714, Best_mIoU:  0.1866
2025-03-27 19:31:32,177 [0.         0.58599502 0.18065948 0.21816822 0.12654695 0.06702515
 0.02153903]
2025-03-27 19:31:42,371 Epoch: [8/20] Iter:[0/192], Time: 10.00, lr: [0.006314458674893553], Loss: 3.752267, Acc:0.615054, Semantic loss: 1.270883, BCE loss: 1.763912, SB loss: 0.717471
2025-03-27 19:31:46,258 Epoch: [8/20] Iter:[10/192], Time: 1.26, lr: [0.006289787459323657], Loss: 3.863664, Acc:0.560280, Semantic loss: 1.441251, BCE loss: 1.516409, SB loss: 0.906005
2025-03-27 19:31:50,168 Epoch: [8/20] Iter:[20/192], Time: 0.85, lr: [0.006265105486702424], Loss: 3.849902, Acc:0.555129, Semantic loss: 1.464172, BCE loss: 1.487923, SB loss: 0.897807
2025-03-27 19:31:54,054 Epoch: [8/20] Iter:[30/192], Time: 0.70, lr: [0.006240412705211017], Loss: 3.831525, Acc:0.547465, Semantic loss: 1.464049, BCE loss: 1.464723, SB loss: 0.902753
2025-03-27 19:31:57,943 Epoch: [8/20] Iter:[40/192], Time: 0.62, lr: [0.006215709062551949], Loss: 3.803308, Acc:0.550060, Semantic loss: 1.443053, BCE loss: 1.474191, SB loss: 0.886064
2025-03-27 19:32:01,856 Epoch: [8/20] Iter:[50/192], Time: 0.58, lr: [0.006190994505942529], Loss: 3.791654, Acc:0.547287, Semantic loss: 1.462162, BCE loss: 1.446995, SB loss: 0.882496
2025-03-27 19:32:05,746 Epoch: [8/20] Iter:[60/192], Time: 0.55, lr: [0.006166268982108192], Loss: 3.778291, Acc:0.545711, Semantic loss: 1.466541, BCE loss: 1.432584, SB loss: 0.879166
2025-03-27 19:32:09,629 Epoch: [8/20] Iter:[70/192], Time: 0.52, lr: [0.006141532437275693], Loss: 3.766957, Acc:0.542979, Semantic loss: 1.463978, BCE loss: 1.425789, SB loss: 0.877189
2025-03-27 19:32:13,531 Epoch: [8/20] Iter:[80/192], Time: 0.51, lr: [0.006116784817166194], Loss: 3.773226, Acc:0.540051, Semantic loss: 1.464430, BCE loss: 1.429693, SB loss: 0.879103
2025-03-27 19:32:17,445 Epoch: [8/20] Iter:[90/192], Time: 0.50, lr: [0.006092026066988214], Loss: 3.800865, Acc:0.540546, Semantic loss: 1.471607, BCE loss: 1.453369, SB loss: 0.875889
2025-03-27 19:32:21,340 Epoch: [8/20] Iter:[100/192], Time: 0.48, lr: [0.006067256131430442], Loss: 3.817767, Acc:0.539327, Semantic loss: 1.474274, BCE loss: 1.466418, SB loss: 0.877075
2025-03-27 19:32:25,243 Epoch: [8/20] Iter:[110/192], Time: 0.48, lr: [0.00604247495465443], Loss: 3.820188, Acc:0.541166, Semantic loss: 1.468761, BCE loss: 1.475632, SB loss: 0.875795
2025-03-27 19:32:29,156 Epoch: [8/20] Iter:[120/192], Time: 0.47, lr: [0.006017682480287143], Loss: 3.824078, Acc:0.542600, Semantic loss: 1.471073, BCE loss: 1.474243, SB loss: 0.878762
2025-03-27 19:32:33,068 Epoch: [8/20] Iter:[130/192], Time: 0.46, lr: [0.00599287865141337], Loss: 3.824896, Acc:0.543581, Semantic loss: 1.471518, BCE loss: 1.474071, SB loss: 0.879307
2025-03-27 19:32:36,954 Epoch: [8/20] Iter:[140/192], Time: 0.46, lr: [0.005968063410567983], Loss: 3.824842, Acc:0.543444, Semantic loss: 1.468173, BCE loss: 1.474404, SB loss: 0.882265
2025-03-27 19:32:40,852 Epoch: [8/20] Iter:[150/192], Time: 0.45, lr: [0.00594323669972807], Loss: 3.827490, Acc:0.545697, Semantic loss: 1.464985, BCE loss: 1.482847, SB loss: 0.879659
2025-03-27 19:32:44,755 Epoch: [8/20] Iter:[160/192], Time: 0.45, lr: [0.005918398460304892], Loss: 3.829781, Acc:0.546768, Semantic loss: 1.464688, BCE loss: 1.485347, SB loss: 0.879746
2025-03-27 19:32:48,661 Epoch: [8/20] Iter:[170/192], Time: 0.45, lr: [0.0058935486331357125], Loss: 3.838581, Acc:0.546923, Semantic loss: 1.465914, BCE loss: 1.491401, SB loss: 0.881267
2025-03-27 19:32:52,550 Epoch: [8/20] Iter:[180/192], Time: 0.44, lr: [0.005868687158475447], Loss: 3.838280, Acc:0.547885, Semantic loss: 1.463989, BCE loss: 1.492760, SB loss: 0.881532
2025-03-27 19:32:56,412 Epoch: [8/20] Iter:[190/192], Time: 0.44, lr: [0.005843813975988169], Loss: 3.834457, Acc:0.548689, Semantic loss: 1.459666, BCE loss: 1.495902, SB loss: 0.878889
2025-03-27 19:34:29,405 0 [0.         0.57749739 0.22001874 0.19052007 0.16418667 0.04378727
 0.04221572] 0.17688940812381135
2025-03-27 19:34:29,405 1 [0.         0.58396436 0.31645945 0.26453456 0.22671506 0.05298665
 0.08357266] 0.21831896403556836
2025-03-27 19:34:29,410 => saving checkpoint to output\loveda\pidnet_small_loveda\aug_m_rbcheckpoint.pth.tar
2025-03-27 19:34:29,535 Loss: 3.551, MeanIU:  0.2183, Best_mIoU:  0.2183
2025-03-27 19:34:29,535 [0.         0.58396436 0.31645945 0.26453456 0.22671506 0.05298665
 0.08357266]
2025-03-27 19:34:39,709 Epoch: [9/20] Iter:[0/192], Time: 9.98, lr: [0.0058388379291998025], Loss: 3.626045, Acc:0.604167, Semantic loss: 1.305203, BCE loss: 1.605670, SB loss: 0.715172
2025-03-27 19:34:43,614 Epoch: [9/20] Iter:[10/192], Time: 1.26, lr: [0.0058139506168319475], Loss: 3.602685, Acc:0.562189, Semantic loss: 1.384119, BCE loss: 1.416203, SB loss: 0.802363
2025-03-27 19:34:47,512 Epoch: [9/20] Iter:[20/192], Time: 0.85, lr: [0.005789051461775303], Loss: 3.670905, Acc:0.555034, Semantic loss: 1.427828, BCE loss: 1.428238, SB loss: 0.814840
2025-03-27 19:34:51,408 Epoch: [9/20] Iter:[30/192], Time: 0.70, lr: [0.005764140401744157], Loss: 3.695295, Acc:0.551080, Semantic loss: 1.435068, BCE loss: 1.434802, SB loss: 0.825425
2025-03-27 19:34:55,314 Epoch: [9/20] Iter:[40/192], Time: 0.62, lr: [0.005739217373824397], Loss: 3.727402, Acc:0.549797, Semantic loss: 1.439256, BCE loss: 1.447568, SB loss: 0.840579
2025-03-27 19:34:59,216 Epoch: [9/20] Iter:[50/192], Time: 0.58, lr: [0.005714282314464109], Loss: 3.763577, Acc:0.552100, Semantic loss: 1.429564, BCE loss: 1.488898, SB loss: 0.845115
2025-03-27 19:35:03,117 Epoch: [9/20] Iter:[60/192], Time: 0.55, lr: [0.005689335159463984], Loss: 3.757367, Acc:0.556173, Semantic loss: 1.430772, BCE loss: 1.476910, SB loss: 0.849685
2025-03-27 19:35:07,004 Epoch: [9/20] Iter:[70/192], Time: 0.53, lr: [0.0056643758439675305], Loss: 3.765636, Acc:0.555010, Semantic loss: 1.430738, BCE loss: 1.481495, SB loss: 0.853402
2025-03-27 19:35:10,917 Epoch: [9/20] Iter:[80/192], Time: 0.51, lr: [0.005639404302451105], Loss: 3.739479, Acc:0.560788, Semantic loss: 1.420335, BCE loss: 1.470718, SB loss: 0.848426
2025-03-27 19:35:14,825 Epoch: [9/20] Iter:[90/192], Time: 0.50, lr: [0.005614420468713722], Loss: 3.753926, Acc:0.558781, Semantic loss: 1.428202, BCE loss: 1.471048, SB loss: 0.854677
2025-03-27 19:35:18,741 Epoch: [9/20] Iter:[100/192], Time: 0.49, lr: [0.005589424275866668], Loss: 3.755829, Acc:0.559965, Semantic loss: 1.429051, BCE loss: 1.471541, SB loss: 0.855237
2025-03-27 19:35:22,653 Epoch: [9/20] Iter:[110/192], Time: 0.48, lr: [0.005564415656322913], Loss: 3.772825, Acc:0.559333, Semantic loss: 1.432736, BCE loss: 1.482538, SB loss: 0.857551
2025-03-27 19:35:26,553 Epoch: [9/20] Iter:[120/192], Time: 0.47, lr: [0.00553939454178628], Loss: 3.775761, Acc:0.560493, Semantic loss: 1.428140, BCE loss: 1.492732, SB loss: 0.854888
2025-03-27 19:35:30,457 Epoch: [9/20] Iter:[130/192], Time: 0.46, lr: [0.005514360863240413], Loss: 3.770474, Acc:0.559521, Semantic loss: 1.427793, BCE loss: 1.487951, SB loss: 0.854730
2025-03-27 19:35:34,356 Epoch: [9/20] Iter:[140/192], Time: 0.46, lr: [0.005489314550937511], Loss: 3.757237, Acc:0.562075, Semantic loss: 1.417602, BCE loss: 1.487412, SB loss: 0.852223
2025-03-27 19:35:38,249 Epoch: [9/20] Iter:[150/192], Time: 0.45, lr: [0.005464255534386825], Loss: 3.750504, Acc:0.564303, Semantic loss: 1.412125, BCE loss: 1.485385, SB loss: 0.852995
2025-03-27 19:35:42,162 Epoch: [9/20] Iter:[160/192], Time: 0.45, lr: [0.005439183742342914], Loss: 3.760196, Acc:0.564407, Semantic loss: 1.414676, BCE loss: 1.492570, SB loss: 0.852950
2025-03-27 19:35:46,046 Epoch: [9/20] Iter:[170/192], Time: 0.45, lr: [0.00541409910279366], Loss: 3.766919, Acc:0.563014, Semantic loss: 1.416497, BCE loss: 1.496741, SB loss: 0.853681
2025-03-27 19:35:49,943 Epoch: [9/20] Iter:[180/192], Time: 0.44, lr: [0.005389001542948025], Loss: 3.784142, Acc:0.560357, Semantic loss: 1.427872, BCE loss: 1.500063, SB loss: 0.856207
2025-03-27 19:35:53,810 Epoch: [9/20] Iter:[190/192], Time: 0.44, lr: [0.005363890989223547], Loss: 3.779908, Acc:0.558311, Semantic loss: 1.431651, BCE loss: 1.490622, SB loss: 0.857635
2025-03-27 19:37:26,897 0 [0.         0.53868485 0.18874129 0.20866364 0.12584254 0.00947907
 0.01682589] 0.155462468664693
2025-03-27 19:37:26,897 1 [0.         0.57158502 0.23352604 0.29861939 0.01902203 0.05153201
 0.01507359] 0.1699082965526769
2025-03-27 19:37:26,902 => saving checkpoint to output\loveda\pidnet_small_loveda\aug_m_rbcheckpoint.pth.tar
2025-03-27 19:37:26,979 Loss: 3.951, MeanIU:  0.1699, Best_mIoU:  0.2183
2025-03-27 19:37:26,979 [0.         0.57158502 0.23352604 0.29861939 0.01902203 0.05153201
 0.01507359]
2025-03-27 19:37:37,252 Epoch: [10/20] Iter:[0/192], Time: 10.08, lr: [0.005358867312681466], Loss: 3.667600, Acc:0.604850, Semantic loss: 1.388744, BCE loss: 1.595634, SB loss: 0.683222
2025-03-27 19:37:41,160 Epoch: [10/20] Iter:[10/192], Time: 1.27, lr: [0.005333741068040314], Loss: 3.971307, Acc:0.550069, Semantic loss: 1.494787, BCE loss: 1.608626, SB loss: 0.867894
2025-03-27 19:37:45,059 Epoch: [10/20] Iter:[20/192], Time: 0.85, lr: [0.0053086016647897714], Loss: 3.945202, Acc:0.551908, Semantic loss: 1.495945, BCE loss: 1.581864, SB loss: 0.867393
2025-03-27 19:37:48,946 Epoch: [10/20] Iter:[30/192], Time: 0.70, lr: [0.005283449026727663], Loss: 3.955437, Acc:0.548339, Semantic loss: 1.486418, BCE loss: 1.595308, SB loss: 0.873711
2025-03-27 19:37:52,865 Epoch: [10/20] Iter:[40/192], Time: 0.63, lr: [0.005258283076804885], Loss: 3.925389, Acc:0.560122, Semantic loss: 1.458118, BCE loss: 1.603810, SB loss: 0.863461
2025-03-27 19:37:56,755 Epoch: [10/20] Iter:[50/192], Time: 0.58, lr: [0.00523310373711144], Loss: 3.878133, Acc:0.560254, Semantic loss: 1.440925, BCE loss: 1.583491, SB loss: 0.853716
2025-03-27 19:38:00,658 Epoch: [10/20] Iter:[60/192], Time: 0.55, lr: [0.005207910928862159], Loss: 3.845098, Acc:0.561791, Semantic loss: 1.431685, BCE loss: 1.565692, SB loss: 0.847721
2025-03-27 19:38:04,548 Epoch: [10/20] Iter:[70/192], Time: 0.53, lr: [0.005182704572382109], Loss: 3.808531, Acc:0.562702, Semantic loss: 1.426720, BCE loss: 1.539845, SB loss: 0.841966
2025-03-27 19:38:08,452 Epoch: [10/20] Iter:[80/192], Time: 0.51, lr: [0.005157484587091684], Loss: 3.818120, Acc:0.563240, Semantic loss: 1.427810, BCE loss: 1.543763, SB loss: 0.846547
2025-03-27 19:38:12,370 Epoch: [10/20] Iter:[90/192], Time: 0.50, lr: [0.005132250891491357], Loss: 3.796640, Acc:0.562628, Semantic loss: 1.423481, BCE loss: 1.533622, SB loss: 0.839537
2025-03-27 19:38:16,264 Epoch: [10/20] Iter:[100/192], Time: 0.49, lr: [0.005107003403146087], Loss: 3.775122, Acc:0.563598, Semantic loss: 1.421410, BCE loss: 1.512940, SB loss: 0.840772
2025-03-27 19:38:20,182 Epoch: [10/20] Iter:[110/192], Time: 0.48, lr: [0.005081742038669388], Loss: 3.785598, Acc:0.562430, Semantic loss: 1.426145, BCE loss: 1.512084, SB loss: 0.847369
2025-03-27 19:38:24,075 Epoch: [10/20] Iter:[120/192], Time: 0.47, lr: [0.005056466713707024], Loss: 3.780890, Acc:0.561125, Semantic loss: 1.430629, BCE loss: 1.498687, SB loss: 0.851574
2025-03-27 19:38:27,978 Epoch: [10/20] Iter:[130/192], Time: 0.46, lr: [0.005031177342920337], Loss: 3.773917, Acc:0.561608, Semantic loss: 1.430715, BCE loss: 1.492720, SB loss: 0.850482
2025-03-27 19:38:31,851 Epoch: [10/20] Iter:[140/192], Time: 0.46, lr: [0.005005873839969192], Loss: 3.772254, Acc:0.560437, Semantic loss: 1.432284, BCE loss: 1.482744, SB loss: 0.857226
2025-03-27 19:38:35,764 Epoch: [10/20] Iter:[150/192], Time: 0.45, lr: [0.00498055611749454], Loss: 3.777651, Acc:0.560473, Semantic loss: 1.434218, BCE loss: 1.483850, SB loss: 0.859583
2025-03-27 19:38:39,659 Epoch: [10/20] Iter:[160/192], Time: 0.45, lr: [0.004955224087100552], Loss: 3.772086, Acc:0.561334, Semantic loss: 1.429941, BCE loss: 1.484408, SB loss: 0.857737
2025-03-27 19:38:43,566 Epoch: [10/20] Iter:[170/192], Time: 0.45, lr: [0.004929877659336362], Loss: 3.772904, Acc:0.562875, Semantic loss: 1.427289, BCE loss: 1.486422, SB loss: 0.859193
2025-03-27 19:38:47,458 Epoch: [10/20] Iter:[180/192], Time: 0.44, lr: [0.004904516743677371], Loss: 3.766887, Acc:0.561987, Semantic loss: 1.426692, BCE loss: 1.481711, SB loss: 0.858484
2025-03-27 19:38:51,328 Epoch: [10/20] Iter:[190/192], Time: 0.44, lr: [0.00487914124850611], Loss: 3.770815, Acc:0.562216, Semantic loss: 1.427047, BCE loss: 1.485489, SB loss: 0.858279
2025-03-27 19:40:24,189 0 [0.         0.5763196  0.20319795 0.20238168 0.30869342 0.11976002
 0.05392426] 0.20918241808769503
2025-03-27 19:40:24,189 1 [0.         0.61916033 0.26439059 0.28342941 0.36582285 0.10226146
 0.04712731] 0.240313135081492
2025-03-27 19:40:24,195 => saving checkpoint to output\loveda\pidnet_small_loveda\aug_m_rbcheckpoint.pth.tar
2025-03-27 19:40:24,365 Loss: 3.440, MeanIU:  0.2403, Best_mIoU:  0.2403
2025-03-27 19:40:24,365 [0.         0.61916033 0.26439059 0.28342941 0.36582285 0.10226146
 0.04712731]
2025-03-27 19:40:34,554 Epoch: [11/20] Iter:[0/192], Time: 9.99, lr: [0.004874064391789954], Loss: 3.700752, Acc:0.685992, Semantic loss: 1.234960, BCE loss: 1.633753, SB loss: 0.832039
2025-03-27 19:40:38,439 Epoch: [11/20] Iter:[10/192], Time: 1.26, lr: [0.004848671278701159], Loss: 3.596452, Acc:0.608804, Semantic loss: 1.264238, BCE loss: 1.531558, SB loss: 0.800656
2025-03-27 19:40:42,326 Epoch: [11/20] Iter:[20/192], Time: 0.85, lr: [0.0048232633805975296], Loss: 3.666473, Acc:0.588684, Semantic loss: 1.316941, BCE loss: 1.542974, SB loss: 0.806559
2025-03-27 19:40:46,241 Epoch: [11/20] Iter:[30/192], Time: 0.70, lr: [0.00479784060223045], Loss: 3.664896, Acc:0.579480, Semantic loss: 1.357866, BCE loss: 1.489250, SB loss: 0.817780
2025-03-27 19:40:50,134 Epoch: [11/20] Iter:[40/192], Time: 0.62, lr: [0.004772402847172951], Loss: 3.639579, Acc:0.582791, Semantic loss: 1.351176, BCE loss: 1.475124, SB loss: 0.813278
2025-03-27 19:40:54,034 Epoch: [11/20] Iter:[50/192], Time: 0.58, lr: [0.004746950017798064], Loss: 3.643524, Acc:0.584904, Semantic loss: 1.339048, BCE loss: 1.482895, SB loss: 0.821581
2025-03-27 19:40:57,943 Epoch: [11/20] Iter:[60/192], Time: 0.55, lr: [0.004721482015256639], Loss: 3.638635, Acc:0.585719, Semantic loss: 1.336450, BCE loss: 1.476039, SB loss: 0.826146
2025-03-27 19:41:01,867 Epoch: [11/20] Iter:[70/192], Time: 0.53, lr: [0.004695998739454633], Loss: 3.665947, Acc:0.588695, Semantic loss: 1.343970, BCE loss: 1.493490, SB loss: 0.828487
2025-03-27 19:41:05,752 Epoch: [11/20] Iter:[80/192], Time: 0.51, lr: [0.004670500089029817], Loss: 3.662791, Acc:0.587441, Semantic loss: 1.341735, BCE loss: 1.495490, SB loss: 0.825565
2025-03-27 19:41:09,646 Epoch: [11/20] Iter:[90/192], Time: 0.50, lr: [0.004644985961327915], Loss: 3.663874, Acc:0.580712, Semantic loss: 1.362015, BCE loss: 1.474504, SB loss: 0.827355
2025-03-27 19:41:13,561 Epoch: [11/20] Iter:[100/192], Time: 0.49, lr: [0.004619456252378151], Loss: 3.666740, Acc:0.580595, Semantic loss: 1.362938, BCE loss: 1.476045, SB loss: 0.827757
2025-03-27 19:41:17,469 Epoch: [11/20] Iter:[110/192], Time: 0.48, lr: [0.004593910856868159], Loss: 3.677352, Acc:0.579838, Semantic loss: 1.368270, BCE loss: 1.473639, SB loss: 0.835442
2025-03-27 19:41:21,367 Epoch: [11/20] Iter:[120/192], Time: 0.47, lr: [0.004568349668118281], Loss: 3.687723, Acc:0.576922, Semantic loss: 1.373449, BCE loss: 1.474342, SB loss: 0.839932
2025-03-27 19:41:25,263 Epoch: [11/20] Iter:[130/192], Time: 0.46, lr: [0.004542772578055196], Loss: 3.696704, Acc:0.574533, Semantic loss: 1.377422, BCE loss: 1.476291, SB loss: 0.842990
2025-03-27 19:41:29,169 Epoch: [11/20] Iter:[140/192], Time: 0.46, lr: [0.00451717947718487], Loss: 3.699238, Acc:0.575483, Semantic loss: 1.374479, BCE loss: 1.485022, SB loss: 0.839737
2025-03-27 19:41:33,068 Epoch: [11/20] Iter:[150/192], Time: 0.45, lr: [0.004491570254564817], Loss: 3.706919, Acc:0.573468, Semantic loss: 1.380849, BCE loss: 1.481904, SB loss: 0.844166
2025-03-27 19:41:36,959 Epoch: [11/20] Iter:[160/192], Time: 0.45, lr: [0.004465944797775636], Loss: 3.707442, Acc:0.573125, Semantic loss: 1.380769, BCE loss: 1.481431, SB loss: 0.845242
2025-03-27 19:41:40,857 Epoch: [11/20] Iter:[170/192], Time: 0.45, lr: [0.004440302992891796], Loss: 3.712547, Acc:0.572135, Semantic loss: 1.382622, BCE loss: 1.484410, SB loss: 0.845514
2025-03-27 19:41:44,749 Epoch: [11/20] Iter:[180/192], Time: 0.44, lr: [0.004414644724451659], Loss: 3.716176, Acc:0.570527, Semantic loss: 1.385165, BCE loss: 1.483479, SB loss: 0.847532
2025-03-27 19:41:48,623 Epoch: [11/20] Iter:[190/192], Time: 0.44, lr: [0.004388969875426714], Loss: 3.715756, Acc:0.571015, Semantic loss: 1.387125, BCE loss: 1.479372, SB loss: 0.849259
2025-03-27 19:43:21,612 0 [0.         0.57994313 0.25069687 0.23042097 0.19245142 0.15337064
 0.04977748] 0.2080943603778291
2025-03-27 19:43:21,612 1 [0.         0.62348518 0.36575737 0.29169773 0.25527599 0.15174341
 0.03624558] 0.2463150358025084
2025-03-27 19:43:21,618 => saving checkpoint to output\loveda\pidnet_small_loveda\aug_m_rbcheckpoint.pth.tar
2025-03-27 19:43:21,755 Loss: 3.673, MeanIU:  0.2463, Best_mIoU:  0.2463
2025-03-27 19:43:21,755 [0.         0.62348518 0.36575737 0.29169773 0.25527599 0.15174341
 0.03624558]
2025-03-27 19:43:31,914 Epoch: [12/20] Iter:[0/192], Time: 9.97, lr: [0.0043838329055408696], Loss: 3.724972, Acc:0.683444, Semantic loss: 1.176210, BCE loss: 1.749938, SB loss: 0.798825
2025-03-27 19:43:35,805 Epoch: [12/20] Iter:[10/192], Time: 1.26, lr: [0.004358138003083593], Loss: 3.796857, Acc:0.579367, Semantic loss: 1.369733, BCE loss: 1.635237, SB loss: 0.791887
2025-03-27 19:43:39,690 Epoch: [12/20] Iter:[20/192], Time: 0.84, lr: [0.0043324262569064236], Loss: 3.791582, Acc:0.574832, Semantic loss: 1.386830, BCE loss: 1.550176, SB loss: 0.854575
2025-03-27 19:43:43,592 Epoch: [12/20] Iter:[30/192], Time: 0.70, lr: [0.0043066975447503065], Loss: 3.759206, Acc:0.568360, Semantic loss: 1.413722, BCE loss: 1.504536, SB loss: 0.840948
2025-03-27 19:43:47,511 Epoch: [12/20] Iter:[40/192], Time: 0.62, lr: [0.00428095174265078], Loss: 3.738089, Acc:0.578914, Semantic loss: 1.396459, BCE loss: 1.514967, SB loss: 0.826663
2025-03-27 19:43:51,427 Epoch: [12/20] Iter:[50/192], Time: 0.58, lr: [0.004255188724902623], Loss: 3.751269, Acc:0.579301, Semantic loss: 1.394700, BCE loss: 1.522580, SB loss: 0.833989
2025-03-27 19:43:55,323 Epoch: [12/20] Iter:[60/192], Time: 0.55, lr: [0.004229408364023519], Loss: 3.750650, Acc:0.585049, Semantic loss: 1.386082, BCE loss: 1.533071, SB loss: 0.831497
2025-03-27 19:43:59,213 Epoch: [12/20] Iter:[70/192], Time: 0.52, lr: [0.004203610530716726], Loss: 3.742469, Acc:0.581313, Semantic loss: 1.391615, BCE loss: 1.517081, SB loss: 0.833773
2025-03-27 19:44:03,122 Epoch: [12/20] Iter:[80/192], Time: 0.51, lr: [0.004177795093832693], Loss: 3.739449, Acc:0.581054, Semantic loss: 1.395740, BCE loss: 1.514927, SB loss: 0.828782
2025-03-27 19:44:07,006 Epoch: [12/20] Iter:[90/192], Time: 0.50, lr: [0.004151961920329593], Loss: 3.722188, Acc:0.580457, Semantic loss: 1.396373, BCE loss: 1.501429, SB loss: 0.824386
2025-03-27 19:44:10,910 Epoch: [12/20] Iter:[100/192], Time: 0.48, lr: [0.004126110875232744], Loss: 3.721435, Acc:0.584157, Semantic loss: 1.389009, BCE loss: 1.507666, SB loss: 0.824759
2025-03-27 19:44:14,807 Epoch: [12/20] Iter:[110/192], Time: 0.48, lr: [0.004100241821592866], Loss: 3.709012, Acc:0.581763, Semantic loss: 1.384804, BCE loss: 1.497435, SB loss: 0.826772
2025-03-27 19:44:18,703 Epoch: [12/20] Iter:[120/192], Time: 0.47, lr: [0.00407435462044314], Loss: 3.701681, Acc:0.583128, Semantic loss: 1.377209, BCE loss: 1.497744, SB loss: 0.826728
2025-03-27 19:44:22,603 Epoch: [12/20] Iter:[130/192], Time: 0.46, lr: [0.004048449130755016], Loss: 3.700134, Acc:0.581243, Semantic loss: 1.376628, BCE loss: 1.498529, SB loss: 0.824977
2025-03-27 19:44:26,521 Epoch: [12/20] Iter:[140/192], Time: 0.46, lr: [0.004022525209392749], Loss: 3.700594, Acc:0.581210, Semantic loss: 1.373225, BCE loss: 1.501897, SB loss: 0.825472
2025-03-27 19:44:30,415 Epoch: [12/20] Iter:[150/192], Time: 0.45, lr: [0.003996582711066572], Loss: 3.693937, Acc:0.580675, Semantic loss: 1.368053, BCE loss: 1.500582, SB loss: 0.825301
2025-03-27 19:44:34,312 Epoch: [12/20] Iter:[160/192], Time: 0.45, lr: [0.003970621488284514], Loss: 3.684991, Acc:0.580065, Semantic loss: 1.365247, BCE loss: 1.491348, SB loss: 0.828396
2025-03-27 19:44:38,210 Epoch: [12/20] Iter:[170/192], Time: 0.45, lr: [0.003944641391302759], Loss: 3.687734, Acc:0.577572, Semantic loss: 1.370332, BCE loss: 1.486798, SB loss: 0.830604
2025-03-27 19:44:42,092 Epoch: [12/20] Iter:[180/192], Time: 0.44, lr: [0.003918642268074522], Loss: 3.678139, Acc:0.577045, Semantic loss: 1.371802, BCE loss: 1.474300, SB loss: 0.832037
2025-03-27 19:44:45,957 Epoch: [12/20] Iter:[190/192], Time: 0.44, lr: [0.003892623964197378], Loss: 3.678081, Acc:0.576280, Semantic loss: 1.371239, BCE loss: 1.473104, SB loss: 0.833739
2025-03-27 19:46:18,937 0 [0.         0.6098825  0.29774883 0.23592072 0.27455913 0.08368469
 0.04468182] 0.22092538441799014
2025-03-27 19:46:18,937 1 [0.         0.62321116 0.4207797  0.33206525 0.30182099 0.05199009
 0.04943166] 0.2541855509503764
2025-03-27 19:46:18,942 => saving checkpoint to output\loveda\pidnet_small_loveda\aug_m_rbcheckpoint.pth.tar
2025-03-27 19:46:19,065 Loss: 3.430, MeanIU:  0.2542, Best_mIoU:  0.2542
2025-03-27 19:46:19,065 [0.         0.62321116 0.4207797  0.33206525 0.30182099 0.05199009
 0.04943166]
2025-03-27 19:46:29,240 Epoch: [13/20] Iter:[0/192], Time: 9.98, lr: [0.0038874179879876346], Loss: 3.772856, Acc:0.658415, Semantic loss: 1.222208, BCE loss: 1.833263, SB loss: 0.717385
2025-03-27 19:46:33,133 Epoch: [13/20] Iter:[10/192], Time: 1.26, lr: [0.003861376460123532], Loss: 3.768068, Acc:0.588464, Semantic loss: 1.316437, BCE loss: 1.587307, SB loss: 0.864325
2025-03-27 19:46:37,040 Epoch: [13/20] Iter:[20/192], Time: 0.85, lr: [0.003835315403363414], Loss: 3.758157, Acc:0.590314, Semantic loss: 1.376193, BCE loss: 1.519050, SB loss: 0.862914
2025-03-27 19:46:40,941 Epoch: [13/20] Iter:[30/192], Time: 0.70, lr: [0.00380923465539378], Loss: 3.676591, Acc:0.595544, Semantic loss: 1.340838, BCE loss: 1.490444, SB loss: 0.845309
2025-03-27 19:46:44,823 Epoch: [13/20] Iter:[40/192], Time: 0.62, lr: [0.0037831340513060203], Loss: 3.677937, Acc:0.594731, Semantic loss: 1.336128, BCE loss: 1.503385, SB loss: 0.838425
2025-03-27 19:46:48,743 Epoch: [13/20] Iter:[50/192], Time: 0.58, lr: [0.003757013423534689], Loss: 3.691337, Acc:0.597835, Semantic loss: 1.339112, BCE loss: 1.514444, SB loss: 0.837781
2025-03-27 19:46:52,615 Epoch: [13/20] Iter:[60/192], Time: 0.55, lr: [0.003730872601793835], Loss: 3.675862, Acc:0.594788, Semantic loss: 1.329810, BCE loss: 1.512121, SB loss: 0.833930
2025-03-27 19:46:56,491 Epoch: [13/20] Iter:[70/192], Time: 0.52, lr: [0.0037047114130112895], Loss: 3.646923, Acc:0.595704, Semantic loss: 1.322815, BCE loss: 1.496736, SB loss: 0.827372
2025-03-27 19:47:00,395 Epoch: [13/20] Iter:[80/192], Time: 0.51, lr: [0.0036785296812608405], Loss: 3.665227, Acc:0.589546, Semantic loss: 1.351657, BCE loss: 1.468207, SB loss: 0.845363
2025-03-27 19:47:04,293 Epoch: [13/20] Iter:[90/192], Time: 0.49, lr: [0.003652327227692201], Loss: 3.685478, Acc:0.586029, Semantic loss: 1.357972, BCE loss: 1.482503, SB loss: 0.845002
2025-03-27 19:47:08,177 Epoch: [13/20] Iter:[100/192], Time: 0.48, lr: [0.0036261038704587037], Loss: 3.700700, Acc:0.583684, Semantic loss: 1.360535, BCE loss: 1.493706, SB loss: 0.846460
2025-03-27 19:47:12,084 Epoch: [13/20] Iter:[110/192], Time: 0.48, lr: [0.003599859424642584], Loss: 3.703358, Acc:0.584527, Semantic loss: 1.359490, BCE loss: 1.496536, SB loss: 0.847332
2025-03-27 19:47:15,984 Epoch: [13/20] Iter:[120/192], Time: 0.47, lr: [0.0035735937021778063], Loss: 3.693185, Acc:0.584785, Semantic loss: 1.357487, BCE loss: 1.491694, SB loss: 0.844004
2025-03-27 19:47:19,889 Epoch: [13/20] Iter:[130/192], Time: 0.46, lr: [0.0035473065117702885], Loss: 3.680195, Acc:0.584991, Semantic loss: 1.354590, BCE loss: 1.485264, SB loss: 0.840342
2025-03-27 19:47:23,796 Epoch: [13/20] Iter:[140/192], Time: 0.46, lr: [0.003520997658815433], Loss: 3.667039, Acc:0.586347, Semantic loss: 1.351644, BCE loss: 1.479017, SB loss: 0.836378
2025-03-27 19:47:27,700 Epoch: [13/20] Iter:[150/192], Time: 0.45, lr: [0.003494666945312851], Loss: 3.660888, Acc:0.585724, Semantic loss: 1.352635, BCE loss: 1.471849, SB loss: 0.836405
2025-03-27 19:47:31,590 Epoch: [13/20] Iter:[160/192], Time: 0.45, lr: [0.00346831416977816], Loss: 3.651750, Acc:0.585583, Semantic loss: 1.352653, BCE loss: 1.463987, SB loss: 0.835110
2025-03-27 19:47:35,504 Epoch: [13/20] Iter:[170/192], Time: 0.45, lr: [0.003441939127151716], Loss: 3.649442, Acc:0.587005, Semantic loss: 1.349656, BCE loss: 1.465458, SB loss: 0.834328
2025-03-27 19:47:39,407 Epoch: [13/20] Iter:[180/192], Time: 0.44, lr: [0.0034155416087041646], Loss: 3.640257, Acc:0.588081, Semantic loss: 1.344642, BCE loss: 1.463527, SB loss: 0.832089
2025-03-27 19:47:43,288 Epoch: [13/20] Iter:[190/192], Time: 0.44, lr: [0.0033891214019386652], Loss: 3.631546, Acc:0.588773, Semantic loss: 1.338551, BCE loss: 1.462303, SB loss: 0.830693
2025-03-27 19:49:16,299 0 [0.         0.60802261 0.30780357 0.24901419 0.24166669 0.14617187
 0.06567009] 0.2311927158618317
2025-03-27 19:49:16,299 1 [0.         0.62023027 0.42034938 0.33235079 0.2832733  0.16485141
 0.05903573] 0.2685844122901696
2025-03-27 19:49:16,305 => saving checkpoint to output\loveda\pidnet_small_loveda\aug_m_rbcheckpoint.pth.tar
2025-03-27 19:49:16,422 Loss: 3.510, MeanIU:  0.2686, Best_mIoU:  0.2686
2025-03-27 19:49:16,422 [0.         0.62023027 0.42034938 0.33235079 0.2832733  0.16485141
 0.05903573]
2025-03-27 19:49:26,573 Epoch: [14/20] Iter:[0/192], Time: 9.96, lr: [0.0033838346190164987], Loss: 3.705927, Acc:0.620295, Semantic loss: 1.175786, BCE loss: 1.647109, SB loss: 0.883032
2025-03-27 19:49:30,471 Epoch: [14/20] Iter:[10/192], Time: 1.26, lr: [0.0033573869003190927], Loss: 3.694249, Acc:0.597155, Semantic loss: 1.322446, BCE loss: 1.568921, SB loss: 0.802882
2025-03-27 19:49:34,380 Epoch: [14/20] Iter:[20/192], Time: 0.85, lr: [0.0033309160120447595], Loss: 3.626244, Acc:0.600150, Semantic loss: 1.297127, BCE loss: 1.501511, SB loss: 0.827606
2025-03-27 19:49:38,283 Epoch: [14/20] Iter:[30/192], Time: 0.70, lr: [0.0033044217289421207], Loss: 3.594600, Acc:0.592275, Semantic loss: 1.318469, BCE loss: 1.461487, SB loss: 0.814644
2025-03-27 19:49:42,191 Epoch: [14/20] Iter:[40/192], Time: 0.62, lr: [0.0032779038215418194], Loss: 3.601353, Acc:0.593989, Semantic loss: 1.316874, BCE loss: 1.474345, SB loss: 0.810135
2025-03-27 19:49:46,072 Epoch: [14/20] Iter:[50/192], Time: 0.58, lr: [0.0032513620560388795], Loss: 3.618284, Acc:0.585904, Semantic loss: 1.317570, BCE loss: 1.488706, SB loss: 0.812007
2025-03-27 19:49:49,968 Epoch: [14/20] Iter:[60/192], Time: 0.55, lr: [0.003224796194170671], Loss: 3.606358, Acc:0.591269, Semantic loss: 1.305261, BCE loss: 1.488482, SB loss: 0.812615
2025-03-27 19:49:53,871 Epoch: [14/20] Iter:[70/192], Time: 0.52, lr: [0.003198205993090303], Loss: 3.588430, Acc:0.589612, Semantic loss: 1.307452, BCE loss: 1.469852, SB loss: 0.811125
2025-03-27 19:49:57,782 Epoch: [14/20] Iter:[80/192], Time: 0.51, lr: [0.0031715912052352204], Loss: 3.591792, Acc:0.593125, Semantic loss: 1.307278, BCE loss: 1.478140, SB loss: 0.806374
2025-03-27 19:50:01,695 Epoch: [14/20] Iter:[90/192], Time: 0.50, lr: [0.0031449515781907557], Loss: 3.581813, Acc:0.597078, Semantic loss: 1.303569, BCE loss: 1.470973, SB loss: 0.807270
2025-03-27 19:50:05,587 Epoch: [14/20] Iter:[100/192], Time: 0.48, lr: [0.003118286854548424], Loss: 3.578132, Acc:0.596949, Semantic loss: 1.304815, BCE loss: 1.466462, SB loss: 0.806854
2025-03-27 19:50:09,477 Epoch: [14/20] Iter:[110/192], Time: 0.48, lr: [0.003091596771758693], Loss: 3.575618, Acc:0.600666, Semantic loss: 1.295219, BCE loss: 1.476744, SB loss: 0.803656
2025-03-27 19:50:13,389 Epoch: [14/20] Iter:[120/192], Time: 0.47, lr: [0.0030648810619779434], Loss: 3.592765, Acc:0.600673, Semantic loss: 1.300769, BCE loss: 1.484741, SB loss: 0.807255
2025-03-27 19:50:17,280 Epoch: [14/20] Iter:[130/192], Time: 0.46, lr: [0.0030381394519093602], Loss: 3.582112, Acc:0.599928, Semantic loss: 1.297807, BCE loss: 1.474768, SB loss: 0.809537
2025-03-27 19:50:21,183 Epoch: [14/20] Iter:[140/192], Time: 0.46, lr: [0.003011371662637431], Loss: 3.577952, Acc:0.599195, Semantic loss: 1.302522, BCE loss: 1.467434, SB loss: 0.807996
2025-03-27 19:50:25,075 Epoch: [14/20] Iter:[150/192], Time: 0.45, lr: [0.0029845774094557345], Loss: 3.582494, Acc:0.598490, Semantic loss: 1.304215, BCE loss: 1.470218, SB loss: 0.808061
2025-03-27 19:50:28,982 Epoch: [14/20] Iter:[160/192], Time: 0.45, lr: [0.002957756401687678], Loss: 3.580479, Acc:0.597473, Semantic loss: 1.308740, BCE loss: 1.464670, SB loss: 0.807069
2025-03-27 19:50:32,890 Epoch: [14/20] Iter:[170/192], Time: 0.45, lr: [0.002930908342499829], Loss: 3.580408, Acc:0.599118, Semantic loss: 1.306591, BCE loss: 1.467294, SB loss: 0.806523
2025-03-27 19:50:36,794 Epoch: [14/20] Iter:[180/192], Time: 0.44, lr: [0.002904032928707437], Loss: 3.578018, Acc:0.598614, Semantic loss: 1.306028, BCE loss: 1.463120, SB loss: 0.808870
2025-03-27 19:50:40,653 Epoch: [14/20] Iter:[190/192], Time: 0.44, lr: [0.0028771298505717554], Loss: 3.597282, Acc:0.596005, Semantic loss: 1.318028, BCE loss: 1.458857, SB loss: 0.820397
2025-03-27 19:52:13,442 0 [0.         0.58126376 0.23079807 0.25299775 0.26345246 0.15501416
 0.06158473] 0.220730133179408
2025-03-27 19:52:13,442 1 [0.         0.63301622 0.38332363 0.3557736  0.33441032 0.11975932
 0.04412588] 0.2672012800687574
2025-03-27 19:52:13,447 => saving checkpoint to output\loveda\pidnet_small_loveda\aug_m_rbcheckpoint.pth.tar
2025-03-27 19:52:13,525 Loss: 3.488, MeanIU:  0.2672, Best_mIoU:  0.2686
2025-03-27 19:52:13,525 [0.         0.63301622 0.38332363 0.3557736  0.33441032 0.11975932
 0.04412588]
2025-03-27 19:52:23,694 Epoch: [15/20] Iter:[0/192], Time: 9.98, lr: [0.0028717458874925874], Loss: 3.317094, Acc:0.590528, Semantic loss: 1.135212, BCE loss: 1.457319, SB loss: 0.724562
2025-03-27 19:52:27,592 Epoch: [15/20] Iter:[10/192], Time: 1.26, lr: [0.0028448091937488323], Loss: 3.526086, Acc:0.568856, Semantic loss: 1.362469, BCE loss: 1.349486, SB loss: 0.814130
2025-03-27 19:52:31,496 Epoch: [15/20] Iter:[20/192], Time: 0.85, lr: [0.002817844130111582], Loss: 3.640671, Acc:0.576794, Semantic loss: 1.379539, BCE loss: 1.408004, SB loss: 0.853128
2025-03-27 19:52:35,405 Epoch: [15/20] Iter:[30/192], Time: 0.70, lr: [0.0027908503644035994], Loss: 3.688086, Acc:0.585080, Semantic loss: 1.377205, BCE loss: 1.469436, SB loss: 0.841445
2025-03-27 19:52:39,302 Epoch: [15/20] Iter:[40/192], Time: 0.62, lr: [0.0027638275569424097], Loss: 3.655286, Acc:0.582004, Semantic loss: 1.370181, BCE loss: 1.452768, SB loss: 0.832337
2025-03-27 19:52:43,194 Epoch: [15/20] Iter:[50/192], Time: 0.58, lr: [0.002736775360287257], Loss: 3.610502, Acc:0.581725, Semantic loss: 1.361834, BCE loss: 1.419076, SB loss: 0.829592
2025-03-27 19:52:47,090 Epoch: [15/20] Iter:[60/192], Time: 0.55, lr: [0.002709693418974644], Loss: 3.608176, Acc:0.586753, Semantic loss: 1.354104, BCE loss: 1.425960, SB loss: 0.828112
2025-03-27 19:52:50,983 Epoch: [15/20] Iter:[70/192], Time: 0.52, lr: [0.0026825813692418162], Loss: 3.562834, Acc:0.590103, Semantic loss: 1.334877, BCE loss: 1.410166, SB loss: 0.817792
2025-03-27 19:52:54,887 Epoch: [15/20] Iter:[80/192], Time: 0.51, lr: [0.0026554388387375], Loss: 3.579886, Acc:0.590589, Semantic loss: 1.338941, BCE loss: 1.415792, SB loss: 0.825153
2025-03-27 19:52:58,803 Epoch: [15/20] Iter:[90/192], Time: 0.50, lr: [0.002628265446219161], Loss: 3.579210, Acc:0.593150, Semantic loss: 1.338223, BCE loss: 1.419685, SB loss: 0.821302
2025-03-27 19:53:02,705 Epoch: [15/20] Iter:[100/192], Time: 0.49, lr: [0.002601060801235972], Loss: 3.583168, Acc:0.593168, Semantic loss: 1.340457, BCE loss: 1.422422, SB loss: 0.820290
2025-03-27 19:53:06,596 Epoch: [15/20] Iter:[110/192], Time: 0.48, lr: [0.002573824503796671], Loss: 3.581908, Acc:0.592570, Semantic loss: 1.333169, BCE loss: 1.433578, SB loss: 0.815160
2025-03-27 19:53:10,491 Epoch: [15/20] Iter:[120/192], Time: 0.47, lr: [0.00254655614402138], Loss: 3.595100, Acc:0.590710, Semantic loss: 1.334382, BCE loss: 1.443494, SB loss: 0.817224
2025-03-27 19:53:14,388 Epoch: [15/20] Iter:[130/192], Time: 0.46, lr: [0.0025192553017764118], Loss: 3.582609, Acc:0.592930, Semantic loss: 1.326522, BCE loss: 1.442132, SB loss: 0.813955
2025-03-27 19:53:18,274 Epoch: [15/20] Iter:[140/192], Time: 0.46, lr: [0.002491921546291034], Loss: 3.590090, Acc:0.591523, Semantic loss: 1.325739, BCE loss: 1.450253, SB loss: 0.814097
2025-03-27 19:53:22,164 Epoch: [15/20] Iter:[150/192], Time: 0.45, lr: [0.0024645544357550573], Loss: 3.594536, Acc:0.590965, Semantic loss: 1.327652, BCE loss: 1.450352, SB loss: 0.816531
2025-03-27 19:53:26,067 Epoch: [15/20] Iter:[160/192], Time: 0.45, lr: [0.002437153516896028], Loss: 3.598882, Acc:0.587443, Semantic loss: 1.334866, BCE loss: 1.445315, SB loss: 0.818701
2025-03-27 19:53:29,969 Epoch: [15/20] Iter:[170/192], Time: 0.45, lr: [0.0024097183245347467], Loss: 3.594942, Acc:0.591000, Semantic loss: 1.326937, BCE loss: 1.454094, SB loss: 0.813911
2025-03-27 19:53:33,874 Epoch: [15/20] Iter:[180/192], Time: 0.44, lr: [0.0023822483811177], Loss: 3.591700, Acc:0.592786, Semantic loss: 1.323083, BCE loss: 1.458053, SB loss: 0.810563
2025-03-27 19:53:37,757 Epoch: [15/20] Iter:[190/192], Time: 0.44, lr: [0.002354743196224891], Loss: 3.596870, Acc:0.591853, Semantic loss: 1.325635, BCE loss: 1.457969, SB loss: 0.813266
2025-03-27 19:55:10,963 0 [0.         0.602867   0.28809845 0.25500932 0.20889548 0.12402657
 0.08046664] 0.22276620885765133
2025-03-27 19:55:10,963 1 [0.         0.64043856 0.33590728 0.34321333 0.24731199 0.15902402
 0.05745707] 0.25476460549805235
2025-03-27 19:55:10,968 => saving checkpoint to output\loveda\pidnet_small_loveda\aug_m_rbcheckpoint.pth.tar
2025-03-27 19:55:11,049 Loss: 3.581, MeanIU:  0.2548, Best_mIoU:  0.2686
2025-03-27 19:55:11,049 [0.         0.64043856 0.33590728 0.34321333 0.24731199 0.15902402
 0.05745707]
2025-03-27 19:55:21,438 Epoch: [16/20] Iter:[0/192], Time: 10.20, lr: [0.0023492378861760376], Loss: 3.864892, Acc:0.626748, Semantic loss: 1.340205, BCE loss: 1.711411, SB loss: 0.813277
2025-03-27 19:55:25,336 Epoch: [16/20] Iter:[10/192], Time: 1.28, lr: [0.0023216897452738748], Loss: 3.548397, Acc:0.622529, Semantic loss: 1.281937, BCE loss: 1.466487, SB loss: 0.799973
2025-03-27 19:55:29,229 Epoch: [16/20] Iter:[20/192], Time: 0.86, lr: [0.0022941052360858027], Loss: 3.453584, Acc:0.619985, Semantic loss: 1.257941, BCE loss: 1.400198, SB loss: 0.795445
2025-03-27 19:55:33,133 Epoch: [16/20] Iter:[30/192], Time: 0.71, lr: [0.0022664838233947228], Loss: 3.536584, Acc:0.612571, Semantic loss: 1.298369, BCE loss: 1.431294, SB loss: 0.806920
2025-03-27 19:55:37,029 Epoch: [16/20] Iter:[40/192], Time: 0.63, lr: [0.0022388249567421017], Loss: 3.542366, Acc:0.611948, Semantic loss: 1.286737, BCE loss: 1.460947, SB loss: 0.794682
2025-03-27 19:55:40,936 Epoch: [16/20] Iter:[50/192], Time: 0.58, lr: [0.002211128069778427], Loss: 3.512110, Acc:0.613991, Semantic loss: 1.275172, BCE loss: 1.447160, SB loss: 0.789778
2025-03-27 19:55:44,845 Epoch: [16/20] Iter:[60/192], Time: 0.55, lr: [0.0021833925795765436], Loss: 3.545237, Acc:0.610094, Semantic loss: 1.279265, BCE loss: 1.469069, SB loss: 0.796903
2025-03-27 19:55:48,755 Epoch: [16/20] Iter:[70/192], Time: 0.53, lr: [0.0021556178859051967], Loss: 3.536267, Acc:0.609641, Semantic loss: 1.275583, BCE loss: 1.470277, SB loss: 0.790407
2025-03-27 19:55:52,657 Epoch: [16/20] Iter:[80/192], Time: 0.51, lr: [0.002127803370459852], Loss: 3.537447, Acc:0.610410, Semantic loss: 1.270334, BCE loss: 1.479231, SB loss: 0.787882
2025-03-27 19:55:56,552 Epoch: [16/20] Iter:[90/192], Time: 0.50, lr: [0.0020999483960476508], Loss: 3.509422, Acc:0.609605, Semantic loss: 1.267914, BCE loss: 1.460639, SB loss: 0.780869
2025-03-27 19:56:00,464 Epoch: [16/20] Iter:[100/192], Time: 0.49, lr: [0.0020720523057230294], Loss: 3.529317, Acc:0.610647, Semantic loss: 1.272771, BCE loss: 1.478341, SB loss: 0.778204
2025-03-27 19:56:04,348 Epoch: [16/20] Iter:[110/192], Time: 0.48, lr: [0.002044114421870228], Loss: 3.525248, Acc:0.611616, Semantic loss: 1.268915, BCE loss: 1.479541, SB loss: 0.776792
2025-03-27 19:56:08,247 Epoch: [16/20] Iter:[120/192], Time: 0.47, lr: [0.0020161340452285867], Loss: 3.522628, Acc:0.612503, Semantic loss: 1.267468, BCE loss: 1.476369, SB loss: 0.778791
2025-03-27 19:56:12,137 Epoch: [16/20] Iter:[130/192], Time: 0.46, lr: [0.001988110453856112], Loss: 3.516930, Acc:0.609439, Semantic loss: 1.270432, BCE loss: 1.463674, SB loss: 0.782824
2025-03-27 19:56:16,026 Epoch: [16/20] Iter:[140/192], Time: 0.46, lr: [0.0019600429020263607], Loss: 3.523115, Acc:0.608567, Semantic loss: 1.272184, BCE loss: 1.466165, SB loss: 0.784767
2025-03-27 19:56:19,924 Epoch: [16/20] Iter:[150/192], Time: 0.45, lr: [0.0019319306190532476], Loss: 3.527688, Acc:0.607683, Semantic loss: 1.274345, BCE loss: 1.469935, SB loss: 0.783409
2025-03-27 19:56:23,806 Epoch: [16/20] Iter:[160/192], Time: 0.45, lr: [0.0019037728080378042], Loss: 3.537151, Acc:0.604218, Semantic loss: 1.285853, BCE loss: 1.463537, SB loss: 0.787762
2025-03-27 19:56:27,693 Epoch: [16/20] Iter:[170/192], Time: 0.45, lr: [0.0018755686445303314], Loss: 3.531607, Acc:0.603537, Semantic loss: 1.288302, BCE loss: 1.453994, SB loss: 0.789311
2025-03-27 19:56:31,604 Epoch: [16/20] Iter:[180/192], Time: 0.44, lr: [0.001847317275100738], Loss: 3.541914, Acc:0.602365, Semantic loss: 1.293124, BCE loss: 1.456363, SB loss: 0.792428
2025-03-27 19:56:35,497 Epoch: [16/20] Iter:[190/192], Time: 0.44, lr: [0.0018190178158090872], Loss: 3.547531, Acc:0.602255, Semantic loss: 1.298361, BCE loss: 1.455491, SB loss: 0.793679
2025-03-27 19:58:08,489 0 [0.         0.59260889 0.25622827 0.26312662 0.284876   0.13900571
 0.06510788] 0.2287076260328278
2025-03-27 19:58:08,490 1 [0.         0.63334028 0.36780211 0.34303777 0.37909034 0.12081968
 0.03589576] 0.2685694209640182
2025-03-27 19:58:08,496 => saving checkpoint to output\loveda\pidnet_small_loveda\aug_m_rbcheckpoint.pth.tar
2025-03-27 19:58:08,573 Loss: 3.415, MeanIU:  0.2686, Best_mIoU:  0.2686
2025-03-27 19:58:08,574 [0.         0.63334028 0.36780211 0.34303777 0.37909034 0.12081968
 0.03589576]
2025-03-27 19:58:18,774 Epoch: [17/20] Iter:[0/192], Time: 10.01, lr: [0.0018133520731367456], Loss: 3.814356, Acc:0.568446, Semantic loss: 1.330819, BCE loss: 1.711448, SB loss: 0.772088
2025-03-27 19:58:22,657 Epoch: [17/20] Iter:[10/192], Time: 1.26, lr: [0.001784993693823396], Loss: 3.598145, Acc:0.581110, Semantic loss: 1.292757, BCE loss: 1.527370, SB loss: 0.778019
2025-03-27 19:58:26,554 Epoch: [17/20] Iter:[20/192], Time: 0.85, lr: [0.0017565851643374117], Loss: 3.567424, Acc:0.596704, Semantic loss: 1.282219, BCE loss: 1.500893, SB loss: 0.784312
2025-03-27 19:58:30,443 Epoch: [17/20] Iter:[30/192], Time: 0.70, lr: [0.0017281254915000803], Loss: 3.599196, Acc:0.596480, Semantic loss: 1.302788, BCE loss: 1.484511, SB loss: 0.811897
2025-03-27 19:58:34,342 Epoch: [17/20] Iter:[40/192], Time: 0.62, lr: [0.0016996136438923032], Loss: 3.595925, Acc:0.590318, Semantic loss: 1.317258, BCE loss: 1.470584, SB loss: 0.808083
2025-03-27 19:58:38,228 Epoch: [17/20] Iter:[50/192], Time: 0.58, lr: [0.0016710485496403851], Loss: 3.578285, Acc:0.592974, Semantic loss: 1.312536, BCE loss: 1.460304, SB loss: 0.805444
2025-03-27 19:58:42,124 Epoch: [17/20] Iter:[60/192], Time: 0.55, lr: [0.0016424290940290059], Loss: 3.560026, Acc:0.598902, Semantic loss: 1.307225, BCE loss: 1.456826, SB loss: 0.795975
2025-03-27 19:58:46,016 Epoch: [17/20] Iter:[70/192], Time: 0.52, lr: [0.0016137541169242962], Loss: 3.516849, Acc:0.602694, Semantic loss: 1.294639, BCE loss: 1.426488, SB loss: 0.795722
2025-03-27 19:58:49,923 Epoch: [17/20] Iter:[80/192], Time: 0.51, lr: [0.0015850224099878446], Loss: 3.530546, Acc:0.603646, Semantic loss: 1.293090, BCE loss: 1.441171, SB loss: 0.796285
2025-03-27 19:58:53,821 Epoch: [17/20] Iter:[90/192], Time: 0.50, lr: [0.001556232713660091], Loss: 3.522169, Acc:0.603873, Semantic loss: 1.287484, BCE loss: 1.441904, SB loss: 0.792781
2025-03-27 19:58:57,743 Epoch: [17/20] Iter:[100/192], Time: 0.48, lr: [0.0015273837138888994], Loss: 3.526760, Acc:0.603486, Semantic loss: 1.289197, BCE loss: 1.449777, SB loss: 0.787786
2025-03-27 19:59:01,650 Epoch: [17/20] Iter:[110/192], Time: 0.48, lr: [0.0014984740385759552], Loss: 3.538073, Acc:0.601582, Semantic loss: 1.289804, BCE loss: 1.459729, SB loss: 0.788540
2025-03-27 19:59:05,541 Epoch: [17/20] Iter:[120/192], Time: 0.47, lr: [0.0014695022537100475], Loss: 3.537302, Acc:0.600044, Semantic loss: 1.288814, BCE loss: 1.457925, SB loss: 0.790563
2025-03-27 19:59:09,450 Epoch: [17/20] Iter:[130/192], Time: 0.46, lr: [0.0014404668591521846], Loss: 3.537933, Acc:0.598342, Semantic loss: 1.294116, BCE loss: 1.452035, SB loss: 0.791782
2025-03-27 19:59:13,353 Epoch: [17/20] Iter:[140/192], Time: 0.46, lr: [0.0014113662840326588], Loss: 3.539323, Acc:0.600615, Semantic loss: 1.296076, BCE loss: 1.451631, SB loss: 0.791616
2025-03-27 19:59:17,254 Epoch: [17/20] Iter:[150/192], Time: 0.45, lr: [0.0013821988817145786], Loss: 3.535575, Acc:0.603547, Semantic loss: 1.291028, BCE loss: 1.453705, SB loss: 0.790841
2025-03-27 19:59:21,160 Epoch: [17/20] Iter:[160/192], Time: 0.45, lr: [0.0013529629242719093], Loss: 3.533369, Acc:0.605838, Semantic loss: 1.289905, BCE loss: 1.453291, SB loss: 0.790172
2025-03-27 19:59:25,065 Epoch: [17/20] Iter:[170/192], Time: 0.45, lr: [0.0013236565964223801], Loss: 3.536790, Acc:0.606652, Semantic loss: 1.289430, BCE loss: 1.456728, SB loss: 0.790632
2025-03-27 19:59:28,962 Epoch: [17/20] Iter:[180/192], Time: 0.44, lr: [0.0012942779888466518], Loss: 3.534371, Acc:0.606984, Semantic loss: 1.287222, BCE loss: 1.456434, SB loss: 0.790715
2025-03-27 19:59:32,845 Epoch: [17/20] Iter:[190/192], Time: 0.44, lr: [0.0012648250908145803], Loss: 3.530016, Acc:0.606444, Semantic loss: 1.286267, BCE loss: 1.453282, SB loss: 0.790467
2025-03-27 20:01:05,972 0 [0.         0.58288454 0.27543094 0.2585686  0.20594755 0.17223411
 0.08655238] 0.22594544556057422
2025-03-27 20:01:05,972 1 [0.         0.63119399 0.40163329 0.32068954 0.26851731 0.14394461
 0.08465992] 0.26437694955301516
2025-03-27 20:01:05,978 => saving checkpoint to output\loveda\pidnet_small_loveda\aug_m_rbcheckpoint.pth.tar
2025-03-27 20:01:06,056 Loss: 3.545, MeanIU:  0.2644, Best_mIoU:  0.2686
2025-03-27 20:01:06,056 [0.         0.63119399 0.40163329 0.32068954 0.26851731 0.14394461
 0.08465992]
2025-03-27 20:01:16,303 Epoch: [18/20] Iter:[0/192], Time: 10.06, lr: [0.001258925411794167], Loss: 3.440191, Acc:0.528588, Semantic loss: 1.254571, BCE loss: 1.438494, SB loss: 0.747125
2025-03-27 20:01:20,215 Epoch: [18/20] Iter:[10/192], Time: 1.27, lr: [0.0012293805561511607], Loss: 3.592881, Acc:0.605298, Semantic loss: 1.298186, BCE loss: 1.489074, SB loss: 0.805621
2025-03-27 20:01:24,118 Epoch: [18/20] Iter:[20/192], Time: 0.85, lr: [0.0011997565879500753], Loss: 3.573741, Acc:0.615417, Semantic loss: 1.303533, BCE loss: 1.459113, SB loss: 0.811095
2025-03-27 20:01:28,025 Epoch: [18/20] Iter:[30/192], Time: 0.70, lr: [0.0011700511125444005], Loss: 3.569247, Acc:0.620087, Semantic loss: 1.308980, BCE loss: 1.447270, SB loss: 0.812997
2025-03-27 20:01:31,924 Epoch: [18/20] Iter:[40/192], Time: 0.63, lr: [0.0011402615929770753], Loss: 3.534719, Acc:0.620133, Semantic loss: 1.281975, BCE loss: 1.453925, SB loss: 0.798819
2025-03-27 20:01:35,826 Epoch: [18/20] Iter:[50/192], Time: 0.58, lr: [0.0011103853371305413], Loss: 3.502289, Acc:0.619802, Semantic loss: 1.274734, BCE loss: 1.437274, SB loss: 0.790281
2025-03-27 20:01:39,741 Epoch: [18/20] Iter:[60/192], Time: 0.55, lr: [0.001080419483295973], Loss: 3.471415, Acc:0.621804, Semantic loss: 1.268897, BCE loss: 1.421090, SB loss: 0.781428
2025-03-27 20:01:43,651 Epoch: [18/20] Iter:[70/192], Time: 0.53, lr: [0.0010503609839122385], Loss: 3.488889, Acc:0.623727, Semantic loss: 1.265966, BCE loss: 1.444700, SB loss: 0.778223
2025-03-27 20:01:47,544 Epoch: [18/20] Iter:[80/192], Time: 0.51, lr: [0.0010202065871765603], Loss: 3.517837, Acc:0.614626, Semantic loss: 1.284869, BCE loss: 1.450377, SB loss: 0.782591
2025-03-27 20:01:51,447 Epoch: [18/20] Iter:[90/192], Time: 0.50, lr: [0.000989952816168914], Loss: 3.514616, Acc:0.615549, Semantic loss: 1.280297, BCE loss: 1.453143, SB loss: 0.781177
2025-03-27 20:01:55,335 Epoch: [18/20] Iter:[100/192], Time: 0.49, lr: [0.0009595959450576828], Loss: 3.508810, Acc:0.614323, Semantic loss: 1.276783, BCE loss: 1.452042, SB loss: 0.779985
2025-03-27 20:01:59,217 Epoch: [18/20] Iter:[110/192], Time: 0.48, lr: [0.000929131971860904], Loss: 3.486464, Acc:0.613836, Semantic loss: 1.271023, BCE loss: 1.434725, SB loss: 0.780716
2025-03-27 20:02:03,134 Epoch: [18/20] Iter:[120/192], Time: 0.47, lr: [0.0008985565871200918], Loss: 3.487949, Acc:0.613667, Semantic loss: 1.270558, BCE loss: 1.438458, SB loss: 0.778933
2025-03-27 20:02:07,059 Epoch: [18/20] Iter:[130/192], Time: 0.46, lr: [0.0008678651376944955], Loss: 3.498818, Acc:0.614954, Semantic loss: 1.270926, BCE loss: 1.449997, SB loss: 0.777895
2025-03-27 20:02:10,960 Epoch: [18/20] Iter:[140/192], Time: 0.46, lr: [0.000837052584692747], Loss: 3.508484, Acc:0.615060, Semantic loss: 1.270398, BCE loss: 1.458479, SB loss: 0.779607
2025-03-27 20:02:14,851 Epoch: [18/20] Iter:[150/192], Time: 0.45, lr: [0.000806113454312208], Loss: 3.505990, Acc:0.612923, Semantic loss: 1.273679, BCE loss: 1.451073, SB loss: 0.781237
2025-03-27 20:02:18,768 Epoch: [18/20] Iter:[160/192], Time: 0.45, lr: [0.0007750417800344363], Loss: 3.503610, Acc:0.611506, Semantic loss: 1.274581, BCE loss: 1.447144, SB loss: 0.781885
2025-03-27 20:02:22,663 Epoch: [18/20] Iter:[170/192], Time: 0.45, lr: [0.0007438310342008949], Loss: 3.512024, Acc:0.609090, Semantic loss: 1.280572, BCE loss: 1.445490, SB loss: 0.785963
2025-03-27 20:02:26,561 Epoch: [18/20] Iter:[180/192], Time: 0.44, lr: [0.0007124740464272778], Loss: 3.508172, Acc:0.610199, Semantic loss: 1.279448, BCE loss: 1.445645, SB loss: 0.783079
2025-03-27 20:02:30,441 Epoch: [18/20] Iter:[190/192], Time: 0.44, lr: [0.0006809629055511224], Loss: 3.511295, Acc:0.610352, Semantic loss: 1.279236, BCE loss: 1.447873, SB loss: 0.784186
2025-03-27 20:04:03,345 0 [0.         0.58522355 0.25263099 0.24268369 0.21491602 0.1571279
 0.06672886] 0.21704442959264073
2025-03-27 20:04:03,345 1 [0.         0.64454381 0.38434248 0.31593585 0.28456052 0.14535067
 0.04397565] 0.25981556918682974
2025-03-27 20:04:03,351 => saving checkpoint to output\loveda\pidnet_small_loveda\aug_m_rbcheckpoint.pth.tar
2025-03-27 20:04:03,429 Loss: 3.579, MeanIU:  0.2598, Best_mIoU:  0.2686
2025-03-27 20:04:03,429 [0.         0.64454381 0.38434248 0.31593585 0.28456052 0.14535067
 0.04397565]
2025-03-27 20:04:13,630 Epoch: [19/20] Iter:[0/192], Time: 10.01, lr: [0.0006746414238367822], Loss: 3.826289, Acc:0.573499, Semantic loss: 1.392158, BCE loss: 1.528536, SB loss: 0.905594
2025-03-27 20:04:17,515 Epoch: [19/20] Iter:[10/192], Time: 1.26, lr: [0.0006429336362339898], Loss: 3.511608, Acc:0.602116, Semantic loss: 1.287731, BCE loss: 1.427503, SB loss: 0.796374
2025-03-27 20:04:21,401 Epoch: [19/20] Iter:[20/192], Time: 0.85, lr: [0.0006110510578510947], Loss: 3.443919, Acc:0.604469, Semantic loss: 1.256308, BCE loss: 1.370990, SB loss: 0.816621
2025-03-27 20:04:25,284 Epoch: [19/20] Iter:[30/192], Time: 0.70, lr: [0.0005789824653018995], Loss: 3.470879, Acc:0.608716, Semantic loss: 1.284222, BCE loss: 1.374311, SB loss: 0.812346
2025-03-27 20:04:29,179 Epoch: [19/20] Iter:[40/192], Time: 0.62, lr: [0.0005467151732202777], Loss: 3.522389, Acc:0.605906, Semantic loss: 1.294283, BCE loss: 1.424748, SB loss: 0.803358
2025-03-27 20:04:33,084 Epoch: [19/20] Iter:[50/192], Time: 0.58, lr: [0.0005142347343351296], Loss: 3.544154, Acc:0.604704, Semantic loss: 1.307128, BCE loss: 1.430884, SB loss: 0.806141
2025-03-27 20:04:36,983 Epoch: [19/20] Iter:[60/192], Time: 0.55, lr: [0.0004815245523312483], Loss: 3.508907, Acc:0.606532, Semantic loss: 1.295195, BCE loss: 1.419534, SB loss: 0.794178
2025-03-27 20:04:40,873 Epoch: [19/20] Iter:[70/192], Time: 0.52, lr: [0.000448565373510549], Loss: 3.499869, Acc:0.609517, Semantic loss: 1.290793, BCE loss: 1.416171, SB loss: 0.792905
2025-03-27 20:04:44,782 Epoch: [19/20] Iter:[80/192], Time: 0.51, lr: [0.00041533460609889997], Loss: 3.515938, Acc:0.609642, Semantic loss: 1.291885, BCE loss: 1.435457, SB loss: 0.788596
2025-03-27 20:04:48,698 Epoch: [19/20] Iter:[90/192], Time: 0.50, lr: [0.00038180538785330436], Loss: 3.506929, Acc:0.609677, Semantic loss: 1.290923, BCE loss: 1.427520, SB loss: 0.788486
2025-03-27 20:04:52,593 Epoch: [19/20] Iter:[100/192], Time: 0.48, lr: [0.00034794527452517863], Loss: 3.494042, Acc:0.608531, Semantic loss: 1.287861, BCE loss: 1.421493, SB loss: 0.784688
2025-03-27 20:04:56,488 Epoch: [19/20] Iter:[110/192], Time: 0.48, lr: [0.00031371433588231993], Loss: 3.486740, Acc:0.609798, Semantic loss: 1.287911, BCE loss: 1.417156, SB loss: 0.781673
2025-03-27 20:05:00,398 Epoch: [19/20] Iter:[120/192], Time: 0.47, lr: [0.0002790622842837163], Loss: 3.480779, Acc:0.613043, Semantic loss: 1.282288, BCE loss: 1.420823, SB loss: 0.777669
2025-03-27 20:05:04,321 Epoch: [19/20] Iter:[130/192], Time: 0.46, lr: [0.0002439239356353784], Loss: 3.480484, Acc:0.613142, Semantic loss: 1.281589, BCE loss: 1.424287, SB loss: 0.774609
2025-03-27 20:05:08,217 Epoch: [19/20] Iter:[140/192], Time: 0.46, lr: [0.00020821159321002047], Loss: 3.487160, Acc:0.613489, Semantic loss: 1.278923, BCE loss: 1.433586, SB loss: 0.774651
2025-03-27 20:05:12,137 Epoch: [19/20] Iter:[150/192], Time: 0.45, lr: [0.00017180122628828942], Loss: 3.501488, Acc:0.613372, Semantic loss: 1.278974, BCE loss: 1.445803, SB loss: 0.776711
2025-03-27 20:05:16,036 Epoch: [19/20] Iter:[160/192], Time: 0.45, lr: [0.00013450451987183818], Loss: 3.496889, Acc:0.614416, Semantic loss: 1.274784, BCE loss: 1.446845, SB loss: 0.775261
2025-03-27 20:05:19,928 Epoch: [19/20] Iter:[170/192], Time: 0.45, lr: [9.600244875192536e-05], Loss: 3.499994, Acc:0.614167, Semantic loss: 1.273878, BCE loss: 1.451897, SB loss: 0.774220
2025-03-27 20:05:23,834 Epoch: [19/20] Iter:[180/192], Time: 0.44, lr: [5.563716848048335e-05], Loss: 3.506908, Acc:0.614524, Semantic loss: 1.275654, BCE loss: 1.456725, SB loss: 0.774529
2025-03-27 20:05:27,714 Epoch: [19/20] Iter:[190/192], Time: 0.44, lr: [1.1092486125349496e-05], Loss: 3.492416, Acc:0.614700, Semantic loss: 1.271612, BCE loss: 1.448462, SB loss: 0.772341
2025-03-27 20:07:00,793 0 [0.         0.58797463 0.28572461 0.25804482 0.2161255  0.19402501
 0.07478581] 0.23095434065980122
2025-03-27 20:07:00,793 1 [0.         0.64448875 0.43968448 0.3444489  0.30640201 0.13700176
 0.06048785] 0.2760733943632737
2025-03-27 20:07:00,798 => saving checkpoint to output\loveda\pidnet_small_loveda\aug_m_rbcheckpoint.pth.tar
2025-03-27 20:07:00,915 Loss: 3.455, MeanIU:  0.2761, Best_mIoU:  0.2761
2025-03-27 20:07:00,915 [0.         0.64448875 0.43968448 0.3444489  0.30640201 0.13700176
 0.06048785]
2025-03-27 20:07:00,962 Hours: 0
2025-03-27 20:07:00,962 Done
