2025-04-10 18:19:44,598 Namespace(cfg='configs/loveda/pidnet_small_loveda.yaml', opts=[], seed=304)
2025-04-10 18:19:44,599 AUTO_RESUME: False
CUDNN:
  BENCHMARK: True
  DETERMINISTIC: False
  ENABLED: True
DATASET:
  DATASET: loveda
  EXTRA_TRAIN_SET: 
  NUM_CLASSES: 8
  ROOT: data/
  TARGET_SET: list/loveda/rural/train.lst
  TEST_SET: list/loveda/urban_rural/val.lst
  TRAIN_SET: list/loveda/urban_rural/train.lst
GPUS: (0,)
LOG_DIR: log
LOSS:
  BALANCE_WEIGHTS: [0.4, 1.0]
  CLASS_BALANCE: False
  OHEMKEEP: 131072
  OHEMTHRES: 0.9
  SB_WEIGHTS: 1.0
  USE_OHEM: True
MODEL:
  ALIGN_CORNERS: True
  NAME: pidnet_small
  NUM_OUTPUTS: 2
  PRETRAINED: pretrained_models/imagenet/PIDNet_S_ImageNet.pth.tar
OUTPUT_DIR: output
PIN_MEMORY: True
PRINT_FREQ: 10
TEST:
  BASE_SIZE: 2048
  BATCH_SIZE_PER_GPU: 6
  FLIP_TEST: False
  IMAGE_SIZE: [2048, 1024]
  MODEL_FILE: output/loveda/pidnet_small_loveda/final_state.pt
  MULTI_SCALE: False
  OUTPUT_INDEX: 1
TRAIN:
  AUGMENTATION:
    ENABLE: True
    PROBABILITY: 0.5
    TECHNIQUES:
      COLOR_JITTER: False
      GAUSSIAN_BLUR: False
      GAUSSIAN_NOISE: False
      HORIZONTAL_FLIP: True
      RANDOM_CROP: False
  BASE_SIZE: 2048
  BATCH_SIZE_PER_GPU: 6
  BEGIN_EPOCH: 0
  DACS:
    ENABLE: False
    THRESHOLD: 0.968
  END_EPOCH: 20
  EXTRA_EPOCH: 0
  EXTRA_LR: 0.001
  FLIP: False
  GAN:
    ENABLE: False
    MULTI_LEVEL: False
  IGNORE_LABEL: 0
  IMAGE_SIZE: [1024, 1024]
  LR: 0.01
  MOMENTUM: 0.7
  MULTI_SCALE: False
  NESTEROV: False
  OPTIMIZER: sgd
  RESUME: False
  SCALE_FACTOR: 16
  SHUFFLE: True
  WD: 0.0005
WORKERS: 4
2025-04-10 18:19:44,773 Attention!!!
2025-04-10 18:19:44,773 Loaded 302 parameters!
2025-04-10 18:19:44,773 Over!!!
2025-04-10 18:20:08,455 Epoch: [0/20] Iter:[0/192], Time: 23.50, lr: [0.01], Loss: 9.038437, Acc:0.168212, Semantic loss: 2.312058, BCE loss: 5.046504, SB loss: 1.679875
2025-04-10 18:20:14,515 Epoch: [0/20] Iter:[10/192], Time: 2.66, lr: [0.009976559445324192], Loss: 5.721893, Acc:0.221975, Semantic loss: 1.842855, BCE loss: 2.741617, SB loss: 1.137421
2025-04-10 18:20:20,427 Epoch: [0/20] Iter:[20/192], Time: 1.68, lr: [0.009953112769592761], Loss: 5.122273, Acc:0.230572, Semantic loss: 1.723569, BCE loss: 2.369488, SB loss: 1.029217
2025-04-10 18:20:26,241 Epoch: [0/20] Iter:[30/192], Time: 1.32, lr: [0.009929659955177281], Loss: 4.756486, Acc:0.238153, Semantic loss: 1.562385, BCE loss: 2.256526, SB loss: 0.937575
2025-04-10 18:20:32,105 Epoch: [0/20] Iter:[40/192], Time: 1.14, lr: [0.009906200984352154], Loss: 4.511624, Acc:0.251990, Semantic loss: 1.517057, BCE loss: 2.139397, SB loss: 0.855169
2025-04-10 18:20:37,931 Epoch: [0/20] Iter:[50/192], Time: 1.03, lr: [0.009882735839293803], Loss: 4.236740, Acc:0.260620, Semantic loss: 1.405550, BCE loss: 2.033154, SB loss: 0.798037
2025-04-10 18:20:43,722 Epoch: [0/20] Iter:[60/192], Time: 0.96, lr: [0.00985926450207989], Loss: 4.050259, Acc:0.272010, Semantic loss: 1.334513, BCE loss: 1.956904, SB loss: 0.758843
2025-04-10 18:20:49,539 Epoch: [0/20] Iter:[70/192], Time: 0.91, lr: [0.009835786954688485], Loss: 3.925220, Acc:0.279708, Semantic loss: 1.280530, BCE loss: 1.920515, SB loss: 0.724175
2025-04-10 18:20:55,363 Epoch: [0/20] Iter:[80/192], Time: 0.87, lr: [0.00981230317899726], Loss: 3.821379, Acc:0.286576, Semantic loss: 1.241240, BCE loss: 1.875527, SB loss: 0.704612
2025-04-10 18:21:01,168 Epoch: [0/20] Iter:[90/192], Time: 0.83, lr: [0.009788813156782662], Loss: 3.739766, Acc:0.291185, Semantic loss: 1.197674, BCE loss: 1.864916, SB loss: 0.677176
2025-04-10 18:21:06,970 Epoch: [0/20] Iter:[100/192], Time: 0.81, lr: [0.009765316869719067], Loss: 3.676211, Acc:0.297936, Semantic loss: 1.167856, BCE loss: 1.845203, SB loss: 0.663153
2025-04-10 18:21:12,743 Epoch: [0/20] Iter:[110/192], Time: 0.79, lr: [0.009741814299377942], Loss: 3.593034, Acc:0.303057, Semantic loss: 1.135934, BCE loss: 1.819907, SB loss: 0.637193
2025-04-10 18:21:18,549 Epoch: [0/20] Iter:[120/192], Time: 0.77, lr: [0.009718305427226986], Loss: 3.536218, Acc:0.305411, Semantic loss: 1.116550, BCE loss: 1.794415, SB loss: 0.625254
2025-04-10 18:21:24,315 Epoch: [0/20] Iter:[130/192], Time: 0.76, lr: [0.009694790234629266], Loss: 3.485159, Acc:0.313348, Semantic loss: 1.095692, BCE loss: 1.777183, SB loss: 0.612284
2025-04-10 18:21:30,133 Epoch: [0/20] Iter:[140/192], Time: 0.74, lr: [0.009671268702842338], Loss: 3.424380, Acc:0.317713, Semantic loss: 1.071773, BCE loss: 1.756654, SB loss: 0.595953
2025-04-10 18:21:35,901 Epoch: [0/20] Iter:[150/192], Time: 0.73, lr: [0.009647740813017376], Loss: 3.390803, Acc:0.319569, Semantic loss: 1.066395, BCE loss: 1.741755, SB loss: 0.582653
2025-04-10 18:21:41,683 Epoch: [0/20] Iter:[160/192], Time: 0.72, lr: [0.009624206546198262], Loss: 3.354447, Acc:0.320701, Semantic loss: 1.054081, BCE loss: 1.724884, SB loss: 0.575482
2025-04-10 18:21:47,489 Epoch: [0/20] Iter:[170/192], Time: 0.72, lr: [0.009600665883320689], Loss: 3.317244, Acc:0.322856, Semantic loss: 1.037469, BCE loss: 1.716058, SB loss: 0.563717
2025-04-10 18:21:53,269 Epoch: [0/20] Iter:[180/192], Time: 0.71, lr: [0.009577118805211254], Loss: 3.273654, Acc:0.325720, Semantic loss: 1.017029, BCE loss: 1.703529, SB loss: 0.553096
2025-04-10 18:21:59,013 Epoch: [0/20] Iter:[190/192], Time: 0.70, lr: [0.009553565292586523], Loss: 3.236635, Acc:0.328940, Semantic loss: 1.005522, BCE loss: 1.688292, SB loss: 0.542821
2025-04-10 18:24:30,053 0 [0.         0.19152304 0.18969106 0.10851664 0.24833248 0.10769462
 0.11085145 0.19933971] 0.1444936238752607
2025-04-10 18:24:30,054 1 [0.         0.1561279  0.24006254 0.1604842  0.24353861 0.08486047
 0.11440374 0.27693529] 0.15955159386887174
2025-04-10 18:24:30,314 => saving checkpoint to output\loveda\pidnet_small_loveda\aug_hfcheckpoint.pth.tar
2025-04-10 18:24:30,477 Loss: 6.834, MeanIU:  0.1596, Best_mIoU:  0.1596
2025-04-10 18:24:30,477 [0.         0.1561279  0.24006254 0.1604842  0.24353861 0.08486047
 0.11440374 0.27693529]
2025-04-10 18:24:47,323 Epoch: [1/20] Iter:[0/192], Time: 16.58, lr: [0.009548853816214998], Loss: 2.737082, Acc:0.358842, Semantic loss: 0.672232, BCE loss: 1.765916, SB loss: 0.298935
2025-04-10 18:24:52,407 Epoch: [1/20] Iter:[10/192], Time: 1.97, lr: [0.009525292556561479], Loss: 2.461771, Acc:0.411297, Semantic loss: 0.647437, BCE loss: 1.532532, SB loss: 0.281802
2025-04-10 18:24:57,631 Epoch: [1/20] Iter:[20/192], Time: 1.28, lr: [0.00950172481957719], Loss: 2.428019, Acc:0.414129, Semantic loss: 0.673510, BCE loss: 1.463227, SB loss: 0.291281
2025-04-10 18:25:03,313 Epoch: [1/20] Iter:[30/192], Time: 1.05, lr: [0.009478150585620286], Loss: 2.395131, Acc:0.419741, Semantic loss: 0.658139, BCE loss: 1.435423, SB loss: 0.301569
2025-04-10 18:25:09,057 Epoch: [1/20] Iter:[40/192], Time: 0.93, lr: [0.009454569834934885], Loss: 2.455479, Acc:0.408176, Semantic loss: 0.659076, BCE loss: 1.444512, SB loss: 0.351891
2025-04-10 18:25:14,854 Epoch: [1/20] Iter:[50/192], Time: 0.86, lr: [0.009430982547650114], Loss: 2.533580, Acc:0.407788, Semantic loss: 0.703333, BCE loss: 1.467060, SB loss: 0.363187
2025-04-10 18:25:20,640 Epoch: [1/20] Iter:[60/192], Time: 0.82, lr: [0.009407388703779091], Loss: 2.534909, Acc:0.413606, Semantic loss: 0.708430, BCE loss: 1.470911, SB loss: 0.355568
2025-04-10 18:25:26,387 Epoch: [1/20] Iter:[70/192], Time: 0.78, lr: [0.009383788283217955], Loss: 2.513810, Acc:0.411837, Semantic loss: 0.705974, BCE loss: 1.443684, SB loss: 0.364152
2025-04-10 18:25:32,120 Epoch: [1/20] Iter:[80/192], Time: 0.76, lr: [0.00936018126574482], Loss: 2.561346, Acc:0.406561, Semantic loss: 0.742763, BCE loss: 1.450583, SB loss: 0.368000
2025-04-10 18:25:37,886 Epoch: [1/20] Iter:[90/192], Time: 0.74, lr: [0.009336567631018769], Loss: 2.568929, Acc:0.404610, Semantic loss: 0.741167, BCE loss: 1.456268, SB loss: 0.371494
2025-04-10 18:25:43,663 Epoch: [1/20] Iter:[100/192], Time: 0.72, lr: [0.009312947358578814], Loss: 2.571811, Acc:0.404438, Semantic loss: 0.729519, BCE loss: 1.466961, SB loss: 0.375330
2025-04-10 18:25:49,404 Epoch: [1/20] Iter:[110/192], Time: 0.71, lr: [0.009289320427842841], Loss: 2.564863, Acc:0.405832, Semantic loss: 0.724244, BCE loss: 1.470178, SB loss: 0.370441
2025-04-10 18:25:55,187 Epoch: [1/20] Iter:[120/192], Time: 0.70, lr: [0.009265686818106552], Loss: 2.560213, Acc:0.407920, Semantic loss: 0.709779, BCE loss: 1.476898, SB loss: 0.373537
2025-04-10 18:26:00,956 Epoch: [1/20] Iter:[130/192], Time: 0.69, lr: [0.009242046508542393], Loss: 2.555237, Acc:0.410147, Semantic loss: 0.706319, BCE loss: 1.475058, SB loss: 0.373860
2025-04-10 18:26:06,706 Epoch: [1/20] Iter:[140/192], Time: 0.68, lr: [0.009218399478198466], Loss: 2.534825, Acc:0.410881, Semantic loss: 0.696466, BCE loss: 1.470952, SB loss: 0.367407
2025-04-10 18:26:12,459 Epoch: [1/20] Iter:[150/192], Time: 0.67, lr: [0.009194745705997428], Loss: 2.539068, Acc:0.413853, Semantic loss: 0.693367, BCE loss: 1.478712, SB loss: 0.366989
2025-04-10 18:26:18,231 Epoch: [1/20] Iter:[160/192], Time: 0.67, lr: [0.00917108517073538], Loss: 2.539527, Acc:0.415795, Semantic loss: 0.691756, BCE loss: 1.483275, SB loss: 0.364497
2025-04-10 18:26:24,027 Epoch: [1/20] Iter:[170/192], Time: 0.66, lr: [0.00914741785108075], Loss: 2.532926, Acc:0.416661, Semantic loss: 0.686165, BCE loss: 1.483531, SB loss: 0.363230
2025-04-10 18:26:29,800 Epoch: [1/20] Iter:[180/192], Time: 0.66, lr: [0.00912374372557314], Loss: 2.524582, Acc:0.416301, Semantic loss: 0.680373, BCE loss: 1.485947, SB loss: 0.358262
2025-04-10 18:26:35,512 Epoch: [1/20] Iter:[190/192], Time: 0.65, lr: [0.009100062772622186], Loss: 2.513974, Acc:0.418977, Semantic loss: 0.672432, BCE loss: 1.488970, SB loss: 0.352571
2025-04-10 18:29:11,581 0 [0.         0.20196246 0.22035331 0.12501802 0.2641182  0.13388903
 0.09721605 0.20599317] 0.15606877902332034
2025-04-10 18:29:11,584 1 [0.         0.20549261 0.28028277 0.23454475 0.26631804 0.06814301
 0.06485485 0.38705811] 0.18833676621490447
2025-04-10 18:29:11,597 => saving checkpoint to output\loveda\pidnet_small_loveda\aug_hfcheckpoint.pth.tar
2025-04-10 18:29:11,830 Loss: 7.310, MeanIU:  0.1883, Best_mIoU:  0.1883
2025-04-10 18:29:11,831 [0.         0.20549261 0.28028277 0.23454475 0.26631804 0.06814301
 0.06485485 0.38705811]
2025-04-10 18:29:29,619 Epoch: [2/20] Iter:[0/192], Time: 17.53, lr: [0.009095325760829623], Loss: 2.204357, Acc:0.482139, Semantic loss: 0.442461, BCE loss: 1.583330, SB loss: 0.178566
2025-04-10 18:29:35,020 Epoch: [2/20] Iter:[10/192], Time: 2.08, lr: [0.009071636586262652], Loss: 2.397709, Acc:0.465045, Semantic loss: 0.606153, BCE loss: 1.510396, SB loss: 0.281161
2025-04-10 18:29:40,427 Epoch: [2/20] Iter:[20/192], Time: 1.35, lr: [0.009047940536290279], Loss: 2.384078, Acc:0.458772, Semantic loss: 0.642389, BCE loss: 1.419706, SB loss: 0.321984
2025-04-10 18:29:45,865 Epoch: [2/20] Iter:[30/192], Time: 1.09, lr: [0.009024237588898336], Loss: 2.410407, Acc:0.460199, Semantic loss: 0.611538, BCE loss: 1.446349, SB loss: 0.352520
2025-04-10 18:29:51,300 Epoch: [2/20] Iter:[40/192], Time: 0.96, lr: [0.009000527721937697], Loss: 2.422289, Acc:0.448109, Semantic loss: 0.630031, BCE loss: 1.459939, SB loss: 0.332320
2025-04-10 18:29:56,745 Epoch: [2/20] Iter:[50/192], Time: 0.88, lr: [0.008976810913123051], Loss: 2.405075, Acc:0.445790, Semantic loss: 0.634829, BCE loss: 1.442914, SB loss: 0.327332
2025-04-10 18:30:02,160 Epoch: [2/20] Iter:[60/192], Time: 0.82, lr: [0.008953087140031669], Loss: 2.392462, Acc:0.444118, Semantic loss: 0.624716, BCE loss: 1.444707, SB loss: 0.323039
2025-04-10 18:30:07,589 Epoch: [2/20] Iter:[70/192], Time: 0.78, lr: [0.008929356380102142], Loss: 2.386303, Acc:0.443497, Semantic loss: 0.616457, BCE loss: 1.444660, SB loss: 0.325186
2025-04-10 18:30:13,017 Epoch: [2/20] Iter:[80/192], Time: 0.75, lr: [0.008905618610633112], Loss: 2.384662, Acc:0.447650, Semantic loss: 0.604487, BCE loss: 1.460330, SB loss: 0.319845
2025-04-10 18:30:18,433 Epoch: [2/20] Iter:[90/192], Time: 0.73, lr: [0.008881873808781991], Loss: 2.372782, Acc:0.447341, Semantic loss: 0.591233, BCE loss: 1.460660, SB loss: 0.320888
2025-04-10 18:30:23,879 Epoch: [2/20] Iter:[100/192], Time: 0.71, lr: [0.008858121951563658], Loss: 2.378582, Acc:0.446823, Semantic loss: 0.592516, BCE loss: 1.466532, SB loss: 0.319535
2025-04-10 18:30:29,311 Epoch: [2/20] Iter:[110/192], Time: 0.70, lr: [0.008834363015849136], Loss: 2.398430, Acc:0.448110, Semantic loss: 0.603178, BCE loss: 1.470661, SB loss: 0.324591
2025-04-10 18:30:34,689 Epoch: [2/20] Iter:[120/192], Time: 0.68, lr: [0.008810596978364274], Loss: 2.409262, Acc:0.446203, Semantic loss: 0.601882, BCE loss: 1.481554, SB loss: 0.325826
2025-04-10 18:30:40,082 Epoch: [2/20] Iter:[130/192], Time: 0.67, lr: [0.008786823815688379], Loss: 2.410196, Acc:0.447989, Semantic loss: 0.608136, BCE loss: 1.475265, SB loss: 0.326795
2025-04-10 18:30:45,476 Epoch: [2/20] Iter:[140/192], Time: 0.66, lr: [0.008763043504252865], Loss: 2.412990, Acc:0.448562, Semantic loss: 0.608854, BCE loss: 1.469221, SB loss: 0.334915
2025-04-10 18:30:50,910 Epoch: [2/20] Iter:[150/192], Time: 0.65, lr: [0.008739256020339866], Loss: 2.417824, Acc:0.448153, Semantic loss: 0.610569, BCE loss: 1.471383, SB loss: 0.335871
2025-04-10 18:30:56,321 Epoch: [2/20] Iter:[160/192], Time: 0.65, lr: [0.00871546134008083], Loss: 2.406358, Acc:0.447127, Semantic loss: 0.605832, BCE loss: 1.470103, SB loss: 0.330423
2025-04-10 18:31:01,735 Epoch: [2/20] Iter:[170/192], Time: 0.64, lr: [0.008691659439455107], Loss: 2.394661, Acc:0.447026, Semantic loss: 0.602052, BCE loss: 1.463799, SB loss: 0.328810
2025-04-10 18:31:07,132 Epoch: [2/20] Iter:[180/192], Time: 0.64, lr: [0.008667850294288517], Loss: 2.388022, Acc:0.448460, Semantic loss: 0.599611, BCE loss: 1.456223, SB loss: 0.332188
2025-04-10 18:31:12,509 Epoch: [2/20] Iter:[190/192], Time: 0.63, lr: [0.008644033880251888], Loss: 2.389169, Acc:0.448549, Semantic loss: 0.598751, BCE loss: 1.460528, SB loss: 0.329891
2025-04-10 18:33:38,421 0 [0.         0.20388343 0.21146206 0.12920572 0.23096498 0.11900291
 0.09414922 0.23932504] 0.1534991696454237
2025-04-10 18:33:38,422 1 [0.         0.18235355 0.31463591 0.21483923 0.22886743 0.04683634
 0.07931243 0.41543867] 0.1852854449086732
2025-04-10 18:33:38,430 => saving checkpoint to output\loveda\pidnet_small_loveda\aug_hfcheckpoint.pth.tar
2025-04-10 18:33:38,537 Loss: 6.563, MeanIU:  0.1853, Best_mIoU:  0.1883
2025-04-10 18:33:38,537 [0.         0.18235355 0.31463591 0.21483923 0.22886743 0.04683634
 0.07931243 0.41543867]
2025-04-10 18:33:55,714 Epoch: [3/20] Iter:[0/192], Time: 16.91, lr: [0.008639269723028191], Loss: 2.668242, Acc:0.437006, Semantic loss: 0.440411, BCE loss: 1.881529, SB loss: 0.346302
2025-04-10 18:34:00,834 Epoch: [3/20] Iter:[10/192], Time: 2.00, lr: [0.008615444554012613], Loss: 2.384258, Acc:0.446203, Semantic loss: 0.565915, BCE loss: 1.498501, SB loss: 0.319842
2025-04-10 18:34:05,949 Epoch: [3/20] Iter:[20/192], Time: 1.29, lr: [0.008591612062049989], Loss: 2.342799, Acc:0.456189, Semantic loss: 0.555061, BCE loss: 1.499882, SB loss: 0.287856
2025-04-10 18:34:11,036 Epoch: [3/20] Iter:[30/192], Time: 1.04, lr: [0.008567772222305215], Loss: 2.303642, Acc:0.461518, Semantic loss: 0.562391, BCE loss: 1.454720, SB loss: 0.286531
2025-04-10 18:34:16,118 Epoch: [3/20] Iter:[40/192], Time: 0.91, lr: [0.008543925009781886], Loss: 2.267398, Acc:0.462670, Semantic loss: 0.538645, BCE loss: 1.451016, SB loss: 0.277738
2025-04-10 18:34:21,235 Epoch: [3/20] Iter:[50/192], Time: 0.83, lr: [0.00852007039932076], Loss: 2.316004, Acc:0.471404, Semantic loss: 0.536763, BCE loss: 1.484245, SB loss: 0.294996
2025-04-10 18:34:26,315 Epoch: [3/20] Iter:[60/192], Time: 0.78, lr: [0.00849620836559818], Loss: 2.259540, Acc:0.468251, Semantic loss: 0.530459, BCE loss: 1.438965, SB loss: 0.290115
2025-04-10 18:34:31,399 Epoch: [3/20] Iter:[70/192], Time: 0.74, lr: [0.008472338883124477], Loss: 2.275568, Acc:0.469952, Semantic loss: 0.539784, BCE loss: 1.444777, SB loss: 0.291007
2025-04-10 18:34:36,500 Epoch: [3/20] Iter:[80/192], Time: 0.71, lr: [0.008448461926242374], Loss: 2.281474, Acc:0.469348, Semantic loss: 0.541937, BCE loss: 1.457485, SB loss: 0.282053
2025-04-10 18:34:41,617 Epoch: [3/20] Iter:[90/192], Time: 0.69, lr: [0.008424577469125337], Loss: 2.294929, Acc:0.470637, Semantic loss: 0.548662, BCE loss: 1.458665, SB loss: 0.287602
2025-04-10 18:34:46,707 Epoch: [3/20] Iter:[100/192], Time: 0.67, lr: [0.008400685485775935], Loss: 2.294157, Acc:0.470899, Semantic loss: 0.546383, BCE loss: 1.454543, SB loss: 0.293231
2025-04-10 18:34:51,815 Epoch: [3/20] Iter:[110/192], Time: 0.66, lr: [0.008376785950024154], Loss: 2.308042, Acc:0.471224, Semantic loss: 0.540109, BCE loss: 1.471607, SB loss: 0.296326
2025-04-10 18:34:56,937 Epoch: [3/20] Iter:[120/192], Time: 0.65, lr: [0.00835287883552571], Loss: 2.303415, Acc:0.473664, Semantic loss: 0.544796, BCE loss: 1.465095, SB loss: 0.293524
2025-04-10 18:35:02,039 Epoch: [3/20] Iter:[130/192], Time: 0.64, lr: [0.008328964115760324], Loss: 2.303373, Acc:0.472772, Semantic loss: 0.541795, BCE loss: 1.467270, SB loss: 0.294307
2025-04-10 18:35:07,138 Epoch: [3/20] Iter:[140/192], Time: 0.63, lr: [0.008305041764029988], Loss: 2.311846, Acc:0.472697, Semantic loss: 0.545058, BCE loss: 1.468012, SB loss: 0.298777
2025-04-10 18:35:12,238 Epoch: [3/20] Iter:[150/192], Time: 0.62, lr: [0.008281111753457188], Loss: 2.309282, Acc:0.473743, Semantic loss: 0.548079, BCE loss: 1.459538, SB loss: 0.301665
2025-04-10 18:35:17,335 Epoch: [3/20] Iter:[160/192], Time: 0.61, lr: [0.008257174056983133], Loss: 2.306260, Acc:0.474889, Semantic loss: 0.547265, BCE loss: 1.454873, SB loss: 0.304122
2025-04-10 18:35:22,468 Epoch: [3/20] Iter:[170/192], Time: 0.61, lr: [0.00823322864736593], Loss: 2.294408, Acc:0.471883, Semantic loss: 0.543968, BCE loss: 1.450215, SB loss: 0.300225
2025-04-10 18:35:27,559 Epoch: [3/20] Iter:[180/192], Time: 0.60, lr: [0.008209275497178764], Loss: 2.289156, Acc:0.472577, Semantic loss: 0.544270, BCE loss: 1.443932, SB loss: 0.300955
2025-04-10 18:35:32,676 Epoch: [3/20] Iter:[190/192], Time: 0.60, lr: [0.008185314578808021], Loss: 2.289249, Acc:0.473172, Semantic loss: 0.550025, BCE loss: 1.438870, SB loss: 0.300354
2025-04-10 18:37:48,965 0 [0.         0.24956241 0.20587743 0.14566495 0.26341906 0.14656127
 0.08242483 0.31814676] 0.17645708812991073
2025-04-10 18:37:48,966 1 [0.         0.29867597 0.27926476 0.25957173 0.26415191 0.04451032
 0.02858858 0.42196365] 0.19959086483646907
2025-04-10 18:37:48,974 => saving checkpoint to output\loveda\pidnet_small_loveda\aug_hfcheckpoint.pth.tar
2025-04-10 18:37:49,132 Loss: 5.718, MeanIU:  0.1996, Best_mIoU:  0.1996
2025-04-10 18:37:49,132 [0.         0.29867597 0.27926476 0.25957173 0.26415191 0.04451032
 0.02858858 0.42196365]
2025-04-10 18:38:06,031 Epoch: [4/20] Iter:[0/192], Time: 16.63, lr: [0.008180521460508584], Loss: 2.319359, Acc:0.619641, Semantic loss: 0.456786, BCE loss: 1.547248, SB loss: 0.315325
2025-04-10 18:38:11,093 Epoch: [4/20] Iter:[10/192], Time: 1.97, lr: [0.008156551183601795], Loss: 2.070743, Acc:0.459107, Semantic loss: 0.439205, BCE loss: 1.366435, SB loss: 0.265103
2025-04-10 18:38:16,208 Epoch: [4/20] Iter:[20/192], Time: 1.28, lr: [0.008132573077094668], Loss: 2.127729, Acc:0.481158, Semantic loss: 0.457587, BCE loss: 1.406968, SB loss: 0.263174
2025-04-10 18:38:21,302 Epoch: [4/20] Iter:[30/192], Time: 1.03, lr: [0.008108587112763079], Loss: 2.179821, Acc:0.486661, Semantic loss: 0.488956, BCE loss: 1.414189, SB loss: 0.276677
2025-04-10 18:38:26,419 Epoch: [4/20] Iter:[40/192], Time: 0.90, lr: [0.008084593262188028], Loss: 2.203438, Acc:0.485446, Semantic loss: 0.505169, BCE loss: 1.409322, SB loss: 0.288947
2025-04-10 18:38:31,529 Epoch: [4/20] Iter:[50/192], Time: 0.83, lr: [0.008060591496753653], Loss: 2.222532, Acc:0.480091, Semantic loss: 0.518806, BCE loss: 1.408458, SB loss: 0.295267
2025-04-10 18:38:36,642 Epoch: [4/20] Iter:[60/192], Time: 0.77, lr: [0.008036581787645204], Loss: 2.231428, Acc:0.481003, Semantic loss: 0.515718, BCE loss: 1.425772, SB loss: 0.289939
2025-04-10 18:38:41,742 Epoch: [4/20] Iter:[70/192], Time: 0.74, lr: [0.008012564105846994], Loss: 2.248352, Acc:0.478868, Semantic loss: 0.519393, BCE loss: 1.437096, SB loss: 0.291862
2025-04-10 18:38:46,857 Epoch: [4/20] Iter:[80/192], Time: 0.71, lr: [0.007988538422140333], Loss: 2.212780, Acc:0.482626, Semantic loss: 0.514106, BCE loss: 1.415029, SB loss: 0.283645
2025-04-10 18:38:51,967 Epoch: [4/20] Iter:[90/192], Time: 0.69, lr: [0.007964504707101411], Loss: 2.202998, Acc:0.481910, Semantic loss: 0.509309, BCE loss: 1.414668, SB loss: 0.279021
2025-04-10 18:38:57,092 Epoch: [4/20] Iter:[100/192], Time: 0.67, lr: [0.007940462931099176], Loss: 2.192224, Acc:0.485851, Semantic loss: 0.509130, BCE loss: 1.404413, SB loss: 0.278681
2025-04-10 18:39:02,207 Epoch: [4/20] Iter:[110/192], Time: 0.66, lr: [0.007916413064293163], Loss: 2.210511, Acc:0.486000, Semantic loss: 0.510290, BCE loss: 1.419821, SB loss: 0.280400
2025-04-10 18:39:07,287 Epoch: [4/20] Iter:[120/192], Time: 0.64, lr: [0.007892355076631318], Loss: 2.225442, Acc:0.486098, Semantic loss: 0.520783, BCE loss: 1.419330, SB loss: 0.285330
2025-04-10 18:39:12,386 Epoch: [4/20] Iter:[130/192], Time: 0.63, lr: [0.007868288937847752], Loss: 2.234058, Acc:0.486604, Semantic loss: 0.524865, BCE loss: 1.422411, SB loss: 0.286782
2025-04-10 18:39:17,483 Epoch: [4/20] Iter:[140/192], Time: 0.62, lr: [0.007844214617460508], Loss: 2.237697, Acc:0.485796, Semantic loss: 0.523303, BCE loss: 1.424236, SB loss: 0.290157
2025-04-10 18:39:22,610 Epoch: [4/20] Iter:[150/192], Time: 0.62, lr: [0.007820132084769268], Loss: 2.242432, Acc:0.486442, Semantic loss: 0.520280, BCE loss: 1.430804, SB loss: 0.291348
2025-04-10 18:39:27,672 Epoch: [4/20] Iter:[160/192], Time: 0.61, lr: [0.00779604130885303], Loss: 2.231246, Acc:0.485413, Semantic loss: 0.519707, BCE loss: 1.421437, SB loss: 0.290102
2025-04-10 18:39:32,769 Epoch: [4/20] Iter:[170/192], Time: 0.60, lr: [0.007771942258567773], Loss: 2.223414, Acc:0.486352, Semantic loss: 0.516774, BCE loss: 1.416641, SB loss: 0.289999
2025-04-10 18:39:37,865 Epoch: [4/20] Iter:[180/192], Time: 0.60, lr: [0.007747834902544056], Loss: 2.228847, Acc:0.486543, Semantic loss: 0.516452, BCE loss: 1.420728, SB loss: 0.291666
2025-04-10 18:39:42,975 Epoch: [4/20] Iter:[190/192], Time: 0.59, lr: [0.0077237192091846206], Loss: 2.231185, Acc:0.487451, Semantic loss: 0.514539, BCE loss: 1.422287, SB loss: 0.294358
2025-04-10 18:42:28,204 0 [0.         0.26874745 0.19872816 0.13469416 0.28993754 0.16802006
 0.08542992 0.30065504] 0.18077654184988867
2025-04-10 18:42:28,205 1 [0.         0.34792687 0.22007241 0.30052791 0.3135684  0.03532006
 0.04150548 0.44574405] 0.21308314763019004
2025-04-10 18:42:28,215 => saving checkpoint to output\loveda\pidnet_small_loveda\aug_hfcheckpoint.pth.tar
2025-04-10 18:42:28,433 Loss: 5.987, MeanIU:  0.2131, Best_mIoU:  0.2131
2025-04-10 18:42:28,434 [0.         0.34792687 0.22007241 0.30052791 0.3135684  0.03532006
 0.04150548 0.44574405]
2025-04-10 18:42:45,543 Epoch: [5/20] Iter:[0/192], Time: 16.86, lr: [0.007718895067235705], Loss: 2.504518, Acc:0.537454, Semantic loss: 0.538559, BCE loss: 1.717417, SB loss: 0.248541
2025-04-10 18:42:50,906 Epoch: [5/20] Iter:[10/192], Time: 2.02, lr: [0.007694769327040611], Loss: 2.198818, Acc:0.507850, Semantic loss: 0.443027, BCE loss: 1.484156, SB loss: 0.271635
2025-04-10 18:42:56,308 Epoch: [5/20] Iter:[20/192], Time: 1.32, lr: [0.00767063517918174], Loss: 2.173817, Acc:0.505065, Semantic loss: 0.452044, BCE loss: 1.447396, SB loss: 0.274377
2025-04-10 18:43:01,694 Epoch: [5/20] Iter:[30/192], Time: 1.06, lr: [0.007646492591316132], Loss: 2.162489, Acc:0.506933, Semantic loss: 0.463452, BCE loss: 1.430828, SB loss: 0.268210
2025-04-10 18:43:07,099 Epoch: [5/20] Iter:[40/192], Time: 0.94, lr: [0.007622341530862476], Loss: 2.134182, Acc:0.500225, Semantic loss: 0.465863, BCE loss: 1.383458, SB loss: 0.284862
2025-04-10 18:43:12,492 Epoch: [5/20] Iter:[50/192], Time: 0.86, lr: [0.0075981819649984985], Loss: 2.131617, Acc:0.498455, Semantic loss: 0.461778, BCE loss: 1.386409, SB loss: 0.283429
2025-04-10 18:43:17,892 Epoch: [5/20] Iter:[60/192], Time: 0.81, lr: [0.007574013860658317], Loss: 2.141190, Acc:0.495741, Semantic loss: 0.464627, BCE loss: 1.395293, SB loss: 0.281270
2025-04-10 18:43:23,280 Epoch: [5/20] Iter:[70/192], Time: 0.77, lr: [0.007549837184529776], Loss: 2.149141, Acc:0.499493, Semantic loss: 0.465254, BCE loss: 1.400864, SB loss: 0.283023
2025-04-10 18:43:28,690 Epoch: [5/20] Iter:[80/192], Time: 0.74, lr: [0.0075256519030517215], Loss: 2.180427, Acc:0.501866, Semantic loss: 0.470769, BCE loss: 1.418236, SB loss: 0.291421
2025-04-10 18:43:34,066 Epoch: [5/20] Iter:[90/192], Time: 0.72, lr: [0.007501457982411236], Loss: 2.176031, Acc:0.500225, Semantic loss: 0.479598, BCE loss: 1.410163, SB loss: 0.286269
2025-04-10 18:43:39,450 Epoch: [5/20] Iter:[100/192], Time: 0.70, lr: [0.0074772553885408604], Loss: 2.201136, Acc:0.500544, Semantic loss: 0.486710, BCE loss: 1.414889, SB loss: 0.299538
2025-04-10 18:43:44,847 Epoch: [5/20] Iter:[110/192], Time: 0.69, lr: [0.007453044087115737], Loss: 2.194495, Acc:0.498013, Semantic loss: 0.490868, BCE loss: 1.408293, SB loss: 0.295334
2025-04-10 18:43:50,224 Epoch: [5/20] Iter:[120/192], Time: 0.67, lr: [0.007428824043550734], Loss: 2.206624, Acc:0.501381, Semantic loss: 0.492959, BCE loss: 1.416628, SB loss: 0.297037
2025-04-10 18:43:55,614 Epoch: [5/20] Iter:[130/192], Time: 0.66, lr: [0.007404595222997526], Loss: 2.214248, Acc:0.499741, Semantic loss: 0.494558, BCE loss: 1.422293, SB loss: 0.297398
2025-04-10 18:44:01,001 Epoch: [5/20] Iter:[140/192], Time: 0.65, lr: [0.007380357590341623], Loss: 2.216765, Acc:0.498891, Semantic loss: 0.496046, BCE loss: 1.423140, SB loss: 0.297579
2025-04-10 18:44:06,394 Epoch: [5/20] Iter:[150/192], Time: 0.65, lr: [0.007356111110199354], Loss: 2.222233, Acc:0.496452, Semantic loss: 0.498871, BCE loss: 1.423125, SB loss: 0.300237
2025-04-10 18:44:11,793 Epoch: [5/20] Iter:[160/192], Time: 0.64, lr: [0.00733185574691482], Loss: 2.223066, Acc:0.496772, Semantic loss: 0.498993, BCE loss: 1.426881, SB loss: 0.297192
2025-04-10 18:44:17,182 Epoch: [5/20] Iter:[170/192], Time: 0.63, lr: [0.007307591464556783], Loss: 2.214705, Acc:0.497126, Semantic loss: 0.500665, BCE loss: 1.416792, SB loss: 0.297248
2025-04-10 18:44:22,546 Epoch: [5/20] Iter:[180/192], Time: 0.63, lr: [0.007283318226915514], Loss: 2.207337, Acc:0.496449, Semantic loss: 0.500347, BCE loss: 1.408754, SB loss: 0.298236
2025-04-10 18:44:27,912 Epoch: [5/20] Iter:[190/192], Time: 0.62, lr: [0.007259035997499604], Loss: 2.222474, Acc:0.496875, Semantic loss: 0.505118, BCE loss: 1.416892, SB loss: 0.300464
2025-04-10 18:47:10,957 0 [0.         0.2969455  0.20033697 0.15220914 0.29265773 0.16657353
 0.11119904 0.35823222] 0.197269266484763
2025-04-10 18:47:10,958 1 [0.         0.21153855 0.28029524 0.2210109  0.25963803 0.01955002
 0.03793676 0.4192544 ] 0.18115298636819127
2025-04-10 18:47:10,995 => saving checkpoint to output\loveda\pidnet_small_loveda\aug_hfcheckpoint.pth.tar
2025-04-10 18:47:11,152 Loss: 5.904, MeanIU:  0.1812, Best_mIoU:  0.2131
2025-04-10 18:47:11,154 [0.         0.21153855 0.28029524 0.2210109  0.25963803 0.01955002
 0.03793676 0.4192544 ]
2025-04-10 18:47:28,646 Epoch: [6/20] Iter:[0/192], Time: 17.22, lr: [0.007254178469372199], Loss: 2.544021, Acc:0.677905, Semantic loss: 0.856233, BCE loss: 1.210075, SB loss: 0.477713
2025-04-10 18:47:33,760 Epoch: [6/20] Iter:[10/192], Time: 2.03, lr: [0.007229885401256642], Loss: 2.405460, Acc:0.504676, Semantic loss: 0.615478, BCE loss: 1.415270, SB loss: 0.374713
2025-04-10 18:47:38,834 Epoch: [6/20] Iter:[20/192], Time: 1.31, lr: [0.0072055832600777334], Loss: 2.310784, Acc:0.502523, Semantic loss: 0.589080, BCE loss: 1.377201, SB loss: 0.344503
2025-04-10 18:47:43,906 Epoch: [6/20] Iter:[30/192], Time: 1.05, lr: [0.007181272008420604], Loss: 2.256627, Acc:0.489735, Semantic loss: 0.546674, BCE loss: 1.390114, SB loss: 0.319839
2025-04-10 18:47:49,024 Epoch: [6/20] Iter:[40/192], Time: 0.92, lr: [0.007156951608574727], Loss: 2.247134, Acc:0.497981, Semantic loss: 0.536497, BCE loss: 1.402373, SB loss: 0.308264
2025-04-10 18:47:54,091 Epoch: [6/20] Iter:[50/192], Time: 0.84, lr: [0.007132622022530447], Loss: 2.199627, Acc:0.495703, Semantic loss: 0.517206, BCE loss: 1.383161, SB loss: 0.299259
2025-04-10 18:47:59,185 Epoch: [6/20] Iter:[60/192], Time: 0.78, lr: [0.007108283211975477], Loss: 2.191956, Acc:0.495049, Semantic loss: 0.504088, BCE loss: 1.389468, SB loss: 0.298399
2025-04-10 18:48:04,291 Epoch: [6/20] Iter:[70/192], Time: 0.74, lr: [0.007083935138291319], Loss: 2.195833, Acc:0.495754, Semantic loss: 0.499949, BCE loss: 1.393456, SB loss: 0.302428
2025-04-10 18:48:09,380 Epoch: [6/20] Iter:[80/192], Time: 0.72, lr: [0.007059577762549636], Loss: 2.202673, Acc:0.498914, Semantic loss: 0.503475, BCE loss: 1.392740, SB loss: 0.306458
2025-04-10 18:48:14,516 Epoch: [6/20] Iter:[90/192], Time: 0.69, lr: [0.007035211045508576], Loss: 2.207847, Acc:0.499751, Semantic loss: 0.502457, BCE loss: 1.404198, SB loss: 0.301193
2025-04-10 18:48:19,597 Epoch: [6/20] Iter:[100/192], Time: 0.68, lr: [0.0070108349476090265], Loss: 2.209378, Acc:0.498722, Semantic loss: 0.503563, BCE loss: 1.403866, SB loss: 0.301950
2025-04-10 18:48:24,680 Epoch: [6/20] Iter:[110/192], Time: 0.66, lr: [0.00698644942897081], Loss: 2.204059, Acc:0.500550, Semantic loss: 0.495826, BCE loss: 1.406451, SB loss: 0.301782
2025-04-10 18:48:29,777 Epoch: [6/20] Iter:[120/192], Time: 0.65, lr: [0.006962054449388827], Loss: 2.203068, Acc:0.500389, Semantic loss: 0.500381, BCE loss: 1.403553, SB loss: 0.299134
2025-04-10 18:48:34,856 Epoch: [6/20] Iter:[130/192], Time: 0.64, lr: [0.006937649968329135], Loss: 2.204745, Acc:0.503059, Semantic loss: 0.498793, BCE loss: 1.410566, SB loss: 0.295386
2025-04-10 18:48:39,910 Epoch: [6/20] Iter:[140/192], Time: 0.63, lr: [0.006913235944924954], Loss: 2.203848, Acc:0.502676, Semantic loss: 0.497088, BCE loss: 1.411644, SB loss: 0.295116
2025-04-10 18:48:44,986 Epoch: [6/20] Iter:[150/192], Time: 0.62, lr: [0.006888812337972621], Loss: 2.196521, Acc:0.504291, Semantic loss: 0.494007, BCE loss: 1.409185, SB loss: 0.293330
2025-04-10 18:48:50,080 Epoch: [6/20] Iter:[160/192], Time: 0.61, lr: [0.00686437910592748], Loss: 2.184164, Acc:0.503305, Semantic loss: 0.493966, BCE loss: 1.396738, SB loss: 0.293460
2025-04-10 18:48:55,189 Epoch: [6/20] Iter:[170/192], Time: 0.61, lr: [0.00683993620689969], Loss: 2.177997, Acc:0.504155, Semantic loss: 0.489834, BCE loss: 1.395968, SB loss: 0.292196
2025-04-10 18:49:00,300 Epoch: [6/20] Iter:[180/192], Time: 0.60, lr: [0.0068154835986499775], Loss: 2.186124, Acc:0.504570, Semantic loss: 0.490710, BCE loss: 1.402271, SB loss: 0.293143
2025-04-10 18:49:05,377 Epoch: [6/20] Iter:[190/192], Time: 0.60, lr: [0.006791021238585323], Loss: 2.196317, Acc:0.503913, Semantic loss: 0.491664, BCE loss: 1.409974, SB loss: 0.294679
2025-04-10 18:51:34,364 0 [0.         0.31169264 0.20561925 0.15369107 0.28474325 0.15545417
 0.07008173 0.33730275] 0.18982310694165505
2025-04-10 18:51:34,364 1 [0.         0.31829129 0.27865871 0.20873279 0.26443759 0.02370912
 0.02950214 0.43293149] 0.19453289291812584
2025-04-10 18:51:34,372 => saving checkpoint to output\loveda\pidnet_small_loveda\aug_hfcheckpoint.pth.tar
2025-04-10 18:51:34,476 Loss: 6.147, MeanIU:  0.1945, Best_mIoU:  0.2131
2025-04-10 18:51:34,476 [0.         0.31829129 0.27865871 0.20873279 0.26443759 0.02370912
 0.02950214 0.43293149]
2025-04-10 18:51:51,346 Epoch: [7/20] Iter:[0/192], Time: 16.61, lr: [0.006786127592581251], Loss: 2.000946, Acc:0.528014, Semantic loss: 0.408699, BCE loss: 1.402631, SB loss: 0.189616
2025-04-10 18:51:56,757 Epoch: [7/20] Iter:[10/192], Time: 2.00, lr: [0.006761653473611295], Loss: 2.131496, Acc:0.519409, Semantic loss: 0.445544, BCE loss: 1.445503, SB loss: 0.240449
2025-04-10 18:52:02,485 Epoch: [7/20] Iter:[20/192], Time: 1.32, lr: [0.006737169507854796], Loss: 2.069265, Acc:0.532780, Semantic loss: 0.429804, BCE loss: 1.404180, SB loss: 0.235281
2025-04-10 18:52:08,237 Epoch: [7/20] Iter:[30/192], Time: 1.08, lr: [0.006712675651556858], Loss: 2.099908, Acc:0.531577, Semantic loss: 0.445580, BCE loss: 1.396509, SB loss: 0.257820
2025-04-10 18:52:13,998 Epoch: [7/20] Iter:[40/192], Time: 0.96, lr: [0.006688171860589905], Loss: 2.151718, Acc:0.528248, Semantic loss: 0.470977, BCE loss: 1.406721, SB loss: 0.274019
2025-04-10 18:52:19,818 Epoch: [7/20] Iter:[50/192], Time: 0.88, lr: [0.0066636580904489585], Loss: 2.184727, Acc:0.526633, Semantic loss: 0.470574, BCE loss: 1.440177, SB loss: 0.273977
2025-04-10 18:52:25,727 Epoch: [7/20] Iter:[60/192], Time: 0.84, lr: [0.006639134296246874], Loss: 2.206765, Acc:0.525185, Semantic loss: 0.476783, BCE loss: 1.449077, SB loss: 0.280905
2025-04-10 18:52:31,791 Epoch: [7/20] Iter:[70/192], Time: 0.80, lr: [0.0066146004327094585], Loss: 2.219027, Acc:0.523383, Semantic loss: 0.481307, BCE loss: 1.450896, SB loss: 0.286824
2025-04-10 18:52:38,110 Epoch: [7/20] Iter:[80/192], Time: 0.78, lr: [0.006590056454170537], Loss: 2.215635, Acc:0.518906, Semantic loss: 0.488502, BCE loss: 1.440238, SB loss: 0.286895
2025-04-10 18:52:43,873 Epoch: [7/20] Iter:[90/192], Time: 0.76, lr: [0.006565502314566912], Loss: 2.201172, Acc:0.517026, Semantic loss: 0.480691, BCE loss: 1.437138, SB loss: 0.283343
2025-04-10 18:52:49,332 Epoch: [7/20] Iter:[100/192], Time: 0.74, lr: [0.006540937967433255], Loss: 2.194197, Acc:0.520034, Semantic loss: 0.479022, BCE loss: 1.430733, SB loss: 0.284442
2025-04-10 18:52:54,775 Epoch: [7/20] Iter:[110/192], Time: 0.72, lr: [0.006516363365896894], Loss: 2.179344, Acc:0.517907, Semantic loss: 0.474497, BCE loss: 1.422783, SB loss: 0.282064
2025-04-10 18:53:00,423 Epoch: [7/20] Iter:[120/192], Time: 0.71, lr: [0.006491778462672531], Loss: 2.172659, Acc:0.517558, Semantic loss: 0.474229, BCE loss: 1.416997, SB loss: 0.281432
2025-04-10 18:53:06,179 Epoch: [7/20] Iter:[130/192], Time: 0.70, lr: [0.006467183210056843], Loss: 2.167775, Acc:0.516616, Semantic loss: 0.469106, BCE loss: 1.419625, SB loss: 0.279044
2025-04-10 18:53:11,945 Epoch: [7/20] Iter:[140/192], Time: 0.69, lr: [0.006442577559923017], Loss: 2.165501, Acc:0.516543, Semantic loss: 0.469174, BCE loss: 1.414968, SB loss: 0.281360
2025-04-10 18:53:17,707 Epoch: [7/20] Iter:[150/192], Time: 0.68, lr: [0.006417961463715172], Loss: 2.163200, Acc:0.519823, Semantic loss: 0.467400, BCE loss: 1.410768, SB loss: 0.285032
2025-04-10 18:53:23,419 Epoch: [7/20] Iter:[160/192], Time: 0.68, lr: [0.006393334872442681], Loss: 2.161350, Acc:0.520834, Semantic loss: 0.466296, BCE loss: 1.409782, SB loss: 0.285271
2025-04-10 18:53:29,106 Epoch: [7/20] Iter:[170/192], Time: 0.67, lr: [0.006368697736674411], Loss: 2.157689, Acc:0.522471, Semantic loss: 0.467422, BCE loss: 1.404902, SB loss: 0.285364
2025-04-10 18:53:34,790 Epoch: [7/20] Iter:[180/192], Time: 0.66, lr: [0.006344050006532848], Loss: 2.152840, Acc:0.521749, Semantic loss: 0.464015, BCE loss: 1.405488, SB loss: 0.283337
2025-04-10 18:53:40,081 Epoch: [7/20] Iter:[190/192], Time: 0.66, lr: [0.006319391631688114], Loss: 2.147641, Acc:0.523159, Semantic loss: 0.462896, BCE loss: 1.402619, SB loss: 0.282126
2025-04-10 18:56:13,270 0 [0.         0.27421143 0.22245305 0.15539443 0.26222458 0.16977524
 0.08083638 0.31502011] 0.1849894026878197
2025-04-10 18:56:13,271 1 [0.         0.36135175 0.30497803 0.24928857 0.28636976 0.06065039
 0.02583932 0.42175014] 0.21377849484443084
2025-04-10 18:56:13,279 => saving checkpoint to output\loveda\pidnet_small_loveda\aug_hfcheckpoint.pth.tar
2025-04-10 18:56:13,442 Loss: 6.671, MeanIU:  0.2138, Best_mIoU:  0.2138
2025-04-10 18:56:13,443 [0.         0.36135175 0.30497803 0.24928857 0.28636976 0.06065039
 0.02583932 0.42175014]
2025-04-10 18:56:30,431 Epoch: [8/20] Iter:[0/192], Time: 16.72, lr: [0.006314458674893553], Loss: 2.472804, Acc:0.649668, Semantic loss: 0.487792, BCE loss: 1.665483, SB loss: 0.319530
2025-04-10 18:56:35,532 Epoch: [8/20] Iter:[10/192], Time: 1.98, lr: [0.006289787459323657], Loss: 2.241336, Acc:0.494679, Semantic loss: 0.444988, BCE loss: 1.518738, SB loss: 0.277610
2025-04-10 18:56:40,621 Epoch: [8/20] Iter:[20/192], Time: 1.28, lr: [0.006265105486702424], Loss: 2.196947, Acc:0.513915, Semantic loss: 0.456634, BCE loss: 1.457285, SB loss: 0.283029
2025-04-10 18:56:45,715 Epoch: [8/20] Iter:[30/192], Time: 1.03, lr: [0.006240412705211017], Loss: 2.189128, Acc:0.533495, Semantic loss: 0.457892, BCE loss: 1.444304, SB loss: 0.286932
2025-04-10 18:56:50,812 Epoch: [8/20] Iter:[40/192], Time: 0.91, lr: [0.006215709062551949], Loss: 2.196167, Acc:0.528463, Semantic loss: 0.479157, BCE loss: 1.426634, SB loss: 0.290376
2025-04-10 18:56:55,925 Epoch: [8/20] Iter:[50/192], Time: 0.83, lr: [0.006190994505942529], Loss: 2.163729, Acc:0.524957, Semantic loss: 0.475076, BCE loss: 1.404938, SB loss: 0.283715
2025-04-10 18:57:01,029 Epoch: [8/20] Iter:[60/192], Time: 0.78, lr: [0.006166268982108192], Loss: 2.175230, Acc:0.522195, Semantic loss: 0.465032, BCE loss: 1.427787, SB loss: 0.282411
2025-04-10 18:57:06,118 Epoch: [8/20] Iter:[70/192], Time: 0.74, lr: [0.006141532437275693], Loss: 2.163772, Acc:0.523654, Semantic loss: 0.465132, BCE loss: 1.415024, SB loss: 0.283616
2025-04-10 18:57:11,218 Epoch: [8/20] Iter:[80/192], Time: 0.71, lr: [0.006116784817166194], Loss: 2.181315, Acc:0.526200, Semantic loss: 0.471000, BCE loss: 1.428561, SB loss: 0.281754
2025-04-10 18:57:16,318 Epoch: [8/20] Iter:[90/192], Time: 0.69, lr: [0.006092026066988214], Loss: 2.177907, Acc:0.525974, Semantic loss: 0.469478, BCE loss: 1.425225, SB loss: 0.283204
2025-04-10 18:57:21,410 Epoch: [8/20] Iter:[100/192], Time: 0.67, lr: [0.006067256131430442], Loss: 2.172463, Acc:0.524832, Semantic loss: 0.469987, BCE loss: 1.416139, SB loss: 0.286336
2025-04-10 18:57:26,504 Epoch: [8/20] Iter:[110/192], Time: 0.66, lr: [0.00604247495465443], Loss: 2.141532, Acc:0.522510, Semantic loss: 0.462985, BCE loss: 1.396380, SB loss: 0.282166
2025-04-10 18:57:31,602 Epoch: [8/20] Iter:[120/192], Time: 0.64, lr: [0.006017682480287143], Loss: 2.144819, Acc:0.524782, Semantic loss: 0.461301, BCE loss: 1.404618, SB loss: 0.278899
2025-04-10 18:57:36,700 Epoch: [8/20] Iter:[130/192], Time: 0.63, lr: [0.00599287865141337], Loss: 2.136236, Acc:0.525402, Semantic loss: 0.458371, BCE loss: 1.401343, SB loss: 0.276523
2025-04-10 18:57:41,798 Epoch: [8/20] Iter:[140/192], Time: 0.62, lr: [0.005968063410567983], Loss: 2.134972, Acc:0.525981, Semantic loss: 0.455988, BCE loss: 1.402387, SB loss: 0.276597
2025-04-10 18:57:46,886 Epoch: [8/20] Iter:[150/192], Time: 0.62, lr: [0.00594323669972807], Loss: 2.134754, Acc:0.527436, Semantic loss: 0.452107, BCE loss: 1.409214, SB loss: 0.273433
2025-04-10 18:57:51,961 Epoch: [8/20] Iter:[160/192], Time: 0.61, lr: [0.005918398460304892], Loss: 2.134134, Acc:0.527586, Semantic loss: 0.450664, BCE loss: 1.409579, SB loss: 0.273891
2025-04-10 18:57:57,037 Epoch: [8/20] Iter:[170/192], Time: 0.60, lr: [0.0058935486331357125], Loss: 2.126767, Acc:0.527252, Semantic loss: 0.450461, BCE loss: 1.403140, SB loss: 0.273166
2025-04-10 18:58:02,177 Epoch: [8/20] Iter:[180/192], Time: 0.60, lr: [0.005868687158475447], Loss: 2.129322, Acc:0.527256, Semantic loss: 0.452694, BCE loss: 1.400173, SB loss: 0.276455
2025-04-10 18:58:07,264 Epoch: [8/20] Iter:[190/192], Time: 0.59, lr: [0.005843813975988169], Loss: 2.128524, Acc:0.527423, Semantic loss: 0.455595, BCE loss: 1.395930, SB loss: 0.276999
2025-04-10 19:00:41,271 0 [0.         0.28196969 0.26312242 0.16081446 0.23261325 0.1610951
 0.09129032 0.33777585] 0.1910851366558453
2025-04-10 19:00:41,271 1 [0.         0.25230923 0.28826807 0.2229144  0.23149782 0.03357924
 0.03383053 0.4398215 ] 0.18777759731440669
2025-04-10 19:00:41,278 => saving checkpoint to output\loveda\pidnet_small_loveda\aug_hfcheckpoint.pth.tar
2025-04-10 19:00:41,387 Loss: 6.650, MeanIU:  0.1878, Best_mIoU:  0.2138
2025-04-10 19:00:41,387 [0.         0.25230923 0.28826807 0.2229144  0.23149782 0.03357924
 0.03383053 0.4398215 ]
2025-04-10 19:00:58,372 Epoch: [9/20] Iter:[0/192], Time: 16.72, lr: [0.0058388379291998025], Loss: 2.565033, Acc:0.576031, Semantic loss: 0.545175, BCE loss: 1.679337, SB loss: 0.340522
2025-04-10 19:01:03,470 Epoch: [9/20] Iter:[10/192], Time: 1.98, lr: [0.0058139506168319475], Loss: 2.071519, Acc:0.538325, Semantic loss: 0.450985, BCE loss: 1.361518, SB loss: 0.259016
2025-04-10 19:01:08,973 Epoch: [9/20] Iter:[20/192], Time: 1.30, lr: [0.005789051461775303], Loss: 2.105306, Acc:0.538314, Semantic loss: 0.424443, BCE loss: 1.411055, SB loss: 0.269808
2025-04-10 19:01:14,543 Epoch: [9/20] Iter:[30/192], Time: 1.06, lr: [0.005764140401744157], Loss: 2.158419, Acc:0.533668, Semantic loss: 0.430859, BCE loss: 1.454686, SB loss: 0.272873
2025-04-10 19:01:20,211 Epoch: [9/20] Iter:[40/192], Time: 0.94, lr: [0.005739217373824397], Loss: 2.118236, Acc:0.524969, Semantic loss: 0.425315, BCE loss: 1.426977, SB loss: 0.265944
2025-04-10 19:01:25,831 Epoch: [9/20] Iter:[50/192], Time: 0.87, lr: [0.005714282314464109], Loss: 2.125759, Acc:0.529365, Semantic loss: 0.417364, BCE loss: 1.442996, SB loss: 0.265399
2025-04-10 19:01:30,956 Epoch: [9/20] Iter:[60/192], Time: 0.81, lr: [0.005689335159463984], Loss: 2.176256, Acc:0.530587, Semantic loss: 0.447382, BCE loss: 1.454549, SB loss: 0.274324
2025-04-10 19:01:36,025 Epoch: [9/20] Iter:[70/192], Time: 0.77, lr: [0.0056643758439675305], Loss: 2.141285, Acc:0.529448, Semantic loss: 0.443140, BCE loss: 1.423310, SB loss: 0.274834
2025-04-10 19:01:41,118 Epoch: [9/20] Iter:[80/192], Time: 0.73, lr: [0.005639404302451105], Loss: 2.129713, Acc:0.526437, Semantic loss: 0.437557, BCE loss: 1.420306, SB loss: 0.271851
2025-04-10 19:01:46,205 Epoch: [9/20] Iter:[90/192], Time: 0.71, lr: [0.005614420468713722], Loss: 2.129780, Acc:0.530039, Semantic loss: 0.443763, BCE loss: 1.413154, SB loss: 0.272864
2025-04-10 19:01:51,291 Epoch: [9/20] Iter:[100/192], Time: 0.69, lr: [0.005589424275866668], Loss: 2.142450, Acc:0.531452, Semantic loss: 0.461175, BCE loss: 1.402468, SB loss: 0.278808
2025-04-10 19:01:56,388 Epoch: [9/20] Iter:[110/192], Time: 0.67, lr: [0.005564415656322913], Loss: 2.144019, Acc:0.530374, Semantic loss: 0.460658, BCE loss: 1.407863, SB loss: 0.275498
2025-04-10 19:02:01,465 Epoch: [9/20] Iter:[120/192], Time: 0.66, lr: [0.00553939454178628], Loss: 2.144917, Acc:0.530056, Semantic loss: 0.457699, BCE loss: 1.413687, SB loss: 0.273531
2025-04-10 19:02:06,591 Epoch: [9/20] Iter:[130/192], Time: 0.65, lr: [0.005514360863240413], Loss: 2.158304, Acc:0.530955, Semantic loss: 0.457778, BCE loss: 1.421636, SB loss: 0.278890
2025-04-10 19:02:11,680 Epoch: [9/20] Iter:[140/192], Time: 0.64, lr: [0.005489314550937511], Loss: 2.146288, Acc:0.530795, Semantic loss: 0.455636, BCE loss: 1.413755, SB loss: 0.276896
2025-04-10 19:02:16,767 Epoch: [9/20] Iter:[150/192], Time: 0.63, lr: [0.005464255534386825], Loss: 2.130466, Acc:0.530777, Semantic loss: 0.453711, BCE loss: 1.400822, SB loss: 0.275933
2025-04-10 19:02:22,509 Epoch: [9/20] Iter:[160/192], Time: 0.63, lr: [0.005439183742342914], Loss: 2.137325, Acc:0.530416, Semantic loss: 0.455761, BCE loss: 1.406077, SB loss: 0.275486
2025-04-10 19:02:28,266 Epoch: [9/20] Iter:[170/192], Time: 0.62, lr: [0.00541409910279366], Loss: 2.136129, Acc:0.531647, Semantic loss: 0.454720, BCE loss: 1.405101, SB loss: 0.276308
2025-04-10 19:02:33,977 Epoch: [9/20] Iter:[180/192], Time: 0.62, lr: [0.005389001542948025], Loss: 2.129760, Acc:0.531232, Semantic loss: 0.454586, BCE loss: 1.396798, SB loss: 0.278376
2025-04-10 19:02:39,405 Epoch: [9/20] Iter:[190/192], Time: 0.62, lr: [0.005363890989223547], Loss: 2.124238, Acc:0.531365, Semantic loss: 0.451727, BCE loss: 1.395069, SB loss: 0.277443
2025-04-10 19:05:12,829 0 [0.         0.29944802 0.22241734 0.15849327 0.26691739 0.17484428
 0.08377629 0.35037096] 0.1945334445642432
2025-04-10 19:05:12,830 1 [0.         0.35376718 0.2147033  0.19970344 0.28482703 0.07045413
 0.02934043 0.4416813 ] 0.19930960089327163
2025-04-10 19:05:12,837 => saving checkpoint to output\loveda\pidnet_small_loveda\aug_hfcheckpoint.pth.tar
2025-04-10 19:05:12,941 Loss: 6.239, MeanIU:  0.1993, Best_mIoU:  0.2138
2025-04-10 19:05:12,942 [0.         0.35376718 0.2147033  0.19970344 0.28482703 0.07045413
 0.02934043 0.4416813 ]
2025-04-10 19:05:29,891 Epoch: [10/20] Iter:[0/192], Time: 16.68, lr: [0.005358867312681466], Loss: 1.618733, Acc:0.507146, Semantic loss: 0.376133, BCE loss: 1.026958, SB loss: 0.215643
2025-04-10 19:05:34,991 Epoch: [10/20] Iter:[10/192], Time: 1.98, lr: [0.005333741068040314], Loss: 2.112724, Acc:0.559227, Semantic loss: 0.419951, BCE loss: 1.434194, SB loss: 0.258579
2025-04-10 19:05:40,063 Epoch: [10/20] Iter:[20/192], Time: 1.28, lr: [0.0053086016647897714], Loss: 2.123481, Acc:0.570206, Semantic loss: 0.421133, BCE loss: 1.418072, SB loss: 0.284276
2025-04-10 19:05:45,162 Epoch: [10/20] Iter:[30/192], Time: 1.03, lr: [0.005283449026727663], Loss: 2.130303, Acc:0.561659, Semantic loss: 0.429094, BCE loss: 1.419194, SB loss: 0.282014
2025-04-10 19:05:50,239 Epoch: [10/20] Iter:[40/192], Time: 0.90, lr: [0.005258283076804885], Loss: 2.127170, Acc:0.556027, Semantic loss: 0.429129, BCE loss: 1.421162, SB loss: 0.276879
2025-04-10 19:05:55,337 Epoch: [10/20] Iter:[50/192], Time: 0.83, lr: [0.00523310373711144], Loss: 2.134956, Acc:0.548386, Semantic loss: 0.424576, BCE loss: 1.438537, SB loss: 0.271843
2025-04-10 19:06:00,622 Epoch: [10/20] Iter:[60/192], Time: 0.78, lr: [0.005207910928862159], Loss: 2.109407, Acc:0.549380, Semantic loss: 0.422072, BCE loss: 1.422739, SB loss: 0.264596
2025-04-10 19:06:06,180 Epoch: [10/20] Iter:[70/192], Time: 0.75, lr: [0.005182704572382109], Loss: 2.114415, Acc:0.546745, Semantic loss: 0.433521, BCE loss: 1.412410, SB loss: 0.268484
2025-04-10 19:06:11,686 Epoch: [10/20] Iter:[80/192], Time: 0.72, lr: [0.005157484587091684], Loss: 2.097064, Acc:0.542742, Semantic loss: 0.431470, BCE loss: 1.398484, SB loss: 0.267109
2025-04-10 19:06:17,171 Epoch: [10/20] Iter:[90/192], Time: 0.70, lr: [0.005132250891491357], Loss: 2.096341, Acc:0.542722, Semantic loss: 0.429578, BCE loss: 1.398872, SB loss: 0.267891
2025-04-10 19:06:22,646 Epoch: [10/20] Iter:[100/192], Time: 0.69, lr: [0.005107003403146087], Loss: 2.094967, Acc:0.539240, Semantic loss: 0.428436, BCE loss: 1.399181, SB loss: 0.267350
2025-04-10 19:06:28,107 Epoch: [10/20] Iter:[110/192], Time: 0.67, lr: [0.005081742038669388], Loss: 2.092847, Acc:0.540088, Semantic loss: 0.428169, BCE loss: 1.397711, SB loss: 0.266968
2025-04-10 19:06:33,577 Epoch: [10/20] Iter:[120/192], Time: 0.66, lr: [0.005056466713707024], Loss: 2.089324, Acc:0.541768, Semantic loss: 0.430088, BCE loss: 1.394496, SB loss: 0.264740
2025-04-10 19:06:39,092 Epoch: [10/20] Iter:[130/192], Time: 0.66, lr: [0.005031177342920337], Loss: 2.099814, Acc:0.540945, Semantic loss: 0.430362, BCE loss: 1.403525, SB loss: 0.265928
2025-04-10 19:06:44,579 Epoch: [10/20] Iter:[140/192], Time: 0.65, lr: [0.005005873839969192], Loss: 2.099073, Acc:0.542443, Semantic loss: 0.431608, BCE loss: 1.401028, SB loss: 0.266438
2025-04-10 19:06:50,079 Epoch: [10/20] Iter:[150/192], Time: 0.64, lr: [0.00498055611749454], Loss: 2.105430, Acc:0.544316, Semantic loss: 0.430513, BCE loss: 1.408716, SB loss: 0.266201
2025-04-10 19:06:55,554 Epoch: [10/20] Iter:[160/192], Time: 0.64, lr: [0.004955224087100552], Loss: 2.089398, Acc:0.545645, Semantic loss: 0.429698, BCE loss: 1.394661, SB loss: 0.265039
2025-04-10 19:07:01,975 Epoch: [10/20] Iter:[170/192], Time: 0.64, lr: [0.004929877659336362], Loss: 2.089503, Acc:0.544219, Semantic loss: 0.428180, BCE loss: 1.394267, SB loss: 0.267055
2025-04-10 19:07:07,943 Epoch: [10/20] Iter:[180/192], Time: 0.63, lr: [0.004904516743677371], Loss: 2.083101, Acc:0.545573, Semantic loss: 0.429899, BCE loss: 1.385605, SB loss: 0.267597
2025-04-10 19:07:13,394 Epoch: [10/20] Iter:[190/192], Time: 0.63, lr: [0.00487914124850611], Loss: 2.085130, Acc:0.545111, Semantic loss: 0.427433, BCE loss: 1.389475, SB loss: 0.268222
2025-04-10 19:10:19,212 0 [0.         0.26878666 0.24691506 0.15784488 0.25606847 0.1724111
 0.08360128 0.33937151] 0.19062486967842102
2025-04-10 19:10:19,213 1 [0.         0.38403117 0.29567503 0.23091178 0.31487247 0.07021217
 0.02620688 0.41888394] 0.21759917913104654
2025-04-10 19:10:19,245 => saving checkpoint to output\loveda\pidnet_small_loveda\aug_hfcheckpoint.pth.tar
2025-04-10 19:10:19,496 Loss: 6.690, MeanIU:  0.2176, Best_mIoU:  0.2176
2025-04-10 19:10:19,497 [0.         0.38403117 0.29567503 0.23091178 0.31487247 0.07021217
 0.02620688 0.41888394]
2025-04-10 19:10:37,590 Epoch: [11/20] Iter:[0/192], Time: 17.84, lr: [0.004874064391789954], Loss: 1.574676, Acc:0.514539, Semantic loss: 0.432108, BCE loss: 0.895193, SB loss: 0.247375
2025-04-10 19:10:43,450 Epoch: [11/20] Iter:[10/192], Time: 2.15, lr: [0.004848671278701159], Loss: 2.099367, Acc:0.563711, Semantic loss: 0.444095, BCE loss: 1.394154, SB loss: 0.261117
2025-04-10 19:10:49,943 Epoch: [11/20] Iter:[20/192], Time: 1.44, lr: [0.0048232633805975296], Loss: 2.051392, Acc:0.554789, Semantic loss: 0.427349, BCE loss: 1.376834, SB loss: 0.247210
2025-04-10 19:10:56,427 Epoch: [11/20] Iter:[30/192], Time: 1.18, lr: [0.00479784060223045], Loss: 2.097879, Acc:0.555319, Semantic loss: 0.468462, BCE loss: 1.367663, SB loss: 0.261755
2025-04-10 19:11:02,943 Epoch: [11/20] Iter:[40/192], Time: 1.05, lr: [0.004772402847172951], Loss: 2.068777, Acc:0.553533, Semantic loss: 0.459574, BCE loss: 1.349687, SB loss: 0.259516
2025-04-10 19:11:09,400 Epoch: [11/20] Iter:[50/192], Time: 0.97, lr: [0.004746950017798064], Loss: 2.067702, Acc:0.555369, Semantic loss: 0.449336, BCE loss: 1.354310, SB loss: 0.264056
2025-04-10 19:11:14,927 Epoch: [11/20] Iter:[60/192], Time: 0.90, lr: [0.004721482015256639], Loss: 2.088981, Acc:0.550238, Semantic loss: 0.440014, BCE loss: 1.389554, SB loss: 0.259413
2025-04-10 19:11:20,434 Epoch: [11/20] Iter:[70/192], Time: 0.85, lr: [0.004695998739454633], Loss: 2.075513, Acc:0.550702, Semantic loss: 0.428495, BCE loss: 1.389699, SB loss: 0.257319
2025-04-10 19:11:25,938 Epoch: [11/20] Iter:[80/192], Time: 0.82, lr: [0.004670500089029817], Loss: 2.073677, Acc:0.548451, Semantic loss: 0.428760, BCE loss: 1.387604, SB loss: 0.257313
2025-04-10 19:11:31,462 Epoch: [11/20] Iter:[90/192], Time: 0.79, lr: [0.004644985961327915], Loss: 2.071977, Acc:0.548938, Semantic loss: 0.423746, BCE loss: 1.392867, SB loss: 0.255364
2025-04-10 19:11:36,959 Epoch: [11/20] Iter:[100/192], Time: 0.76, lr: [0.004619456252378151], Loss: 2.077929, Acc:0.548120, Semantic loss: 0.432195, BCE loss: 1.389290, SB loss: 0.256444
2025-04-10 19:11:42,460 Epoch: [11/20] Iter:[110/192], Time: 0.75, lr: [0.004593910856868159], Loss: 2.079285, Acc:0.548356, Semantic loss: 0.429180, BCE loss: 1.391952, SB loss: 0.258153
2025-04-10 19:11:47,966 Epoch: [11/20] Iter:[120/192], Time: 0.73, lr: [0.004568349668118281], Loss: 2.069918, Acc:0.548141, Semantic loss: 0.428390, BCE loss: 1.383481, SB loss: 0.258047
2025-04-10 19:11:53,498 Epoch: [11/20] Iter:[130/192], Time: 0.72, lr: [0.004542772578055196], Loss: 2.051886, Acc:0.549270, Semantic loss: 0.426260, BCE loss: 1.368207, SB loss: 0.257419
2025-04-10 19:11:59,141 Epoch: [11/20] Iter:[140/192], Time: 0.70, lr: [0.00451717947718487], Loss: 2.063137, Acc:0.549347, Semantic loss: 0.426181, BCE loss: 1.378342, SB loss: 0.258615
2025-04-10 19:12:04,687 Epoch: [11/20] Iter:[150/192], Time: 0.69, lr: [0.004491570254564817], Loss: 2.060603, Acc:0.548815, Semantic loss: 0.423404, BCE loss: 1.379130, SB loss: 0.258069
2025-04-10 19:12:10,317 Epoch: [11/20] Iter:[160/192], Time: 0.69, lr: [0.004465944797775636], Loss: 2.065405, Acc:0.548588, Semantic loss: 0.422381, BCE loss: 1.386360, SB loss: 0.256664
2025-04-10 19:12:15,820 Epoch: [11/20] Iter:[170/192], Time: 0.68, lr: [0.004440302992891796], Loss: 2.058937, Acc:0.549818, Semantic loss: 0.420843, BCE loss: 1.381181, SB loss: 0.256912
2025-04-10 19:12:22,166 Epoch: [11/20] Iter:[180/192], Time: 0.68, lr: [0.004414644724451659], Loss: 2.074225, Acc:0.549396, Semantic loss: 0.427330, BCE loss: 1.387359, SB loss: 0.259537
2025-04-10 19:12:27,968 Epoch: [11/20] Iter:[190/192], Time: 0.67, lr: [0.004388969875426714], Loss: 2.076902, Acc:0.546993, Semantic loss: 0.431154, BCE loss: 1.380754, SB loss: 0.264995
2025-04-10 19:15:39,046 0 [0.         0.29924702 0.26088387 0.17038327 0.27197685 0.19397287
 0.08910869 0.36883308] 0.20680070508889695
2025-04-10 19:15:39,048 1 [0.         0.43116705 0.25522711 0.26487752 0.30896534 0.09727344
 0.03096635 0.40706308] 0.2244424857196509
2025-04-10 19:15:39,056 => saving checkpoint to output\loveda\pidnet_small_loveda\aug_hfcheckpoint.pth.tar
2025-04-10 19:15:39,306 Loss: 7.185, MeanIU:  0.2244, Best_mIoU:  0.2244
2025-04-10 19:15:39,306 [0.         0.43116705 0.25522711 0.26487752 0.30896534 0.09727344
 0.03096635 0.40706308]
2025-04-10 19:15:57,110 Epoch: [12/20] Iter:[0/192], Time: 17.55, lr: [0.0043838329055408696], Loss: 1.805116, Acc:0.544464, Semantic loss: 0.331245, BCE loss: 1.294160, SB loss: 0.179711
2025-04-10 19:16:03,004 Epoch: [12/20] Iter:[10/192], Time: 2.13, lr: [0.004358138003083593], Loss: 2.076605, Acc:0.519125, Semantic loss: 0.401890, BCE loss: 1.418546, SB loss: 0.256169
2025-04-10 19:16:08,525 Epoch: [12/20] Iter:[20/192], Time: 1.38, lr: [0.0043324262569064236], Loss: 2.100735, Acc:0.527388, Semantic loss: 0.416146, BCE loss: 1.435488, SB loss: 0.249101
2025-04-10 19:16:14,042 Epoch: [12/20] Iter:[30/192], Time: 1.11, lr: [0.0043066975447503065], Loss: 2.102164, Acc:0.541601, Semantic loss: 0.417397, BCE loss: 1.430897, SB loss: 0.253870
2025-04-10 19:16:19,559 Epoch: [12/20] Iter:[40/192], Time: 0.98, lr: [0.00428095174265078], Loss: 2.131205, Acc:0.548366, Semantic loss: 0.421237, BCE loss: 1.454407, SB loss: 0.255561
2025-04-10 19:16:25,072 Epoch: [12/20] Iter:[50/192], Time: 0.89, lr: [0.004255188724902623], Loss: 2.117152, Acc:0.548443, Semantic loss: 0.434442, BCE loss: 1.414498, SB loss: 0.268212
2025-04-10 19:16:30,584 Epoch: [12/20] Iter:[60/192], Time: 0.84, lr: [0.004229408364023519], Loss: 2.108190, Acc:0.547041, Semantic loss: 0.431592, BCE loss: 1.411362, SB loss: 0.265236
2025-04-10 19:16:36,108 Epoch: [12/20] Iter:[70/192], Time: 0.80, lr: [0.004203610530716726], Loss: 2.110985, Acc:0.549754, Semantic loss: 0.443355, BCE loss: 1.400880, SB loss: 0.266749
2025-04-10 19:16:41,617 Epoch: [12/20] Iter:[80/192], Time: 0.77, lr: [0.004177795093832693], Loss: 2.095533, Acc:0.553078, Semantic loss: 0.435960, BCE loss: 1.392841, SB loss: 0.266732
2025-04-10 19:16:47,165 Epoch: [12/20] Iter:[90/192], Time: 0.74, lr: [0.004151961920329593], Loss: 2.077077, Acc:0.550626, Semantic loss: 0.425151, BCE loss: 1.387529, SB loss: 0.264396
2025-04-10 19:16:52,713 Epoch: [12/20] Iter:[100/192], Time: 0.72, lr: [0.004126110875232744], Loss: 2.060788, Acc:0.549974, Semantic loss: 0.426697, BCE loss: 1.371790, SB loss: 0.262301
2025-04-10 19:16:58,359 Epoch: [12/20] Iter:[110/192], Time: 0.71, lr: [0.004100241821592866], Loss: 2.067365, Acc:0.551640, Semantic loss: 0.427506, BCE loss: 1.380629, SB loss: 0.259231
2025-04-10 19:17:03,995 Epoch: [12/20] Iter:[120/192], Time: 0.70, lr: [0.00407435462044314], Loss: 2.069824, Acc:0.548830, Semantic loss: 0.426295, BCE loss: 1.386644, SB loss: 0.256885
2025-04-10 19:17:09,528 Epoch: [12/20] Iter:[130/192], Time: 0.69, lr: [0.004048449130755016], Loss: 2.078815, Acc:0.548413, Semantic loss: 0.431492, BCE loss: 1.387919, SB loss: 0.259403
2025-04-10 19:17:15,030 Epoch: [12/20] Iter:[140/192], Time: 0.68, lr: [0.004022525209392749], Loss: 2.072990, Acc:0.546725, Semantic loss: 0.432860, BCE loss: 1.378361, SB loss: 0.261769
2025-04-10 19:17:20,717 Epoch: [12/20] Iter:[150/192], Time: 0.67, lr: [0.003996582711066572], Loss: 2.070304, Acc:0.547935, Semantic loss: 0.430925, BCE loss: 1.377142, SB loss: 0.262237
2025-04-10 19:17:26,258 Epoch: [12/20] Iter:[160/192], Time: 0.66, lr: [0.003970621488284514], Loss: 2.078312, Acc:0.548729, Semantic loss: 0.433394, BCE loss: 1.381138, SB loss: 0.263781
2025-04-10 19:17:31,767 Epoch: [12/20] Iter:[170/192], Time: 0.66, lr: [0.003944641391302759], Loss: 2.073238, Acc:0.549225, Semantic loss: 0.431507, BCE loss: 1.377822, SB loss: 0.263909
2025-04-10 19:17:37,282 Epoch: [12/20] Iter:[180/192], Time: 0.65, lr: [0.003918642268074522], Loss: 2.072763, Acc:0.548922, Semantic loss: 0.429371, BCE loss: 1.379266, SB loss: 0.264127
2025-04-10 19:17:42,723 Epoch: [12/20] Iter:[190/192], Time: 0.64, lr: [0.003892623964197378], Loss: 2.072087, Acc:0.548280, Semantic loss: 0.427143, BCE loss: 1.380873, SB loss: 0.264071
2025-04-10 19:20:50,450 0 [0.         0.28357089 0.25929557 0.17170338 0.27802825 0.17284332
 0.08181608 0.37364562] 0.20261288964830734
2025-04-10 19:20:50,451 1 [0.         0.38495737 0.31845745 0.28265432 0.31649733 0.05453145
 0.04418307 0.44270355] 0.23049806735278727
2025-04-10 19:20:50,461 => saving checkpoint to output\loveda\pidnet_small_loveda\aug_hfcheckpoint.pth.tar
2025-04-10 19:20:50,714 Loss: 6.030, MeanIU:  0.2305, Best_mIoU:  0.2305
2025-04-10 19:20:50,716 [0.         0.38495737 0.31845745 0.28265432 0.31649733 0.05453145
 0.04418307 0.44270355]
2025-04-10 19:21:09,620 Epoch: [13/20] Iter:[0/192], Time: 18.76, lr: [0.0038874179879876346], Loss: 1.497349, Acc:0.697357, Semantic loss: 0.379249, BCE loss: 0.771224, SB loss: 0.346876
2025-04-10 19:21:14,861 Epoch: [13/20] Iter:[10/192], Time: 2.17, lr: [0.003861376460123532], Loss: 1.959342, Acc:0.573220, Semantic loss: 0.437777, BCE loss: 1.237704, SB loss: 0.283861
2025-04-10 19:21:20,266 Epoch: [13/20] Iter:[20/192], Time: 1.39, lr: [0.003835315403363414], Loss: 1.961491, Acc:0.558327, Semantic loss: 0.437023, BCE loss: 1.261312, SB loss: 0.263156
2025-04-10 19:21:25,695 Epoch: [13/20] Iter:[30/192], Time: 1.12, lr: [0.00380923465539378], Loss: 1.975053, Acc:0.566780, Semantic loss: 0.422554, BCE loss: 1.293040, SB loss: 0.259459
2025-04-10 19:21:31,105 Epoch: [13/20] Iter:[40/192], Time: 0.98, lr: [0.0037831340513060203], Loss: 1.980557, Acc:0.558780, Semantic loss: 0.424173, BCE loss: 1.301249, SB loss: 0.255134
2025-04-10 19:21:36,506 Epoch: [13/20] Iter:[50/192], Time: 0.89, lr: [0.003757013423534689], Loss: 1.965537, Acc:0.562324, Semantic loss: 0.420278, BCE loss: 1.290955, SB loss: 0.254304
2025-04-10 19:21:41,947 Epoch: [13/20] Iter:[60/192], Time: 0.84, lr: [0.003730872601793835], Loss: 2.014558, Acc:0.560674, Semantic loss: 0.422247, BCE loss: 1.333042, SB loss: 0.259269
2025-04-10 19:21:47,367 Epoch: [13/20] Iter:[70/192], Time: 0.79, lr: [0.0037047114130112895], Loss: 2.027186, Acc:0.565363, Semantic loss: 0.415225, BCE loss: 1.355104, SB loss: 0.256857
2025-04-10 19:21:52,789 Epoch: [13/20] Iter:[80/192], Time: 0.76, lr: [0.0036785296812608405], Loss: 2.022908, Acc:0.563484, Semantic loss: 0.419859, BCE loss: 1.345055, SB loss: 0.257993
2025-04-10 19:21:58,229 Epoch: [13/20] Iter:[90/192], Time: 0.74, lr: [0.003652327227692201], Loss: 2.018729, Acc:0.561867, Semantic loss: 0.417895, BCE loss: 1.344816, SB loss: 0.256017
2025-04-10 19:22:03,657 Epoch: [13/20] Iter:[100/192], Time: 0.72, lr: [0.0036261038704587037], Loss: 2.015981, Acc:0.561514, Semantic loss: 0.420836, BCE loss: 1.339034, SB loss: 0.256111
2025-04-10 19:22:09,074 Epoch: [13/20] Iter:[110/192], Time: 0.70, lr: [0.003599859424642584], Loss: 2.019702, Acc:0.560451, Semantic loss: 0.421575, BCE loss: 1.341448, SB loss: 0.256679
2025-04-10 19:22:14,526 Epoch: [13/20] Iter:[120/192], Time: 0.69, lr: [0.0035735937021778063], Loss: 2.037950, Acc:0.558499, Semantic loss: 0.419064, BCE loss: 1.362329, SB loss: 0.256557
2025-04-10 19:22:20,413 Epoch: [13/20] Iter:[130/192], Time: 0.68, lr: [0.0035473065117702885], Loss: 2.032807, Acc:0.556714, Semantic loss: 0.418749, BCE loss: 1.359787, SB loss: 0.254271
2025-04-10 19:22:26,133 Epoch: [13/20] Iter:[140/192], Time: 0.67, lr: [0.003520997658815433], Loss: 2.034414, Acc:0.555828, Semantic loss: 0.417646, BCE loss: 1.361358, SB loss: 0.255410
2025-04-10 19:22:31,558 Epoch: [13/20] Iter:[150/192], Time: 0.67, lr: [0.003494666945312851], Loss: 2.040224, Acc:0.555967, Semantic loss: 0.419799, BCE loss: 1.364884, SB loss: 0.255541
2025-04-10 19:22:36,988 Epoch: [13/20] Iter:[160/192], Time: 0.66, lr: [0.00346831416977816], Loss: 2.038303, Acc:0.554945, Semantic loss: 0.418461, BCE loss: 1.364919, SB loss: 0.254923
2025-04-10 19:22:42,425 Epoch: [13/20] Iter:[170/192], Time: 0.65, lr: [0.003441939127151716], Loss: 2.050485, Acc:0.555467, Semantic loss: 0.418584, BCE loss: 1.376333, SB loss: 0.255568
2025-04-10 19:22:47,848 Epoch: [13/20] Iter:[180/192], Time: 0.65, lr: [0.0034155416087041646], Loss: 2.041675, Acc:0.555388, Semantic loss: 0.416174, BCE loss: 1.371431, SB loss: 0.254070
2025-04-10 19:22:53,212 Epoch: [13/20] Iter:[190/192], Time: 0.64, lr: [0.0033891214019386652], Loss: 2.050901, Acc:0.556800, Semantic loss: 0.417927, BCE loss: 1.378026, SB loss: 0.254948
2025-04-10 19:25:46,863 0 [0.         0.18498569 0.38242596 0.2101486  0.27204136 0.15534405
 0.08514397 0.37580044] 0.20823625899625875
2025-04-10 19:25:46,864 1 [0.         0.42620063 0.39096145 0.29460335 0.31195147 0.0609708
 0.03633129 0.43508044] 0.24451242983709032
2025-04-10 19:25:46,875 => saving checkpoint to output\loveda\pidnet_small_loveda\aug_hfcheckpoint.pth.tar
2025-04-10 19:25:47,123 Loss: 6.154, MeanIU:  0.2445, Best_mIoU:  0.2445
2025-04-10 19:25:47,124 [0.         0.42620063 0.39096145 0.29460335 0.31195147 0.0609708
 0.03633129 0.43508044]
2025-04-10 19:26:04,143 Epoch: [14/20] Iter:[0/192], Time: 16.87, lr: [0.0033838346190164987], Loss: 1.687020, Acc:0.630889, Semantic loss: 0.256700, BCE loss: 1.234926, SB loss: 0.195395
2025-04-10 19:26:09,399 Epoch: [14/20] Iter:[10/192], Time: 2.00, lr: [0.0033573869003190927], Loss: 1.934318, Acc:0.568249, Semantic loss: 0.376643, BCE loss: 1.318683, SB loss: 0.238993
2025-04-10 19:26:14,796 Epoch: [14/20] Iter:[20/192], Time: 1.31, lr: [0.0033309160120447595], Loss: 2.019511, Acc:0.557336, Semantic loss: 0.383304, BCE loss: 1.379123, SB loss: 0.257085
2025-04-10 19:26:20,203 Epoch: [14/20] Iter:[30/192], Time: 1.06, lr: [0.0033044217289421207], Loss: 2.025497, Acc:0.551953, Semantic loss: 0.385297, BCE loss: 1.386581, SB loss: 0.253618
2025-04-10 19:26:25,594 Epoch: [14/20] Iter:[40/192], Time: 0.93, lr: [0.0032779038215418194], Loss: 2.003931, Acc:0.551684, Semantic loss: 0.390458, BCE loss: 1.354092, SB loss: 0.259381
2025-04-10 19:26:31,019 Epoch: [14/20] Iter:[50/192], Time: 0.86, lr: [0.0032513620560388795], Loss: 2.012730, Acc:0.557549, Semantic loss: 0.406118, BCE loss: 1.350280, SB loss: 0.256332
2025-04-10 19:26:36,460 Epoch: [14/20] Iter:[60/192], Time: 0.80, lr: [0.003224796194170671], Loss: 2.031653, Acc:0.554421, Semantic loss: 0.397385, BCE loss: 1.380026, SB loss: 0.254242
2025-04-10 19:26:41,854 Epoch: [14/20] Iter:[70/192], Time: 0.77, lr: [0.003198205993090303], Loss: 2.035656, Acc:0.550052, Semantic loss: 0.400594, BCE loss: 1.377959, SB loss: 0.257103
2025-04-10 19:26:47,263 Epoch: [14/20] Iter:[80/192], Time: 0.74, lr: [0.0031715912052352204], Loss: 2.036060, Acc:0.552550, Semantic loss: 0.398758, BCE loss: 1.379562, SB loss: 0.257740
2025-04-10 19:26:52,668 Epoch: [14/20] Iter:[90/192], Time: 0.72, lr: [0.0031449515781907557], Loss: 2.028809, Acc:0.555147, Semantic loss: 0.401097, BCE loss: 1.369467, SB loss: 0.258246
2025-04-10 19:26:58,085 Epoch: [14/20] Iter:[100/192], Time: 0.70, lr: [0.003118286854548424], Loss: 2.033611, Acc:0.560010, Semantic loss: 0.401589, BCE loss: 1.375032, SB loss: 0.256990
2025-04-10 19:27:03,546 Epoch: [14/20] Iter:[110/192], Time: 0.69, lr: [0.003091596771758693], Loss: 2.034167, Acc:0.557969, Semantic loss: 0.403060, BCE loss: 1.374389, SB loss: 0.256718
2025-04-10 19:27:08,956 Epoch: [14/20] Iter:[120/192], Time: 0.67, lr: [0.0030648810619779434], Loss: 2.039496, Acc:0.559622, Semantic loss: 0.403869, BCE loss: 1.377719, SB loss: 0.257908
2025-04-10 19:27:14,338 Epoch: [14/20] Iter:[130/192], Time: 0.66, lr: [0.0030381394519093602], Loss: 2.040600, Acc:0.559935, Semantic loss: 0.409039, BCE loss: 1.372885, SB loss: 0.258675
2025-04-10 19:27:19,716 Epoch: [14/20] Iter:[140/192], Time: 0.65, lr: [0.003011371662637431], Loss: 2.024839, Acc:0.558727, Semantic loss: 0.407666, BCE loss: 1.361703, SB loss: 0.255469
2025-04-10 19:27:25,124 Epoch: [14/20] Iter:[150/192], Time: 0.65, lr: [0.0029845774094557345], Loss: 2.022454, Acc:0.558861, Semantic loss: 0.406614, BCE loss: 1.362681, SB loss: 0.253159
2025-04-10 19:27:30,541 Epoch: [14/20] Iter:[160/192], Time: 0.64, lr: [0.002957756401687678], Loss: 2.027628, Acc:0.560529, Semantic loss: 0.408598, BCE loss: 1.364681, SB loss: 0.254348
2025-04-10 19:27:35,956 Epoch: [14/20] Iter:[170/192], Time: 0.63, lr: [0.002930908342499829], Loss: 2.025559, Acc:0.561023, Semantic loss: 0.408139, BCE loss: 1.363213, SB loss: 0.254207
2025-04-10 19:27:41,379 Epoch: [14/20] Iter:[180/192], Time: 0.63, lr: [0.002904032928707437], Loss: 2.035178, Acc:0.560382, Semantic loss: 0.412620, BCE loss: 1.366593, SB loss: 0.255965
2025-04-10 19:27:46,737 Epoch: [14/20] Iter:[190/192], Time: 0.62, lr: [0.0028771298505717554], Loss: 2.042386, Acc:0.559713, Semantic loss: 0.410926, BCE loss: 1.376250, SB loss: 0.255211
2025-04-10 19:30:33,834 0 [0.         0.27923784 0.30408371 0.17383995 0.27791421 0.18618838
 0.08440503 0.37595754] 0.2102033324459341
2025-04-10 19:30:33,835 1 [0.         0.4639021  0.33338841 0.22354237 0.27316585 0.0794314
 0.02466884 0.42431435] 0.22780166534583923
2025-04-10 19:30:33,842 => saving checkpoint to output\loveda\pidnet_small_loveda\aug_hfcheckpoint.pth.tar
2025-04-10 19:30:33,950 Loss: 6.762, MeanIU:  0.2278, Best_mIoU:  0.2445
2025-04-10 19:30:33,950 [0.         0.4639021  0.33338841 0.22354237 0.27316585 0.0794314
 0.02466884 0.42431435]
2025-04-10 19:30:51,047 Epoch: [15/20] Iter:[0/192], Time: 16.83, lr: [0.0028717458874925874], Loss: 1.756649, Acc:0.502808, Semantic loss: 0.319714, BCE loss: 1.197192, SB loss: 0.239743
2025-04-10 19:30:56,819 Epoch: [15/20] Iter:[10/192], Time: 2.05, lr: [0.0028448091937488323], Loss: 1.933907, Acc:0.559292, Semantic loss: 0.378787, BCE loss: 1.302206, SB loss: 0.252914
2025-04-10 19:31:02,625 Epoch: [15/20] Iter:[20/192], Time: 1.35, lr: [0.002817844130111582], Loss: 2.015969, Acc:0.541064, Semantic loss: 0.383844, BCE loss: 1.385614, SB loss: 0.246511
2025-04-10 19:31:08,437 Epoch: [15/20] Iter:[30/192], Time: 1.10, lr: [0.0027908503644035994], Loss: 2.019179, Acc:0.546532, Semantic loss: 0.380342, BCE loss: 1.396475, SB loss: 0.242362
2025-04-10 19:31:14,199 Epoch: [15/20] Iter:[40/192], Time: 0.98, lr: [0.0027638275569424097], Loss: 2.060334, Acc:0.549354, Semantic loss: 0.385860, BCE loss: 1.430366, SB loss: 0.244108
2025-04-10 19:31:19,938 Epoch: [15/20] Iter:[50/192], Time: 0.90, lr: [0.002736775360287257], Loss: 2.060260, Acc:0.548634, Semantic loss: 0.408137, BCE loss: 1.404153, SB loss: 0.247970
2025-04-10 19:31:25,741 Epoch: [15/20] Iter:[60/192], Time: 0.84, lr: [0.002709693418974644], Loss: 2.062476, Acc:0.557500, Semantic loss: 0.404061, BCE loss: 1.413044, SB loss: 0.245372
2025-04-10 19:31:31,530 Epoch: [15/20] Iter:[70/192], Time: 0.81, lr: [0.0026825813692418162], Loss: 2.049332, Acc:0.561343, Semantic loss: 0.404328, BCE loss: 1.394451, SB loss: 0.250552
2025-04-10 19:31:37,265 Epoch: [15/20] Iter:[80/192], Time: 0.78, lr: [0.0026554388387375], Loss: 2.029361, Acc:0.562804, Semantic loss: 0.400700, BCE loss: 1.381475, SB loss: 0.247186
2025-04-10 19:31:42,992 Epoch: [15/20] Iter:[90/192], Time: 0.76, lr: [0.002628265446219161], Loss: 2.034457, Acc:0.560171, Semantic loss: 0.404238, BCE loss: 1.380846, SB loss: 0.249374
2025-04-10 19:31:48,761 Epoch: [15/20] Iter:[100/192], Time: 0.74, lr: [0.002601060801235972], Loss: 2.028871, Acc:0.560328, Semantic loss: 0.406483, BCE loss: 1.372144, SB loss: 0.250244
2025-04-10 19:31:54,536 Epoch: [15/20] Iter:[110/192], Time: 0.72, lr: [0.002573824503796671], Loss: 2.038024, Acc:0.561719, Semantic loss: 0.406099, BCE loss: 1.382136, SB loss: 0.249789
2025-04-10 19:32:00,335 Epoch: [15/20] Iter:[120/192], Time: 0.71, lr: [0.00254655614402138], Loss: 2.040450, Acc:0.562315, Semantic loss: 0.403445, BCE loss: 1.387662, SB loss: 0.249344
2025-04-10 19:32:06,089 Epoch: [15/20] Iter:[130/192], Time: 0.70, lr: [0.0025192553017764118], Loss: 2.029912, Acc:0.562174, Semantic loss: 0.400401, BCE loss: 1.381367, SB loss: 0.248144
2025-04-10 19:32:11,871 Epoch: [15/20] Iter:[140/192], Time: 0.69, lr: [0.002491921546291034], Loss: 2.027011, Acc:0.563323, Semantic loss: 0.401402, BCE loss: 1.377902, SB loss: 0.247707
2025-04-10 19:32:17,641 Epoch: [15/20] Iter:[150/192], Time: 0.68, lr: [0.0024645544357550573], Loss: 2.029126, Acc:0.564025, Semantic loss: 0.404975, BCE loss: 1.375375, SB loss: 0.248775
2025-04-10 19:32:23,435 Epoch: [15/20] Iter:[160/192], Time: 0.68, lr: [0.002437153516896028], Loss: 2.028358, Acc:0.565172, Semantic loss: 0.404567, BCE loss: 1.374604, SB loss: 0.249187
2025-04-10 19:32:29,221 Epoch: [15/20] Iter:[170/192], Time: 0.67, lr: [0.0024097183245347467], Loss: 2.026388, Acc:0.563371, Semantic loss: 0.403705, BCE loss: 1.373417, SB loss: 0.249267
2025-04-10 19:32:35,032 Epoch: [15/20] Iter:[180/192], Time: 0.67, lr: [0.0023822483811177], Loss: 2.030629, Acc:0.563510, Semantic loss: 0.403236, BCE loss: 1.378393, SB loss: 0.249000
2025-04-10 19:32:40,655 Epoch: [15/20] Iter:[190/192], Time: 0.66, lr: [0.002354743196224891], Loss: 2.035613, Acc:0.565022, Semantic loss: 0.405364, BCE loss: 1.378107, SB loss: 0.252143
2025-04-10 19:35:16,441 0 [0.         0.27101041 0.31171486 0.18653953 0.28086695 0.17806344
 0.08456388 0.38844296] 0.21265025419616285
2025-04-10 19:35:16,442 1 [0.         0.45520584 0.36312361 0.25769869 0.30658979 0.09363704
 0.02903051 0.4409701 ] 0.2432819457580755
2025-04-10 19:35:16,458 => saving checkpoint to output\loveda\pidnet_small_loveda\aug_hfcheckpoint.pth.tar
2025-04-10 19:35:16,560 Loss: 5.939, MeanIU:  0.2433, Best_mIoU:  0.2445
2025-04-10 19:35:16,560 [0.         0.45520584 0.36312361 0.25769869 0.30658979 0.09363704
 0.02903051 0.4409701 ]
2025-04-10 19:35:33,687 Epoch: [16/20] Iter:[0/192], Time: 16.87, lr: [0.0023492378861760376], Loss: 1.985879, Acc:0.465309, Semantic loss: 0.693798, BCE loss: 0.841530, SB loss: 0.450552
2025-04-10 19:35:38,784 Epoch: [16/20] Iter:[10/192], Time: 2.00, lr: [0.0023216897452738748], Loss: 2.019748, Acc:0.559459, Semantic loss: 0.431251, BCE loss: 1.313251, SB loss: 0.275247
2025-04-10 19:35:43,879 Epoch: [16/20] Iter:[20/192], Time: 1.29, lr: [0.0022941052360858027], Loss: 2.032195, Acc:0.560122, Semantic loss: 0.413939, BCE loss: 1.355207, SB loss: 0.263050
2025-04-10 19:35:48,962 Epoch: [16/20] Iter:[30/192], Time: 1.04, lr: [0.0022664838233947228], Loss: 2.036261, Acc:0.562272, Semantic loss: 0.418682, BCE loss: 1.368955, SB loss: 0.248624
2025-04-10 19:35:54,059 Epoch: [16/20] Iter:[40/192], Time: 0.91, lr: [0.0022388249567421017], Loss: 2.002753, Acc:0.558265, Semantic loss: 0.404316, BCE loss: 1.351629, SB loss: 0.246808
2025-04-10 19:35:59,188 Epoch: [16/20] Iter:[50/192], Time: 0.83, lr: [0.002211128069778427], Loss: 2.022345, Acc:0.561323, Semantic loss: 0.408811, BCE loss: 1.368340, SB loss: 0.245194
2025-04-10 19:36:04,275 Epoch: [16/20] Iter:[60/192], Time: 0.78, lr: [0.0021833925795765436], Loss: 2.023614, Acc:0.561567, Semantic loss: 0.408294, BCE loss: 1.365159, SB loss: 0.250161
2025-04-10 19:36:09,382 Epoch: [16/20] Iter:[70/192], Time: 0.74, lr: [0.0021556178859051967], Loss: 2.015700, Acc:0.560736, Semantic loss: 0.403313, BCE loss: 1.359374, SB loss: 0.253013
2025-04-10 19:36:14,485 Epoch: [16/20] Iter:[80/192], Time: 0.71, lr: [0.002127803370459852], Loss: 2.010146, Acc:0.563447, Semantic loss: 0.402291, BCE loss: 1.353823, SB loss: 0.254032
2025-04-10 19:36:19,600 Epoch: [16/20] Iter:[90/192], Time: 0.69, lr: [0.0020999483960476508], Loss: 2.004557, Acc:0.565995, Semantic loss: 0.396595, BCE loss: 1.353930, SB loss: 0.254032
2025-04-10 19:36:24,695 Epoch: [16/20] Iter:[100/192], Time: 0.67, lr: [0.0020720523057230294], Loss: 2.008685, Acc:0.568936, Semantic loss: 0.397535, BCE loss: 1.356750, SB loss: 0.254400
2025-04-10 19:36:29,800 Epoch: [16/20] Iter:[110/192], Time: 0.66, lr: [0.002044114421870228], Loss: 2.012154, Acc:0.568675, Semantic loss: 0.394897, BCE loss: 1.364584, SB loss: 0.252673
2025-04-10 19:36:34,909 Epoch: [16/20] Iter:[120/192], Time: 0.65, lr: [0.0020161340452285867], Loss: 2.021529, Acc:0.572382, Semantic loss: 0.401047, BCE loss: 1.365977, SB loss: 0.254504
2025-04-10 19:36:40,012 Epoch: [16/20] Iter:[130/192], Time: 0.64, lr: [0.001988110453856112], Loss: 2.016401, Acc:0.573240, Semantic loss: 0.403128, BCE loss: 1.357845, SB loss: 0.255427
2025-04-10 19:36:45,127 Epoch: [16/20] Iter:[140/192], Time: 0.63, lr: [0.0019600429020263607], Loss: 2.020569, Acc:0.571907, Semantic loss: 0.404319, BCE loss: 1.361080, SB loss: 0.255170
2025-04-10 19:36:50,201 Epoch: [16/20] Iter:[150/192], Time: 0.62, lr: [0.0019319306190532476], Loss: 2.027021, Acc:0.570494, Semantic loss: 0.406540, BCE loss: 1.366048, SB loss: 0.254432
2025-04-10 19:36:55,282 Epoch: [16/20] Iter:[160/192], Time: 0.61, lr: [0.0019037728080378042], Loss: 2.017808, Acc:0.567546, Semantic loss: 0.404943, BCE loss: 1.360526, SB loss: 0.252339
2025-04-10 19:37:00,977 Epoch: [16/20] Iter:[170/192], Time: 0.61, lr: [0.0018755686445303314], Loss: 2.031838, Acc:0.566122, Semantic loss: 0.406012, BCE loss: 1.371634, SB loss: 0.254191
2025-04-10 19:37:06,538 Epoch: [16/20] Iter:[180/192], Time: 0.61, lr: [0.001847317275100738], Loss: 2.026041, Acc:0.567290, Semantic loss: 0.406818, BCE loss: 1.365723, SB loss: 0.253500
2025-04-10 19:37:11,739 Epoch: [16/20] Iter:[190/192], Time: 0.60, lr: [0.0018190178158090872], Loss: 2.026841, Acc:0.564550, Semantic loss: 0.405923, BCE loss: 1.368318, SB loss: 0.252600
2025-04-10 19:39:47,087 0 [0.         0.27449765 0.26790638 0.17815079 0.274607   0.17887344
 0.086936   0.3733987 ] 0.20429624572785543
2025-04-10 19:39:47,088 1 [0.         0.48730406 0.3033033  0.23843401 0.29395522 0.08771239
 0.02618228 0.43529057] 0.23402272922774267
2025-04-10 19:39:47,097 => saving checkpoint to output\loveda\pidnet_small_loveda\aug_hfcheckpoint.pth.tar
2025-04-10 19:39:47,205 Loss: 6.243, MeanIU:  0.2340, Best_mIoU:  0.2445
2025-04-10 19:39:47,206 [0.         0.48730406 0.3033033  0.23843401 0.29395522 0.08771239
 0.02618228 0.43529057]
2025-04-10 19:40:04,260 Epoch: [17/20] Iter:[0/192], Time: 16.79, lr: [0.0018133520731367456], Loss: 2.058957, Acc:0.605842, Semantic loss: 0.372116, BCE loss: 1.424732, SB loss: 0.262110
2025-04-10 19:40:09,338 Epoch: [17/20] Iter:[10/192], Time: 1.99, lr: [0.001784993693823396], Loss: 1.920018, Acc:0.571615, Semantic loss: 0.377488, BCE loss: 1.305805, SB loss: 0.236726
2025-04-10 19:40:14,467 Epoch: [17/20] Iter:[20/192], Time: 1.29, lr: [0.0017565851643374117], Loss: 1.901106, Acc:0.571798, Semantic loss: 0.396586, BCE loss: 1.268123, SB loss: 0.236397
2025-04-10 19:40:19,544 Epoch: [17/20] Iter:[30/192], Time: 1.03, lr: [0.0017281254915000803], Loss: 1.900781, Acc:0.571353, Semantic loss: 0.402420, BCE loss: 1.254173, SB loss: 0.244187
2025-04-10 19:40:24,636 Epoch: [17/20] Iter:[40/192], Time: 0.91, lr: [0.0016996136438923032], Loss: 1.952906, Acc:0.571783, Semantic loss: 0.415519, BCE loss: 1.284540, SB loss: 0.252847
2025-04-10 19:40:29,706 Epoch: [17/20] Iter:[50/192], Time: 0.83, lr: [0.0016710485496403851], Loss: 1.928424, Acc:0.562545, Semantic loss: 0.409359, BCE loss: 1.267861, SB loss: 0.251204
2025-04-10 19:40:34,837 Epoch: [17/20] Iter:[60/192], Time: 0.78, lr: [0.0016424290940290059], Loss: 1.961200, Acc:0.562396, Semantic loss: 0.404836, BCE loss: 1.306408, SB loss: 0.249956
2025-04-10 19:40:39,940 Epoch: [17/20] Iter:[70/192], Time: 0.74, lr: [0.0016137541169242962], Loss: 1.962764, Acc:0.561621, Semantic loss: 0.397532, BCE loss: 1.318397, SB loss: 0.246835
2025-04-10 19:40:45,051 Epoch: [17/20] Iter:[80/192], Time: 0.71, lr: [0.0015850224099878446], Loss: 1.970168, Acc:0.562766, Semantic loss: 0.393124, BCE loss: 1.333530, SB loss: 0.243514
2025-04-10 19:40:50,181 Epoch: [17/20] Iter:[90/192], Time: 0.69, lr: [0.001556232713660091], Loss: 1.988846, Acc:0.562712, Semantic loss: 0.391713, BCE loss: 1.356385, SB loss: 0.240748
2025-04-10 19:40:55,272 Epoch: [17/20] Iter:[100/192], Time: 0.67, lr: [0.0015273837138888994], Loss: 1.991026, Acc:0.564074, Semantic loss: 0.394423, BCE loss: 1.352992, SB loss: 0.243611
2025-04-10 19:41:00,661 Epoch: [17/20] Iter:[110/192], Time: 0.66, lr: [0.0014984740385759552], Loss: 1.977583, Acc:0.564178, Semantic loss: 0.388561, BCE loss: 1.346497, SB loss: 0.242525
2025-04-10 19:41:06,034 Epoch: [17/20] Iter:[120/192], Time: 0.65, lr: [0.0014695022537100475], Loss: 1.986235, Acc:0.567593, Semantic loss: 0.390152, BCE loss: 1.353291, SB loss: 0.242793
2025-04-10 19:41:11,180 Epoch: [17/20] Iter:[130/192], Time: 0.64, lr: [0.0014404668591521846], Loss: 1.986214, Acc:0.568630, Semantic loss: 0.393060, BCE loss: 1.350727, SB loss: 0.242427
2025-04-10 19:41:16,499 Epoch: [17/20] Iter:[140/192], Time: 0.63, lr: [0.0014113662840326588], Loss: 1.997817, Acc:0.569084, Semantic loss: 0.393272, BCE loss: 1.363921, SB loss: 0.240625
2025-04-10 19:41:22,246 Epoch: [17/20] Iter:[150/192], Time: 0.63, lr: [0.0013821988817145786], Loss: 2.003106, Acc:0.568354, Semantic loss: 0.393192, BCE loss: 1.369109, SB loss: 0.240805
2025-04-10 19:41:28,456 Epoch: [17/20] Iter:[160/192], Time: 0.63, lr: [0.0013529629242719093], Loss: 2.016757, Acc:0.568191, Semantic loss: 0.398222, BCE loss: 1.373664, SB loss: 0.244872
2025-04-10 19:41:34,777 Epoch: [17/20] Iter:[170/192], Time: 0.63, lr: [0.0013236565964223801], Loss: 2.019687, Acc:0.568825, Semantic loss: 0.396536, BCE loss: 1.377844, SB loss: 0.245307
2025-04-10 19:41:41,223 Epoch: [17/20] Iter:[180/192], Time: 0.63, lr: [0.0012942779888466518], Loss: 2.022106, Acc:0.567978, Semantic loss: 0.397637, BCE loss: 1.379294, SB loss: 0.245175
2025-04-10 19:41:46,605 Epoch: [17/20] Iter:[190/192], Time: 0.62, lr: [0.0012648250908145803], Loss: 2.020482, Acc:0.566823, Semantic loss: 0.397822, BCE loss: 1.376036, SB loss: 0.246624
2025-04-10 19:44:58,917 0 [0.         0.29087042 0.25575943 0.17249217 0.27599146 0.18332477
 0.08406716 0.36419567] 0.20333763383144712
2025-04-10 19:44:58,919 1 [0.         0.48781553 0.28015136 0.26046245 0.29271802 0.08936318
 0.02496703 0.43619368] 0.23395890576667777
2025-04-10 19:44:58,929 => saving checkpoint to output\loveda\pidnet_small_loveda\aug_hfcheckpoint.pth.tar
2025-04-10 19:44:59,092 Loss: 6.776, MeanIU:  0.2340, Best_mIoU:  0.2445
2025-04-10 19:44:59,093 [0.         0.48781553 0.28015136 0.26046245 0.29271802 0.08936318
 0.02496703 0.43619368]
2025-04-10 19:45:18,942 Epoch: [18/20] Iter:[0/192], Time: 19.60, lr: [0.001258925411794167], Loss: 2.103775, Acc:0.578116, Semantic loss: 0.422081, BCE loss: 1.473792, SB loss: 0.207901
2025-04-10 19:45:24,914 Epoch: [18/20] Iter:[10/192], Time: 2.32, lr: [0.0012293805561511607], Loss: 1.989612, Acc:0.556749, Semantic loss: 0.376776, BCE loss: 1.397482, SB loss: 0.215354
2025-04-10 19:45:31,371 Epoch: [18/20] Iter:[20/192], Time: 1.53, lr: [0.0011997565879500753], Loss: 1.963037, Acc:0.562356, Semantic loss: 0.379422, BCE loss: 1.361428, SB loss: 0.222186
2025-04-10 19:45:37,317 Epoch: [18/20] Iter:[30/192], Time: 1.22, lr: [0.0011700511125444005], Loss: 2.000035, Acc:0.587174, Semantic loss: 0.385314, BCE loss: 1.378950, SB loss: 0.235770
2025-04-10 19:45:42,994 Epoch: [18/20] Iter:[40/192], Time: 1.06, lr: [0.0011402615929770753], Loss: 2.019406, Acc:0.578576, Semantic loss: 0.383511, BCE loss: 1.398991, SB loss: 0.236904
2025-04-10 19:45:48,404 Epoch: [18/20] Iter:[50/192], Time: 0.96, lr: [0.0011103853371305413], Loss: 2.005531, Acc:0.572950, Semantic loss: 0.396084, BCE loss: 1.366929, SB loss: 0.242518
2025-04-10 19:45:53,866 Epoch: [18/20] Iter:[60/192], Time: 0.89, lr: [0.001080419483295973], Loss: 2.036067, Acc:0.572398, Semantic loss: 0.407718, BCE loss: 1.379794, SB loss: 0.248555
2025-04-10 19:46:00,322 Epoch: [18/20] Iter:[70/192], Time: 0.86, lr: [0.0010503609839122385], Loss: 2.025993, Acc:0.571848, Semantic loss: 0.402677, BCE loss: 1.377422, SB loss: 0.245894
2025-04-10 19:46:06,748 Epoch: [18/20] Iter:[80/192], Time: 0.83, lr: [0.0010202065871765603], Loss: 2.033463, Acc:0.574732, Semantic loss: 0.400726, BCE loss: 1.382785, SB loss: 0.249952
2025-04-10 19:46:12,960 Epoch: [18/20] Iter:[90/192], Time: 0.81, lr: [0.000989952816168914], Loss: 2.025681, Acc:0.573077, Semantic loss: 0.396731, BCE loss: 1.380494, SB loss: 0.248456
2025-04-10 19:46:19,477 Epoch: [18/20] Iter:[100/192], Time: 0.79, lr: [0.0009595959450576828], Loss: 2.031564, Acc:0.571393, Semantic loss: 0.397843, BCE loss: 1.387071, SB loss: 0.246650
2025-04-10 19:46:25,907 Epoch: [18/20] Iter:[110/192], Time: 0.78, lr: [0.000929131971860904], Loss: 2.041285, Acc:0.571288, Semantic loss: 0.395681, BCE loss: 1.398287, SB loss: 0.247318
2025-04-10 19:46:32,024 Epoch: [18/20] Iter:[120/192], Time: 0.77, lr: [0.0008985565871200918], Loss: 2.020524, Acc:0.570878, Semantic loss: 0.393072, BCE loss: 1.380472, SB loss: 0.246980
2025-04-10 19:46:38,357 Epoch: [18/20] Iter:[130/192], Time: 0.76, lr: [0.0008678651376944955], Loss: 2.020961, Acc:0.572688, Semantic loss: 0.394760, BCE loss: 1.379605, SB loss: 0.246596
2025-04-10 19:46:44,851 Epoch: [18/20] Iter:[140/192], Time: 0.75, lr: [0.000837052584692747], Loss: 2.019680, Acc:0.573101, Semantic loss: 0.397308, BCE loss: 1.373800, SB loss: 0.248571
2025-04-10 19:46:51,389 Epoch: [18/20] Iter:[150/192], Time: 0.74, lr: [0.000806113454312208], Loss: 2.015827, Acc:0.571728, Semantic loss: 0.399269, BCE loss: 1.368882, SB loss: 0.247676
2025-04-10 19:46:57,917 Epoch: [18/20] Iter:[160/192], Time: 0.74, lr: [0.0007750417800344363], Loss: 2.009412, Acc:0.572439, Semantic loss: 0.397646, BCE loss: 1.363239, SB loss: 0.248527
2025-04-10 19:47:04,412 Epoch: [18/20] Iter:[170/192], Time: 0.73, lr: [0.0007438310342008949], Loss: 2.012167, Acc:0.571610, Semantic loss: 0.398280, BCE loss: 1.366427, SB loss: 0.247460
2025-04-10 19:47:10,941 Epoch: [18/20] Iter:[180/192], Time: 0.73, lr: [0.0007124740464272778], Loss: 2.010140, Acc:0.570382, Semantic loss: 0.394962, BCE loss: 1.368790, SB loss: 0.246388
2025-04-10 19:47:16,898 Epoch: [18/20] Iter:[190/192], Time: 0.72, lr: [0.0006809629055511224], Loss: 2.010999, Acc:0.571052, Semantic loss: 0.394267, BCE loss: 1.369765, SB loss: 0.246968
2025-04-10 19:50:44,895 0 [0.         0.27571868 0.28930652 0.18401256 0.28284607 0.17716827
 0.08356663 0.38807345] 0.21008652356199223
2025-04-10 19:50:44,896 1 [0.         0.45199519 0.32946652 0.25401467 0.30050323 0.08979871
 0.03145727 0.43755761] 0.23684914986030378
2025-04-10 19:50:44,911 => saving checkpoint to output\loveda\pidnet_small_loveda\aug_hfcheckpoint.pth.tar
2025-04-10 19:50:45,077 Loss: 6.393, MeanIU:  0.2368, Best_mIoU:  0.2445
2025-04-10 19:50:45,078 [0.         0.45199519 0.32946652 0.25401467 0.30050323 0.08979871
 0.03145727 0.43755761]
2025-04-10 19:51:06,654 Epoch: [19/20] Iter:[0/192], Time: 21.33, lr: [0.0006746414238367822], Loss: 2.407317, Acc:0.498780, Semantic loss: 0.397265, BCE loss: 1.827068, SB loss: 0.182983
2025-04-10 19:51:12,471 Epoch: [19/20] Iter:[10/192], Time: 2.47, lr: [0.0006429336362339898], Loss: 2.020478, Acc:0.582087, Semantic loss: 0.360613, BCE loss: 1.456119, SB loss: 0.203747
2025-04-10 19:51:18,849 Epoch: [19/20] Iter:[20/192], Time: 1.60, lr: [0.0006110510578510947], Loss: 2.083779, Acc:0.578889, Semantic loss: 0.365740, BCE loss: 1.507968, SB loss: 0.210071
2025-04-10 19:51:25,522 Epoch: [19/20] Iter:[30/192], Time: 1.30, lr: [0.0005789824653018995], Loss: 2.005027, Acc:0.583574, Semantic loss: 0.382271, BCE loss: 1.399259, SB loss: 0.223497
2025-04-10 19:51:32,169 Epoch: [19/20] Iter:[40/192], Time: 1.14, lr: [0.0005467151732202777], Loss: 1.998077, Acc:0.578383, Semantic loss: 0.378806, BCE loss: 1.389246, SB loss: 0.230026
2025-04-10 19:51:38,551 Epoch: [19/20] Iter:[50/192], Time: 1.04, lr: [0.0005142347343351296], Loss: 2.020533, Acc:0.581021, Semantic loss: 0.387468, BCE loss: 1.396592, SB loss: 0.236472
2025-04-10 19:51:44,976 Epoch: [19/20] Iter:[60/192], Time: 0.98, lr: [0.0004815245523312483], Loss: 2.036437, Acc:0.581438, Semantic loss: 0.398674, BCE loss: 1.393972, SB loss: 0.243791
2025-04-10 19:51:51,461 Epoch: [19/20] Iter:[70/192], Time: 0.93, lr: [0.000448565373510549], Loss: 2.032707, Acc:0.573515, Semantic loss: 0.393442, BCE loss: 1.397495, SB loss: 0.241770
2025-04-10 19:51:57,858 Epoch: [19/20] Iter:[80/192], Time: 0.90, lr: [0.00041533460609889997], Loss: 2.028127, Acc:0.573794, Semantic loss: 0.393726, BCE loss: 1.394060, SB loss: 0.240341
2025-04-10 19:52:04,251 Epoch: [19/20] Iter:[90/192], Time: 0.87, lr: [0.00038180538785330436], Loss: 2.017857, Acc:0.571999, Semantic loss: 0.392742, BCE loss: 1.385312, SB loss: 0.239803
2025-04-10 19:52:10,698 Epoch: [19/20] Iter:[100/192], Time: 0.85, lr: [0.00034794527452517863], Loss: 2.028610, Acc:0.572718, Semantic loss: 0.397944, BCE loss: 1.390288, SB loss: 0.240378
2025-04-10 19:52:17,193 Epoch: [19/20] Iter:[110/192], Time: 0.83, lr: [0.00031371433588231993], Loss: 2.023563, Acc:0.571460, Semantic loss: 0.392005, BCE loss: 1.392530, SB loss: 0.239028
2025-04-10 19:52:23,727 Epoch: [19/20] Iter:[120/192], Time: 0.81, lr: [0.0002790622842837163], Loss: 2.031398, Acc:0.574226, Semantic loss: 0.397046, BCE loss: 1.392281, SB loss: 0.242071
2025-04-10 19:52:30,212 Epoch: [19/20] Iter:[130/192], Time: 0.80, lr: [0.0002439239356353784], Loss: 2.031846, Acc:0.573824, Semantic loss: 0.402190, BCE loss: 1.386244, SB loss: 0.243413
2025-04-10 19:52:36,591 Epoch: [19/20] Iter:[140/192], Time: 0.79, lr: [0.00020821159321002047], Loss: 2.027741, Acc:0.572362, Semantic loss: 0.400144, BCE loss: 1.385899, SB loss: 0.241698
2025-04-10 19:52:43,237 Epoch: [19/20] Iter:[150/192], Time: 0.78, lr: [0.00017180122628828942], Loss: 2.017870, Acc:0.574562, Semantic loss: 0.399422, BCE loss: 1.377587, SB loss: 0.240861
2025-04-10 19:52:49,845 Epoch: [19/20] Iter:[160/192], Time: 0.77, lr: [0.00013450451987183818], Loss: 2.017658, Acc:0.576650, Semantic loss: 0.400069, BCE loss: 1.374970, SB loss: 0.242620
2025-04-10 19:52:56,420 Epoch: [19/20] Iter:[170/192], Time: 0.77, lr: [9.600244875192536e-05], Loss: 2.008007, Acc:0.576370, Semantic loss: 0.397887, BCE loss: 1.366391, SB loss: 0.243729
2025-04-10 19:53:03,021 Epoch: [19/20] Iter:[180/192], Time: 0.76, lr: [5.563716848048335e-05], Loss: 2.014816, Acc:0.575053, Semantic loss: 0.396702, BCE loss: 1.373992, SB loss: 0.244123
2025-04-10 19:53:09,404 Epoch: [19/20] Iter:[190/192], Time: 0.75, lr: [1.1092486125349496e-05], Loss: 2.013868, Acc:0.573337, Semantic loss: 0.396821, BCE loss: 1.372364, SB loss: 0.244682
2025-04-10 19:56:39,846 0 [0.         0.27035953 0.29493064 0.18864597 0.27992707 0.18014205
 0.08550151 0.39157758] 0.21138554268991158
2025-04-10 19:56:39,847 1 [0.         0.46275431 0.3311476  0.27801972 0.30510466 0.08470225
 0.0330279  0.44488993] 0.24245579625811797
2025-04-10 19:56:39,883 => saving checkpoint to output\loveda\pidnet_small_loveda\aug_hfcheckpoint.pth.tar
2025-04-10 19:56:40,056 Loss: 6.335, MeanIU:  0.2425, Best_mIoU:  0.2445
2025-04-10 19:56:40,056 [0.         0.46275431 0.3311476  0.27801972 0.30510466 0.08470225
 0.0330279  0.44488993]
2025-04-10 19:56:40,153 Hours: 1
2025-04-10 19:56:40,155 Done
