2025-03-26 20:33:40,830 Namespace(cfg='configs/loveda/pidnet_small_loveda.yaml', seed=304, opts=[])
2025-03-26 20:33:40,830 AUTO_RESUME: False
CUDNN:
  BENCHMARK: True
  DETERMINISTIC: False
  ENABLED: True
DATASET:
  DATASET: loveda
  EXTRA_TRAIN_SET: 
  NUM_CLASSES: 7
  ROOT: data/
  TARGET_SET: 
  TEST_SET: list/loveda/urban_rural/val.lst
  TRAIN_SET: list/loveda/urban_rural/train.lst
GPUS: (0,)
LOG_DIR: log
LOSS:
  BALANCE_WEIGHTS: [0.4, 1.0]
  CLASS_BALANCE: False
  OHEMKEEP: 131072
  OHEMTHRES: 0.9
  SB_WEIGHTS: 1.0
  USE_OHEM: True
MODEL:
  ALIGN_CORNERS: True
  NAME: pidnet_small
  NUM_OUTPUTS: 2
  PRETRAINED: pretrained_models/imagenet/PIDNet_S_ImageNet.pth.tar
OUTPUT_DIR: output
PIN_MEMORY: True
PRINT_FREQ: 10
TEST:
  BASE_SIZE: 2048
  BATCH_SIZE_PER_GPU: 6
  FLIP_TEST: False
  IMAGE_SIZE: [2048, 1024]
  MODEL_FILE: output/loveda/pidnet_small_loveda/final_state.pt
  MULTI_SCALE: False
  OUTPUT_INDEX: 1
TRAIN:
  AUGMENTATION:
    ENABLE: True
    PROBABILITY: 0.5
    TECHNIQUES:
      GAUSSIAN_BLUR: False
      HORIZONTAL_FLIP: True
      MULTIPLY: False
      RANDOM_BRIGHTNESS: False
  BASE_SIZE: 2048
  BATCH_SIZE_PER_GPU: 6
  BEGIN_EPOCH: 0
  DACS:
    ENABLE: False
    THRESHOLD: 0.968
  END_EPOCH: 20
  EXTRA_EPOCH: 0
  EXTRA_LR: 0.001
  FLIP: False
  IGNORE_LABEL: 0
  IMAGE_SIZE: [1024, 1024]
  LR: 0.01
  MOMENTUM: 0.9
  MULTI_SCALE: False
  NESTEROV: False
  OPTIMIZER: sgd
  RESUME: True
  SCALE_FACTOR: 16
  SHUFFLE: True
  WD: 0.0005
WORKERS: 4
2025-03-26 20:33:40,916 Attention!!!
2025-03-26 20:33:40,916 Loaded 302 parameters!
2025-03-26 20:33:40,916 Over!!!
2025-03-26 20:33:54,433 Epoch: [0/20] Iter:[0/192], Time: 13.43, lr: [0.01], Loss: 16.366482, Acc:0.122240, Semantic loss: 7.066663, BCE loss: 3.783946, SB loss: 5.515873
2025-03-26 20:33:58,457 Epoch: [0/20] Iter:[10/192], Time: 1.57, lr: [0.009976559445324192], Loss: 11.596970, Acc:0.306436, Semantic loss: 5.194711, BCE loss: 2.703333, SB loss: 3.698925
2025-03-26 20:34:02,493 Epoch: [0/20] Iter:[20/192], Time: 1.01, lr: [0.009953112769592761], Loss: 9.388573, Acc:0.354280, Semantic loss: 4.143731, BCE loss: 2.367522, SB loss: 2.877321
2025-03-26 20:34:06,509 Epoch: [0/20] Iter:[30/192], Time: 0.82, lr: [0.009929659955177281], Loss: 8.390796, Acc:0.393131, Semantic loss: 3.548392, BCE loss: 2.184169, SB loss: 2.658235
2025-03-26 20:34:10,758 Epoch: [0/20] Iter:[40/192], Time: 0.72, lr: [0.009906200984352154], Loss: 7.591002, Acc:0.397936, Semantic loss: 3.196493, BCE loss: 2.042698, SB loss: 2.351812
2025-03-26 20:34:14,962 Epoch: [0/20] Iter:[50/192], Time: 0.66, lr: [0.009882735839293803], Loss: 7.022903, Acc:0.423406, Semantic loss: 2.933496, BCE loss: 1.944209, SB loss: 2.145198
2025-03-26 20:34:19,153 Epoch: [0/20] Iter:[60/192], Time: 0.62, lr: [0.00985926450207989], Loss: 6.731773, Acc:0.425890, Semantic loss: 2.819925, BCE loss: 1.882170, SB loss: 2.029679
2025-03-26 20:34:23,348 Epoch: [0/20] Iter:[70/192], Time: 0.59, lr: [0.009835786954688485], Loss: 6.608726, Acc:0.427961, Semantic loss: 2.725446, BCE loss: 1.835968, SB loss: 2.047312
2025-03-26 20:34:27,548 Epoch: [0/20] Iter:[80/192], Time: 0.57, lr: [0.00981230317899726], Loss: 6.496379, Acc:0.429347, Semantic loss: 2.691589, BCE loss: 1.802651, SB loss: 2.002139
2025-03-26 20:34:31,753 Epoch: [0/20] Iter:[90/192], Time: 0.56, lr: [0.009788813156782662], Loss: 6.335127, Acc:0.430937, Semantic loss: 2.636468, BCE loss: 1.789045, SB loss: 1.909614
2025-03-26 20:34:35,942 Epoch: [0/20] Iter:[100/192], Time: 0.54, lr: [0.009765316869719067], Loss: 6.201307, Acc:0.431168, Semantic loss: 2.593367, BCE loss: 1.768909, SB loss: 1.839030
2025-03-26 20:34:40,136 Epoch: [0/20] Iter:[110/192], Time: 0.53, lr: [0.009741814299377942], Loss: 6.078827, Acc:0.428959, Semantic loss: 2.545242, BCE loss: 1.743829, SB loss: 1.789755
2025-03-26 20:34:44,317 Epoch: [0/20] Iter:[120/192], Time: 0.52, lr: [0.009718305427226986], Loss: 5.954959, Acc:0.432532, Semantic loss: 2.487649, BCE loss: 1.735005, SB loss: 1.732304
2025-03-26 20:34:48,516 Epoch: [0/20] Iter:[130/192], Time: 0.51, lr: [0.009694790234629266], Loss: 5.840677, Acc:0.437555, Semantic loss: 2.432197, BCE loss: 1.723208, SB loss: 1.685272
2025-03-26 20:34:52,707 Epoch: [0/20] Iter:[140/192], Time: 0.51, lr: [0.009671268702842338], Loss: 5.746364, Acc:0.438611, Semantic loss: 2.399529, BCE loss: 1.704755, SB loss: 1.642080
2025-03-26 20:34:56,896 Epoch: [0/20] Iter:[150/192], Time: 0.50, lr: [0.009647740813017376], Loss: 5.674918, Acc:0.437367, Semantic loss: 2.368886, BCE loss: 1.689794, SB loss: 1.616237
2025-03-26 20:35:01,093 Epoch: [0/20] Iter:[160/192], Time: 0.50, lr: [0.009624206546198262], Loss: 5.609151, Acc:0.441090, Semantic loss: 2.332652, BCE loss: 1.690485, SB loss: 1.586014
2025-03-26 20:35:05,280 Epoch: [0/20] Iter:[170/192], Time: 0.49, lr: [0.009600665883320689], Loss: 5.535631, Acc:0.444589, Semantic loss: 2.297245, BCE loss: 1.687160, SB loss: 1.551225
2025-03-26 20:35:09,479 Epoch: [0/20] Iter:[180/192], Time: 0.49, lr: [0.009577118805211254], Loss: 5.472717, Acc:0.448107, Semantic loss: 2.268784, BCE loss: 1.682093, SB loss: 1.521840
2025-03-26 20:35:13,659 Epoch: [0/20] Iter:[190/192], Time: 0.48, lr: [0.009553565292586523], Loss: 5.409519, Acc:0.451507, Semantic loss: 2.236517, BCE loss: 1.675290, SB loss: 1.497712
2025-03-26 20:37:15,261 0 [0.00000000e+00 5.73242356e-01 1.12285746e-01 5.10374458e-04
 1.68104798e-08 3.39119641e-05 3.11466505e-04] 0.0980548389056776
2025-03-26 20:37:15,261 1 [0.00000000e+00 5.98737553e-01 1.19111276e-01 0.00000000e+00
 0.00000000e+00 0.00000000e+00 1.58807148e-04] 0.10257251940860102
2025-03-26 20:37:15,271 => saving checkpoint to output\loveda\pidnet_small_loveda\aug_hfcheckpoint.pth.tar
2025-03-26 20:37:15,479 Loss: 4.049, MeanIU:  0.1026, Best_mIoU:  0.1026
2025-03-26 20:37:15,479 [0.00000000e+00 5.98737553e-01 1.19111276e-01 0.00000000e+00
 0.00000000e+00 0.00000000e+00 1.58807148e-04]
2025-03-26 20:37:26,508 Epoch: [1/20] Iter:[0/192], Time: 10.85, lr: [0.009548853816214998], Loss: 4.433853, Acc:0.383596, Semantic loss: 1.935271, BCE loss: 1.430811, SB loss: 1.067771
2025-03-26 20:37:30,690 Epoch: [1/20] Iter:[10/192], Time: 1.37, lr: [0.009525292556561479], Loss: 4.343427, Acc:0.480873, Semantic loss: 1.803298, BCE loss: 1.501760, SB loss: 1.038369
2025-03-26 20:37:34,875 Epoch: [1/20] Iter:[20/192], Time: 0.91, lr: [0.00950172481957719], Loss: 4.336908, Acc:0.482018, Semantic loss: 1.795666, BCE loss: 1.524549, SB loss: 1.016692
2025-03-26 20:37:39,102 Epoch: [1/20] Iter:[30/192], Time: 0.76, lr: [0.009478150585620286], Loss: 4.341840, Acc:0.479880, Semantic loss: 1.804318, BCE loss: 1.494239, SB loss: 1.043284
2025-03-26 20:37:43,360 Epoch: [1/20] Iter:[40/192], Time: 0.68, lr: [0.009454569834934885], Loss: 4.406525, Acc:0.472654, Semantic loss: 1.817542, BCE loss: 1.518528, SB loss: 1.070455
2025-03-26 20:37:47,608 Epoch: [1/20] Iter:[50/192], Time: 0.63, lr: [0.009430982547650114], Loss: 4.444686, Acc:0.472958, Semantic loss: 1.810868, BCE loss: 1.545447, SB loss: 1.088371
2025-03-26 20:37:51,815 Epoch: [1/20] Iter:[60/192], Time: 0.59, lr: [0.009407388703779091], Loss: 4.443353, Acc:0.472368, Semantic loss: 1.806650, BCE loss: 1.560148, SB loss: 1.076554
2025-03-26 20:37:56,107 Epoch: [1/20] Iter:[70/192], Time: 0.57, lr: [0.009383788283217955], Loss: 4.447063, Acc:0.477084, Semantic loss: 1.781113, BCE loss: 1.567419, SB loss: 1.098531
2025-03-26 20:38:00,462 Epoch: [1/20] Iter:[80/192], Time: 0.55, lr: [0.00936018126574482], Loss: 4.484533, Acc:0.469092, Semantic loss: 1.804823, BCE loss: 1.558623, SB loss: 1.121087
2025-03-26 20:38:04,778 Epoch: [1/20] Iter:[90/192], Time: 0.54, lr: [0.009336567631018769], Loss: 4.516932, Acc:0.472298, Semantic loss: 1.798853, BCE loss: 1.572941, SB loss: 1.145139
2025-03-26 20:38:09,067 Epoch: [1/20] Iter:[100/192], Time: 0.53, lr: [0.009312947358578814], Loss: 4.545900, Acc:0.473209, Semantic loss: 1.792849, BCE loss: 1.585356, SB loss: 1.167695
2025-03-26 20:38:13,329 Epoch: [1/20] Iter:[110/192], Time: 0.52, lr: [0.009289320427842841], Loss: 4.509902, Acc:0.474505, Semantic loss: 1.783354, BCE loss: 1.567161, SB loss: 1.159387
2025-03-26 20:38:17,579 Epoch: [1/20] Iter:[120/192], Time: 0.51, lr: [0.009265686818106552], Loss: 4.471653, Acc:0.476679, Semantic loss: 1.770875, BCE loss: 1.557006, SB loss: 1.143773
2025-03-26 20:38:21,880 Epoch: [1/20] Iter:[130/192], Time: 0.51, lr: [0.009242046508542393], Loss: 4.459386, Acc:0.478456, Semantic loss: 1.764667, BCE loss: 1.559921, SB loss: 1.134798
2025-03-26 20:38:26,124 Epoch: [1/20] Iter:[140/192], Time: 0.50, lr: [0.009218399478198466], Loss: 4.448933, Acc:0.478662, Semantic loss: 1.754812, BCE loss: 1.554046, SB loss: 1.140075
2025-03-26 20:38:30,353 Epoch: [1/20] Iter:[150/192], Time: 0.49, lr: [0.009194745705997428], Loss: 4.434185, Acc:0.476688, Semantic loss: 1.753402, BCE loss: 1.546411, SB loss: 1.134373
2025-03-26 20:38:34,600 Epoch: [1/20] Iter:[160/192], Time: 0.49, lr: [0.00917108517073538], Loss: 4.423403, Acc:0.476535, Semantic loss: 1.747447, BCE loss: 1.546120, SB loss: 1.129836
2025-03-26 20:38:38,875 Epoch: [1/20] Iter:[170/192], Time: 0.49, lr: [0.00914741785108075], Loss: 4.412867, Acc:0.477964, Semantic loss: 1.743207, BCE loss: 1.545370, SB loss: 1.124291
2025-03-26 20:38:43,157 Epoch: [1/20] Iter:[180/192], Time: 0.48, lr: [0.00912374372557314], Loss: 4.406177, Acc:0.477544, Semantic loss: 1.739227, BCE loss: 1.542430, SB loss: 1.124520
2025-03-26 20:38:47,440 Epoch: [1/20] Iter:[190/192], Time: 0.48, lr: [0.009100062772622186], Loss: 4.398937, Acc:0.478341, Semantic loss: 1.737043, BCE loss: 1.541829, SB loss: 1.120065
2025-03-26 20:40:49,394 0 [0.         0.55428907 0.11749286 0.00057717 0.02054861 0.09454979
 0.00335934] 0.11297383418265047
2025-03-26 20:40:49,395 1 [0.00000000e+00 5.55552452e-01 1.52294424e-01 1.64122253e-04
 6.55824465e-03 1.80638076e-01 1.59109878e-05] 0.12788903291696313
2025-03-26 20:40:49,401 => saving checkpoint to output\loveda\pidnet_small_loveda\aug_hfcheckpoint.pth.tar
2025-03-26 20:40:49,613 Loss: 4.186, MeanIU:  0.1279, Best_mIoU:  0.1279
2025-03-26 20:40:49,614 [0.00000000e+00 5.55552452e-01 1.52294424e-01 1.64122253e-04
 6.55824465e-03 1.80638076e-01 1.59109878e-05]
2025-03-26 20:41:00,791 Epoch: [2/20] Iter:[0/192], Time: 10.99, lr: [0.009095325760829623], Loss: 4.035027, Acc:0.502378, Semantic loss: 1.844178, BCE loss: 1.050180, SB loss: 1.140669
2025-03-26 20:41:04,972 Epoch: [2/20] Iter:[10/192], Time: 1.38, lr: [0.009071636586262652], Loss: 4.263144, Acc:0.481056, Semantic loss: 1.749239, BCE loss: 1.561219, SB loss: 0.952686
2025-03-26 20:41:09,155 Epoch: [2/20] Iter:[20/192], Time: 0.92, lr: [0.009047940536290279], Loss: 4.340087, Acc:0.476190, Semantic loss: 1.713726, BCE loss: 1.541003, SB loss: 1.085358
2025-03-26 20:41:13,344 Epoch: [2/20] Iter:[30/192], Time: 0.76, lr: [0.009024237588898336], Loss: 4.254272, Acc:0.482692, Semantic loss: 1.696317, BCE loss: 1.484777, SB loss: 1.073178
2025-03-26 20:41:17,510 Epoch: [2/20] Iter:[40/192], Time: 0.68, lr: [0.009000527721937697], Loss: 4.248804, Acc:0.470237, Semantic loss: 1.697458, BCE loss: 1.477327, SB loss: 1.074018
2025-03-26 20:41:21,687 Epoch: [2/20] Iter:[50/192], Time: 0.63, lr: [0.008976810913123051], Loss: 4.240389, Acc:0.471043, Semantic loss: 1.680549, BCE loss: 1.488145, SB loss: 1.071696
2025-03-26 20:41:25,879 Epoch: [2/20] Iter:[60/192], Time: 0.59, lr: [0.008953087140031669], Loss: 4.244460, Acc:0.467919, Semantic loss: 1.688122, BCE loss: 1.472607, SB loss: 1.083731
2025-03-26 20:41:30,105 Epoch: [2/20] Iter:[70/192], Time: 0.57, lr: [0.008929356380102142], Loss: 4.224697, Acc:0.470991, Semantic loss: 1.674982, BCE loss: 1.477502, SB loss: 1.072213
2025-03-26 20:41:34,359 Epoch: [2/20] Iter:[80/192], Time: 0.55, lr: [0.008905618610633112], Loss: 4.226204, Acc:0.477681, Semantic loss: 1.659797, BCE loss: 1.496395, SB loss: 1.070012
2025-03-26 20:41:38,583 Epoch: [2/20] Iter:[90/192], Time: 0.54, lr: [0.008881873808781991], Loss: 4.215175, Acc:0.484084, Semantic loss: 1.651054, BCE loss: 1.502633, SB loss: 1.061489
2025-03-26 20:41:42,837 Epoch: [2/20] Iter:[100/192], Time: 0.53, lr: [0.008858121951563658], Loss: 4.210346, Acc:0.482459, Semantic loss: 1.654149, BCE loss: 1.492198, SB loss: 1.063999
2025-03-26 20:41:47,119 Epoch: [2/20] Iter:[110/192], Time: 0.52, lr: [0.008834363015849136], Loss: 4.187524, Acc:0.486809, Semantic loss: 1.644124, BCE loss: 1.491883, SB loss: 1.051518
2025-03-26 20:41:51,389 Epoch: [2/20] Iter:[120/192], Time: 0.51, lr: [0.008810596978364274], Loss: 4.192268, Acc:0.489462, Semantic loss: 1.640311, BCE loss: 1.501054, SB loss: 1.050904
2025-03-26 20:41:55,695 Epoch: [2/20] Iter:[130/192], Time: 0.50, lr: [0.008786823815688379], Loss: 4.187999, Acc:0.490072, Semantic loss: 1.639498, BCE loss: 1.499567, SB loss: 1.048934
2025-03-26 20:42:00,075 Epoch: [2/20] Iter:[140/192], Time: 0.50, lr: [0.008763043504252865], Loss: 4.181389, Acc:0.492360, Semantic loss: 1.631723, BCE loss: 1.507278, SB loss: 1.042388
2025-03-26 20:42:04,314 Epoch: [2/20] Iter:[150/192], Time: 0.49, lr: [0.008739256020339866], Loss: 4.170708, Acc:0.491543, Semantic loss: 1.628044, BCE loss: 1.502013, SB loss: 1.040651
2025-03-26 20:42:08,616 Epoch: [2/20] Iter:[160/192], Time: 0.49, lr: [0.00871546134008083], Loss: 4.170979, Acc:0.491146, Semantic loss: 1.626947, BCE loss: 1.503532, SB loss: 1.040500
2025-03-26 20:42:12,846 Epoch: [2/20] Iter:[170/192], Time: 0.49, lr: [0.008691659439455107], Loss: 4.177386, Acc:0.492198, Semantic loss: 1.623360, BCE loss: 1.510377, SB loss: 1.043648
2025-03-26 20:42:17,161 Epoch: [2/20] Iter:[180/192], Time: 0.48, lr: [0.008667850294288517], Loss: 4.176551, Acc:0.492819, Semantic loss: 1.619229, BCE loss: 1.514047, SB loss: 1.043274
2025-03-26 20:42:21,359 Epoch: [2/20] Iter:[190/192], Time: 0.48, lr: [0.008644033880251888], Loss: 4.171455, Acc:0.493539, Semantic loss: 1.616198, BCE loss: 1.513056, SB loss: 1.042201
2025-03-26 20:44:23,540 0 [0.         0.52344011 0.10497681 0.0246318  0.0634366  0.05095774
 0.02491253] 0.11319365651842583
2025-03-26 20:44:23,540 1 [0.         0.54008452 0.1246784  0.03020394 0.01446841 0.09521235
 0.02529581] 0.1185633454780173
2025-03-26 20:44:23,546 => saving checkpoint to output\loveda\pidnet_small_loveda\aug_hfcheckpoint.pth.tar
2025-03-26 20:44:23,662 Loss: 4.063, MeanIU:  0.1186, Best_mIoU:  0.1279
2025-03-26 20:44:23,663 [0.         0.54008452 0.1246784  0.03020394 0.01446841 0.09521235
 0.02529581]
2025-03-26 20:44:34,712 Epoch: [3/20] Iter:[0/192], Time: 10.87, lr: [0.008639269723028191], Loss: 4.345066, Acc:0.537435, Semantic loss: 1.906393, BCE loss: 1.353505, SB loss: 1.085168
2025-03-26 20:44:38,896 Epoch: [3/20] Iter:[10/192], Time: 1.37, lr: [0.008615444554012613], Loss: 4.021737, Acc:0.515226, Semantic loss: 1.579477, BCE loss: 1.498325, SB loss: 0.943935
2025-03-26 20:44:43,070 Epoch: [3/20] Iter:[20/192], Time: 0.92, lr: [0.008591612062049989], Loss: 3.996432, Acc:0.524259, Semantic loss: 1.573276, BCE loss: 1.453699, SB loss: 0.969457
2025-03-26 20:44:47,336 Epoch: [3/20] Iter:[30/192], Time: 0.76, lr: [0.008567772222305215], Loss: 3.979746, Acc:0.521259, Semantic loss: 1.536769, BCE loss: 1.491210, SB loss: 0.951767
2025-03-26 20:44:51,591 Epoch: [3/20] Iter:[40/192], Time: 0.68, lr: [0.008543925009781886], Loss: 3.958234, Acc:0.520113, Semantic loss: 1.518476, BCE loss: 1.475705, SB loss: 0.964053
2025-03-26 20:44:55,855 Epoch: [3/20] Iter:[50/192], Time: 0.63, lr: [0.00852007039932076], Loss: 3.960040, Acc:0.513767, Semantic loss: 1.531470, BCE loss: 1.461589, SB loss: 0.966981
2025-03-26 20:45:00,116 Epoch: [3/20] Iter:[60/192], Time: 0.59, lr: [0.00849620836559818], Loss: 3.975185, Acc:0.508399, Semantic loss: 1.550287, BCE loss: 1.437013, SB loss: 0.987885
2025-03-26 20:45:04,403 Epoch: [3/20] Iter:[70/192], Time: 0.57, lr: [0.008472338883124477], Loss: 4.022959, Acc:0.511369, Semantic loss: 1.559539, BCE loss: 1.464675, SB loss: 0.998746
2025-03-26 20:45:08,663 Epoch: [3/20] Iter:[80/192], Time: 0.55, lr: [0.008448461926242374], Loss: 4.022787, Acc:0.512894, Semantic loss: 1.563227, BCE loss: 1.456864, SB loss: 1.002696
2025-03-26 20:45:13,004 Epoch: [3/20] Iter:[90/192], Time: 0.54, lr: [0.008424577469125337], Loss: 4.024228, Acc:0.514146, Semantic loss: 1.554287, BCE loss: 1.472456, SB loss: 0.997486
2025-03-26 20:45:17,320 Epoch: [3/20] Iter:[100/192], Time: 0.53, lr: [0.008400685485775935], Loss: 4.025244, Acc:0.516555, Semantic loss: 1.545056, BCE loss: 1.485100, SB loss: 0.995088
2025-03-26 20:45:21,542 Epoch: [3/20] Iter:[110/192], Time: 0.52, lr: [0.008376785950024154], Loss: 4.011871, Acc:0.516539, Semantic loss: 1.533750, BCE loss: 1.488157, SB loss: 0.989964
2025-03-26 20:45:25,857 Epoch: [3/20] Iter:[120/192], Time: 0.51, lr: [0.00835287883552571], Loss: 4.031090, Acc:0.517821, Semantic loss: 1.529817, BCE loss: 1.507253, SB loss: 0.994020
2025-03-26 20:45:30,069 Epoch: [3/20] Iter:[130/192], Time: 0.51, lr: [0.008328964115760324], Loss: 4.025942, Acc:0.516988, Semantic loss: 1.530084, BCE loss: 1.499324, SB loss: 0.996534
2025-03-26 20:45:34,261 Epoch: [3/20] Iter:[140/192], Time: 0.50, lr: [0.008305041764029988], Loss: 4.017956, Acc:0.517640, Semantic loss: 1.525157, BCE loss: 1.496188, SB loss: 0.996611
2025-03-26 20:45:38,486 Epoch: [3/20] Iter:[150/192], Time: 0.49, lr: [0.008281111753457188], Loss: 4.016377, Acc:0.516673, Semantic loss: 1.529348, BCE loss: 1.488094, SB loss: 0.998934
2025-03-26 20:45:42,736 Epoch: [3/20] Iter:[160/192], Time: 0.49, lr: [0.008257174056983133], Loss: 4.018618, Acc:0.517556, Semantic loss: 1.525485, BCE loss: 1.497817, SB loss: 0.995316
2025-03-26 20:45:46,962 Epoch: [3/20] Iter:[170/192], Time: 0.49, lr: [0.00823322864736593], Loss: 4.012579, Acc:0.519151, Semantic loss: 1.517703, BCE loss: 1.503674, SB loss: 0.991202
2025-03-26 20:45:51,235 Epoch: [3/20] Iter:[180/192], Time: 0.48, lr: [0.008209275497178764], Loss: 3.999105, Acc:0.522832, Semantic loss: 1.511633, BCE loss: 1.499078, SB loss: 0.988394
2025-03-26 20:45:55,480 Epoch: [3/20] Iter:[190/192], Time: 0.48, lr: [0.008185314578808021], Loss: 3.996392, Acc:0.522914, Semantic loss: 1.513161, BCE loss: 1.495641, SB loss: 0.987591
2025-03-26 20:47:56,679 0 [0.         0.48909671 0.12692294 0.01967928 0.0965895  0.00116173
 0.00472306] 0.10545331908783225
2025-03-26 20:47:56,680 1 [0.         0.40107158 0.15796307 0.01900116 0.16229933 0.00207093
 0.00658918] 0.10699932158014404
2025-03-26 20:47:56,689 => saving checkpoint to output\loveda\pidnet_small_loveda\aug_hfcheckpoint.pth.tar
2025-03-26 20:47:56,805 Loss: 4.455, MeanIU:  0.1070, Best_mIoU:  0.1279
2025-03-26 20:47:56,806 [0.         0.40107158 0.15796307 0.01900116 0.16229933 0.00207093
 0.00658918]
2025-03-26 20:48:07,839 Epoch: [4/20] Iter:[0/192], Time: 10.85, lr: [0.008180521460508584], Loss: 3.986558, Acc:0.526049, Semantic loss: 1.477471, BCE loss: 1.602924, SB loss: 0.906163
2025-03-26 20:48:12,026 Epoch: [4/20] Iter:[10/192], Time: 1.37, lr: [0.008156551183601795], Loss: 3.955387, Acc:0.534088, Semantic loss: 1.463613, BCE loss: 1.499009, SB loss: 0.992765
2025-03-26 20:48:16,230 Epoch: [4/20] Iter:[20/192], Time: 0.92, lr: [0.008132573077094668], Loss: 3.901929, Acc:0.526775, Semantic loss: 1.495600, BCE loss: 1.448253, SB loss: 0.958076
2025-03-26 20:48:20,415 Epoch: [4/20] Iter:[30/192], Time: 0.76, lr: [0.008108587112763079], Loss: 3.926654, Acc:0.525453, Semantic loss: 1.489942, BCE loss: 1.456767, SB loss: 0.979946
2025-03-26 20:48:24,620 Epoch: [4/20] Iter:[40/192], Time: 0.67, lr: [0.008084593262188028], Loss: 3.959115, Acc:0.531714, Semantic loss: 1.485532, BCE loss: 1.489326, SB loss: 0.984258
2025-03-26 20:48:28,824 Epoch: [4/20] Iter:[50/192], Time: 0.62, lr: [0.008060591496753653], Loss: 3.935163, Acc:0.529315, Semantic loss: 1.485028, BCE loss: 1.473680, SB loss: 0.976454
2025-03-26 20:48:33,050 Epoch: [4/20] Iter:[60/192], Time: 0.59, lr: [0.008036581787645204], Loss: 3.939320, Acc:0.533237, Semantic loss: 1.469396, BCE loss: 1.499614, SB loss: 0.970310
2025-03-26 20:48:37,270 Epoch: [4/20] Iter:[70/192], Time: 0.57, lr: [0.008012564105846994], Loss: 3.897690, Acc:0.531241, Semantic loss: 1.462144, BCE loss: 1.469144, SB loss: 0.966402
2025-03-26 20:48:41,482 Epoch: [4/20] Iter:[80/192], Time: 0.55, lr: [0.007988538422140333], Loss: 3.884687, Acc:0.535508, Semantic loss: 1.455070, BCE loss: 1.464143, SB loss: 0.965475
2025-03-26 20:48:45,666 Epoch: [4/20] Iter:[90/192], Time: 0.53, lr: [0.007964504707101411], Loss: 3.876347, Acc:0.533133, Semantic loss: 1.461085, BCE loss: 1.456671, SB loss: 0.958592
2025-03-26 20:48:49,875 Epoch: [4/20] Iter:[100/192], Time: 0.52, lr: [0.007940462931099176], Loss: 3.860520, Acc:0.534608, Semantic loss: 1.459534, BCE loss: 1.449200, SB loss: 0.951785
2025-03-26 20:48:54,090 Epoch: [4/20] Iter:[110/192], Time: 0.51, lr: [0.007916413064293163], Loss: 3.853439, Acc:0.538041, Semantic loss: 1.453610, BCE loss: 1.454448, SB loss: 0.945381
2025-03-26 20:48:58,320 Epoch: [4/20] Iter:[120/192], Time: 0.51, lr: [0.007892355076631318], Loss: 3.861846, Acc:0.539853, Semantic loss: 1.448462, BCE loss: 1.467784, SB loss: 0.945599
2025-03-26 20:49:02,535 Epoch: [4/20] Iter:[130/192], Time: 0.50, lr: [0.007868288937847752], Loss: 3.869043, Acc:0.538401, Semantic loss: 1.450838, BCE loss: 1.473224, SB loss: 0.944981
2025-03-26 20:49:06,801 Epoch: [4/20] Iter:[140/192], Time: 0.50, lr: [0.007844214617460508], Loss: 3.875774, Acc:0.540922, Semantic loss: 1.446862, BCE loss: 1.487117, SB loss: 0.941796
2025-03-26 20:49:11,071 Epoch: [4/20] Iter:[150/192], Time: 0.49, lr: [0.007820132084769268], Loss: 3.879334, Acc:0.539181, Semantic loss: 1.450140, BCE loss: 1.484483, SB loss: 0.944712
2025-03-26 20:49:15,296 Epoch: [4/20] Iter:[160/192], Time: 0.49, lr: [0.00779604130885303], Loss: 3.879457, Acc:0.539937, Semantic loss: 1.449537, BCE loss: 1.486826, SB loss: 0.943094
2025-03-26 20:49:19,527 Epoch: [4/20] Iter:[170/192], Time: 0.48, lr: [0.007771942258567773], Loss: 3.882658, Acc:0.540131, Semantic loss: 1.446247, BCE loss: 1.491016, SB loss: 0.945396
2025-03-26 20:49:23,783 Epoch: [4/20] Iter:[180/192], Time: 0.48, lr: [0.007747834902544056], Loss: 3.874978, Acc:0.541467, Semantic loss: 1.444515, BCE loss: 1.487422, SB loss: 0.943040
2025-03-26 20:49:28,003 Epoch: [4/20] Iter:[190/192], Time: 0.48, lr: [0.0077237192091846206], Loss: 3.887917, Acc:0.539019, Semantic loss: 1.451589, BCE loss: 1.488069, SB loss: 0.948259
2025-03-26 20:51:29,169 0 [0.         0.45510487 0.13733103 0.02864153 0.20614032 0.10143207
 0.01513812] 0.13482685004152403
2025-03-26 20:51:29,169 1 [0.         0.25884156 0.1644013  0.07273309 0.20018312 0.07144386
 0.04462097] 0.11603198632005887
2025-03-26 20:51:29,179 => saving checkpoint to output\loveda\pidnet_small_loveda\aug_hfcheckpoint.pth.tar
2025-03-26 20:51:29,320 Loss: 4.414, MeanIU:  0.1160, Best_mIoU:  0.1279
2025-03-26 20:51:29,320 [0.         0.25884156 0.1644013  0.07273309 0.20018312 0.07144386
 0.04462097]
2025-03-26 20:51:40,366 Epoch: [5/20] Iter:[0/192], Time: 10.86, lr: [0.007718895067235705], Loss: 3.450032, Acc:0.540480, Semantic loss: 1.255926, BCE loss: 1.274636, SB loss: 0.919470
2025-03-26 20:51:44,552 Epoch: [5/20] Iter:[10/192], Time: 1.37, lr: [0.007694769327040611], Loss: 3.802932, Acc:0.549890, Semantic loss: 1.398383, BCE loss: 1.481360, SB loss: 0.923189
2025-03-26 20:51:48,747 Epoch: [5/20] Iter:[20/192], Time: 0.92, lr: [0.00767063517918174], Loss: 3.799504, Acc:0.546398, Semantic loss: 1.443847, BCE loss: 1.411421, SB loss: 0.944236
2025-03-26 20:51:52,936 Epoch: [5/20] Iter:[30/192], Time: 0.76, lr: [0.007646492591316132], Loss: 3.715412, Acc:0.555795, Semantic loss: 1.403379, BCE loss: 1.399074, SB loss: 0.912959
2025-03-26 20:51:57,124 Epoch: [5/20] Iter:[40/192], Time: 0.67, lr: [0.007622341530862476], Loss: 3.730328, Acc:0.554761, Semantic loss: 1.402874, BCE loss: 1.407788, SB loss: 0.919667
2025-03-26 20:52:01,313 Epoch: [5/20] Iter:[50/192], Time: 0.62, lr: [0.0075981819649984985], Loss: 3.781992, Acc:0.554153, Semantic loss: 1.409150, BCE loss: 1.451842, SB loss: 0.921000
2025-03-26 20:52:05,536 Epoch: [5/20] Iter:[60/192], Time: 0.59, lr: [0.007574013860658317], Loss: 3.731979, Acc:0.555378, Semantic loss: 1.385729, BCE loss: 1.433957, SB loss: 0.912293
2025-03-26 20:52:09,814 Epoch: [5/20] Iter:[70/192], Time: 0.57, lr: [0.007549837184529776], Loss: 3.764308, Acc:0.552400, Semantic loss: 1.390386, BCE loss: 1.452365, SB loss: 0.921557
2025-03-26 20:52:14,059 Epoch: [5/20] Iter:[80/192], Time: 0.55, lr: [0.0075256519030517215], Loss: 3.777197, Acc:0.548989, Semantic loss: 1.396856, BCE loss: 1.450383, SB loss: 0.929958
2025-03-26 20:52:18,251 Epoch: [5/20] Iter:[90/192], Time: 0.54, lr: [0.007501457982411236], Loss: 3.757097, Acc:0.550206, Semantic loss: 1.395262, BCE loss: 1.439128, SB loss: 0.922708
2025-03-26 20:52:22,489 Epoch: [5/20] Iter:[100/192], Time: 0.52, lr: [0.0074772553885408604], Loss: 3.756506, Acc:0.551965, Semantic loss: 1.392471, BCE loss: 1.441526, SB loss: 0.922509
2025-03-26 20:52:26,716 Epoch: [5/20] Iter:[110/192], Time: 0.52, lr: [0.007453044087115737], Loss: 3.769440, Acc:0.553220, Semantic loss: 1.397910, BCE loss: 1.444440, SB loss: 0.927090
2025-03-26 20:52:30,943 Epoch: [5/20] Iter:[120/192], Time: 0.51, lr: [0.007428824043550734], Loss: 3.774091, Acc:0.551386, Semantic loss: 1.401985, BCE loss: 1.445285, SB loss: 0.926820
2025-03-26 20:52:35,187 Epoch: [5/20] Iter:[130/192], Time: 0.50, lr: [0.007404595222997526], Loss: 3.791735, Acc:0.548956, Semantic loss: 1.413503, BCE loss: 1.446892, SB loss: 0.931341
2025-03-26 20:52:39,399 Epoch: [5/20] Iter:[140/192], Time: 0.50, lr: [0.007380357590341623], Loss: 3.794634, Acc:0.551616, Semantic loss: 1.409818, BCE loss: 1.456835, SB loss: 0.927981
2025-03-26 20:52:43,623 Epoch: [5/20] Iter:[150/192], Time: 0.49, lr: [0.007356111110199354], Loss: 3.798431, Acc:0.551677, Semantic loss: 1.411144, BCE loss: 1.458850, SB loss: 0.928437
2025-03-26 20:52:47,880 Epoch: [5/20] Iter:[160/192], Time: 0.49, lr: [0.00733185574691482], Loss: 3.798134, Acc:0.552616, Semantic loss: 1.406788, BCE loss: 1.466638, SB loss: 0.924708
2025-03-26 20:52:52,126 Epoch: [5/20] Iter:[170/192], Time: 0.48, lr: [0.007307591464556783], Loss: 3.792997, Acc:0.553994, Semantic loss: 1.405134, BCE loss: 1.468497, SB loss: 0.919367
2025-03-26 20:52:56,348 Epoch: [5/20] Iter:[180/192], Time: 0.48, lr: [0.007283318226915514], Loss: 3.809477, Acc:0.553549, Semantic loss: 1.408970, BCE loss: 1.478671, SB loss: 0.921835
2025-03-26 20:53:00,532 Epoch: [5/20] Iter:[190/192], Time: 0.48, lr: [0.007259035997499604], Loss: 3.804849, Acc:0.554582, Semantic loss: 1.404990, BCE loss: 1.478467, SB loss: 0.921392
2025-03-26 20:55:01,122 0 [0.         0.51244748 0.13970027 0.04578564 0.20342696 0.0571583
 0.11875655] 0.15389645663501836
2025-03-26 20:55:01,123 1 [0.         0.28364984 0.16089046 0.16984516 0.24925107 0.12034125
 0.16045066] 0.16348977592474087
2025-03-26 20:55:01,131 => saving checkpoint to output\loveda\pidnet_small_loveda\aug_hfcheckpoint.pth.tar
2025-03-26 20:55:01,350 Loss: 4.116, MeanIU:  0.1635, Best_mIoU:  0.1635
2025-03-26 20:55:01,350 [0.         0.28364984 0.16089046 0.16984516 0.24925107 0.12034125
 0.16045066]
2025-03-26 20:55:12,274 Epoch: [6/20] Iter:[0/192], Time: 10.74, lr: [0.007254178469372199], Loss: 4.204717, Acc:0.545090, Semantic loss: 1.496597, BCE loss: 1.676208, SB loss: 1.031912
2025-03-26 20:55:16,416 Epoch: [6/20] Iter:[10/192], Time: 1.35, lr: [0.007229885401256642], Loss: 3.624871, Acc:0.578877, Semantic loss: 1.314994, BCE loss: 1.385655, SB loss: 0.924222
2025-03-26 20:55:20,566 Epoch: [6/20] Iter:[20/192], Time: 0.91, lr: [0.0072055832600777334], Loss: 3.645370, Acc:0.562260, Semantic loss: 1.332180, BCE loss: 1.397069, SB loss: 0.916121
2025-03-26 20:55:24,826 Epoch: [6/20] Iter:[30/192], Time: 0.75, lr: [0.007181272008420604], Loss: 3.677199, Acc:0.565639, Semantic loss: 1.358729, BCE loss: 1.402495, SB loss: 0.915975
2025-03-26 20:55:29,067 Epoch: [6/20] Iter:[40/192], Time: 0.67, lr: [0.007156951608574727], Loss: 3.687017, Acc:0.558056, Semantic loss: 1.369641, BCE loss: 1.411281, SB loss: 0.906095
2025-03-26 20:55:33,294 Epoch: [6/20] Iter:[50/192], Time: 0.62, lr: [0.007132622022530447], Loss: 3.678369, Acc:0.558243, Semantic loss: 1.376393, BCE loss: 1.386001, SB loss: 0.915975
2025-03-26 20:55:37,544 Epoch: [6/20] Iter:[60/192], Time: 0.59, lr: [0.007108283211975477], Loss: 3.729335, Acc:0.560500, Semantic loss: 1.380915, BCE loss: 1.437515, SB loss: 0.910906
2025-03-26 20:55:41,772 Epoch: [6/20] Iter:[70/192], Time: 0.57, lr: [0.007083935138291319], Loss: 3.721108, Acc:0.556726, Semantic loss: 1.381120, BCE loss: 1.428844, SB loss: 0.911144
2025-03-26 20:55:46,109 Epoch: [6/20] Iter:[80/192], Time: 0.55, lr: [0.007059577762549636], Loss: 3.731132, Acc:0.559196, Semantic loss: 1.378098, BCE loss: 1.440753, SB loss: 0.912280
2025-03-26 20:55:50,350 Epoch: [6/20] Iter:[90/192], Time: 0.54, lr: [0.007035211045508576], Loss: 3.732100, Acc:0.563880, Semantic loss: 1.372357, BCE loss: 1.451243, SB loss: 0.908500
2025-03-26 20:55:54,611 Epoch: [6/20] Iter:[100/192], Time: 0.53, lr: [0.0070108349476090265], Loss: 3.738434, Acc:0.566520, Semantic loss: 1.366528, BCE loss: 1.466302, SB loss: 0.905605
2025-03-26 20:55:58,811 Epoch: [6/20] Iter:[110/192], Time: 0.52, lr: [0.00698644942897081], Loss: 3.728566, Acc:0.565776, Semantic loss: 1.359720, BCE loss: 1.463041, SB loss: 0.905804
2025-03-26 20:56:03,057 Epoch: [6/20] Iter:[120/192], Time: 0.51, lr: [0.006962054449388827], Loss: 3.734985, Acc:0.565596, Semantic loss: 1.360463, BCE loss: 1.466200, SB loss: 0.908322
2025-03-26 20:56:07,275 Epoch: [6/20] Iter:[130/192], Time: 0.50, lr: [0.006937649968329135], Loss: 3.746254, Acc:0.564548, Semantic loss: 1.363159, BCE loss: 1.472100, SB loss: 0.910995
2025-03-26 20:56:11,531 Epoch: [6/20] Iter:[140/192], Time: 0.50, lr: [0.006913235944924954], Loss: 3.756441, Acc:0.565723, Semantic loss: 1.361536, BCE loss: 1.484743, SB loss: 0.910162
2025-03-26 20:56:15,743 Epoch: [6/20] Iter:[150/192], Time: 0.49, lr: [0.006888812337972621], Loss: 3.745837, Acc:0.566767, Semantic loss: 1.358689, BCE loss: 1.478374, SB loss: 0.908774
2025-03-26 20:56:19,960 Epoch: [6/20] Iter:[160/192], Time: 0.49, lr: [0.00686437910592748], Loss: 3.738345, Acc:0.566283, Semantic loss: 1.358689, BCE loss: 1.472985, SB loss: 0.906671
2025-03-26 20:56:24,187 Epoch: [6/20] Iter:[170/192], Time: 0.48, lr: [0.00683993620689969], Loss: 3.730691, Acc:0.566458, Semantic loss: 1.355872, BCE loss: 1.470620, SB loss: 0.904199
2025-03-26 20:56:28,407 Epoch: [6/20] Iter:[180/192], Time: 0.48, lr: [0.0068154835986499775], Loss: 3.724787, Acc:0.567756, Semantic loss: 1.350991, BCE loss: 1.470110, SB loss: 0.903686
2025-03-26 20:56:32,610 Epoch: [6/20] Iter:[190/192], Time: 0.48, lr: [0.006791021238585323], Loss: 3.713979, Acc:0.568432, Semantic loss: 1.348375, BCE loss: 1.464092, SB loss: 0.901513
2025-03-26 20:58:32,430 0 [0.00000000e+00 5.05926653e-01 1.42075257e-01 4.65033291e-02
 1.21510158e-01 4.02853059e-04 8.87281575e-03] 0.1178987237595187
2025-03-26 20:58:32,430 1 [0.         0.40077296 0.18265092 0.10045433 0.26374438 0.00607527
 0.06029804] 0.1448565577808812
2025-03-26 20:58:32,439 => saving checkpoint to output\loveda\pidnet_small_loveda\aug_hfcheckpoint.pth.tar
2025-03-26 20:58:32,580 Loss: 4.265, MeanIU:  0.1449, Best_mIoU:  0.1635
2025-03-26 20:58:32,582 [0.         0.40077296 0.18265092 0.10045433 0.26374438 0.00607527
 0.06029804]
2025-03-26 20:58:43,599 Epoch: [7/20] Iter:[0/192], Time: 10.84, lr: [0.006786127592581251], Loss: 4.152591, Acc:0.556272, Semantic loss: 1.304773, BCE loss: 1.997285, SB loss: 0.850532
2025-03-26 20:58:47,765 Epoch: [7/20] Iter:[10/192], Time: 1.36, lr: [0.006761653473611295], Loss: 3.602496, Acc:0.570045, Semantic loss: 1.287885, BCE loss: 1.467270, SB loss: 0.847340
2025-03-26 20:58:51,953 Epoch: [7/20] Iter:[20/192], Time: 0.91, lr: [0.006737169507854796], Loss: 3.594083, Acc:0.581888, Semantic loss: 1.273097, BCE loss: 1.497960, SB loss: 0.823026
2025-03-26 20:58:56,165 Epoch: [7/20] Iter:[30/192], Time: 0.75, lr: [0.006712675651556858], Loss: 3.625443, Acc:0.579333, Semantic loss: 1.297491, BCE loss: 1.499419, SB loss: 0.828533
2025-03-26 20:59:00,392 Epoch: [7/20] Iter:[40/192], Time: 0.67, lr: [0.006688171860589905], Loss: 3.578390, Acc:0.578274, Semantic loss: 1.290694, BCE loss: 1.446720, SB loss: 0.840976
2025-03-26 20:59:04,616 Epoch: [7/20] Iter:[50/192], Time: 0.62, lr: [0.0066636580904489585], Loss: 3.604581, Acc:0.576163, Semantic loss: 1.303408, BCE loss: 1.451271, SB loss: 0.849903
2025-03-26 20:59:08,841 Epoch: [7/20] Iter:[60/192], Time: 0.59, lr: [0.006639134296246874], Loss: 3.624190, Acc:0.574367, Semantic loss: 1.303957, BCE loss: 1.458547, SB loss: 0.861686
2025-03-26 20:59:13,082 Epoch: [7/20] Iter:[70/192], Time: 0.57, lr: [0.0066146004327094585], Loss: 3.631754, Acc:0.576727, Semantic loss: 1.311483, BCE loss: 1.454636, SB loss: 0.865635
2025-03-26 20:59:17,312 Epoch: [7/20] Iter:[80/192], Time: 0.55, lr: [0.006590056454170537], Loss: 3.633322, Acc:0.579132, Semantic loss: 1.306056, BCE loss: 1.465571, SB loss: 0.861695
2025-03-26 20:59:21,550 Epoch: [7/20] Iter:[90/192], Time: 0.54, lr: [0.006565502314566912], Loss: 3.636657, Acc:0.580557, Semantic loss: 1.308550, BCE loss: 1.453324, SB loss: 0.874784
2025-03-26 20:59:25,854 Epoch: [7/20] Iter:[100/192], Time: 0.53, lr: [0.006540937967433255], Loss: 3.636264, Acc:0.578725, Semantic loss: 1.307822, BCE loss: 1.451511, SB loss: 0.876931
2025-03-26 20:59:30,084 Epoch: [7/20] Iter:[110/192], Time: 0.52, lr: [0.006516363365896894], Loss: 3.632705, Acc:0.579461, Semantic loss: 1.308066, BCE loss: 1.446548, SB loss: 0.878091
2025-03-26 20:59:34,346 Epoch: [7/20] Iter:[120/192], Time: 0.51, lr: [0.006491778462672531], Loss: 3.637405, Acc:0.579615, Semantic loss: 1.305369, BCE loss: 1.455308, SB loss: 0.876729
2025-03-26 20:59:38,566 Epoch: [7/20] Iter:[130/192], Time: 0.50, lr: [0.006467183210056843], Loss: 3.643439, Acc:0.579639, Semantic loss: 1.303722, BCE loss: 1.462111, SB loss: 0.877606
2025-03-26 20:59:42,824 Epoch: [7/20] Iter:[140/192], Time: 0.50, lr: [0.006442577559923017], Loss: 3.641108, Acc:0.580974, Semantic loss: 1.301784, BCE loss: 1.461054, SB loss: 0.878269
2025-03-26 20:59:47,047 Epoch: [7/20] Iter:[150/192], Time: 0.49, lr: [0.006417961463715172], Loss: 3.637547, Acc:0.579306, Semantic loss: 1.306528, BCE loss: 1.452267, SB loss: 0.878751
2025-03-26 20:59:51,299 Epoch: [7/20] Iter:[160/192], Time: 0.49, lr: [0.006393334872442681], Loss: 3.647794, Acc:0.578178, Semantic loss: 1.312584, BCE loss: 1.452803, SB loss: 0.882407
2025-03-26 20:59:55,523 Epoch: [7/20] Iter:[170/192], Time: 0.48, lr: [0.006368697736674411], Loss: 3.653952, Acc:0.578198, Semantic loss: 1.317749, BCE loss: 1.451233, SB loss: 0.884971
2025-03-26 20:59:59,810 Epoch: [7/20] Iter:[180/192], Time: 0.48, lr: [0.006344050006532848], Loss: 3.661773, Acc:0.576858, Semantic loss: 1.321139, BCE loss: 1.455056, SB loss: 0.885578
2025-03-26 21:00:04,039 Epoch: [7/20] Iter:[190/192], Time: 0.48, lr: [0.006319391631688114], Loss: 3.664189, Acc:0.576580, Semantic loss: 1.321382, BCE loss: 1.456387, SB loss: 0.886420
2025-03-26 21:02:05,086 0 [0.         0.54673959 0.1555859  0.15706613 0.10598369 0.01392462
 0.01497176] 0.14203881357226494
2025-03-26 21:02:05,086 1 [0.         0.54381909 0.14433173 0.20718803 0.18687119 0.01622294
 0.00562526] 0.15772260550788988
2025-03-26 21:02:05,091 => saving checkpoint to output\loveda\pidnet_small_loveda\aug_hfcheckpoint.pth.tar
2025-03-26 21:02:05,203 Loss: 3.884, MeanIU:  0.1577, Best_mIoU:  0.1635
2025-03-26 21:02:05,204 [0.         0.54381909 0.14433173 0.20718803 0.18687119 0.01622294
 0.00562526]
2025-03-26 21:02:16,338 Epoch: [8/20] Iter:[0/192], Time: 10.95, lr: [0.006314458674893553], Loss: 3.724341, Acc:0.644366, Semantic loss: 1.146837, BCE loss: 1.747486, SB loss: 0.830019
2025-03-26 21:02:20,528 Epoch: [8/20] Iter:[10/192], Time: 1.38, lr: [0.006289787459323657], Loss: 3.616981, Acc:0.590126, Semantic loss: 1.257582, BCE loss: 1.474834, SB loss: 0.884565
2025-03-26 21:02:24,772 Epoch: [8/20] Iter:[20/192], Time: 0.92, lr: [0.006265105486702424], Loss: 3.629324, Acc:0.588169, Semantic loss: 1.295434, BCE loss: 1.446312, SB loss: 0.887577
2025-03-26 21:02:28,978 Epoch: [8/20] Iter:[30/192], Time: 0.76, lr: [0.006240412705211017], Loss: 3.595949, Acc:0.586335, Semantic loss: 1.297035, BCE loss: 1.417926, SB loss: 0.880988
2025-03-26 21:02:33,207 Epoch: [8/20] Iter:[40/192], Time: 0.68, lr: [0.006215709062551949], Loss: 3.594601, Acc:0.582009, Semantic loss: 1.296057, BCE loss: 1.432040, SB loss: 0.866504
2025-03-26 21:02:37,444 Epoch: [8/20] Iter:[50/192], Time: 0.63, lr: [0.006190994505942529], Loss: 3.576348, Acc:0.582979, Semantic loss: 1.297750, BCE loss: 1.403161, SB loss: 0.875436
2025-03-26 21:02:41,625 Epoch: [8/20] Iter:[60/192], Time: 0.59, lr: [0.006166268982108192], Loss: 3.553687, Acc:0.585414, Semantic loss: 1.290526, BCE loss: 1.387174, SB loss: 0.875986
2025-03-26 21:02:45,848 Epoch: [8/20] Iter:[70/192], Time: 0.57, lr: [0.006141532437275693], Loss: 3.530981, Acc:0.585223, Semantic loss: 1.284478, BCE loss: 1.377770, SB loss: 0.868733
2025-03-26 21:02:50,145 Epoch: [8/20] Iter:[80/192], Time: 0.55, lr: [0.006116784817166194], Loss: 3.532891, Acc:0.584109, Semantic loss: 1.280905, BCE loss: 1.380067, SB loss: 0.871919
2025-03-26 21:02:54,367 Epoch: [8/20] Iter:[90/192], Time: 0.54, lr: [0.006092026066988214], Loss: 3.556717, Acc:0.587588, Semantic loss: 1.283429, BCE loss: 1.403520, SB loss: 0.869768
2025-03-26 21:02:58,614 Epoch: [8/20] Iter:[100/192], Time: 0.53, lr: [0.006067256131430442], Loss: 3.558148, Acc:0.587945, Semantic loss: 1.275455, BCE loss: 1.413227, SB loss: 0.869465
2025-03-26 21:03:02,855 Epoch: [8/20] Iter:[110/192], Time: 0.52, lr: [0.00604247495465443], Loss: 3.561423, Acc:0.589545, Semantic loss: 1.270697, BCE loss: 1.422873, SB loss: 0.867853
2025-03-26 21:03:07,143 Epoch: [8/20] Iter:[120/192], Time: 0.51, lr: [0.006017682480287143], Loss: 3.555775, Acc:0.592469, Semantic loss: 1.266874, BCE loss: 1.421994, SB loss: 0.866907
2025-03-26 21:03:11,380 Epoch: [8/20] Iter:[130/192], Time: 0.50, lr: [0.00599287865141337], Loss: 3.555794, Acc:0.593344, Semantic loss: 1.267621, BCE loss: 1.422420, SB loss: 0.865753
2025-03-26 21:03:15,616 Epoch: [8/20] Iter:[140/192], Time: 0.50, lr: [0.005968063410567983], Loss: 3.557646, Acc:0.592348, Semantic loss: 1.269132, BCE loss: 1.422357, SB loss: 0.866157
2025-03-26 21:03:19,838 Epoch: [8/20] Iter:[150/192], Time: 0.49, lr: [0.00594323669972807], Loss: 3.562689, Acc:0.593977, Semantic loss: 1.266236, BCE loss: 1.431140, SB loss: 0.865313
2025-03-26 21:03:24,074 Epoch: [8/20] Iter:[160/192], Time: 0.49, lr: [0.005918398460304892], Loss: 3.556582, Acc:0.595982, Semantic loss: 1.261765, BCE loss: 1.432792, SB loss: 0.862024
2025-03-26 21:03:28,339 Epoch: [8/20] Iter:[170/192], Time: 0.49, lr: [0.0058935486331357125], Loss: 3.564437, Acc:0.596342, Semantic loss: 1.261807, BCE loss: 1.437482, SB loss: 0.865148
2025-03-26 21:03:32,574 Epoch: [8/20] Iter:[180/192], Time: 0.48, lr: [0.005868687158475447], Loss: 3.565870, Acc:0.597404, Semantic loss: 1.261025, BCE loss: 1.438591, SB loss: 0.866254
2025-03-26 21:03:36,739 Epoch: [8/20] Iter:[190/192], Time: 0.48, lr: [0.005843813975988169], Loss: 3.563834, Acc:0.597503, Semantic loss: 1.257808, BCE loss: 1.441664, SB loss: 0.864362
2025-03-26 21:05:37,888 0 [0.         0.53606463 0.16233949 0.11822404 0.30591731 0.01630807
 0.05662497] 0.17078264408279584
2025-03-26 21:05:37,888 1 [0.         0.45063    0.22614777 0.25390658 0.32772565 0.02238597
 0.05657185] 0.1910525462010439
2025-03-26 21:05:37,896 => saving checkpoint to output\loveda\pidnet_small_loveda\aug_hfcheckpoint.pth.tar
2025-03-26 21:05:38,087 Loss: 4.022, MeanIU:  0.1911, Best_mIoU:  0.1911
2025-03-26 21:05:38,087 [0.         0.45063    0.22614777 0.25390658 0.32772565 0.02238597
 0.05657185]
2025-03-26 21:05:49,256 Epoch: [9/20] Iter:[0/192], Time: 10.99, lr: [0.0058388379291998025], Loss: 3.432181, Acc:0.660671, Semantic loss: 1.063001, BCE loss: 1.561548, SB loss: 0.807632
2025-03-26 21:05:53,437 Epoch: [9/20] Iter:[10/192], Time: 1.38, lr: [0.0058139506168319475], Loss: 3.354494, Acc:0.602757, Semantic loss: 1.181635, BCE loss: 1.353999, SB loss: 0.818860
2025-03-26 21:05:57,651 Epoch: [9/20] Iter:[20/192], Time: 0.92, lr: [0.005789051461775303], Loss: 3.376568, Acc:0.602364, Semantic loss: 1.191836, BCE loss: 1.356570, SB loss: 0.828162
2025-03-26 21:06:01,965 Epoch: [9/20] Iter:[30/192], Time: 0.76, lr: [0.005764140401744157], Loss: 3.399991, Acc:0.606511, Semantic loss: 1.195614, BCE loss: 1.367971, SB loss: 0.836406
2025-03-26 21:06:06,325 Epoch: [9/20] Iter:[40/192], Time: 0.68, lr: [0.005739217373824397], Loss: 3.443875, Acc:0.599772, Semantic loss: 1.214544, BCE loss: 1.383339, SB loss: 0.845992
2025-03-26 21:06:10,667 Epoch: [9/20] Iter:[50/192], Time: 0.64, lr: [0.005714282314464109], Loss: 3.480576, Acc:0.601256, Semantic loss: 1.213290, BCE loss: 1.431002, SB loss: 0.836284
2025-03-26 21:06:15,108 Epoch: [9/20] Iter:[60/192], Time: 0.60, lr: [0.005689335159463984], Loss: 3.486959, Acc:0.604700, Semantic loss: 1.221966, BCE loss: 1.421015, SB loss: 0.843978
2025-03-26 21:06:19,392 Epoch: [9/20] Iter:[70/192], Time: 0.58, lr: [0.0056643758439675305], Loss: 3.491636, Acc:0.605140, Semantic loss: 1.221053, BCE loss: 1.425028, SB loss: 0.845555
2025-03-26 21:06:23,757 Epoch: [9/20] Iter:[80/192], Time: 0.56, lr: [0.005639404302451105], Loss: 3.478454, Acc:0.608045, Semantic loss: 1.218088, BCE loss: 1.417262, SB loss: 0.843104
2025-03-26 21:06:28,120 Epoch: [9/20] Iter:[90/192], Time: 0.55, lr: [0.005614420468713722], Loss: 3.489390, Acc:0.608988, Semantic loss: 1.226000, BCE loss: 1.417157, SB loss: 0.846232
2025-03-26 21:06:32,477 Epoch: [9/20] Iter:[100/192], Time: 0.54, lr: [0.005589424275866668], Loss: 3.502298, Acc:0.609011, Semantic loss: 1.233148, BCE loss: 1.419443, SB loss: 0.849707
2025-03-26 21:06:36,797 Epoch: [9/20] Iter:[110/192], Time: 0.53, lr: [0.005564415656322913], Loss: 3.512829, Acc:0.608568, Semantic loss: 1.234859, BCE loss: 1.428817, SB loss: 0.849153
2025-03-26 21:06:41,179 Epoch: [9/20] Iter:[120/192], Time: 0.52, lr: [0.00553939454178628], Loss: 3.521586, Acc:0.607560, Semantic loss: 1.234242, BCE loss: 1.439232, SB loss: 0.848112
2025-03-26 21:06:45,534 Epoch: [9/20] Iter:[130/192], Time: 0.51, lr: [0.005514360863240413], Loss: 3.519640, Acc:0.606505, Semantic loss: 1.239034, BCE loss: 1.433808, SB loss: 0.846798
2025-03-26 21:06:49,925 Epoch: [9/20] Iter:[140/192], Time: 0.51, lr: [0.005489314550937511], Loss: 3.523699, Acc:0.606189, Semantic loss: 1.239150, BCE loss: 1.434507, SB loss: 0.850041
2025-03-26 21:06:54,193 Epoch: [9/20] Iter:[150/192], Time: 0.50, lr: [0.005464255534386825], Loss: 3.519130, Acc:0.607468, Semantic loss: 1.233265, BCE loss: 1.433479, SB loss: 0.852385
2025-03-26 21:06:58,543 Epoch: [9/20] Iter:[160/192], Time: 0.50, lr: [0.005439183742342914], Loss: 3.525720, Acc:0.608494, Semantic loss: 1.233472, BCE loss: 1.440474, SB loss: 0.851774
2025-03-26 21:07:02,893 Epoch: [9/20] Iter:[170/192], Time: 0.49, lr: [0.00541409910279366], Loss: 3.527604, Acc:0.607615, Semantic loss: 1.233977, BCE loss: 1.444192, SB loss: 0.849435
2025-03-26 21:07:07,328 Epoch: [9/20] Iter:[180/192], Time: 0.49, lr: [0.005389001542948025], Loss: 3.534127, Acc:0.608055, Semantic loss: 1.235083, BCE loss: 1.445172, SB loss: 0.853872
2025-03-26 21:07:11,627 Epoch: [9/20] Iter:[190/192], Time: 0.49, lr: [0.005363890989223547], Loss: 3.525450, Acc:0.606141, Semantic loss: 1.236314, BCE loss: 1.434329, SB loss: 0.854807
2025-03-26 21:09:12,655 0 [0.         0.55505217 0.16845903 0.16489316 0.24950818 0.0748322
 0.0995856 ] 0.18747576250934314
2025-03-26 21:09:12,656 1 [0.         0.436648   0.24501928 0.276112   0.27949378 0.09562177
 0.08675858] 0.20280763058600776
2025-03-26 21:09:12,665 => saving checkpoint to output\loveda\pidnet_small_loveda\aug_hfcheckpoint.pth.tar
2025-03-26 21:09:12,875 Loss: 4.016, MeanIU:  0.2028, Best_mIoU:  0.2028
2025-03-26 21:09:12,876 [0.         0.436648   0.24501928 0.276112   0.27949378 0.09562177
 0.08675858]
2025-03-26 21:09:23,961 Epoch: [10/20] Iter:[0/192], Time: 10.90, lr: [0.005358867312681466], Loss: 3.417818, Acc:0.634888, Semantic loss: 1.152256, BCE loss: 1.495302, SB loss: 0.770260
2025-03-26 21:09:28,159 Epoch: [10/20] Iter:[10/192], Time: 1.37, lr: [0.005333741068040314], Loss: 3.560102, Acc:0.635474, Semantic loss: 1.175169, BCE loss: 1.531614, SB loss: 0.853319
2025-03-26 21:09:32,362 Epoch: [10/20] Iter:[20/192], Time: 0.92, lr: [0.0053086016647897714], Loss: 3.525542, Acc:0.640759, Semantic loss: 1.184595, BCE loss: 1.513205, SB loss: 0.827741
2025-03-26 21:09:36,560 Epoch: [10/20] Iter:[30/192], Time: 0.76, lr: [0.005283449026727663], Loss: 3.550931, Acc:0.627980, Semantic loss: 1.188944, BCE loss: 1.524379, SB loss: 0.837608
2025-03-26 21:09:40,760 Epoch: [10/20] Iter:[40/192], Time: 0.68, lr: [0.005258283076804885], Loss: 3.557475, Acc:0.634284, Semantic loss: 1.184360, BCE loss: 1.538490, SB loss: 0.834625
2025-03-26 21:09:44,943 Epoch: [10/20] Iter:[50/192], Time: 0.63, lr: [0.00523310373711144], Loss: 3.522101, Acc:0.632141, Semantic loss: 1.177107, BCE loss: 1.518931, SB loss: 0.826064
2025-03-26 21:09:49,139 Epoch: [10/20] Iter:[60/192], Time: 0.59, lr: [0.005207910928862159], Loss: 3.512497, Acc:0.626982, Semantic loss: 1.187898, BCE loss: 1.502821, SB loss: 0.821778
2025-03-26 21:09:53,331 Epoch: [10/20] Iter:[70/192], Time: 0.57, lr: [0.005182704572382109], Loss: 3.502522, Acc:0.621783, Semantic loss: 1.200207, BCE loss: 1.478054, SB loss: 0.824260
2025-03-26 21:09:57,579 Epoch: [10/20] Iter:[80/192], Time: 0.55, lr: [0.005157484587091684], Loss: 3.495238, Acc:0.625450, Semantic loss: 1.192643, BCE loss: 1.478814, SB loss: 0.823781
2025-03-26 21:10:01,808 Epoch: [10/20] Iter:[90/192], Time: 0.54, lr: [0.005132250891491357], Loss: 3.481863, Acc:0.621609, Semantic loss: 1.193742, BCE loss: 1.467453, SB loss: 0.820669
2025-03-26 21:10:06,067 Epoch: [10/20] Iter:[100/192], Time: 0.52, lr: [0.005107003403146087], Loss: 3.458825, Acc:0.622638, Semantic loss: 1.188732, BCE loss: 1.448017, SB loss: 0.822075
2025-03-26 21:10:10,360 Epoch: [10/20] Iter:[110/192], Time: 0.52, lr: [0.005081742038669388], Loss: 3.464344, Acc:0.624279, Semantic loss: 1.190309, BCE loss: 1.449393, SB loss: 0.824642
2025-03-26 21:10:14,627 Epoch: [10/20] Iter:[120/192], Time: 0.51, lr: [0.005056466713707024], Loss: 3.458360, Acc:0.624061, Semantic loss: 1.193885, BCE loss: 1.437109, SB loss: 0.827366
2025-03-26 21:10:18,840 Epoch: [10/20] Iter:[130/192], Time: 0.50, lr: [0.005031177342920337], Loss: 3.459398, Acc:0.623160, Semantic loss: 1.198329, BCE loss: 1.432102, SB loss: 0.828967
2025-03-26 21:10:23,030 Epoch: [10/20] Iter:[140/192], Time: 0.50, lr: [0.005005873839969192], Loss: 3.465768, Acc:0.621277, Semantic loss: 1.205352, BCE loss: 1.422160, SB loss: 0.838256
2025-03-26 21:10:27,290 Epoch: [10/20] Iter:[150/192], Time: 0.49, lr: [0.00498055611749454], Loss: 3.474935, Acc:0.620715, Semantic loss: 1.210909, BCE loss: 1.424069, SB loss: 0.839957
2025-03-26 21:10:31,509 Epoch: [10/20] Iter:[160/192], Time: 0.49, lr: [0.004955224087100552], Loss: 3.471299, Acc:0.621370, Semantic loss: 1.206866, BCE loss: 1.425535, SB loss: 0.838898
2025-03-26 21:10:35,717 Epoch: [10/20] Iter:[170/192], Time: 0.48, lr: [0.004929877659336362], Loss: 3.471629, Acc:0.621619, Semantic loss: 1.203373, BCE loss: 1.427503, SB loss: 0.840754
2025-03-26 21:10:39,942 Epoch: [10/20] Iter:[180/192], Time: 0.48, lr: [0.004904516743677371], Loss: 3.472325, Acc:0.619941, Semantic loss: 1.206449, BCE loss: 1.422997, SB loss: 0.842879
2025-03-26 21:10:44,156 Epoch: [10/20] Iter:[190/192], Time: 0.48, lr: [0.00487914124850611], Loss: 3.477498, Acc:0.618500, Semantic loss: 1.208548, BCE loss: 1.426708, SB loss: 0.842242
2025-03-26 21:12:45,460 0 [0.         0.56216506 0.13711037 0.15987795 0.36177211 0.08218446
 0.06344807] 0.1952225745640887
2025-03-26 21:12:45,460 1 [0.         0.48276738 0.19575035 0.23459826 0.35740581 0.0696917
 0.06577509] 0.20085551160164086
2025-03-26 21:12:45,468 => saving checkpoint to output\loveda\pidnet_small_loveda\aug_hfcheckpoint.pth.tar
2025-03-26 21:12:45,580 Loss: 3.908, MeanIU:  0.2009, Best_mIoU:  0.2028
2025-03-26 21:12:45,580 [0.         0.48276738 0.19575035 0.23459826 0.35740581 0.0696917
 0.06577509]
2025-03-26 21:12:56,701 Epoch: [11/20] Iter:[0/192], Time: 10.94, lr: [0.004874064391789954], Loss: 3.551249, Acc:0.717308, Semantic loss: 1.102598, BCE loss: 1.618807, SB loss: 0.829843
2025-03-26 21:13:00,884 Epoch: [11/20] Iter:[10/192], Time: 1.37, lr: [0.004848671278701159], Loss: 3.430301, Acc:0.638234, Semantic loss: 1.147656, BCE loss: 1.493721, SB loss: 0.788924
2025-03-26 21:13:05,075 Epoch: [11/20] Iter:[20/192], Time: 0.92, lr: [0.0048232633805975296], Loss: 3.468017, Acc:0.624648, Semantic loss: 1.169309, BCE loss: 1.488080, SB loss: 0.810629
2025-03-26 21:13:09,274 Epoch: [11/20] Iter:[30/192], Time: 0.76, lr: [0.00479784060223045], Loss: 3.433195, Acc:0.633068, Semantic loss: 1.175093, BCE loss: 1.433184, SB loss: 0.824918
2025-03-26 21:13:13,469 Epoch: [11/20] Iter:[40/192], Time: 0.68, lr: [0.004772402847172951], Loss: 3.422166, Acc:0.627981, Semantic loss: 1.177451, BCE loss: 1.419013, SB loss: 0.825701
2025-03-26 21:13:17,645 Epoch: [11/20] Iter:[50/192], Time: 0.63, lr: [0.004746950017798064], Loss: 3.416528, Acc:0.628031, Semantic loss: 1.164151, BCE loss: 1.427403, SB loss: 0.824974
2025-03-26 21:13:21,868 Epoch: [11/20] Iter:[60/192], Time: 0.59, lr: [0.004721482015256639], Loss: 3.413515, Acc:0.627906, Semantic loss: 1.162796, BCE loss: 1.422198, SB loss: 0.828520
2025-03-26 21:13:26,150 Epoch: [11/20] Iter:[70/192], Time: 0.57, lr: [0.004695998739454633], Loss: 3.423925, Acc:0.632639, Semantic loss: 1.163440, BCE loss: 1.436334, SB loss: 0.824151
2025-03-26 21:13:30,423 Epoch: [11/20] Iter:[80/192], Time: 0.55, lr: [0.004670500089029817], Loss: 3.415421, Acc:0.631517, Semantic loss: 1.159773, BCE loss: 1.436531, SB loss: 0.819117
2025-03-26 21:13:34,672 Epoch: [11/20] Iter:[90/192], Time: 0.54, lr: [0.004644985961327915], Loss: 3.402029, Acc:0.629664, Semantic loss: 1.166915, BCE loss: 1.415444, SB loss: 0.819670
2025-03-26 21:13:38,986 Epoch: [11/20] Iter:[100/192], Time: 0.53, lr: [0.004619456252378151], Loss: 3.413077, Acc:0.628839, Semantic loss: 1.172809, BCE loss: 1.417831, SB loss: 0.822438
2025-03-26 21:13:43,201 Epoch: [11/20] Iter:[110/192], Time: 0.52, lr: [0.004593910856868159], Loss: 3.409052, Acc:0.630230, Semantic loss: 1.171558, BCE loss: 1.415911, SB loss: 0.821583
2025-03-26 21:13:47,471 Epoch: [11/20] Iter:[120/192], Time: 0.51, lr: [0.004568349668118281], Loss: 3.409528, Acc:0.629831, Semantic loss: 1.170769, BCE loss: 1.416378, SB loss: 0.822382
2025-03-26 21:13:51,666 Epoch: [11/20] Iter:[130/192], Time: 0.50, lr: [0.004542772578055196], Loss: 3.422748, Acc:0.627824, Semantic loss: 1.178071, BCE loss: 1.418800, SB loss: 0.825877
2025-03-26 21:13:55,876 Epoch: [11/20] Iter:[140/192], Time: 0.50, lr: [0.00451717947718487], Loss: 3.428434, Acc:0.628242, Semantic loss: 1.176588, BCE loss: 1.427645, SB loss: 0.824201
2025-03-26 21:14:00,099 Epoch: [11/20] Iter:[150/192], Time: 0.49, lr: [0.004491570254564817], Loss: 3.430332, Acc:0.627010, Semantic loss: 1.179511, BCE loss: 1.424297, SB loss: 0.826525
2025-03-26 21:14:04,303 Epoch: [11/20] Iter:[160/192], Time: 0.49, lr: [0.004465944797775636], Loss: 3.434001, Acc:0.627287, Semantic loss: 1.180286, BCE loss: 1.424112, SB loss: 0.829603
2025-03-26 21:14:08,503 Epoch: [11/20] Iter:[170/192], Time: 0.48, lr: [0.004440302992891796], Loss: 3.437322, Acc:0.627310, Semantic loss: 1.181100, BCE loss: 1.427119, SB loss: 0.829103
2025-03-26 21:14:12,720 Epoch: [11/20] Iter:[180/192], Time: 0.48, lr: [0.004414644724451659], Loss: 3.438625, Acc:0.625958, Semantic loss: 1.181871, BCE loss: 1.426367, SB loss: 0.830387
2025-03-26 21:14:16,916 Epoch: [11/20] Iter:[190/192], Time: 0.48, lr: [0.004388969875426714], Loss: 3.434570, Acc:0.627258, Semantic loss: 1.181865, BCE loss: 1.421801, SB loss: 0.830904
2025-03-26 21:16:17,854 0 [0.         0.5556859  0.18515555 0.18724943 0.24251423 0.14071745
 0.13304108] 0.2063376621308161
2025-03-26 21:16:17,855 1 [0.         0.48032575 0.29274938 0.30513089 0.32405486 0.07785192
 0.16696098] 0.23529625409747595
2025-03-26 21:16:17,861 => saving checkpoint to output\loveda\pidnet_small_loveda\aug_hfcheckpoint.pth.tar
2025-03-26 21:16:18,072 Loss: 3.795, MeanIU:  0.2353, Best_mIoU:  0.2353
2025-03-26 21:16:18,072 [0.         0.48032575 0.29274938 0.30513089 0.32405486 0.07785192
 0.16696098]
2025-03-26 21:16:29,007 Epoch: [12/20] Iter:[0/192], Time: 10.75, lr: [0.0043838329055408696], Loss: 3.545875, Acc:0.695126, Semantic loss: 1.076730, BCE loss: 1.698142, SB loss: 0.771003
2025-03-26 21:16:33,182 Epoch: [12/20] Iter:[10/192], Time: 1.36, lr: [0.004358138003083593], Loss: 3.488568, Acc:0.653491, Semantic loss: 1.126644, BCE loss: 1.566576, SB loss: 0.795349
2025-03-26 21:16:37,406 Epoch: [12/20] Iter:[20/192], Time: 0.91, lr: [0.0043324262569064236], Loss: 3.457045, Acc:0.645836, Semantic loss: 1.149406, BCE loss: 1.489780, SB loss: 0.817859
2025-03-26 21:16:41,633 Epoch: [12/20] Iter:[30/192], Time: 0.75, lr: [0.0043066975447503065], Loss: 3.441603, Acc:0.639177, Semantic loss: 1.173881, BCE loss: 1.441819, SB loss: 0.825904
2025-03-26 21:16:45,887 Epoch: [12/20] Iter:[40/192], Time: 0.67, lr: [0.00428095174265078], Loss: 3.440659, Acc:0.641897, Semantic loss: 1.174805, BCE loss: 1.456183, SB loss: 0.809671
2025-03-26 21:16:50,129 Epoch: [12/20] Iter:[50/192], Time: 0.63, lr: [0.004255188724902623], Loss: 3.454257, Acc:0.643700, Semantic loss: 1.175923, BCE loss: 1.466736, SB loss: 0.811599
2025-03-26 21:16:54,373 Epoch: [12/20] Iter:[60/192], Time: 0.59, lr: [0.004229408364023519], Loss: 3.456582, Acc:0.647395, Semantic loss: 1.168844, BCE loss: 1.476714, SB loss: 0.811024
2025-03-26 21:16:58,599 Epoch: [12/20] Iter:[70/192], Time: 0.57, lr: [0.004203610530716726], Loss: 3.450335, Acc:0.641894, Semantic loss: 1.176032, BCE loss: 1.460882, SB loss: 0.813421
2025-03-26 21:17:02,829 Epoch: [12/20] Iter:[80/192], Time: 0.55, lr: [0.004177795093832693], Loss: 3.453627, Acc:0.639987, Semantic loss: 1.182218, BCE loss: 1.459822, SB loss: 0.811587
2025-03-26 21:17:07,059 Epoch: [12/20] Iter:[90/192], Time: 0.54, lr: [0.004151961920329593], Loss: 3.432641, Acc:0.641305, Semantic loss: 1.176634, BCE loss: 1.443738, SB loss: 0.812269
2025-03-26 21:17:11,340 Epoch: [12/20] Iter:[100/192], Time: 0.53, lr: [0.004126110875232744], Loss: 3.439249, Acc:0.643757, Semantic loss: 1.174894, BCE loss: 1.450377, SB loss: 0.813977
2025-03-26 21:17:15,606 Epoch: [12/20] Iter:[110/192], Time: 0.52, lr: [0.004100241821592866], Loss: 3.428138, Acc:0.640355, Semantic loss: 1.171151, BCE loss: 1.438976, SB loss: 0.818012
2025-03-26 21:17:19,860 Epoch: [12/20] Iter:[120/192], Time: 0.51, lr: [0.00407435462044314], Loss: 3.423151, Acc:0.641245, Semantic loss: 1.166113, BCE loss: 1.439258, SB loss: 0.817779
2025-03-26 21:17:24,117 Epoch: [12/20] Iter:[130/192], Time: 0.50, lr: [0.004048449130755016], Loss: 3.417328, Acc:0.640922, Semantic loss: 1.161687, BCE loss: 1.439691, SB loss: 0.815950
2025-03-26 21:17:28,375 Epoch: [12/20] Iter:[140/192], Time: 0.50, lr: [0.004022525209392749], Loss: 3.413215, Acc:0.642145, Semantic loss: 1.156124, BCE loss: 1.443029, SB loss: 0.814062
2025-03-26 21:17:32,586 Epoch: [12/20] Iter:[150/192], Time: 0.49, lr: [0.003996582711066572], Loss: 3.401665, Acc:0.642612, Semantic loss: 1.149255, BCE loss: 1.441629, SB loss: 0.810781
2025-03-26 21:17:36,818 Epoch: [12/20] Iter:[160/192], Time: 0.49, lr: [0.003970621488284514], Loss: 3.394070, Acc:0.641825, Semantic loss: 1.147187, BCE loss: 1.433248, SB loss: 0.813634
2025-03-26 21:17:41,068 Epoch: [12/20] Iter:[170/192], Time: 0.48, lr: [0.003944641391302759], Loss: 3.397344, Acc:0.640848, Semantic loss: 1.155377, BCE loss: 1.427420, SB loss: 0.814546
2025-03-26 21:17:45,303 Epoch: [12/20] Iter:[180/192], Time: 0.48, lr: [0.003918642268074522], Loss: 3.390835, Acc:0.639339, Semantic loss: 1.158178, BCE loss: 1.415299, SB loss: 0.817358
2025-03-26 21:17:49,501 Epoch: [12/20] Iter:[190/192], Time: 0.48, lr: [0.003892623964197378], Loss: 3.392818, Acc:0.637778, Semantic loss: 1.159305, BCE loss: 1.413988, SB loss: 0.819524
2025-03-26 21:19:50,194 0 [0.         0.58693195 0.19630107 0.23417378 0.25919995 0.05376811
 0.12173272] 0.20744394056589485
2025-03-26 21:19:50,195 1 [0.         0.48681693 0.23892291 0.31430862 0.29985731 0.0347195
 0.11562921] 0.21289349624341777
2025-03-26 21:19:50,207 => saving checkpoint to output\loveda\pidnet_small_loveda\aug_hfcheckpoint.pth.tar
2025-03-26 21:19:50,345 Loss: 4.088, MeanIU:  0.2129, Best_mIoU:  0.2353
2025-03-26 21:19:50,345 [0.         0.48681693 0.23892291 0.31430862 0.29985731 0.0347195
 0.11562921]
2025-03-26 21:20:01,527 Epoch: [13/20] Iter:[0/192], Time: 11.00, lr: [0.0038874179879876346], Loss: 3.604234, Acc:0.700078, Semantic loss: 1.079114, BCE loss: 1.776133, SB loss: 0.748987
2025-03-26 21:20:05,717 Epoch: [13/20] Iter:[10/192], Time: 1.38, lr: [0.003861376460123532], Loss: 3.484323, Acc:0.633707, Semantic loss: 1.133553, BCE loss: 1.523816, SB loss: 0.826954
2025-03-26 21:20:09,913 Epoch: [13/20] Iter:[20/192], Time: 0.92, lr: [0.003835315403363414], Loss: 3.453620, Acc:0.650517, Semantic loss: 1.148965, BCE loss: 1.462220, SB loss: 0.842434
2025-03-26 21:20:14,101 Epoch: [13/20] Iter:[30/192], Time: 0.76, lr: [0.00380923465539378], Loss: 3.380735, Acc:0.651448, Semantic loss: 1.129035, BCE loss: 1.434163, SB loss: 0.817538
2025-03-26 21:20:18,285 Epoch: [13/20] Iter:[40/192], Time: 0.68, lr: [0.0037831340513060203], Loss: 3.388655, Acc:0.649022, Semantic loss: 1.128761, BCE loss: 1.447500, SB loss: 0.812394
2025-03-26 21:20:22,486 Epoch: [13/20] Iter:[50/192], Time: 0.63, lr: [0.003757013423534689], Loss: 3.397906, Acc:0.650877, Semantic loss: 1.131671, BCE loss: 1.461199, SB loss: 0.805036
2025-03-26 21:20:26,648 Epoch: [13/20] Iter:[60/192], Time: 0.59, lr: [0.003730872601793835], Loss: 3.385986, Acc:0.649264, Semantic loss: 1.123168, BCE loss: 1.458971, SB loss: 0.803847
2025-03-26 21:20:30,882 Epoch: [13/20] Iter:[70/192], Time: 0.57, lr: [0.0037047114130112895], Loss: 3.376112, Acc:0.647685, Semantic loss: 1.128066, BCE loss: 1.443525, SB loss: 0.804521
2025-03-26 21:20:35,110 Epoch: [13/20] Iter:[80/192], Time: 0.55, lr: [0.0036785296812608405], Loss: 3.373796, Acc:0.646748, Semantic loss: 1.145018, BCE loss: 1.415040, SB loss: 0.813738
2025-03-26 21:20:39,322 Epoch: [13/20] Iter:[90/192], Time: 0.54, lr: [0.003652327227692201], Loss: 3.388275, Acc:0.645444, Semantic loss: 1.147281, BCE loss: 1.425237, SB loss: 0.815758
2025-03-26 21:20:43,553 Epoch: [13/20] Iter:[100/192], Time: 0.53, lr: [0.0036261038704587037], Loss: 3.403070, Acc:0.642051, Semantic loss: 1.146807, BCE loss: 1.436372, SB loss: 0.819891
2025-03-26 21:20:47,794 Epoch: [13/20] Iter:[110/192], Time: 0.52, lr: [0.003599859424642584], Loss: 3.405552, Acc:0.643293, Semantic loss: 1.146520, BCE loss: 1.440050, SB loss: 0.818982
2025-03-26 21:20:52,054 Epoch: [13/20] Iter:[120/192], Time: 0.51, lr: [0.0035735937021778063], Loss: 3.398156, Acc:0.643439, Semantic loss: 1.145128, BCE loss: 1.435337, SB loss: 0.817690
2025-03-26 21:20:56,299 Epoch: [13/20] Iter:[130/192], Time: 0.50, lr: [0.0035473065117702885], Loss: 3.387791, Acc:0.644078, Semantic loss: 1.143114, BCE loss: 1.428469, SB loss: 0.816208
2025-03-26 21:21:00,542 Epoch: [13/20] Iter:[140/192], Time: 0.50, lr: [0.003520997658815433], Loss: 3.373959, Acc:0.642916, Semantic loss: 1.140935, BCE loss: 1.421719, SB loss: 0.811306
2025-03-26 21:21:04,750 Epoch: [13/20] Iter:[150/192], Time: 0.49, lr: [0.003494666945312851], Loss: 3.363853, Acc:0.643594, Semantic loss: 1.139669, BCE loss: 1.414236, SB loss: 0.809948
2025-03-26 21:21:08,938 Epoch: [13/20] Iter:[160/192], Time: 0.49, lr: [0.00346831416977816], Loss: 3.353817, Acc:0.643037, Semantic loss: 1.139561, BCE loss: 1.405563, SB loss: 0.808693
2025-03-26 21:21:13,165 Epoch: [13/20] Iter:[170/192], Time: 0.48, lr: [0.003441939127151716], Loss: 3.356069, Acc:0.643502, Semantic loss: 1.139731, BCE loss: 1.407896, SB loss: 0.808442
2025-03-26 21:21:17,383 Epoch: [13/20] Iter:[180/192], Time: 0.48, lr: [0.0034155416087041646], Loss: 3.347994, Acc:0.644409, Semantic loss: 1.135782, BCE loss: 1.406380, SB loss: 0.805831
2025-03-26 21:21:21,576 Epoch: [13/20] Iter:[190/192], Time: 0.48, lr: [0.0033891214019386652], Loss: 3.346559, Acc:0.643375, Semantic loss: 1.134690, BCE loss: 1.405922, SB loss: 0.805947
2025-03-26 21:23:22,421 0 [0.         0.58842388 0.24085522 0.20029558 0.2601036  0.10481746
 0.08526328] 0.21139414694062506
2025-03-26 21:23:22,422 1 [0.         0.50747699 0.33273896 0.30022668 0.33374754 0.07133006
 0.07780659] 0.23190383105884554
2025-03-26 21:23:22,434 => saving checkpoint to output\loveda\pidnet_small_loveda\aug_hfcheckpoint.pth.tar
2025-03-26 21:23:22,574 Loss: 3.902, MeanIU:  0.2319, Best_mIoU:  0.2353
2025-03-26 21:23:22,574 [0.         0.50747699 0.33273896 0.30022668 0.33374754 0.07133006
 0.07780659]
2025-03-26 21:23:33,653 Epoch: [14/20] Iter:[0/192], Time: 10.90, lr: [0.0033838346190164987], Loss: 3.457373, Acc:0.638886, Semantic loss: 1.089646, BCE loss: 1.631640, SB loss: 0.736088
2025-03-26 21:23:37,855 Epoch: [14/20] Iter:[10/192], Time: 1.37, lr: [0.0033573869003190927], Loss: 3.368894, Acc:0.675503, Semantic loss: 1.068383, BCE loss: 1.510697, SB loss: 0.789814
2025-03-26 21:23:42,061 Epoch: [14/20] Iter:[20/192], Time: 0.92, lr: [0.0033309160120447595], Loss: 3.344201, Acc:0.664135, Semantic loss: 1.089169, BCE loss: 1.452799, SB loss: 0.802234
2025-03-26 21:23:46,244 Epoch: [14/20] Iter:[30/192], Time: 0.76, lr: [0.0033044217289421207], Loss: 3.281071, Acc:0.663161, Semantic loss: 1.088834, BCE loss: 1.406785, SB loss: 0.785451
2025-03-26 21:23:50,437 Epoch: [14/20] Iter:[40/192], Time: 0.68, lr: [0.0032779038215418194], Loss: 3.303103, Acc:0.662276, Semantic loss: 1.100684, BCE loss: 1.416942, SB loss: 0.785477
2025-03-26 21:23:54,623 Epoch: [14/20] Iter:[50/192], Time: 0.62, lr: [0.0032513620560388795], Loss: 3.306650, Acc:0.654423, Semantic loss: 1.095094, BCE loss: 1.426340, SB loss: 0.785217
2025-03-26 21:23:58,852 Epoch: [14/20] Iter:[60/192], Time: 0.59, lr: [0.003224796194170671], Loss: 3.320876, Acc:0.651843, Semantic loss: 1.101626, BCE loss: 1.429657, SB loss: 0.789593
2025-03-26 21:24:03,042 Epoch: [14/20] Iter:[70/192], Time: 0.57, lr: [0.003198205993090303], Loss: 3.308851, Acc:0.649105, Semantic loss: 1.106617, BCE loss: 1.409876, SB loss: 0.792359
2025-03-26 21:24:07,253 Epoch: [14/20] Iter:[80/192], Time: 0.55, lr: [0.0031715912052352204], Loss: 3.308949, Acc:0.651828, Semantic loss: 1.101913, BCE loss: 1.417704, SB loss: 0.789332
2025-03-26 21:24:11,503 Epoch: [14/20] Iter:[90/192], Time: 0.54, lr: [0.0031449515781907557], Loss: 3.300712, Acc:0.655194, Semantic loss: 1.099489, BCE loss: 1.411628, SB loss: 0.789595
2025-03-26 21:24:15,747 Epoch: [14/20] Iter:[100/192], Time: 0.52, lr: [0.003118286854548424], Loss: 3.306393, Acc:0.652736, Semantic loss: 1.108119, BCE loss: 1.408118, SB loss: 0.790156
2025-03-26 21:24:19,994 Epoch: [14/20] Iter:[110/192], Time: 0.52, lr: [0.003091596771758693], Loss: 3.312120, Acc:0.653988, Semantic loss: 1.104937, BCE loss: 1.419148, SB loss: 0.788034
2025-03-26 21:24:24,246 Epoch: [14/20] Iter:[120/192], Time: 0.51, lr: [0.0030648810619779434], Loss: 3.326727, Acc:0.653327, Semantic loss: 1.109559, BCE loss: 1.426960, SB loss: 0.790208
2025-03-26 21:24:28,478 Epoch: [14/20] Iter:[130/192], Time: 0.50, lr: [0.0030381394519093602], Loss: 3.316715, Acc:0.652335, Semantic loss: 1.108723, BCE loss: 1.416759, SB loss: 0.791232
2025-03-26 21:24:32,767 Epoch: [14/20] Iter:[140/192], Time: 0.50, lr: [0.003011371662637431], Loss: 3.310984, Acc:0.653552, Semantic loss: 1.109189, BCE loss: 1.408210, SB loss: 0.793585
2025-03-26 21:24:36,965 Epoch: [14/20] Iter:[150/192], Time: 0.49, lr: [0.0029845774094557345], Loss: 3.318656, Acc:0.653630, Semantic loss: 1.110658, BCE loss: 1.411794, SB loss: 0.796204
2025-03-26 21:24:41,208 Epoch: [14/20] Iter:[160/192], Time: 0.49, lr: [0.002957756401687678], Loss: 3.312351, Acc:0.653734, Semantic loss: 1.111846, BCE loss: 1.406190, SB loss: 0.794315
2025-03-26 21:24:45,427 Epoch: [14/20] Iter:[170/192], Time: 0.48, lr: [0.002930908342499829], Loss: 3.316180, Acc:0.654050, Semantic loss: 1.111944, BCE loss: 1.409779, SB loss: 0.794457
2025-03-26 21:24:49,638 Epoch: [14/20] Iter:[180/192], Time: 0.48, lr: [0.002904032928707437], Loss: 3.310818, Acc:0.654333, Semantic loss: 1.109592, BCE loss: 1.405213, SB loss: 0.796013
2025-03-26 21:24:53,868 Epoch: [14/20] Iter:[190/192], Time: 0.48, lr: [0.0028771298505717554], Loss: 3.320942, Acc:0.652742, Semantic loss: 1.117512, BCE loss: 1.400627, SB loss: 0.802803
2025-03-26 21:26:54,971 0 [0.         0.55938446 0.19370757 0.2185544  0.34894084 0.04062022
 0.10027559] 0.20878329589992656
2025-03-26 21:26:54,972 1 [0.         0.45477425 0.29599676 0.29195272 0.3021113  0.02073302
 0.07027756] 0.20512080066720428
2025-03-26 21:26:54,978 => saving checkpoint to output\loveda\pidnet_small_loveda\aug_hfcheckpoint.pth.tar
2025-03-26 21:26:55,091 Loss: 4.454, MeanIU:  0.2051, Best_mIoU:  0.2353
2025-03-26 21:26:55,092 [0.         0.45477425 0.29599676 0.29195272 0.3021113  0.02073302
 0.07027756]
2025-03-26 21:27:06,167 Epoch: [15/20] Iter:[0/192], Time: 10.89, lr: [0.0028717458874925874], Loss: 3.296651, Acc:0.580384, Semantic loss: 1.077280, BCE loss: 1.438296, SB loss: 0.781075
2025-03-26 21:27:10,339 Epoch: [15/20] Iter:[10/192], Time: 1.37, lr: [0.0028448091937488323], Loss: 3.164306, Acc:0.659391, Semantic loss: 1.101864, BCE loss: 1.286703, SB loss: 0.775738
2025-03-26 21:27:14,514 Epoch: [15/20] Iter:[20/192], Time: 0.92, lr: [0.002817844130111582], Loss: 3.297046, Acc:0.656496, Semantic loss: 1.131553, BCE loss: 1.347636, SB loss: 0.817857
2025-03-26 21:27:18,708 Epoch: [15/20] Iter:[30/192], Time: 0.76, lr: [0.0027908503644035994], Loss: 3.363074, Acc:0.657602, Semantic loss: 1.140211, BCE loss: 1.403674, SB loss: 0.819190
2025-03-26 21:27:22,934 Epoch: [15/20] Iter:[40/192], Time: 0.67, lr: [0.0027638275569424097], Loss: 3.343030, Acc:0.655757, Semantic loss: 1.139030, BCE loss: 1.387528, SB loss: 0.816471
2025-03-26 21:27:27,166 Epoch: [15/20] Iter:[50/192], Time: 0.63, lr: [0.002736775360287257], Loss: 3.286060, Acc:0.657152, Semantic loss: 1.122933, BCE loss: 1.354563, SB loss: 0.808564
2025-03-26 21:27:31,485 Epoch: [15/20] Iter:[60/192], Time: 0.59, lr: [0.002709693418974644], Loss: 3.293202, Acc:0.657920, Semantic loss: 1.124387, BCE loss: 1.363950, SB loss: 0.804865
2025-03-26 21:27:35,717 Epoch: [15/20] Iter:[70/192], Time: 0.57, lr: [0.0026825813692418162], Loss: 3.260271, Acc:0.656882, Semantic loss: 1.112651, BCE loss: 1.350647, SB loss: 0.796973
2025-03-26 21:27:40,018 Epoch: [15/20] Iter:[80/192], Time: 0.55, lr: [0.0026554388387375], Loss: 3.270748, Acc:0.656803, Semantic loss: 1.114382, BCE loss: 1.355932, SB loss: 0.800434
2025-03-26 21:27:44,257 Epoch: [15/20] Iter:[90/192], Time: 0.54, lr: [0.002628265446219161], Loss: 3.258028, Acc:0.661471, Semantic loss: 1.105928, BCE loss: 1.359158, SB loss: 0.792943
2025-03-26 21:27:48,511 Epoch: [15/20] Iter:[100/192], Time: 0.53, lr: [0.002601060801235972], Loss: 3.257685, Acc:0.662873, Semantic loss: 1.104535, BCE loss: 1.362251, SB loss: 0.790899
2025-03-26 21:27:52,772 Epoch: [15/20] Iter:[110/192], Time: 0.52, lr: [0.002573824503796671], Loss: 3.266169, Acc:0.660150, Semantic loss: 1.102748, BCE loss: 1.373889, SB loss: 0.789531
2025-03-26 21:27:57,036 Epoch: [15/20] Iter:[120/192], Time: 0.51, lr: [0.00254655614402138], Loss: 3.279236, Acc:0.658061, Semantic loss: 1.104635, BCE loss: 1.383682, SB loss: 0.790919
2025-03-26 21:28:01,291 Epoch: [15/20] Iter:[130/192], Time: 0.50, lr: [0.0025192553017764118], Loss: 3.279239, Acc:0.657910, Semantic loss: 1.104154, BCE loss: 1.384153, SB loss: 0.790931
2025-03-26 21:28:05,481 Epoch: [15/20] Iter:[140/192], Time: 0.50, lr: [0.002491921546291034], Loss: 3.286706, Acc:0.656217, Semantic loss: 1.105251, BCE loss: 1.391496, SB loss: 0.789958
2025-03-26 21:28:09,691 Epoch: [15/20] Iter:[150/192], Time: 0.49, lr: [0.0024645544357550573], Loss: 3.290805, Acc:0.655823, Semantic loss: 1.107062, BCE loss: 1.392045, SB loss: 0.791698
2025-03-26 21:28:13,925 Epoch: [15/20] Iter:[160/192], Time: 0.49, lr: [0.002437153516896028], Loss: 3.282456, Acc:0.656972, Semantic loss: 1.105483, BCE loss: 1.385726, SB loss: 0.791247
2025-03-26 21:28:18,131 Epoch: [15/20] Iter:[170/192], Time: 0.48, lr: [0.0024097183245347467], Loss: 3.285139, Acc:0.658755, Semantic loss: 1.102351, BCE loss: 1.394650, SB loss: 0.788138
2025-03-26 21:28:22,363 Epoch: [15/20] Iter:[180/192], Time: 0.48, lr: [0.0023822483811177], Loss: 3.282444, Acc:0.660859, Semantic loss: 1.098513, BCE loss: 1.398015, SB loss: 0.785915
2025-03-26 21:28:26,581 Epoch: [15/20] Iter:[190/192], Time: 0.48, lr: [0.002354743196224891], Loss: 3.284477, Acc:0.660770, Semantic loss: 1.099242, BCE loss: 1.397311, SB loss: 0.787923
2025-03-26 21:30:27,481 0 [0.         0.55825318 0.18116245 0.21133272 0.32472991 0.05234285
 0.09505938] 0.20326864120150542
2025-03-26 21:30:27,482 1 [0.         0.56754465 0.26785606 0.26137664 0.31303557 0.02287373
 0.03447861] 0.20959503613609684
2025-03-26 21:30:27,492 => saving checkpoint to output\loveda\pidnet_small_loveda\aug_hfcheckpoint.pth.tar
2025-03-26 21:30:27,615 Loss: 5.469, MeanIU:  0.2096, Best_mIoU:  0.2353
2025-03-26 21:30:27,616 [0.         0.56754465 0.26785606 0.26137664 0.31303557 0.02287373
 0.03447861]
2025-03-26 21:30:38,697 Epoch: [16/20] Iter:[0/192], Time: 10.90, lr: [0.0023492378861760376], Loss: 3.416417, Acc:0.695463, Semantic loss: 1.077406, BCE loss: 1.591524, SB loss: 0.747486
2025-03-26 21:30:42,891 Epoch: [16/20] Iter:[10/192], Time: 1.37, lr: [0.0023216897452738748], Loss: 3.254102, Acc:0.676390, Semantic loss: 1.079112, BCE loss: 1.394072, SB loss: 0.780918
2025-03-26 21:30:47,089 Epoch: [16/20] Iter:[20/192], Time: 0.92, lr: [0.0022941052360858027], Loss: 3.158417, Acc:0.680442, Semantic loss: 1.053973, BCE loss: 1.326939, SB loss: 0.777506
2025-03-26 21:30:51,278 Epoch: [16/20] Iter:[30/192], Time: 0.76, lr: [0.0022664838233947228], Loss: 3.228696, Acc:0.676978, Semantic loss: 1.076001, BCE loss: 1.361053, SB loss: 0.791641
2025-03-26 21:30:55,450 Epoch: [16/20] Iter:[40/192], Time: 0.67, lr: [0.0022388249567421017], Loss: 3.257724, Acc:0.673037, Semantic loss: 1.076698, BCE loss: 1.396003, SB loss: 0.785023
2025-03-26 21:30:59,641 Epoch: [16/20] Iter:[50/192], Time: 0.62, lr: [0.002211128069778427], Loss: 3.250096, Acc:0.668988, Semantic loss: 1.083143, BCE loss: 1.386089, SB loss: 0.780864
2025-03-26 21:31:03,873 Epoch: [16/20] Iter:[60/192], Time: 0.59, lr: [0.0021833925795765436], Loss: 3.292727, Acc:0.663878, Semantic loss: 1.094473, BCE loss: 1.409998, SB loss: 0.788255
2025-03-26 21:31:08,125 Epoch: [16/20] Iter:[70/192], Time: 0.57, lr: [0.0021556178859051967], Loss: 3.296395, Acc:0.662076, Semantic loss: 1.098604, BCE loss: 1.411854, SB loss: 0.785937
2025-03-26 21:31:12,385 Epoch: [16/20] Iter:[80/192], Time: 0.55, lr: [0.002127803370459852], Loss: 3.308495, Acc:0.660924, Semantic loss: 1.098537, BCE loss: 1.421231, SB loss: 0.788727
2025-03-26 21:31:16,618 Epoch: [16/20] Iter:[90/192], Time: 0.54, lr: [0.0020999483960476508], Loss: 3.273701, Acc:0.662802, Semantic loss: 1.086660, BCE loss: 1.403274, SB loss: 0.783767
2025-03-26 21:31:20,878 Epoch: [16/20] Iter:[100/192], Time: 0.53, lr: [0.0020720523057230294], Loss: 3.288497, Acc:0.664981, Semantic loss: 1.086964, BCE loss: 1.420480, SB loss: 0.781053
2025-03-26 21:31:25,110 Epoch: [16/20] Iter:[110/192], Time: 0.52, lr: [0.002044114421870228], Loss: 3.281091, Acc:0.666627, Semantic loss: 1.081782, BCE loss: 1.420822, SB loss: 0.778487
2025-03-26 21:31:29,420 Epoch: [16/20] Iter:[120/192], Time: 0.51, lr: [0.0020161340452285867], Loss: 3.272976, Acc:0.669868, Semantic loss: 1.077686, BCE loss: 1.417846, SB loss: 0.777444
2025-03-26 21:31:33,639 Epoch: [16/20] Iter:[130/192], Time: 0.50, lr: [0.001988110453856112], Loss: 3.261044, Acc:0.667356, Semantic loss: 1.078013, BCE loss: 1.404691, SB loss: 0.778340
2025-03-26 21:31:37,923 Epoch: [16/20] Iter:[140/192], Time: 0.50, lr: [0.0019600429020263607], Loss: 3.267292, Acc:0.666021, Semantic loss: 1.080008, BCE loss: 1.407189, SB loss: 0.780096
2025-03-26 21:31:42,186 Epoch: [16/20] Iter:[150/192], Time: 0.49, lr: [0.0019319306190532476], Loss: 3.266413, Acc:0.666348, Semantic loss: 1.079450, BCE loss: 1.409438, SB loss: 0.777525
2025-03-26 21:31:46,444 Epoch: [16/20] Iter:[160/192], Time: 0.49, lr: [0.0019037728080378042], Loss: 3.268912, Acc:0.664476, Semantic loss: 1.085036, BCE loss: 1.403199, SB loss: 0.780678
2025-03-26 21:31:50,669 Epoch: [16/20] Iter:[170/192], Time: 0.48, lr: [0.0018755686445303314], Loss: 3.258686, Acc:0.664897, Semantic loss: 1.084115, BCE loss: 1.393558, SB loss: 0.781014
2025-03-26 21:31:54,882 Epoch: [16/20] Iter:[180/192], Time: 0.48, lr: [0.001847317275100738], Loss: 3.265009, Acc:0.663787, Semantic loss: 1.087907, BCE loss: 1.395576, SB loss: 0.781526
2025-03-26 21:31:59,061 Epoch: [16/20] Iter:[190/192], Time: 0.48, lr: [0.0018190178158090872], Loss: 3.270611, Acc:0.663606, Semantic loss: 1.092664, BCE loss: 1.395441, SB loss: 0.782505
2025-03-26 21:34:00,270 0 [0.         0.55028158 0.15630782 0.19269212 0.31067652 0.16885132
 0.07540702] 0.20774519761641425
2025-03-26 21:34:00,271 1 [0.         0.5495262  0.25056075 0.30118307 0.30504797 0.08150401
 0.05513604] 0.22042257654959796
2025-03-26 21:34:00,277 => saving checkpoint to output\loveda\pidnet_small_loveda\aug_hfcheckpoint.pth.tar
2025-03-26 21:34:00,414 Loss: 4.144, MeanIU:  0.2204, Best_mIoU:  0.2353
2025-03-26 21:34:00,415 [0.         0.5495262  0.25056075 0.30118307 0.30504797 0.08150401
 0.05513604]
2025-03-26 21:34:11,607 Epoch: [17/20] Iter:[0/192], Time: 11.01, lr: [0.0018133520731367456], Loss: 3.243352, Acc:0.701283, Semantic loss: 0.955224, BCE loss: 1.579188, SB loss: 0.708941
2025-03-26 21:34:15,773 Epoch: [17/20] Iter:[10/192], Time: 1.38, lr: [0.001784993693823396], Loss: 3.236553, Acc:0.665108, Semantic loss: 1.014932, BCE loss: 1.450148, SB loss: 0.771473
2025-03-26 21:34:19,966 Epoch: [17/20] Iter:[20/192], Time: 0.92, lr: [0.0017565851643374117], Loss: 3.257205, Acc:0.670714, Semantic loss: 1.030309, BCE loss: 1.438819, SB loss: 0.788078
2025-03-26 21:34:24,142 Epoch: [17/20] Iter:[30/192], Time: 0.76, lr: [0.0017281254915000803], Loss: 3.300005, Acc:0.662688, Semantic loss: 1.071423, BCE loss: 1.425131, SB loss: 0.803450
2025-03-26 21:34:28,394 Epoch: [17/20] Iter:[40/192], Time: 0.68, lr: [0.0016996136438923032], Loss: 3.290615, Acc:0.657630, Semantic loss: 1.082695, BCE loss: 1.406661, SB loss: 0.801259
2025-03-26 21:34:32,635 Epoch: [17/20] Iter:[50/192], Time: 0.63, lr: [0.0016710485496403851], Loss: 3.283209, Acc:0.658154, Semantic loss: 1.083782, BCE loss: 1.398534, SB loss: 0.800893
2025-03-26 21:34:36,893 Epoch: [17/20] Iter:[60/192], Time: 0.60, lr: [0.0016424290940290059], Loss: 3.261202, Acc:0.664765, Semantic loss: 1.075318, BCE loss: 1.395324, SB loss: 0.790560
2025-03-26 21:34:41,079 Epoch: [17/20] Iter:[70/192], Time: 0.57, lr: [0.0016137541169242962], Loss: 3.226003, Acc:0.665893, Semantic loss: 1.071825, BCE loss: 1.366997, SB loss: 0.787181
2025-03-26 21:34:45,362 Epoch: [17/20] Iter:[80/192], Time: 0.55, lr: [0.0015850224099878446], Loss: 3.241275, Acc:0.668899, Semantic loss: 1.070861, BCE loss: 1.382366, SB loss: 0.788048
2025-03-26 21:34:49,592 Epoch: [17/20] Iter:[90/192], Time: 0.54, lr: [0.001556232713660091], Loss: 3.236453, Acc:0.668756, Semantic loss: 1.070608, BCE loss: 1.382582, SB loss: 0.783263
2025-03-26 21:34:53,827 Epoch: [17/20] Iter:[100/192], Time: 0.53, lr: [0.0015273837138888994], Loss: 3.238697, Acc:0.670466, Semantic loss: 1.069122, BCE loss: 1.389505, SB loss: 0.780071
2025-03-26 21:34:58,040 Epoch: [17/20] Iter:[110/192], Time: 0.52, lr: [0.0014984740385759552], Loss: 3.248633, Acc:0.668547, Semantic loss: 1.070540, BCE loss: 1.398711, SB loss: 0.779382
2025-03-26 21:35:02,331 Epoch: [17/20] Iter:[120/192], Time: 0.51, lr: [0.0014695022537100475], Loss: 3.259480, Acc:0.665265, Semantic loss: 1.077343, BCE loss: 1.397059, SB loss: 0.785078
2025-03-26 21:35:06,549 Epoch: [17/20] Iter:[130/192], Time: 0.50, lr: [0.0014404668591521846], Loss: 3.253083, Acc:0.665444, Semantic loss: 1.077793, BCE loss: 1.390678, SB loss: 0.784612
2025-03-26 21:35:10,812 Epoch: [17/20] Iter:[140/192], Time: 0.50, lr: [0.0014113662840326588], Loss: 3.253355, Acc:0.666789, Semantic loss: 1.079843, BCE loss: 1.389330, SB loss: 0.784183
2025-03-26 21:35:15,043 Epoch: [17/20] Iter:[150/192], Time: 0.49, lr: [0.0013821988817145786], Loss: 3.252654, Acc:0.667641, Semantic loss: 1.078864, BCE loss: 1.392209, SB loss: 0.781580
2025-03-26 21:35:19,302 Epoch: [17/20] Iter:[160/192], Time: 0.49, lr: [0.0013529629242719093], Loss: 3.252098, Acc:0.669251, Semantic loss: 1.078446, BCE loss: 1.391872, SB loss: 0.781780
2025-03-26 21:35:23,525 Epoch: [17/20] Iter:[170/192], Time: 0.49, lr: [0.0013236565964223801], Loss: 3.253857, Acc:0.669712, Semantic loss: 1.077598, BCE loss: 1.394630, SB loss: 0.781629
2025-03-26 21:35:27,748 Epoch: [17/20] Iter:[180/192], Time: 0.48, lr: [0.0012942779888466518], Loss: 3.252549, Acc:0.669957, Semantic loss: 1.077516, BCE loss: 1.395166, SB loss: 0.779867
2025-03-26 21:35:31,948 Epoch: [17/20] Iter:[190/192], Time: 0.48, lr: [0.0012648250908145803], Loss: 3.248869, Acc:0.668851, Semantic loss: 1.078538, BCE loss: 1.391737, SB loss: 0.778595
2025-03-26 21:37:33,106 0 [0.         0.56212383 0.20255334 0.21866116 0.24939993 0.10076341
 0.07202691] 0.20078979659379476
2025-03-26 21:37:33,106 1 [0.         0.54027511 0.33140966 0.29792845 0.3291351  0.06263622
 0.03710948] 0.22835629063881194
2025-03-26 21:37:33,116 => saving checkpoint to output\loveda\pidnet_small_loveda\aug_hfcheckpoint.pth.tar
2025-03-26 21:37:33,252 Loss: 4.197, MeanIU:  0.2284, Best_mIoU:  0.2353
2025-03-26 21:37:33,252 [0.         0.54027511 0.33140966 0.29792845 0.3291351  0.06263622
 0.03710948]
2025-03-26 21:37:44,324 Epoch: [18/20] Iter:[0/192], Time: 10.89, lr: [0.001258925411794167], Loss: 2.994477, Acc:0.610917, Semantic loss: 0.944862, BCE loss: 1.329253, SB loss: 0.720362
2025-03-26 21:37:48,512 Epoch: [18/20] Iter:[10/192], Time: 1.37, lr: [0.0012293805561511607], Loss: 3.309928, Acc:0.682130, Semantic loss: 1.080159, BCE loss: 1.438622, SB loss: 0.791148
2025-03-26 21:37:52,691 Epoch: [18/20] Iter:[20/192], Time: 0.92, lr: [0.0011997565879500753], Loss: 3.290217, Acc:0.678467, Semantic loss: 1.090972, BCE loss: 1.396291, SB loss: 0.802954
2025-03-26 21:37:56,880 Epoch: [18/20] Iter:[30/192], Time: 0.76, lr: [0.0011700511125444005], Loss: 3.264779, Acc:0.680434, Semantic loss: 1.095293, BCE loss: 1.380621, SB loss: 0.788865
2025-03-26 21:38:01,130 Epoch: [18/20] Iter:[40/192], Time: 0.68, lr: [0.0011402615929770753], Loss: 3.237310, Acc:0.680787, Semantic loss: 1.073543, BCE loss: 1.387787, SB loss: 0.775980
2025-03-26 21:38:05,321 Epoch: [18/20] Iter:[50/192], Time: 0.63, lr: [0.0011103853371305413], Loss: 3.206331, Acc:0.679019, Semantic loss: 1.065354, BCE loss: 1.372677, SB loss: 0.768300
2025-03-26 21:38:09,571 Epoch: [18/20] Iter:[60/192], Time: 0.59, lr: [0.001080419483295973], Loss: 3.179626, Acc:0.681963, Semantic loss: 1.059784, BCE loss: 1.358465, SB loss: 0.761377
2025-03-26 21:38:13,811 Epoch: [18/20] Iter:[70/192], Time: 0.57, lr: [0.0010503609839122385], Loss: 3.207798, Acc:0.681279, Semantic loss: 1.064482, BCE loss: 1.382601, SB loss: 0.760715
2025-03-26 21:38:18,014 Epoch: [18/20] Iter:[80/192], Time: 0.55, lr: [0.0010202065871765603], Loss: 3.219770, Acc:0.675204, Semantic loss: 1.071861, BCE loss: 1.386338, SB loss: 0.761570
2025-03-26 21:38:22,259 Epoch: [18/20] Iter:[90/192], Time: 0.54, lr: [0.000989952816168914], Loss: 3.222993, Acc:0.676954, Semantic loss: 1.069075, BCE loss: 1.391037, SB loss: 0.762881
2025-03-26 21:38:26,496 Epoch: [18/20] Iter:[100/192], Time: 0.53, lr: [0.0009595959450576828], Loss: 3.217242, Acc:0.675669, Semantic loss: 1.065718, BCE loss: 1.389945, SB loss: 0.761579
2025-03-26 21:38:30,706 Epoch: [18/20] Iter:[110/192], Time: 0.52, lr: [0.000929131971860904], Loss: 3.198986, Acc:0.674974, Semantic loss: 1.062668, BCE loss: 1.373304, SB loss: 0.763014
2025-03-26 21:38:34,961 Epoch: [18/20] Iter:[120/192], Time: 0.51, lr: [0.0008985565871200918], Loss: 3.197239, Acc:0.676015, Semantic loss: 1.059686, BCE loss: 1.376004, SB loss: 0.761550
2025-03-26 21:38:39,211 Epoch: [18/20] Iter:[130/192], Time: 0.50, lr: [0.0008678651376944955], Loss: 3.207470, Acc:0.677538, Semantic loss: 1.059191, BCE loss: 1.386685, SB loss: 0.761594
2025-03-26 21:38:43,411 Epoch: [18/20] Iter:[140/192], Time: 0.50, lr: [0.000837052584692747], Loss: 3.219458, Acc:0.676829, Semantic loss: 1.060086, BCE loss: 1.395518, SB loss: 0.763854
2025-03-26 21:38:47,632 Epoch: [18/20] Iter:[150/192], Time: 0.49, lr: [0.000806113454312208], Loss: 3.215973, Acc:0.676335, Semantic loss: 1.061564, BCE loss: 1.389187, SB loss: 0.765222
2025-03-26 21:38:51,841 Epoch: [18/20] Iter:[160/192], Time: 0.49, lr: [0.0007750417800344363], Loss: 3.207072, Acc:0.676883, Semantic loss: 1.057797, BCE loss: 1.384172, SB loss: 0.765102
2025-03-26 21:38:56,064 Epoch: [18/20] Iter:[170/192], Time: 0.48, lr: [0.0007438310342008949], Loss: 3.213936, Acc:0.674554, Semantic loss: 1.063775, BCE loss: 1.382740, SB loss: 0.767421
2025-03-26 21:39:00,288 Epoch: [18/20] Iter:[180/192], Time: 0.48, lr: [0.0007124740464272778], Loss: 3.212832, Acc:0.674506, Semantic loss: 1.063576, BCE loss: 1.382995, SB loss: 0.766261
2025-03-26 21:39:04,474 Epoch: [18/20] Iter:[190/192], Time: 0.48, lr: [0.0006809629055511224], Loss: 3.216527, Acc:0.674295, Semantic loss: 1.064432, BCE loss: 1.385328, SB loss: 0.766768
2025-03-26 21:41:05,644 0 [0.         0.58907021 0.21221344 0.20254372 0.33286155 0.07772161
 0.09570744] 0.21573113769329216
2025-03-26 21:41:05,644 1 [0.         0.53175989 0.30844623 0.25376069 0.34802863 0.04198273
 0.08146543] 0.223634800158145
2025-03-26 21:41:05,652 => saving checkpoint to output\loveda\pidnet_small_loveda\aug_hfcheckpoint.pth.tar
2025-03-26 21:41:05,748 Loss: 4.579, MeanIU:  0.2236, Best_mIoU:  0.2353
2025-03-26 21:41:05,749 [0.         0.53175989 0.30844623 0.25376069 0.34802863 0.04198273
 0.08146543]
2025-03-26 21:41:16,850 Epoch: [19/20] Iter:[0/192], Time: 10.92, lr: [0.0006746414238367822], Loss: 3.448406, Acc:0.641450, Semantic loss: 1.172834, BCE loss: 1.450168, SB loss: 0.825404
2025-03-26 21:41:21,019 Epoch: [19/20] Iter:[10/192], Time: 1.37, lr: [0.0006429336362339898], Loss: 3.252125, Acc:0.651539, Semantic loss: 1.082665, BCE loss: 1.365461, SB loss: 0.803999
2025-03-26 21:41:25,202 Epoch: [19/20] Iter:[20/192], Time: 0.92, lr: [0.0006110510578510947], Loss: 3.209374, Acc:0.650745, Semantic loss: 1.083147, BCE loss: 1.316699, SB loss: 0.809527
2025-03-26 21:41:29,401 Epoch: [19/20] Iter:[30/192], Time: 0.76, lr: [0.0005789824653018995], Loss: 3.182045, Acc:0.665640, Semantic loss: 1.076309, BCE loss: 1.316278, SB loss: 0.789459
2025-03-26 21:41:33,597 Epoch: [19/20] Iter:[40/192], Time: 0.67, lr: [0.0005467151732202777], Loss: 3.225204, Acc:0.666315, Semantic loss: 1.078471, BCE loss: 1.363374, SB loss: 0.783359
2025-03-26 21:41:37,775 Epoch: [19/20] Iter:[50/192], Time: 0.62, lr: [0.0005142347343351296], Loss: 3.233930, Acc:0.671458, Semantic loss: 1.075783, BCE loss: 1.367825, SB loss: 0.790322
2025-03-26 21:41:42,063 Epoch: [19/20] Iter:[60/192], Time: 0.59, lr: [0.0004815245523312483], Loss: 3.203039, Acc:0.675157, Semantic loss: 1.067415, BCE loss: 1.357594, SB loss: 0.778030
2025-03-26 21:41:46,310 Epoch: [19/20] Iter:[70/192], Time: 0.57, lr: [0.000448565373510549], Loss: 3.191954, Acc:0.677555, Semantic loss: 1.063233, BCE loss: 1.353256, SB loss: 0.775464
2025-03-26 21:41:50,579 Epoch: [19/20] Iter:[80/192], Time: 0.55, lr: [0.00041533460609889997], Loss: 3.208162, Acc:0.677500, Semantic loss: 1.063601, BCE loss: 1.370407, SB loss: 0.774154
2025-03-26 21:41:54,803 Epoch: [19/20] Iter:[90/192], Time: 0.54, lr: [0.00038180538785330436], Loss: 3.206050, Acc:0.677493, Semantic loss: 1.065733, BCE loss: 1.364226, SB loss: 0.776091
2025-03-26 21:41:59,062 Epoch: [19/20] Iter:[100/192], Time: 0.53, lr: [0.00034794527452517863], Loss: 3.185099, Acc:0.678040, Semantic loss: 1.056997, BCE loss: 1.357499, SB loss: 0.770604
2025-03-26 21:42:03,287 Epoch: [19/20] Iter:[110/192], Time: 0.52, lr: [0.00031371433588231993], Loss: 3.175649, Acc:0.680501, Semantic loss: 1.054426, BCE loss: 1.352757, SB loss: 0.768467
2025-03-26 21:42:07,599 Epoch: [19/20] Iter:[120/192], Time: 0.51, lr: [0.0002790622842837163], Loss: 3.179173, Acc:0.682713, Semantic loss: 1.053595, BCE loss: 1.358119, SB loss: 0.767458
2025-03-26 21:42:11,898 Epoch: [19/20] Iter:[130/192], Time: 0.50, lr: [0.0002439239356353784], Loss: 3.176581, Acc:0.683319, Semantic loss: 1.051853, BCE loss: 1.361217, SB loss: 0.763511
2025-03-26 21:42:16,196 Epoch: [19/20] Iter:[140/192], Time: 0.50, lr: [0.00020821159321002047], Loss: 3.184205, Acc:0.682467, Semantic loss: 1.052058, BCE loss: 1.369299, SB loss: 0.762848
2025-03-26 21:42:20,422 Epoch: [19/20] Iter:[150/192], Time: 0.49, lr: [0.00017180122628828942], Loss: 3.194518, Acc:0.682108, Semantic loss: 1.050686, BCE loss: 1.381036, SB loss: 0.762796
2025-03-26 21:42:24,733 Epoch: [19/20] Iter:[160/192], Time: 0.49, lr: [0.00013450451987183818], Loss: 3.189877, Acc:0.682887, Semantic loss: 1.047725, BCE loss: 1.382042, SB loss: 0.760110
2025-03-26 21:42:29,003 Epoch: [19/20] Iter:[170/192], Time: 0.49, lr: [9.600244875192536e-05], Loss: 3.193265, Acc:0.682230, Semantic loss: 1.047496, BCE loss: 1.386477, SB loss: 0.759292
2025-03-26 21:42:33,294 Epoch: [19/20] Iter:[180/192], Time: 0.48, lr: [5.563716848048335e-05], Loss: 3.197857, Acc:0.683076, Semantic loss: 1.048962, BCE loss: 1.390475, SB loss: 0.758420
2025-03-26 21:42:37,530 Epoch: [19/20] Iter:[190/192], Time: 0.48, lr: [1.1092486125349496e-05], Loss: 3.188393, Acc:0.682003, Semantic loss: 1.047935, BCE loss: 1.382911, SB loss: 0.757548
2025-03-26 21:44:38,540 0 [0.         0.57427446 0.21807187 0.21535592 0.26842034 0.09191603
 0.09347663] 0.20878789447208349
2025-03-26 21:44:38,540 1 [0.         0.55717429 0.33266629 0.28280914 0.34798255 0.03964015
 0.04959325] 0.22998080928002598
2025-03-26 21:44:38,552 => saving checkpoint to output\loveda\pidnet_small_loveda\aug_hfcheckpoint.pth.tar
2025-03-26 21:44:38,688 Loss: 4.497, MeanIU:  0.2300, Best_mIoU:  0.2353
2025-03-26 21:44:38,689 [0.         0.55717429 0.33266629 0.28280914 0.34798255 0.03964015
 0.04959325]
2025-03-26 21:44:38,755 Hours: 1
2025-03-26 21:44:38,756 Done
