2025-03-19 16:15:12,334 Namespace(cfg='configs/loveda/pidnet_small_loveda.yaml', opts=[], seed=304)
2025-03-19 16:15:12,335 AUTO_RESUME: False
CUDNN:
  BENCHMARK: True
  DETERMINISTIC: False
  ENABLED: True
DATASET:
  DATASET: loveda
  EXTRA_TRAIN_SET: 
  NUM_CLASSES: 7
  ROOT: data/
  TEST_SET: list/loveda/urban_rural/val.lst
  TRAIN_SET: list/loveda/urban_rural/train.lst
GPUS: (0,)
LOG_DIR: log
LOSS:
  BALANCE_WEIGHTS: [0.4, 1.0]
  CLASS_BALANCE: False
  OHEMKEEP: 131072
  OHEMTHRES: 0.9
  SB_WEIGHTS: 1.0
  USE_OHEM: True
MODEL:
  ALIGN_CORNERS: True
  NAME: pidnet_small
  NUM_OUTPUTS: 2
  PRETRAINED: pretrained_models/imagenet/PIDNet_S_ImageNet.pth.tar
OUTPUT_DIR: output
PIN_MEMORY: True
PRINT_FREQ: 10
TEST:
  BASE_SIZE: 2048
  BATCH_SIZE_PER_GPU: 6
  FLIP_TEST: False
  IMAGE_SIZE: [2048, 1024]
  MODEL_FILE: output/loveda/pidnet_small_loveda/final_state.pt
  MULTI_SCALE: False
  OUTPUT_INDEX: 1
TRAIN:
  AUGMENTATION:
    ENABLE: True
    PROBABILITY: 0.5
    TECHNIQUES:
      GAUSSIAN_BLUR: False
      HORIZONTAL_FLIP: True
      MULTIPLY: False
      RANDOM_BRIGHTNESS: False
  BASE_SIZE: 2048
  BATCH_SIZE_PER_GPU: 6
  BEGIN_EPOCH: 0
  END_EPOCH: 20
  EXTRA_EPOCH: 0
  EXTRA_LR: 0.001
  FLIP: False
  IGNORE_LABEL: 0
  IMAGE_SIZE: [1024, 1024]
  LR: 0.01
  MOMENTUM: 0.9
  MULTI_SCALE: False
  NESTEROV: False
  OPTIMIZER: sgd
  RESUME: True
  SCALE_FACTOR: 16
  SHUFFLE: True
  WD: 0.0005
WORKERS: 4
2025-03-19 16:15:12,472 Attention!!!
2025-03-19 16:15:12,472 Loaded 302 parameters!
2025-03-19 16:15:12,473 Over!!!
2025-03-19 16:15:31,779 Epoch: [0/20] Iter:[0/192], Time: 19.15, lr: [0.01], Loss: 16.366644, Acc:0.122226, Semantic loss: 7.066723, BCE loss: 3.783906, SB loss: 5.516015
2025-03-19 16:15:38,314 Epoch: [0/20] Iter:[10/192], Time: 2.31, lr: [0.009976559445324192], Loss: 11.693527, Acc:0.303182, Semantic loss: 5.248155, BCE loss: 2.678692, SB loss: 3.766679
2025-03-19 16:15:44,789 Epoch: [0/20] Iter:[20/192], Time: 1.52, lr: [0.009953112769592761], Loss: 9.429558, Acc:0.360635, Semantic loss: 4.277882, BCE loss: 2.346883, SB loss: 2.804793
2025-03-19 16:15:51,270 Epoch: [0/20] Iter:[30/192], Time: 1.24, lr: [0.009929659955177281], Loss: 7.996096, Acc:0.396592, Semantic loss: 3.554132, BCE loss: 2.156274, SB loss: 2.285689
2025-03-19 16:15:57,186 Epoch: [0/20] Iter:[40/192], Time: 1.08, lr: [0.009906200984352154], Loss: 7.185031, Acc:0.403634, Semantic loss: 3.167367, BCE loss: 2.011110, SB loss: 2.006554
2025-03-19 16:16:03,097 Epoch: [0/20] Iter:[50/192], Time: 0.98, lr: [0.009882735839293803], Loss: 6.616342, Acc:0.427604, Semantic loss: 2.888432, BCE loss: 1.916438, SB loss: 1.811473
2025-03-19 16:16:08,503 Epoch: [0/20] Iter:[60/192], Time: 0.91, lr: [0.00985926450207989], Loss: 6.272502, Acc:0.433018, Semantic loss: 2.717805, BCE loss: 1.857157, SB loss: 1.697540
2025-03-19 16:16:13,836 Epoch: [0/20] Iter:[70/192], Time: 0.86, lr: [0.009835786954688485], Loss: 6.037190, Acc:0.438500, Semantic loss: 2.599255, BCE loss: 1.811909, SB loss: 1.626025
2025-03-19 16:16:19,266 Epoch: [0/20] Iter:[80/192], Time: 0.82, lr: [0.00981230317899726], Loss: 5.884766, Acc:0.442696, Semantic loss: 2.521031, BCE loss: 1.776211, SB loss: 1.587524
2025-03-19 16:16:25,355 Epoch: [0/20] Iter:[90/192], Time: 0.80, lr: [0.009788813156782662], Loss: 5.740805, Acc:0.445457, Semantic loss: 2.446875, BCE loss: 1.760138, SB loss: 1.533792
2025-03-19 16:16:30,724 Epoch: [0/20] Iter:[100/192], Time: 0.77, lr: [0.009765316869719067], Loss: 5.606656, Acc:0.448003, Semantic loss: 2.385381, BCE loss: 1.736454, SB loss: 1.484821
2025-03-19 16:16:36,086 Epoch: [0/20] Iter:[110/192], Time: 0.75, lr: [0.009741814299377942], Loss: 5.492023, Acc:0.448073, Semantic loss: 2.332738, BCE loss: 1.710469, SB loss: 1.448815
2025-03-19 16:16:41,451 Epoch: [0/20] Iter:[120/192], Time: 0.73, lr: [0.009718305427226986], Loss: 5.377581, Acc:0.454052, Semantic loss: 2.272442, BCE loss: 1.700173, SB loss: 1.404966
2025-03-19 16:16:46,834 Epoch: [0/20] Iter:[130/192], Time: 0.72, lr: [0.009694790234629266], Loss: 5.289614, Acc:0.459656, Semantic loss: 2.221181, BCE loss: 1.689705, SB loss: 1.378728
2025-03-19 16:16:52,195 Epoch: [0/20] Iter:[140/192], Time: 0.70, lr: [0.009671268702842338], Loss: 5.219999, Acc:0.462014, Semantic loss: 2.192645, BCE loss: 1.671042, SB loss: 1.356311
2025-03-19 16:16:57,563 Epoch: [0/20] Iter:[150/192], Time: 0.69, lr: [0.009647740813017376], Loss: 5.151545, Acc:0.462841, Semantic loss: 2.160133, BCE loss: 1.656283, SB loss: 1.335129
2025-03-19 16:17:02,935 Epoch: [0/20] Iter:[160/192], Time: 0.68, lr: [0.009624206546198262], Loss: 5.098718, Acc:0.467756, Semantic loss: 2.122157, BCE loss: 1.658306, SB loss: 1.318254
2025-03-19 16:17:08,350 Epoch: [0/20] Iter:[170/192], Time: 0.68, lr: [0.009600665883320689], Loss: 5.035584, Acc:0.472315, Semantic loss: 2.083702, BCE loss: 1.654894, SB loss: 1.296988
2025-03-19 16:17:14,351 Epoch: [0/20] Iter:[180/192], Time: 0.67, lr: [0.009577118805211254], Loss: 4.987239, Acc:0.476232, Semantic loss: 2.056547, BCE loss: 1.650450, SB loss: 1.280242
2025-03-19 16:17:19,709 Epoch: [0/20] Iter:[190/192], Time: 0.66, lr: [0.009553565292586523], Loss: 4.932888, Acc:0.479565, Semantic loss: 2.025955, BCE loss: 1.643754, SB loss: 1.263179
2025-03-19 16:20:12,709 0 [0.         0.50271767 0.14864136 0.07931396 0.18207375 0.05653566
 0.03717833] 0.1437801036480546
2025-03-19 16:20:12,710 1 [0.         0.55527731 0.16396548 0.13301991 0.03010708 0.11608272
 0.01540891] 0.1448373456197593
2025-03-19 16:20:12,720 => saving checkpoint to output\loveda\pidnet_small_loveda\aug_hfcheckpoint.pth.tar
2025-03-19 16:20:12,895 Loss: 4.351, MeanIU:  0.1448, Best_mIoU:  0.1448
2025-03-19 16:20:12,896 [0.         0.55527731 0.16396548 0.13301991 0.03010708 0.11608272
 0.01540891]
2025-03-19 16:20:25,353 Epoch: [1/20] Iter:[0/192], Time: 12.22, lr: [0.009548853816214998], Loss: 4.103123, Acc:0.466470, Semantic loss: 1.648865, BCE loss: 1.435348, SB loss: 1.018910
2025-03-19 16:20:30,686 Epoch: [1/20] Iter:[10/192], Time: 1.60, lr: [0.009525292556561479], Loss: 4.033155, Acc:0.522771, Semantic loss: 1.582640, BCE loss: 1.460665, SB loss: 0.989850
2025-03-19 16:20:36,062 Epoch: [1/20] Iter:[20/192], Time: 1.09, lr: [0.00950172481957719], Loss: 3.981565, Acc:0.528972, Semantic loss: 1.533217, BCE loss: 1.485912, SB loss: 0.962436
2025-03-19 16:20:41,742 Epoch: [1/20] Iter:[30/192], Time: 0.92, lr: [0.009478150585620286], Loss: 3.947987, Acc:0.536726, Semantic loss: 1.515765, BCE loss: 1.454588, SB loss: 0.977634
2025-03-19 16:20:47,409 Epoch: [1/20] Iter:[40/192], Time: 0.84, lr: [0.009454569834934885], Loss: 3.974270, Acc:0.531873, Semantic loss: 1.521698, BCE loss: 1.471028, SB loss: 0.981543
2025-03-19 16:20:53,251 Epoch: [1/20] Iter:[50/192], Time: 0.79, lr: [0.009430982547650114], Loss: 3.994747, Acc:0.529394, Semantic loss: 1.514890, BCE loss: 1.498011, SB loss: 0.981847
2025-03-19 16:20:59,249 Epoch: [1/20] Iter:[60/192], Time: 0.76, lr: [0.009407388703779091], Loss: 3.997831, Acc:0.531768, Semantic loss: 1.504847, BCE loss: 1.510508, SB loss: 0.982476
2025-03-19 16:21:05,688 Epoch: [1/20] Iter:[70/192], Time: 0.74, lr: [0.009383788283217955], Loss: 3.970082, Acc:0.538753, Semantic loss: 1.479774, BCE loss: 1.515806, SB loss: 0.974502
2025-03-19 16:21:11,885 Epoch: [1/20] Iter:[80/192], Time: 0.73, lr: [0.00936018126574482], Loss: 3.979309, Acc:0.532741, Semantic loss: 1.493586, BCE loss: 1.504101, SB loss: 0.981621
2025-03-19 16:21:18,011 Epoch: [1/20] Iter:[90/192], Time: 0.71, lr: [0.009336567631018769], Loss: 3.991055, Acc:0.537114, Semantic loss: 1.485463, BCE loss: 1.521310, SB loss: 0.984282
2025-03-19 16:21:23,819 Epoch: [1/20] Iter:[100/192], Time: 0.70, lr: [0.009312947358578814], Loss: 4.004864, Acc:0.541951, Semantic loss: 1.475995, BCE loss: 1.534771, SB loss: 0.994098
2025-03-19 16:21:29,633 Epoch: [1/20] Iter:[110/192], Time: 0.69, lr: [0.009289320427842841], Loss: 3.974985, Acc:0.543780, Semantic loss: 1.471291, BCE loss: 1.516081, SB loss: 0.987613
2025-03-19 16:21:35,054 Epoch: [1/20] Iter:[120/192], Time: 0.68, lr: [0.009265686818106552], Loss: 3.945070, Acc:0.544687, Semantic loss: 1.463355, BCE loss: 1.505280, SB loss: 0.976436
2025-03-19 16:21:40,683 Epoch: [1/20] Iter:[130/192], Time: 0.67, lr: [0.009242046508542393], Loss: 3.934996, Acc:0.547580, Semantic loss: 1.457171, BCE loss: 1.507544, SB loss: 0.970281
2025-03-19 16:21:46,485 Epoch: [1/20] Iter:[140/192], Time: 0.66, lr: [0.009218399478198466], Loss: 3.924621, Acc:0.547799, Semantic loss: 1.454057, BCE loss: 1.500114, SB loss: 0.970451
2025-03-19 16:21:52,264 Epoch: [1/20] Iter:[150/192], Time: 0.66, lr: [0.009194745705997428], Loss: 3.915857, Acc:0.546838, Semantic loss: 1.453252, BCE loss: 1.492309, SB loss: 0.970296
2025-03-19 16:21:58,209 Epoch: [1/20] Iter:[160/192], Time: 0.65, lr: [0.00917108517073538], Loss: 3.912245, Acc:0.546281, Semantic loss: 1.449057, BCE loss: 1.492698, SB loss: 0.970490
2025-03-19 16:22:04,307 Epoch: [1/20] Iter:[170/192], Time: 0.65, lr: [0.00914741785108075], Loss: 3.913826, Acc:0.547511, Semantic loss: 1.444870, BCE loss: 1.492529, SB loss: 0.976427
2025-03-19 16:22:10,220 Epoch: [1/20] Iter:[180/192], Time: 0.65, lr: [0.00912374372557314], Loss: 3.924836, Acc:0.548594, Semantic loss: 1.440575, BCE loss: 1.489019, SB loss: 0.995242
2025-03-19 16:22:15,766 Epoch: [1/20] Iter:[190/192], Time: 0.64, lr: [0.009100062772622186], Loss: 3.928209, Acc:0.549074, Semantic loss: 1.444948, BCE loss: 1.487993, SB loss: 0.995268
2025-03-19 16:25:08,540 0 [0.         0.49453658 0.08850417 0.04273172 0.07646911 0.08796294
 0.00324328] 0.11334968498481467
2025-03-19 16:25:08,541 1 [0.00000000e+00 4.93450824e-01 1.06986834e-01 1.18118296e-01
 1.44442089e-01 1.02496250e-01 1.27985801e-04] 0.13794603990137486
2025-03-19 16:25:08,551 => saving checkpoint to output\loveda\pidnet_small_loveda\aug_hfcheckpoint.pth.tar
2025-03-19 16:25:08,690 Loss: 8.656, MeanIU:  0.1379, Best_mIoU:  0.1448
2025-03-19 16:25:08,691 [0.00000000e+00 4.93450824e-01 1.06986834e-01 1.18118296e-01
 1.44442089e-01 1.02496250e-01 1.27985801e-04]
2025-03-19 16:25:20,977 Epoch: [2/20] Iter:[0/192], Time: 12.04, lr: [0.009095325760829623], Loss: 3.727701, Acc:0.583383, Semantic loss: 1.684032, BCE loss: 1.025705, SB loss: 1.017963
2025-03-19 16:25:26,408 Epoch: [2/20] Iter:[10/192], Time: 1.59, lr: [0.009071636586262652], Loss: 3.820676, Acc:0.553167, Semantic loss: 1.445081, BCE loss: 1.513618, SB loss: 0.861976
2025-03-19 16:25:31,792 Epoch: [2/20] Iter:[20/192], Time: 1.09, lr: [0.009047940536290279], Loss: 3.755195, Acc:0.556979, Semantic loss: 1.391416, BCE loss: 1.490330, SB loss: 0.873448
2025-03-19 16:25:37,164 Epoch: [2/20] Iter:[30/192], Time: 0.91, lr: [0.009024237588898336], Loss: 3.715273, Acc:0.569422, Semantic loss: 1.387166, BCE loss: 1.431384, SB loss: 0.896724
2025-03-19 16:25:42,487 Epoch: [2/20] Iter:[40/192], Time: 0.82, lr: [0.009000527721937697], Loss: 3.732681, Acc:0.557397, Semantic loss: 1.393440, BCE loss: 1.421751, SB loss: 0.917490
2025-03-19 16:25:47,860 Epoch: [2/20] Iter:[50/192], Time: 0.76, lr: [0.008976810913123051], Loss: 3.749304, Acc:0.555675, Semantic loss: 1.390705, BCE loss: 1.430941, SB loss: 0.927658
2025-03-19 16:25:53,222 Epoch: [2/20] Iter:[60/192], Time: 0.73, lr: [0.008953087140031669], Loss: 3.738204, Acc:0.555402, Semantic loss: 1.390184, BCE loss: 1.415605, SB loss: 0.932415
2025-03-19 16:25:58,684 Epoch: [2/20] Iter:[70/192], Time: 0.70, lr: [0.008929356380102142], Loss: 3.728079, Acc:0.557587, Semantic loss: 1.383053, BCE loss: 1.421235, SB loss: 0.923791
2025-03-19 16:26:04,112 Epoch: [2/20] Iter:[80/192], Time: 0.68, lr: [0.008905618610633112], Loss: 3.729239, Acc:0.563135, Semantic loss: 1.370008, BCE loss: 1.441030, SB loss: 0.918202
2025-03-19 16:26:09,741 Epoch: [2/20] Iter:[90/192], Time: 0.67, lr: [0.008881873808781991], Loss: 3.719269, Acc:0.568445, Semantic loss: 1.359408, BCE loss: 1.446545, SB loss: 0.913317
2025-03-19 16:26:15,585 Epoch: [2/20] Iter:[100/192], Time: 0.66, lr: [0.008858121951563658], Loss: 3.705967, Acc:0.568285, Semantic loss: 1.358211, BCE loss: 1.435571, SB loss: 0.912185
2025-03-19 16:26:21,803 Epoch: [2/20] Iter:[110/192], Time: 0.66, lr: [0.008834363015849136], Loss: 3.689716, Acc:0.572659, Semantic loss: 1.349645, BCE loss: 1.435468, SB loss: 0.904603
2025-03-19 16:26:27,723 Epoch: [2/20] Iter:[120/192], Time: 0.65, lr: [0.008810596978364274], Loss: 3.697175, Acc:0.575199, Semantic loss: 1.345246, BCE loss: 1.444233, SB loss: 0.907696
2025-03-19 16:26:33,463 Epoch: [2/20] Iter:[130/192], Time: 0.65, lr: [0.008786823815688379], Loss: 3.692690, Acc:0.576476, Semantic loss: 1.343041, BCE loss: 1.442554, SB loss: 0.907096
2025-03-19 16:26:39,286 Epoch: [2/20] Iter:[140/192], Time: 0.64, lr: [0.008763043504252865], Loss: 3.695430, Acc:0.578319, Semantic loss: 1.338370, BCE loss: 1.450946, SB loss: 0.906114
2025-03-19 16:26:45,105 Epoch: [2/20] Iter:[150/192], Time: 0.64, lr: [0.008739256020339866], Loss: 3.686867, Acc:0.577351, Semantic loss: 1.334938, BCE loss: 1.445370, SB loss: 0.906559
2025-03-19 16:26:50,831 Epoch: [2/20] Iter:[160/192], Time: 0.63, lr: [0.00871546134008083], Loss: 3.682158, Acc:0.578440, Semantic loss: 1.331389, BCE loss: 1.446069, SB loss: 0.904700
2025-03-19 16:26:56,592 Epoch: [2/20] Iter:[170/192], Time: 0.63, lr: [0.008691659439455107], Loss: 3.689107, Acc:0.579582, Semantic loss: 1.329971, BCE loss: 1.451978, SB loss: 0.907158
2025-03-19 16:27:02,306 Epoch: [2/20] Iter:[180/192], Time: 0.63, lr: [0.008667850294288517], Loss: 3.693041, Acc:0.579515, Semantic loss: 1.327756, BCE loss: 1.455360, SB loss: 0.909925
2025-03-19 16:27:07,660 Epoch: [2/20] Iter:[190/192], Time: 0.62, lr: [0.008644033880251888], Loss: 3.686492, Acc:0.580922, Semantic loss: 1.323268, BCE loss: 1.454759, SB loss: 0.908465
2025-03-19 16:30:01,566 0 [0.         0.54938735 0.18468834 0.26164801 0.21318817 0.12906667
 0.18678944] 0.21782399873013597
2025-03-19 16:30:01,567 1 [0.         0.37297889 0.26084546 0.30543283 0.30735886 0.05786411
 0.14881211] 0.20761317998076642
2025-03-19 16:30:01,578 => saving checkpoint to output\loveda\pidnet_small_loveda\aug_hfcheckpoint.pth.tar
2025-03-19 16:30:01,778 Loss: 4.415, MeanIU:  0.2076, Best_mIoU:  0.2076
2025-03-19 16:30:01,778 [0.         0.37297889 0.26084546 0.30543283 0.30735886 0.05786411
 0.14881211]
2025-03-19 16:30:14,536 Epoch: [3/20] Iter:[0/192], Time: 12.51, lr: [0.008639269723028191], Loss: 3.635065, Acc:0.659812, Semantic loss: 1.498030, BCE loss: 1.196429, SB loss: 0.940607
2025-03-19 16:30:20,202 Epoch: [3/20] Iter:[10/192], Time: 1.65, lr: [0.008615444554012613], Loss: 3.581459, Acc:0.593147, Semantic loss: 1.302082, BCE loss: 1.418921, SB loss: 0.860456
2025-03-19 16:30:26,068 Epoch: [3/20] Iter:[20/192], Time: 1.15, lr: [0.008591612062049989], Loss: 3.548895, Acc:0.602398, Semantic loss: 1.296024, BCE loss: 1.385710, SB loss: 0.867161
2025-03-19 16:30:32,168 Epoch: [3/20] Iter:[30/192], Time: 0.97, lr: [0.008567772222305215], Loss: 3.535965, Acc:0.605063, Semantic loss: 1.255241, BCE loss: 1.425355, SB loss: 0.855369
2025-03-19 16:30:38,145 Epoch: [3/20] Iter:[40/192], Time: 0.88, lr: [0.008543925009781886], Loss: 3.494449, Acc:0.601980, Semantic loss: 1.232120, BCE loss: 1.411592, SB loss: 0.850737
2025-03-19 16:30:43,739 Epoch: [3/20] Iter:[50/192], Time: 0.82, lr: [0.00852007039932076], Loss: 3.492243, Acc:0.599126, Semantic loss: 1.238980, BCE loss: 1.395977, SB loss: 0.857287
2025-03-19 16:30:49,645 Epoch: [3/20] Iter:[60/192], Time: 0.78, lr: [0.00849620836559818], Loss: 3.488402, Acc:0.596094, Semantic loss: 1.246432, BCE loss: 1.370425, SB loss: 0.871545
2025-03-19 16:30:55,833 Epoch: [3/20] Iter:[70/192], Time: 0.76, lr: [0.008472338883124477], Loss: 3.528224, Acc:0.598050, Semantic loss: 1.253845, BCE loss: 1.400410, SB loss: 0.873969
2025-03-19 16:31:01,278 Epoch: [3/20] Iter:[80/192], Time: 0.73, lr: [0.008448461926242374], Loss: 3.530809, Acc:0.597309, Semantic loss: 1.260845, BCE loss: 1.392617, SB loss: 0.877348
2025-03-19 16:31:06,783 Epoch: [3/20] Iter:[90/192], Time: 0.71, lr: [0.008424577469125337], Loss: 3.533622, Acc:0.600012, Semantic loss: 1.253568, BCE loss: 1.408426, SB loss: 0.871629
2025-03-19 16:31:12,484 Epoch: [3/20] Iter:[100/192], Time: 0.70, lr: [0.008400685485775935], Loss: 3.532082, Acc:0.605713, Semantic loss: 1.244748, BCE loss: 1.419899, SB loss: 0.867435
2025-03-19 16:31:18,090 Epoch: [3/20] Iter:[110/192], Time: 0.69, lr: [0.008376785950024154], Loss: 3.523185, Acc:0.605871, Semantic loss: 1.235341, BCE loss: 1.424612, SB loss: 0.863233
2025-03-19 16:31:23,610 Epoch: [3/20] Iter:[120/192], Time: 0.67, lr: [0.00835287883552571], Loss: 3.541762, Acc:0.606204, Semantic loss: 1.232312, BCE loss: 1.444121, SB loss: 0.865329
2025-03-19 16:31:28,997 Epoch: [3/20] Iter:[130/192], Time: 0.66, lr: [0.008328964115760324], Loss: 3.532187, Acc:0.607061, Semantic loss: 1.230475, BCE loss: 1.436482, SB loss: 0.865230
2025-03-19 16:31:34,417 Epoch: [3/20] Iter:[140/192], Time: 0.66, lr: [0.008305041764029988], Loss: 3.526965, Acc:0.607178, Semantic loss: 1.227112, BCE loss: 1.434103, SB loss: 0.865749
2025-03-19 16:31:40,015 Epoch: [3/20] Iter:[150/192], Time: 0.65, lr: [0.008281111753457188], Loss: 3.534488, Acc:0.605041, Semantic loss: 1.234517, BCE loss: 1.426240, SB loss: 0.873731
2025-03-19 16:31:45,641 Epoch: [3/20] Iter:[160/192], Time: 0.64, lr: [0.008257174056983133], Loss: 3.544102, Acc:0.604711, Semantic loss: 1.234298, BCE loss: 1.436056, SB loss: 0.873748
2025-03-19 16:31:51,339 Epoch: [3/20] Iter:[170/192], Time: 0.64, lr: [0.00823322864736593], Loss: 3.543306, Acc:0.606111, Semantic loss: 1.228309, BCE loss: 1.442037, SB loss: 0.872960
2025-03-19 16:31:56,977 Epoch: [3/20] Iter:[180/192], Time: 0.64, lr: [0.008209275497178764], Loss: 3.530441, Acc:0.609681, Semantic loss: 1.223020, BCE loss: 1.436660, SB loss: 0.870761
2025-03-19 16:32:02,347 Epoch: [3/20] Iter:[190/192], Time: 0.63, lr: [0.008185314578808021], Loss: 3.530034, Acc:0.609419, Semantic loss: 1.226559, BCE loss: 1.433004, SB loss: 0.870471
2025-03-19 16:34:53,851 0 [0.         0.63223043 0.2636407  0.26730987 0.29760299 0.04833566
 0.04386905] 0.22185553007807624
2025-03-19 16:34:53,852 1 [0.         0.62889642 0.36434218 0.24706329 0.32527457 0.01036231
 0.00692984] 0.22612408875050188
2025-03-19 16:34:53,862 => saving checkpoint to output\loveda\pidnet_small_loveda\aug_hfcheckpoint.pth.tar
2025-03-19 16:34:54,056 Loss: 8.071, MeanIU:  0.2261, Best_mIoU:  0.2261
2025-03-19 16:34:54,057 [0.         0.62889642 0.36434218 0.24706329 0.32527457 0.01036231
 0.00692984]
2025-03-19 16:35:06,439 Epoch: [4/20] Iter:[0/192], Time: 12.14, lr: [0.008180521460508584], Loss: 3.723184, Acc:0.569392, Semantic loss: 1.344420, BCE loss: 1.535256, SB loss: 0.843508
2025-03-19 16:35:11,771 Epoch: [4/20] Iter:[10/192], Time: 1.59, lr: [0.008156551183601795], Loss: 3.490626, Acc:0.626513, Semantic loss: 1.204541, BCE loss: 1.432216, SB loss: 0.853869
2025-03-19 16:35:17,107 Epoch: [4/20] Iter:[20/192], Time: 1.09, lr: [0.008132573077094668], Loss: 3.410568, Acc:0.614824, Semantic loss: 1.206766, BCE loss: 1.375723, SB loss: 0.828079
2025-03-19 16:35:22,460 Epoch: [4/20] Iter:[30/192], Time: 0.91, lr: [0.008108587112763079], Loss: 3.443325, Acc:0.612263, Semantic loss: 1.213415, BCE loss: 1.384991, SB loss: 0.844920
2025-03-19 16:35:27,838 Epoch: [4/20] Iter:[40/192], Time: 0.82, lr: [0.008084593262188028], Loss: 3.467271, Acc:0.619168, Semantic loss: 1.200960, BCE loss: 1.418926, SB loss: 0.847385
2025-03-19 16:35:33,353 Epoch: [4/20] Iter:[50/192], Time: 0.77, lr: [0.008060591496753653], Loss: 3.460643, Acc:0.619137, Semantic loss: 1.198228, BCE loss: 1.404983, SB loss: 0.857432
2025-03-19 16:35:38,689 Epoch: [4/20] Iter:[60/192], Time: 0.73, lr: [0.008036581787645204], Loss: 3.477537, Acc:0.622341, Semantic loss: 1.188142, BCE loss: 1.430446, SB loss: 0.858948
2025-03-19 16:35:44,034 Epoch: [4/20] Iter:[70/192], Time: 0.70, lr: [0.008012564105846994], Loss: 3.463040, Acc:0.616045, Semantic loss: 1.192936, BCE loss: 1.401019, SB loss: 0.869086
2025-03-19 16:35:49,408 Epoch: [4/20] Iter:[80/192], Time: 0.68, lr: [0.007988538422140333], Loss: 3.442636, Acc:0.622382, Semantic loss: 1.182542, BCE loss: 1.394544, SB loss: 0.865550
2025-03-19 16:35:54,767 Epoch: [4/20] Iter:[90/192], Time: 0.66, lr: [0.007964504707101411], Loss: 3.436679, Acc:0.619353, Semantic loss: 1.185976, BCE loss: 1.387038, SB loss: 0.863666
2025-03-19 16:36:00,255 Epoch: [4/20] Iter:[100/192], Time: 0.65, lr: [0.007940462931099176], Loss: 3.432746, Acc:0.617516, Semantic loss: 1.189502, BCE loss: 1.381429, SB loss: 0.861815
2025-03-19 16:36:06,037 Epoch: [4/20] Iter:[110/192], Time: 0.65, lr: [0.007916413064293163], Loss: 3.426794, Acc:0.619169, Semantic loss: 1.184112, BCE loss: 1.387958, SB loss: 0.854724
2025-03-19 16:36:12,342 Epoch: [4/20] Iter:[120/192], Time: 0.65, lr: [0.007892355076631318], Loss: 3.436925, Acc:0.620529, Semantic loss: 1.181793, BCE loss: 1.400831, SB loss: 0.854301
2025-03-19 16:36:18,057 Epoch: [4/20] Iter:[130/192], Time: 0.64, lr: [0.007868288937847752], Loss: 3.444510, Acc:0.619004, Semantic loss: 1.183834, BCE loss: 1.406533, SB loss: 0.854143
2025-03-19 16:36:23,838 Epoch: [4/20] Iter:[140/192], Time: 0.64, lr: [0.007844214617460508], Loss: 3.448007, Acc:0.622336, Semantic loss: 1.177498, BCE loss: 1.419179, SB loss: 0.851330
2025-03-19 16:36:29,415 Epoch: [4/20] Iter:[150/192], Time: 0.63, lr: [0.007820132084769268], Loss: 3.446945, Acc:0.621116, Semantic loss: 1.178677, BCE loss: 1.416051, SB loss: 0.852217
2025-03-19 16:36:35,043 Epoch: [4/20] Iter:[160/192], Time: 0.63, lr: [0.00779604130885303], Loss: 3.447370, Acc:0.622355, Semantic loss: 1.178284, BCE loss: 1.417832, SB loss: 0.851254
2025-03-19 16:36:40,685 Epoch: [4/20] Iter:[170/192], Time: 0.62, lr: [0.007771942258567773], Loss: 3.447112, Acc:0.623510, Semantic loss: 1.174552, BCE loss: 1.421921, SB loss: 0.850639
2025-03-19 16:36:46,261 Epoch: [4/20] Iter:[180/192], Time: 0.62, lr: [0.007747834902544056], Loss: 3.442053, Acc:0.624183, Semantic loss: 1.174414, BCE loss: 1.418283, SB loss: 0.849356
2025-03-19 16:36:51,669 Epoch: [4/20] Iter:[190/192], Time: 0.61, lr: [0.0077237192091846206], Loss: 3.448751, Acc:0.623446, Semantic loss: 1.177826, BCE loss: 1.418670, SB loss: 0.852255
2025-03-19 16:39:43,888 0 [0.         0.60954868 0.2793697  0.27997089 0.23533139 0.14816749
 0.13290798] 0.24075658993446009
2025-03-19 16:39:43,889 1 [0.         0.60235879 0.31768386 0.35335318 0.27084149 0.05101205
 0.13050606] 0.24653648992993554
2025-03-19 16:39:43,899 => saving checkpoint to output\loveda\pidnet_small_loveda\aug_hfcheckpoint.pth.tar
2025-03-19 16:39:44,118 Loss: 5.392, MeanIU:  0.2465, Best_mIoU:  0.2465
2025-03-19 16:39:44,118 [0.         0.60235879 0.31768386 0.35335318 0.27084149 0.05101205
 0.13050606]
2025-03-19 16:39:56,336 Epoch: [5/20] Iter:[0/192], Time: 11.98, lr: [0.007718895067235705], Loss: 2.951818, Acc:0.605127, Semantic loss: 1.011803, BCE loss: 1.191662, SB loss: 0.748352
2025-03-19 16:40:01,806 Epoch: [5/20] Iter:[10/192], Time: 1.59, lr: [0.007694769327040611], Loss: 3.339974, Acc:0.630816, Semantic loss: 1.131576, BCE loss: 1.410380, SB loss: 0.798017
2025-03-19 16:40:07,161 Epoch: [5/20] Iter:[20/192], Time: 1.09, lr: [0.00767063517918174], Loss: 3.332659, Acc:0.628605, Semantic loss: 1.164942, BCE loss: 1.340079, SB loss: 0.827638
2025-03-19 16:40:12,527 Epoch: [5/20] Iter:[30/192], Time: 0.91, lr: [0.007646492591316132], Loss: 3.279981, Acc:0.632569, Semantic loss: 1.142874, BCE loss: 1.326880, SB loss: 0.810227
2025-03-19 16:40:17,952 Epoch: [5/20] Iter:[40/192], Time: 0.82, lr: [0.007622341530862476], Loss: 3.297585, Acc:0.628845, Semantic loss: 1.149266, BCE loss: 1.335688, SB loss: 0.812632
2025-03-19 16:40:23,424 Epoch: [5/20] Iter:[50/192], Time: 0.77, lr: [0.0075981819649984985], Loss: 3.356886, Acc:0.630492, Semantic loss: 1.154838, BCE loss: 1.378857, SB loss: 0.823191
2025-03-19 16:40:29,020 Epoch: [5/20] Iter:[60/192], Time: 0.73, lr: [0.007574013860658317], Loss: 3.332206, Acc:0.628052, Semantic loss: 1.146923, BCE loss: 1.362876, SB loss: 0.822407
2025-03-19 16:40:34,496 Epoch: [5/20] Iter:[70/192], Time: 0.71, lr: [0.007549837184529776], Loss: 3.370921, Acc:0.626911, Semantic loss: 1.153626, BCE loss: 1.379033, SB loss: 0.838262
2025-03-19 16:40:39,873 Epoch: [5/20] Iter:[80/192], Time: 0.69, lr: [0.0075256519030517215], Loss: 3.381721, Acc:0.624189, Semantic loss: 1.162497, BCE loss: 1.376597, SB loss: 0.842627
2025-03-19 16:40:45,233 Epoch: [5/20] Iter:[90/192], Time: 0.67, lr: [0.007501457982411236], Loss: 3.366574, Acc:0.623318, Semantic loss: 1.162204, BCE loss: 1.367099, SB loss: 0.837272
2025-03-19 16:40:50,603 Epoch: [5/20] Iter:[100/192], Time: 0.66, lr: [0.0074772553885408604], Loss: 3.369684, Acc:0.624892, Semantic loss: 1.162518, BCE loss: 1.371276, SB loss: 0.835890
2025-03-19 16:40:56,000 Epoch: [5/20] Iter:[110/192], Time: 0.65, lr: [0.007453044087115737], Loss: 3.380392, Acc:0.627734, Semantic loss: 1.165432, BCE loss: 1.373651, SB loss: 0.841309
2025-03-19 16:41:01,351 Epoch: [5/20] Iter:[120/192], Time: 0.64, lr: [0.007428824043550734], Loss: 3.369617, Acc:0.629300, Semantic loss: 1.158834, BCE loss: 1.372979, SB loss: 0.837804
2025-03-19 16:41:06,744 Epoch: [5/20] Iter:[130/192], Time: 0.63, lr: [0.007404595222997526], Loss: 3.375204, Acc:0.629986, Semantic loss: 1.161652, BCE loss: 1.373394, SB loss: 0.840158
2025-03-19 16:41:12,219 Epoch: [5/20] Iter:[140/192], Time: 0.62, lr: [0.007380357590341623], Loss: 3.379168, Acc:0.633787, Semantic loss: 1.157925, BCE loss: 1.383200, SB loss: 0.838043
2025-03-19 16:41:17,954 Epoch: [5/20] Iter:[150/192], Time: 0.62, lr: [0.007356111110199354], Loss: 3.380169, Acc:0.633449, Semantic loss: 1.157054, BCE loss: 1.384939, SB loss: 0.838176
2025-03-19 16:41:24,122 Epoch: [5/20] Iter:[160/192], Time: 0.62, lr: [0.00733185574691482], Loss: 3.384863, Acc:0.633792, Semantic loss: 1.156105, BCE loss: 1.392627, SB loss: 0.836131
2025-03-19 16:41:30,539 Epoch: [5/20] Iter:[170/192], Time: 0.62, lr: [0.007307591464556783], Loss: 3.382105, Acc:0.634628, Semantic loss: 1.153941, BCE loss: 1.394603, SB loss: 0.833562
2025-03-19 16:41:36,457 Epoch: [5/20] Iter:[180/192], Time: 0.62, lr: [0.007283318226915514], Loss: 3.393353, Acc:0.635457, Semantic loss: 1.153912, BCE loss: 1.405017, SB loss: 0.834424
2025-03-19 16:41:41,872 Epoch: [5/20] Iter:[190/192], Time: 0.62, lr: [0.007259035997499604], Loss: 3.392663, Acc:0.634606, Semantic loss: 1.153591, BCE loss: 1.405685, SB loss: 0.833387
2025-03-19 16:44:32,431 0 [0.         0.60572838 0.34616009 0.19260727 0.24306956 0.12879486
 0.19021404] 0.2437963136018098
2025-03-19 16:44:32,432 1 [0.         0.54316132 0.33048423 0.24382696 0.3635765  0.04614267
 0.1970575 ] 0.24632131272586993
2025-03-19 16:44:32,443 => saving checkpoint to output\loveda\pidnet_small_loveda\aug_hfcheckpoint.pth.tar
2025-03-19 16:44:32,597 Loss: 4.589, MeanIU:  0.2463, Best_mIoU:  0.2465
2025-03-19 16:44:32,597 [0.         0.54316132 0.33048423 0.24382696 0.3635765  0.04614267
 0.1970575 ]
2025-03-19 16:44:44,843 Epoch: [6/20] Iter:[0/192], Time: 11.99, lr: [0.007254178469372199], Loss: 3.532335, Acc:0.670757, Semantic loss: 1.094957, BCE loss: 1.600742, SB loss: 0.836637
2025-03-19 16:44:50,146 Epoch: [6/20] Iter:[10/192], Time: 1.57, lr: [0.007229885401256642], Loss: 3.226428, Acc:0.657185, Semantic loss: 1.080858, BCE loss: 1.313364, SB loss: 0.832206
2025-03-19 16:44:55,482 Epoch: [6/20] Iter:[20/192], Time: 1.08, lr: [0.0072055832600777334], Loss: 3.245692, Acc:0.643265, Semantic loss: 1.090686, BCE loss: 1.323286, SB loss: 0.831719
2025-03-19 16:45:00,881 Epoch: [6/20] Iter:[30/192], Time: 0.90, lr: [0.007181272008420604], Loss: 3.285708, Acc:0.644315, Semantic loss: 1.129082, BCE loss: 1.338618, SB loss: 0.818009
2025-03-19 16:45:06,243 Epoch: [6/20] Iter:[40/192], Time: 0.81, lr: [0.007156951608574727], Loss: 3.306834, Acc:0.638005, Semantic loss: 1.143795, BCE loss: 1.345275, SB loss: 0.817764
2025-03-19 16:45:11,600 Epoch: [6/20] Iter:[50/192], Time: 0.76, lr: [0.007132622022530447], Loss: 3.302661, Acc:0.633365, Semantic loss: 1.161131, BCE loss: 1.319158, SB loss: 0.822372
2025-03-19 16:45:16,955 Epoch: [6/20] Iter:[60/192], Time: 0.72, lr: [0.007108283211975477], Loss: 3.372580, Acc:0.633455, Semantic loss: 1.171411, BCE loss: 1.374165, SB loss: 0.827004
2025-03-19 16:45:22,317 Epoch: [6/20] Iter:[70/192], Time: 0.70, lr: [0.007083935138291319], Loss: 3.367489, Acc:0.630028, Semantic loss: 1.172685, BCE loss: 1.366395, SB loss: 0.828408
2025-03-19 16:45:27,720 Epoch: [6/20] Iter:[80/192], Time: 0.68, lr: [0.007059577762549636], Loss: 3.383997, Acc:0.627879, Semantic loss: 1.173810, BCE loss: 1.378637, SB loss: 0.831550
2025-03-19 16:45:33,077 Epoch: [6/20] Iter:[90/192], Time: 0.66, lr: [0.007035211045508576], Loss: 3.381949, Acc:0.631296, Semantic loss: 1.165710, BCE loss: 1.389865, SB loss: 0.826374
2025-03-19 16:45:38,430 Epoch: [6/20] Iter:[100/192], Time: 0.65, lr: [0.0070108349476090265], Loss: 3.389378, Acc:0.634416, Semantic loss: 1.161096, BCE loss: 1.403658, SB loss: 0.824624
2025-03-19 16:45:43,739 Epoch: [6/20] Iter:[110/192], Time: 0.64, lr: [0.00698644942897081], Loss: 3.376605, Acc:0.632735, Semantic loss: 1.156276, BCE loss: 1.398237, SB loss: 0.822091
2025-03-19 16:45:49,097 Epoch: [6/20] Iter:[120/192], Time: 0.63, lr: [0.006962054449388827], Loss: 3.383835, Acc:0.632766, Semantic loss: 1.156937, BCE loss: 1.401099, SB loss: 0.825799
2025-03-19 16:45:54,451 Epoch: [6/20] Iter:[130/192], Time: 0.62, lr: [0.006937649968329135], Loss: 3.388541, Acc:0.632886, Semantic loss: 1.155729, BCE loss: 1.406778, SB loss: 0.826034
2025-03-19 16:45:59,820 Epoch: [6/20] Iter:[140/192], Time: 0.62, lr: [0.006913235944924954], Loss: 3.397241, Acc:0.635651, Semantic loss: 1.151397, BCE loss: 1.419583, SB loss: 0.826261
2025-03-19 16:46:05,159 Epoch: [6/20] Iter:[150/192], Time: 0.61, lr: [0.006888812337972621], Loss: 3.387074, Acc:0.637896, Semantic loss: 1.149278, BCE loss: 1.412501, SB loss: 0.825295
2025-03-19 16:46:10,509 Epoch: [6/20] Iter:[160/192], Time: 0.61, lr: [0.00686437910592748], Loss: 3.380916, Acc:0.637493, Semantic loss: 1.149832, BCE loss: 1.406872, SB loss: 0.824212
2025-03-19 16:46:15,863 Epoch: [6/20] Iter:[170/192], Time: 0.60, lr: [0.00683993620689969], Loss: 3.375383, Acc:0.638593, Semantic loss: 1.147680, BCE loss: 1.404948, SB loss: 0.822754
2025-03-19 16:46:21,237 Epoch: [6/20] Iter:[180/192], Time: 0.60, lr: [0.0068154835986499775], Loss: 3.369796, Acc:0.640339, Semantic loss: 1.142966, BCE loss: 1.404105, SB loss: 0.822725
2025-03-19 16:46:26,534 Epoch: [6/20] Iter:[190/192], Time: 0.60, lr: [0.006791021238585323], Loss: 3.360435, Acc:0.640616, Semantic loss: 1.140357, BCE loss: 1.398424, SB loss: 0.821655
2025-03-19 16:49:13,308 0 [0.         0.60948953 0.26726217 0.22863687 0.21806792 0.10670729
 0.09862664] 0.21839863262626638
2025-03-19 16:49:13,309 1 [0.         0.61235924 0.3456294  0.23577647 0.27385011 0.00964388
 0.17702053] 0.2363256607281763
2025-03-19 16:49:13,320 => saving checkpoint to output\loveda\pidnet_small_loveda\aug_hfcheckpoint.pth.tar
2025-03-19 16:49:13,470 Loss: 5.030, MeanIU:  0.2363, Best_mIoU:  0.2465
2025-03-19 16:49:13,470 [0.         0.61235924 0.3456294  0.23577647 0.27385011 0.00964388
 0.17702053]
2025-03-19 16:49:25,545 Epoch: [7/20] Iter:[0/192], Time: 11.83, lr: [0.006786127592581251], Loss: 3.850968, Acc:0.620845, Semantic loss: 1.144792, BCE loss: 1.923441, SB loss: 0.782736
2025-03-19 16:49:30,848 Epoch: [7/20] Iter:[10/192], Time: 1.56, lr: [0.006761653473611295], Loss: 3.232624, Acc:0.649919, Semantic loss: 1.069305, BCE loss: 1.390459, SB loss: 0.772860
2025-03-19 16:49:36,188 Epoch: [7/20] Iter:[20/192], Time: 1.07, lr: [0.006737169507854796], Loss: 3.250834, Acc:0.660884, Semantic loss: 1.062334, BCE loss: 1.415340, SB loss: 0.773160
2025-03-19 16:49:41,538 Epoch: [7/20] Iter:[30/192], Time: 0.90, lr: [0.006712675651556858], Loss: 3.261855, Acc:0.667425, Semantic loss: 1.071110, BCE loss: 1.418226, SB loss: 0.772520
2025-03-19 16:49:46,874 Epoch: [7/20] Iter:[40/192], Time: 0.81, lr: [0.006688171860589905], Loss: 3.211261, Acc:0.666227, Semantic loss: 1.066792, BCE loss: 1.369011, SB loss: 0.775457
2025-03-19 16:49:52,218 Epoch: [7/20] Iter:[50/192], Time: 0.75, lr: [0.0066636580904489585], Loss: 3.242778, Acc:0.662225, Semantic loss: 1.084007, BCE loss: 1.373042, SB loss: 0.785729
2025-03-19 16:49:57,564 Epoch: [7/20] Iter:[60/192], Time: 0.72, lr: [0.006639134296246874], Loss: 3.262516, Acc:0.658671, Semantic loss: 1.089920, BCE loss: 1.381428, SB loss: 0.791167
2025-03-19 16:50:02,932 Epoch: [7/20] Iter:[70/192], Time: 0.69, lr: [0.0066146004327094585], Loss: 3.272131, Acc:0.659317, Semantic loss: 1.099068, BCE loss: 1.379471, SB loss: 0.793591
2025-03-19 16:50:08,266 Epoch: [7/20] Iter:[80/192], Time: 0.67, lr: [0.006590056454170537], Loss: 3.277068, Acc:0.660128, Semantic loss: 1.095880, BCE loss: 1.389017, SB loss: 0.792171
2025-03-19 16:50:13,603 Epoch: [7/20] Iter:[90/192], Time: 0.66, lr: [0.006565502314566912], Loss: 3.279779, Acc:0.659600, Semantic loss: 1.103727, BCE loss: 1.376431, SB loss: 0.799621
2025-03-19 16:50:18,944 Epoch: [7/20] Iter:[100/192], Time: 0.65, lr: [0.006540937967433255], Loss: 3.277144, Acc:0.656848, Semantic loss: 1.101370, BCE loss: 1.375601, SB loss: 0.800172
2025-03-19 16:50:24,292 Epoch: [7/20] Iter:[110/192], Time: 0.64, lr: [0.006516363365896894], Loss: 3.276823, Acc:0.655433, Semantic loss: 1.105229, BCE loss: 1.372263, SB loss: 0.799331
2025-03-19 16:50:29,634 Epoch: [7/20] Iter:[120/192], Time: 0.63, lr: [0.006491778462672531], Loss: 3.286534, Acc:0.654436, Semantic loss: 1.105211, BCE loss: 1.381980, SB loss: 0.799343
2025-03-19 16:50:34,968 Epoch: [7/20] Iter:[130/192], Time: 0.62, lr: [0.006467183210056843], Loss: 3.294091, Acc:0.653858, Semantic loss: 1.104771, BCE loss: 1.389392, SB loss: 0.799928
2025-03-19 16:50:40,328 Epoch: [7/20] Iter:[140/192], Time: 0.61, lr: [0.006442577559923017], Loss: 3.288385, Acc:0.653476, Semantic loss: 1.103546, BCE loss: 1.388367, SB loss: 0.796472
2025-03-19 16:50:45,659 Epoch: [7/20] Iter:[150/192], Time: 0.61, lr: [0.006417961463715172], Loss: 3.279358, Acc:0.653148, Semantic loss: 1.103852, BCE loss: 1.379219, SB loss: 0.796287
2025-03-19 16:50:50,996 Epoch: [7/20] Iter:[160/192], Time: 0.60, lr: [0.006393334872442681], Loss: 3.278833, Acc:0.654440, Semantic loss: 1.101509, BCE loss: 1.379513, SB loss: 0.797811
2025-03-19 16:50:56,373 Epoch: [7/20] Iter:[170/192], Time: 0.60, lr: [0.006368697736674411], Loss: 3.281333, Acc:0.655202, Semantic loss: 1.106069, BCE loss: 1.378064, SB loss: 0.797200
2025-03-19 16:51:01,724 Epoch: [7/20] Iter:[180/192], Time: 0.60, lr: [0.006344050006532848], Loss: 3.287323, Acc:0.654796, Semantic loss: 1.108560, BCE loss: 1.382070, SB loss: 0.796692
2025-03-19 16:51:07,000 Epoch: [7/20] Iter:[190/192], Time: 0.59, lr: [0.006319391631688114], Loss: 3.292766, Acc:0.653649, Semantic loss: 1.110200, BCE loss: 1.383946, SB loss: 0.798620
2025-03-19 16:53:28,515 0 [0.         0.61719425 0.38479483 0.30955786 0.19907013 0.10611221
 0.1022805 ] 0.24557282613892065
2025-03-19 16:53:28,516 1 [0.         0.62202635 0.38522717 0.27125187 0.2785962  0.0419739
 0.12351146] 0.2460838478275497
2025-03-19 16:53:28,526 => saving checkpoint to output\loveda\pidnet_small_loveda\aug_hfcheckpoint.pth.tar
2025-03-19 16:53:28,639 Loss: 3.989, MeanIU:  0.2461, Best_mIoU:  0.2465
2025-03-19 16:53:28,640 [0.         0.62202635 0.38522717 0.27125187 0.2785962  0.0419739
 0.12351146]
2025-03-19 16:53:40,665 Epoch: [8/20] Iter:[0/192], Time: 11.78, lr: [0.006314458674893553], Loss: 3.319769, Acc:0.713019, Semantic loss: 0.970732, BCE loss: 1.658400, SB loss: 0.690637
2025-03-19 16:53:46,023 Epoch: [8/20] Iter:[10/192], Time: 1.56, lr: [0.006289787459323657], Loss: 3.243488, Acc:0.667199, Semantic loss: 1.040337, BCE loss: 1.413198, SB loss: 0.789954
2025-03-19 16:53:51,375 Epoch: [8/20] Iter:[20/192], Time: 1.07, lr: [0.006265105486702424], Loss: 3.235976, Acc:0.669376, Semantic loss: 1.063912, BCE loss: 1.378962, SB loss: 0.793101
2025-03-19 16:53:56,713 Epoch: [8/20] Iter:[30/192], Time: 0.90, lr: [0.006240412705211017], Loss: 3.210435, Acc:0.662662, Semantic loss: 1.069693, BCE loss: 1.349142, SB loss: 0.791600
2025-03-19 16:54:02,064 Epoch: [8/20] Iter:[40/192], Time: 0.81, lr: [0.006215709062551949], Loss: 3.223159, Acc:0.659683, Semantic loss: 1.072148, BCE loss: 1.361824, SB loss: 0.789186
2025-03-19 16:54:07,417 Epoch: [8/20] Iter:[50/192], Time: 0.76, lr: [0.006190994505942529], Loss: 3.205923, Acc:0.661762, Semantic loss: 1.083609, BCE loss: 1.330813, SB loss: 0.791500
2025-03-19 16:54:12,774 Epoch: [8/20] Iter:[60/192], Time: 0.72, lr: [0.006166268982108192], Loss: 3.187634, Acc:0.661173, Semantic loss: 1.084961, BCE loss: 1.313930, SB loss: 0.788743
2025-03-19 16:54:18,115 Epoch: [8/20] Iter:[70/192], Time: 0.69, lr: [0.006141532437275693], Loss: 3.172482, Acc:0.658250, Semantic loss: 1.081880, BCE loss: 1.304608, SB loss: 0.785993
2025-03-19 16:54:23,469 Epoch: [8/20] Iter:[80/192], Time: 0.67, lr: [0.006116784817166194], Loss: 3.174389, Acc:0.657465, Semantic loss: 1.080385, BCE loss: 1.306916, SB loss: 0.787089
2025-03-19 16:54:28,842 Epoch: [8/20] Iter:[90/192], Time: 0.66, lr: [0.006092026066988214], Loss: 3.203952, Acc:0.659985, Semantic loss: 1.085594, BCE loss: 1.331124, SB loss: 0.787233
2025-03-19 16:54:34,194 Epoch: [8/20] Iter:[100/192], Time: 0.65, lr: [0.006067256131430442], Loss: 3.205705, Acc:0.661442, Semantic loss: 1.077909, BCE loss: 1.340156, SB loss: 0.787640
2025-03-19 16:54:39,541 Epoch: [8/20] Iter:[110/192], Time: 0.64, lr: [0.00604247495465443], Loss: 3.207481, Acc:0.663044, Semantic loss: 1.072771, BCE loss: 1.349412, SB loss: 0.785298
2025-03-19 16:54:44,905 Epoch: [8/20] Iter:[120/192], Time: 0.63, lr: [0.006017682480287143], Loss: 3.201870, Acc:0.665063, Semantic loss: 1.069787, BCE loss: 1.349037, SB loss: 0.783046
2025-03-19 16:54:50,270 Epoch: [8/20] Iter:[130/192], Time: 0.62, lr: [0.00599287865141337], Loss: 3.209135, Acc:0.665717, Semantic loss: 1.073775, BCE loss: 1.350109, SB loss: 0.785251
2025-03-19 16:54:55,622 Epoch: [8/20] Iter:[140/192], Time: 0.62, lr: [0.005968063410567983], Loss: 3.212327, Acc:0.664874, Semantic loss: 1.075789, BCE loss: 1.350375, SB loss: 0.786164
2025-03-19 16:55:00,995 Epoch: [8/20] Iter:[150/192], Time: 0.61, lr: [0.00594323669972807], Loss: 3.221457, Acc:0.665741, Semantic loss: 1.075157, BCE loss: 1.359546, SB loss: 0.786755
2025-03-19 16:55:06,376 Epoch: [8/20] Iter:[160/192], Time: 0.61, lr: [0.005918398460304892], Loss: 3.220120, Acc:0.667523, Semantic loss: 1.072569, BCE loss: 1.360640, SB loss: 0.786911
2025-03-19 16:55:11,737 Epoch: [8/20] Iter:[170/192], Time: 0.60, lr: [0.0058935486331357125], Loss: 3.227999, Acc:0.667038, Semantic loss: 1.074032, BCE loss: 1.365176, SB loss: 0.788791
2025-03-19 16:55:17,104 Epoch: [8/20] Iter:[180/192], Time: 0.60, lr: [0.005868687158475447], Loss: 3.231761, Acc:0.666848, Semantic loss: 1.076352, BCE loss: 1.365879, SB loss: 0.789530
2025-03-19 16:55:22,389 Epoch: [8/20] Iter:[190/192], Time: 0.59, lr: [0.005843813975988169], Loss: 3.232078, Acc:0.666283, Semantic loss: 1.074809, BCE loss: 1.369398, SB loss: 0.787871
2025-03-19 16:57:47,153 0 [0.         0.61955189 0.37571938 0.26447488 0.22729165 0.09539391
 0.11641799] 0.2426928126435588
2025-03-19 16:57:47,154 1 [0.         0.65835756 0.47594731 0.30967599 0.28797925 0.01515983
 0.05530962] 0.25748993705468826
2025-03-19 16:57:47,164 => saving checkpoint to output\loveda\pidnet_small_loveda\aug_hfcheckpoint.pth.tar
2025-03-19 16:57:47,383 Loss: 4.138, MeanIU:  0.2575, Best_mIoU:  0.2575
2025-03-19 16:57:47,384 [0.         0.65835756 0.47594731 0.30967599 0.28797925 0.01515983
 0.05530962]
2025-03-19 16:57:59,308 Epoch: [9/20] Iter:[0/192], Time: 11.67, lr: [0.0058388379291998025], Loss: 3.033853, Acc:0.732170, Semantic loss: 0.856143, BCE loss: 1.475762, SB loss: 0.701948
2025-03-19 16:58:04,460 Epoch: [9/20] Iter:[10/192], Time: 1.53, lr: [0.0058139506168319475], Loss: 3.062031, Acc:0.660643, Semantic loss: 1.035508, BCE loss: 1.284902, SB loss: 0.741621
2025-03-19 16:58:10,520 Epoch: [9/20] Iter:[20/192], Time: 1.09, lr: [0.005789051461775303], Loss: 3.097782, Acc:0.662812, Semantic loss: 1.051001, BCE loss: 1.292878, SB loss: 0.753903
2025-03-19 16:58:16,453 Epoch: [9/20] Iter:[30/192], Time: 0.93, lr: [0.005764140401744157], Loss: 3.120157, Acc:0.668566, Semantic loss: 1.048401, BCE loss: 1.304544, SB loss: 0.767213
2025-03-19 16:58:21,843 Epoch: [9/20] Iter:[40/192], Time: 0.83, lr: [0.005739217373824397], Loss: 3.163272, Acc:0.661001, Semantic loss: 1.067247, BCE loss: 1.317272, SB loss: 0.778753
2025-03-19 16:58:27,249 Epoch: [9/20] Iter:[50/192], Time: 0.78, lr: [0.005714282314464109], Loss: 3.204766, Acc:0.663030, Semantic loss: 1.067973, BCE loss: 1.362518, SB loss: 0.774275
2025-03-19 16:58:32,671 Epoch: [9/20] Iter:[60/192], Time: 0.74, lr: [0.005689335159463984], Loss: 3.199297, Acc:0.666260, Semantic loss: 1.067839, BCE loss: 1.353381, SB loss: 0.778076
2025-03-19 16:58:38,073 Epoch: [9/20] Iter:[70/192], Time: 0.71, lr: [0.0056643758439675305], Loss: 3.201150, Acc:0.665069, Semantic loss: 1.065541, BCE loss: 1.358224, SB loss: 0.777385
2025-03-19 16:58:43,450 Epoch: [9/20] Iter:[80/192], Time: 0.69, lr: [0.005639404302451105], Loss: 3.178905, Acc:0.669992, Semantic loss: 1.057476, BCE loss: 1.348817, SB loss: 0.772612
2025-03-19 16:58:48,824 Epoch: [9/20] Iter:[90/192], Time: 0.67, lr: [0.005614420468713722], Loss: 3.186963, Acc:0.670510, Semantic loss: 1.063316, BCE loss: 1.348377, SB loss: 0.775269
2025-03-19 16:58:54,204 Epoch: [9/20] Iter:[100/192], Time: 0.66, lr: [0.005589424275866668], Loss: 3.194535, Acc:0.670456, Semantic loss: 1.067892, BCE loss: 1.351038, SB loss: 0.775605
2025-03-19 16:58:59,599 Epoch: [9/20] Iter:[110/192], Time: 0.65, lr: [0.005564415656322913], Loss: 3.205909, Acc:0.671115, Semantic loss: 1.070092, BCE loss: 1.359573, SB loss: 0.776245
2025-03-19 16:59:04,991 Epoch: [9/20] Iter:[120/192], Time: 0.64, lr: [0.00553939454178628], Loss: 3.217519, Acc:0.669697, Semantic loss: 1.071919, BCE loss: 1.369816, SB loss: 0.775785
2025-03-19 16:59:10,394 Epoch: [9/20] Iter:[130/192], Time: 0.63, lr: [0.005514360863240413], Loss: 3.211947, Acc:0.670618, Semantic loss: 1.070717, BCE loss: 1.365108, SB loss: 0.776121
2025-03-19 16:59:15,787 Epoch: [9/20] Iter:[140/192], Time: 0.63, lr: [0.005489314550937511], Loss: 3.212880, Acc:0.669584, Semantic loss: 1.071083, BCE loss: 1.365507, SB loss: 0.776290
2025-03-19 16:59:21,198 Epoch: [9/20] Iter:[150/192], Time: 0.62, lr: [0.005464255534386825], Loss: 3.209190, Acc:0.670457, Semantic loss: 1.066987, BCE loss: 1.364866, SB loss: 0.777338
2025-03-19 16:59:26,616 Epoch: [9/20] Iter:[160/192], Time: 0.61, lr: [0.005439183742342914], Loss: 3.214938, Acc:0.672489, Semantic loss: 1.065447, BCE loss: 1.372154, SB loss: 0.777337
2025-03-19 16:59:32,031 Epoch: [9/20] Iter:[170/192], Time: 0.61, lr: [0.00541409910279366], Loss: 3.215695, Acc:0.672399, Semantic loss: 1.063797, BCE loss: 1.375805, SB loss: 0.776093
2025-03-19 16:59:37,413 Epoch: [9/20] Iter:[180/192], Time: 0.61, lr: [0.005389001542948025], Loss: 3.222141, Acc:0.672672, Semantic loss: 1.066475, BCE loss: 1.376615, SB loss: 0.779052
2025-03-19 16:59:42,719 Epoch: [9/20] Iter:[190/192], Time: 0.60, lr: [0.005363890989223547], Loss: 3.214210, Acc:0.671072, Semantic loss: 1.068258, BCE loss: 1.365878, SB loss: 0.780074
2025-03-19 17:02:23,274 0 [0.         0.62594043 0.41159907 0.26105168 0.18950875 0.15513917
 0.08520961] 0.2469212450438829
2025-03-19 17:02:23,275 1 [0.         0.65370769 0.48060395 0.2864923  0.23611712 0.06066538
 0.0284977 ] 0.24944058957671295
2025-03-19 17:02:23,285 => saving checkpoint to output\loveda\pidnet_small_loveda\aug_hfcheckpoint.pth.tar
2025-03-19 17:02:23,431 Loss: 4.451, MeanIU:  0.2494, Best_mIoU:  0.2575
2025-03-19 17:02:23,431 [0.         0.65370769 0.48060395 0.2864923  0.23611712 0.06066538
 0.0284977 ]
2025-03-19 17:02:35,443 Epoch: [10/20] Iter:[0/192], Time: 11.77, lr: [0.005358867312681466], Loss: 3.118843, Acc:0.681902, Semantic loss: 1.022773, BCE loss: 1.408809, SB loss: 0.687262
2025-03-19 17:02:40,765 Epoch: [10/20] Iter:[10/192], Time: 1.55, lr: [0.005333741068040314], Loss: 3.307006, Acc:0.689671, Semantic loss: 1.059607, BCE loss: 1.461603, SB loss: 0.785797
2025-03-19 17:02:46,121 Epoch: [10/20] Iter:[20/192], Time: 1.07, lr: [0.0053086016647897714], Loss: 3.284473, Acc:0.691803, Semantic loss: 1.062500, BCE loss: 1.445031, SB loss: 0.776941
2025-03-19 17:02:51,448 Epoch: [10/20] Iter:[30/192], Time: 0.90, lr: [0.005283449026727663], Loss: 3.291756, Acc:0.685073, Semantic loss: 1.058334, BCE loss: 1.456764, SB loss: 0.776658
2025-03-19 17:02:56,788 Epoch: [10/20] Iter:[40/192], Time: 0.81, lr: [0.005258283076804885], Loss: 3.289391, Acc:0.693142, Semantic loss: 1.045583, BCE loss: 1.468080, SB loss: 0.775729
2025-03-19 17:03:02,151 Epoch: [10/20] Iter:[50/192], Time: 0.75, lr: [0.00523310373711144], Loss: 3.258290, Acc:0.690078, Semantic loss: 1.041308, BCE loss: 1.447881, SB loss: 0.769101
2025-03-19 17:03:07,498 Epoch: [10/20] Iter:[60/192], Time: 0.72, lr: [0.005207910928862159], Loss: 3.250532, Acc:0.683756, Semantic loss: 1.055215, BCE loss: 1.430886, SB loss: 0.764430
2025-03-19 17:03:12,832 Epoch: [10/20] Iter:[70/192], Time: 0.69, lr: [0.005182704572382109], Loss: 3.232682, Acc:0.679221, Semantic loss: 1.059756, BCE loss: 1.408511, SB loss: 0.764415
2025-03-19 17:03:18,206 Epoch: [10/20] Iter:[80/192], Time: 0.67, lr: [0.005157484587091684], Loss: 3.229169, Acc:0.683247, Semantic loss: 1.051529, BCE loss: 1.410637, SB loss: 0.767003
2025-03-19 17:03:23,550 Epoch: [10/20] Iter:[90/192], Time: 0.66, lr: [0.005132250891491357], Loss: 3.209181, Acc:0.682178, Semantic loss: 1.045961, BCE loss: 1.399690, SB loss: 0.763531
2025-03-19 17:03:28,895 Epoch: [10/20] Iter:[100/192], Time: 0.65, lr: [0.005107003403146087], Loss: 3.186449, Acc:0.682893, Semantic loss: 1.043153, BCE loss: 1.380194, SB loss: 0.763103
2025-03-19 17:03:34,268 Epoch: [10/20] Iter:[110/192], Time: 0.64, lr: [0.005081742038669388], Loss: 3.193487, Acc:0.683283, Semantic loss: 1.045574, BCE loss: 1.382276, SB loss: 0.765637
2025-03-19 17:03:39,607 Epoch: [10/20] Iter:[120/192], Time: 0.63, lr: [0.005056466713707024], Loss: 3.188448, Acc:0.682650, Semantic loss: 1.049440, BCE loss: 1.370344, SB loss: 0.768664
2025-03-19 17:03:44,958 Epoch: [10/20] Iter:[130/192], Time: 0.62, lr: [0.005031177342920337], Loss: 3.183257, Acc:0.683105, Semantic loss: 1.049899, BCE loss: 1.365127, SB loss: 0.768232
2025-03-19 17:03:50,294 Epoch: [10/20] Iter:[140/192], Time: 0.61, lr: [0.005005873839969192], Loss: 3.179743, Acc:0.680862, Semantic loss: 1.052785, BCE loss: 1.355172, SB loss: 0.771786
2025-03-19 17:03:55,659 Epoch: [10/20] Iter:[150/192], Time: 0.61, lr: [0.00498055611749454], Loss: 3.190000, Acc:0.679172, Semantic loss: 1.059471, BCE loss: 1.357131, SB loss: 0.773398
2025-03-19 17:04:01,018 Epoch: [10/20] Iter:[160/192], Time: 0.60, lr: [0.004955224087100552], Loss: 3.186813, Acc:0.679818, Semantic loss: 1.055830, BCE loss: 1.358193, SB loss: 0.772790
2025-03-19 17:04:06,401 Epoch: [10/20] Iter:[170/192], Time: 0.60, lr: [0.004929877659336362], Loss: 3.186383, Acc:0.680778, Semantic loss: 1.052256, BCE loss: 1.360466, SB loss: 0.773662
2025-03-19 17:04:11,755 Epoch: [10/20] Iter:[180/192], Time: 0.60, lr: [0.004904516743677371], Loss: 3.186297, Acc:0.678723, Semantic loss: 1.054865, BCE loss: 1.355726, SB loss: 0.775706
2025-03-19 17:04:17,028 Epoch: [10/20] Iter:[190/192], Time: 0.59, lr: [0.00487914124850611], Loss: 3.193696, Acc:0.676598, Semantic loss: 1.058103, BCE loss: 1.358789, SB loss: 0.776804
2025-03-19 17:06:36,603 0 [0.         0.61349704 0.3771939  0.30522392 0.19249978 0.10931839
 0.10269157] 0.24291780089551845
2025-03-19 17:06:36,604 1 [0.         0.65044224 0.44200994 0.30106111 0.2499783  0.04311678
 0.05883646] 0.24934926064073437
2025-03-19 17:06:36,614 => saving checkpoint to output\loveda\pidnet_small_loveda\aug_hfcheckpoint.pth.tar
2025-03-19 17:06:36,752 Loss: 5.993, MeanIU:  0.2493, Best_mIoU:  0.2575
2025-03-19 17:06:36,753 [0.         0.65044224 0.44200994 0.30106111 0.2499783  0.04311678
 0.05883646]
2025-03-19 17:06:48,810 Epoch: [11/20] Iter:[0/192], Time: 11.81, lr: [0.004874064391789954], Loss: 3.257431, Acc:0.761462, Semantic loss: 1.003670, BCE loss: 1.549968, SB loss: 0.703793
2025-03-19 17:06:54,143 Epoch: [11/20] Iter:[10/192], Time: 1.56, lr: [0.004848671278701159], Loss: 3.169743, Acc:0.690064, Semantic loss: 1.023594, BCE loss: 1.420179, SB loss: 0.725970
2025-03-19 17:06:59,482 Epoch: [11/20] Iter:[20/192], Time: 1.07, lr: [0.0048232633805975296], Loss: 3.188327, Acc:0.685960, Semantic loss: 1.020457, BCE loss: 1.408730, SB loss: 0.759140
2025-03-19 17:07:04,842 Epoch: [11/20] Iter:[30/192], Time: 0.90, lr: [0.00479784060223045], Loss: 3.132042, Acc:0.690070, Semantic loss: 1.017068, BCE loss: 1.355626, SB loss: 0.759348
2025-03-19 17:07:10,199 Epoch: [11/20] Iter:[40/192], Time: 0.81, lr: [0.004772402847172951], Loss: 3.124106, Acc:0.689421, Semantic loss: 1.019724, BCE loss: 1.345757, SB loss: 0.758625
2025-03-19 17:07:15,533 Epoch: [11/20] Iter:[50/192], Time: 0.76, lr: [0.004746950017798064], Loss: 3.121873, Acc:0.689107, Semantic loss: 1.008869, BCE loss: 1.355355, SB loss: 0.757649
2025-03-19 17:07:20,910 Epoch: [11/20] Iter:[60/192], Time: 0.72, lr: [0.004721482015256639], Loss: 3.119067, Acc:0.687853, Semantic loss: 1.010269, BCE loss: 1.350954, SB loss: 0.757844
2025-03-19 17:07:26,286 Epoch: [11/20] Iter:[70/192], Time: 0.69, lr: [0.004695998739454633], Loss: 3.125218, Acc:0.693192, Semantic loss: 1.007990, BCE loss: 1.363730, SB loss: 0.753497
2025-03-19 17:07:31,634 Epoch: [11/20] Iter:[80/192], Time: 0.67, lr: [0.004670500089029817], Loss: 3.123170, Acc:0.691446, Semantic loss: 1.007678, BCE loss: 1.363468, SB loss: 0.752023
2025-03-19 17:07:36,991 Epoch: [11/20] Iter:[90/192], Time: 0.66, lr: [0.004644985961327915], Loss: 3.107768, Acc:0.691210, Semantic loss: 1.011156, BCE loss: 1.343416, SB loss: 0.753196
2025-03-19 17:07:42,350 Epoch: [11/20] Iter:[100/192], Time: 0.65, lr: [0.004619456252378151], Loss: 3.126291, Acc:0.690147, Semantic loss: 1.018522, BCE loss: 1.346238, SB loss: 0.761531
2025-03-19 17:07:47,725 Epoch: [11/20] Iter:[110/192], Time: 0.64, lr: [0.004593910856868159], Loss: 3.128815, Acc:0.690494, Semantic loss: 1.020574, BCE loss: 1.344902, SB loss: 0.763338
2025-03-19 17:07:53,080 Epoch: [11/20] Iter:[120/192], Time: 0.63, lr: [0.004568349668118281], Loss: 3.133674, Acc:0.689149, Semantic loss: 1.022218, BCE loss: 1.346469, SB loss: 0.764988
2025-03-19 17:07:58,445 Epoch: [11/20] Iter:[130/192], Time: 0.62, lr: [0.004542772578055196], Loss: 3.145087, Acc:0.686711, Semantic loss: 1.028911, BCE loss: 1.349247, SB loss: 0.766929
2025-03-19 17:08:03,810 Epoch: [11/20] Iter:[140/192], Time: 0.62, lr: [0.00451717947718487], Loss: 3.149244, Acc:0.687299, Semantic loss: 1.026464, BCE loss: 1.358432, SB loss: 0.764348
2025-03-19 17:08:09,175 Epoch: [11/20] Iter:[150/192], Time: 0.61, lr: [0.004491570254564817], Loss: 3.150067, Acc:0.686014, Semantic loss: 1.028933, BCE loss: 1.355551, SB loss: 0.765583
2025-03-19 17:08:14,533 Epoch: [11/20] Iter:[160/192], Time: 0.61, lr: [0.004465944797775636], Loss: 3.151822, Acc:0.686331, Semantic loss: 1.029689, BCE loss: 1.354599, SB loss: 0.767534
2025-03-19 17:08:19,904 Epoch: [11/20] Iter:[170/192], Time: 0.60, lr: [0.004440302992891796], Loss: 3.157389, Acc:0.685547, Semantic loss: 1.032914, BCE loss: 1.357638, SB loss: 0.766838
2025-03-19 17:08:25,251 Epoch: [11/20] Iter:[180/192], Time: 0.60, lr: [0.004414644724451659], Loss: 3.160787, Acc:0.683284, Semantic loss: 1.036021, BCE loss: 1.357778, SB loss: 0.766988
2025-03-19 17:08:30,531 Epoch: [11/20] Iter:[190/192], Time: 0.59, lr: [0.004388969875426714], Loss: 3.157470, Acc:0.683747, Semantic loss: 1.037017, BCE loss: 1.353353, SB loss: 0.767099
2025-03-19 17:10:50,723 0 [0.         0.57997653 0.44749007 0.26077118 0.18753349 0.17768487
 0.12100647] 0.2534946584070682
2025-03-19 17:10:50,724 1 [0.         0.64688416 0.43108994 0.3407275  0.22006537 0.09746406
 0.08192169] 0.25973610515873674
2025-03-19 17:10:50,734 => saving checkpoint to output\loveda\pidnet_small_loveda\aug_hfcheckpoint.pth.tar
2025-03-19 17:10:50,924 Loss: 4.856, MeanIU:  0.2597, Best_mIoU:  0.2597
2025-03-19 17:10:50,925 [0.         0.64688416 0.43108994 0.3407275  0.22006537 0.09746406
 0.08192169]
2025-03-19 17:11:02,918 Epoch: [12/20] Iter:[0/192], Time: 11.75, lr: [0.0043838329055408696], Loss: 3.277648, Acc:0.731817, Semantic loss: 0.983367, BCE loss: 1.600788, SB loss: 0.693494
2025-03-19 17:11:08,230 Epoch: [12/20] Iter:[10/192], Time: 1.55, lr: [0.004358138003083593], Loss: 3.251210, Acc:0.700049, Semantic loss: 1.009534, BCE loss: 1.488329, SB loss: 0.753347
2025-03-19 17:11:13,580 Epoch: [12/20] Iter:[20/192], Time: 1.07, lr: [0.0043324262569064236], Loss: 3.180248, Acc:0.698322, Semantic loss: 1.009085, BCE loss: 1.413454, SB loss: 0.757709
2025-03-19 17:11:18,944 Epoch: [12/20] Iter:[30/192], Time: 0.90, lr: [0.0043066975447503065], Loss: 3.149848, Acc:0.696441, Semantic loss: 1.022677, BCE loss: 1.368129, SB loss: 0.759042
2025-03-19 17:11:24,310 Epoch: [12/20] Iter:[40/192], Time: 0.81, lr: [0.00428095174265078], Loss: 3.150309, Acc:0.699216, Semantic loss: 1.019899, BCE loss: 1.383939, SB loss: 0.746470
2025-03-19 17:11:29,651 Epoch: [12/20] Iter:[50/192], Time: 0.75, lr: [0.004255188724902623], Loss: 3.161254, Acc:0.700290, Semantic loss: 1.019211, BCE loss: 1.395897, SB loss: 0.746146
2025-03-19 17:11:35,004 Epoch: [12/20] Iter:[60/192], Time: 0.72, lr: [0.004229408364023519], Loss: 3.166602, Acc:0.703866, Semantic loss: 1.014395, BCE loss: 1.405809, SB loss: 0.746398
2025-03-19 17:11:40,340 Epoch: [12/20] Iter:[70/192], Time: 0.69, lr: [0.004203610530716726], Loss: 3.171389, Acc:0.698695, Semantic loss: 1.027447, BCE loss: 1.391893, SB loss: 0.752049
2025-03-19 17:11:45,675 Epoch: [12/20] Iter:[80/192], Time: 0.67, lr: [0.004177795093832693], Loss: 3.178143, Acc:0.697271, Semantic loss: 1.034194, BCE loss: 1.391281, SB loss: 0.752667
2025-03-19 17:11:51,022 Epoch: [12/20] Iter:[90/192], Time: 0.66, lr: [0.004151961920329593], Loss: 3.149628, Acc:0.699011, Semantic loss: 1.026432, BCE loss: 1.374406, SB loss: 0.748791
2025-03-19 17:11:56,397 Epoch: [12/20] Iter:[100/192], Time: 0.65, lr: [0.004126110875232744], Loss: 3.160945, Acc:0.699988, Semantic loss: 1.028010, BCE loss: 1.380045, SB loss: 0.752891
2025-03-19 17:12:01,747 Epoch: [12/20] Iter:[110/192], Time: 0.64, lr: [0.004100241821592866], Loss: 3.152714, Acc:0.696691, Semantic loss: 1.027882, BCE loss: 1.369467, SB loss: 0.755365
2025-03-19 17:12:07,143 Epoch: [12/20] Iter:[120/192], Time: 0.63, lr: [0.00407435462044314], Loss: 3.149158, Acc:0.697047, Semantic loss: 1.023946, BCE loss: 1.370060, SB loss: 0.755152
2025-03-19 17:12:12,503 Epoch: [12/20] Iter:[130/192], Time: 0.62, lr: [0.004048449130755016], Loss: 3.142071, Acc:0.697018, Semantic loss: 1.018069, BCE loss: 1.370744, SB loss: 0.753259
2025-03-19 17:12:17,881 Epoch: [12/20] Iter:[140/192], Time: 0.61, lr: [0.004022525209392749], Loss: 3.142849, Acc:0.697911, Semantic loss: 1.015323, BCE loss: 1.374211, SB loss: 0.753315
2025-03-19 17:12:23,253 Epoch: [12/20] Iter:[150/192], Time: 0.61, lr: [0.003996582711066572], Loss: 3.135180, Acc:0.698001, Semantic loss: 1.011016, BCE loss: 1.372825, SB loss: 0.751340
2025-03-19 17:12:28,606 Epoch: [12/20] Iter:[160/192], Time: 0.61, lr: [0.003970621488284514], Loss: 3.128355, Acc:0.696559, Semantic loss: 1.010399, BCE loss: 1.364684, SB loss: 0.753272
2025-03-19 17:12:34,062 Epoch: [12/20] Iter:[170/192], Time: 0.60, lr: [0.003944641391302759], Loss: 3.128107, Acc:0.694874, Semantic loss: 1.015534, BCE loss: 1.359335, SB loss: 0.753238
2025-03-19 17:12:39,416 Epoch: [12/20] Iter:[180/192], Time: 0.60, lr: [0.003918642268074522], Loss: 3.119414, Acc:0.693810, Semantic loss: 1.017753, BCE loss: 1.347827, SB loss: 0.753833
2025-03-19 17:12:44,727 Epoch: [12/20] Iter:[190/192], Time: 0.59, lr: [0.003892623964197378], Loss: 3.121322, Acc:0.692731, Semantic loss: 1.019492, BCE loss: 1.346572, SB loss: 0.755258
2025-03-19 17:15:06,230 0 [0.         0.60370946 0.42005421 0.33157152 0.19705988 0.0863335
 0.10720599] 0.24941922067490938
2025-03-19 17:15:06,230 1 [0.         0.58766634 0.47310451 0.29306388 0.22270146 0.04272669
 0.1534511 ] 0.25324485401556135
2025-03-19 17:15:06,240 => saving checkpoint to output\loveda\pidnet_small_loveda\aug_hfcheckpoint.pth.tar
2025-03-19 17:15:06,386 Loss: 6.109, MeanIU:  0.2532, Best_mIoU:  0.2597
2025-03-19 17:15:06,387 [0.         0.58766634 0.47310451 0.29306388 0.22270146 0.04272669
 0.1534511 ]
2025-03-19 17:15:18,646 Epoch: [13/20] Iter:[0/192], Time: 12.01, lr: [0.0038874179879876346], Loss: 3.282733, Acc:0.741544, Semantic loss: 0.944991, BCE loss: 1.691421, SB loss: 0.646321
2025-03-19 17:15:23,974 Epoch: [13/20] Iter:[10/192], Time: 1.58, lr: [0.003861376460123532], Loss: 3.185914, Acc:0.695480, Semantic loss: 0.977275, BCE loss: 1.454649, SB loss: 0.753990
2025-03-19 17:15:29,332 Epoch: [13/20] Iter:[20/192], Time: 1.08, lr: [0.003835315403363414], Loss: 3.139041, Acc:0.705411, Semantic loss: 0.996476, BCE loss: 1.391641, SB loss: 0.750923
2025-03-19 17:15:34,748 Epoch: [13/20] Iter:[30/192], Time: 0.91, lr: [0.00380923465539378], Loss: 3.096474, Acc:0.704255, Semantic loss: 0.988639, BCE loss: 1.368301, SB loss: 0.739535
2025-03-19 17:15:40,140 Epoch: [13/20] Iter:[40/192], Time: 0.82, lr: [0.0037831340513060203], Loss: 3.111978, Acc:0.702721, Semantic loss: 0.995639, BCE loss: 1.379974, SB loss: 0.736364
2025-03-19 17:15:45,502 Epoch: [13/20] Iter:[50/192], Time: 0.76, lr: [0.003757013423534689], Loss: 3.129724, Acc:0.706370, Semantic loss: 1.000532, BCE loss: 1.392900, SB loss: 0.736292
2025-03-19 17:15:50,833 Epoch: [13/20] Iter:[60/192], Time: 0.72, lr: [0.003730872601793835], Loss: 3.128129, Acc:0.702104, Semantic loss: 0.998212, BCE loss: 1.390199, SB loss: 0.739718
2025-03-19 17:15:56,159 Epoch: [13/20] Iter:[70/192], Time: 0.70, lr: [0.0037047114130112895], Loss: 3.112678, Acc:0.701471, Semantic loss: 0.998306, BCE loss: 1.374143, SB loss: 0.740229
2025-03-19 17:16:01,498 Epoch: [13/20] Iter:[80/192], Time: 0.68, lr: [0.0036785296812608405], Loss: 3.113202, Acc:0.701582, Semantic loss: 1.013324, BCE loss: 1.346427, SB loss: 0.753452
2025-03-19 17:16:06,850 Epoch: [13/20] Iter:[90/192], Time: 0.66, lr: [0.003652327227692201], Loss: 3.131857, Acc:0.699531, Semantic loss: 1.018308, BCE loss: 1.356546, SB loss: 0.757003
2025-03-19 17:16:12,180 Epoch: [13/20] Iter:[100/192], Time: 0.65, lr: [0.0036261038704587037], Loss: 3.145454, Acc:0.695774, Semantic loss: 1.018143, BCE loss: 1.368471, SB loss: 0.758840
2025-03-19 17:16:17,555 Epoch: [13/20] Iter:[110/192], Time: 0.64, lr: [0.003599859424642584], Loss: 3.146541, Acc:0.696968, Semantic loss: 1.017705, BCE loss: 1.370872, SB loss: 0.757963
2025-03-19 17:16:22,911 Epoch: [13/20] Iter:[120/192], Time: 0.63, lr: [0.0035735937021778063], Loss: 3.138750, Acc:0.696923, Semantic loss: 1.015723, BCE loss: 1.365922, SB loss: 0.757105
2025-03-19 17:16:28,269 Epoch: [13/20] Iter:[130/192], Time: 0.62, lr: [0.0035473065117702885], Loss: 3.132514, Acc:0.697270, Semantic loss: 1.015302, BCE loss: 1.359670, SB loss: 0.757542
2025-03-19 17:16:33,636 Epoch: [13/20] Iter:[140/192], Time: 0.62, lr: [0.003520997658815433], Loss: 3.123505, Acc:0.696014, Semantic loss: 1.014674, BCE loss: 1.353628, SB loss: 0.755203
2025-03-19 17:16:38,987 Epoch: [13/20] Iter:[150/192], Time: 0.61, lr: [0.003494666945312851], Loss: 3.113136, Acc:0.696164, Semantic loss: 1.012563, BCE loss: 1.346440, SB loss: 0.754133
2025-03-19 17:16:44,354 Epoch: [13/20] Iter:[160/192], Time: 0.61, lr: [0.00346831416977816], Loss: 3.101744, Acc:0.696391, Semantic loss: 1.011180, BCE loss: 1.338575, SB loss: 0.751990
2025-03-19 17:16:49,728 Epoch: [13/20] Iter:[170/192], Time: 0.60, lr: [0.003441939127151716], Loss: 3.104445, Acc:0.697564, Semantic loss: 1.011345, BCE loss: 1.340717, SB loss: 0.752384
2025-03-19 17:16:55,097 Epoch: [13/20] Iter:[180/192], Time: 0.60, lr: [0.0034155416087041646], Loss: 3.096984, Acc:0.698597, Semantic loss: 1.007606, BCE loss: 1.338854, SB loss: 0.750523
2025-03-19 17:17:00,382 Epoch: [13/20] Iter:[190/192], Time: 0.60, lr: [0.0033891214019386652], Loss: 3.093703, Acc:0.698177, Semantic loss: 1.005993, BCE loss: 1.337980, SB loss: 0.749729
2025-03-19 17:19:21,844 0 [0.         0.65075983 0.45653252 0.31000366 0.20056653 0.15321707
 0.08129927] 0.2646255534787821
2025-03-19 17:19:21,845 1 [0.         0.66421537 0.51795582 0.34691342 0.24084738 0.03601224
 0.03688582] 0.26326143644224903
2025-03-19 17:19:21,857 => saving checkpoint to output\loveda\pidnet_small_loveda\aug_hfcheckpoint.pth.tar
2025-03-19 17:19:22,079 Loss: 4.971, MeanIU:  0.2633, Best_mIoU:  0.2633
2025-03-19 17:19:22,080 [0.         0.66421537 0.51795582 0.34691342 0.24084738 0.03601224
 0.03688582]
2025-03-19 17:19:34,148 Epoch: [14/20] Iter:[0/192], Time: 11.82, lr: [0.0033838346190164987], Loss: 3.290428, Acc:0.667428, Semantic loss: 0.997920, BCE loss: 1.537727, SB loss: 0.754781
2025-03-19 17:19:39,487 Epoch: [14/20] Iter:[10/192], Time: 1.56, lr: [0.0033573869003190927], Loss: 3.156949, Acc:0.713017, Semantic loss: 0.975221, BCE loss: 1.445795, SB loss: 0.735933
2025-03-19 17:19:44,838 Epoch: [14/20] Iter:[20/192], Time: 1.07, lr: [0.0033309160120447595], Loss: 3.113464, Acc:0.708344, Semantic loss: 0.988192, BCE loss: 1.386838, SB loss: 0.738434
2025-03-19 17:19:50,194 Epoch: [14/20] Iter:[30/192], Time: 0.90, lr: [0.0033044217289421207], Loss: 3.067242, Acc:0.706028, Semantic loss: 0.994296, BCE loss: 1.339940, SB loss: 0.733006
2025-03-19 17:19:55,553 Epoch: [14/20] Iter:[40/192], Time: 0.81, lr: [0.0032779038215418194], Loss: 3.103369, Acc:0.703145, Semantic loss: 1.009565, BCE loss: 1.352700, SB loss: 0.741103
2025-03-19 17:20:00,884 Epoch: [14/20] Iter:[50/192], Time: 0.76, lr: [0.0032513620560388795], Loss: 3.101573, Acc:0.697602, Semantic loss: 0.998475, BCE loss: 1.362240, SB loss: 0.740859
2025-03-19 17:20:06,235 Epoch: [14/20] Iter:[60/192], Time: 0.72, lr: [0.003224796194170671], Loss: 3.097884, Acc:0.697812, Semantic loss: 0.995309, BCE loss: 1.364502, SB loss: 0.738074
2025-03-19 17:20:11,603 Epoch: [14/20] Iter:[70/192], Time: 0.69, lr: [0.003198205993090303], Loss: 3.082702, Acc:0.696258, Semantic loss: 0.998058, BCE loss: 1.346520, SB loss: 0.738124
2025-03-19 17:20:17,040 Epoch: [14/20] Iter:[80/192], Time: 0.68, lr: [0.0031715912052352204], Loss: 3.079309, Acc:0.699736, Semantic loss: 0.991404, BCE loss: 1.352837, SB loss: 0.735067
2025-03-19 17:20:22,493 Epoch: [14/20] Iter:[90/192], Time: 0.66, lr: [0.0031449515781907557], Loss: 3.072300, Acc:0.703631, Semantic loss: 0.990570, BCE loss: 1.346564, SB loss: 0.735166
2025-03-19 17:20:27,960 Epoch: [14/20] Iter:[100/192], Time: 0.65, lr: [0.003118286854548424], Loss: 3.073187, Acc:0.701795, Semantic loss: 0.996212, BCE loss: 1.342192, SB loss: 0.734782
2025-03-19 17:20:33,323 Epoch: [14/20] Iter:[110/192], Time: 0.64, lr: [0.003091596771758693], Loss: 3.081206, Acc:0.703020, Semantic loss: 0.993913, BCE loss: 1.352471, SB loss: 0.734823
2025-03-19 17:20:38,707 Epoch: [14/20] Iter:[120/192], Time: 0.63, lr: [0.0030648810619779434], Loss: 3.092008, Acc:0.703764, Semantic loss: 0.994381, BCE loss: 1.359689, SB loss: 0.737938
2025-03-19 17:20:44,053 Epoch: [14/20] Iter:[130/192], Time: 0.62, lr: [0.0030381394519093602], Loss: 3.078739, Acc:0.702771, Semantic loss: 0.991917, BCE loss: 1.349231, SB loss: 0.737591
2025-03-19 17:20:49,435 Epoch: [14/20] Iter:[140/192], Time: 0.62, lr: [0.003011371662637431], Loss: 3.067785, Acc:0.704752, Semantic loss: 0.989631, BCE loss: 1.340545, SB loss: 0.737608
2025-03-19 17:20:54,794 Epoch: [14/20] Iter:[150/192], Time: 0.61, lr: [0.0029845774094557345], Loss: 3.073595, Acc:0.704396, Semantic loss: 0.990484, BCE loss: 1.344136, SB loss: 0.738974
2025-03-19 17:21:00,159 Epoch: [14/20] Iter:[160/192], Time: 0.61, lr: [0.002957756401687678], Loss: 3.068613, Acc:0.704169, Semantic loss: 0.992172, BCE loss: 1.338739, SB loss: 0.737701
2025-03-19 17:21:05,543 Epoch: [14/20] Iter:[170/192], Time: 0.60, lr: [0.002930908342499829], Loss: 3.072690, Acc:0.704307, Semantic loss: 0.992220, BCE loss: 1.341763, SB loss: 0.738707
2025-03-19 17:21:10,892 Epoch: [14/20] Iter:[180/192], Time: 0.60, lr: [0.002904032928707437], Loss: 3.068367, Acc:0.703946, Semantic loss: 0.990611, BCE loss: 1.337390, SB loss: 0.740367
2025-03-19 17:21:16,175 Epoch: [14/20] Iter:[190/192], Time: 0.60, lr: [0.0028771298505717554], Loss: 3.075991, Acc:0.702547, Semantic loss: 0.997215, BCE loss: 1.333140, SB loss: 0.745636
2025-03-19 17:23:53,032 0 [0.         0.59089841 0.40729511 0.25808633 0.21476905 0.08674364
 0.08295302] 0.23439222324123185
2025-03-19 17:23:53,033 1 [0.         0.64313283 0.49261565 0.31690143 0.21283398 0.02492539
 0.04930994] 0.24853131640172485
2025-03-19 17:23:53,044 => saving checkpoint to output\loveda\pidnet_small_loveda\aug_hfcheckpoint.pth.tar
2025-03-19 17:23:53,177 Loss: 4.805, MeanIU:  0.2485, Best_mIoU:  0.2633
2025-03-19 17:23:53,177 [0.         0.64313283 0.49261565 0.31690143 0.21283398 0.02492539
 0.04930994]
2025-03-19 17:24:05,251 Epoch: [15/20] Iter:[0/192], Time: 11.83, lr: [0.0028717458874925874], Loss: 3.139856, Acc:0.616078, Semantic loss: 1.026253, BCE loss: 1.383788, SB loss: 0.729816
2025-03-19 17:24:10,588 Epoch: [15/20] Iter:[10/192], Time: 1.56, lr: [0.0028448091937488323], Loss: 2.939253, Acc:0.712106, Semantic loss: 0.984678, BCE loss: 1.221975, SB loss: 0.732600
2025-03-19 17:24:15,960 Epoch: [15/20] Iter:[20/192], Time: 1.07, lr: [0.002817844130111582], Loss: 3.032520, Acc:0.712491, Semantic loss: 0.999113, BCE loss: 1.281451, SB loss: 0.751957
2025-03-19 17:24:21,326 Epoch: [15/20] Iter:[30/192], Time: 0.90, lr: [0.0027908503644035994], Loss: 3.101300, Acc:0.712101, Semantic loss: 1.012716, BCE loss: 1.337938, SB loss: 0.750646
2025-03-19 17:24:26,681 Epoch: [15/20] Iter:[40/192], Time: 0.81, lr: [0.0027638275569424097], Loss: 3.074725, Acc:0.708686, Semantic loss: 1.007912, BCE loss: 1.319612, SB loss: 0.747201
2025-03-19 17:24:32,031 Epoch: [15/20] Iter:[50/192], Time: 0.76, lr: [0.002736775360287257], Loss: 3.017903, Acc:0.710647, Semantic loss: 0.993029, BCE loss: 1.287593, SB loss: 0.737282
2025-03-19 17:24:37,499 Epoch: [15/20] Iter:[60/192], Time: 0.72, lr: [0.002709693418974644], Loss: 3.035272, Acc:0.711729, Semantic loss: 0.999022, BCE loss: 1.296532, SB loss: 0.739718
2025-03-19 17:24:42,828 Epoch: [15/20] Iter:[70/192], Time: 0.70, lr: [0.0026825813692418162], Loss: 3.003576, Acc:0.710750, Semantic loss: 0.987864, BCE loss: 1.282212, SB loss: 0.733500
2025-03-19 17:24:48,189 Epoch: [15/20] Iter:[80/192], Time: 0.68, lr: [0.0026554388387375], Loss: 3.018572, Acc:0.711188, Semantic loss: 0.990975, BCE loss: 1.288404, SB loss: 0.739193
2025-03-19 17:24:53,541 Epoch: [15/20] Iter:[90/192], Time: 0.66, lr: [0.002628265446219161], Loss: 3.015041, Acc:0.713652, Semantic loss: 0.987718, BCE loss: 1.292310, SB loss: 0.735013
2025-03-19 17:24:58,901 Epoch: [15/20] Iter:[100/192], Time: 0.65, lr: [0.002601060801235972], Loss: 3.014719, Acc:0.715963, Semantic loss: 0.985888, BCE loss: 1.295259, SB loss: 0.733572
2025-03-19 17:25:04,247 Epoch: [15/20] Iter:[110/192], Time: 0.64, lr: [0.002573824503796671], Loss: 3.024680, Acc:0.713483, Semantic loss: 0.985571, BCE loss: 1.305977, SB loss: 0.733132
2025-03-19 17:25:09,587 Epoch: [15/20] Iter:[120/192], Time: 0.63, lr: [0.00254655614402138], Loss: 3.037783, Acc:0.710823, Semantic loss: 0.987433, BCE loss: 1.315918, SB loss: 0.734432
2025-03-19 17:25:15,055 Epoch: [15/20] Iter:[130/192], Time: 0.62, lr: [0.0025192553017764118], Loss: 3.039879, Acc:0.710062, Semantic loss: 0.988302, BCE loss: 1.316918, SB loss: 0.734659
2025-03-19 17:25:20,497 Epoch: [15/20] Iter:[140/192], Time: 0.62, lr: [0.002491921546291034], Loss: 3.049979, Acc:0.707340, Semantic loss: 0.990754, BCE loss: 1.324833, SB loss: 0.734392
2025-03-19 17:25:25,898 Epoch: [15/20] Iter:[150/192], Time: 0.61, lr: [0.0024645544357550573], Loss: 3.053726, Acc:0.707059, Semantic loss: 0.991694, BCE loss: 1.325994, SB loss: 0.736038
2025-03-19 17:25:31,301 Epoch: [15/20] Iter:[160/192], Time: 0.61, lr: [0.002437153516896028], Loss: 3.044163, Acc:0.707804, Semantic loss: 0.989358, BCE loss: 1.319021, SB loss: 0.735785
2025-03-19 17:25:36,767 Epoch: [15/20] Iter:[170/192], Time: 0.60, lr: [0.0024097183245347467], Loss: 3.048311, Acc:0.709103, Semantic loss: 0.986785, BCE loss: 1.327556, SB loss: 0.733969
2025-03-19 17:25:42,140 Epoch: [15/20] Iter:[180/192], Time: 0.60, lr: [0.0023822483811177], Loss: 3.045802, Acc:0.710273, Semantic loss: 0.983850, BCE loss: 1.330744, SB loss: 0.731208
2025-03-19 17:25:47,429 Epoch: [15/20] Iter:[190/192], Time: 0.60, lr: [0.002354743196224891], Loss: 3.048589, Acc:0.710271, Semantic loss: 0.985021, BCE loss: 1.330129, SB loss: 0.733439
2025-03-19 17:28:08,266 0 [0.         0.6214111  0.38376283 0.26045542 0.19772405 0.13554141
 0.0750759 ] 0.2391386720497202
2025-03-19 17:28:08,267 1 [0.         0.65436271 0.41260879 0.24352257 0.21987225 0.01921083
 0.02292055] 0.22464252809014387
2025-03-19 17:28:08,274 => saving checkpoint to output\loveda\pidnet_small_loveda\aug_hfcheckpoint.pth.tar
2025-03-19 17:28:08,372 Loss: 6.918, MeanIU:  0.2246, Best_mIoU:  0.2633
2025-03-19 17:28:08,372 [0.         0.65436271 0.41260879 0.24352257 0.21987225 0.01921083
 0.02292055]
2025-03-19 17:28:19,775 Epoch: [16/20] Iter:[0/192], Time: 11.14, lr: [0.0023492378861760376], Loss: 3.274926, Acc:0.749130, Semantic loss: 0.962375, BCE loss: 1.565646, SB loss: 0.746905
2025-03-19 17:28:24,850 Epoch: [16/20] Iter:[10/192], Time: 1.47, lr: [0.0023216897452738748], Loss: 3.035202, Acc:0.729893, Semantic loss: 0.965832, BCE loss: 1.337011, SB loss: 0.732360
2025-03-19 17:28:29,835 Epoch: [16/20] Iter:[20/192], Time: 1.01, lr: [0.0022941052360858027], Loss: 2.953527, Acc:0.723599, Semantic loss: 0.955899, BCE loss: 1.267417, SB loss: 0.730211
2025-03-19 17:28:34,838 Epoch: [16/20] Iter:[30/192], Time: 0.85, lr: [0.0022664838233947228], Loss: 3.009401, Acc:0.720450, Semantic loss: 0.977712, BCE loss: 1.297782, SB loss: 0.733908
2025-03-19 17:28:39,850 Epoch: [16/20] Iter:[40/192], Time: 0.76, lr: [0.0022388249567421017], Loss: 3.041875, Acc:0.715784, Semantic loss: 0.978873, BCE loss: 1.331097, SB loss: 0.731905
2025-03-19 17:28:44,874 Epoch: [16/20] Iter:[50/192], Time: 0.71, lr: [0.002211128069778427], Loss: 3.022371, Acc:0.716186, Semantic loss: 0.974898, BCE loss: 1.321628, SB loss: 0.725845
2025-03-19 17:28:49,903 Epoch: [16/20] Iter:[60/192], Time: 0.68, lr: [0.0021833925795765436], Loss: 3.054972, Acc:0.713273, Semantic loss: 0.979938, BCE loss: 1.343587, SB loss: 0.731447
2025-03-19 17:28:54,905 Epoch: [16/20] Iter:[70/192], Time: 0.65, lr: [0.0021556178859051967], Loss: 3.053879, Acc:0.712607, Semantic loss: 0.981293, BCE loss: 1.344365, SB loss: 0.728221
2025-03-19 17:28:59,908 Epoch: [16/20] Iter:[80/192], Time: 0.63, lr: [0.002127803370459852], Loss: 3.064108, Acc:0.711534, Semantic loss: 0.981178, BCE loss: 1.354744, SB loss: 0.728186
2025-03-19 17:29:04,898 Epoch: [16/20] Iter:[90/192], Time: 0.62, lr: [0.0020999483960476508], Loss: 3.033134, Acc:0.711959, Semantic loss: 0.972183, BCE loss: 1.337289, SB loss: 0.723662
2025-03-19 17:29:09,906 Epoch: [16/20] Iter:[100/192], Time: 0.61, lr: [0.0020720523057230294], Loss: 3.049144, Acc:0.714466, Semantic loss: 0.972433, BCE loss: 1.354659, SB loss: 0.722053
2025-03-19 17:29:14,916 Epoch: [16/20] Iter:[110/192], Time: 0.60, lr: [0.002044114421870228], Loss: 3.045983, Acc:0.715292, Semantic loss: 0.969956, BCE loss: 1.355130, SB loss: 0.720897
2025-03-19 17:29:19,927 Epoch: [16/20] Iter:[120/192], Time: 0.59, lr: [0.0020161340452285867], Loss: 3.042003, Acc:0.716910, Semantic loss: 0.969089, BCE loss: 1.351811, SB loss: 0.721103
2025-03-19 17:29:24,915 Epoch: [16/20] Iter:[130/192], Time: 0.58, lr: [0.001988110453856112], Loss: 3.028707, Acc:0.714379, Semantic loss: 0.968145, BCE loss: 1.339192, SB loss: 0.721370
2025-03-19 17:29:29,915 Epoch: [16/20] Iter:[140/192], Time: 0.58, lr: [0.0019600429020263607], Loss: 3.032288, Acc:0.713222, Semantic loss: 0.969249, BCE loss: 1.341393, SB loss: 0.721645
2025-03-19 17:29:34,915 Epoch: [16/20] Iter:[150/192], Time: 0.57, lr: [0.0019319306190532476], Loss: 3.030705, Acc:0.713939, Semantic loss: 0.967682, BCE loss: 1.343216, SB loss: 0.719807
2025-03-19 17:29:39,917 Epoch: [16/20] Iter:[160/192], Time: 0.57, lr: [0.0019037728080378042], Loss: 3.032779, Acc:0.711958, Semantic loss: 0.973956, BCE loss: 1.336854, SB loss: 0.721970
2025-03-19 17:29:44,907 Epoch: [16/20] Iter:[170/192], Time: 0.56, lr: [0.0018755686445303314], Loss: 3.021022, Acc:0.713027, Semantic loss: 0.971856, BCE loss: 1.327407, SB loss: 0.721759
2025-03-19 17:29:49,911 Epoch: [16/20] Iter:[180/192], Time: 0.56, lr: [0.001847317275100738], Loss: 3.025477, Acc:0.712710, Semantic loss: 0.974077, BCE loss: 1.329075, SB loss: 0.722325
2025-03-19 17:29:54,883 Epoch: [16/20] Iter:[190/192], Time: 0.56, lr: [0.0018190178158090872], Loss: 3.030036, Acc:0.712920, Semantic loss: 0.977348, BCE loss: 1.329084, SB loss: 0.723605
2025-03-19 17:31:48,403 0 [0.         0.60838638 0.39889333 0.26171463 0.2086111  0.22293493
 0.10526856] 0.25797270438846887
2025-03-19 17:31:48,403 1 [0.         0.6541271  0.39771358 0.25159045 0.24418497 0.06499757
 0.04035424] 0.23613827118809508
2025-03-19 17:31:48,411 => saving checkpoint to output\loveda\pidnet_small_loveda\aug_hfcheckpoint.pth.tar
2025-03-19 17:31:48,508 Loss: 6.026, MeanIU:  0.2361, Best_mIoU:  0.2633
2025-03-19 17:31:48,508 [0.         0.6541271  0.39771358 0.25159045 0.24418497 0.06499757
 0.04035424]
2025-03-19 17:31:59,897 Epoch: [17/20] Iter:[0/192], Time: 11.13, lr: [0.0018133520731367456], Loss: 3.013073, Acc:0.736056, Semantic loss: 0.847514, BCE loss: 1.490915, SB loss: 0.674644
2025-03-19 17:32:04,934 Epoch: [17/20] Iter:[10/192], Time: 1.47, lr: [0.001784993693823396], Loss: 2.990720, Acc:0.707534, Semantic loss: 0.909347, BCE loss: 1.362157, SB loss: 0.719217
2025-03-19 17:32:09,946 Epoch: [17/20] Iter:[20/192], Time: 1.01, lr: [0.0017565851643374117], Loss: 3.013359, Acc:0.715535, Semantic loss: 0.923647, BCE loss: 1.357275, SB loss: 0.732437
2025-03-19 17:32:14,944 Epoch: [17/20] Iter:[30/192], Time: 0.84, lr: [0.0017281254915000803], Loss: 3.049374, Acc:0.712149, Semantic loss: 0.956348, BCE loss: 1.349147, SB loss: 0.743879
2025-03-19 17:32:19,951 Epoch: [17/20] Iter:[40/192], Time: 0.76, lr: [0.0016996136438923032], Loss: 3.044240, Acc:0.708083, Semantic loss: 0.967695, BCE loss: 1.336043, SB loss: 0.740502
2025-03-19 17:32:24,942 Epoch: [17/20] Iter:[50/192], Time: 0.71, lr: [0.0016710485496403851], Loss: 3.040225, Acc:0.708402, Semantic loss: 0.972781, BCE loss: 1.328847, SB loss: 0.738597
2025-03-19 17:32:29,950 Epoch: [17/20] Iter:[60/192], Time: 0.68, lr: [0.0016424290940290059], Loss: 3.020804, Acc:0.714430, Semantic loss: 0.965362, BCE loss: 1.325585, SB loss: 0.729856
2025-03-19 17:32:34,933 Epoch: [17/20] Iter:[70/192], Time: 0.65, lr: [0.0016137541169242962], Loss: 2.990208, Acc:0.714680, Semantic loss: 0.963380, BCE loss: 1.297918, SB loss: 0.728910
2025-03-19 17:32:39,932 Epoch: [17/20] Iter:[80/192], Time: 0.63, lr: [0.0015850224099878446], Loss: 3.001148, Acc:0.717806, Semantic loss: 0.961009, BCE loss: 1.312119, SB loss: 0.728021
2025-03-19 17:32:44,933 Epoch: [17/20] Iter:[90/192], Time: 0.62, lr: [0.001556232713660091], Loss: 2.996730, Acc:0.717151, Semantic loss: 0.959910, BCE loss: 1.313024, SB loss: 0.723796
2025-03-19 17:32:49,944 Epoch: [17/20] Iter:[100/192], Time: 0.61, lr: [0.0015273837138888994], Loss: 2.999703, Acc:0.719391, Semantic loss: 0.957807, BCE loss: 1.320575, SB loss: 0.721321
2025-03-19 17:32:54,938 Epoch: [17/20] Iter:[110/192], Time: 0.60, lr: [0.0014984740385759552], Loss: 3.012476, Acc:0.717258, Semantic loss: 0.961652, BCE loss: 1.329496, SB loss: 0.721328
2025-03-19 17:32:59,923 Epoch: [17/20] Iter:[120/192], Time: 0.59, lr: [0.0014695022537100475], Loss: 3.023465, Acc:0.713496, Semantic loss: 0.968804, BCE loss: 1.328294, SB loss: 0.726366
2025-03-19 17:33:04,946 Epoch: [17/20] Iter:[130/192], Time: 0.58, lr: [0.0014404668591521846], Loss: 3.017474, Acc:0.713780, Semantic loss: 0.969268, BCE loss: 1.321933, SB loss: 0.726272
2025-03-19 17:33:09,958 Epoch: [17/20] Iter:[140/192], Time: 0.58, lr: [0.0014113662840326588], Loss: 3.019135, Acc:0.715146, Semantic loss: 0.970719, BCE loss: 1.319973, SB loss: 0.728443
2025-03-19 17:33:14,977 Epoch: [17/20] Iter:[150/192], Time: 0.57, lr: [0.0013821988817145786], Loss: 3.018244, Acc:0.716172, Semantic loss: 0.969829, BCE loss: 1.322762, SB loss: 0.725653
2025-03-19 17:33:20,011 Epoch: [17/20] Iter:[160/192], Time: 0.57, lr: [0.0013529629242719093], Loss: 3.016647, Acc:0.717415, Semantic loss: 0.968929, BCE loss: 1.322526, SB loss: 0.725192
2025-03-19 17:33:25,021 Epoch: [17/20] Iter:[170/192], Time: 0.56, lr: [0.0013236565964223801], Loss: 3.020024, Acc:0.717221, Semantic loss: 0.969477, BCE loss: 1.325935, SB loss: 0.724612
2025-03-19 17:33:30,031 Epoch: [17/20] Iter:[180/192], Time: 0.56, lr: [0.0012942779888466518], Loss: 3.019711, Acc:0.717154, Semantic loss: 0.969606, BCE loss: 1.326600, SB loss: 0.723505
2025-03-19 17:33:34,987 Epoch: [17/20] Iter:[190/192], Time: 0.56, lr: [0.0012648250908145803], Loss: 3.015478, Acc:0.716704, Semantic loss: 0.969062, BCE loss: 1.323780, SB loss: 0.722637
2025-03-19 17:35:28,326 0 [0.         0.59921025 0.43388209 0.27072917 0.195351   0.17304118
 0.09873279] 0.2529923525311234
2025-03-19 17:35:28,327 1 [0.         0.65306473 0.47986434 0.2902166  0.21758043 0.05220723
 0.04270342] 0.24794810825969196
2025-03-19 17:35:28,335 => saving checkpoint to output\loveda\pidnet_small_loveda\aug_hfcheckpoint.pth.tar
2025-03-19 17:35:28,431 Loss: 5.132, MeanIU:  0.2479, Best_mIoU:  0.2633
2025-03-19 17:35:28,432 [0.         0.65306473 0.47986434 0.2902166  0.21758043 0.05220723
 0.04270342]
2025-03-19 17:35:39,837 Epoch: [18/20] Iter:[0/192], Time: 11.15, lr: [0.001258925411794167], Loss: 2.841044, Acc:0.654720, Semantic loss: 0.886339, BCE loss: 1.259264, SB loss: 0.695441
2025-03-19 17:35:44,877 Epoch: [18/20] Iter:[10/192], Time: 1.47, lr: [0.0012293805561511607], Loss: 3.078810, Acc:0.719370, Semantic loss: 0.986783, BCE loss: 1.363904, SB loss: 0.728122
2025-03-19 17:35:49,894 Epoch: [18/20] Iter:[20/192], Time: 1.01, lr: [0.0011997565879500753], Loss: 3.049967, Acc:0.722711, Semantic loss: 0.983908, BCE loss: 1.326627, SB loss: 0.739431
2025-03-19 17:35:54,891 Epoch: [18/20] Iter:[30/192], Time: 0.85, lr: [0.0011700511125444005], Loss: 3.042787, Acc:0.724843, Semantic loss: 0.990516, BCE loss: 1.314199, SB loss: 0.738072
2025-03-19 17:35:59,880 Epoch: [18/20] Iter:[40/192], Time: 0.76, lr: [0.0011402615929770753], Loss: 3.016320, Acc:0.724281, Semantic loss: 0.968230, BCE loss: 1.320275, SB loss: 0.727815
2025-03-19 17:36:04,869 Epoch: [18/20] Iter:[50/192], Time: 0.71, lr: [0.0011103853371305413], Loss: 2.981477, Acc:0.726041, Semantic loss: 0.956189, BCE loss: 1.305532, SB loss: 0.719755
2025-03-19 17:36:09,859 Epoch: [18/20] Iter:[60/192], Time: 0.67, lr: [0.001080419483295973], Loss: 2.960381, Acc:0.727601, Semantic loss: 0.954322, BCE loss: 1.292095, SB loss: 0.713965
2025-03-19 17:36:14,875 Epoch: [18/20] Iter:[70/192], Time: 0.65, lr: [0.0010503609839122385], Loss: 2.985766, Acc:0.727197, Semantic loss: 0.957691, BCE loss: 1.315845, SB loss: 0.712229
2025-03-19 17:36:19,853 Epoch: [18/20] Iter:[80/192], Time: 0.63, lr: [0.0010202065871765603], Loss: 2.999518, Acc:0.720936, Semantic loss: 0.966538, BCE loss: 1.319139, SB loss: 0.713841
2025-03-19 17:36:24,862 Epoch: [18/20] Iter:[90/192], Time: 0.62, lr: [0.000989952816168914], Loss: 3.002386, Acc:0.722613, Semantic loss: 0.964118, BCE loss: 1.323738, SB loss: 0.714530
2025-03-19 17:36:29,864 Epoch: [18/20] Iter:[100/192], Time: 0.61, lr: [0.0009595959450576828], Loss: 2.995363, Acc:0.722740, Semantic loss: 0.959712, BCE loss: 1.322404, SB loss: 0.713248
2025-03-19 17:36:34,856 Epoch: [18/20] Iter:[110/192], Time: 0.60, lr: [0.000929131971860904], Loss: 2.978170, Acc:0.722326, Semantic loss: 0.957618, BCE loss: 1.306153, SB loss: 0.714400
2025-03-19 17:36:39,853 Epoch: [18/20] Iter:[120/192], Time: 0.59, lr: [0.0008985565871200918], Loss: 2.976508, Acc:0.723383, Semantic loss: 0.953989, BCE loss: 1.309382, SB loss: 0.713138
2025-03-19 17:36:44,862 Epoch: [18/20] Iter:[130/192], Time: 0.58, lr: [0.0008678651376944955], Loss: 2.985749, Acc:0.725526, Semantic loss: 0.952595, BCE loss: 1.319504, SB loss: 0.713651
2025-03-19 17:36:49,863 Epoch: [18/20] Iter:[140/192], Time: 0.58, lr: [0.000837052584692747], Loss: 2.998507, Acc:0.724569, Semantic loss: 0.954820, BCE loss: 1.328571, SB loss: 0.715116
2025-03-19 17:36:54,862 Epoch: [18/20] Iter:[150/192], Time: 0.57, lr: [0.000806113454312208], Loss: 2.994380, Acc:0.724266, Semantic loss: 0.956833, BCE loss: 1.322186, SB loss: 0.715361
2025-03-19 17:36:59,837 Epoch: [18/20] Iter:[160/192], Time: 0.57, lr: [0.0007750417800344363], Loss: 2.985764, Acc:0.724849, Semantic loss: 0.953425, BCE loss: 1.317359, SB loss: 0.714980
2025-03-19 17:37:04,845 Epoch: [18/20] Iter:[170/192], Time: 0.56, lr: [0.0007438310342008949], Loss: 2.991382, Acc:0.723126, Semantic loss: 0.958160, BCE loss: 1.316046, SB loss: 0.717176
2025-03-19 17:37:09,842 Epoch: [18/20] Iter:[180/192], Time: 0.56, lr: [0.0007124740464272778], Loss: 2.989687, Acc:0.723442, Semantic loss: 0.957160, BCE loss: 1.316594, SB loss: 0.715934
2025-03-19 17:37:14,836 Epoch: [18/20] Iter:[190/192], Time: 0.56, lr: [0.0006809629055511224], Loss: 2.992916, Acc:0.723879, Semantic loss: 0.957232, BCE loss: 1.318751, SB loss: 0.716934
2025-03-19 17:39:08,052 0 [0.         0.60175736 0.41049443 0.26315456 0.19304034 0.12328263
 0.10405808] 0.24225534209218352
2025-03-19 17:39:08,052 1 [0.         0.64876743 0.45572606 0.22515229 0.21618618 0.04209415
 0.04846467] 0.23377011097262002
2025-03-19 17:39:08,061 => saving checkpoint to output\loveda\pidnet_small_loveda\aug_hfcheckpoint.pth.tar
2025-03-19 17:39:08,157 Loss: 8.383, MeanIU:  0.2338, Best_mIoU:  0.2633
2025-03-19 17:39:08,157 [0.         0.64876743 0.45572606 0.22515229 0.21618618 0.04209415
 0.04846467]
2025-03-19 17:39:19,569 Epoch: [19/20] Iter:[0/192], Time: 11.15, lr: [0.0006746414238367822], Loss: 3.180038, Acc:0.691909, Semantic loss: 1.004328, BCE loss: 1.373717, SB loss: 0.801993
2025-03-19 17:39:24,592 Epoch: [19/20] Iter:[10/192], Time: 1.47, lr: [0.0006429336362339898], Loss: 3.011131, Acc:0.705086, Semantic loss: 0.979347, BCE loss: 1.293684, SB loss: 0.738099
2025-03-19 17:39:29,582 Epoch: [19/20] Iter:[20/192], Time: 1.01, lr: [0.0006110510578510947], Loss: 2.963251, Acc:0.700236, Semantic loss: 0.974735, BCE loss: 1.250353, SB loss: 0.738163
2025-03-19 17:39:34,605 Epoch: [19/20] Iter:[30/192], Time: 0.84, lr: [0.0005789824653018995], Loss: 2.954460, Acc:0.712306, Semantic loss: 0.974545, BCE loss: 1.250407, SB loss: 0.729508
2025-03-19 17:39:39,610 Epoch: [19/20] Iter:[40/192], Time: 0.76, lr: [0.0005467151732202777], Loss: 3.004561, Acc:0.711432, Semantic loss: 0.982810, BCE loss: 1.294195, SB loss: 0.727557
2025-03-19 17:39:44,605 Epoch: [19/20] Iter:[50/192], Time: 0.71, lr: [0.0005142347343351296], Loss: 3.011287, Acc:0.716222, Semantic loss: 0.981433, BCE loss: 1.298225, SB loss: 0.731628
2025-03-19 17:39:49,594 Epoch: [19/20] Iter:[60/192], Time: 0.68, lr: [0.0004815245523312483], Loss: 2.981992, Acc:0.719184, Semantic loss: 0.969882, BCE loss: 1.288404, SB loss: 0.723705
2025-03-19 17:39:54,597 Epoch: [19/20] Iter:[70/192], Time: 0.65, lr: [0.000448565373510549], Loss: 2.969488, Acc:0.723007, Semantic loss: 0.963210, BCE loss: 1.284177, SB loss: 0.722100
2025-03-19 17:39:59,603 Epoch: [19/20] Iter:[80/192], Time: 0.63, lr: [0.00041533460609889997], Loss: 2.985835, Acc:0.722472, Semantic loss: 0.964565, BCE loss: 1.301001, SB loss: 0.720270
2025-03-19 17:40:04,600 Epoch: [19/20] Iter:[90/192], Time: 0.62, lr: [0.00038180538785330436], Loss: 2.986041, Acc:0.722367, Semantic loss: 0.967699, BCE loss: 1.296426, SB loss: 0.721916
2025-03-19 17:40:09,594 Epoch: [19/20] Iter:[100/192], Time: 0.61, lr: [0.00034794527452517863], Loss: 2.969450, Acc:0.721878, Semantic loss: 0.961213, BCE loss: 1.290459, SB loss: 0.717777
2025-03-19 17:40:14,582 Epoch: [19/20] Iter:[110/192], Time: 0.60, lr: [0.00031371433588231993], Loss: 2.960816, Acc:0.724568, Semantic loss: 0.957964, BCE loss: 1.286084, SB loss: 0.716767
2025-03-19 17:40:19,592 Epoch: [19/20] Iter:[120/192], Time: 0.59, lr: [0.0002790622842837163], Loss: 2.963712, Acc:0.726955, Semantic loss: 0.956730, BCE loss: 1.291416, SB loss: 0.715566
2025-03-19 17:40:24,590 Epoch: [19/20] Iter:[130/192], Time: 0.58, lr: [0.0002439239356353784], Loss: 2.961667, Acc:0.727442, Semantic loss: 0.954033, BCE loss: 1.294320, SB loss: 0.713315
2025-03-19 17:40:29,590 Epoch: [19/20] Iter:[140/192], Time: 0.58, lr: [0.00020821159321002047], Loss: 2.969845, Acc:0.726720, Semantic loss: 0.954391, BCE loss: 1.302046, SB loss: 0.713407
2025-03-19 17:40:34,587 Epoch: [19/20] Iter:[150/192], Time: 0.57, lr: [0.00017180122628828942], Loss: 2.980234, Acc:0.726982, Semantic loss: 0.952947, BCE loss: 1.313785, SB loss: 0.713502
2025-03-19 17:40:39,584 Epoch: [19/20] Iter:[160/192], Time: 0.57, lr: [0.00013450451987183818], Loss: 2.976427, Acc:0.727772, Semantic loss: 0.950505, BCE loss: 1.314388, SB loss: 0.711534
2025-03-19 17:40:44,591 Epoch: [19/20] Iter:[170/192], Time: 0.56, lr: [9.600244875192536e-05], Loss: 2.979893, Acc:0.727307, Semantic loss: 0.949931, BCE loss: 1.318603, SB loss: 0.711359
2025-03-19 17:40:49,619 Epoch: [19/20] Iter:[180/192], Time: 0.56, lr: [5.563716848048335e-05], Loss: 2.984628, Acc:0.727722, Semantic loss: 0.951082, BCE loss: 1.322207, SB loss: 0.711338
2025-03-19 17:40:54,593 Epoch: [19/20] Iter:[190/192], Time: 0.56, lr: [1.1092486125349496e-05], Loss: 2.973882, Acc:0.726961, Semantic loss: 0.948751, BCE loss: 1.314939, SB loss: 0.710191
2025-03-19 17:42:47,861 0 [0.         0.60156676 0.43326161 0.27189733 0.19109561 0.16585183
 0.10499023] 0.25266619811835583
2025-03-19 17:42:47,861 1 [0.         0.65015442 0.47705441 0.26314998 0.21440659 0.03934373
 0.04304849] 0.2410225161770931
2025-03-19 17:42:47,870 => saving checkpoint to output\loveda\pidnet_small_loveda\aug_hfcheckpoint.pth.tar
2025-03-19 17:42:47,969 Loss: 5.644, MeanIU:  0.2410, Best_mIoU:  0.2633
2025-03-19 17:42:47,969 [0.         0.65015442 0.47705441 0.26314998 0.21440659 0.03934373
 0.04304849]
2025-03-19 17:42:48,020 Hours: 1
2025-03-19 17:42:48,021 Done
