2025-05-21 17:39:17,370 Namespace(cfg='configs/loveda/pidnet_small_loveda.yaml', opts=[], seed=304)
2025-05-21 17:39:17,370 AUTO_RESUME: False
CUDNN:
  BENCHMARK: True
  DETERMINISTIC: False
  ENABLED: True
DATASET:
  DATASET: loveda
  EXTRA_TRAIN_SET: 
  NUM_CLASSES: 8
  ROOT: data/
  TARGET_SET: list/loveda/rural/train.lst
  TEST_SET: list/loveda/urban_rural/val.lst
  TRAIN_SET: list/loveda/urban_rural/train.lst
GPUS: (0,)
LOG_DIR: log
LOSS:
  BALANCE_WEIGHTS: [0.4, 1.0]
  CLASS_BALANCE: False
  OHEMKEEP: 131072
  OHEMTHRES: 0.9
  SB_WEIGHTS: 1.0
  USE_OHEM: True
MODEL:
  ALIGN_CORNERS: True
  NAME: pidnet_small
  NUM_OUTPUTS: 2
  PRETRAINED: pretrained_models/imagenet/PIDNet_S_ImageNet.pth.tar
OUTPUT_DIR: output
PIN_MEMORY: True
PRINT_FREQ: 10
TEST:
  BASE_SIZE: 1024
  BATCH_SIZE_PER_GPU: 6
  FLIP_TEST: False
  IMAGE_SIZE: [1024, 1024]
  MODEL_FILE: output/loveda/pidnet_small_loveda/final_state.pt
  MULTI_SCALE: False
  OUTPUT_INDEX: 1
TRAIN:
  AUGMENTATION:
    ENABLE: True
    PROBABILITY: 0.5
    TECHNIQUES:
      COLOR_JITTER: False
      GAUSSIAN_BLUR: False
      GAUSSIAN_NOISE: False
      HORIZONTAL_FLIP: True
      RANDOM_CROP: False
  BASE_SIZE: 1024
  BATCH_SIZE_PER_GPU: 6
  BEGIN_EPOCH: 0
  DACS:
    ENABLE: False
    THRESHOLD: 0.9
  END_EPOCH: 20
  EXTRA_EPOCH: 0
  EXTRA_LR: 0.001
  FDA:
    ENABLE: False
  FLIP: False
  GAN:
    ENABLE: False
    MULTI_LEVEL: False
  IGNORE_LABEL: 0
  IMAGE_SIZE: [1024, 1024]
  LR: 0.01
  MOMENTUM: 0.7
  MULTI_SCALE: False
  NESTEROV: False
  OPTIMIZER: sgd
  RESUME: False
  SCALE_FACTOR: 16
  SHUFFLE: True
  WD: 0.0005
WORKERS: 4
2025-05-21 17:39:17,488 Attention!!!
2025-05-21 17:39:17,488 Loaded 302 parameters!
2025-05-21 17:39:17,488 Over!!!
2025-05-21 17:39:39,260 Epoch: [0/20] Iter:[0/192], Time: 21.65, lr: [0.01], Loss: 9.038447, Acc:0.168209, Semantic loss: 2.312062, BCE loss: 5.046504, SB loss: 1.679882
2025-05-21 17:39:45,970 Epoch: [0/20] Iter:[10/192], Time: 2.56, lr: [0.009976559445324192], Loss: 5.709703, Acc:0.226260, Semantic loss: 1.835806, BCE loss: 2.732885, SB loss: 1.141012
2025-05-21 17:39:52,460 Epoch: [0/20] Iter:[20/192], Time: 1.65, lr: [0.009953112769592761], Loss: 5.056334, Acc:0.243103, Semantic loss: 1.692017, BCE loss: 2.369638, SB loss: 0.994679
2025-05-21 17:39:58,595 Epoch: [0/20] Iter:[30/192], Time: 1.31, lr: [0.009929659955177281], Loss: 4.630662, Acc:0.252091, Semantic loss: 1.522483, BCE loss: 2.246936, SB loss: 0.861244
2025-05-21 17:40:04,464 Epoch: [0/20] Iter:[40/192], Time: 1.14, lr: [0.009906200984352154], Loss: 4.365502, Acc:0.275276, Semantic loss: 1.450496, BCE loss: 2.120160, SB loss: 0.794847
2025-05-21 17:40:10,544 Epoch: [0/20] Iter:[50/192], Time: 1.03, lr: [0.009882735839293803], Loss: 4.106465, Acc:0.283872, Semantic loss: 1.348392, BCE loss: 2.021031, SB loss: 0.737042
2025-05-21 17:40:16,911 Epoch: [0/20] Iter:[60/192], Time: 0.97, lr: [0.00985926450207989], Loss: 3.934356, Acc:0.291833, Semantic loss: 1.290344, BCE loss: 1.946040, SB loss: 0.697972
2025-05-21 17:40:23,360 Epoch: [0/20] Iter:[70/192], Time: 0.92, lr: [0.009835786954688485], Loss: 3.814418, Acc:0.301597, Semantic loss: 1.241255, BCE loss: 1.909103, SB loss: 0.664060
2025-05-21 17:40:29,761 Epoch: [0/20] Iter:[80/192], Time: 0.89, lr: [0.00981230317899726], Loss: 3.722075, Acc:0.309708, Semantic loss: 1.207040, BCE loss: 1.865343, SB loss: 0.649692
2025-05-21 17:40:36,219 Epoch: [0/20] Iter:[90/192], Time: 0.86, lr: [0.009788813156782662], Loss: 3.639511, Acc:0.312086, Semantic loss: 1.162570, BCE loss: 1.856463, SB loss: 0.620478
2025-05-21 17:40:42,706 Epoch: [0/20] Iter:[100/192], Time: 0.84, lr: [0.009765316869719067], Loss: 3.609426, Acc:0.316830, Semantic loss: 1.143634, BCE loss: 1.837165, SB loss: 0.628628
2025-05-21 17:40:49,084 Epoch: [0/20] Iter:[110/192], Time: 0.82, lr: [0.009741814299377942], Loss: 3.550130, Acc:0.320679, Semantic loss: 1.123476, BCE loss: 1.813357, SB loss: 0.613297
2025-05-21 17:40:55,623 Epoch: [0/20] Iter:[120/192], Time: 0.81, lr: [0.009718305427226986], Loss: 3.567937, Acc:0.320630, Semantic loss: 1.124257, BCE loss: 1.793266, SB loss: 0.650415
2025-05-21 17:41:01,401 Epoch: [0/20] Iter:[130/192], Time: 0.79, lr: [0.009694790234629266], Loss: 3.547908, Acc:0.320253, Semantic loss: 1.121979, BCE loss: 1.781203, SB loss: 0.644726
2025-05-21 17:41:06,904 Epoch: [0/20] Iter:[140/192], Time: 0.77, lr: [0.009671268702842338], Loss: 3.504211, Acc:0.321994, Semantic loss: 1.100674, BCE loss: 1.762560, SB loss: 0.640977
2025-05-21 17:41:12,393 Epoch: [0/20] Iter:[150/192], Time: 0.76, lr: [0.009647740813017376], Loss: 3.490034, Acc:0.321314, Semantic loss: 1.103923, BCE loss: 1.750336, SB loss: 0.635775
2025-05-21 17:41:17,893 Epoch: [0/20] Iter:[160/192], Time: 0.75, lr: [0.009624206546198262], Loss: 3.484011, Acc:0.319152, Semantic loss: 1.102913, BCE loss: 1.738246, SB loss: 0.642852
2025-05-21 17:41:23,390 Epoch: [0/20] Iter:[170/192], Time: 0.73, lr: [0.009600665883320689], Loss: 3.456042, Acc:0.320334, Semantic loss: 1.092227, BCE loss: 1.734691, SB loss: 0.629124
2025-05-21 17:41:28,872 Epoch: [0/20] Iter:[180/192], Time: 0.72, lr: [0.009577118805211254], Loss: 3.421089, Acc:0.320886, Semantic loss: 1.076832, BCE loss: 1.725881, SB loss: 0.618376
2025-05-21 17:41:34,328 Epoch: [0/20] Iter:[190/192], Time: 0.71, lr: [0.009553565292586523], Loss: 3.384505, Acc:0.321616, Semantic loss: 1.068118, BCE loss: 1.712533, SB loss: 0.603855
2025-05-21 17:44:41,122 => saving checkpoint to output\loveda\pidnet_small_loveda\aug_hfcheckpoint.pth.tar
2025-05-21 17:44:41,335 Loss: 6.578, MeanIU:  0.1420, Best_mIoU:  0.1420
2025-05-21 17:44:41,335 [0.10940879 0.2161693  0.07981557 0.24194552 0.08722305 0.11794782
 0.1416353 ]
2025-05-21 17:44:56,234 Epoch: [1/20] Iter:[0/192], Time: 14.65, lr: [0.009548853816214998], Loss: 2.854434, Acc:0.271827, Semantic loss: 0.851254, BCE loss: 1.792116, SB loss: 0.211063
2025-05-21 17:45:02,210 Epoch: [1/20] Iter:[10/192], Time: 1.87, lr: [0.009525292556561479], Loss: 2.680926, Acc:0.348673, Semantic loss: 0.795749, BCE loss: 1.574553, SB loss: 0.310624
2025-05-21 17:45:08,659 Epoch: [1/20] Iter:[20/192], Time: 1.29, lr: [0.00950172481957719], Loss: 2.611520, Acc:0.358858, Semantic loss: 0.795292, BCE loss: 1.491242, SB loss: 0.324986
2025-05-21 17:45:15,094 Epoch: [1/20] Iter:[30/192], Time: 1.08, lr: [0.009478150585620286], Loss: 2.534474, Acc:0.367989, Semantic loss: 0.762730, BCE loss: 1.452775, SB loss: 0.318969
2025-05-21 17:45:21,477 Epoch: [1/20] Iter:[40/192], Time: 0.97, lr: [0.009454569834934885], Loss: 2.505745, Acc:0.367018, Semantic loss: 0.739871, BCE loss: 1.458223, SB loss: 0.307652
2025-05-21 17:45:27,903 Epoch: [1/20] Iter:[50/192], Time: 0.91, lr: [0.009430982547650114], Loss: 2.544580, Acc:0.370088, Semantic loss: 0.754349, BCE loss: 1.478435, SB loss: 0.311796
2025-05-21 17:45:34,360 Epoch: [1/20] Iter:[60/192], Time: 0.87, lr: [0.009407388703779091], Loss: 2.551919, Acc:0.377012, Semantic loss: 0.757842, BCE loss: 1.481099, SB loss: 0.312978
2025-05-21 17:45:40,720 Epoch: [1/20] Iter:[70/192], Time: 0.83, lr: [0.009383788283217955], Loss: 2.518397, Acc:0.375940, Semantic loss: 0.754619, BCE loss: 1.453543, SB loss: 0.310234
2025-05-21 17:45:47,080 Epoch: [1/20] Iter:[80/192], Time: 0.81, lr: [0.00936018126574482], Loss: 2.566891, Acc:0.375691, Semantic loss: 0.782914, BCE loss: 1.461911, SB loss: 0.322066
2025-05-21 17:45:53,514 Epoch: [1/20] Iter:[90/192], Time: 0.79, lr: [0.009336567631018769], Loss: 2.580066, Acc:0.375542, Semantic loss: 0.783342, BCE loss: 1.467568, SB loss: 0.329155
2025-05-21 17:45:59,936 Epoch: [1/20] Iter:[100/192], Time: 0.78, lr: [0.009312947358578814], Loss: 2.582722, Acc:0.374430, Semantic loss: 0.773979, BCE loss: 1.477510, SB loss: 0.331233
2025-05-21 17:46:06,361 Epoch: [1/20] Iter:[110/192], Time: 0.76, lr: [0.009289320427842841], Loss: 2.576242, Acc:0.376234, Semantic loss: 0.767500, BCE loss: 1.479996, SB loss: 0.328746
2025-05-21 17:46:12,292 Epoch: [1/20] Iter:[120/192], Time: 0.75, lr: [0.009265686818106552], Loss: 2.567961, Acc:0.378802, Semantic loss: 0.751983, BCE loss: 1.487342, SB loss: 0.328635
2025-05-21 17:46:18,461 Epoch: [1/20] Iter:[130/192], Time: 0.74, lr: [0.009242046508542393], Loss: 2.567031, Acc:0.380225, Semantic loss: 0.753043, BCE loss: 1.485086, SB loss: 0.328901
2025-05-21 17:46:24,792 Epoch: [1/20] Iter:[140/192], Time: 0.73, lr: [0.009218399478198466], Loss: 2.551111, Acc:0.381298, Semantic loss: 0.741853, BCE loss: 1.480322, SB loss: 0.328936
2025-05-21 17:46:31,114 Epoch: [1/20] Iter:[150/192], Time: 0.73, lr: [0.009194745705997428], Loss: 2.551493, Acc:0.385789, Semantic loss: 0.734802, BCE loss: 1.487476, SB loss: 0.329215
2025-05-21 17:46:37,507 Epoch: [1/20] Iter:[160/192], Time: 0.72, lr: [0.00917108517073538], Loss: 2.551687, Acc:0.388027, Semantic loss: 0.732291, BCE loss: 1.492465, SB loss: 0.326931
2025-05-21 17:46:43,757 Epoch: [1/20] Iter:[170/192], Time: 0.71, lr: [0.00914741785108075], Loss: 2.543649, Acc:0.390196, Semantic loss: 0.725034, BCE loss: 1.492587, SB loss: 0.326028
2025-05-21 17:46:49,696 Epoch: [1/20] Iter:[180/192], Time: 0.71, lr: [0.00912374372557314], Loss: 2.536940, Acc:0.390009, Semantic loss: 0.718950, BCE loss: 1.495430, SB loss: 0.322560
2025-05-21 17:46:55,539 Epoch: [1/20] Iter:[190/192], Time: 0.70, lr: [0.009100062772622186], Loss: 2.528676, Acc:0.392509, Semantic loss: 0.711328, BCE loss: 1.497926, SB loss: 0.319422
2025-05-21 17:50:01,481 => saving checkpoint to output\loveda\pidnet_small_loveda\aug_hfcheckpoint.pth.tar
2025-05-21 17:50:01,732 Loss: 5.700, MeanIU:  0.2105, Best_mIoU:  0.2105
2025-05-21 17:50:01,733 [0.14061982 0.29111321 0.20079031 0.26682049 0.08995178 0.12658474
 0.35787749]
2025-05-21 17:50:16,858 Epoch: [2/20] Iter:[0/192], Time: 14.87, lr: [0.009095325760829623], Loss: 2.317543, Acc:0.471014, Semantic loss: 0.479299, BCE loss: 1.583965, SB loss: 0.254279
2025-05-21 17:50:22,991 Epoch: [2/20] Iter:[10/192], Time: 1.91, lr: [0.009071636586262652], Loss: 2.378985, Acc:0.448179, Semantic loss: 0.622422, BCE loss: 1.518126, SB loss: 0.238437
2025-05-21 17:50:29,247 Epoch: [2/20] Iter:[20/192], Time: 1.30, lr: [0.009047940536290279], Loss: 2.436691, Acc:0.432803, Semantic loss: 0.681731, BCE loss: 1.428057, SB loss: 0.326903
2025-05-21 17:50:35,576 Epoch: [2/20] Iter:[30/192], Time: 1.08, lr: [0.009024237588898336], Loss: 2.434181, Acc:0.433605, Semantic loss: 0.653082, BCE loss: 1.457394, SB loss: 0.323705
2025-05-21 17:50:41,908 Epoch: [2/20] Iter:[40/192], Time: 0.97, lr: [0.009000527721937697], Loss: 2.438791, Acc:0.429014, Semantic loss: 0.654050, BCE loss: 1.466700, SB loss: 0.318042
2025-05-21 17:50:48,251 Epoch: [2/20] Iter:[50/192], Time: 0.91, lr: [0.008976810913123051], Loss: 2.411424, Acc:0.432040, Semantic loss: 0.645971, BCE loss: 1.448533, SB loss: 0.316920
2025-05-21 17:50:54,704 Epoch: [2/20] Iter:[60/192], Time: 0.86, lr: [0.008953087140031669], Loss: 2.395439, Acc:0.432028, Semantic loss: 0.634131, BCE loss: 1.448576, SB loss: 0.312733
2025-05-21 17:51:00,515 Epoch: [2/20] Iter:[70/192], Time: 0.82, lr: [0.008929356380102142], Loss: 2.382772, Acc:0.430352, Semantic loss: 0.627608, BCE loss: 1.448816, SB loss: 0.306348
2025-05-21 17:51:06,180 Epoch: [2/20] Iter:[80/192], Time: 0.79, lr: [0.008905618610633112], Loss: 2.380527, Acc:0.433177, Semantic loss: 0.616289, BCE loss: 1.464233, SB loss: 0.300005
2025-05-21 17:51:11,752 Epoch: [2/20] Iter:[90/192], Time: 0.77, lr: [0.008881873808781991], Loss: 2.368574, Acc:0.433037, Semantic loss: 0.603671, BCE loss: 1.465221, SB loss: 0.299682
2025-05-21 17:51:17,298 Epoch: [2/20] Iter:[100/192], Time: 0.75, lr: [0.008858121951563658], Loss: 2.373926, Acc:0.432404, Semantic loss: 0.605489, BCE loss: 1.471093, SB loss: 0.297344
2025-05-21 17:51:22,827 Epoch: [2/20] Iter:[110/192], Time: 0.73, lr: [0.008834363015849136], Loss: 2.384796, Acc:0.436021, Semantic loss: 0.612449, BCE loss: 1.475307, SB loss: 0.297040
2025-05-21 17:51:28,317 Epoch: [2/20] Iter:[120/192], Time: 0.71, lr: [0.008810596978364274], Loss: 2.393067, Acc:0.435957, Semantic loss: 0.608782, BCE loss: 1.485865, SB loss: 0.298420
2025-05-21 17:51:33,850 Epoch: [2/20] Iter:[130/192], Time: 0.70, lr: [0.008786823815688379], Loss: 2.393859, Acc:0.437451, Semantic loss: 0.613302, BCE loss: 1.480099, SB loss: 0.300459
2025-05-21 17:51:39,589 Epoch: [2/20] Iter:[140/192], Time: 0.69, lr: [0.008763043504252865], Loss: 2.394964, Acc:0.438513, Semantic loss: 0.614277, BCE loss: 1.473935, SB loss: 0.306752
2025-05-21 17:51:45,616 Epoch: [2/20] Iter:[150/192], Time: 0.69, lr: [0.008739256020339866], Loss: 2.403081, Acc:0.437794, Semantic loss: 0.616640, BCE loss: 1.475842, SB loss: 0.310600
2025-05-21 17:51:51,768 Epoch: [2/20] Iter:[160/192], Time: 0.68, lr: [0.00871546134008083], Loss: 2.395472, Acc:0.436814, Semantic loss: 0.615290, BCE loss: 1.474536, SB loss: 0.305647
2025-05-21 17:51:57,911 Epoch: [2/20] Iter:[170/192], Time: 0.68, lr: [0.008691659439455107], Loss: 2.386771, Acc:0.436258, Semantic loss: 0.613961, BCE loss: 1.467994, SB loss: 0.304816
2025-05-21 17:52:04,228 Epoch: [2/20] Iter:[180/192], Time: 0.68, lr: [0.008667850294288517], Loss: 2.382107, Acc:0.437122, Semantic loss: 0.612428, BCE loss: 1.460975, SB loss: 0.308703
2025-05-21 17:52:10,053 Epoch: [2/20] Iter:[190/192], Time: 0.67, lr: [0.008644033880251888], Loss: 2.384242, Acc:0.437821, Semantic loss: 0.610174, BCE loss: 1.464885, SB loss: 0.309183
2025-05-21 17:55:13,825 => saving checkpoint to output\loveda\pidnet_small_loveda\aug_hfcheckpoint.pth.tar
2025-05-21 17:55:14,080 Loss: 5.152, MeanIU:  0.2143, Best_mIoU:  0.2143
2025-05-21 17:55:14,080 [0.14640002 0.27319609 0.19163135 0.28156939 0.06437951 0.11625322
 0.42679047]
2025-05-21 17:55:28,757 Epoch: [3/20] Iter:[0/192], Time: 14.42, lr: [0.008639269723028191], Loss: 2.604213, Acc:0.450367, Semantic loss: 0.409962, BCE loss: 1.882112, SB loss: 0.312139
2025-05-21 17:55:34,196 Epoch: [3/20] Iter:[10/192], Time: 1.81, lr: [0.008615444554012613], Loss: 2.336843, Acc:0.444457, Semantic loss: 0.556796, BCE loss: 1.501006, SB loss: 0.279041
2025-05-21 17:55:39,748 Epoch: [3/20] Iter:[20/192], Time: 1.21, lr: [0.008591612062049989], Loss: 2.327521, Acc:0.450671, Semantic loss: 0.559381, BCE loss: 1.509868, SB loss: 0.258272
2025-05-21 17:55:45,303 Epoch: [3/20] Iter:[30/192], Time: 1.00, lr: [0.008567772222305215], Loss: 2.321505, Acc:0.453956, Semantic loss: 0.579990, BCE loss: 1.465229, SB loss: 0.276286
2025-05-21 17:55:51,311 Epoch: [3/20] Iter:[40/192], Time: 0.90, lr: [0.008543925009781886], Loss: 2.289400, Acc:0.453870, Semantic loss: 0.561845, BCE loss: 1.458685, SB loss: 0.268870
2025-05-21 17:55:57,553 Epoch: [3/20] Iter:[50/192], Time: 0.85, lr: [0.00852007039932076], Loss: 2.338345, Acc:0.461335, Semantic loss: 0.559738, BCE loss: 1.492609, SB loss: 0.285998
2025-05-21 17:56:03,756 Epoch: [3/20] Iter:[60/192], Time: 0.81, lr: [0.00849620836559818], Loss: 2.278580, Acc:0.458413, Semantic loss: 0.550594, BCE loss: 1.448667, SB loss: 0.279319
2025-05-21 17:56:09,992 Epoch: [3/20] Iter:[70/192], Time: 0.78, lr: [0.008472338883124477], Loss: 2.308593, Acc:0.459732, Semantic loss: 0.562846, BCE loss: 1.454473, SB loss: 0.291274
2025-05-21 17:56:15,486 Epoch: [3/20] Iter:[80/192], Time: 0.75, lr: [0.008448461926242374], Loss: 2.313086, Acc:0.459349, Semantic loss: 0.557438, BCE loss: 1.468409, SB loss: 0.287239
2025-05-21 17:56:20,892 Epoch: [3/20] Iter:[90/192], Time: 0.73, lr: [0.008424577469125337], Loss: 2.329348, Acc:0.460199, Semantic loss: 0.565028, BCE loss: 1.468991, SB loss: 0.295328
2025-05-21 17:56:26,286 Epoch: [3/20] Iter:[100/192], Time: 0.71, lr: [0.008400685485775935], Loss: 2.322539, Acc:0.460393, Semantic loss: 0.561073, BCE loss: 1.464122, SB loss: 0.297344
2025-05-21 17:56:31,691 Epoch: [3/20] Iter:[110/192], Time: 0.70, lr: [0.008376785950024154], Loss: 2.331841, Acc:0.460855, Semantic loss: 0.553165, BCE loss: 1.480115, SB loss: 0.298561
2025-05-21 17:56:37,111 Epoch: [3/20] Iter:[120/192], Time: 0.68, lr: [0.00835287883552571], Loss: 2.324820, Acc:0.464145, Semantic loss: 0.555286, BCE loss: 1.473157, SB loss: 0.296376
2025-05-21 17:56:42,499 Epoch: [3/20] Iter:[130/192], Time: 0.67, lr: [0.008328964115760324], Loss: 2.325164, Acc:0.462507, Semantic loss: 0.553552, BCE loss: 1.476048, SB loss: 0.295564
2025-05-21 17:56:47,907 Epoch: [3/20] Iter:[140/192], Time: 0.66, lr: [0.008305041764029988], Loss: 2.331447, Acc:0.461786, Semantic loss: 0.557971, BCE loss: 1.476831, SB loss: 0.296645
2025-05-21 17:56:53,325 Epoch: [3/20] Iter:[150/192], Time: 0.66, lr: [0.008281111753457188], Loss: 2.330163, Acc:0.461744, Semantic loss: 0.561561, BCE loss: 1.468308, SB loss: 0.300294
2025-05-21 17:56:58,741 Epoch: [3/20] Iter:[160/192], Time: 0.65, lr: [0.008257174056983133], Loss: 2.328290, Acc:0.462832, Semantic loss: 0.562477, BCE loss: 1.463828, SB loss: 0.301985
2025-05-21 17:57:04,138 Epoch: [3/20] Iter:[170/192], Time: 0.64, lr: [0.00823322864736593], Loss: 2.317669, Acc:0.459653, Semantic loss: 0.559490, BCE loss: 1.459231, SB loss: 0.298948
2025-05-21 17:57:09,530 Epoch: [3/20] Iter:[180/192], Time: 0.64, lr: [0.008209275497178764], Loss: 2.311596, Acc:0.459691, Semantic loss: 0.560388, BCE loss: 1.452857, SB loss: 0.298351
2025-05-21 17:57:14,904 Epoch: [3/20] Iter:[190/192], Time: 0.63, lr: [0.008185314578808021], Loss: 2.311380, Acc:0.459700, Semantic loss: 0.564826, BCE loss: 1.447489, SB loss: 0.299064
2025-05-21 18:00:18,073 => saving checkpoint to output\loveda\pidnet_small_loveda\aug_hfcheckpoint.pth.tar
2025-05-21 18:00:18,283 Loss: 4.961, MeanIU:  0.2302, Best_mIoU:  0.2302
2025-05-21 18:00:18,284 [0.14367688 0.330319   0.26112081 0.29135488 0.06996523 0.10075864
 0.41417643]
2025-05-21 18:00:32,649 Epoch: [4/20] Iter:[0/192], Time: 14.11, lr: [0.008180521460508584], Loss: 2.330170, Acc:0.606244, Semantic loss: 0.506335, BCE loss: 1.559577, SB loss: 0.264258
2025-05-21 18:00:38,672 Epoch: [4/20] Iter:[10/192], Time: 1.83, lr: [0.008156551183601795], Loss: 2.054239, Acc:0.443873, Semantic loss: 0.446614, BCE loss: 1.372486, SB loss: 0.235138
2025-05-21 18:00:45,165 Epoch: [4/20] Iter:[20/192], Time: 1.27, lr: [0.008132573077094668], Loss: 2.138341, Acc:0.467274, Semantic loss: 0.477124, BCE loss: 1.410316, SB loss: 0.250902
2025-05-21 18:00:51,127 Epoch: [4/20] Iter:[30/192], Time: 1.05, lr: [0.008108587112763079], Loss: 2.179775, Acc:0.476582, Semantic loss: 0.503561, BCE loss: 1.417850, SB loss: 0.258364
2025-05-21 18:00:57,022 Epoch: [4/20] Iter:[40/192], Time: 0.94, lr: [0.008084593262188028], Loss: 2.198207, Acc:0.477128, Semantic loss: 0.514338, BCE loss: 1.413472, SB loss: 0.270397
2025-05-21 18:01:03,168 Epoch: [4/20] Iter:[50/192], Time: 0.88, lr: [0.008060591496753653], Loss: 2.211272, Acc:0.474364, Semantic loss: 0.522039, BCE loss: 1.412762, SB loss: 0.276471
2025-05-21 18:01:09,472 Epoch: [4/20] Iter:[60/192], Time: 0.84, lr: [0.008036581787645204], Loss: 2.238280, Acc:0.472770, Semantic loss: 0.522463, BCE loss: 1.431261, SB loss: 0.284557
2025-05-21 18:01:15,563 Epoch: [4/20] Iter:[70/192], Time: 0.80, lr: [0.008012564105846994], Loss: 2.264307, Acc:0.470584, Semantic loss: 0.528928, BCE loss: 1.442945, SB loss: 0.292434
2025-05-21 18:01:21,178 Epoch: [4/20] Iter:[80/192], Time: 0.77, lr: [0.007988538422140333], Loss: 2.233547, Acc:0.471047, Semantic loss: 0.528083, BCE loss: 1.420827, SB loss: 0.284637
2025-05-21 18:01:26,649 Epoch: [4/20] Iter:[90/192], Time: 0.75, lr: [0.007964504707101411], Loss: 2.225385, Acc:0.470743, Semantic loss: 0.522179, BCE loss: 1.420983, SB loss: 0.282223
2025-05-21 18:01:32,172 Epoch: [4/20] Iter:[100/192], Time: 0.73, lr: [0.007940462931099176], Loss: 2.216978, Acc:0.474316, Semantic loss: 0.520619, BCE loss: 1.410798, SB loss: 0.285561
2025-05-21 18:01:38,006 Epoch: [4/20] Iter:[110/192], Time: 0.72, lr: [0.007916413064293163], Loss: 2.232939, Acc:0.475371, Semantic loss: 0.520173, BCE loss: 1.425708, SB loss: 0.287058
2025-05-21 18:01:43,812 Epoch: [4/20] Iter:[120/192], Time: 0.70, lr: [0.007892355076631318], Loss: 2.247299, Acc:0.475090, Semantic loss: 0.530676, BCE loss: 1.425506, SB loss: 0.291117
2025-05-21 18:01:49,541 Epoch: [4/20] Iter:[130/192], Time: 0.69, lr: [0.007868288937847752], Loss: 2.262668, Acc:0.475931, Semantic loss: 0.536812, BCE loss: 1.428346, SB loss: 0.297510
2025-05-21 18:01:54,976 Epoch: [4/20] Iter:[140/192], Time: 0.68, lr: [0.007844214617460508], Loss: 2.262919, Acc:0.474555, Semantic loss: 0.535493, BCE loss: 1.429871, SB loss: 0.297555
2025-05-21 18:02:00,687 Epoch: [4/20] Iter:[150/192], Time: 0.68, lr: [0.007820132084769268], Loss: 2.268884, Acc:0.475302, Semantic loss: 0.532686, BCE loss: 1.436515, SB loss: 0.299683
2025-05-21 18:02:06,235 Epoch: [4/20] Iter:[160/192], Time: 0.67, lr: [0.00779604130885303], Loss: 2.261491, Acc:0.473569, Semantic loss: 0.534947, BCE loss: 1.427265, SB loss: 0.299279
2025-05-21 18:02:12,165 Epoch: [4/20] Iter:[170/192], Time: 0.66, lr: [0.007771942258567773], Loss: 2.254018, Acc:0.473866, Semantic loss: 0.533181, BCE loss: 1.422732, SB loss: 0.298105
2025-05-21 18:02:18,175 Epoch: [4/20] Iter:[180/192], Time: 0.66, lr: [0.007747834902544056], Loss: 2.262343, Acc:0.473096, Semantic loss: 0.534994, BCE loss: 1.427187, SB loss: 0.300162
2025-05-21 18:02:23,874 Epoch: [4/20] Iter:[190/192], Time: 0.66, lr: [0.0077237192091846206], Loss: 2.262653, Acc:0.473381, Semantic loss: 0.532728, BCE loss: 1.428712, SB loss: 0.301214
2025-05-21 18:05:25,000 => saving checkpoint to output\loveda\pidnet_small_loveda\aug_hfcheckpoint.pth.tar
2025-05-21 18:05:25,235 Loss: 5.871, MeanIU:  0.2389, Best_mIoU:  0.2389
2025-05-21 18:05:25,236 [0.22180187 0.27014256 0.23307257 0.34375745 0.06180241 0.10312172
 0.43891199]
2025-05-21 18:05:40,160 Epoch: [5/20] Iter:[0/192], Time: 14.67, lr: [0.007718895067235705], Loss: 2.526778, Acc:0.537107, Semantic loss: 0.546048, BCE loss: 1.738105, SB loss: 0.242625
2025-05-21 18:05:45,923 Epoch: [5/20] Iter:[10/192], Time: 1.86, lr: [0.007694769327040611], Loss: 2.239101, Acc:0.486748, Semantic loss: 0.462835, BCE loss: 1.495749, SB loss: 0.280517
2025-05-21 18:05:51,866 Epoch: [5/20] Iter:[20/192], Time: 1.26, lr: [0.00767063517918174], Loss: 2.213802, Acc:0.482856, Semantic loss: 0.467010, BCE loss: 1.457306, SB loss: 0.289485
2025-05-21 18:05:57,819 Epoch: [5/20] Iter:[30/192], Time: 1.04, lr: [0.007646492591316132], Loss: 2.201415, Acc:0.486298, Semantic loss: 0.477042, BCE loss: 1.440951, SB loss: 0.283422
2025-05-21 18:06:04,013 Epoch: [5/20] Iter:[40/192], Time: 0.94, lr: [0.007622341530862476], Loss: 2.148837, Acc:0.482344, Semantic loss: 0.475203, BCE loss: 1.392887, SB loss: 0.280747
2025-05-21 18:06:09,706 Epoch: [5/20] Iter:[50/192], Time: 0.87, lr: [0.0075981819649984985], Loss: 2.140169, Acc:0.480555, Semantic loss: 0.471316, BCE loss: 1.394759, SB loss: 0.274094
2025-05-21 18:06:15,155 Epoch: [5/20] Iter:[60/192], Time: 0.81, lr: [0.007574013860658317], Loss: 2.150861, Acc:0.479214, Semantic loss: 0.473929, BCE loss: 1.403452, SB loss: 0.273480
2025-05-21 18:06:20,558 Epoch: [5/20] Iter:[70/192], Time: 0.78, lr: [0.007549837184529776], Loss: 2.161588, Acc:0.482184, Semantic loss: 0.475041, BCE loss: 1.409028, SB loss: 0.277518
2025-05-21 18:06:25,953 Epoch: [5/20] Iter:[80/192], Time: 0.75, lr: [0.0075256519030517215], Loss: 2.190078, Acc:0.484255, Semantic loss: 0.482684, BCE loss: 1.426604, SB loss: 0.280791
2025-05-21 18:06:31,331 Epoch: [5/20] Iter:[90/192], Time: 0.72, lr: [0.007501457982411236], Loss: 2.185331, Acc:0.483716, Semantic loss: 0.487746, BCE loss: 1.418394, SB loss: 0.279191
2025-05-21 18:06:36,724 Epoch: [5/20] Iter:[100/192], Time: 0.71, lr: [0.0074772553885408604], Loss: 2.199423, Acc:0.485035, Semantic loss: 0.492243, BCE loss: 1.422896, SB loss: 0.284284
2025-05-21 18:06:42,117 Epoch: [5/20] Iter:[110/192], Time: 0.69, lr: [0.007453044087115737], Loss: 2.194572, Acc:0.484048, Semantic loss: 0.496080, BCE loss: 1.415843, SB loss: 0.282650
2025-05-21 18:06:47,530 Epoch: [5/20] Iter:[120/192], Time: 0.68, lr: [0.007428824043550734], Loss: 2.211615, Acc:0.486996, Semantic loss: 0.499760, BCE loss: 1.423946, SB loss: 0.287909
2025-05-21 18:06:52,916 Epoch: [5/20] Iter:[130/192], Time: 0.67, lr: [0.007404595222997526], Loss: 2.223546, Acc:0.485148, Semantic loss: 0.502482, BCE loss: 1.429188, SB loss: 0.291876
2025-05-21 18:06:58,312 Epoch: [5/20] Iter:[140/192], Time: 0.66, lr: [0.007380357590341623], Loss: 2.230974, Acc:0.483941, Semantic loss: 0.505347, BCE loss: 1.430163, SB loss: 0.295464
2025-05-21 18:07:03,710 Epoch: [5/20] Iter:[150/192], Time: 0.65, lr: [0.007356111110199354], Loss: 2.234440, Acc:0.482022, Semantic loss: 0.506863, BCE loss: 1.429933, SB loss: 0.297644
2025-05-21 18:07:09,123 Epoch: [5/20] Iter:[160/192], Time: 0.64, lr: [0.00733185574691482], Loss: 2.237289, Acc:0.483122, Semantic loss: 0.507171, BCE loss: 1.433652, SB loss: 0.296465
2025-05-21 18:07:14,536 Epoch: [5/20] Iter:[170/192], Time: 0.64, lr: [0.007307591464556783], Loss: 2.229542, Acc:0.483616, Semantic loss: 0.508795, BCE loss: 1.423640, SB loss: 0.297107
2025-05-21 18:07:19,980 Epoch: [5/20] Iter:[180/192], Time: 0.63, lr: [0.007283318226915514], Loss: 2.219208, Acc:0.483904, Semantic loss: 0.506589, BCE loss: 1.415646, SB loss: 0.296972
2025-05-21 18:07:25,609 Epoch: [5/20] Iter:[190/192], Time: 0.63, lr: [0.007259035997499604], Loss: 2.230694, Acc:0.485231, Semantic loss: 0.509439, BCE loss: 1.423608, SB loss: 0.297646
2025-05-21 18:10:11,901 => saving checkpoint to output\loveda\pidnet_small_loveda\aug_hfcheckpoint.pth.tar
2025-05-21 18:10:11,995 Loss: 5.050, MeanIU:  0.2225, Best_mIoU:  0.2389
2025-05-21 18:10:11,995 [0.13444293 0.31493035 0.2583155  0.26203577 0.06029886 0.11995716
 0.40757807]
2025-05-21 18:10:26,244 Epoch: [6/20] Iter:[0/192], Time: 13.98, lr: [0.007254178469372199], Loss: 2.404388, Acc:0.688504, Semantic loss: 0.812164, BCE loss: 1.204500, SB loss: 0.387724
2025-05-21 18:10:31,711 Epoch: [6/20] Iter:[10/192], Time: 1.77, lr: [0.007229885401256642], Loss: 2.245156, Acc:0.503700, Semantic loss: 0.567819, BCE loss: 1.413547, SB loss: 0.263791
2025-05-21 18:10:37,850 Epoch: [6/20] Iter:[20/192], Time: 1.22, lr: [0.0072055832600777334], Loss: 2.223263, Acc:0.497968, Semantic loss: 0.567241, BCE loss: 1.380047, SB loss: 0.275975
2025-05-21 18:10:43,879 Epoch: [6/20] Iter:[30/192], Time: 1.02, lr: [0.007181272008420604], Loss: 2.189458, Acc:0.486051, Semantic loss: 0.525403, BCE loss: 1.392490, SB loss: 0.271565
2025-05-21 18:10:49,368 Epoch: [6/20] Iter:[40/192], Time: 0.91, lr: [0.007156951608574727], Loss: 2.199666, Acc:0.492099, Semantic loss: 0.521523, BCE loss: 1.405521, SB loss: 0.272622
2025-05-21 18:10:55,394 Epoch: [6/20] Iter:[50/192], Time: 0.85, lr: [0.007132622022530447], Loss: 2.161272, Acc:0.490475, Semantic loss: 0.506439, BCE loss: 1.386764, SB loss: 0.268069
2025-05-21 18:11:01,759 Epoch: [6/20] Iter:[60/192], Time: 0.81, lr: [0.007108283211975477], Loss: 2.158892, Acc:0.489779, Semantic loss: 0.495886, BCE loss: 1.393880, SB loss: 0.269125
2025-05-21 18:11:08,053 Epoch: [6/20] Iter:[70/192], Time: 0.79, lr: [0.007083935138291319], Loss: 2.164763, Acc:0.491011, Semantic loss: 0.491765, BCE loss: 1.397502, SB loss: 0.275495
2025-05-21 18:11:14,264 Epoch: [6/20] Iter:[80/192], Time: 0.77, lr: [0.007059577762549636], Loss: 2.176812, Acc:0.493413, Semantic loss: 0.497208, BCE loss: 1.397280, SB loss: 0.282324
2025-05-21 18:11:20,610 Epoch: [6/20] Iter:[90/192], Time: 0.75, lr: [0.007035211045508576], Loss: 2.189605, Acc:0.493736, Semantic loss: 0.497135, BCE loss: 1.408368, SB loss: 0.284101
2025-05-21 18:11:26,666 Epoch: [6/20] Iter:[100/192], Time: 0.74, lr: [0.0070108349476090265], Loss: 2.194124, Acc:0.492567, Semantic loss: 0.498396, BCE loss: 1.408013, SB loss: 0.287715
2025-05-21 18:11:32,235 Epoch: [6/20] Iter:[110/192], Time: 0.72, lr: [0.00698644942897081], Loss: 2.190545, Acc:0.492916, Semantic loss: 0.492810, BCE loss: 1.410634, SB loss: 0.287102
2025-05-21 18:11:37,905 Epoch: [6/20] Iter:[120/192], Time: 0.71, lr: [0.006962054449388827], Loss: 2.190389, Acc:0.493229, Semantic loss: 0.497007, BCE loss: 1.407418, SB loss: 0.285964
2025-05-21 18:11:43,422 Epoch: [6/20] Iter:[130/192], Time: 0.70, lr: [0.006937649968329135], Loss: 2.198726, Acc:0.494784, Semantic loss: 0.498265, BCE loss: 1.414578, SB loss: 0.285883
2025-05-21 18:11:48,869 Epoch: [6/20] Iter:[140/192], Time: 0.69, lr: [0.006913235944924954], Loss: 2.198404, Acc:0.493652, Semantic loss: 0.497118, BCE loss: 1.415820, SB loss: 0.285466
2025-05-21 18:11:54,312 Epoch: [6/20] Iter:[150/192], Time: 0.68, lr: [0.006888812337972621], Loss: 2.192181, Acc:0.495023, Semantic loss: 0.494888, BCE loss: 1.413344, SB loss: 0.283949
2025-05-21 18:11:59,776 Epoch: [6/20] Iter:[160/192], Time: 0.67, lr: [0.00686437910592748], Loss: 2.180132, Acc:0.493797, Semantic loss: 0.495354, BCE loss: 1.400957, SB loss: 0.283821
2025-05-21 18:12:05,227 Epoch: [6/20] Iter:[170/192], Time: 0.66, lr: [0.00683993620689969], Loss: 2.174989, Acc:0.494296, Semantic loss: 0.491901, BCE loss: 1.400116, SB loss: 0.282972
2025-05-21 18:12:10,691 Epoch: [6/20] Iter:[180/192], Time: 0.65, lr: [0.0068154835986499775], Loss: 2.182359, Acc:0.494554, Semantic loss: 0.492602, BCE loss: 1.406781, SB loss: 0.282976
2025-05-21 18:12:16,076 Epoch: [6/20] Iter:[190/192], Time: 0.65, lr: [0.006791021238585323], Loss: 2.193127, Acc:0.493761, Semantic loss: 0.493793, BCE loss: 1.414194, SB loss: 0.285140
2025-05-21 18:15:16,190 => saving checkpoint to output\loveda\pidnet_small_loveda\aug_hfcheckpoint.pth.tar
2025-05-21 18:15:16,326 Loss: 5.239, MeanIU:  0.2277, Best_mIoU:  0.2389
2025-05-21 18:15:16,328 [0.20889406 0.27723368 0.25528284 0.28412201 0.05763144 0.08559819
 0.42510329]
2025-05-21 18:15:30,773 Epoch: [7/20] Iter:[0/192], Time: 14.19, lr: [0.006786127592581251], Loss: 2.019815, Acc:0.503180, Semantic loss: 0.402273, BCE loss: 1.420358, SB loss: 0.197184
2025-05-21 18:15:36,128 Epoch: [7/20] Iter:[10/192], Time: 1.78, lr: [0.006761653473611295], Loss: 2.154925, Acc:0.504010, Semantic loss: 0.446278, BCE loss: 1.460215, SB loss: 0.248431
2025-05-21 18:15:41,499 Epoch: [7/20] Iter:[20/192], Time: 1.19, lr: [0.006737169507854796], Loss: 2.087090, Acc:0.516789, Semantic loss: 0.436017, BCE loss: 1.414243, SB loss: 0.236830
2025-05-21 18:15:46,894 Epoch: [7/20] Iter:[30/192], Time: 0.98, lr: [0.006712675651556858], Loss: 2.116227, Acc:0.515898, Semantic loss: 0.450390, BCE loss: 1.405314, SB loss: 0.260523
2025-05-21 18:15:52,307 Epoch: [7/20] Iter:[40/192], Time: 0.87, lr: [0.006688171860589905], Loss: 2.154769, Acc:0.515223, Semantic loss: 0.466707, BCE loss: 1.413892, SB loss: 0.274169
2025-05-21 18:15:57,708 Epoch: [7/20] Iter:[50/192], Time: 0.81, lr: [0.0066636580904489585], Loss: 2.186260, Acc:0.514519, Semantic loss: 0.468463, BCE loss: 1.446216, SB loss: 0.271581
2025-05-21 18:16:03,092 Epoch: [7/20] Iter:[60/192], Time: 0.76, lr: [0.006639134296246874], Loss: 2.212031, Acc:0.513354, Semantic loss: 0.473130, BCE loss: 1.454804, SB loss: 0.284098
2025-05-21 18:16:08,469 Epoch: [7/20] Iter:[70/192], Time: 0.73, lr: [0.0066146004327094585], Loss: 2.226337, Acc:0.510799, Semantic loss: 0.479422, BCE loss: 1.457304, SB loss: 0.289612
2025-05-21 18:16:13,843 Epoch: [7/20] Iter:[80/192], Time: 0.71, lr: [0.006590056454170537], Loss: 2.224550, Acc:0.507198, Semantic loss: 0.486716, BCE loss: 1.445656, SB loss: 0.292179
2025-05-21 18:16:19,228 Epoch: [7/20] Iter:[90/192], Time: 0.69, lr: [0.006565502314566912], Loss: 2.209002, Acc:0.505896, Semantic loss: 0.479240, BCE loss: 1.442591, SB loss: 0.287170
2025-05-21 18:16:24,596 Epoch: [7/20] Iter:[100/192], Time: 0.67, lr: [0.006540937967433255], Loss: 2.207551, Acc:0.508709, Semantic loss: 0.481692, BCE loss: 1.435848, SB loss: 0.290012
2025-05-21 18:16:29,978 Epoch: [7/20] Iter:[110/192], Time: 0.66, lr: [0.006516363365896894], Loss: 2.192217, Acc:0.507029, Semantic loss: 0.477387, BCE loss: 1.427721, SB loss: 0.287110
2025-05-21 18:16:35,357 Epoch: [7/20] Iter:[120/192], Time: 0.65, lr: [0.006491778462672531], Loss: 2.191917, Acc:0.506050, Semantic loss: 0.481594, BCE loss: 1.422090, SB loss: 0.288233
2025-05-21 18:16:40,827 Epoch: [7/20] Iter:[130/192], Time: 0.64, lr: [0.006467183210056843], Loss: 2.187857, Acc:0.504964, Semantic loss: 0.476569, BCE loss: 1.425475, SB loss: 0.285813
2025-05-21 18:16:47,047 Epoch: [7/20] Iter:[140/192], Time: 0.64, lr: [0.006442577559923017], Loss: 2.183025, Acc:0.504458, Semantic loss: 0.476251, BCE loss: 1.420995, SB loss: 0.285779
2025-05-21 18:16:53,268 Epoch: [7/20] Iter:[150/192], Time: 0.64, lr: [0.006417961463715172], Loss: 2.182884, Acc:0.506882, Semantic loss: 0.475778, BCE loss: 1.417689, SB loss: 0.289417
2025-05-21 18:16:58,652 Epoch: [7/20] Iter:[160/192], Time: 0.63, lr: [0.006393334872442681], Loss: 2.181461, Acc:0.507585, Semantic loss: 0.474777, BCE loss: 1.416898, SB loss: 0.289786
2025-05-21 18:17:04,119 Epoch: [7/20] Iter:[170/192], Time: 0.63, lr: [0.006368697736674411], Loss: 2.177919, Acc:0.508494, Semantic loss: 0.476164, BCE loss: 1.412053, SB loss: 0.289702
2025-05-21 18:17:09,565 Epoch: [7/20] Iter:[180/192], Time: 0.62, lr: [0.006344050006532848], Loss: 2.172229, Acc:0.507916, Semantic loss: 0.472569, BCE loss: 1.412604, SB loss: 0.287056
2025-05-21 18:17:14,890 Epoch: [7/20] Iter:[190/192], Time: 0.62, lr: [0.006319391631688114], Loss: 2.166253, Acc:0.509315, Semantic loss: 0.471414, BCE loss: 1.409779, SB loss: 0.285060
2025-05-21 18:20:16,423 => saving checkpoint to output\loveda\pidnet_small_loveda\aug_hfcheckpoint.pth.tar
2025-05-21 18:20:16,657 Loss: 6.234, MeanIU:  0.2521, Best_mIoU:  0.2521
2025-05-21 18:20:16,658 [0.26499135 0.32330521 0.30267391 0.25504721 0.09919293 0.08226952
 0.43695215]
2025-05-21 18:20:31,662 Epoch: [8/20] Iter:[0/192], Time: 14.75, lr: [0.006314458674893553], Loss: 2.470577, Acc:0.640051, Semantic loss: 0.496157, BCE loss: 1.681740, SB loss: 0.292679
2025-05-21 18:20:37,620 Epoch: [8/20] Iter:[10/192], Time: 1.88, lr: [0.006289787459323657], Loss: 2.239291, Acc:0.488227, Semantic loss: 0.450455, BCE loss: 1.528788, SB loss: 0.260048
2025-05-21 18:20:43,918 Epoch: [8/20] Iter:[20/192], Time: 1.29, lr: [0.006265105486702424], Loss: 2.196744, Acc:0.507591, Semantic loss: 0.460990, BCE loss: 1.466637, SB loss: 0.269116
2025-05-21 18:20:49,927 Epoch: [8/20] Iter:[30/192], Time: 1.07, lr: [0.006240412705211017], Loss: 2.196232, Acc:0.523868, Semantic loss: 0.461588, BCE loss: 1.451490, SB loss: 0.283154
2025-05-21 18:20:55,431 Epoch: [8/20] Iter:[40/192], Time: 0.94, lr: [0.006215709062551949], Loss: 2.200909, Acc:0.516109, Semantic loss: 0.482995, BCE loss: 1.434723, SB loss: 0.283191
2025-05-21 18:21:01,100 Epoch: [8/20] Iter:[50/192], Time: 0.87, lr: [0.006190994505942529], Loss: 2.163728, Acc:0.513432, Semantic loss: 0.476419, BCE loss: 1.412315, SB loss: 0.274994
2025-05-21 18:21:07,275 Epoch: [8/20] Iter:[60/192], Time: 0.83, lr: [0.006166268982108192], Loss: 2.172348, Acc:0.513104, Semantic loss: 0.466417, BCE loss: 1.433301, SB loss: 0.272630
2025-05-21 18:21:13,045 Epoch: [8/20] Iter:[70/192], Time: 0.79, lr: [0.006141532437275693], Loss: 2.162493, Acc:0.515524, Semantic loss: 0.466305, BCE loss: 1.420468, SB loss: 0.275719
2025-05-21 18:21:18,459 Epoch: [8/20] Iter:[80/192], Time: 0.76, lr: [0.006116784817166194], Loss: 2.186059, Acc:0.517469, Semantic loss: 0.473594, BCE loss: 1.434590, SB loss: 0.277874
2025-05-21 18:21:24,512 Epoch: [8/20] Iter:[90/192], Time: 0.74, lr: [0.006092026066988214], Loss: 2.182572, Acc:0.516596, Semantic loss: 0.472622, BCE loss: 1.431485, SB loss: 0.278465
2025-05-21 18:21:30,179 Epoch: [8/20] Iter:[100/192], Time: 0.73, lr: [0.006067256131430442], Loss: 2.179458, Acc:0.514968, Semantic loss: 0.474971, BCE loss: 1.422602, SB loss: 0.281885
2025-05-21 18:21:36,148 Epoch: [8/20] Iter:[110/192], Time: 0.71, lr: [0.00604247495465443], Loss: 2.148907, Acc:0.512252, Semantic loss: 0.467940, BCE loss: 1.402490, SB loss: 0.278476
2025-05-21 18:21:41,875 Epoch: [8/20] Iter:[120/192], Time: 0.70, lr: [0.006017682480287143], Loss: 2.153990, Acc:0.514242, Semantic loss: 0.466201, BCE loss: 1.410976, SB loss: 0.276812
2025-05-21 18:21:47,620 Epoch: [8/20] Iter:[130/192], Time: 0.69, lr: [0.00599287865141337], Loss: 2.147119, Acc:0.514206, Semantic loss: 0.464433, BCE loss: 1.407721, SB loss: 0.274965
2025-05-21 18:21:53,777 Epoch: [8/20] Iter:[140/192], Time: 0.69, lr: [0.005968063410567983], Loss: 2.147835, Acc:0.514426, Semantic loss: 0.462316, BCE loss: 1.408975, SB loss: 0.276544
2025-05-21 18:21:59,702 Epoch: [8/20] Iter:[150/192], Time: 0.68, lr: [0.00594323669972807], Loss: 2.149529, Acc:0.515713, Semantic loss: 0.458748, BCE loss: 1.415946, SB loss: 0.274834
2025-05-21 18:22:05,341 Epoch: [8/20] Iter:[160/192], Time: 0.67, lr: [0.005918398460304892], Loss: 2.150799, Acc:0.515387, Semantic loss: 0.458061, BCE loss: 1.416890, SB loss: 0.275848
2025-05-21 18:22:10,984 Epoch: [8/20] Iter:[170/192], Time: 0.67, lr: [0.0058935486331357125], Loss: 2.144499, Acc:0.515442, Semantic loss: 0.458009, BCE loss: 1.410415, SB loss: 0.276076
2025-05-21 18:22:16,590 Epoch: [8/20] Iter:[180/192], Time: 0.66, lr: [0.005868687158475447], Loss: 2.145313, Acc:0.515268, Semantic loss: 0.458954, BCE loss: 1.407639, SB loss: 0.278719
2025-05-21 18:22:21,936 Epoch: [8/20] Iter:[190/192], Time: 0.65, lr: [0.005843813975988169], Loss: 2.145466, Acc:0.514883, Semantic loss: 0.462494, BCE loss: 1.403209, SB loss: 0.279763
2025-05-21 18:25:15,726 => saving checkpoint to output\loveda\pidnet_small_loveda\aug_hfcheckpoint.pth.tar
2025-05-21 18:25:15,895 Loss: 6.687, MeanIU:  0.2391, Best_mIoU:  0.2521
2025-05-21 18:25:15,896 [0.26616088 0.32747663 0.25062986 0.21739827 0.06560057 0.0995628
 0.44678449]
2025-05-21 18:25:30,917 Epoch: [9/20] Iter:[0/192], Time: 14.77, lr: [0.0058388379291998025], Loss: 2.568268, Acc:0.565060, Semantic loss: 0.520538, BCE loss: 1.686120, SB loss: 0.361611
2025-05-21 18:25:36,378 Epoch: [9/20] Iter:[10/192], Time: 1.84, lr: [0.0058139506168319475], Loss: 2.123005, Acc:0.519500, Semantic loss: 0.464122, BCE loss: 1.372582, SB loss: 0.286302
2025-05-21 18:25:41,848 Epoch: [9/20] Iter:[20/192], Time: 1.22, lr: [0.005789051461775303], Loss: 2.142011, Acc:0.519193, Semantic loss: 0.434270, BCE loss: 1.420013, SB loss: 0.287727
2025-05-21 18:25:47,325 Epoch: [9/20] Iter:[30/192], Time: 1.01, lr: [0.005764140401744157], Loss: 2.197299, Acc:0.512458, Semantic loss: 0.446386, BCE loss: 1.461295, SB loss: 0.289617
2025-05-21 18:25:52,776 Epoch: [9/20] Iter:[40/192], Time: 0.89, lr: [0.005739217373824397], Loss: 2.155584, Acc:0.505681, Semantic loss: 0.439237, BCE loss: 1.433773, SB loss: 0.282574
2025-05-21 18:25:58,253 Epoch: [9/20] Iter:[50/192], Time: 0.83, lr: [0.005714282314464109], Loss: 2.163076, Acc:0.511271, Semantic loss: 0.431282, BCE loss: 1.449828, SB loss: 0.281966
2025-05-21 18:26:03,707 Epoch: [9/20] Iter:[60/192], Time: 0.78, lr: [0.005689335159463984], Loss: 2.213394, Acc:0.514421, Semantic loss: 0.463143, BCE loss: 1.461328, SB loss: 0.288923
2025-05-21 18:26:09,174 Epoch: [9/20] Iter:[70/192], Time: 0.75, lr: [0.0056643758439675305], Loss: 2.174862, Acc:0.514244, Semantic loss: 0.457497, BCE loss: 1.429804, SB loss: 0.287560
2025-05-21 18:26:14,623 Epoch: [9/20] Iter:[80/192], Time: 0.72, lr: [0.005639404302451105], Loss: 2.162129, Acc:0.512015, Semantic loss: 0.450994, BCE loss: 1.426686, SB loss: 0.284449
2025-05-21 18:26:20,076 Epoch: [9/20] Iter:[90/192], Time: 0.70, lr: [0.005614420468713722], Loss: 2.155660, Acc:0.515204, Semantic loss: 0.452408, BCE loss: 1.419150, SB loss: 0.284101
2025-05-21 18:26:25,550 Epoch: [9/20] Iter:[100/192], Time: 0.69, lr: [0.005589424275866668], Loss: 2.177464, Acc:0.516139, Semantic loss: 0.473272, BCE loss: 1.408560, SB loss: 0.295633
2025-05-21 18:26:31,010 Epoch: [9/20] Iter:[110/192], Time: 0.67, lr: [0.005564415656322913], Loss: 2.177691, Acc:0.516284, Semantic loss: 0.471542, BCE loss: 1.413690, SB loss: 0.292458
2025-05-21 18:26:36,478 Epoch: [9/20] Iter:[120/192], Time: 0.66, lr: [0.00553939454178628], Loss: 2.176854, Acc:0.515473, Semantic loss: 0.468040, BCE loss: 1.419347, SB loss: 0.289467
2025-05-21 18:26:41,958 Epoch: [9/20] Iter:[130/192], Time: 0.65, lr: [0.005514360863240413], Loss: 2.189892, Acc:0.516557, Semantic loss: 0.470623, BCE loss: 1.427902, SB loss: 0.291367
2025-05-21 18:26:47,418 Epoch: [9/20] Iter:[140/192], Time: 0.65, lr: [0.005489314550937511], Loss: 2.178994, Acc:0.516736, Semantic loss: 0.468395, BCE loss: 1.420449, SB loss: 0.290150
2025-05-21 18:26:52,889 Epoch: [9/20] Iter:[150/192], Time: 0.64, lr: [0.005464255534386825], Loss: 2.162834, Acc:0.515944, Semantic loss: 0.466482, BCE loss: 1.407617, SB loss: 0.288735
2025-05-21 18:26:58,360 Epoch: [9/20] Iter:[160/192], Time: 0.63, lr: [0.005439183742342914], Loss: 2.170719, Acc:0.515329, Semantic loss: 0.469072, BCE loss: 1.412476, SB loss: 0.289171
2025-05-21 18:27:03,820 Epoch: [9/20] Iter:[170/192], Time: 0.63, lr: [0.00541409910279366], Loss: 2.167424, Acc:0.516736, Semantic loss: 0.467771, BCE loss: 1.411580, SB loss: 0.288074
2025-05-21 18:27:09,340 Epoch: [9/20] Iter:[180/192], Time: 0.63, lr: [0.005389001542948025], Loss: 2.159282, Acc:0.516382, Semantic loss: 0.467894, BCE loss: 1.403255, SB loss: 0.288133
2025-05-21 18:27:14,759 Epoch: [9/20] Iter:[190/192], Time: 0.62, lr: [0.005363890989223547], Loss: 2.152858, Acc:0.516591, Semantic loss: 0.464226, BCE loss: 1.401573, SB loss: 0.287060
2025-05-21 18:29:51,913 => saving checkpoint to output\loveda\pidnet_small_loveda\aug_hfcheckpoint.pth.tar
2025-05-21 18:29:52,019 Loss: 6.133, MeanIU:  0.2483, Best_mIoU:  0.2521
2025-05-21 18:29:52,020 [0.2935243  0.27103174 0.2601636  0.30772401 0.0919636  0.06741985
 0.44658363]
2025-05-21 18:30:07,070 Epoch: [10/20] Iter:[0/192], Time: 14.80, lr: [0.005358867312681466], Loss: 1.663985, Acc:0.487806, Semantic loss: 0.390834, BCE loss: 1.016781, SB loss: 0.256370
2025-05-21 18:30:12,465 Epoch: [10/20] Iter:[10/192], Time: 1.84, lr: [0.005333741068040314], Loss: 2.100236, Acc:0.550364, Semantic loss: 0.421825, BCE loss: 1.438888, SB loss: 0.239523
2025-05-21 18:30:17,837 Epoch: [10/20] Iter:[20/192], Time: 1.22, lr: [0.0053086016647897714], Loss: 2.121436, Acc:0.562309, Semantic loss: 0.424891, BCE loss: 1.424423, SB loss: 0.272122
2025-05-21 18:30:23,225 Epoch: [10/20] Iter:[30/192], Time: 1.00, lr: [0.005283449026727663], Loss: 2.132844, Acc:0.550334, Semantic loss: 0.432607, BCE loss: 1.425463, SB loss: 0.274774
2025-05-21 18:30:28,584 Epoch: [10/20] Iter:[40/192], Time: 0.89, lr: [0.005258283076804885], Loss: 2.137625, Acc:0.543898, Semantic loss: 0.433708, BCE loss: 1.427262, SB loss: 0.276655
2025-05-21 18:30:33,968 Epoch: [10/20] Iter:[50/192], Time: 0.82, lr: [0.00523310373711144], Loss: 2.151597, Acc:0.535772, Semantic loss: 0.431213, BCE loss: 1.445442, SB loss: 0.274941
2025-05-21 18:30:39,344 Epoch: [10/20] Iter:[60/192], Time: 0.77, lr: [0.005207910928862159], Loss: 2.128738, Acc:0.537268, Semantic loss: 0.427214, BCE loss: 1.430211, SB loss: 0.271313
2025-05-21 18:30:44,706 Epoch: [10/20] Iter:[70/192], Time: 0.74, lr: [0.005182704572382109], Loss: 2.131267, Acc:0.535228, Semantic loss: 0.436930, BCE loss: 1.420326, SB loss: 0.274011
2025-05-21 18:30:50,087 Epoch: [10/20] Iter:[80/192], Time: 0.71, lr: [0.005157484587091684], Loss: 2.115146, Acc:0.531300, Semantic loss: 0.435162, BCE loss: 1.406012, SB loss: 0.273972
2025-05-21 18:30:55,469 Epoch: [10/20] Iter:[90/192], Time: 0.69, lr: [0.005132250891491357], Loss: 2.113164, Acc:0.530725, Semantic loss: 0.434325, BCE loss: 1.406270, SB loss: 0.272569
2025-05-21 18:31:00,830 Epoch: [10/20] Iter:[100/192], Time: 0.68, lr: [0.005107003403146087], Loss: 2.111177, Acc:0.526585, Semantic loss: 0.433950, BCE loss: 1.406395, SB loss: 0.270832
2025-05-21 18:31:06,205 Epoch: [10/20] Iter:[110/192], Time: 0.67, lr: [0.005081742038669388], Loss: 2.108287, Acc:0.527042, Semantic loss: 0.433860, BCE loss: 1.404626, SB loss: 0.269801
2025-05-21 18:31:11,590 Epoch: [10/20] Iter:[120/192], Time: 0.66, lr: [0.005056466713707024], Loss: 2.107089, Acc:0.528099, Semantic loss: 0.436332, BCE loss: 1.402141, SB loss: 0.268616
2025-05-21 18:31:16,989 Epoch: [10/20] Iter:[130/192], Time: 0.65, lr: [0.005031177342920337], Loss: 2.115727, Acc:0.527477, Semantic loss: 0.435652, BCE loss: 1.411018, SB loss: 0.269056
2025-05-21 18:31:22,369 Epoch: [10/20] Iter:[140/192], Time: 0.64, lr: [0.005005873839969192], Loss: 2.113498, Acc:0.529270, Semantic loss: 0.436530, BCE loss: 1.408444, SB loss: 0.268524
2025-05-21 18:31:27,754 Epoch: [10/20] Iter:[150/192], Time: 0.63, lr: [0.00498055611749454], Loss: 2.118506, Acc:0.531200, Semantic loss: 0.434985, BCE loss: 1.416152, SB loss: 0.267369
2025-05-21 18:31:33,098 Epoch: [10/20] Iter:[160/192], Time: 0.63, lr: [0.004955224087100552], Loss: 2.101695, Acc:0.532015, Semantic loss: 0.434122, BCE loss: 1.401928, SB loss: 0.265646
2025-05-21 18:31:38,468 Epoch: [10/20] Iter:[170/192], Time: 0.62, lr: [0.004929877659336362], Loss: 2.099346, Acc:0.531281, Semantic loss: 0.432211, BCE loss: 1.401593, SB loss: 0.265542
2025-05-21 18:31:43,844 Epoch: [10/20] Iter:[180/192], Time: 0.62, lr: [0.004904516743677371], Loss: 2.091986, Acc:0.532840, Semantic loss: 0.433464, BCE loss: 1.393089, SB loss: 0.265434
2025-05-21 18:31:49,162 Epoch: [10/20] Iter:[190/192], Time: 0.61, lr: [0.00487914124850611], Loss: 2.093749, Acc:0.532786, Semantic loss: 0.431099, BCE loss: 1.396798, SB loss: 0.265852
2025-05-21 18:34:34,384 => saving checkpoint to output\loveda\pidnet_small_loveda\aug_hfcheckpoint.pth.tar
2025-05-21 18:34:34,542 Loss: 6.351, MeanIU:  0.2621, Best_mIoU:  0.2621
2025-05-21 18:34:34,543 [0.28115775 0.3418286  0.31050237 0.25527136 0.08928415 0.10562099
 0.45107265]
2025-05-21 18:34:49,969 Epoch: [11/20] Iter:[0/192], Time: 15.18, lr: [0.004874064391789954], Loss: 1.563351, Acc:0.534155, Semantic loss: 0.415306, BCE loss: 0.895712, SB loss: 0.252333
2025-05-21 18:34:55,347 Epoch: [11/20] Iter:[10/192], Time: 1.87, lr: [0.004848671278701159], Loss: 2.130114, Acc:0.551834, Semantic loss: 0.450746, BCE loss: 1.402578, SB loss: 0.276790
2025-05-21 18:35:00,723 Epoch: [11/20] Iter:[20/192], Time: 1.23, lr: [0.0048232633805975296], Loss: 2.073629, Acc:0.547084, Semantic loss: 0.430249, BCE loss: 1.384793, SB loss: 0.258588
2025-05-21 18:35:06,099 Epoch: [11/20] Iter:[30/192], Time: 1.01, lr: [0.00479784060223045], Loss: 2.103016, Acc:0.550848, Semantic loss: 0.456527, BCE loss: 1.372608, SB loss: 0.273881
2025-05-21 18:35:11,457 Epoch: [11/20] Iter:[40/192], Time: 0.89, lr: [0.004772402847172951], Loss: 2.080747, Acc:0.548594, Semantic loss: 0.452211, BCE loss: 1.354077, SB loss: 0.274459
2025-05-21 18:35:16,817 Epoch: [11/20] Iter:[50/192], Time: 0.82, lr: [0.004746950017798064], Loss: 2.077396, Acc:0.548471, Semantic loss: 0.444799, BCE loss: 1.358414, SB loss: 0.274183
2025-05-21 18:35:22,212 Epoch: [11/20] Iter:[60/192], Time: 0.78, lr: [0.004721482015256639], Loss: 2.103418, Acc:0.543389, Semantic loss: 0.437225, BCE loss: 1.394519, SB loss: 0.271674
2025-05-21 18:35:27,579 Epoch: [11/20] Iter:[70/192], Time: 0.74, lr: [0.004695998739454633], Loss: 2.091085, Acc:0.543641, Semantic loss: 0.427438, BCE loss: 1.394919, SB loss: 0.268727
2025-05-21 18:35:32,960 Epoch: [11/20] Iter:[80/192], Time: 0.72, lr: [0.004670500089029817], Loss: 2.088268, Acc:0.541607, Semantic loss: 0.427288, BCE loss: 1.393269, SB loss: 0.267712
2025-05-21 18:35:38,336 Epoch: [11/20] Iter:[90/192], Time: 0.70, lr: [0.004644985961327915], Loss: 2.086408, Acc:0.541552, Semantic loss: 0.422950, BCE loss: 1.398338, SB loss: 0.265121
2025-05-21 18:35:43,705 Epoch: [11/20] Iter:[100/192], Time: 0.68, lr: [0.004619456252378151], Loss: 2.095456, Acc:0.540026, Semantic loss: 0.433373, BCE loss: 1.394951, SB loss: 0.267131
2025-05-21 18:35:49,089 Epoch: [11/20] Iter:[110/192], Time: 0.67, lr: [0.004593910856868159], Loss: 2.095503, Acc:0.540831, Semantic loss: 0.430097, BCE loss: 1.397629, SB loss: 0.267777
2025-05-21 18:35:54,479 Epoch: [11/20] Iter:[120/192], Time: 0.66, lr: [0.004568349668118281], Loss: 2.087026, Acc:0.540277, Semantic loss: 0.429937, BCE loss: 1.389535, SB loss: 0.267554
2025-05-21 18:35:59,832 Epoch: [11/20] Iter:[130/192], Time: 0.65, lr: [0.004542772578055196], Loss: 2.068149, Acc:0.540707, Semantic loss: 0.428529, BCE loss: 1.374225, SB loss: 0.265395
2025-05-21 18:36:05,219 Epoch: [11/20] Iter:[140/192], Time: 0.64, lr: [0.00451717947718487], Loss: 2.078749, Acc:0.540791, Semantic loss: 0.429735, BCE loss: 1.384480, SB loss: 0.264533
2025-05-21 18:36:10,587 Epoch: [11/20] Iter:[150/192], Time: 0.63, lr: [0.004491570254564817], Loss: 2.074344, Acc:0.539441, Semantic loss: 0.426824, BCE loss: 1.385009, SB loss: 0.262511
2025-05-21 18:36:15,974 Epoch: [11/20] Iter:[160/192], Time: 0.63, lr: [0.004465944797775636], Loss: 2.079594, Acc:0.539670, Semantic loss: 0.426045, BCE loss: 1.392140, SB loss: 0.261409
2025-05-21 18:36:21,356 Epoch: [11/20] Iter:[170/192], Time: 0.62, lr: [0.004440302992891796], Loss: 2.072013, Acc:0.540977, Semantic loss: 0.424528, BCE loss: 1.386838, SB loss: 0.260647
2025-05-21 18:36:26,740 Epoch: [11/20] Iter:[180/192], Time: 0.62, lr: [0.004414644724451659], Loss: 2.087697, Acc:0.540664, Semantic loss: 0.430244, BCE loss: 1.393233, SB loss: 0.264221
2025-05-21 18:36:32,046 Epoch: [11/20] Iter:[190/192], Time: 0.61, lr: [0.004388969875426714], Loss: 2.089111, Acc:0.537890, Semantic loss: 0.434235, BCE loss: 1.386493, SB loss: 0.268384
2025-05-21 18:39:33,392 => saving checkpoint to output\loveda\pidnet_small_loveda\aug_hfcheckpoint.pth.tar
2025-05-21 18:39:33,542 Loss: 5.977, MeanIU:  0.2592, Best_mIoU:  0.2621
2025-05-21 18:39:33,543 [0.27771427 0.31561593 0.31684972 0.26880856 0.08767257 0.11501662
 0.43268696]
2025-05-21 18:39:48,481 Epoch: [12/20] Iter:[0/192], Time: 14.68, lr: [0.0043838329055408696], Loss: 1.844821, Acc:0.527485, Semantic loss: 0.336803, BCE loss: 1.298992, SB loss: 0.209027
2025-05-21 18:39:53,836 Epoch: [12/20] Iter:[10/192], Time: 1.82, lr: [0.004358138003083593], Loss: 2.084106, Acc:0.509428, Semantic loss: 0.404431, BCE loss: 1.426202, SB loss: 0.253474
2025-05-21 18:39:59,226 Epoch: [12/20] Iter:[20/192], Time: 1.21, lr: [0.0043324262569064236], Loss: 2.099944, Acc:0.517048, Semantic loss: 0.411484, BCE loss: 1.443898, SB loss: 0.244562
2025-05-21 18:40:04,619 Epoch: [12/20] Iter:[30/192], Time: 0.99, lr: [0.0043066975447503065], Loss: 2.104446, Acc:0.532963, Semantic loss: 0.413578, BCE loss: 1.436702, SB loss: 0.254165
2025-05-21 18:40:09,986 Epoch: [12/20] Iter:[40/192], Time: 0.88, lr: [0.00428095174265078], Loss: 2.136636, Acc:0.539325, Semantic loss: 0.417494, BCE loss: 1.460729, SB loss: 0.258413
2025-05-21 18:40:15,363 Epoch: [12/20] Iter:[50/192], Time: 0.81, lr: [0.004255188724902623], Loss: 2.115800, Acc:0.540833, Semantic loss: 0.430189, BCE loss: 1.420399, SB loss: 0.265212
2025-05-21 18:40:20,715 Epoch: [12/20] Iter:[60/192], Time: 0.77, lr: [0.004229408364023519], Loss: 2.107372, Acc:0.541159, Semantic loss: 0.427644, BCE loss: 1.416992, SB loss: 0.262736
2025-05-21 18:40:26,083 Epoch: [12/20] Iter:[70/192], Time: 0.74, lr: [0.004203610530716726], Loss: 2.113635, Acc:0.544542, Semantic loss: 0.438143, BCE loss: 1.406485, SB loss: 0.269007
2025-05-21 18:40:31,458 Epoch: [12/20] Iter:[80/192], Time: 0.71, lr: [0.004177795093832693], Loss: 2.099887, Acc:0.546948, Semantic loss: 0.431467, BCE loss: 1.398596, SB loss: 0.269824
2025-05-21 18:40:36,825 Epoch: [12/20] Iter:[90/192], Time: 0.69, lr: [0.004151961920329593], Loss: 2.081224, Acc:0.543850, Semantic loss: 0.421942, BCE loss: 1.392789, SB loss: 0.266493
2025-05-21 18:40:42,203 Epoch: [12/20] Iter:[100/192], Time: 0.68, lr: [0.004126110875232744], Loss: 2.065021, Acc:0.543090, Semantic loss: 0.423654, BCE loss: 1.376898, SB loss: 0.264469
2025-05-21 18:40:47,598 Epoch: [12/20] Iter:[110/192], Time: 0.66, lr: [0.004100241821592866], Loss: 2.071905, Acc:0.545068, Semantic loss: 0.424590, BCE loss: 1.385658, SB loss: 0.261657
2025-05-21 18:40:52,953 Epoch: [12/20] Iter:[120/192], Time: 0.65, lr: [0.00407435462044314], Loss: 2.075703, Acc:0.543067, Semantic loss: 0.423521, BCE loss: 1.392022, SB loss: 0.260160
2025-05-21 18:40:58,295 Epoch: [12/20] Iter:[130/192], Time: 0.65, lr: [0.004048449130755016], Loss: 2.085636, Acc:0.542580, Semantic loss: 0.430485, BCE loss: 1.393266, SB loss: 0.261885
2025-05-21 18:41:03,636 Epoch: [12/20] Iter:[140/192], Time: 0.64, lr: [0.004022525209392749], Loss: 2.078336, Acc:0.541218, Semantic loss: 0.430621, BCE loss: 1.383769, SB loss: 0.263946
2025-05-21 18:41:09,028 Epoch: [12/20] Iter:[150/192], Time: 0.63, lr: [0.003996582711066572], Loss: 2.075797, Acc:0.542507, Semantic loss: 0.428858, BCE loss: 1.382878, SB loss: 0.264061
2025-05-21 18:41:14,426 Epoch: [12/20] Iter:[160/192], Time: 0.62, lr: [0.003970621488284514], Loss: 2.083496, Acc:0.543335, Semantic loss: 0.431905, BCE loss: 1.387031, SB loss: 0.264561
2025-05-21 18:41:19,813 Epoch: [12/20] Iter:[170/192], Time: 0.62, lr: [0.003944641391302759], Loss: 2.077578, Acc:0.543643, Semantic loss: 0.430346, BCE loss: 1.383735, SB loss: 0.263496
2025-05-21 18:41:25,193 Epoch: [12/20] Iter:[180/192], Time: 0.62, lr: [0.003918642268074522], Loss: 2.077875, Acc:0.543017, Semantic loss: 0.428903, BCE loss: 1.385056, SB loss: 0.263916
2025-05-21 18:41:30,611 Epoch: [12/20] Iter:[190/192], Time: 0.61, lr: [0.003892623964197378], Loss: 2.077528, Acc:0.542331, Semantic loss: 0.427011, BCE loss: 1.386735, SB loss: 0.263783
2025-05-21 18:44:31,411 => saving checkpoint to output\loveda\pidnet_small_loveda\aug_hfcheckpoint.pth.tar
2025-05-21 18:44:31,560 Loss: 6.490, MeanIU:  0.2551, Best_mIoU:  0.2621
2025-05-21 18:44:31,561 [0.22743257 0.34728435 0.33721043 0.25045842 0.08289297 0.09583197
 0.44492489]
2025-05-21 18:44:46,378 Epoch: [13/20] Iter:[0/192], Time: 14.56, lr: [0.0038874179879876346], Loss: 1.596838, Acc:0.673967, Semantic loss: 0.419170, BCE loss: 0.765328, SB loss: 0.412340
2025-05-21 18:44:51,745 Epoch: [13/20] Iter:[10/192], Time: 1.81, lr: [0.003861376460123532], Loss: 1.976457, Acc:0.562458, Semantic loss: 0.445555, BCE loss: 1.240542, SB loss: 0.290360
2025-05-21 18:44:57,120 Epoch: [13/20] Iter:[20/192], Time: 1.21, lr: [0.003835315403363414], Loss: 1.981849, Acc:0.545721, Semantic loss: 0.441794, BCE loss: 1.266016, SB loss: 0.274038
2025-05-21 18:45:02,500 Epoch: [13/20] Iter:[30/192], Time: 0.99, lr: [0.00380923465539378], Loss: 1.996637, Acc:0.552496, Semantic loss: 0.428622, BCE loss: 1.299200, SB loss: 0.268815
2025-05-21 18:45:07,861 Epoch: [13/20] Iter:[40/192], Time: 0.88, lr: [0.0037831340513060203], Loss: 1.995299, Acc:0.544413, Semantic loss: 0.427278, BCE loss: 1.306043, SB loss: 0.261977
2025-05-21 18:45:13,219 Epoch: [13/20] Iter:[50/192], Time: 0.81, lr: [0.003757013423534689], Loss: 1.977512, Acc:0.547823, Semantic loss: 0.423334, BCE loss: 1.295340, SB loss: 0.258838
2025-05-21 18:45:18,607 Epoch: [13/20] Iter:[60/192], Time: 0.77, lr: [0.003730872601793835], Loss: 2.025566, Acc:0.547009, Semantic loss: 0.425830, BCE loss: 1.336491, SB loss: 0.263246
2025-05-21 18:45:23,988 Epoch: [13/20] Iter:[70/192], Time: 0.73, lr: [0.0037047114130112895], Loss: 2.040426, Acc:0.552258, Semantic loss: 0.419396, BCE loss: 1.359931, SB loss: 0.261099
2025-05-21 18:45:29,345 Epoch: [13/20] Iter:[80/192], Time: 0.71, lr: [0.0036785296812608405], Loss: 2.035554, Acc:0.549656, Semantic loss: 0.425003, BCE loss: 1.350029, SB loss: 0.260521
2025-05-21 18:45:34,709 Epoch: [13/20] Iter:[90/192], Time: 0.69, lr: [0.003652327227692201], Loss: 2.032149, Acc:0.548998, Semantic loss: 0.423071, BCE loss: 1.350463, SB loss: 0.258615
2025-05-21 18:45:40,086 Epoch: [13/20] Iter:[100/192], Time: 0.68, lr: [0.0036261038704587037], Loss: 2.028300, Acc:0.549458, Semantic loss: 0.425010, BCE loss: 1.344518, SB loss: 0.258771
2025-05-21 18:45:45,462 Epoch: [13/20] Iter:[110/192], Time: 0.66, lr: [0.003599859424642584], Loss: 2.034007, Acc:0.549068, Semantic loss: 0.425086, BCE loss: 1.346782, SB loss: 0.262139
2025-05-21 18:45:50,847 Epoch: [13/20] Iter:[120/192], Time: 0.65, lr: [0.0035735937021778063], Loss: 2.053468, Acc:0.547521, Semantic loss: 0.422969, BCE loss: 1.367709, SB loss: 0.262790
2025-05-21 18:45:56,250 Epoch: [13/20] Iter:[130/192], Time: 0.64, lr: [0.0035473065117702885], Loss: 2.048892, Acc:0.546069, Semantic loss: 0.423086, BCE loss: 1.365143, SB loss: 0.260663
2025-05-21 18:46:01,647 Epoch: [13/20] Iter:[140/192], Time: 0.64, lr: [0.003520997658815433], Loss: 2.049223, Acc:0.545061, Semantic loss: 0.421983, BCE loss: 1.366534, SB loss: 0.260705
2025-05-21 18:46:07,019 Epoch: [13/20] Iter:[150/192], Time: 0.63, lr: [0.003494666945312851], Loss: 2.053667, Acc:0.545212, Semantic loss: 0.423814, BCE loss: 1.370507, SB loss: 0.259346
2025-05-21 18:46:12,417 Epoch: [13/20] Iter:[160/192], Time: 0.62, lr: [0.00346831416977816], Loss: 2.051846, Acc:0.544238, Semantic loss: 0.422804, BCE loss: 1.370698, SB loss: 0.258345
2025-05-21 18:46:17,816 Epoch: [13/20] Iter:[170/192], Time: 0.62, lr: [0.003441939127151716], Loss: 2.064225, Acc:0.544406, Semantic loss: 0.422932, BCE loss: 1.382321, SB loss: 0.258971
2025-05-21 18:46:23,210 Epoch: [13/20] Iter:[180/192], Time: 0.62, lr: [0.0034155416087041646], Loss: 2.055740, Acc:0.544623, Semantic loss: 0.420412, BCE loss: 1.377311, SB loss: 0.258016
2025-05-21 18:46:28,542 Epoch: [13/20] Iter:[190/192], Time: 0.61, lr: [0.0033891214019386652], Loss: 2.063552, Acc:0.546030, Semantic loss: 0.421361, BCE loss: 1.383902, SB loss: 0.258288
2025-05-21 18:49:26,545 => saving checkpoint to output\loveda\pidnet_small_loveda\aug_hfcheckpoint.pth.tar
2025-05-21 18:49:26,726 Loss: 6.414, MeanIU:  0.2676, Best_mIoU:  0.2676
2025-05-21 18:49:26,727 [0.31041364 0.3704296  0.35158688 0.21325093 0.07121886 0.10142019
 0.45471633]
2025-05-21 18:49:41,691 Epoch: [14/20] Iter:[0/192], Time: 14.71, lr: [0.0033838346190164987], Loss: 1.677190, Acc:0.616993, Semantic loss: 0.261858, BCE loss: 1.239715, SB loss: 0.175616
2025-05-21 18:49:47,064 Epoch: [14/20] Iter:[10/192], Time: 1.83, lr: [0.0033573869003190927], Loss: 1.940213, Acc:0.563409, Semantic loss: 0.371979, BCE loss: 1.318551, SB loss: 0.249683
2025-05-21 18:49:52,435 Epoch: [14/20] Iter:[20/192], Time: 1.21, lr: [0.0033309160120447595], Loss: 2.023251, Acc:0.547095, Semantic loss: 0.384473, BCE loss: 1.382899, SB loss: 0.255879
2025-05-21 18:49:57,821 Epoch: [14/20] Iter:[30/192], Time: 0.99, lr: [0.0033044217289421207], Loss: 2.023013, Acc:0.541209, Semantic loss: 0.385715, BCE loss: 1.391053, SB loss: 0.246245
2025-05-21 18:50:03,184 Epoch: [14/20] Iter:[40/192], Time: 0.88, lr: [0.0032779038215418194], Loss: 1.996071, Acc:0.540822, Semantic loss: 0.390453, BCE loss: 1.357488, SB loss: 0.248130
2025-05-21 18:50:08,568 Epoch: [14/20] Iter:[50/192], Time: 0.82, lr: [0.0032513620560388795], Loss: 2.012417, Acc:0.547268, Semantic loss: 0.408011, BCE loss: 1.354979, SB loss: 0.249427
2025-05-21 18:50:13,949 Epoch: [14/20] Iter:[60/192], Time: 0.77, lr: [0.003224796194170671], Loss: 2.034822, Acc:0.544415, Semantic loss: 0.398997, BCE loss: 1.384444, SB loss: 0.251381
2025-05-21 18:50:19,313 Epoch: [14/20] Iter:[70/192], Time: 0.74, lr: [0.003198205993090303], Loss: 2.041901, Acc:0.541086, Semantic loss: 0.403564, BCE loss: 1.382193, SB loss: 0.256144
2025-05-21 18:50:24,683 Epoch: [14/20] Iter:[80/192], Time: 0.71, lr: [0.0031715912052352204], Loss: 2.040199, Acc:0.544121, Semantic loss: 0.400819, BCE loss: 1.383096, SB loss: 0.256284
2025-05-21 18:50:30,060 Epoch: [14/20] Iter:[90/192], Time: 0.69, lr: [0.0031449515781907557], Loss: 2.034333, Acc:0.546121, Semantic loss: 0.403786, BCE loss: 1.373125, SB loss: 0.257423
2025-05-21 18:50:35,435 Epoch: [14/20] Iter:[100/192], Time: 0.68, lr: [0.003118286854548424], Loss: 2.040198, Acc:0.551146, Semantic loss: 0.404797, BCE loss: 1.378497, SB loss: 0.256904
2025-05-21 18:50:40,811 Epoch: [14/20] Iter:[110/192], Time: 0.67, lr: [0.003091596771758693], Loss: 2.041921, Acc:0.549856, Semantic loss: 0.406107, BCE loss: 1.378127, SB loss: 0.257687
2025-05-21 18:50:46,173 Epoch: [14/20] Iter:[120/192], Time: 0.65, lr: [0.0030648810619779434], Loss: 2.048351, Acc:0.551254, Semantic loss: 0.407817, BCE loss: 1.381915, SB loss: 0.258618
2025-05-21 18:50:51,540 Epoch: [14/20] Iter:[130/192], Time: 0.65, lr: [0.0030381394519093602], Loss: 2.050421, Acc:0.551486, Semantic loss: 0.413084, BCE loss: 1.377566, SB loss: 0.259772
2025-05-21 18:50:56,901 Epoch: [14/20] Iter:[140/192], Time: 0.64, lr: [0.003011371662637431], Loss: 2.034451, Acc:0.550248, Semantic loss: 0.412051, BCE loss: 1.366222, SB loss: 0.256179
2025-05-21 18:51:02,261 Epoch: [14/20] Iter:[150/192], Time: 0.63, lr: [0.0029845774094557345], Loss: 2.033790, Acc:0.549936, Semantic loss: 0.411688, BCE loss: 1.367360, SB loss: 0.254742
2025-05-21 18:51:07,632 Epoch: [14/20] Iter:[160/192], Time: 0.63, lr: [0.002957756401687678], Loss: 2.037709, Acc:0.551422, Semantic loss: 0.412678, BCE loss: 1.369242, SB loss: 0.255790
2025-05-21 18:51:13,018 Epoch: [14/20] Iter:[170/192], Time: 0.62, lr: [0.002930908342499829], Loss: 2.035018, Acc:0.551775, Semantic loss: 0.411926, BCE loss: 1.367527, SB loss: 0.255565
2025-05-21 18:51:18,382 Epoch: [14/20] Iter:[180/192], Time: 0.62, lr: [0.002904032928707437], Loss: 2.044576, Acc:0.550983, Semantic loss: 0.416202, BCE loss: 1.370726, SB loss: 0.257648
2025-05-21 18:51:23,710 Epoch: [14/20] Iter:[190/192], Time: 0.61, lr: [0.0028771298505717554], Loss: 2.051179, Acc:0.550551, Semantic loss: 0.414504, BCE loss: 1.380210, SB loss: 0.256465
2025-05-21 18:53:57,222 => saving checkpoint to output\loveda\pidnet_small_loveda\aug_hfcheckpoint.pth.tar
2025-05-21 18:53:57,676 Loss: 6.429, MeanIU:  0.2709, Best_mIoU:  0.2709
2025-05-21 18:53:57,677 [0.34404143 0.34876187 0.31574683 0.26131645 0.08265794 0.09197587
 0.45157845]
2025-05-21 18:54:12,742 Epoch: [15/20] Iter:[0/192], Time: 14.82, lr: [0.0028717458874925874], Loss: 1.767270, Acc:0.494797, Semantic loss: 0.333035, BCE loss: 1.192801, SB loss: 0.241435
2025-05-21 18:54:18,109 Epoch: [15/20] Iter:[10/192], Time: 1.83, lr: [0.0028448091937488323], Loss: 1.927834, Acc:0.552145, Semantic loss: 0.379263, BCE loss: 1.304256, SB loss: 0.244315
2025-05-21 18:54:23,481 Epoch: [15/20] Iter:[20/192], Time: 1.22, lr: [0.002817844130111582], Loss: 2.024935, Acc:0.531053, Semantic loss: 0.392142, BCE loss: 1.389157, SB loss: 0.243636
2025-05-21 18:54:28,844 Epoch: [15/20] Iter:[30/192], Time: 1.00, lr: [0.0027908503644035994], Loss: 2.032695, Acc:0.535253, Semantic loss: 0.388243, BCE loss: 1.401574, SB loss: 0.242878
2025-05-21 18:54:34,219 Epoch: [15/20] Iter:[40/192], Time: 0.88, lr: [0.0027638275569424097], Loss: 2.075813, Acc:0.538295, Semantic loss: 0.393464, BCE loss: 1.434664, SB loss: 0.247685
2025-05-21 18:54:39,578 Epoch: [15/20] Iter:[50/192], Time: 0.82, lr: [0.002736775360287257], Loss: 2.072083, Acc:0.537256, Semantic loss: 0.412501, BCE loss: 1.409321, SB loss: 0.250262
2025-05-21 18:54:44,973 Epoch: [15/20] Iter:[60/192], Time: 0.77, lr: [0.002709693418974644], Loss: 2.076653, Acc:0.546694, Semantic loss: 0.407755, BCE loss: 1.417605, SB loss: 0.251293
2025-05-21 18:54:50,325 Epoch: [15/20] Iter:[70/192], Time: 0.74, lr: [0.0026825813692418162], Loss: 2.061644, Acc:0.550074, Semantic loss: 0.408482, BCE loss: 1.398879, SB loss: 0.254283
2025-05-21 18:54:55,676 Epoch: [15/20] Iter:[80/192], Time: 0.71, lr: [0.0026554388387375], Loss: 2.043835, Acc:0.551930, Semantic loss: 0.404864, BCE loss: 1.386311, SB loss: 0.252660
2025-05-21 18:55:01,005 Epoch: [15/20] Iter:[90/192], Time: 0.69, lr: [0.002628265446219161], Loss: 2.048879, Acc:0.549707, Semantic loss: 0.408513, BCE loss: 1.385136, SB loss: 0.255230
2025-05-21 18:55:06,417 Epoch: [15/20] Iter:[100/192], Time: 0.68, lr: [0.002601060801235972], Loss: 2.041751, Acc:0.550047, Semantic loss: 0.410841, BCE loss: 1.376351, SB loss: 0.254558
2025-05-21 18:55:11,807 Epoch: [15/20] Iter:[110/192], Time: 0.67, lr: [0.002573824503796671], Loss: 2.050354, Acc:0.551319, Semantic loss: 0.410296, BCE loss: 1.386212, SB loss: 0.253846
2025-05-21 18:55:17,203 Epoch: [15/20] Iter:[120/192], Time: 0.66, lr: [0.00254655614402138], Loss: 2.053363, Acc:0.551583, Semantic loss: 0.407650, BCE loss: 1.391472, SB loss: 0.254241
2025-05-21 18:55:23,387 Epoch: [15/20] Iter:[130/192], Time: 0.65, lr: [0.0025192553017764118], Loss: 2.042791, Acc:0.551807, Semantic loss: 0.404768, BCE loss: 1.385299, SB loss: 0.252724
2025-05-21 18:55:29,785 Epoch: [15/20] Iter:[140/192], Time: 0.65, lr: [0.002491921546291034], Loss: 2.039603, Acc:0.552277, Semantic loss: 0.405964, BCE loss: 1.382011, SB loss: 0.251628
2025-05-21 18:55:36,169 Epoch: [15/20] Iter:[150/192], Time: 0.65, lr: [0.0024645544357550573], Loss: 2.044587, Acc:0.552422, Semantic loss: 0.410516, BCE loss: 1.379948, SB loss: 0.254123
2025-05-21 18:55:42,600 Epoch: [15/20] Iter:[160/192], Time: 0.65, lr: [0.002437153516896028], Loss: 2.044345, Acc:0.553682, Semantic loss: 0.409975, BCE loss: 1.379186, SB loss: 0.255184
2025-05-21 18:55:48,634 Epoch: [15/20] Iter:[170/192], Time: 0.65, lr: [0.0024097183245347467], Loss: 2.041876, Acc:0.552024, Semantic loss: 0.409018, BCE loss: 1.377969, SB loss: 0.254888
2025-05-21 18:55:55,006 Epoch: [15/20] Iter:[180/192], Time: 0.65, lr: [0.0023822483811177], Loss: 2.046444, Acc:0.551916, Semantic loss: 0.408548, BCE loss: 1.383080, SB loss: 0.254817
2025-05-21 18:56:00,787 Epoch: [15/20] Iter:[190/192], Time: 0.64, lr: [0.002354743196224891], Loss: 2.048952, Acc:0.553718, Semantic loss: 0.410427, BCE loss: 1.382867, SB loss: 0.255658
2025-05-21 18:58:54,364 => saving checkpoint to output\loveda\pidnet_small_loveda\aug_hfcheckpoint.pth.tar
2025-05-21 18:58:54,555 Loss: 6.008, MeanIU:  0.2816, Best_mIoU:  0.2816
2025-05-21 18:58:54,556 [0.37160095 0.36063309 0.33609777 0.28067647 0.09183903 0.08325001
 0.44725189]
2025-05-21 18:59:09,671 Epoch: [16/20] Iter:[0/192], Time: 14.87, lr: [0.0023492378861760376], Loss: 1.930672, Acc:0.459911, Semantic loss: 0.650899, BCE loss: 0.847723, SB loss: 0.432050
2025-05-21 18:59:15,056 Epoch: [16/20] Iter:[10/192], Time: 1.84, lr: [0.0023216897452738748], Loss: 2.028930, Acc:0.549099, Semantic loss: 0.424007, BCE loss: 1.316200, SB loss: 0.288724
2025-05-21 18:59:20,436 Epoch: [16/20] Iter:[20/192], Time: 1.22, lr: [0.0022941052360858027], Loss: 2.039881, Acc:0.549812, Semantic loss: 0.414150, BCE loss: 1.361640, SB loss: 0.264091
2025-05-21 18:59:25,831 Epoch: [16/20] Iter:[30/192], Time: 1.00, lr: [0.0022664838233947228], Loss: 2.053013, Acc:0.554577, Semantic loss: 0.422918, BCE loss: 1.374423, SB loss: 0.255672
2025-05-21 18:59:31,222 Epoch: [16/20] Iter:[40/192], Time: 0.89, lr: [0.0022388249567421017], Loss: 2.018971, Acc:0.550015, Semantic loss: 0.408921, BCE loss: 1.356870, SB loss: 0.253180
2025-05-21 18:59:36,615 Epoch: [16/20] Iter:[50/192], Time: 0.82, lr: [0.002211128069778427], Loss: 2.037626, Acc:0.553218, Semantic loss: 0.412999, BCE loss: 1.373138, SB loss: 0.251489
2025-05-21 18:59:41,985 Epoch: [16/20] Iter:[60/192], Time: 0.77, lr: [0.0021833925795765436], Loss: 2.034129, Acc:0.553401, Semantic loss: 0.411687, BCE loss: 1.369782, SB loss: 0.252660
2025-05-21 18:59:47,396 Epoch: [16/20] Iter:[70/192], Time: 0.74, lr: [0.0021556178859051967], Loss: 2.023610, Acc:0.552573, Semantic loss: 0.406359, BCE loss: 1.364275, SB loss: 0.252976
2025-05-21 18:59:52,802 Epoch: [16/20] Iter:[80/192], Time: 0.72, lr: [0.002127803370459852], Loss: 2.016913, Acc:0.555100, Semantic loss: 0.405602, BCE loss: 1.359110, SB loss: 0.252201
2025-05-21 18:59:58,219 Epoch: [16/20] Iter:[90/192], Time: 0.70, lr: [0.0020999483960476508], Loss: 2.011008, Acc:0.556794, Semantic loss: 0.400806, BCE loss: 1.359257, SB loss: 0.250945
2025-05-21 19:00:03,622 Epoch: [16/20] Iter:[100/192], Time: 0.68, lr: [0.0020720523057230294], Loss: 2.015044, Acc:0.559862, Semantic loss: 0.401618, BCE loss: 1.362200, SB loss: 0.251226
2025-05-21 19:00:09,034 Epoch: [16/20] Iter:[110/192], Time: 0.67, lr: [0.002044114421870228], Loss: 2.017911, Acc:0.559538, Semantic loss: 0.399388, BCE loss: 1.369859, SB loss: 0.248664
2025-05-21 19:00:14,428 Epoch: [16/20] Iter:[120/192], Time: 0.66, lr: [0.0020161340452285867], Loss: 2.028190, Acc:0.563129, Semantic loss: 0.405322, BCE loss: 1.371501, SB loss: 0.251367
2025-05-21 19:00:19,830 Epoch: [16/20] Iter:[130/192], Time: 0.65, lr: [0.001988110453856112], Loss: 2.022690, Acc:0.564302, Semantic loss: 0.407632, BCE loss: 1.362784, SB loss: 0.252274
2025-05-21 19:00:25,225 Epoch: [16/20] Iter:[140/192], Time: 0.64, lr: [0.0019600429020263607], Loss: 2.026909, Acc:0.562321, Semantic loss: 0.408787, BCE loss: 1.366163, SB loss: 0.251959
2025-05-21 19:00:30,615 Epoch: [16/20] Iter:[150/192], Time: 0.63, lr: [0.0019319306190532476], Loss: 2.033102, Acc:0.561214, Semantic loss: 0.410391, BCE loss: 1.371311, SB loss: 0.251400
2025-05-21 19:00:36,010 Epoch: [16/20] Iter:[160/192], Time: 0.63, lr: [0.0019037728080378042], Loss: 2.024129, Acc:0.558606, Semantic loss: 0.408721, BCE loss: 1.365620, SB loss: 0.249788
2025-05-21 19:00:41,464 Epoch: [16/20] Iter:[170/192], Time: 0.62, lr: [0.0018755686445303314], Loss: 2.037543, Acc:0.557132, Semantic loss: 0.409426, BCE loss: 1.376947, SB loss: 0.251170
2025-05-21 19:00:46,879 Epoch: [16/20] Iter:[180/192], Time: 0.62, lr: [0.001847317275100738], Loss: 2.032780, Acc:0.558370, Semantic loss: 0.410401, BCE loss: 1.371294, SB loss: 0.251085
2025-05-21 19:00:53,227 Epoch: [16/20] Iter:[190/192], Time: 0.62, lr: [0.0018190178158090872], Loss: 2.033100, Acc:0.556081, Semantic loss: 0.409412, BCE loss: 1.373831, SB loss: 0.249856
2025-05-21 19:03:57,575 => saving checkpoint to output\loveda\pidnet_small_loveda\aug_hfcheckpoint.pth.tar
2025-05-21 19:03:57,707 Loss: 6.260, MeanIU:  0.2584, Best_mIoU:  0.2816
2025-05-21 19:03:57,708 [0.35426446 0.30957767 0.30040423 0.23748671 0.08247927 0.08288275
 0.44158203]
2025-05-21 19:04:12,591 Epoch: [17/20] Iter:[0/192], Time: 14.63, lr: [0.0018133520731367456], Loss: 2.041728, Acc:0.606810, Semantic loss: 0.365161, BCE loss: 1.413424, SB loss: 0.263143
2025-05-21 19:04:18,617 Epoch: [17/20] Iter:[10/192], Time: 1.88, lr: [0.001784993693823396], Loss: 1.927049, Acc:0.561264, Semantic loss: 0.384346, BCE loss: 1.311235, SB loss: 0.231467
2025-05-21 19:04:25,040 Epoch: [17/20] Iter:[20/192], Time: 1.29, lr: [0.0017565851643374117], Loss: 1.913160, Acc:0.562429, Semantic loss: 0.407102, BCE loss: 1.273115, SB loss: 0.232943
2025-05-21 19:04:31,183 Epoch: [17/20] Iter:[30/192], Time: 1.07, lr: [0.0017281254915000803], Loss: 1.913398, Acc:0.562198, Semantic loss: 0.407083, BCE loss: 1.260469, SB loss: 0.245846
2025-05-21 19:04:36,933 Epoch: [17/20] Iter:[40/192], Time: 0.95, lr: [0.0016996136438923032], Loss: 1.961775, Acc:0.561594, Semantic loss: 0.420057, BCE loss: 1.291340, SB loss: 0.250378
2025-05-21 19:04:42,634 Epoch: [17/20] Iter:[50/192], Time: 0.88, lr: [0.0016710485496403851], Loss: 1.936151, Acc:0.553798, Semantic loss: 0.413282, BCE loss: 1.273936, SB loss: 0.248933
2025-05-21 19:04:48,849 Epoch: [17/20] Iter:[60/192], Time: 0.83, lr: [0.0016424290940290059], Loss: 1.969561, Acc:0.552734, Semantic loss: 0.408559, BCE loss: 1.311983, SB loss: 0.249018
2025-05-21 19:04:54,931 Epoch: [17/20] Iter:[70/192], Time: 0.80, lr: [0.0016137541169242962], Loss: 1.970487, Acc:0.552586, Semantic loss: 0.401317, BCE loss: 1.323644, SB loss: 0.245526
2025-05-21 19:05:00,366 Epoch: [17/20] Iter:[80/192], Time: 0.77, lr: [0.0015850224099878446], Loss: 1.979050, Acc:0.553213, Semantic loss: 0.397311, BCE loss: 1.338822, SB loss: 0.242917
2025-05-21 19:05:05,877 Epoch: [17/20] Iter:[90/192], Time: 0.75, lr: [0.001556232713660091], Loss: 1.998768, Acc:0.553373, Semantic loss: 0.396202, BCE loss: 1.361886, SB loss: 0.240680
2025-05-21 19:05:11,779 Epoch: [17/20] Iter:[100/192], Time: 0.73, lr: [0.0015273837138888994], Loss: 2.000411, Acc:0.555253, Semantic loss: 0.399065, BCE loss: 1.358749, SB loss: 0.242597
2025-05-21 19:05:17,538 Epoch: [17/20] Iter:[110/192], Time: 0.72, lr: [0.0014984740385759552], Loss: 1.986778, Acc:0.555421, Semantic loss: 0.393155, BCE loss: 1.352826, SB loss: 0.240797
2025-05-21 19:05:23,086 Epoch: [17/20] Iter:[120/192], Time: 0.70, lr: [0.0014695022537100475], Loss: 1.995668, Acc:0.558810, Semantic loss: 0.394157, BCE loss: 1.359813, SB loss: 0.241699
2025-05-21 19:05:29,254 Epoch: [17/20] Iter:[130/192], Time: 0.70, lr: [0.0014404668591521846], Loss: 1.996317, Acc:0.560080, Semantic loss: 0.397357, BCE loss: 1.356451, SB loss: 0.242508
2025-05-21 19:05:34,858 Epoch: [17/20] Iter:[140/192], Time: 0.69, lr: [0.0014113662840326588], Loss: 2.007979, Acc:0.560475, Semantic loss: 0.397287, BCE loss: 1.369801, SB loss: 0.240891
2025-05-21 19:05:40,658 Epoch: [17/20] Iter:[150/192], Time: 0.68, lr: [0.0013821988817145786], Loss: 2.013256, Acc:0.560147, Semantic loss: 0.396659, BCE loss: 1.375364, SB loss: 0.241232
2025-05-21 19:05:46,121 Epoch: [17/20] Iter:[160/192], Time: 0.67, lr: [0.0013529629242719093], Loss: 2.023327, Acc:0.560074, Semantic loss: 0.400560, BCE loss: 1.379837, SB loss: 0.242930
2025-05-21 19:05:51,619 Epoch: [17/20] Iter:[170/192], Time: 0.66, lr: [0.0013236565964223801], Loss: 2.025488, Acc:0.560706, Semantic loss: 0.398578, BCE loss: 1.384003, SB loss: 0.242906
2025-05-21 19:05:57,477 Epoch: [17/20] Iter:[180/192], Time: 0.66, lr: [0.0012942779888466518], Loss: 2.028668, Acc:0.560112, Semantic loss: 0.399847, BCE loss: 1.385445, SB loss: 0.243376
2025-05-21 19:06:03,168 Epoch: [17/20] Iter:[190/192], Time: 0.66, lr: [0.0012648250908145803], Loss: 2.027144, Acc:0.558929, Semantic loss: 0.400298, BCE loss: 1.381961, SB loss: 0.244885
2025-05-21 19:09:03,616 => saving checkpoint to output\loveda\pidnet_small_loveda\aug_hfcheckpoint.pth.tar
2025-05-21 19:09:03,736 Loss: 6.567, MeanIU:  0.2713, Best_mIoU:  0.2816
2025-05-21 19:09:03,737 [0.4019741  0.30598423 0.31624085 0.24955697 0.0943522  0.07762322
 0.45305012]
2025-05-21 19:09:18,697 Epoch: [18/20] Iter:[0/192], Time: 14.70, lr: [0.001258925411794167], Loss: 2.153574, Acc:0.570496, Semantic loss: 0.446493, BCE loss: 1.493324, SB loss: 0.213757
2025-05-21 19:09:24,080 Epoch: [18/20] Iter:[10/192], Time: 1.83, lr: [0.0012293805561511607], Loss: 2.016680, Acc:0.549647, Semantic loss: 0.388726, BCE loss: 1.404779, SB loss: 0.223176
2025-05-21 19:09:29,469 Epoch: [18/20] Iter:[20/192], Time: 1.21, lr: [0.0011997565879500753], Loss: 1.975882, Acc:0.552584, Semantic loss: 0.388076, BCE loss: 1.366952, SB loss: 0.220854
2025-05-21 19:09:34,882 Epoch: [18/20] Iter:[30/192], Time: 1.00, lr: [0.0011700511125444005], Loss: 2.017419, Acc:0.576533, Semantic loss: 0.394376, BCE loss: 1.383276, SB loss: 0.239767
2025-05-21 19:09:40,278 Epoch: [18/20] Iter:[40/192], Time: 0.88, lr: [0.0011402615929770753], Loss: 2.033227, Acc:0.568660, Semantic loss: 0.390934, BCE loss: 1.404828, SB loss: 0.237465
2025-05-21 19:09:45,653 Epoch: [18/20] Iter:[50/192], Time: 0.82, lr: [0.0011103853371305413], Loss: 2.017705, Acc:0.564065, Semantic loss: 0.402028, BCE loss: 1.372895, SB loss: 0.242781
2025-05-21 19:09:51,036 Epoch: [18/20] Iter:[60/192], Time: 0.77, lr: [0.001080419483295973], Loss: 2.045186, Acc:0.563705, Semantic loss: 0.414052, BCE loss: 1.385470, SB loss: 0.245664
2025-05-21 19:09:56,401 Epoch: [18/20] Iter:[70/192], Time: 0.74, lr: [0.0010503609839122385], Loss: 2.035508, Acc:0.563392, Semantic loss: 0.409454, BCE loss: 1.383342, SB loss: 0.242711
2025-05-21 19:10:01,820 Epoch: [18/20] Iter:[80/192], Time: 0.71, lr: [0.0010202065871765603], Loss: 2.040674, Acc:0.566250, Semantic loss: 0.406526, BCE loss: 1.389006, SB loss: 0.245142
2025-05-21 19:10:07,228 Epoch: [18/20] Iter:[90/192], Time: 0.69, lr: [0.000989952816168914], Loss: 2.034074, Acc:0.564541, Semantic loss: 0.403142, BCE loss: 1.386573, SB loss: 0.244359
2025-05-21 19:10:12,649 Epoch: [18/20] Iter:[100/192], Time: 0.68, lr: [0.0009595959450576828], Loss: 2.039751, Acc:0.562911, Semantic loss: 0.404250, BCE loss: 1.393395, SB loss: 0.242105
2025-05-21 19:10:18,040 Epoch: [18/20] Iter:[110/192], Time: 0.67, lr: [0.000929131971860904], Loss: 2.050726, Acc:0.562037, Semantic loss: 0.402496, BCE loss: 1.404240, SB loss: 0.243990
2025-05-21 19:10:23,414 Epoch: [18/20] Iter:[120/192], Time: 0.66, lr: [0.0008985565871200918], Loss: 2.030472, Acc:0.561151, Semantic loss: 0.400159, BCE loss: 1.386466, SB loss: 0.243847
2025-05-21 19:10:28,817 Epoch: [18/20] Iter:[130/192], Time: 0.65, lr: [0.0008678651376944955], Loss: 2.031708, Acc:0.562345, Semantic loss: 0.402281, BCE loss: 1.385493, SB loss: 0.243935
2025-05-21 19:10:34,221 Epoch: [18/20] Iter:[140/192], Time: 0.64, lr: [0.000837052584692747], Loss: 2.030176, Acc:0.563000, Semantic loss: 0.404597, BCE loss: 1.379404, SB loss: 0.246176
2025-05-21 19:10:39,631 Epoch: [18/20] Iter:[150/192], Time: 0.63, lr: [0.000806113454312208], Loss: 2.027605, Acc:0.561678, Semantic loss: 0.406927, BCE loss: 1.374409, SB loss: 0.246269
2025-05-21 19:10:45,031 Epoch: [18/20] Iter:[160/192], Time: 0.63, lr: [0.0007750417800344363], Loss: 2.020244, Acc:0.562484, Semantic loss: 0.405320, BCE loss: 1.368623, SB loss: 0.246301
2025-05-21 19:10:50,429 Epoch: [18/20] Iter:[170/192], Time: 0.62, lr: [0.0007438310342008949], Loss: 2.023453, Acc:0.561989, Semantic loss: 0.406054, BCE loss: 1.371735, SB loss: 0.245664
2025-05-21 19:10:55,829 Epoch: [18/20] Iter:[180/192], Time: 0.62, lr: [0.0007124740464272778], Loss: 2.020924, Acc:0.560809, Semantic loss: 0.402291, BCE loss: 1.373986, SB loss: 0.244648
2025-05-21 19:11:01,187 Epoch: [18/20] Iter:[190/192], Time: 0.61, lr: [0.0006809629055511224], Loss: 2.021521, Acc:0.561647, Semantic loss: 0.401215, BCE loss: 1.374753, SB loss: 0.245553
2025-05-21 19:14:02,131 => saving checkpoint to output\loveda\pidnet_small_loveda\aug_hfcheckpoint.pth.tar
2025-05-21 19:14:02,276 Loss: 6.313, MeanIU:  0.2736, Best_mIoU:  0.2816
2025-05-21 19:14:02,280 [0.38575462 0.3409497  0.31704823 0.25001547 0.09405781 0.08010862
 0.4470189 ]
2025-05-21 19:14:16,622 Epoch: [19/20] Iter:[0/192], Time: 14.10, lr: [0.0006746414238367822], Loss: 2.456180, Acc:0.473230, Semantic loss: 0.422016, BCE loss: 1.841283, SB loss: 0.192881
2025-05-21 19:14:21,979 Epoch: [19/20] Iter:[10/192], Time: 1.77, lr: [0.0006429336362339898], Loss: 2.056088, Acc:0.567581, Semantic loss: 0.371061, BCE loss: 1.463794, SB loss: 0.221232
2025-05-21 19:14:27,352 Epoch: [19/20] Iter:[20/192], Time: 1.18, lr: [0.0006110510578510947], Loss: 2.113332, Acc:0.566117, Semantic loss: 0.372237, BCE loss: 1.515027, SB loss: 0.226069
2025-05-21 19:14:32,717 Epoch: [19/20] Iter:[30/192], Time: 0.97, lr: [0.0005789824653018995], Loss: 2.026163, Acc:0.574064, Semantic loss: 0.390133, BCE loss: 1.405971, SB loss: 0.230059
2025-05-21 19:14:38,105 Epoch: [19/20] Iter:[40/192], Time: 0.87, lr: [0.0005467151732202777], Loss: 2.019297, Acc:0.567826, Semantic loss: 0.386961, BCE loss: 1.396218, SB loss: 0.236118
2025-05-21 19:14:43,489 Epoch: [19/20] Iter:[50/192], Time: 0.80, lr: [0.0005142347343351296], Loss: 2.040657, Acc:0.570614, Semantic loss: 0.394437, BCE loss: 1.404268, SB loss: 0.241952
2025-05-21 19:14:48,874 Epoch: [19/20] Iter:[60/192], Time: 0.76, lr: [0.0004815245523312483], Loss: 2.055075, Acc:0.571793, Semantic loss: 0.405974, BCE loss: 1.401445, SB loss: 0.247656
2025-05-21 19:14:54,246 Epoch: [19/20] Iter:[70/192], Time: 0.73, lr: [0.000448565373510549], Loss: 2.051083, Acc:0.564611, Semantic loss: 0.400537, BCE loss: 1.404402, SB loss: 0.246144
2025-05-21 19:14:59,618 Epoch: [19/20] Iter:[80/192], Time: 0.70, lr: [0.00041533460609889997], Loss: 2.045534, Acc:0.564149, Semantic loss: 0.400504, BCE loss: 1.401058, SB loss: 0.243972
2025-05-21 19:15:04,998 Epoch: [19/20] Iter:[90/192], Time: 0.69, lr: [0.00038180538785330436], Loss: 2.033819, Acc:0.562400, Semantic loss: 0.399209, BCE loss: 1.391641, SB loss: 0.242969
2025-05-21 19:15:10,386 Epoch: [19/20] Iter:[100/192], Time: 0.67, lr: [0.00034794527452517863], Loss: 2.044365, Acc:0.563276, Semantic loss: 0.404817, BCE loss: 1.396208, SB loss: 0.243339
2025-05-21 19:15:15,784 Epoch: [19/20] Iter:[110/192], Time: 0.66, lr: [0.00031371433588231993], Loss: 2.038190, Acc:0.561876, Semantic loss: 0.398364, BCE loss: 1.398401, SB loss: 0.241425
2025-05-21 19:15:21,146 Epoch: [19/20] Iter:[120/192], Time: 0.65, lr: [0.0002790622842837163], Loss: 2.047929, Acc:0.564122, Semantic loss: 0.404230, BCE loss: 1.398319, SB loss: 0.245380
2025-05-21 19:15:26,541 Epoch: [19/20] Iter:[130/192], Time: 0.64, lr: [0.0002439239356353784], Loss: 2.045699, Acc:0.564257, Semantic loss: 0.408347, BCE loss: 1.391952, SB loss: 0.245400
2025-05-21 19:15:31,937 Epoch: [19/20] Iter:[140/192], Time: 0.63, lr: [0.00020821159321002047], Loss: 2.040595, Acc:0.563434, Semantic loss: 0.405977, BCE loss: 1.391778, SB loss: 0.242840
2025-05-21 19:15:37,342 Epoch: [19/20] Iter:[150/192], Time: 0.63, lr: [0.00017180122628828942], Loss: 2.030061, Acc:0.565851, Semantic loss: 0.404952, BCE loss: 1.383324, SB loss: 0.241786
2025-05-21 19:15:43,076 Epoch: [19/20] Iter:[160/192], Time: 0.62, lr: [0.00013450451987183818], Loss: 2.029458, Acc:0.567869, Semantic loss: 0.406259, BCE loss: 1.380141, SB loss: 0.243058
2025-05-21 19:15:48,746 Epoch: [19/20] Iter:[170/192], Time: 0.62, lr: [9.600244875192536e-05], Loss: 2.018685, Acc:0.567819, Semantic loss: 0.403614, BCE loss: 1.371806, SB loss: 0.243265
2025-05-21 19:15:55,042 Epoch: [19/20] Iter:[180/192], Time: 0.62, lr: [5.563716848048335e-05], Loss: 2.025430, Acc:0.566331, Semantic loss: 0.402717, BCE loss: 1.379512, SB loss: 0.243201
2025-05-21 19:16:00,915 Epoch: [19/20] Iter:[190/192], Time: 0.62, lr: [1.1092486125349496e-05], Loss: 2.025665, Acc:0.564495, Semantic loss: 0.403013, BCE loss: 1.377923, SB loss: 0.244729
2025-05-21 19:18:40,616 => saving checkpoint to output\loveda\pidnet_small_loveda\aug_hfcheckpoint.pth.tar
2025-05-21 19:18:40,770 Loss: 6.375, MeanIU:  0.2733, Best_mIoU:  0.2816
2025-05-21 19:18:40,771 [0.37280364 0.35045883 0.32358968 0.24643963 0.0895886  0.08087283
 0.44917446]
2025-05-21 19:18:40,861 Hours: 1
2025-05-21 19:18:40,862 Done
