2025-01-06 17:30:15,053 Namespace(cfg='configs/loveda/pidnet_small_loveda.yaml', seed=304, opts=[])
2025-01-06 17:30:15,053 AUTO_RESUME: False
CUDNN:
  BENCHMARK: True
  DETERMINISTIC: False
  ENABLED: True
DATASET:
  DATASET: loveda
  EXTRA_TRAIN_SET: 
  NUM_CLASSES: 7
  ROOT: data/
  TEST_SET: list/loveda/val.lst
  TRAIN_SET: list/loveda/train.lst
GPUS: (0,)
LOG_DIR: log
LOSS:
  BALANCE_WEIGHTS: [0.4, 1.0]
  CLASS_BALANCE: False
  OHEMKEEP: 131072
  OHEMTHRES: 0.9
  SB_WEIGHTS: 1.0
  USE_OHEM: True
MODEL:
  ALIGN_CORNERS: True
  NAME: pidnet_small
  NUM_OUTPUTS: 2
  PRETRAINED: pretrained_models/imagenet/PIDNet_S_ImageNet.pth.tar
OUTPUT_DIR: output
PIN_MEMORY: True
PRINT_FREQ: 10
TEST:
  BASE_SIZE: 2048
  BATCH_SIZE_PER_GPU: 6
  FLIP_TEST: False
  IMAGE_SIZE: [2048, 1024]
  MODEL_FILE: output/loveda/pidnet_small_loveda/final_state.pt
  MULTI_SCALE: False
  OUTPUT_INDEX: 1
TRAIN:
  BASE_SIZE: 2048
  BATCH_SIZE_PER_GPU: 6
  BEGIN_EPOCH: 0
  END_EPOCH: 20
  EXTRA_EPOCH: 0
  EXTRA_LR: 0.001
  FLIP: True
  IGNORE_LABEL: 0
  IMAGE_SIZE: [1024, 1024]
  LR: 0.01
  MOMENTUM: 0.9
  MULTI_SCALE: True
  NESTEROV: False
  OPTIMIZER: sgd
  RESUME: True
  SCALE_FACTOR: 16
  SHUFFLE: True
  WD: 0.0005
WORKERS: 4
2025-01-06 17:30:15,217 Attention!!!
2025-01-06 17:30:15,217 Loaded 302 parameters!
2025-01-06 17:30:15,217 Over!!!
2025-01-06 17:30:26,602 Epoch: [0/20] Iter:[0/192], Time: 10.45, lr: [0.01], Loss: 16.831364, Acc:0.127125, Semantic loss: 7.122488, BCE loss: 4.090378, SB loss: 5.618498
2025-01-06 17:30:30,628 Epoch: [0/20] Iter:[10/192], Time: 1.30, lr: [0.009976559445324192], Loss: 12.057041, Acc:0.273332, Semantic loss: 5.459336, BCE loss: 2.810053, SB loss: 3.787652
2025-01-06 17:30:34,588 Epoch: [0/20] Iter:[20/192], Time: 0.87, lr: [0.009953112769592761], Loss: 10.102250, Acc:0.340786, Semantic loss: 4.476098, BCE loss: 2.513580, SB loss: 3.112572
2025-01-06 17:30:38,502 Epoch: [0/20] Iter:[30/192], Time: 0.71, lr: [0.009929659955177281], Loss: 8.931290, Acc:0.373795, Semantic loss: 3.816164, BCE loss: 2.332801, SB loss: 2.782325
2025-01-06 17:30:42,452 Epoch: [0/20] Iter:[40/192], Time: 0.64, lr: [0.009906200984352154], Loss: 8.212947, Acc:0.387323, Semantic loss: 3.415085, BCE loss: 2.197351, SB loss: 2.600511
2025-01-06 17:30:46,398 Epoch: [0/20] Iter:[50/192], Time: 0.59, lr: [0.009882735839293803], Loss: 7.851008, Acc:0.411511, Semantic loss: 3.193778, BCE loss: 2.081863, SB loss: 2.575368
2025-01-06 17:30:50,643 Epoch: [0/20] Iter:[60/192], Time: 0.56, lr: [0.00985926450207989], Loss: 7.418398, Acc:0.421580, Semantic loss: 3.014914, BCE loss: 2.007724, SB loss: 2.395759
2025-01-06 17:30:54,956 Epoch: [0/20] Iter:[70/192], Time: 0.54, lr: [0.009835786954688485], Loss: 7.140045, Acc:0.426681, Semantic loss: 2.916658, BCE loss: 1.957765, SB loss: 2.265621
2025-01-06 17:31:00,013 Epoch: [0/20] Iter:[80/192], Time: 0.54, lr: [0.00981230317899726], Loss: 6.875216, Acc:0.425918, Semantic loss: 2.818872, BCE loss: 1.907374, SB loss: 2.148970
2025-01-06 17:31:05,063 Epoch: [0/20] Iter:[90/192], Time: 0.54, lr: [0.009788813156782662], Loss: 6.658533, Acc:0.428541, Semantic loss: 2.726137, BCE loss: 1.894704, SB loss: 2.037693
2025-01-06 17:31:10,400 Epoch: [0/20] Iter:[100/192], Time: 0.54, lr: [0.009765316869719067], Loss: 6.458193, Acc:0.429105, Semantic loss: 2.654042, BCE loss: 1.854444, SB loss: 1.949706
2025-01-06 17:31:15,368 Epoch: [0/20] Iter:[110/192], Time: 0.53, lr: [0.009741814299377942], Loss: 6.311109, Acc:0.429175, Semantic loss: 2.600709, BCE loss: 1.824421, SB loss: 1.885979
2025-01-06 17:31:19,326 Epoch: [0/20] Iter:[120/192], Time: 0.52, lr: [0.009718305427226986], Loss: 6.199197, Acc:0.433752, Semantic loss: 2.542239, BCE loss: 1.826317, SB loss: 1.830642
2025-01-06 17:31:23,310 Epoch: [0/20] Iter:[130/192], Time: 0.51, lr: [0.009694790234629266], Loss: 6.186697, Acc:0.441513, Semantic loss: 2.492385, BCE loss: 1.809964, SB loss: 1.884348
2025-01-06 17:31:27,277 Epoch: [0/20] Iter:[140/192], Time: 0.50, lr: [0.009671268702842338], Loss: 6.075336, Acc:0.442978, Semantic loss: 2.456580, BCE loss: 1.786010, SB loss: 1.832746
2025-01-06 17:31:31,237 Epoch: [0/20] Iter:[150/192], Time: 0.50, lr: [0.009647740813017376], Loss: 5.999902, Acc:0.442685, Semantic loss: 2.433513, BCE loss: 1.775538, SB loss: 1.790852
2025-01-06 17:31:35,240 Epoch: [0/20] Iter:[160/192], Time: 0.49, lr: [0.009624206546198262], Loss: 5.933599, Acc:0.445878, Semantic loss: 2.397258, BCE loss: 1.773008, SB loss: 1.763334
2025-01-06 17:31:39,237 Epoch: [0/20] Iter:[170/192], Time: 0.48, lr: [0.009600665883320689], Loss: 5.881001, Acc:0.449615, Semantic loss: 2.379286, BCE loss: 1.771303, SB loss: 1.730413
2025-01-06 17:31:43,216 Epoch: [0/20] Iter:[180/192], Time: 0.48, lr: [0.009577118805211254], Loss: 5.943066, Acc:0.450476, Semantic loss: 2.368083, BCE loss: 1.764889, SB loss: 1.810093
2025-01-06 17:31:47,097 Epoch: [0/20] Iter:[190/192], Time: 0.48, lr: [0.009553565292586523], Loss: 5.899654, Acc:0.449030, Semantic loss: 2.355412, BCE loss: 1.757327, SB loss: 1.786915
2025-01-06 17:33:21,361 0 [0.         0.57857529 0.04845818 0.00060153 0.         0.00443031
 0.07951065] 0.10165370826701918
2025-01-06 17:33:21,361 1 [0.00000000e+00 2.47242903e-02 1.16462390e-02 3.16046186e-02
 5.27992885e-02 5.11782975e-02 3.02807835e-05] 0.02456900210870978
2025-01-06 17:33:21,369 => saving checkpoint to output\loveda\pidnet_small_lovedacheckpoint.pth.tar
2025-01-06 17:33:21,520 Loss: 111.022, MeanIU:  0.0246, Best_mIoU:  0.0246
2025-01-06 17:33:21,520 [0.00000000e+00 2.47242903e-02 1.16462390e-02 3.16046186e-02
 5.27992885e-02 5.11782975e-02 3.02807835e-05]
2025-01-06 17:33:28,145 Epoch: [1/20] Iter:[0/192], Time: 6.43, lr: [0.009548853816214998], Loss: 4.656702, Acc:0.358956, Semantic loss: 2.029763, BCE loss: 1.456820, SB loss: 1.170119
2025-01-06 17:33:32,114 Epoch: [1/20] Iter:[10/192], Time: 0.95, lr: [0.009525292556561479], Loss: 4.923399, Acc:0.474763, Semantic loss: 2.171404, BCE loss: 1.583626, SB loss: 1.168368
2025-01-06 17:33:36,051 Epoch: [1/20] Iter:[20/192], Time: 0.68, lr: [0.00950172481957719], Loss: 4.810367, Acc:0.463649, Semantic loss: 2.106339, BCE loss: 1.577505, SB loss: 1.126523
2025-01-06 17:33:39,952 Epoch: [1/20] Iter:[30/192], Time: 0.59, lr: [0.009478150585620286], Loss: 4.816609, Acc:0.456488, Semantic loss: 2.114907, BCE loss: 1.538641, SB loss: 1.163061
2025-01-06 17:33:43,851 Epoch: [1/20] Iter:[40/192], Time: 0.54, lr: [0.009454569834934885], Loss: 4.759585, Acc:0.456022, Semantic loss: 2.077690, BCE loss: 1.531235, SB loss: 1.150660
2025-01-06 17:33:47,758 Epoch: [1/20] Iter:[50/192], Time: 0.51, lr: [0.009430982547650114], Loss: 4.753031, Acc:0.462496, Semantic loss: 2.052619, BCE loss: 1.545511, SB loss: 1.154901
2025-01-06 17:33:51,674 Epoch: [1/20] Iter:[60/192], Time: 0.49, lr: [0.009407388703779091], Loss: 4.809424, Acc:0.464571, Semantic loss: 2.045718, BCE loss: 1.580185, SB loss: 1.183521
2025-01-06 17:33:55,580 Epoch: [1/20] Iter:[70/192], Time: 0.48, lr: [0.009383788283217955], Loss: 4.779363, Acc:0.471387, Semantic loss: 2.016788, BCE loss: 1.598298, SB loss: 1.164277
2025-01-06 17:33:59,445 Epoch: [1/20] Iter:[80/192], Time: 0.47, lr: [0.00936018126574482], Loss: 4.800411, Acc:0.460698, Semantic loss: 2.039658, BCE loss: 1.585008, SB loss: 1.175746
2025-01-06 17:34:03,340 Epoch: [1/20] Iter:[90/192], Time: 0.46, lr: [0.009336567631018769], Loss: 4.797891, Acc:0.466755, Semantic loss: 2.027435, BCE loss: 1.596665, SB loss: 1.173792
2025-01-06 17:34:07,264 Epoch: [1/20] Iter:[100/192], Time: 0.45, lr: [0.009312947358578814], Loss: 4.774255, Acc:0.469832, Semantic loss: 2.005751, BCE loss: 1.612631, SB loss: 1.155873
2025-01-06 17:34:11,172 Epoch: [1/20] Iter:[110/192], Time: 0.45, lr: [0.009289320427842841], Loss: 4.754677, Acc:0.471416, Semantic loss: 1.990400, BCE loss: 1.592007, SB loss: 1.172271
2025-01-06 17:34:15,100 Epoch: [1/20] Iter:[120/192], Time: 0.44, lr: [0.009265686818106552], Loss: 4.713370, Acc:0.473163, Semantic loss: 1.980752, BCE loss: 1.578964, SB loss: 1.153654
2025-01-06 17:34:19,012 Epoch: [1/20] Iter:[130/192], Time: 0.44, lr: [0.009242046508542393], Loss: 4.695621, Acc:0.475551, Semantic loss: 1.961135, BCE loss: 1.584714, SB loss: 1.149771
2025-01-06 17:34:22,906 Epoch: [1/20] Iter:[140/192], Time: 0.43, lr: [0.009218399478198466], Loss: 4.679457, Acc:0.473511, Semantic loss: 1.950196, BCE loss: 1.577921, SB loss: 1.151340
2025-01-06 17:34:26,797 Epoch: [1/20] Iter:[150/192], Time: 0.43, lr: [0.009194745705997428], Loss: 4.658139, Acc:0.470575, Semantic loss: 1.942627, BCE loss: 1.570184, SB loss: 1.145327
2025-01-06 17:34:30,690 Epoch: [1/20] Iter:[160/192], Time: 0.43, lr: [0.00917108517073538], Loss: 4.649437, Acc:0.469726, Semantic loss: 1.937394, BCE loss: 1.571214, SB loss: 1.140829
2025-01-06 17:34:34,582 Epoch: [1/20] Iter:[170/192], Time: 0.43, lr: [0.00914741785108075], Loss: 4.659280, Acc:0.468483, Semantic loss: 1.931353, BCE loss: 1.580922, SB loss: 1.147006
2025-01-06 17:34:38,492 Epoch: [1/20] Iter:[180/192], Time: 0.42, lr: [0.00912374372557314], Loss: 4.648778, Acc:0.468724, Semantic loss: 1.918667, BCE loss: 1.582163, SB loss: 1.147949
2025-01-06 17:34:42,372 Epoch: [1/20] Iter:[190/192], Time: 0.42, lr: [0.009100062772622186], Loss: 4.634996, Acc:0.470205, Semantic loss: 1.907314, BCE loss: 1.585701, SB loss: 1.141981
2025-01-06 17:36:18,371 0 [0.00000000e+00 2.20196601e-01 6.56669270e-02 2.08379544e-05
 0.00000000e+00 4.49478759e-05 0.00000000e+00] 0.04084704481719174
2025-01-06 17:36:18,371 1 [0.         0.17449273 0.07340952 0.         0.         0.0004208
 0.        ] 0.03547472140670206
2025-01-06 17:36:18,376 => saving checkpoint to output\loveda\pidnet_small_lovedacheckpoint.pth.tar
2025-01-06 17:36:18,499 Loss: 5.471, MeanIU:  0.0355, Best_mIoU:  0.0355
2025-01-06 17:36:18,499 [0.         0.17449273 0.07340952 0.         0.         0.0004208
 0.        ]
2025-01-06 17:36:25,249 Epoch: [2/20] Iter:[0/192], Time: 6.56, lr: [0.009095325760829623], Loss: 4.410357, Acc:0.374557, Semantic loss: 2.117543, BCE loss: 0.927861, SB loss: 1.364954
2025-01-06 17:36:29,181 Epoch: [2/20] Iter:[10/192], Time: 0.95, lr: [0.009071636586262652], Loss: 4.821570, Acc:0.437109, Semantic loss: 1.963254, BCE loss: 1.804087, SB loss: 1.054229
2025-01-06 17:36:33,087 Epoch: [2/20] Iter:[20/192], Time: 0.69, lr: [0.009047940536290279], Loss: 4.557587, Acc:0.443241, Semantic loss: 1.841579, BCE loss: 1.688696, SB loss: 1.027313
2025-01-06 17:36:36,989 Epoch: [2/20] Iter:[30/192], Time: 0.59, lr: [0.009024237588898336], Loss: 4.437661, Acc:0.454000, Semantic loss: 1.835961, BCE loss: 1.600027, SB loss: 1.001672
2025-01-06 17:36:40,876 Epoch: [2/20] Iter:[40/192], Time: 0.54, lr: [0.009000527721937697], Loss: 4.458631, Acc:0.440979, Semantic loss: 1.850955, BCE loss: 1.561412, SB loss: 1.046264
2025-01-06 17:36:44,780 Epoch: [2/20] Iter:[50/192], Time: 0.51, lr: [0.008976810913123051], Loss: 4.523754, Acc:0.442519, Semantic loss: 1.850547, BCE loss: 1.603587, SB loss: 1.069620
2025-01-06 17:36:48,709 Epoch: [2/20] Iter:[60/192], Time: 0.49, lr: [0.008953087140031669], Loss: 4.565098, Acc:0.441869, Semantic loss: 1.878187, BCE loss: 1.596616, SB loss: 1.090295
2025-01-06 17:36:52,622 Epoch: [2/20] Iter:[70/192], Time: 0.48, lr: [0.008929356380102142], Loss: 4.554890, Acc:0.447147, Semantic loss: 1.880228, BCE loss: 1.591201, SB loss: 1.083460
2025-01-06 17:36:56,559 Epoch: [2/20] Iter:[80/192], Time: 0.47, lr: [0.008905618610633112], Loss: 4.545129, Acc:0.456875, Semantic loss: 1.858089, BCE loss: 1.605252, SB loss: 1.081788
2025-01-06 17:37:00,473 Epoch: [2/20] Iter:[90/192], Time: 0.46, lr: [0.008881873808781991], Loss: 4.513035, Acc:0.465208, Semantic loss: 1.835959, BCE loss: 1.612043, SB loss: 1.065033
2025-01-06 17:37:04,404 Epoch: [2/20] Iter:[100/192], Time: 0.45, lr: [0.008858121951563658], Loss: 4.527765, Acc:0.464213, Semantic loss: 1.839967, BCE loss: 1.597266, SB loss: 1.090532
2025-01-06 17:37:08,312 Epoch: [2/20] Iter:[110/192], Time: 0.45, lr: [0.008834363015849136], Loss: 4.489205, Acc:0.468184, Semantic loss: 1.824206, BCE loss: 1.587280, SB loss: 1.077719
2025-01-06 17:37:12,251 Epoch: [2/20] Iter:[120/192], Time: 0.44, lr: [0.008810596978364274], Loss: 4.486557, Acc:0.470935, Semantic loss: 1.817522, BCE loss: 1.597282, SB loss: 1.071753
2025-01-06 17:37:16,158 Epoch: [2/20] Iter:[130/192], Time: 0.44, lr: [0.008786823815688379], Loss: 4.478531, Acc:0.472047, Semantic loss: 1.814928, BCE loss: 1.596807, SB loss: 1.066795
2025-01-06 17:37:20,070 Epoch: [2/20] Iter:[140/192], Time: 0.44, lr: [0.008763043504252865], Loss: 4.476114, Acc:0.473511, Semantic loss: 1.814785, BCE loss: 1.597764, SB loss: 1.063565
2025-01-06 17:37:23,958 Epoch: [2/20] Iter:[150/192], Time: 0.43, lr: [0.008739256020339866], Loss: 4.465088, Acc:0.472436, Semantic loss: 1.810977, BCE loss: 1.587362, SB loss: 1.066749
2025-01-06 17:37:27,860 Epoch: [2/20] Iter:[160/192], Time: 0.43, lr: [0.00871546134008083], Loss: 4.463918, Acc:0.473469, Semantic loss: 1.809546, BCE loss: 1.592917, SB loss: 1.061455
2025-01-06 17:37:31,773 Epoch: [2/20] Iter:[170/192], Time: 0.43, lr: [0.008691659439455107], Loss: 4.455510, Acc:0.476399, Semantic loss: 1.800428, BCE loss: 1.598376, SB loss: 1.056705
2025-01-06 17:37:35,668 Epoch: [2/20] Iter:[180/192], Time: 0.43, lr: [0.008667850294288517], Loss: 4.443750, Acc:0.475834, Semantic loss: 1.799383, BCE loss: 1.597497, SB loss: 1.046869
2025-01-06 17:37:39,543 Epoch: [2/20] Iter:[190/192], Time: 0.42, lr: [0.008644033880251888], Loss: 4.446642, Acc:0.476603, Semantic loss: 1.798835, BCE loss: 1.596983, SB loss: 1.050824
2025-01-06 17:39:08,529 0 [0.00000000e+00 5.83781155e-01 1.73232950e-01 0.00000000e+00
 1.07232190e-02 3.49362656e-07 7.93499527e-04] 0.10979016757957723
2025-01-06 17:39:08,530 1 [0.00000000e+00 5.55503243e-01 1.89850924e-01 1.33364462e-04
 0.00000000e+00 6.54876711e-04 6.35276196e-03] 0.1074993099331273
2025-01-06 17:39:08,535 => saving checkpoint to output\loveda\pidnet_small_lovedacheckpoint.pth.tar
2025-01-06 17:39:08,659 Loss: 4.298, MeanIU:  0.1075, Best_mIoU:  0.1075
2025-01-06 17:39:08,659 [0.00000000e+00 5.55503243e-01 1.89850924e-01 1.33364462e-04
 0.00000000e+00 6.54876711e-04 6.35276196e-03]
2025-01-06 17:39:16,007 Epoch: [3/20] Iter:[0/192], Time: 7.16, lr: [0.008639269723028191], Loss: 4.423978, Acc:0.362627, Semantic loss: 2.451172, BCE loss: 1.101335, SB loss: 0.871471
2025-01-06 17:39:20,551 Epoch: [3/20] Iter:[10/192], Time: 1.06, lr: [0.008615444554012613], Loss: 4.358919, Acc:0.425216, Semantic loss: 1.865293, BCE loss: 1.474973, SB loss: 1.018653
2025-01-06 17:39:25,465 Epoch: [3/20] Iter:[20/192], Time: 0.79, lr: [0.008591612062049989], Loss: 4.280953, Acc:0.474726, Semantic loss: 1.763471, BCE loss: 1.520146, SB loss: 0.997335
2025-01-06 17:39:29,400 Epoch: [3/20] Iter:[30/192], Time: 0.66, lr: [0.008567772222305215], Loss: 4.282173, Acc:0.474498, Semantic loss: 1.728949, BCE loss: 1.534789, SB loss: 1.018435
2025-01-06 17:39:33,363 Epoch: [3/20] Iter:[40/192], Time: 0.60, lr: [0.008543925009781886], Loss: 4.294234, Acc:0.479888, Semantic loss: 1.718600, BCE loss: 1.530712, SB loss: 1.044922
2025-01-06 17:39:37,352 Epoch: [3/20] Iter:[50/192], Time: 0.56, lr: [0.00852007039932076], Loss: 4.311011, Acc:0.473912, Semantic loss: 1.739300, BCE loss: 1.515253, SB loss: 1.056457
2025-01-06 17:39:41,415 Epoch: [3/20] Iter:[60/192], Time: 0.53, lr: [0.00849620836559818], Loss: 4.344560, Acc:0.463337, Semantic loss: 1.768303, BCE loss: 1.491460, SB loss: 1.084797
2025-01-06 17:39:45,506 Epoch: [3/20] Iter:[70/192], Time: 0.52, lr: [0.008472338883124477], Loss: 4.388429, Acc:0.468412, Semantic loss: 1.777034, BCE loss: 1.520609, SB loss: 1.090787
2025-01-06 17:39:49,535 Epoch: [3/20] Iter:[80/192], Time: 0.50, lr: [0.008448461926242374], Loss: 4.388862, Acc:0.466806, Semantic loss: 1.781492, BCE loss: 1.510044, SB loss: 1.097325
2025-01-06 17:39:53,573 Epoch: [3/20] Iter:[90/192], Time: 0.49, lr: [0.008424577469125337], Loss: 4.396074, Acc:0.467476, Semantic loss: 1.772766, BCE loss: 1.524300, SB loss: 1.099008
2025-01-06 17:39:57,616 Epoch: [3/20] Iter:[100/192], Time: 0.48, lr: [0.008400685485775935], Loss: 4.399216, Acc:0.473477, Semantic loss: 1.761485, BCE loss: 1.547123, SB loss: 1.090608
2025-01-06 17:40:01,665 Epoch: [3/20] Iter:[110/192], Time: 0.48, lr: [0.008376785950024154], Loss: 4.363002, Acc:0.476114, Semantic loss: 1.745214, BCE loss: 1.548844, SB loss: 1.068944
2025-01-06 17:40:05,705 Epoch: [3/20] Iter:[120/192], Time: 0.47, lr: [0.00835287883552571], Loss: 4.376817, Acc:0.474533, Semantic loss: 1.745256, BCE loss: 1.562035, SB loss: 1.069525
2025-01-06 17:40:09,786 Epoch: [3/20] Iter:[130/192], Time: 0.47, lr: [0.008328964115760324], Loss: 4.371293, Acc:0.473344, Semantic loss: 1.741068, BCE loss: 1.558887, SB loss: 1.071339
2025-01-06 17:40:13,864 Epoch: [3/20] Iter:[140/192], Time: 0.46, lr: [0.008305041764029988], Loss: 4.365598, Acc:0.475157, Semantic loss: 1.736680, BCE loss: 1.559917, SB loss: 1.069000
2025-01-06 17:40:17,914 Epoch: [3/20] Iter:[150/192], Time: 0.46, lr: [0.008281111753457188], Loss: 4.354177, Acc:0.476631, Semantic loss: 1.735330, BCE loss: 1.554884, SB loss: 1.063963
2025-01-06 17:40:21,957 Epoch: [3/20] Iter:[160/192], Time: 0.45, lr: [0.008257174056983133], Loss: 4.342064, Acc:0.478257, Semantic loss: 1.725015, BCE loss: 1.560756, SB loss: 1.056292
2025-01-06 17:40:26,028 Epoch: [3/20] Iter:[170/192], Time: 0.45, lr: [0.00823322864736593], Loss: 4.350955, Acc:0.478894, Semantic loss: 1.719209, BCE loss: 1.573571, SB loss: 1.058174
2025-01-06 17:40:30,123 Epoch: [3/20] Iter:[180/192], Time: 0.45, lr: [0.008209275497178764], Loss: 4.339868, Acc:0.479635, Semantic loss: 1.715828, BCE loss: 1.568281, SB loss: 1.055759
2025-01-06 17:40:34,065 Epoch: [3/20] Iter:[190/192], Time: 0.45, lr: [0.008185314578808021], Loss: 4.328756, Acc:0.480279, Semantic loss: 1.715061, BCE loss: 1.561859, SB loss: 1.051836
2025-01-06 17:42:07,760 0 [0.00000000e+00 5.71379699e-01 1.93088173e-01 4.89669457e-04
 1.46719787e-02 0.00000000e+00 2.28687378e-03] 0.11170234196134292
2025-01-06 17:42:07,760 1 [0.00000000e+00 5.40546086e-01 1.87123375e-01 3.36524192e-04
 1.99970762e-03 7.58940911e-04 0.00000000e+00] 0.10439494758813532
2025-01-06 17:42:07,765 => saving checkpoint to output\loveda\pidnet_small_lovedacheckpoint.pth.tar
2025-01-06 17:42:07,853 Loss: 4.660, MeanIU:  0.1044, Best_mIoU:  0.1075
2025-01-06 17:42:07,853 [0.00000000e+00 5.40546086e-01 1.87123375e-01 3.36524192e-04
 1.99970762e-03 7.58940911e-04 0.00000000e+00]
2025-01-06 17:42:14,724 Epoch: [4/20] Iter:[0/192], Time: 6.69, lr: [0.008180521460508584], Loss: 4.314775, Acc:0.536242, Semantic loss: 1.613641, BCE loss: 1.498029, SB loss: 1.203105
2025-01-06 17:42:18,700 Epoch: [4/20] Iter:[10/192], Time: 0.97, lr: [0.008156551183601795], Loss: 4.335743, Acc:0.478621, Semantic loss: 1.758565, BCE loss: 1.409450, SB loss: 1.167727
2025-01-06 17:42:22,719 Epoch: [4/20] Iter:[20/192], Time: 0.70, lr: [0.008132573077094668], Loss: 4.222987, Acc:0.492577, Semantic loss: 1.719283, BCE loss: 1.453877, SB loss: 1.049827
2025-01-06 17:42:26,755 Epoch: [4/20] Iter:[30/192], Time: 0.60, lr: [0.008108587112763079], Loss: 4.250154, Acc:0.494206, Semantic loss: 1.710628, BCE loss: 1.481719, SB loss: 1.057807
2025-01-06 17:42:30,781 Epoch: [4/20] Iter:[40/192], Time: 0.55, lr: [0.008084593262188028], Loss: 4.304058, Acc:0.491754, Semantic loss: 1.722322, BCE loss: 1.529300, SB loss: 1.052436
2025-01-06 17:42:34,834 Epoch: [4/20] Iter:[50/192], Time: 0.53, lr: [0.008060591496753653], Loss: 4.268408, Acc:0.487717, Semantic loss: 1.732635, BCE loss: 1.502637, SB loss: 1.033136
2025-01-06 17:42:38,870 Epoch: [4/20] Iter:[60/192], Time: 0.51, lr: [0.008036581787645204], Loss: 4.308518, Acc:0.483646, Semantic loss: 1.731220, BCE loss: 1.537357, SB loss: 1.039940
2025-01-06 17:42:42,923 Epoch: [4/20] Iter:[70/192], Time: 0.49, lr: [0.008012564105846994], Loss: 4.264573, Acc:0.481542, Semantic loss: 1.726862, BCE loss: 1.502115, SB loss: 1.035596
2025-01-06 17:42:47,000 Epoch: [4/20] Iter:[80/192], Time: 0.48, lr: [0.007988538422140333], Loss: 4.279111, Acc:0.484636, Semantic loss: 1.723280, BCE loss: 1.507869, SB loss: 1.047962
2025-01-06 17:42:51,023 Epoch: [4/20] Iter:[90/192], Time: 0.47, lr: [0.007964504707101411], Loss: 4.265960, Acc:0.483103, Semantic loss: 1.722542, BCE loss: 1.495422, SB loss: 1.047996
2025-01-06 17:42:55,057 Epoch: [4/20] Iter:[100/192], Time: 0.47, lr: [0.007940462931099176], Loss: 4.245403, Acc:0.487346, Semantic loss: 1.723198, BCE loss: 1.486555, SB loss: 1.035650
2025-01-06 17:42:59,085 Epoch: [4/20] Iter:[110/192], Time: 0.46, lr: [0.007916413064293163], Loss: 4.259199, Acc:0.488278, Semantic loss: 1.717085, BCE loss: 1.497493, SB loss: 1.044621
2025-01-06 17:43:03,162 Epoch: [4/20] Iter:[120/192], Time: 0.46, lr: [0.007892355076631318], Loss: 4.269239, Acc:0.492238, Semantic loss: 1.706576, BCE loss: 1.518220, SB loss: 1.044443
2025-01-06 17:43:07,197 Epoch: [4/20] Iter:[130/192], Time: 0.45, lr: [0.007868288937847752], Loss: 4.278022, Acc:0.491605, Semantic loss: 1.703634, BCE loss: 1.525615, SB loss: 1.048773
2025-01-06 17:43:11,228 Epoch: [4/20] Iter:[140/192], Time: 0.45, lr: [0.007844214617460508], Loss: 4.274509, Acc:0.492871, Semantic loss: 1.699555, BCE loss: 1.530574, SB loss: 1.044379
2025-01-06 17:43:15,275 Epoch: [4/20] Iter:[150/192], Time: 0.45, lr: [0.007820132084769268], Loss: 4.284464, Acc:0.487990, Semantic loss: 1.704287, BCE loss: 1.535006, SB loss: 1.045171
2025-01-06 17:43:19,328 Epoch: [4/20] Iter:[160/192], Time: 0.44, lr: [0.00779604130885303], Loss: 4.282022, Acc:0.490848, Semantic loss: 1.699560, BCE loss: 1.537782, SB loss: 1.044679
2025-01-06 17:43:23,360 Epoch: [4/20] Iter:[170/192], Time: 0.44, lr: [0.007771942258567773], Loss: 4.293989, Acc:0.490991, Semantic loss: 1.698711, BCE loss: 1.544821, SB loss: 1.050457
2025-01-06 17:43:27,478 Epoch: [4/20] Iter:[180/192], Time: 0.44, lr: [0.007747834902544056], Loss: 4.286813, Acc:0.491412, Semantic loss: 1.697587, BCE loss: 1.541906, SB loss: 1.047320
2025-01-06 17:43:31,416 Epoch: [4/20] Iter:[190/192], Time: 0.44, lr: [0.0077237192091846206], Loss: 4.311801, Acc:0.489983, Semantic loss: 1.706329, BCE loss: 1.551012, SB loss: 1.054460
2025-01-06 17:45:04,381 0 [0.00000000e+00 4.66850177e-01 1.22279259e-01 2.22950676e-07
 3.40227330e-03 9.94337116e-07 2.84911957e-03] 0.08505457792660444
2025-01-06 17:45:04,381 1 [0.00000000e+00 3.72981969e-01 9.84891705e-02 3.33986007e-06
 5.25823736e-03 2.33508693e-03 1.11398363e-03] 0.0685973982093099
2025-01-06 17:45:04,387 => saving checkpoint to output\loveda\pidnet_small_lovedacheckpoint.pth.tar
2025-01-06 17:45:04,472 Loss: 4.750, MeanIU:  0.0686, Best_mIoU:  0.1075
2025-01-06 17:45:04,472 [0.00000000e+00 3.72981969e-01 9.84891705e-02 3.33986007e-06
 5.25823736e-03 2.33508693e-03 1.11398363e-03]
2025-01-06 17:45:11,259 Epoch: [5/20] Iter:[0/192], Time: 6.61, lr: [0.007718895067235705], Loss: 4.079831, Acc:0.455932, Semantic loss: 1.608389, BCE loss: 1.466880, SB loss: 1.004561
2025-01-06 17:45:15,282 Epoch: [5/20] Iter:[10/192], Time: 0.97, lr: [0.007694769327040611], Loss: 4.417990, Acc:0.477408, Semantic loss: 1.711040, BCE loss: 1.572169, SB loss: 1.134781
2025-01-06 17:45:19,301 Epoch: [5/20] Iter:[20/192], Time: 0.70, lr: [0.00767063517918174], Loss: 4.240371, Acc:0.484241, Semantic loss: 1.714117, BCE loss: 1.451677, SB loss: 1.074577
2025-01-06 17:45:23,293 Epoch: [5/20] Iter:[30/192], Time: 0.60, lr: [0.007646492591316132], Loss: 4.118291, Acc:0.500564, Semantic loss: 1.644477, BCE loss: 1.443143, SB loss: 1.030671
2025-01-06 17:45:27,340 Epoch: [5/20] Iter:[40/192], Time: 0.55, lr: [0.007622341530862476], Loss: 4.175574, Acc:0.494052, Semantic loss: 1.674367, BCE loss: 1.458761, SB loss: 1.042447
2025-01-06 17:45:31,372 Epoch: [5/20] Iter:[50/192], Time: 0.52, lr: [0.0075981819649984985], Loss: 4.224958, Acc:0.486656, Semantic loss: 1.690266, BCE loss: 1.482166, SB loss: 1.052526
2025-01-06 17:45:35,433 Epoch: [5/20] Iter:[60/192], Time: 0.50, lr: [0.007574013860658317], Loss: 4.193029, Acc:0.491682, Semantic loss: 1.673892, BCE loss: 1.464773, SB loss: 1.054363
2025-01-06 17:45:39,436 Epoch: [5/20] Iter:[70/192], Time: 0.49, lr: [0.007549837184529776], Loss: 4.220963, Acc:0.493007, Semantic loss: 1.664925, BCE loss: 1.492784, SB loss: 1.063253
2025-01-06 17:45:43,467 Epoch: [5/20] Iter:[80/192], Time: 0.48, lr: [0.0075256519030517215], Loss: 4.215018, Acc:0.490863, Semantic loss: 1.659063, BCE loss: 1.492163, SB loss: 1.063792
2025-01-06 17:45:47,544 Epoch: [5/20] Iter:[90/192], Time: 0.47, lr: [0.007501457982411236], Loss: 4.191571, Acc:0.496642, Semantic loss: 1.651911, BCE loss: 1.482609, SB loss: 1.057051
2025-01-06 17:45:51,608 Epoch: [5/20] Iter:[100/192], Time: 0.46, lr: [0.0074772553885408604], Loss: 4.187602, Acc:0.500588, Semantic loss: 1.642452, BCE loss: 1.492724, SB loss: 1.052425
2025-01-06 17:45:55,675 Epoch: [5/20] Iter:[110/192], Time: 0.46, lr: [0.007453044087115737], Loss: 4.222074, Acc:0.499438, Semantic loss: 1.656387, BCE loss: 1.500619, SB loss: 1.065068
2025-01-06 17:45:59,748 Epoch: [5/20] Iter:[120/192], Time: 0.46, lr: [0.007428824043550734], Loss: 4.207513, Acc:0.501422, Semantic loss: 1.647459, BCE loss: 1.504017, SB loss: 1.056037
2025-01-06 17:46:03,761 Epoch: [5/20] Iter:[130/192], Time: 0.45, lr: [0.007404595222997526], Loss: 4.237594, Acc:0.498625, Semantic loss: 1.662904, BCE loss: 1.512382, SB loss: 1.062308
2025-01-06 17:46:07,847 Epoch: [5/20] Iter:[140/192], Time: 0.45, lr: [0.007380357590341623], Loss: 4.250143, Acc:0.501292, Semantic loss: 1.660918, BCE loss: 1.527701, SB loss: 1.061525
2025-01-06 17:46:11,859 Epoch: [5/20] Iter:[150/192], Time: 0.45, lr: [0.007356111110199354], Loss: 4.269919, Acc:0.498743, Semantic loss: 1.666748, BCE loss: 1.534558, SB loss: 1.068613
2025-01-06 17:46:15,906 Epoch: [5/20] Iter:[160/192], Time: 0.44, lr: [0.00733185574691482], Loss: 4.268324, Acc:0.499748, Semantic loss: 1.663680, BCE loss: 1.539045, SB loss: 1.065599
2025-01-06 17:46:19,984 Epoch: [5/20] Iter:[170/192], Time: 0.44, lr: [0.007307591464556783], Loss: 4.266485, Acc:0.501055, Semantic loss: 1.660418, BCE loss: 1.544566, SB loss: 1.061501
2025-01-06 17:46:24,048 Epoch: [5/20] Iter:[180/192], Time: 0.44, lr: [0.007283318226915514], Loss: 4.288498, Acc:0.499338, Semantic loss: 1.664939, BCE loss: 1.558721, SB loss: 1.064838
2025-01-06 17:46:27,990 Epoch: [5/20] Iter:[190/192], Time: 0.44, lr: [0.007259035997499604], Loss: 4.280959, Acc:0.499365, Semantic loss: 1.664065, BCE loss: 1.557406, SB loss: 1.059487
2025-01-06 17:48:20,741 0 [0.00000000e+00 5.40148065e-01 1.40280088e-01 1.58516735e-07
 5.12972905e-02 0.00000000e+00 1.01773557e-03] 0.10467761966097618
2025-01-06 17:48:20,741 1 [0.00000000e+00 5.10620726e-01 1.50590164e-01 0.00000000e+00
 5.98013130e-02 0.00000000e+00 1.30873155e-04] 0.10302043934176035
2025-01-06 17:48:20,746 => saving checkpoint to output\loveda\pidnet_small_lovedacheckpoint.pth.tar
2025-01-06 17:48:20,887 Loss: 4.501, MeanIU:  0.1030, Best_mIoU:  0.1075
2025-01-06 17:48:20,888 [0.00000000e+00 5.10620726e-01 1.50590164e-01 0.00000000e+00
 5.98013130e-02 0.00000000e+00 1.30873155e-04]
2025-01-06 17:48:28,179 Epoch: [6/20] Iter:[0/192], Time: 7.11, lr: [0.007254178469372199], Loss: 5.013720, Acc:0.348070, Semantic loss: 2.165197, BCE loss: 1.719289, SB loss: 1.129233
2025-01-06 17:48:32,762 Epoch: [6/20] Iter:[10/192], Time: 1.06, lr: [0.007229885401256642], Loss: 4.110132, Acc:0.512046, Semantic loss: 1.607930, BCE loss: 1.472361, SB loss: 1.029842
2025-01-06 17:48:37,951 Epoch: [6/20] Iter:[20/192], Time: 0.80, lr: [0.0072055832600777334], Loss: 4.184129, Acc:0.500080, Semantic loss: 1.636261, BCE loss: 1.493969, SB loss: 1.053899
2025-01-06 17:48:42,945 Epoch: [6/20] Iter:[30/192], Time: 0.71, lr: [0.007181272008420604], Loss: 4.178150, Acc:0.502221, Semantic loss: 1.651328, BCE loss: 1.499074, SB loss: 1.027748
2025-01-06 17:48:48,211 Epoch: [6/20] Iter:[40/192], Time: 0.66, lr: [0.007156951608574727], Loss: 4.200869, Acc:0.497975, Semantic loss: 1.660555, BCE loss: 1.509795, SB loss: 1.030519
2025-01-06 17:48:52,977 Epoch: [6/20] Iter:[50/192], Time: 0.63, lr: [0.007132622022530447], Loss: 4.168129, Acc:0.493666, Semantic loss: 1.671483, BCE loss: 1.470302, SB loss: 1.026344
2025-01-06 17:48:58,404 Epoch: [6/20] Iter:[60/192], Time: 0.61, lr: [0.007108283211975477], Loss: 4.170560, Acc:0.497356, Semantic loss: 1.669264, BCE loss: 1.497087, SB loss: 1.004208
2025-01-06 17:49:03,374 Epoch: [6/20] Iter:[70/192], Time: 0.60, lr: [0.007083935138291319], Loss: 4.159931, Acc:0.494529, Semantic loss: 1.662860, BCE loss: 1.489193, SB loss: 1.007878
2025-01-06 17:49:08,745 Epoch: [6/20] Iter:[80/192], Time: 0.59, lr: [0.007059577762549636], Loss: 4.197622, Acc:0.494236, Semantic loss: 1.669085, BCE loss: 1.505803, SB loss: 1.022733
2025-01-06 17:49:13,644 Epoch: [6/20] Iter:[90/192], Time: 0.58, lr: [0.007035211045508576], Loss: 4.190712, Acc:0.502103, Semantic loss: 1.651065, BCE loss: 1.524033, SB loss: 1.015614
2025-01-06 17:49:19,016 Epoch: [6/20] Iter:[100/192], Time: 0.57, lr: [0.0070108349476090265], Loss: 4.196565, Acc:0.504515, Semantic loss: 1.641050, BCE loss: 1.547214, SB loss: 1.008301
2025-01-06 17:49:23,107 Epoch: [6/20] Iter:[110/192], Time: 0.56, lr: [0.00698644942897081], Loss: 4.188720, Acc:0.502858, Semantic loss: 1.640969, BCE loss: 1.538089, SB loss: 1.009662
2025-01-06 17:49:27,671 Epoch: [6/20] Iter:[120/192], Time: 0.55, lr: [0.006962054449388827], Loss: 4.207545, Acc:0.500119, Semantic loss: 1.646722, BCE loss: 1.540766, SB loss: 1.020056
2025-01-06 17:49:32,596 Epoch: [6/20] Iter:[130/192], Time: 0.55, lr: [0.006937649968329135], Loss: 4.228336, Acc:0.496522, Semantic loss: 1.653885, BCE loss: 1.549605, SB loss: 1.024845
2025-01-06 17:49:37,915 Epoch: [6/20] Iter:[140/192], Time: 0.55, lr: [0.006913235944924954], Loss: 4.230231, Acc:0.498053, Semantic loss: 1.648079, BCE loss: 1.563967, SB loss: 1.018184
2025-01-06 17:49:42,927 Epoch: [6/20] Iter:[150/192], Time: 0.54, lr: [0.006888812337972621], Loss: 4.237440, Acc:0.495527, Semantic loss: 1.652582, BCE loss: 1.558096, SB loss: 1.026762
2025-01-06 17:49:48,392 Epoch: [6/20] Iter:[160/192], Time: 0.54, lr: [0.00686437910592748], Loss: 4.231943, Acc:0.494686, Semantic loss: 1.654583, BCE loss: 1.550595, SB loss: 1.026765
2025-01-06 17:49:53,147 Epoch: [6/20] Iter:[170/192], Time: 0.54, lr: [0.00683993620689969], Loss: 4.229652, Acc:0.494664, Semantic loss: 1.655938, BCE loss: 1.545371, SB loss: 1.028343
2025-01-06 17:49:58,562 Epoch: [6/20] Iter:[180/192], Time: 0.54, lr: [0.0068154835986499775], Loss: 4.219363, Acc:0.497705, Semantic loss: 1.649203, BCE loss: 1.539399, SB loss: 1.030761
2025-01-06 17:50:03,365 Epoch: [6/20] Iter:[190/192], Time: 0.54, lr: [0.006791021238585323], Loss: 4.217159, Acc:0.497843, Semantic loss: 1.651163, BCE loss: 1.535435, SB loss: 1.030562
2025-01-06 17:51:37,863 0 [0.         0.55563532 0.15336932 0.00237246 0.04254103 0.
 0.00354977] 0.10820969983427677
2025-01-06 17:51:37,864 1 [0.         0.5580089  0.16316533 0.00501219 0.0039524  0.
 0.00334584] 0.10478352307026341
2025-01-06 17:51:37,870 => saving checkpoint to output\loveda\pidnet_small_lovedacheckpoint.pth.tar
2025-01-06 17:51:37,950 Loss: 4.574, MeanIU:  0.1048, Best_mIoU:  0.1075
2025-01-06 17:51:37,950 [0.         0.5580089  0.16316533 0.00501219 0.0039524  0.
 0.00334584]
2025-01-06 17:51:44,699 Epoch: [7/20] Iter:[0/192], Time: 6.56, lr: [0.006786127592581251], Loss: 4.531616, Acc:0.462450, Semantic loss: 1.503939, BCE loss: 2.017478, SB loss: 1.010200
2025-01-06 17:51:48,711 Epoch: [7/20] Iter:[10/192], Time: 0.96, lr: [0.006761653473611295], Loss: 4.119771, Acc:0.506759, Semantic loss: 1.528799, BCE loss: 1.563296, SB loss: 1.027677
2025-01-06 17:51:52,745 Epoch: [7/20] Iter:[20/192], Time: 0.70, lr: [0.006737169507854796], Loss: 4.161852, Acc:0.511948, Semantic loss: 1.570086, BCE loss: 1.613982, SB loss: 0.977784
2025-01-06 17:51:56,808 Epoch: [7/20] Iter:[30/192], Time: 0.60, lr: [0.006712675651556858], Loss: 4.100205, Acc:0.526315, Semantic loss: 1.553989, BCE loss: 1.594731, SB loss: 0.951485
2025-01-06 17:52:00,830 Epoch: [7/20] Iter:[40/192], Time: 0.55, lr: [0.006688171860589905], Loss: 4.076283, Acc:0.514569, Semantic loss: 1.559199, BCE loss: 1.553131, SB loss: 0.963953
2025-01-06 17:52:04,880 Epoch: [7/20] Iter:[50/192], Time: 0.52, lr: [0.0066636580904489585], Loss: 4.169798, Acc:0.498384, Semantic loss: 1.606839, BCE loss: 1.573025, SB loss: 0.989934
2025-01-06 17:52:08,934 Epoch: [7/20] Iter:[60/192], Time: 0.50, lr: [0.006639134296246874], Loss: 4.156618, Acc:0.494177, Semantic loss: 1.603325, BCE loss: 1.563242, SB loss: 0.990050
2025-01-06 17:52:12,990 Epoch: [7/20] Iter:[70/192], Time: 0.49, lr: [0.0066146004327094585], Loss: 4.172975, Acc:0.491044, Semantic loss: 1.623723, BCE loss: 1.542213, SB loss: 1.007039
2025-01-06 17:52:17,009 Epoch: [7/20] Iter:[80/192], Time: 0.48, lr: [0.006590056454170537], Loss: 4.187422, Acc:0.493886, Semantic loss: 1.628773, BCE loss: 1.554257, SB loss: 1.004393
2025-01-06 17:52:21,061 Epoch: [7/20] Iter:[90/192], Time: 0.47, lr: [0.006565502314566912], Loss: 4.168199, Acc:0.493022, Semantic loss: 1.627947, BCE loss: 1.534687, SB loss: 1.005565
2025-01-06 17:52:25,084 Epoch: [7/20] Iter:[100/192], Time: 0.46, lr: [0.006540937967433255], Loss: 4.176896, Acc:0.493945, Semantic loss: 1.631897, BCE loss: 1.536820, SB loss: 1.008179
2025-01-06 17:52:29,123 Epoch: [7/20] Iter:[110/192], Time: 0.46, lr: [0.006516363365896894], Loss: 4.180973, Acc:0.496440, Semantic loss: 1.631141, BCE loss: 1.535886, SB loss: 1.013946
2025-01-06 17:52:33,157 Epoch: [7/20] Iter:[120/192], Time: 0.45, lr: [0.006491778462672531], Loss: 4.184507, Acc:0.496770, Semantic loss: 1.626460, BCE loss: 1.545905, SB loss: 1.012142
2025-01-06 17:52:37,227 Epoch: [7/20] Iter:[130/192], Time: 0.45, lr: [0.006467183210056843], Loss: 4.196895, Acc:0.496611, Semantic loss: 1.627245, BCE loss: 1.556745, SB loss: 1.012906
2025-01-06 17:52:41,312 Epoch: [7/20] Iter:[140/192], Time: 0.45, lr: [0.006442577559923017], Loss: 4.187452, Acc:0.501091, Semantic loss: 1.623001, BCE loss: 1.553461, SB loss: 1.010989
2025-01-06 17:52:45,298 Epoch: [7/20] Iter:[150/192], Time: 0.44, lr: [0.006417961463715172], Loss: 4.168747, Acc:0.499322, Semantic loss: 1.619511, BCE loss: 1.544732, SB loss: 1.004504
2025-01-06 17:52:49,349 Epoch: [7/20] Iter:[160/192], Time: 0.44, lr: [0.006393334872442681], Loss: 4.177881, Acc:0.500219, Semantic loss: 1.624754, BCE loss: 1.540903, SB loss: 1.012224
2025-01-06 17:52:53,391 Epoch: [7/20] Iter:[170/192], Time: 0.44, lr: [0.006368697736674411], Loss: 4.186067, Acc:0.501473, Semantic loss: 1.628325, BCE loss: 1.541179, SB loss: 1.016563
2025-01-06 17:52:57,434 Epoch: [7/20] Iter:[180/192], Time: 0.44, lr: [0.006344050006532848], Loss: 4.195411, Acc:0.498825, Semantic loss: 1.631829, BCE loss: 1.545093, SB loss: 1.018489
2025-01-06 17:53:01,378 Epoch: [7/20] Iter:[190/192], Time: 0.44, lr: [0.006319391631688114], Loss: 4.184218, Acc:0.500099, Semantic loss: 1.625918, BCE loss: 1.541468, SB loss: 1.016832
2025-01-06 17:54:52,064 0 [0.00000000e+00 4.14840546e-01 1.61303552e-01 2.73952667e-02
 1.08565537e-01 1.61244398e-06 2.40856219e-02] 0.10517030516839564
2025-01-06 17:54:52,065 1 [0.00000000e+00 4.14915046e-01 2.03232025e-01 2.75210437e-02
 1.37862613e-01 1.00738762e-05 1.12813720e-02] 0.1135460248156591
2025-01-06 17:54:52,072 => saving checkpoint to output\loveda\pidnet_small_lovedacheckpoint.pth.tar
2025-01-06 17:54:52,286 Loss: 4.272, MeanIU:  0.1135, Best_mIoU:  0.1135
2025-01-06 17:54:52,286 [0.00000000e+00 4.14915046e-01 2.03232025e-01 2.75210437e-02
 1.37862613e-01 1.00738762e-05 1.12813720e-02]
2025-01-06 17:54:59,442 Epoch: [8/20] Iter:[0/192], Time: 6.98, lr: [0.006314458674893553], Loss: 4.097853, Acc:0.494017, Semantic loss: 1.510854, BCE loss: 1.679817, SB loss: 0.907182
2025-01-06 17:55:03,894 Epoch: [8/20] Iter:[10/192], Time: 1.04, lr: [0.006289787459323657], Loss: 4.120252, Acc:0.499324, Semantic loss: 1.541985, BCE loss: 1.606326, SB loss: 0.971941
2025-01-06 17:55:09,320 Epoch: [8/20] Iter:[20/192], Time: 0.80, lr: [0.006265105486702424], Loss: 4.149756, Acc:0.493693, Semantic loss: 1.662798, BCE loss: 1.483897, SB loss: 1.003060
2025-01-06 17:55:14,260 Epoch: [8/20] Iter:[30/192], Time: 0.70, lr: [0.006240412705211017], Loss: 4.136752, Acc:0.495620, Semantic loss: 1.664396, BCE loss: 1.451741, SB loss: 1.020615
2025-01-06 17:55:19,293 Epoch: [8/20] Iter:[40/192], Time: 0.65, lr: [0.006215709062551949], Loss: 4.178737, Acc:0.498857, Semantic loss: 1.655523, BCE loss: 1.496668, SB loss: 1.026546
2025-01-06 17:55:24,215 Epoch: [8/20] Iter:[50/192], Time: 0.62, lr: [0.006190994505942529], Loss: 4.174168, Acc:0.500938, Semantic loss: 1.656087, BCE loss: 1.476308, SB loss: 1.041773
2025-01-06 17:55:29,342 Epoch: [8/20] Iter:[60/192], Time: 0.60, lr: [0.006166268982108192], Loss: 4.153659, Acc:0.499018, Semantic loss: 1.652230, BCE loss: 1.469957, SB loss: 1.031471
2025-01-06 17:55:34,192 Epoch: [8/20] Iter:[70/192], Time: 0.59, lr: [0.006141532437275693], Loss: 4.144407, Acc:0.495462, Semantic loss: 1.663486, BCE loss: 1.450177, SB loss: 1.030744
2025-01-06 17:55:39,509 Epoch: [8/20] Iter:[80/192], Time: 0.58, lr: [0.006116784817166194], Loss: 4.128039, Acc:0.497212, Semantic loss: 1.649281, BCE loss: 1.453614, SB loss: 1.025144
2025-01-06 17:55:44,413 Epoch: [8/20] Iter:[90/192], Time: 0.57, lr: [0.006092026066988214], Loss: 4.150970, Acc:0.500981, Semantic loss: 1.652119, BCE loss: 1.469466, SB loss: 1.029385
2025-01-06 17:55:49,573 Epoch: [8/20] Iter:[100/192], Time: 0.57, lr: [0.006067256131430442], Loss: 4.163013, Acc:0.499601, Semantic loss: 1.645156, BCE loss: 1.493469, SB loss: 1.024388
2025-01-06 17:55:54,313 Epoch: [8/20] Iter:[110/192], Time: 0.56, lr: [0.00604247495465443], Loss: 4.168709, Acc:0.500548, Semantic loss: 1.635545, BCE loss: 1.505987, SB loss: 1.027177
2025-01-06 17:55:59,403 Epoch: [8/20] Iter:[120/192], Time: 0.55, lr: [0.006017682480287143], Loss: 4.167472, Acc:0.503851, Semantic loss: 1.629162, BCE loss: 1.506312, SB loss: 1.031997
2025-01-06 17:56:04,335 Epoch: [8/20] Iter:[130/192], Time: 0.55, lr: [0.00599287865141337], Loss: 4.165840, Acc:0.504881, Semantic loss: 1.630275, BCE loss: 1.508092, SB loss: 1.027473
2025-01-06 17:56:09,398 Epoch: [8/20] Iter:[140/192], Time: 0.55, lr: [0.005968063410567983], Loss: 4.175522, Acc:0.502635, Semantic loss: 1.634265, BCE loss: 1.510087, SB loss: 1.031169
2025-01-06 17:56:14,282 Epoch: [8/20] Iter:[150/192], Time: 0.54, lr: [0.00594323669972807], Loss: 4.174011, Acc:0.507073, Semantic loss: 1.626570, BCE loss: 1.518114, SB loss: 1.029327
2025-01-06 17:56:19,612 Epoch: [8/20] Iter:[160/192], Time: 0.54, lr: [0.005918398460304892], Loss: 4.172483, Acc:0.509218, Semantic loss: 1.625936, BCE loss: 1.515465, SB loss: 1.031081
2025-01-06 17:56:24,493 Epoch: [8/20] Iter:[170/192], Time: 0.54, lr: [0.0058935486331357125], Loss: 4.174729, Acc:0.508701, Semantic loss: 1.624196, BCE loss: 1.520321, SB loss: 1.030211
2025-01-06 17:56:29,524 Epoch: [8/20] Iter:[180/192], Time: 0.54, lr: [0.005868687158475447], Loss: 4.173735, Acc:0.510513, Semantic loss: 1.620309, BCE loss: 1.523083, SB loss: 1.030342
2025-01-06 17:56:34,423 Epoch: [8/20] Iter:[190/192], Time: 0.53, lr: [0.005843813975988169], Loss: 4.172805, Acc:0.510263, Semantic loss: 1.617629, BCE loss: 1.531147, SB loss: 1.024029
2025-01-06 17:58:27,797 0 [0.         0.43682679 0.20240748 0.01506672 0.07580228 0.00973985
 0.054989  ] 0.11354744397878706
2025-01-06 17:58:27,798 1 [0.         0.37031131 0.24092736 0.03134678 0.12192838 0.00331832
 0.07270428] 0.12007663311406566
2025-01-06 17:58:27,808 => saving checkpoint to output\loveda\pidnet_small_lovedacheckpoint.pth.tar
2025-01-06 17:58:28,029 Loss: 4.436, MeanIU:  0.1201, Best_mIoU:  0.1201
2025-01-06 17:58:28,030 [0.         0.37031131 0.24092736 0.03134678 0.12192838 0.00331832
 0.07270428]
2025-01-06 17:58:34,992 Epoch: [9/20] Iter:[0/192], Time: 6.78, lr: [0.0058388379291998025], Loss: 4.379219, Acc:0.556038, Semantic loss: 1.509849, BCE loss: 1.944185, SB loss: 0.925185
2025-01-06 17:58:39,332 Epoch: [9/20] Iter:[10/192], Time: 1.01, lr: [0.0058139506168319475], Loss: 4.029354, Acc:0.531686, Semantic loss: 1.554189, BCE loss: 1.547665, SB loss: 0.927500
2025-01-06 17:58:44,601 Epoch: [9/20] Iter:[20/192], Time: 0.78, lr: [0.005789051461775303], Loss: 3.981191, Acc:0.527651, Semantic loss: 1.534014, BCE loss: 1.512336, SB loss: 0.934842
2025-01-06 17:58:49,529 Epoch: [9/20] Iter:[30/192], Time: 0.69, lr: [0.005764140401744157], Loss: 4.013191, Acc:0.515829, Semantic loss: 1.557375, BCE loss: 1.489149, SB loss: 0.966667
2025-01-06 17:58:54,959 Epoch: [9/20] Iter:[40/192], Time: 0.65, lr: [0.005739217373824397], Loss: 4.020036, Acc:0.519553, Semantic loss: 1.558636, BCE loss: 1.497534, SB loss: 0.963866
2025-01-06 17:58:59,981 Epoch: [9/20] Iter:[50/192], Time: 0.62, lr: [0.005714282314464109], Loss: 4.054064, Acc:0.511202, Semantic loss: 1.563408, BCE loss: 1.528797, SB loss: 0.961859
2025-01-06 17:59:05,169 Epoch: [9/20] Iter:[60/192], Time: 0.61, lr: [0.005689335159463984], Loss: 4.075889, Acc:0.500149, Semantic loss: 1.580960, BCE loss: 1.511871, SB loss: 0.983058
2025-01-06 17:59:10,121 Epoch: [9/20] Iter:[70/192], Time: 0.59, lr: [0.0056643758439675305], Loss: 4.094803, Acc:0.496778, Semantic loss: 1.590929, BCE loss: 1.515096, SB loss: 0.988778
2025-01-06 17:59:15,333 Epoch: [9/20] Iter:[80/192], Time: 0.58, lr: [0.005639404302451105], Loss: 4.093491, Acc:0.496323, Semantic loss: 1.590216, BCE loss: 1.513272, SB loss: 0.990003
2025-01-06 17:59:20,349 Epoch: [9/20] Iter:[90/192], Time: 0.57, lr: [0.005614420468713722], Loss: 4.122759, Acc:0.492207, Semantic loss: 1.606120, BCE loss: 1.517804, SB loss: 0.998836
2025-01-06 17:59:25,545 Epoch: [9/20] Iter:[100/192], Time: 0.57, lr: [0.005589424275866668], Loss: 4.123185, Acc:0.497862, Semantic loss: 1.602737, BCE loss: 1.519402, SB loss: 1.001047
2025-01-06 17:59:30,423 Epoch: [9/20] Iter:[110/192], Time: 0.56, lr: [0.005564415656322913], Loss: 4.142884, Acc:0.496188, Semantic loss: 1.608058, BCE loss: 1.526466, SB loss: 1.008360
2025-01-06 17:59:35,738 Epoch: [9/20] Iter:[120/192], Time: 0.56, lr: [0.00553939454178628], Loss: 4.149186, Acc:0.495290, Semantic loss: 1.606553, BCE loss: 1.535084, SB loss: 1.007549
2025-01-06 17:59:40,563 Epoch: [9/20] Iter:[130/192], Time: 0.55, lr: [0.005514360863240413], Loss: 4.156176, Acc:0.496018, Semantic loss: 1.609849, BCE loss: 1.534114, SB loss: 1.012212
2025-01-06 17:59:45,877 Epoch: [9/20] Iter:[140/192], Time: 0.55, lr: [0.005489314550937511], Loss: 4.130515, Acc:0.499720, Semantic loss: 1.598006, BCE loss: 1.527681, SB loss: 1.004828
2025-01-06 17:59:50,594 Epoch: [9/20] Iter:[150/192], Time: 0.55, lr: [0.005464255534386825], Loss: 4.130869, Acc:0.501479, Semantic loss: 1.593519, BCE loss: 1.534938, SB loss: 1.002411
2025-01-06 17:59:55,827 Epoch: [9/20] Iter:[160/192], Time: 0.54, lr: [0.005439183742342914], Loss: 4.136854, Acc:0.502479, Semantic loss: 1.596024, BCE loss: 1.539484, SB loss: 1.001346
2025-01-06 18:00:00,748 Epoch: [9/20] Iter:[170/192], Time: 0.54, lr: [0.00541409910279366], Loss: 4.142519, Acc:0.502777, Semantic loss: 1.593210, BCE loss: 1.547232, SB loss: 1.002077
2025-01-06 18:00:06,057 Epoch: [9/20] Iter:[180/192], Time: 0.54, lr: [0.005389001542948025], Loss: 4.171160, Acc:0.501713, Semantic loss: 1.601779, BCE loss: 1.551405, SB loss: 1.017976
2025-01-06 18:00:10,913 Epoch: [9/20] Iter:[190/192], Time: 0.54, lr: [0.005363890989223547], Loss: 4.168139, Acc:0.500244, Semantic loss: 1.604269, BCE loss: 1.543979, SB loss: 1.019891
2025-01-06 18:02:06,475 0 [0.         0.4539273  0.12342018 0.00047808 0.07865602 0.01514896
 0.03021374] 0.10026346838782527
2025-01-06 18:02:06,476 1 [0.00000000e+00 4.33569417e-01 1.34776411e-01 9.07751526e-03
 1.35564688e-01 9.88909675e-05 3.15583918e-02] 0.10637790195334437
2025-01-06 18:02:06,485 => saving checkpoint to output\loveda\pidnet_small_lovedacheckpoint.pth.tar
2025-01-06 18:02:06,619 Loss: 4.285, MeanIU:  0.1064, Best_mIoU:  0.1201
2025-01-06 18:02:06,619 [0.00000000e+00 4.33569417e-01 1.34776411e-01 9.07751526e-03
 1.35564688e-01 9.88909675e-05 3.15583918e-02]
2025-01-06 18:02:13,681 Epoch: [10/20] Iter:[0/192], Time: 6.88, lr: [0.005358867312681466], Loss: 3.778086, Acc:0.670486, Semantic loss: 1.380514, BCE loss: 1.589431, SB loss: 0.808141
2025-01-06 18:02:18,056 Epoch: [10/20] Iter:[10/192], Time: 1.02, lr: [0.005333741068040314], Loss: 4.087134, Acc:0.528909, Semantic loss: 1.518142, BCE loss: 1.578104, SB loss: 0.990888
2025-01-06 18:02:23,318 Epoch: [10/20] Iter:[20/192], Time: 0.79, lr: [0.0053086016647897714], Loss: 4.172194, Acc:0.514794, Semantic loss: 1.582130, BCE loss: 1.587530, SB loss: 1.002535
2025-01-06 18:02:28,272 Epoch: [10/20] Iter:[30/192], Time: 0.69, lr: [0.005283449026727663], Loss: 4.167746, Acc:0.515794, Semantic loss: 1.567479, BCE loss: 1.601291, SB loss: 0.998977
2025-01-06 18:02:33,705 Epoch: [10/20] Iter:[40/192], Time: 0.66, lr: [0.005258283076804885], Loss: 4.212101, Acc:0.514269, Semantic loss: 1.571246, BCE loss: 1.625522, SB loss: 1.015333
2025-01-06 18:02:38,669 Epoch: [10/20] Iter:[50/192], Time: 0.63, lr: [0.00523310373711144], Loss: 4.141798, Acc:0.518038, Semantic loss: 1.556924, BCE loss: 1.599921, SB loss: 0.984953
2025-01-06 18:02:43,754 Epoch: [10/20] Iter:[60/192], Time: 0.61, lr: [0.005207910928862159], Loss: 4.120815, Acc:0.519392, Semantic loss: 1.565431, BCE loss: 1.587547, SB loss: 0.967837
2025-01-06 18:02:48,656 Epoch: [10/20] Iter:[70/192], Time: 0.59, lr: [0.005182704572382109], Loss: 4.077628, Acc:0.516156, Semantic loss: 1.552574, BCE loss: 1.576469, SB loss: 0.948585
2025-01-06 18:02:53,796 Epoch: [10/20] Iter:[80/192], Time: 0.58, lr: [0.005157484587091684], Loss: 4.091379, Acc:0.513879, Semantic loss: 1.551747, BCE loss: 1.584393, SB loss: 0.955240
2025-01-06 18:02:58,856 Epoch: [10/20] Iter:[90/192], Time: 0.57, lr: [0.005132250891491357], Loss: 4.066336, Acc:0.513273, Semantic loss: 1.544191, BCE loss: 1.563241, SB loss: 0.958904
2025-01-06 18:03:03,990 Epoch: [10/20] Iter:[100/192], Time: 0.57, lr: [0.005107003403146087], Loss: 4.051639, Acc:0.515864, Semantic loss: 1.539673, BCE loss: 1.548248, SB loss: 0.963718
2025-01-06 18:03:08,741 Epoch: [10/20] Iter:[110/192], Time: 0.56, lr: [0.005081742038669388], Loss: 4.077145, Acc:0.514665, Semantic loss: 1.557157, BCE loss: 1.544045, SB loss: 0.975944
2025-01-06 18:03:13,783 Epoch: [10/20] Iter:[120/192], Time: 0.55, lr: [0.005056466713707024], Loss: 4.101773, Acc:0.515866, Semantic loss: 1.567796, BCE loss: 1.537906, SB loss: 0.996071
2025-01-06 18:03:18,678 Epoch: [10/20] Iter:[130/192], Time: 0.55, lr: [0.005031177342920337], Loss: 4.095823, Acc:0.514906, Semantic loss: 1.568977, BCE loss: 1.526325, SB loss: 1.000521
2025-01-06 18:03:23,852 Epoch: [10/20] Iter:[140/192], Time: 0.55, lr: [0.005005873839969192], Loss: 4.087965, Acc:0.513930, Semantic loss: 1.566939, BCE loss: 1.515802, SB loss: 1.005225
2025-01-06 18:03:28,684 Epoch: [10/20] Iter:[150/192], Time: 0.54, lr: [0.00498055611749454], Loss: 4.099897, Acc:0.514178, Semantic loss: 1.568793, BCE loss: 1.524438, SB loss: 1.006666
2025-01-06 18:03:33,889 Epoch: [10/20] Iter:[160/192], Time: 0.54, lr: [0.004955224087100552], Loss: 4.101974, Acc:0.513138, Semantic loss: 1.569697, BCE loss: 1.518307, SB loss: 1.013970
2025-01-06 18:03:38,855 Epoch: [10/20] Iter:[170/192], Time: 0.54, lr: [0.004929877659336362], Loss: 4.105067, Acc:0.515055, Semantic loss: 1.567205, BCE loss: 1.522228, SB loss: 1.015634
2025-01-06 18:03:44,207 Epoch: [10/20] Iter:[180/192], Time: 0.54, lr: [0.004904516743677371], Loss: 4.103319, Acc:0.512945, Semantic loss: 1.566581, BCE loss: 1.520998, SB loss: 1.015741
2025-01-06 18:03:49,044 Epoch: [10/20] Iter:[190/192], Time: 0.54, lr: [0.00487914124850611], Loss: 4.118946, Acc:0.512739, Semantic loss: 1.569936, BCE loss: 1.532860, SB loss: 1.016150
2025-01-06 18:05:43,025 0 [0.         0.5319463  0.12156754 0.00609618 0.14176295 0.00834711
 0.01376956] 0.11764137474061033
2025-01-06 18:05:43,026 1 [0.         0.47106699 0.12593531 0.01419149 0.18462488 0.00051636
 0.05112055] 0.12106508361257913
2025-01-06 18:05:43,036 => saving checkpoint to output\loveda\pidnet_small_lovedacheckpoint.pth.tar
2025-01-06 18:05:43,236 Loss: 4.367, MeanIU:  0.1211, Best_mIoU:  0.1211
2025-01-06 18:05:43,236 [0.         0.47106699 0.12593531 0.01419149 0.18462488 0.00051636
 0.05112055]
2025-01-06 18:05:50,403 Epoch: [11/20] Iter:[0/192], Time: 6.99, lr: [0.004874064391789954], Loss: 4.141897, Acc:0.559999, Semantic loss: 1.609877, BCE loss: 1.540406, SB loss: 0.991614
2025-01-06 18:05:54,921 Epoch: [11/20] Iter:[10/192], Time: 1.05, lr: [0.004848671278701159], Loss: 3.974089, Acc:0.538025, Semantic loss: 1.526556, BCE loss: 1.484172, SB loss: 0.963361
2025-01-06 18:06:00,383 Epoch: [11/20] Iter:[20/192], Time: 0.81, lr: [0.0048232633805975296], Loss: 4.042143, Acc:0.522635, Semantic loss: 1.517094, BCE loss: 1.549556, SB loss: 0.975493
2025-01-06 18:06:05,246 Epoch: [11/20] Iter:[30/192], Time: 0.70, lr: [0.00479784060223045], Loss: 4.033775, Acc:0.513150, Semantic loss: 1.553220, BCE loss: 1.489675, SB loss: 0.990880
2025-01-06 18:06:10,408 Epoch: [11/20] Iter:[40/192], Time: 0.66, lr: [0.004772402847172951], Loss: 4.011177, Acc:0.524738, Semantic loss: 1.529892, BCE loss: 1.512194, SB loss: 0.969091
2025-01-06 18:06:15,225 Epoch: [11/20] Iter:[50/192], Time: 0.62, lr: [0.004746950017798064], Loss: 3.974638, Acc:0.531186, Semantic loss: 1.490683, BCE loss: 1.528497, SB loss: 0.955458
2025-01-06 18:06:20,485 Epoch: [11/20] Iter:[60/192], Time: 0.61, lr: [0.004721482015256639], Loss: 4.019176, Acc:0.530308, Semantic loss: 1.511996, BCE loss: 1.519672, SB loss: 0.987508
2025-01-06 18:06:25,309 Epoch: [11/20] Iter:[70/192], Time: 0.59, lr: [0.004695998739454633], Loss: 4.052585, Acc:0.526314, Semantic loss: 1.534172, BCE loss: 1.528659, SB loss: 0.989754
2025-01-06 18:06:30,423 Epoch: [11/20] Iter:[80/192], Time: 0.58, lr: [0.004670500089029817], Loss: 4.061718, Acc:0.523819, Semantic loss: 1.538385, BCE loss: 1.523311, SB loss: 1.000021
2025-01-06 18:06:35,303 Epoch: [11/20] Iter:[90/192], Time: 0.57, lr: [0.004644985961327915], Loss: 4.064587, Acc:0.519211, Semantic loss: 1.562558, BCE loss: 1.500175, SB loss: 1.001853
2025-01-06 18:06:40,449 Epoch: [11/20] Iter:[100/192], Time: 0.56, lr: [0.004619456252378151], Loss: 4.096164, Acc:0.515892, Semantic loss: 1.575635, BCE loss: 1.512241, SB loss: 1.008288
2025-01-06 18:06:45,356 Epoch: [11/20] Iter:[110/192], Time: 0.56, lr: [0.004593910856868159], Loss: 4.089663, Acc:0.515775, Semantic loss: 1.574043, BCE loss: 1.507668, SB loss: 1.007952
2025-01-06 18:06:50,626 Epoch: [11/20] Iter:[120/192], Time: 0.56, lr: [0.004568349668118281], Loss: 4.083035, Acc:0.515833, Semantic loss: 1.569941, BCE loss: 1.500947, SB loss: 1.012148
2025-01-06 18:06:55,616 Epoch: [11/20] Iter:[130/192], Time: 0.55, lr: [0.004542772578055196], Loss: 4.094840, Acc:0.515683, Semantic loss: 1.574169, BCE loss: 1.508788, SB loss: 1.011883
2025-01-06 18:07:00,805 Epoch: [11/20] Iter:[140/192], Time: 0.55, lr: [0.00451717947718487], Loss: 4.090001, Acc:0.515033, Semantic loss: 1.569736, BCE loss: 1.513444, SB loss: 1.006821
2025-01-06 18:07:05,648 Epoch: [11/20] Iter:[150/192], Time: 0.54, lr: [0.004491570254564817], Loss: 4.090949, Acc:0.516278, Semantic loss: 1.569998, BCE loss: 1.516393, SB loss: 1.004558
2025-01-06 18:07:10,786 Epoch: [11/20] Iter:[160/192], Time: 0.54, lr: [0.004465944797775636], Loss: 4.091404, Acc:0.517740, Semantic loss: 1.566631, BCE loss: 1.523036, SB loss: 1.001737
2025-01-06 18:07:15,724 Epoch: [11/20] Iter:[170/192], Time: 0.54, lr: [0.004440302992891796], Loss: 4.101391, Acc:0.518547, Semantic loss: 1.565499, BCE loss: 1.531575, SB loss: 1.004317
2025-01-06 18:07:20,857 Epoch: [11/20] Iter:[180/192], Time: 0.54, lr: [0.004414644724451659], Loss: 4.084461, Acc:0.519187, Semantic loss: 1.560393, BCE loss: 1.522149, SB loss: 1.001919
2025-01-06 18:07:25,697 Epoch: [11/20] Iter:[190/192], Time: 0.54, lr: [0.004388969875426714], Loss: 4.080091, Acc:0.519150, Semantic loss: 1.558767, BCE loss: 1.518224, SB loss: 1.003100
2025-01-06 18:09:22,129 0 [0.         0.5277016  0.18316909 0.00560894 0.15374144 0.02951028
 0.09040752] 0.14144840968325317
2025-01-06 18:09:22,130 1 [0.         0.47424552 0.19027373 0.04882635 0.13358919 0.02737374
 0.07248482] 0.13525619176225806
2025-01-06 18:09:22,138 => saving checkpoint to output\loveda\pidnet_small_lovedacheckpoint.pth.tar
2025-01-06 18:09:22,346 Loss: 4.223, MeanIU:  0.1353, Best_mIoU:  0.1353
2025-01-06 18:09:22,346 [0.         0.47424552 0.19027373 0.04882635 0.13358919 0.02737374
 0.07248482]
2025-01-06 18:09:29,524 Epoch: [12/20] Iter:[0/192], Time: 7.00, lr: [0.0043838329055408696], Loss: 3.437536, Acc:0.677771, Semantic loss: 1.186186, BCE loss: 1.627952, SB loss: 0.623398
2025-01-06 18:09:33,897 Epoch: [12/20] Iter:[10/192], Time: 1.03, lr: [0.004358138003083593], Loss: 4.051081, Acc:0.558719, Semantic loss: 1.437218, BCE loss: 1.678770, SB loss: 0.935093
2025-01-06 18:09:39,079 Epoch: [12/20] Iter:[20/192], Time: 0.79, lr: [0.0043324262569064236], Loss: 4.210889, Acc:0.533841, Semantic loss: 1.546898, BCE loss: 1.642822, SB loss: 1.021170
2025-01-06 18:09:43,950 Epoch: [12/20] Iter:[30/192], Time: 0.69, lr: [0.0043066975447503065], Loss: 4.110054, Acc:0.528444, Semantic loss: 1.560538, BCE loss: 1.553261, SB loss: 0.996255
2025-01-06 18:09:49,214 Epoch: [12/20] Iter:[40/192], Time: 0.65, lr: [0.00428095174265078], Loss: 4.125816, Acc:0.535826, Semantic loss: 1.550962, BCE loss: 1.595533, SB loss: 0.979320
2025-01-06 18:09:54,070 Epoch: [12/20] Iter:[50/192], Time: 0.62, lr: [0.004255188724902623], Loss: 4.142135, Acc:0.530133, Semantic loss: 1.557477, BCE loss: 1.594703, SB loss: 0.989955
2025-01-06 18:09:59,199 Epoch: [12/20] Iter:[60/192], Time: 0.60, lr: [0.004229408364023519], Loss: 4.167564, Acc:0.531505, Semantic loss: 1.561868, BCE loss: 1.616260, SB loss: 0.989436
2025-01-06 18:10:04,081 Epoch: [12/20] Iter:[70/192], Time: 0.59, lr: [0.004203610530716726], Loss: 4.166245, Acc:0.523861, Semantic loss: 1.577346, BCE loss: 1.587472, SB loss: 1.001427
2025-01-06 18:10:09,332 Epoch: [12/20] Iter:[80/192], Time: 0.58, lr: [0.004177795093832693], Loss: 4.158182, Acc:0.525894, Semantic loss: 1.571795, BCE loss: 1.586135, SB loss: 1.000252
2025-01-06 18:10:14,305 Epoch: [12/20] Iter:[90/192], Time: 0.57, lr: [0.004151961920329593], Loss: 4.134625, Acc:0.526309, Semantic loss: 1.573188, BCE loss: 1.565936, SB loss: 0.995501
2025-01-06 18:10:19,512 Epoch: [12/20] Iter:[100/192], Time: 0.56, lr: [0.004126110875232744], Loss: 4.138118, Acc:0.523352, Semantic loss: 1.575772, BCE loss: 1.570030, SB loss: 0.992316
2025-01-06 18:10:24,356 Epoch: [12/20] Iter:[110/192], Time: 0.56, lr: [0.004100241821592866], Loss: 4.106420, Acc:0.527341, Semantic loss: 1.563107, BCE loss: 1.558920, SB loss: 0.984394
2025-01-06 18:10:29,382 Epoch: [12/20] Iter:[120/192], Time: 0.55, lr: [0.00407435462044314], Loss: 4.099639, Acc:0.528385, Semantic loss: 1.550573, BCE loss: 1.562833, SB loss: 0.986234
2025-01-06 18:10:34,164 Epoch: [12/20] Iter:[130/192], Time: 0.55, lr: [0.004048449130755016], Loss: 4.092509, Acc:0.527116, Semantic loss: 1.545228, BCE loss: 1.568627, SB loss: 0.978654
2025-01-06 18:10:39,408 Epoch: [12/20] Iter:[140/192], Time: 0.55, lr: [0.004022525209392749], Loss: 4.079238, Acc:0.531728, Semantic loss: 1.533465, BCE loss: 1.574654, SB loss: 0.971119
2025-01-06 18:10:44,234 Epoch: [12/20] Iter:[150/192], Time: 0.54, lr: [0.003996582711066572], Loss: 4.060086, Acc:0.532615, Semantic loss: 1.523399, BCE loss: 1.569115, SB loss: 0.967572
2025-01-06 18:10:49,540 Epoch: [12/20] Iter:[160/192], Time: 0.54, lr: [0.003970621488284514], Loss: 4.040296, Acc:0.533319, Semantic loss: 1.516649, BCE loss: 1.555815, SB loss: 0.967832
2025-01-06 18:10:54,458 Epoch: [12/20] Iter:[170/192], Time: 0.54, lr: [0.003944641391302759], Loss: 4.039590, Acc:0.532003, Semantic loss: 1.520276, BCE loss: 1.544898, SB loss: 0.974416
2025-01-06 18:10:59,743 Epoch: [12/20] Iter:[180/192], Time: 0.54, lr: [0.003918642268074522], Loss: 4.056980, Acc:0.532184, Semantic loss: 1.530587, BCE loss: 1.537616, SB loss: 0.988777
2025-01-06 18:11:04,473 Epoch: [12/20] Iter:[190/192], Time: 0.53, lr: [0.003892623964197378], Loss: 4.066634, Acc:0.530147, Semantic loss: 1.534453, BCE loss: 1.538838, SB loss: 0.993342
2025-01-06 18:12:58,709 0 [0.         0.55463685 0.13724429 0.0211166  0.08026059 0.00341552
 0.02832647] 0.11785718882861847
2025-01-06 18:12:58,709 1 [0.         0.4284905  0.16520442 0.0623069  0.19555146 0.00059405
 0.04004566] 0.12745614246179401
2025-01-06 18:12:58,716 => saving checkpoint to output\loveda\pidnet_small_lovedacheckpoint.pth.tar
2025-01-06 18:12:58,817 Loss: 4.195, MeanIU:  0.1275, Best_mIoU:  0.1353
2025-01-06 18:12:58,818 [0.         0.4284905  0.16520442 0.0623069  0.19555146 0.00059405
 0.04004566]
2025-01-06 18:13:05,847 Epoch: [13/20] Iter:[0/192], Time: 6.85, lr: [0.0038874179879876346], Loss: 4.112452, Acc:0.603608, Semantic loss: 1.441343, BCE loss: 1.664392, SB loss: 1.006717
2025-01-06 18:13:10,390 Epoch: [13/20] Iter:[10/192], Time: 1.04, lr: [0.003861376460123532], Loss: 4.114828, Acc:0.518795, Semantic loss: 1.508298, BCE loss: 1.548651, SB loss: 1.057879
2025-01-06 18:13:15,616 Epoch: [13/20] Iter:[20/192], Time: 0.79, lr: [0.003835315403363414], Loss: 4.140883, Acc:0.513128, Semantic loss: 1.563929, BCE loss: 1.543615, SB loss: 1.033340
2025-01-06 18:13:20,542 Epoch: [13/20] Iter:[30/192], Time: 0.69, lr: [0.00380923465539378], Loss: 4.069215, Acc:0.532272, Semantic loss: 1.519244, BCE loss: 1.555811, SB loss: 0.994160
2025-01-06 18:13:25,770 Epoch: [13/20] Iter:[40/192], Time: 0.65, lr: [0.0037831340513060203], Loss: 4.083015, Acc:0.533714, Semantic loss: 1.521851, BCE loss: 1.578047, SB loss: 0.983117
2025-01-06 18:13:30,485 Epoch: [13/20] Iter:[50/192], Time: 0.62, lr: [0.003757013423534689], Loss: 4.090027, Acc:0.537558, Semantic loss: 1.514770, BCE loss: 1.610290, SB loss: 0.964966
2025-01-06 18:13:35,709 Epoch: [13/20] Iter:[60/192], Time: 0.60, lr: [0.003730872601793835], Loss: 4.095776, Acc:0.540620, Semantic loss: 1.498393, BCE loss: 1.633587, SB loss: 0.963797
2025-01-06 18:13:40,754 Epoch: [13/20] Iter:[70/192], Time: 0.59, lr: [0.0037047114130112895], Loss: 4.068900, Acc:0.542449, Semantic loss: 1.491335, BCE loss: 1.606291, SB loss: 0.971274
2025-01-06 18:13:45,868 Epoch: [13/20] Iter:[80/192], Time: 0.58, lr: [0.0036785296812608405], Loss: 4.084142, Acc:0.536476, Semantic loss: 1.529975, BCE loss: 1.568136, SB loss: 0.986031
2025-01-06 18:13:50,686 Epoch: [13/20] Iter:[90/192], Time: 0.57, lr: [0.003652327227692201], Loss: 4.084717, Acc:0.536680, Semantic loss: 1.525250, BCE loss: 1.575011, SB loss: 0.984457
2025-01-06 18:13:55,994 Epoch: [13/20] Iter:[100/192], Time: 0.56, lr: [0.0036261038704587037], Loss: 4.092241, Acc:0.534149, Semantic loss: 1.525079, BCE loss: 1.586758, SB loss: 0.980404
2025-01-06 18:14:00,963 Epoch: [13/20] Iter:[110/192], Time: 0.56, lr: [0.003599859424642584], Loss: 4.095379, Acc:0.532773, Semantic loss: 1.528180, BCE loss: 1.582919, SB loss: 0.984281
2025-01-06 18:14:06,065 Epoch: [13/20] Iter:[120/192], Time: 0.55, lr: [0.0035735937021778063], Loss: 4.095631, Acc:0.532698, Semantic loss: 1.526092, BCE loss: 1.589649, SB loss: 0.979891
2025-01-06 18:14:10,886 Epoch: [13/20] Iter:[130/192], Time: 0.55, lr: [0.0035473065117702885], Loss: 4.082673, Acc:0.531072, Semantic loss: 1.525291, BCE loss: 1.575343, SB loss: 0.982039
2025-01-06 18:14:16,079 Epoch: [13/20] Iter:[140/192], Time: 0.55, lr: [0.003520997658815433], Loss: 4.053937, Acc:0.533307, Semantic loss: 1.518953, BCE loss: 1.559119, SB loss: 0.975865
2025-01-06 18:14:20,801 Epoch: [13/20] Iter:[150/192], Time: 0.54, lr: [0.003494666945312851], Loss: 4.053554, Acc:0.531346, Semantic loss: 1.521170, BCE loss: 1.548260, SB loss: 0.984124
2025-01-06 18:14:25,994 Epoch: [13/20] Iter:[160/192], Time: 0.54, lr: [0.00346831416977816], Loss: 4.048623, Acc:0.531788, Semantic loss: 1.521875, BCE loss: 1.541112, SB loss: 0.985637
2025-01-06 18:14:30,849 Epoch: [13/20] Iter:[170/192], Time: 0.54, lr: [0.003441939127151716], Loss: 4.044595, Acc:0.532846, Semantic loss: 1.519462, BCE loss: 1.538281, SB loss: 0.986852
2025-01-06 18:14:36,259 Epoch: [13/20] Iter:[180/192], Time: 0.54, lr: [0.0034155416087041646], Loss: 4.025475, Acc:0.533705, Semantic loss: 1.512714, BCE loss: 1.531341, SB loss: 0.981420
2025-01-06 18:14:41,122 Epoch: [13/20] Iter:[190/192], Time: 0.53, lr: [0.0033891214019386652], Loss: 4.031297, Acc:0.533774, Semantic loss: 1.510829, BCE loss: 1.537628, SB loss: 0.982840
2025-01-06 18:16:36,796 0 [0.         0.56548713 0.19542366 0.00880097 0.07608587 0.0136626
 0.07176753] 0.13303253687083028
2025-01-06 18:16:36,797 1 [0.         0.42788993 0.23289138 0.03957866 0.17233464 0.00916632
 0.07636879] 0.1368899597276194
2025-01-06 18:16:36,808 => saving checkpoint to output\loveda\pidnet_small_lovedacheckpoint.pth.tar
2025-01-06 18:16:37,014 Loss: 4.205, MeanIU:  0.1369, Best_mIoU:  0.1369
2025-01-06 18:16:37,014 [0.         0.42788993 0.23289138 0.03957866 0.17233464 0.00916632
 0.07636879]
2025-01-06 18:16:44,163 Epoch: [14/20] Iter:[0/192], Time: 6.97, lr: [0.0033838346190164987], Loss: 3.352544, Acc:0.733951, Semantic loss: 1.059723, BCE loss: 1.621817, SB loss: 0.671004
2025-01-06 18:16:48,740 Epoch: [14/20] Iter:[10/192], Time: 1.05, lr: [0.0033573869003190927], Loss: 3.868690, Acc:0.563299, Semantic loss: 1.422763, BCE loss: 1.566414, SB loss: 0.879513
2025-01-06 18:16:53,845 Epoch: [14/20] Iter:[20/192], Time: 0.79, lr: [0.0033309160120447595], Loss: 3.935646, Acc:0.539291, Semantic loss: 1.487960, BCE loss: 1.498033, SB loss: 0.949653
2025-01-06 18:16:58,666 Epoch: [14/20] Iter:[30/192], Time: 0.69, lr: [0.0033044217289421207], Loss: 3.941855, Acc:0.542894, Semantic loss: 1.495225, BCE loss: 1.469684, SB loss: 0.976945
2025-01-06 18:17:03,977 Epoch: [14/20] Iter:[40/192], Time: 0.65, lr: [0.0032779038215418194], Loss: 3.985390, Acc:0.543238, Semantic loss: 1.491488, BCE loss: 1.504682, SB loss: 0.989220
2025-01-06 18:17:08,868 Epoch: [14/20] Iter:[50/192], Time: 0.62, lr: [0.0032513620560388795], Loss: 4.005906, Acc:0.542438, Semantic loss: 1.482486, BCE loss: 1.537664, SB loss: 0.985757
2025-01-06 18:17:14,108 Epoch: [14/20] Iter:[60/192], Time: 0.61, lr: [0.003224796194170671], Loss: 3.982885, Acc:0.545800, Semantic loss: 1.467992, BCE loss: 1.537287, SB loss: 0.977606
2025-01-06 18:17:18,885 Epoch: [14/20] Iter:[70/192], Time: 0.59, lr: [0.003198205993090303], Loss: 3.984192, Acc:0.543129, Semantic loss: 1.479803, BCE loss: 1.523806, SB loss: 0.980583
2025-01-06 18:17:24,089 Epoch: [14/20] Iter:[80/192], Time: 0.58, lr: [0.0031715912052352204], Loss: 3.985786, Acc:0.543516, Semantic loss: 1.471109, BCE loss: 1.536551, SB loss: 0.978126
2025-01-06 18:17:29,113 Epoch: [14/20] Iter:[90/192], Time: 0.57, lr: [0.0031449515781907557], Loss: 3.991940, Acc:0.542579, Semantic loss: 1.488061, BCE loss: 1.526403, SB loss: 0.977476
2025-01-06 18:17:34,388 Epoch: [14/20] Iter:[100/192], Time: 0.57, lr: [0.003118286854548424], Loss: 3.988101, Acc:0.543312, Semantic loss: 1.486715, BCE loss: 1.524631, SB loss: 0.976755
2025-01-06 18:17:39,186 Epoch: [14/20] Iter:[110/192], Time: 0.56, lr: [0.003091596771758693], Loss: 3.995597, Acc:0.544178, Semantic loss: 1.486195, BCE loss: 1.538241, SB loss: 0.971161
2025-01-06 18:17:44,340 Epoch: [14/20] Iter:[120/192], Time: 0.55, lr: [0.0030648810619779434], Loss: 4.009844, Acc:0.545719, Semantic loss: 1.484125, BCE loss: 1.551212, SB loss: 0.974507
2025-01-06 18:17:49,195 Epoch: [14/20] Iter:[130/192], Time: 0.55, lr: [0.0030381394519093602], Loss: 4.009396, Acc:0.543368, Semantic loss: 1.494219, BCE loss: 1.535576, SB loss: 0.979600
2025-01-06 18:17:54,330 Epoch: [14/20] Iter:[140/192], Time: 0.55, lr: [0.003011371662637431], Loss: 4.015750, Acc:0.542463, Semantic loss: 1.504380, BCE loss: 1.525799, SB loss: 0.985571
2025-01-06 18:17:59,267 Epoch: [14/20] Iter:[150/192], Time: 0.54, lr: [0.0029845774094557345], Loss: 4.025607, Acc:0.540693, Semantic loss: 1.508496, BCE loss: 1.533710, SB loss: 0.983402
2025-01-06 18:18:04,604 Epoch: [14/20] Iter:[160/192], Time: 0.54, lr: [0.002957756401687678], Loss: 4.025488, Acc:0.540775, Semantic loss: 1.507908, BCE loss: 1.534129, SB loss: 0.983450
2025-01-06 18:18:09,621 Epoch: [14/20] Iter:[170/192], Time: 0.54, lr: [0.002930908342499829], Loss: 4.035356, Acc:0.540948, Semantic loss: 1.507603, BCE loss: 1.539558, SB loss: 0.988195
2025-01-06 18:18:15,044 Epoch: [14/20] Iter:[180/192], Time: 0.54, lr: [0.002904032928707437], Loss: 4.038932, Acc:0.541367, Semantic loss: 1.507881, BCE loss: 1.541030, SB loss: 0.990022
2025-01-06 18:18:19,820 Epoch: [14/20] Iter:[190/192], Time: 0.54, lr: [0.0028771298505717554], Loss: 4.045012, Acc:0.537673, Semantic loss: 1.517721, BCE loss: 1.533417, SB loss: 0.993874
2025-01-06 18:20:15,265 0 [0.         0.53747301 0.19881607 0.02474504 0.09600312 0.01658405
 0.05509323] 0.13267350143133275
2025-01-06 18:20:15,266 1 [0.         0.36791526 0.22076512 0.05649256 0.1996408  0.00407643
 0.06771323] 0.13094334352137904
2025-01-06 18:20:15,276 => saving checkpoint to output\loveda\pidnet_small_lovedacheckpoint.pth.tar
2025-01-06 18:20:15,411 Loss: 4.264, MeanIU:  0.1309, Best_mIoU:  0.1369
2025-01-06 18:20:15,411 [0.         0.36791526 0.22076512 0.05649256 0.1996408  0.00407643
 0.06771323]
2025-01-06 18:20:22,489 Epoch: [15/20] Iter:[0/192], Time: 6.90, lr: [0.0028717458874925874], Loss: 4.052390, Acc:0.522030, Semantic loss: 1.263565, BCE loss: 1.934273, SB loss: 0.854552
2025-01-06 18:20:26,933 Epoch: [15/20] Iter:[10/192], Time: 1.03, lr: [0.0028448091937488323], Loss: 3.986686, Acc:0.494527, Semantic loss: 1.509788, BCE loss: 1.440710, SB loss: 1.036188
2025-01-06 18:20:32,243 Epoch: [15/20] Iter:[20/192], Time: 0.79, lr: [0.002817844130111582], Loss: 3.927844, Acc:0.519953, Semantic loss: 1.501688, BCE loss: 1.429296, SB loss: 0.996860
2025-01-06 18:20:37,156 Epoch: [15/20] Iter:[30/192], Time: 0.70, lr: [0.0027908503644035994], Loss: 4.054508, Acc:0.531395, Semantic loss: 1.525886, BCE loss: 1.522815, SB loss: 1.005807
2025-01-06 18:20:42,142 Epoch: [15/20] Iter:[40/192], Time: 0.65, lr: [0.0027638275569424097], Loss: 4.060083, Acc:0.520986, Semantic loss: 1.539112, BCE loss: 1.510054, SB loss: 1.010917
2025-01-06 18:20:46,983 Epoch: [15/20] Iter:[50/192], Time: 0.62, lr: [0.002736775360287257], Loss: 4.008158, Acc:0.523802, Semantic loss: 1.523689, BCE loss: 1.467979, SB loss: 1.016490
2025-01-06 18:20:52,107 Epoch: [15/20] Iter:[60/192], Time: 0.60, lr: [0.002709693418974644], Loss: 3.993234, Acc:0.534401, Semantic loss: 1.515286, BCE loss: 1.472768, SB loss: 1.005180
2025-01-06 18:20:57,024 Epoch: [15/20] Iter:[70/192], Time: 0.58, lr: [0.0026825813692418162], Loss: 3.970891, Acc:0.531373, Semantic loss: 1.505330, BCE loss: 1.467623, SB loss: 0.997939
2025-01-06 18:21:02,422 Epoch: [15/20] Iter:[80/192], Time: 0.58, lr: [0.0026554388387375], Loss: 4.000397, Acc:0.529929, Semantic loss: 1.510038, BCE loss: 1.479298, SB loss: 1.011060
2025-01-06 18:21:07,195 Epoch: [15/20] Iter:[90/192], Time: 0.57, lr: [0.002628265446219161], Loss: 3.977866, Acc:0.538765, Semantic loss: 1.499970, BCE loss: 1.480225, SB loss: 0.997670
2025-01-06 18:21:12,432 Epoch: [15/20] Iter:[100/192], Time: 0.56, lr: [0.002601060801235972], Loss: 3.977077, Acc:0.537143, Semantic loss: 1.505438, BCE loss: 1.476306, SB loss: 0.995333
2025-01-06 18:21:17,257 Epoch: [15/20] Iter:[110/192], Time: 0.56, lr: [0.002573824503796671], Loss: 3.977759, Acc:0.535139, Semantic loss: 1.500978, BCE loss: 1.485776, SB loss: 0.991005
2025-01-06 18:21:22,393 Epoch: [15/20] Iter:[120/192], Time: 0.55, lr: [0.00254655614402138], Loss: 3.986392, Acc:0.531618, Semantic loss: 1.504349, BCE loss: 1.492195, SB loss: 0.989847
2025-01-06 18:21:27,247 Epoch: [15/20] Iter:[130/192], Time: 0.55, lr: [0.0025192553017764118], Loss: 3.976142, Acc:0.533964, Semantic loss: 1.496862, BCE loss: 1.496345, SB loss: 0.982934
2025-01-06 18:21:32,453 Epoch: [15/20] Iter:[140/192], Time: 0.55, lr: [0.002491921546291034], Loss: 3.981370, Acc:0.535838, Semantic loss: 1.491362, BCE loss: 1.504375, SB loss: 0.985633
2025-01-06 18:21:37,229 Epoch: [15/20] Iter:[150/192], Time: 0.54, lr: [0.0024645544357550573], Loss: 3.987247, Acc:0.535838, Semantic loss: 1.493696, BCE loss: 1.505017, SB loss: 0.988533
2025-01-06 18:21:42,505 Epoch: [15/20] Iter:[160/192], Time: 0.54, lr: [0.002437153516896028], Loss: 3.988469, Acc:0.533123, Semantic loss: 1.499454, BCE loss: 1.500546, SB loss: 0.988469
2025-01-06 18:21:47,248 Epoch: [15/20] Iter:[170/192], Time: 0.54, lr: [0.0024097183245347467], Loss: 3.988705, Acc:0.535684, Semantic loss: 1.493541, BCE loss: 1.512405, SB loss: 0.982759
2025-01-06 18:21:52,397 Epoch: [15/20] Iter:[180/192], Time: 0.53, lr: [0.0023822483811177], Loss: 3.983666, Acc:0.538077, Semantic loss: 1.487759, BCE loss: 1.518439, SB loss: 0.977468
2025-01-06 18:21:57,254 Epoch: [15/20] Iter:[190/192], Time: 0.53, lr: [0.002354743196224891], Loss: 3.979534, Acc:0.537079, Semantic loss: 1.488831, BCE loss: 1.512429, SB loss: 0.978273
2025-01-06 18:23:38,392 0 [0.         0.52680501 0.13737312 0.02130439 0.05214591 0.04379437
 0.05823552] 0.11995118954495428
2025-01-06 18:23:38,393 1 [0.         0.37907239 0.18416953 0.05303713 0.17574024 0.03115821
 0.07689918] 0.12858238180655862
2025-01-06 18:23:38,401 => saving checkpoint to output\loveda\pidnet_small_lovedacheckpoint.pth.tar
2025-01-06 18:23:38,532 Loss: 4.337, MeanIU:  0.1286, Best_mIoU:  0.1369
2025-01-06 18:23:38,533 [0.         0.37907239 0.18416953 0.05303713 0.17574024 0.03115821
 0.07689918]
2025-01-06 18:23:45,599 Epoch: [16/20] Iter:[0/192], Time: 6.89, lr: [0.0023492378861760376], Loss: 4.333674, Acc:0.581867, Semantic loss: 1.480681, BCE loss: 1.844183, SB loss: 1.008811
2025-01-06 18:23:49,896 Epoch: [16/20] Iter:[10/192], Time: 1.02, lr: [0.0023216897452738748], Loss: 3.858563, Acc:0.584703, Semantic loss: 1.390272, BCE loss: 1.505809, SB loss: 0.962482
2025-01-06 18:23:54,885 Epoch: [16/20] Iter:[20/192], Time: 0.77, lr: [0.0022941052360858027], Loss: 3.720566, Acc:0.583009, Semantic loss: 1.369584, BCE loss: 1.448186, SB loss: 0.902796
2025-01-06 18:23:59,834 Epoch: [16/20] Iter:[30/192], Time: 0.68, lr: [0.0022664838233947228], Loss: 3.903992, Acc:0.569090, Semantic loss: 1.436156, BCE loss: 1.497488, SB loss: 0.970348
2025-01-06 18:24:04,909 Epoch: [16/20] Iter:[40/192], Time: 0.64, lr: [0.0022388249567421017], Loss: 3.926248, Acc:0.564402, Semantic loss: 1.426530, BCE loss: 1.545504, SB loss: 0.954214
2025-01-06 18:24:09,882 Epoch: [16/20] Iter:[50/192], Time: 0.61, lr: [0.002211128069778427], Loss: 3.913935, Acc:0.562204, Semantic loss: 1.437723, BCE loss: 1.524944, SB loss: 0.951268
2025-01-06 18:24:15,160 Epoch: [16/20] Iter:[60/192], Time: 0.60, lr: [0.0021833925795765436], Loss: 3.928550, Acc:0.555479, Semantic loss: 1.440312, BCE loss: 1.540543, SB loss: 0.947696
2025-01-06 18:24:20,054 Epoch: [16/20] Iter:[70/192], Time: 0.58, lr: [0.0021556178859051967], Loss: 3.938547, Acc:0.552595, Semantic loss: 1.452050, BCE loss: 1.540252, SB loss: 0.946245
2025-01-06 18:24:25,093 Epoch: [16/20] Iter:[80/192], Time: 0.57, lr: [0.002127803370459852], Loss: 3.924896, Acc:0.552613, Semantic loss: 1.447273, BCE loss: 1.545866, SB loss: 0.931756
2025-01-06 18:24:29,915 Epoch: [16/20] Iter:[90/192], Time: 0.56, lr: [0.0020999483960476508], Loss: 3.908905, Acc:0.552646, Semantic loss: 1.444145, BCE loss: 1.535781, SB loss: 0.928979
2025-01-06 18:24:34,995 Epoch: [16/20] Iter:[100/192], Time: 0.56, lr: [0.0020720523057230294], Loss: 3.917071, Acc:0.553314, Semantic loss: 1.443840, BCE loss: 1.549665, SB loss: 0.923566
2025-01-06 18:24:39,888 Epoch: [16/20] Iter:[110/192], Time: 0.55, lr: [0.002044114421870228], Loss: 3.899903, Acc:0.554035, Semantic loss: 1.438006, BCE loss: 1.547582, SB loss: 0.914315
2025-01-06 18:24:44,998 Epoch: [16/20] Iter:[120/192], Time: 0.55, lr: [0.0020161340452285867], Loss: 3.899438, Acc:0.553554, Semantic loss: 1.444788, BCE loss: 1.543269, SB loss: 0.911381
2025-01-06 18:24:49,806 Epoch: [16/20] Iter:[130/192], Time: 0.54, lr: [0.001988110453856112], Loss: 3.907599, Acc:0.547968, Semantic loss: 1.455700, BCE loss: 1.535592, SB loss: 0.916307
2025-01-06 18:24:55,034 Epoch: [16/20] Iter:[140/192], Time: 0.54, lr: [0.0019600429020263607], Loss: 3.908620, Acc:0.543544, Semantic loss: 1.463451, BCE loss: 1.528314, SB loss: 0.916856
2025-01-06 18:24:59,833 Epoch: [16/20] Iter:[150/192], Time: 0.54, lr: [0.0019319306190532476], Loss: 3.916267, Acc:0.544494, Semantic loss: 1.465316, BCE loss: 1.531624, SB loss: 0.919327
2025-01-06 18:25:05,101 Epoch: [16/20] Iter:[160/192], Time: 0.54, lr: [0.0019037728080378042], Loss: 3.924776, Acc:0.541664, Semantic loss: 1.471887, BCE loss: 1.529075, SB loss: 0.923814
2025-01-06 18:25:10,019 Epoch: [16/20] Iter:[170/192], Time: 0.53, lr: [0.0018755686445303314], Loss: 3.909936, Acc:0.542357, Semantic loss: 1.469648, BCE loss: 1.515554, SB loss: 0.924733
2025-01-06 18:25:15,232 Epoch: [16/20] Iter:[180/192], Time: 0.53, lr: [0.001847317275100738], Loss: 3.908106, Acc:0.542080, Semantic loss: 1.470329, BCE loss: 1.514902, SB loss: 0.922875
2025-01-06 18:25:20,092 Epoch: [16/20] Iter:[190/192], Time: 0.53, lr: [0.0018190178158090872], Loss: 3.918006, Acc:0.540676, Semantic loss: 1.478133, BCE loss: 1.514353, SB loss: 0.925520
2025-01-06 18:27:15,812 0 [0.         0.52903439 0.14221758 0.01021698 0.09593145 0.06911256
 0.04723878] 0.12767882017431828
2025-01-06 18:27:15,812 1 [0.         0.33266377 0.19283678 0.03052569 0.21465252 0.0458852
 0.08807537] 0.1292341884686448
2025-01-06 18:27:15,823 => saving checkpoint to output\loveda\pidnet_small_lovedacheckpoint.pth.tar
2025-01-06 18:27:15,960 Loss: 4.385, MeanIU:  0.1292, Best_mIoU:  0.1369
2025-01-06 18:27:15,960 [0.         0.33266377 0.19283678 0.03052569 0.21465252 0.0458852
 0.08807537]
2025-01-06 18:27:23,122 Epoch: [17/20] Iter:[0/192], Time: 6.98, lr: [0.0018133520731367456], Loss: 4.374029, Acc:0.505936, Semantic loss: 1.509752, BCE loss: 1.985896, SB loss: 0.878381
2025-01-06 18:27:27,624 Epoch: [17/20] Iter:[10/192], Time: 1.04, lr: [0.001784993693823396], Loss: 3.837360, Acc:0.524221, Semantic loss: 1.391517, BCE loss: 1.527052, SB loss: 0.918791
2025-01-06 18:27:32,875 Epoch: [17/20] Iter:[20/192], Time: 0.80, lr: [0.0017565851643374117], Loss: 3.792759, Acc:0.552603, Semantic loss: 1.374042, BCE loss: 1.520377, SB loss: 0.898340
2025-01-06 18:27:37,665 Epoch: [17/20] Iter:[30/192], Time: 0.69, lr: [0.0017281254915000803], Loss: 3.883627, Acc:0.533232, Semantic loss: 1.445188, BCE loss: 1.497702, SB loss: 0.940737
2025-01-06 18:27:42,972 Epoch: [17/20] Iter:[40/192], Time: 0.65, lr: [0.0016996136438923032], Loss: 3.854228, Acc:0.533642, Semantic loss: 1.442262, BCE loss: 1.476639, SB loss: 0.935328
2025-01-06 18:27:47,903 Epoch: [17/20] Iter:[50/192], Time: 0.62, lr: [0.0016710485496403851], Loss: 3.878393, Acc:0.535975, Semantic loss: 1.451429, BCE loss: 1.470146, SB loss: 0.956817
2025-01-06 18:27:52,934 Epoch: [17/20] Iter:[60/192], Time: 0.60, lr: [0.0016424290940290059], Loss: 3.903652, Acc:0.539393, Semantic loss: 1.452040, BCE loss: 1.480482, SB loss: 0.971130
2025-01-06 18:27:57,802 Epoch: [17/20] Iter:[70/192], Time: 0.59, lr: [0.0016137541169242962], Loss: 3.879170, Acc:0.543488, Semantic loss: 1.460791, BCE loss: 1.453798, SB loss: 0.964581
2025-01-06 18:28:03,004 Epoch: [17/20] Iter:[80/192], Time: 0.58, lr: [0.0015850224099878446], Loss: 3.884190, Acc:0.543272, Semantic loss: 1.462579, BCE loss: 1.457472, SB loss: 0.964139
2025-01-06 18:28:07,886 Epoch: [17/20] Iter:[90/192], Time: 0.57, lr: [0.001556232713660091], Loss: 3.909394, Acc:0.542479, Semantic loss: 1.471023, BCE loss: 1.473324, SB loss: 0.965047
2025-01-06 18:28:12,875 Epoch: [17/20] Iter:[100/192], Time: 0.56, lr: [0.0015273837138888994], Loss: 3.907911, Acc:0.547373, Semantic loss: 1.462308, BCE loss: 1.488510, SB loss: 0.957093
2025-01-06 18:28:17,879 Epoch: [17/20] Iter:[110/192], Time: 0.56, lr: [0.0014984740385759552], Loss: 3.903693, Acc:0.545838, Semantic loss: 1.464203, BCE loss: 1.489680, SB loss: 0.949810
2025-01-06 18:28:22,933 Epoch: [17/20] Iter:[120/192], Time: 0.55, lr: [0.0014695022537100475], Loss: 3.908930, Acc:0.542948, Semantic loss: 1.467673, BCE loss: 1.493977, SB loss: 0.947279
2025-01-06 18:28:27,853 Epoch: [17/20] Iter:[130/192], Time: 0.55, lr: [0.0014404668591521846], Loss: 3.897790, Acc:0.541910, Semantic loss: 1.468241, BCE loss: 1.484674, SB loss: 0.944875
2025-01-06 18:28:32,925 Epoch: [17/20] Iter:[140/192], Time: 0.54, lr: [0.0014113662840326588], Loss: 3.897190, Acc:0.545167, Semantic loss: 1.464414, BCE loss: 1.488471, SB loss: 0.944305
2025-01-06 18:28:37,960 Epoch: [17/20] Iter:[150/192], Time: 0.54, lr: [0.0013821988817145786], Loss: 3.904564, Acc:0.546018, Semantic loss: 1.464463, BCE loss: 1.495698, SB loss: 0.944403
2025-01-06 18:28:43,207 Epoch: [17/20] Iter:[160/192], Time: 0.54, lr: [0.0013529629242719093], Loss: 3.904416, Acc:0.548851, Semantic loss: 1.461998, BCE loss: 1.497123, SB loss: 0.945295
2025-01-06 18:28:48,149 Epoch: [17/20] Iter:[170/192], Time: 0.54, lr: [0.0013236565964223801], Loss: 3.897924, Acc:0.550854, Semantic loss: 1.456089, BCE loss: 1.496067, SB loss: 0.945767
2025-01-06 18:28:53,432 Epoch: [17/20] Iter:[180/192], Time: 0.54, lr: [0.0012942779888466518], Loss: 3.901768, Acc:0.551049, Semantic loss: 1.454514, BCE loss: 1.504265, SB loss: 0.942989
2025-01-06 18:28:58,327 Epoch: [17/20] Iter:[190/192], Time: 0.53, lr: [0.0012648250908145803], Loss: 3.904787, Acc:0.550127, Semantic loss: 1.455934, BCE loss: 1.504163, SB loss: 0.944690
2025-01-06 18:30:53,990 0 [0.         0.48937115 0.16143469 0.03219072 0.08858822 0.02352808
 0.07072464] 0.1236910712734325
2025-01-06 18:30:53,991 1 [0.         0.30636039 0.22950124 0.07302137 0.24541319 0.04232798
 0.10563885] 0.14318043194043653
2025-01-06 18:30:54,001 => saving checkpoint to output\loveda\pidnet_small_lovedacheckpoint.pth.tar
2025-01-06 18:30:54,214 Loss: 4.363, MeanIU:  0.1432, Best_mIoU:  0.1432
2025-01-06 18:30:54,215 [0.         0.30636039 0.22950124 0.07302137 0.24541319 0.04232798
 0.10563885]
2025-01-06 18:31:01,228 Epoch: [18/20] Iter:[0/192], Time: 6.84, lr: [0.001258925411794167], Loss: 3.473492, Acc:0.410606, Semantic loss: 1.266470, BCE loss: 1.379076, SB loss: 0.827946
2025-01-06 18:31:05,784 Epoch: [18/20] Iter:[10/192], Time: 1.04, lr: [0.0012293805561511607], Loss: 4.028537, Acc:0.516609, Semantic loss: 1.523764, BCE loss: 1.486862, SB loss: 1.017911
2025-01-06 18:31:10,922 Epoch: [18/20] Iter:[20/192], Time: 0.79, lr: [0.0011997565879500753], Loss: 3.991709, Acc:0.540390, Semantic loss: 1.510858, BCE loss: 1.497601, SB loss: 0.983251
2025-01-06 18:31:15,738 Epoch: [18/20] Iter:[30/192], Time: 0.69, lr: [0.0011700511125444005], Loss: 3.960994, Acc:0.541445, Semantic loss: 1.519902, BCE loss: 1.463024, SB loss: 0.978068
2025-01-06 18:31:20,975 Epoch: [18/20] Iter:[40/192], Time: 0.65, lr: [0.0011402615929770753], Loss: 3.927639, Acc:0.543742, Semantic loss: 1.478570, BCE loss: 1.475303, SB loss: 0.973766
2025-01-06 18:31:25,857 Epoch: [18/20] Iter:[50/192], Time: 0.62, lr: [0.0011103853371305413], Loss: 3.912155, Acc:0.548788, Semantic loss: 1.474839, BCE loss: 1.473231, SB loss: 0.964085
2025-01-06 18:31:31,056 Epoch: [18/20] Iter:[60/192], Time: 0.60, lr: [0.001080419483295973], Loss: 3.887525, Acc:0.552688, Semantic loss: 1.463292, BCE loss: 1.460534, SB loss: 0.963699
2025-01-06 18:31:35,981 Epoch: [18/20] Iter:[70/192], Time: 0.59, lr: [0.0010503609839122385], Loss: 3.891513, Acc:0.555283, Semantic loss: 1.462011, BCE loss: 1.476949, SB loss: 0.952552
2025-01-06 18:31:41,275 Epoch: [18/20] Iter:[80/192], Time: 0.58, lr: [0.0010202065871765603], Loss: 3.882056, Acc:0.551761, Semantic loss: 1.457068, BCE loss: 1.481676, SB loss: 0.943311
2025-01-06 18:31:46,252 Epoch: [18/20] Iter:[90/192], Time: 0.57, lr: [0.000989952816168914], Loss: 3.877223, Acc:0.548818, Semantic loss: 1.454673, BCE loss: 1.480359, SB loss: 0.942190
2025-01-06 18:31:51,719 Epoch: [18/20] Iter:[100/192], Time: 0.57, lr: [0.0009595959450576828], Loss: 3.859225, Acc:0.547793, Semantic loss: 1.448145, BCE loss: 1.472469, SB loss: 0.938610
2025-01-06 18:31:56,779 Epoch: [18/20] Iter:[110/192], Time: 0.56, lr: [0.000929131971860904], Loss: 3.847137, Acc:0.546123, Semantic loss: 1.446412, BCE loss: 1.457525, SB loss: 0.943200
2025-01-06 18:32:02,026 Epoch: [18/20] Iter:[120/192], Time: 0.56, lr: [0.0008985565871200918], Loss: 3.850669, Acc:0.545484, Semantic loss: 1.447079, BCE loss: 1.462933, SB loss: 0.940657
2025-01-06 18:32:06,905 Epoch: [18/20] Iter:[130/192], Time: 0.55, lr: [0.0008678651376944955], Loss: 3.851940, Acc:0.547467, Semantic loss: 1.446059, BCE loss: 1.471267, SB loss: 0.934614
2025-01-06 18:32:12,228 Epoch: [18/20] Iter:[140/192], Time: 0.55, lr: [0.000837052584692747], Loss: 3.872405, Acc:0.547436, Semantic loss: 1.445515, BCE loss: 1.486184, SB loss: 0.940706
2025-01-06 18:32:17,094 Epoch: [18/20] Iter:[150/192], Time: 0.55, lr: [0.000806113454312208], Loss: 3.862864, Acc:0.548720, Semantic loss: 1.444155, BCE loss: 1.480935, SB loss: 0.937775
2025-01-06 18:32:22,358 Epoch: [18/20] Iter:[160/192], Time: 0.55, lr: [0.0007750417800344363], Loss: 3.853811, Acc:0.550736, Semantic loss: 1.440711, BCE loss: 1.477402, SB loss: 0.935698
2025-01-06 18:32:27,023 Epoch: [18/20] Iter:[170/192], Time: 0.54, lr: [0.0007438310342008949], Loss: 3.866361, Acc:0.546547, Semantic loss: 1.447418, BCE loss: 1.480520, SB loss: 0.938422
2025-01-06 18:32:32,133 Epoch: [18/20] Iter:[180/192], Time: 0.54, lr: [0.0007124740464272778], Loss: 3.861365, Acc:0.547881, Semantic loss: 1.442695, BCE loss: 1.482512, SB loss: 0.936157
2025-01-06 18:32:36,973 Epoch: [18/20] Iter:[190/192], Time: 0.54, lr: [0.0006809629055511224], Loss: 3.872124, Acc:0.546830, Semantic loss: 1.445421, BCE loss: 1.490343, SB loss: 0.936360
2025-01-06 18:34:32,701 0 [0.         0.51298044 0.15884137 0.02069911 0.09571154 0.03001844
 0.0867753 ] 0.12928945664876693
2025-01-06 18:34:32,701 1 [0.         0.3306698  0.21179392 0.06491406 0.22587686 0.0163341
 0.09433214] 0.13484584126107213
2025-01-06 18:34:32,710 => saving checkpoint to output\loveda\pidnet_small_lovedacheckpoint.pth.tar
2025-01-06 18:34:32,850 Loss: 4.473, MeanIU:  0.1348, Best_mIoU:  0.1432
2025-01-06 18:34:32,850 [0.         0.3306698  0.21179392 0.06491406 0.22587686 0.0163341
 0.09433214]
2025-01-06 18:34:40,152 Epoch: [19/20] Iter:[0/192], Time: 7.12, lr: [0.0006746414238367822], Loss: 3.760185, Acc:0.525915, Semantic loss: 1.420500, BCE loss: 1.404015, SB loss: 0.935670
2025-01-06 18:34:44,597 Epoch: [19/20] Iter:[10/192], Time: 1.05, lr: [0.0006429336362339898], Loss: 3.800448, Acc:0.533185, Semantic loss: 1.421848, BCE loss: 1.419525, SB loss: 0.959075
2025-01-06 18:34:49,833 Epoch: [19/20] Iter:[20/192], Time: 0.80, lr: [0.0006110510578510947], Loss: 3.904630, Acc:0.520872, Semantic loss: 1.475521, BCE loss: 1.393503, SB loss: 1.035605
2025-01-06 18:34:54,747 Epoch: [19/20] Iter:[30/192], Time: 0.70, lr: [0.0005789824653018995], Loss: 3.867919, Acc:0.535328, Semantic loss: 1.481489, BCE loss: 1.388207, SB loss: 0.998223
2025-01-06 18:34:59,894 Epoch: [19/20] Iter:[40/192], Time: 0.66, lr: [0.0005467151732202777], Loss: 3.931013, Acc:0.541487, Semantic loss: 1.478022, BCE loss: 1.462088, SB loss: 0.990903
2025-01-06 18:35:04,883 Epoch: [19/20] Iter:[50/192], Time: 0.62, lr: [0.0005142347343351296], Loss: 3.962319, Acc:0.539708, Semantic loss: 1.489050, BCE loss: 1.475217, SB loss: 0.998052
2025-01-06 18:35:10,067 Epoch: [19/20] Iter:[60/192], Time: 0.61, lr: [0.0004815245523312483], Loss: 3.916666, Acc:0.544335, Semantic loss: 1.478318, BCE loss: 1.468572, SB loss: 0.969777
2025-01-06 18:35:14,893 Epoch: [19/20] Iter:[70/192], Time: 0.59, lr: [0.000448565373510549], Loss: 3.914968, Acc:0.545571, Semantic loss: 1.475101, BCE loss: 1.473135, SB loss: 0.966732
2025-01-06 18:35:20,171 Epoch: [19/20] Iter:[80/192], Time: 0.58, lr: [0.00041533460609889997], Loss: 3.927701, Acc:0.545180, Semantic loss: 1.473999, BCE loss: 1.489509, SB loss: 0.964193
2025-01-06 18:35:25,085 Epoch: [19/20] Iter:[90/192], Time: 0.57, lr: [0.00038180538785330436], Loss: 3.911552, Acc:0.549328, Semantic loss: 1.463524, BCE loss: 1.488103, SB loss: 0.959925
2025-01-06 18:35:30,174 Epoch: [19/20] Iter:[100/192], Time: 0.57, lr: [0.00034794527452517863], Loss: 3.881374, Acc:0.549722, Semantic loss: 1.450916, BCE loss: 1.482517, SB loss: 0.947940
2025-01-06 18:35:34,992 Epoch: [19/20] Iter:[110/192], Time: 0.56, lr: [0.00031371433588231993], Loss: 3.877875, Acc:0.552709, Semantic loss: 1.448932, BCE loss: 1.483760, SB loss: 0.945184
2025-01-06 18:35:40,126 Epoch: [19/20] Iter:[120/192], Time: 0.55, lr: [0.0002790622842837163], Loss: 3.874084, Acc:0.555706, Semantic loss: 1.445762, BCE loss: 1.482032, SB loss: 0.946289
2025-01-06 18:35:45,092 Epoch: [19/20] Iter:[130/192], Time: 0.55, lr: [0.0002439239356353784], Loss: 3.869542, Acc:0.554546, Semantic loss: 1.442171, BCE loss: 1.485328, SB loss: 0.942042
2025-01-06 18:35:50,493 Epoch: [19/20] Iter:[140/192], Time: 0.55, lr: [0.00020821159321002047], Loss: 3.862491, Acc:0.557655, Semantic loss: 1.438333, BCE loss: 1.491057, SB loss: 0.933101
2025-01-06 18:35:55,431 Epoch: [19/20] Iter:[150/192], Time: 0.55, lr: [0.00017180122628828942], Loss: 3.871343, Acc:0.558826, Semantic loss: 1.436369, BCE loss: 1.502280, SB loss: 0.932694
2025-01-06 18:36:00,735 Epoch: [19/20] Iter:[160/192], Time: 0.54, lr: [0.00013450451987183818], Loss: 3.865353, Acc:0.558627, Semantic loss: 1.433502, BCE loss: 1.504187, SB loss: 0.927664
2025-01-06 18:36:05,673 Epoch: [19/20] Iter:[170/192], Time: 0.54, lr: [9.600244875192536e-05], Loss: 3.878325, Acc:0.556775, Semantic loss: 1.437202, BCE loss: 1.507890, SB loss: 0.933234
2025-01-06 18:36:11,060 Epoch: [19/20] Iter:[180/192], Time: 0.54, lr: [5.563716848048335e-05], Loss: 3.896427, Acc:0.556608, Semantic loss: 1.444569, BCE loss: 1.512482, SB loss: 0.939377
2025-01-06 18:36:15,603 Epoch: [19/20] Iter:[190/192], Time: 0.54, lr: [1.1092486125349496e-05], Loss: 3.882395, Acc:0.556895, Semantic loss: 1.440379, BCE loss: 1.505818, SB loss: 0.936197
2025-01-06 18:38:11,568 0 [0.         0.51051955 0.15507297 0.03167493 0.08432352 0.04123561
 0.08153928] 0.12919512314930137
2025-01-06 18:38:11,569 1 [0.         0.27404758 0.21367077 0.06830464 0.22845972 0.02572544
 0.09484605] 0.12929345676463422
2025-01-06 18:38:11,579 => saving checkpoint to output\loveda\pidnet_small_lovedacheckpoint.pth.tar
2025-01-06 18:38:11,702 Loss: 4.831, MeanIU:  0.1293, Best_mIoU:  0.1432
2025-01-06 18:38:11,702 [0.         0.27404758 0.21367077 0.06830464 0.22845972 0.02572544
 0.09484605]
2025-01-06 18:38:11,782 Hours: 1
2025-01-06 18:38:11,782 Done
