2024-12-30 19:53:41,838 Namespace(cfg='configs/loveda/pidnet_small_loveda.yaml', seed=304, opts=[])
2024-12-30 19:53:41,839 AUTO_RESUME: False
CUDNN:
  BENCHMARK: True
  DETERMINISTIC: False
  ENABLED: True
DATASET:
  DATASET: loveda
  EXTRA_TRAIN_SET: 
  NUM_CLASSES: 7
  ROOT: data/
  TEST_SET: list/loveda/val.lst
  TRAIN_SET: list/loveda/train.lst
GPUS: (0,)
LOG_DIR: log
LOSS:
  BALANCE_WEIGHTS: [0.4, 1.0]
  CLASS_BALANCE: False
  OHEMKEEP: 131072
  OHEMTHRES: 0.9
  SB_WEIGHTS: 1.0
  USE_OHEM: True
MODEL:
  ALIGN_CORNERS: True
  NAME: pidnet_small
  NUM_OUTPUTS: 2
  PRETRAINED: pretrained_models/imagenet/PIDNet_S_ImageNet.pth.tar
OUTPUT_DIR: output
PIN_MEMORY: True
PRINT_FREQ: 10
TEST:
  BASE_SIZE: 2048
  BATCH_SIZE_PER_GPU: 6
  FLIP_TEST: False
  IMAGE_SIZE: [2048, 1024]
  MODEL_FILE: 
  MULTI_SCALE: False
  OUTPUT_INDEX: 1
TRAIN:
  BASE_SIZE: 2048
  BATCH_SIZE_PER_GPU: 6
  BEGIN_EPOCH: 0
  END_EPOCH: 20
  EXTRA_EPOCH: 0
  EXTRA_LR: 0.001
  FLIP: True
  IGNORE_LABEL: 0
  IMAGE_SIZE: [1024, 1024]
  LR: 0.01
  MOMENTUM: 0.9
  MULTI_SCALE: True
  NESTEROV: False
  OPTIMIZER: sgd
  RESUME: True
  SCALE_FACTOR: 16
  SHUFFLE: True
  WD: 0.0005
WORKERS: 4
2024-12-30 19:53:52,241 Attention!!!
2024-12-30 19:53:52,242 Loaded 302 parameters!
2024-12-30 19:53:52,242 Over!!!
2024-12-30 19:54:06,115 => loaded checkpoint (epoch 4)
2024-12-30 19:54:47,419 Epoch: [4/20] Iter:[0/227], Time: 41.30, lr: [0.008180521460508584], Loss: 3.899152, Acc:0.339931, Semantic loss: 1.357129, BCE loss: 1.363461, SB loss: 1.178561
2024-12-30 19:55:03,893 Epoch: [4/20] Iter:[10/227], Time: 5.23, lr: [0.00816024755110614], Loss: 3.529316, Acc:0.403245, Semantic loss: 1.336288, BCE loss: 0.993423, SB loss: 1.199605
2024-12-30 19:55:46,590 Epoch: [4/20] Iter:[20/227], Time: 4.77, lr: [0.008139968043488505], Loss: 3.348639, Acc:0.359804, Semantic loss: 1.272747, BCE loss: 0.896926, SB loss: 1.178966
2024-12-30 19:56:17,960 Epoch: [4/20] Iter:[30/227], Time: 4.25, lr: [0.008119682920604445], Loss: 3.461269, Acc:0.363570, Semantic loss: 1.294438, BCE loss: 0.959744, SB loss: 1.207087
2024-12-30 19:57:01,821 Epoch: [4/20] Iter:[40/227], Time: 4.28, lr: [0.008099392165303304], Loss: 3.387629, Acc:0.364501, Semantic loss: 1.286486, BCE loss: 0.913083, SB loss: 1.188060
2024-12-30 19:57:32,908 Epoch: [4/20] Iter:[50/227], Time: 4.05, lr: [0.008079095760334143], Loss: 3.319431, Acc:0.371212, Semantic loss: 1.258890, BCE loss: 0.900538, SB loss: 1.160003
2024-12-30 19:58:15,166 Epoch: [4/20] Iter:[60/227], Time: 4.08, lr: [0.00805879368834487], Loss: 3.336220, Acc:0.372160, Semantic loss: 1.266929, BCE loss: 0.921878, SB loss: 1.147413
2024-12-30 19:58:48,024 Epoch: [4/20] Iter:[70/227], Time: 3.97, lr: [0.00803848593188137], Loss: 3.341530, Acc:0.369934, Semantic loss: 1.267856, BCE loss: 0.932754, SB loss: 1.140921
2024-12-30 19:59:28,446 Epoch: [4/20] Iter:[80/227], Time: 3.98, lr: [0.008018172473386606], Loss: 3.320092, Acc:0.375695, Semantic loss: 1.256417, BCE loss: 0.936101, SB loss: 1.127574
2024-12-30 19:59:59,751 Epoch: [4/20] Iter:[90/227], Time: 3.88, lr: [0.00799785329519973], Loss: 3.304585, Acc:0.380005, Semantic loss: 1.241050, BCE loss: 0.949206, SB loss: 1.114329
2024-12-30 20:00:41,201 Epoch: [4/20] Iter:[100/227], Time: 3.91, lr: [0.007977528379555166], Loss: 3.281127, Acc:0.386588, Semantic loss: 1.226031, BCE loss: 0.949727, SB loss: 1.105369
2024-12-30 20:01:13,522 Epoch: [4/20] Iter:[110/227], Time: 3.85, lr: [0.007957197708581698], Loss: 3.273974, Acc:0.385365, Semantic loss: 1.217066, BCE loss: 0.950263, SB loss: 1.106645
2024-12-30 20:01:57,181 Epoch: [4/20] Iter:[120/227], Time: 3.89, lr: [0.007936861264301537], Loss: 3.279883, Acc:0.386030, Semantic loss: 1.220373, BCE loss: 0.951780, SB loss: 1.107730
2024-12-30 20:02:28,919 Epoch: [4/20] Iter:[130/227], Time: 3.84, lr: [0.007916519028629377], Loss: 3.285939, Acc:0.385061, Semantic loss: 1.220069, BCE loss: 0.959857, SB loss: 1.106013
2024-12-30 20:03:11,622 Epoch: [4/20] Iter:[140/227], Time: 3.87, lr: [0.00789617098337145], Loss: 3.288411, Acc:0.385107, Semantic loss: 1.220015, BCE loss: 0.962869, SB loss: 1.105527
2024-12-30 20:03:42,880 Epoch: [4/20] Iter:[150/227], Time: 3.82, lr: [0.007875817110224555], Loss: 3.263463, Acc:0.387266, Semantic loss: 1.207429, BCE loss: 0.961744, SB loss: 1.094290
2024-12-30 20:04:29,759 Epoch: [4/20] Iter:[160/227], Time: 3.87, lr: [0.007855457390775094], Loss: 3.245093, Acc:0.393446, Semantic loss: 1.198952, BCE loss: 0.954712, SB loss: 1.091429
2024-12-30 20:05:02,009 Epoch: [4/20] Iter:[170/227], Time: 3.83, lr: [0.007835091806498074], Loss: 3.263513, Acc:0.394873, Semantic loss: 1.205805, BCE loss: 0.962111, SB loss: 1.095598
2024-12-30 20:05:45,241 Epoch: [4/20] Iter:[180/227], Time: 3.86, lr: [0.007814720338756118], Loss: 3.268938, Acc:0.394235, Semantic loss: 1.206789, BCE loss: 0.965088, SB loss: 1.097061
2024-12-30 20:06:18,621 Epoch: [4/20] Iter:[190/227], Time: 3.83, lr: [0.007794342968798454], Loss: 3.263541, Acc:0.392117, Semantic loss: 1.203932, BCE loss: 0.965399, SB loss: 1.094211
2024-12-30 20:07:01,334 Epoch: [4/20] Iter:[200/227], Time: 3.86, lr: [0.007773959677759888], Loss: 3.252828, Acc:0.393445, Semantic loss: 1.199570, BCE loss: 0.962326, SB loss: 1.090932
2024-12-30 20:07:32,562 Epoch: [4/20] Iter:[210/227], Time: 3.82, lr: [0.007753570446659779], Loss: 3.254989, Acc:0.390624, Semantic loss: 1.202828, BCE loss: 0.965038, SB loss: 1.087123
2024-12-30 20:08:13,084 Epoch: [4/20] Iter:[220/227], Time: 3.83, lr: [0.007733175256400989], Loss: 3.244071, Acc:0.392366, Semantic loss: 1.194533, BCE loss: 0.966946, SB loss: 1.082592
2024-12-30 20:19:07,130 0 [0.         0.23224755 0.19772822 0.10203255 0.30820604 0.03898112
 0.15010869] 0.1470434515091739
2024-12-30 20:19:07,131 1 [0.         0.17746302 0.22868927 0.1211189  0.36583279 0.01642268
 0.13440771] 0.1491334804254025
2024-12-30 20:19:07,141 => saving checkpoint to output/loveda/pidnet_small_lovedacheckpoint.pth.tar
2024-12-30 20:19:09,307 Loss: 4.386, MeanIU:  0.1491, Best_mIoU:  0.1491
2024-12-30 20:19:09,308 [0.         0.17746302 0.22868927 0.1211189  0.36583279 0.01642268
 0.13440771]
2024-12-30 20:19:21,925 Epoch: [5/20] Iter:[0/227], Time: 12.38, lr: [0.007718895067235705], Loss: 2.759394, Acc:0.341894, Semantic loss: 1.220280, BCE loss: 0.653226, SB loss: 0.885889
2024-12-30 20:19:46,762 Epoch: [5/20] Iter:[10/227], Time: 3.38, lr: [0.007698489702245949], Loss: 3.600119, Acc:0.411634, Semantic loss: 1.325718, BCE loss: 1.083981, SB loss: 1.190420
2024-12-30 20:20:17,997 Epoch: [5/20] Iter:[20/227], Time: 3.26, lr: [0.007678078325945004], Loss: 3.352148, Acc:0.408310, Semantic loss: 1.265419, BCE loss: 0.972372, SB loss: 1.114357
2024-12-30 20:20:44,529 Epoch: [5/20] Iter:[30/227], Time: 3.06, lr: [0.007657660918795388], Loss: 3.191227, Acc:0.397790, Semantic loss: 1.208886, BCE loss: 0.917828, SB loss: 1.064513
2024-12-30 20:21:14,857 Epoch: [5/20] Iter:[40/227], Time: 3.06, lr: [0.0076372374611380295], Loss: 3.193310, Acc:0.396681, Semantic loss: 1.195184, BCE loss: 0.944638, SB loss: 1.053488
2024-12-30 20:21:41,982 Epoch: [5/20] Iter:[50/227], Time: 2.99, lr: [0.007616807933191157], Loss: 3.178919, Acc:0.405304, Semantic loss: 1.165837, BCE loss: 0.959185, SB loss: 1.053897
2024-12-30 20:22:13,462 Epoch: [5/20] Iter:[60/227], Time: 3.02, lr: [0.007596372315049152], Loss: 3.177782, Acc:0.400750, Semantic loss: 1.194688, BCE loss: 0.929418, SB loss: 1.053676
2024-12-30 20:22:38,673 Epoch: [5/20] Iter:[70/227], Time: 2.95, lr: [0.0075759305866814185], Loss: 3.167649, Acc:0.394961, Semantic loss: 1.203191, BCE loss: 0.927888, SB loss: 1.036570
2024-12-30 20:23:11,526 Epoch: [5/20] Iter:[80/227], Time: 2.99, lr: [0.007555482727931204], Loss: 3.198365, Acc:0.400848, Semantic loss: 1.204632, BCE loss: 0.940641, SB loss: 1.053092
2024-12-30 20:23:36,394 Epoch: [5/20] Iter:[90/227], Time: 2.93, lr: [0.00753502871851443], Loss: 3.187213, Acc:0.406144, Semantic loss: 1.193772, BCE loss: 0.945982, SB loss: 1.047459
2024-12-30 20:24:06,795 Epoch: [5/20] Iter:[100/227], Time: 2.94, lr: [0.007514568538018512], Loss: 3.174902, Acc:0.404456, Semantic loss: 1.181785, BCE loss: 0.946698, SB loss: 1.046418
2024-12-30 20:24:34,660 Epoch: [5/20] Iter:[110/227], Time: 2.93, lr: [0.007494102165901125], Loss: 3.182489, Acc:0.406541, Semantic loss: 1.187142, BCE loss: 0.949963, SB loss: 1.045384
2024-12-30 20:25:04,265 Epoch: [5/20] Iter:[120/227], Time: 2.93, lr: [0.0074736295814890235], Loss: 3.192357, Acc:0.404783, Semantic loss: 1.191587, BCE loss: 0.941694, SB loss: 1.059075
2024-12-30 20:25:32,722 Epoch: [5/20] Iter:[130/227], Time: 2.93, lr: [0.007453150763976763], Loss: 3.194109, Acc:0.409768, Semantic loss: 1.192050, BCE loss: 0.949429, SB loss: 1.052631
2024-12-30 20:26:01,455 Epoch: [5/20] Iter:[140/227], Time: 2.92, lr: [0.007432665692425484], Loss: 3.178802, Acc:0.413441, Semantic loss: 1.179074, BCE loss: 0.950195, SB loss: 1.049532
2024-12-30 20:26:29,367 Epoch: [5/20] Iter:[150/227], Time: 2.91, lr: [0.007412174345761624], Loss: 3.159858, Acc:0.414862, Semantic loss: 1.165331, BCE loss: 0.945966, SB loss: 1.048560
2024-12-30 20:26:59,173 Epoch: [5/20] Iter:[160/227], Time: 2.92, lr: [0.007391676702775637], Loss: 3.164316, Acc:0.413276, Semantic loss: 1.169212, BCE loss: 0.945490, SB loss: 1.049613
2024-12-30 20:27:24,368 Epoch: [5/20] Iter:[170/227], Time: 2.89, lr: [0.0073711727421207065], Loss: 3.176852, Acc:0.410474, Semantic loss: 1.177960, BCE loss: 0.944282, SB loss: 1.054610
2024-12-30 20:27:59,538 Epoch: [5/20] Iter:[180/227], Time: 2.93, lr: [0.007350662442311413], Loss: 3.174503, Acc:0.410959, Semantic loss: 1.174286, BCE loss: 0.947679, SB loss: 1.052537
2024-12-30 20:28:23,589 Epoch: [5/20] Iter:[190/227], Time: 2.90, lr: [0.007330145781722414], Loss: 3.178139, Acc:0.408206, Semantic loss: 1.171980, BCE loss: 0.953674, SB loss: 1.052485
2024-12-30 20:28:55,502 Epoch: [5/20] Iter:[200/227], Time: 2.92, lr: [0.007309622738587088], Loss: 3.176908, Acc:0.410550, Semantic loss: 1.169218, BCE loss: 0.956333, SB loss: 1.051357
2024-12-30 20:29:20,136 Epoch: [5/20] Iter:[210/227], Time: 2.89, lr: [0.007289093290996172], Loss: 3.180192, Acc:0.408322, Semantic loss: 1.167860, BCE loss: 0.958398, SB loss: 1.053934
2024-12-30 20:29:50,007 Epoch: [5/20] Iter:[220/227], Time: 2.90, lr: [0.007268557416896375], Loss: 3.186443, Acc:0.407562, Semantic loss: 1.169264, BCE loss: 0.962602, SB loss: 1.054578
2024-12-30 20:38:43,043 0 [0.         0.34978296 0.29847444 0.1150732  0.28666062 0.00449703
 0.17698367] 0.17592455944017388
2024-12-30 20:38:43,044 1 [0.         0.34792997 0.16867661 0.14389023 0.26176336 0.055224
 0.14608764] 0.1605102596481682
2024-12-30 20:38:43,054 => saving checkpoint to output/loveda/pidnet_small_lovedacheckpoint.pth.tar
2024-12-30 20:38:43,532 Loss: 3.894, MeanIU:  0.1605, Best_mIoU:  0.1605
2024-12-30 20:38:43,533 [0.         0.34792997 0.16867661 0.14389023 0.26176336 0.055224
 0.14608764]
2024-12-30 20:38:56,290 Epoch: [6/20] Iter:[0/227], Time: 12.54, lr: [0.007254178469372199], Loss: 2.874819, Acc:0.455067, Semantic loss: 0.852226, BCE loss: 0.836331, SB loss: 1.186261
2024-12-30 20:39:22,902 Epoch: [6/20] Iter:[10/227], Time: 3.56, lr: [0.0072336316191826565], Loss: 3.208750, Acc:0.363373, Semantic loss: 1.163887, BCE loss: 0.869850, SB loss: 1.175013
2024-12-30 20:39:52,980 Epoch: [6/20] Iter:[20/227], Time: 3.29, lr: [0.00721307828220989], Loss: 3.050760, Acc:0.380382, Semantic loss: 1.092704, BCE loss: 0.895193, SB loss: 1.062864
2024-12-30 20:40:19,676 Epoch: [6/20] Iter:[30/227], Time: 3.10, lr: [0.007192518435855379], Loss: 3.175384, Acc:0.396842, Semantic loss: 1.111511, BCE loss: 0.963705, SB loss: 1.100168
2024-12-30 20:40:48,194 Epoch: [6/20] Iter:[40/227], Time: 3.03, lr: [0.007171952057369811], Loss: 3.172197, Acc:0.409350, Semantic loss: 1.120199, BCE loss: 0.961122, SB loss: 1.090877
2024-12-30 20:41:16,784 Epoch: [6/20] Iter:[50/227], Time: 3.00, lr: [0.007151379123851616], Loss: 3.174291, Acc:0.419138, Semantic loss: 1.142380, BCE loss: 0.966677, SB loss: 1.065234
2024-12-30 20:41:45,771 Epoch: [6/20] Iter:[60/227], Time: 2.98, lr: [0.007130799612245445], Loss: 3.136950, Acc:0.425407, Semantic loss: 1.123290, BCE loss: 0.942655, SB loss: 1.071006
2024-12-30 20:42:13,756 Epoch: [6/20] Iter:[70/227], Time: 2.96, lr: [0.007110213499340642], Loss: 3.117138, Acc:0.424785, Semantic loss: 1.118102, BCE loss: 0.932643, SB loss: 1.066394
2024-12-30 20:42:43,377 Epoch: [6/20] Iter:[80/227], Time: 2.96, lr: [0.007089620761769702], Loss: 3.074619, Acc:0.423941, Semantic loss: 1.103362, BCE loss: 0.923431, SB loss: 1.047826
2024-12-30 20:43:12,148 Epoch: [6/20] Iter:[90/227], Time: 2.95, lr: [0.007069021376006688], Loss: 3.115026, Acc:0.421922, Semantic loss: 1.119480, BCE loss: 0.937769, SB loss: 1.057778
2024-12-30 20:43:40,136 Epoch: [6/20] Iter:[100/227], Time: 2.93, lr: [0.007048415318365652], Loss: 3.132501, Acc:0.416877, Semantic loss: 1.130741, BCE loss: 0.934907, SB loss: 1.066853
2024-12-30 20:44:10,955 Epoch: [6/20] Iter:[110/227], Time: 2.95, lr: [0.007027802564999018], Loss: 3.126202, Acc:0.419865, Semantic loss: 1.125509, BCE loss: 0.917826, SB loss: 1.082867
2024-12-30 20:44:34,659 Epoch: [6/20] Iter:[120/227], Time: 2.90, lr: [0.007007183091895948], Loss: 3.129413, Acc:0.419136, Semantic loss: 1.126147, BCE loss: 0.919268, SB loss: 1.083998
2024-12-30 20:45:07,232 Epoch: [6/20] Iter:[130/227], Time: 2.93, lr: [0.006986556874880692], Loss: 3.149079, Acc:0.415907, Semantic loss: 1.137235, BCE loss: 0.924020, SB loss: 1.087825
2024-12-30 20:45:33,262 Epoch: [6/20] Iter:[140/227], Time: 2.90, lr: [0.006965923889610901], Loss: 3.160075, Acc:0.409931, Semantic loss: 1.145280, BCE loss: 0.932479, SB loss: 1.082316
2024-12-30 20:46:05,670 Epoch: [6/20] Iter:[150/227], Time: 2.93, lr: [0.006945284111575939], Loss: 3.162586, Acc:0.409599, Semantic loss: 1.149014, BCE loss: 0.931553, SB loss: 1.082019
2024-12-30 20:46:31,075 Epoch: [6/20] Iter:[160/227], Time: 2.90, lr: [0.006924637516095147], Loss: 3.146410, Acc:0.414230, Semantic loss: 1.140676, BCE loss: 0.932519, SB loss: 1.073214
2024-12-30 20:47:02,560 Epoch: [6/20] Iter:[170/227], Time: 2.92, lr: [0.0069039840783161055], Loss: 3.144675, Acc:0.411636, Semantic loss: 1.142694, BCE loss: 0.933297, SB loss: 1.068684
2024-12-30 20:47:26,145 Epoch: [6/20] Iter:[180/227], Time: 2.89, lr: [0.00688332377321286], Loss: 3.123352, Acc:0.408911, Semantic loss: 1.132217, BCE loss: 0.928535, SB loss: 1.062600
2024-12-30 20:48:00,144 Epoch: [6/20] Iter:[190/227], Time: 2.91, lr: [0.00686265657558413], Loss: 3.128185, Acc:0.411809, Semantic loss: 1.129510, BCE loss: 0.932930, SB loss: 1.065745
2024-12-30 20:48:24,195 Epoch: [6/20] Iter:[200/227], Time: 2.89, lr: [0.006841982460051484], Loss: 3.145562, Acc:0.412659, Semantic loss: 1.140970, BCE loss: 0.938899, SB loss: 1.065692
2024-12-30 20:48:55,535 Epoch: [6/20] Iter:[210/227], Time: 2.90, lr: [0.006821301401057494], Loss: 3.143554, Acc:0.414825, Semantic loss: 1.143709, BCE loss: 0.942104, SB loss: 1.057741
2024-12-30 20:49:20,261 Epoch: [6/20] Iter:[220/227], Time: 2.88, lr: [0.00680061337286388], Loss: 3.147237, Acc:0.415773, Semantic loss: 1.143190, BCE loss: 0.949448, SB loss: 1.054599
2024-12-30 20:58:20,432 0 [0.         0.2795984  0.2566312  0.07846292 0.38891822 0.00316784
 0.15989099] 0.16666708133181427
2024-12-30 20:58:20,433 1 [0.         0.32898042 0.19591929 0.07628694 0.37408421 0.00472718
 0.2019396 ] 0.1688482322383016
2024-12-30 20:58:20,443 => saving checkpoint to output/loveda/pidnet_small_lovedacheckpoint.pth.tar
2024-12-30 20:58:20,937 Loss: 3.980, MeanIU:  0.1688, Best_mIoU:  0.1688
2024-12-30 20:58:20,938 [0.         0.32898042 0.19591929 0.07628694 0.37408421 0.00472718
 0.2019396 ]
2024-12-30 20:58:34,194 Epoch: [7/20] Iter:[0/227], Time: 13.03, lr: [0.006786127592581251], Loss: 3.655282, Acc:0.416832, Semantic loss: 1.866800, BCE loss: 0.859000, SB loss: 0.929482
2024-12-30 20:58:58,450 Epoch: [7/20] Iter:[10/227], Time: 3.39, lr: [0.0067654276571606576], Loss: 3.309900, Acc:0.448054, Semantic loss: 1.208750, BCE loss: 1.023168, SB loss: 1.077981
2024-12-30 20:59:30,013 Epoch: [7/20] Iter:[20/227], Time: 3.28, lr: [0.006744720682128738], Loss: 3.203152, Acc:0.414581, Semantic loss: 1.177484, BCE loss: 0.959151, SB loss: 1.066517
2024-12-30 20:59:55,907 Epoch: [7/20] Iter:[30/227], Time: 3.06, lr: [0.006724006641061321], Loss: 3.108370, Acc:0.416277, Semantic loss: 1.136373, BCE loss: 0.934335, SB loss: 1.037662
2024-12-30 21:00:26,557 Epoch: [7/20] Iter:[40/227], Time: 3.06, lr: [0.006703285507344237], Loss: 3.131889, Acc:0.406305, Semantic loss: 1.136083, BCE loss: 0.932528, SB loss: 1.063278
2024-12-30 21:00:52,878 Epoch: [7/20] Iter:[50/227], Time: 2.97, lr: [0.00668255725417128], Loss: 3.044284, Acc:0.417461, Semantic loss: 1.106858, BCE loss: 0.901937, SB loss: 1.035488
2024-12-30 21:01:25,451 Epoch: [7/20] Iter:[60/227], Time: 3.02, lr: [0.00666182185454217], Loss: 3.037132, Acc:0.430032, Semantic loss: 1.109326, BCE loss: 0.905926, SB loss: 1.021881
2024-12-30 21:01:51,417 Epoch: [7/20] Iter:[70/227], Time: 2.96, lr: [0.006641079281260456], Loss: 3.063761, Acc:0.437991, Semantic loss: 1.127911, BCE loss: 0.917128, SB loss: 1.018722
2024-12-30 21:02:23,071 Epoch: [7/20] Iter:[80/227], Time: 2.99, lr: [0.00662032950693142], Loss: 3.048639, Acc:0.441034, Semantic loss: 1.121770, BCE loss: 0.910283, SB loss: 1.016587
2024-12-30 21:02:48,410 Epoch: [7/20] Iter:[90/227], Time: 2.94, lr: [0.006599572503959923], Loss: 3.072362, Acc:0.439089, Semantic loss: 1.121715, BCE loss: 0.920792, SB loss: 1.029855
2024-12-30 21:03:17,899 Epoch: [7/20] Iter:[100/227], Time: 2.94, lr: [0.006578808244548242], Loss: 3.073381, Acc:0.441878, Semantic loss: 1.124483, BCE loss: 0.921160, SB loss: 1.027738
2024-12-30 21:03:46,235 Epoch: [7/20] Iter:[110/227], Time: 2.93, lr: [0.006558036700693864], Loss: 3.073904, Acc:0.437166, Semantic loss: 1.127102, BCE loss: 0.920933, SB loss: 1.025868
2024-12-30 21:04:13,002 Epoch: [7/20] Iter:[120/227], Time: 2.91, lr: [0.006537257844187246], Loss: 3.058485, Acc:0.436427, Semantic loss: 1.112579, BCE loss: 0.920355, SB loss: 1.025552
2024-12-30 21:04:44,075 Epoch: [7/20] Iter:[130/227], Time: 2.92, lr: [0.006516471646609555], Loss: 3.070116, Acc:0.437295, Semantic loss: 1.113590, BCE loss: 0.928916, SB loss: 1.027610
2024-12-30 21:05:10,843 Epoch: [7/20] Iter:[140/227], Time: 2.91, lr: [0.006495678079330367], Loss: 3.056708, Acc:0.435874, Semantic loss: 1.108121, BCE loss: 0.926325, SB loss: 1.022262
2024-12-30 21:05:42,535 Epoch: [7/20] Iter:[150/227], Time: 2.92, lr: [0.0064748771135053245], Loss: 3.046983, Acc:0.430269, Semantic loss: 1.109052, BCE loss: 0.921678, SB loss: 1.016253
2024-12-30 21:06:06,985 Epoch: [7/20] Iter:[160/227], Time: 2.89, lr: [0.00645406872007378], Loss: 3.055082, Acc:0.428123, Semantic loss: 1.109359, BCE loss: 0.924832, SB loss: 1.020891
2024-12-30 21:06:39,443 Epoch: [7/20] Iter:[170/227], Time: 2.91, lr: [0.006433252869756385], Loss: 3.059466, Acc:0.427679, Semantic loss: 1.111019, BCE loss: 0.926073, SB loss: 1.022374
2024-12-30 21:07:03,530 Epoch: [7/20] Iter:[180/227], Time: 2.89, lr: [0.006412429533052656], Loss: 3.048970, Acc:0.425925, Semantic loss: 1.106867, BCE loss: 0.924792, SB loss: 1.017311
2024-12-30 21:07:35,972 Epoch: [7/20] Iter:[190/227], Time: 2.90, lr: [0.006391598680238496], Loss: 3.046219, Acc:0.423734, Semantic loss: 1.103878, BCE loss: 0.922649, SB loss: 1.019691
2024-12-30 21:08:01,363 Epoch: [7/20] Iter:[200/227], Time: 2.89, lr: [0.006370760281363692], Loss: 3.036862, Acc:0.425285, Semantic loss: 1.105127, BCE loss: 0.918113, SB loss: 1.013622
2024-12-30 21:08:33,989 Epoch: [7/20] Iter:[210/227], Time: 2.90, lr: [0.006349914306249351], Loss: 3.047854, Acc:0.426821, Semantic loss: 1.107887, BCE loss: 0.923179, SB loss: 1.016788
2024-12-30 21:08:59,066 Epoch: [7/20] Iter:[220/227], Time: 2.89, lr: [0.00632906072448533], Loss: 3.040203, Acc:0.430726, Semantic loss: 1.102473, BCE loss: 0.923126, SB loss: 1.014604
2024-12-30 21:18:01,873 0 [0.         0.36221001 0.14582459 0.02392291 0.25919066 0.0005248
 0.11842395] 0.13001384615294148
2024-12-30 21:18:01,873 1 [0.         0.39174668 0.17687384 0.0787668  0.22088906 0.04272833
 0.14011944] 0.15016059359533138
2024-12-30 21:18:01,884 => saving checkpoint to output/loveda/pidnet_small_lovedacheckpoint.pth.tar
2024-12-30 21:18:02,157 Loss: 3.973, MeanIU:  0.1502, Best_mIoU:  0.1688
2024-12-30 21:18:02,158 [0.         0.39174668 0.17687384 0.0787668  0.22088906 0.04272833
 0.14011944]
2024-12-30 21:18:15,567 Epoch: [8/20] Iter:[0/227], Time: 13.20, lr: [0.006314458674893553], Loss: 2.321984, Acc:0.394335, Semantic loss: 0.992753, BCE loss: 0.541330, SB loss: 0.787900
2024-12-30 21:18:41,378 Epoch: [8/20] Iter:[10/227], Time: 3.54, lr: [0.006293592091370468], Loss: 2.878640, Acc:0.431012, Semantic loss: 1.036381, BCE loss: 0.800026, SB loss: 1.042233
2024-12-30 21:19:13,756 Epoch: [8/20] Iter:[20/227], Time: 3.40, lr: [0.006272717817914504], Loss: 2.968044, Acc:0.431477, Semantic loss: 1.060755, BCE loss: 0.923826, SB loss: 0.983464
2024-12-30 21:19:40,342 Epoch: [8/20] Iter:[30/227], Time: 3.16, lr: [0.006251835823236718], Loss: 2.954860, Acc:0.424975, Semantic loss: 1.043043, BCE loss: 0.915706, SB loss: 0.996110
2024-12-30 21:20:12,320 Epoch: [8/20] Iter:[40/227], Time: 3.17, lr: [0.0062309460758042294], Loss: 2.998225, Acc:0.412176, Semantic loss: 1.078084, BCE loss: 0.922536, SB loss: 0.997605
2024-12-30 21:20:37,834 Epoch: [8/20] Iter:[50/227], Time: 3.05, lr: [0.006210048543837381], Loss: 3.017019, Acc:0.418535, Semantic loss: 1.076146, BCE loss: 0.929535, SB loss: 1.011338
2024-12-30 21:21:06,074 Epoch: [8/20] Iter:[60/227], Time: 3.01, lr: [0.0061891431953068985], Loss: 3.018247, Acc:0.416684, Semantic loss: 1.075237, BCE loss: 0.935217, SB loss: 1.007793
2024-12-30 21:21:36,392 Epoch: [8/20] Iter:[70/227], Time: 3.01, lr: [0.006168229997930971], Loss: 3.012807, Acc:0.419771, Semantic loss: 1.081128, BCE loss: 0.928795, SB loss: 1.002884
2024-12-30 21:22:04,303 Epoch: [8/20] Iter:[80/227], Time: 2.99, lr: [0.006147308919172303], Loss: 3.060031, Acc:0.419640, Semantic loss: 1.100239, BCE loss: 0.925460, SB loss: 1.034332
2024-12-30 21:22:34,199 Epoch: [8/20] Iter:[90/227], Time: 2.99, lr: [0.006126379926235127], Loss: 3.050013, Acc:0.422412, Semantic loss: 1.104777, BCE loss: 0.903819, SB loss: 1.041417
2024-12-30 21:23:01,563 Epoch: [8/20] Iter:[100/227], Time: 2.96, lr: [0.006105442986062146], Loss: 3.033853, Acc:0.424931, Semantic loss: 1.093320, BCE loss: 0.906616, SB loss: 1.033917
2024-12-30 21:23:32,065 Epoch: [8/20] Iter:[110/227], Time: 2.97, lr: [0.0060844980653314605], Loss: 3.081591, Acc:0.426510, Semantic loss: 1.109348, BCE loss: 0.928467, SB loss: 1.043777
2024-12-30 21:23:58,097 Epoch: [8/20] Iter:[120/227], Time: 2.94, lr: [0.006063545130453413], Loss: 3.081708, Acc:0.426655, Semantic loss: 1.113608, BCE loss: 0.918663, SB loss: 1.049437
2024-12-30 21:24:29,931 Epoch: [8/20] Iter:[130/227], Time: 2.96, lr: [0.0060425841475674116], Loss: 3.075371, Acc:0.427565, Semantic loss: 1.107022, BCE loss: 0.918589, SB loss: 1.049760
2024-12-30 21:24:56,775 Epoch: [8/20] Iter:[140/227], Time: 2.94, lr: [0.0060216150825386896], Loss: 3.043136, Acc:0.426634, Semantic loss: 1.093449, BCE loss: 0.913745, SB loss: 1.035942
2024-12-30 21:25:25,195 Epoch: [8/20] Iter:[150/227], Time: 2.93, lr: [0.006000637900955006], Loss: 3.058190, Acc:0.426648, Semantic loss: 1.103736, BCE loss: 0.917785, SB loss: 1.036668
2024-12-30 21:25:53,793 Epoch: [8/20] Iter:[160/227], Time: 2.93, lr: [0.00597965256812332], Loss: 3.054491, Acc:0.425456, Semantic loss: 1.102027, BCE loss: 0.925321, SB loss: 1.027142
2024-12-30 21:26:22,543 Epoch: [8/20] Iter:[170/227], Time: 2.92, lr: [0.005958659049066379], Loss: 3.050628, Acc:0.424291, Semantic loss: 1.103139, BCE loss: 0.922899, SB loss: 1.024591
2024-12-30 21:26:51,243 Epoch: [8/20] Iter:[180/227], Time: 2.92, lr: [0.0059376573085192785], Loss: 3.062721, Acc:0.426901, Semantic loss: 1.101559, BCE loss: 0.938392, SB loss: 1.022770
2024-12-30 21:27:21,517 Epoch: [8/20] Iter:[190/227], Time: 2.93, lr: [0.005916647310925952], Loss: 3.055835, Acc:0.429094, Semantic loss: 1.096563, BCE loss: 0.940258, SB loss: 1.019014
2024-12-30 21:27:45,862 Epoch: [8/20] Iter:[200/227], Time: 2.90, lr: [0.005895629020435609], Loss: 3.048317, Acc:0.428454, Semantic loss: 1.094482, BCE loss: 0.926143, SB loss: 1.027692
2024-12-30 21:28:18,286 Epoch: [8/20] Iter:[210/227], Time: 2.92, lr: [0.005874602400899114], Loss: 3.060392, Acc:0.427171, Semantic loss: 1.100634, BCE loss: 0.931160, SB loss: 1.028597
2024-12-30 21:28:45,340 Epoch: [8/20] Iter:[220/227], Time: 2.91, lr: [0.005853567415865306], Loss: 3.055617, Acc:0.428645, Semantic loss: 1.097416, BCE loss: 0.923458, SB loss: 1.034743
2024-12-30 21:37:51,361 0 [0.         0.20781799 0.17653786 0.13922707 0.3952163  0.06719953
 0.13656937] 0.16036687452746526
2024-12-30 21:37:51,362 1 [0.         0.12340379 0.16735314 0.14889922 0.39880961 0.04917074
 0.15079632] 0.14834754739870906
2024-12-30 21:37:51,372 => saving checkpoint to output/loveda/pidnet_small_lovedacheckpoint.pth.tar
2024-12-30 21:37:51,643 Loss: 4.560, MeanIU:  0.1483, Best_mIoU:  0.1688
2024-12-30 21:37:51,643 [0.         0.12340379 0.16735314 0.14889922 0.39880961 0.04917074
 0.15079632]
2024-12-30 21:38:03,720 Epoch: [9/20] Iter:[0/227], Time: 11.87, lr: [0.0058388379291998025], Loss: 2.085737, Acc:0.721590, Semantic loss: 0.680766, BCE loss: 0.725992, SB loss: 0.678980
