2025-01-14 14:11:33,028 Namespace(cfg='configs/loveda/pidnet_small_loveda.yaml', opts=[], seed=304)
2025-01-14 14:11:33,028 AUTO_RESUME: False
CUDNN:
  BENCHMARK: True
  DETERMINISTIC: False
  ENABLED: True
DATASET:
  DATASET: loveda
  EXTRA_TRAIN_SET: 
  NUM_CLASSES: 7
  ROOT: data/
  TEST_SET: list/loveda/urban_rural/val.lst
  TRAIN_SET: list/loveda/urban_rural/train.lst
GPUS: (0,)
LOG_DIR: log
LOSS:
  BALANCE_WEIGHTS: [0.4, 1.0]
  CLASS_BALANCE: False
  OHEMKEEP: 131072
  OHEMTHRES: 0.9
  SB_WEIGHTS: 1.0
  USE_OHEM: True
MODEL:
  ALIGN_CORNERS: True
  NAME: pidnet_small
  NUM_OUTPUTS: 2
  PRETRAINED: pretrained_models/imagenet/PIDNet_S_ImageNet.pth.tar
OUTPUT_DIR: output
PIN_MEMORY: True
PRINT_FREQ: 10
TEST:
  BASE_SIZE: 2048
  BATCH_SIZE_PER_GPU: 6
  FLIP_TEST: False
  IMAGE_SIZE: [2048, 1024]
  MODEL_FILE: output/loveda/pidnet_small_loveda/final_state.pt
  MULTI_SCALE: False
  OUTPUT_INDEX: 1
TRAIN:
  AUGMENTATION:
    ENABLE: True
    PROBABILITY: 0.5
    TECHNIQUES:
      GAUSSIAN_BLUR: False
      HORIZONTAL_FLIP: True
      MULTIPLY: False
      RANDOM_BRIGHTNESS: False
  BASE_SIZE: 2048
  BATCH_SIZE_PER_GPU: 6
  BEGIN_EPOCH: 0
  END_EPOCH: 20
  EXTRA_EPOCH: 0
  EXTRA_LR: 0.001
  FLIP: False
  IGNORE_LABEL: 0
  IMAGE_SIZE: [1024, 1024]
  LR: 0.01
  MOMENTUM: 0.9
  MULTI_SCALE: False
  NESTEROV: False
  OPTIMIZER: sgd
  RESUME: True
  SCALE_FACTOR: 16
  SHUFFLE: True
  WD: 0.0005
WORKERS: 4
2025-01-14 14:11:33,140 Attention!!!
2025-01-14 14:11:33,140 Loaded 302 parameters!
2025-01-14 14:11:33,140 Over!!!
2025-01-14 14:11:49,785 Epoch: [0/20] Iter:[0/192], Time: 15.73, lr: [0.01], Loss: 16.885040, Acc:0.125563, Semantic loss: 7.326871, BCE loss: 3.816538, SB loss: 5.741631
2025-01-14 14:11:56,320 Epoch: [0/20] Iter:[10/192], Time: 2.00, lr: [0.009976559445324192], Loss: 12.187860, Acc:0.269327, Semantic loss: 5.506591, BCE loss: 2.804910, SB loss: 3.876358
2025-01-14 14:12:03,698 Epoch: [0/20] Iter:[20/192], Time: 1.40, lr: [0.009953112769592761], Loss: 10.290006, Acc:0.333460, Semantic loss: 4.627981, BCE loss: 2.431269, SB loss: 3.230757
2025-01-14 14:12:10,397 Epoch: [0/20] Iter:[30/192], Time: 1.16, lr: [0.009929659955177281], Loss: 8.888790, Acc:0.375568, Semantic loss: 3.898684, BCE loss: 2.236799, SB loss: 2.753306
2025-01-14 14:12:16,204 Epoch: [0/20] Iter:[40/192], Time: 1.02, lr: [0.009906200984352154], Loss: 8.060020, Acc:0.384545, Semantic loss: 3.495902, BCE loss: 2.106753, SB loss: 2.457366
2025-01-14 14:12:22,193 Epoch: [0/20] Iter:[50/192], Time: 0.94, lr: [0.009882735839293803], Loss: 7.463644, Acc:0.408885, Semantic loss: 3.202996, BCE loss: 2.007829, SB loss: 2.252819
2025-01-14 14:12:27,896 Epoch: [0/20] Iter:[60/192], Time: 0.88, lr: [0.00985926450207989], Loss: 7.233124, Acc:0.411956, Semantic loss: 3.042187, BCE loss: 1.946136, SB loss: 2.244800
2025-01-14 14:12:33,550 Epoch: [0/20] Iter:[70/192], Time: 0.83, lr: [0.009835786954688485], Loss: 6.978419, Acc:0.413720, Semantic loss: 2.929238, BCE loss: 1.899808, SB loss: 2.149373
2025-01-14 14:12:39,186 Epoch: [0/20] Iter:[80/192], Time: 0.80, lr: [0.00981230317899726], Loss: 6.766148, Acc:0.419239, Semantic loss: 2.839265, BCE loss: 1.860951, SB loss: 2.065932
2025-01-14 14:12:44,879 Epoch: [0/20] Iter:[90/192], Time: 0.78, lr: [0.009788813156782662], Loss: 6.616894, Acc:0.420732, Semantic loss: 2.774247, BCE loss: 1.843530, SB loss: 1.999117
2025-01-14 14:12:50,629 Epoch: [0/20] Iter:[100/192], Time: 0.76, lr: [0.009765316869719067], Loss: 6.484195, Acc:0.421044, Semantic loss: 2.723944, BCE loss: 1.821334, SB loss: 1.938917
2025-01-14 14:12:56,532 Epoch: [0/20] Iter:[110/192], Time: 0.74, lr: [0.009741814299377942], Loss: 6.380382, Acc:0.420117, Semantic loss: 2.678947, BCE loss: 1.796299, SB loss: 1.905136
2025-01-14 14:13:02,391 Epoch: [0/20] Iter:[120/192], Time: 0.73, lr: [0.009718305427226986], Loss: 6.264584, Acc:0.422506, Semantic loss: 2.624622, BCE loss: 1.785642, SB loss: 1.854320
2025-01-14 14:13:08,226 Epoch: [0/20] Iter:[130/192], Time: 0.72, lr: [0.009694790234629266], Loss: 6.150304, Acc:0.427065, Semantic loss: 2.566729, BCE loss: 1.771057, SB loss: 1.812518
2025-01-14 14:13:14,004 Epoch: [0/20] Iter:[140/192], Time: 0.71, lr: [0.009671268702842338], Loss: 6.076680, Acc:0.427322, Semantic loss: 2.543039, BCE loss: 1.751854, SB loss: 1.781788
2025-01-14 14:13:19,824 Epoch: [0/20] Iter:[150/192], Time: 0.70, lr: [0.009647740813017376], Loss: 6.021790, Acc:0.426415, Semantic loss: 2.512969, BCE loss: 1.739587, SB loss: 1.769234
2025-01-14 14:13:25,722 Epoch: [0/20] Iter:[160/192], Time: 0.69, lr: [0.009624206546198262], Loss: 5.947416, Acc:0.430812, Semantic loss: 2.473329, BCE loss: 1.740156, SB loss: 1.733931
2025-01-14 14:13:31,510 Epoch: [0/20] Iter:[170/192], Time: 0.69, lr: [0.009600665883320689], Loss: 5.898953, Acc:0.433453, Semantic loss: 2.442804, BCE loss: 1.738308, SB loss: 1.717840
2025-01-14 14:13:37,277 Epoch: [0/20] Iter:[180/192], Time: 0.68, lr: [0.009577118805211254], Loss: 5.843058, Acc:0.436492, Semantic loss: 2.420352, BCE loss: 1.732537, SB loss: 1.690169
2025-01-14 14:13:42,973 Epoch: [0/20] Iter:[190/192], Time: 0.67, lr: [0.009553565292586523], Loss: 5.815561, Acc:0.439467, Semantic loss: 2.415795, BCE loss: 1.725592, SB loss: 1.674174
2025-01-14 14:16:42,532 0 [0.00000000e+00 6.05371467e-01 1.43089505e-01 2.92773011e-06
 6.72417467e-07 2.10897580e-05 2.15022005e-03] 0.10723369731136315
2025-01-14 14:16:42,532 1 [0.         0.61596949 0.02932546 0.         0.         0.
 0.        ] 0.09218499382635194
2025-01-14 14:16:42,539 => saving checkpoint to output\loveda\pidnet_small_lovedacheckpoint.pth.tar
2025-01-14 14:16:42,700 Loss: 4.041, MeanIU:  0.0922, Best_mIoU:  0.0922
2025-01-14 14:16:42,700 [0.         0.61596949 0.02932546 0.         0.         0.
 0.        ]
2025-01-14 14:16:52,998 Epoch: [1/20] Iter:[0/192], Time: 10.06, lr: [0.009548853816214998], Loss: 5.933845, Acc:0.372627, Semantic loss: 2.963374, BCE loss: 1.537915, SB loss: 1.432555
2025-01-14 14:16:58,969 Epoch: [1/20] Iter:[10/192], Time: 1.45, lr: [0.009525292556561479], Loss: 6.542070, Acc:0.462435, Semantic loss: 2.313183, BCE loss: 1.592171, SB loss: 2.636716
2025-01-14 14:17:06,072 Epoch: [1/20] Iter:[20/192], Time: 1.10, lr: [0.00950172481957719], Loss: 7.599917, Acc:0.451135, Semantic loss: 2.475962, BCE loss: 1.612252, SB loss: 3.511703
2025-01-14 14:17:12,622 Epoch: [1/20] Iter:[30/192], Time: 0.96, lr: [0.009478150585620286], Loss: 7.019698, Acc:0.443104, Semantic loss: 2.548544, BCE loss: 1.582784, SB loss: 2.888370
2025-01-14 14:17:19,071 Epoch: [1/20] Iter:[40/192], Time: 0.88, lr: [0.009454569834934885], Loss: 6.719140, Acc:0.437151, Semantic loss: 2.558304, BCE loss: 1.606280, SB loss: 2.554556
2025-01-14 14:17:25,066 Epoch: [1/20] Iter:[50/192], Time: 0.83, lr: [0.009430982547650114], Loss: 6.502587, Acc:0.439992, Semantic loss: 2.453301, BCE loss: 1.629920, SB loss: 2.419367
2025-01-14 14:17:31,289 Epoch: [1/20] Iter:[60/192], Time: 0.79, lr: [0.009407388703779091], Loss: 6.342435, Acc:0.437542, Semantic loss: 2.419498, BCE loss: 1.644317, SB loss: 2.278619
2025-01-14 14:17:37,779 Epoch: [1/20] Iter:[70/192], Time: 0.77, lr: [0.009383788283217955], Loss: 6.179285, Acc:0.439724, Semantic loss: 2.384662, BCE loss: 1.650818, SB loss: 2.143805
2025-01-14 14:17:44,005 Epoch: [1/20] Iter:[80/192], Time: 0.75, lr: [0.00936018126574482], Loss: 6.070373, Acc:0.433989, Semantic loss: 2.358515, BCE loss: 1.642928, SB loss: 2.068929
2025-01-14 14:17:50,481 Epoch: [1/20] Iter:[90/192], Time: 0.74, lr: [0.009336567631018769], Loss: 5.983459, Acc:0.441384, Semantic loss: 2.307255, BCE loss: 1.654561, SB loss: 2.021642
2025-01-14 14:17:56,745 Epoch: [1/20] Iter:[100/192], Time: 0.73, lr: [0.009312947358578814], Loss: 5.907220, Acc:0.443835, Semantic loss: 2.276419, BCE loss: 1.663934, SB loss: 1.966867
2025-01-14 14:18:03,203 Epoch: [1/20] Iter:[110/192], Time: 0.72, lr: [0.009289320427842841], Loss: 5.808935, Acc:0.444544, Semantic loss: 2.244035, BCE loss: 1.645672, SB loss: 1.919228
2025-01-14 14:18:10,581 Epoch: [1/20] Iter:[120/192], Time: 0.72, lr: [0.009265686818106552], Loss: 5.706291, Acc:0.447905, Semantic loss: 2.214444, BCE loss: 1.636834, SB loss: 1.855013
2025-01-14 14:18:17,775 Epoch: [1/20] Iter:[130/192], Time: 0.72, lr: [0.009242046508542393], Loss: 5.641259, Acc:0.450391, Semantic loss: 2.190553, BCE loss: 1.636962, SB loss: 1.813744
2025-01-14 14:18:25,137 Epoch: [1/20] Iter:[140/192], Time: 0.72, lr: [0.009218399478198466], Loss: 5.572890, Acc:0.449525, Semantic loss: 2.169289, BCE loss: 1.630760, SB loss: 1.772841
2025-01-14 14:18:32,125 Epoch: [1/20] Iter:[150/192], Time: 0.72, lr: [0.009194745705997428], Loss: 5.515925, Acc:0.448297, Semantic loss: 2.162869, BCE loss: 1.622198, SB loss: 1.730858
2025-01-14 14:18:39,619 Epoch: [1/20] Iter:[160/192], Time: 0.72, lr: [0.00917108517073538], Loss: 5.460495, Acc:0.448718, Semantic loss: 2.145890, BCE loss: 1.623415, SB loss: 1.691190
2025-01-14 14:18:46,441 Epoch: [1/20] Iter:[170/192], Time: 0.72, lr: [0.00914741785108075], Loss: 5.418788, Acc:0.449896, Semantic loss: 2.128008, BCE loss: 1.620632, SB loss: 1.670147
2025-01-14 14:18:53,543 Epoch: [1/20] Iter:[180/192], Time: 0.72, lr: [0.00912374372557314], Loss: 5.384183, Acc:0.449315, Semantic loss: 2.116157, BCE loss: 1.618145, SB loss: 1.649880
2025-01-14 14:19:00,212 Epoch: [1/20] Iter:[190/192], Time: 0.72, lr: [0.009100062772622186], Loss: 5.352433, Acc:0.449869, Semantic loss: 2.102412, BCE loss: 1.616846, SB loss: 1.633174
2025-01-14 14:22:24,944 0 [0.00000000e+00 6.31871698e-01 1.57919312e-01 9.42314374e-05
 5.87609578e-02 2.82511534e-02 2.00870883e-02] 0.12814063448131757
2025-01-14 14:22:24,944 1 [0.00000000e+00 5.86670467e-01 7.38952570e-02 2.34625821e-03
 3.21413401e-05 2.87418991e-02 6.06500505e-03] 0.099678718289373
2025-01-14 14:22:24,949 => saving checkpoint to output\loveda\pidnet_small_lovedacheckpoint.pth.tar
2025-01-14 14:22:25,131 Loss: 4.206, MeanIU:  0.0997, Best_mIoU:  0.0997
2025-01-14 14:22:25,132 [0.00000000e+00 5.86670467e-01 7.38952570e-02 2.34625821e-03
 3.21413401e-05 2.87418991e-02 6.06500505e-03]
2025-01-14 14:22:34,950 Epoch: [2/20] Iter:[0/192], Time: 9.56, lr: [0.009095325760829623], Loss: 4.034162, Acc:0.441203, Semantic loss: 1.995951, BCE loss: 1.129494, SB loss: 0.908717
2025-01-14 14:22:41,445 Epoch: [2/20] Iter:[10/192], Time: 1.46, lr: [0.009071636586262652], Loss: 4.819695, Acc:0.450304, Semantic loss: 1.902878, BCE loss: 1.633200, SB loss: 1.283618
2025-01-14 14:22:49,367 Epoch: [2/20] Iter:[20/192], Time: 1.14, lr: [0.009047940536290279], Loss: 4.867103, Acc:0.447648, Semantic loss: 1.897898, BCE loss: 1.620023, SB loss: 1.349182
2025-01-14 14:22:57,496 Epoch: [2/20] Iter:[30/192], Time: 1.04, lr: [0.009024237588898336], Loss: 4.878197, Acc:0.456345, Semantic loss: 1.918751, BCE loss: 1.568126, SB loss: 1.391320
2025-01-14 14:23:03,633 Epoch: [2/20] Iter:[40/192], Time: 0.93, lr: [0.009000527721937697], Loss: 4.869799, Acc:0.442579, Semantic loss: 1.939462, BCE loss: 1.561430, SB loss: 1.368907
2025-01-14 14:23:10,271 Epoch: [2/20] Iter:[50/192], Time: 0.88, lr: [0.008976810913123051], Loss: 4.861158, Acc:0.437897, Semantic loss: 1.926537, BCE loss: 1.572156, SB loss: 1.362465
2025-01-14 14:23:18,228 Epoch: [2/20] Iter:[60/192], Time: 0.87, lr: [0.008953087140031669], Loss: 4.873139, Acc:0.434361, Semantic loss: 1.942128, BCE loss: 1.554228, SB loss: 1.376784
2025-01-14 14:23:26,167 Epoch: [2/20] Iter:[70/192], Time: 0.86, lr: [0.008929356380102142], Loss: 4.848574, Acc:0.439811, Semantic loss: 1.929951, BCE loss: 1.558896, SB loss: 1.359727
2025-01-14 14:23:33,662 Epoch: [2/20] Iter:[80/192], Time: 0.84, lr: [0.008905618610633112], Loss: 4.831381, Acc:0.445609, Semantic loss: 1.916572, BCE loss: 1.576110, SB loss: 1.338700
2025-01-14 14:23:40,403 Epoch: [2/20] Iter:[90/192], Time: 0.82, lr: [0.008881873808781991], Loss: 4.832940, Acc:0.450372, Semantic loss: 1.916606, BCE loss: 1.583122, SB loss: 1.333211
2025-01-14 14:23:47,789 Epoch: [2/20] Iter:[100/192], Time: 0.82, lr: [0.008858121951563658], Loss: 4.836458, Acc:0.450041, Semantic loss: 1.918706, BCE loss: 1.573870, SB loss: 1.343883
2025-01-14 14:23:54,642 Epoch: [2/20] Iter:[110/192], Time: 0.80, lr: [0.008834363015849136], Loss: 4.810816, Acc:0.453872, Semantic loss: 1.912597, BCE loss: 1.572384, SB loss: 1.325835
2025-01-14 14:24:02,168 Epoch: [2/20] Iter:[120/192], Time: 0.80, lr: [0.008810596978364274], Loss: 4.830168, Acc:0.454515, Semantic loss: 1.919444, BCE loss: 1.582303, SB loss: 1.328421
2025-01-14 14:24:11,059 Epoch: [2/20] Iter:[130/192], Time: 0.81, lr: [0.008786823815688379], Loss: 4.814009, Acc:0.456286, Semantic loss: 1.915821, BCE loss: 1.580782, SB loss: 1.317406
2025-01-14 14:24:19,215 Epoch: [2/20] Iter:[140/192], Time: 0.81, lr: [0.008763043504252865], Loss: 4.796182, Acc:0.459503, Semantic loss: 1.908020, BCE loss: 1.587093, SB loss: 1.301068
2025-01-14 14:24:26,769 Epoch: [2/20] Iter:[150/192], Time: 0.80, lr: [0.008739256020339866], Loss: 4.791946, Acc:0.458232, Semantic loss: 1.907085, BCE loss: 1.582163, SB loss: 1.302699
2025-01-14 14:24:34,305 Epoch: [2/20] Iter:[160/192], Time: 0.80, lr: [0.00871546134008083], Loss: 4.807145, Acc:0.456257, Semantic loss: 1.909820, BCE loss: 1.585387, SB loss: 1.311939
2025-01-14 14:24:40,876 Epoch: [2/20] Iter:[170/192], Time: 0.79, lr: [0.008691659439455107], Loss: 4.811214, Acc:0.456296, Semantic loss: 1.908201, BCE loss: 1.592343, SB loss: 1.310670
2025-01-14 14:24:47,966 Epoch: [2/20] Iter:[180/192], Time: 0.79, lr: [0.008667850294288517], Loss: 4.812412, Acc:0.455370, Semantic loss: 1.905077, BCE loss: 1.596716, SB loss: 1.310619
2025-01-14 14:24:54,476 Epoch: [2/20] Iter:[190/192], Time: 0.78, lr: [0.008644033880251888], Loss: 4.809670, Acc:0.455839, Semantic loss: 1.905881, BCE loss: 1.597289, SB loss: 1.306500
2025-01-14 14:28:14,095 0 [0.00000000e+00 5.61314543e-01 1.36923881e-01 3.11616808e-05
 5.11043767e-03 5.67034831e-06 4.31149759e-02] 0.10664295269305406
2025-01-14 14:28:14,096 1 [0.00000000e+00 5.58812160e-01 2.06766785e-01 9.24164782e-05
 1.68347433e-03 0.00000000e+00 4.45628085e-02] 0.1159882350374241
2025-01-14 14:28:14,104 => saving checkpoint to output\loveda\pidnet_small_lovedacheckpoint.pth.tar
2025-01-14 14:28:14,303 Loss: 4.217, MeanIU:  0.1160, Best_mIoU:  0.1160
2025-01-14 14:28:14,303 [0.00000000e+00 5.58812160e-01 2.06766785e-01 9.24164782e-05
 1.68347433e-03 0.00000000e+00 4.45628085e-02]
2025-01-14 14:28:25,186 Epoch: [3/20] Iter:[0/192], Time: 10.59, lr: [0.008639269723028191], Loss: 5.278499, Acc:0.412429, Semantic loss: 2.593117, BCE loss: 1.425612, SB loss: 1.259770
2025-01-14 14:28:33,125 Epoch: [3/20] Iter:[10/192], Time: 1.69, lr: [0.008615444554012613], Loss: 4.610663, Acc:0.447060, Semantic loss: 1.914869, BCE loss: 1.597750, SB loss: 1.098043
2025-01-14 14:28:44,493 Epoch: [3/20] Iter:[20/192], Time: 1.42, lr: [0.008591612062049989], Loss: 4.593025, Acc:0.467916, Semantic loss: 1.868633, BCE loss: 1.545312, SB loss: 1.179080
2025-01-14 14:28:52,713 Epoch: [3/20] Iter:[30/192], Time: 1.23, lr: [0.008567772222305215], Loss: 4.625215, Acc:0.472445, Semantic loss: 1.831612, BCE loss: 1.585731, SB loss: 1.207873
2025-01-14 14:29:00,107 Epoch: [3/20] Iter:[40/192], Time: 1.11, lr: [0.008543925009781886], Loss: 4.645677, Acc:0.470810, Semantic loss: 1.831052, BCE loss: 1.571600, SB loss: 1.243025
2025-01-14 14:29:06,512 Epoch: [3/20] Iter:[50/192], Time: 1.02, lr: [0.00852007039932076], Loss: 4.673019, Acc:0.465328, Semantic loss: 1.850456, BCE loss: 1.561493, SB loss: 1.261070
2025-01-14 14:29:13,340 Epoch: [3/20] Iter:[60/192], Time: 0.96, lr: [0.00849620836559818], Loss: 4.683043, Acc:0.454556, Semantic loss: 1.877455, BCE loss: 1.537514, SB loss: 1.268074
2025-01-14 14:29:19,642 Epoch: [3/20] Iter:[70/192], Time: 0.92, lr: [0.008472338883124477], Loss: 4.717901, Acc:0.459029, Semantic loss: 1.872430, BCE loss: 1.561909, SB loss: 1.283562
2025-01-14 14:29:26,618 Epoch: [3/20] Iter:[80/192], Time: 0.89, lr: [0.008448461926242374], Loss: 4.702058, Acc:0.459735, Semantic loss: 1.874813, BCE loss: 1.552267, SB loss: 1.274977
2025-01-14 14:29:32,832 Epoch: [3/20] Iter:[90/192], Time: 0.86, lr: [0.008424577469125337], Loss: 4.714234, Acc:0.459327, Semantic loss: 1.871729, BCE loss: 1.568831, SB loss: 1.273675
2025-01-14 14:29:40,934 Epoch: [3/20] Iter:[100/192], Time: 0.86, lr: [0.008400685485775935], Loss: 4.733834, Acc:0.460708, Semantic loss: 1.867136, BCE loss: 1.580608, SB loss: 1.286091
2025-01-14 14:29:47,598 Epoch: [3/20] Iter:[110/192], Time: 0.84, lr: [0.008376785950024154], Loss: 4.705545, Acc:0.460849, Semantic loss: 1.855816, BCE loss: 1.584655, SB loss: 1.265074
2025-01-14 14:29:54,209 Epoch: [3/20] Iter:[120/192], Time: 0.82, lr: [0.00835287883552571], Loss: 4.740328, Acc:0.460790, Semantic loss: 1.860854, BCE loss: 1.604485, SB loss: 1.274989
2025-01-14 14:30:00,924 Epoch: [3/20] Iter:[130/192], Time: 0.81, lr: [0.008328964115760324], Loss: 4.733477, Acc:0.459654, Semantic loss: 1.863431, BCE loss: 1.598244, SB loss: 1.271803
2025-01-14 14:30:08,284 Epoch: [3/20] Iter:[140/192], Time: 0.81, lr: [0.008305041764029988], Loss: 4.728952, Acc:0.457264, Semantic loss: 1.860044, BCE loss: 1.596082, SB loss: 1.272826
2025-01-14 14:30:15,292 Epoch: [3/20] Iter:[150/192], Time: 0.80, lr: [0.008281111753457188], Loss: 4.733850, Acc:0.457339, Semantic loss: 1.864086, BCE loss: 1.588938, SB loss: 1.280826
2025-01-14 14:30:22,800 Epoch: [3/20] Iter:[160/192], Time: 0.80, lr: [0.008257174056983133], Loss: 4.736815, Acc:0.458869, Semantic loss: 1.858610, BCE loss: 1.597884, SB loss: 1.280322
2025-01-14 14:30:29,518 Epoch: [3/20] Iter:[170/192], Time: 0.79, lr: [0.00823322864736593], Loss: 4.742380, Acc:0.459478, Semantic loss: 1.863526, BCE loss: 1.604778, SB loss: 1.274075
2025-01-14 14:30:37,333 Epoch: [3/20] Iter:[180/192], Time: 0.79, lr: [0.008209275497178764], Loss: 4.740812, Acc:0.460438, Semantic loss: 1.866083, BCE loss: 1.599522, SB loss: 1.275207
2025-01-14 14:30:44,011 Epoch: [3/20] Iter:[190/192], Time: 0.78, lr: [0.008185314578808021], Loss: 4.743089, Acc:0.461639, Semantic loss: 1.871055, BCE loss: 1.595740, SB loss: 1.276293
2025-01-14 14:34:09,647 0 [0.00000000e+00 6.09875811e-01 1.44539813e-01 2.98519559e-03
 1.68820048e-02 0.00000000e+00 2.41796940e-04] 0.11064637443682071
2025-01-14 14:34:09,649 1 [0.00000000e+00 6.17702663e-01 1.70203407e-01 0.00000000e+00
 7.11151022e-03 0.00000000e+00 3.68095750e-04] 0.11362652505588365
2025-01-14 14:34:09,655 => saving checkpoint to output\loveda\pidnet_small_lovedacheckpoint.pth.tar
2025-01-14 14:34:09,812 Loss: 3.847, MeanIU:  0.1136, Best_mIoU:  0.1160
2025-01-14 14:34:09,813 [0.00000000e+00 6.17702663e-01 1.70203407e-01 0.00000000e+00
 7.11151022e-03 0.00000000e+00 3.68095750e-04]
2025-01-14 14:34:20,858 Epoch: [4/20] Iter:[0/192], Time: 10.78, lr: [0.008180521460508584], Loss: 4.674886, Acc:0.410214, Semantic loss: 1.946915, BCE loss: 1.744377, SB loss: 0.983594
2025-01-14 14:34:26,955 Epoch: [4/20] Iter:[10/192], Time: 1.53, lr: [0.008156551183601795], Loss: 4.868073, Acc:0.457900, Semantic loss: 1.898102, BCE loss: 1.608932, SB loss: 1.361040
2025-01-14 14:34:33,260 Epoch: [4/20] Iter:[20/192], Time: 1.10, lr: [0.008132573077094668], Loss: 4.777274, Acc:0.456056, Semantic loss: 1.911727, BCE loss: 1.561005, SB loss: 1.304542
2025-01-14 14:34:39,565 Epoch: [4/20] Iter:[30/192], Time: 0.95, lr: [0.008108587112763079], Loss: 4.793549, Acc:0.458091, Semantic loss: 1.939783, BCE loss: 1.569590, SB loss: 1.284176
2025-01-14 14:34:47,029 Epoch: [4/20] Iter:[40/192], Time: 0.90, lr: [0.008084593262188028], Loss: 4.794471, Acc:0.463621, Semantic loss: 1.934877, BCE loss: 1.595882, SB loss: 1.263711
2025-01-14 14:34:53,348 Epoch: [4/20] Iter:[50/192], Time: 0.85, lr: [0.008060591496753653], Loss: 4.766640, Acc:0.461291, Semantic loss: 1.934055, BCE loss: 1.581266, SB loss: 1.251319
2025-01-14 14:34:59,585 Epoch: [4/20] Iter:[60/192], Time: 0.81, lr: [0.008036581787645204], Loss: 4.838345, Acc:0.456797, Semantic loss: 1.937395, BCE loss: 1.609822, SB loss: 1.291128
2025-01-14 14:35:06,076 Epoch: [4/20] Iter:[70/192], Time: 0.79, lr: [0.008012564105846994], Loss: 4.783803, Acc:0.454864, Semantic loss: 1.918487, BCE loss: 1.582053, SB loss: 1.283264
2025-01-14 14:35:13,723 Epoch: [4/20] Iter:[80/192], Time: 0.79, lr: [0.007988538422140333], Loss: 4.784279, Acc:0.458028, Semantic loss: 1.907601, BCE loss: 1.575125, SB loss: 1.301553
2025-01-14 14:35:20,552 Epoch: [4/20] Iter:[90/192], Time: 0.77, lr: [0.007964504707101411], Loss: 4.799523, Acc:0.458018, Semantic loss: 1.902787, BCE loss: 1.569258, SB loss: 1.327479
2025-01-14 14:35:27,706 Epoch: [4/20] Iter:[100/192], Time: 0.77, lr: [0.007940462931099176], Loss: 4.791856, Acc:0.463842, Semantic loss: 1.892996, BCE loss: 1.560048, SB loss: 1.338812
2025-01-14 14:35:34,496 Epoch: [4/20] Iter:[110/192], Time: 0.76, lr: [0.007916413064293163], Loss: 4.783698, Acc:0.468896, Semantic loss: 1.892116, BCE loss: 1.565625, SB loss: 1.325957
2025-01-14 14:35:41,673 Epoch: [4/20] Iter:[120/192], Time: 0.76, lr: [0.007892355076631318], Loss: 4.809513, Acc:0.471513, Semantic loss: 1.901846, BCE loss: 1.579039, SB loss: 1.328628
2025-01-14 14:35:48,665 Epoch: [4/20] Iter:[130/192], Time: 0.75, lr: [0.007868288937847752], Loss: 5.073900, Acc:0.469395, Semantic loss: 1.936035, BCE loss: 1.585936, SB loss: 1.551928
2025-01-14 14:35:56,104 Epoch: [4/20] Iter:[140/192], Time: 0.75, lr: [0.007844214617460508], Loss: 5.154367, Acc:0.467838, Semantic loss: 1.962732, BCE loss: 1.597653, SB loss: 1.593982
2025-01-14 14:36:02,587 Epoch: [4/20] Iter:[150/192], Time: 0.75, lr: [0.007820132084769268], Loss: 5.158271, Acc:0.462607, Semantic loss: 1.982063, BCE loss: 1.598111, SB loss: 1.578097
2025-01-14 14:36:11,172 Epoch: [4/20] Iter:[160/192], Time: 0.75, lr: [0.00779604130885303], Loss: 5.145476, Acc:0.461864, Semantic loss: 1.981676, BCE loss: 1.601668, SB loss: 1.562132
2025-01-14 14:36:17,814 Epoch: [4/20] Iter:[170/192], Time: 0.75, lr: [0.007771942258567773], Loss: 5.129786, Acc:0.461786, Semantic loss: 1.976007, BCE loss: 1.607165, SB loss: 1.546614
2025-01-14 14:36:25,040 Epoch: [4/20] Iter:[180/192], Time: 0.75, lr: [0.007747834902544056], Loss: 5.104610, Acc:0.461670, Semantic loss: 1.973023, BCE loss: 1.603871, SB loss: 1.527715
2025-01-14 14:36:31,555 Epoch: [4/20] Iter:[190/192], Time: 0.74, lr: [0.0077237192091846206], Loss: 5.099597, Acc:0.459661, Semantic loss: 1.974702, BCE loss: 1.605881, SB loss: 1.519014
2025-01-14 14:39:57,603 0 [0.00000000e+00 5.92219432e-01 2.41030895e-01 3.19117116e-06
 1.04224765e-06 7.38907887e-05 3.44247796e-05] 0.11905183948526676
2025-01-14 14:39:57,604 1 [0.00000000e+00 5.83384777e-01 2.22860348e-01 2.62284713e-07
 5.88238864e-05 1.42210128e-03 2.77892258e-02] 0.11935936260140033
2025-01-14 14:39:57,611 => saving checkpoint to output\loveda\pidnet_small_lovedacheckpoint.pth.tar
2025-01-14 14:39:57,794 Loss: 4.235, MeanIU:  0.1194, Best_mIoU:  0.1194
2025-01-14 14:39:57,795 [0.00000000e+00 5.83384777e-01 2.22860348e-01 2.62284713e-07
 5.88238864e-05 1.42210128e-03 2.77892258e-02]
2025-01-14 14:40:08,744 Epoch: [5/20] Iter:[0/192], Time: 10.68, lr: [0.007718895067235705], Loss: 4.401291, Acc:0.413721, Semantic loss: 1.696972, BCE loss: 1.388732, SB loss: 1.315587
2025-01-14 14:40:14,441 Epoch: [5/20] Iter:[10/192], Time: 1.49, lr: [0.007694769327040611], Loss: 4.812751, Acc:0.435602, Semantic loss: 1.926249, BCE loss: 1.620241, SB loss: 1.266261
2025-01-14 14:40:20,959 Epoch: [5/20] Iter:[20/192], Time: 1.09, lr: [0.00767063517918174], Loss: 4.747199, Acc:0.448959, Semantic loss: 1.923766, BCE loss: 1.535664, SB loss: 1.287769
2025-01-14 14:40:27,128 Epoch: [5/20] Iter:[30/192], Time: 0.94, lr: [0.007646492591316132], Loss: 4.598209, Acc:0.466393, Semantic loss: 1.855260, BCE loss: 1.518184, SB loss: 1.224765
2025-01-14 14:40:33,320 Epoch: [5/20] Iter:[40/192], Time: 0.86, lr: [0.007622341530862476], Loss: 4.650129, Acc:0.459624, Semantic loss: 1.878051, BCE loss: 1.526884, SB loss: 1.245195
2025-01-14 14:40:39,167 Epoch: [5/20] Iter:[50/192], Time: 0.81, lr: [0.0075981819649984985], Loss: 4.715244, Acc:0.455482, Semantic loss: 1.898728, BCE loss: 1.568406, SB loss: 1.248110
2025-01-14 14:40:45,230 Epoch: [5/20] Iter:[60/192], Time: 0.77, lr: [0.007574013860658317], Loss: 4.686476, Acc:0.459048, Semantic loss: 1.874915, BCE loss: 1.553735, SB loss: 1.257826
2025-01-14 14:40:51,510 Epoch: [5/20] Iter:[70/192], Time: 0.75, lr: [0.007549837184529776], Loss: 4.709476, Acc:0.457239, Semantic loss: 1.871751, BCE loss: 1.573939, SB loss: 1.263786
2025-01-14 14:40:58,878 Epoch: [5/20] Iter:[80/192], Time: 0.75, lr: [0.0075256519030517215], Loss: 4.729074, Acc:0.456464, Semantic loss: 1.878900, BCE loss: 1.572308, SB loss: 1.277865
2025-01-14 14:41:04,904 Epoch: [5/20] Iter:[90/192], Time: 0.73, lr: [0.007501457982411236], Loss: 4.701615, Acc:0.459236, Semantic loss: 1.869826, BCE loss: 1.562143, SB loss: 1.269646
2025-01-14 14:41:11,021 Epoch: [5/20] Iter:[100/192], Time: 0.72, lr: [0.0074772553885408604], Loss: 4.688761, Acc:0.462262, Semantic loss: 1.865679, BCE loss: 1.561929, SB loss: 1.261152
2025-01-14 14:41:17,729 Epoch: [5/20] Iter:[110/192], Time: 0.72, lr: [0.007453044087115737], Loss: 4.715118, Acc:0.458576, Semantic loss: 1.879986, BCE loss: 1.566953, SB loss: 1.268180
2025-01-14 14:41:24,450 Epoch: [5/20] Iter:[120/192], Time: 0.71, lr: [0.007428824043550734], Loss: 4.712571, Acc:0.457341, Semantic loss: 1.876461, BCE loss: 1.568459, SB loss: 1.267651
2025-01-14 14:41:30,309 Epoch: [5/20] Iter:[130/192], Time: 0.70, lr: [0.007404595222997526], Loss: 4.724420, Acc:0.455544, Semantic loss: 1.880559, BCE loss: 1.572692, SB loss: 1.271169
2025-01-14 14:41:36,490 Epoch: [5/20] Iter:[140/192], Time: 0.70, lr: [0.007380357590341623], Loss: 4.732467, Acc:0.456766, Semantic loss: 1.878143, BCE loss: 1.582815, SB loss: 1.271510
2025-01-14 14:41:42,505 Epoch: [5/20] Iter:[150/192], Time: 0.69, lr: [0.007356111110199354], Loss: 4.731293, Acc:0.457463, Semantic loss: 1.875697, BCE loss: 1.585243, SB loss: 1.270352
2025-01-14 14:41:50,421 Epoch: [5/20] Iter:[160/192], Time: 0.70, lr: [0.00733185574691482], Loss: 4.725872, Acc:0.459054, Semantic loss: 1.869788, BCE loss: 1.593211, SB loss: 1.262873
2025-01-14 14:41:57,359 Epoch: [5/20] Iter:[170/192], Time: 0.70, lr: [0.007307591464556783], Loss: 4.722060, Acc:0.461052, Semantic loss: 1.867351, BCE loss: 1.593647, SB loss: 1.261063
2025-01-14 14:42:04,350 Epoch: [5/20] Iter:[180/192], Time: 0.70, lr: [0.007283318226915514], Loss: 4.738459, Acc:0.459338, Semantic loss: 1.872292, BCE loss: 1.603686, SB loss: 1.262481
2025-01-14 14:42:10,737 Epoch: [5/20] Iter:[190/192], Time: 0.69, lr: [0.007259035997499604], Loss: 4.725439, Acc:0.461498, Semantic loss: 1.865485, BCE loss: 1.603399, SB loss: 1.256556
2025-01-14 14:45:05,310 0 [0.00000000e+00 6.03143488e-01 1.76137033e-01 5.24274941e-06
 2.85464030e-02 9.78178504e-06 5.88456014e-04] 0.11549005780965535
2025-01-14 14:45:05,311 1 [0.         0.59005668 0.02719264 0.         0.10813765 0.00139263
 0.00076176] 0.10393448011880826
2025-01-14 14:45:05,318 => saving checkpoint to output\loveda\pidnet_small_lovedacheckpoint.pth.tar
2025-01-14 14:45:05,464 Loss: 4.099, MeanIU:  0.1039, Best_mIoU:  0.1194
2025-01-14 14:45:05,464 [0.         0.59005668 0.02719264 0.         0.10813765 0.00139263
 0.00076176]
2025-01-14 14:45:14,854 Epoch: [6/20] Iter:[0/192], Time: 9.14, lr: [0.007254178469372199], Loss: 4.660285, Acc:0.448204, Semantic loss: 1.910647, BCE loss: 1.760890, SB loss: 0.988748
2025-01-14 14:45:20,291 Epoch: [6/20] Iter:[10/192], Time: 1.33, lr: [0.007229885401256642], Loss: 4.449494, Acc:0.477213, Semantic loss: 1.761092, BCE loss: 1.500845, SB loss: 1.187557
2025-01-14 14:45:25,711 Epoch: [6/20] Iter:[20/192], Time: 0.95, lr: [0.0072055832600777334], Loss: 4.632967, Acc:0.462443, Semantic loss: 1.813337, BCE loss: 1.527783, SB loss: 1.291847
2025-01-14 14:45:31,277 Epoch: [6/20] Iter:[30/192], Time: 0.82, lr: [0.007181272008420604], Loss: 4.665517, Acc:0.469168, Semantic loss: 1.836518, BCE loss: 1.524123, SB loss: 1.304876
2025-01-14 14:45:36,750 Epoch: [6/20] Iter:[40/192], Time: 0.76, lr: [0.007156951608574727], Loss: 4.655192, Acc:0.466543, Semantic loss: 1.844885, BCE loss: 1.538140, SB loss: 1.272167
2025-01-14 14:45:42,141 Epoch: [6/20] Iter:[50/192], Time: 0.71, lr: [0.007132622022530447], Loss: 4.654680, Acc:0.461871, Semantic loss: 1.865273, BCE loss: 1.515658, SB loss: 1.273748
2025-01-14 14:45:47,489 Epoch: [6/20] Iter:[60/192], Time: 0.68, lr: [0.007108283211975477], Loss: 4.699987, Acc:0.466228, Semantic loss: 1.869035, BCE loss: 1.563494, SB loss: 1.267458
2025-01-14 14:45:52,914 Epoch: [6/20] Iter:[70/192], Time: 0.66, lr: [0.007083935138291319], Loss: 4.677204, Acc:0.466010, Semantic loss: 1.866213, BCE loss: 1.554668, SB loss: 1.256323
2025-01-14 14:45:58,407 Epoch: [6/20] Iter:[80/192], Time: 0.65, lr: [0.007059577762549636], Loss: 4.649135, Acc:0.470701, Semantic loss: 1.850489, BCE loss: 1.565093, SB loss: 1.233553
2025-01-14 14:46:04,064 Epoch: [6/20] Iter:[90/192], Time: 0.64, lr: [0.007035211045508576], Loss: 4.669989, Acc:0.470133, Semantic loss: 1.856884, BCE loss: 1.576446, SB loss: 1.236660
2025-01-14 14:46:09,865 Epoch: [6/20] Iter:[100/192], Time: 0.64, lr: [0.0070108349476090265], Loss: 4.670278, Acc:0.471297, Semantic loss: 1.847786, BCE loss: 1.590787, SB loss: 1.231706
2025-01-14 14:46:16,024 Epoch: [6/20] Iter:[110/192], Time: 0.63, lr: [0.00698644942897081], Loss: 4.667941, Acc:0.466863, Semantic loss: 1.847684, BCE loss: 1.589320, SB loss: 1.230937
2025-01-14 14:46:21,950 Epoch: [6/20] Iter:[120/192], Time: 0.63, lr: [0.006962054449388827], Loss: 4.684061, Acc:0.464689, Semantic loss: 1.848499, BCE loss: 1.593448, SB loss: 1.242114
2025-01-14 14:46:27,976 Epoch: [6/20] Iter:[130/192], Time: 0.63, lr: [0.006937649968329135], Loss: 4.708921, Acc:0.462255, Semantic loss: 1.851665, BCE loss: 1.602156, SB loss: 1.255099
2025-01-14 14:46:33,756 Epoch: [6/20] Iter:[140/192], Time: 0.62, lr: [0.006913235944924954], Loss: 4.709575, Acc:0.464059, Semantic loss: 1.845006, BCE loss: 1.611060, SB loss: 1.253509
2025-01-14 14:46:39,347 Epoch: [6/20] Iter:[150/192], Time: 0.62, lr: [0.006888812337972621], Loss: 4.705856, Acc:0.461324, Semantic loss: 1.847002, BCE loss: 1.604172, SB loss: 1.254682
2025-01-14 14:46:44,964 Epoch: [6/20] Iter:[160/192], Time: 0.62, lr: [0.00686437910592748], Loss: 4.685904, Acc:0.461114, Semantic loss: 1.843203, BCE loss: 1.600078, SB loss: 1.242624
2025-01-14 14:46:50,649 Epoch: [6/20] Iter:[170/192], Time: 0.61, lr: [0.00683993620689969], Loss: 4.684116, Acc:0.461990, Semantic loss: 1.837901, BCE loss: 1.597825, SB loss: 1.248389
2025-01-14 14:46:56,204 Epoch: [6/20] Iter:[180/192], Time: 0.61, lr: [0.0068154835986499775], Loss: 4.681064, Acc:0.463054, Semantic loss: 1.833751, BCE loss: 1.597807, SB loss: 1.249507
2025-01-14 14:47:01,579 Epoch: [6/20] Iter:[190/192], Time: 0.61, lr: [0.006791021238585323], Loss: 4.673070, Acc:0.463933, Semantic loss: 1.833056, BCE loss: 1.592292, SB loss: 1.247721
2025-01-14 14:49:56,587 0 [0.00000000e+00 5.26298641e-01 1.80969579e-01 2.93359681e-03
 1.49250786e-01 2.68740469e-08 3.93156120e-03] 0.12334059874230018
2025-01-14 14:49:56,588 1 [0.         0.56107962 0.14777587 0.00142643 0.04681765 0.00140539
 0.03218763] 0.11295608342505825
2025-01-14 14:49:56,596 => saving checkpoint to output\loveda\pidnet_small_lovedacheckpoint.pth.tar
2025-01-14 14:49:56,747 Loss: 4.048, MeanIU:  0.1130, Best_mIoU:  0.1194
2025-01-14 14:49:56,748 [0.         0.56107962 0.14777587 0.00142643 0.04681765 0.00140539
 0.03218763]
2025-01-14 14:50:06,339 Epoch: [7/20] Iter:[0/192], Time: 9.35, lr: [0.006786127592581251], Loss: 5.058963, Acc:0.453939, Semantic loss: 1.622137, BCE loss: 2.127209, SB loss: 1.309618
2025-01-14 14:50:11,592 Epoch: [7/20] Iter:[10/192], Time: 1.33, lr: [0.006761653473611295], Loss: 4.414038, Acc:0.468701, Semantic loss: 1.718030, BCE loss: 1.597362, SB loss: 1.098646
2025-01-14 14:50:16,836 Epoch: [7/20] Iter:[20/192], Time: 0.95, lr: [0.006737169507854796], Loss: 4.556161, Acc:0.480392, Semantic loss: 1.752908, BCE loss: 1.637678, SB loss: 1.165574
2025-01-14 14:50:22,167 Epoch: [7/20] Iter:[30/192], Time: 0.81, lr: [0.006712675651556858], Loss: 4.564366, Acc:0.481937, Semantic loss: 1.777483, BCE loss: 1.639279, SB loss: 1.147603
2025-01-14 14:50:27,429 Epoch: [7/20] Iter:[40/192], Time: 0.74, lr: [0.006688171860589905], Loss: 4.581876, Acc:0.467535, Semantic loss: 1.790604, BCE loss: 1.594040, SB loss: 1.197233
2025-01-14 14:50:32,687 Epoch: [7/20] Iter:[50/192], Time: 0.70, lr: [0.0066636580904489585], Loss: 4.614761, Acc:0.466791, Semantic loss: 1.805019, BCE loss: 1.595069, SB loss: 1.214673
2025-01-14 14:50:37,923 Epoch: [7/20] Iter:[60/192], Time: 0.67, lr: [0.006639134296246874], Loss: 4.609281, Acc:0.464325, Semantic loss: 1.804482, BCE loss: 1.598675, SB loss: 1.206125
2025-01-14 14:50:43,175 Epoch: [7/20] Iter:[70/192], Time: 0.65, lr: [0.0066146004327094585], Loss: 4.650331, Acc:0.455065, Semantic loss: 1.833454, BCE loss: 1.598863, SB loss: 1.218014
2025-01-14 14:50:48,417 Epoch: [7/20] Iter:[80/192], Time: 0.63, lr: [0.006590056454170537], Loss: 4.646159, Acc:0.457834, Semantic loss: 1.827458, BCE loss: 1.608565, SB loss: 1.210136
2025-01-14 14:50:53,688 Epoch: [7/20] Iter:[90/192], Time: 0.62, lr: [0.006565502314566912], Loss: 4.643710, Acc:0.457780, Semantic loss: 1.828410, BCE loss: 1.596329, SB loss: 1.218971
2025-01-14 14:50:58,928 Epoch: [7/20] Iter:[100/192], Time: 0.61, lr: [0.006540937967433255], Loss: 4.646325, Acc:0.456845, Semantic loss: 1.825824, BCE loss: 1.594907, SB loss: 1.225594
2025-01-14 14:51:04,190 Epoch: [7/20] Iter:[110/192], Time: 0.61, lr: [0.006516363365896894], Loss: 4.630721, Acc:0.459386, Semantic loss: 1.822633, BCE loss: 1.589402, SB loss: 1.218686
2025-01-14 14:51:09,433 Epoch: [7/20] Iter:[120/192], Time: 0.60, lr: [0.006491778462672531], Loss: 4.623019, Acc:0.460982, Semantic loss: 1.816056, BCE loss: 1.597343, SB loss: 1.209620
2025-01-14 14:51:14,861 Epoch: [7/20] Iter:[130/192], Time: 0.59, lr: [0.006467183210056843], Loss: 4.613921, Acc:0.461362, Semantic loss: 1.808811, BCE loss: 1.602650, SB loss: 1.202461
2025-01-14 14:51:20,557 Epoch: [7/20] Iter:[140/192], Time: 0.59, lr: [0.006442577559923017], Loss: 4.599959, Acc:0.464532, Semantic loss: 1.802258, BCE loss: 1.601510, SB loss: 1.196191
2025-01-14 14:51:26,627 Epoch: [7/20] Iter:[150/192], Time: 0.59, lr: [0.006417961463715172], Loss: 4.589385, Acc:0.464287, Semantic loss: 1.803023, BCE loss: 1.592132, SB loss: 1.194231
2025-01-14 14:51:32,515 Epoch: [7/20] Iter:[160/192], Time: 0.59, lr: [0.006393334872442681], Loss: 4.590478, Acc:0.464930, Semantic loss: 1.805127, BCE loss: 1.590861, SB loss: 1.194490
2025-01-14 14:51:38,469 Epoch: [7/20] Iter:[170/192], Time: 0.59, lr: [0.006368697736674411], Loss: 4.584533, Acc:0.466563, Semantic loss: 1.806408, BCE loss: 1.587481, SB loss: 1.190644
2025-01-14 14:51:44,037 Epoch: [7/20] Iter:[180/192], Time: 0.59, lr: [0.006344050006532848], Loss: 4.588108, Acc:0.466176, Semantic loss: 1.808505, BCE loss: 1.590752, SB loss: 1.188852
2025-01-14 14:51:49,386 Epoch: [7/20] Iter:[190/192], Time: 0.59, lr: [0.006319391631688114], Loss: 4.590833, Acc:0.468078, Semantic loss: 1.807394, BCE loss: 1.592349, SB loss: 1.191090
2025-01-14 14:54:39,541 0 [0.00000000e+00 5.87889037e-01 1.03729782e-01 2.35734933e-02
 1.06948441e-02 1.45119982e-06 2.41279576e-04] 0.1037328411176667
2025-01-14 14:54:39,542 1 [0.         0.5728858  0.07620069 0.00537527 0.05088938 0.0006582
 0.01822671] 0.10346229239576146
2025-01-14 14:54:39,549 => saving checkpoint to output\loveda\pidnet_small_lovedacheckpoint.pth.tar
2025-01-14 14:54:39,699 Loss: 4.066, MeanIU:  0.1035, Best_mIoU:  0.1194
2025-01-14 14:54:39,701 [0.         0.5728858  0.07620069 0.00537527 0.05088938 0.0006582
 0.01822671]
2025-01-14 14:54:48,254 Epoch: [8/20] Iter:[0/192], Time: 8.30, lr: [0.006314458674893553], Loss: 4.817844, Acc:0.551988, Semantic loss: 1.565912, BCE loss: 1.863204, SB loss: 1.388729
2025-01-14 14:54:53,514 Epoch: [8/20] Iter:[10/192], Time: 1.23, lr: [0.006289787459323657], Loss: 4.521408, Acc:0.495314, Semantic loss: 1.754649, BCE loss: 1.601192, SB loss: 1.165567
2025-01-14 14:54:58,802 Epoch: [8/20] Iter:[20/192], Time: 0.90, lr: [0.006265105486702424], Loss: 4.575997, Acc:0.470807, Semantic loss: 1.836773, BCE loss: 1.581121, SB loss: 1.158103
2025-01-14 14:55:04,041 Epoch: [8/20] Iter:[30/192], Time: 0.78, lr: [0.006240412705211017], Loss: 4.516453, Acc:0.468334, Semantic loss: 1.827065, BCE loss: 1.560221, SB loss: 1.129167
2025-01-14 14:55:09,328 Epoch: [8/20] Iter:[40/192], Time: 0.72, lr: [0.006215709062551949], Loss: 4.543873, Acc:0.467637, Semantic loss: 1.819019, BCE loss: 1.574623, SB loss: 1.150230
2025-01-14 14:55:14,701 Epoch: [8/20] Iter:[50/192], Time: 0.68, lr: [0.006190994505942529], Loss: 4.503167, Acc:0.464502, Semantic loss: 1.827950, BCE loss: 1.540608, SB loss: 1.134609
2025-01-14 14:55:19,969 Epoch: [8/20] Iter:[60/192], Time: 0.66, lr: [0.006166268982108192], Loss: 4.492771, Acc:0.462851, Semantic loss: 1.826783, BCE loss: 1.527119, SB loss: 1.138869
2025-01-14 14:55:25,201 Epoch: [8/20] Iter:[70/192], Time: 0.64, lr: [0.006141532437275693], Loss: 4.533993, Acc:0.456686, Semantic loss: 1.836860, BCE loss: 1.525771, SB loss: 1.171362
2025-01-14 14:55:30,611 Epoch: [8/20] Iter:[80/192], Time: 0.63, lr: [0.006116784817166194], Loss: 4.521436, Acc:0.457309, Semantic loss: 1.826224, BCE loss: 1.527625, SB loss: 1.167587
2025-01-14 14:55:36,005 Epoch: [8/20] Iter:[90/192], Time: 0.62, lr: [0.006092026066988214], Loss: 4.544669, Acc:0.460463, Semantic loss: 1.828446, BCE loss: 1.548631, SB loss: 1.167592
2025-01-14 14:55:41,361 Epoch: [8/20] Iter:[100/192], Time: 0.61, lr: [0.006067256131430442], Loss: 4.543789, Acc:0.461160, Semantic loss: 1.818105, BCE loss: 1.560036, SB loss: 1.165649
2025-01-14 14:55:46,669 Epoch: [8/20] Iter:[110/192], Time: 0.60, lr: [0.00604247495465443], Loss: 4.547716, Acc:0.462994, Semantic loss: 1.812668, BCE loss: 1.568093, SB loss: 1.166956
2025-01-14 14:55:51,981 Epoch: [8/20] Iter:[120/192], Time: 0.60, lr: [0.006017682480287143], Loss: 4.550191, Acc:0.464990, Semantic loss: 1.811118, BCE loss: 1.567039, SB loss: 1.172034
2025-01-14 14:55:57,280 Epoch: [8/20] Iter:[130/192], Time: 0.59, lr: [0.00599287865141337], Loss: 4.549741, Acc:0.465849, Semantic loss: 1.812637, BCE loss: 1.566337, SB loss: 1.170767
2025-01-14 14:56:02,507 Epoch: [8/20] Iter:[140/192], Time: 0.59, lr: [0.005968063410567983], Loss: 4.560218, Acc:0.464522, Semantic loss: 1.813928, BCE loss: 1.567516, SB loss: 1.178773
2025-01-14 14:56:07,781 Epoch: [8/20] Iter:[150/192], Time: 0.58, lr: [0.00594323669972807], Loss: 4.561595, Acc:0.467272, Semantic loss: 1.809598, BCE loss: 1.576421, SB loss: 1.175576
2025-01-14 14:56:13,006 Epoch: [8/20] Iter:[160/192], Time: 0.58, lr: [0.005918398460304892], Loss: 4.558745, Acc:0.467614, Semantic loss: 1.811784, BCE loss: 1.578324, SB loss: 1.168637
2025-01-14 14:56:18,286 Epoch: [8/20] Iter:[170/192], Time: 0.58, lr: [0.0058935486331357125], Loss: 4.577696, Acc:0.467365, Semantic loss: 1.816824, BCE loss: 1.584295, SB loss: 1.176578
2025-01-14 14:56:23,835 Epoch: [8/20] Iter:[180/192], Time: 0.57, lr: [0.005868687158475447], Loss: 4.586570, Acc:0.467669, Semantic loss: 1.817753, BCE loss: 1.586512, SB loss: 1.182305
2025-01-14 14:56:29,163 Epoch: [8/20] Iter:[190/192], Time: 0.57, lr: [0.005843813975988169], Loss: 4.589811, Acc:0.468360, Semantic loss: 1.812232, BCE loss: 1.591389, SB loss: 1.186190
2025-01-14 14:59:19,730 0 [0.00000000e+00 5.96076399e-01 1.46353223e-01 6.22681514e-04
 3.57430383e-02 2.68740093e-08 6.10342143e-03] 0.11212839848050218
2025-01-14 14:59:19,731 1 [0.00000000e+00 5.32822460e-01 1.97750085e-01 2.21141527e-04
 8.03995149e-02 3.32049436e-06 3.81081836e-02] 0.12132924360992932
2025-01-14 14:59:19,738 => saving checkpoint to output\loveda\pidnet_small_lovedacheckpoint.pth.tar
2025-01-14 14:59:19,966 Loss: 4.262, MeanIU:  0.1213, Best_mIoU:  0.1213
2025-01-14 14:59:19,966 [0.00000000e+00 5.32822460e-01 1.97750085e-01 2.21141527e-04
 8.03995149e-02 3.32049436e-06 3.81081836e-02]
2025-01-14 14:59:29,099 Epoch: [9/20] Iter:[0/192], Time: 8.90, lr: [0.0058388379291998025], Loss: 4.515018, Acc:0.547677, Semantic loss: 1.586046, BCE loss: 1.694191, SB loss: 1.234781
2025-01-14 14:59:34,263 Epoch: [9/20] Iter:[10/192], Time: 1.28, lr: [0.0058139506168319475], Loss: 4.552071, Acc:0.468916, Semantic loss: 1.769349, BCE loss: 1.521320, SB loss: 1.261401
2025-01-14 14:59:39,517 Epoch: [9/20] Iter:[20/192], Time: 0.92, lr: [0.005789051461775303], Loss: 4.532191, Acc:0.463801, Semantic loss: 1.789553, BCE loss: 1.529295, SB loss: 1.213344
2025-01-14 14:59:44,785 Epoch: [9/20] Iter:[30/192], Time: 0.79, lr: [0.005764140401744157], Loss: 4.519422, Acc:0.461323, Semantic loss: 1.793810, BCE loss: 1.540236, SB loss: 1.185376
2025-01-14 14:59:50,039 Epoch: [9/20] Iter:[40/192], Time: 0.73, lr: [0.005739217373824397], Loss: 4.540836, Acc:0.465111, Semantic loss: 1.792934, BCE loss: 1.552381, SB loss: 1.195521
2025-01-14 14:59:55,314 Epoch: [9/20] Iter:[50/192], Time: 0.69, lr: [0.005714282314464109], Loss: 4.531472, Acc:0.467676, Semantic loss: 1.781794, BCE loss: 1.593909, SB loss: 1.155770
2025-01-14 15:00:00,595 Epoch: [9/20] Iter:[60/192], Time: 0.66, lr: [0.005689335159463984], Loss: 4.522092, Acc:0.463914, Semantic loss: 1.792010, BCE loss: 1.580977, SB loss: 1.149105
2025-01-14 15:00:05,878 Epoch: [9/20] Iter:[70/192], Time: 0.64, lr: [0.0056643758439675305], Loss: 4.538036, Acc:0.461526, Semantic loss: 1.792111, BCE loss: 1.581804, SB loss: 1.164121
2025-01-14 15:00:11,152 Epoch: [9/20] Iter:[80/192], Time: 0.63, lr: [0.005639404302451105], Loss: 4.540718, Acc:0.467962, Semantic loss: 1.786560, BCE loss: 1.570734, SB loss: 1.183424
2025-01-14 15:00:16,403 Epoch: [9/20] Iter:[90/192], Time: 0.62, lr: [0.005614420468713722], Loss: 4.556750, Acc:0.462912, Semantic loss: 1.800317, BCE loss: 1.570454, SB loss: 1.185979
2025-01-14 15:00:21,673 Epoch: [9/20] Iter:[100/192], Time: 0.61, lr: [0.005589424275866668], Loss: 4.559706, Acc:0.467148, Semantic loss: 1.801574, BCE loss: 1.571590, SB loss: 1.186542
2025-01-14 15:00:26,925 Epoch: [9/20] Iter:[110/192], Time: 0.60, lr: [0.005564415656322913], Loss: 4.552960, Acc:0.466990, Semantic loss: 1.798010, BCE loss: 1.579726, SB loss: 1.175224
2025-01-14 15:00:32,194 Epoch: [9/20] Iter:[120/192], Time: 0.59, lr: [0.00553939454178628], Loss: 4.556658, Acc:0.469218, Semantic loss: 1.793628, BCE loss: 1.589861, SB loss: 1.173169
2025-01-14 15:00:37,450 Epoch: [9/20] Iter:[130/192], Time: 0.59, lr: [0.005514360863240413], Loss: 4.548540, Acc:0.469278, Semantic loss: 1.792978, BCE loss: 1.583996, SB loss: 1.171566
2025-01-14 15:00:42,701 Epoch: [9/20] Iter:[140/192], Time: 0.59, lr: [0.005489314550937511], Loss: 4.527411, Acc:0.473142, Semantic loss: 1.782033, BCE loss: 1.584815, SB loss: 1.160564
2025-01-14 15:00:47,961 Epoch: [9/20] Iter:[150/192], Time: 0.58, lr: [0.005464255534386825], Loss: 4.518059, Acc:0.474700, Semantic loss: 1.774507, BCE loss: 1.584905, SB loss: 1.158647
2025-01-14 15:00:53,220 Epoch: [9/20] Iter:[160/192], Time: 0.58, lr: [0.005439183742342914], Loss: 4.537527, Acc:0.473394, Semantic loss: 1.781516, BCE loss: 1.593749, SB loss: 1.162262
2025-01-14 15:00:58,511 Epoch: [9/20] Iter:[170/192], Time: 0.57, lr: [0.00541409910279366], Loss: 4.540612, Acc:0.473353, Semantic loss: 1.778044, BCE loss: 1.597459, SB loss: 1.165109
2025-01-14 15:01:03,779 Epoch: [9/20] Iter:[180/192], Time: 0.57, lr: [0.005389001542948025], Loss: 4.550998, Acc:0.471306, Semantic loss: 1.784334, BCE loss: 1.599213, SB loss: 1.167451
2025-01-14 15:01:08,961 Epoch: [9/20] Iter:[190/192], Time: 0.57, lr: [0.005363890989223547], Loss: 4.545816, Acc:0.470940, Semantic loss: 1.784954, BCE loss: 1.588403, SB loss: 1.172459
2025-01-14 15:03:38,213 0 [0.         0.56771698 0.10737778 0.00339281 0.19986623 0.0055094
 0.00838158] 0.12746353898447574
2025-01-14 15:03:38,214 1 [0.         0.5522968  0.08828787 0.01021358 0.03922607 0.00546799
 0.03041002] 0.10370033367280809
2025-01-14 15:03:38,219 => saving checkpoint to output\loveda\pidnet_small_lovedacheckpoint.pth.tar
2025-01-14 15:03:38,371 Loss: 3.871, MeanIU:  0.1037, Best_mIoU:  0.1213
2025-01-14 15:03:38,372 [0.         0.5522968  0.08828787 0.01021358 0.03922607 0.00546799
 0.03041002]
2025-01-14 15:03:47,065 Epoch: [10/20] Iter:[0/192], Time: 8.44, lr: [0.005358867312681466], Loss: 4.275547, Acc:0.562050, Semantic loss: 1.627964, BCE loss: 1.651102, SB loss: 0.996481
2025-01-14 15:03:52,314 Epoch: [10/20] Iter:[10/192], Time: 1.25, lr: [0.005333741068040314], Loss: 4.655956, Acc:0.472029, Semantic loss: 1.824486, BCE loss: 1.682028, SB loss: 1.149442
2025-01-14 15:03:57,590 Epoch: [10/20] Iter:[20/192], Time: 0.90, lr: [0.0053086016647897714], Loss: 4.613901, Acc:0.474299, Semantic loss: 1.801743, BCE loss: 1.654074, SB loss: 1.158085
2025-01-14 15:04:02,878 Epoch: [10/20] Iter:[30/192], Time: 0.78, lr: [0.005283449026727663], Loss: 4.620967, Acc:0.474680, Semantic loss: 1.794854, BCE loss: 1.680719, SB loss: 1.145394
2025-01-14 15:04:08,177 Epoch: [10/20] Iter:[40/192], Time: 0.72, lr: [0.005258283076804885], Loss: 4.642823, Acc:0.477634, Semantic loss: 1.797103, BCE loss: 1.691939, SB loss: 1.153782
2025-01-14 15:04:13,445 Epoch: [10/20] Iter:[50/192], Time: 0.68, lr: [0.00523310373711144], Loss: 4.587362, Acc:0.476057, Semantic loss: 1.786976, BCE loss: 1.673714, SB loss: 1.126672
2025-01-14 15:04:18,719 Epoch: [10/20] Iter:[60/192], Time: 0.66, lr: [0.005207910928862159], Loss: 4.570452, Acc:0.478641, Semantic loss: 1.779764, BCE loss: 1.658924, SB loss: 1.131764
2025-01-14 15:04:23,998 Epoch: [10/20] Iter:[70/192], Time: 0.64, lr: [0.005182704572382109], Loss: 4.562860, Acc:0.477178, Semantic loss: 1.781145, BCE loss: 1.631147, SB loss: 1.150568
2025-01-14 15:04:29,278 Epoch: [10/20] Iter:[80/192], Time: 0.63, lr: [0.005157484587091684], Loss: 4.579022, Acc:0.474970, Semantic loss: 1.787452, BCE loss: 1.635072, SB loss: 1.156498
2025-01-14 15:04:34,549 Epoch: [10/20] Iter:[90/192], Time: 0.61, lr: [0.005132250891491357], Loss: 4.563868, Acc:0.476829, Semantic loss: 1.784479, BCE loss: 1.625741, SB loss: 1.153649
2025-01-14 15:04:39,851 Epoch: [10/20] Iter:[100/192], Time: 0.61, lr: [0.005107003403146087], Loss: 4.541203, Acc:0.478101, Semantic loss: 1.780073, BCE loss: 1.607721, SB loss: 1.153409
2025-01-14 15:04:45,146 Epoch: [10/20] Iter:[110/192], Time: 0.60, lr: [0.005081742038669388], Loss: 4.557836, Acc:0.476570, Semantic loss: 1.786834, BCE loss: 1.606905, SB loss: 1.164097
2025-01-14 15:04:50,433 Epoch: [10/20] Iter:[120/192], Time: 0.59, lr: [0.005056466713707024], Loss: 4.551881, Acc:0.475047, Semantic loss: 1.789363, BCE loss: 1.595084, SB loss: 1.167434
2025-01-14 15:04:55,717 Epoch: [10/20] Iter:[130/192], Time: 0.59, lr: [0.005031177342920337], Loss: 4.556405, Acc:0.471586, Semantic loss: 1.797985, BCE loss: 1.590826, SB loss: 1.167594
2025-01-14 15:05:00,986 Epoch: [10/20] Iter:[140/192], Time: 0.58, lr: [0.005005873839969192], Loss: 4.549965, Acc:0.469536, Semantic loss: 1.796817, BCE loss: 1.581523, SB loss: 1.171625
2025-01-14 15:05:06,296 Epoch: [10/20] Iter:[150/192], Time: 0.58, lr: [0.00498055611749454], Loss: 4.543694, Acc:0.470774, Semantic loss: 1.795298, BCE loss: 1.581474, SB loss: 1.166922
2025-01-14 15:05:11,554 Epoch: [10/20] Iter:[160/192], Time: 0.58, lr: [0.004955224087100552], Loss: 4.539855, Acc:0.472090, Semantic loss: 1.791165, BCE loss: 1.583426, SB loss: 1.165264
2025-01-14 15:05:16,825 Epoch: [10/20] Iter:[170/192], Time: 0.57, lr: [0.004929877659336362], Loss: 4.544305, Acc:0.472852, Semantic loss: 1.790756, BCE loss: 1.586589, SB loss: 1.166961
2025-01-14 15:05:22,105 Epoch: [10/20] Iter:[180/192], Time: 0.57, lr: [0.004904516743677371], Loss: 4.547013, Acc:0.471357, Semantic loss: 1.791610, BCE loss: 1.584114, SB loss: 1.171289
2025-01-14 15:05:27,288 Epoch: [10/20] Iter:[190/192], Time: 0.57, lr: [0.00487914124850611], Loss: 4.548249, Acc:0.471515, Semantic loss: 1.789041, BCE loss: 1.587563, SB loss: 1.171645
2025-01-14 15:07:45,799 0 [0.00000000e+00 5.71655252e-01 1.41446407e-01 2.02354941e-02
 1.04284512e-01 2.47956941e-05 2.85268724e-02] 0.12373904748053766
2025-01-14 15:07:45,801 1 [0.         0.43753583 0.10325126 0.04531033 0.05052986 0.00567299
 0.04470717] 0.09814391844296233
2025-01-14 15:07:45,805 => saving checkpoint to output\loveda\pidnet_small_lovedacheckpoint.pth.tar
2025-01-14 15:07:45,970 Loss: 4.577, MeanIU:  0.0981, Best_mIoU:  0.1213
2025-01-14 15:07:45,971 [0.         0.43753583 0.10325126 0.04531033 0.05052986 0.00567299
 0.04470717]
2025-01-14 15:07:54,619 Epoch: [11/20] Iter:[0/192], Time: 8.40, lr: [0.004874064391789954], Loss: 4.465502, Acc:0.553657, Semantic loss: 1.635450, BCE loss: 1.693357, SB loss: 1.136696
2025-01-14 15:07:59,860 Epoch: [11/20] Iter:[10/192], Time: 1.24, lr: [0.004848671278701159], Loss: 4.339069, Acc:0.508932, Semantic loss: 1.686467, BCE loss: 1.638625, SB loss: 1.013976
2025-01-14 15:08:05,129 Epoch: [11/20] Iter:[20/192], Time: 0.90, lr: [0.0048232633805975296], Loss: 4.450268, Acc:0.480488, Semantic loss: 1.740858, BCE loss: 1.643638, SB loss: 1.065772
2025-01-14 15:08:10,414 Epoch: [11/20] Iter:[30/192], Time: 0.78, lr: [0.00479784060223045], Loss: 4.543770, Acc:0.470305, Semantic loss: 1.778706, BCE loss: 1.596853, SB loss: 1.168211
2025-01-14 15:08:15,714 Epoch: [11/20] Iter:[40/192], Time: 0.72, lr: [0.004772402847172951], Loss: 4.491310, Acc:0.484187, Semantic loss: 1.745445, BCE loss: 1.576683, SB loss: 1.169181
2025-01-14 15:08:20,984 Epoch: [11/20] Iter:[50/192], Time: 0.68, lr: [0.004746950017798064], Loss: 4.511956, Acc:0.488246, Semantic loss: 1.727413, BCE loss: 1.590419, SB loss: 1.194124
2025-01-14 15:08:26,254 Epoch: [11/20] Iter:[60/192], Time: 0.66, lr: [0.004721482015256639], Loss: 4.526206, Acc:0.485341, Semantic loss: 1.740981, BCE loss: 1.589560, SB loss: 1.195665
2025-01-14 15:08:31,560 Epoch: [11/20] Iter:[70/192], Time: 0.64, lr: [0.004695998739454633], Loss: 4.535402, Acc:0.486447, Semantic loss: 1.750605, BCE loss: 1.599559, SB loss: 1.185238
2025-01-14 15:08:36,828 Epoch: [11/20] Iter:[80/192], Time: 0.62, lr: [0.004670500089029817], Loss: 4.535174, Acc:0.485446, Semantic loss: 1.747597, BCE loss: 1.601653, SB loss: 1.185924
2025-01-14 15:08:42,115 Epoch: [11/20] Iter:[90/192], Time: 0.61, lr: [0.004644985961327915], Loss: 4.504947, Acc:0.481689, Semantic loss: 1.756334, BCE loss: 1.580216, SB loss: 1.168398
2025-01-14 15:08:47,393 Epoch: [11/20] Iter:[100/192], Time: 0.61, lr: [0.004619456252378151], Loss: 4.512603, Acc:0.481795, Semantic loss: 1.761994, BCE loss: 1.580040, SB loss: 1.170570
2025-01-14 15:08:52,708 Epoch: [11/20] Iter:[110/192], Time: 0.60, lr: [0.004593910856868159], Loss: 4.512042, Acc:0.482634, Semantic loss: 1.763560, BCE loss: 1.577720, SB loss: 1.170762
2025-01-14 15:08:58,019 Epoch: [11/20] Iter:[120/192], Time: 0.59, lr: [0.004568349668118281], Loss: 4.506486, Acc:0.482382, Semantic loss: 1.762411, BCE loss: 1.577546, SB loss: 1.166528
2025-01-14 15:09:03,307 Epoch: [11/20] Iter:[130/192], Time: 0.59, lr: [0.004542772578055196], Loss: 4.504949, Acc:0.479628, Semantic loss: 1.766728, BCE loss: 1.578993, SB loss: 1.159228
2025-01-14 15:09:08,616 Epoch: [11/20] Iter:[140/192], Time: 0.58, lr: [0.00451717947718487], Loss: 4.503546, Acc:0.481416, Semantic loss: 1.759985, BCE loss: 1.585374, SB loss: 1.158187
2025-01-14 15:09:13,904 Epoch: [11/20] Iter:[150/192], Time: 0.58, lr: [0.004491570254564817], Loss: 4.504042, Acc:0.478865, Semantic loss: 1.764273, BCE loss: 1.582981, SB loss: 1.156788
2025-01-14 15:09:19,184 Epoch: [11/20] Iter:[160/192], Time: 0.58, lr: [0.004465944797775636], Loss: 4.511979, Acc:0.477574, Semantic loss: 1.764779, BCE loss: 1.584463, SB loss: 1.162736
2025-01-14 15:09:24,430 Epoch: [11/20] Iter:[170/192], Time: 0.57, lr: [0.004440302992891796], Loss: 4.513216, Acc:0.477415, Semantic loss: 1.765227, BCE loss: 1.587782, SB loss: 1.160207
2025-01-14 15:09:29,700 Epoch: [11/20] Iter:[180/192], Time: 0.57, lr: [0.004414644724451659], Loss: 4.524238, Acc:0.475622, Semantic loss: 1.770163, BCE loss: 1.589297, SB loss: 1.164779
2025-01-14 15:09:34,921 Epoch: [11/20] Iter:[190/192], Time: 0.57, lr: [0.004388969875426714], Loss: 4.519593, Acc:0.474545, Semantic loss: 1.771071, BCE loss: 1.585490, SB loss: 1.163032
2025-01-14 15:11:55,055 0 [0.         0.58375545 0.1299857  0.00580215 0.05296128 0.01319177
 0.01410442] 0.11425725389210348
2025-01-14 15:11:55,055 1 [0.         0.54635429 0.1012907  0.0084627  0.00236802 0.00183098
 0.02407885] 0.09776936371499749
2025-01-14 15:11:55,062 => saving checkpoint to output\loveda\pidnet_small_lovedacheckpoint.pth.tar
2025-01-14 15:11:55,213 Loss: 4.115, MeanIU:  0.0978, Best_mIoU:  0.1213
2025-01-14 15:11:55,214 [0.         0.54635429 0.1012907  0.0084627  0.00236802 0.00183098
 0.02407885]
2025-01-14 15:12:04,507 Epoch: [12/20] Iter:[0/192], Time: 9.04, lr: [0.0043838329055408696], Loss: 3.887559, Acc:0.628401, Semantic loss: 1.417140, BCE loss: 1.688303, SB loss: 0.782115
2025-01-14 15:12:09,759 Epoch: [12/20] Iter:[10/192], Time: 1.30, lr: [0.004358138003083593], Loss: 4.580247, Acc:0.478706, Semantic loss: 1.758244, BCE loss: 1.738872, SB loss: 1.083131
2025-01-14 15:12:15,035 Epoch: [12/20] Iter:[20/192], Time: 0.93, lr: [0.0043324262569064236], Loss: 4.618356, Acc:0.456960, Semantic loss: 1.812769, BCE loss: 1.673101, SB loss: 1.132486
2025-01-14 15:12:20,341 Epoch: [12/20] Iter:[30/192], Time: 0.80, lr: [0.0043066975447503065], Loss: 4.593074, Acc:0.458050, Semantic loss: 1.818192, BCE loss: 1.627406, SB loss: 1.147476
2025-01-14 15:12:25,652 Epoch: [12/20] Iter:[40/192], Time: 0.74, lr: [0.00428095174265078], Loss: 4.539640, Acc:0.461911, Semantic loss: 1.808295, BCE loss: 1.630958, SB loss: 1.100387
2025-01-14 15:12:30,941 Epoch: [12/20] Iter:[50/192], Time: 0.70, lr: [0.004255188724902623], Loss: 4.551484, Acc:0.462642, Semantic loss: 1.805396, BCE loss: 1.637516, SB loss: 1.108572
2025-01-14 15:12:36,219 Epoch: [12/20] Iter:[60/192], Time: 0.67, lr: [0.004229408364023519], Loss: 4.562920, Acc:0.469971, Semantic loss: 1.796552, BCE loss: 1.648622, SB loss: 1.117746
2025-01-14 15:12:41,515 Epoch: [12/20] Iter:[70/192], Time: 0.65, lr: [0.004203610530716726], Loss: 4.551978, Acc:0.474280, Semantic loss: 1.786630, BCE loss: 1.630229, SB loss: 1.135119
2025-01-14 15:12:46,875 Epoch: [12/20] Iter:[80/192], Time: 0.63, lr: [0.004177795093832693], Loss: 4.524247, Acc:0.475814, Semantic loss: 1.779462, BCE loss: 1.627669, SB loss: 1.117116
2025-01-14 15:12:52,116 Epoch: [12/20] Iter:[90/192], Time: 0.62, lr: [0.004151961920329593], Loss: 4.515481, Acc:0.473899, Semantic loss: 1.784781, BCE loss: 1.611742, SB loss: 1.118958
2025-01-14 15:12:57,386 Epoch: [12/20] Iter:[100/192], Time: 0.61, lr: [0.004126110875232744], Loss: 4.535318, Acc:0.474116, Semantic loss: 1.789231, BCE loss: 1.617217, SB loss: 1.128870
2025-01-14 15:13:02,654 Epoch: [12/20] Iter:[110/192], Time: 0.61, lr: [0.004100241821592866], Loss: 4.529341, Acc:0.473251, Semantic loss: 1.783702, BCE loss: 1.608570, SB loss: 1.137068
2025-01-14 15:13:07,908 Epoch: [12/20] Iter:[120/192], Time: 0.60, lr: [0.00407435462044314], Loss: 4.514223, Acc:0.474302, Semantic loss: 1.775170, BCE loss: 1.608427, SB loss: 1.130626
2025-01-14 15:13:13,151 Epoch: [12/20] Iter:[130/192], Time: 0.59, lr: [0.004048449130755016], Loss: 4.515411, Acc:0.473127, Semantic loss: 1.772499, BCE loss: 1.609971, SB loss: 1.132941
2025-01-14 15:13:18,426 Epoch: [12/20] Iter:[140/192], Time: 0.59, lr: [0.004022525209392749], Loss: 4.515769, Acc:0.474789, Semantic loss: 1.767919, BCE loss: 1.613394, SB loss: 1.134455
2025-01-14 15:13:23,683 Epoch: [12/20] Iter:[150/192], Time: 0.58, lr: [0.003996582711066572], Loss: 4.498160, Acc:0.476743, Semantic loss: 1.760417, BCE loss: 1.612915, SB loss: 1.124828
2025-01-14 15:13:29,002 Epoch: [12/20] Iter:[160/192], Time: 0.58, lr: [0.003970621488284514], Loss: 4.493964, Acc:0.477534, Semantic loss: 1.759367, BCE loss: 1.606787, SB loss: 1.127809
2025-01-14 15:13:34,343 Epoch: [12/20] Iter:[170/192], Time: 0.58, lr: [0.003944641391302759], Loss: 4.488033, Acc:0.476486, Semantic loss: 1.758364, BCE loss: 1.599694, SB loss: 1.129974
2025-01-14 15:13:39,621 Epoch: [12/20] Iter:[180/192], Time: 0.58, lr: [0.003918642268074522], Loss: 4.477743, Acc:0.477150, Semantic loss: 1.757271, BCE loss: 1.587631, SB loss: 1.132842
2025-01-14 15:13:44,916 Epoch: [12/20] Iter:[190/192], Time: 0.57, lr: [0.003892623964197378], Loss: 4.476666, Acc:0.475797, Semantic loss: 1.756501, BCE loss: 1.587455, SB loss: 1.132709
2025-01-14 15:16:10,994 0 [0.         0.59883304 0.20819244 0.02615001 0.05510133 0.0186225
 0.01601577] 0.13184501231189694
2025-01-14 15:16:10,996 1 [0.         0.53572778 0.23789998 0.03663746 0.09853601 0.00124846
 0.01568253] 0.13224745980163907
2025-01-14 15:16:11,002 => saving checkpoint to output\loveda\pidnet_small_lovedacheckpoint.pth.tar
2025-01-14 15:16:11,235 Loss: 3.956, MeanIU:  0.1322, Best_mIoU:  0.1322
2025-01-14 15:16:11,235 [0.         0.53572778 0.23789998 0.03663746 0.09853601 0.00124846
 0.01568253]
2025-01-14 15:16:21,009 Epoch: [13/20] Iter:[0/192], Time: 9.53, lr: [0.0038874179879876346], Loss: 4.639286, Acc:0.545290, Semantic loss: 1.635730, BCE loss: 1.901886, SB loss: 1.101671
2025-01-14 15:16:26,259 Epoch: [13/20] Iter:[10/192], Time: 1.34, lr: [0.003861376460123532], Loss: 4.631384, Acc:0.486686, Semantic loss: 1.715199, BCE loss: 1.709647, SB loss: 1.206538
2025-01-14 15:16:31,543 Epoch: [13/20] Iter:[20/192], Time: 0.96, lr: [0.003835315403363414], Loss: 4.555437, Acc:0.468506, Semantic loss: 1.776619, BCE loss: 1.627877, SB loss: 1.150941
2025-01-14 15:16:36,838 Epoch: [13/20] Iter:[30/192], Time: 0.82, lr: [0.00380923465539378], Loss: 4.491745, Acc:0.477592, Semantic loss: 1.750902, BCE loss: 1.603468, SB loss: 1.137374
2025-01-14 15:16:42,128 Epoch: [13/20] Iter:[40/192], Time: 0.75, lr: [0.0037831340513060203], Loss: 4.526397, Acc:0.473762, Semantic loss: 1.756904, BCE loss: 1.618552, SB loss: 1.150940
2025-01-14 15:16:47,425 Epoch: [13/20] Iter:[50/192], Time: 0.70, lr: [0.003757013423534689], Loss: 4.503489, Acc:0.480490, Semantic loss: 1.749089, BCE loss: 1.623530, SB loss: 1.130870
2025-01-14 15:16:52,682 Epoch: [13/20] Iter:[60/192], Time: 0.68, lr: [0.003730872601793835], Loss: 4.497613, Acc:0.478834, Semantic loss: 1.742102, BCE loss: 1.625000, SB loss: 1.130511
2025-01-14 15:16:57,944 Epoch: [13/20] Iter:[70/192], Time: 0.65, lr: [0.0037047114130112895], Loss: 4.484753, Acc:0.479723, Semantic loss: 1.741195, BCE loss: 1.612039, SB loss: 1.131519
2025-01-14 15:17:03,238 Epoch: [13/20] Iter:[80/192], Time: 0.64, lr: [0.0036785296812608405], Loss: 4.486851, Acc:0.475665, Semantic loss: 1.769623, BCE loss: 1.586254, SB loss: 1.130974
2025-01-14 15:17:08,521 Epoch: [13/20] Iter:[90/192], Time: 0.63, lr: [0.003652327227692201], Loss: 4.493818, Acc:0.477695, Semantic loss: 1.767519, BCE loss: 1.597589, SB loss: 1.128710
2025-01-14 15:17:13,795 Epoch: [13/20] Iter:[100/192], Time: 0.62, lr: [0.0036261038704587037], Loss: 4.504615, Acc:0.477850, Semantic loss: 1.765376, BCE loss: 1.609036, SB loss: 1.130203
2025-01-14 15:17:19,104 Epoch: [13/20] Iter:[110/192], Time: 0.61, lr: [0.003599859424642584], Loss: 4.509190, Acc:0.474773, Semantic loss: 1.768772, BCE loss: 1.613471, SB loss: 1.126947
2025-01-14 15:17:24,382 Epoch: [13/20] Iter:[120/192], Time: 0.60, lr: [0.0035735937021778063], Loss: 4.494387, Acc:0.476346, Semantic loss: 1.766176, BCE loss: 1.608523, SB loss: 1.119689
2025-01-14 15:17:29,650 Epoch: [13/20] Iter:[130/192], Time: 0.60, lr: [0.0035473065117702885], Loss: 4.485803, Acc:0.477628, Semantic loss: 1.762261, BCE loss: 1.603215, SB loss: 1.120327
2025-01-14 15:17:34,934 Epoch: [13/20] Iter:[140/192], Time: 0.59, lr: [0.003520997658815433], Loss: 4.472379, Acc:0.478465, Semantic loss: 1.759825, BCE loss: 1.596069, SB loss: 1.116485
2025-01-14 15:17:40,200 Epoch: [13/20] Iter:[150/192], Time: 0.59, lr: [0.003494666945312851], Loss: 4.466877, Acc:0.476626, Semantic loss: 1.762520, BCE loss: 1.589744, SB loss: 1.114613
2025-01-14 15:17:45,496 Epoch: [13/20] Iter:[160/192], Time: 0.58, lr: [0.00346831416977816], Loss: 4.454505, Acc:0.476810, Semantic loss: 1.761904, BCE loss: 1.581609, SB loss: 1.110993
2025-01-14 15:17:50,767 Epoch: [13/20] Iter:[170/192], Time: 0.58, lr: [0.003441939127151716], Loss: 4.440788, Acc:0.480617, Semantic loss: 1.754190, BCE loss: 1.582181, SB loss: 1.104417
2025-01-14 15:17:56,049 Epoch: [13/20] Iter:[180/192], Time: 0.58, lr: [0.0034155416087041646], Loss: 4.434863, Acc:0.482083, Semantic loss: 1.749016, BCE loss: 1.580481, SB loss: 1.105366
2025-01-14 15:18:01,267 Epoch: [13/20] Iter:[190/192], Time: 0.57, lr: [0.0033891214019386652], Loss: 4.442261, Acc:0.480835, Semantic loss: 1.749408, BCE loss: 1.581316, SB loss: 1.111537
2025-01-14 15:20:20,486 0 [0.00000000e+00 6.06191506e-01 1.80347089e-01 5.77767116e-03
 6.86896977e-02 5.92738484e-04 5.00915275e-03] 0.12380112224772936
2025-01-14 15:20:20,487 1 [0.         0.53575153 0.2001186  0.0179804  0.0541457  0.00686227
 0.03686776] 0.12167518019392261
2025-01-14 15:20:20,490 => saving checkpoint to output\loveda\pidnet_small_lovedacheckpoint.pth.tar
2025-01-14 15:20:20,642 Loss: 4.029, MeanIU:  0.1217, Best_mIoU:  0.1322
2025-01-14 15:20:20,642 [0.         0.53575153 0.2001186  0.0179804  0.0541457  0.00686227
 0.03686776]
2025-01-14 15:20:30,734 Epoch: [14/20] Iter:[0/192], Time: 9.84, lr: [0.0033838346190164987], Loss: 4.358184, Acc:0.582969, Semantic loss: 1.622703, BCE loss: 1.795766, SB loss: 0.939716
2025-01-14 15:20:36,028 Epoch: [14/20] Iter:[10/192], Time: 1.38, lr: [0.0033573869003190927], Loss: 4.454494, Acc:0.504046, Semantic loss: 1.712248, BCE loss: 1.685642, SB loss: 1.056605
2025-01-14 15:20:41,332 Epoch: [14/20] Iter:[20/192], Time: 0.97, lr: [0.0033309160120447595], Loss: 4.465411, Acc:0.491408, Semantic loss: 1.726558, BCE loss: 1.630593, SB loss: 1.108260
2025-01-14 15:20:46,594 Epoch: [14/20] Iter:[30/192], Time: 0.83, lr: [0.0033044217289421207], Loss: 4.382705, Acc:0.487264, Semantic loss: 1.718862, BCE loss: 1.580253, SB loss: 1.083590
2025-01-14 15:20:51,885 Epoch: [14/20] Iter:[40/192], Time: 0.76, lr: [0.0032779038215418194], Loss: 4.422026, Acc:0.491249, Semantic loss: 1.725461, BCE loss: 1.591581, SB loss: 1.104984
2025-01-14 15:20:57,158 Epoch: [14/20] Iter:[50/192], Time: 0.71, lr: [0.0032513620560388795], Loss: 4.403540, Acc:0.486814, Semantic loss: 1.717419, BCE loss: 1.610379, SB loss: 1.075743
2025-01-14 15:21:02,441 Epoch: [14/20] Iter:[60/192], Time: 0.68, lr: [0.003224796194170671], Loss: 4.401284, Acc:0.487387, Semantic loss: 1.717487, BCE loss: 1.611120, SB loss: 1.072677
2025-01-14 15:21:07,719 Epoch: [14/20] Iter:[70/192], Time: 0.66, lr: [0.003198205993090303], Loss: 4.386370, Acc:0.483760, Semantic loss: 1.721298, BCE loss: 1.589933, SB loss: 1.075139
2025-01-14 15:21:12,991 Epoch: [14/20] Iter:[80/192], Time: 0.64, lr: [0.0031715912052352204], Loss: 4.379317, Acc:0.487920, Semantic loss: 1.717845, BCE loss: 1.596473, SB loss: 1.065000
2025-01-14 15:21:18,348 Epoch: [14/20] Iter:[90/192], Time: 0.63, lr: [0.0031449515781907557], Loss: 4.364720, Acc:0.487787, Semantic loss: 1.715525, BCE loss: 1.589861, SB loss: 1.059335
2025-01-14 15:21:23,643 Epoch: [14/20] Iter:[100/192], Time: 0.62, lr: [0.003118286854548424], Loss: 4.378939, Acc:0.486696, Semantic loss: 1.723410, BCE loss: 1.589661, SB loss: 1.065868
2025-01-14 15:21:28,945 Epoch: [14/20] Iter:[110/192], Time: 0.61, lr: [0.003091596771758693], Loss: 4.390791, Acc:0.487738, Semantic loss: 1.719898, BCE loss: 1.598452, SB loss: 1.072440
2025-01-14 15:21:34,215 Epoch: [14/20] Iter:[120/192], Time: 0.61, lr: [0.0030648810619779434], Loss: 4.401474, Acc:0.488397, Semantic loss: 1.721021, BCE loss: 1.606497, SB loss: 1.073955
2025-01-14 15:21:39,509 Epoch: [14/20] Iter:[130/192], Time: 0.60, lr: [0.0030381394519093602], Loss: 4.382848, Acc:0.486449, Semantic loss: 1.718836, BCE loss: 1.596313, SB loss: 1.067700
2025-01-14 15:21:44,870 Epoch: [14/20] Iter:[140/192], Time: 0.60, lr: [0.0030113716626374316], Loss: 4.388915, Acc:0.486861, Semantic loss: 1.723320, BCE loss: 1.588481, SB loss: 1.077114
2025-01-14 15:21:50,181 Epoch: [14/20] Iter:[150/192], Time: 0.59, lr: [0.0029845774094557345], Loss: 4.392862, Acc:0.486700, Semantic loss: 1.722347, BCE loss: 1.591171, SB loss: 1.079343
2025-01-14 15:21:55,556 Epoch: [14/20] Iter:[160/192], Time: 0.59, lr: [0.002957756401687678], Loss: 4.382089, Acc:0.488091, Semantic loss: 1.718457, BCE loss: 1.584421, SB loss: 1.079211
2025-01-14 15:22:01,015 Epoch: [14/20] Iter:[170/192], Time: 0.59, lr: [0.002930908342499829], Loss: 4.393143, Acc:0.488325, Semantic loss: 1.721419, BCE loss: 1.589124, SB loss: 1.082600
2025-01-14 15:22:06,278 Epoch: [14/20] Iter:[180/192], Time: 0.58, lr: [0.002904032928707437], Loss: 4.406009, Acc:0.485774, Semantic loss: 1.728903, BCE loss: 1.587253, SB loss: 1.089853
2025-01-14 15:22:11,531 Epoch: [14/20] Iter:[190/192], Time: 0.58, lr: [0.0028771298505717554], Loss: 4.419647, Acc:0.484189, Semantic loss: 1.736145, BCE loss: 1.582690, SB loss: 1.100812
2025-01-14 15:24:31,977 0 [0.00000000e+00 5.69643223e-01 1.35556100e-01 5.32526662e-03
 1.26851035e-01 1.57175819e-04 1.20983376e-02] 0.12137587685261782
2025-01-14 15:24:31,978 1 [0.         0.5333891  0.14411429 0.04630155 0.06438604 0.0016026
 0.02224923] 0.11600611433646738
2025-01-14 15:24:31,987 => saving checkpoint to output\loveda\pidnet_small_lovedacheckpoint.pth.tar
2025-01-14 15:24:32,137 Loss: 4.071, MeanIU:  0.1160, Best_mIoU:  0.1322
2025-01-14 15:24:32,137 [0.         0.5333891  0.14411429 0.04630155 0.06438604 0.0016026
 0.02224923]
2025-01-14 15:24:40,653 Epoch: [15/20] Iter:[0/192], Time: 8.27, lr: [0.0028717458874925874], Loss: 4.399108, Acc:0.440967, Semantic loss: 1.685920, BCE loss: 1.668076, SB loss: 1.045111
2025-01-14 15:24:45,901 Epoch: [15/20] Iter:[10/192], Time: 1.23, lr: [0.0028448091937488323], Loss: 4.388761, Acc:0.471950, Semantic loss: 1.792180, BCE loss: 1.490039, SB loss: 1.106542
2025-01-14 15:24:51,178 Epoch: [15/20] Iter:[20/192], Time: 0.90, lr: [0.002817844130111582], Loss: 4.484095, Acc:0.471126, Semantic loss: 1.813999, BCE loss: 1.550425, SB loss: 1.119671
2025-01-14 15:24:56,489 Epoch: [15/20] Iter:[30/192], Time: 0.78, lr: [0.0027908503644035994], Loss: 4.486197, Acc:0.479502, Semantic loss: 1.794290, BCE loss: 1.592520, SB loss: 1.099387
2025-01-14 15:25:01,775 Epoch: [15/20] Iter:[40/192], Time: 0.72, lr: [0.0027638275569424097], Loss: 4.500652, Acc:0.475087, Semantic loss: 1.797909, BCE loss: 1.583687, SB loss: 1.119056
2025-01-14 15:25:07,062 Epoch: [15/20] Iter:[50/192], Time: 0.68, lr: [0.002736775360287257], Loss: 4.427207, Acc:0.480524, Semantic loss: 1.763550, BCE loss: 1.544998, SB loss: 1.118658
2025-01-14 15:25:12,344 Epoch: [15/20] Iter:[60/192], Time: 0.66, lr: [0.002709693418974644], Loss: 4.428870, Acc:0.485042, Semantic loss: 1.754171, BCE loss: 1.545144, SB loss: 1.129555
2025-01-14 15:25:17,600 Epoch: [15/20] Iter:[70/192], Time: 0.64, lr: [0.0026825813692418162], Loss: 4.395261, Acc:0.488033, Semantic loss: 1.738821, BCE loss: 1.536465, SB loss: 1.119975
2025-01-14 15:25:22,877 Epoch: [15/20] Iter:[80/192], Time: 0.62, lr: [0.0026554388387375], Loss: 4.393603, Acc:0.489096, Semantic loss: 1.734184, BCE loss: 1.539389, SB loss: 1.120030
2025-01-14 15:25:28,148 Epoch: [15/20] Iter:[90/192], Time: 0.61, lr: [0.002628265446219161], Loss: 4.376212, Acc:0.495279, Semantic loss: 1.720591, BCE loss: 1.538653, SB loss: 1.116968
2025-01-14 15:25:33,433 Epoch: [15/20] Iter:[100/192], Time: 0.60, lr: [0.002601060801235972], Loss: 4.380047, Acc:0.495158, Semantic loss: 1.724765, BCE loss: 1.542682, SB loss: 1.112600
2025-01-14 15:25:38,689 Epoch: [15/20] Iter:[110/192], Time: 0.60, lr: [0.002573824503796671], Loss: 4.390532, Acc:0.493944, Semantic loss: 1.721520, BCE loss: 1.555918, SB loss: 1.113094
2025-01-14 15:25:43,969 Epoch: [15/20] Iter:[120/192], Time: 0.59, lr: [0.00254655614402138], Loss: 4.407246, Acc:0.492084, Semantic loss: 1.722676, BCE loss: 1.565073, SB loss: 1.119496
2025-01-14 15:25:49,249 Epoch: [15/20] Iter:[130/192], Time: 0.59, lr: [0.0025192553017764118], Loss: 4.425245, Acc:0.490809, Semantic loss: 1.730107, BCE loss: 1.566628, SB loss: 1.128509
2025-01-14 15:25:54,511 Epoch: [15/20] Iter:[140/192], Time: 0.58, lr: [0.002491921546291034], Loss: 4.423842, Acc:0.490710, Semantic loss: 1.724570, BCE loss: 1.573699, SB loss: 1.125574
2025-01-14 15:25:59,825 Epoch: [15/20] Iter:[150/192], Time: 0.58, lr: [0.0024645544357550573], Loss: 4.434258, Acc:0.490149, Semantic loss: 1.728437, BCE loss: 1.574922, SB loss: 1.130900
2025-01-14 15:26:05,127 Epoch: [15/20] Iter:[160/192], Time: 0.58, lr: [0.002437153516896028], Loss: 4.439009, Acc:0.488904, Semantic loss: 1.732006, BCE loss: 1.571017, SB loss: 1.135986
2025-01-14 15:26:10,417 Epoch: [15/20] Iter:[170/192], Time: 0.57, lr: [0.0024097183245347467], Loss: 4.442510, Acc:0.490215, Semantic loss: 1.731838, BCE loss: 1.580167, SB loss: 1.130505
2025-01-14 15:26:15,856 Epoch: [15/20] Iter:[180/192], Time: 0.57, lr: [0.0023822483811177], Loss: 4.437142, Acc:0.491858, Semantic loss: 1.728250, BCE loss: 1.583242, SB loss: 1.125651
2025-01-14 15:26:21,159 Epoch: [15/20] Iter:[190/192], Time: 0.57, lr: [0.002354743196224891], Loss: 4.434726, Acc:0.490197, Semantic loss: 1.729821, BCE loss: 1.582612, SB loss: 1.122293
2025-01-14 15:28:45,777 0 [0.         0.58988105 0.16390836 0.00584367 0.09718019 0.0018389
 0.0224802 ] 0.12587605174733676
2025-01-14 15:28:45,778 1 [0.         0.56083339 0.17124811 0.01599734 0.07338043 0.00175456
 0.01640617] 0.11994571506025561
2025-01-14 15:28:45,785 => saving checkpoint to output\loveda\pidnet_small_lovedacheckpoint.pth.tar
2025-01-14 15:28:45,946 Loss: 4.164, MeanIU:  0.1199, Best_mIoU:  0.1322
2025-01-14 15:28:45,946 [0.         0.56083339 0.17124811 0.01599734 0.07338043 0.00175456
 0.01640617]
2025-01-14 15:28:55,370 Epoch: [16/20] Iter:[0/192], Time: 9.17, lr: [0.0023492378861760376], Loss: 4.390888, Acc:0.525156, Semantic loss: 1.760184, BCE loss: 1.755272, SB loss: 0.875432
2025-01-14 15:29:00,631 Epoch: [16/20] Iter:[10/192], Time: 1.31, lr: [0.0023216897452738748], Loss: 4.248868, Acc:0.537588, Semantic loss: 1.637522, BCE loss: 1.571263, SB loss: 1.040083
2025-01-14 15:29:05,966 Epoch: [16/20] Iter:[20/192], Time: 0.94, lr: [0.0022941052360858027], Loss: 4.151524, Acc:0.525471, Semantic loss: 1.650516, BCE loss: 1.508713, SB loss: 0.992295
2025-01-14 15:29:11,273 Epoch: [16/20] Iter:[30/192], Time: 0.81, lr: [0.0022664838233947228], Loss: 4.292480, Acc:0.511021, Semantic loss: 1.708230, BCE loss: 1.544691, SB loss: 1.039559
2025-01-14 15:29:16,558 Epoch: [16/20] Iter:[40/192], Time: 0.74, lr: [0.0022388249567421017], Loss: 4.325579, Acc:0.508423, Semantic loss: 1.707088, BCE loss: 1.581321, SB loss: 1.037170
2025-01-14 15:29:21,846 Epoch: [16/20] Iter:[50/192], Time: 0.70, lr: [0.002211128069778427], Loss: 4.323773, Acc:0.508342, Semantic loss: 1.701294, BCE loss: 1.570998, SB loss: 1.051480
2025-01-14 15:29:27,112 Epoch: [16/20] Iter:[60/192], Time: 0.67, lr: [0.0021833925795765436], Loss: 4.339421, Acc:0.502501, Semantic loss: 1.700045, BCE loss: 1.592836, SB loss: 1.046539
2025-01-14 15:29:32,414 Epoch: [16/20] Iter:[70/192], Time: 0.65, lr: [0.0021556178859051967], Loss: 4.345524, Acc:0.501234, Semantic loss: 1.699925, BCE loss: 1.595365, SB loss: 1.050234
2025-01-14 15:29:37,681 Epoch: [16/20] Iter:[80/192], Time: 0.64, lr: [0.002127803370459852], Loss: 4.347789, Acc:0.501898, Semantic loss: 1.695119, BCE loss: 1.603574, SB loss: 1.049096
2025-01-14 15:29:42,996 Epoch: [16/20] Iter:[90/192], Time: 0.62, lr: [0.0020999483960476508], Loss: 4.343001, Acc:0.498270, Semantic loss: 1.698525, BCE loss: 1.586572, SB loss: 1.057904
2025-01-14 15:29:48,310 Epoch: [16/20] Iter:[100/192], Time: 0.61, lr: [0.0020720523057230294], Loss: 4.358232, Acc:0.499140, Semantic loss: 1.702612, BCE loss: 1.602204, SB loss: 1.053417
2025-01-14 15:29:53,612 Epoch: [16/20] Iter:[110/192], Time: 0.61, lr: [0.002044114421870228], Loss: 4.350656, Acc:0.499397, Semantic loss: 1.695172, BCE loss: 1.603823, SB loss: 1.051661
2025-01-14 15:29:58,916 Epoch: [16/20] Iter:[120/192], Time: 0.60, lr: [0.0020161340452285867], Loss: 4.352199, Acc:0.499918, Semantic loss: 1.696244, BCE loss: 1.601310, SB loss: 1.054645
2025-01-14 15:30:04,153 Epoch: [16/20] Iter:[130/192], Time: 0.60, lr: [0.001988110453856112], Loss: 4.358766, Acc:0.495256, Semantic loss: 1.702349, BCE loss: 1.590966, SB loss: 1.065451
2025-01-14 15:30:09,407 Epoch: [16/20] Iter:[140/192], Time: 0.59, lr: [0.0019600429020263607], Loss: 4.374176, Acc:0.493281, Semantic loss: 1.710365, BCE loss: 1.595325, SB loss: 1.068486
2025-01-14 15:30:14,705 Epoch: [16/20] Iter:[150/192], Time: 0.59, lr: [0.0019319306190532476], Loss: 4.376584, Acc:0.494071, Semantic loss: 1.709483, BCE loss: 1.598759, SB loss: 1.068342
2025-01-14 15:30:19,970 Epoch: [16/20] Iter:[160/192], Time: 0.58, lr: [0.0019037728080378042], Loss: 4.370998, Acc:0.491404, Semantic loss: 1.712762, BCE loss: 1.591508, SB loss: 1.066727
2025-01-14 15:30:25,282 Epoch: [16/20] Iter:[170/192], Time: 0.58, lr: [0.0018755686445303314], Loss: 4.357631, Acc:0.491471, Semantic loss: 1.709825, BCE loss: 1.580646, SB loss: 1.067161
2025-01-14 15:30:30,595 Epoch: [16/20] Iter:[180/192], Time: 0.58, lr: [0.001847317275100738], Loss: 4.370427, Acc:0.489427, Semantic loss: 1.715123, BCE loss: 1.583590, SB loss: 1.071713
2025-01-14 15:30:35,866 Epoch: [16/20] Iter:[190/192], Time: 0.57, lr: [0.0018190178158090872], Loss: 4.374055, Acc:0.488896, Semantic loss: 1.720640, BCE loss: 1.582765, SB loss: 1.070650
2025-01-14 15:33:02,506 0 [0.         0.57439349 0.16834053 0.00915466 0.11973904 0.00454207
 0.01226029] 0.1269185833093798
2025-01-14 15:33:02,507 1 [0.         0.4712789  0.19390943 0.0344452  0.16124966 0.02656458
 0.03420011] 0.13166398283162684
2025-01-14 15:33:02,514 => saving checkpoint to output\loveda\pidnet_small_lovedacheckpoint.pth.tar
2025-01-14 15:33:02,669 Loss: 4.207, MeanIU:  0.1317, Best_mIoU:  0.1322
2025-01-14 15:33:02,670 [0.         0.4712789  0.19390943 0.0344452  0.16124966 0.02656458
 0.03420011]
2025-01-14 15:33:12,278 Epoch: [17/20] Iter:[0/192], Time: 9.36, lr: [0.0018133520731367456], Loss: 4.458270, Acc:0.430019, Semantic loss: 1.668995, BCE loss: 1.832509, SB loss: 0.956765
2025-01-14 15:33:17,532 Epoch: [17/20] Iter:[10/192], Time: 1.33, lr: [0.001784993693823396], Loss: 4.390059, Acc:0.482086, Semantic loss: 1.673041, BCE loss: 1.653826, SB loss: 1.063191
2025-01-14 15:33:22,798 Epoch: [17/20] Iter:[20/192], Time: 0.95, lr: [0.0017565851643374117], Loss: 4.399954, Acc:0.487033, Semantic loss: 1.707741, BCE loss: 1.641789, SB loss: 1.050425
2025-01-14 15:33:28,107 Epoch: [17/20] Iter:[30/192], Time: 0.81, lr: [0.0017281254915000803], Loss: 4.443975, Acc:0.482947, Semantic loss: 1.728135, BCE loss: 1.622318, SB loss: 1.093521
2025-01-14 15:33:33,373 Epoch: [17/20] Iter:[40/192], Time: 0.74, lr: [0.0016996136438923032], Loss: 4.412397, Acc:0.480265, Semantic loss: 1.724434, BCE loss: 1.597814, SB loss: 1.090149
2025-01-14 15:33:38,636 Epoch: [17/20] Iter:[50/192], Time: 0.70, lr: [0.0016710485496403851], Loss: 4.402407, Acc:0.475528, Semantic loss: 1.742131, BCE loss: 1.591524, SB loss: 1.068752
2025-01-14 15:33:43,935 Epoch: [17/20] Iter:[60/192], Time: 0.67, lr: [0.0016424290940290059], Loss: 4.372606, Acc:0.480814, Semantic loss: 1.728964, BCE loss: 1.585143, SB loss: 1.058499
2025-01-14 15:33:49,223 Epoch: [17/20] Iter:[70/192], Time: 0.65, lr: [0.0016137541169242964], Loss: 4.341880, Acc:0.483771, Semantic loss: 1.726208, BCE loss: 1.555682, SB loss: 1.059990
2025-01-14 15:33:54,534 Epoch: [17/20] Iter:[80/192], Time: 0.64, lr: [0.0015850224099878446], Loss: 4.360421, Acc:0.485135, Semantic loss: 1.724935, BCE loss: 1.570907, SB loss: 1.064579
2025-01-14 15:33:59,796 Epoch: [17/20] Iter:[90/192], Time: 0.63, lr: [0.001556232713660091], Loss: 4.353695, Acc:0.486277, Semantic loss: 1.720730, BCE loss: 1.572610, SB loss: 1.060355
2025-01-14 15:34:05,068 Epoch: [17/20] Iter:[100/192], Time: 0.62, lr: [0.0015273837138888994], Loss: 4.349140, Acc:0.490168, Semantic loss: 1.714288, BCE loss: 1.577131, SB loss: 1.057721
2025-01-14 15:34:10,380 Epoch: [17/20] Iter:[110/192], Time: 0.61, lr: [0.0014984740385759552], Loss: 4.356952, Acc:0.490540, Semantic loss: 1.711864, BCE loss: 1.585473, SB loss: 1.059614
2025-01-14 15:34:15,771 Epoch: [17/20] Iter:[120/192], Time: 0.60, lr: [0.0014695022537100475], Loss: 4.355857, Acc:0.490829, Semantic loss: 1.707487, BCE loss: 1.584538, SB loss: 1.063832
2025-01-14 15:34:21,084 Epoch: [17/20] Iter:[130/192], Time: 0.60, lr: [0.0014404668591521846], Loss: 4.363587, Acc:0.487098, Semantic loss: 1.714272, BCE loss: 1.579462, SB loss: 1.069853
2025-01-14 15:34:26,424 Epoch: [17/20] Iter:[140/192], Time: 0.59, lr: [0.0014113662840326588], Loss: 4.366906, Acc:0.489193, Semantic loss: 1.716869, BCE loss: 1.579135, SB loss: 1.070902
2025-01-14 15:34:31,749 Epoch: [17/20] Iter:[150/192], Time: 0.59, lr: [0.0013821988817145786], Loss: 4.373244, Acc:0.488920, Semantic loss: 1.719686, BCE loss: 1.581011, SB loss: 1.072547
2025-01-14 15:34:37,053 Epoch: [17/20] Iter:[160/192], Time: 0.58, lr: [0.0013529629242719093], Loss: 4.364036, Acc:0.492302, Semantic loss: 1.715365, BCE loss: 1.580606, SB loss: 1.068064
2025-01-14 15:34:42,355 Epoch: [17/20] Iter:[170/192], Time: 0.58, lr: [0.0013236565964223801], Loss: 4.363568, Acc:0.492343, Semantic loss: 1.714570, BCE loss: 1.583831, SB loss: 1.065168
2025-01-14 15:34:47,673 Epoch: [17/20] Iter:[180/192], Time: 0.58, lr: [0.0012942779888466518], Loss: 4.368543, Acc:0.492339, Semantic loss: 1.714953, BCE loss: 1.583770, SB loss: 1.069820
2025-01-14 15:34:52,888 Epoch: [17/20] Iter:[190/192], Time: 0.58, lr: [0.0012648250908145803], Loss: 4.366113, Acc:0.491294, Semantic loss: 1.714582, BCE loss: 1.581050, SB loss: 1.070481
2025-01-14 15:37:23,482 0 [0.         0.57301116 0.18336074 0.02378395 0.13521171 0.00510334
 0.01088909] 0.13305142651431762
2025-01-14 15:37:23,483 1 [0.         0.41191209 0.2281619  0.03422477 0.14781389 0.00739073
 0.06685778] 0.12805159350636713
2025-01-14 15:37:23,489 => saving checkpoint to output\loveda\pidnet_small_lovedacheckpoint.pth.tar
2025-01-14 15:37:23,646 Loss: 4.274, MeanIU:  0.1281, Best_mIoU:  0.1322
2025-01-14 15:37:23,646 [0.         0.41191209 0.2281619  0.03422477 0.14781389 0.00739073
 0.06685778]
2025-01-14 15:37:33,386 Epoch: [18/20] Iter:[0/192], Time: 9.50, lr: [0.001258925411794167], Loss: 4.015137, Acc:0.459046, Semantic loss: 1.588166, BCE loss: 1.566113, SB loss: 0.860857
2025-01-14 15:37:38,616 Epoch: [18/20] Iter:[10/192], Time: 1.34, lr: [0.0012293805561511607], Loss: 4.433134, Acc:0.496097, Semantic loss: 1.729893, BCE loss: 1.597202, SB loss: 1.106039
2025-01-14 15:37:43,870 Epoch: [18/20] Iter:[20/192], Time: 0.95, lr: [0.0011997565879500753], Loss: 4.401739, Acc:0.503710, Semantic loss: 1.715455, BCE loss: 1.572828, SB loss: 1.113456
2025-01-14 15:37:49,142 Epoch: [18/20] Iter:[30/192], Time: 0.81, lr: [0.0011700511125444005], Loss: 4.377568, Acc:0.503736, Semantic loss: 1.715901, BCE loss: 1.560566, SB loss: 1.101100
2025-01-14 15:37:54,390 Epoch: [18/20] Iter:[40/192], Time: 0.74, lr: [0.0011402615929770753], Loss: 4.377694, Acc:0.504291, Semantic loss: 1.704392, BCE loss: 1.579870, SB loss: 1.093432
2025-01-14 15:37:59,662 Epoch: [18/20] Iter:[50/192], Time: 0.70, lr: [0.0011103853371305413], Loss: 4.324836, Acc:0.504421, Semantic loss: 1.689212, BCE loss: 1.565251, SB loss: 1.070373
2025-01-14 15:38:04,950 Epoch: [18/20] Iter:[60/192], Time: 0.67, lr: [0.001080419483295973], Loss: 4.283801, Acc:0.504699, Semantic loss: 1.692000, BCE loss: 1.551149, SB loss: 1.040653
2025-01-14 15:38:10,226 Epoch: [18/20] Iter:[70/192], Time: 0.65, lr: [0.0010503609839122385], Loss: 4.310759, Acc:0.507183, Semantic loss: 1.689180, BCE loss: 1.574183, SB loss: 1.047396
2025-01-14 15:38:15,478 Epoch: [18/20] Iter:[80/192], Time: 0.64, lr: [0.0010202065871765603], Loss: 4.338060, Acc:0.500699, Semantic loss: 1.698003, BCE loss: 1.578584, SB loss: 1.061473
2025-01-14 15:38:20,765 Epoch: [18/20] Iter:[90/192], Time: 0.62, lr: [0.000989952816168914], Loss: 4.343630, Acc:0.502030, Semantic loss: 1.697227, BCE loss: 1.582476, SB loss: 1.063926
2025-01-14 15:38:26,040 Epoch: [18/20] Iter:[100/192], Time: 0.62, lr: [0.0009595959450576828], Loss: 4.353661, Acc:0.501439, Semantic loss: 1.697666, BCE loss: 1.583428, SB loss: 1.072568
2025-01-14 15:38:31,304 Epoch: [18/20] Iter:[110/192], Time: 0.61, lr: [0.000929131971860904], Loss: 4.331177, Acc:0.498726, Semantic loss: 1.697545, BCE loss: 1.568246, SB loss: 1.065386
2025-01-14 15:38:36,593 Epoch: [18/20] Iter:[120/192], Time: 0.60, lr: [0.0008985565871200918], Loss: 4.330723, Acc:0.499367, Semantic loss: 1.695536, BCE loss: 1.569838, SB loss: 1.065350
2025-01-14 15:38:41,877 Epoch: [18/20] Iter:[130/192], Time: 0.60, lr: [0.0008678651376944955], Loss: 4.342880, Acc:0.498784, Semantic loss: 1.700985, BCE loss: 1.580359, SB loss: 1.061536
2025-01-14 15:38:47,159 Epoch: [18/20] Iter:[140/192], Time: 0.59, lr: [0.000837052584692747], Loss: 4.349247, Acc:0.500277, Semantic loss: 1.697546, BCE loss: 1.587585, SB loss: 1.064115
2025-01-14 15:38:52,429 Epoch: [18/20] Iter:[150/192], Time: 0.59, lr: [0.000806113454312208], Loss: 4.342242, Acc:0.500029, Semantic loss: 1.696951, BCE loss: 1.581219, SB loss: 1.064072
2025-01-14 15:38:57,688 Epoch: [18/20] Iter:[160/192], Time: 0.58, lr: [0.0007750417800344363], Loss: 4.337151, Acc:0.498777, Semantic loss: 1.695385, BCE loss: 1.577670, SB loss: 1.064096
2025-01-14 15:39:02,970 Epoch: [18/20] Iter:[170/192], Time: 0.58, lr: [0.0007438310342008949], Loss: 4.333922, Acc:0.496692, Semantic loss: 1.697589, BCE loss: 1.575521, SB loss: 1.060813
2025-01-14 15:39:08,246 Epoch: [18/20] Iter:[180/192], Time: 0.58, lr: [0.0007124740464272778], Loss: 4.325093, Acc:0.498724, Semantic loss: 1.693114, BCE loss: 1.574569, SB loss: 1.057410
2025-01-14 15:39:13,462 Epoch: [18/20] Iter:[190/192], Time: 0.57, lr: [0.0006809629055511224], Loss: 4.345242, Acc:0.495431, Semantic loss: 1.700629, BCE loss: 1.577351, SB loss: 1.067262
2025-01-14 15:41:44,759 0 [0.         0.57763516 0.16537244 0.00937213 0.12684692 0.00168061
 0.02097341] 0.12884009641625063
2025-01-14 15:41:44,760 1 [0.         0.4536177  0.19397631 0.02939708 0.13015667 0.01508786
 0.06494644] 0.1267402927700556
2025-01-14 15:41:44,767 => saving checkpoint to output\loveda\pidnet_small_lovedacheckpoint.pth.tar
2025-01-14 15:41:44,900 Loss: 4.282, MeanIU:  0.1267, Best_mIoU:  0.1322
2025-01-14 15:41:44,901 [0.         0.4536177  0.19397631 0.02939708 0.13015667 0.01508786
 0.06494644]
2025-01-14 15:41:53,904 Epoch: [19/20] Iter:[0/192], Time: 8.76, lr: [0.0006746414238367822], Loss: 4.935042, Acc:0.451377, Semantic loss: 1.994388, BCE loss: 1.717566, SB loss: 1.223088
2025-01-14 15:41:59,135 Epoch: [19/20] Iter:[10/192], Time: 1.27, lr: [0.0006429336362339898], Loss: 4.517564, Acc:0.469169, Semantic loss: 1.802036, BCE loss: 1.570604, SB loss: 1.144923
2025-01-14 15:42:04,365 Epoch: [19/20] Iter:[20/192], Time: 0.92, lr: [0.0006110510578510947], Loss: 4.448037, Acc:0.458382, Semantic loss: 1.792884, BCE loss: 1.525449, SB loss: 1.129704
2025-01-14 15:42:09,632 Epoch: [19/20] Iter:[30/192], Time: 0.79, lr: [0.0005789824653018995], Loss: 4.337229, Acc:0.473059, Semantic loss: 1.747770, BCE loss: 1.512655, SB loss: 1.076804
2025-01-14 15:42:14,912 Epoch: [19/20] Iter:[40/192], Time: 0.73, lr: [0.0005467151732202777], Loss: 4.339281, Acc:0.480860, Semantic loss: 1.728650, BCE loss: 1.562870, SB loss: 1.047761
2025-01-14 15:42:20,227 Epoch: [19/20] Iter:[50/192], Time: 0.69, lr: [0.0005142347343351296], Loss: 4.367840, Acc:0.481287, Semantic loss: 1.740361, BCE loss: 1.565289, SB loss: 1.062189
2025-01-14 15:42:25,597 Epoch: [19/20] Iter:[60/192], Time: 0.66, lr: [0.0004815245523312483], Loss: 4.341109, Acc:0.483799, Semantic loss: 1.732902, BCE loss: 1.555380, SB loss: 1.052826
2025-01-14 15:42:30,923 Epoch: [19/20] Iter:[70/192], Time: 0.64, lr: [0.000448565373510549], Loss: 4.327192, Acc:0.486713, Semantic loss: 1.725649, BCE loss: 1.550388, SB loss: 1.051155
2025-01-14 15:42:36,198 Epoch: [19/20] Iter:[80/192], Time: 0.63, lr: [0.00041533460609889997], Loss: 4.360713, Acc:0.484360, Semantic loss: 1.733234, BCE loss: 1.568905, SB loss: 1.058574
2025-01-14 15:42:41,475 Epoch: [19/20] Iter:[90/192], Time: 0.62, lr: [0.00038180538785330436], Loss: 4.343326, Acc:0.485866, Semantic loss: 1.728230, BCE loss: 1.558901, SB loss: 1.056194
2025-01-14 15:42:46,735 Epoch: [19/20] Iter:[100/192], Time: 0.61, lr: [0.00034794527452517863], Loss: 4.324921, Acc:0.487299, Semantic loss: 1.719670, BCE loss: 1.551724, SB loss: 1.053526
2025-01-14 15:42:52,042 Epoch: [19/20] Iter:[110/192], Time: 0.60, lr: [0.00031371433588231993], Loss: 4.322379, Acc:0.486790, Semantic loss: 1.717457, BCE loss: 1.546027, SB loss: 1.058895
2025-01-14 15:42:57,336 Epoch: [19/20] Iter:[120/192], Time: 0.60, lr: [0.0002790622842837163], Loss: 4.326542, Acc:0.489142, Semantic loss: 1.720490, BCE loss: 1.551837, SB loss: 1.054215
2025-01-14 15:43:02,678 Epoch: [19/20] Iter:[130/192], Time: 0.59, lr: [0.0002439239356353784], Loss: 4.322316, Acc:0.489521, Semantic loss: 1.718284, BCE loss: 1.554034, SB loss: 1.049998
2025-01-14 15:43:08,023 Epoch: [19/20] Iter:[140/192], Time: 0.59, lr: [0.00020821159321002047], Loss: 4.335612, Acc:0.489144, Semantic loss: 1.717709, BCE loss: 1.563857, SB loss: 1.054046
2025-01-14 15:43:13,310 Epoch: [19/20] Iter:[150/192], Time: 0.58, lr: [0.00017180122628828942], Loss: 4.349560, Acc:0.488558, Semantic loss: 1.718050, BCE loss: 1.575842, SB loss: 1.055668
2025-01-14 15:43:18,675 Epoch: [19/20] Iter:[160/192], Time: 0.58, lr: [0.00013450451987183818], Loss: 4.349177, Acc:0.490206, Semantic loss: 1.712891, BCE loss: 1.577212, SB loss: 1.059074
2025-01-14 15:43:24,017 Epoch: [19/20] Iter:[170/192], Time: 0.58, lr: [9.600244875192536e-05], Loss: 4.351504, Acc:0.489928, Semantic loss: 1.710536, BCE loss: 1.582231, SB loss: 1.058737
2025-01-14 15:43:29,286 Epoch: [19/20] Iter:[180/192], Time: 0.58, lr: [5.563716848048335e-05], Loss: 4.362320, Acc:0.491151, Semantic loss: 1.713694, BCE loss: 1.586888, SB loss: 1.061738
2025-01-14 15:43:34,495 Epoch: [19/20] Iter:[190/192], Time: 0.57, lr: [1.1092486125349496e-05], Loss: 4.345387, Acc:0.492350, Semantic loss: 1.708444, BCE loss: 1.579791, SB loss: 1.057152
2025-01-14 15:46:24,108 0 [0.         0.59090188 0.1786558  0.01426257 0.10532792 0.00305804
 0.02106376] 0.13046713962426199
2025-01-14 15:46:24,110 1 [0.         0.46070596 0.19046989 0.04354813 0.12871501 0.00707104
 0.07023573] 0.12867796588891892
2025-01-14 15:46:24,116 => saving checkpoint to output\loveda\pidnet_small_lovedacheckpoint.pth.tar
2025-01-14 15:46:24,279 Loss: 4.171, MeanIU:  0.1287, Best_mIoU:  0.1322
2025-01-14 15:46:24,279 [0.         0.46070596 0.19046989 0.04354813 0.12871501 0.00707104
 0.07023573]
2025-01-14 15:46:24,372 Hours: 1
2025-01-14 15:46:24,373 Done
