2025-01-03 18:01:20,401 Namespace(cfg='configs/loveda/pidnet_small_loveda.yaml', seed=304, opts=[])
2025-01-03 18:01:20,401 AUTO_RESUME: False
CUDNN:
  BENCHMARK: True
  DETERMINISTIC: False
  ENABLED: True
DATASET:
  DATASET: loveda
  EXTRA_TRAIN_SET: 
  NUM_CLASSES: 7
  ROOT: data/
  TEST_SET: list/loveda/val.lst
  TRAIN_SET: list/loveda/train.lst
GPUS: (0,)
LOG_DIR: log
LOSS:
  BALANCE_WEIGHTS: [0.4, 1.0]
  CLASS_BALANCE: False
  OHEMKEEP: 131072
  OHEMTHRES: 0.9
  SB_WEIGHTS: 1.0
  USE_OHEM: True
MODEL:
  ALIGN_CORNERS: True
  NAME: pidnet_small
  NUM_OUTPUTS: 2
  PRETRAINED: pretrained_models/imagenet/PIDNet_S_ImageNet.pth.tar
OUTPUT_DIR: output
PIN_MEMORY: True
PRINT_FREQ: 10
TEST:
  BASE_SIZE: 2048
  BATCH_SIZE_PER_GPU: 6
  FLIP_TEST: False
  IMAGE_SIZE: [2048, 1024]
  MODEL_FILE: 
  MULTI_SCALE: False
  OUTPUT_INDEX: 1
TRAIN:
  BASE_SIZE: 2048
  BATCH_SIZE_PER_GPU: 6
  BEGIN_EPOCH: 0
  END_EPOCH: 20
  EXTRA_EPOCH: 0
  EXTRA_LR: 0.001
  FLIP: True
  IGNORE_LABEL: 0
  IMAGE_SIZE: [1024, 1024]
  LR: 0.01
  MOMENTUM: 0.9
  MULTI_SCALE: True
  NESTEROV: False
  OPTIMIZER: sgd
  RESUME: True
  SCALE_FACTOR: 16
  SHUFFLE: True
  WD: 0.0005
WORKERS: 4
2025-01-03 18:01:20,556 Attention!!!
2025-01-03 18:01:20,556 Loaded 302 parameters!
2025-01-03 18:01:20,556 Over!!!
2025-01-03 18:01:21,708 => loaded checkpoint (epoch 15)
2025-01-03 18:01:33,973 Epoch: [15/20] Iter:[0/227], Time: 12.26, lr: [0.0028717458874925874], Loss: 2.989920, Acc:0.436981, Semantic loss: 1.062697, BCE loss: 1.147597, SB loss: 0.779626
2025-01-03 18:01:38,124 Epoch: [15/20] Iter:[10/227], Time: 1.48, lr: [0.002848964270120431], Loss: 2.863997, Acc:0.502249, Semantic loss: 1.049819, BCE loss: 0.881999, SB loss: 0.932178
2025-01-03 18:01:41,851 Epoch: [15/20] Iter:[20/227], Time: 0.95, lr: [0.002826162393138646], Loss: 2.734525, Acc:0.445206, Semantic loss: 1.004280, BCE loss: 0.808429, SB loss: 0.921816
2025-01-03 18:01:45,629 Epoch: [15/20] Iter:[30/227], Time: 0.77, lr: [0.0028033400565816496], Loss: 2.818590, Acc:0.447741, Semantic loss: 1.015347, BCE loss: 0.875645, SB loss: 0.927598
2025-01-03 18:01:49,378 Epoch: [15/20] Iter:[40/227], Time: 0.67, lr: [0.002780497056681737], Loss: 2.745459, Acc:0.446405, Semantic loss: 0.998885, BCE loss: 0.832122, SB loss: 0.914453
2025-01-03 18:01:53,143 Epoch: [15/20] Iter:[50/227], Time: 0.61, lr: [0.0027576331857613813], Loss: 2.712475, Acc:0.453827, Semantic loss: 0.985195, BCE loss: 0.821572, SB loss: 0.905707
2025-01-03 18:01:56,878 Epoch: [15/20] Iter:[60/227], Time: 0.57, lr: [0.002734748232121475], Loss: 2.730225, Acc:0.452501, Semantic loss: 0.988904, BCE loss: 0.839904, SB loss: 0.901417
2025-01-03 18:02:00,634 Epoch: [15/20] Iter:[70/227], Time: 0.55, lr: [0.0027118419799252954], Loss: 2.747026, Acc:0.447856, Semantic loss: 0.992916, BCE loss: 0.850249, SB loss: 0.903860
2025-01-03 18:02:04,397 Epoch: [15/20] Iter:[80/227], Time: 0.52, lr: [0.0026889142090779994], Loss: 2.752909, Acc:0.450567, Semantic loss: 0.992918, BCE loss: 0.854078, SB loss: 0.905912
2025-01-03 18:02:08,163 Epoch: [15/20] Iter:[90/227], Time: 0.51, lr: [0.002665964695101443], Loss: 2.738808, Acc:0.454572, Semantic loss: 0.976668, BCE loss: 0.866371, SB loss: 0.895768
2025-01-03 18:02:11,947 Epoch: [15/20] Iter:[100/227], Time: 0.50, lr: [0.0026429932090040764], Loss: 2.728773, Acc:0.458880, Semantic loss: 0.971581, BCE loss: 0.865639, SB loss: 0.891553
2025-01-03 18:02:15,643 Epoch: [15/20] Iter:[110/227], Time: 0.48, lr: [0.002619999517145687], Loss: 2.732558, Acc:0.454554, Semantic loss: 0.974813, BCE loss: 0.865620, SB loss: 0.892126
2025-01-03 18:02:19,431 Epoch: [15/20] Iter:[120/227], Time: 0.48, lr: [0.0025969833810967303], Loss: 2.737842, Acc:0.457010, Semantic loss: 0.975016, BCE loss: 0.868841, SB loss: 0.893985
2025-01-03 18:02:23,189 Epoch: [15/20] Iter:[130/227], Time: 0.47, lr: [0.002573944557491973], Loss: 2.749821, Acc:0.455052, Semantic loss: 0.976462, BCE loss: 0.877489, SB loss: 0.895870
2025-01-03 18:02:26,953 Epoch: [15/20] Iter:[140/227], Time: 0.46, lr: [0.0025508827978781602], Loss: 2.759447, Acc:0.453731, Semantic loss: 0.979586, BCE loss: 0.882276, SB loss: 0.897585
2025-01-03 18:02:30,718 Epoch: [15/20] Iter:[150/227], Time: 0.46, lr: [0.002527797848555408], Loss: 2.742955, Acc:0.454347, Semantic loss: 0.971908, BCE loss: 0.881317, SB loss: 0.889730
2025-01-03 18:02:34,508 Epoch: [15/20] Iter:[160/227], Time: 0.45, lr: [0.0025046894504119816], Loss: 2.725591, Acc:0.461077, Semantic loss: 0.965464, BCE loss: 0.874416, SB loss: 0.885711
2025-01-03 18:02:38,301 Epoch: [15/20] Iter:[170/227], Time: 0.45, lr: [0.002481557338752134], Loss: 2.738194, Acc:0.463729, Semantic loss: 0.969521, BCE loss: 0.881472, SB loss: 0.887202
2025-01-03 18:02:42,056 Epoch: [15/20] Iter:[180/227], Time: 0.44, lr: [0.0024584012431166057], Loss: 2.748196, Acc:0.463829, Semantic loss: 0.969764, BCE loss: 0.884106, SB loss: 0.894326
2025-01-03 18:02:45,791 Epoch: [15/20] Iter:[190/227], Time: 0.44, lr: [0.002435220887095439], Loss: 2.743071, Acc:0.461427, Semantic loss: 0.967432, BCE loss: 0.883600, SB loss: 0.892038
2025-01-03 18:02:49,552 Epoch: [15/20] Iter:[200/227], Time: 0.44, lr: [0.0024120159881326434], Loss: 2.740137, Acc:0.461715, Semantic loss: 0.967550, BCE loss: 0.881270, SB loss: 0.891318
2025-01-03 18:02:53,302 Epoch: [15/20] Iter:[210/227], Time: 0.43, lr: [0.0023887862573223045], Loss: 2.742410, Acc:0.459507, Semantic loss: 0.970543, BCE loss: 0.883502, SB loss: 0.888365
2025-01-03 18:02:57,035 Epoch: [15/20] Iter:[220/227], Time: 0.43, lr: [0.002365531399195641], Loss: 2.739034, Acc:0.459990, Semantic loss: 0.966315, BCE loss: 0.885193, SB loss: 0.887525
2025-01-03 18:04:29,860 0 [0.         0.38427195 0.19875666 0.12367352 0.37063545 0.01614307
 0.16819848] 0.18023987432905916
2025-01-03 18:04:29,861 1 [0.         0.32506226 0.1861873  0.15802084 0.3611255  0.04756141
 0.09725712] 0.16788777644188996
2025-01-03 18:04:29,868 => saving checkpoint to output\loveda\pidnet_small_lovedacheckpoint.pth.tar
2025-01-03 18:04:29,945 Loss: 3.973, MeanIU:  0.1679, Best_mIoU:  0.1941
2025-01-03 18:04:29,945 [0.         0.32506226 0.1861873  0.15802084 0.3611255  0.04756141
 0.09725712]
2025-01-03 18:04:36,582 Epoch: [16/20] Iter:[0/227], Time: 6.45, lr: [0.0023492378861760376], Loss: 2.170510, Acc:0.466002, Semantic loss: 0.888302, BCE loss: 0.577662, SB loss: 0.704546
2025-01-03 18:04:40,370 Epoch: [16/20] Iter:[10/227], Time: 0.93, lr: [0.0023259396141899454], Loss: 3.120906, Acc:0.473278, Semantic loss: 1.126115, BCE loss: 1.022625, SB loss: 0.972165
2025-01-03 18:04:44,159 Epoch: [16/20] Iter:[20/227], Time: 0.67, lr: [0.002302615382565426], Loss: 2.918112, Acc:0.468334, Semantic loss: 1.087340, BCE loss: 0.901386, SB loss: 0.929386
2025-01-03 18:04:47,897 Epoch: [16/20] Iter:[30/227], Time: 0.57, lr: [0.0022792648695357156], Loss: 2.741919, Acc:0.460810, Semantic loss: 1.007442, BCE loss: 0.842502, SB loss: 0.891974
2025-01-03 18:04:51,647 Epoch: [16/20] Iter:[40/227], Time: 0.52, lr: [0.0022558877456331627], Loss: 2.754222, Acc:0.457419, Semantic loss: 0.994507, BCE loss: 0.870647, SB loss: 0.889068
2025-01-03 18:04:55,401 Epoch: [16/20] Iter:[50/227], Time: 0.50, lr: [0.0022324836734140155], Loss: 2.742876, Acc:0.462419, Semantic loss: 0.965037, BCE loss: 0.885541, SB loss: 0.892298
2025-01-03 18:04:59,157 Epoch: [16/20] Iter:[60/227], Time: 0.48, lr: [0.002209052307170049], Loss: 2.725276, Acc:0.457995, Semantic loss: 0.976276, BCE loss: 0.856084, SB loss: 0.892917
2025-01-03 18:05:02,918 Epoch: [16/20] Iter:[70/227], Time: 0.46, lr: [0.0021855932926262375], Loss: 2.710146, Acc:0.456721, Semantic loss: 0.976088, BCE loss: 0.855507, SB loss: 0.878551
2025-01-03 18:05:06,691 Epoch: [16/20] Iter:[80/227], Time: 0.45, lr: [0.0021621062666236294], Loss: 2.726559, Acc:0.464550, Semantic loss: 0.974062, BCE loss: 0.869735, SB loss: 0.882762
2025-01-03 18:05:10,440 Epoch: [16/20] Iter:[90/227], Time: 0.44, lr: [0.0021385908567864986], Loss: 2.717563, Acc:0.472146, Semantic loss: 0.962508, BCE loss: 0.875076, SB loss: 0.879979
2025-01-03 18:05:14,178 Epoch: [16/20] Iter:[100/227], Time: 0.44, lr: [0.0021150466811728132], Loss: 2.712825, Acc:0.467945, Semantic loss: 0.958203, BCE loss: 0.876815, SB loss: 0.877807
2025-01-03 18:05:17,942 Epoch: [16/20] Iter:[110/227], Time: 0.43, lr: [0.002091473347906944], Loss: 2.726089, Acc:0.469401, Semantic loss: 0.966195, BCE loss: 0.878339, SB loss: 0.881556
2025-01-03 18:05:21,672 Epoch: [16/20] Iter:[120/227], Time: 0.43, lr: [0.0020678704547934935], Loss: 2.741993, Acc:0.466179, Semantic loss: 0.977579, BCE loss: 0.870037, SB loss: 0.894377
2025-01-03 18:05:25,484 Epoch: [16/20] Iter:[130/227], Time: 0.42, lr: [0.002044237588911017], Loss: 2.747443, Acc:0.469626, Semantic loss: 0.980998, BCE loss: 0.877730, SB loss: 0.888715
2025-01-03 18:05:29,256 Epoch: [16/20] Iter:[140/227], Time: 0.42, lr: [0.0020205743261843133], Loss: 2.740189, Acc:0.473637, Semantic loss: 0.969910, BCE loss: 0.878628, SB loss: 0.891650
2025-01-03 18:05:32,985 Epoch: [16/20] Iter:[150/227], Time: 0.42, lr: [0.001996880230933864], Loss: 2.721678, Acc:0.473327, Semantic loss: 0.959148, BCE loss: 0.874647, SB loss: 0.887883
2025-01-03 18:05:36,724 Epoch: [16/20] Iter:[160/227], Time: 0.41, lr: [0.0019731548554008907], Loss: 2.717063, Acc:0.471906, Semantic loss: 0.957256, BCE loss: 0.873168, SB loss: 0.886639
2025-01-03 18:05:40,496 Epoch: [16/20] Iter:[170/227], Time: 0.41, lr: [0.0019493977392463478], Loss: 2.720943, Acc:0.468720, Semantic loss: 0.963273, BCE loss: 0.872236, SB loss: 0.885434
2025-01-03 18:05:44,307 Epoch: [16/20] Iter:[180/227], Time: 0.41, lr: [0.001925608409022063], Loss: 2.726050, Acc:0.469227, Semantic loss: 0.961374, BCE loss: 0.875011, SB loss: 0.889664
2025-01-03 18:05:48,045 Epoch: [16/20] Iter:[190/227], Time: 0.41, lr: [0.00190178637761207], Loss: 2.729243, Acc:0.466947, Semantic loss: 0.960260, BCE loss: 0.880276, SB loss: 0.888707
2025-01-03 18:05:51,850 Epoch: [16/20] Iter:[200/227], Time: 0.41, lr: [0.001877931143642009], Loss: 2.730454, Acc:0.469151, Semantic loss: 0.958870, BCE loss: 0.883123, SB loss: 0.888462
2025-01-03 18:05:55,589 Epoch: [16/20] Iter:[210/227], Time: 0.41, lr: [0.0018540421908543], Loss: 2.730995, Acc:0.465691, Semantic loss: 0.959537, BCE loss: 0.884793, SB loss: 0.886665
2025-01-03 18:05:59,352 Epoch: [16/20] Iter:[220/227], Time: 0.40, lr: [0.001830118987446576], Loss: 2.732755, Acc:0.464800, Semantic loss: 0.958877, BCE loss: 0.888465, SB loss: 0.885414
2025-01-03 18:07:48,923 0 [0.         0.42100136 0.20758939 0.12449437 0.40179993 0.00151095
 0.15712995] 0.1876465645171368
2025-01-03 18:07:48,923 1 [0.         0.34619684 0.1161242  0.1310922  0.5131601  0.04830544
 0.09811866] 0.17899963515577993
2025-01-03 18:07:48,933 => saving checkpoint to output\loveda\pidnet_small_lovedacheckpoint.pth.tar
2025-01-03 18:07:49,070 Loss: 3.989, MeanIU:  0.1790, Best_mIoU:  0.1941
2025-01-03 18:07:49,070 [0.         0.34619684 0.1161242  0.1310922  0.5131601  0.04830544
 0.09811866]
2025-01-03 18:07:56,222 Epoch: [17/20] Iter:[0/227], Time: 6.98, lr: [0.0018133520731367456], Loss: 2.237871, Acc:0.488952, Semantic loss: 0.620639, BCE loss: 0.754267, SB loss: 0.862964
2025-01-03 18:08:00,576 Epoch: [17/20] Iter:[10/227], Time: 1.03, lr: [0.001789369376837887], Loss: 2.631712, Acc:0.408291, Semantic loss: 0.921204, BCE loss: 0.835729, SB loss: 0.874780
2025-01-03 18:08:05,985 Epoch: [17/20] Iter:[20/227], Time: 0.80, lr: [0.0017653509107779565], Loss: 2.576372, Acc:0.431360, Semantic loss: 0.897033, BCE loss: 0.847265, SB loss: 0.832074
2025-01-03 18:08:10,818 Epoch: [17/20] Iter:[30/227], Time: 0.70, lr: [0.001741296079200529], Loss: 2.750912, Acc:0.440393, Semantic loss: 0.943101, BCE loss: 0.910118, SB loss: 0.897694
2025-01-03 18:08:16,268 Epoch: [17/20] Iter:[40/227], Time: 0.66, lr: [0.0017172042671142627], Loss: 2.752648, Acc:0.453778, Semantic loss: 0.950997, BCE loss: 0.904000, SB loss: 0.897652
2025-01-03 18:08:21,158 Epoch: [17/20] Iter:[50/227], Time: 0.63, lr: [0.0016930748393617918], Loss: 2.746773, Acc:0.467791, Semantic loss: 0.959758, BCE loss: 0.908599, SB loss: 0.878416
2025-01-03 18:08:26,674 Epoch: [17/20] Iter:[60/227], Time: 0.61, lr: [0.001668907139628054], Loss: 2.690601, Acc:0.478408, Semantic loss: 0.933090, BCE loss: 0.882822, SB loss: 0.874689
2025-01-03 18:08:31,694 Epoch: [17/20] Iter:[70/227], Time: 0.60, lr: [0.0016447004893830922], Loss: 2.673576, Acc:0.478700, Semantic loss: 0.932798, BCE loss: 0.872271, SB loss: 0.868507
2025-01-03 18:08:37,049 Epoch: [17/20] Iter:[80/227], Time: 0.59, lr: [0.001620454186753828], Loss: 2.646685, Acc:0.477532, Semantic loss: 0.929166, BCE loss: 0.863662, SB loss: 0.853857
2025-01-03 18:08:41,979 Epoch: [17/20] Iter:[90/227], Time: 0.58, lr: [0.0015961675053187952], Loss: 2.678180, Acc:0.474741, Semantic loss: 0.943604, BCE loss: 0.874341, SB loss: 0.860236
2025-01-03 18:08:47,203 Epoch: [17/20] Iter:[100/227], Time: 0.57, lr: [0.0015718396928191658], Loss: 2.676191, Acc:0.471870, Semantic loss: 0.943596, BCE loss: 0.870827, SB loss: 0.861768
2025-01-03 18:08:52,180 Epoch: [17/20] Iter:[110/227], Time: 0.57, lr: [0.00154746996977872], Loss: 2.671009, Acc:0.475380, Semantic loss: 0.941119, BCE loss: 0.853613, SB loss: 0.876278
2025-01-03 18:08:57,402 Epoch: [17/20] Iter:[120/227], Time: 0.56, lr: [0.001523057528024612], Loss: 2.661543, Acc:0.475285, Semantic loss: 0.934955, BCE loss: 0.855700, SB loss: 0.870888
2025-01-03 18:09:02,219 Epoch: [17/20] Iter:[130/227], Time: 0.56, lr: [0.0014986015290998995], Loss: 2.687975, Acc:0.472738, Semantic loss: 0.944956, BCE loss: 0.861646, SB loss: 0.881373
2025-01-03 18:09:07,608 Epoch: [17/20] Iter:[140/227], Time: 0.56, lr: [0.0014741011025578255], Loss: 2.695242, Acc:0.466068, Semantic loss: 0.950855, BCE loss: 0.868839, SB loss: 0.875548
2025-01-03 18:09:12,691 Epoch: [17/20] Iter:[150/227], Time: 0.55, lr: [0.001449555344126661], Loss: 2.692858, Acc:0.467734, Semantic loss: 0.950797, BCE loss: 0.866084, SB loss: 0.875976
2025-01-03 18:09:17,942 Epoch: [17/20] Iter:[160/227], Time: 0.55, lr: [0.001424963313732688], Loss: 2.687910, Acc:0.471028, Semantic loss: 0.946164, BCE loss: 0.867655, SB loss: 0.874091
2025-01-03 18:09:22,852 Epoch: [17/20] Iter:[170/227], Time: 0.55, lr: [0.0014003240333674027], Loss: 2.689888, Acc:0.468350, Semantic loss: 0.947642, BCE loss: 0.868107, SB loss: 0.874139
2025-01-03 18:09:28,154 Epoch: [17/20] Iter:[180/227], Time: 0.55, lr: [0.001375636484783378], Loss: 2.679601, Acc:0.464094, Semantic loss: 0.944094, BCE loss: 0.864796, SB loss: 0.870710
2025-01-03 18:09:32,977 Epoch: [17/20] Iter:[190/227], Time: 0.54, lr: [0.0013508996070013106], Loss: 2.692100, Acc:0.466385, Semantic loss: 0.944028, BCE loss: 0.869374, SB loss: 0.878699
2025-01-03 18:09:38,847 Epoch: [17/20] Iter:[200/227], Time: 0.55, lr: [0.0013261122936086326], Loss: 2.705741, Acc:0.467606, Semantic loss: 0.950120, BCE loss: 0.875366, SB loss: 0.880255
2025-01-03 18:09:43,627 Epoch: [17/20] Iter:[210/227], Time: 0.54, lr: [0.001301273389827528], Loss: 2.707461, Acc:0.470903, Semantic loss: 0.951279, BCE loss: 0.879548, SB loss: 0.876634
2025-01-03 18:09:48,887 Epoch: [17/20] Iter:[220/227], Time: 0.54, lr: [0.0012763816893273717], Loss: 2.719183, Acc:0.470364, Semantic loss: 0.953444, BCE loss: 0.887079, SB loss: 0.878660
2025-01-03 18:11:23,483 0 [0.         0.3788035  0.2512101  0.10756995 0.41754405 0.01608788
 0.15678462] 0.18971429761923808
2025-01-03 18:11:23,484 1 [0.         0.41586916 0.18834718 0.14301069 0.46710156 0.058688
 0.17461542] 0.20680457337002325
2025-01-03 18:11:23,491 => saving checkpoint to output\loveda\pidnet_small_lovedacheckpoint.pth.tar
2025-01-03 18:11:23,609 Loss: 3.580, MeanIU:  0.2068, Best_mIoU:  0.2068
2025-01-03 18:11:23,609 [0.         0.41586916 0.18834718 0.14301069 0.46710156 0.058688
 0.17461542]
2025-01-03 18:11:30,369 Epoch: [18/20] Iter:[0/227], Time: 6.58, lr: [0.001258925411794167], Loss: 3.817853, Acc:0.448541, Semantic loss: 1.846556, BCE loss: 0.812323, SB loss: 1.158974
2025-01-03 18:11:34,172 Epoch: [18/20] Iter:[10/227], Time: 0.94, lr: [0.0012339410307307384], Loss: 2.973845, Acc:0.484972, Semantic loss: 1.051984, BCE loss: 0.964188, SB loss: 0.957672
2025-01-03 18:11:37,902 Epoch: [18/20] Iter:[20/227], Time: 0.67, lr: [0.0012089003101152242], Loss: 2.795253, Acc:0.461417, Semantic loss: 0.979800, BCE loss: 0.895293, SB loss: 0.920160
2025-01-03 18:11:41,626 Epoch: [18/20] Iter:[30/227], Time: 0.58, lr: [0.0011838018200897157], Loss: 2.704428, Acc:0.463994, Semantic loss: 0.948785, BCE loss: 0.867140, SB loss: 0.888503
2025-01-03 18:11:45,354 Epoch: [18/20] Iter:[40/227], Time: 0.53, lr: [0.0011586440598753127], Loss: 2.698216, Acc:0.454610, Semantic loss: 0.941504, BCE loss: 0.864796, SB loss: 0.891915
2025-01-03 18:11:49,113 Epoch: [18/20] Iter:[50/227], Time: 0.50, lr: [0.0011334254524532406], Loss: 2.630402, Acc:0.464488, Semantic loss: 0.922869, BCE loss: 0.837101, SB loss: 0.870432
2025-01-03 18:11:52,909 Epoch: [18/20] Iter:[60/227], Time: 0.48, lr: [0.001108144338705261], Loss: 2.628648, Acc:0.476013, Semantic loss: 0.927560, BCE loss: 0.842187, SB loss: 0.858901
2025-01-03 18:11:56,701 Epoch: [18/20] Iter:[70/227], Time: 0.46, lr: [0.0010827989709432488], Loss: 2.648626, Acc:0.486717, Semantic loss: 0.938130, BCE loss: 0.854022, SB loss: 0.856474
2025-01-03 18:12:00,458 Epoch: [18/20] Iter:[80/227], Time: 0.45, lr: [0.0010573875057466552], Loss: 2.651393, Acc:0.487779, Semantic loss: 0.940700, BCE loss: 0.847925, SB loss: 0.862768
2025-01-03 18:12:04,208 Epoch: [18/20] Iter:[90/227], Time: 0.44, lr: [0.0010319079960132904], Loss: 2.672012, Acc:0.483851, Semantic loss: 0.945163, BCE loss: 0.856028, SB loss: 0.870821
2025-01-03 18:12:08,006 Epoch: [18/20] Iter:[100/227], Time: 0.44, lr: [0.001006358382112969], Loss: 2.683556, Acc:0.486010, Semantic loss: 0.955502, BCE loss: 0.856826, SB loss: 0.871228
2025-01-03 18:12:11,749 Epoch: [18/20] Iter:[110/227], Time: 0.43, lr: [0.0009807364820145158], Loss: 2.683317, Acc:0.480397, Semantic loss: 0.959962, BCE loss: 0.855709, SB loss: 0.867647
2025-01-03 18:12:15,483 Epoch: [18/20] Iter:[120/227], Time: 0.43, lr: [0.0009550399802335554], Loss: 2.664505, Acc:0.480012, Semantic loss: 0.948754, BCE loss: 0.855596, SB loss: 0.860155
2025-01-03 18:12:19,287 Epoch: [18/20] Iter:[130/227], Time: 0.42, lr: [0.000929266415420638], Loss: 2.679437, Acc:0.479999, Semantic loss: 0.950729, BCE loss: 0.864927, SB loss: 0.863781
2025-01-03 18:12:23,048 Epoch: [18/20] Iter:[140/227], Time: 0.42, lr: [0.0009034131663751513], Loss: 2.665797, Acc:0.478738, Semantic loss: 0.945352, BCE loss: 0.862902, SB loss: 0.857544
2025-01-03 18:12:26,768 Epoch: [18/20] Iter:[150/227], Time: 0.42, lr: [0.000877477436228698], Loss: 2.659804, Acc:0.473264, Semantic loss: 0.947636, BCE loss: 0.858369, SB loss: 0.853799
2025-01-03 18:12:30,505 Epoch: [18/20] Iter:[160/227], Time: 0.41, lr: [0.0008514562344900304], Loss: 2.662752, Acc:0.473119, Semantic loss: 0.945582, BCE loss: 0.861404, SB loss: 0.855767
2025-01-03 18:12:34,261 Epoch: [18/20] Iter:[170/227], Time: 0.41, lr: [0.0008253463565795883], Loss: 2.670945, Acc:0.472803, Semantic loss: 0.948262, BCE loss: 0.862670, SB loss: 0.860014
2025-01-03 18:12:38,023 Epoch: [18/20] Iter:[180/227], Time: 0.41, lr: [0.0007991443604015107], Loss: 2.664815, Acc:0.470240, Semantic loss: 0.946987, BCE loss: 0.861962, SB loss: 0.855866
2025-01-03 18:12:41,768 Epoch: [18/20] Iter:[190/227], Time: 0.41, lr: [0.0007728465394000568], Loss: 2.657220, Acc:0.467850, Semantic loss: 0.941580, BCE loss: 0.860338, SB loss: 0.855302
2025-01-03 18:12:45,532 Epoch: [18/20] Iter:[200/227], Time: 0.41, lr: [0.0007464488914191239], Loss: 2.661373, Acc:0.468488, Semantic loss: 0.949167, BCE loss: 0.855949, SB loss: 0.856257
2025-01-03 18:12:49,310 Epoch: [18/20] Iter:[210/227], Time: 0.41, lr: [0.0007199470825193581], Loss: 2.675854, Acc:0.470043, Semantic loss: 0.953942, BCE loss: 0.860889, SB loss: 0.861023
2025-01-03 18:12:53,101 Epoch: [18/20] Iter:[220/227], Time: 0.40, lr: [0.0006933364046951807], Loss: 2.667156, Acc:0.474520, Semantic loss: 0.948175, BCE loss: 0.860394, SB loss: 0.858587
2025-01-03 18:14:25,408 0 [0.         0.42238792 0.18431072 0.11087819 0.40213943 0.02491409
 0.10794014] 0.17893864208228752
2025-01-03 18:14:25,409 1 [0.         0.34347373 0.11544009 0.11486398 0.45738205 0.06889155
 0.05864883] 0.1655286041765493
2025-01-03 18:14:25,415 => saving checkpoint to output\loveda\pidnet_small_lovedacheckpoint.pth.tar
2025-01-03 18:14:25,497 Loss: 4.101, MeanIU:  0.1655, Best_mIoU:  0.2068
2025-01-03 18:14:25,497 [0.         0.34347373 0.11544009 0.11486398 0.45738205 0.06889155
 0.05864883]
2025-01-03 18:14:32,274 Epoch: [19/20] Iter:[0/227], Time: 6.59, lr: [0.0006746414238367822], Loss: 1.673315, Acc:0.462696, Semantic loss: 0.645211, BCE loss: 0.468844, SB loss: 0.559260
2025-01-03 18:14:36,027 Epoch: [19/20] Iter:[10/227], Time: 0.94, lr: [0.0006478336356166962], Loss: 2.403346, Acc:0.472973, Semantic loss: 0.832910, BCE loss: 0.742649, SB loss: 0.827788
2025-01-03 18:14:39,795 Epoch: [19/20] Iter:[20/227], Time: 0.67, lr: [0.000620901977949836], Loss: 2.541026, Acc:0.471016, Semantic loss: 0.876517, BCE loss: 0.862070, SB loss: 0.802440
2025-01-03 18:14:43,550 Epoch: [19/20] Iter:[30/227], Time: 0.58, lr: [0.0005938398474420642], Loss: 2.557616, Acc:0.464222, Semantic loss: 0.882460, BCE loss: 0.855640, SB loss: 0.819516
2025-01-03 18:14:47,317 Epoch: [19/20] Iter:[40/227], Time: 0.53, lr: [0.0005666399341383536], Loss: 2.626346, Acc:0.449862, Semantic loss: 0.934576, BCE loss: 0.864683, SB loss: 0.827088
2025-01-03 18:14:51,079 Epoch: [19/20] Iter:[50/227], Time: 0.50, lr: [0.0005392941038748187], Loss: 2.644221, Acc:0.456949, Semantic loss: 0.927868, BCE loss: 0.870248, SB loss: 0.846105
2025-01-03 18:14:54,837 Epoch: [19/20] Iter:[60/227], Time: 0.48, lr: [0.000511793253237756], Loss: 2.631996, Acc:0.455741, Semantic loss: 0.918587, BCE loss: 0.874069, SB loss: 0.839340
2025-01-03 18:14:58,651 Epoch: [19/20] Iter:[70/227], Time: 0.46, lr: [0.0004841271287133868], Loss: 2.640002, Acc:0.459728, Semantic loss: 0.927015, BCE loss: 0.868882, SB loss: 0.844105
2025-01-03 18:15:02,480 Epoch: [19/20] Iter:[80/227], Time: 0.45, lr: [0.0004562840983187469], Loss: 2.648873, Acc:0.462788, Semantic loss: 0.933329, BCE loss: 0.865314, SB loss: 0.850230
2025-01-03 18:15:06,337 Epoch: [19/20] Iter:[90/227], Time: 0.45, lr: [0.0004282508591069392], Loss: 2.618722, Acc:0.466041, Semantic loss: 0.927621, BCE loss: 0.844166, SB loss: 0.846935
2025-01-03 18:15:10,453 Epoch: [19/20] Iter:[100/227], Time: 0.44, lr: [0.000400012056481326], Loss: 2.601594, Acc:0.467715, Semantic loss: 0.919283, BCE loss: 0.845950, SB loss: 0.836361
2025-01-03 18:15:14,769 Epoch: [19/20] Iter:[110/227], Time: 0.44, lr: [0.00037154977958130846], Loss: 2.649393, Acc:0.468338, Semantic loss: 0.937987, BCE loss: 0.866881, SB loss: 0.844526
2025-01-03 18:15:19,809 Epoch: [19/20] Iter:[120/227], Time: 0.45, lr: [0.00034284287816394694], Loss: 2.633219, Acc:0.472335, Semantic loss: 0.936455, BCE loss: 0.857833, SB loss: 0.838931
2025-01-03 18:15:24,966 Epoch: [19/20] Iter:[130/227], Time: 0.45, lr: [0.0003138660148979179], Loss: 2.634533, Acc:0.471276, Semantic loss: 0.935530, BCE loss: 0.857614, SB loss: 0.841390
2025-01-03 18:15:30,227 Epoch: [19/20] Iter:[140/227], Time: 0.46, lr: [0.000284588312053181], Loss: 2.615409, Acc:0.469526, Semantic loss: 0.926958, BCE loss: 0.853229, SB loss: 0.835222
2025-01-03 18:15:35,162 Epoch: [19/20] Iter:[150/227], Time: 0.46, lr: [0.000254971350970793], Loss: 2.624838, Acc:0.471174, Semantic loss: 0.931208, BCE loss: 0.856683, SB loss: 0.836947
2025-01-03 18:15:40,319 Epoch: [19/20] Iter:[160/227], Time: 0.46, lr: [0.0002249660872466286], Loss: 2.627578, Acc:0.469834, Semantic loss: 0.929370, BCE loss: 0.865699, SB loss: 0.832508
2025-01-03 18:15:45,615 Epoch: [19/20] Iter:[170/227], Time: 0.47, lr: [0.0001945078361810322], Loss: 2.629957, Acc:0.468001, Semantic loss: 0.932412, BCE loss: 0.863897, SB loss: 0.833648
2025-01-03 18:15:50,553 Epoch: [19/20] Iter:[180/227], Time: 0.47, lr: [0.00016350754753793287], Loss: 2.648196, Acc:0.470326, Semantic loss: 0.933668, BCE loss: 0.880398, SB loss: 0.834130
2025-01-03 18:15:55,906 Epoch: [19/20] Iter:[190/227], Time: 0.47, lr: [0.00013183517016474098], Loss: 2.646151, Acc:0.473059, Semantic loss: 0.930879, BCE loss: 0.882899, SB loss: 0.832373
2025-01-03 18:16:00,990 Epoch: [19/20] Iter:[200/227], Time: 0.47, lr: [9.928350946625737e-05], Loss: 2.630483, Acc:0.472067, Semantic loss: 0.926792, BCE loss: 0.869290, SB loss: 0.834402
2025-01-03 18:16:06,296 Epoch: [19/20] Iter:[210/227], Time: 0.48, lr: [6.54717217030669e-05], Loss: 2.634512, Acc:0.472388, Semantic loss: 0.927248, BCE loss: 0.873921, SB loss: 0.833344
2025-01-03 18:16:11,455 Epoch: [19/20] Iter:[220/227], Time: 0.48, lr: [2.9460354499015465e-05], Loss: 2.626506, Acc:0.475040, Semantic loss: 0.922841, BCE loss: 0.866333, SB loss: 0.837332
2025-01-03 18:18:14,579 0 [0.         0.4234401  0.20380602 0.11831804 0.39750346 0.01102941
 0.13566556] 0.18425179776470274
2025-01-03 18:18:14,580 1 [0.         0.33967564 0.13104485 0.15104509 0.43575203 0.03962127
 0.04479811] 0.1631338552876356
2025-01-03 18:18:14,589 => saving checkpoint to output\loveda\pidnet_small_lovedacheckpoint.pth.tar
2025-01-03 18:18:14,733 Loss: 4.070, MeanIU:  0.1631, Best_mIoU:  0.2068
2025-01-03 18:18:14,733 [0.         0.33967564 0.13104485 0.15104509 0.43575203 0.03962127
 0.04479811]
2025-01-03 18:18:14,812 Hours: 0
2025-01-03 18:18:14,812 Done
