2024-12-31 11:47:04,817 Namespace(cfg='configs/loveda/pidnet_small_loveda.yaml', seed=304, opts=[])
2024-12-31 11:47:04,817 AUTO_RESUME: False
CUDNN:
  BENCHMARK: True
  DETERMINISTIC: False
  ENABLED: True
DATASET:
  DATASET: loveda
  EXTRA_TRAIN_SET: 
  NUM_CLASSES: 7
  ROOT: data/
  TEST_SET: list/loveda/val.lst
  TRAIN_SET: list/loveda/train.lst
GPUS: (0,)
LOG_DIR: log
LOSS:
  BALANCE_WEIGHTS: [0.4, 1.0]
  CLASS_BALANCE: False
  OHEMKEEP: 131072
  OHEMTHRES: 0.9
  SB_WEIGHTS: 1.0
  USE_OHEM: True
MODEL:
  ALIGN_CORNERS: True
  NAME: pidnet_small
  NUM_OUTPUTS: 2
  PRETRAINED: pretrained_models/imagenet/PIDNet_S_ImageNet.pth.tar
OUTPUT_DIR: output
PIN_MEMORY: True
PRINT_FREQ: 10
TEST:
  BASE_SIZE: 2048
  BATCH_SIZE_PER_GPU: 6
  FLIP_TEST: False
  IMAGE_SIZE: [2048, 1024]
  MODEL_FILE: 
  MULTI_SCALE: False
  OUTPUT_INDEX: 1
TRAIN:
  BASE_SIZE: 2048
  BATCH_SIZE_PER_GPU: 6
  BEGIN_EPOCH: 0
  END_EPOCH: 20
  EXTRA_EPOCH: 0
  EXTRA_LR: 0.001
  FLIP: True
  IGNORE_LABEL: 0
  IMAGE_SIZE: [1024, 1024]
  LR: 0.01
  MOMENTUM: 0.9
  MULTI_SCALE: True
  NESTEROV: False
  OPTIMIZER: sgd
  RESUME: True
  SCALE_FACTOR: 16
  SHUFFLE: True
  WD: 0.0005
WORKERS: 4
2024-12-31 11:47:04,972 Attention!!!
2024-12-31 11:47:04,972 Loaded 302 parameters!
2024-12-31 11:47:04,973 Over!!!
2024-12-31 11:47:06,068 => loaded checkpoint (epoch 9)
2024-12-31 11:47:16,520 Epoch: [9/20] Iter:[0/227], Time: 10.45, lr: [0.0058388379291998025], Loss: 4.125183, Acc:0.337889, Semantic loss: 1.486786, BCE loss: 1.336063, SB loss: 1.302333
2024-12-31 11:47:20,328 Epoch: [9/20] Iter:[10/227], Time: 1.28, lr: [0.00581778863829781], Loss: 3.264107, Acc:0.475460, Semantic loss: 1.225049, BCE loss: 0.942705, SB loss: 1.096353
2024-12-31 11:47:24,025 Epoch: [9/20] Iter:[20/227], Time: 0.85, lr: [0.005796730881942295], Loss: 3.066384, Acc:0.415183, Semantic loss: 1.147762, BCE loss: 0.853943, SB loss: 1.064679
2024-12-31 11:47:27,787 Epoch: [9/20] Iter:[30/227], Time: 0.69, lr: [0.0057756646225316025], Loss: 3.151164, Acc:0.412281, Semantic loss: 1.156938, BCE loss: 0.917399, SB loss: 1.076826
2024-12-31 11:47:31,525 Epoch: [9/20] Iter:[40/227], Time: 0.62, lr: [0.0057545898221439355], Loss: 3.048241, Acc:0.413536, Semantic loss: 1.128606, BCE loss: 0.870018, SB loss: 1.049617
2024-12-31 11:47:35,293 Epoch: [9/20] Iter:[50/227], Time: 0.57, lr: [0.005733506442533308], Loss: 2.982522, Acc:0.422795, Semantic loss: 1.099963, BCE loss: 0.858631, SB loss: 1.023928
2024-12-31 11:47:39,022 Epoch: [9/20] Iter:[60/227], Time: 0.54, lr: [0.005712414445125439], Loss: 2.980937, Acc:0.422523, Semantic loss: 1.091651, BCE loss: 0.877309, SB loss: 1.011977
2024-12-31 11:47:42,761 Epoch: [9/20] Iter:[70/227], Time: 0.51, lr: [0.005691313791013579], Loss: 2.988346, Acc:0.420728, Semantic loss: 1.092747, BCE loss: 0.887962, SB loss: 1.007637
2024-12-31 11:47:46,552 Epoch: [9/20] Iter:[80/227], Time: 0.50, lr: [0.005670204440954257], Loss: 2.992806, Acc:0.424365, Semantic loss: 1.093257, BCE loss: 0.889883, SB loss: 1.009666
2024-12-31 11:47:50,312 Epoch: [9/20] Iter:[90/227], Time: 0.48, lr: [0.005649086355362966], Loss: 2.971769, Acc:0.429447, Semantic loss: 1.074395, BCE loss: 0.901735, SB loss: 0.995639
2024-12-31 11:47:54,098 Epoch: [9/20] Iter:[100/227], Time: 0.47, lr: [0.0056279594943097625], Loss: 2.954120, Acc:0.434497, Semantic loss: 1.065984, BCE loss: 0.900474, SB loss: 0.987662
2024-12-31 11:47:57,787 Epoch: [9/20] Iter:[110/227], Time: 0.46, lr: [0.005606823817514807], Loss: 2.959143, Acc:0.431155, Semantic loss: 1.069882, BCE loss: 0.900804, SB loss: 0.988457
2024-12-31 11:48:01,554 Epoch: [9/20] Iter:[120/227], Time: 0.46, lr: [0.005585679284343813], Loss: 2.964911, Acc:0.432372, Semantic loss: 1.071007, BCE loss: 0.903012, SB loss: 0.990892
2024-12-31 11:48:05,307 Epoch: [9/20] Iter:[130/227], Time: 0.45, lr: [0.0055645258538034245], Loss: 2.969194, Acc:0.431266, Semantic loss: 1.067882, BCE loss: 0.911157, SB loss: 0.990155
2024-12-31 11:48:09,057 Epoch: [9/20] Iter:[140/227], Time: 0.45, lr: [0.005543363484536517], Loss: 2.975151, Acc:0.430283, Semantic loss: 1.068833, BCE loss: 0.915482, SB loss: 0.990835
2024-12-31 11:48:12,823 Epoch: [9/20] Iter:[150/227], Time: 0.44, lr: [0.005522192134817401], Loss: 2.955789, Acc:0.431578, Semantic loss: 1.059266, BCE loss: 0.914373, SB loss: 0.982150
2024-12-31 11:48:16,710 Epoch: [9/20] Iter:[160/227], Time: 0.44, lr: [0.005501011762546963], Loss: 2.934175, Acc:0.437717, Semantic loss: 1.050537, BCE loss: 0.907211, SB loss: 0.976427
2024-12-31 11:48:20,569 Epoch: [9/20] Iter:[170/227], Time: 0.43, lr: [0.0054798223252477095], Loss: 2.948135, Acc:0.440150, Semantic loss: 1.055357, BCE loss: 0.914725, SB loss: 0.978054
2024-12-31 11:48:24,390 Epoch: [9/20] Iter:[180/227], Time: 0.43, lr: [0.005458623780058723], Loss: 2.959131, Acc:0.439163, Semantic loss: 1.058341, BCE loss: 0.917270, SB loss: 0.983521
2024-12-31 11:48:28,140 Epoch: [9/20] Iter:[190/227], Time: 0.43, lr: [0.0054374160837305265], Loss: 2.953169, Acc:0.436845, Semantic loss: 1.055605, BCE loss: 0.916918, SB loss: 0.980646
2024-12-31 11:48:31,913 Epoch: [9/20] Iter:[200/227], Time: 0.43, lr: [0.005416199192619867], Loss: 2.949146, Acc:0.437532, Semantic loss: 1.054066, BCE loss: 0.914036, SB loss: 0.981043
2024-12-31 11:48:35,681 Epoch: [9/20] Iter:[210/227], Time: 0.42, lr: [0.005394973062684407], Loss: 2.948741, Acc:0.435270, Semantic loss: 1.056569, BCE loss: 0.916127, SB loss: 0.976045
2024-12-31 11:48:39,460 Epoch: [9/20] Iter:[220/227], Time: 0.42, lr: [0.005373737649477294], Loss: 2.943957, Acc:0.435963, Semantic loss: 1.051580, BCE loss: 0.917803, SB loss: 0.974574
2024-12-31 11:50:28,556 0 [0.         0.34415737 0.20256156 0.10426627 0.35326278 0.01897435
 0.16927524] 0.17035679461550737
2024-12-31 11:50:28,556 1 [0.         0.25480321 0.24059135 0.12597193 0.27998719 0.04231866
 0.10461147] 0.14975483053025343
2024-12-31 11:50:28,562 => saving checkpoint to output\loveda\pidnet_small_lovedacheckpoint.pth.tar
2024-12-31 11:50:28,645 Loss: 4.329, MeanIU:  0.1498, Best_mIoU:  0.1688
2024-12-31 11:50:28,645 [0.         0.25480321 0.24059135 0.12597193 0.27998719 0.04231866
 0.10461147]
2024-12-31 11:50:35,409 Epoch: [10/20] Iter:[0/227], Time: 6.57, lr: [0.005358867312681466], Loss: 2.485172, Acc:0.376066, Semantic loss: 1.103647, BCE loss: 0.612475, SB loss: 0.769050
2024-12-31 11:50:39,326 Epoch: [10/20] Iter:[10/227], Time: 0.95, lr: [0.005337616014743714], Loss: 3.312985, Acc:0.439526, Semantic loss: 1.212926, BCE loss: 1.045247, SB loss: 1.054811
2024-12-31 11:50:43,118 Epoch: [10/20] Iter:[20/227], Time: 0.68, lr: [0.005316355311463885], Loss: 3.096800, Acc:0.439309, Semantic loss: 1.146699, BCE loss: 0.927864, SB loss: 1.022237
2024-12-31 11:50:46,852 Epoch: [10/20] Iter:[30/227], Time: 0.58, lr: [0.005295085156849787], Loss: 2.939996, Acc:0.433782, Semantic loss: 1.086387, BCE loss: 0.868341, SB loss: 0.985268
2024-12-31 11:50:50,617 Epoch: [10/20] Iter:[40/227], Time: 0.53, lr: [0.0052738055044779485], Loss: 2.945448, Acc:0.432912, Semantic loss: 1.073704, BCE loss: 0.898248, SB loss: 0.973495
2024-12-31 11:50:54,359 Epoch: [10/20] Iter:[50/227], Time: 0.50, lr: [0.005252516307487622], Loss: 2.922960, Acc:0.439684, Semantic loss: 1.039843, BCE loss: 0.912130, SB loss: 0.970987
2024-12-31 11:50:58,086 Epoch: [10/20] Iter:[60/227], Time: 0.48, lr: [0.00523121751857468], Loss: 2.910664, Acc:0.435197, Semantic loss: 1.057017, BCE loss: 0.884530, SB loss: 0.969117
2024-12-31 11:51:01,847 Epoch: [10/20] Iter:[70/227], Time: 0.46, lr: [0.005209909089985395], Loss: 2.893923, Acc:0.433236, Semantic loss: 1.056656, BCE loss: 0.883429, SB loss: 0.953838
2024-12-31 11:51:05,625 Epoch: [10/20] Iter:[80/227], Time: 0.45, lr: [0.005188590973510097], Loss: 2.919084, Acc:0.441202, Semantic loss: 1.059710, BCE loss: 0.896796, SB loss: 0.962577
2024-12-31 11:51:09,380 Epoch: [10/20] Iter:[90/227], Time: 0.45, lr: [0.0051672631204767215], Loss: 2.911262, Acc:0.447658, Semantic loss: 1.048245, BCE loss: 0.903505, SB loss: 0.959511
2024-12-31 11:51:13,125 Epoch: [10/20] Iter:[100/227], Time: 0.44, lr: [0.005145925481744236], Loss: 2.908167, Acc:0.444381, Semantic loss: 1.043674, BCE loss: 0.904816, SB loss: 0.959677
2024-12-31 11:51:16,890 Epoch: [10/20] Iter:[110/227], Time: 0.43, lr: [0.005124578007695928], Loss: 2.917910, Acc:0.446231, Semantic loss: 1.049789, BCE loss: 0.907039, SB loss: 0.961082
2024-12-31 11:51:20,627 Epoch: [10/20] Iter:[120/227], Time: 0.43, lr: [0.005103220648232591], Loss: 2.930657, Acc:0.443422, Semantic loss: 1.056652, BCE loss: 0.898899, SB loss: 0.975105
2024-12-31 11:51:24,412 Epoch: [10/20] Iter:[130/227], Time: 0.42, lr: [0.0050818533527655545], Loss: 2.932455, Acc:0.447446, Semantic loss: 1.058438, BCE loss: 0.906782, SB loss: 0.967235
2024-12-31 11:51:28,202 Epoch: [10/20] Iter:[140/227], Time: 0.42, lr: [0.005060476070209595], Loss: 2.920720, Acc:0.451205, Semantic loss: 1.046366, BCE loss: 0.907833, SB loss: 0.966521
2024-12-31 11:51:31,955 Epoch: [10/20] Iter:[150/227], Time: 0.42, lr: [0.00503908874897571], Loss: 2.900666, Acc:0.451893, Semantic loss: 1.034472, BCE loss: 0.902921, SB loss: 0.963272
2024-12-31 11:51:35,679 Epoch: [10/20] Iter:[160/227], Time: 0.42, lr: [0.005017691336963749], Loss: 2.900009, Acc:0.450690, Semantic loss: 1.035482, BCE loss: 0.901511, SB loss: 0.963017
2024-12-31 11:51:39,429 Epoch: [10/20] Iter:[170/227], Time: 0.41, lr: [0.004996283781554899], Loss: 2.906926, Acc:0.447986, Semantic loss: 1.042432, BCE loss: 0.900671, SB loss: 0.963822
2024-12-31 11:51:43,215 Epoch: [10/20] Iter:[180/227], Time: 0.41, lr: [0.004974866029604025], Loss: 2.910017, Acc:0.448180, Semantic loss: 1.041052, BCE loss: 0.903802, SB loss: 0.965163
2024-12-31 11:51:46,954 Epoch: [10/20] Iter:[190/227], Time: 0.41, lr: [0.0049534380274318685], Loss: 2.915330, Acc:0.445667, Semantic loss: 1.039785, BCE loss: 0.909268, SB loss: 0.966277
2024-12-31 11:51:50,764 Epoch: [10/20] Iter:[200/227], Time: 0.41, lr: [0.004931999720817079], Loss: 2.915730, Acc:0.447611, Semantic loss: 1.037913, BCE loss: 0.912486, SB loss: 0.965331
2024-12-31 11:51:54,490 Epoch: [10/20] Iter:[210/227], Time: 0.41, lr: [0.004910551054988095], Loss: 2.918808, Acc:0.444388, Semantic loss: 1.038852, BCE loss: 0.914415, SB loss: 0.965541
2024-12-31 11:51:58,234 Epoch: [10/20] Iter:[220/227], Time: 0.40, lr: [0.004889091974614862], Loss: 2.923149, Acc:0.443104, Semantic loss: 1.040705, BCE loss: 0.918293, SB loss: 0.964151
2024-12-31 11:53:30,320 0 [0.         0.34290881 0.22363267 0.13375483 0.3285835  0.00513264
 0.17004954] 0.17200885348506642
2024-12-31 11:53:30,321 1 [0.         0.33192085 0.14353481 0.13432234 0.3532753  0.0511277
 0.15291386] 0.16672783541610045
2024-12-31 11:53:30,327 => saving checkpoint to output\loveda\pidnet_small_lovedacheckpoint.pth.tar
2024-12-31 11:53:30,405 Loss: 4.019, MeanIU:  0.1667, Best_mIoU:  0.1688
2024-12-31 11:53:30,405 [0.         0.33192085 0.14353481 0.13432234 0.3532753  0.0511277
 0.15291386]
2024-12-31 11:53:37,078 Epoch: [11/20] Iter:[0/227], Time: 6.48, lr: [0.004874064391789954], Loss: 2.433494, Acc:0.495986, Semantic loss: 0.675674, BCE loss: 0.800100, SB loss: 0.957720
2024-12-31 11:53:40,790 Epoch: [11/20] Iter:[10/227], Time: 0.93, lr: [0.004852587478100035], Loss: 2.918514, Acc:0.392153, Semantic loss: 1.032397, BCE loss: 0.848949, SB loss: 1.037168
2024-12-31 11:53:44,555 Epoch: [11/20] Iter:[20/227], Time: 0.66, lr: [0.004831099997618372], Loss: 2.773646, Acc:0.420582, Semantic loss: 0.960631, BCE loss: 0.865325, SB loss: 0.947690
2024-12-31 11:53:48,307 Epoch: [11/20] Iter:[30/227], Time: 0.57, lr: [0.004809601892873693], Loss: 2.925119, Acc:0.428120, Semantic loss: 0.997719, BCE loss: 0.931108, SB loss: 0.996293
2024-12-31 11:53:52,057 Epoch: [11/20] Iter:[40/227], Time: 0.52, lr: [0.004788093105795017], Loss: 2.919091, Acc:0.440258, Semantic loss: 1.004693, BCE loss: 0.925840, SB loss: 0.988558
2024-12-31 11:53:55,860 Epoch: [11/20] Iter:[50/227], Time: 0.50, lr: [0.00476657357770237], Loss: 2.926721, Acc:0.450800, Semantic loss: 1.029195, BCE loss: 0.931179, SB loss: 0.966347
2024-12-31 11:53:59,638 Epoch: [11/20] Iter:[60/227], Time: 0.48, lr: [0.004745043249297314], Loss: 2.875259, Acc:0.459681, Semantic loss: 1.005986, BCE loss: 0.905029, SB loss: 0.964244
2024-12-31 11:54:03,377 Epoch: [11/20] Iter:[70/227], Time: 0.46, lr: [0.0047235020606532716], Loss: 2.859250, Acc:0.459028, Semantic loss: 1.007578, BCE loss: 0.894669, SB loss: 0.957003
2024-12-31 11:54:07,142 Epoch: [11/20] Iter:[80/227], Time: 0.45, lr: [0.004701949951205656], Loss: 2.823462, Acc:0.456847, Semantic loss: 0.998418, BCE loss: 0.884938, SB loss: 0.940106
2024-12-31 11:54:10,896 Epoch: [11/20] Iter:[90/227], Time: 0.44, lr: [0.0046803868597417924], Loss: 2.865273, Acc:0.454844, Semantic loss: 1.014907, BCE loss: 0.897489, SB loss: 0.952877
2024-12-31 11:54:14,653 Epoch: [11/20] Iter:[100/227], Time: 0.44, lr: [0.004658812724390629], Loss: 2.875474, Acc:0.450730, Semantic loss: 1.021646, BCE loss: 0.896527, SB loss: 0.957300
2024-12-31 11:54:18,417 Epoch: [11/20] Iter:[110/227], Time: 0.43, lr: [0.004637227482612229], Loss: 2.872110, Acc:0.453533, Semantic loss: 1.018847, BCE loss: 0.879449, SB loss: 0.973815
2024-12-31 11:54:22,205 Epoch: [11/20] Iter:[120/227], Time: 0.43, lr: [0.00461563107118704], Loss: 2.879772, Acc:0.451326, Semantic loss: 1.022080, BCE loss: 0.881883, SB loss: 0.975810
2024-12-31 11:54:25,977 Epoch: [11/20] Iter:[130/227], Time: 0.42, lr: [0.004594023426204936], Loss: 2.909767, Acc:0.447829, Semantic loss: 1.034298, BCE loss: 0.888815, SB loss: 0.986654
2024-12-31 11:54:29,713 Epoch: [11/20] Iter:[140/227], Time: 0.42, lr: [0.004572404483054026], Loss: 2.918365, Acc:0.440349, Semantic loss: 1.039788, BCE loss: 0.897169, SB loss: 0.981407
2024-12-31 11:54:33,481 Epoch: [11/20] Iter:[150/227], Time: 0.42, lr: [0.004550774176409209], Loss: 2.920408, Acc:0.440883, Semantic loss: 1.042754, BCE loss: 0.895603, SB loss: 0.982052
2024-12-31 11:54:37,272 Epoch: [11/20] Iter:[160/227], Time: 0.41, lr: [0.0045291324402205076], Loss: 2.907742, Acc:0.444757, Semantic loss: 1.034980, BCE loss: 0.896705, SB loss: 0.976058
2024-12-31 11:54:41,000 Epoch: [11/20] Iter:[170/227], Time: 0.41, lr: [0.004507479207701116], Loss: 2.905944, Acc:0.441947, Semantic loss: 1.036926, BCE loss: 0.897361, SB loss: 0.971658
2024-12-31 11:54:44,703 Epoch: [11/20] Iter:[180/227], Time: 0.41, lr: [0.004485814411315208], Loss: 2.892109, Acc:0.438400, Semantic loss: 1.031004, BCE loss: 0.892902, SB loss: 0.968203
2024-12-31 11:54:48,489 Epoch: [11/20] Iter:[190/227], Time: 0.41, lr: [0.004464137982765471], Loss: 2.902694, Acc:0.441227, Semantic loss: 1.030304, BCE loss: 0.897406, SB loss: 0.974983
2024-12-31 11:54:52,289 Epoch: [11/20] Iter:[200/227], Time: 0.41, lr: [0.004442449852980359], Loss: 2.916676, Acc:0.442297, Semantic loss: 1.038666, BCE loss: 0.903480, SB loss: 0.974530
2024-12-31 11:54:56,081 Epoch: [11/20] Iter:[210/227], Time: 0.41, lr: [0.00442074995210107], Loss: 2.915371, Acc:0.446031, Semantic loss: 1.039492, BCE loss: 0.907584, SB loss: 0.968296
2024-12-31 11:54:59,835 Epoch: [11/20] Iter:[220/227], Time: 0.40, lr: [0.004399038209468219], Loss: 2.923080, Acc:0.446015, Semantic loss: 1.040153, BCE loss: 0.914954, SB loss: 0.967972
2024-12-31 11:56:31,603 0 [0.         0.35467127 0.30727912 0.09750829 0.42437179 0.01237404
 0.15272783] 0.19270461881201303
2024-12-31 11:56:31,603 1 [0.         0.38617794 0.20411692 0.10850443 0.41815254 0.0502365
 0.19147648] 0.1940949724437824
2024-12-31 11:56:31,609 => saving checkpoint to output\loveda\pidnet_small_lovedacheckpoint.pth.tar
2024-12-31 11:56:31,730 Loss: 3.606, MeanIU:  0.1941, Best_mIoU:  0.1941
2024-12-31 11:56:31,730 [0.         0.38617794 0.20411692 0.10850443 0.41815254 0.0502365
 0.19147648]
2024-12-31 11:56:38,414 Epoch: [12/20] Iter:[0/227], Time: 6.49, lr: [0.0043838329055408696], Loss: 3.685839, Acc:0.437853, Semantic loss: 1.796140, BCE loss: 0.844000, SB loss: 1.045699
2024-12-31 11:56:42,227 Epoch: [12/20] Iter:[10/227], Time: 0.94, lr: [0.004362100867452226], Loss: 3.131145, Acc:0.472954, Semantic loss: 1.120709, BCE loss: 0.996134, SB loss: 1.014302
2024-12-31 11:56:45,956 Epoch: [12/20] Iter:[20/227], Time: 0.67, lr: [0.004340356792723223], Loss: 3.009681, Acc:0.439676, Semantic loss: 1.078917, BCE loss: 0.926441, SB loss: 1.004323
2024-12-31 11:56:49,675 Epoch: [12/20] Iter:[30/227], Time: 0.57, lr: [0.004318600607611503], Loss: 2.913409, Acc:0.439857, Semantic loss: 1.047556, BCE loss: 0.897799, SB loss: 0.968054
2024-12-31 11:56:53,406 Epoch: [12/20] Iter:[40/227], Time: 0.52, lr: [0.004296832237507378], Loss: 2.932860, Acc:0.428820, Semantic loss: 1.047238, BCE loss: 0.895999, SB loss: 0.989623
2024-12-31 11:56:57,147 Epoch: [12/20] Iter:[50/227], Time: 0.49, lr: [0.004275051606918693], Loss: 2.838135, Acc:0.441005, Semantic loss: 1.013732, BCE loss: 0.867965, SB loss: 0.956437
2024-12-31 11:57:00,943 Epoch: [12/20] Iter:[60/227], Time: 0.48, lr: [0.00425325863945532], Loss: 2.838329, Acc:0.451147, Semantic loss: 1.019236, BCE loss: 0.874571, SB loss: 0.944522
2024-12-31 11:57:04,733 Epoch: [12/20] Iter:[70/227], Time: 0.46, lr: [0.004231453257813313], Loss: 2.856629, Acc:0.461368, Semantic loss: 1.032576, BCE loss: 0.884970, SB loss: 0.939082
2024-12-31 11:57:08,498 Epoch: [12/20] Iter:[80/227], Time: 0.45, lr: [0.004209635383758669], Loss: 2.851770, Acc:0.463711, Semantic loss: 1.035206, BCE loss: 0.877913, SB loss: 0.938651
2024-12-31 11:57:12,234 Epoch: [12/20] Iter:[90/227], Time: 0.44, lr: [0.004187804938110719], Loss: 2.875196, Acc:0.461192, Semantic loss: 1.038409, BCE loss: 0.885198, SB loss: 0.951590
2024-12-31 11:57:16,009 Epoch: [12/20] Iter:[100/227], Time: 0.44, lr: [0.00416596184072512], Loss: 2.877968, Acc:0.464816, Semantic loss: 1.043936, BCE loss: 0.885058, SB loss: 0.948974
2024-12-31 11:57:19,743 Epoch: [12/20] Iter:[110/227], Time: 0.43, lr: [0.004144106010476436], Loss: 2.878907, Acc:0.459228, Semantic loss: 1.048028, BCE loss: 0.884620, SB loss: 0.946259
2024-12-31 11:57:23,471 Epoch: [12/20] Iter:[120/227], Time: 0.43, lr: [0.004122237365240315], Loss: 2.858616, Acc:0.458167, Semantic loss: 1.033805, BCE loss: 0.884279, SB loss: 0.940532
2024-12-31 11:57:27,267 Epoch: [12/20] Iter:[130/227], Time: 0.42, lr: [0.004100355821875209], Loss: 2.869340, Acc:0.459525, Semantic loss: 1.033486, BCE loss: 0.892957, SB loss: 0.942896
2024-12-31 11:57:31,002 Epoch: [12/20] Iter:[140/227], Time: 0.42, lr: [0.00407846129620368], Loss: 2.851599, Acc:0.458972, Semantic loss: 1.026018, BCE loss: 0.891207, SB loss: 0.934375
2024-12-31 11:57:34,698 Epoch: [12/20] Iter:[150/227], Time: 0.42, lr: [0.004056553702993226], Loss: 2.846838, Acc:0.453601, Semantic loss: 1.028274, BCE loss: 0.887552, SB loss: 0.931012
2024-12-31 11:57:38,429 Epoch: [12/20] Iter:[160/227], Time: 0.41, lr: [0.004034632955936646], Loss: 2.859023, Acc:0.451132, Semantic loss: 1.031487, BCE loss: 0.890899, SB loss: 0.936637
2024-12-31 11:57:42,186 Epoch: [12/20] Iter:[170/227], Time: 0.41, lr: [0.004012698967631911], Loss: 2.865169, Acc:0.451026, Semantic loss: 1.032756, BCE loss: 0.891945, SB loss: 0.940468
2024-12-31 11:57:45,950 Epoch: [12/20] Iter:[180/227], Time: 0.41, lr: [0.003990751649561542], Loss: 2.858314, Acc:0.448433, Semantic loss: 1.030532, BCE loss: 0.891049, SB loss: 0.936733
2024-12-31 11:57:49,702 Epoch: [12/20] Iter:[190/227], Time: 0.41, lr: [0.003968790912071464], Loss: 2.850797, Acc:0.446453, Semantic loss: 1.025120, BCE loss: 0.889562, SB loss: 0.936115
2024-12-31 11:57:53,467 Epoch: [12/20] Iter:[200/227], Time: 0.41, lr: [0.003946816664349332], Loss: 2.846888, Acc:0.446939, Semantic loss: 1.030061, BCE loss: 0.884594, SB loss: 0.932233
2024-12-31 11:57:57,244 Epoch: [12/20] Iter:[210/227], Time: 0.40, lr: [0.003924828814402302], Loss: 2.855547, Acc:0.448601, Semantic loss: 1.031185, BCE loss: 0.889858, SB loss: 0.934505
2024-12-31 11:58:01,057 Epoch: [12/20] Iter:[220/227], Time: 0.40, lr: [0.003902827269034236], Loss: 2.841738, Acc:0.453087, Semantic loss: 1.022522, BCE loss: 0.889108, SB loss: 0.930108
2024-12-31 11:59:33,097 0 [0.         0.44880367 0.22753396 0.09113    0.41461186 0.00383548
 0.11773456] 0.18623564582706886
2024-12-31 11:59:33,097 1 [0.         0.35170993 0.11417628 0.08312854 0.51977845 0.04212164
 0.08851675] 0.17134737110242307
2024-12-31 11:59:33,103 => saving checkpoint to output\loveda\pidnet_small_lovedacheckpoint.pth.tar
2024-12-31 11:59:33,182 Loss: 3.932, MeanIU:  0.1713, Best_mIoU:  0.1941
2024-12-31 11:59:33,183 [0.         0.35170993 0.11417628 0.08312854 0.51977845 0.04212164
 0.08851675]
2024-12-31 11:59:40,151 Epoch: [13/20] Iter:[0/227], Time: 6.78, lr: [0.0038874179879876346], Loss: 1.542370, Acc:0.472870, Semantic loss: 0.521800, BCE loss: 0.504537, SB loss: 0.516033
2024-12-31 11:59:43,886 Epoch: [13/20] Iter:[10/227], Time: 0.96, lr: [0.0038653929430347163], Loss: 2.526732, Acc:0.460087, Semantic loss: 0.875966, BCE loss: 0.757336, SB loss: 0.893430
2024-12-31 11:59:47,635 Epoch: [13/20] Iter:[20/227], Time: 0.68, lr: [0.0038433539448357672], Loss: 2.680333, Acc:0.454582, Semantic loss: 0.936329, BCE loss: 0.881402, SB loss: 0.862602
2024-12-31 11:59:51,392 Epoch: [13/20] Iter:[30/227], Time: 0.58, lr: [0.0038213008955343786], Loss: 2.683242, Acc:0.449763, Semantic loss: 0.932840, BCE loss: 0.876002, SB loss: 0.874400
2024-12-31 11:59:55,165 Epoch: [13/20] Iter:[40/227], Time: 0.53, lr: [0.003799233695955553], Loss: 2.746881, Acc:0.434104, Semantic loss: 0.973207, BCE loss: 0.886359, SB loss: 0.887314
2024-12-31 11:59:58,934 Epoch: [13/20] Iter:[50/227], Time: 0.50, lr: [0.003777152245579302], Loss: 2.777124, Acc:0.440604, Semantic loss: 0.975003, BCE loss: 0.893792, SB loss: 0.908329
2024-12-31 12:00:02,696 Epoch: [13/20] Iter:[60/227], Time: 0.48, lr: [0.003755056442513544], Loss: 2.770313, Acc:0.440068, Semantic loss: 0.968571, BCE loss: 0.897776, SB loss: 0.903967
2024-12-31 12:00:06,501 Epoch: [13/20] Iter:[70/227], Time: 0.47, lr: [0.003732946183466279], Loss: 2.775635, Acc:0.443845, Semantic loss: 0.978739, BCE loss: 0.892629, SB loss: 0.904267
2024-12-31 12:00:10,259 Epoch: [13/20] Iter:[80/227], Time: 0.46, lr: [0.0037108213637170057], Loss: 2.798521, Acc:0.445843, Semantic loss: 0.992762, BCE loss: 0.888702, SB loss: 0.917057
2024-12-31 12:00:13,999 Epoch: [13/20] Iter:[90/227], Time: 0.45, lr: [0.003688681877087366], Loss: 2.778315, Acc:0.448683, Semantic loss: 0.995333, BCE loss: 0.867008, SB loss: 0.915974
2024-12-31 12:00:17,764 Epoch: [13/20] Iter:[100/227], Time: 0.44, lr: [0.0036665276159109817], Loss: 2.762993, Acc:0.450346, Semantic loss: 0.987721, BCE loss: 0.868753, SB loss: 0.906518
2024-12-31 12:00:21,561 Epoch: [13/20] Iter:[110/227], Time: 0.43, lr: [0.0036443584710024696], Loss: 2.815860, Acc:0.450716, Semantic loss: 1.008143, BCE loss: 0.890934, SB loss: 0.916783
2024-12-31 12:00:25,356 Epoch: [13/20] Iter:[120/227], Time: 0.43, lr: [0.0036221743316255882], Loss: 2.807531, Acc:0.453322, Semantic loss: 1.008785, BCE loss: 0.881017, SB loss: 0.917728
2024-12-31 12:00:29,103 Epoch: [13/20] Iter:[130/227], Time: 0.43, lr: [0.0035999750854604964], Loss: 2.804776, Acc:0.453188, Semantic loss: 1.004321, BCE loss: 0.881457, SB loss: 0.918999
2024-12-31 12:00:32,814 Epoch: [13/20] Iter:[140/227], Time: 0.42, lr: [0.003577760618570095], Loss: 2.781550, Acc:0.451657, Semantic loss: 0.994774, BCE loss: 0.877403, SB loss: 0.909372
2024-12-31 12:00:36,577 Epoch: [13/20] Iter:[150/227], Time: 0.42, lr: [0.0035555308153654174], Loss: 2.798253, Acc:0.452594, Semantic loss: 1.003072, BCE loss: 0.881326, SB loss: 0.913856
2024-12-31 12:00:40,312 Epoch: [13/20] Iter:[160/227], Time: 0.42, lr: [0.003533285558570021], Loss: 2.799205, Acc:0.451000, Semantic loss: 1.000636, BCE loss: 0.889761, SB loss: 0.908808
2024-12-31 12:00:44,090 Epoch: [13/20] Iter:[170/227], Time: 0.41, lr: [0.003511024729183378], Loss: 2.801502, Acc:0.449370, Semantic loss: 1.003528, BCE loss: 0.887968, SB loss: 0.910006
2024-12-31 12:00:47,877 Epoch: [13/20] Iter:[180/227], Time: 0.41, lr: [0.003488748206443187], Loss: 2.816885, Acc:0.451976, Semantic loss: 1.001832, BCE loss: 0.903714, SB loss: 0.911338
2024-12-31 12:00:51,660 Epoch: [13/20] Iter:[190/227], Time: 0.41, lr: [0.0034664558677866], Loss: 2.812945, Acc:0.454510, Semantic loss: 0.997876, BCE loss: 0.906040, SB loss: 0.909029
2024-12-31 12:00:55,397 Epoch: [13/20] Iter:[200/227], Time: 0.41, lr: [0.00344414758881031], Loss: 2.801698, Acc:0.453514, Semantic loss: 0.997366, BCE loss: 0.892049, SB loss: 0.912283
2024-12-31 12:00:59,187 Epoch: [13/20] Iter:[210/227], Time: 0.41, lr: [0.0034218232432294544], Loss: 2.810910, Acc:0.452913, Semantic loss: 1.001206, BCE loss: 0.896869, SB loss: 0.912835
2024-12-31 12:01:02,973 Epoch: [13/20] Iter:[220/227], Time: 0.41, lr: [0.0033994827028353087], Loss: 2.801926, Acc:0.455052, Semantic loss: 0.996913, BCE loss: 0.888916, SB loss: 0.916097
2024-12-31 12:02:35,057 0 [0.         0.28537072 0.21836558 0.1377001  0.4175142  0.03931602
 0.15242867] 0.17867075634563415
2024-12-31 12:02:35,058 1 [0.         0.31772749 0.15845519 0.15220349 0.464759   0.05753472
 0.184253  ] 0.19070469790636896
2024-12-31 12:02:35,063 => saving checkpoint to output\loveda\pidnet_small_lovedacheckpoint.pth.tar
2024-12-31 12:02:35,143 Loss: 3.957, MeanIU:  0.1907, Best_mIoU:  0.1941
2024-12-31 12:02:35,143 [0.         0.31772749 0.15845519 0.15220349 0.464759   0.05753472
 0.184253  ]
2024-12-31 12:02:41,894 Epoch: [14/20] Iter:[0/227], Time: 6.56, lr: [0.0033838346190164987], Loss: 1.996899, Acc:0.741853, Semantic loss: 0.700689, BCE loss: 0.680838, SB loss: 0.615371
2024-12-31 12:02:45,688 Epoch: [14/20] Iter:[10/227], Time: 0.94, lr: [0.0033614662476096646], Loss: 2.711885, Acc:0.494622, Semantic loss: 1.016652, BCE loss: 0.816361, SB loss: 0.878871
2024-12-31 12:02:49,445 Epoch: [14/20] Iter:[20/227], Time: 0.67, lr: [0.003339081325270813], Loss: 2.655288, Acc:0.484412, Semantic loss: 0.985314, BCE loss: 0.803792, SB loss: 0.866183
2024-12-31 12:02:53,227 Epoch: [14/20] Iter:[30/227], Time: 0.58, lr: [0.003316679716283506], Loss: 2.818482, Acc:0.466710, Semantic loss: 1.013662, BCE loss: 0.865229, SB loss: 0.939590
2024-12-31 12:02:56,961 Epoch: [14/20] Iter:[40/227], Time: 0.53, lr: [0.003294261282790769], Loss: 2.835669, Acc:0.456955, Semantic loss: 1.000446, BCE loss: 0.872099, SB loss: 0.963124
2024-12-31 12:03:00,722 Epoch: [14/20] Iter:[50/227], Time: 0.50, lr: [0.003271825884744876], Loss: 2.835885, Acc:0.466660, Semantic loss: 1.002866, BCE loss: 0.871316, SB loss: 0.961703
2024-12-31 12:03:04,520 Epoch: [14/20] Iter:[60/227], Time: 0.48, lr: [0.0032493733798555674], Loss: 2.830859, Acc:0.482200, Semantic loss: 0.984185, BCE loss: 0.881921, SB loss: 0.964753
2024-12-31 12:03:08,278 Epoch: [14/20] Iter:[70/227], Time: 0.46, lr: [0.0032269036235366287], Loss: 2.818843, Acc:0.476157, Semantic loss: 1.000145, BCE loss: 0.865986, SB loss: 0.952712
2024-12-31 12:03:12,038 Epoch: [14/20] Iter:[80/227], Time: 0.45, lr: [0.0032044164688507844], Loss: 2.808781, Acc:0.474885, Semantic loss: 0.991825, BCE loss: 0.868379, SB loss: 0.948577
2024-12-31 12:03:15,777 Epoch: [14/20] Iter:[90/227], Time: 0.44, lr: [0.0031819117664528174], Loss: 2.782621, Acc:0.468329, Semantic loss: 0.988770, BCE loss: 0.858248, SB loss: 0.935603
2024-12-31 12:03:19,531 Epoch: [14/20] Iter:[100/227], Time: 0.44, lr: [0.0031593893645308637], Loss: 2.785051, Acc:0.466842, Semantic loss: 0.990668, BCE loss: 0.861246, SB loss: 0.933137
2024-12-31 12:03:23,317 Epoch: [14/20] Iter:[110/227], Time: 0.43, lr: [0.0031368491087457907], Loss: 2.781249, Acc:0.468304, Semantic loss: 0.995355, BCE loss: 0.856383, SB loss: 0.929511
2024-12-31 12:03:27,073 Epoch: [14/20] Iter:[120/227], Time: 0.43, lr: [0.003114290842168598], Loss: 2.786789, Acc:0.467667, Semantic loss: 0.992572, BCE loss: 0.866486, SB loss: 0.927731
2024-12-31 12:03:30,825 Epoch: [14/20] Iter:[130/227], Time: 0.42, lr: [0.003091714405215743], Loss: 2.801025, Acc:0.465615, Semantic loss: 0.995620, BCE loss: 0.874445, SB loss: 0.930960
2024-12-31 12:03:34,606 Epoch: [14/20] Iter:[140/227], Time: 0.42, lr: [0.0030691196355823154], Loss: 2.810914, Acc:0.463448, Semantic loss: 1.000548, BCE loss: 0.874246, SB loss: 0.936120
2024-12-31 12:03:38,368 Epoch: [14/20] Iter:[150/227], Time: 0.42, lr: [0.003046506368172974], Loss: 2.817415, Acc:0.463612, Semantic loss: 1.002492, BCE loss: 0.871252, SB loss: 0.943671
2024-12-31 12:03:42,140 Epoch: [14/20] Iter:[160/227], Time: 0.41, lr: [0.0030238744350305374], Loss: 2.819005, Acc:0.464109, Semantic loss: 1.002296, BCE loss: 0.876234, SB loss: 0.940475
2024-12-31 12:03:45,866 Epoch: [14/20] Iter:[170/227], Time: 0.41, lr: [0.003001223665262146], Loss: 2.810260, Acc:0.460647, Semantic loss: 0.998796, BCE loss: 0.870079, SB loss: 0.941385
2024-12-31 12:03:49,639 Epoch: [14/20] Iter:[180/227], Time: 0.41, lr: [0.002978553884962877], Loss: 2.827226, Acc:0.456980, Semantic loss: 1.000644, BCE loss: 0.879918, SB loss: 0.946664
2024-12-31 12:03:53,405 Epoch: [14/20] Iter:[190/227], Time: 0.41, lr: [0.0029558649171367098], Loss: 2.814213, Acc:0.458251, Semantic loss: 0.996665, BCE loss: 0.875450, SB loss: 0.942097
2024-12-31 12:03:57,171 Epoch: [14/20] Iter:[200/227], Time: 0.41, lr: [0.0029331565816147266], Loss: 2.815906, Acc:0.456386, Semantic loss: 0.995467, BCE loss: 0.880311, SB loss: 0.940128
2024-12-31 12:04:00,964 Epoch: [14/20] Iter:[210/227], Time: 0.41, lr: [0.002910428694970427], Loss: 2.825842, Acc:0.457093, Semantic loss: 0.998522, BCE loss: 0.881622, SB loss: 0.945698
2024-12-31 12:04:04,756 Epoch: [14/20] Iter:[220/227], Time: 0.40, lr: [0.002887681070432025], Loss: 2.825494, Acc:0.457975, Semantic loss: 0.996747, BCE loss: 0.885124, SB loss: 0.943623
2024-12-31 12:05:36,791 0 [0.         0.45274546 0.24180699 0.09587    0.44701069 0.00092338
 0.11892431] 0.19389726377539254
2024-12-31 12:05:36,791 1 [0.         0.30271666 0.1128295  0.08034669 0.4802568  0.0122753
 0.07476894] 0.15188483934329455
2024-12-31 12:05:36,797 => saving checkpoint to output\loveda\pidnet_small_lovedacheckpoint.pth.tar
2024-12-31 12:05:36,875 Loss: 4.068, MeanIU:  0.1519, Best_mIoU:  0.1941
2024-12-31 12:05:36,875 [0.         0.30271666 0.1128295  0.08034669 0.4802568  0.0122753
 0.07476894]
2024-12-31 12:05:43,604 Epoch: [15/20] Iter:[0/227], Time: 6.55, lr: [0.0028717458874925874], Loss: 4.068951, Acc:0.193853, Semantic loss: 2.038133, BCE loss: 1.026908, SB loss: 1.003910
