2025-01-14 17:44:17,115 Namespace(cfg='configs/loveda/pidnet_small_loveda.yaml', opts=[], seed=304)
2025-01-14 17:44:17,116 AUTO_RESUME: False
CUDNN:
  BENCHMARK: True
  DETERMINISTIC: False
  ENABLED: True
DATASET:
  DATASET: loveda
  EXTRA_TRAIN_SET: 
  NUM_CLASSES: 7
  ROOT: data/
  TEST_SET: list/loveda/urban_rural/val.lst
  TRAIN_SET: list/loveda/urban_rural/train.lst
GPUS: (0,)
LOG_DIR: log
LOSS:
  BALANCE_WEIGHTS: [0.4, 1.0]
  CLASS_BALANCE: False
  OHEMKEEP: 131072
  OHEMTHRES: 0.9
  SB_WEIGHTS: 1.0
  USE_OHEM: True
MODEL:
  ALIGN_CORNERS: True
  NAME: pidnet_small
  NUM_OUTPUTS: 2
  PRETRAINED: pretrained_models/imagenet/PIDNet_S_ImageNet.pth.tar
OUTPUT_DIR: output
PIN_MEMORY: True
PRINT_FREQ: 10
TEST:
  BASE_SIZE: 2048
  BATCH_SIZE_PER_GPU: 6
  FLIP_TEST: False
  IMAGE_SIZE: [2048, 1024]
  MODEL_FILE: output/loveda/pidnet_small_loveda/final_state.pt
  MULTI_SCALE: False
  OUTPUT_INDEX: 1
TRAIN:
  AUGMENTATION:
    ENABLE: False
    PROBABILITY: 0.5
    TECHNIQUES:
      GAUSSIAN_BLUR: False
      HORIZONTAL_FLIP: True
      MULTIPLY: False
      RANDOM_BRIGHTNESS: False
  BASE_SIZE: 2048
  BATCH_SIZE_PER_GPU: 6
  BEGIN_EPOCH: 0
  END_EPOCH: 20
  EXTRA_EPOCH: 0
  EXTRA_LR: 0.001
  FLIP: False
  IGNORE_LABEL: 0
  IMAGE_SIZE: [1024, 1024]
  LR: 0.01
  MOMENTUM: 0.9
  MULTI_SCALE: False
  NESTEROV: False
  OPTIMIZER: sgd
  RESUME: True
  SCALE_FACTOR: 16
  SHUFFLE: True
  WD: 0.0005
WORKERS: 4
2025-01-14 17:44:17,227 Attention!!!
2025-01-14 17:44:17,227 Loaded 302 parameters!
2025-01-14 17:44:17,227 Over!!!
2025-01-14 17:44:32,888 Epoch: [0/20] Iter:[0/192], Time: 14.86, lr: [0.01], Loss: 16.089119, Acc:0.140091, Semantic loss: 6.907948, BCE loss: 3.831295, SB loss: 5.349877
2025-01-14 17:44:38,790 Epoch: [0/20] Iter:[10/192], Time: 1.86, lr: [0.009976559445324192], Loss: 11.820320, Acc:0.301887, Semantic loss: 5.299894, BCE loss: 2.613593, SB loss: 3.906832
2025-01-14 17:44:45,015 Epoch: [0/20] Iter:[20/192], Time: 1.27, lr: [0.009953112769592761], Loss: 9.364125, Acc:0.362503, Semantic loss: 4.195565, BCE loss: 2.291987, SB loss: 2.876574
2025-01-14 17:44:50,394 Epoch: [0/20] Iter:[30/192], Time: 1.04, lr: [0.009929659955177281], Loss: 8.035139, Acc:0.392668, Semantic loss: 3.526504, BCE loss: 2.112295, SB loss: 2.396340
2025-01-14 17:44:55,978 Epoch: [0/20] Iter:[40/192], Time: 0.92, lr: [0.009906200984352154], Loss: 7.232712, Acc:0.400189, Semantic loss: 3.154969, BCE loss: 1.980005, SB loss: 2.097737
2025-01-14 17:45:01,538 Epoch: [0/20] Iter:[50/192], Time: 0.85, lr: [0.009882735839293803], Loss: 6.669908, Acc:0.428634, Semantic loss: 2.885152, BCE loss: 1.892744, SB loss: 1.892012
2025-01-14 17:45:07,023 Epoch: [0/20] Iter:[60/192], Time: 0.80, lr: [0.00985926450207989], Loss: 6.353806, Acc:0.432671, Semantic loss: 2.732807, BCE loss: 1.836517, SB loss: 1.784482
2025-01-14 17:45:12,706 Epoch: [0/20] Iter:[70/192], Time: 0.77, lr: [0.009835786954688485], Loss: 6.085905, Acc:0.435298, Semantic loss: 2.594815, BCE loss: 1.795995, SB loss: 1.695095
2025-01-14 17:45:18,163 Epoch: [0/20] Iter:[80/192], Time: 0.74, lr: [0.00981230317899726], Loss: 5.931912, Acc:0.440446, Semantic loss: 2.495700, BCE loss: 1.762503, SB loss: 1.673709
2025-01-14 17:45:23,368 Epoch: [0/20] Iter:[90/192], Time: 0.72, lr: [0.009788813156782662], Loss: 5.797583, Acc:0.443254, Semantic loss: 2.430382, BCE loss: 1.747793, SB loss: 1.619408
2025-01-14 17:45:28,674 Epoch: [0/20] Iter:[100/192], Time: 0.70, lr: [0.009765316869719067], Loss: 5.670574, Acc:0.444374, Semantic loss: 2.379104, BCE loss: 1.724641, SB loss: 1.566829
2025-01-14 17:45:33,814 Epoch: [0/20] Iter:[110/192], Time: 0.68, lr: [0.009741814299377942], Loss: 5.555884, Acc:0.444960, Semantic loss: 2.328447, BCE loss: 1.699870, SB loss: 1.527568
2025-01-14 17:45:39,449 Epoch: [0/20] Iter:[120/192], Time: 0.67, lr: [0.009718305427226986], Loss: 5.436559, Acc:0.451491, Semantic loss: 2.266173, BCE loss: 1.690374, SB loss: 1.480012
2025-01-14 17:45:45,119 Epoch: [0/20] Iter:[130/192], Time: 0.66, lr: [0.009694790234629266], Loss: 5.339679, Acc:0.455093, Semantic loss: 2.212947, BCE loss: 1.678117, SB loss: 1.448615
2025-01-14 17:45:51,030 Epoch: [0/20] Iter:[140/192], Time: 0.66, lr: [0.009671268702842338], Loss: 5.252850, Acc:0.458155, Semantic loss: 2.173104, BCE loss: 1.660057, SB loss: 1.419690
2025-01-14 17:45:56,836 Epoch: [0/20] Iter:[150/192], Time: 0.65, lr: [0.009647740813017376], Loss: 5.172070, Acc:0.461507, Semantic loss: 2.134184, BCE loss: 1.644948, SB loss: 1.392938
2025-01-14 17:46:02,564 Epoch: [0/20] Iter:[160/192], Time: 0.65, lr: [0.009624206546198262], Loss: 5.110879, Acc:0.466571, Semantic loss: 2.096660, BCE loss: 1.648041, SB loss: 1.366177
2025-01-14 17:46:07,922 Epoch: [0/20] Iter:[170/192], Time: 0.64, lr: [0.009600665883320689], Loss: 5.047451, Acc:0.471667, Semantic loss: 2.057682, BCE loss: 1.645881, SB loss: 1.343888
2025-01-14 17:46:13,184 Epoch: [0/20] Iter:[180/192], Time: 0.63, lr: [0.009577118805211254], Loss: 4.993819, Acc:0.475616, Semantic loss: 2.030411, BCE loss: 1.640648, SB loss: 1.322760
2025-01-14 17:46:18,436 Epoch: [0/20] Iter:[190/192], Time: 0.63, lr: [0.009553565292586523], Loss: 4.936381, Acc:0.479756, Semantic loss: 2.000125, BCE loss: 1.634143, SB loss: 1.302112
2025-01-14 17:48:36,354 0 [0.         0.46451288 0.12801199 0.10753342 0.02833787 0.06199209
 0.04915063] 0.11993412551424999
2025-01-14 17:48:36,354 1 [0.         0.52076181 0.19580441 0.09832025 0.03536299 0.08552021
 0.03984623] 0.13937370137599206
2025-01-14 17:48:36,361 => saving checkpoint to output\loveda\pidnet_small_lovedacheckpoint.pth.tar
2025-01-14 17:48:36,506 Loss: 4.516, MeanIU:  0.1394, Best_mIoU:  0.1394
2025-01-14 17:48:36,506 [0.         0.52076181 0.19580441 0.09832025 0.03536299 0.08552021
 0.03984623]
2025-01-14 17:48:45,085 Epoch: [1/20] Iter:[0/192], Time: 8.34, lr: [0.009548853816214998], Loss: 3.972214, Acc:0.492573, Semantic loss: 1.575284, BCE loss: 1.434929, SB loss: 0.962001
2025-01-14 17:48:50,511 Epoch: [1/20] Iter:[10/192], Time: 1.25, lr: [0.009525292556561479], Loss: 3.970634, Acc:0.536618, Semantic loss: 1.566539, BCE loss: 1.462812, SB loss: 0.941283
2025-01-14 17:48:56,183 Epoch: [1/20] Iter:[20/192], Time: 0.93, lr: [0.00950172481957719], Loss: 3.927830, Acc:0.542259, Semantic loss: 1.506142, BCE loss: 1.488285, SB loss: 0.933403
2025-01-14 17:49:02,162 Epoch: [1/20] Iter:[30/192], Time: 0.82, lr: [0.009478150585620286], Loss: 3.921873, Acc:0.547707, Semantic loss: 1.495879, BCE loss: 1.456066, SB loss: 0.969927
2025-01-14 17:49:08,083 Epoch: [1/20] Iter:[40/192], Time: 0.76, lr: [0.009454569834934885], Loss: 3.944141, Acc:0.546147, Semantic loss: 1.495442, BCE loss: 1.472516, SB loss: 0.976184
2025-01-14 17:49:13,484 Epoch: [1/20] Iter:[50/192], Time: 0.72, lr: [0.009430982547650114], Loss: 3.974450, Acc:0.542560, Semantic loss: 1.500871, BCE loss: 1.501217, SB loss: 0.972363
2025-01-14 17:49:19,224 Epoch: [1/20] Iter:[60/192], Time: 0.70, lr: [0.009407388703779091], Loss: 3.983318, Acc:0.546148, Semantic loss: 1.494050, BCE loss: 1.514529, SB loss: 0.974739
2025-01-14 17:49:24,869 Epoch: [1/20] Iter:[70/192], Time: 0.68, lr: [0.009383788283217955], Loss: 3.962095, Acc:0.552132, Semantic loss: 1.466336, BCE loss: 1.519590, SB loss: 0.976168
2025-01-14 17:49:30,661 Epoch: [1/20] Iter:[80/192], Time: 0.67, lr: [0.00936018126574482], Loss: 3.969464, Acc:0.546315, Semantic loss: 1.483860, BCE loss: 1.507688, SB loss: 0.977915
2025-01-14 17:49:36,330 Epoch: [1/20] Iter:[90/192], Time: 0.65, lr: [0.009336567631018769], Loss: 3.972755, Acc:0.548858, Semantic loss: 1.473674, BCE loss: 1.524821, SB loss: 0.974260
2025-01-14 17:49:41,920 Epoch: [1/20] Iter:[100/192], Time: 0.65, lr: [0.009312947358578814], Loss: 4.004225, Acc:0.553187, Semantic loss: 1.463389, BCE loss: 1.538217, SB loss: 1.002618
2025-01-14 17:49:47,475 Epoch: [1/20] Iter:[110/192], Time: 0.64, lr: [0.009289320427842841], Loss: 3.986833, Acc:0.553540, Semantic loss: 1.464523, BCE loss: 1.519814, SB loss: 1.002497
2025-01-14 17:49:52,679 Epoch: [1/20] Iter:[120/192], Time: 0.63, lr: [0.009265686818106552], Loss: 3.964940, Acc:0.552901, Semantic loss: 1.464044, BCE loss: 1.508949, SB loss: 0.991948
2025-01-14 17:49:58,276 Epoch: [1/20] Iter:[130/192], Time: 0.62, lr: [0.009242046508542393], Loss: 4.022368, Acc:0.553645, Semantic loss: 1.475325, BCE loss: 1.513565, SB loss: 1.033478
2025-01-14 17:50:03,929 Epoch: [1/20] Iter:[140/192], Time: 0.62, lr: [0.009218399478198466], Loss: 4.053278, Acc:0.549389, Semantic loss: 1.488685, BCE loss: 1.511326, SB loss: 1.053267
2025-01-14 17:50:09,385 Epoch: [1/20] Iter:[150/192], Time: 0.61, lr: [0.009194745705997428], Loss: 4.076875, Acc:0.544476, Semantic loss: 1.519793, BCE loss: 1.507575, SB loss: 1.049506
2025-01-14 17:50:15,145 Epoch: [1/20] Iter:[160/192], Time: 0.61, lr: [0.00917108517073538], Loss: 4.091896, Acc:0.541654, Semantic loss: 1.531192, BCE loss: 1.511773, SB loss: 1.048932
2025-01-14 17:50:20,624 Epoch: [1/20] Iter:[170/192], Time: 0.61, lr: [0.00914741785108075], Loss: 4.093786, Acc:0.539740, Semantic loss: 1.533898, BCE loss: 1.513330, SB loss: 1.046558
2025-01-14 17:50:26,187 Epoch: [1/20] Iter:[180/192], Time: 0.60, lr: [0.00912374372557314], Loss: 4.081551, Acc:0.539859, Semantic loss: 1.530767, BCE loss: 1.512932, SB loss: 1.037852
2025-01-14 17:50:31,418 Epoch: [1/20] Iter:[190/192], Time: 0.60, lr: [0.009100062772622186], Loss: 4.077262, Acc:0.540155, Semantic loss: 1.528837, BCE loss: 1.513049, SB loss: 1.035376
2025-01-14 17:52:37,771 0 [0.         0.54509048 0.13978836 0.06730356 0.19740007 0.0476774
 0.04324462] 0.1486434997577753
2025-01-14 17:52:37,772 1 [0.         0.42746272 0.12209992 0.04787579 0.07550874 0.0557517
 0.04409018] 0.11039843560944211
2025-01-14 17:52:37,780 => saving checkpoint to output\loveda\pidnet_small_lovedacheckpoint.pth.tar
2025-01-14 17:52:37,873 Loss: 5.148, MeanIU:  0.1104, Best_mIoU:  0.1394
2025-01-14 17:52:37,873 [0.         0.42746272 0.12209992 0.04787579 0.07550874 0.0557517
 0.04409018]
2025-01-14 17:52:46,543 Epoch: [2/20] Iter:[0/192], Time: 8.41, lr: [0.009095325760829623], Loss: 3.666581, Acc:0.551664, Semantic loss: 1.610966, BCE loss: 1.048633, SB loss: 1.006982
2025-01-14 17:52:51,760 Epoch: [2/20] Iter:[10/192], Time: 1.24, lr: [0.009071636586262652], Loss: 3.880089, Acc:0.542706, Semantic loss: 1.472495, BCE loss: 1.537313, SB loss: 0.870281
2025-01-14 17:52:57,327 Epoch: [2/20] Iter:[20/192], Time: 0.91, lr: [0.009047940536290279], Loss: 3.838137, Acc:0.548487, Semantic loss: 1.434424, BCE loss: 1.517174, SB loss: 0.886540
2025-01-14 17:53:02,969 Epoch: [2/20] Iter:[30/192], Time: 0.80, lr: [0.009024237588898336], Loss: 3.769333, Acc:0.559346, Semantic loss: 1.422556, BCE loss: 1.456876, SB loss: 0.889902
2025-01-14 17:53:08,565 Epoch: [2/20] Iter:[40/192], Time: 0.74, lr: [0.009000527721937697], Loss: 3.792586, Acc:0.545483, Semantic loss: 1.433014, BCE loss: 1.449018, SB loss: 0.910553
2025-01-14 17:53:14,148 Epoch: [2/20] Iter:[50/192], Time: 0.71, lr: [0.008976810913123051], Loss: 3.818831, Acc:0.542054, Semantic loss: 1.433721, BCE loss: 1.460332, SB loss: 0.924779
2025-01-14 17:53:19,768 Epoch: [2/20] Iter:[60/192], Time: 0.68, lr: [0.008953087140031669], Loss: 3.828502, Acc:0.540128, Semantic loss: 1.444027, BCE loss: 1.444472, SB loss: 0.940004
2025-01-14 17:53:25,422 Epoch: [2/20] Iter:[70/192], Time: 0.67, lr: [0.008929356380102142], Loss: 3.817882, Acc:0.542003, Semantic loss: 1.438114, BCE loss: 1.449453, SB loss: 0.930315
2025-01-14 17:53:31,092 Epoch: [2/20] Iter:[80/192], Time: 0.65, lr: [0.008905618610633112], Loss: 3.822793, Acc:0.547569, Semantic loss: 1.425319, BCE loss: 1.467493, SB loss: 0.929981
2025-01-14 17:53:36,930 Epoch: [2/20] Iter:[90/192], Time: 0.65, lr: [0.008881873808781991], Loss: 3.810553, Acc:0.552280, Semantic loss: 1.414099, BCE loss: 1.471033, SB loss: 0.925421
2025-01-14 17:53:42,676 Epoch: [2/20] Iter:[100/192], Time: 0.64, lr: [0.008858121951563658], Loss: 3.801199, Acc:0.551482, Semantic loss: 1.413939, BCE loss: 1.460133, SB loss: 0.927128
2025-01-14 17:53:48,442 Epoch: [2/20] Iter:[110/192], Time: 0.63, lr: [0.008834363015849136], Loss: 3.784618, Acc:0.554955, Semantic loss: 1.405683, BCE loss: 1.458723, SB loss: 0.920211
2025-01-14 17:53:54,168 Epoch: [2/20] Iter:[120/192], Time: 0.63, lr: [0.008810596978364274], Loss: 3.791764, Acc:0.558932, Semantic loss: 1.400325, BCE loss: 1.467412, SB loss: 0.924026
2025-01-14 17:53:59,880 Epoch: [2/20] Iter:[130/192], Time: 0.62, lr: [0.008786823815688379], Loss: 3.800781, Acc:0.560887, Semantic loss: 1.398548, BCE loss: 1.465061, SB loss: 0.937173
2025-01-14 17:54:05,724 Epoch: [2/20] Iter:[140/192], Time: 0.62, lr: [0.008763043504252865], Loss: 3.801317, Acc:0.563435, Semantic loss: 1.393344, BCE loss: 1.473040, SB loss: 0.934933
2025-01-14 17:54:11,603 Epoch: [2/20] Iter:[150/192], Time: 0.62, lr: [0.008739256020339866], Loss: 3.793344, Acc:0.562957, Semantic loss: 1.391215, BCE loss: 1.467169, SB loss: 0.934960
2025-01-14 17:54:17,327 Epoch: [2/20] Iter:[160/192], Time: 0.62, lr: [0.00871546134008083], Loss: 3.783034, Acc:0.564329, Semantic loss: 1.384972, BCE loss: 1.467893, SB loss: 0.930169
2025-01-14 17:54:23,186 Epoch: [2/20] Iter:[170/192], Time: 0.61, lr: [0.008691659439455107], Loss: 3.784840, Acc:0.565054, Semantic loss: 1.381489, BCE loss: 1.473149, SB loss: 0.930202
2025-01-14 17:54:29,298 Epoch: [2/20] Iter:[180/192], Time: 0.61, lr: [0.008667850294288517], Loss: 3.784500, Acc:0.565636, Semantic loss: 1.377839, BCE loss: 1.476179, SB loss: 0.930481
2025-01-14 17:54:35,043 Epoch: [2/20] Iter:[190/192], Time: 0.61, lr: [0.008644033880251888], Loss: 3.775393, Acc:0.567248, Semantic loss: 1.373102, BCE loss: 1.475910, SB loss: 0.926381
2025-01-14 17:56:47,655 0 [0.         0.5014027  0.13981917 0.18101296 0.2349539  0.11184884
 0.12368861] 0.18467516888795452
2025-01-14 17:56:47,655 1 [0.         0.35070087 0.14799141 0.23224685 0.36880202 0.05804727
 0.1734562 ] 0.19017780356119082
2025-01-14 17:56:47,664 => saving checkpoint to output\loveda\pidnet_small_lovedacheckpoint.pth.tar
2025-01-14 17:56:47,877 Loss: 3.993, MeanIU:  0.1902, Best_mIoU:  0.1902
2025-01-14 17:56:47,877 [0.         0.35070087 0.14799141 0.23224685 0.36880202 0.05804727
 0.1734562 ]
2025-01-14 17:56:56,859 Epoch: [3/20] Iter:[0/192], Time: 8.74, lr: [0.008639269723028191], Loss: 3.903838, Acc:0.606817, Semantic loss: 1.604870, BCE loss: 1.222949, SB loss: 1.076020
2025-01-14 17:57:02,436 Epoch: [3/20] Iter:[10/192], Time: 1.30, lr: [0.008615444554012613], Loss: 3.736451, Acc:0.580369, Semantic loss: 1.374147, BCE loss: 1.441457, SB loss: 0.920847
2025-01-14 17:57:08,049 Epoch: [3/20] Iter:[20/192], Time: 0.95, lr: [0.008591612062049989], Loss: 3.660754, Acc:0.589994, Semantic loss: 1.354024, BCE loss: 1.409304, SB loss: 0.897427
2025-01-14 17:57:13,718 Epoch: [3/20] Iter:[30/192], Time: 0.83, lr: [0.008567772222305215], Loss: 3.631299, Acc:0.589230, Semantic loss: 1.306466, BCE loss: 1.446722, SB loss: 0.878111
2025-01-14 17:57:19,123 Epoch: [3/20] Iter:[40/192], Time: 0.76, lr: [0.008543925009781886], Loss: 3.584752, Acc:0.589010, Semantic loss: 1.280825, BCE loss: 1.432004, SB loss: 0.871923
2025-01-14 17:57:24,314 Epoch: [3/20] Iter:[50/192], Time: 0.71, lr: [0.00852007039932076], Loss: 3.569620, Acc:0.588873, Semantic loss: 1.277131, BCE loss: 1.417544, SB loss: 0.874945
2025-01-14 17:57:29,315 Epoch: [3/20] Iter:[60/192], Time: 0.68, lr: [0.00849620836559818], Loss: 3.577141, Acc:0.584932, Semantic loss: 1.297139, BCE loss: 1.391544, SB loss: 0.888458
2025-01-14 17:57:34,783 Epoch: [3/20] Iter:[70/192], Time: 0.66, lr: [0.008472338883124477], Loss: 3.615111, Acc:0.587237, Semantic loss: 1.302834, BCE loss: 1.421278, SB loss: 0.890999
2025-01-14 17:57:40,573 Epoch: [3/20] Iter:[80/192], Time: 0.65, lr: [0.008448461926242374], Loss: 3.621516, Acc:0.586995, Semantic loss: 1.310886, BCE loss: 1.413567, SB loss: 0.897063
2025-01-14 17:57:45,951 Epoch: [3/20] Iter:[90/192], Time: 0.64, lr: [0.008424577469125337], Loss: 3.619567, Acc:0.590305, Semantic loss: 1.300225, BCE loss: 1.428435, SB loss: 0.890906
2025-01-14 17:57:51,160 Epoch: [3/20] Iter:[100/192], Time: 0.62, lr: [0.008400685485775935], Loss: 3.617649, Acc:0.596107, Semantic loss: 1.289545, BCE loss: 1.439641, SB loss: 0.888463
2025-01-14 17:57:56,525 Epoch: [3/20] Iter:[110/192], Time: 0.62, lr: [0.008376785950024154], Loss: 3.606659, Acc:0.595378, Semantic loss: 1.281079, BCE loss: 1.443616, SB loss: 0.881964
2025-01-14 17:58:01,643 Epoch: [3/20] Iter:[120/192], Time: 0.61, lr: [0.00835287883552571], Loss: 3.619801, Acc:0.596093, Semantic loss: 1.276384, BCE loss: 1.463054, SB loss: 0.880364
2025-01-14 17:58:06,835 Epoch: [3/20] Iter:[130/192], Time: 0.60, lr: [0.008328964115760324], Loss: 3.615426, Acc:0.596284, Semantic loss: 1.276926, BCE loss: 1.456053, SB loss: 0.882448
2025-01-14 17:58:12,317 Epoch: [3/20] Iter:[140/192], Time: 0.60, lr: [0.008305041764029988], Loss: 3.614318, Acc:0.595458, Semantic loss: 1.277485, BCE loss: 1.453591, SB loss: 0.883242
2025-01-14 17:58:17,940 Epoch: [3/20] Iter:[150/192], Time: 0.59, lr: [0.008281111753457188], Loss: 3.616777, Acc:0.593749, Semantic loss: 1.282818, BCE loss: 1.446170, SB loss: 0.887788
2025-01-14 17:58:23,096 Epoch: [3/20] Iter:[160/192], Time: 0.59, lr: [0.008257174056983133], Loss: 3.623302, Acc:0.593263, Semantic loss: 1.283396, BCE loss: 1.456136, SB loss: 0.883770
2025-01-14 17:58:28,277 Epoch: [3/20] Iter:[170/192], Time: 0.59, lr: [0.00823322864736593], Loss: 3.622318, Acc:0.593616, Semantic loss: 1.278719, BCE loss: 1.462359, SB loss: 0.881240
2025-01-14 17:58:33,703 Epoch: [3/20] Iter:[180/192], Time: 0.58, lr: [0.008209275497178764], Loss: 3.609841, Acc:0.597760, Semantic loss: 1.272132, BCE loss: 1.456958, SB loss: 0.880751
2025-01-14 17:58:39,046 Epoch: [3/20] Iter:[190/192], Time: 0.58, lr: [0.008185314578808021], Loss: 3.611021, Acc:0.597471, Semantic loss: 1.277011, BCE loss: 1.453404, SB loss: 0.880606
2025-01-14 18:01:01,488 0 [0.         0.60808459 0.25077069 0.24409685 0.2287344  0.02086017
 0.06563886] 0.20259793638919596
2025-01-14 18:01:01,489 1 [0.         0.56895815 0.2635785  0.31425895 0.46621848 0.00526453
 0.12603932] 0.24918827586805964
2025-01-14 18:01:01,496 => saving checkpoint to output\loveda\pidnet_small_lovedacheckpoint.pth.tar
2025-01-14 18:01:01,658 Loss: 3.623, MeanIU:  0.2492, Best_mIoU:  0.2492
2025-01-14 18:01:01,658 [0.         0.56895815 0.2635785  0.31425895 0.46621848 0.00526453
 0.12603932]
