2025-01-10 19:39:13,568 Namespace(cfg='configs/loveda/pidnet_small_loveda.yaml', seed=304, opts=[])
2025-01-10 19:39:13,568 AUTO_RESUME: False
CUDNN:
  BENCHMARK: True
  DETERMINISTIC: False
  ENABLED: True
DATASET:
  DATASET: loveda
  EXTRA_TRAIN_SET: 
  NUM_CLASSES: 7
  ROOT: data/
  TEST_SET: list/loveda/urban_rural/val.lst
  TRAIN_SET: list/loveda/urban_rural/train.lst
GPUS: (0,)
LOG_DIR: log
LOSS:
  BALANCE_WEIGHTS: [0.4, 1.0]
  CLASS_BALANCE: False
  OHEMKEEP: 131072
  OHEMTHRES: 0.9
  SB_WEIGHTS: 1.0
  USE_OHEM: True
MODEL:
  ALIGN_CORNERS: True
  NAME: pidnet_small
  NUM_OUTPUTS: 2
  PRETRAINED: pretrained_models/imagenet/PIDNet_S_ImageNet.pth.tar
OUTPUT_DIR: output
PIN_MEMORY: True
PRINT_FREQ: 10
TEST:
  BASE_SIZE: 2048
  BATCH_SIZE_PER_GPU: 6
  FLIP_TEST: False
  IMAGE_SIZE: [2048, 1024]
  MODEL_FILE: output/loveda/pidnet_small_loveda/final_state.pt
  MULTI_SCALE: False
  OUTPUT_INDEX: 1
TRAIN:
  BASE_SIZE: 2048
  BATCH_SIZE_PER_GPU: 6
  BEGIN_EPOCH: 0
  END_EPOCH: 20
  EXTRA_EPOCH: 0
  EXTRA_LR: 0.001
  FLIP: False
  IGNORE_LABEL: 0
  IMAGE_SIZE: [1024, 1024]
  LR: 0.01
  MOMENTUM: 0.9
  MULTI_SCALE: False
  NESTEROV: False
  OPTIMIZER: sgd
  RESUME: True
  SCALE_FACTOR: 16
  SHUFFLE: True
  WD: 0.0005
WORKERS: 4
2025-01-10 19:39:13,658 Attention!!!
2025-01-10 19:39:13,658 Loaded 302 parameters!
2025-01-10 19:39:13,658 Over!!!
2025-01-10 19:39:33,728 Namespace(cfg='configs/loveda/pidnet_small_loveda.yaml', seed=304, opts=[])
2025-01-10 19:39:33,728 AUTO_RESUME: False
CUDNN:
  BENCHMARK: True
  DETERMINISTIC: False
  ENABLED: True
DATASET:
  DATASET: loveda
  EXTRA_TRAIN_SET: 
  NUM_CLASSES: 7
  ROOT: data/
  TEST_SET: list/loveda/urban_rural/val.lst
  TRAIN_SET: list/loveda/urban_rural/train.lst
GPUS: (0,)
LOG_DIR: log
LOSS:
  BALANCE_WEIGHTS: [0.4, 1.0]
  CLASS_BALANCE: False
  OHEMKEEP: 131072
  OHEMTHRES: 0.9
  SB_WEIGHTS: 1.0
  USE_OHEM: True
MODEL:
  ALIGN_CORNERS: True
  NAME: pidnet_small
  NUM_OUTPUTS: 2
  PRETRAINED: pretrained_models/imagenet/PIDNet_S_ImageNet.pth.tar
OUTPUT_DIR: output
PIN_MEMORY: True
PRINT_FREQ: 10
TEST:
  BASE_SIZE: 2048
  BATCH_SIZE_PER_GPU: 6
  FLIP_TEST: False
  IMAGE_SIZE: [2048, 1024]
  MODEL_FILE: output/loveda/pidnet_small_loveda/final_state.pt
  MULTI_SCALE: False
  OUTPUT_INDEX: 1
TRAIN:
  BASE_SIZE: 2048
  BATCH_SIZE_PER_GPU: 6
  BEGIN_EPOCH: 0
  END_EPOCH: 20
  EXTRA_EPOCH: 0
  EXTRA_LR: 0.001
  FLIP: True
  IGNORE_LABEL: 0
  IMAGE_SIZE: [1024, 1024]
  LR: 0.01
  MOMENTUM: 0.9
  MULTI_SCALE: True
  NESTEROV: False
  OPTIMIZER: sgd
  RESUME: True
  SCALE_FACTOR: 16
  SHUFFLE: True
  WD: 0.0005
WORKERS: 4
2025-01-10 19:39:33,823 Attention!!!
2025-01-10 19:39:33,823 Loaded 302 parameters!
2025-01-10 19:39:33,823 Over!!!
2025-01-10 19:39:57,148 Namespace(cfg='configs/loveda/pidnet_small_loveda.yaml', seed=304, opts=[])
2025-01-10 19:39:57,148 AUTO_RESUME: False
CUDNN:
  BENCHMARK: True
  DETERMINISTIC: False
  ENABLED: True
DATASET:
  DATASET: loveda
  EXTRA_TRAIN_SET: 
  NUM_CLASSES: 7
  ROOT: data/
  TEST_SET: list/loveda/urban_rural/val.lst
  TRAIN_SET: list/loveda/urban_rural/train.lst
GPUS: (0,)
LOG_DIR: log
LOSS:
  BALANCE_WEIGHTS: [0.4, 1.0]
  CLASS_BALANCE: False
  OHEMKEEP: 131072
  OHEMTHRES: 0.9
  SB_WEIGHTS: 1.0
  USE_OHEM: True
MODEL:
  ALIGN_CORNERS: True
  NAME: pidnet_small
  NUM_OUTPUTS: 2
  PRETRAINED: pretrained_models/imagenet/PIDNet_S_ImageNet.pth.tar
OUTPUT_DIR: output
PIN_MEMORY: True
PRINT_FREQ: 10
TEST:
  BASE_SIZE: 2048
  BATCH_SIZE_PER_GPU: 6
  FLIP_TEST: False
  IMAGE_SIZE: [2048, 1024]
  MODEL_FILE: output/loveda/pidnet_small_loveda/final_state.pt
  MULTI_SCALE: False
  OUTPUT_INDEX: 1
TRAIN:
  BASE_SIZE: 2048
  BATCH_SIZE_PER_GPU: 6
  BEGIN_EPOCH: 0
  END_EPOCH: 20
  EXTRA_EPOCH: 0
  EXTRA_LR: 0.001
  FLIP: False
  IGNORE_LABEL: 0
  IMAGE_SIZE: [1024, 1024]
  LR: 0.01
  MOMENTUM: 0.9
  MULTI_SCALE: False
  NESTEROV: False
  OPTIMIZER: sgd
  RESUME: True
  SCALE_FACTOR: 16
  SHUFFLE: True
  WD: 0.0005
WORKERS: 4
2025-01-10 19:39:57,233 Attention!!!
2025-01-10 19:39:57,233 Loaded 302 parameters!
2025-01-10 19:39:57,234 Over!!!
2025-01-10 19:40:08,073 Epoch: [0/20] Iter:[0/192], Time: 10.17, lr: [0.01], Loss: 16.036171, Acc:0.147980, Semantic loss: 6.895885, BCE loss: 3.766558, SB loss: 5.373728
2025-01-10 19:40:12,399 Epoch: [0/20] Iter:[10/192], Time: 1.30, lr: [0.009976559445324192], Loss: 11.530700, Acc:0.308007, Semantic loss: 5.130422, BCE loss: 2.661486, SB loss: 3.738792
2025-01-10 19:40:16,625 Epoch: [0/20] Iter:[20/192], Time: 0.88, lr: [0.009953112769592761], Loss: 9.276801, Acc:0.366516, Semantic loss: 4.105029, BCE loss: 2.319638, SB loss: 2.852134
2025-01-10 19:40:20,822 Epoch: [0/20] Iter:[30/192], Time: 0.73, lr: [0.009929659955177281], Loss: 7.960319, Acc:0.387530, Semantic loss: 3.485695, BCE loss: 2.130074, SB loss: 2.344551
2025-01-10 19:40:24,998 Epoch: [0/20] Iter:[40/192], Time: 0.66, lr: [0.009906200984352154], Loss: 7.253808, Acc:0.399734, Semantic loss: 3.188921, BCE loss: 1.997971, SB loss: 2.066916
2025-01-10 19:40:29,182 Epoch: [0/20] Iter:[50/192], Time: 0.61, lr: [0.009882735839293803], Loss: 6.672138, Acc:0.425502, Semantic loss: 2.910607, BCE loss: 1.903744, SB loss: 1.857788
2025-01-10 19:40:33,393 Epoch: [0/20] Iter:[60/192], Time: 0.58, lr: [0.00985926450207989], Loss: 6.336952, Acc:0.432577, Semantic loss: 2.749755, BCE loss: 1.847424, SB loss: 1.739773
2025-01-10 19:40:37,542 Epoch: [0/20] Iter:[70/192], Time: 0.56, lr: [0.009835786954688485], Loss: 6.132190, Acc:0.440112, Semantic loss: 2.620789, BCE loss: 1.804122, SB loss: 1.707279
2025-01-10 19:40:41,484 Epoch: [0/20] Iter:[80/192], Time: 0.54, lr: [0.00981230317899726], Loss: 5.953819, Acc:0.446456, Semantic loss: 2.514042, BCE loss: 1.771785, SB loss: 1.667991
2025-01-10 19:40:45,408 Epoch: [0/20] Iter:[90/192], Time: 0.52, lr: [0.009788813156782662], Loss: 5.811575, Acc:0.449135, Semantic loss: 2.436970, BCE loss: 1.759812, SB loss: 1.614793
2025-01-10 19:40:49,335 Epoch: [0/20] Iter:[100/192], Time: 0.51, lr: [0.009765316869719067], Loss: 5.672638, Acc:0.453834, Semantic loss: 2.366900, BCE loss: 1.736512, SB loss: 1.569225
2025-01-10 19:40:53,227 Epoch: [0/20] Iter:[110/192], Time: 0.50, lr: [0.009741814299377942], Loss: 5.538960, Acc:0.455035, Semantic loss: 2.304495, BCE loss: 1.712013, SB loss: 1.522452
2025-01-10 19:40:57,154 Epoch: [0/20] Iter:[120/192], Time: 0.49, lr: [0.009718305427226986], Loss: 5.421236, Acc:0.461016, Semantic loss: 2.242795, BCE loss: 1.701803, SB loss: 1.476639
2025-01-10 19:41:01,085 Epoch: [0/20] Iter:[130/192], Time: 0.48, lr: [0.009694790234629266], Loss: 5.325924, Acc:0.466724, Semantic loss: 2.189132, BCE loss: 1.689708, SB loss: 1.447084
2025-01-10 19:41:04,977 Epoch: [0/20] Iter:[140/192], Time: 0.47, lr: [0.009671268702842338], Loss: 5.241764, Acc:0.469822, Semantic loss: 2.151431, BCE loss: 1.672092, SB loss: 1.418241
2025-01-10 19:41:08,874 Epoch: [0/20] Iter:[150/192], Time: 0.47, lr: [0.009647740813017376], Loss: 5.163447, Acc:0.472550, Semantic loss: 2.115795, BCE loss: 1.657184, SB loss: 1.390467
2025-01-10 19:41:12,785 Epoch: [0/20] Iter:[160/192], Time: 0.46, lr: [0.009624206546198262], Loss: 5.099809, Acc:0.477290, Semantic loss: 2.078142, BCE loss: 1.660090, SB loss: 1.361577
2025-01-10 19:41:16,706 Epoch: [0/20] Iter:[170/192], Time: 0.46, lr: [0.009600665883320689], Loss: 5.038650, Acc:0.481796, Semantic loss: 2.039155, BCE loss: 1.656948, SB loss: 1.342547
2025-01-10 19:41:20,639 Epoch: [0/20] Iter:[180/192], Time: 0.46, lr: [0.009577118805211254], Loss: 4.985910, Acc:0.486106, Semantic loss: 2.009482, BCE loss: 1.650481, SB loss: 1.325948
2025-01-10 19:41:24,490 Epoch: [0/20] Iter:[190/192], Time: 0.45, lr: [0.009553565292586523], Loss: 4.930049, Acc:0.489848, Semantic loss: 1.978166, BCE loss: 1.642952, SB loss: 1.308931
2025-01-10 19:43:08,855 0 [0.         0.53523719 0.13128027 0.09918934 0.10759146 0.17505376
 0.06422376] 0.15893939638581037
2025-01-10 19:43:08,856 1 [0.         0.58340805 0.1572181  0.07445776 0.16498456 0.24690148
 0.05668461] 0.1833792242813877
2025-01-10 19:43:08,861 => saving checkpoint to output\loveda\pidnet_small_lovedacheckpoint.pth.tar
2025-01-10 19:43:09,028 Loss: 4.152, MeanIU:  0.1834, Best_mIoU:  0.1834
2025-01-10 19:43:09,029 [0.         0.58340805 0.1572181  0.07445776 0.16498456 0.24690148
 0.05668461]
2025-01-10 19:43:15,563 Epoch: [1/20] Iter:[0/192], Time: 6.35, lr: [0.009548853816214998], Loss: 3.747082, Acc:0.535535, Semantic loss: 1.464432, BCE loss: 1.411894, SB loss: 0.870757
2025-01-10 19:43:19,453 Epoch: [1/20] Iter:[10/192], Time: 0.93, lr: [0.009525292556561479], Loss: 4.094027, Acc:0.550889, Semantic loss: 1.491714, BCE loss: 1.454000, SB loss: 1.148314
2025-01-10 19:43:23,364 Epoch: [1/20] Iter:[20/192], Time: 0.67, lr: [0.00950172481957719], Loss: 4.032646, Acc:0.557720, Semantic loss: 1.476033, BCE loss: 1.478496, SB loss: 1.078117
2025-01-10 19:43:27,270 Epoch: [1/20] Iter:[30/192], Time: 0.58, lr: [0.009478150585620286], Loss: 3.946531, Acc:0.562489, Semantic loss: 1.456728, BCE loss: 1.449675, SB loss: 1.040128
2025-01-10 19:43:31,180 Epoch: [1/20] Iter:[40/192], Time: 0.54, lr: [0.009454569834934885], Loss: 3.965125, Acc:0.561473, Semantic loss: 1.461194, BCE loss: 1.464771, SB loss: 1.039160
2025-01-10 19:43:35,065 Epoch: [1/20] Iter:[50/192], Time: 0.51, lr: [0.009430982547650114], Loss: 3.978252, Acc:0.555880, Semantic loss: 1.460440, BCE loss: 1.492320, SB loss: 1.025491
2025-01-10 19:43:38,962 Epoch: [1/20] Iter:[60/192], Time: 0.49, lr: [0.009407388703779091], Loss: 3.971677, Acc:0.558934, Semantic loss: 1.448774, BCE loss: 1.503693, SB loss: 1.019210
2025-01-10 19:43:42,876 Epoch: [1/20] Iter:[70/192], Time: 0.47, lr: [0.009383788283217955], Loss: 3.932264, Acc:0.563844, Semantic loss: 1.422394, BCE loss: 1.507600, SB loss: 1.002270
2025-01-10 19:43:46,768 Epoch: [1/20] Iter:[80/192], Time: 0.46, lr: [0.00936018126574482], Loss: 3.935170, Acc:0.557367, Semantic loss: 1.439847, BCE loss: 1.494804, SB loss: 1.000518
2025-01-10 19:43:50,699 Epoch: [1/20] Iter:[90/192], Time: 0.46, lr: [0.009336567631018769], Loss: 3.930738, Acc:0.559596, Semantic loss: 1.429805, BCE loss: 1.510961, SB loss: 0.989972
2025-01-10 19:43:54,601 Epoch: [1/20] Iter:[100/192], Time: 0.45, lr: [0.009312947358578814], Loss: 3.919462, Acc:0.564402, Semantic loss: 1.416302, BCE loss: 1.524599, SB loss: 0.978562
2025-01-10 19:43:58,480 Epoch: [1/20] Iter:[110/192], Time: 0.44, lr: [0.009289320427842841], Loss: 3.880906, Acc:0.566405, Semantic loss: 1.408023, BCE loss: 1.504907, SB loss: 0.967976
2025-01-10 19:44:02,372 Epoch: [1/20] Iter:[120/192], Time: 0.44, lr: [0.009265686818106552], Loss: 3.858970, Acc:0.565541, Semantic loss: 1.406027, BCE loss: 1.493867, SB loss: 0.959076
2025-01-10 19:44:06,310 Epoch: [1/20] Iter:[130/192], Time: 0.44, lr: [0.009242046508542393], Loss: 3.843547, Acc:0.567363, Semantic loss: 1.395547, BCE loss: 1.495786, SB loss: 0.952214
2025-01-10 19:44:10,189 Epoch: [1/20] Iter:[140/192], Time: 0.43, lr: [0.009218399478198466], Loss: 3.829641, Acc:0.565795, Semantic loss: 1.390504, BCE loss: 1.488032, SB loss: 0.951105
2025-01-10 19:44:14,082 Epoch: [1/20] Iter:[150/192], Time: 0.43, lr: [0.009194745705997428], Loss: 3.815251, Acc:0.565818, Semantic loss: 1.385839, BCE loss: 1.479839, SB loss: 0.949574
2025-01-10 19:44:17,973 Epoch: [1/20] Iter:[160/192], Time: 0.43, lr: [0.00917108517073538], Loss: 3.806162, Acc:0.566400, Semantic loss: 1.380474, BCE loss: 1.479095, SB loss: 0.946592
2025-01-10 19:44:21,889 Epoch: [1/20] Iter:[170/192], Time: 0.42, lr: [0.00914741785108075], Loss: 3.793673, Acc:0.568322, Semantic loss: 1.373054, BCE loss: 1.478566, SB loss: 0.942052
2025-01-10 19:44:25,794 Epoch: [1/20] Iter:[180/192], Time: 0.42, lr: [0.00912374372557314], Loss: 3.775438, Acc:0.570267, Semantic loss: 1.363047, BCE loss: 1.474957, SB loss: 0.937434
2025-01-10 19:44:29,661 Epoch: [1/20] Iter:[190/192], Time: 0.42, lr: [0.009100062772622186], Loss: 3.771330, Acc:0.571273, Semantic loss: 1.360719, BCE loss: 1.473774, SB loss: 0.936837
2025-01-10 19:46:07,255 0 [0.         0.56669348 0.18623703 0.22627027 0.20681428 0.2184588
 0.09610335] 0.21436817309640935
2025-01-10 19:46:07,255 1 [0.         0.57625058 0.18046136 0.27218051 0.42555835 0.17370189
 0.12519582] 0.2504783581461769
2025-01-10 19:46:07,261 => saving checkpoint to output\loveda\pidnet_small_lovedacheckpoint.pth.tar
2025-01-10 19:46:07,395 Loss: 3.731, MeanIU:  0.2505, Best_mIoU:  0.2505
2025-01-10 19:46:07,395 [0.         0.57625058 0.18046136 0.27218051 0.42555835 0.17370189
 0.12519582]
2025-01-10 19:46:13,856 Epoch: [2/20] Iter:[0/192], Time: 6.27, lr: [0.009095325760829623], Loss: 3.281102, Acc:0.630127, Semantic loss: 1.353874, BCE loss: 1.010492, SB loss: 0.916735
2025-01-10 19:46:17,751 Epoch: [2/20] Iter:[10/192], Time: 0.92, lr: [0.009071636586262652], Loss: 3.554506, Acc:0.605272, Semantic loss: 1.270552, BCE loss: 1.488322, SB loss: 0.795632
2025-01-10 19:46:21,657 Epoch: [2/20] Iter:[20/192], Time: 0.67, lr: [0.009047940536290279], Loss: 3.515385, Acc:0.606384, Semantic loss: 1.233664, BCE loss: 1.471296, SB loss: 0.810425
2025-01-10 19:46:25,573 Epoch: [2/20] Iter:[30/192], Time: 0.58, lr: [0.009024237588898336], Loss: 3.490373, Acc:0.610147, Semantic loss: 1.248655, BCE loss: 1.413091, SB loss: 0.828627
2025-01-10 19:46:29,482 Epoch: [2/20] Iter:[40/192], Time: 0.53, lr: [0.009000527721937697], Loss: 3.527892, Acc:0.593706, Semantic loss: 1.272025, BCE loss: 1.400305, SB loss: 0.855562
2025-01-10 19:46:33,395 Epoch: [2/20] Iter:[50/192], Time: 0.51, lr: [0.008976810913123051], Loss: 3.552568, Acc:0.590810, Semantic loss: 1.272293, BCE loss: 1.409477, SB loss: 0.870799
2025-01-10 19:46:37,294 Epoch: [2/20] Iter:[60/192], Time: 0.49, lr: [0.008953087140031669], Loss: 3.549241, Acc:0.589661, Semantic loss: 1.276891, BCE loss: 1.396352, SB loss: 0.875998
2025-01-10 19:46:41,191 Epoch: [2/20] Iter:[70/192], Time: 0.47, lr: [0.008929356380102142], Loss: 3.543744, Acc:0.590425, Semantic loss: 1.274338, BCE loss: 1.402645, SB loss: 0.866761
2025-01-10 19:46:45,145 Epoch: [2/20] Iter:[80/192], Time: 0.46, lr: [0.008905618610633112], Loss: 3.553908, Acc:0.595142, Semantic loss: 1.265295, BCE loss: 1.422832, SB loss: 0.865780
2025-01-10 19:46:49,070 Epoch: [2/20] Iter:[90/192], Time: 0.46, lr: [0.008881873808781991], Loss: 3.547520, Acc:0.599005, Semantic loss: 1.256769, BCE loss: 1.427501, SB loss: 0.863250
2025-01-10 19:46:52,995 Epoch: [2/20] Iter:[100/192], Time: 0.45, lr: [0.008858121951563658], Loss: 3.544806, Acc:0.598796, Semantic loss: 1.260323, BCE loss: 1.417281, SB loss: 0.867202
2025-01-10 19:46:56,932 Epoch: [2/20] Iter:[110/192], Time: 0.44, lr: [0.008834363015849136], Loss: 3.532101, Acc:0.602833, Semantic loss: 1.253245, BCE loss: 1.416770, SB loss: 0.862086
2025-01-10 19:47:00,903 Epoch: [2/20] Iter:[120/192], Time: 0.44, lr: [0.008810596978364274], Loss: 3.545528, Acc:0.604206, Semantic loss: 1.254455, BCE loss: 1.425665, SB loss: 0.865407
2025-01-10 19:47:04,817 Epoch: [2/20] Iter:[130/192], Time: 0.44, lr: [0.008786823815688379], Loss: 3.542574, Acc:0.605232, Semantic loss: 1.254586, BCE loss: 1.424273, SB loss: 0.863715
2025-01-10 19:47:08,728 Epoch: [2/20] Iter:[140/192], Time: 0.43, lr: [0.008763043504252865], Loss: 3.543779, Acc:0.606397, Semantic loss: 1.251122, BCE loss: 1.432854, SB loss: 0.859804
2025-01-10 19:47:12,635 Epoch: [2/20] Iter:[150/192], Time: 0.43, lr: [0.008739256020339866], Loss: 3.537061, Acc:0.605988, Semantic loss: 1.250011, BCE loss: 1.427042, SB loss: 0.860009
2025-01-10 19:47:16,553 Epoch: [2/20] Iter:[160/192], Time: 0.43, lr: [0.00871546134008083], Loss: 3.535138, Acc:0.605929, Semantic loss: 1.247768, BCE loss: 1.428249, SB loss: 0.859120
2025-01-10 19:47:20,483 Epoch: [2/20] Iter:[170/192], Time: 0.43, lr: [0.008691659439455107], Loss: 3.539824, Acc:0.607213, Semantic loss: 1.244558, BCE loss: 1.434123, SB loss: 0.861142
2025-01-10 19:47:24,383 Epoch: [2/20] Iter:[180/192], Time: 0.42, lr: [0.008667850294288517], Loss: 3.543186, Acc:0.607659, Semantic loss: 1.242152, BCE loss: 1.437879, SB loss: 0.863156
2025-01-10 19:47:28,250 Epoch: [2/20] Iter:[190/192], Time: 0.42, lr: [0.008644033880251888], Loss: 3.542615, Acc:0.608352, Semantic loss: 1.243265, BCE loss: 1.437007, SB loss: 0.862344
2025-01-10 19:49:03,486 0 [0.         0.5610329  0.19316634 0.21377174 0.22985673 0.09546043
 0.12085498] 0.202020447886805
2025-01-10 19:49:03,486 1 [0.         0.5253745  0.20522142 0.25151448 0.30733873 0.03927362
 0.17259838] 0.21447444814398745
2025-01-10 19:49:03,492 => saving checkpoint to output\loveda\pidnet_small_lovedacheckpoint.pth.tar
2025-01-10 19:49:03,570 Loss: 3.830, MeanIU:  0.2145, Best_mIoU:  0.2505
2025-01-10 19:49:03,570 [0.         0.5253745  0.20522142 0.25151448 0.30733873 0.03927362
 0.17259838]
2025-01-10 19:49:09,988 Epoch: [3/20] Iter:[0/192], Time: 6.22, lr: [0.008639269723028191], Loss: 3.823035, Acc:0.527618, Semantic loss: 1.755193, BCE loss: 1.168761, SB loss: 0.899081
2025-01-10 19:49:13,919 Epoch: [3/20] Iter:[10/192], Time: 0.92, lr: [0.008615444554012613], Loss: 3.516932, Acc:0.603937, Semantic loss: 1.287157, BCE loss: 1.412459, SB loss: 0.817315
2025-01-10 19:49:17,836 Epoch: [3/20] Iter:[20/192], Time: 0.67, lr: [0.008591612062049989], Loss: 3.491748, Acc:0.609942, Semantic loss: 1.275442, BCE loss: 1.378479, SB loss: 0.837826
2025-01-10 19:49:21,794 Epoch: [3/20] Iter:[30/192], Time: 0.58, lr: [0.008567772222305215], Loss: 3.462380, Acc:0.616182, Semantic loss: 1.223391, BCE loss: 1.415666, SB loss: 0.823322
2025-01-10 19:49:25,683 Epoch: [3/20] Iter:[40/192], Time: 0.53, lr: [0.008543925009781886], Loss: 3.414644, Acc:0.620455, Semantic loss: 1.193184, BCE loss: 1.401061, SB loss: 0.820399
2025-01-10 19:49:29,597 Epoch: [3/20] Iter:[50/192], Time: 0.51, lr: [0.00852007039932076], Loss: 3.397638, Acc:0.620181, Semantic loss: 1.189836, BCE loss: 1.384629, SB loss: 0.823173
2025-01-10 19:49:33,517 Epoch: [3/20] Iter:[60/192], Time: 0.49, lr: [0.00849620836559818], Loss: 3.387233, Acc:0.619692, Semantic loss: 1.191941, BCE loss: 1.358450, SB loss: 0.836842
2025-01-10 19:49:37,450 Epoch: [3/20] Iter:[70/192], Time: 0.47, lr: [0.008472338883124477], Loss: 3.422263, Acc:0.622651, Semantic loss: 1.197563, BCE loss: 1.388877, SB loss: 0.835823
2025-01-10 19:49:41,380 Epoch: [3/20] Iter:[80/192], Time: 0.46, lr: [0.008448461926242374], Loss: 3.433012, Acc:0.621423, Semantic loss: 1.207418, BCE loss: 1.380580, SB loss: 0.845014
2025-01-10 19:49:45,268 Epoch: [3/20] Iter:[90/192], Time: 0.46, lr: [0.008424577469125337], Loss: 3.436843, Acc:0.622675, Semantic loss: 1.201751, BCE loss: 1.396298, SB loss: 0.838795
2025-01-10 19:49:49,157 Epoch: [3/20] Iter:[100/192], Time: 0.45, lr: [0.008400685485775935], Loss: 3.435777, Acc:0.627770, Semantic loss: 1.193421, BCE loss: 1.407593, SB loss: 0.834762
2025-01-10 19:49:53,057 Epoch: [3/20] Iter:[110/192], Time: 0.44, lr: [0.008376785950024154], Loss: 3.427533, Acc:0.627206, Semantic loss: 1.185656, BCE loss: 1.411929, SB loss: 0.829949
2025-01-10 19:49:56,969 Epoch: [3/20] Iter:[120/192], Time: 0.44, lr: [0.00835287883552571], Loss: 3.443937, Acc:0.626723, Semantic loss: 1.182355, BCE loss: 1.431027, SB loss: 0.830555
2025-01-10 19:50:00,907 Epoch: [3/20] Iter:[130/192], Time: 0.44, lr: [0.008328964115760324], Loss: 3.436681, Acc:0.626959, Semantic loss: 1.180479, BCE loss: 1.422841, SB loss: 0.833361
2025-01-10 19:50:04,816 Epoch: [3/20] Iter:[140/192], Time: 0.43, lr: [0.008305041764029988], Loss: 3.430253, Acc:0.627263, Semantic loss: 1.176624, BCE loss: 1.420151, SB loss: 0.833479
2025-01-10 19:50:08,751 Epoch: [3/20] Iter:[150/192], Time: 0.43, lr: [0.008281111753457188], Loss: 3.436660, Acc:0.625476, Semantic loss: 1.182158, BCE loss: 1.412499, SB loss: 0.842003
2025-01-10 19:50:12,654 Epoch: [3/20] Iter:[160/192], Time: 0.43, lr: [0.008257174056983133], Loss: 3.445419, Acc:0.625981, Semantic loss: 1.181437, BCE loss: 1.422030, SB loss: 0.841953
2025-01-10 19:50:16,574 Epoch: [3/20] Iter:[170/192], Time: 0.43, lr: [0.00823322864736593], Loss: 3.446986, Acc:0.627006, Semantic loss: 1.176924, BCE loss: 1.428291, SB loss: 0.841771
2025-01-10 19:50:20,522 Epoch: [3/20] Iter:[180/192], Time: 0.42, lr: [0.008209275497178764], Loss: 3.433718, Acc:0.630827, Semantic loss: 1.170373, BCE loss: 1.422453, SB loss: 0.840893
2025-01-10 19:50:24,381 Epoch: [3/20] Iter:[190/192], Time: 0.42, lr: [0.008185314578808021], Loss: 3.436037, Acc:0.629806, Semantic loss: 1.175508, BCE loss: 1.418551, SB loss: 0.841978
2025-01-10 19:51:59,074 0 [0.         0.62405137 0.30915572 0.2713833  0.22323679 0.0460349
 0.0881812 ] 0.22314903961197724
2025-01-10 19:51:59,074 1 [0.         0.62527214 0.37278437 0.31593655 0.38180527 0.04660168
 0.12166325] 0.2662947515680348
2025-01-10 19:51:59,080 => saving checkpoint to output\loveda\pidnet_small_lovedacheckpoint.pth.tar
2025-01-10 19:51:59,200 Loss: 3.634, MeanIU:  0.2663, Best_mIoU:  0.2663
2025-01-10 19:51:59,200 [0.         0.62527214 0.37278437 0.31593655 0.38180527 0.04660168
 0.12166325]
2025-01-10 19:52:05,716 Epoch: [4/20] Iter:[0/192], Time: 6.32, lr: [0.008180521460508584], Loss: 3.552900, Acc:0.583509, Semantic loss: 1.247787, BCE loss: 1.520746, SB loss: 0.784368
2025-01-10 19:52:09,615 Epoch: [4/20] Iter:[10/192], Time: 0.93, lr: [0.008156551183601795], Loss: 3.356227, Acc:0.641178, Semantic loss: 1.130830, BCE loss: 1.413660, SB loss: 0.811737
2025-01-10 19:52:13,525 Epoch: [4/20] Iter:[20/192], Time: 0.67, lr: [0.008132573077094668], Loss: 3.301462, Acc:0.631652, Semantic loss: 1.141765, BCE loss: 1.362602, SB loss: 0.797094
2025-01-10 19:52:17,421 Epoch: [4/20] Iter:[30/192], Time: 0.58, lr: [0.008108587112763079], Loss: 3.344460, Acc:0.627124, Semantic loss: 1.158027, BCE loss: 1.370475, SB loss: 0.815959
2025-01-10 19:52:21,325 Epoch: [4/20] Iter:[40/192], Time: 0.53, lr: [0.008084593262188028], Loss: 3.358601, Acc:0.633306, Semantic loss: 1.147240, BCE loss: 1.404087, SB loss: 0.807273
2025-01-10 19:52:25,250 Epoch: [4/20] Iter:[50/192], Time: 0.51, lr: [0.008060591496753653], Loss: 3.347310, Acc:0.635143, Semantic loss: 1.143154, BCE loss: 1.387600, SB loss: 0.816556
2025-01-10 19:52:29,156 Epoch: [4/20] Iter:[60/192], Time: 0.49, lr: [0.008036581787645204], Loss: 3.361791, Acc:0.639653, Semantic loss: 1.131110, BCE loss: 1.412086, SB loss: 0.818595
2025-01-10 19:52:33,025 Epoch: [4/20] Iter:[70/192], Time: 0.47, lr: [0.008012564105846994], Loss: 3.349586, Acc:0.633915, Semantic loss: 1.138527, BCE loss: 1.384067, SB loss: 0.826992
2025-01-10 19:52:36,962 Epoch: [4/20] Iter:[80/192], Time: 0.46, lr: [0.007988538422140333], Loss: 3.332249, Acc:0.639722, Semantic loss: 1.130690, BCE loss: 1.378572, SB loss: 0.822987
2025-01-10 19:52:40,895 Epoch: [4/20] Iter:[90/192], Time: 0.46, lr: [0.007964504707101411], Loss: 3.337473, Acc:0.635167, Semantic loss: 1.137832, BCE loss: 1.371429, SB loss: 0.828212
2025-01-10 19:52:44,836 Epoch: [4/20] Iter:[100/192], Time: 0.45, lr: [0.007940462931099176], Loss: 3.337856, Acc:0.633428, Semantic loss: 1.144780, BCE loss: 1.366512, SB loss: 0.826564
2025-01-10 19:52:48,756 Epoch: [4/20] Iter:[110/192], Time: 0.44, lr: [0.007916413064293163], Loss: 3.331338, Acc:0.635234, Semantic loss: 1.138982, BCE loss: 1.371921, SB loss: 0.820434
2025-01-10 19:52:52,679 Epoch: [4/20] Iter:[120/192], Time: 0.44, lr: [0.007892355076631318], Loss: 3.339005, Acc:0.636958, Semantic loss: 1.136543, BCE loss: 1.383992, SB loss: 0.818470
2025-01-10 19:52:56,600 Epoch: [4/20] Iter:[130/192], Time: 0.44, lr: [0.007868288937847752], Loss: 3.349355, Acc:0.635849, Semantic loss: 1.139592, BCE loss: 1.389219, SB loss: 0.820543
2025-01-10 19:53:00,527 Epoch: [4/20] Iter:[140/192], Time: 0.43, lr: [0.007844214617460508], Loss: 3.350739, Acc:0.639144, Semantic loss: 1.133149, BCE loss: 1.401046, SB loss: 0.816544
2025-01-10 19:53:04,430 Epoch: [4/20] Iter:[150/192], Time: 0.43, lr: [0.007820132084769268], Loss: 3.352141, Acc:0.638193, Semantic loss: 1.135225, BCE loss: 1.397848, SB loss: 0.819069
2025-01-10 19:53:08,351 Epoch: [4/20] Iter:[160/192], Time: 0.43, lr: [0.00779604130885303], Loss: 3.354089, Acc:0.638785, Semantic loss: 1.135611, BCE loss: 1.399990, SB loss: 0.818488
2025-01-10 19:53:12,277 Epoch: [4/20] Iter:[170/192], Time: 0.43, lr: [0.007771942258567773], Loss: 3.353972, Acc:0.639595, Semantic loss: 1.131770, BCE loss: 1.404030, SB loss: 0.818172
2025-01-10 19:53:16,194 Epoch: [4/20] Iter:[180/192], Time: 0.42, lr: [0.007747834902544056], Loss: 3.348687, Acc:0.640922, Semantic loss: 1.130172, BCE loss: 1.401049, SB loss: 0.817466
2025-01-10 19:53:20,086 Epoch: [4/20] Iter:[190/192], Time: 0.42, lr: [0.0077237192091846206], Loss: 3.353596, Acc:0.640769, Semantic loss: 1.132590, BCE loss: 1.401606, SB loss: 0.819400
2025-01-10 19:54:55,167 0 [0.         0.53830546 0.36303806 0.26324582 0.28041221 0.13810438
 0.11804026] 0.24302088480687206
2025-01-10 19:54:55,168 1 [0.         0.53040535 0.44504371 0.35386014 0.35235919 0.06293693
 0.15003611] 0.27066306206997653
2025-01-10 19:54:55,175 => saving checkpoint to output\loveda\pidnet_small_lovedacheckpoint.pth.tar
2025-01-10 19:54:55,304 Loss: 3.512, MeanIU:  0.2707, Best_mIoU:  0.2707
2025-01-10 19:54:55,304 [0.         0.53040535 0.44504371 0.35386014 0.35235919 0.06293693
 0.15003611]
2025-01-10 19:55:01,850 Epoch: [5/20] Iter:[0/192], Time: 6.36, lr: [0.007718895067235705], Loss: 2.811164, Acc:0.632361, Semantic loss: 0.959168, BCE loss: 1.178478, SB loss: 0.673518
2025-01-10 19:55:05,762 Epoch: [5/20] Iter:[10/192], Time: 0.93, lr: [0.007694769327040611], Loss: 3.233665, Acc:0.647094, Semantic loss: 1.089555, BCE loss: 1.393073, SB loss: 0.751037
2025-01-10 19:55:09,669 Epoch: [5/20] Iter:[20/192], Time: 0.68, lr: [0.00767063517918174], Loss: 3.230652, Acc:0.649179, Semantic loss: 1.118200, BCE loss: 1.322473, SB loss: 0.789979
2025-01-10 19:55:13,583 Epoch: [5/20] Iter:[30/192], Time: 0.58, lr: [0.007646492591316132], Loss: 3.189865, Acc:0.650831, Semantic loss: 1.100116, BCE loss: 1.309430, SB loss: 0.780319
2025-01-10 19:55:17,495 Epoch: [5/20] Iter:[40/192], Time: 0.54, lr: [0.007622341530862476], Loss: 3.202514, Acc:0.648778, Semantic loss: 1.101376, BCE loss: 1.318188, SB loss: 0.782950
2025-01-10 19:55:21,418 Epoch: [5/20] Iter:[50/192], Time: 0.51, lr: [0.0075981819649984985], Loss: 3.261261, Acc:0.649890, Semantic loss: 1.107780, BCE loss: 1.361486, SB loss: 0.791995
2025-01-10 19:55:25,324 Epoch: [5/20] Iter:[60/192], Time: 0.49, lr: [0.007574013860658317], Loss: 3.235440, Acc:0.646317, Semantic loss: 1.100193, BCE loss: 1.344020, SB loss: 0.791227
2025-01-10 19:55:29,202 Epoch: [5/20] Iter:[70/192], Time: 0.47, lr: [0.007549837184529776], Loss: 3.267614, Acc:0.645005, Semantic loss: 1.103032, BCE loss: 1.359557, SB loss: 0.805024
2025-01-10 19:55:33,131 Epoch: [5/20] Iter:[80/192], Time: 0.46, lr: [0.0075256519030517215], Loss: 3.272504, Acc:0.644154, Semantic loss: 1.109984, BCE loss: 1.356040, SB loss: 0.806481
2025-01-10 19:55:37,067 Epoch: [5/20] Iter:[90/192], Time: 0.46, lr: [0.007501457982411236], Loss: 3.257464, Acc:0.644378, Semantic loss: 1.107846, BCE loss: 1.346513, SB loss: 0.803104
2025-01-10 19:55:40,999 Epoch: [5/20] Iter:[100/192], Time: 0.45, lr: [0.0074772553885408604], Loss: 3.260452, Acc:0.646858, Semantic loss: 1.107748, BCE loss: 1.350793, SB loss: 0.801911
2025-01-10 19:55:44,920 Epoch: [5/20] Iter:[110/192], Time: 0.45, lr: [0.007453044087115737], Loss: 3.263515, Acc:0.650772, Semantic loss: 1.105012, BCE loss: 1.354814, SB loss: 0.803688
2025-01-10 19:55:48,844 Epoch: [5/20] Iter:[120/192], Time: 0.44, lr: [0.007428824043550734], Loss: 3.254808, Acc:0.652051, Semantic loss: 1.098377, BCE loss: 1.355001, SB loss: 0.801430
2025-01-10 19:55:52,748 Epoch: [5/20] Iter:[130/192], Time: 0.44, lr: [0.007404595222997526], Loss: 3.258494, Acc:0.653050, Semantic loss: 1.100084, BCE loss: 1.355279, SB loss: 0.803131
2025-01-10 19:55:56,674 Epoch: [5/20] Iter:[140/192], Time: 0.43, lr: [0.007380357590341623], Loss: 3.266140, Acc:0.655722, Semantic loss: 1.099164, BCE loss: 1.365159, SB loss: 0.801817
2025-01-10 19:56:00,629 Epoch: [5/20] Iter:[150/192], Time: 0.43, lr: [0.007356111110199354], Loss: 3.268585, Acc:0.655949, Semantic loss: 1.099226, BCE loss: 1.366905, SB loss: 0.802454
2025-01-10 19:56:04,552 Epoch: [5/20] Iter:[160/192], Time: 0.43, lr: [0.00733185574691482], Loss: 3.275194, Acc:0.655416, Semantic loss: 1.099143, BCE loss: 1.374617, SB loss: 0.801434
2025-01-10 19:56:08,498 Epoch: [5/20] Iter:[170/192], Time: 0.43, lr: [0.007307591464556783], Loss: 3.273262, Acc:0.655696, Semantic loss: 1.097608, BCE loss: 1.376872, SB loss: 0.798782
2025-01-10 19:56:12,425 Epoch: [5/20] Iter:[180/192], Time: 0.43, lr: [0.007283318226915514], Loss: 3.283834, Acc:0.656478, Semantic loss: 1.097455, BCE loss: 1.387075, SB loss: 0.799304
2025-01-10 19:56:16,303 Epoch: [5/20] Iter:[190/192], Time: 0.42, lr: [0.007259035997499604], Loss: 3.282862, Acc:0.655657, Semantic loss: 1.097149, BCE loss: 1.387636, SB loss: 0.798078
2025-01-10 19:57:52,204 0 [0.         0.56138761 0.38590424 0.22182899 0.24658088 0.15113958
 0.1752663 ] 0.24887251396323
2025-01-10 19:57:52,204 1 [0.         0.44976091 0.39845809 0.32588642 0.34068669 0.08780462
 0.17475511] 0.2539074052914136
2025-01-10 19:57:52,211 => saving checkpoint to output\loveda\pidnet_small_lovedacheckpoint.pth.tar
2025-01-10 19:57:52,289 Loss: 3.595, MeanIU:  0.2539, Best_mIoU:  0.2707
2025-01-10 19:57:52,290 [0.         0.44976091 0.39845809 0.32588642 0.34068669 0.08780462
 0.17475511]
2025-01-10 19:57:58,822 Epoch: [6/20] Iter:[0/192], Time: 6.34, lr: [0.007254178469372199], Loss: 3.397953, Acc:0.700703, Semantic loss: 1.033798, BCE loss: 1.533073, SB loss: 0.831082
2025-01-10 19:58:02,732 Epoch: [6/20] Iter:[10/192], Time: 0.93, lr: [0.007229885401256642], Loss: 3.119028, Acc:0.677737, Semantic loss: 1.042133, BCE loss: 1.282595, SB loss: 0.794300
2025-01-10 19:58:06,607 Epoch: [6/20] Iter:[20/192], Time: 0.67, lr: [0.0072055832600777334], Loss: 3.140082, Acc:0.666404, Semantic loss: 1.046580, BCE loss: 1.297739, SB loss: 0.795763
2025-01-10 19:58:10,549 Epoch: [6/20] Iter:[30/192], Time: 0.58, lr: [0.007181272008420604], Loss: 3.164595, Acc:0.673178, Semantic loss: 1.065647, BCE loss: 1.312570, SB loss: 0.786378
2025-01-10 19:58:14,472 Epoch: [6/20] Iter:[40/192], Time: 0.54, lr: [0.007156951608574727], Loss: 3.177241, Acc:0.666374, Semantic loss: 1.074055, BCE loss: 1.321557, SB loss: 0.781629
2025-01-10 19:58:18,375 Epoch: [6/20] Iter:[50/192], Time: 0.51, lr: [0.007132622022530447], Loss: 3.155483, Acc:0.665799, Semantic loss: 1.076243, BCE loss: 1.296572, SB loss: 0.782667
2025-01-10 19:58:22,275 Epoch: [6/20] Iter:[60/192], Time: 0.49, lr: [0.007108283211975477], Loss: 3.213774, Acc:0.665611, Semantic loss: 1.080343, BCE loss: 1.348793, SB loss: 0.784638
2025-01-10 19:58:26,180 Epoch: [6/20] Iter:[70/192], Time: 0.47, lr: [0.007083935138291319], Loss: 3.229882, Acc:0.659752, Semantic loss: 1.095918, BCE loss: 1.341902, SB loss: 0.792062
2025-01-10 19:58:30,096 Epoch: [6/20] Iter:[80/192], Time: 0.46, lr: [0.007059577762549636], Loss: 3.248859, Acc:0.657141, Semantic loss: 1.099674, BCE loss: 1.354777, SB loss: 0.794408
2025-01-10 19:58:34,043 Epoch: [6/20] Iter:[90/192], Time: 0.46, lr: [0.007035211045508576], Loss: 3.251466, Acc:0.659844, Semantic loss: 1.096201, BCE loss: 1.365752, SB loss: 0.789514
2025-01-10 19:58:37,956 Epoch: [6/20] Iter:[100/192], Time: 0.45, lr: [0.0070108349476090265], Loss: 3.262174, Acc:0.661920, Semantic loss: 1.093472, BCE loss: 1.380809, SB loss: 0.787893
2025-01-10 19:58:41,830 Epoch: [6/20] Iter:[110/192], Time: 0.44, lr: [0.00698644942897081], Loss: 3.254619, Acc:0.659999, Semantic loss: 1.089315, BCE loss: 1.376154, SB loss: 0.789149
2025-01-10 19:58:45,731 Epoch: [6/20] Iter:[120/192], Time: 0.44, lr: [0.006962054449388827], Loss: 3.261804, Acc:0.658763, Semantic loss: 1.091518, BCE loss: 1.379781, SB loss: 0.790506
2025-01-10 19:58:49,664 Epoch: [6/20] Iter:[130/192], Time: 0.44, lr: [0.006937649968329135], Loss: 3.268597, Acc:0.658866, Semantic loss: 1.091419, BCE loss: 1.385143, SB loss: 0.792035
2025-01-10 19:58:53,598 Epoch: [6/20] Iter:[140/192], Time: 0.43, lr: [0.006913235944924954], Loss: 3.279986, Acc:0.660574, Semantic loss: 1.089578, BCE loss: 1.398519, SB loss: 0.791888
2025-01-10 19:58:57,540 Epoch: [6/20] Iter:[150/192], Time: 0.43, lr: [0.006888812337972621], Loss: 3.270687, Acc:0.662020, Semantic loss: 1.086696, BCE loss: 1.391638, SB loss: 0.792353
2025-01-10 19:59:01,430 Epoch: [6/20] Iter:[160/192], Time: 0.43, lr: [0.00686437910592748], Loss: 3.263309, Acc:0.662024, Semantic loss: 1.086319, BCE loss: 1.386000, SB loss: 0.790989
2025-01-10 19:59:05,353 Epoch: [6/20] Iter:[170/192], Time: 0.43, lr: [0.00683993620689969], Loss: 3.259061, Acc:0.662454, Semantic loss: 1.085513, BCE loss: 1.383596, SB loss: 0.789952
2025-01-10 19:59:09,277 Epoch: [6/20] Iter:[180/192], Time: 0.42, lr: [0.0068154835986499775], Loss: 3.253138, Acc:0.663838, Semantic loss: 1.081324, BCE loss: 1.382970, SB loss: 0.788844
2025-01-10 19:59:13,150 Epoch: [6/20] Iter:[190/192], Time: 0.42, lr: [0.006791021238585323], Loss: 3.242092, Acc:0.664077, Semantic loss: 1.078304, BCE loss: 1.377104, SB loss: 0.786684
2025-01-10 20:00:49,425 0 [0.         0.5493908  0.29612518 0.24506805 0.1947056  0.05651824
 0.1037788 ] 0.20651237908015838
2025-01-10 20:00:49,425 1 [0.         0.56074877 0.37557816 0.28250099 0.30023131 0.0177882
 0.05930181] 0.22802131913935958
2025-01-10 20:00:49,431 => saving checkpoint to output\loveda\pidnet_small_lovedacheckpoint.pth.tar
2025-01-10 20:00:49,511 Loss: 3.762, MeanIU:  0.2280, Best_mIoU:  0.2707
2025-01-10 20:00:49,511 [0.         0.56074877 0.37557816 0.28250099 0.30023131 0.0177882
 0.05930181]
2025-01-10 20:00:56,123 Epoch: [7/20] Iter:[0/192], Time: 6.42, lr: [0.006786127592581251], Loss: 3.780904, Acc:0.631205, Semantic loss: 1.121679, BCE loss: 1.876312, SB loss: 0.782913
2025-01-10 20:01:00,036 Epoch: [7/20] Iter:[10/192], Time: 0.94, lr: [0.006761653473611295], Loss: 3.119845, Acc:0.673409, Semantic loss: 1.019914, BCE loss: 1.364998, SB loss: 0.734932
2025-01-10 20:01:03,945 Epoch: [7/20] Iter:[20/192], Time: 0.68, lr: [0.006737169507854796], Loss: 3.143978, Acc:0.685535, Semantic loss: 1.005543, BCE loss: 1.392405, SB loss: 0.746030
2025-01-10 20:01:07,857 Epoch: [7/20] Iter:[30/192], Time: 0.59, lr: [0.006712675651556858], Loss: 3.141961, Acc:0.696968, Semantic loss: 1.005242, BCE loss: 1.392764, SB loss: 0.743955
2025-01-10 20:01:11,739 Epoch: [7/20] Iter:[40/192], Time: 0.54, lr: [0.006688171860589905], Loss: 3.098068, Acc:0.694002, Semantic loss: 1.005737, BCE loss: 1.342840, SB loss: 0.749491
2025-01-10 20:01:15,650 Epoch: [7/20] Iter:[50/192], Time: 0.51, lr: [0.0066636580904489585], Loss: 3.136390, Acc:0.686831, Semantic loss: 1.026410, BCE loss: 1.346971, SB loss: 0.763009
2025-01-10 20:01:19,560 Epoch: [7/20] Iter:[60/192], Time: 0.49, lr: [0.006639134296246874], Loss: 3.156101, Acc:0.683057, Semantic loss: 1.032441, BCE loss: 1.356257, SB loss: 0.767403
2025-01-10 20:01:23,470 Epoch: [7/20] Iter:[70/192], Time: 0.48, lr: [0.0066146004327094585], Loss: 3.159630, Acc:0.684571, Semantic loss: 1.037313, BCE loss: 1.353789, SB loss: 0.768528
2025-01-10 20:01:27,376 Epoch: [7/20] Iter:[80/192], Time: 0.47, lr: [0.006590056454170537], Loss: 3.171213, Acc:0.683944, Semantic loss: 1.038211, BCE loss: 1.364719, SB loss: 0.768282
2025-01-10 20:01:31,277 Epoch: [7/20] Iter:[90/192], Time: 0.46, lr: [0.006565502314566912], Loss: 3.168268, Acc:0.684205, Semantic loss: 1.042647, BCE loss: 1.352907, SB loss: 0.772714
2025-01-10 20:01:35,176 Epoch: [7/20] Iter:[100/192], Time: 0.45, lr: [0.006540937967433255], Loss: 3.165544, Acc:0.681270, Semantic loss: 1.041733, BCE loss: 1.351431, SB loss: 0.772380
2025-01-10 20:01:39,099 Epoch: [7/20] Iter:[110/192], Time: 0.45, lr: [0.006516363365896894], Loss: 3.163987, Acc:0.679764, Semantic loss: 1.045496, BCE loss: 1.348452, SB loss: 0.770040
2025-01-10 20:01:43,003 Epoch: [7/20] Iter:[120/192], Time: 0.44, lr: [0.006491778462672531], Loss: 3.172781, Acc:0.679031, Semantic loss: 1.045658, BCE loss: 1.358271, SB loss: 0.768852
2025-01-10 20:01:46,910 Epoch: [7/20] Iter:[130/192], Time: 0.44, lr: [0.006467183210056843], Loss: 3.179724, Acc:0.678661, Semantic loss: 1.045134, BCE loss: 1.365419, SB loss: 0.769170
2025-01-10 20:01:50,846 Epoch: [7/20] Iter:[140/192], Time: 0.43, lr: [0.006442577559923017], Loss: 3.178461, Acc:0.677409, Semantic loss: 1.045872, BCE loss: 1.364334, SB loss: 0.768255
2025-01-10 20:01:54,767 Epoch: [7/20] Iter:[150/192], Time: 0.43, lr: [0.006417961463715172], Loss: 3.170785, Acc:0.676492, Semantic loss: 1.047573, BCE loss: 1.355487, SB loss: 0.767725
2025-01-10 20:01:58,660 Epoch: [7/20] Iter:[160/192], Time: 0.43, lr: [0.006393334872442681], Loss: 3.171183, Acc:0.677914, Semantic loss: 1.046305, BCE loss: 1.355586, SB loss: 0.769292
2025-01-10 20:02:02,578 Epoch: [7/20] Iter:[170/192], Time: 0.43, lr: [0.006368697736674411], Loss: 3.175083, Acc:0.678171, Semantic loss: 1.051170, BCE loss: 1.354212, SB loss: 0.769701
2025-01-10 20:02:06,502 Epoch: [7/20] Iter:[180/192], Time: 0.42, lr: [0.006344050006532848], Loss: 3.182867, Acc:0.677750, Semantic loss: 1.054091, BCE loss: 1.358697, SB loss: 0.770079
2025-01-10 20:02:10,357 Epoch: [7/20] Iter:[190/192], Time: 0.42, lr: [0.006319391631688114], Loss: 3.186668, Acc:0.677072, Semantic loss: 1.053854, BCE loss: 1.361013, SB loss: 0.771801
2025-01-10 20:03:46,853 0 [0.         0.57851443 0.37582013 0.26660379 0.18399673 0.07368888
 0.12152768] 0.22859309012705345
2025-01-10 20:03:46,853 1 [0.         0.55362472 0.33565394 0.30105049 0.26010508 0.04057086
 0.08393394] 0.2249912899083426
2025-01-10 20:03:46,860 => saving checkpoint to output\loveda\pidnet_small_lovedacheckpoint.pth.tar
2025-01-10 20:03:46,946 Loss: 3.737, MeanIU:  0.2250, Best_mIoU:  0.2707
2025-01-10 20:03:46,946 [0.         0.55362472 0.33565394 0.30105049 0.26010508 0.04057086
 0.08393394]
2025-01-10 20:03:53,450 Epoch: [8/20] Iter:[0/192], Time: 6.31, lr: [0.006314458674893553], Loss: 3.192767, Acc:0.756984, Semantic loss: 0.893504, BCE loss: 1.619292, SB loss: 0.679971
2025-01-10 20:03:57,371 Epoch: [8/20] Iter:[10/192], Time: 0.93, lr: [0.006289787459323657], Loss: 3.126036, Acc:0.698928, Semantic loss: 0.967851, BCE loss: 1.396104, SB loss: 0.762081
2025-01-10 20:04:01,301 Epoch: [8/20] Iter:[20/192], Time: 0.67, lr: [0.006265105486702424], Loss: 3.111119, Acc:0.701065, Semantic loss: 0.992691, BCE loss: 1.359064, SB loss: 0.759364
2025-01-10 20:04:05,209 Epoch: [8/20] Iter:[30/192], Time: 0.58, lr: [0.006240412705211017], Loss: 3.096549, Acc:0.690856, Semantic loss: 1.008123, BCE loss: 1.328902, SB loss: 0.759523
2025-01-10 20:04:09,134 Epoch: [8/20] Iter:[40/192], Time: 0.54, lr: [0.006215709062551949], Loss: 3.114204, Acc:0.685650, Semantic loss: 1.013722, BCE loss: 1.342103, SB loss: 0.758378
2025-01-10 20:04:13,055 Epoch: [8/20] Iter:[50/192], Time: 0.51, lr: [0.006190994505942529], Loss: 3.096891, Acc:0.687157, Semantic loss: 1.024387, BCE loss: 1.310759, SB loss: 0.761744
2025-01-10 20:04:16,961 Epoch: [8/20] Iter:[60/192], Time: 0.49, lr: [0.006166268982108192], Loss: 3.093950, Acc:0.679895, Semantic loss: 1.037400, BCE loss: 1.294310, SB loss: 0.762240
2025-01-10 20:04:20,870 Epoch: [8/20] Iter:[70/192], Time: 0.48, lr: [0.006141532437275693], Loss: 3.081876, Acc:0.674593, Semantic loss: 1.037433, BCE loss: 1.285237, SB loss: 0.759206
2025-01-10 20:04:24,773 Epoch: [8/20] Iter:[80/192], Time: 0.46, lr: [0.006116784817166194], Loss: 3.086913, Acc:0.674141, Semantic loss: 1.037576, BCE loss: 1.287374, SB loss: 0.761963
2025-01-10 20:04:28,695 Epoch: [8/20] Iter:[90/192], Time: 0.46, lr: [0.006092026066988214], Loss: 3.115844, Acc:0.677546, Semantic loss: 1.041046, BCE loss: 1.310846, SB loss: 0.763952
2025-01-10 20:04:32,575 Epoch: [8/20] Iter:[100/192], Time: 0.45, lr: [0.006067256131430442], Loss: 3.117493, Acc:0.678855, Semantic loss: 1.034308, BCE loss: 1.319877, SB loss: 0.763307
2025-01-10 20:04:36,469 Epoch: [8/20] Iter:[110/192], Time: 0.44, lr: [0.00604247495465443], Loss: 3.119497, Acc:0.680628, Semantic loss: 1.029871, BCE loss: 1.328611, SB loss: 0.761015
2025-01-10 20:04:40,392 Epoch: [8/20] Iter:[120/192], Time: 0.44, lr: [0.006017682480287143], Loss: 3.115531, Acc:0.682563, Semantic loss: 1.027396, BCE loss: 1.328633, SB loss: 0.759503
2025-01-10 20:04:44,318 Epoch: [8/20] Iter:[130/192], Time: 0.44, lr: [0.00599287865141337], Loss: 3.119951, Acc:0.683220, Semantic loss: 1.029637, BCE loss: 1.330332, SB loss: 0.759982
2025-01-10 20:04:48,205 Epoch: [8/20] Iter:[140/192], Time: 0.43, lr: [0.005968063410567983], Loss: 3.123302, Acc:0.681955, Semantic loss: 1.032480, BCE loss: 1.329955, SB loss: 0.760867
2025-01-10 20:04:52,153 Epoch: [8/20] Iter:[150/192], Time: 0.43, lr: [0.00594323669972807], Loss: 3.133658, Acc:0.682702, Semantic loss: 1.032766, BCE loss: 1.339121, SB loss: 0.761772
2025-01-10 20:04:56,065 Epoch: [8/20] Iter:[160/192], Time: 0.43, lr: [0.005918398460304892], Loss: 3.133264, Acc:0.683612, Semantic loss: 1.031586, BCE loss: 1.340252, SB loss: 0.761426
2025-01-10 20:04:59,988 Epoch: [8/20] Iter:[170/192], Time: 0.43, lr: [0.0058935486331357125], Loss: 3.141876, Acc:0.683208, Semantic loss: 1.034145, BCE loss: 1.344864, SB loss: 0.762866
2025-01-10 20:05:03,904 Epoch: [8/20] Iter:[180/192], Time: 0.42, lr: [0.005868687158475447], Loss: 3.145911, Acc:0.682801, Semantic loss: 1.037161, BCE loss: 1.345410, SB loss: 0.763340
2025-01-10 20:05:07,766 Epoch: [8/20] Iter:[190/192], Time: 0.42, lr: [0.005843813975988169], Loss: 3.148998, Acc:0.681793, Semantic loss: 1.037592, BCE loss: 1.348177, SB loss: 0.763230
2025-01-10 20:06:44,573 0 [0.         0.60214839 0.3723005  0.24885183 0.21656982 0.03871729
 0.12880112] 0.2296269910398672
2025-01-10 20:06:44,573 1 [0.         0.63984718 0.44670522 0.33663316 0.29105766 0.00490004
 0.08964457] 0.25839826132539634
2025-01-10 20:06:44,580 => saving checkpoint to output\loveda\pidnet_small_lovedacheckpoint.pth.tar
2025-01-10 20:06:44,659 Loss: 3.648, MeanIU:  0.2584, Best_mIoU:  0.2707
2025-01-10 20:06:44,659 [0.         0.63984718 0.44670522 0.33663316 0.29105766 0.00490004
 0.08964457]
2025-01-10 20:06:51,216 Epoch: [9/20] Iter:[0/192], Time: 6.37, lr: [0.0058388379291998025], Loss: 2.967731, Acc:0.743081, Semantic loss: 0.845951, BCE loss: 1.451061, SB loss: 0.670719
2025-01-10 20:06:55,093 Epoch: [9/20] Iter:[10/192], Time: 0.93, lr: [0.0058139506168319475], Loss: 2.971856, Acc:0.679050, Semantic loss: 0.989853, BCE loss: 1.266256, SB loss: 0.715747
2025-01-10 20:06:58,973 Epoch: [9/20] Iter:[20/192], Time: 0.67, lr: [0.005789051461775303], Loss: 2.998287, Acc:0.677582, Semantic loss: 1.004637, BCE loss: 1.270346, SB loss: 0.723304
2025-01-10 20:07:02,868 Epoch: [9/20] Iter:[30/192], Time: 0.58, lr: [0.005764140401744157], Loss: 3.012727, Acc:0.685285, Semantic loss: 0.996340, BCE loss: 1.282929, SB loss: 0.733458
2025-01-10 20:07:06,748 Epoch: [9/20] Iter:[40/192], Time: 0.53, lr: [0.005739217373824397], Loss: 3.051492, Acc:0.683133, Semantic loss: 1.011738, BCE loss: 1.295187, SB loss: 0.744567
2025-01-10 20:07:10,699 Epoch: [9/20] Iter:[50/192], Time: 0.51, lr: [0.005714282314464109], Loss: 3.094388, Acc:0.685136, Semantic loss: 1.015404, BCE loss: 1.338379, SB loss: 0.740605
2025-01-10 20:07:14,632 Epoch: [9/20] Iter:[60/192], Time: 0.49, lr: [0.005689335159463984], Loss: 3.085258, Acc:0.689345, Semantic loss: 1.012694, BCE loss: 1.328923, SB loss: 0.743641
2025-01-10 20:07:18,515 Epoch: [9/20] Iter:[70/192], Time: 0.47, lr: [0.0056643758439675305], Loss: 3.085750, Acc:0.689019, Semantic loss: 1.009229, BCE loss: 1.333822, SB loss: 0.742700
2025-01-10 20:07:22,429 Epoch: [9/20] Iter:[80/192], Time: 0.46, lr: [0.005639404302451105], Loss: 3.064257, Acc:0.693930, Semantic loss: 1.001107, BCE loss: 1.325280, SB loss: 0.737870
2025-01-10 20:07:26,350 Epoch: [9/20] Iter:[90/192], Time: 0.46, lr: [0.005614420468713722], Loss: 3.076304, Acc:0.693901, Semantic loss: 1.012438, BCE loss: 1.323810, SB loss: 0.740056
2025-01-10 20:07:30,261 Epoch: [9/20] Iter:[100/192], Time: 0.45, lr: [0.005589424275866668], Loss: 3.086577, Acc:0.693264, Semantic loss: 1.019346, BCE loss: 1.325813, SB loss: 0.741418
2025-01-10 20:07:34,165 Epoch: [9/20] Iter:[110/192], Time: 0.44, lr: [0.005564415656322913], Loss: 3.100259, Acc:0.693369, Semantic loss: 1.022824, BCE loss: 1.334556, SB loss: 0.742879
2025-01-10 20:07:38,097 Epoch: [9/20] Iter:[120/192], Time: 0.44, lr: [0.00553939454178628], Loss: 3.113937, Acc:0.692418, Semantic loss: 1.025898, BCE loss: 1.344961, SB loss: 0.743077
2025-01-10 20:07:42,003 Epoch: [9/20] Iter:[130/192], Time: 0.44, lr: [0.005514360863240413], Loss: 3.112063, Acc:0.693065, Semantic loss: 1.026029, BCE loss: 1.340267, SB loss: 0.745768
2025-01-10 20:07:45,926 Epoch: [9/20] Iter:[140/192], Time: 0.43, lr: [0.005489314550937511], Loss: 3.112062, Acc:0.692120, Semantic loss: 1.024593, BCE loss: 1.341068, SB loss: 0.746401
2025-01-10 20:07:49,837 Epoch: [9/20] Iter:[150/192], Time: 0.43, lr: [0.005464255534386825], Loss: 3.105153, Acc:0.693023, Semantic loss: 1.019206, BCE loss: 1.340090, SB loss: 0.745857
2025-01-10 20:07:53,728 Epoch: [9/20] Iter:[160/192], Time: 0.43, lr: [0.005439183742342914], Loss: 3.109593, Acc:0.694681, Semantic loss: 1.016811, BCE loss: 1.347315, SB loss: 0.745466
2025-01-10 20:07:57,644 Epoch: [9/20] Iter:[170/192], Time: 0.43, lr: [0.00541409910279366], Loss: 3.111630, Acc:0.694331, Semantic loss: 1.015931, BCE loss: 1.350872, SB loss: 0.744828
2025-01-10 20:08:01,545 Epoch: [9/20] Iter:[180/192], Time: 0.42, lr: [0.005389001542948025], Loss: 3.117625, Acc:0.694468, Semantic loss: 1.017643, BCE loss: 1.351688, SB loss: 0.748293
2025-01-10 20:08:05,437 Epoch: [9/20] Iter:[190/192], Time: 0.42, lr: [0.005363890989223547], Loss: 3.108816, Acc:0.692558, Semantic loss: 1.018569, BCE loss: 1.341328, SB loss: 0.748919
2025-01-10 20:09:43,455 0 [0.         0.58997579 0.33769644 0.22764069 0.21892669 0.13539496
 0.12376101] 0.2333422257000475
2025-01-10 20:09:43,455 1 [0.         0.61960697 0.41713298 0.30810499 0.26693918 0.06968683
 0.12246295] 0.25770484224886764
2025-01-10 20:09:43,462 => saving checkpoint to output\loveda\pidnet_small_lovedacheckpoint.pth.tar
2025-01-10 20:09:43,542 Loss: 3.504, MeanIU:  0.2577, Best_mIoU:  0.2707
2025-01-10 20:09:43,542 [0.         0.61960697 0.41713298 0.30810499 0.26693918 0.06968683
 0.12246295]
2025-01-10 20:09:50,133 Epoch: [10/20] Iter:[0/192], Time: 6.40, lr: [0.005358867312681466], Loss: 2.936497, Acc:0.750493, Semantic loss: 0.935445, BCE loss: 1.363940, SB loss: 0.637111
2025-01-10 20:09:54,032 Epoch: [10/20] Iter:[10/192], Time: 0.94, lr: [0.005333741068040314], Loss: 3.194193, Acc:0.715612, Semantic loss: 1.005119, BCE loss: 1.434187, SB loss: 0.754887
2025-01-10 20:09:57,939 Epoch: [10/20] Iter:[20/192], Time: 0.68, lr: [0.0053086016647897714], Loss: 3.185600, Acc:0.718538, Semantic loss: 1.011905, BCE loss: 1.424575, SB loss: 0.749120
2025-01-10 20:10:01,854 Epoch: [10/20] Iter:[30/192], Time: 0.58, lr: [0.005283449026727663], Loss: 3.188139, Acc:0.709801, Semantic loss: 1.008534, BCE loss: 1.433217, SB loss: 0.746389
2025-01-10 20:10:05,775 Epoch: [10/20] Iter:[40/192], Time: 0.54, lr: [0.005258283076804885], Loss: 3.180888, Acc:0.717687, Semantic loss: 0.995914, BCE loss: 1.443004, SB loss: 0.741970
2025-01-10 20:10:09,668 Epoch: [10/20] Iter:[50/192], Time: 0.51, lr: [0.00523310373711144], Loss: 3.146170, Acc:0.714718, Semantic loss: 0.990200, BCE loss: 1.422118, SB loss: 0.733852
2025-01-10 20:10:13,602 Epoch: [10/20] Iter:[60/192], Time: 0.49, lr: [0.005207910928862159], Loss: 3.143236, Acc:0.707835, Semantic loss: 1.008648, BCE loss: 1.404395, SB loss: 0.730193
2025-01-10 20:10:17,518 Epoch: [10/20] Iter:[70/192], Time: 0.48, lr: [0.005182704572382109], Loss: 3.118791, Acc:0.703577, Semantic loss: 1.008341, BCE loss: 1.381504, SB loss: 0.728946
2025-01-10 20:10:21,442 Epoch: [10/20] Iter:[80/192], Time: 0.47, lr: [0.005157484587091684], Loss: 3.113203, Acc:0.707004, Semantic loss: 0.998499, BCE loss: 1.383512, SB loss: 0.731192
2025-01-10 20:10:25,338 Epoch: [10/20] Iter:[90/192], Time: 0.46, lr: [0.005132250891491357], Loss: 3.098384, Acc:0.705283, Semantic loss: 0.996469, BCE loss: 1.372143, SB loss: 0.729772
2025-01-10 20:10:29,268 Epoch: [10/20] Iter:[100/192], Time: 0.45, lr: [0.005107003403146087], Loss: 3.076818, Acc:0.705485, Semantic loss: 0.992627, BCE loss: 1.354411, SB loss: 0.729780
2025-01-10 20:10:33,196 Epoch: [10/20] Iter:[110/192], Time: 0.45, lr: [0.005081742038669388], Loss: 3.084708, Acc:0.706210, Semantic loss: 0.995998, BCE loss: 1.355201, SB loss: 0.733508
2025-01-10 20:10:37,103 Epoch: [10/20] Iter:[120/192], Time: 0.44, lr: [0.005056466713707024], Loss: 3.080522, Acc:0.705687, Semantic loss: 0.999052, BCE loss: 1.343703, SB loss: 0.737767
2025-01-10 20:10:41,021 Epoch: [10/20] Iter:[130/192], Time: 0.44, lr: [0.005031177342920337], Loss: 3.074834, Acc:0.706101, Semantic loss: 0.999101, BCE loss: 1.337949, SB loss: 0.737784
2025-01-10 20:10:44,913 Epoch: [10/20] Iter:[140/192], Time: 0.43, lr: [0.005005873839969192], Loss: 3.071375, Acc:0.703482, Semantic loss: 1.001890, BCE loss: 1.328895, SB loss: 0.740591
2025-01-10 20:10:48,830 Epoch: [10/20] Iter:[150/192], Time: 0.43, lr: [0.00498055611749454], Loss: 3.082982, Acc:0.701806, Semantic loss: 1.009095, BCE loss: 1.331316, SB loss: 0.742571
2025-01-10 20:10:52,737 Epoch: [10/20] Iter:[160/192], Time: 0.43, lr: [0.004955224087100552], Loss: 3.083058, Acc:0.701936, Semantic loss: 1.007857, BCE loss: 1.332247, SB loss: 0.742954
2025-01-10 20:10:56,679 Epoch: [10/20] Iter:[170/192], Time: 0.43, lr: [0.004929877659336362], Loss: 3.084282, Acc:0.702269, Semantic loss: 1.005344, BCE loss: 1.335058, SB loss: 0.743880
2025-01-10 20:11:00,586 Epoch: [10/20] Iter:[180/192], Time: 0.42, lr: [0.004904516743677371], Loss: 3.083233, Acc:0.700092, Semantic loss: 1.007933, BCE loss: 1.330481, SB loss: 0.744819
2025-01-10 20:11:04,462 Epoch: [10/20] Iter:[190/192], Time: 0.42, lr: [0.00487914124850611], Loss: 3.088755, Acc:0.698728, Semantic loss: 1.009654, BCE loss: 1.333838, SB loss: 0.745264
2025-01-10 20:12:42,449 0 [0.         0.61201328 0.34547781 0.21445824 0.19633482 0.12151324
 0.11640339] 0.22945725271223022
2025-01-10 20:12:42,449 1 [0.         0.63596027 0.31323577 0.27985678 0.29242211 0.05933378
 0.05073525] 0.23307770828824292
2025-01-10 20:12:42,456 => saving checkpoint to output\loveda\pidnet_small_lovedacheckpoint.pth.tar
2025-01-10 20:12:42,535 Loss: 3.753, MeanIU:  0.2331, Best_mIoU:  0.2707
2025-01-10 20:12:42,535 [0.         0.63596027 0.31323577 0.27985678 0.29242211 0.05933378
 0.05073525]
2025-01-10 20:12:49,110 Epoch: [11/20] Iter:[0/192], Time: 6.39, lr: [0.004874064391789954], Loss: 3.189241, Acc:0.778165, Semantic loss: 0.953691, BCE loss: 1.537214, SB loss: 0.698336
2025-01-10 20:12:53,002 Epoch: [11/20] Iter:[10/192], Time: 0.93, lr: [0.004848671278701159], Loss: 3.063994, Acc:0.712092, Semantic loss: 0.984013, BCE loss: 1.391167, SB loss: 0.688814
2025-01-10 20:12:56,928 Epoch: [11/20] Iter:[20/192], Time: 0.68, lr: [0.0048232633805975296], Loss: 3.072513, Acc:0.711296, Semantic loss: 0.976177, BCE loss: 1.378906, SB loss: 0.717430
2025-01-10 20:13:00,826 Epoch: [11/20] Iter:[30/192], Time: 0.58, lr: [0.00479784060223045], Loss: 3.017270, Acc:0.718551, Semantic loss: 0.967688, BCE loss: 1.325766, SB loss: 0.723816
2025-01-10 20:13:04,743 Epoch: [11/20] Iter:[40/192], Time: 0.54, lr: [0.004772402847172951], Loss: 3.003391, Acc:0.717900, Semantic loss: 0.964003, BCE loss: 1.319420, SB loss: 0.719969
2025-01-10 20:13:08,647 Epoch: [11/20] Iter:[50/192], Time: 0.51, lr: [0.004746950017798064], Loss: 3.016561, Acc:0.713982, Semantic loss: 0.962315, BCE loss: 1.328554, SB loss: 0.725692
2025-01-10 20:13:12,559 Epoch: [11/20] Iter:[60/192], Time: 0.49, lr: [0.004721482015256639], Loss: 3.016910, Acc:0.712430, Semantic loss: 0.966683, BCE loss: 1.323199, SB loss: 0.727029
2025-01-10 20:13:16,484 Epoch: [11/20] Iter:[70/192], Time: 0.48, lr: [0.004695998739454633], Loss: 3.027224, Acc:0.716694, Semantic loss: 0.965928, BCE loss: 1.336709, SB loss: 0.724587
2025-01-10 20:13:20,387 Epoch: [11/20] Iter:[80/192], Time: 0.47, lr: [0.004670500089029817], Loss: 3.028768, Acc:0.715225, Semantic loss: 0.967344, BCE loss: 1.336357, SB loss: 0.725067
2025-01-10 20:13:24,283 Epoch: [11/20] Iter:[90/192], Time: 0.46, lr: [0.004644985961327915], Loss: 3.009989, Acc:0.713961, Semantic loss: 0.969614, BCE loss: 1.316461, SB loss: 0.723913
2025-01-10 20:13:28,169 Epoch: [11/20] Iter:[100/192], Time: 0.45, lr: [0.004619456252378151], Loss: 3.022328, Acc:0.713632, Semantic loss: 0.973859, BCE loss: 1.319454, SB loss: 0.729014
2025-01-10 20:13:32,075 Epoch: [11/20] Iter:[110/192], Time: 0.44, lr: [0.004593910856868159], Loss: 3.022668, Acc:0.714237, Semantic loss: 0.974509, BCE loss: 1.317937, SB loss: 0.730222
2025-01-10 20:13:35,999 Epoch: [11/20] Iter:[120/192], Time: 0.44, lr: [0.004568349668118281], Loss: 3.027860, Acc:0.713103, Semantic loss: 0.976330, BCE loss: 1.320353, SB loss: 0.731177
2025-01-10 20:13:39,926 Epoch: [11/20] Iter:[130/192], Time: 0.44, lr: [0.004542772578055196], Loss: 3.043113, Acc:0.710682, Semantic loss: 0.986393, BCE loss: 1.323614, SB loss: 0.733107
2025-01-10 20:13:43,822 Epoch: [11/20] Iter:[140/192], Time: 0.43, lr: [0.00451717947718487], Loss: 3.049427, Acc:0.710758, Semantic loss: 0.984974, BCE loss: 1.332909, SB loss: 0.731544
2025-01-10 20:13:47,712 Epoch: [11/20] Iter:[150/192], Time: 0.43, lr: [0.004491570254564817], Loss: 3.047746, Acc:0.710298, Semantic loss: 0.985022, BCE loss: 1.330166, SB loss: 0.732558
2025-01-10 20:13:51,604 Epoch: [11/20] Iter:[160/192], Time: 0.43, lr: [0.004465944797775636], Loss: 3.048178, Acc:0.710837, Semantic loss: 0.984850, BCE loss: 1.329066, SB loss: 0.734262
2025-01-10 20:13:55,519 Epoch: [11/20] Iter:[170/192], Time: 0.43, lr: [0.004440302992891796], Loss: 3.054699, Acc:0.710326, Semantic loss: 0.987988, BCE loss: 1.332397, SB loss: 0.734315
2025-01-10 20:13:59,414 Epoch: [11/20] Iter:[180/192], Time: 0.42, lr: [0.004414644724451659], Loss: 3.057964, Acc:0.707918, Semantic loss: 0.990903, BCE loss: 1.332287, SB loss: 0.734773
2025-01-10 20:14:03,322 Epoch: [11/20] Iter:[190/192], Time: 0.42, lr: [0.004388969875426714], Loss: 3.055841, Acc:0.707877, Semantic loss: 0.992153, BCE loss: 1.328052, SB loss: 0.735637
2025-01-10 20:15:41,205 0 [0.         0.6088287  0.42416925 0.25166503 0.21099135 0.13922882
 0.11744601] 0.2503327372344739
2025-01-10 20:15:41,205 1 [0.         0.64970717 0.40814453 0.34461614 0.27988859 0.07242689
 0.09005744] 0.26354868158410766
2025-01-10 20:15:41,210 => saving checkpoint to output\loveda\pidnet_small_lovedacheckpoint.pth.tar
2025-01-10 20:15:41,288 Loss: 3.738, MeanIU:  0.2635, Best_mIoU:  0.2707
2025-01-10 20:15:41,288 [0.         0.64970717 0.40814453 0.34461614 0.27988859 0.07242689
 0.09005744]
2025-01-10 20:15:48,565 Epoch: [12/20] Iter:[0/192], Time: 7.09, lr: [0.0043838329055408696], Loss: 3.224152, Acc:0.763209, Semantic loss: 0.913847, BCE loss: 1.615099, SB loss: 0.695205
2025-01-10 20:15:52,661 Epoch: [12/20] Iter:[10/192], Time: 1.02, lr: [0.004358138003083593], Loss: 3.118765, Acc:0.726541, Semantic loss: 0.946501, BCE loss: 1.458730, SB loss: 0.713534
2025-01-10 20:15:56,872 Epoch: [12/20] Iter:[20/192], Time: 0.73, lr: [0.0043324262569064236], Loss: 3.045639, Acc:0.724093, Semantic loss: 0.944958, BCE loss: 1.386760, SB loss: 0.713921
2025-01-10 20:16:01,128 Epoch: [12/20] Iter:[30/192], Time: 0.63, lr: [0.0043066975447503065], Loss: 3.022902, Acc:0.723456, Semantic loss: 0.961492, BCE loss: 1.342380, SB loss: 0.719030
2025-01-10 20:16:05,480 Epoch: [12/20] Iter:[40/192], Time: 0.59, lr: [0.00428095174265078], Loss: 3.025495, Acc:0.727257, Semantic loss: 0.958972, BCE loss: 1.357151, SB loss: 0.709372
2025-01-10 20:16:09,753 Epoch: [12/20] Iter:[50/192], Time: 0.55, lr: [0.004255188724902623], Loss: 3.038861, Acc:0.727139, Semantic loss: 0.960687, BCE loss: 1.367168, SB loss: 0.711006
2025-01-10 20:16:14,086 Epoch: [12/20] Iter:[60/192], Time: 0.53, lr: [0.004229408364023519], Loss: 3.049293, Acc:0.729776, Semantic loss: 0.959091, BCE loss: 1.376177, SB loss: 0.714024
2025-01-10 20:16:18,407 Epoch: [12/20] Iter:[70/192], Time: 0.52, lr: [0.004203610530716726], Loss: 3.059415, Acc:0.723915, Semantic loss: 0.975706, BCE loss: 1.362815, SB loss: 0.720894
2025-01-10 20:16:22,839 Epoch: [12/20] Iter:[80/192], Time: 0.51, lr: [0.004177795093832693], Loss: 3.064600, Acc:0.722419, Semantic loss: 0.981249, BCE loss: 1.362057, SB loss: 0.721293
2025-01-10 20:16:27,050 Epoch: [12/20] Iter:[90/192], Time: 0.50, lr: [0.004151961920329593], Loss: 3.044424, Acc:0.722054, Semantic loss: 0.978186, BCE loss: 1.346074, SB loss: 0.720164
2025-01-10 20:16:31,417 Epoch: [12/20] Iter:[100/192], Time: 0.49, lr: [0.004126110875232744], Loss: 3.055731, Acc:0.723045, Semantic loss: 0.979477, BCE loss: 1.352476, SB loss: 0.723778
2025-01-10 20:16:35,709 Epoch: [12/20] Iter:[110/192], Time: 0.49, lr: [0.004100241821592866], Loss: 3.048724, Acc:0.719613, Semantic loss: 0.980337, BCE loss: 1.342064, SB loss: 0.726323
2025-01-10 20:16:40,077 Epoch: [12/20] Iter:[120/192], Time: 0.48, lr: [0.00407435462044314], Loss: 3.046246, Acc:0.719948, Semantic loss: 0.977560, BCE loss: 1.342397, SB loss: 0.726288
2025-01-10 20:16:44,420 Epoch: [12/20] Iter:[130/192], Time: 0.48, lr: [0.004048449130755016], Loss: 3.041236, Acc:0.719690, Semantic loss: 0.973127, BCE loss: 1.342939, SB loss: 0.725170
2025-01-10 20:16:48,732 Epoch: [12/20] Iter:[140/192], Time: 0.48, lr: [0.004022525209392749], Loss: 3.042738, Acc:0.720133, Semantic loss: 0.971446, BCE loss: 1.346754, SB loss: 0.724538
2025-01-10 20:16:52,999 Epoch: [12/20] Iter:[150/192], Time: 0.47, lr: [0.003996582711066572], Loss: 3.036880, Acc:0.719343, Semantic loss: 0.968344, BCE loss: 1.345476, SB loss: 0.723060
2025-01-10 20:16:57,370 Epoch: [12/20] Iter:[160/192], Time: 0.47, lr: [0.003970621488284514], Loss: 3.029390, Acc:0.717848, Semantic loss: 0.968416, BCE loss: 1.337376, SB loss: 0.723598
2025-01-10 20:17:01,727 Epoch: [12/20] Iter:[170/192], Time: 0.47, lr: [0.003944641391302759], Loss: 3.032475, Acc:0.715834, Semantic loss: 0.976244, BCE loss: 1.331853, SB loss: 0.724378
2025-01-10 20:17:06,065 Epoch: [12/20] Iter:[180/192], Time: 0.47, lr: [0.003918642268074522], Loss: 3.023860, Acc:0.713639, Semantic loss: 0.979164, BCE loss: 1.320420, SB loss: 0.724275
2025-01-10 20:17:10,303 Epoch: [12/20] Iter:[190/192], Time: 0.47, lr: [0.003892623964197378], Loss: 3.023477, Acc:0.713463, Semantic loss: 0.978297, BCE loss: 1.319454, SB loss: 0.725726
2025-01-10 20:19:20,214 0 [0.         0.60818254 0.4149096  0.2887619  0.18289989 0.10126964
 0.11372677] 0.24425004977097298
2025-01-10 20:19:20,215 1 [0.         0.59358234 0.41263926 0.35627475 0.24256134 0.08149019
 0.11582733] 0.2574821740427824
2025-01-10 20:19:20,223 => saving checkpoint to output\loveda\pidnet_small_lovedacheckpoint.pth.tar
2025-01-10 20:19:20,315 Loss: 3.694, MeanIU:  0.2575, Best_mIoU:  0.2707
2025-01-10 20:19:20,315 [0.         0.59358234 0.41263926 0.35627475 0.24256134 0.08149019
 0.11582733]
2025-01-10 20:19:27,141 Epoch: [13/20] Iter:[0/192], Time: 6.64, lr: [0.0038874179879876346], Loss: 3.153305, Acc:0.765248, Semantic loss: 0.878359, BCE loss: 1.663691, SB loss: 0.611255
2025-01-10 20:19:31,290 Epoch: [13/20] Iter:[10/192], Time: 0.98, lr: [0.003861376460123532], Loss: 3.059755, Acc:0.725856, Semantic loss: 0.918177, BCE loss: 1.423980, SB loss: 0.717598
2025-01-10 20:19:35,517 Epoch: [13/20] Iter:[20/192], Time: 0.72, lr: [0.003835315403363414], Loss: 3.029161, Acc:0.734887, Semantic loss: 0.939623, BCE loss: 1.368322, SB loss: 0.721216
2025-01-10 20:19:39,843 Epoch: [13/20] Iter:[30/192], Time: 0.62, lr: [0.00380923465539378], Loss: 2.986932, Acc:0.733206, Semantic loss: 0.934162, BCE loss: 1.341924, SB loss: 0.710846
2025-01-10 20:19:44,209 Epoch: [13/20] Iter:[40/192], Time: 0.58, lr: [0.0037831340513060203], Loss: 2.994874, Acc:0.732842, Semantic loss: 0.937277, BCE loss: 1.351775, SB loss: 0.705822
2025-01-10 20:19:48,436 Epoch: [13/20] Iter:[50/192], Time: 0.55, lr: [0.003757013423534689], Loss: 3.017724, Acc:0.734622, Semantic loss: 0.946743, BCE loss: 1.364505, SB loss: 0.706477
2025-01-10 20:19:52,724 Epoch: [13/20] Iter:[60/192], Time: 0.53, lr: [0.003730872601793835], Loss: 3.012722, Acc:0.729820, Semantic loss: 0.943478, BCE loss: 1.362548, SB loss: 0.706696
2025-01-10 20:19:56,938 Epoch: [13/20] Iter:[70/192], Time: 0.51, lr: [0.0037047114130112895], Loss: 3.001079, Acc:0.727485, Semantic loss: 0.946393, BCE loss: 1.347336, SB loss: 0.707349
2025-01-10 20:20:01,210 Epoch: [13/20] Iter:[80/192], Time: 0.50, lr: [0.0036785296812608405], Loss: 2.998006, Acc:0.727274, Semantic loss: 0.960582, BCE loss: 1.320261, SB loss: 0.717163
2025-01-10 20:20:05,425 Epoch: [13/20] Iter:[90/192], Time: 0.49, lr: [0.003652327227692201], Loss: 3.016675, Acc:0.724483, Semantic loss: 0.967494, BCE loss: 1.329892, SB loss: 0.719289
2025-01-10 20:20:09,737 Epoch: [13/20] Iter:[100/192], Time: 0.49, lr: [0.0036261038704587037], Loss: 3.028872, Acc:0.721048, Semantic loss: 0.966809, BCE loss: 1.340665, SB loss: 0.721397
2025-01-10 20:20:14,049 Epoch: [13/20] Iter:[110/192], Time: 0.48, lr: [0.003599859424642584], Loss: 3.029336, Acc:0.722866, Semantic loss: 0.964006, BCE loss: 1.343535, SB loss: 0.721795
2025-01-10 20:20:18,371 Epoch: [13/20] Iter:[120/192], Time: 0.48, lr: [0.0035735937021778063], Loss: 3.024683, Acc:0.722015, Semantic loss: 0.964016, BCE loss: 1.337890, SB loss: 0.722777
2025-01-10 20:20:22,664 Epoch: [13/20] Iter:[130/192], Time: 0.47, lr: [0.0035473065117702885], Loss: 3.017351, Acc:0.721573, Semantic loss: 0.963716, BCE loss: 1.331546, SB loss: 0.722088
2025-01-10 20:20:26,937 Epoch: [13/20] Iter:[140/192], Time: 0.47, lr: [0.003520997658815433], Loss: 3.009576, Acc:0.720449, Semantic loss: 0.964654, BCE loss: 1.325455, SB loss: 0.719467
2025-01-10 20:20:31,214 Epoch: [13/20] Iter:[150/192], Time: 0.47, lr: [0.003494666945312851], Loss: 3.001532, Acc:0.720418, Semantic loss: 0.963262, BCE loss: 1.318042, SB loss: 0.720227
2025-01-10 20:20:35,509 Epoch: [13/20] Iter:[160/192], Time: 0.47, lr: [0.00346831416977816], Loss: 2.992105, Acc:0.719736, Semantic loss: 0.963318, BCE loss: 1.309905, SB loss: 0.718883
2025-01-10 20:20:39,743 Epoch: [13/20] Iter:[170/192], Time: 0.46, lr: [0.003441939127151716], Loss: 2.992819, Acc:0.721391, Semantic loss: 0.962021, BCE loss: 1.312343, SB loss: 0.718455
2025-01-10 20:20:44,121 Epoch: [13/20] Iter:[180/192], Time: 0.46, lr: [0.0034155416087041646], Loss: 2.986254, Acc:0.722876, Semantic loss: 0.958787, BCE loss: 1.310618, SB loss: 0.716850
2025-01-10 20:20:48,524 Epoch: [13/20] Iter:[190/192], Time: 0.46, lr: [0.0033891214019386652], Loss: 2.985051, Acc:0.722446, Semantic loss: 0.958120, BCE loss: 1.309762, SB loss: 0.717168
2025-01-10 20:22:50,565 0 [0.         0.63863632 0.40479925 0.24934158 0.21883826 0.11705082
 0.08579174] 0.24492256608236115
2025-01-10 20:22:50,565 1 [0.         0.65976042 0.47043714 0.30675204 0.25522258 0.05673221
 0.03935206] 0.2554652055139031
2025-01-10 20:22:50,573 => saving checkpoint to output\loveda\pidnet_small_lovedacheckpoint.pth.tar
2025-01-10 20:22:50,710 Loss: 4.138, MeanIU:  0.2555, Best_mIoU:  0.2707
2025-01-10 20:22:50,710 [0.         0.65976042 0.47043714 0.30675204 0.25522258 0.05673221
 0.03935206]
2025-01-10 20:22:57,847 Epoch: [14/20] Iter:[0/192], Time: 6.96, lr: [0.0033838346190164987], Loss: 3.081778, Acc:0.718126, Semantic loss: 0.895273, BCE loss: 1.493663, SB loss: 0.692842
2025-01-10 20:23:02,060 Epoch: [14/20] Iter:[10/192], Time: 1.02, lr: [0.0033573869003190927], Loss: 3.029968, Acc:0.735721, Semantic loss: 0.915826, BCE loss: 1.418740, SB loss: 0.695403
2025-01-10 20:23:06,283 Epoch: [14/20] Iter:[20/192], Time: 0.73, lr: [0.0033309160120447595], Loss: 2.988812, Acc:0.732297, Semantic loss: 0.932029, BCE loss: 1.357781, SB loss: 0.699002
2025-01-10 20:23:10,553 Epoch: [14/20] Iter:[30/192], Time: 0.63, lr: [0.0033044217289421207], Loss: 2.962978, Acc:0.729055, Semantic loss: 0.949742, BCE loss: 1.312277, SB loss: 0.700958
2025-01-10 20:23:14,869 Epoch: [14/20] Iter:[40/192], Time: 0.58, lr: [0.0032779038215418194], Loss: 3.003809, Acc:0.726144, Semantic loss: 0.969956, BCE loss: 1.326587, SB loss: 0.707266
2025-01-10 20:23:19,128 Epoch: [14/20] Iter:[50/192], Time: 0.55, lr: [0.0032513620560388795], Loss: 3.010400, Acc:0.719454, Semantic loss: 0.963336, BCE loss: 1.336197, SB loss: 0.710866
2025-01-10 20:23:23,473 Epoch: [14/20] Iter:[60/192], Time: 0.53, lr: [0.003224796194170671], Loss: 3.011719, Acc:0.718376, Semantic loss: 0.961113, BCE loss: 1.339649, SB loss: 0.710956
2025-01-10 20:23:27,815 Epoch: [14/20] Iter:[70/192], Time: 0.52, lr: [0.003198205993090303], Loss: 2.994878, Acc:0.716525, Semantic loss: 0.963046, BCE loss: 1.321281, SB loss: 0.710550
2025-01-10 20:23:32,166 Epoch: [14/20] Iter:[80/192], Time: 0.51, lr: [0.0031715912052352204], Loss: 2.989124, Acc:0.720383, Semantic loss: 0.954434, BCE loss: 1.328443, SB loss: 0.706246
2025-01-10 20:23:36,543 Epoch: [14/20] Iter:[90/192], Time: 0.50, lr: [0.0031449515781907557], Loss: 2.982524, Acc:0.722924, Semantic loss: 0.954207, BCE loss: 1.321784, SB loss: 0.706533
2025-01-10 20:23:40,881 Epoch: [14/20] Iter:[100/192], Time: 0.49, lr: [0.003118286854548424], Loss: 2.980491, Acc:0.722340, Semantic loss: 0.956563, BCE loss: 1.317445, SB loss: 0.706483
2025-01-10 20:23:45,119 Epoch: [14/20] Iter:[110/192], Time: 0.49, lr: [0.003091596771758693], Loss: 2.987175, Acc:0.723585, Semantic loss: 0.953132, BCE loss: 1.326873, SB loss: 0.707170
2025-01-10 20:23:49,444 Epoch: [14/20] Iter:[120/192], Time: 0.48, lr: [0.0030648810619779434], Loss: 2.997206, Acc:0.724995, Semantic loss: 0.954353, BCE loss: 1.333676, SB loss: 0.709177
2025-01-10 20:23:53,699 Epoch: [14/20] Iter:[130/192], Time: 0.48, lr: [0.0030381394519093602], Loss: 2.984506, Acc:0.724153, Semantic loss: 0.951712, BCE loss: 1.323346, SB loss: 0.709447
2025-01-10 20:23:58,055 Epoch: [14/20] Iter:[140/192], Time: 0.48, lr: [0.003011371662637431], Loss: 2.974277, Acc:0.725961, Semantic loss: 0.950189, BCE loss: 1.314720, SB loss: 0.709368
2025-01-10 20:24:02,286 Epoch: [14/20] Iter:[150/192], Time: 0.47, lr: [0.0029845774094557345], Loss: 2.980348, Acc:0.725295, Semantic loss: 0.952323, BCE loss: 1.317947, SB loss: 0.710078
2025-01-10 20:24:06,576 Epoch: [14/20] Iter:[160/192], Time: 0.47, lr: [0.002957756401687678], Loss: 2.977369, Acc:0.724557, Semantic loss: 0.955093, BCE loss: 1.312296, SB loss: 0.709980
2025-01-10 20:24:10,843 Epoch: [14/20] Iter:[170/192], Time: 0.47, lr: [0.002930908342499829], Loss: 2.979723, Acc:0.725522, Semantic loss: 0.954312, BCE loss: 1.314699, SB loss: 0.710712
2025-01-10 20:24:15,070 Epoch: [14/20] Iter:[180/192], Time: 0.47, lr: [0.002904032928707437], Loss: 2.975296, Acc:0.724960, Semantic loss: 0.953455, BCE loss: 1.310154, SB loss: 0.711686
2025-01-10 20:24:19,283 Epoch: [14/20] Iter:[190/192], Time: 0.46, lr: [0.0028771298505717554], Loss: 2.983247, Acc:0.723040, Semantic loss: 0.960293, BCE loss: 1.306178, SB loss: 0.716776
2025-01-10 20:26:16,193 0 [0.         0.55736009 0.40614836 0.24483531 0.23429756 0.11113455
 0.14461021] 0.24262658359329517
2025-01-10 20:26:16,193 1 [0.         0.53700511 0.43301368 0.33601148 0.2466388  0.03148475
 0.16836975] 0.2503605098278244
2025-01-10 20:26:16,201 => saving checkpoint to output\loveda\pidnet_small_lovedacheckpoint.pth.tar
2025-01-10 20:26:16,336 Loss: 3.849, MeanIU:  0.2504, Best_mIoU:  0.2707
2025-01-10 20:26:16,336 [0.         0.53700511 0.43301368 0.33601148 0.2466388  0.03148475
 0.16836975]
2025-01-10 20:26:23,234 Epoch: [15/20] Iter:[0/192], Time: 6.71, lr: [0.0028717458874925874], Loss: 3.115893, Acc:0.633270, Semantic loss: 1.026064, BCE loss: 1.344285, SB loss: 0.745544
2025-01-10 20:26:27,533 Epoch: [15/20] Iter:[10/192], Time: 1.00, lr: [0.0028448091937488323], Loss: 2.849352, Acc:0.733144, Semantic loss: 0.951767, BCE loss: 1.190606, SB loss: 0.706979
2025-01-10 20:26:31,795 Epoch: [15/20] Iter:[20/192], Time: 0.73, lr: [0.002817844130111582], Loss: 2.924179, Acc:0.734720, Semantic loss: 0.951825, BCE loss: 1.248412, SB loss: 0.723942
2025-01-10 20:26:36,039 Epoch: [15/20] Iter:[30/192], Time: 0.63, lr: [0.0027908503644035994], Loss: 2.984041, Acc:0.735702, Semantic loss: 0.956954, BCE loss: 1.305355, SB loss: 0.721732
2025-01-10 20:26:40,240 Epoch: [15/20] Iter:[40/192], Time: 0.58, lr: [0.0027638275569424097], Loss: 2.956800, Acc:0.733222, Semantic loss: 0.953436, BCE loss: 1.287662, SB loss: 0.715702
2025-01-10 20:26:44,473 Epoch: [15/20] Iter:[50/192], Time: 0.55, lr: [0.002736775360287257], Loss: 2.900399, Acc:0.735244, Semantic loss: 0.937113, BCE loss: 1.255636, SB loss: 0.707650
2025-01-10 20:26:48,859 Epoch: [15/20] Iter:[60/192], Time: 0.53, lr: [0.002709693418974644], Loss: 2.921387, Acc:0.736685, Semantic loss: 0.944566, BCE loss: 1.265767, SB loss: 0.711054
2025-01-10 20:26:53,086 Epoch: [15/20] Iter:[70/192], Time: 0.52, lr: [0.0026825813692418162], Loss: 2.897597, Acc:0.733879, Semantic loss: 0.939421, BCE loss: 1.252395, SB loss: 0.705781
2025-01-10 20:26:57,428 Epoch: [15/20] Iter:[80/192], Time: 0.51, lr: [0.0026554388387375], Loss: 2.908012, Acc:0.735029, Semantic loss: 0.939749, BCE loss: 1.258436, SB loss: 0.709827
2025-01-10 20:27:01,755 Epoch: [15/20] Iter:[90/192], Time: 0.50, lr: [0.002628265446219161], Loss: 2.905345, Acc:0.736922, Semantic loss: 0.936763, BCE loss: 1.262098, SB loss: 0.706484
2025-01-10 20:27:06,256 Epoch: [15/20] Iter:[100/192], Time: 0.49, lr: [0.002601060801235972], Loss: 2.905610, Acc:0.738312, Semantic loss: 0.935577, BCE loss: 1.264597, SB loss: 0.705436
2025-01-10 20:27:10,634 Epoch: [15/20] Iter:[110/192], Time: 0.49, lr: [0.002573824503796671], Loss: 2.913408, Acc:0.736744, Semantic loss: 0.934350, BCE loss: 1.275500, SB loss: 0.703558
2025-01-10 20:27:15,170 Epoch: [15/20] Iter:[120/192], Time: 0.48, lr: [0.00254655614402138], Loss: 2.926199, Acc:0.734363, Semantic loss: 0.936746, BCE loss: 1.285335, SB loss: 0.704118
2025-01-10 20:27:19,550 Epoch: [15/20] Iter:[130/192], Time: 0.48, lr: [0.0025192553017764118], Loss: 2.926194, Acc:0.734489, Semantic loss: 0.936573, BCE loss: 1.286066, SB loss: 0.703555
2025-01-10 20:27:23,937 Epoch: [15/20] Iter:[140/192], Time: 0.48, lr: [0.002491921546291034], Loss: 2.937695, Acc:0.732215, Semantic loss: 0.939794, BCE loss: 1.294189, SB loss: 0.703712
2025-01-10 20:27:28,296 Epoch: [15/20] Iter:[150/192], Time: 0.48, lr: [0.0024645544357550573], Loss: 2.941451, Acc:0.732104, Semantic loss: 0.942030, BCE loss: 1.294876, SB loss: 0.704545
2025-01-10 20:27:32,357 Epoch: [15/20] Iter:[160/192], Time: 0.47, lr: [0.002437153516896028], Loss: 2.935533, Acc:0.731955, Semantic loss: 0.942685, BCE loss: 1.287833, SB loss: 0.705015
2025-01-10 20:27:36,312 Epoch: [15/20] Iter:[170/192], Time: 0.47, lr: [0.0024097183245347467], Loss: 2.940142, Acc:0.733693, Semantic loss: 0.940507, BCE loss: 1.296100, SB loss: 0.703535
2025-01-10 20:27:40,426 Epoch: [15/20] Iter:[180/192], Time: 0.46, lr: [0.0023822483811177], Loss: 2.938643, Acc:0.734989, Semantic loss: 0.937992, BCE loss: 1.299040, SB loss: 0.701611
2025-01-10 20:27:44,665 Epoch: [15/20] Iter:[190/192], Time: 0.46, lr: [0.002354743196224891], Loss: 2.941283, Acc:0.734750, Semantic loss: 0.939309, BCE loss: 1.298588, SB loss: 0.703385
2025-01-10 20:29:41,390 0 [0.         0.61590618 0.35924171 0.25069741 0.21614678 0.13964312
 0.10464572] 0.2408972735462264
2025-01-10 20:29:41,390 1 [0.         0.63859142 0.36682836 0.30942781 0.24144107 0.02434208
 0.05014837] 0.23296844550464915
2025-01-10 20:29:41,399 => saving checkpoint to output\loveda\pidnet_small_lovedacheckpoint.pth.tar
2025-01-10 20:29:41,526 Loss: 4.113, MeanIU:  0.2330, Best_mIoU:  0.2707
2025-01-10 20:29:41,527 [0.         0.63859142 0.36682836 0.30942781 0.24144107 0.02434208
 0.05014837]
2025-01-10 20:29:48,485 Epoch: [16/20] Iter:[0/192], Time: 6.78, lr: [0.0023492378861760376], Loss: 3.053619, Acc:0.791303, Semantic loss: 0.858445, BCE loss: 1.518329, SB loss: 0.676845
2025-01-10 20:29:52,649 Epoch: [16/20] Iter:[10/192], Time: 0.99, lr: [0.0023216897452738748], Loss: 2.953711, Acc:0.748565, Semantic loss: 0.940145, BCE loss: 1.304587, SB loss: 0.708978
2025-01-10 20:29:56,805 Epoch: [16/20] Iter:[20/192], Time: 0.72, lr: [0.0022941052360858027], Loss: 2.861511, Acc:0.745495, Semantic loss: 0.920533, BCE loss: 1.237514, SB loss: 0.703464
2025-01-10 20:30:00,960 Epoch: [16/20] Iter:[30/192], Time: 0.62, lr: [0.0022664838233947228], Loss: 2.894496, Acc:0.747933, Semantic loss: 0.926004, BCE loss: 1.264211, SB loss: 0.704281
2025-01-10 20:30:05,235 Epoch: [16/20] Iter:[40/192], Time: 0.57, lr: [0.0022388249567421017], Loss: 2.927045, Acc:0.743126, Semantic loss: 0.926202, BCE loss: 1.298500, SB loss: 0.702344
2025-01-10 20:30:09,569 Epoch: [16/20] Iter:[50/192], Time: 0.55, lr: [0.002211128069778427], Loss: 2.910791, Acc:0.743975, Semantic loss: 0.921758, BCE loss: 1.288778, SB loss: 0.700255
2025-01-10 20:30:13,870 Epoch: [16/20] Iter:[60/192], Time: 0.53, lr: [0.0021833925795765436], Loss: 2.934114, Acc:0.742973, Semantic loss: 0.922812, BCE loss: 1.309847, SB loss: 0.701455
2025-01-10 20:30:18,134 Epoch: [16/20] Iter:[70/192], Time: 0.51, lr: [0.0021556178859051967], Loss: 2.934811, Acc:0.742146, Semantic loss: 0.927221, BCE loss: 1.310344, SB loss: 0.697246
2025-01-10 20:30:22,506 Epoch: [16/20] Iter:[80/192], Time: 0.50, lr: [0.002127803370459852], Loss: 2.944048, Acc:0.740688, Semantic loss: 0.927066, BCE loss: 1.320331, SB loss: 0.696651
2025-01-10 20:30:26,815 Epoch: [16/20] Iter:[90/192], Time: 0.50, lr: [0.0020999483960476508], Loss: 2.915573, Acc:0.741077, Semantic loss: 0.918982, BCE loss: 1.304032, SB loss: 0.692559
2025-01-10 20:30:31,181 Epoch: [16/20] Iter:[100/192], Time: 0.49, lr: [0.0020720523057230294], Loss: 2.933997, Acc:0.743531, Semantic loss: 0.920516, BCE loss: 1.321381, SB loss: 0.692100
2025-01-10 20:30:35,481 Epoch: [16/20] Iter:[110/192], Time: 0.48, lr: [0.002044114421870228], Loss: 2.933187, Acc:0.743658, Semantic loss: 0.919492, BCE loss: 1.321368, SB loss: 0.692327
2025-01-10 20:30:39,770 Epoch: [16/20] Iter:[120/192], Time: 0.48, lr: [0.0020161340452285867], Loss: 2.928826, Acc:0.745442, Semantic loss: 0.918902, BCE loss: 1.317750, SB loss: 0.692174
2025-01-10 20:30:44,045 Epoch: [16/20] Iter:[130/192], Time: 0.48, lr: [0.001988110453856112], Loss: 2.916895, Acc:0.742568, Semantic loss: 0.919324, BCE loss: 1.305133, SB loss: 0.692438
2025-01-10 20:30:48,493 Epoch: [16/20] Iter:[140/192], Time: 0.47, lr: [0.0019600429020263607], Loss: 2.920090, Acc:0.741419, Semantic loss: 0.920685, BCE loss: 1.307044, SB loss: 0.692360
2025-01-10 20:30:52,746 Epoch: [16/20] Iter:[150/192], Time: 0.47, lr: [0.0019319306190532476], Loss: 2.921728, Acc:0.741371, Semantic loss: 0.920815, BCE loss: 1.309543, SB loss: 0.691370
2025-01-10 20:30:57,080 Epoch: [16/20] Iter:[160/192], Time: 0.47, lr: [0.0019037728080378042], Loss: 2.924526, Acc:0.739549, Semantic loss: 0.927589, BCE loss: 1.303523, SB loss: 0.693414
2025-01-10 20:31:01,368 Epoch: [16/20] Iter:[170/192], Time: 0.47, lr: [0.0018755686445303314], Loss: 2.911772, Acc:0.740186, Semantic loss: 0.925400, BCE loss: 1.293928, SB loss: 0.692443
2025-01-10 20:31:05,627 Epoch: [16/20] Iter:[180/192], Time: 0.46, lr: [0.001847317275100738], Loss: 2.916645, Acc:0.739665, Semantic loss: 0.927692, BCE loss: 1.296115, SB loss: 0.692838
2025-01-10 20:31:09,795 Epoch: [16/20] Iter:[190/192], Time: 0.46, lr: [0.0018190178158090872], Loss: 2.918622, Acc:0.740066, Semantic loss: 0.929704, BCE loss: 1.295697, SB loss: 0.693221
2025-01-10 20:33:06,761 0 [0.         0.60456029 0.36122026 0.25895563 0.22201694 0.20839006
 0.12551776] 0.25438013465487685
2025-01-10 20:33:06,762 1 [0.         0.59717756 0.35290198 0.33807309 0.2581299  0.07111611
 0.07886067] 0.2423227592880475
2025-01-10 20:33:06,770 => saving checkpoint to output\loveda\pidnet_small_lovedacheckpoint.pth.tar
2025-01-10 20:33:06,905 Loss: 3.843, MeanIU:  0.2423, Best_mIoU:  0.2707
2025-01-10 20:33:06,905 [0.         0.59717756 0.35290198 0.33807309 0.2581299  0.07111611
 0.07886067]
2025-01-10 20:33:14,026 Epoch: [17/20] Iter:[0/192], Time: 6.94, lr: [0.0018133520731367456], Loss: 2.950650, Acc:0.765872, Semantic loss: 0.809992, BCE loss: 1.462489, SB loss: 0.678170
2025-01-10 20:33:18,194 Epoch: [17/20] Iter:[10/192], Time: 1.01, lr: [0.001784993693823396], Loss: 2.913376, Acc:0.732746, Semantic loss: 0.877125, BCE loss: 1.334977, SB loss: 0.701274
2025-01-10 20:33:22,377 Epoch: [17/20] Iter:[20/192], Time: 0.73, lr: [0.0017565851643374117], Loss: 2.907356, Acc:0.743878, Semantic loss: 0.885161, BCE loss: 1.325448, SB loss: 0.696747
2025-01-10 20:33:26,580 Epoch: [17/20] Iter:[30/192], Time: 0.63, lr: [0.0017281254915000803], Loss: 2.937869, Acc:0.740256, Semantic loss: 0.917779, BCE loss: 1.316280, SB loss: 0.703809
2025-01-10 20:33:30,935 Epoch: [17/20] Iter:[40/192], Time: 0.58, lr: [0.0016996136438923032], Loss: 2.923017, Acc:0.736935, Semantic loss: 0.921210, BCE loss: 1.301231, SB loss: 0.700576
2025-01-10 20:33:35,219 Epoch: [17/20] Iter:[50/192], Time: 0.55, lr: [0.0016710485496403851], Loss: 2.919694, Acc:0.736932, Semantic loss: 0.926459, BCE loss: 1.293154, SB loss: 0.700081
2025-01-10 20:33:39,539 Epoch: [17/20] Iter:[60/192], Time: 0.53, lr: [0.0016424290940290059], Loss: 2.902765, Acc:0.742708, Semantic loss: 0.919259, BCE loss: 1.289882, SB loss: 0.693624
2025-01-10 20:33:43,822 Epoch: [17/20] Iter:[70/192], Time: 0.52, lr: [0.0016137541169242962], Loss: 2.869904, Acc:0.742991, Semantic loss: 0.915670, BCE loss: 1.262802, SB loss: 0.691432
2025-01-10 20:33:48,111 Epoch: [17/20] Iter:[80/192], Time: 0.51, lr: [0.0015850224099878446], Loss: 2.885233, Acc:0.744735, Semantic loss: 0.916330, BCE loss: 1.277491, SB loss: 0.691412
2025-01-10 20:33:52,376 Epoch: [17/20] Iter:[90/192], Time: 0.50, lr: [0.001556232713660091], Loss: 2.881171, Acc:0.744210, Semantic loss: 0.914877, BCE loss: 1.277614, SB loss: 0.688680
2025-01-10 20:33:56,652 Epoch: [17/20] Iter:[100/192], Time: 0.49, lr: [0.0015273837138888994], Loss: 2.885803, Acc:0.745984, Semantic loss: 0.913844, BCE loss: 1.284485, SB loss: 0.687474
2025-01-10 20:34:00,905 Epoch: [17/20] Iter:[110/192], Time: 0.48, lr: [0.0014984740385759552], Loss: 2.899112, Acc:0.744115, Semantic loss: 0.916599, BCE loss: 1.294141, SB loss: 0.688372
2025-01-10 20:34:05,232 Epoch: [17/20] Iter:[120/192], Time: 0.48, lr: [0.0014695022537100475], Loss: 2.904454, Acc:0.740821, Semantic loss: 0.920277, BCE loss: 1.292926, SB loss: 0.691251
2025-01-10 20:34:09,439 Epoch: [17/20] Iter:[130/192], Time: 0.48, lr: [0.0014404668591521846], Loss: 2.899434, Acc:0.741008, Semantic loss: 0.921251, BCE loss: 1.287115, SB loss: 0.691068
2025-01-10 20:34:13,693 Epoch: [17/20] Iter:[140/192], Time: 0.47, lr: [0.0014113662840326588], Loss: 2.899513, Acc:0.742972, Semantic loss: 0.921574, BCE loss: 1.285447, SB loss: 0.692492
2025-01-10 20:34:17,953 Epoch: [17/20] Iter:[150/192], Time: 0.47, lr: [0.0013821988817145786], Loss: 2.899526, Acc:0.743785, Semantic loss: 0.921099, BCE loss: 1.287852, SB loss: 0.690575
2025-01-10 20:34:22,187 Epoch: [17/20] Iter:[160/192], Time: 0.47, lr: [0.0013529629242719093], Loss: 2.897248, Acc:0.745373, Semantic loss: 0.919976, BCE loss: 1.287727, SB loss: 0.689546
2025-01-10 20:34:26,443 Epoch: [17/20] Iter:[170/192], Time: 0.46, lr: [0.0013236565964223801], Loss: 2.901518, Acc:0.745447, Semantic loss: 0.921063, BCE loss: 1.291217, SB loss: 0.689238
2025-01-10 20:34:30,757 Epoch: [17/20] Iter:[180/192], Time: 0.46, lr: [0.0012942779888466518], Loss: 2.900666, Acc:0.745735, Semantic loss: 0.920325, BCE loss: 1.291543, SB loss: 0.688798
2025-01-10 20:34:34,979 Epoch: [17/20] Iter:[190/192], Time: 0.46, lr: [0.0012648250908145803], Loss: 2.898280, Acc:0.745000, Semantic loss: 0.920940, BCE loss: 1.288773, SB loss: 0.688567
2025-01-10 20:36:30,042 0 [0.         0.60467116 0.41367898 0.25124661 0.20392331 0.17168197
 0.13202043] 0.25388892276962366
2025-01-10 20:36:30,042 1 [0.         0.61582496 0.40683442 0.32658965 0.21227122 0.0493989
 0.10180411] 0.2446747502564623
2025-01-10 20:36:30,051 => saving checkpoint to output\loveda\pidnet_small_lovedacheckpoint.pth.tar
2025-01-10 20:36:30,185 Loss: 4.021, MeanIU:  0.2447, Best_mIoU:  0.2707
2025-01-10 20:36:30,186 [0.         0.61582496 0.40683442 0.32658965 0.21227122 0.0493989
 0.10180411]
2025-01-10 20:36:36,929 Epoch: [18/20] Iter:[0/192], Time: 6.56, lr: [0.001258925411794167], Loss: 2.704074, Acc:0.686023, Semantic loss: 0.816910, BCE loss: 1.223448, SB loss: 0.663716
2025-01-10 20:36:41,114 Epoch: [18/20] Iter:[10/192], Time: 0.98, lr: [0.0012293805561511607], Loss: 2.971349, Acc:0.747924, Semantic loss: 0.942510, BCE loss: 1.336667, SB loss: 0.692172
2025-01-10 20:36:45,288 Epoch: [18/20] Iter:[20/192], Time: 0.71, lr: [0.0011997565879500753], Loss: 2.929382, Acc:0.752796, Semantic loss: 0.934718, BCE loss: 1.296591, SB loss: 0.698074
2025-01-10 20:36:49,581 Epoch: [18/20] Iter:[30/192], Time: 0.62, lr: [0.0011700511125444005], Loss: 2.915439, Acc:0.754240, Semantic loss: 0.937065, BCE loss: 1.280472, SB loss: 0.697901
2025-01-10 20:36:53,889 Epoch: [18/20] Iter:[40/192], Time: 0.57, lr: [0.0011402615929770753], Loss: 2.891361, Acc:0.751702, Semantic loss: 0.919873, BCE loss: 1.283930, SB loss: 0.687558
2025-01-10 20:36:58,096 Epoch: [18/20] Iter:[50/192], Time: 0.54, lr: [0.0011103853371305413], Loss: 2.860851, Acc:0.752360, Semantic loss: 0.910291, BCE loss: 1.269276, SB loss: 0.681284
2025-01-10 20:37:02,462 Epoch: [18/20] Iter:[60/192], Time: 0.53, lr: [0.001080419483295973], Loss: 2.840118, Acc:0.754839, Semantic loss: 0.906778, BCE loss: 1.255855, SB loss: 0.677485
2025-01-10 20:37:06,744 Epoch: [18/20] Iter:[70/192], Time: 0.51, lr: [0.0010503609839122385], Loss: 2.869291, Acc:0.754758, Semantic loss: 0.913054, BCE loss: 1.279347, SB loss: 0.676890
2025-01-10 20:37:11,106 Epoch: [18/20] Iter:[80/192], Time: 0.50, lr: [0.0010202065871765603], Loss: 2.880998, Acc:0.750166, Semantic loss: 0.920906, BCE loss: 1.282789, SB loss: 0.677303
2025-01-10 20:37:15,386 Epoch: [18/20] Iter:[90/192], Time: 0.49, lr: [0.000989952816168914], Loss: 2.884588, Acc:0.751964, Semantic loss: 0.918442, BCE loss: 1.287014, SB loss: 0.679133
2025-01-10 20:37:19,692 Epoch: [18/20] Iter:[100/192], Time: 0.49, lr: [0.0009595959450576828], Loss: 2.879077, Acc:0.751813, Semantic loss: 0.915026, BCE loss: 1.285598, SB loss: 0.678453
2025-01-10 20:37:23,882 Epoch: [18/20] Iter:[110/192], Time: 0.48, lr: [0.000929131971860904], Loss: 2.862732, Acc:0.751161, Semantic loss: 0.912390, BCE loss: 1.270021, SB loss: 0.680320
2025-01-10 20:37:28,190 Epoch: [18/20] Iter:[120/192], Time: 0.48, lr: [0.0008985565871200918], Loss: 2.862451, Acc:0.751414, Semantic loss: 0.910028, BCE loss: 1.272911, SB loss: 0.679512
2025-01-10 20:37:32,454 Epoch: [18/20] Iter:[130/192], Time: 0.47, lr: [0.0008678651376944955], Loss: 2.871354, Acc:0.753378, Semantic loss: 0.908883, BCE loss: 1.282730, SB loss: 0.679741
2025-01-10 20:37:36,742 Epoch: [18/20] Iter:[140/192], Time: 0.47, lr: [0.000837052584692747], Loss: 2.881685, Acc:0.752525, Semantic loss: 0.909897, BCE loss: 1.291278, SB loss: 0.680510
2025-01-10 20:37:41,054 Epoch: [18/20] Iter:[150/192], Time: 0.47, lr: [0.000806113454312208], Loss: 2.877772, Acc:0.751880, Semantic loss: 0.912148, BCE loss: 1.284795, SB loss: 0.680829
2025-01-10 20:37:45,450 Epoch: [18/20] Iter:[160/192], Time: 0.47, lr: [0.0007750417800344363], Loss: 2.869680, Acc:0.752285, Semantic loss: 0.908538, BCE loss: 1.280262, SB loss: 0.680879
2025-01-10 20:37:49,771 Epoch: [18/20] Iter:[170/192], Time: 0.46, lr: [0.0007438310342008949], Loss: 2.873014, Acc:0.751120, Semantic loss: 0.912216, BCE loss: 1.278874, SB loss: 0.681924
2025-01-10 20:37:54,242 Epoch: [18/20] Iter:[180/192], Time: 0.46, lr: [0.0007124740464272778], Loss: 2.872651, Acc:0.751907, Semantic loss: 0.910780, BCE loss: 1.279803, SB loss: 0.682068
2025-01-10 20:37:58,525 Epoch: [18/20] Iter:[190/192], Time: 0.46, lr: [0.0006809629055511224], Loss: 2.875916, Acc:0.752115, Semantic loss: 0.910612, BCE loss: 1.282364, SB loss: 0.682940
2025-01-10 20:40:02,958 0 [0.         0.60477843 0.37516375 0.23019367 0.19519257 0.12412598
 0.13161394] 0.23729547693168754
2025-01-10 20:40:02,958 1 [0.         0.60123648 0.3786657  0.28063904 0.19910226 0.04548415
 0.10500274] 0.23001862530687042
2025-01-10 20:40:02,966 => saving checkpoint to output\loveda\pidnet_small_lovedacheckpoint.pth.tar
2025-01-10 20:40:03,101 Loss: 4.239, MeanIU:  0.2300, Best_mIoU:  0.2707
2025-01-10 20:40:03,101 [0.         0.60123648 0.3786657  0.28063904 0.19910226 0.04548415
 0.10500274]
2025-01-10 20:40:10,045 Epoch: [19/20] Iter:[0/192], Time: 6.76, lr: [0.0006746414238367822], Loss: 3.114750, Acc:0.716288, Semantic loss: 0.970770, BCE loss: 1.363024, SB loss: 0.780956
2025-01-10 20:40:14,190 Epoch: [19/20] Iter:[10/192], Time: 0.99, lr: [0.0006429336362339898], Loss: 2.887454, Acc:0.731378, Semantic loss: 0.929450, BCE loss: 1.257947, SB loss: 0.700057
2025-01-10 20:40:18,333 Epoch: [19/20] Iter:[20/192], Time: 0.72, lr: [0.0006110510578510947], Loss: 2.837868, Acc:0.729589, Semantic loss: 0.921795, BCE loss: 1.213606, SB loss: 0.702467
2025-01-10 20:40:22,478 Epoch: [19/20] Iter:[30/192], Time: 0.62, lr: [0.0005789824653018995], Loss: 2.833330, Acc:0.743305, Semantic loss: 0.922844, BCE loss: 1.213565, SB loss: 0.696920
2025-01-10 20:40:26,737 Epoch: [19/20] Iter:[40/192], Time: 0.57, lr: [0.0005467151732202777], Loss: 2.884121, Acc:0.742323, Semantic loss: 0.932510, BCE loss: 1.255879, SB loss: 0.695732
2025-01-10 20:40:31,009 Epoch: [19/20] Iter:[50/192], Time: 0.54, lr: [0.0005142347343351296], Loss: 2.892123, Acc:0.745616, Semantic loss: 0.934593, BCE loss: 1.261014, SB loss: 0.696516
2025-01-10 20:40:35,279 Epoch: [19/20] Iter:[60/192], Time: 0.52, lr: [0.0004815245523312483], Loss: 2.865916, Acc:0.748635, Semantic loss: 0.924348, BCE loss: 1.250781, SB loss: 0.690786
2025-01-10 20:40:39,553 Epoch: [19/20] Iter:[70/192], Time: 0.51, lr: [0.000448565373510549], Loss: 2.854240, Acc:0.752179, Semantic loss: 0.917383, BCE loss: 1.247910, SB loss: 0.688948
2025-01-10 20:40:43,845 Epoch: [19/20] Iter:[80/192], Time: 0.50, lr: [0.00041533460609889997], Loss: 2.867837, Acc:0.751945, Semantic loss: 0.916908, BCE loss: 1.264295, SB loss: 0.686635
2025-01-10 20:40:48,084 Epoch: [19/20] Iter:[90/192], Time: 0.49, lr: [0.00038180538785330436], Loss: 2.870253, Acc:0.751265, Semantic loss: 0.921247, BCE loss: 1.260610, SB loss: 0.688395
2025-01-10 20:40:52,379 Epoch: [19/20] Iter:[100/192], Time: 0.49, lr: [0.00034794527452517863], Loss: 2.854217, Acc:0.750927, Semantic loss: 0.915004, BCE loss: 1.254843, SB loss: 0.684370
2025-01-10 20:40:56,660 Epoch: [19/20] Iter:[110/192], Time: 0.48, lr: [0.00031371433588231993], Loss: 2.846814, Acc:0.752851, Semantic loss: 0.913329, BCE loss: 1.250670, SB loss: 0.682815
2025-01-10 20:41:00,996 Epoch: [19/20] Iter:[120/192], Time: 0.48, lr: [0.0002790622842837163], Loss: 2.848546, Acc:0.755166, Semantic loss: 0.911322, BCE loss: 1.255828, SB loss: 0.681396
2025-01-10 20:41:05,264 Epoch: [19/20] Iter:[130/192], Time: 0.47, lr: [0.0002439239356353784], Loss: 2.849147, Acc:0.755653, Semantic loss: 0.909494, BCE loss: 1.258606, SB loss: 0.681048
2025-01-10 20:41:09,544 Epoch: [19/20] Iter:[140/192], Time: 0.47, lr: [0.00020821159321002047], Loss: 2.857215, Acc:0.754890, Semantic loss: 0.910216, BCE loss: 1.266133, SB loss: 0.680866
2025-01-10 20:41:13,806 Epoch: [19/20] Iter:[150/192], Time: 0.47, lr: [0.00017180122628828942], Loss: 2.866978, Acc:0.755013, Semantic loss: 0.908967, BCE loss: 1.276936, SB loss: 0.681075
2025-01-10 20:41:18,188 Epoch: [19/20] Iter:[160/192], Time: 0.47, lr: [0.00013450451987183818], Loss: 2.862234, Acc:0.756016, Semantic loss: 0.905783, BCE loss: 1.277442, SB loss: 0.679009
2025-01-10 20:41:22,445 Epoch: [19/20] Iter:[170/192], Time: 0.46, lr: [9.600244875192536e-05], Loss: 2.865100, Acc:0.755565, Semantic loss: 0.904789, BCE loss: 1.281069, SB loss: 0.679242
2025-01-10 20:41:26,737 Epoch: [19/20] Iter:[180/192], Time: 0.46, lr: [5.563716848048335e-05], Loss: 2.869026, Acc:0.756137, Semantic loss: 0.905715, BCE loss: 1.284333, SB loss: 0.678977
2025-01-10 20:41:30,933 Epoch: [19/20] Iter:[190/192], Time: 0.46, lr: [1.1092486125349496e-05], Loss: 2.857870, Acc:0.755655, Semantic loss: 0.903138, BCE loss: 1.277364, SB loss: 0.677368
2025-01-10 20:43:08,942 0 [0.         0.6001424  0.39693766 0.24032541 0.19936365 0.15750669
 0.14315358] 0.2482041987136505
2025-01-10 20:43:08,942 1 [0.         0.6125901  0.41615539 0.32476084 0.21998849 0.070515
 0.10483596] 0.24983511306212253
2025-01-10 20:43:08,947 => saving checkpoint to output\loveda\pidnet_small_lovedacheckpoint.pth.tar
2025-01-10 20:43:09,024 Loss: 4.037, MeanIU:  0.2498, Best_mIoU:  0.2707
2025-01-10 20:43:09,024 [0.         0.6125901  0.41615539 0.32476084 0.21998849 0.070515
 0.10483596]
2025-01-10 20:43:09,065 Hours: 1
2025-01-10 20:43:09,065 Done
