2024-12-29 17:00:07,425 Namespace(cfg='configs/loveda/pidnet_small_loveda.yaml', seed=304, opts=[])
2024-12-29 17:00:07,425 AUTO_RESUME: False
CUDNN:
  BENCHMARK: True
  DETERMINISTIC: False
  ENABLED: True
DATASET:
  DATASET: loveda
  EXTRA_TRAIN_SET: 
  NUM_CLASSES: 7
  ROOT: data/
  TEST_SET: list/loveda/val.lst
  TRAIN_SET: list/loveda/train.lst
GPUS: (0,)
LOG_DIR: log
LOSS:
  BALANCE_WEIGHTS: [0.4, 1.0]
  CLASS_BALANCE: False
  OHEMKEEP: 131072
  OHEMTHRES: 0.9
  SB_WEIGHTS: 1.0
  USE_OHEM: True
MODEL:
  ALIGN_CORNERS: True
  NAME: pidnet_small
  NUM_OUTPUTS: 2
  PRETRAINED: pretrained_models/imagenet/PIDNet_S_ImageNet.pth.tar
OUTPUT_DIR: output
PIN_MEMORY: True
PRINT_FREQ: 10
TEST:
  BASE_SIZE: 2048
  BATCH_SIZE_PER_GPU: 6
  FLIP_TEST: False
  IMAGE_SIZE: [2048, 1024]
  MODEL_FILE: 
  MULTI_SCALE: False
  OUTPUT_INDEX: 1
TRAIN:
  BASE_SIZE: 2048
  BATCH_SIZE_PER_GPU: 6
  BEGIN_EPOCH: 0
  END_EPOCH: 20
  EXTRA_EPOCH: 0
  EXTRA_LR: 0.001
  FLIP: True
  IGNORE_LABEL: 0
  IMAGE_SIZE: [1024, 1024]
  LR: 0.01
  MOMENTUM: 0.9
  MULTI_SCALE: True
  NESTEROV: False
  OPTIMIZER: sgd
  RESUME: False
  SCALE_FACTOR: 16
  SHUFFLE: True
  WD: 0.0005
WORKERS: 4
2024-12-29 17:00:07,535 Attention!!!
2024-12-29 17:00:07,536 Loaded 302 parameters!
2024-12-29 17:00:07,536 Over!!!
2024-12-29 17:00:19,652 Epoch: [0/20] Iter:[0/227], Time: 11.40, lr: [0.01], Loss: 14.797553, Acc:0.159314, Semantic loss: 6.154732, BCE loss: 3.664701, SB loss: 4.978121
2024-12-29 17:00:24,122 Epoch: [0/20] Iter:[10/227], Time: 1.43, lr: [0.009980174026451818], Loss: 15.439785, Acc:0.222469, Semantic loss: 7.123166, BCE loss: 2.101896, SB loss: 6.214723
2024-12-29 17:00:28,170 Epoch: [0/20] Iter:[20/227], Time: 0.94, lr: [0.009960343675822199], Loss: 12.144034, Acc:0.211527, Semantic loss: 5.674473, BCE loss: 1.774399, SB loss: 4.695162
2024-12-29 17:00:32,018 Epoch: [0/20] Iter:[30/227], Time: 0.76, lr: [0.009940508937457754], Loss: 10.051593, Acc:0.224442, Semantic loss: 4.636809, BCE loss: 1.626328, SB loss: 3.788456
2024-12-29 17:00:35,847 Epoch: [0/20] Iter:[40/227], Time: 0.67, lr: [0.009920669800655492], Loss: 8.736290, Acc:0.233704, Semantic loss: 4.009412, BCE loss: 1.460097, SB loss: 3.266781
2024-12-29 17:00:39,776 Epoch: [0/20] Iter:[50/227], Time: 0.61, lr: [0.009900826254662456], Loss: 7.804880, Acc:0.246284, Semantic loss: 3.567475, BCE loss: 1.353960, SB loss: 2.883445
2024-12-29 17:00:43,641 Epoch: [0/20] Iter:[60/227], Time: 0.58, lr: [0.009880978288675405], Loss: 7.276511, Acc:0.254566, Semantic loss: 3.283579, BCE loss: 1.318128, SB loss: 2.674804
2024-12-29 17:00:47,555 Epoch: [0/20] Iter:[70/227], Time: 0.55, lr: [0.009861125891840445], Loss: 6.855109, Acc:0.257613, Semantic loss: 3.083936, BCE loss: 1.286787, SB loss: 2.484386
2024-12-29 17:00:51,720 Epoch: [0/20] Iter:[80/227], Time: 0.53, lr: [0.009841269053252683], Loss: 6.499387, Acc:0.264733, Semantic loss: 2.909968, BCE loss: 1.251045, SB loss: 2.338374
