2025-03-23 10:53:30,662 Namespace(cfg='configs/loveda/pidnet_small_loveda.yaml', seed=304, opts=[])
2025-03-23 10:53:30,663 AUTO_RESUME: False
CUDNN:
  BENCHMARK: True
  DETERMINISTIC: False
  ENABLED: True
DATASET:
  DATASET: loveda
  EXTRA_TRAIN_SET: 
  NUM_CLASSES: 7
  ROOT: data/
  TEST_SET: list/loveda/urban_rural/val.lst
  TRAIN_SET: list/loveda/urban_rural/train.lst
GPUS: (0,)
LOG_DIR: log
LOSS:
  BALANCE_WEIGHTS: [0.4, 1.0]
  CLASS_BALANCE: False
  OHEMKEEP: 131072
  OHEMTHRES: 0.9
  SB_WEIGHTS: 1.0
  USE_OHEM: True
MODEL:
  ALIGN_CORNERS: True
  NAME: pidnet_small
  NUM_OUTPUTS: 2
  PRETRAINED: pretrained_models/imagenet/PIDNet_S_ImageNet.pth.tar
OUTPUT_DIR: output
PIN_MEMORY: True
PRINT_FREQ: 10
TEST:
  BASE_SIZE: 2048
  BATCH_SIZE_PER_GPU: 6
  FLIP_TEST: False
  IMAGE_SIZE: [2048, 1024]
  MODEL_FILE: output/loveda/pidnet_small_loveda/final_state.pt
  MULTI_SCALE: False
  OUTPUT_INDEX: 1
TRAIN:
  AUGMENTATION:
    ENABLE: True
    PROBABILITY: 0.5
    TECHNIQUES:
      GAUSSIAN_BLUR: True
      HORIZONTAL_FLIP: False
      MULTIPLY: True
      RANDOM_BRIGHTNESS: True
  BASE_SIZE: 2048
  BATCH_SIZE_PER_GPU: 6
  BEGIN_EPOCH: 0
  END_EPOCH: 20
  EXTRA_EPOCH: 0
  EXTRA_LR: 0.001
  FLIP: False
  IGNORE_LABEL: 0
  IMAGE_SIZE: [1024, 1024]
  LR: 0.01
  MOMENTUM: 0.9
  MULTI_SCALE: False
  NESTEROV: False
  OPTIMIZER: sgd
  RESUME: True
  SCALE_FACTOR: 16
  SHUFFLE: True
  WD: 0.0005
WORKERS: 4
2025-03-23 10:53:30,825 Attention!!!
2025-03-23 10:53:30,825 Loaded 302 parameters!
2025-03-23 10:53:30,825 Over!!!
2025-03-23 10:53:45,134 Epoch: [0/20] Iter:[0/192], Time: 14.18, lr: [0.01], Loss: 15.946453, Acc:0.151164, Semantic loss: 6.767745, BCE loss: 3.661121, SB loss: 5.517587
2025-03-23 10:53:49,056 Epoch: [0/20] Iter:[10/192], Time: 1.63, lr: [0.009976559445324192], Loss: 11.831411, Acc:0.293664, Semantic loss: 5.319846, BCE loss: 2.623988, SB loss: 3.887577
2025-03-23 10:53:52,930 Epoch: [0/20] Iter:[20/192], Time: 1.04, lr: [0.009953112769592761], Loss: 10.318488, Acc:0.346297, Semantic loss: 4.654163, BCE loss: 2.301181, SB loss: 3.363143
2025-03-23 10:53:56,838 Epoch: [0/20] Iter:[30/192], Time: 0.83, lr: [0.009929659955177281], Loss: 9.008310, Acc:0.368900, Semantic loss: 3.948448, BCE loss: 2.138155, SB loss: 2.921707
2025-03-23 10:54:00,684 Epoch: [0/20] Iter:[40/192], Time: 0.72, lr: [0.009906200984352154], Loss: 8.148458, Acc:0.368278, Semantic loss: 3.548752, BCE loss: 2.021138, SB loss: 2.578568
2025-03-23 10:54:04,809 Epoch: [0/20] Iter:[50/192], Time: 0.66, lr: [0.009882735839293803], Loss: 7.486923, Acc:0.402116, Semantic loss: 3.239601, BCE loss: 1.935577, SB loss: 2.311745
2025-03-23 10:54:08,950 Epoch: [0/20] Iter:[60/192], Time: 0.62, lr: [0.00985926450207989], Loss: 7.100696, Acc:0.404014, Semantic loss: 3.075488, BCE loss: 1.885823, SB loss: 2.139385
2025-03-23 10:54:13,161 Epoch: [0/20] Iter:[70/192], Time: 0.59, lr: [0.009835786954688485], Loss: 6.811962, Acc:0.405777, Semantic loss: 2.963419, BCE loss: 1.847359, SB loss: 2.001185
2025-03-23 10:54:17,853 Epoch: [0/20] Iter:[80/192], Time: 0.58, lr: [0.00981230317899726], Loss: 6.562019, Acc:0.411216, Semantic loss: 2.843058, BCE loss: 1.815331, SB loss: 1.903630
2025-03-23 10:54:22,803 Epoch: [0/20] Iter:[90/192], Time: 0.57, lr: [0.009788813156782662], Loss: 6.394776, Acc:0.413533, Semantic loss: 2.773171, BCE loss: 1.802535, SB loss: 1.819070
2025-03-23 10:54:27,533 Epoch: [0/20] Iter:[100/192], Time: 0.56, lr: [0.009765316869719067], Loss: 6.257208, Acc:0.413985, Semantic loss: 2.720870, BCE loss: 1.784104, SB loss: 1.752234
2025-03-23 10:54:32,419 Epoch: [0/20] Iter:[110/192], Time: 0.55, lr: [0.009741814299377942], Loss: 6.129263, Acc:0.413365, Semantic loss: 2.669394, BCE loss: 1.762069, SB loss: 1.697801
2025-03-23 10:54:37,199 Epoch: [0/20] Iter:[120/192], Time: 0.55, lr: [0.009718305427226986], Loss: 6.015973, Acc:0.418274, Semantic loss: 2.607474, BCE loss: 1.754191, SB loss: 1.654307
2025-03-23 10:54:42,047 Epoch: [0/20] Iter:[130/192], Time: 0.54, lr: [0.009694790234629266], Loss: 5.961179, Acc:0.421820, Semantic loss: 2.592088, BCE loss: 1.742468, SB loss: 1.626624
2025-03-23 10:54:46,845 Epoch: [0/20] Iter:[140/192], Time: 0.54, lr: [0.009671268702842338], Loss: 5.923982, Acc:0.423020, Semantic loss: 2.619360, BCE loss: 1.725932, SB loss: 1.578690
2025-03-23 10:54:51,681 Epoch: [0/20] Iter:[150/192], Time: 0.53, lr: [0.009647740813017376], Loss: 5.862017, Acc:0.423275, Semantic loss: 2.599627, BCE loss: 1.714768, SB loss: 1.547622
2025-03-23 10:54:56,503 Epoch: [0/20] Iter:[160/192], Time: 0.53, lr: [0.009624206546198262], Loss: 5.795206, Acc:0.428503, Semantic loss: 2.566880, BCE loss: 1.715903, SB loss: 1.512422
2025-03-23 10:55:01,283 Epoch: [0/20] Iter:[170/192], Time: 0.53, lr: [0.009600665883320689], Loss: 5.717359, Acc:0.432717, Semantic loss: 2.527407, BCE loss: 1.714407, SB loss: 1.475545
2025-03-23 10:55:06,061 Epoch: [0/20] Iter:[180/192], Time: 0.52, lr: [0.009577118805211254], Loss: 5.643134, Acc:0.436588, Semantic loss: 2.491411, BCE loss: 1.709607, SB loss: 1.442115
2025-03-23 10:55:10,895 Epoch: [0/20] Iter:[190/192], Time: 0.52, lr: [0.009553565292586523], Loss: 5.576107, Acc:0.440446, Semantic loss: 2.456179, BCE loss: 1.704439, SB loss: 1.415489
2025-03-23 10:57:17,498 0 [0.00000000e+00 4.58230419e-01 7.17875064e-02 1.93549050e-02
 0.00000000e+00 2.25738044e-06 1.11355017e-05] 0.07848374616920359
2025-03-23 10:57:17,498 1 [0.         0.10806361 0.05155434 0.         0.         0.
 0.        ] 0.02280256319956422
2025-03-23 10:57:17,511 => saving checkpoint to output\loveda\pidnet_small_loveda\aug_gb_m_rbcheckpoint.pth.tar
2025-03-23 10:57:17,708 Loss: 16.887, MeanIU:  0.0228, Best_mIoU:  0.0228
2025-03-23 10:57:17,708 [0.         0.10806361 0.05155434 0.         0.         0.
 0.        ]
2025-03-23 10:57:28,873 Epoch: [1/20] Iter:[0/192], Time: 10.99, lr: [0.009548853816214998], Loss: 4.630820, Acc:0.379331, Semantic loss: 2.192157, BCE loss: 1.528291, SB loss: 0.910373
2025-03-23 10:57:33,270 Epoch: [1/20] Iter:[10/192], Time: 1.40, lr: [0.009525292556561479], Loss: 4.504461, Acc:0.482162, Semantic loss: 1.962360, BCE loss: 1.568305, SB loss: 0.973796
2025-03-23 10:57:38,113 Epoch: [1/20] Iter:[20/192], Time: 0.96, lr: [0.00950172481957719], Loss: 4.559602, Acc:0.479437, Semantic loss: 1.991264, BCE loss: 1.586848, SB loss: 0.981490
2025-03-23 10:57:42,762 Epoch: [1/20] Iter:[30/192], Time: 0.80, lr: [0.009478150585620286], Loss: 4.613277, Acc:0.475434, Semantic loss: 1.984055, BCE loss: 1.561183, SB loss: 1.068039
2025-03-23 10:57:47,618 Epoch: [1/20] Iter:[40/192], Time: 0.73, lr: [0.009454569834934885], Loss: 4.668304, Acc:0.467134, Semantic loss: 1.997005, BCE loss: 1.578217, SB loss: 1.093083
2025-03-23 10:57:52,296 Epoch: [1/20] Iter:[50/192], Time: 0.67, lr: [0.009430982547650114], Loss: 4.688213, Acc:0.468577, Semantic loss: 2.004062, BCE loss: 1.604122, SB loss: 1.080029
2025-03-23 10:57:57,105 Epoch: [1/20] Iter:[60/192], Time: 0.64, lr: [0.009407388703779091], Loss: 4.676069, Acc:0.470140, Semantic loss: 1.987174, BCE loss: 1.618906, SB loss: 1.069989
2025-03-23 10:58:01,713 Epoch: [1/20] Iter:[70/192], Time: 0.62, lr: [0.009383788283217955], Loss: 4.633727, Acc:0.474458, Semantic loss: 1.960589, BCE loss: 1.624622, SB loss: 1.048516
2025-03-23 10:58:06,645 Epoch: [1/20] Iter:[80/192], Time: 0.60, lr: [0.00936018126574482], Loss: 4.624113, Acc:0.466982, Semantic loss: 1.965883, BCE loss: 1.614287, SB loss: 1.043943
2025-03-23 10:58:11,314 Epoch: [1/20] Iter:[90/192], Time: 0.59, lr: [0.009336567631018769], Loss: 4.611917, Acc:0.470532, Semantic loss: 1.949016, BCE loss: 1.628912, SB loss: 1.033989
2025-03-23 10:58:16,111 Epoch: [1/20] Iter:[100/192], Time: 0.58, lr: [0.009312947358578814], Loss: 4.610255, Acc:0.471588, Semantic loss: 1.942455, BCE loss: 1.640028, SB loss: 1.027773
2025-03-23 10:58:20,741 Epoch: [1/20] Iter:[110/192], Time: 0.57, lr: [0.009289320427842841], Loss: 4.574612, Acc:0.471215, Semantic loss: 1.934729, BCE loss: 1.622505, SB loss: 1.017378
2025-03-23 10:58:25,604 Epoch: [1/20] Iter:[120/192], Time: 0.56, lr: [0.009265686818106552], Loss: 4.543495, Acc:0.473390, Semantic loss: 1.923758, BCE loss: 1.613044, SB loss: 1.006692
2025-03-23 10:58:30,219 Epoch: [1/20] Iter:[130/192], Time: 0.55, lr: [0.009242046508542393], Loss: 4.535030, Acc:0.475723, Semantic loss: 1.918957, BCE loss: 1.614775, SB loss: 1.001297
2025-03-23 10:58:35,081 Epoch: [1/20] Iter:[140/192], Time: 0.55, lr: [0.009218399478198466], Loss: 4.517783, Acc:0.475048, Semantic loss: 1.911239, BCE loss: 1.608537, SB loss: 0.998007
2025-03-23 10:58:39,743 Epoch: [1/20] Iter:[150/192], Time: 0.54, lr: [0.009194745705997428], Loss: 4.513244, Acc:0.473456, Semantic loss: 1.911392, BCE loss: 1.601583, SB loss: 1.000269
2025-03-23 10:58:44,611 Epoch: [1/20] Iter:[160/192], Time: 0.54, lr: [0.00917108517073538], Loss: 4.505829, Acc:0.473260, Semantic loss: 1.904461, BCE loss: 1.601812, SB loss: 0.999556
2025-03-23 10:58:49,240 Epoch: [1/20] Iter:[170/192], Time: 0.53, lr: [0.00914741785108075], Loss: 4.498274, Acc:0.474426, Semantic loss: 1.897155, BCE loss: 1.600282, SB loss: 1.000837
2025-03-23 10:58:54,100 Epoch: [1/20] Iter:[180/192], Time: 0.53, lr: [0.00912374372557314], Loss: 4.490164, Acc:0.473916, Semantic loss: 1.894889, BCE loss: 1.597631, SB loss: 0.997644
2025-03-23 10:58:58,720 Epoch: [1/20] Iter:[190/192], Time: 0.53, lr: [0.009100062772622186], Loss: 4.488864, Acc:0.473371, Semantic loss: 1.892221, BCE loss: 1.597145, SB loss: 0.999498
2025-03-23 11:01:03,762 0 [0.00000000e+00 2.52757639e-02 4.69288486e-02 8.56900340e-04
 0.00000000e+00 1.93492966e-06 2.97517020e-05] 0.010441885643840118
2025-03-23 11:01:03,763 1 [0.         0.04384873 0.05198664 0.         0.         0.
 0.        ] 0.013690767223891799
2025-03-23 11:01:03,773 => saving checkpoint to output\loveda\pidnet_small_loveda\aug_gb_m_rbcheckpoint.pth.tar
2025-03-23 11:01:03,869 Loss: 13.620, MeanIU:  0.0137, Best_mIoU:  0.0228
2025-03-23 11:01:03,870 [0.         0.04384873 0.05198664 0.         0.         0.
 0.        ]
2025-03-23 11:01:15,123 Epoch: [2/20] Iter:[0/192], Time: 11.07, lr: [0.009095325760829623], Loss: 4.398849, Acc:0.414313, Semantic loss: 2.206195, BCE loss: 1.104191, SB loss: 1.088464
2025-03-23 11:01:19,482 Epoch: [2/20] Iter:[10/192], Time: 1.40, lr: [0.009071636586262652], Loss: 4.429672, Acc:0.470504, Semantic loss: 1.846577, BCE loss: 1.617185, SB loss: 0.965910
2025-03-23 11:01:24,311 Epoch: [2/20] Iter:[20/192], Time: 0.96, lr: [0.009047940536290279], Loss: 4.394309, Acc:0.460304, Semantic loss: 1.842635, BCE loss: 1.605463, SB loss: 0.946211
2025-03-23 11:01:28,918 Epoch: [2/20] Iter:[30/192], Time: 0.80, lr: [0.009024237588898336], Loss: 4.384181, Acc:0.470232, Semantic loss: 1.841479, BCE loss: 1.554509, SB loss: 0.988192
2025-03-23 11:01:33,727 Epoch: [2/20] Iter:[40/192], Time: 0.72, lr: [0.009000527721937697], Loss: 4.379791, Acc:0.454783, Semantic loss: 1.845286, BCE loss: 1.549569, SB loss: 0.984936
2025-03-23 11:01:38,340 Epoch: [2/20] Iter:[50/192], Time: 0.67, lr: [0.008976810913123051], Loss: 4.383592, Acc:0.453672, Semantic loss: 1.834602, BCE loss: 1.563306, SB loss: 0.985683
2025-03-23 11:01:43,127 Epoch: [2/20] Iter:[60/192], Time: 0.64, lr: [0.008953087140031669], Loss: 4.406029, Acc:0.449571, Semantic loss: 1.861267, BCE loss: 1.547225, SB loss: 0.997536
2025-03-23 11:01:47,742 Epoch: [2/20] Iter:[70/192], Time: 0.62, lr: [0.008929356380102142], Loss: 4.377311, Acc:0.454081, Semantic loss: 1.844606, BCE loss: 1.551466, SB loss: 0.981238
2025-03-23 11:01:52,584 Epoch: [2/20] Iter:[80/192], Time: 0.60, lr: [0.008905618610633112], Loss: 4.373059, Acc:0.461930, Semantic loss: 1.830173, BCE loss: 1.568226, SB loss: 0.974659
2025-03-23 11:01:57,260 Epoch: [2/20] Iter:[90/192], Time: 0.58, lr: [0.008881873808781991], Loss: 4.352164, Acc:0.468598, Semantic loss: 1.817503, BCE loss: 1.572613, SB loss: 0.962048
2025-03-23 11:02:02,185 Epoch: [2/20] Iter:[100/192], Time: 0.58, lr: [0.008858121951563658], Loss: 4.347409, Acc:0.467490, Semantic loss: 1.822728, BCE loss: 1.561897, SB loss: 0.962784
2025-03-23 11:02:06,821 Epoch: [2/20] Iter:[110/192], Time: 0.57, lr: [0.008834363015849136], Loss: 4.329121, Acc:0.471362, Semantic loss: 1.811789, BCE loss: 1.560021, SB loss: 0.957311
2025-03-23 11:02:11,670 Epoch: [2/20] Iter:[120/192], Time: 0.56, lr: [0.008810596978364274], Loss: 4.347538, Acc:0.472819, Semantic loss: 1.817126, BCE loss: 1.570113, SB loss: 0.960299
2025-03-23 11:02:16,318 Epoch: [2/20] Iter:[130/192], Time: 0.55, lr: [0.008786823815688379], Loss: 4.348416, Acc:0.474422, Semantic loss: 1.815155, BCE loss: 1.569588, SB loss: 0.963674
2025-03-23 11:02:21,189 Epoch: [2/20] Iter:[140/192], Time: 0.55, lr: [0.008763043504252865], Loss: 4.349343, Acc:0.477560, Semantic loss: 1.812119, BCE loss: 1.577102, SB loss: 0.960122
2025-03-23 11:02:25,841 Epoch: [2/20] Iter:[150/192], Time: 0.54, lr: [0.008739256020339866], Loss: 4.349242, Acc:0.476115, Semantic loss: 1.816493, BCE loss: 1.571514, SB loss: 0.961235
2025-03-23 11:02:30,630 Epoch: [2/20] Iter:[160/192], Time: 0.54, lr: [0.00871546134008083], Loss: 4.346145, Acc:0.475912, Semantic loss: 1.815388, BCE loss: 1.573028, SB loss: 0.957730
2025-03-23 11:02:35,322 Epoch: [2/20] Iter:[170/192], Time: 0.53, lr: [0.008691659439455107], Loss: 4.349460, Acc:0.476266, Semantic loss: 1.810893, BCE loss: 1.580004, SB loss: 0.958563
2025-03-23 11:02:40,154 Epoch: [2/20] Iter:[180/192], Time: 0.53, lr: [0.008667850294288517], Loss: 4.343741, Acc:0.476382, Semantic loss: 1.806481, BCE loss: 1.583463, SB loss: 0.953798
2025-03-23 11:02:44,914 Epoch: [2/20] Iter:[190/192], Time: 0.53, lr: [0.008644033880251888], Loss: 4.346768, Acc:0.477080, Semantic loss: 1.805962, BCE loss: 1.583529, SB loss: 0.957277
2025-03-23 11:04:50,028 0 [0.00000000e+00 5.45323670e-02 4.15471438e-02 8.77865454e-04
 0.00000000e+00 0.00000000e+00 1.86646141e-06] 0.013851320398741606
2025-03-23 11:04:50,029 1 [0.         0.04863493 0.051447   0.         0.         0.
 0.        ] 0.014297419009987822
2025-03-23 11:04:50,038 => saving checkpoint to output\loveda\pidnet_small_loveda\aug_gb_m_rbcheckpoint.pth.tar
2025-03-23 11:04:50,173 Loss: 14.293, MeanIU:  0.0143, Best_mIoU:  0.0228
2025-03-23 11:04:50,174 [0.         0.04863493 0.051447   0.         0.         0.
 0.        ]
2025-03-23 11:05:01,441 Epoch: [3/20] Iter:[0/192], Time: 11.09, lr: [0.008639269723028191], Loss: 4.746762, Acc:0.425065, Semantic loss: 2.539827, BCE loss: 1.381136, SB loss: 0.825799
2025-03-23 11:05:05,790 Epoch: [3/20] Iter:[10/192], Time: 1.40, lr: [0.008615444554012613], Loss: 4.297187, Acc:0.470798, Semantic loss: 1.836310, BCE loss: 1.574323, SB loss: 0.886554
2025-03-23 11:05:10,735 Epoch: [3/20] Iter:[20/192], Time: 0.97, lr: [0.008591612062049989], Loss: 4.256443, Acc:0.497143, Semantic loss: 1.793697, BCE loss: 1.535694, SB loss: 0.927051
2025-03-23 11:05:15,403 Epoch: [3/20] Iter:[30/192], Time: 0.81, lr: [0.008567772222305215], Loss: 4.241504, Acc:0.498169, Semantic loss: 1.757957, BCE loss: 1.572657, SB loss: 0.910890
2025-03-23 11:05:20,387 Epoch: [3/20] Iter:[40/192], Time: 0.73, lr: [0.008543925009781886], Loss: 4.249726, Acc:0.492770, Semantic loss: 1.755849, BCE loss: 1.559411, SB loss: 0.934467
2025-03-23 11:05:25,136 Epoch: [3/20] Iter:[50/192], Time: 0.68, lr: [0.00852007039932076], Loss: 4.257029, Acc:0.485142, Semantic loss: 1.764134, BCE loss: 1.545381, SB loss: 0.947514
2025-03-23 11:05:30,052 Epoch: [3/20] Iter:[60/192], Time: 0.65, lr: [0.00849620836559818], Loss: 4.278686, Acc:0.472683, Semantic loss: 1.793493, BCE loss: 1.523662, SB loss: 0.961531
2025-03-23 11:05:34,875 Epoch: [3/20] Iter:[70/192], Time: 0.63, lr: [0.008472338883124477], Loss: 4.309413, Acc:0.475895, Semantic loss: 1.798427, BCE loss: 1.547446, SB loss: 0.963540
2025-03-23 11:05:39,777 Epoch: [3/20] Iter:[80/192], Time: 0.61, lr: [0.008448461926242374], Loss: 4.314544, Acc:0.475509, Semantic loss: 1.806978, BCE loss: 1.538179, SB loss: 0.969388
2025-03-23 11:05:44,434 Epoch: [3/20] Iter:[90/192], Time: 0.59, lr: [0.008424577469125337], Loss: 4.321575, Acc:0.475767, Semantic loss: 1.797373, BCE loss: 1.553423, SB loss: 0.970780
2025-03-23 11:05:49,334 Epoch: [3/20] Iter:[100/192], Time: 0.58, lr: [0.008400685485775935], Loss: 4.341451, Acc:0.478494, Semantic loss: 1.796984, BCE loss: 1.565864, SB loss: 0.978603
2025-03-23 11:05:53,993 Epoch: [3/20] Iter:[110/192], Time: 0.57, lr: [0.008376785950024154], Loss: 4.331892, Acc:0.479523, Semantic loss: 1.787782, BCE loss: 1.568506, SB loss: 0.975604
2025-03-23 11:05:58,908 Epoch: [3/20] Iter:[120/192], Time: 0.57, lr: [0.00835287883552571], Loss: 4.341928, Acc:0.479597, Semantic loss: 1.782003, BCE loss: 1.587631, SB loss: 0.972294
2025-03-23 11:06:03,511 Epoch: [3/20] Iter:[130/192], Time: 0.56, lr: [0.008328964115760324], Loss: 4.342310, Acc:0.478949, Semantic loss: 1.786010, BCE loss: 1.580555, SB loss: 0.975745
2025-03-23 11:06:08,409 Epoch: [3/20] Iter:[140/192], Time: 0.55, lr: [0.008305041764029988], Loss: 4.342630, Acc:0.476647, Semantic loss: 1.788354, BCE loss: 1.577017, SB loss: 0.977259
2025-03-23 11:06:13,050 Epoch: [3/20] Iter:[150/192], Time: 0.55, lr: [0.008281111753457188], Loss: 4.350051, Acc:0.475283, Semantic loss: 1.793185, BCE loss: 1.569183, SB loss: 0.987683
2025-03-23 11:06:17,909 Epoch: [3/20] Iter:[160/192], Time: 0.54, lr: [0.008257174056983133], Loss: 4.353277, Acc:0.476326, Semantic loss: 1.788702, BCE loss: 1.578217, SB loss: 0.986359
2025-03-23 11:06:22,513 Epoch: [3/20] Iter:[170/192], Time: 0.54, lr: [0.00823322864736593], Loss: 4.363404, Acc:0.476841, Semantic loss: 1.783169, BCE loss: 1.584238, SB loss: 0.995997
2025-03-23 11:06:27,395 Epoch: [3/20] Iter:[180/192], Time: 0.54, lr: [0.008209275497178764], Loss: 4.353437, Acc:0.478751, Semantic loss: 1.780957, BCE loss: 1.579300, SB loss: 0.993180
2025-03-23 11:06:31,998 Epoch: [3/20] Iter:[190/192], Time: 0.53, lr: [0.008185314578808021], Loss: 4.346275, Acc:0.479307, Semantic loss: 1.779932, BCE loss: 1.575546, SB loss: 0.990796
2025-03-23 11:08:36,778 0 [0.         0.01815363 0.05264083 0.00362838 0.         0.
 0.00034665] 0.010681354831268393
2025-03-23 11:08:36,779 1 [0.         0.02706604 0.05427397 0.00154839 0.         0.
 0.        ] 0.011841200446964123
2025-03-23 11:08:36,787 => saving checkpoint to output\loveda\pidnet_small_loveda\aug_gb_m_rbcheckpoint.pth.tar
2025-03-23 11:08:36,888 Loss: 9.789, MeanIU:  0.0118, Best_mIoU:  0.0228
2025-03-23 11:08:36,888 [0.         0.02706604 0.05427397 0.00154839 0.         0.
 0.        ]
2025-03-23 11:08:47,958 Epoch: [4/20] Iter:[0/192], Time: 10.89, lr: [0.008180521460508584], Loss: 4.268604, Acc:0.467980, Semantic loss: 1.728903, BCE loss: 1.751868, SB loss: 0.787832
2025-03-23 11:08:52,371 Epoch: [4/20] Iter:[10/192], Time: 1.39, lr: [0.008156551183601795], Loss: 4.289989, Acc:0.471576, Semantic loss: 1.757066, BCE loss: 1.582058, SB loss: 0.950864
2025-03-23 11:08:57,264 Epoch: [4/20] Iter:[20/192], Time: 0.96, lr: [0.008132573077094668], Loss: 4.240647, Acc:0.470827, Semantic loss: 1.762382, BCE loss: 1.522698, SB loss: 0.955567
2025-03-23 11:09:01,850 Epoch: [4/20] Iter:[30/192], Time: 0.80, lr: [0.008108587112763079], Loss: 4.245874, Acc:0.474380, Semantic loss: 1.762314, BCE loss: 1.535654, SB loss: 0.947906
2025-03-23 11:09:06,766 Epoch: [4/20] Iter:[40/192], Time: 0.72, lr: [0.008084593262188028], Loss: 4.280304, Acc:0.482920, Semantic loss: 1.763365, BCE loss: 1.566950, SB loss: 0.949988
2025-03-23 11:09:11,388 Epoch: [4/20] Iter:[50/192], Time: 0.67, lr: [0.008060591496753653], Loss: 4.267880, Acc:0.481916, Semantic loss: 1.758341, BCE loss: 1.553474, SB loss: 0.956065
2025-03-23 11:09:16,241 Epoch: [4/20] Iter:[60/192], Time: 0.64, lr: [0.008036581787645204], Loss: 4.302445, Acc:0.478223, Semantic loss: 1.770606, BCE loss: 1.581971, SB loss: 0.949867
2025-03-23 11:09:20,864 Epoch: [4/20] Iter:[70/192], Time: 0.62, lr: [0.008012564105846994], Loss: 4.283834, Acc:0.474547, Semantic loss: 1.770353, BCE loss: 1.556519, SB loss: 0.956961
2025-03-23 11:09:25,703 Epoch: [4/20] Iter:[80/192], Time: 0.60, lr: [0.007988538422140333], Loss: 4.273018, Acc:0.476030, Semantic loss: 1.767419, BCE loss: 1.549106, SB loss: 0.956493
2025-03-23 11:09:30,301 Epoch: [4/20] Iter:[90/192], Time: 0.58, lr: [0.007964504707101411], Loss: 4.251332, Acc:0.476055, Semantic loss: 1.765328, BCE loss: 1.542691, SB loss: 0.943314
2025-03-23 11:09:35,173 Epoch: [4/20] Iter:[100/192], Time: 0.58, lr: [0.007940462931099176], Loss: 4.232651, Acc:0.481404, Semantic loss: 1.754226, BCE loss: 1.533622, SB loss: 0.944803
2025-03-23 11:09:39,818 Epoch: [4/20] Iter:[110/192], Time: 0.57, lr: [0.007916413064293163], Loss: 4.214488, Acc:0.487203, Semantic loss: 1.738359, BCE loss: 1.537248, SB loss: 0.938881
2025-03-23 11:09:44,659 Epoch: [4/20] Iter:[120/192], Time: 0.56, lr: [0.007892355076631318], Loss: 4.215420, Acc:0.489629, Semantic loss: 1.732121, BCE loss: 1.549678, SB loss: 0.933621
2025-03-23 11:09:49,222 Epoch: [4/20] Iter:[130/192], Time: 0.55, lr: [0.007868288937847752], Loss: 4.228816, Acc:0.487524, Semantic loss: 1.737114, BCE loss: 1.554484, SB loss: 0.937218
2025-03-23 11:09:53,987 Epoch: [4/20] Iter:[140/192], Time: 0.55, lr: [0.007844214617460508], Loss: 4.228983, Acc:0.490519, Semantic loss: 1.729825, BCE loss: 1.566502, SB loss: 0.932656
2025-03-23 11:09:58,578 Epoch: [4/20] Iter:[150/192], Time: 0.54, lr: [0.007820132084769268], Loss: 4.235412, Acc:0.486461, Semantic loss: 1.737878, BCE loss: 1.565998, SB loss: 0.931536
2025-03-23 11:10:03,478 Epoch: [4/20] Iter:[160/192], Time: 0.54, lr: [0.00779604130885303], Loss: 4.233794, Acc:0.487863, Semantic loss: 1.734765, BCE loss: 1.569098, SB loss: 0.929931
2025-03-23 11:10:08,154 Epoch: [4/20] Iter:[170/192], Time: 0.53, lr: [0.007771942258567773], Loss: 4.235659, Acc:0.487898, Semantic loss: 1.732818, BCE loss: 1.573867, SB loss: 0.928973
2025-03-23 11:10:13,041 Epoch: [4/20] Iter:[180/192], Time: 0.53, lr: [0.007747834902544056], Loss: 4.234712, Acc:0.487034, Semantic loss: 1.735334, BCE loss: 1.569905, SB loss: 0.929474
2025-03-23 11:10:17,654 Epoch: [4/20] Iter:[190/192], Time: 0.53, lr: [0.0077237192091846206], Loss: 4.245839, Acc:0.485045, Semantic loss: 1.742975, BCE loss: 1.571328, SB loss: 0.931535
2025-03-23 11:12:23,072 0 [0.00000000e+00 1.33566069e-02 5.10937381e-02 3.15373750e-04
 0.00000000e+00 4.29977863e-07 4.87842857e-05] 0.009259276150223775
2025-03-23 11:12:23,073 1 [0.00000000e+00 4.34914144e-02 5.26810081e-02 6.56427472e-05
 0.00000000e+00 0.00000000e+00 0.00000000e+00] 0.013748295028727818
2025-03-23 11:12:23,079 => saving checkpoint to output\loveda\pidnet_small_loveda\aug_gb_m_rbcheckpoint.pth.tar
2025-03-23 11:12:23,191 Loss: 12.111, MeanIU:  0.0137, Best_mIoU:  0.0228
2025-03-23 11:12:23,191 [0.00000000e+00 4.34914144e-02 5.26810081e-02 6.56427472e-05
 0.00000000e+00 0.00000000e+00 0.00000000e+00]
2025-03-23 11:12:34,462 Epoch: [5/20] Iter:[0/192], Time: 11.09, lr: [0.007718895067235705], Loss: 3.790522, Acc:0.437113, Semantic loss: 1.584866, BCE loss: 1.345481, SB loss: 0.860175
2025-03-23 11:12:38,942 Epoch: [5/20] Iter:[10/192], Time: 1.42, lr: [0.007694769327040611], Loss: 4.292626, Acc:0.458939, Semantic loss: 1.784567, BCE loss: 1.574121, SB loss: 0.933938
2025-03-23 11:12:43,791 Epoch: [5/20] Iter:[20/192], Time: 0.97, lr: [0.00767063517918174], Loss: 4.235460, Acc:0.470455, Semantic loss: 1.779337, BCE loss: 1.497026, SB loss: 0.959096
2025-03-23 11:12:48,413 Epoch: [5/20] Iter:[30/192], Time: 0.81, lr: [0.007646492591316132], Loss: 4.116995, Acc:0.486479, Semantic loss: 1.715220, BCE loss: 1.483106, SB loss: 0.918669
2025-03-23 11:12:53,320 Epoch: [5/20] Iter:[40/192], Time: 0.73, lr: [0.007622341530862476], Loss: 4.146676, Acc:0.478812, Semantic loss: 1.728477, BCE loss: 1.493017, SB loss: 0.925182
2025-03-23 11:12:57,965 Epoch: [5/20] Iter:[50/192], Time: 0.68, lr: [0.0075981819649984985], Loss: 4.232813, Acc:0.471603, Semantic loss: 1.777251, BCE loss: 1.540774, SB loss: 0.914789
2025-03-23 11:13:02,892 Epoch: [5/20] Iter:[60/192], Time: 0.65, lr: [0.007574013860658317], Loss: 4.179126, Acc:0.479303, Semantic loss: 1.750936, BCE loss: 1.526186, SB loss: 0.902003
2025-03-23 11:13:07,577 Epoch: [5/20] Iter:[70/192], Time: 0.62, lr: [0.007549837184529776], Loss: 4.206653, Acc:0.477345, Semantic loss: 1.754527, BCE loss: 1.544803, SB loss: 0.907323
2025-03-23 11:13:12,510 Epoch: [5/20] Iter:[80/192], Time: 0.61, lr: [0.0075256519030517215], Loss: 4.210671, Acc:0.476409, Semantic loss: 1.758758, BCE loss: 1.542763, SB loss: 0.909150
2025-03-23 11:13:17,159 Epoch: [5/20] Iter:[90/192], Time: 0.59, lr: [0.007501457982411236], Loss: 4.182280, Acc:0.479140, Semantic loss: 1.747821, BCE loss: 1.530374, SB loss: 0.904085
2025-03-23 11:13:22,035 Epoch: [5/20] Iter:[100/192], Time: 0.58, lr: [0.0074772553885408604], Loss: 4.189073, Acc:0.482587, Semantic loss: 1.744249, BCE loss: 1.532121, SB loss: 0.912703
2025-03-23 11:13:26,693 Epoch: [5/20] Iter:[110/192], Time: 0.57, lr: [0.007453044087115737], Loss: 4.222071, Acc:0.479816, Semantic loss: 1.758796, BCE loss: 1.535759, SB loss: 0.927517
2025-03-23 11:13:31,559 Epoch: [5/20] Iter:[120/192], Time: 0.56, lr: [0.007428824043550734], Loss: 4.235201, Acc:0.479166, Semantic loss: 1.756867, BCE loss: 1.536310, SB loss: 0.942024
2025-03-23 11:13:36,242 Epoch: [5/20] Iter:[130/192], Time: 0.56, lr: [0.007404595222997526], Loss: 4.281438, Acc:0.477898, Semantic loss: 1.772915, BCE loss: 1.539245, SB loss: 0.969278
2025-03-23 11:13:41,182 Epoch: [5/20] Iter:[140/192], Time: 0.55, lr: [0.007380357590341623], Loss: 4.294125, Acc:0.480554, Semantic loss: 1.779228, BCE loss: 1.548897, SB loss: 0.966000
2025-03-23 11:13:45,825 Epoch: [5/20] Iter:[150/192], Time: 0.55, lr: [0.007356111110199354], Loss: 4.300244, Acc:0.479766, Semantic loss: 1.782105, BCE loss: 1.550784, SB loss: 0.967355
2025-03-23 11:13:50,679 Epoch: [5/20] Iter:[160/192], Time: 0.54, lr: [0.00733185574691482], Loss: 4.304989, Acc:0.480738, Semantic loss: 1.778504, BCE loss: 1.558970, SB loss: 0.967515
2025-03-23 11:13:55,384 Epoch: [5/20] Iter:[170/192], Time: 0.54, lr: [0.007307591464556783], Loss: 4.306507, Acc:0.482174, Semantic loss: 1.777274, BCE loss: 1.559887, SB loss: 0.969345
2025-03-23 11:14:00,341 Epoch: [5/20] Iter:[180/192], Time: 0.54, lr: [0.007283318226915514], Loss: 4.327214, Acc:0.480432, Semantic loss: 1.782263, BCE loss: 1.570744, SB loss: 0.974207
2025-03-23 11:14:05,006 Epoch: [5/20] Iter:[190/192], Time: 0.53, lr: [0.007259035997499604], Loss: 4.325365, Acc:0.482222, Semantic loss: 1.779447, BCE loss: 1.570914, SB loss: 0.975004
2025-03-23 11:16:11,870 0 [0.00000000e+00 3.71559040e-02 4.94804457e-02 9.22535310e-06
 0.00000000e+00 2.90228779e-06 1.02113835e-04] 0.01239294160094031
2025-03-23 11:16:11,871 1 [0.00000000e+00 6.50219701e-02 5.14321442e-02 1.46127908e-06
 0.00000000e+00 0.00000000e+00 0.00000000e+00] 0.01663651079077162
2025-03-23 11:16:11,879 => saving checkpoint to output\loveda\pidnet_small_loveda\aug_gb_m_rbcheckpoint.pth.tar
2025-03-23 11:16:12,017 Loss: 7.707, MeanIU:  0.0166, Best_mIoU:  0.0228
2025-03-23 11:16:12,018 [0.00000000e+00 6.50219701e-02 5.14321442e-02 1.46127908e-06
 0.00000000e+00 0.00000000e+00 0.00000000e+00]
2025-03-23 11:16:23,393 Epoch: [6/20] Iter:[0/192], Time: 11.19, lr: [0.007254178469372199], Loss: 4.538826, Acc:0.472025, Semantic loss: 1.822525, BCE loss: 1.752624, SB loss: 0.963676
2025-03-23 11:16:27,895 Epoch: [6/20] Iter:[10/192], Time: 1.43, lr: [0.007229885401256642], Loss: 4.192987, Acc:0.488902, Semantic loss: 1.729112, BCE loss: 1.486644, SB loss: 0.977231
2025-03-23 11:16:32,745 Epoch: [6/20] Iter:[20/192], Time: 0.98, lr: [0.0072055832600777334], Loss: 4.233555, Acc:0.469427, Semantic loss: 1.754507, BCE loss: 1.500259, SB loss: 0.978789
2025-03-23 11:16:37,407 Epoch: [6/20] Iter:[30/192], Time: 0.81, lr: [0.007181272008420604], Loss: 4.241161, Acc:0.482349, Semantic loss: 1.767579, BCE loss: 1.499745, SB loss: 0.973837
2025-03-23 11:16:42,274 Epoch: [6/20] Iter:[40/192], Time: 0.73, lr: [0.007156951608574727], Loss: 4.237964, Acc:0.481437, Semantic loss: 1.758850, BCE loss: 1.512308, SB loss: 0.966806
2025-03-23 11:16:46,927 Epoch: [6/20] Iter:[50/192], Time: 0.68, lr: [0.007132622022530447], Loss: 4.231394, Acc:0.479144, Semantic loss: 1.767182, BCE loss: 1.490860, SB loss: 0.973351
2025-03-23 11:16:51,783 Epoch: [6/20] Iter:[60/192], Time: 0.65, lr: [0.007108283211975477], Loss: 4.268094, Acc:0.482269, Semantic loss: 1.766822, BCE loss: 1.538760, SB loss: 0.962513
2025-03-23 11:16:56,459 Epoch: [6/20] Iter:[70/192], Time: 0.62, lr: [0.007083935138291319], Loss: 4.262283, Acc:0.483495, Semantic loss: 1.760915, BCE loss: 1.530891, SB loss: 0.970477
2025-03-23 11:17:01,374 Epoch: [6/20] Iter:[80/192], Time: 0.61, lr: [0.007059577762549636], Loss: 4.253663, Acc:0.487033, Semantic loss: 1.749905, BCE loss: 1.541180, SB loss: 0.962577
2025-03-23 11:17:06,034 Epoch: [6/20] Iter:[90/192], Time: 0.59, lr: [0.007035211045508576], Loss: 4.245316, Acc:0.489416, Semantic loss: 1.742453, BCE loss: 1.551517, SB loss: 0.951347
2025-03-23 11:17:10,888 Epoch: [6/20] Iter:[100/192], Time: 0.58, lr: [0.0070108349476090265], Loss: 4.254485, Acc:0.490809, Semantic loss: 1.739484, BCE loss: 1.566641, SB loss: 0.948360
2025-03-23 11:17:15,528 Epoch: [6/20] Iter:[110/192], Time: 0.57, lr: [0.00698644942897081], Loss: 4.252905, Acc:0.486774, Semantic loss: 1.741744, BCE loss: 1.563907, SB loss: 0.947254
2025-03-23 11:17:20,464 Epoch: [6/20] Iter:[120/192], Time: 0.56, lr: [0.006962054449388827], Loss: 4.266657, Acc:0.486177, Semantic loss: 1.747029, BCE loss: 1.567900, SB loss: 0.951728
2025-03-23 11:17:25,173 Epoch: [6/20] Iter:[130/192], Time: 0.56, lr: [0.006937649968329135], Loss: 4.278592, Acc:0.483265, Semantic loss: 1.750880, BCE loss: 1.575021, SB loss: 0.952691
2025-03-23 11:17:30,057 Epoch: [6/20] Iter:[140/192], Time: 0.55, lr: [0.006913235944924954], Loss: 4.284065, Acc:0.484358, Semantic loss: 1.746029, BCE loss: 1.586219, SB loss: 0.951817
2025-03-23 11:17:34,753 Epoch: [6/20] Iter:[150/192], Time: 0.55, lr: [0.006888812337972621], Loss: 4.276737, Acc:0.482022, Semantic loss: 1.748459, BCE loss: 1.579153, SB loss: 0.949126
2025-03-23 11:17:39,668 Epoch: [6/20] Iter:[160/192], Time: 0.54, lr: [0.00686437910592748], Loss: 4.267116, Acc:0.481177, Semantic loss: 1.747497, BCE loss: 1.574494, SB loss: 0.945124
2025-03-23 11:17:44,332 Epoch: [6/20] Iter:[170/192], Time: 0.54, lr: [0.00683993620689969], Loss: 4.262240, Acc:0.482798, Semantic loss: 1.744050, BCE loss: 1.572424, SB loss: 0.945766
2025-03-23 11:17:49,214 Epoch: [6/20] Iter:[180/192], Time: 0.54, lr: [0.0068154835986499775], Loss: 4.254185, Acc:0.485046, Semantic loss: 1.738395, BCE loss: 1.571686, SB loss: 0.944104
2025-03-23 11:17:53,826 Epoch: [6/20] Iter:[190/192], Time: 0.53, lr: [0.006791021238585323], Loss: 4.252065, Acc:0.485639, Semantic loss: 1.738067, BCE loss: 1.566909, SB loss: 0.947089
2025-03-23 11:20:00,068 0 [0.00000000e+00 6.30103231e-02 4.26911133e-02 5.06724092e-03
 0.00000000e+00 6.18075821e-07 2.13815579e-03] 0.01612963588161958
2025-03-23 11:20:00,069 1 [0.         0.14969396 0.04197578 0.00312029 0.         0.
 0.        ] 0.027827148305584765
2025-03-23 11:20:00,074 => saving checkpoint to output\loveda\pidnet_small_loveda\aug_gb_m_rbcheckpoint.pth.tar
2025-03-23 11:20:00,281 Loss: 8.007, MeanIU:  0.0278, Best_mIoU:  0.0278
2025-03-23 11:20:00,281 [0.         0.14969396 0.04197578 0.00312029 0.         0.
 0.        ]
2025-03-23 11:20:11,710 Epoch: [7/20] Iter:[0/192], Time: 11.24, lr: [0.006786127592581251], Loss: 4.778891, Acc:0.462594, Semantic loss: 1.665296, BCE loss: 2.085487, SB loss: 1.028107
2025-03-23 11:20:16,117 Epoch: [7/20] Iter:[10/192], Time: 1.42, lr: [0.006761653473611295], Loss: 4.095727, Acc:0.487744, Semantic loss: 1.629637, BCE loss: 1.573494, SB loss: 0.892596
2025-03-23 11:20:21,011 Epoch: [7/20] Iter:[20/192], Time: 0.98, lr: [0.006737169507854796], Loss: 4.125119, Acc:0.502141, Semantic loss: 1.638146, BCE loss: 1.611984, SB loss: 0.874988
2025-03-23 11:20:25,683 Epoch: [7/20] Iter:[30/192], Time: 0.81, lr: [0.006712675651556858], Loss: 4.144323, Acc:0.503747, Semantic loss: 1.660009, BCE loss: 1.608932, SB loss: 0.875382
2025-03-23 11:20:30,560 Epoch: [7/20] Iter:[40/192], Time: 0.73, lr: [0.006688171860589905], Loss: 4.095819, Acc:0.492876, Semantic loss: 1.669070, BCE loss: 1.559107, SB loss: 0.867642
2025-03-23 11:20:35,262 Epoch: [7/20] Iter:[50/192], Time: 0.68, lr: [0.0066636580904489585], Loss: 4.113858, Acc:0.488827, Semantic loss: 1.677440, BCE loss: 1.563924, SB loss: 0.872494
2025-03-23 11:20:40,110 Epoch: [7/20] Iter:[60/192], Time: 0.65, lr: [0.006639134296246874], Loss: 4.128081, Acc:0.486755, Semantic loss: 1.680871, BCE loss: 1.569849, SB loss: 0.877361
2025-03-23 11:20:44,773 Epoch: [7/20] Iter:[70/192], Time: 0.62, lr: [0.0066146004327094585], Loss: 4.161056, Acc:0.481896, Semantic loss: 1.700404, BCE loss: 1.565614, SB loss: 0.895039
2025-03-23 11:20:49,648 Epoch: [7/20] Iter:[80/192], Time: 0.61, lr: [0.006590056454170537], Loss: 4.178294, Acc:0.481573, Semantic loss: 1.702567, BCE loss: 1.574042, SB loss: 0.901685
2025-03-23 11:20:54,293 Epoch: [7/20] Iter:[90/192], Time: 0.59, lr: [0.006565502314566912], Loss: 4.180813, Acc:0.482142, Semantic loss: 1.706936, BCE loss: 1.561066, SB loss: 0.912811
2025-03-23 11:20:59,149 Epoch: [7/20] Iter:[100/192], Time: 0.58, lr: [0.006540937967433255], Loss: 4.178874, Acc:0.481247, Semantic loss: 1.703369, BCE loss: 1.559497, SB loss: 0.916007
2025-03-23 11:21:03,810 Epoch: [7/20] Iter:[110/192], Time: 0.57, lr: [0.006516363365896894], Loss: 4.170107, Acc:0.485208, Semantic loss: 1.698430, BCE loss: 1.554910, SB loss: 0.916767
2025-03-23 11:21:08,707 Epoch: [7/20] Iter:[120/192], Time: 0.56, lr: [0.006491778462672531], Loss: 4.173639, Acc:0.485928, Semantic loss: 1.693379, BCE loss: 1.563848, SB loss: 0.916412
2025-03-23 11:21:13,391 Epoch: [7/20] Iter:[130/192], Time: 0.56, lr: [0.006467183210056843], Loss: 4.178213, Acc:0.485623, Semantic loss: 1.692890, BCE loss: 1.569769, SB loss: 0.915553
2025-03-23 11:21:18,295 Epoch: [7/20] Iter:[140/192], Time: 0.55, lr: [0.006442577559923017], Loss: 4.171765, Acc:0.488327, Semantic loss: 1.688952, BCE loss: 1.568604, SB loss: 0.914209
2025-03-23 11:21:22,971 Epoch: [7/20] Iter:[150/192], Time: 0.55, lr: [0.006417961463715172], Loss: 4.163873, Acc:0.487905, Semantic loss: 1.689571, BCE loss: 1.558582, SB loss: 0.915721
2025-03-23 11:21:27,864 Epoch: [7/20] Iter:[160/192], Time: 0.54, lr: [0.006393334872442681], Loss: 4.164674, Acc:0.488055, Semantic loss: 1.692977, BCE loss: 1.557742, SB loss: 0.913955
2025-03-23 11:21:32,562 Epoch: [7/20] Iter:[170/192], Time: 0.54, lr: [0.006368697736674411], Loss: 4.168317, Acc:0.489375, Semantic loss: 1.697145, BCE loss: 1.555378, SB loss: 0.915794
2025-03-23 11:21:37,471 Epoch: [7/20] Iter:[180/192], Time: 0.54, lr: [0.006344050006532848], Loss: 4.173177, Acc:0.488763, Semantic loss: 1.698479, BCE loss: 1.559506, SB loss: 0.915192
2025-03-23 11:21:42,096 Epoch: [7/20] Iter:[190/192], Time: 0.53, lr: [0.006319391631688114], Loss: 4.169155, Acc:0.491470, Semantic loss: 1.695408, BCE loss: 1.559810, SB loss: 0.913937
2025-03-23 11:23:46,728 0 [0.         0.0128909  0.0529455  0.00303285 0.         0.
 0.00105023] 0.009988497245781573
2025-03-23 11:23:46,728 1 [0.         0.03702039 0.05464347 0.00020354 0.         0.
 0.        ] 0.013123914400783473
2025-03-23 11:23:46,736 => saving checkpoint to output\loveda\pidnet_small_loveda\aug_gb_m_rbcheckpoint.pth.tar
2025-03-23 11:23:46,861 Loss: 10.306, MeanIU:  0.0131, Best_mIoU:  0.0278
2025-03-23 11:23:46,861 [0.         0.03702039 0.05464347 0.00020354 0.         0.
 0.        ]
2025-03-23 11:23:58,234 Epoch: [8/20] Iter:[0/192], Time: 11.18, lr: [0.006314458674893553], Loss: 4.225975, Acc:0.561675, Semantic loss: 1.601959, BCE loss: 1.820518, SB loss: 0.803498
2025-03-23 11:24:02,698 Epoch: [8/20] Iter:[10/192], Time: 1.42, lr: [0.006289787459323657], Loss: 4.102719, Acc:0.522815, Semantic loss: 1.634790, BCE loss: 1.569209, SB loss: 0.898720
2025-03-23 11:24:07,548 Epoch: [8/20] Iter:[20/192], Time: 0.98, lr: [0.006265105486702424], Loss: 4.184198, Acc:0.493163, Semantic loss: 1.729629, BCE loss: 1.553354, SB loss: 0.901215
2025-03-23 11:24:12,197 Epoch: [8/20] Iter:[30/192], Time: 0.81, lr: [0.006240412705211017], Loss: 4.192516, Acc:0.490041, Semantic loss: 1.718321, BCE loss: 1.529875, SB loss: 0.944320
2025-03-23 11:24:17,056 Epoch: [8/20] Iter:[40/192], Time: 0.73, lr: [0.006215709062551949], Loss: 4.170544, Acc:0.490467, Semantic loss: 1.700011, BCE loss: 1.542315, SB loss: 0.928217
2025-03-23 11:24:21,730 Epoch: [8/20] Iter:[50/192], Time: 0.68, lr: [0.006190994505942529], Loss: 4.139859, Acc:0.489110, Semantic loss: 1.701842, BCE loss: 1.511677, SB loss: 0.926340
2025-03-23 11:24:26,602 Epoch: [8/20] Iter:[60/192], Time: 0.65, lr: [0.006166268982108192], Loss: 4.138994, Acc:0.485693, Semantic loss: 1.709463, BCE loss: 1.500863, SB loss: 0.928668
2025-03-23 11:24:31,299 Epoch: [8/20] Iter:[70/192], Time: 0.62, lr: [0.006141532437275693], Loss: 4.138385, Acc:0.480538, Semantic loss: 1.715787, BCE loss: 1.494047, SB loss: 0.928552
2025-03-23 11:24:36,191 Epoch: [8/20] Iter:[80/192], Time: 0.61, lr: [0.006116784817166194], Loss: 4.142660, Acc:0.480924, Semantic loss: 1.712430, BCE loss: 1.496871, SB loss: 0.933360
2025-03-23 11:24:40,868 Epoch: [8/20] Iter:[90/192], Time: 0.59, lr: [0.006092026066988214], Loss: 4.168111, Acc:0.481828, Semantic loss: 1.717210, BCE loss: 1.518446, SB loss: 0.932456
2025-03-23 11:24:45,671 Epoch: [8/20] Iter:[100/192], Time: 0.58, lr: [0.006067256131430442], Loss: 4.166193, Acc:0.482230, Semantic loss: 1.711934, BCE loss: 1.528945, SB loss: 0.925314
2025-03-23 11:24:50,295 Epoch: [8/20] Iter:[110/192], Time: 0.57, lr: [0.00604247495465443], Loss: 4.169404, Acc:0.483588, Semantic loss: 1.705615, BCE loss: 1.536094, SB loss: 0.927694
2025-03-23 11:24:55,140 Epoch: [8/20] Iter:[120/192], Time: 0.56, lr: [0.006017682480287143], Loss: 4.172767, Acc:0.485159, Semantic loss: 1.706219, BCE loss: 1.534798, SB loss: 0.931750
2025-03-23 11:24:59,843 Epoch: [8/20] Iter:[130/192], Time: 0.56, lr: [0.00599287865141337], Loss: 4.167222, Acc:0.486620, Semantic loss: 1.703682, BCE loss: 1.534847, SB loss: 0.928694
2025-03-23 11:25:04,671 Epoch: [8/20] Iter:[140/192], Time: 0.55, lr: [0.005968063410567983], Loss: 4.171271, Acc:0.485029, Semantic loss: 1.705899, BCE loss: 1.535716, SB loss: 0.929656
2025-03-23 11:25:09,295 Epoch: [8/20] Iter:[150/192], Time: 0.54, lr: [0.00594323669972807], Loss: 4.173952, Acc:0.488357, Semantic loss: 1.700868, BCE loss: 1.544544, SB loss: 0.928540
2025-03-23 11:25:14,098 Epoch: [8/20] Iter:[160/192], Time: 0.54, lr: [0.005918398460304892], Loss: 4.174683, Acc:0.489305, Semantic loss: 1.700580, BCE loss: 1.545922, SB loss: 0.928181
2025-03-23 11:25:18,737 Epoch: [8/20] Iter:[170/192], Time: 0.54, lr: [0.0058935486331357125], Loss: 4.178125, Acc:0.489596, Semantic loss: 1.699686, BCE loss: 1.551634, SB loss: 0.926805
2025-03-23 11:25:23,575 Epoch: [8/20] Iter:[180/192], Time: 0.53, lr: [0.005868687158475447], Loss: 4.174993, Acc:0.490404, Semantic loss: 1.696807, BCE loss: 1.553863, SB loss: 0.924323
2025-03-23 11:25:28,228 Epoch: [8/20] Iter:[190/192], Time: 0.53, lr: [0.005843813975988169], Loss: 4.169234, Acc:0.491567, Semantic loss: 1.691403, BCE loss: 1.557252, SB loss: 0.920579
2025-03-23 11:27:32,333 0 [0.00000000e+00 2.35352277e-02 5.22300898e-02 8.54072597e-04
 0.00000000e+00 2.95613507e-07 2.05578046e-04] 0.01097503767396405
2025-03-23 11:27:32,333 1 [0.         0.04869616 0.05435316 0.         0.         0.
 0.        ] 0.014721331370462134
2025-03-23 11:27:32,342 => saving checkpoint to output\loveda\pidnet_small_loveda\aug_gb_m_rbcheckpoint.pth.tar
2025-03-23 11:27:32,479 Loss: 9.369, MeanIU:  0.0147, Best_mIoU:  0.0278
2025-03-23 11:27:32,480 [0.         0.04869616 0.05435316 0.         0.         0.
 0.        ]
2025-03-23 11:27:43,738 Epoch: [9/20] Iter:[0/192], Time: 11.07, lr: [0.0058388379291998025], Loss: 3.956406, Acc:0.560633, Semantic loss: 1.458630, BCE loss: 1.701591, SB loss: 0.796185
2025-03-23 11:27:48,135 Epoch: [9/20] Iter:[10/192], Time: 1.41, lr: [0.0058139506168319475], Loss: 3.985533, Acc:0.511809, Semantic loss: 1.618135, BCE loss: 1.474868, SB loss: 0.892530
2025-03-23 11:27:52,985 Epoch: [9/20] Iter:[20/192], Time: 0.97, lr: [0.005789051461775303], Loss: 4.028738, Acc:0.495635, Semantic loss: 1.665257, BCE loss: 1.484115, SB loss: 0.879367
2025-03-23 11:27:57,630 Epoch: [9/20] Iter:[30/192], Time: 0.81, lr: [0.005764140401744157], Loss: 4.087981, Acc:0.493016, Semantic loss: 1.683431, BCE loss: 1.496330, SB loss: 0.908219
2025-03-23 11:28:02,471 Epoch: [9/20] Iter:[40/192], Time: 0.73, lr: [0.005739217373824397], Loss: 4.099116, Acc:0.491309, Semantic loss: 1.683536, BCE loss: 1.511122, SB loss: 0.904459
2025-03-23 11:28:07,135 Epoch: [9/20] Iter:[50/192], Time: 0.68, lr: [0.005714282314464109], Loss: 4.130267, Acc:0.493355, Semantic loss: 1.676926, BCE loss: 1.553571, SB loss: 0.899769
2025-03-23 11:28:11,946 Epoch: [9/20] Iter:[60/192], Time: 0.64, lr: [0.005689335159463984], Loss: 4.146607, Acc:0.489662, Semantic loss: 1.690591, BCE loss: 1.541627, SB loss: 0.914389
2025-03-23 11:28:16,608 Epoch: [9/20] Iter:[70/192], Time: 0.62, lr: [0.0056643758439675305], Loss: 4.153971, Acc:0.487727, Semantic loss: 1.693322, BCE loss: 1.544292, SB loss: 0.916357
2025-03-23 11:28:21,439 Epoch: [9/20] Iter:[80/192], Time: 0.60, lr: [0.005639404302451105], Loss: 4.139564, Acc:0.493599, Semantic loss: 1.685405, BCE loss: 1.533692, SB loss: 0.920467
2025-03-23 11:28:26,144 Epoch: [9/20] Iter:[90/192], Time: 0.59, lr: [0.005614420468713722], Loss: 4.155111, Acc:0.488574, Semantic loss: 1.699371, BCE loss: 1.535076, SB loss: 0.920665
2025-03-23 11:28:31,022 Epoch: [9/20] Iter:[100/192], Time: 0.58, lr: [0.005589424275866668], Loss: 4.151467, Acc:0.492016, Semantic loss: 1.697210, BCE loss: 1.535843, SB loss: 0.918414
2025-03-23 11:28:35,681 Epoch: [9/20] Iter:[110/192], Time: 0.57, lr: [0.005564415656322913], Loss: 4.154061, Acc:0.490950, Semantic loss: 1.693479, BCE loss: 1.545320, SB loss: 0.915262
2025-03-23 11:28:40,517 Epoch: [9/20] Iter:[120/192], Time: 0.56, lr: [0.00553939454178628], Loss: 4.160779, Acc:0.492666, Semantic loss: 1.688332, BCE loss: 1.555573, SB loss: 0.916873
2025-03-23 11:28:45,201 Epoch: [9/20] Iter:[130/192], Time: 0.55, lr: [0.005514360863240413], Loss: 4.155084, Acc:0.492132, Semantic loss: 1.690705, BCE loss: 1.550277, SB loss: 0.914102
2025-03-23 11:28:50,096 Epoch: [9/20] Iter:[140/192], Time: 0.55, lr: [0.005489314550937511], Loss: 4.140169, Acc:0.495480, Semantic loss: 1.681596, BCE loss: 1.551103, SB loss: 0.907469
2025-03-23 11:28:54,743 Epoch: [9/20] Iter:[150/192], Time: 0.54, lr: [0.005464255534386825], Loss: 4.132025, Acc:0.495890, Semantic loss: 1.678362, BCE loss: 1.550213, SB loss: 0.903449
2025-03-23 11:28:59,578 Epoch: [9/20] Iter:[160/192], Time: 0.54, lr: [0.005439183742342914], Loss: 4.138758, Acc:0.496402, Semantic loss: 1.678434, BCE loss: 1.557802, SB loss: 0.902523
2025-03-23 11:29:04,260 Epoch: [9/20] Iter:[170/192], Time: 0.54, lr: [0.00541409910279366], Loss: 4.137314, Acc:0.497019, Semantic loss: 1.675074, BCE loss: 1.560773, SB loss: 0.901467
2025-03-23 11:29:09,132 Epoch: [9/20] Iter:[180/192], Time: 0.53, lr: [0.005389001542948025], Loss: 4.147178, Acc:0.495389, Semantic loss: 1.680065, BCE loss: 1.562616, SB loss: 0.904497
2025-03-23 11:29:13,764 Epoch: [9/20] Iter:[190/192], Time: 0.53, lr: [0.005363890989223547], Loss: 4.135494, Acc:0.495372, Semantic loss: 1.678564, BCE loss: 1.552135, SB loss: 0.904795
2025-03-23 11:31:19,484 0 [0.00000000e+00 2.71558101e-02 5.29076510e-02 1.82162472e-04
 3.78159072e-07 8.22955102e-04 3.30571133e-04] 0.011628503992023484
2025-03-23 11:31:19,485 1 [0.         0.07626448 0.048972   0.00026049 0.         0.
 0.        ] 0.017928139113826104
2025-03-23 11:31:19,490 => saving checkpoint to output\loveda\pidnet_small_loveda\aug_gb_m_rbcheckpoint.pth.tar
2025-03-23 11:31:19,583 Loss: 8.262, MeanIU:  0.0179, Best_mIoU:  0.0278
2025-03-23 11:31:19,583 [0.         0.07626448 0.048972   0.00026049 0.         0.
 0.        ]
2025-03-23 11:31:31,263 Epoch: [10/20] Iter:[0/192], Time: 11.49, lr: [0.005358867312681466], Loss: 4.203053, Acc:0.580409, Semantic loss: 1.708184, BCE loss: 1.667324, SB loss: 0.827546
2025-03-23 11:31:35,677 Epoch: [10/20] Iter:[10/192], Time: 1.45, lr: [0.005333741068040314], Loss: 4.297275, Acc:0.495553, Semantic loss: 1.711535, BCE loss: 1.672642, SB loss: 0.913099
2025-03-23 11:31:40,572 Epoch: [10/20] Iter:[20/192], Time: 0.99, lr: [0.0053086016647897714], Loss: 4.274386, Acc:0.499554, Semantic loss: 1.693322, BCE loss: 1.637651, SB loss: 0.943413
2025-03-23 11:31:45,189 Epoch: [10/20] Iter:[30/192], Time: 0.82, lr: [0.005283449026727663], Loss: 4.240243, Acc:0.502309, Semantic loss: 1.664048, BCE loss: 1.647828, SB loss: 0.928366
2025-03-23 11:31:50,043 Epoch: [10/20] Iter:[40/192], Time: 0.74, lr: [0.005258283076804885], Loss: 4.228297, Acc:0.506349, Semantic loss: 1.662131, BCE loss: 1.654474, SB loss: 0.911692
2025-03-23 11:31:54,695 Epoch: [10/20] Iter:[50/192], Time: 0.68, lr: [0.00523310373711144], Loss: 4.171303, Acc:0.505184, Semantic loss: 1.644990, BCE loss: 1.635333, SB loss: 0.890980
2025-03-23 11:31:59,433 Epoch: [10/20] Iter:[60/192], Time: 0.65, lr: [0.005207910928862159], Loss: 4.134088, Acc:0.507978, Semantic loss: 1.635910, BCE loss: 1.619375, SB loss: 0.878802
2025-03-23 11:32:04,066 Epoch: [10/20] Iter:[70/192], Time: 0.62, lr: [0.005182704572382109], Loss: 4.111354, Acc:0.507732, Semantic loss: 1.637506, BCE loss: 1.593396, SB loss: 0.880451
2025-03-23 11:32:08,911 Epoch: [10/20] Iter:[80/192], Time: 0.61, lr: [0.005157484587091684], Loss: 4.113018, Acc:0.508567, Semantic loss: 1.638620, BCE loss: 1.596247, SB loss: 0.878150
2025-03-23 11:32:13,537 Epoch: [10/20] Iter:[90/192], Time: 0.59, lr: [0.005132250891491357], Loss: 4.093538, Acc:0.508761, Semantic loss: 1.633118, BCE loss: 1.585862, SB loss: 0.874558
2025-03-23 11:32:18,336 Epoch: [10/20] Iter:[100/192], Time: 0.58, lr: [0.005107003403146087], Loss: 4.068566, Acc:0.509559, Semantic loss: 1.629529, BCE loss: 1.565961, SB loss: 0.873076
2025-03-23 11:32:23,009 Epoch: [10/20] Iter:[110/192], Time: 0.57, lr: [0.005081742038669388], Loss: 4.086495, Acc:0.506959, Semantic loss: 1.638549, BCE loss: 1.567948, SB loss: 0.879998
2025-03-23 11:32:27,787 Epoch: [10/20] Iter:[120/192], Time: 0.56, lr: [0.005056466713707024], Loss: 4.089147, Acc:0.504784, Semantic loss: 1.644493, BCE loss: 1.555414, SB loss: 0.889240
2025-03-23 11:32:32,407 Epoch: [10/20] Iter:[130/192], Time: 0.55, lr: [0.005031177342920337], Loss: 4.094998, Acc:0.501106, Semantic loss: 1.650880, BCE loss: 1.550586, SB loss: 0.893533
2025-03-23 11:32:37,197 Epoch: [10/20] Iter:[140/192], Time: 0.55, lr: [0.005005873839969192], Loss: 4.096178, Acc:0.498948, Semantic loss: 1.653525, BCE loss: 1.541041, SB loss: 0.901611
2025-03-23 11:32:41,813 Epoch: [10/20] Iter:[150/192], Time: 0.54, lr: [0.00498055611749454], Loss: 4.099009, Acc:0.499754, Semantic loss: 1.653245, BCE loss: 1.541535, SB loss: 0.904230
2025-03-23 11:32:46,659 Epoch: [10/20] Iter:[160/192], Time: 0.54, lr: [0.004955224087100552], Loss: 4.098855, Acc:0.500336, Semantic loss: 1.652015, BCE loss: 1.543436, SB loss: 0.903403
2025-03-23 11:32:51,272 Epoch: [10/20] Iter:[170/192], Time: 0.54, lr: [0.004929877659336362], Loss: 4.098826, Acc:0.501526, Semantic loss: 1.650854, BCE loss: 1.545417, SB loss: 0.902555
2025-03-23 11:32:56,037 Epoch: [10/20] Iter:[180/192], Time: 0.53, lr: [0.004904516743677371], Loss: 4.100568, Acc:0.499508, Semantic loss: 1.653827, BCE loss: 1.541898, SB loss: 0.904843
2025-03-23 11:33:00,631 Epoch: [10/20] Iter:[190/192], Time: 0.53, lr: [0.00487914124850611], Loss: 4.106624, Acc:0.499046, Semantic loss: 1.655853, BCE loss: 1.546934, SB loss: 0.903838
2025-03-23 11:35:04,214 0 [0.         0.06317987 0.04597623 0.00222009 0.00013938 0.00011545
 0.00091057] 0.01607737055022092
2025-03-23 11:35:04,214 1 [0.         0.13900897 0.05552284 0.00117749 0.         0.
 0.        ] 0.02795846981980591
2025-03-23 11:35:04,221 => saving checkpoint to output\loveda\pidnet_small_loveda\aug_gb_m_rbcheckpoint.pth.tar
2025-03-23 11:35:04,400 Loss: 7.298, MeanIU:  0.0280, Best_mIoU:  0.0280
2025-03-23 11:35:04,400 [0.         0.13900897 0.05552284 0.00117749 0.         0.
 0.        ]
2025-03-23 11:35:15,571 Epoch: [11/20] Iter:[0/192], Time: 10.98, lr: [0.004874064391789954], Loss: 3.995176, Acc:0.591905, Semantic loss: 1.524638, BCE loss: 1.671453, SB loss: 0.799085
2025-03-23 11:35:19,963 Epoch: [11/20] Iter:[10/192], Time: 1.40, lr: [0.004848671278701159], Loss: 3.991571, Acc:0.540151, Semantic loss: 1.557473, BCE loss: 1.609560, SB loss: 0.824538
2025-03-23 11:35:24,668 Epoch: [11/20] Iter:[20/192], Time: 0.96, lr: [0.0048232633805975296], Loss: 4.081055, Acc:0.516806, Semantic loss: 1.598442, BCE loss: 1.617439, SB loss: 0.865175
2025-03-23 11:35:29,210 Epoch: [11/20] Iter:[30/192], Time: 0.79, lr: [0.00479784060223045], Loss: 4.103383, Acc:0.509955, Semantic loss: 1.640209, BCE loss: 1.566475, SB loss: 0.896699
2025-03-23 11:35:33,886 Epoch: [11/20] Iter:[40/192], Time: 0.71, lr: [0.004772402847172951], Loss: 4.074562, Acc:0.518715, Semantic loss: 1.627563, BCE loss: 1.545323, SB loss: 0.901676
2025-03-23 11:35:38,383 Epoch: [11/20] Iter:[50/192], Time: 0.66, lr: [0.004746950017798064], Loss: 4.063257, Acc:0.522098, Semantic loss: 1.610031, BCE loss: 1.554717, SB loss: 0.898509
2025-03-23 11:35:43,068 Epoch: [11/20] Iter:[60/192], Time: 0.63, lr: [0.004721482015256639], Loss: 4.059647, Acc:0.521372, Semantic loss: 1.609227, BCE loss: 1.549810, SB loss: 0.900611
2025-03-23 11:35:47,662 Epoch: [11/20] Iter:[70/192], Time: 0.61, lr: [0.004695998739454633], Loss: 4.082831, Acc:0.522665, Semantic loss: 1.621635, BCE loss: 1.563268, SB loss: 0.897929
2025-03-23 11:35:52,333 Epoch: [11/20] Iter:[80/192], Time: 0.59, lr: [0.004670500089029817], Loss: 4.092808, Acc:0.520718, Semantic loss: 1.623019, BCE loss: 1.564336, SB loss: 0.905453
2025-03-23 11:35:56,875 Epoch: [11/20] Iter:[90/192], Time: 0.57, lr: [0.004644985961327915], Loss: 4.115279, Acc:0.514239, Semantic loss: 1.646737, BCE loss: 1.543685, SB loss: 0.924857
2025-03-23 11:36:01,618 Epoch: [11/20] Iter:[100/192], Time: 0.56, lr: [0.004619456252378151], Loss: 4.120878, Acc:0.511984, Semantic loss: 1.652948, BCE loss: 1.546190, SB loss: 0.921740
2025-03-23 11:36:06,162 Epoch: [11/20] Iter:[110/192], Time: 0.55, lr: [0.004593910856868159], Loss: 4.113854, Acc:0.512933, Semantic loss: 1.653156, BCE loss: 1.542684, SB loss: 0.918014
2025-03-23 11:36:10,843 Epoch: [11/20] Iter:[120/192], Time: 0.55, lr: [0.004568349668118281], Loss: 4.110902, Acc:0.512434, Semantic loss: 1.650927, BCE loss: 1.541642, SB loss: 0.918333
2025-03-23 11:36:15,378 Epoch: [11/20] Iter:[130/192], Time: 0.54, lr: [0.004542772578055196], Loss: 4.113952, Acc:0.510353, Semantic loss: 1.655323, BCE loss: 1.543624, SB loss: 0.915005
2025-03-23 11:36:20,070 Epoch: [11/20] Iter:[140/192], Time: 0.54, lr: [0.00451717947718487], Loss: 4.110826, Acc:0.510946, Semantic loss: 1.649978, BCE loss: 1.552174, SB loss: 0.908674
2025-03-23 11:36:24,590 Epoch: [11/20] Iter:[150/192], Time: 0.53, lr: [0.004491570254564817], Loss: 4.113037, Acc:0.508680, Semantic loss: 1.653510, BCE loss: 1.548927, SB loss: 0.910600
2025-03-23 11:36:29,244 Epoch: [11/20] Iter:[160/192], Time: 0.53, lr: [0.004465944797775636], Loss: 4.113410, Acc:0.508042, Semantic loss: 1.652032, BCE loss: 1.549437, SB loss: 0.911941
2025-03-23 11:36:33,794 Epoch: [11/20] Iter:[170/192], Time: 0.52, lr: [0.004440302992891796], Loss: 4.117554, Acc:0.507364, Semantic loss: 1.653014, BCE loss: 1.552718, SB loss: 0.911823
2025-03-23 11:36:38,482 Epoch: [11/20] Iter:[180/192], Time: 0.52, lr: [0.004414644724451659], Loss: 4.120140, Acc:0.505567, Semantic loss: 1.655395, BCE loss: 1.552556, SB loss: 0.912189
2025-03-23 11:36:42,987 Epoch: [11/20] Iter:[190/192], Time: 0.52, lr: [0.004388969875426714], Loss: 4.120159, Acc:0.504496, Semantic loss: 1.658407, BCE loss: 1.548546, SB loss: 0.913206
2025-03-23 11:38:45,014 0 [0.00000000e+00 2.55289924e-02 5.34687754e-02 7.07985411e-04
 0.00000000e+00 1.62315937e-05 8.16371661e-06] 0.011390021206825094
2025-03-23 11:38:45,014 1 [0.         0.05364357 0.05403557 0.00115203 0.         0.
 0.        ] 0.015547310331620092
2025-03-23 11:38:45,021 => saving checkpoint to output\loveda\pidnet_small_loveda\aug_gb_m_rbcheckpoint.pth.tar
2025-03-23 11:38:45,145 Loss: 9.307, MeanIU:  0.0155, Best_mIoU:  0.0280
2025-03-23 11:38:45,145 [0.         0.05364357 0.05403557 0.00115203 0.         0.
 0.        ]
2025-03-23 11:38:56,491 Epoch: [12/20] Iter:[0/192], Time: 11.16, lr: [0.0043838329055408696], Loss: 3.958036, Acc:0.650816, Semantic loss: 1.379113, BCE loss: 1.689778, SB loss: 0.889145
2025-03-23 11:39:00,829 Epoch: [12/20] Iter:[10/192], Time: 1.41, lr: [0.004358138003083593], Loss: 4.138077, Acc:0.505460, Semantic loss: 1.583219, BCE loss: 1.698589, SB loss: 0.856269
2025-03-23 11:39:05,540 Epoch: [12/20] Iter:[20/192], Time: 0.96, lr: [0.0043324262569064236], Loss: 4.188629, Acc:0.490485, Semantic loss: 1.651832, BCE loss: 1.637784, SB loss: 0.899013
2025-03-23 11:39:10,092 Epoch: [12/20] Iter:[30/192], Time: 0.80, lr: [0.0043066975447503065], Loss: 4.141391, Acc:0.490403, Semantic loss: 1.667247, BCE loss: 1.585191, SB loss: 0.888954
2025-03-23 11:39:14,841 Epoch: [12/20] Iter:[40/192], Time: 0.72, lr: [0.00428095174265078], Loss: 4.130064, Acc:0.499987, Semantic loss: 1.662937, BCE loss: 1.591061, SB loss: 0.876066
2025-03-23 11:39:19,410 Epoch: [12/20] Iter:[50/192], Time: 0.67, lr: [0.004255188724902623], Loss: 4.164967, Acc:0.496698, Semantic loss: 1.674284, BCE loss: 1.597794, SB loss: 0.892889
2025-03-23 11:39:24,128 Epoch: [12/20] Iter:[60/192], Time: 0.64, lr: [0.004229408364023519], Loss: 4.169111, Acc:0.501354, Semantic loss: 1.667397, BCE loss: 1.610311, SB loss: 0.891403
2025-03-23 11:39:28,643 Epoch: [12/20] Iter:[70/192], Time: 0.61, lr: [0.004203610530716726], Loss: 4.157200, Acc:0.503600, Semantic loss: 1.663557, BCE loss: 1.593650, SB loss: 0.899992
2025-03-23 11:39:33,310 Epoch: [12/20] Iter:[80/192], Time: 0.59, lr: [0.004177795093832693], Loss: 4.147603, Acc:0.502527, Semantic loss: 1.665110, BCE loss: 1.591004, SB loss: 0.891490
2025-03-23 11:39:37,856 Epoch: [12/20] Iter:[90/192], Time: 0.58, lr: [0.004151961920329593], Loss: 4.125627, Acc:0.500649, Semantic loss: 1.666244, BCE loss: 1.576077, SB loss: 0.883306
2025-03-23 11:39:42,547 Epoch: [12/20] Iter:[100/192], Time: 0.57, lr: [0.004126110875232744], Loss: 4.130464, Acc:0.501452, Semantic loss: 1.665930, BCE loss: 1.582819, SB loss: 0.881714
2025-03-23 11:39:47,069 Epoch: [12/20] Iter:[110/192], Time: 0.56, lr: [0.004100241821592866], Loss: 4.118778, Acc:0.501839, Semantic loss: 1.661015, BCE loss: 1.572553, SB loss: 0.885210
2025-03-23 11:39:51,782 Epoch: [12/20] Iter:[120/192], Time: 0.55, lr: [0.00407435462044314], Loss: 4.111111, Acc:0.502253, Semantic loss: 1.656715, BCE loss: 1.571876, SB loss: 0.882520
2025-03-23 11:39:56,341 Epoch: [12/20] Iter:[130/192], Time: 0.54, lr: [0.004048449130755016], Loss: 4.106199, Acc:0.500656, Semantic loss: 1.655339, BCE loss: 1.572511, SB loss: 0.878349
2025-03-23 11:40:01,080 Epoch: [12/20] Iter:[140/192], Time: 0.54, lr: [0.004022525209392749], Loss: 4.104612, Acc:0.501681, Semantic loss: 1.651576, BCE loss: 1.576150, SB loss: 0.876886
2025-03-23 11:40:05,635 Epoch: [12/20] Iter:[150/192], Time: 0.53, lr: [0.003996582711066572], Loss: 4.097333, Acc:0.502384, Semantic loss: 1.644537, BCE loss: 1.575053, SB loss: 0.877743
2025-03-23 11:40:10,341 Epoch: [12/20] Iter:[160/192], Time: 0.53, lr: [0.003970621488284514], Loss: 4.094344, Acc:0.501911, Semantic loss: 1.646046, BCE loss: 1.567242, SB loss: 0.881056
2025-03-23 11:40:14,877 Epoch: [12/20] Iter:[170/192], Time: 0.52, lr: [0.003944641391302759], Loss: 4.087145, Acc:0.502054, Semantic loss: 1.644677, BCE loss: 1.561148, SB loss: 0.881320
2025-03-23 11:40:19,581 Epoch: [12/20] Iter:[180/192], Time: 0.52, lr: [0.003918642268074522], Loss: 4.082761, Acc:0.502172, Semantic loss: 1.647568, BCE loss: 1.549186, SB loss: 0.886007
2025-03-23 11:40:24,141 Epoch: [12/20] Iter:[190/192], Time: 0.52, lr: [0.003892623964197378], Loss: 4.083436, Acc:0.502268, Semantic loss: 1.647330, BCE loss: 1.549002, SB loss: 0.887104
2025-03-23 11:42:26,233 0 [0.00000000e+00 1.79989157e-02 5.29304365e-02 2.04088017e-03
 0.00000000e+00 1.96945486e-04 1.44613730e-05] 0.010454519883088485
2025-03-23 11:42:26,234 1 [0.         0.07746125 0.0502843  0.00219291 0.         0.
 0.        ] 0.018562635855700522
2025-03-23 11:42:26,243 => saving checkpoint to output\loveda\pidnet_small_loveda\aug_gb_m_rbcheckpoint.pth.tar
2025-03-23 11:42:26,379 Loss: 8.059, MeanIU:  0.0186, Best_mIoU:  0.0280
2025-03-23 11:42:26,379 [0.         0.07746125 0.0502843  0.00219291 0.         0.
 0.        ]
2025-03-23 11:42:37,609 Epoch: [13/20] Iter:[0/192], Time: 11.04, lr: [0.0038874179879876346], Loss: 4.170319, Acc:0.583307, Semantic loss: 1.470540, BCE loss: 1.870982, SB loss: 0.828797
2025-03-23 11:42:41,959 Epoch: [13/20] Iter:[10/192], Time: 1.40, lr: [0.003861376460123532], Loss: 4.180929, Acc:0.516565, Semantic loss: 1.601988, BCE loss: 1.663960, SB loss: 0.914981
2025-03-23 11:42:46,745 Epoch: [13/20] Iter:[20/192], Time: 0.96, lr: [0.003835315403363414], Loss: 4.175234, Acc:0.494854, Semantic loss: 1.671398, BCE loss: 1.594119, SB loss: 0.909716
2025-03-23 11:42:51,349 Epoch: [13/20] Iter:[30/192], Time: 0.80, lr: [0.00380923465539378], Loss: 4.104785, Acc:0.505557, Semantic loss: 1.645522, BCE loss: 1.568105, SB loss: 0.891159
2025-03-23 11:42:56,109 Epoch: [13/20] Iter:[40/192], Time: 0.72, lr: [0.0037831340513060203], Loss: 4.096732, Acc:0.505820, Semantic loss: 1.641102, BCE loss: 1.580928, SB loss: 0.874702
2025-03-23 11:43:00,712 Epoch: [13/20] Iter:[50/192], Time: 0.67, lr: [0.003757013423534689], Loss: 4.099279, Acc:0.515247, Semantic loss: 1.636687, BCE loss: 1.586355, SB loss: 0.876237
2025-03-23 11:43:05,465 Epoch: [13/20] Iter:[60/192], Time: 0.64, lr: [0.003730872601793835], Loss: 4.086205, Acc:0.513837, Semantic loss: 1.628044, BCE loss: 1.588027, SB loss: 0.870134
2025-03-23 11:43:10,074 Epoch: [13/20] Iter:[70/192], Time: 0.61, lr: [0.0037047114130112895], Loss: 4.072797, Acc:0.515193, Semantic loss: 1.623794, BCE loss: 1.573229, SB loss: 0.875775
2025-03-23 11:43:14,858 Epoch: [13/20] Iter:[80/192], Time: 0.60, lr: [0.0036785296812608405], Loss: 4.093183, Acc:0.506895, Semantic loss: 1.652440, BCE loss: 1.546377, SB loss: 0.894367
2025-03-23 11:43:19,477 Epoch: [13/20] Iter:[90/192], Time: 0.58, lr: [0.003652327227692201], Loss: 4.111797, Acc:0.503697, Semantic loss: 1.657604, BCE loss: 1.559076, SB loss: 0.895116
2025-03-23 11:43:24,318 Epoch: [13/20] Iter:[100/192], Time: 0.57, lr: [0.0036261038704587037], Loss: 4.115924, Acc:0.502509, Semantic loss: 1.656887, BCE loss: 1.571481, SB loss: 0.887556
2025-03-23 11:43:28,931 Epoch: [13/20] Iter:[110/192], Time: 0.56, lr: [0.003599859424642584], Loss: 4.126025, Acc:0.499363, Semantic loss: 1.663232, BCE loss: 1.576763, SB loss: 0.886029
2025-03-23 11:43:33,706 Epoch: [13/20] Iter:[120/192], Time: 0.55, lr: [0.0035735937021778063], Loss: 4.119206, Acc:0.499941, Semantic loss: 1.661646, BCE loss: 1.571246, SB loss: 0.886314
2025-03-23 11:43:38,325 Epoch: [13/20] Iter:[130/192], Time: 0.55, lr: [0.0035473065117702885], Loss: 4.110611, Acc:0.501562, Semantic loss: 1.658330, BCE loss: 1.564602, SB loss: 0.887679
2025-03-23 11:43:43,094 Epoch: [13/20] Iter:[140/192], Time: 0.54, lr: [0.003520997658815433], Loss: 4.102335, Acc:0.502084, Semantic loss: 1.656271, BCE loss: 1.558131, SB loss: 0.887933
2025-03-23 11:43:47,695 Epoch: [13/20] Iter:[150/192], Time: 0.54, lr: [0.003494666945312851], Loss: 4.098335, Acc:0.501413, Semantic loss: 1.658326, BCE loss: 1.551686, SB loss: 0.888322
2025-03-23 11:43:52,389 Epoch: [13/20] Iter:[160/192], Time: 0.53, lr: [0.00346831416977816], Loss: 4.094318, Acc:0.501209, Semantic loss: 1.660729, BCE loss: 1.544119, SB loss: 0.889470
2025-03-23 11:43:56,995 Epoch: [13/20] Iter:[170/192], Time: 0.53, lr: [0.003441939127151716], Loss: 4.085791, Acc:0.504546, Semantic loss: 1.654225, BCE loss: 1.546146, SB loss: 0.885420
2025-03-23 11:44:01,758 Epoch: [13/20] Iter:[180/192], Time: 0.53, lr: [0.0034155416087041646], Loss: 4.078952, Acc:0.506864, Semantic loss: 1.649487, BCE loss: 1.545648, SB loss: 0.883817
2025-03-23 11:44:06,331 Epoch: [13/20] Iter:[190/192], Time: 0.52, lr: [0.0033891214019386652], Loss: 4.075049, Acc:0.506411, Semantic loss: 1.647183, BCE loss: 1.545758, SB loss: 0.882107
2025-03-23 11:46:08,227 0 [0.00000000e+00 1.63178944e-02 5.11010612e-02 3.88955599e-04
 7.67540640e-05 8.81451422e-06 5.50410395e-03] 0.010485369095670828
2025-03-23 11:46:08,227 1 [0.00000000e+00 5.98362775e-02 5.25319771e-02 8.06883807e-05
 0.00000000e+00 0.00000000e+00 0.00000000e+00] 0.01606413469981817
2025-03-23 11:46:08,233 => saving checkpoint to output\loveda\pidnet_small_loveda\aug_gb_m_rbcheckpoint.pth.tar
2025-03-23 11:46:08,451 Loss: 7.922, MeanIU:  0.0161, Best_mIoU:  0.0280
2025-03-23 11:46:08,452 [0.00000000e+00 5.98362775e-02 5.25319771e-02 8.06883807e-05
 0.00000000e+00 0.00000000e+00 0.00000000e+00]
2025-03-23 11:46:19,746 Epoch: [14/20] Iter:[0/192], Time: 11.11, lr: [0.0033838346190164987], Loss: 4.090152, Acc:0.597231, Semantic loss: 1.459321, BCE loss: 1.761484, SB loss: 0.869347
2025-03-23 11:46:24,136 Epoch: [14/20] Iter:[10/192], Time: 1.41, lr: [0.0033573869003190927], Loss: 4.045252, Acc:0.524736, Semantic loss: 1.595499, BCE loss: 1.639761, SB loss: 0.809992
2025-03-23 11:46:28,893 Epoch: [14/20] Iter:[20/192], Time: 0.96, lr: [0.0033309160120447595], Loss: 4.060488, Acc:0.512659, Semantic loss: 1.615163, BCE loss: 1.582859, SB loss: 0.862466
2025-03-23 11:46:33,431 Epoch: [14/20] Iter:[30/192], Time: 0.80, lr: [0.0033044217289421207], Loss: 4.034619, Acc:0.512099, Semantic loss: 1.622159, BCE loss: 1.540739, SB loss: 0.871721
2025-03-23 11:46:38,183 Epoch: [14/20] Iter:[40/192], Time: 0.72, lr: [0.0032779038215418194], Loss: 4.038951, Acc:0.518315, Semantic loss: 1.610409, BCE loss: 1.552286, SB loss: 0.876255
2025-03-23 11:46:42,780 Epoch: [14/20] Iter:[50/192], Time: 0.67, lr: [0.0032513620560388795], Loss: 4.042326, Acc:0.511511, Semantic loss: 1.605293, BCE loss: 1.567695, SB loss: 0.869338
2025-03-23 11:46:47,541 Epoch: [14/20] Iter:[60/192], Time: 0.64, lr: [0.003224796194170671], Loss: 4.026727, Acc:0.512741, Semantic loss: 1.598973, BCE loss: 1.566437, SB loss: 0.861317
2025-03-23 11:46:52,111 Epoch: [14/20] Iter:[70/192], Time: 0.61, lr: [0.003198205993090303], Loss: 4.002736, Acc:0.508735, Semantic loss: 1.598827, BCE loss: 1.545013, SB loss: 0.858896
2025-03-23 11:46:56,818 Epoch: [14/20] Iter:[80/192], Time: 0.59, lr: [0.0031715912052352204], Loss: 4.002247, Acc:0.512705, Semantic loss: 1.596845, BCE loss: 1.554498, SB loss: 0.850903
2025-03-23 11:47:01,372 Epoch: [14/20] Iter:[90/192], Time: 0.58, lr: [0.0031449515781907557], Loss: 3.996191, Acc:0.516647, Semantic loss: 1.597161, BCE loss: 1.548951, SB loss: 0.850079
2025-03-23 11:47:06,049 Epoch: [14/20] Iter:[100/192], Time: 0.57, lr: [0.003118286854548424], Loss: 4.001429, Acc:0.515623, Semantic loss: 1.603625, BCE loss: 1.546945, SB loss: 0.850859
2025-03-23 11:47:10,635 Epoch: [14/20] Iter:[110/192], Time: 0.56, lr: [0.003091596771758693], Loss: 4.006205, Acc:0.516988, Semantic loss: 1.599722, BCE loss: 1.556487, SB loss: 0.849996
2025-03-23 11:47:15,345 Epoch: [14/20] Iter:[120/192], Time: 0.55, lr: [0.0030648810619779434], Loss: 4.024678, Acc:0.516780, Semantic loss: 1.606396, BCE loss: 1.564387, SB loss: 0.853895
2025-03-23 11:47:19,977 Epoch: [14/20] Iter:[130/192], Time: 0.54, lr: [0.0030381394519093602], Loss: 4.014437, Acc:0.513381, Semantic loss: 1.606575, BCE loss: 1.554516, SB loss: 0.853347
2025-03-23 11:47:24,776 Epoch: [14/20] Iter:[140/192], Time: 0.54, lr: [0.003011371662637431], Loss: 4.013174, Acc:0.512589, Semantic loss: 1.610033, BCE loss: 1.546920, SB loss: 0.856221
2025-03-23 11:47:29,378 Epoch: [14/20] Iter:[150/192], Time: 0.53, lr: [0.0029845774094557345], Loss: 4.018527, Acc:0.511429, Semantic loss: 1.611394, BCE loss: 1.550123, SB loss: 0.857010
2025-03-23 11:47:34,146 Epoch: [14/20] Iter:[160/192], Time: 0.53, lr: [0.002957756401687678], Loss: 4.016347, Acc:0.512918, Semantic loss: 1.611512, BCE loss: 1.544711, SB loss: 0.860123
2025-03-23 11:47:38,712 Epoch: [14/20] Iter:[170/192], Time: 0.53, lr: [0.002930908342499829], Loss: 4.015887, Acc:0.513869, Semantic loss: 1.610136, BCE loss: 1.548190, SB loss: 0.857561
2025-03-23 11:47:43,474 Epoch: [14/20] Iter:[180/192], Time: 0.52, lr: [0.002904032928707437], Loss: 4.020441, Acc:0.510909, Semantic loss: 1.616231, BCE loss: 1.545379, SB loss: 0.858830
2025-03-23 11:47:48,047 Epoch: [14/20] Iter:[190/192], Time: 0.52, lr: [0.0028771298505717554], Loss: 4.034600, Acc:0.509045, Semantic loss: 1.624951, BCE loss: 1.540697, SB loss: 0.868952
2025-03-23 11:49:49,753 0 [0.00000000e+00 2.59469461e-02 4.93501951e-02 1.82988363e-04
 3.79835838e-04 4.04155210e-05 1.01430451e-03] 0.010987812216213765
2025-03-23 11:49:49,753 1 [0.00000000e+00 5.36131296e-02 5.36399206e-02 2.59819877e-05
 0.00000000e+00 0.00000000e+00 0.00000000e+00] 0.015325576019730803
2025-03-23 11:49:49,763 => saving checkpoint to output\loveda\pidnet_small_loveda\aug_gb_m_rbcheckpoint.pth.tar
2025-03-23 11:49:49,898 Loss: 9.313, MeanIU:  0.0153, Best_mIoU:  0.0280
2025-03-23 11:49:49,899 [0.00000000e+00 5.36131296e-02 5.36399206e-02 2.59819877e-05
 0.00000000e+00 0.00000000e+00 0.00000000e+00]
2025-03-23 11:50:01,236 Epoch: [15/20] Iter:[0/192], Time: 11.15, lr: [0.0028717458874925874], Loss: 3.735193, Acc:0.479058, Semantic loss: 1.418555, BCE loss: 1.583112, SB loss: 0.733526
2025-03-23 11:50:05,611 Epoch: [15/20] Iter:[10/192], Time: 1.41, lr: [0.0028448091937488323], Loss: 4.088957, Acc:0.474653, Semantic loss: 1.714223, BCE loss: 1.441855, SB loss: 0.932879
2025-03-23 11:50:10,373 Epoch: [15/20] Iter:[20/192], Time: 0.97, lr: [0.002817844130111582], Loss: 4.157854, Acc:0.485541, Semantic loss: 1.698774, BCE loss: 1.499161, SB loss: 0.959920
2025-03-23 11:50:14,937 Epoch: [15/20] Iter:[30/192], Time: 0.80, lr: [0.0027908503644035994], Loss: 4.170386, Acc:0.494986, Semantic loss: 1.680450, BCE loss: 1.553485, SB loss: 0.936451
2025-03-23 11:50:19,730 Epoch: [15/20] Iter:[40/192], Time: 0.72, lr: [0.0027638275569424097], Loss: 4.129021, Acc:0.496679, Semantic loss: 1.678326, BCE loss: 1.539862, SB loss: 0.910832
2025-03-23 11:50:24,309 Epoch: [15/20] Iter:[50/192], Time: 0.67, lr: [0.002736775360287257], Loss: 4.054269, Acc:0.503227, Semantic loss: 1.652356, BCE loss: 1.502248, SB loss: 0.899665
2025-03-23 11:50:29,028 Epoch: [15/20] Iter:[60/192], Time: 0.64, lr: [0.002709693418974644], Loss: 4.045475, Acc:0.510185, Semantic loss: 1.641062, BCE loss: 1.506922, SB loss: 0.897491
2025-03-23 11:50:33,615 Epoch: [15/20] Iter:[70/192], Time: 0.61, lr: [0.0026825813692418162], Loss: 4.007948, Acc:0.513384, Semantic loss: 1.623664, BCE loss: 1.493645, SB loss: 0.890639
2025-03-23 11:50:38,350 Epoch: [15/20] Iter:[80/192], Time: 0.60, lr: [0.0026554388387375], Loss: 4.018401, Acc:0.513495, Semantic loss: 1.624686, BCE loss: 1.498947, SB loss: 0.894768
2025-03-23 11:50:42,897 Epoch: [15/20] Iter:[90/192], Time: 0.58, lr: [0.002628265446219161], Loss: 4.007776, Acc:0.516505, Semantic loss: 1.618158, BCE loss: 1.499532, SB loss: 0.890086
2025-03-23 11:50:47,579 Epoch: [15/20] Iter:[100/192], Time: 0.57, lr: [0.002601060801235972], Loss: 4.011010, Acc:0.516167, Semantic loss: 1.619868, BCE loss: 1.502445, SB loss: 0.888698
2025-03-23 11:50:52,162 Epoch: [15/20] Iter:[110/192], Time: 0.56, lr: [0.002573824503796671], Loss: 4.009702, Acc:0.515192, Semantic loss: 1.613618, BCE loss: 1.514573, SB loss: 0.881512
2025-03-23 11:50:56,856 Epoch: [15/20] Iter:[120/192], Time: 0.55, lr: [0.00254655614402138], Loss: 4.015249, Acc:0.513326, Semantic loss: 1.612337, BCE loss: 1.523944, SB loss: 0.878968
2025-03-23 11:51:01,406 Epoch: [15/20] Iter:[130/192], Time: 0.54, lr: [0.0025192553017764118], Loss: 4.009139, Acc:0.513225, Semantic loss: 1.609903, BCE loss: 1.523418, SB loss: 0.875819
2025-03-23 11:51:06,081 Epoch: [15/20] Iter:[140/192], Time: 0.54, lr: [0.002491921546291034], Loss: 4.013241, Acc:0.512751, Semantic loss: 1.605602, BCE loss: 1.532135, SB loss: 0.875503
2025-03-23 11:51:10,640 Epoch: [15/20] Iter:[150/192], Time: 0.53, lr: [0.0024645544357550573], Loss: 4.021521, Acc:0.511727, Semantic loss: 1.609052, BCE loss: 1.532617, SB loss: 0.879852
2025-03-23 11:51:15,343 Epoch: [15/20] Iter:[160/192], Time: 0.53, lr: [0.002437153516896028], Loss: 4.024433, Acc:0.509045, Semantic loss: 1.614435, BCE loss: 1.527914, SB loss: 0.882085
2025-03-23 11:51:19,938 Epoch: [15/20] Iter:[170/192], Time: 0.53, lr: [0.0024097183245347467], Loss: 4.028456, Acc:0.511237, Semantic loss: 1.611786, BCE loss: 1.537201, SB loss: 0.879469
2025-03-23 11:51:24,678 Epoch: [15/20] Iter:[180/192], Time: 0.52, lr: [0.0023822483811177], Loss: 4.023273, Acc:0.513094, Semantic loss: 1.607751, BCE loss: 1.540741, SB loss: 0.874781
2025-03-23 11:51:29,231 Epoch: [15/20] Iter:[190/192], Time: 0.52, lr: [0.002354743196224891], Loss: 4.027156, Acc:0.511624, Semantic loss: 1.610992, BCE loss: 1.540432, SB loss: 0.875732
2025-03-23 11:53:30,942 0 [0.00000000e+00 5.90166912e-02 4.59943526e-02 2.20359349e-03
 9.07231931e-05 4.60296535e-05 4.77941537e-03] 0.016018686496783324
2025-03-23 11:53:30,943 1 [0.         0.08795976 0.04380448 0.01102414 0.00052016 0.
 0.        ] 0.020472648752724122
2025-03-23 11:53:30,951 => saving checkpoint to output\loveda\pidnet_small_loveda\aug_gb_m_rbcheckpoint.pth.tar
2025-03-23 11:53:31,090 Loss: 7.774, MeanIU:  0.0205, Best_mIoU:  0.0280
2025-03-23 11:53:31,090 [0.         0.08795976 0.04380448 0.01102414 0.00052016 0.
 0.        ]
2025-03-23 11:53:42,374 Epoch: [16/20] Iter:[0/192], Time: 11.09, lr: [0.0023492378861760376], Loss: 4.067571, Acc:0.552800, Semantic loss: 1.578822, BCE loss: 1.752729, SB loss: 0.736020
2025-03-23 11:53:46,716 Epoch: [16/20] Iter:[10/192], Time: 1.40, lr: [0.0023216897452738748], Loss: 3.854786, Acc:0.556437, Semantic loss: 1.507297, BCE loss: 1.532238, SB loss: 0.815251
2025-03-23 11:53:51,477 Epoch: [16/20] Iter:[20/192], Time: 0.96, lr: [0.0022941052360858027], Loss: 3.801302, Acc:0.549310, Semantic loss: 1.513784, BCE loss: 1.473146, SB loss: 0.814371
2025-03-23 11:53:56,115 Epoch: [16/20] Iter:[30/192], Time: 0.80, lr: [0.0022664838233947228], Loss: 3.929051, Acc:0.536445, Semantic loss: 1.560073, BCE loss: 1.510726, SB loss: 0.858252
2025-03-23 11:54:00,837 Epoch: [16/20] Iter:[40/192], Time: 0.72, lr: [0.0022388249567421017], Loss: 3.945358, Acc:0.534979, Semantic loss: 1.557522, BCE loss: 1.541978, SB loss: 0.845858
2025-03-23 11:54:05,436 Epoch: [16/20] Iter:[50/192], Time: 0.67, lr: [0.002211128069778427], Loss: 3.941346, Acc:0.531902, Semantic loss: 1.562358, BCE loss: 1.534281, SB loss: 0.844707
2025-03-23 11:54:10,189 Epoch: [16/20] Iter:[60/192], Time: 0.64, lr: [0.0021833925795765436], Loss: 3.975106, Acc:0.525788, Semantic loss: 1.570534, BCE loss: 1.555663, SB loss: 0.848909
2025-03-23 11:54:14,792 Epoch: [16/20] Iter:[70/192], Time: 0.61, lr: [0.0021556178859051967], Loss: 3.974976, Acc:0.524261, Semantic loss: 1.573110, BCE loss: 1.558011, SB loss: 0.843855
2025-03-23 11:54:19,517 Epoch: [16/20] Iter:[80/192], Time: 0.60, lr: [0.002127803370459852], Loss: 3.984323, Acc:0.523756, Semantic loss: 1.571072, BCE loss: 1.567077, SB loss: 0.846174
2025-03-23 11:54:24,108 Epoch: [16/20] Iter:[90/192], Time: 0.58, lr: [0.0020999483960476508], Loss: 3.962192, Acc:0.523599, Semantic loss: 1.567150, BCE loss: 1.548252, SB loss: 0.846791
2025-03-23 11:54:28,836 Epoch: [16/20] Iter:[100/192], Time: 0.57, lr: [0.0020720523057230294], Loss: 3.983370, Acc:0.523810, Semantic loss: 1.571518, BCE loss: 1.562917, SB loss: 0.848934
2025-03-23 11:54:33,417 Epoch: [16/20] Iter:[110/192], Time: 0.56, lr: [0.002044114421870228], Loss: 3.989096, Acc:0.522322, Semantic loss: 1.574528, BCE loss: 1.565010, SB loss: 0.849558
2025-03-23 11:54:38,109 Epoch: [16/20] Iter:[120/192], Time: 0.55, lr: [0.0020161340452285867], Loss: 3.985360, Acc:0.522914, Semantic loss: 1.573889, BCE loss: 1.562845, SB loss: 0.848626
2025-03-23 11:54:42,677 Epoch: [16/20] Iter:[130/192], Time: 0.55, lr: [0.001988110453856112], Loss: 3.981242, Acc:0.519686, Semantic loss: 1.578352, BCE loss: 1.549127, SB loss: 0.853764
2025-03-23 11:54:47,405 Epoch: [16/20] Iter:[140/192], Time: 0.54, lr: [0.0019600429020263607], Loss: 3.992871, Acc:0.517818, Semantic loss: 1.584702, BCE loss: 1.552424, SB loss: 0.855745
2025-03-23 11:54:51,991 Epoch: [16/20] Iter:[150/192], Time: 0.53, lr: [0.0019319306190532476], Loss: 3.991719, Acc:0.518323, Semantic loss: 1.584479, BCE loss: 1.554709, SB loss: 0.852531
2025-03-23 11:54:56,706 Epoch: [16/20] Iter:[160/192], Time: 0.53, lr: [0.0019037728080378042], Loss: 3.994567, Acc:0.514484, Semantic loss: 1.592582, BCE loss: 1.547906, SB loss: 0.854079
2025-03-23 11:55:01,286 Epoch: [16/20] Iter:[170/192], Time: 0.53, lr: [0.0018755686445303314], Loss: 3.982760, Acc:0.515524, Semantic loss: 1.591676, BCE loss: 1.537833, SB loss: 0.853252
2025-03-23 11:55:05,983 Epoch: [16/20] Iter:[180/192], Time: 0.52, lr: [0.001847317275100738], Loss: 3.990320, Acc:0.514743, Semantic loss: 1.596361, BCE loss: 1.540796, SB loss: 0.853163
2025-03-23 11:55:10,487 Epoch: [16/20] Iter:[190/192], Time: 0.52, lr: [0.0018190178158090872], Loss: 3.994615, Acc:0.513960, Semantic loss: 1.601637, BCE loss: 1.539588, SB loss: 0.853390
2025-03-23 11:57:08,801 0 [0.         0.07942306 0.04152306 0.00123582 0.00016818 0.00053873
 0.00736505] 0.01860769994127207
2025-03-23 11:57:08,801 1 [0.         0.11413688 0.03545183 0.01516375 0.01215368 0.
 0.        ] 0.02527230636052128
2025-03-23 11:57:08,807 => saving checkpoint to output\loveda\pidnet_small_loveda\aug_gb_m_rbcheckpoint.pth.tar
2025-03-23 11:57:08,941 Loss: 7.279, MeanIU:  0.0253, Best_mIoU:  0.0280
2025-03-23 11:57:08,942 [0.         0.11413688 0.03545183 0.01516375 0.01215368 0.
 0.        ]
2025-03-23 11:57:20,281 Epoch: [17/20] Iter:[0/192], Time: 11.15, lr: [0.0018133520731367456], Loss: 4.038642, Acc:0.485473, Semantic loss: 1.516546, BCE loss: 1.776924, SB loss: 0.745172
2025-03-23 11:57:24,617 Epoch: [17/20] Iter:[10/192], Time: 1.41, lr: [0.001784993693823396], Loss: 3.956834, Acc:0.496998, Semantic loss: 1.543302, BCE loss: 1.600628, SB loss: 0.812903
2025-03-23 11:57:29,384 Epoch: [17/20] Iter:[20/192], Time: 0.96, lr: [0.0017565851643374117], Loss: 3.926747, Acc:0.520805, Semantic loss: 1.533529, BCE loss: 1.572388, SB loss: 0.820830
2025-03-23 11:57:34,027 Epoch: [17/20] Iter:[30/192], Time: 0.80, lr: [0.0017281254915000803], Loss: 4.000943, Acc:0.508017, Semantic loss: 1.585794, BCE loss: 1.561262, SB loss: 0.853887
2025-03-23 11:57:38,783 Epoch: [17/20] Iter:[40/192], Time: 0.72, lr: [0.0016996136438923032], Loss: 3.984204, Acc:0.506969, Semantic loss: 1.589120, BCE loss: 1.544272, SB loss: 0.850812
2025-03-23 11:57:43,392 Epoch: [17/20] Iter:[50/192], Time: 0.67, lr: [0.0016710485496403851], Loss: 3.993139, Acc:0.499400, Semantic loss: 1.603020, BCE loss: 1.537875, SB loss: 0.852244
2025-03-23 11:57:48,180 Epoch: [17/20] Iter:[60/192], Time: 0.64, lr: [0.0016424290940290059], Loss: 3.982924, Acc:0.504335, Semantic loss: 1.600025, BCE loss: 1.535722, SB loss: 0.847178
2025-03-23 11:57:52,762 Epoch: [17/20] Iter:[70/192], Time: 0.61, lr: [0.0016137541169242962], Loss: 3.954134, Acc:0.509359, Semantic loss: 1.589691, BCE loss: 1.508645, SB loss: 0.855799
2025-03-23 11:57:57,536 Epoch: [17/20] Iter:[80/192], Time: 0.60, lr: [0.0015850224099878446], Loss: 3.965795, Acc:0.512012, Semantic loss: 1.587959, BCE loss: 1.522343, SB loss: 0.855492
2025-03-23 11:58:02,177 Epoch: [17/20] Iter:[90/192], Time: 0.58, lr: [0.001556232713660091], Loss: 3.966981, Acc:0.512107, Semantic loss: 1.586775, BCE loss: 1.524213, SB loss: 0.855993
2025-03-23 11:58:06,948 Epoch: [17/20] Iter:[100/192], Time: 0.57, lr: [0.0015273837138888994], Loss: 3.967929, Acc:0.515113, Semantic loss: 1.584274, BCE loss: 1.532094, SB loss: 0.851562
2025-03-23 11:58:11,543 Epoch: [17/20] Iter:[110/192], Time: 0.56, lr: [0.0014984740385759552], Loss: 3.969114, Acc:0.516601, Semantic loss: 1.578852, BCE loss: 1.538856, SB loss: 0.851406
2025-03-23 11:58:16,279 Epoch: [17/20] Iter:[120/192], Time: 0.55, lr: [0.0014695022537100475], Loss: 3.975287, Acc:0.516369, Semantic loss: 1.580441, BCE loss: 1.538996, SB loss: 0.855851
2025-03-23 11:58:20,844 Epoch: [17/20] Iter:[130/192], Time: 0.55, lr: [0.0014404668591521846], Loss: 3.982977, Acc:0.511227, Semantic loss: 1.591838, BCE loss: 1.534373, SB loss: 0.856767
2025-03-23 11:58:25,599 Epoch: [17/20] Iter:[140/192], Time: 0.54, lr: [0.0014113662840326588], Loss: 3.983556, Acc:0.512191, Semantic loss: 1.593733, BCE loss: 1.533332, SB loss: 0.856491
2025-03-23 11:58:30,215 Epoch: [17/20] Iter:[150/192], Time: 0.54, lr: [0.0013821988817145786], Loss: 3.987522, Acc:0.512230, Semantic loss: 1.594639, BCE loss: 1.536441, SB loss: 0.856441
2025-03-23 11:58:34,982 Epoch: [17/20] Iter:[160/192], Time: 0.53, lr: [0.0013529629242719093], Loss: 3.984804, Acc:0.515196, Semantic loss: 1.592613, BCE loss: 1.537136, SB loss: 0.855054
2025-03-23 11:58:39,543 Epoch: [17/20] Iter:[170/192], Time: 0.53, lr: [0.0013236565964223801], Loss: 3.981596, Acc:0.516077, Semantic loss: 1.590226, BCE loss: 1.539576, SB loss: 0.851794
2025-03-23 11:58:44,278 Epoch: [17/20] Iter:[180/192], Time: 0.53, lr: [0.0012942779888466518], Loss: 3.982185, Acc:0.515429, Semantic loss: 1.591161, BCE loss: 1.540297, SB loss: 0.850728
2025-03-23 11:58:48,803 Epoch: [17/20] Iter:[190/192], Time: 0.52, lr: [0.0012648250908145803], Loss: 3.983413, Acc:0.516610, Semantic loss: 1.591307, BCE loss: 1.537362, SB loss: 0.854744
2025-03-23 12:00:50,573 0 [0.         0.08308426 0.04101728 0.00042468 0.00014754 0.00073986
 0.01227488] 0.019669785266915114
2025-03-23 12:00:50,574 1 [0.         0.08058833 0.03810699 0.02443857 0.02291725 0.
 0.        ] 0.02372159219562332
2025-03-23 12:00:50,581 => saving checkpoint to output\loveda\pidnet_small_loveda\aug_gb_m_rbcheckpoint.pth.tar
2025-03-23 12:00:50,701 Loss: 6.966, MeanIU:  0.0237, Best_mIoU:  0.0280
2025-03-23 12:00:50,701 [0.         0.08058833 0.03810699 0.02443857 0.02291725 0.
 0.        ]
2025-03-23 12:01:02,001 Epoch: [18/20] Iter:[0/192], Time: 11.11, lr: [0.001258925411794167], Loss: 3.741986, Acc:0.508230, Semantic loss: 1.411867, BCE loss: 1.511216, SB loss: 0.818903
2025-03-23 12:01:06,325 Epoch: [18/20] Iter:[10/192], Time: 1.40, lr: [0.0012293805561511607], Loss: 4.034490, Acc:0.524928, Semantic loss: 1.603602, BCE loss: 1.565109, SB loss: 0.865779
2025-03-23 12:01:11,081 Epoch: [18/20] Iter:[20/192], Time: 0.96, lr: [0.0011997565879500753], Loss: 4.021518, Acc:0.521251, Semantic loss: 1.617617, BCE loss: 1.542919, SB loss: 0.860983
2025-03-23 12:01:15,697 Epoch: [18/20] Iter:[30/192], Time: 0.80, lr: [0.0011700511125444005], Loss: 4.005402, Acc:0.519078, Semantic loss: 1.626882, BCE loss: 1.527928, SB loss: 0.850592
2025-03-23 12:01:20,495 Epoch: [18/20] Iter:[40/192], Time: 0.72, lr: [0.0011402615929770753], Loss: 3.980717, Acc:0.522489, Semantic loss: 1.600991, BCE loss: 1.541897, SB loss: 0.837830
2025-03-23 12:01:25,082 Epoch: [18/20] Iter:[50/192], Time: 0.67, lr: [0.0011103853371305413], Loss: 3.948378, Acc:0.520910, Semantic loss: 1.592288, BCE loss: 1.524501, SB loss: 0.831588
2025-03-23 12:01:29,817 Epoch: [18/20] Iter:[60/192], Time: 0.64, lr: [0.001080419483295973], Loss: 3.930565, Acc:0.524847, Semantic loss: 1.589694, BCE loss: 1.506442, SB loss: 0.834429
2025-03-23 12:01:34,415 Epoch: [18/20] Iter:[70/192], Time: 0.61, lr: [0.0010503609839122385], Loss: 3.939764, Acc:0.527282, Semantic loss: 1.583603, BCE loss: 1.529589, SB loss: 0.826572
2025-03-23 12:01:39,124 Epoch: [18/20] Iter:[80/192], Time: 0.60, lr: [0.0010202065871765603], Loss: 3.955906, Acc:0.521304, Semantic loss: 1.589194, BCE loss: 1.533663, SB loss: 0.833049
2025-03-23 12:01:43,743 Epoch: [18/20] Iter:[90/192], Time: 0.58, lr: [0.000989952816168914], Loss: 3.951476, Acc:0.521856, Semantic loss: 1.584992, BCE loss: 1.537602, SB loss: 0.828881
2025-03-23 12:01:48,512 Epoch: [18/20] Iter:[100/192], Time: 0.57, lr: [0.0009595959450576828], Loss: 3.953996, Acc:0.521542, Semantic loss: 1.581724, BCE loss: 1.537673, SB loss: 0.834598
2025-03-23 12:01:53,078 Epoch: [18/20] Iter:[110/192], Time: 0.56, lr: [0.000929131971860904], Loss: 3.934576, Acc:0.519605, Semantic loss: 1.579674, BCE loss: 1.521086, SB loss: 0.833816
2025-03-23 12:01:57,790 Epoch: [18/20] Iter:[120/192], Time: 0.55, lr: [0.0008985565871200918], Loss: 3.928201, Acc:0.522250, Semantic loss: 1.574259, BCE loss: 1.523410, SB loss: 0.830532
2025-03-23 12:02:02,422 Epoch: [18/20] Iter:[130/192], Time: 0.55, lr: [0.0008678651376944955], Loss: 3.939148, Acc:0.523093, Semantic loss: 1.575489, BCE loss: 1.534249, SB loss: 0.829410
2025-03-23 12:02:07,125 Epoch: [18/20] Iter:[140/192], Time: 0.54, lr: [0.000837052584692747], Loss: 3.951422, Acc:0.522940, Semantic loss: 1.575307, BCE loss: 1.542905, SB loss: 0.833210
2025-03-23 12:02:11,726 Epoch: [18/20] Iter:[150/192], Time: 0.54, lr: [0.000806113454312208], Loss: 3.942475, Acc:0.523340, Semantic loss: 1.573307, BCE loss: 1.535956, SB loss: 0.833211
2025-03-23 12:02:16,416 Epoch: [18/20] Iter:[160/192], Time: 0.53, lr: [0.0007750417800344363], Loss: 3.939270, Acc:0.522263, Semantic loss: 1.572160, BCE loss: 1.532227, SB loss: 0.834883
2025-03-23 12:02:20,970 Epoch: [18/20] Iter:[170/192], Time: 0.53, lr: [0.0007438310342008949], Loss: 3.947800, Acc:0.519277, Semantic loss: 1.577450, BCE loss: 1.530811, SB loss: 0.839539
2025-03-23 12:02:25,697 Epoch: [18/20] Iter:[180/192], Time: 0.52, lr: [0.0007124740464272778], Loss: 3.939399, Acc:0.521394, Semantic loss: 1.572665, BCE loss: 1.530444, SB loss: 0.836290
2025-03-23 12:02:30,185 Epoch: [18/20] Iter:[190/192], Time: 0.52, lr: [0.0006809629055511224], Loss: 3.948661, Acc:0.519478, Semantic loss: 1.577299, BCE loss: 1.533252, SB loss: 0.838110
2025-03-23 12:04:32,111 0 [0.         0.06151747 0.04487112 0.0002604  0.00013709 0.00015336
 0.00750104] 0.016348641243338645
2025-03-23 12:04:32,112 1 [0.         0.0430499  0.04869596 0.00648132 0.00515136 0.
 0.        ] 0.014768365256370972
2025-03-23 12:04:32,120 => saving checkpoint to output\loveda\pidnet_small_loveda\aug_gb_m_rbcheckpoint.pth.tar
2025-03-23 12:04:32,258 Loss: 8.220, MeanIU:  0.0148, Best_mIoU:  0.0280
2025-03-23 12:04:32,258 [0.         0.0430499  0.04869596 0.00648132 0.00515136 0.
 0.        ]
2025-03-23 12:04:43,529 Epoch: [19/20] Iter:[0/192], Time: 11.08, lr: [0.0006746414238367822], Loss: 4.113195, Acc:0.503887, Semantic loss: 1.618791, BCE loss: 1.608797, SB loss: 0.885607
2025-03-23 12:04:47,834 Epoch: [19/20] Iter:[10/192], Time: 1.40, lr: [0.0006429336362339898], Loss: 3.908416, Acc:0.492758, Semantic loss: 1.578920, BCE loss: 1.516736, SB loss: 0.812760
2025-03-23 12:04:52,611 Epoch: [19/20] Iter:[20/192], Time: 0.96, lr: [0.0006110510578510947], Loss: 3.904221, Acc:0.486143, Semantic loss: 1.595833, BCE loss: 1.467682, SB loss: 0.840707
2025-03-23 12:04:57,161 Epoch: [19/20] Iter:[30/192], Time: 0.80, lr: [0.0005789824653018995], Loss: 3.912824, Acc:0.500606, Semantic loss: 1.599756, BCE loss: 1.464727, SB loss: 0.848341
2025-03-23 12:05:01,848 Epoch: [19/20] Iter:[40/192], Time: 0.72, lr: [0.0005467151732202777], Loss: 3.939561, Acc:0.508193, Semantic loss: 1.588394, BCE loss: 1.514728, SB loss: 0.836439
2025-03-23 12:05:06,442 Epoch: [19/20] Iter:[50/192], Time: 0.67, lr: [0.0005142347343351296], Loss: 3.958252, Acc:0.509319, Semantic loss: 1.593574, BCE loss: 1.518456, SB loss: 0.846222
2025-03-23 12:05:11,162 Epoch: [19/20] Iter:[60/192], Time: 0.63, lr: [0.0004815245523312483], Loss: 3.935755, Acc:0.509055, Semantic loss: 1.586183, BCE loss: 1.506005, SB loss: 0.843566
2025-03-23 12:05:15,750 Epoch: [19/20] Iter:[70/192], Time: 0.61, lr: [0.000448565373510549], Loss: 3.922444, Acc:0.512537, Semantic loss: 1.582458, BCE loss: 1.500271, SB loss: 0.839715
2025-03-23 12:05:20,450 Epoch: [19/20] Iter:[80/192], Time: 0.59, lr: [0.00041533460609889997], Loss: 3.939556, Acc:0.513965, Semantic loss: 1.582584, BCE loss: 1.517899, SB loss: 0.839073
2025-03-23 12:05:24,975 Epoch: [19/20] Iter:[90/192], Time: 0.58, lr: [0.00038180538785330436], Loss: 3.935068, Acc:0.515560, Semantic loss: 1.580062, BCE loss: 1.509381, SB loss: 0.845626
2025-03-23 12:05:29,697 Epoch: [19/20] Iter:[100/192], Time: 0.57, lr: [0.00034794527452517863], Loss: 3.912938, Acc:0.516384, Semantic loss: 1.570162, BCE loss: 1.501830, SB loss: 0.840946
2025-03-23 12:05:34,251 Epoch: [19/20] Iter:[110/192], Time: 0.56, lr: [0.00031371433588231993], Loss: 3.913341, Acc:0.517276, Semantic loss: 1.573245, BCE loss: 1.497379, SB loss: 0.842717
2025-03-23 12:05:38,973 Epoch: [19/20] Iter:[120/192], Time: 0.55, lr: [0.0002790622842837163], Loss: 3.913975, Acc:0.519338, Semantic loss: 1.572164, BCE loss: 1.501767, SB loss: 0.840044
2025-03-23 12:05:43,532 Epoch: [19/20] Iter:[130/192], Time: 0.54, lr: [0.0002439239356353784], Loss: 3.911150, Acc:0.520642, Semantic loss: 1.569898, BCE loss: 1.503564, SB loss: 0.837688
2025-03-23 12:05:48,229 Epoch: [19/20] Iter:[140/192], Time: 0.54, lr: [0.00020821159321002047], Loss: 3.925221, Acc:0.519374, Semantic loss: 1.572684, BCE loss: 1.513807, SB loss: 0.838730
2025-03-23 12:05:52,794 Epoch: [19/20] Iter:[150/192], Time: 0.53, lr: [0.00017180122628828942], Loss: 3.937316, Acc:0.519016, Semantic loss: 1.573303, BCE loss: 1.526154, SB loss: 0.837858
2025-03-23 12:05:57,491 Epoch: [19/20] Iter:[160/192], Time: 0.53, lr: [0.00013450451987183818], Loss: 3.933134, Acc:0.520383, Semantic loss: 1.569734, BCE loss: 1.527979, SB loss: 0.835422
2025-03-23 12:06:02,060 Epoch: [19/20] Iter:[170/192], Time: 0.52, lr: [9.600244875192536e-05], Loss: 3.942205, Acc:0.519567, Semantic loss: 1.571805, BCE loss: 1.533666, SB loss: 0.836734
2025-03-23 12:06:06,775 Epoch: [19/20] Iter:[180/192], Time: 0.52, lr: [5.563716848048335e-05], Loss: 3.951372, Acc:0.519951, Semantic loss: 1.574290, BCE loss: 1.539844, SB loss: 0.837238
2025-03-23 12:06:11,285 Epoch: [19/20] Iter:[190/192], Time: 0.52, lr: [1.1092486125349496e-05], Loss: 3.937297, Acc:0.521364, Semantic loss: 1.569553, BCE loss: 1.531809, SB loss: 0.835935
2025-03-23 12:08:12,795 0 [0.         0.08270249 0.04236408 0.00048359 0.00014125 0.00042117
 0.01183547] 0.019706864373626946
2025-03-23 12:08:12,795 1 [0.         0.05952835 0.04660399 0.00695594 0.00390823 0.
 0.        ] 0.016713787051656725
2025-03-23 12:08:12,803 => saving checkpoint to output\loveda\pidnet_small_loveda\aug_gb_m_rbcheckpoint.pth.tar
2025-03-23 12:08:12,914 Loss: 7.464, MeanIU:  0.0167, Best_mIoU:  0.0280
2025-03-23 12:08:12,914 [0.         0.05952835 0.04660399 0.00695594 0.00390823 0.
 0.        ]
2025-03-23 12:08:12,990 Hours: 1
2025-03-23 12:08:12,990 Done
