INFO train_amp.py(59): load pretrained weights from ./pretrained_models/bisenetv1.pth
INFO train_amp.py(86): 	Missing keys: [
  "detail.S1.0.conv.weight",
  "detail.S1.0.bn.weight",
  "detail.S1.0.bn.bias",
  "detail.S1.0.bn.running_mean",
  "detail.S1.0.bn.running_var",
  "detail.S1.1.conv.weight",
  "detail.S1.1.bn.weight",
  "detail.S1.1.bn.bias",
  "detail.S1.1.bn.running_mean",
  "detail.S1.1.bn.running_var",
  "detail.S2.0.conv.weight",
  "detail.S2.0.bn.weight",
  "detail.S2.0.bn.bias",
  "detail.S2.0.bn.running_mean",
  "detail.S2.0.bn.running_var",
  "detail.S2.1.conv.weight",
  "detail.S2.1.bn.weight",
  "detail.S2.1.bn.bias",
  "detail.S2.1.bn.running_mean",
  "detail.S2.1.bn.running_var",
  "detail.S2.2.conv.weight",
  "detail.S2.2.bn.weight",
  "detail.S2.2.bn.bias",
  "detail.S2.2.bn.running_mean",
  "detail.S2.2.bn.running_var",
  "detail.S3.0.conv.weight",
  "detail.S3.0.bn.weight",
  "detail.S3.0.bn.bias",
  "detail.S3.0.bn.running_mean",
  "detail.S3.0.bn.running_var",
  "detail.S3.1.conv.weight",
  "detail.S3.1.bn.weight",
  "detail.S3.1.bn.bias",
  "detail.S3.1.bn.running_mean",
  "detail.S3.1.bn.running_var",
  "detail.S3.2.conv.weight",
  "detail.S3.2.bn.weight",
  "detail.S3.2.bn.bias",
  "detail.S3.2.bn.running_mean",
  "detail.S3.2.bn.running_var",
  "segment.S1S2.conv.conv.weight",
  "segment.S1S2.conv.bn.weight",
  "segment.S1S2.conv.bn.bias",
  "segment.S1S2.conv.bn.running_mean",
  "segment.S1S2.conv.bn.running_var",
  "segment.S1S2.left.0.conv.weight",
  "segment.S1S2.left.0.bn.weight",
  "segment.S1S2.left.0.bn.bias",
  "segment.S1S2.left.0.bn.running_mean",
  "segment.S1S2.left.0.bn.running_var",
  "segment.S1S2.left.1.conv.weight",
  "segment.S1S2.left.1.bn.weight",
  "segment.S1S2.left.1.bn.bias",
  "segment.S1S2.left.1.bn.running_mean",
  "segment.S1S2.left.1.bn.running_var",
  "segment.S1S2.fuse.conv.weight",
  "segment.S1S2.fuse.bn.weight",
  "segment.S1S2.fuse.bn.bias",
  "segment.S1S2.fuse.bn.running_mean",
  "segment.S1S2.fuse.bn.running_var",
  "segment.S3.0.conv1.conv.weight",
  "segment.S3.0.conv1.bn.weight",
  "segment.S3.0.conv1.bn.bias",
  "segment.S3.0.conv1.bn.running_mean",
  "segment.S3.0.conv1.bn.running_var",
  "segment.S3.0.dwconv1.0.weight",
  "segment.S3.0.dwconv1.1.weight",
  "segment.S3.0.dwconv1.1.bias",
  "segment.S3.0.dwconv1.1.running_mean",
  "segment.S3.0.dwconv1.1.running_var",
  "segment.S3.0.dwconv2.0.weight",
  "segment.S3.0.dwconv2.1.weight",
  "segment.S3.0.dwconv2.1.bias",
  "segment.S3.0.dwconv2.1.running_mean",
  "segment.S3.0.dwconv2.1.running_var",
  "segment.S3.0.conv2.0.weight",
  "segment.S3.0.conv2.1.weight",
  "segment.S3.0.conv2.1.bias",
  "segment.S3.0.conv2.1.running_mean",
  "segment.S3.0.conv2.1.running_var",
  "segment.S3.0.shortcut.0.weight",
  "segment.S3.0.shortcut.1.weight",
  "segment.S3.0.shortcut.1.bias",
  "segment.S3.0.shortcut.1.running_mean",
  "segment.S3.0.shortcut.1.running_var",
  "segment.S3.0.shortcut.2.weight",
  "segment.S3.0.shortcut.3.weight",
  "segment.S3.0.shortcut.3.bias",
  "segment.S3.0.shortcut.3.running_mean",
  "segment.S3.0.shortcut.3.running_var",
  "segment.S3.1.conv1.conv.weight",
  "segment.S3.1.conv1.bn.weight",
  "segment.S3.1.conv1.bn.bias",
  "segment.S3.1.conv1.bn.running_mean",
  "segment.S3.1.conv1.bn.running_var",
  "segment.S3.1.dwconv.0.weight",
  "segment.S3.1.dwconv.1.weight",
  "segment.S3.1.dwconv.1.bias",
  "segment.S3.1.dwconv.1.running_mean",
  "segment.S3.1.dwconv.1.running_var",
  "segment.S3.1.conv2.0.weight",
  "segment.S3.1.conv2.1.weight",
  "segment.S3.1.conv2.1.bias",
  "segment.S3.1.conv2.1.running_mean",
  "segment.S3.1.conv2.1.running_var",
  "segment.S4.0.conv1.conv.weight",
  "segment.S4.0.conv1.bn.weight",
  "segment.S4.0.conv1.bn.bias",
  "segment.S4.0.conv1.bn.running_mean",
  "segment.S4.0.conv1.bn.running_var",
  "segment.S4.0.dwconv1.0.weight",
  "segment.S4.0.dwconv1.1.weight",
  "segment.S4.0.dwconv1.1.bias",
  "segment.S4.0.dwconv1.1.running_mean",
  "segment.S4.0.dwconv1.1.running_var",
  "segment.S4.0.dwconv2.0.weight",
  "segment.S4.0.dwconv2.1.weight",
  "segment.S4.0.dwconv2.1.bias",
  "segment.S4.0.dwconv2.1.running_mean",
  "segment.S4.0.dwconv2.1.running_var",
  "segment.S4.0.conv2.0.weight",
  "segment.S4.0.conv2.1.weight",
  "segment.S4.0.conv2.1.bias",
  "segment.S4.0.conv2.1.running_mean",
  "segment.S4.0.conv2.1.running_var",
  "segment.S4.0.shortcut.0.weight",
  "segment.S4.0.shortcut.1.weight",
  "segment.S4.0.shortcut.1.bias",
  "segment.S4.0.shortcut.1.running_mean",
  "segment.S4.0.shortcut.1.running_var",
  "segment.S4.0.shortcut.2.weight",
  "segment.S4.0.shortcut.3.weight",
  "segment.S4.0.shortcut.3.bias",
  "segment.S4.0.shortcut.3.running_mean",
  "segment.S4.0.shortcut.3.running_var",
  "segment.S4.1.conv1.conv.weight",
  "segment.S4.1.conv1.bn.weight",
  "segment.S4.1.conv1.bn.bias",
  "segment.S4.1.conv1.bn.running_mean",
  "segment.S4.1.conv1.bn.running_var",
  "segment.S4.1.dwconv.0.weight",
  "segment.S4.1.dwconv.1.weight",
  "segment.S4.1.dwconv.1.bias",
  "segment.S4.1.dwconv.1.running_mean",
  "segment.S4.1.dwconv.1.running_var",
  "segment.S4.1.conv2.0.weight",
  "segment.S4.1.conv2.1.weight",
  "segment.S4.1.conv2.1.bias",
  "segment.S4.1.conv2.1.running_mean",
  "segment.S4.1.conv2.1.running_var",
  "segment.S5_4.0.conv1.conv.weight",
  "segment.S5_4.0.conv1.bn.weight",
  "segment.S5_4.0.conv1.bn.bias",
  "segment.S5_4.0.conv1.bn.running_mean",
  "segment.S5_4.0.conv1.bn.running_var",
  "segment.S5_4.0.dwconv1.0.weight",
  "segment.S5_4.0.dwconv1.1.weight",
  "segment.S5_4.0.dwconv1.1.bias",
  "segment.S5_4.0.dwconv1.1.running_mean",
  "segment.S5_4.0.dwconv1.1.running_var",
  "segment.S5_4.0.dwconv2.0.weight",
  "segment.S5_4.0.dwconv2.1.weight",
  "segment.S5_4.0.dwconv2.1.bias",
  "segment.S5_4.0.dwconv2.1.running_mean",
  "segment.S5_4.0.dwconv2.1.running_var",
  "segment.S5_4.0.conv2.0.weight",
  "segment.S5_4.0.conv2.1.weight",
  "segment.S5_4.0.conv2.1.bias",
  "segment.S5_4.0.conv2.1.running_mean",
  "segment.S5_4.0.conv2.1.running_var",
  "segment.S5_4.0.shortcut.0.weight",
  "segment.S5_4.0.shortcut.1.weight",
  "segment.S5_4.0.shortcut.1.bias",
  "segment.S5_4.0.shortcut.1.running_mean",
  "segment.S5_4.0.shortcut.1.running_var",
  "segment.S5_4.0.shortcut.2.weight",
  "segment.S5_4.0.shortcut.3.weight",
  "segment.S5_4.0.shortcut.3.bias",
  "segment.S5_4.0.shortcut.3.running_mean",
  "segment.S5_4.0.shortcut.3.running_var",
  "segment.S5_4.1.conv1.conv.weight",
  "segment.S5_4.1.conv1.bn.weight",
  "segment.S5_4.1.conv1.bn.bias",
  "segment.S5_4.1.conv1.bn.running_mean",
  "segment.S5_4.1.conv1.bn.running_var",
  "segment.S5_4.1.dwconv.0.weight",
  "segment.S5_4.1.dwconv.1.weight",
  "segment.S5_4.1.dwconv.1.bias",
  "segment.S5_4.1.dwconv.1.running_mean",
  "segment.S5_4.1.dwconv.1.running_var",
  "segment.S5_4.1.conv2.0.weight",
  "segment.S5_4.1.conv2.1.weight",
  "segment.S5_4.1.conv2.1.bias",
  "segment.S5_4.1.conv2.1.running_mean",
  "segment.S5_4.1.conv2.1.running_var",
  "segment.S5_4.2.conv1.conv.weight",
  "segment.S5_4.2.conv1.bn.weight",
  "segment.S5_4.2.conv1.bn.bias",
  "segment.S5_4.2.conv1.bn.running_mean",
  "segment.S5_4.2.conv1.bn.running_var",
  "segment.S5_4.2.dwconv.0.weight",
  "segment.S5_4.2.dwconv.1.weight",
  "segment.S5_4.2.dwconv.1.bias",
  "segment.S5_4.2.dwconv.1.running_mean",
  "segment.S5_4.2.dwconv.1.running_var",
  "segment.S5_4.2.conv2.0.weight",
  "segment.S5_4.2.conv2.1.weight",
  "segment.S5_4.2.conv2.1.bias",
  "segment.S5_4.2.conv2.1.running_mean",
  "segment.S5_4.2.conv2.1.running_var",
  "segment.S5_4.3.conv1.conv.weight",
  "segment.S5_4.3.conv1.bn.weight",
  "segment.S5_4.3.conv1.bn.bias",
  "segment.S5_4.3.conv1.bn.running_mean",
  "segment.S5_4.3.conv1.bn.running_var",
  "segment.S5_4.3.dwconv.0.weight",
  "segment.S5_4.3.dwconv.1.weight",
  "segment.S5_4.3.dwconv.1.bias",
  "segment.S5_4.3.dwconv.1.running_mean",
  "segment.S5_4.3.dwconv.1.running_var",
  "segment.S5_4.3.conv2.0.weight",
  "segment.S5_4.3.conv2.1.weight",
  "segment.S5_4.3.conv2.1.bias",
  "segment.S5_4.3.conv2.1.running_mean",
  "segment.S5_4.3.conv2.1.running_var",
  "segment.S5_5.bn.weight",
  "segment.S5_5.bn.bias",
  "segment.S5_5.bn.running_mean",
  "segment.S5_5.bn.running_var",
  "segment.S5_5.conv_gap.conv.weight",
  "segment.S5_5.conv_gap.bn.weight",
  "segment.S5_5.conv_gap.bn.bias",
  "segment.S5_5.conv_gap.bn.running_mean",
  "segment.S5_5.conv_gap.bn.running_var",
  "segment.S5_5.conv_last.conv.weight",
  "segment.S5_5.conv_last.bn.weight",
  "segment.S5_5.conv_last.bn.bias",
  "segment.S5_5.conv_last.bn.running_mean",
  "segment.S5_5.conv_last.bn.running_var",
  "bga.left1.0.weight",
  "bga.left1.1.weight",
  "bga.left1.1.bias",
  "bga.left1.1.running_mean",
  "bga.left1.1.running_var",
  "bga.left1.2.weight",
  "bga.left2.0.weight",
  "bga.left2.1.weight",
  "bga.left2.1.bias",
  "bga.left2.1.running_mean",
  "bga.left2.1.running_var",
  "bga.right1.0.weight",
  "bga.right1.1.weight",
  "bga.right1.1.bias",
  "bga.right1.1.running_mean",
  "bga.right1.1.running_var",
  "bga.right2.0.weight",
  "bga.right2.1.weight",
  "bga.right2.1.bias",
  "bga.right2.1.running_mean",
  "bga.right2.1.running_var",
  "bga.right2.2.weight",
  "bga.conv.0.weight",
  "bga.conv.1.weight",
  "bga.conv.1.bias",
  "bga.conv.1.running_mean",
  "bga.conv.1.running_var",
  "head.conv.conv.weight",
  "head.conv.bn.weight",
  "head.conv.bn.bias",
  "head.conv.bn.running_mean",
  "head.conv.bn.running_var",
  "head.conv_out.1.weight",
  "head.conv_out.1.bias",
  "aux2.conv.conv.weight",
  "aux2.conv.bn.weight",
  "aux2.conv.bn.bias",
  "aux2.conv.bn.running_mean",
  "aux2.conv.bn.running_var",
  "aux2.conv_out.0.1.conv.weight",
  "aux2.conv_out.0.1.bn.weight",
  "aux2.conv_out.0.1.bn.bias",
  "aux2.conv_out.0.1.bn.running_mean",
  "aux2.conv_out.0.1.bn.running_var",
  "aux2.conv_out.1.weight",
  "aux2.conv_out.1.bias",
  "aux3.conv.conv.weight",
  "aux3.conv.bn.weight",
  "aux3.conv.bn.bias",
  "aux3.conv.bn.running_mean",
  "aux3.conv.bn.running_var",
  "aux3.conv_out.0.1.conv.weight",
  "aux3.conv_out.0.1.bn.weight",
  "aux3.conv_out.0.1.bn.bias",
  "aux3.conv_out.0.1.bn.running_mean",
  "aux3.conv_out.0.1.bn.running_var",
  "aux3.conv_out.1.weight",
  "aux3.conv_out.1.bias",
  "aux4.conv.conv.weight",
  "aux4.conv.bn.weight",
  "aux4.conv.bn.bias",
  "aux4.conv.bn.running_mean",
  "aux4.conv.bn.running_var",
  "aux4.conv_out.0.1.conv.weight",
  "aux4.conv_out.0.1.bn.weight",
  "aux4.conv_out.0.1.bn.bias",
  "aux4.conv_out.0.1.bn.running_mean",
  "aux4.conv_out.0.1.bn.running_var",
  "aux4.conv_out.1.weight",
  "aux4.conv_out.1.bias",
  "aux5_4.conv.conv.weight",
  "aux5_4.conv.bn.weight",
  "aux5_4.conv.bn.bias",
  "aux5_4.conv.bn.running_mean",
  "aux5_4.conv.bn.running_var",
  "aux5_4.conv_out.0.1.conv.weight",
  "aux5_4.conv_out.0.1.bn.weight",
  "aux5_4.conv_out.0.1.bn.bias",
  "aux5_4.conv_out.0.1.bn.running_mean",
  "aux5_4.conv_out.0.1.bn.running_var",
  "aux5_4.conv_out.1.weight",
  "aux5_4.conv_out.1.bias"
]
INFO train_amp.py(87): 	Unexpected keys: [
  "cp.resnet.conv1.weight",
  "cp.resnet.bn1.weight",
  "cp.resnet.bn1.bias",
  "cp.resnet.bn1.running_mean",
  "cp.resnet.bn1.running_var",
  "cp.resnet.bn1.num_batches_tracked",
  "cp.resnet.layer1.0.conv1.weight",
  "cp.resnet.layer1.0.bn1.weight",
  "cp.resnet.layer1.0.bn1.bias",
  "cp.resnet.layer1.0.bn1.running_mean",
  "cp.resnet.layer1.0.bn1.running_var",
  "cp.resnet.layer1.0.bn1.num_batches_tracked",
  "cp.resnet.layer1.0.conv2.weight",
  "cp.resnet.layer1.0.bn2.weight",
  "cp.resnet.layer1.0.bn2.bias",
  "cp.resnet.layer1.0.bn2.running_mean",
  "cp.resnet.layer1.0.bn2.running_var",
  "cp.resnet.layer1.0.bn2.num_batches_tracked",
  "cp.resnet.layer1.1.conv1.weight",
  "cp.resnet.layer1.1.bn1.weight",
  "cp.resnet.layer1.1.bn1.bias",
  "cp.resnet.layer1.1.bn1.running_mean",
  "cp.resnet.layer1.1.bn1.running_var",
  "cp.resnet.layer1.1.bn1.num_batches_tracked",
  "cp.resnet.layer1.1.conv2.weight",
  "cp.resnet.layer1.1.bn2.weight",
  "cp.resnet.layer1.1.bn2.bias",
  "cp.resnet.layer1.1.bn2.running_mean",
  "cp.resnet.layer1.1.bn2.running_var",
  "cp.resnet.layer1.1.bn2.num_batches_tracked",
  "cp.resnet.layer2.0.conv1.weight",
  "cp.resnet.layer2.0.bn1.weight",
  "cp.resnet.layer2.0.bn1.bias",
  "cp.resnet.layer2.0.bn1.running_mean",
  "cp.resnet.layer2.0.bn1.running_var",
  "cp.resnet.layer2.0.bn1.num_batches_tracked",
  "cp.resnet.layer2.0.conv2.weight",
  "cp.resnet.layer2.0.bn2.weight",
  "cp.resnet.layer2.0.bn2.bias",
  "cp.resnet.layer2.0.bn2.running_mean",
  "cp.resnet.layer2.0.bn2.running_var",
  "cp.resnet.layer2.0.bn2.num_batches_tracked",
  "cp.resnet.layer2.0.downsample.0.weight",
  "cp.resnet.layer2.0.downsample.1.weight",
  "cp.resnet.layer2.0.downsample.1.bias",
  "cp.resnet.layer2.0.downsample.1.running_mean",
  "cp.resnet.layer2.0.downsample.1.running_var",
  "cp.resnet.layer2.0.downsample.1.num_batches_tracked",
  "cp.resnet.layer2.1.conv1.weight",
  "cp.resnet.layer2.1.bn1.weight",
  "cp.resnet.layer2.1.bn1.bias",
  "cp.resnet.layer2.1.bn1.running_mean",
  "cp.resnet.layer2.1.bn1.running_var",
  "cp.resnet.layer2.1.bn1.num_batches_tracked",
  "cp.resnet.layer2.1.conv2.weight",
  "cp.resnet.layer2.1.bn2.weight",
  "cp.resnet.layer2.1.bn2.bias",
  "cp.resnet.layer2.1.bn2.running_mean",
  "cp.resnet.layer2.1.bn2.running_var",
  "cp.resnet.layer2.1.bn2.num_batches_tracked",
  "cp.resnet.layer3.0.conv1.weight",
  "cp.resnet.layer3.0.bn1.weight",
  "cp.resnet.layer3.0.bn1.bias",
  "cp.resnet.layer3.0.bn1.running_mean",
  "cp.resnet.layer3.0.bn1.running_var",
  "cp.resnet.layer3.0.bn1.num_batches_tracked",
  "cp.resnet.layer3.0.conv2.weight",
  "cp.resnet.layer3.0.bn2.weight",
  "cp.resnet.layer3.0.bn2.bias",
  "cp.resnet.layer3.0.bn2.running_mean",
  "cp.resnet.layer3.0.bn2.running_var",
  "cp.resnet.layer3.0.bn2.num_batches_tracked",
  "cp.resnet.layer3.0.downsample.0.weight",
  "cp.resnet.layer3.0.downsample.1.weight",
  "cp.resnet.layer3.0.downsample.1.bias",
  "cp.resnet.layer3.0.downsample.1.running_mean",
  "cp.resnet.layer3.0.downsample.1.running_var",
  "cp.resnet.layer3.0.downsample.1.num_batches_tracked",
  "cp.resnet.layer3.1.conv1.weight",
  "cp.resnet.layer3.1.bn1.weight",
  "cp.resnet.layer3.1.bn1.bias",
  "cp.resnet.layer3.1.bn1.running_mean",
  "cp.resnet.layer3.1.bn1.running_var",
  "cp.resnet.layer3.1.bn1.num_batches_tracked",
  "cp.resnet.layer3.1.conv2.weight",
  "cp.resnet.layer3.1.bn2.weight",
  "cp.resnet.layer3.1.bn2.bias",
  "cp.resnet.layer3.1.bn2.running_mean",
  "cp.resnet.layer3.1.bn2.running_var",
  "cp.resnet.layer3.1.bn2.num_batches_tracked",
  "cp.resnet.layer4.0.conv1.weight",
  "cp.resnet.layer4.0.bn1.weight",
  "cp.resnet.layer4.0.bn1.bias",
  "cp.resnet.layer4.0.bn1.running_mean",
  "cp.resnet.layer4.0.bn1.running_var",
  "cp.resnet.layer4.0.bn1.num_batches_tracked",
  "cp.resnet.layer4.0.conv2.weight",
  "cp.resnet.layer4.0.bn2.weight",
  "cp.resnet.layer4.0.bn2.bias",
  "cp.resnet.layer4.0.bn2.running_mean",
  "cp.resnet.layer4.0.bn2.running_var",
  "cp.resnet.layer4.0.bn2.num_batches_tracked",
  "cp.resnet.layer4.0.downsample.0.weight",
  "cp.resnet.layer4.0.downsample.1.weight",
  "cp.resnet.layer4.0.downsample.1.bias",
  "cp.resnet.layer4.0.downsample.1.running_mean",
  "cp.resnet.layer4.0.downsample.1.running_var",
  "cp.resnet.layer4.0.downsample.1.num_batches_tracked",
  "cp.resnet.layer4.1.conv1.weight",
  "cp.resnet.layer4.1.bn1.weight",
  "cp.resnet.layer4.1.bn1.bias",
  "cp.resnet.layer4.1.bn1.running_mean",
  "cp.resnet.layer4.1.bn1.running_var",
  "cp.resnet.layer4.1.bn1.num_batches_tracked",
  "cp.resnet.layer4.1.conv2.weight",
  "cp.resnet.layer4.1.bn2.weight",
  "cp.resnet.layer4.1.bn2.bias",
  "cp.resnet.layer4.1.bn2.running_mean",
  "cp.resnet.layer4.1.bn2.running_var",
  "cp.resnet.layer4.1.bn2.num_batches_tracked",
  "cp.arm16.conv.conv.weight",
  "cp.arm16.conv.bn.weight",
  "cp.arm16.conv.bn.bias",
  "cp.arm16.conv.bn.running_mean",
  "cp.arm16.conv.bn.running_var",
  "cp.arm16.conv.bn.num_batches_tracked",
  "cp.arm16.conv_atten.weight",
  "cp.arm16.bn_atten.weight",
  "cp.arm16.bn_atten.bias",
  "cp.arm16.bn_atten.running_mean",
  "cp.arm16.bn_atten.running_var",
  "cp.arm16.bn_atten.num_batches_tracked",
  "cp.arm32.conv.conv.weight",
  "cp.arm32.conv.bn.weight",
  "cp.arm32.conv.bn.bias",
  "cp.arm32.conv.bn.running_mean",
  "cp.arm32.conv.bn.running_var",
  "cp.arm32.conv.bn.num_batches_tracked",
  "cp.arm32.conv_atten.weight",
  "cp.arm32.bn_atten.weight",
  "cp.arm32.bn_atten.bias",
  "cp.arm32.bn_atten.running_mean",
  "cp.arm32.bn_atten.running_var",
  "cp.arm32.bn_atten.num_batches_tracked",
  "cp.conv_head32.conv.weight",
  "cp.conv_head32.bn.weight",
  "cp.conv_head32.bn.bias",
  "cp.conv_head32.bn.running_mean",
  "cp.conv_head32.bn.running_var",
  "cp.conv_head32.bn.num_batches_tracked",
  "cp.conv_head16.conv.weight",
  "cp.conv_head16.bn.weight",
  "cp.conv_head16.bn.bias",
  "cp.conv_head16.bn.running_mean",
  "cp.conv_head16.bn.running_var",
  "cp.conv_head16.bn.num_batches_tracked",
  "cp.conv_avg.conv.weight",
  "cp.conv_avg.bn.weight",
  "cp.conv_avg.bn.bias",
  "cp.conv_avg.bn.running_mean",
  "cp.conv_avg.bn.running_var",
  "cp.conv_avg.bn.num_batches_tracked",
  "sp.conv1.conv.weight",
  "sp.conv1.bn.weight",
  "sp.conv1.bn.bias",
  "sp.conv1.bn.running_mean",
  "sp.conv1.bn.running_var",
  "sp.conv1.bn.num_batches_tracked",
  "sp.conv2.conv.weight",
  "sp.conv2.bn.weight",
  "sp.conv2.bn.bias",
  "sp.conv2.bn.running_mean",
  "sp.conv2.bn.running_var",
  "sp.conv2.bn.num_batches_tracked",
  "sp.conv3.conv.weight",
  "sp.conv3.bn.weight",
  "sp.conv3.bn.bias",
  "sp.conv3.bn.running_mean",
  "sp.conv3.bn.running_var",
  "sp.conv3.bn.num_batches_tracked",
  "sp.conv_out.conv.weight",
  "sp.conv_out.bn.weight",
  "sp.conv_out.bn.bias",
  "sp.conv_out.bn.running_mean",
  "sp.conv_out.bn.running_var",
  "sp.conv_out.bn.num_batches_tracked",
  "ffm.convblk.conv.weight",
  "ffm.convblk.bn.weight",
  "ffm.convblk.bn.bias",
  "ffm.convblk.bn.running_mean",
  "ffm.convblk.bn.running_var",
  "ffm.convblk.bn.num_batches_tracked",
  "ffm.conv.weight",
  "ffm.bn.weight",
  "ffm.bn.bias",
  "ffm.bn.running_mean",
  "ffm.bn.running_var",
  "ffm.bn.num_batches_tracked",
  "conv_out.conv.conv.weight",
  "conv_out.conv.bn.weight",
  "conv_out.conv.bn.bias",
  "conv_out.conv.bn.running_mean",
  "conv_out.conv.bn.running_var",
  "conv_out.conv.bn.num_batches_tracked",
  "conv_out.conv_out.weight",
  "conv_out.conv_out.bias",
  "conv_out16.conv.conv.weight",
  "conv_out16.conv.bn.weight",
  "conv_out16.conv.bn.bias",
  "conv_out16.conv.bn.running_mean",
  "conv_out16.conv.bn.running_var",
  "conv_out16.conv.bn.num_batches_tracked",
  "conv_out16.conv_out.weight",
  "conv_out16.conv_out.bias",
  "conv_out32.conv.conv.weight",
  "conv_out32.conv.bn.weight",
  "conv_out32.conv.bn.bias",
  "conv_out32.conv.bn.running_mean",
  "conv_out32.conv.bn.running_var",
  "conv_out32.conv.bn.num_batches_tracked",
  "conv_out32.conv_out.weight",
  "conv_out32.conv_out.bias"
]
INFO train_amp.py(205): iter: 100/2890, lr: 0.005879, eta: 0:20:17, time: 44.09, loss: 21.3628, loss_pre: 8.3278, loss_aux0: 1.6164, loss_aux1: 1.9680, loss_aux2: 3.0506, loss_aux3: 6.4000
INFO train_amp.py(205): iter: 200/2890, lr: 0.012667, eta: 0:16:50, time: 31.41, loss: 8.0015, loss_pre: 1.7108, loss_aux0: 1.3728, loss_aux1: 1.3287, loss_aux2: 1.4443, loss_aux3: 2.1448
INFO train_amp.py(205): iter: 300/2890, lr: 0.027290, eta: 0:15:20, time: 31.54, loss: 7.2617, loss_pre: 1.3803, loss_aux0: 1.3685, loss_aux1: 1.3457, loss_aux2: 1.4021, loss_aux3: 1.7652
INFO train_amp.py(205): iter: 400/2890, lr: 0.026552, eta: 0:14:20, time: 31.56, loss: 6.9479, loss_pre: 1.5024, loss_aux0: 1.3664, loss_aux1: 1.3219, loss_aux2: 1.3242, loss_aux3: 1.4331
INFO train_amp.py(205): iter: 500/2890, lr: 0.025591, eta: 0:13:38, time: 33.03, loss: 7.2191, loss_pre: 1.4704, loss_aux0: 1.3704, loss_aux1: 1.3164, loss_aux2: 1.3982, loss_aux3: 1.6636
INFO train_amp.py(205): iter: 600/2890, lr: 0.024626, eta: 0:12:58, time: 32.73, loss: 6.3978, loss_pre: 1.1973, loss_aux0: 1.3157, loss_aux1: 1.2627, loss_aux2: 1.2556, loss_aux3: 1.3664
INFO train_amp.py(205): iter: 700/2890, lr: 0.023656, eta: 0:12:20, time: 32.72, loss: 6.1507, loss_pre: 1.1489, loss_aux0: 1.3327, loss_aux1: 1.2581, loss_aux2: 1.2188, loss_aux3: 1.1922
INFO train_amp.py(205): iter: 800/2890, lr: 0.022682, eta: 0:11:44, time: 33.06, loss: 6.0432, loss_pre: 1.1227, loss_aux0: 1.3135, loss_aux1: 1.2365, loss_aux2: 1.2028, loss_aux3: 1.1678
INFO train_amp.py(205): iter: 900/2890, lr: 0.021703, eta: 0:11:09, time: 33.06, loss: 5.9291, loss_pre: 1.0998, loss_aux0: 1.2992, loss_aux1: 1.2211, loss_aux2: 1.1769, loss_aux3: 1.1322
INFO train_amp.py(205): iter: 1000/2890, lr: 0.020720, eta: 0:10:37, time: 34.55, loss: 6.2816, loss_pre: 1.2596, loss_aux0: 1.3334, loss_aux1: 1.2477, loss_aux2: 1.2195, loss_aux3: 1.2214
INFO train_amp.py(205): iter: 1100/2890, lr: 0.019731, eta: 0:10:04, time: 33.79, loss: 6.1206, loss_pre: 1.1967, loss_aux0: 1.3180, loss_aux1: 1.2249, loss_aux2: 1.1854, loss_aux3: 1.1956
INFO train_amp.py(205): iter: 1200/2890, lr: 0.018737, eta: 0:09:30, time: 34.06, loss: 6.0269, loss_pre: 1.0907, loss_aux0: 1.3324, loss_aux1: 1.2454, loss_aux2: 1.1969, loss_aux3: 1.1615
INFO train_amp.py(205): iter: 1300/2890, lr: 0.017736, eta: 0:08:56, time: 33.68, loss: 5.9738, loss_pre: 1.0887, loss_aux0: 1.3320, loss_aux1: 1.2479, loss_aux2: 1.1796, loss_aux3: 1.1255
INFO train_amp.py(205): iter: 1400/2890, lr: 0.016730, eta: 0:08:22, time: 33.57, loss: 5.9019, loss_pre: 1.0721, loss_aux0: 1.3088, loss_aux1: 1.2224, loss_aux2: 1.1581, loss_aux3: 1.1404
INFO train_amp.py(205): iter: 1500/2890, lr: 0.015717, eta: 0:07:48, time: 33.50, loss: 5.8082, loss_pre: 1.0954, loss_aux0: 1.2805, loss_aux1: 1.1940, loss_aux2: 1.1313, loss_aux3: 1.1070
INFO train_amp.py(205): iter: 1600/2890, lr: 0.014696, eta: 0:07:16, time: 35.18, loss: 5.8062, loss_pre: 1.0739, loss_aux0: 1.3061, loss_aux1: 1.2022, loss_aux2: 1.1358, loss_aux3: 1.0882
INFO train_amp.py(205): iter: 1700/2890, lr: 0.013667, eta: 0:06:43, time: 34.77, loss: 5.7792, loss_pre: 1.0652, loss_aux0: 1.2885, loss_aux1: 1.1996, loss_aux2: 1.1437, loss_aux3: 1.0822
INFO train_amp.py(205): iter: 1800/2890, lr: 0.012630, eta: 0:06:09, time: 34.59, loss: 5.8220, loss_pre: 1.0501, loss_aux0: 1.3241, loss_aux1: 1.2233, loss_aux2: 1.1464, loss_aux3: 1.0782
INFO train_amp.py(205): iter: 1900/2890, lr: 0.011583, eta: 0:05:36, time: 35.44, loss: 5.5776, loss_pre: 1.0120, loss_aux0: 1.2535, loss_aux1: 1.1652, loss_aux2: 1.1016, loss_aux3: 1.0453
INFO train_amp.py(205): iter: 2000/2890, lr: 0.010526, eta: 0:05:02, time: 34.83, loss: 5.5495, loss_pre: 1.0034, loss_aux0: 1.2646, loss_aux1: 1.1717, loss_aux2: 1.0887, loss_aux3: 1.0211
INFO train_amp.py(205): iter: 2100/2890, lr: 0.009456, eta: 0:04:29, time: 34.88, loss: 5.5847, loss_pre: 1.0210, loss_aux0: 1.2593, loss_aux1: 1.1693, loss_aux2: 1.0946, loss_aux3: 1.0405
INFO train_amp.py(205): iter: 2200/2890, lr: 0.008373, eta: 0:03:55, time: 35.15, loss: 5.6232, loss_pre: 1.0332, loss_aux0: 1.2726, loss_aux1: 1.1730, loss_aux2: 1.0994, loss_aux3: 1.0450
INFO train_amp.py(205): iter: 2300/2890, lr: 0.007274, eta: 0:03:21, time: 34.27, loss: 5.6963, loss_pre: 1.0360, loss_aux0: 1.2909, loss_aux1: 1.1981, loss_aux2: 1.1143, loss_aux3: 1.0569
INFO train_amp.py(205): iter: 2400/2890, lr: 0.006157, eta: 0:02:47, time: 32.91, loss: 5.5882, loss_pre: 1.0335, loss_aux0: 1.2591, loss_aux1: 1.1643, loss_aux2: 1.0942, loss_aux3: 1.0370
INFO train_amp.py(205): iter: 2500/2890, lr: 0.005016, eta: 0:02:12, time: 32.68, loss: 5.5908, loss_pre: 1.0094, loss_aux0: 1.2773, loss_aux1: 1.1773, loss_aux2: 1.0956, loss_aux3: 1.0313
INFO train_amp.py(205): iter: 2600/2890, lr: 0.003845, eta: 0:01:38, time: 33.35, loss: 5.6632, loss_pre: 1.0618, loss_aux0: 1.2690, loss_aux1: 1.1750, loss_aux2: 1.1026, loss_aux3: 1.0548
INFO train_amp.py(205): iter: 2700/2890, lr: 0.002632, eta: 0:01:04, time: 32.82, loss: 5.4386, loss_pre: 0.9808, loss_aux0: 1.2478, loss_aux1: 1.1472, loss_aux2: 1.0638, loss_aux3: 0.9989
INFO train_amp.py(205): iter: 2800/2890, lr: 0.001351, eta: 0:00:30, time: 33.01, loss: 5.4876, loss_pre: 1.0040, loss_aux0: 1.2388, loss_aux1: 1.1487, loss_aux2: 1.0772, loss_aux3: 1.0190
INFO train_amp.py(210): 
save models to ./res\model_final.pth
INFO train_amp.py(214): 
evaluating the final model
INFO train_amp.py(217): 
eval results of f1 score metric:
INFO train_amp.py(218): 
| method   | ratio   |   macro_f1 |   micro_f1 |
|----------+---------+------------+------------|
| ss       | -       |    0.42299 |   0.566263 |
INFO train_amp.py(219): 
eval results of miou metric:
INFO train_amp.py(220): 
| method   | ratio   |     miou |   fw_miou |
|----------+---------+----------+-----------|
| ss       | -       | 0.288939 |  0.380007 |
