2025-03-27 17:58:42,769 Namespace(cfg='configs/loveda/pidnet_small_loveda.yaml', seed=304, opts=[])
2025-03-27 17:58:42,769 AUTO_RESUME: False
CUDNN:
  BENCHMARK: True
  DETERMINISTIC: False
  ENABLED: True
DATASET:
  DATASET: loveda
  EXTRA_TRAIN_SET: 
  NUM_CLASSES: 7
  ROOT: data/
  TARGET_SET: 
  TEST_SET: list/loveda/urban_rural/val.lst
  TRAIN_SET: list/loveda/urban_rural/train.lst
GPUS: (0,)
LOG_DIR: log
LOSS:
  BALANCE_WEIGHTS: [0.4, 1.0]
  CLASS_BALANCE: False
  OHEMKEEP: 131072
  OHEMTHRES: 0.9
  SB_WEIGHTS: 1.0
  USE_OHEM: True
MODEL:
  ALIGN_CORNERS: True
  NAME: pidnet_small
  NUM_OUTPUTS: 2
  PRETRAINED: pretrained_models/imagenet/PIDNet_S_ImageNet.pth.tar
OUTPUT_DIR: output
PIN_MEMORY: True
PRINT_FREQ: 10
TEST:
  BASE_SIZE: 2048
  BATCH_SIZE_PER_GPU: 6
  FLIP_TEST: False
  IMAGE_SIZE: [2048, 1024]
  MODEL_FILE: output/loveda/pidnet_small_loveda/final_state.pt
  MULTI_SCALE: False
  OUTPUT_INDEX: 1
TRAIN:
  AUGMENTATION:
    ENABLE: True
    PROBABILITY: 0.5
    TECHNIQUES:
      GAUSSIAN_BLUR: False
      HORIZONTAL_FLIP: True
      MULTIPLY: True
      RANDOM_BRIGHTNESS: False
  BASE_SIZE: 2048
  BATCH_SIZE_PER_GPU: 6
  BEGIN_EPOCH: 0
  DACS:
    ENABLE: False
    THRESHOLD: 0.968
  END_EPOCH: 20
  EXTRA_EPOCH: 0
  EXTRA_LR: 0.001
  FLIP: False
  IGNORE_LABEL: 0
  IMAGE_SIZE: [1024, 1024]
  LR: 0.01
  MOMENTUM: 0.9
  MULTI_SCALE: False
  NESTEROV: False
  OPTIMIZER: sgd
  RESUME: True
  SCALE_FACTOR: 16
  SHUFFLE: True
  WD: 0.0005
WORKERS: 4
2025-03-27 17:58:42,853 Attention!!!
2025-03-27 17:58:42,854 Loaded 302 parameters!
2025-03-27 17:58:42,854 Over!!!
2025-03-27 17:58:58,291 Epoch: [0/20] Iter:[0/192], Time: 15.34, lr: [0.01], Loss: 16.593370, Acc:0.147461, Semantic loss: 7.073549, BCE loss: 3.816094, SB loss: 5.703728
2025-03-27 17:59:02,675 Epoch: [0/20] Iter:[10/192], Time: 1.78, lr: [0.009976559445324192], Loss: 11.861784, Acc:0.289309, Semantic loss: 5.276012, BCE loss: 2.746740, SB loss: 3.839033
2025-03-27 17:59:07,002 Epoch: [0/20] Iter:[20/192], Time: 1.14, lr: [0.009953112769592761], Loss: 9.891545, Acc:0.329337, Semantic loss: 4.376166, BCE loss: 2.434305, SB loss: 3.081073
2025-03-27 17:59:11,257 Epoch: [0/20] Iter:[30/192], Time: 0.91, lr: [0.009929659955177281], Loss: 8.569426, Acc:0.370811, Semantic loss: 3.733918, BCE loss: 2.230310, SB loss: 2.605197
2025-03-27 17:59:15,525 Epoch: [0/20] Iter:[40/192], Time: 0.79, lr: [0.009906200984352154], Loss: 7.838810, Acc:0.378201, Semantic loss: 3.405665, BCE loss: 2.093472, SB loss: 2.339673
2025-03-27 17:59:19,814 Epoch: [0/20] Iter:[50/192], Time: 0.72, lr: [0.009882735839293803], Loss: 7.543993, Acc:0.397820, Semantic loss: 3.192431, BCE loss: 1.997010, SB loss: 2.354552
2025-03-27 17:59:24,077 Epoch: [0/20] Iter:[60/192], Time: 0.67, lr: [0.00985926450207989], Loss: 7.321950, Acc:0.404136, Semantic loss: 3.119047, BCE loss: 1.943833, SB loss: 2.259069
2025-03-27 17:59:28,362 Epoch: [0/20] Iter:[70/192], Time: 0.64, lr: [0.009835786954688485], Loss: 7.377313, Acc:0.402540, Semantic loss: 3.065088, BCE loss: 1.909752, SB loss: 2.402473
2025-03-27 17:59:32,671 Epoch: [0/20] Iter:[80/192], Time: 0.61, lr: [0.00981230317899726], Loss: 7.154696, Acc:0.406874, Semantic loss: 2.970081, BCE loss: 1.877159, SB loss: 2.307456
2025-03-27 17:59:37,019 Epoch: [0/20] Iter:[90/192], Time: 0.59, lr: [0.009788813156782662], Loss: 7.001990, Acc:0.410582, Semantic loss: 2.897400, BCE loss: 1.862438, SB loss: 2.242152
2025-03-27 17:59:41,270 Epoch: [0/20] Iter:[100/192], Time: 0.58, lr: [0.009765316869719067], Loss: 6.823561, Acc:0.411706, Semantic loss: 2.831847, BCE loss: 1.840671, SB loss: 2.151042
2025-03-27 17:59:45,670 Epoch: [0/20] Iter:[110/192], Time: 0.56, lr: [0.009741814299377942], Loss: 6.662784, Acc:0.411705, Semantic loss: 2.765255, BCE loss: 1.813667, SB loss: 2.083863
2025-03-27 17:59:50,125 Epoch: [0/20] Iter:[120/192], Time: 0.55, lr: [0.009718305427226986], Loss: 6.508918, Acc:0.415701, Semantic loss: 2.697523, BCE loss: 1.802007, SB loss: 2.009388
2025-03-27 17:59:54,518 Epoch: [0/20] Iter:[130/192], Time: 0.54, lr: [0.009694790234629266], Loss: 6.410871, Acc:0.419927, Semantic loss: 2.637284, BCE loss: 1.786870, SB loss: 1.986718
2025-03-27 17:59:59,049 Epoch: [0/20] Iter:[140/192], Time: 0.54, lr: [0.009671268702842338], Loss: 6.312022, Acc:0.421403, Semantic loss: 2.598570, BCE loss: 1.767751, SB loss: 1.945701
2025-03-27 18:00:03,436 Epoch: [0/20] Iter:[150/192], Time: 0.53, lr: [0.009647740813017376], Loss: 6.230720, Acc:0.420217, Semantic loss: 2.565850, BCE loss: 1.756302, SB loss: 1.908568
2025-03-27 18:00:08,036 Epoch: [0/20] Iter:[160/192], Time: 0.53, lr: [0.009624206546198262], Loss: 6.132658, Acc:0.425242, Semantic loss: 2.519812, BCE loss: 1.755367, SB loss: 1.857479
2025-03-27 18:00:12,526 Epoch: [0/20] Iter:[170/192], Time: 0.52, lr: [0.009600665883320689], Loss: 6.059712, Acc:0.429040, Semantic loss: 2.478991, BCE loss: 1.752426, SB loss: 1.828295
2025-03-27 18:00:17,107 Epoch: [0/20] Iter:[180/192], Time: 0.52, lr: [0.009577118805211254], Loss: 5.992433, Acc:0.432697, Semantic loss: 2.445726, BCE loss: 1.748495, SB loss: 1.798212
2025-03-27 18:00:21,512 Epoch: [0/20] Iter:[190/192], Time: 0.52, lr: [0.009553565292586523], Loss: 5.904382, Acc:0.435990, Semantic loss: 2.410361, BCE loss: 1.743004, SB loss: 1.751017
2025-03-27 18:02:24,570 0 [0.00000000e+00 5.92170569e-01 1.51549757e-01 6.32935449e-06
 0.00000000e+00 1.96079853e-06 2.22978213e-03] 0.10656548555832306
2025-03-27 18:02:24,571 1 [0.         0.61312211 0.07821835 0.         0.         0.
 0.        ] 0.09876292298989287
2025-03-27 18:02:24,579 => saving checkpoint to output\loveda\pidnet_small_loveda\aug_hf_mcheckpoint.pth.tar
2025-03-27 18:02:24,787 Loss: 4.762, MeanIU:  0.0988, Best_mIoU:  0.0988
2025-03-27 18:02:24,787 [0.         0.61312211 0.07821835 0.         0.         0.
 0.        ]
2025-03-27 18:02:35,805 Epoch: [1/20] Iter:[0/192], Time: 10.84, lr: [0.009548853816214998], Loss: 5.543055, Acc:0.383230, Semantic loss: 2.229899, BCE loss: 1.540914, SB loss: 1.772241
2025-03-27 18:02:39,966 Epoch: [1/20] Iter:[10/192], Time: 1.36, lr: [0.009525292556561479], Loss: 4.704462, Acc:0.469005, Semantic loss: 1.915979, BCE loss: 1.559191, SB loss: 1.229292
2025-03-27 18:02:44,441 Epoch: [1/20] Iter:[20/192], Time: 0.93, lr: [0.00950172481957719], Loss: 4.667858, Acc:0.472910, Semantic loss: 1.919543, BCE loss: 1.578469, SB loss: 1.169846
2025-03-27 18:02:48,882 Epoch: [1/20] Iter:[30/192], Time: 0.77, lr: [0.009478150585620286], Loss: 4.662149, Acc:0.470641, Semantic loss: 1.907703, BCE loss: 1.551036, SB loss: 1.203410
2025-03-27 18:02:53,328 Epoch: [1/20] Iter:[40/192], Time: 0.69, lr: [0.009454569834934885], Loss: 4.705540, Acc:0.463184, Semantic loss: 1.921489, BCE loss: 1.567953, SB loss: 1.216099
2025-03-27 18:02:57,715 Epoch: [1/20] Iter:[50/192], Time: 0.64, lr: [0.009430982547650114], Loss: 4.715619, Acc:0.465419, Semantic loss: 1.906713, BCE loss: 1.591495, SB loss: 1.217411
2025-03-27 18:03:02,148 Epoch: [1/20] Iter:[60/192], Time: 0.61, lr: [0.009407388703779091], Loss: 4.695562, Acc:0.466017, Semantic loss: 1.900101, BCE loss: 1.605301, SB loss: 1.190160
2025-03-27 18:03:06,523 Epoch: [1/20] Iter:[70/192], Time: 0.59, lr: [0.009383788283217955], Loss: 4.665716, Acc:0.469938, Semantic loss: 1.878195, BCE loss: 1.610775, SB loss: 1.176745
2025-03-27 18:03:10,527 Epoch: [1/20] Iter:[80/192], Time: 0.56, lr: [0.00936018126574482], Loss: 4.696707, Acc:0.462333, Semantic loss: 1.897597, BCE loss: 1.604422, SB loss: 1.194687
2025-03-27 18:03:14,608 Epoch: [1/20] Iter:[90/192], Time: 0.55, lr: [0.009336567631018769], Loss: 4.682344, Acc:0.466480, Semantic loss: 1.884242, BCE loss: 1.622436, SB loss: 1.175666
2025-03-27 18:03:18,937 Epoch: [1/20] Iter:[100/192], Time: 0.53, lr: [0.009312947358578814], Loss: 4.709054, Acc:0.466166, Semantic loss: 1.888808, BCE loss: 1.638183, SB loss: 1.182062
2025-03-27 18:03:23,236 Epoch: [1/20] Iter:[110/192], Time: 0.52, lr: [0.009289320427842841], Loss: 4.675880, Acc:0.466204, Semantic loss: 1.882034, BCE loss: 1.619358, SB loss: 1.174488
2025-03-27 18:03:27,534 Epoch: [1/20] Iter:[120/192], Time: 0.52, lr: [0.009265686818106552], Loss: 4.647997, Acc:0.467937, Semantic loss: 1.873111, BCE loss: 1.609226, SB loss: 1.165660
2025-03-27 18:03:31,851 Epoch: [1/20] Iter:[130/192], Time: 0.51, lr: [0.009242046508542393], Loss: 4.632930, Acc:0.470163, Semantic loss: 1.867059, BCE loss: 1.610227, SB loss: 1.155644
2025-03-27 18:03:36,137 Epoch: [1/20] Iter:[140/192], Time: 0.50, lr: [0.009218399478198466], Loss: 4.639352, Acc:0.469115, Semantic loss: 1.867188, BCE loss: 1.604874, SB loss: 1.167290
2025-03-27 18:03:40,429 Epoch: [1/20] Iter:[150/192], Time: 0.50, lr: [0.009194745705997428], Loss: 4.661051, Acc:0.467060, Semantic loss: 1.887584, BCE loss: 1.598623, SB loss: 1.174843
2025-03-27 18:03:44,711 Epoch: [1/20] Iter:[160/192], Time: 0.50, lr: [0.00917108517073538], Loss: 4.660309, Acc:0.466039, Semantic loss: 1.891934, BCE loss: 1.600758, SB loss: 1.167617
2025-03-27 18:03:48,913 Epoch: [1/20] Iter:[170/192], Time: 0.49, lr: [0.00914741785108075], Loss: 4.667331, Acc:0.466746, Semantic loss: 1.887969, BCE loss: 1.601279, SB loss: 1.178083
2025-03-27 18:03:53,056 Epoch: [1/20] Iter:[180/192], Time: 0.49, lr: [0.00912374372557314], Loss: 4.678736, Acc:0.465237, Semantic loss: 1.894746, BCE loss: 1.601170, SB loss: 1.182820
2025-03-27 18:03:57,263 Epoch: [1/20] Iter:[190/192], Time: 0.48, lr: [0.009100062772622186], Loss: 4.681484, Acc:0.464772, Semantic loss: 1.897534, BCE loss: 1.600713, SB loss: 1.183238
2025-03-27 18:05:57,652 0 [0.00000000e+00 6.07117610e-01 1.63301902e-01 0.00000000e+00
 0.00000000e+00 7.75772321e-05 9.58118610e-03] 0.11143975372579437
2025-03-27 18:05:57,653 1 [0.         0.58931032 0.17720655 0.         0.         0.00098349
 0.        ] 0.10964290912219188
2025-03-27 18:05:57,661 => saving checkpoint to output\loveda\pidnet_small_loveda\aug_hf_mcheckpoint.pth.tar
2025-03-27 18:05:57,870 Loss: 4.224, MeanIU:  0.1096, Best_mIoU:  0.1096
2025-03-27 18:05:57,871 [0.         0.58931032 0.17720655 0.         0.         0.00098349
 0.        ]
2025-03-27 18:06:08,849 Epoch: [2/20] Iter:[0/192], Time: 10.80, lr: [0.009095325760829623], Loss: 4.230718, Acc:0.443788, Semantic loss: 2.089286, BCE loss: 1.140804, SB loss: 1.000628
2025-03-27 18:06:12,979 Epoch: [2/20] Iter:[10/192], Time: 1.36, lr: [0.009071636586262652], Loss: 4.577267, Acc:0.453271, Semantic loss: 1.950949, BCE loss: 1.637789, SB loss: 0.988529
2025-03-27 18:06:17,394 Epoch: [2/20] Iter:[20/192], Time: 0.92, lr: [0.009047940536290279], Loss: 4.592682, Acc:0.448804, Semantic loss: 1.938541, BCE loss: 1.620702, SB loss: 1.033439
2025-03-27 18:06:21,666 Epoch: [2/20] Iter:[30/192], Time: 0.76, lr: [0.009024237588898336], Loss: 4.517364, Acc:0.459699, Semantic loss: 1.921594, BCE loss: 1.564408, SB loss: 1.031362
2025-03-27 18:06:26,121 Epoch: [2/20] Iter:[40/192], Time: 0.68, lr: [0.009000527721937697], Loss: 4.533130, Acc:0.443160, Semantic loss: 1.922792, BCE loss: 1.558180, SB loss: 1.052158
2025-03-27 18:06:30,530 Epoch: [2/20] Iter:[50/192], Time: 0.64, lr: [0.008976810913123051], Loss: 4.520486, Acc:0.445003, Semantic loss: 1.905448, BCE loss: 1.568414, SB loss: 1.046624
2025-03-27 18:06:35,100 Epoch: [2/20] Iter:[60/192], Time: 0.61, lr: [0.008953087140031669], Loss: 4.548615, Acc:0.441363, Semantic loss: 1.917668, BCE loss: 1.552185, SB loss: 1.078762
2025-03-27 18:06:39,515 Epoch: [2/20] Iter:[70/192], Time: 0.58, lr: [0.008929356380102142], Loss: 4.527064, Acc:0.448634, Semantic loss: 1.898038, BCE loss: 1.554662, SB loss: 1.074364
2025-03-27 18:06:44,025 Epoch: [2/20] Iter:[80/192], Time: 0.57, lr: [0.008905618610633112], Loss: 4.521712, Acc:0.456225, Semantic loss: 1.880014, BCE loss: 1.571975, SB loss: 1.069723
2025-03-27 18:06:48,330 Epoch: [2/20] Iter:[90/192], Time: 0.55, lr: [0.008881873808781991], Loss: 4.509556, Acc:0.461666, Semantic loss: 1.866686, BCE loss: 1.574906, SB loss: 1.067963
2025-03-27 18:06:52,834 Epoch: [2/20] Iter:[100/192], Time: 0.54, lr: [0.008858121951563658], Loss: 4.497928, Acc:0.461158, Semantic loss: 1.865644, BCE loss: 1.563432, SB loss: 1.068852
2025-03-27 18:06:57,198 Epoch: [2/20] Iter:[110/192], Time: 0.53, lr: [0.008834363015849136], Loss: 4.471801, Acc:0.465060, Semantic loss: 1.852083, BCE loss: 1.561549, SB loss: 1.058169
2025-03-27 18:07:01,761 Epoch: [2/20] Iter:[120/192], Time: 0.53, lr: [0.008810596978364274], Loss: 4.499707, Acc:0.465226, Semantic loss: 1.856794, BCE loss: 1.571138, SB loss: 1.071775
2025-03-27 18:07:06,130 Epoch: [2/20] Iter:[130/192], Time: 0.52, lr: [0.008786823815688379], Loss: 4.496044, Acc:0.466712, Semantic loss: 1.854530, BCE loss: 1.570299, SB loss: 1.071215
2025-03-27 18:07:10,546 Epoch: [2/20] Iter:[140/192], Time: 0.51, lr: [0.008763043504252865], Loss: 4.491332, Acc:0.469881, Semantic loss: 1.846377, BCE loss: 1.576807, SB loss: 1.068147
2025-03-27 18:07:14,865 Epoch: [2/20] Iter:[150/192], Time: 0.51, lr: [0.008739256020339866], Loss: 4.487936, Acc:0.468378, Semantic loss: 1.846827, BCE loss: 1.571176, SB loss: 1.069933
2025-03-27 18:07:19,286 Epoch: [2/20] Iter:[160/192], Time: 0.50, lr: [0.00871546134008083], Loss: 4.481151, Acc:0.467437, Semantic loss: 1.842332, BCE loss: 1.571952, SB loss: 1.066868
2025-03-27 18:07:23,653 Epoch: [2/20] Iter:[170/192], Time: 0.50, lr: [0.008691659439455107], Loss: 4.487570, Acc:0.467924, Semantic loss: 1.839881, BCE loss: 1.578816, SB loss: 1.068873
2025-03-27 18:07:28,166 Epoch: [2/20] Iter:[180/192], Time: 0.50, lr: [0.008667850294288517], Loss: 4.492625, Acc:0.467865, Semantic loss: 1.836595, BCE loss: 1.584714, SB loss: 1.071315
2025-03-27 18:07:32,501 Epoch: [2/20] Iter:[190/192], Time: 0.49, lr: [0.008644033880251888], Loss: 4.494197, Acc:0.468469, Semantic loss: 1.835252, BCE loss: 1.584328, SB loss: 1.074617
2025-03-27 18:09:32,962 0 [0.00000000e+00 5.71905342e-01 1.49160539e-01 7.86636854e-05
 0.00000000e+00 0.00000000e+00 0.00000000e+00] 0.10302064918466046
2025-03-27 18:09:32,962 1 [0.00000000e+00 5.80056911e-01 1.19685014e-01 3.37781807e-07
 0.00000000e+00 0.00000000e+00 0.00000000e+00] 0.09996318043716941
2025-03-27 18:09:32,971 => saving checkpoint to output\loveda\pidnet_small_loveda\aug_hf_mcheckpoint.pth.tar
2025-03-27 18:09:33,098 Loss: 4.272, MeanIU:  0.1000, Best_mIoU:  0.1096
2025-03-27 18:09:33,098 [0.00000000e+00 5.80056911e-01 1.19685014e-01 3.37781807e-07
 0.00000000e+00 0.00000000e+00 0.00000000e+00]
2025-03-27 18:09:44,367 Epoch: [3/20] Iter:[0/192], Time: 11.09, lr: [0.008639269723028191], Loss: 4.726222, Acc:0.409778, Semantic loss: 2.433764, BCE loss: 1.408194, SB loss: 0.884264
2025-03-27 18:09:48,538 Epoch: [3/20] Iter:[10/192], Time: 1.39, lr: [0.008615444554012613], Loss: 4.473228, Acc:0.466579, Semantic loss: 1.861753, BCE loss: 1.575762, SB loss: 1.035714
2025-03-27 18:09:52,968 Epoch: [3/20] Iter:[20/192], Time: 0.94, lr: [0.008591612062049989], Loss: 4.401900, Acc:0.486893, Semantic loss: 1.825741, BCE loss: 1.523514, SB loss: 1.052645
2025-03-27 18:09:57,306 Epoch: [3/20] Iter:[30/192], Time: 0.78, lr: [0.008567772222305215], Loss: 4.330917, Acc:0.490557, Semantic loss: 1.773966, BCE loss: 1.563178, SB loss: 0.993774
2025-03-27 18:10:01,788 Epoch: [3/20] Iter:[40/192], Time: 0.70, lr: [0.008543925009781886], Loss: 4.345409, Acc:0.487836, Semantic loss: 1.770760, BCE loss: 1.549901, SB loss: 1.024747
2025-03-27 18:10:06,176 Epoch: [3/20] Iter:[50/192], Time: 0.65, lr: [0.00852007039932076], Loss: 4.356146, Acc:0.482214, Semantic loss: 1.787516, BCE loss: 1.537368, SB loss: 1.031262
2025-03-27 18:10:10,694 Epoch: [3/20] Iter:[60/192], Time: 0.61, lr: [0.00849620836559818], Loss: 4.383634, Acc:0.469024, Semantic loss: 1.818152, BCE loss: 1.517334, SB loss: 1.048148
2025-03-27 18:10:15,096 Epoch: [3/20] Iter:[70/192], Time: 0.59, lr: [0.008472338883124477], Loss: 4.408194, Acc:0.473077, Semantic loss: 1.820512, BCE loss: 1.541974, SB loss: 1.045707
2025-03-27 18:10:19,667 Epoch: [3/20] Iter:[80/192], Time: 0.57, lr: [0.008448461926242374], Loss: 4.434938, Acc:0.471676, Semantic loss: 1.830413, BCE loss: 1.532680, SB loss: 1.071845
2025-03-27 18:10:24,053 Epoch: [3/20] Iter:[90/192], Time: 0.56, lr: [0.008424577469125337], Loss: 4.433443, Acc:0.471976, Semantic loss: 1.821050, BCE loss: 1.546500, SB loss: 1.065893
2025-03-27 18:10:28,595 Epoch: [3/20] Iter:[100/192], Time: 0.55, lr: [0.008400685485775935], Loss: 4.443572, Acc:0.472667, Semantic loss: 1.816254, BCE loss: 1.560168, SB loss: 1.067150
2025-03-27 18:10:32,944 Epoch: [3/20] Iter:[110/192], Time: 0.54, lr: [0.008376785950024154], Loss: 4.421093, Acc:0.473837, Semantic loss: 1.800918, BCE loss: 1.562621, SB loss: 1.057554
2025-03-27 18:10:37,401 Epoch: [3/20] Iter:[120/192], Time: 0.53, lr: [0.00835287883552571], Loss: 4.437298, Acc:0.473363, Semantic loss: 1.797145, BCE loss: 1.582605, SB loss: 1.057549
2025-03-27 18:10:41,683 Epoch: [3/20] Iter:[130/192], Time: 0.52, lr: [0.008328964115760324], Loss: 4.441337, Acc:0.471846, Semantic loss: 1.800188, BCE loss: 1.575183, SB loss: 1.065966
2025-03-27 18:10:46,239 Epoch: [3/20] Iter:[140/192], Time: 0.52, lr: [0.008305041764029988], Loss: 4.444329, Acc:0.469971, Semantic loss: 1.798209, BCE loss: 1.572006, SB loss: 1.074114
2025-03-27 18:10:50,625 Epoch: [3/20] Iter:[150/192], Time: 0.51, lr: [0.008281111753457188], Loss: 4.438593, Acc:0.469767, Semantic loss: 1.799528, BCE loss: 1.563287, SB loss: 1.075777
2025-03-27 18:10:55,204 Epoch: [3/20] Iter:[160/192], Time: 0.51, lr: [0.008257174056983133], Loss: 4.438821, Acc:0.470706, Semantic loss: 1.796372, BCE loss: 1.572364, SB loss: 1.070086
2025-03-27 18:10:59,619 Epoch: [3/20] Iter:[170/192], Time: 0.50, lr: [0.00823322864736593], Loss: 4.435733, Acc:0.470798, Semantic loss: 1.790233, BCE loss: 1.577980, SB loss: 1.067520
2025-03-27 18:11:04,125 Epoch: [3/20] Iter:[180/192], Time: 0.50, lr: [0.008209275497178764], Loss: 4.426158, Acc:0.472488, Semantic loss: 1.788788, BCE loss: 1.572346, SB loss: 1.065023
2025-03-27 18:11:08,484 Epoch: [3/20] Iter:[190/192], Time: 0.50, lr: [0.008185314578808021], Loss: 4.418624, Acc:0.473858, Semantic loss: 1.788426, BCE loss: 1.568239, SB loss: 1.061960
2025-03-27 18:13:09,087 0 [0.00000000e+00 5.52852654e-01 1.15634662e-01 1.73659861e-04
 0.00000000e+00 0.00000000e+00 6.73718683e-05] 0.09553262103865313
2025-03-27 18:13:09,088 1 [0.         0.4876674  0.09162907 0.         0.         0.
 0.        ] 0.08275663787965817
2025-03-27 18:13:09,097 => saving checkpoint to output\loveda\pidnet_small_loveda\aug_hf_mcheckpoint.pth.tar
2025-03-27 18:13:09,229 Loss: 4.537, MeanIU:  0.0828, Best_mIoU:  0.1096
2025-03-27 18:13:09,230 [0.         0.4876674  0.09162907 0.         0.         0.
 0.        ]
2025-03-27 18:13:20,288 Epoch: [4/20] Iter:[0/192], Time: 10.88, lr: [0.008180521460508584], Loss: 4.459623, Acc:0.465751, Semantic loss: 1.755902, BCE loss: 1.730629, SB loss: 0.973092
2025-03-27 18:13:24,454 Epoch: [4/20] Iter:[10/192], Time: 1.37, lr: [0.008156551183601795], Loss: 4.328006, Acc:0.471998, Semantic loss: 1.753593, BCE loss: 1.568117, SB loss: 1.006295
2025-03-27 18:13:29,240 Epoch: [4/20] Iter:[20/192], Time: 0.94, lr: [0.008132573077094668], Loss: 4.253346, Acc:0.467598, Semantic loss: 1.759727, BCE loss: 1.512399, SB loss: 0.981221
2025-03-27 18:13:33,610 Epoch: [4/20] Iter:[30/192], Time: 0.78, lr: [0.008108587112763079], Loss: 4.330722, Acc:0.471571, Semantic loss: 1.775235, BCE loss: 1.522888, SB loss: 1.032599
2025-03-27 18:13:38,149 Epoch: [4/20] Iter:[40/192], Time: 0.70, lr: [0.008084593262188028], Loss: 4.356456, Acc:0.477903, Semantic loss: 1.769656, BCE loss: 1.555598, SB loss: 1.031203
2025-03-27 18:13:42,528 Epoch: [4/20] Iter:[50/192], Time: 0.65, lr: [0.008060591496753653], Loss: 4.379485, Acc:0.477240, Semantic loss: 1.768693, BCE loss: 1.541856, SB loss: 1.068936
2025-03-27 18:13:47,041 Epoch: [4/20] Iter:[60/192], Time: 0.62, lr: [0.008036581787645204], Loss: 4.429229, Acc:0.472342, Semantic loss: 1.777050, BCE loss: 1.571096, SB loss: 1.081083
2025-03-27 18:13:51,418 Epoch: [4/20] Iter:[70/192], Time: 0.59, lr: [0.008012564105846994], Loss: 4.408709, Acc:0.467482, Semantic loss: 1.782080, BCE loss: 1.544120, SB loss: 1.082509
2025-03-27 18:13:55,845 Epoch: [4/20] Iter:[80/192], Time: 0.57, lr: [0.007988538422140333], Loss: 4.391686, Acc:0.471175, Semantic loss: 1.778875, BCE loss: 1.536331, SB loss: 1.076480
2025-03-27 18:14:00,242 Epoch: [4/20] Iter:[90/192], Time: 0.56, lr: [0.007964504707101411], Loss: 4.395022, Acc:0.471805, Semantic loss: 1.779282, BCE loss: 1.530876, SB loss: 1.084863
2025-03-27 18:14:04,740 Epoch: [4/20] Iter:[100/192], Time: 0.55, lr: [0.007940462931099176], Loss: 4.373133, Acc:0.477351, Semantic loss: 1.768942, BCE loss: 1.522694, SB loss: 1.081497
2025-03-27 18:14:09,085 Epoch: [4/20] Iter:[110/192], Time: 0.54, lr: [0.007916413064293163], Loss: 4.348766, Acc:0.482975, Semantic loss: 1.753044, BCE loss: 1.527793, SB loss: 1.067929
2025-03-27 18:14:13,494 Epoch: [4/20] Iter:[120/192], Time: 0.53, lr: [0.007892355076631318], Loss: 4.352959, Acc:0.485502, Semantic loss: 1.746537, BCE loss: 1.541873, SB loss: 1.064550
2025-03-27 18:14:17,811 Epoch: [4/20] Iter:[130/192], Time: 0.52, lr: [0.007868288937847752], Loss: 4.363843, Acc:0.483152, Semantic loss: 1.752211, BCE loss: 1.546826, SB loss: 1.064806
2025-03-27 18:14:22,318 Epoch: [4/20] Iter:[140/192], Time: 0.52, lr: [0.007844214617460508], Loss: 4.365325, Acc:0.486126, Semantic loss: 1.746685, BCE loss: 1.558758, SB loss: 1.059882
2025-03-27 18:14:26,690 Epoch: [4/20] Iter:[150/192], Time: 0.51, lr: [0.007820132084769268], Loss: 4.379275, Acc:0.482022, Semantic loss: 1.754120, BCE loss: 1.558169, SB loss: 1.066986
2025-03-27 18:14:31,223 Epoch: [4/20] Iter:[160/192], Time: 0.51, lr: [0.00779604130885303], Loss: 4.376675, Acc:0.483726, Semantic loss: 1.751798, BCE loss: 1.561359, SB loss: 1.063518
2025-03-27 18:14:35,653 Epoch: [4/20] Iter:[170/192], Time: 0.50, lr: [0.007771942258567773], Loss: 4.376589, Acc:0.483600, Semantic loss: 1.749097, BCE loss: 1.567352, SB loss: 1.060140
2025-03-27 18:14:40,034 Epoch: [4/20] Iter:[180/192], Time: 0.50, lr: [0.007747834902544056], Loss: 4.372413, Acc:0.483449, Semantic loss: 1.750856, BCE loss: 1.564566, SB loss: 1.056991
2025-03-27 18:14:44,354 Epoch: [4/20] Iter:[190/192], Time: 0.50, lr: [0.0077237192091846206], Loss: 4.386457, Acc:0.481160, Semantic loss: 1.759314, BCE loss: 1.566755, SB loss: 1.060389
2025-03-27 18:16:47,607 0 [0.00000000e+00 5.28281074e-01 1.16676907e-01 2.14717255e-04
 0.00000000e+00 2.69898835e-03 0.00000000e+00] 0.09255309812520603
2025-03-27 18:16:47,608 1 [0.         0.48815142 0.10055802 0.         0.         0.
 0.        ] 0.08410134828235195
2025-03-27 18:16:47,616 => saving checkpoint to output\loveda\pidnet_small_loveda\aug_hf_mcheckpoint.pth.tar
2025-03-27 18:16:47,804 Loss: 4.714, MeanIU:  0.0841, Best_mIoU:  0.1096
2025-03-27 18:16:47,804 [0.         0.48815142 0.10055802 0.         0.         0.
 0.        ]
2025-03-27 18:16:58,797 Epoch: [5/20] Iter:[0/192], Time: 10.81, lr: [0.007718895067235705], Loss: 3.711466, Acc:0.443861, Semantic loss: 1.575686, BCE loss: 1.314615, SB loss: 0.821165
2025-03-27 18:17:02,966 Epoch: [5/20] Iter:[10/192], Time: 1.36, lr: [0.007694769327040611], Loss: 4.292613, Acc:0.459787, Semantic loss: 1.774126, BCE loss: 1.556571, SB loss: 0.961915
2025-03-27 18:17:07,447 Epoch: [5/20] Iter:[20/192], Time: 0.93, lr: [0.00767063517918174], Loss: 4.319525, Acc:0.469083, Semantic loss: 1.802786, BCE loss: 1.486103, SB loss: 1.030636
2025-03-27 18:17:11,795 Epoch: [5/20] Iter:[30/192], Time: 0.77, lr: [0.007646492591316132], Loss: 4.224272, Acc:0.483547, Semantic loss: 1.739165, BCE loss: 1.470038, SB loss: 1.015069
2025-03-27 18:17:16,260 Epoch: [5/20] Iter:[40/192], Time: 0.69, lr: [0.007622341530862476], Loss: 4.226351, Acc:0.475838, Semantic loss: 1.753237, BCE loss: 1.478497, SB loss: 0.994617
2025-03-27 18:17:20,721 Epoch: [5/20] Iter:[50/192], Time: 0.64, lr: [0.0075981819649984985], Loss: 4.315273, Acc:0.470280, Semantic loss: 1.769488, BCE loss: 1.525259, SB loss: 1.020525
2025-03-27 18:17:25,222 Epoch: [5/20] Iter:[60/192], Time: 0.61, lr: [0.007574013860658317], Loss: 4.260359, Acc:0.473627, Semantic loss: 1.746250, BCE loss: 1.508047, SB loss: 1.006062
2025-03-27 18:17:29,630 Epoch: [5/20] Iter:[70/192], Time: 0.59, lr: [0.007549837184529776], Loss: 4.282369, Acc:0.471974, Semantic loss: 1.748385, BCE loss: 1.527695, SB loss: 1.006288
2025-03-27 18:17:34,135 Epoch: [5/20] Iter:[80/192], Time: 0.57, lr: [0.0075256519030517215], Loss: 4.321029, Acc:0.471376, Semantic loss: 1.751578, BCE loss: 1.526341, SB loss: 1.043110
2025-03-27 18:17:38,460 Epoch: [5/20] Iter:[90/192], Time: 0.55, lr: [0.007501457982411236], Loss: 4.294442, Acc:0.475205, Semantic loss: 1.741548, BCE loss: 1.513825, SB loss: 1.039069
2025-03-27 18:17:43,004 Epoch: [5/20] Iter:[100/192], Time: 0.54, lr: [0.0074772553885408604], Loss: 4.295114, Acc:0.478670, Semantic loss: 1.736018, BCE loss: 1.516132, SB loss: 1.042964
2025-03-27 18:17:47,386 Epoch: [5/20] Iter:[110/192], Time: 0.54, lr: [0.007453044087115737], Loss: 4.330918, Acc:0.475522, Semantic loss: 1.752084, BCE loss: 1.520841, SB loss: 1.057993
2025-03-27 18:17:51,891 Epoch: [5/20] Iter:[120/192], Time: 0.53, lr: [0.007428824043550734], Loss: 4.318072, Acc:0.474961, Semantic loss: 1.747769, BCE loss: 1.521183, SB loss: 1.049120
2025-03-27 18:17:56,290 Epoch: [5/20] Iter:[130/192], Time: 0.52, lr: [0.007404595222997526], Loss: 4.332480, Acc:0.473169, Semantic loss: 1.755250, BCE loss: 1.523426, SB loss: 1.053805
2025-03-27 18:18:00,724 Epoch: [5/20] Iter:[140/192], Time: 0.52, lr: [0.007380357590341623], Loss: 4.337517, Acc:0.474710, Semantic loss: 1.752252, BCE loss: 1.532436, SB loss: 1.052829
2025-03-27 18:18:05,150 Epoch: [5/20] Iter:[150/192], Time: 0.51, lr: [0.007356111110199354], Loss: 4.340594, Acc:0.476126, Semantic loss: 1.752276, BCE loss: 1.534104, SB loss: 1.054215
2025-03-27 18:18:09,614 Epoch: [5/20] Iter:[160/192], Time: 0.51, lr: [0.00733185574691482], Loss: 4.341731, Acc:0.477753, Semantic loss: 1.748097, BCE loss: 1.541929, SB loss: 1.051705
2025-03-27 18:18:14,007 Epoch: [5/20] Iter:[170/192], Time: 0.50, lr: [0.007307591464556783], Loss: 4.332109, Acc:0.479818, Semantic loss: 1.744168, BCE loss: 1.542419, SB loss: 1.045522
2025-03-27 18:18:18,536 Epoch: [5/20] Iter:[180/192], Time: 0.50, lr: [0.007283318226915514], Loss: 4.347122, Acc:0.478127, Semantic loss: 1.750169, BCE loss: 1.552895, SB loss: 1.044058
2025-03-27 18:18:22,885 Epoch: [5/20] Iter:[190/192], Time: 0.50, lr: [0.007259035997499604], Loss: 4.341167, Acc:0.480283, Semantic loss: 1.745463, BCE loss: 1.552965, SB loss: 1.042738
2025-03-27 18:20:24,214 0 [0.00000000e+00 5.34198900e-01 9.73202974e-02 2.25556354e-05
 0.00000000e+00 0.00000000e+00 2.10648041e-02] 0.09322950821036038
2025-03-27 18:20:24,215 1 [0.00000000e+00 5.48030436e-01 6.44202738e-02 6.78714843e-06
 0.00000000e+00 0.00000000e+00 0.00000000e+00] 0.08749392818915466
2025-03-27 18:20:24,224 => saving checkpoint to output\loveda\pidnet_small_loveda\aug_hf_mcheckpoint.pth.tar
2025-03-27 18:20:24,353 Loss: 4.480, MeanIU:  0.0875, Best_mIoU:  0.1096
2025-03-27 18:20:24,354 [0.00000000e+00 5.48030436e-01 6.44202738e-02 6.78714843e-06
 0.00000000e+00 0.00000000e+00 0.00000000e+00]
2025-03-27 18:20:35,329 Epoch: [6/20] Iter:[0/192], Time: 10.79, lr: [0.007254178469372199], Loss: 4.753803, Acc:0.471095, Semantic loss: 1.821299, BCE loss: 1.744254, SB loss: 1.188250
2025-03-27 18:20:39,489 Epoch: [6/20] Iter:[10/192], Time: 1.36, lr: [0.007229885401256642], Loss: 4.173142, Acc:0.493066, Semantic loss: 1.663351, BCE loss: 1.483439, SB loss: 1.026352
2025-03-27 18:20:44,015 Epoch: [6/20] Iter:[20/192], Time: 0.93, lr: [0.0072055832600777334], Loss: 4.242151, Acc:0.475525, Semantic loss: 1.705724, BCE loss: 1.486094, SB loss: 1.050333
2025-03-27 18:20:48,465 Epoch: [6/20] Iter:[30/192], Time: 0.77, lr: [0.007181272008420604], Loss: 4.249632, Acc:0.482873, Semantic loss: 1.718447, BCE loss: 1.490147, SB loss: 1.041038
2025-03-27 18:20:53,086 Epoch: [6/20] Iter:[40/192], Time: 0.70, lr: [0.007156951608574727], Loss: 4.259844, Acc:0.482100, Semantic loss: 1.710696, BCE loss: 1.500569, SB loss: 1.048579
2025-03-27 18:20:57,492 Epoch: [6/20] Iter:[50/192], Time: 0.65, lr: [0.007132622022530447], Loss: 4.249701, Acc:0.477102, Semantic loss: 1.728119, BCE loss: 1.475737, SB loss: 1.045845
2025-03-27 18:21:02,068 Epoch: [6/20] Iter:[60/192], Time: 0.62, lr: [0.007108283211975477], Loss: 4.283362, Acc:0.481005, Semantic loss: 1.731941, BCE loss: 1.525112, SB loss: 1.026309
2025-03-27 18:21:06,485 Epoch: [6/20] Iter:[70/192], Time: 0.59, lr: [0.007083935138291319], Loss: 4.275692, Acc:0.481282, Semantic loss: 1.733809, BCE loss: 1.515658, SB loss: 1.026225
2025-03-27 18:21:11,112 Epoch: [6/20] Iter:[80/192], Time: 0.58, lr: [0.007059577762549636], Loss: 4.282824, Acc:0.485842, Semantic loss: 1.725828, BCE loss: 1.526716, SB loss: 1.030280
2025-03-27 18:21:15,500 Epoch: [6/20] Iter:[90/192], Time: 0.56, lr: [0.007035211045508576], Loss: 4.279774, Acc:0.488589, Semantic loss: 1.722047, BCE loss: 1.536865, SB loss: 1.020862
2025-03-27 18:21:20,038 Epoch: [6/20] Iter:[100/192], Time: 0.55, lr: [0.0070108349476090265], Loss: 4.299947, Acc:0.489793, Semantic loss: 1.720680, BCE loss: 1.551978, SB loss: 1.027289
2025-03-27 18:21:24,356 Epoch: [6/20] Iter:[110/192], Time: 0.54, lr: [0.00698644942897081], Loss: 4.296210, Acc:0.485949, Semantic loss: 1.724725, BCE loss: 1.548865, SB loss: 1.022619
2025-03-27 18:21:28,868 Epoch: [6/20] Iter:[120/192], Time: 0.53, lr: [0.006962054449388827], Loss: 4.303683, Acc:0.485109, Semantic loss: 1.729669, BCE loss: 1.552896, SB loss: 1.021118
2025-03-27 18:21:33,251 Epoch: [6/20] Iter:[130/192], Time: 0.52, lr: [0.006937649968329135], Loss: 4.318857, Acc:0.482371, Semantic loss: 1.736174, BCE loss: 1.560329, SB loss: 1.022354
2025-03-27 18:21:37,774 Epoch: [6/20] Iter:[140/192], Time: 0.52, lr: [0.006913235944924954], Loss: 4.325056, Acc:0.483397, Semantic loss: 1.731748, BCE loss: 1.570968, SB loss: 1.022341
2025-03-27 18:21:42,205 Epoch: [6/20] Iter:[150/192], Time: 0.51, lr: [0.006888812337972621], Loss: 4.323063, Acc:0.480764, Semantic loss: 1.733867, BCE loss: 1.564238, SB loss: 1.024957
2025-03-27 18:21:46,714 Epoch: [6/20] Iter:[160/192], Time: 0.51, lr: [0.00686437910592748], Loss: 4.315120, Acc:0.479373, Semantic loss: 1.732739, BCE loss: 1.559730, SB loss: 1.022651
2025-03-27 18:21:51,114 Epoch: [6/20] Iter:[170/192], Time: 0.51, lr: [0.00683993620689969], Loss: 4.312274, Acc:0.479959, Semantic loss: 1.729797, BCE loss: 1.557151, SB loss: 1.025326
2025-03-27 18:21:55,598 Epoch: [6/20] Iter:[180/192], Time: 0.50, lr: [0.0068154835986499775], Loss: 4.307047, Acc:0.482460, Semantic loss: 1.724655, BCE loss: 1.556537, SB loss: 1.025855
2025-03-27 18:21:59,966 Epoch: [6/20] Iter:[190/192], Time: 0.50, lr: [0.006791021238585323], Loss: 4.299822, Acc:0.483475, Semantic loss: 1.722985, BCE loss: 1.550773, SB loss: 1.026064
2025-03-27 18:23:36,229 0 [0.00000000e+00 5.30713665e-01 8.36968598e-02 6.91871242e-04
 0.00000000e+00 1.86793666e-03 2.52818469e-07] 0.08813865503878086
2025-03-27 18:23:36,230 1 [0.00000000e+00 4.76024394e-01 6.21797321e-02 1.35454750e-03
 0.00000000e+00 1.20523761e-03 1.53636170e-06] 0.07725220684462501
2025-03-27 18:23:36,236 => saving checkpoint to output\loveda\pidnet_small_loveda\aug_hf_mcheckpoint.pth.tar
2025-03-27 18:23:36,322 Loss: 4.384, MeanIU:  0.0773, Best_mIoU:  0.1096
2025-03-27 18:23:36,322 [0.00000000e+00 4.76024394e-01 6.21797321e-02 1.35454750e-03
 0.00000000e+00 1.20523761e-03 1.53636170e-06]
2025-03-27 18:23:46,474 Epoch: [7/20] Iter:[0/192], Time: 9.96, lr: [0.006786127592581251], Loss: 4.827214, Acc:0.458768, Semantic loss: 1.630677, BCE loss: 2.107277, SB loss: 1.089260
2025-03-27 18:23:50,325 Epoch: [7/20] Iter:[10/192], Time: 1.26, lr: [0.006761653473611295], Loss: 4.124433, Acc:0.489326, Semantic loss: 1.620093, BCE loss: 1.554779, SB loss: 0.949562
2025-03-27 18:23:54,197 Epoch: [7/20] Iter:[20/192], Time: 0.84, lr: [0.006737169507854796], Loss: 4.172639, Acc:0.499496, Semantic loss: 1.627340, BCE loss: 1.587469, SB loss: 0.957830
2025-03-27 18:23:58,087 Epoch: [7/20] Iter:[30/192], Time: 0.70, lr: [0.006712675651556858], Loss: 4.202815, Acc:0.501294, Semantic loss: 1.648269, BCE loss: 1.586268, SB loss: 0.968277
2025-03-27 18:24:01,950 Epoch: [7/20] Iter:[40/192], Time: 0.62, lr: [0.006688171860589905], Loss: 4.166193, Acc:0.487657, Semantic loss: 1.660118, BCE loss: 1.539419, SB loss: 0.966656
2025-03-27 18:24:05,828 Epoch: [7/20] Iter:[50/192], Time: 0.57, lr: [0.0066636580904489585], Loss: 4.196857, Acc:0.487099, Semantic loss: 1.671649, BCE loss: 1.545577, SB loss: 0.979631
2025-03-27 18:24:09,690 Epoch: [7/20] Iter:[60/192], Time: 0.54, lr: [0.006639134296246874], Loss: 4.216078, Acc:0.484472, Semantic loss: 1.674931, BCE loss: 1.550567, SB loss: 0.990580
2025-03-27 18:24:13,554 Epoch: [7/20] Iter:[70/192], Time: 0.52, lr: [0.0066146004327094585], Loss: 4.249424, Acc:0.477841, Semantic loss: 1.695182, BCE loss: 1.545661, SB loss: 1.008580
2025-03-27 18:24:17,423 Epoch: [7/20] Iter:[80/192], Time: 0.51, lr: [0.006590056454170537], Loss: 4.260277, Acc:0.479541, Semantic loss: 1.697675, BCE loss: 1.553697, SB loss: 1.008905
2025-03-27 18:24:21,299 Epoch: [7/20] Iter:[90/192], Time: 0.49, lr: [0.006565502314566912], Loss: 4.262541, Acc:0.479869, Semantic loss: 1.706844, BCE loss: 1.542598, SB loss: 1.013099
2025-03-27 18:24:25,149 Epoch: [7/20] Iter:[100/192], Time: 0.48, lr: [0.006540937967433255], Loss: 4.263253, Acc:0.479235, Semantic loss: 1.705923, BCE loss: 1.542042, SB loss: 1.015288
2025-03-27 18:24:29,025 Epoch: [7/20] Iter:[110/192], Time: 0.47, lr: [0.006516363365896894], Loss: 4.251956, Acc:0.481985, Semantic loss: 1.701147, BCE loss: 1.536164, SB loss: 1.014644
2025-03-27 18:24:32,883 Epoch: [7/20] Iter:[120/192], Time: 0.47, lr: [0.006491778462672531], Loss: 4.249549, Acc:0.483182, Semantic loss: 1.696209, BCE loss: 1.543743, SB loss: 1.009598
2025-03-27 18:24:36,736 Epoch: [7/20] Iter:[130/192], Time: 0.46, lr: [0.006467183210056843], Loss: 4.262548, Acc:0.482988, Semantic loss: 1.697761, BCE loss: 1.550263, SB loss: 1.014524
2025-03-27 18:24:40,587 Epoch: [7/20] Iter:[140/192], Time: 0.45, lr: [0.006442577559923017], Loss: 4.259649, Acc:0.485102, Semantic loss: 1.692779, BCE loss: 1.549831, SB loss: 1.017039
2025-03-27 18:24:44,468 Epoch: [7/20] Iter:[150/192], Time: 0.45, lr: [0.006417961463715172], Loss: 4.247574, Acc:0.485173, Semantic loss: 1.692171, BCE loss: 1.539339, SB loss: 1.016064
2025-03-27 18:24:48,348 Epoch: [7/20] Iter:[160/192], Time: 0.45, lr: [0.006393334872442681], Loss: 4.254868, Acc:0.485449, Semantic loss: 1.696690, BCE loss: 1.539249, SB loss: 1.018929
2025-03-27 18:24:52,234 Epoch: [7/20] Iter:[170/192], Time: 0.44, lr: [0.006368697736674411], Loss: 4.261253, Acc:0.486512, Semantic loss: 1.702646, BCE loss: 1.537645, SB loss: 1.020962
2025-03-27 18:24:56,118 Epoch: [7/20] Iter:[180/192], Time: 0.44, lr: [0.006344050006532848], Loss: 4.269857, Acc:0.485656, Semantic loss: 1.704294, BCE loss: 1.542466, SB loss: 1.023097
2025-03-27 18:24:59,957 Epoch: [7/20] Iter:[190/192], Time: 0.44, lr: [0.006319391631688114], Loss: 4.261135, Acc:0.488290, Semantic loss: 1.699252, BCE loss: 1.543273, SB loss: 1.018610
2025-03-27 18:26:32,704 0 [0.00000000e+00 4.58275898e-01 7.60080510e-02 1.14440472e-02
 0.00000000e+00 2.96325989e-05 1.39490201e-02] 0.07995809265011673
2025-03-27 18:26:32,704 1 [0.00000000e+00 3.77245673e-01 5.36413111e-02 1.55236999e-02
 0.00000000e+00 5.43035058e-05 5.95579405e-03] 0.06463154021873534
2025-03-27 18:26:32,709 => saving checkpoint to output\loveda\pidnet_small_loveda\aug_hf_mcheckpoint.pth.tar
2025-03-27 18:26:32,789 Loss: 4.692, MeanIU:  0.0646, Best_mIoU:  0.1096
2025-03-27 18:26:32,789 [0.00000000e+00 3.77245673e-01 5.36413111e-02 1.55236999e-02
 0.00000000e+00 5.43035058e-05 5.95579405e-03]
2025-03-27 18:26:43,008 Epoch: [8/20] Iter:[0/192], Time: 10.02, lr: [0.006314458674893553], Loss: 4.347380, Acc:0.560038, Semantic loss: 1.562372, BCE loss: 1.864663, SB loss: 0.920345
2025-03-27 18:26:46,888 Epoch: [8/20] Iter:[10/192], Time: 1.26, lr: [0.006289787459323657], Loss: 4.327259, Acc:0.510926, Semantic loss: 1.671953, BCE loss: 1.556754, SB loss: 1.098552
2025-03-27 18:26:50,775 Epoch: [8/20] Iter:[20/192], Time: 0.85, lr: [0.006265105486702424], Loss: 4.389257, Acc:0.485653, Semantic loss: 1.760709, BCE loss: 1.534261, SB loss: 1.094286
2025-03-27 18:26:54,637 Epoch: [8/20] Iter:[30/192], Time: 0.70, lr: [0.006240412705211017], Loss: 4.339921, Acc:0.483175, Semantic loss: 1.735238, BCE loss: 1.510608, SB loss: 1.094075
2025-03-27 18:26:58,493 Epoch: [8/20] Iter:[40/192], Time: 0.62, lr: [0.006215709062551949], Loss: 4.302263, Acc:0.487063, Semantic loss: 1.713776, BCE loss: 1.518366, SB loss: 1.070121
2025-03-27 18:27:02,369 Epoch: [8/20] Iter:[50/192], Time: 0.58, lr: [0.006190994505942529], Loss: 4.271762, Acc:0.483965, Semantic loss: 1.729391, BCE loss: 1.491994, SB loss: 1.050377
2025-03-27 18:27:06,224 Epoch: [8/20] Iter:[60/192], Time: 0.54, lr: [0.006166268982108192], Loss: 4.281699, Acc:0.479641, Semantic loss: 1.741119, BCE loss: 1.482200, SB loss: 1.058380
2025-03-27 18:27:10,084 Epoch: [8/20] Iter:[70/192], Time: 0.52, lr: [0.006141532437275693], Loss: 4.257590, Acc:0.474996, Semantic loss: 1.742995, BCE loss: 1.475552, SB loss: 1.039042
2025-03-27 18:27:13,961 Epoch: [8/20] Iter:[80/192], Time: 0.51, lr: [0.006116784817166194], Loss: 4.245930, Acc:0.477106, Semantic loss: 1.733044, BCE loss: 1.477934, SB loss: 1.034952
2025-03-27 18:27:17,868 Epoch: [8/20] Iter:[90/192], Time: 0.49, lr: [0.006092026066988214], Loss: 4.269055, Acc:0.479747, Semantic loss: 1.734903, BCE loss: 1.500745, SB loss: 1.033407
2025-03-27 18:27:21,743 Epoch: [8/20] Iter:[100/192], Time: 0.48, lr: [0.006067256131430442], Loss: 4.265174, Acc:0.479957, Semantic loss: 1.726063, BCE loss: 1.511417, SB loss: 1.027694
2025-03-27 18:27:25,606 Epoch: [8/20] Iter:[110/192], Time: 0.47, lr: [0.00604247495465443], Loss: 4.267386, Acc:0.481766, Semantic loss: 1.719558, BCE loss: 1.519114, SB loss: 1.028715
2025-03-27 18:27:29,464 Epoch: [8/20] Iter:[120/192], Time: 0.47, lr: [0.006017682480287143], Loss: 4.262314, Acc:0.483561, Semantic loss: 1.717227, BCE loss: 1.517497, SB loss: 1.027589
2025-03-27 18:27:33,336 Epoch: [8/20] Iter:[130/192], Time: 0.46, lr: [0.00599287865141337], Loss: 4.256842, Acc:0.484808, Semantic loss: 1.715560, BCE loss: 1.517639, SB loss: 1.023642
2025-03-27 18:27:37,210 Epoch: [8/20] Iter:[140/192], Time: 0.46, lr: [0.005968063410567983], Loss: 4.259548, Acc:0.483685, Semantic loss: 1.716468, BCE loss: 1.517438, SB loss: 1.025642
2025-03-27 18:27:41,080 Epoch: [8/20] Iter:[150/192], Time: 0.45, lr: [0.00594323669972807], Loss: 4.256113, Acc:0.487296, Semantic loss: 1.709665, BCE loss: 1.525630, SB loss: 1.020819
2025-03-27 18:27:44,948 Epoch: [8/20] Iter:[160/192], Time: 0.45, lr: [0.005918398460304892], Loss: 4.263099, Acc:0.488292, Semantic loss: 1.709346, BCE loss: 1.528097, SB loss: 1.025656
2025-03-27 18:27:48,813 Epoch: [8/20] Iter:[170/192], Time: 0.44, lr: [0.0058935486331357125], Loss: 4.270332, Acc:0.488108, Semantic loss: 1.708934, BCE loss: 1.534230, SB loss: 1.027167
2025-03-27 18:27:52,672 Epoch: [8/20] Iter:[180/192], Time: 0.44, lr: [0.005868687158475447], Loss: 4.265922, Acc:0.488507, Semantic loss: 1.705980, BCE loss: 1.536443, SB loss: 1.023499
2025-03-27 18:27:56,514 Epoch: [8/20] Iter:[190/192], Time: 0.44, lr: [0.005843813975988169], Loss: 4.258874, Acc:0.489869, Semantic loss: 1.700102, BCE loss: 1.539585, SB loss: 1.019187
2025-03-27 18:29:29,069 0 [0.00000000e+00 5.24551561e-01 1.11011526e-01 1.51482684e-02
 0.00000000e+00 1.66618759e-05 2.43960237e-04] 0.09299599678149349
2025-03-27 18:29:29,070 1 [0.00000000e+00 4.61701571e-01 8.21144313e-02 1.07823117e-02
 8.69066100e-03 3.79193168e-05 4.65151237e-05] 0.08048191566489196
2025-03-27 18:29:29,075 => saving checkpoint to output\loveda\pidnet_small_loveda\aug_hf_mcheckpoint.pth.tar
2025-03-27 18:29:29,153 Loss: 4.566, MeanIU:  0.0805, Best_mIoU:  0.1096
2025-03-27 18:29:29,153 [0.00000000e+00 4.61701571e-01 8.21144313e-02 1.07823117e-02
 8.69066100e-03 3.79193168e-05 4.65151237e-05]
2025-03-27 18:29:39,363 Epoch: [9/20] Iter:[0/192], Time: 10.02, lr: [0.0058388379291998025], Loss: 4.111284, Acc:0.545841, Semantic loss: 1.554000, BCE loss: 1.651489, SB loss: 0.905795
2025-03-27 18:29:43,230 Epoch: [9/20] Iter:[10/192], Time: 1.26, lr: [0.0058139506168319475], Loss: 4.071044, Acc:0.490726, Semantic loss: 1.634936, BCE loss: 1.472340, SB loss: 0.963767
2025-03-27 18:29:47,087 Epoch: [9/20] Iter:[20/192], Time: 0.84, lr: [0.005789051461775303], Loss: 4.139474, Acc:0.479121, Semantic loss: 1.672175, BCE loss: 1.480865, SB loss: 0.986433
2025-03-27 18:29:50,948 Epoch: [9/20] Iter:[30/192], Time: 0.70, lr: [0.005764140401744157], Loss: 4.186167, Acc:0.481931, Semantic loss: 1.685511, BCE loss: 1.485608, SB loss: 1.015048
2025-03-27 18:29:54,810 Epoch: [9/20] Iter:[40/192], Time: 0.62, lr: [0.005739217373824397], Loss: 4.223535, Acc:0.481199, Semantic loss: 1.697884, BCE loss: 1.500607, SB loss: 1.025044
2025-03-27 18:29:58,680 Epoch: [9/20] Iter:[50/192], Time: 0.58, lr: [0.005714282314464109], Loss: 4.244932, Acc:0.484726, Semantic loss: 1.683172, BCE loss: 1.539266, SB loss: 1.022494
2025-03-27 18:30:02,558 Epoch: [9/20] Iter:[60/192], Time: 0.54, lr: [0.005689335159463984], Loss: 4.248944, Acc:0.480262, Semantic loss: 1.696077, BCE loss: 1.526480, SB loss: 1.026387
2025-03-27 18:30:06,403 Epoch: [9/20] Iter:[70/192], Time: 0.52, lr: [0.0056643758439675305], Loss: 4.248499, Acc:0.479979, Semantic loss: 1.694642, BCE loss: 1.529829, SB loss: 1.024028
2025-03-27 18:30:10,295 Epoch: [9/20] Iter:[80/192], Time: 0.51, lr: [0.005639404302451105], Loss: 4.219732, Acc:0.486326, Semantic loss: 1.685475, BCE loss: 1.519151, SB loss: 1.015106
2025-03-27 18:30:14,182 Epoch: [9/20] Iter:[90/192], Time: 0.49, lr: [0.005614420468713722], Loss: 4.236258, Acc:0.481309, Semantic loss: 1.699916, BCE loss: 1.518728, SB loss: 1.017614
2025-03-27 18:30:18,094 Epoch: [9/20] Iter:[100/192], Time: 0.48, lr: [0.005589424275866668], Loss: 4.236599, Acc:0.483847, Semantic loss: 1.701282, BCE loss: 1.519266, SB loss: 1.016050
2025-03-27 18:30:21,984 Epoch: [9/20] Iter:[110/192], Time: 0.47, lr: [0.005564415656322913], Loss: 4.240759, Acc:0.483157, Semantic loss: 1.698950, BCE loss: 1.529031, SB loss: 1.012778
2025-03-27 18:30:25,881 Epoch: [9/20] Iter:[120/192], Time: 0.47, lr: [0.00553939454178628], Loss: 4.242381, Acc:0.484183, Semantic loss: 1.694106, BCE loss: 1.538466, SB loss: 1.009809
2025-03-27 18:30:29,751 Epoch: [9/20] Iter:[130/192], Time: 0.46, lr: [0.005514360863240413], Loss: 4.230341, Acc:0.483415, Semantic loss: 1.694310, BCE loss: 1.532619, SB loss: 1.003412
2025-03-27 18:30:33,629 Epoch: [9/20] Iter:[140/192], Time: 0.46, lr: [0.005489314550937511], Loss: 4.218217, Acc:0.486820, Semantic loss: 1.684709, BCE loss: 1.532814, SB loss: 1.000693
2025-03-27 18:30:37,497 Epoch: [9/20] Iter:[150/192], Time: 0.45, lr: [0.005464255534386825], Loss: 4.207295, Acc:0.489020, Semantic loss: 1.676792, BCE loss: 1.532132, SB loss: 0.998371
2025-03-27 18:30:41,401 Epoch: [9/20] Iter:[160/192], Time: 0.45, lr: [0.005439183742342914], Loss: 4.216297, Acc:0.488704, Semantic loss: 1.678945, BCE loss: 1.540512, SB loss: 0.996840
2025-03-27 18:30:45,266 Epoch: [9/20] Iter:[170/192], Time: 0.44, lr: [0.00541409910279366], Loss: 4.210537, Acc:0.489897, Semantic loss: 1.673987, BCE loss: 1.543772, SB loss: 0.992778
2025-03-27 18:30:49,159 Epoch: [9/20] Iter:[180/192], Time: 0.44, lr: [0.005389001542948025], Loss: 4.219939, Acc:0.488864, Semantic loss: 1.678343, BCE loss: 1.545637, SB loss: 0.995959
2025-03-27 18:30:52,985 Epoch: [9/20] Iter:[190/192], Time: 0.44, lr: [0.005363890989223547], Loss: 4.204536, Acc:0.489165, Semantic loss: 1.675790, BCE loss: 1.535148, SB loss: 0.993598
2025-03-27 18:32:25,958 0 [0.00000000e+00 5.54373715e-01 1.01803696e-01 2.18929167e-03
 1.96030673e-02 0.00000000e+00 4.93685043e-04] 0.09692335062320978
2025-03-27 18:32:25,958 1 [0.         0.51907809 0.08632692 0.02169648 0.04607285 0.01504586
 0.01075474] 0.09985356351235773
2025-03-27 18:32:25,963 => saving checkpoint to output\loveda\pidnet_small_loveda\aug_hf_mcheckpoint.pth.tar
2025-03-27 18:32:26,040 Loss: 4.492, MeanIU:  0.0999, Best_mIoU:  0.1096
2025-03-27 18:32:26,040 [0.         0.51907809 0.08632692 0.02169648 0.04607285 0.01504586
 0.01075474]
2025-03-27 18:32:36,275 Epoch: [10/20] Iter:[0/192], Time: 10.04, lr: [0.005358867312681466], Loss: 4.123212, Acc:0.557077, Semantic loss: 1.605967, BCE loss: 1.626141, SB loss: 0.891104
2025-03-27 18:32:40,158 Epoch: [10/20] Iter:[10/192], Time: 1.27, lr: [0.005333741068040314], Loss: 4.347724, Acc:0.502333, Semantic loss: 1.689877, BCE loss: 1.652696, SB loss: 1.005152
2025-03-27 18:32:44,035 Epoch: [10/20] Iter:[20/192], Time: 0.85, lr: [0.0053086016647897714], Loss: 4.310826, Acc:0.498683, Semantic loss: 1.704416, BCE loss: 1.619223, SB loss: 0.987186
2025-03-27 18:32:47,887 Epoch: [10/20] Iter:[30/192], Time: 0.70, lr: [0.005283449026727663], Loss: 4.335929, Acc:0.498900, Semantic loss: 1.687555, BCE loss: 1.636084, SB loss: 1.012291
2025-03-27 18:32:51,777 Epoch: [10/20] Iter:[40/192], Time: 0.62, lr: [0.005258283076804885], Loss: 4.322103, Acc:0.504351, Semantic loss: 1.677097, BCE loss: 1.646205, SB loss: 0.998800
2025-03-27 18:32:55,646 Epoch: [10/20] Iter:[50/192], Time: 0.58, lr: [0.00523310373711144], Loss: 4.263047, Acc:0.501432, Semantic loss: 1.660985, BCE loss: 1.625556, SB loss: 0.976506
2025-03-27 18:32:59,514 Epoch: [10/20] Iter:[60/192], Time: 0.55, lr: [0.005207910928862159], Loss: 4.235907, Acc:0.502548, Semantic loss: 1.657843, BCE loss: 1.609450, SB loss: 0.968613
2025-03-27 18:33:03,369 Epoch: [10/20] Iter:[70/192], Time: 0.52, lr: [0.005182704572382109], Loss: 4.201756, Acc:0.502424, Semantic loss: 1.655758, BCE loss: 1.583456, SB loss: 0.962542
2025-03-27 18:33:07,254 Epoch: [10/20] Iter:[80/192], Time: 0.51, lr: [0.005157484587091684], Loss: 4.209982, Acc:0.500842, Semantic loss: 1.654958, BCE loss: 1.586378, SB loss: 0.968646
2025-03-27 18:33:11,109 Epoch: [10/20] Iter:[90/192], Time: 0.49, lr: [0.005132250891491357], Loss: 4.185610, Acc:0.502048, Semantic loss: 1.647686, BCE loss: 1.576302, SB loss: 0.961623
2025-03-27 18:33:14,990 Epoch: [10/20] Iter:[100/192], Time: 0.48, lr: [0.005107003403146087], Loss: 4.159293, Acc:0.502908, Semantic loss: 1.644037, BCE loss: 1.556277, SB loss: 0.958980
2025-03-27 18:33:18,924 Epoch: [10/20] Iter:[110/192], Time: 0.47, lr: [0.005081742038669388], Loss: 4.166772, Acc:0.500332, Semantic loss: 1.650727, BCE loss: 1.555229, SB loss: 0.960816
2025-03-27 18:33:22,829 Epoch: [10/20] Iter:[120/192], Time: 0.47, lr: [0.005056466713707024], Loss: 4.165121, Acc:0.498693, Semantic loss: 1.653901, BCE loss: 1.541981, SB loss: 0.969239
2025-03-27 18:33:26,714 Epoch: [10/20] Iter:[130/192], Time: 0.46, lr: [0.005031177342920337], Loss: 4.174310, Acc:0.496607, Semantic loss: 1.659946, BCE loss: 1.536131, SB loss: 0.978234
2025-03-27 18:33:30,588 Epoch: [10/20] Iter:[140/192], Time: 0.46, lr: [0.005005873839969192], Loss: 4.179716, Acc:0.493577, Semantic loss: 1.666213, BCE loss: 1.527201, SB loss: 0.986302
2025-03-27 18:33:34,487 Epoch: [10/20] Iter:[150/192], Time: 0.45, lr: [0.00498055611749454], Loss: 4.190242, Acc:0.492991, Semantic loss: 1.668892, BCE loss: 1.527923, SB loss: 0.993426
2025-03-27 18:33:38,364 Epoch: [10/20] Iter:[160/192], Time: 0.45, lr: [0.004955224087100552], Loss: 4.189985, Acc:0.494035, Semantic loss: 1.667264, BCE loss: 1.530204, SB loss: 0.992517
2025-03-27 18:33:42,235 Epoch: [10/20] Iter:[170/192], Time: 0.44, lr: [0.004929877659336362], Loss: 4.186251, Acc:0.495769, Semantic loss: 1.663587, BCE loss: 1.531903, SB loss: 0.990761
2025-03-27 18:33:46,085 Epoch: [10/20] Iter:[180/192], Time: 0.44, lr: [0.004904516743677371], Loss: 4.183512, Acc:0.493600, Semantic loss: 1.665421, BCE loss: 1.527963, SB loss: 0.990128
2025-03-27 18:33:49,941 Epoch: [10/20] Iter:[190/192], Time: 0.44, lr: [0.00487914124850611], Loss: 4.187448, Acc:0.493722, Semantic loss: 1.665986, BCE loss: 1.532233, SB loss: 0.989229
2025-03-27 18:35:22,806 0 [0.00000000e+00 4.87683224e-01 9.71177457e-02 1.19469273e-02
 7.92692650e-05 1.31413146e-05 2.73251620e-02] 0.08916649561011325
2025-03-27 18:35:22,806 1 [0.         0.43114564 0.08600842 0.0269285  0.03346952 0.
 0.02162555] 0.08559680327151387
2025-03-27 18:35:22,812 => saving checkpoint to output\loveda\pidnet_small_loveda\aug_hf_mcheckpoint.pth.tar
2025-03-27 18:35:22,892 Loss: 4.492, MeanIU:  0.0856, Best_mIoU:  0.1096
2025-03-27 18:35:22,893 [0.         0.43114564 0.08600842 0.0269285  0.03346952 0.
 0.02162555]
2025-03-27 18:35:33,203 Epoch: [11/20] Iter:[0/192], Time: 10.11, lr: [0.004874064391789954], Loss: 4.108392, Acc:0.600067, Semantic loss: 1.499099, BCE loss: 1.678336, SB loss: 0.930957
2025-03-27 18:35:37,066 Epoch: [11/20] Iter:[10/192], Time: 1.27, lr: [0.004848671278701159], Loss: 4.061656, Acc:0.538712, Semantic loss: 1.555781, BCE loss: 1.583726, SB loss: 0.922149
2025-03-27 18:35:40,929 Epoch: [11/20] Iter:[20/192], Time: 0.85, lr: [0.0048232633805975296], Loss: 4.123600, Acc:0.509097, Semantic loss: 1.597536, BCE loss: 1.589336, SB loss: 0.936727
2025-03-27 18:35:44,794 Epoch: [11/20] Iter:[30/192], Time: 0.70, lr: [0.00479784060223045], Loss: 4.146604, Acc:0.497843, Semantic loss: 1.644812, BCE loss: 1.539799, SB loss: 0.961994
2025-03-27 18:35:48,658 Epoch: [11/20] Iter:[40/192], Time: 0.62, lr: [0.004772402847172951], Loss: 4.093220, Acc:0.509604, Semantic loss: 1.619490, BCE loss: 1.524310, SB loss: 0.949420
2025-03-27 18:35:52,505 Epoch: [11/20] Iter:[50/192], Time: 0.58, lr: [0.004746950017798064], Loss: 4.073402, Acc:0.514523, Semantic loss: 1.595065, BCE loss: 1.533040, SB loss: 0.945297
2025-03-27 18:35:56,376 Epoch: [11/20] Iter:[60/192], Time: 0.55, lr: [0.004721482015256639], Loss: 4.087798, Acc:0.513903, Semantic loss: 1.595438, BCE loss: 1.526781, SB loss: 0.965580
2025-03-27 18:36:00,257 Epoch: [11/20] Iter:[70/192], Time: 0.52, lr: [0.004695998739454633], Loss: 4.108593, Acc:0.516055, Semantic loss: 1.602169, BCE loss: 1.541712, SB loss: 0.964712
2025-03-27 18:36:04,116 Epoch: [11/20] Iter:[80/192], Time: 0.51, lr: [0.004670500089029817], Loss: 4.102669, Acc:0.513881, Semantic loss: 1.601290, BCE loss: 1.543929, SB loss: 0.957450
2025-03-27 18:36:07,987 Epoch: [11/20] Iter:[90/192], Time: 0.49, lr: [0.004644985961327915], Loss: 4.099092, Acc:0.509317, Semantic loss: 1.622224, BCE loss: 1.523540, SB loss: 0.953328
2025-03-27 18:36:11,868 Epoch: [11/20] Iter:[100/192], Time: 0.48, lr: [0.004619456252378151], Loss: 4.104217, Acc:0.507522, Semantic loss: 1.628578, BCE loss: 1.524842, SB loss: 0.950797
2025-03-27 18:36:15,747 Epoch: [11/20] Iter:[110/192], Time: 0.47, lr: [0.004593910856868159], Loss: 4.108997, Acc:0.508641, Semantic loss: 1.632819, BCE loss: 1.523200, SB loss: 0.952978
2025-03-27 18:36:19,625 Epoch: [11/20] Iter:[120/192], Time: 0.47, lr: [0.004568349668118281], Loss: 4.111111, Acc:0.508346, Semantic loss: 1.634015, BCE loss: 1.522704, SB loss: 0.954392
2025-03-27 18:36:23,492 Epoch: [11/20] Iter:[130/192], Time: 0.46, lr: [0.004542772578055196], Loss: 4.120891, Acc:0.505107, Semantic loss: 1.639632, BCE loss: 1.524521, SB loss: 0.956738
2025-03-27 18:36:27,372 Epoch: [11/20] Iter:[140/192], Time: 0.46, lr: [0.00451717947718487], Loss: 4.122046, Acc:0.506188, Semantic loss: 1.635200, BCE loss: 1.532655, SB loss: 0.954191
2025-03-27 18:36:31,248 Epoch: [11/20] Iter:[150/192], Time: 0.45, lr: [0.004491570254564817], Loss: 4.135793, Acc:0.503445, Semantic loss: 1.640933, BCE loss: 1.529376, SB loss: 0.965484
2025-03-27 18:36:35,116 Epoch: [11/20] Iter:[160/192], Time: 0.45, lr: [0.004465944797775636], Loss: 4.145180, Acc:0.502188, Semantic loss: 1.642461, BCE loss: 1.529932, SB loss: 0.972787
2025-03-27 18:36:38,999 Epoch: [11/20] Iter:[170/192], Time: 0.44, lr: [0.004440302992891796], Loss: 4.152800, Acc:0.501283, Semantic loss: 1.644856, BCE loss: 1.533748, SB loss: 0.974196
2025-03-27 18:36:42,855 Epoch: [11/20] Iter:[180/192], Time: 0.44, lr: [0.004414644724451659], Loss: 4.154359, Acc:0.499390, Semantic loss: 1.645539, BCE loss: 1.533288, SB loss: 0.975532
2025-03-27 18:36:46,698 Epoch: [11/20] Iter:[190/192], Time: 0.44, lr: [0.004388969875426714], Loss: 4.157440, Acc:0.497735, Semantic loss: 1.650408, BCE loss: 1.529399, SB loss: 0.977634
2025-03-27 18:38:37,893 0 [0.         0.56500172 0.12276301 0.00777266 0.00319643 0.00211295
 0.04255732] 0.1062005868924555
2025-03-27 18:38:37,893 1 [0.00000000e+00 5.57770294e-01 1.03674546e-01 1.62433166e-02
 1.35479514e-04 1.57717190e-03 2.70941791e-02] 0.10092785534035696
2025-03-27 18:38:37,902 => saving checkpoint to output\loveda\pidnet_small_loveda\aug_hf_mcheckpoint.pth.tar
2025-03-27 18:38:38,035 Loss: 4.150, MeanIU:  0.1009, Best_mIoU:  0.1096
2025-03-27 18:38:38,036 [0.00000000e+00 5.57770294e-01 1.03674546e-01 1.62433166e-02
 1.35479514e-04 1.57717190e-03 2.70941791e-02]
2025-03-27 18:38:49,032 Epoch: [12/20] Iter:[0/192], Time: 10.81, lr: [0.0043838329055408696], Loss: 4.074567, Acc:0.658498, Semantic loss: 1.387371, BCE loss: 1.718339, SB loss: 0.968857
2025-03-27 18:38:53,504 Epoch: [12/20] Iter:[10/192], Time: 1.39, lr: [0.004358138003083593], Loss: 4.160993, Acc:0.512137, Semantic loss: 1.566274, BCE loss: 1.687802, SB loss: 0.906917
2025-03-27 18:38:58,053 Epoch: [12/20] Iter:[20/192], Time: 0.94, lr: [0.0043324262569064236], Loss: 4.245047, Acc:0.491766, Semantic loss: 1.639974, BCE loss: 1.608156, SB loss: 0.996917
2025-03-27 18:39:02,478 Epoch: [12/20] Iter:[30/192], Time: 0.78, lr: [0.0043066975447503065], Loss: 4.197862, Acc:0.490014, Semantic loss: 1.664743, BCE loss: 1.561506, SB loss: 0.971613
2025-03-27 18:39:06,912 Epoch: [12/20] Iter:[40/192], Time: 0.70, lr: [0.00428095174265078], Loss: 4.189840, Acc:0.497667, Semantic loss: 1.662458, BCE loss: 1.571421, SB loss: 0.955961
2025-03-27 18:39:11,323 Epoch: [12/20] Iter:[50/192], Time: 0.65, lr: [0.004255188724902623], Loss: 4.202181, Acc:0.494997, Semantic loss: 1.669228, BCE loss: 1.576838, SB loss: 0.956115
2025-03-27 18:39:15,828 Epoch: [12/20] Iter:[60/192], Time: 0.62, lr: [0.004229408364023519], Loss: 4.206321, Acc:0.502092, Semantic loss: 1.657539, BCE loss: 1.588774, SB loss: 0.960008
2025-03-27 18:39:20,197 Epoch: [12/20] Iter:[70/192], Time: 0.59, lr: [0.004203610530716726], Loss: 4.184399, Acc:0.500824, Semantic loss: 1.655141, BCE loss: 1.571699, SB loss: 0.957559
2025-03-27 18:39:24,728 Epoch: [12/20] Iter:[80/192], Time: 0.57, lr: [0.004177795093832693], Loss: 4.174190, Acc:0.501585, Semantic loss: 1.653764, BCE loss: 1.567672, SB loss: 0.952754
2025-03-27 18:39:29,132 Epoch: [12/20] Iter:[90/192], Time: 0.56, lr: [0.004151961920329593], Loss: 4.154365, Acc:0.499320, Semantic loss: 1.659656, BCE loss: 1.554517, SB loss: 0.940192
2025-03-27 18:39:33,590 Epoch: [12/20] Iter:[100/192], Time: 0.55, lr: [0.004126110875232744], Loss: 4.160338, Acc:0.502031, Semantic loss: 1.655946, BCE loss: 1.560455, SB loss: 0.943938
2025-03-27 18:39:37,925 Epoch: [12/20] Iter:[110/192], Time: 0.54, lr: [0.004100241821592866], Loss: 4.147788, Acc:0.500642, Semantic loss: 1.651373, BCE loss: 1.550937, SB loss: 0.945478
2025-03-27 18:39:42,516 Epoch: [12/20] Iter:[120/192], Time: 0.53, lr: [0.00407435462044314], Loss: 4.142512, Acc:0.501874, Semantic loss: 1.645986, BCE loss: 1.550943, SB loss: 0.945583
2025-03-27 18:39:46,935 Epoch: [12/20] Iter:[130/192], Time: 0.52, lr: [0.004048449130755016], Loss: 4.136008, Acc:0.501079, Semantic loss: 1.643630, BCE loss: 1.551253, SB loss: 0.941125
2025-03-27 18:39:51,379 Epoch: [12/20] Iter:[140/192], Time: 0.52, lr: [0.004022525209392749], Loss: 4.134491, Acc:0.502719, Semantic loss: 1.638417, BCE loss: 1.554517, SB loss: 0.941557
2025-03-27 18:39:55,803 Epoch: [12/20] Iter:[150/192], Time: 0.51, lr: [0.003996582711066572], Loss: 4.123229, Acc:0.504178, Semantic loss: 1.629579, BCE loss: 1.553335, SB loss: 0.940314
2025-03-27 18:40:00,225 Epoch: [12/20] Iter:[160/192], Time: 0.51, lr: [0.003970621488284514], Loss: 4.121256, Acc:0.503867, Semantic loss: 1.629553, BCE loss: 1.545535, SB loss: 0.946167
2025-03-27 18:40:04,665 Epoch: [12/20] Iter:[170/192], Time: 0.51, lr: [0.003944641391302759], Loss: 4.121313, Acc:0.503046, Semantic loss: 1.630768, BCE loss: 1.540066, SB loss: 0.950478
2025-03-27 18:40:09,144 Epoch: [12/20] Iter:[180/192], Time: 0.50, lr: [0.003918642268074522], Loss: 4.115185, Acc:0.503167, Semantic loss: 1.632826, BCE loss: 1.527635, SB loss: 0.954723
2025-03-27 18:40:13,465 Epoch: [12/20] Iter:[190/192], Time: 0.50, lr: [0.003892623964197378], Loss: 4.114375, Acc:0.502191, Semantic loss: 1.632345, BCE loss: 1.526616, SB loss: 0.955415
2025-03-27 18:42:15,262 0 [0.00000000e+00 5.51566721e-01 1.50476693e-01 8.57650399e-03
 2.68828215e-03 5.99269729e-06 2.46676539e-02] 0.10542597815323784
2025-03-27 18:42:15,262 1 [0.         0.47090788 0.18689469 0.03795845 0.00991832 0.00651123
 0.03149483] 0.10624077094541833
2025-03-27 18:42:15,269 => saving checkpoint to output\loveda\pidnet_small_loveda\aug_hf_mcheckpoint.pth.tar
2025-03-27 18:42:15,489 Loss: 4.024, MeanIU:  0.1062, Best_mIoU:  0.1096
2025-03-27 18:42:15,490 [0.         0.47090788 0.18689469 0.03795845 0.00991832 0.00651123
 0.03149483]
2025-03-27 18:42:26,861 Epoch: [13/20] Iter:[0/192], Time: 11.18, lr: [0.0038874179879876346], Loss: 4.248519, Acc:0.571811, Semantic loss: 1.481367, BCE loss: 1.866963, SB loss: 0.900189
2025-03-27 18:42:31,135 Epoch: [13/20] Iter:[10/192], Time: 1.41, lr: [0.003861376460123532], Loss: 4.289042, Acc:0.512854, Semantic loss: 1.601320, BCE loss: 1.636016, SB loss: 1.051706
2025-03-27 18:42:35,561 Epoch: [13/20] Iter:[20/192], Time: 0.95, lr: [0.003835315403363414], Loss: 4.270931, Acc:0.490855, Semantic loss: 1.671131, BCE loss: 1.571873, SB loss: 1.027926
2025-03-27 18:42:39,944 Epoch: [13/20] Iter:[30/192], Time: 0.78, lr: [0.00380923465539378], Loss: 4.191596, Acc:0.504308, Semantic loss: 1.638035, BCE loss: 1.548666, SB loss: 1.004894
2025-03-27 18:42:44,403 Epoch: [13/20] Iter:[40/192], Time: 0.70, lr: [0.0037831340513060203], Loss: 4.178125, Acc:0.503996, Semantic loss: 1.630451, BCE loss: 1.561623, SB loss: 0.986052
2025-03-27 18:42:48,842 Epoch: [13/20] Iter:[50/192], Time: 0.65, lr: [0.003757013423534689], Loss: 4.166703, Acc:0.512495, Semantic loss: 1.624584, BCE loss: 1.570818, SB loss: 0.971300
2025-03-27 18:42:53,200 Epoch: [13/20] Iter:[60/192], Time: 0.62, lr: [0.003730872601793835], Loss: 4.153418, Acc:0.509566, Semantic loss: 1.615680, BCE loss: 1.569897, SB loss: 0.967841
2025-03-27 18:42:57,624 Epoch: [13/20] Iter:[70/192], Time: 0.59, lr: [0.0037047114130112895], Loss: 4.123860, Acc:0.511802, Semantic loss: 1.608213, BCE loss: 1.554345, SB loss: 0.961302
2025-03-27 18:43:02,061 Epoch: [13/20] Iter:[80/192], Time: 0.57, lr: [0.0036785296812608405], Loss: 4.140210, Acc:0.505204, Semantic loss: 1.635200, BCE loss: 1.524756, SB loss: 0.980254
2025-03-27 18:43:06,480 Epoch: [13/20] Iter:[90/192], Time: 0.56, lr: [0.003652327227692201], Loss: 4.154032, Acc:0.502824, Semantic loss: 1.638963, BCE loss: 1.538439, SB loss: 0.976629
2025-03-27 18:43:10,929 Epoch: [13/20] Iter:[100/192], Time: 0.55, lr: [0.0036261038704587037], Loss: 4.165988, Acc:0.502417, Semantic loss: 1.637866, BCE loss: 1.550687, SB loss: 0.977436
2025-03-27 18:43:15,311 Epoch: [13/20] Iter:[110/192], Time: 0.54, lr: [0.003599859424642584], Loss: 4.172162, Acc:0.500324, Semantic loss: 1.640579, BCE loss: 1.554394, SB loss: 0.977190
2025-03-27 18:43:19,768 Epoch: [13/20] Iter:[120/192], Time: 0.53, lr: [0.0035735937021778063], Loss: 4.158897, Acc:0.502208, Semantic loss: 1.636360, BCE loss: 1.548686, SB loss: 0.973851
2025-03-27 18:43:24,215 Epoch: [13/20] Iter:[130/192], Time: 0.52, lr: [0.0035473065117702885], Loss: 4.144918, Acc:0.504020, Semantic loss: 1.631875, BCE loss: 1.541767, SB loss: 0.971276
2025-03-27 18:43:28,742 Epoch: [13/20] Iter:[140/192], Time: 0.52, lr: [0.003520997658815433], Loss: 4.129268, Acc:0.506025, Semantic loss: 1.627600, BCE loss: 1.534931, SB loss: 0.966736
2025-03-27 18:43:33,167 Epoch: [13/20] Iter:[150/192], Time: 0.51, lr: [0.003494666945312851], Loss: 4.122434, Acc:0.504413, Semantic loss: 1.628651, BCE loss: 1.528762, SB loss: 0.965021
2025-03-27 18:43:37,586 Epoch: [13/20] Iter:[160/192], Time: 0.51, lr: [0.00346831416977816], Loss: 4.117559, Acc:0.503481, Semantic loss: 1.634274, BCE loss: 1.520668, SB loss: 0.962617
2025-03-27 18:43:42,033 Epoch: [13/20] Iter:[170/192], Time: 0.50, lr: [0.003441939127151716], Loss: 4.111733, Acc:0.506692, Semantic loss: 1.627295, BCE loss: 1.521933, SB loss: 0.962504
2025-03-27 18:43:46,537 Epoch: [13/20] Iter:[180/192], Time: 0.50, lr: [0.0034155416087041646], Loss: 4.105440, Acc:0.507804, Semantic loss: 1.623793, BCE loss: 1.521201, SB loss: 0.960446
2025-03-27 18:43:50,915 Epoch: [13/20] Iter:[190/192], Time: 0.50, lr: [0.0033891214019386652], Loss: 4.101764, Acc:0.507311, Semantic loss: 1.619352, BCE loss: 1.520619, SB loss: 0.961794
2025-03-27 18:45:52,756 0 [0.         0.5308794  0.11831013 0.0099996  0.00752022 0.02244912
 0.00706615] 0.0994606608166992
2025-03-27 18:45:52,757 1 [0.         0.49748224 0.1665235  0.03106865 0.0091581  0.02512504
 0.01670013] 0.10657966579114955
2025-03-27 18:45:52,765 => saving checkpoint to output\loveda\pidnet_small_loveda\aug_hf_mcheckpoint.pth.tar
2025-03-27 18:45:52,911 Loss: 4.066, MeanIU:  0.1066, Best_mIoU:  0.1096
2025-03-27 18:45:52,912 [0.         0.49748224 0.1665235  0.03106865 0.0091581  0.02512504
 0.01670013]
2025-03-27 18:46:04,166 Epoch: [14/20] Iter:[0/192], Time: 11.07, lr: [0.0033838346190164987], Loss: 4.147797, Acc:0.587817, Semantic loss: 1.441800, BCE loss: 1.735206, SB loss: 0.970791
2025-03-27 18:46:08,459 Epoch: [14/20] Iter:[10/192], Time: 1.40, lr: [0.0033573869003190927], Loss: 4.224088, Acc:0.527568, Semantic loss: 1.576249, BCE loss: 1.623227, SB loss: 1.024612
2025-03-27 18:46:12,878 Epoch: [14/20] Iter:[20/192], Time: 0.94, lr: [0.0033309160120447595], Loss: 4.155813, Acc:0.531510, Semantic loss: 1.586491, BCE loss: 1.561677, SB loss: 1.007645
2025-03-27 18:46:17,302 Epoch: [14/20] Iter:[30/192], Time: 0.78, lr: [0.0033044217289421207], Loss: 4.090762, Acc:0.524264, Semantic loss: 1.591990, BCE loss: 1.520401, SB loss: 0.978370
2025-03-27 18:46:21,783 Epoch: [14/20] Iter:[40/192], Time: 0.70, lr: [0.0032779038215418194], Loss: 4.079911, Acc:0.525981, Semantic loss: 1.583749, BCE loss: 1.531003, SB loss: 0.965158
2025-03-27 18:46:26,190 Epoch: [14/20] Iter:[50/192], Time: 0.65, lr: [0.0032513620560388795], Loss: 4.090155, Acc:0.516225, Semantic loss: 1.584142, BCE loss: 1.545412, SB loss: 0.960601
2025-03-27 18:46:30,661 Epoch: [14/20] Iter:[60/192], Time: 0.62, lr: [0.003224796194170671], Loss: 4.066668, Acc:0.518194, Semantic loss: 1.574394, BCE loss: 1.544064, SB loss: 0.948210
2025-03-27 18:46:35,060 Epoch: [14/20] Iter:[70/192], Time: 0.59, lr: [0.003198205993090303], Loss: 4.044324, Acc:0.517942, Semantic loss: 1.576952, BCE loss: 1.522331, SB loss: 0.945041
2025-03-27 18:46:39,530 Epoch: [14/20] Iter:[80/192], Time: 0.57, lr: [0.0031715912052352204], Loss: 4.051819, Acc:0.520252, Semantic loss: 1.577700, BCE loss: 1.529084, SB loss: 0.945035
2025-03-27 18:46:43,897 Epoch: [14/20] Iter:[90/192], Time: 0.56, lr: [0.0031449515781907557], Loss: 4.050982, Acc:0.518891, Semantic loss: 1.581098, BCE loss: 1.522787, SB loss: 0.947097
2025-03-27 18:46:48,375 Epoch: [14/20] Iter:[100/192], Time: 0.55, lr: [0.003118286854548424], Loss: 4.049153, Acc:0.517263, Semantic loss: 1.584329, BCE loss: 1.520518, SB loss: 0.944306
2025-03-27 18:46:52,796 Epoch: [14/20] Iter:[110/192], Time: 0.54, lr: [0.003091596771758693], Loss: 4.049117, Acc:0.518733, Semantic loss: 1.579311, BCE loss: 1.530998, SB loss: 0.938808
2025-03-27 18:46:57,330 Epoch: [14/20] Iter:[120/192], Time: 0.53, lr: [0.0030648810619779434], Loss: 4.070021, Acc:0.518968, Semantic loss: 1.584718, BCE loss: 1.539284, SB loss: 0.946019
2025-03-27 18:47:01,806 Epoch: [14/20] Iter:[130/192], Time: 0.52, lr: [0.0030381394519093602], Loss: 4.065749, Acc:0.516421, Semantic loss: 1.585807, BCE loss: 1.529331, SB loss: 0.950612
2025-03-27 18:47:06,248 Epoch: [14/20] Iter:[140/192], Time: 0.52, lr: [0.003011371662637431], Loss: 4.056063, Acc:0.517400, Semantic loss: 1.586790, BCE loss: 1.522416, SB loss: 0.946856
2025-03-27 18:47:10,628 Epoch: [14/20] Iter:[150/192], Time: 0.51, lr: [0.0029845774094557345], Loss: 4.056792, Acc:0.516537, Semantic loss: 1.587726, BCE loss: 1.525696, SB loss: 0.943370
2025-03-27 18:47:15,046 Epoch: [14/20] Iter:[160/192], Time: 0.51, lr: [0.002957756401687678], Loss: 4.046051, Acc:0.516623, Semantic loss: 1.587712, BCE loss: 1.520335, SB loss: 0.938004
2025-03-27 18:47:19,575 Epoch: [14/20] Iter:[170/192], Time: 0.51, lr: [0.002930908342499829], Loss: 4.049903, Acc:0.517399, Semantic loss: 1.586102, BCE loss: 1.524389, SB loss: 0.939412
2025-03-27 18:47:23,956 Epoch: [14/20] Iter:[180/192], Time: 0.50, lr: [0.002904032928707437], Loss: 4.052271, Acc:0.516346, Semantic loss: 1.589690, BCE loss: 1.520946, SB loss: 0.941635
2025-03-27 18:47:28,383 Epoch: [14/20] Iter:[190/192], Time: 0.50, lr: [0.0028771298505717554], Loss: 4.065437, Acc:0.513377, Semantic loss: 1.599337, BCE loss: 1.516810, SB loss: 0.949291
2025-03-27 18:49:30,313 0 [0.         0.53930757 0.12474028 0.02214365 0.06396727 0.00206245
 0.03527485] 0.11249943887015783
2025-03-27 18:49:30,313 1 [0.         0.5402448  0.1236545  0.07368914 0.1257075  0.02391864
 0.0393983 ] 0.13237326833531723
2025-03-27 18:49:30,320 => saving checkpoint to output\loveda\pidnet_small_loveda\aug_hf_mcheckpoint.pth.tar
2025-03-27 18:49:30,521 Loss: 3.883, MeanIU:  0.1324, Best_mIoU:  0.1324
2025-03-27 18:49:30,521 [0.         0.5402448  0.1236545  0.07368914 0.1257075  0.02391864
 0.0393983 ]
2025-03-27 18:49:41,634 Epoch: [15/20] Iter:[0/192], Time: 10.92, lr: [0.0028717458874925874], Loss: 3.800625, Acc:0.481902, Semantic loss: 1.459647, BCE loss: 1.536805, SB loss: 0.804173
2025-03-27 18:49:46,086 Epoch: [15/20] Iter:[10/192], Time: 1.40, lr: [0.0028448091937488323], Loss: 3.987500, Acc:0.484938, Semantic loss: 1.655593, BCE loss: 1.415430, SB loss: 0.916477
2025-03-27 18:49:50,655 Epoch: [15/20] Iter:[20/192], Time: 0.95, lr: [0.002817844130111582], Loss: 4.125765, Acc:0.489437, Semantic loss: 1.685477, BCE loss: 1.469892, SB loss: 0.970395
2025-03-27 18:49:55,071 Epoch: [15/20] Iter:[30/192], Time: 0.79, lr: [0.0027908503644035994], Loss: 4.178204, Acc:0.494348, Semantic loss: 1.682093, BCE loss: 1.530916, SB loss: 0.965195
2025-03-27 18:49:59,523 Epoch: [15/20] Iter:[40/192], Time: 0.70, lr: [0.0027638275569424097], Loss: 4.146424, Acc:0.491190, Semantic loss: 1.673916, BCE loss: 1.514016, SB loss: 0.958492
2025-03-27 18:50:03,863 Epoch: [15/20] Iter:[50/192], Time: 0.65, lr: [0.002736775360287257], Loss: 4.100167, Acc:0.494686, Semantic loss: 1.658270, BCE loss: 1.478572, SB loss: 0.963326
2025-03-27 18:50:08,295 Epoch: [15/20] Iter:[60/192], Time: 0.62, lr: [0.002709693418974644], Loss: 4.077127, Acc:0.502483, Semantic loss: 1.640140, BCE loss: 1.483829, SB loss: 0.953157
2025-03-27 18:50:12,785 Epoch: [15/20] Iter:[70/192], Time: 0.59, lr: [0.0026825813692418162], Loss: 4.030252, Acc:0.507467, Semantic loss: 1.619685, BCE loss: 1.469512, SB loss: 0.941055
2025-03-27 18:50:17,240 Epoch: [15/20] Iter:[80/192], Time: 0.57, lr: [0.0026554388387375], Loss: 4.041017, Acc:0.506379, Semantic loss: 1.617936, BCE loss: 1.475500, SB loss: 0.947580
2025-03-27 18:50:21,728 Epoch: [15/20] Iter:[90/192], Time: 0.56, lr: [0.002628265446219161], Loss: 4.022842, Acc:0.511252, Semantic loss: 1.607868, BCE loss: 1.477628, SB loss: 0.937345
2025-03-27 18:50:26,219 Epoch: [15/20] Iter:[100/192], Time: 0.55, lr: [0.002601060801235972], Loss: 4.028640, Acc:0.511125, Semantic loss: 1.610849, BCE loss: 1.481082, SB loss: 0.936709
2025-03-27 18:50:30,669 Epoch: [15/20] Iter:[110/192], Time: 0.54, lr: [0.002573824503796671], Loss: 4.031174, Acc:0.511510, Semantic loss: 1.602470, BCE loss: 1.492779, SB loss: 0.935925
2025-03-27 18:50:35,178 Epoch: [15/20] Iter:[120/192], Time: 0.53, lr: [0.00254655614402138], Loss: 4.039775, Acc:0.510119, Semantic loss: 1.601929, BCE loss: 1.502542, SB loss: 0.935304
2025-03-27 18:50:39,603 Epoch: [15/20] Iter:[130/192], Time: 0.53, lr: [0.0025192553017764118], Loss: 4.031435, Acc:0.511057, Semantic loss: 1.597338, BCE loss: 1.501272, SB loss: 0.932825
2025-03-27 18:50:44,021 Epoch: [15/20] Iter:[140/192], Time: 0.52, lr: [0.002491921546291034], Loss: 4.037366, Acc:0.511368, Semantic loss: 1.593210, BCE loss: 1.509107, SB loss: 0.935049
2025-03-27 18:50:48,410 Epoch: [15/20] Iter:[150/192], Time: 0.51, lr: [0.0024645544357550573], Loss: 4.042930, Acc:0.510420, Semantic loss: 1.595595, BCE loss: 1.508872, SB loss: 0.938463
2025-03-27 18:50:52,919 Epoch: [15/20] Iter:[160/192], Time: 0.51, lr: [0.002437153516896028], Loss: 4.038146, Acc:0.509097, Semantic loss: 1.598390, BCE loss: 1.504135, SB loss: 0.935621
2025-03-27 18:50:57,345 Epoch: [15/20] Iter:[170/192], Time: 0.51, lr: [0.0024097183245347467], Loss: 4.038986, Acc:0.511483, Semantic loss: 1.594198, BCE loss: 1.513526, SB loss: 0.931261
2025-03-27 18:51:01,959 Epoch: [15/20] Iter:[180/192], Time: 0.50, lr: [0.0023822483811177], Loss: 4.030412, Acc:0.513297, Semantic loss: 1.589904, BCE loss: 1.517358, SB loss: 0.923150
2025-03-27 18:51:06,352 Epoch: [15/20] Iter:[190/192], Time: 0.50, lr: [0.002354743196224891], Loss: 4.037655, Acc:0.511951, Semantic loss: 1.593883, BCE loss: 1.516908, SB loss: 0.926864
2025-03-27 18:53:08,190 0 [0.         0.54573385 0.13265434 0.01057918 0.01869938 0.00164602
 0.03286303] 0.10602511278681623
2025-03-27 18:53:08,191 1 [0.         0.5614245  0.14380102 0.03307328 0.07631183 0.01166389
 0.03468804] 0.12299465069799898
2025-03-27 18:53:08,200 => saving checkpoint to output\loveda\pidnet_small_loveda\aug_hf_mcheckpoint.pth.tar
2025-03-27 18:53:08,339 Loss: 3.888, MeanIU:  0.1230, Best_mIoU:  0.1324
2025-03-27 18:53:08,339 [0.         0.5614245  0.14380102 0.03307328 0.07631183 0.01166389
 0.03468804]
2025-03-27 18:53:19,609 Epoch: [16/20] Iter:[0/192], Time: 11.08, lr: [0.0023492378861760376], Loss: 4.334923, Acc:0.545170, Semantic loss: 1.644938, BCE loss: 1.754044, SB loss: 0.935941
2025-03-27 18:53:23,918 Epoch: [16/20] Iter:[10/192], Time: 1.40, lr: [0.0023216897452738748], Loss: 3.926215, Acc:0.550957, Semantic loss: 1.524312, BCE loss: 1.519040, SB loss: 0.882864
2025-03-27 18:53:28,274 Epoch: [16/20] Iter:[20/192], Time: 0.94, lr: [0.0022941052360858027], Loss: 3.835107, Acc:0.544068, Semantic loss: 1.513933, BCE loss: 1.457011, SB loss: 0.864163
2025-03-27 18:53:32,709 Epoch: [16/20] Iter:[30/192], Time: 0.78, lr: [0.0022664838233947228], Loss: 3.945251, Acc:0.534376, Semantic loss: 1.549879, BCE loss: 1.489040, SB loss: 0.906332
2025-03-27 18:53:37,138 Epoch: [16/20] Iter:[40/192], Time: 0.70, lr: [0.0022388249567421017], Loss: 3.954980, Acc:0.534874, Semantic loss: 1.540816, BCE loss: 1.518643, SB loss: 0.895521
2025-03-27 18:53:41,512 Epoch: [16/20] Iter:[50/192], Time: 0.65, lr: [0.002211128069778427], Loss: 3.934636, Acc:0.536212, Semantic loss: 1.530416, BCE loss: 1.507654, SB loss: 0.896566
2025-03-27 18:53:46,066 Epoch: [16/20] Iter:[60/192], Time: 0.62, lr: [0.0021833925795765436], Loss: 3.973753, Acc:0.531129, Semantic loss: 1.537747, BCE loss: 1.530416, SB loss: 0.905590
2025-03-27 18:53:50,480 Epoch: [16/20] Iter:[70/192], Time: 0.59, lr: [0.0021556178859051967], Loss: 3.977182, Acc:0.530453, Semantic loss: 1.536651, BCE loss: 1.533060, SB loss: 0.907470
2025-03-27 18:53:55,003 Epoch: [16/20] Iter:[80/192], Time: 0.57, lr: [0.002127803370459852], Loss: 3.988053, Acc:0.530005, Semantic loss: 1.535883, BCE loss: 1.541388, SB loss: 0.910783
2025-03-27 18:53:59,483 Epoch: [16/20] Iter:[90/192], Time: 0.56, lr: [0.0020999483960476508], Loss: 3.966793, Acc:0.528151, Semantic loss: 1.537244, BCE loss: 1.523054, SB loss: 0.906495
2025-03-27 18:54:03,964 Epoch: [16/20] Iter:[100/192], Time: 0.55, lr: [0.0020720523057230294], Loss: 3.981351, Acc:0.528874, Semantic loss: 1.540366, BCE loss: 1.538705, SB loss: 0.902279
2025-03-27 18:54:08,382 Epoch: [16/20] Iter:[110/192], Time: 0.54, lr: [0.002044114421870228], Loss: 3.978193, Acc:0.528780, Semantic loss: 1.538091, BCE loss: 1.540237, SB loss: 0.899865
2025-03-27 18:54:12,801 Epoch: [16/20] Iter:[120/192], Time: 0.53, lr: [0.0020161340452285867], Loss: 3.979701, Acc:0.529180, Semantic loss: 1.537258, BCE loss: 1.539007, SB loss: 0.903436
2025-03-27 18:54:17,166 Epoch: [16/20] Iter:[130/192], Time: 0.52, lr: [0.001988110453856112], Loss: 3.977174, Acc:0.524690, Semantic loss: 1.543949, BCE loss: 1.525211, SB loss: 0.908014
2025-03-27 18:54:21,607 Epoch: [16/20] Iter:[140/192], Time: 0.52, lr: [0.0019600429020263607], Loss: 3.989060, Acc:0.522699, Semantic loss: 1.550834, BCE loss: 1.527484, SB loss: 0.910743
2025-03-27 18:54:26,068 Epoch: [16/20] Iter:[150/192], Time: 0.51, lr: [0.0019319306190532476], Loss: 3.988895, Acc:0.523014, Semantic loss: 1.550896, BCE loss: 1.531013, SB loss: 0.906986
2025-03-27 18:54:30,584 Epoch: [16/20] Iter:[160/192], Time: 0.51, lr: [0.0019037728080378042], Loss: 3.998497, Acc:0.519487, Semantic loss: 1.561986, BCE loss: 1.524162, SB loss: 0.912348
2025-03-27 18:54:34,954 Epoch: [16/20] Iter:[170/192], Time: 0.51, lr: [0.0018755686445303314], Loss: 3.989450, Acc:0.519813, Semantic loss: 1.562405, BCE loss: 1.514714, SB loss: 0.912331
2025-03-27 18:54:39,426 Epoch: [16/20] Iter:[180/192], Time: 0.50, lr: [0.001847317275100738], Loss: 4.003267, Acc:0.518518, Semantic loss: 1.570109, BCE loss: 1.517609, SB loss: 0.915549
2025-03-27 18:54:43,785 Epoch: [16/20] Iter:[190/192], Time: 0.50, lr: [0.0018190178158090872], Loss: 4.008728, Acc:0.518694, Semantic loss: 1.574740, BCE loss: 1.516290, SB loss: 0.917698
2025-03-27 18:56:45,713 0 [0.         0.53170801 0.12883412 0.00729377 0.05555168 0.01436345
 0.02394393] 0.10881356527994453
2025-03-27 18:56:45,714 1 [0.         0.49792526 0.20573808 0.05543345 0.15243751 0.03554709
 0.03503366] 0.1403021489692291
2025-03-27 18:56:45,723 => saving checkpoint to output\loveda\pidnet_small_loveda\aug_hf_mcheckpoint.pth.tar
2025-03-27 18:56:45,947 Loss: 3.864, MeanIU:  0.1403, Best_mIoU:  0.1403
2025-03-27 18:56:45,948 [0.         0.49792526 0.20573808 0.05543345 0.15243751 0.03554709
 0.03503366]
2025-03-27 18:56:57,329 Epoch: [17/20] Iter:[0/192], Time: 11.19, lr: [0.0018133520731367456], Loss: 4.205275, Acc:0.480774, Semantic loss: 1.567820, BCE loss: 1.764734, SB loss: 0.872721
2025-03-27 18:57:01,644 Epoch: [17/20] Iter:[10/192], Time: 1.41, lr: [0.001784993693823396], Loss: 3.995233, Acc:0.498655, Semantic loss: 1.547615, BCE loss: 1.590824, SB loss: 0.856793
2025-03-27 18:57:05,972 Epoch: [17/20] Iter:[20/192], Time: 0.94, lr: [0.0017565851643374117], Loss: 3.966072, Acc:0.522197, Semantic loss: 1.529771, BCE loss: 1.565625, SB loss: 0.870676
2025-03-27 18:57:10,386 Epoch: [17/20] Iter:[30/192], Time: 0.78, lr: [0.0017281254915000803], Loss: 4.055564, Acc:0.510942, Semantic loss: 1.576150, BCE loss: 1.547380, SB loss: 0.932033
2025-03-27 18:57:14,942 Epoch: [17/20] Iter:[40/192], Time: 0.70, lr: [0.0016996136438923032], Loss: 4.022848, Acc:0.508151, Semantic loss: 1.573929, BCE loss: 1.527043, SB loss: 0.921875
2025-03-27 18:57:19,301 Epoch: [17/20] Iter:[50/192], Time: 0.65, lr: [0.0016710485496403851], Loss: 4.027553, Acc:0.505366, Semantic loss: 1.582401, BCE loss: 1.518219, SB loss: 0.926933
2025-03-27 18:57:23,810 Epoch: [17/20] Iter:[60/192], Time: 0.62, lr: [0.0016424290940290059], Loss: 4.013888, Acc:0.510893, Semantic loss: 1.581405, BCE loss: 1.516028, SB loss: 0.916455
2025-03-27 18:57:28,218 Epoch: [17/20] Iter:[70/192], Time: 0.59, lr: [0.0016137541169242962], Loss: 3.964944, Acc:0.513328, Semantic loss: 1.571005, BCE loss: 1.487584, SB loss: 0.906356
2025-03-27 18:57:32,651 Epoch: [17/20] Iter:[80/192], Time: 0.57, lr: [0.0015850224099878446], Loss: 3.980208, Acc:0.516273, Semantic loss: 1.569752, BCE loss: 1.501791, SB loss: 0.908665
2025-03-27 18:57:37,062 Epoch: [17/20] Iter:[90/192], Time: 0.56, lr: [0.001556232713660091], Loss: 3.983661, Acc:0.516522, Semantic loss: 1.569564, BCE loss: 1.503450, SB loss: 0.910646
2025-03-27 18:57:41,514 Epoch: [17/20] Iter:[100/192], Time: 0.55, lr: [0.0015273837138888994], Loss: 3.984653, Acc:0.518148, Semantic loss: 1.568082, BCE loss: 1.510810, SB loss: 0.905761
2025-03-27 18:57:45,961 Epoch: [17/20] Iter:[110/192], Time: 0.54, lr: [0.0014984740385759552], Loss: 3.984635, Acc:0.518605, Semantic loss: 1.563420, BCE loss: 1.519677, SB loss: 0.901538
2025-03-27 18:57:50,416 Epoch: [17/20] Iter:[120/192], Time: 0.53, lr: [0.0014695022537100475], Loss: 3.989515, Acc:0.517692, Semantic loss: 1.563988, BCE loss: 1.518996, SB loss: 0.906530
2025-03-27 18:57:54,867 Epoch: [17/20] Iter:[130/192], Time: 0.52, lr: [0.0014404668591521846], Loss: 3.994340, Acc:0.515011, Semantic loss: 1.573270, BCE loss: 1.513796, SB loss: 0.907273
2025-03-27 18:57:59,447 Epoch: [17/20] Iter:[140/192], Time: 0.52, lr: [0.0014113662840326588], Loss: 3.993340, Acc:0.516939, Semantic loss: 1.575169, BCE loss: 1.512734, SB loss: 0.905437
2025-03-27 18:58:03,896 Epoch: [17/20] Iter:[150/192], Time: 0.52, lr: [0.0013821988817145786], Loss: 3.992548, Acc:0.518170, Semantic loss: 1.572054, BCE loss: 1.515809, SB loss: 0.904685
2025-03-27 18:58:08,435 Epoch: [17/20] Iter:[160/192], Time: 0.51, lr: [0.0013529629242719093], Loss: 3.994286, Acc:0.520250, Semantic loss: 1.571468, BCE loss: 1.515692, SB loss: 0.907125
2025-03-27 18:58:12,897 Epoch: [17/20] Iter:[170/192], Time: 0.51, lr: [0.0013236565964223801], Loss: 3.993154, Acc:0.521376, Semantic loss: 1.568532, BCE loss: 1.518713, SB loss: 0.905909
2025-03-27 18:58:17,410 Epoch: [17/20] Iter:[180/192], Time: 0.50, lr: [0.0012942779888466518], Loss: 3.992440, Acc:0.521161, Semantic loss: 1.567874, BCE loss: 1.518815, SB loss: 0.905751
2025-03-27 18:58:21,796 Epoch: [17/20] Iter:[190/192], Time: 0.50, lr: [0.0012648250908145803], Loss: 3.991171, Acc:0.519636, Semantic loss: 1.569485, BCE loss: 1.515466, SB loss: 0.906220
2025-03-27 19:00:22,939 0 [0.         0.52756357 0.13637129 0.0106157  0.07154651 0.00721103
 0.02810906] 0.11163102337940055
2025-03-27 19:00:22,939 1 [0.         0.50478005 0.19430706 0.04832287 0.12830002 0.02872578
 0.03253629] 0.13385315311469
2025-03-27 19:00:22,949 => saving checkpoint to output\loveda\pidnet_small_loveda\aug_hf_mcheckpoint.pth.tar
2025-03-27 19:00:23,087 Loss: 3.911, MeanIU:  0.1339, Best_mIoU:  0.1403
2025-03-27 19:00:23,088 [0.         0.50478005 0.19430706 0.04832287 0.12830002 0.02872578
 0.03253629]
2025-03-27 19:00:34,262 Epoch: [18/20] Iter:[0/192], Time: 10.99, lr: [0.001258925411794167], Loss: 3.775189, Acc:0.500916, Semantic loss: 1.434451, BCE loss: 1.496105, SB loss: 0.844634
2025-03-27 19:00:38,539 Epoch: [18/20] Iter:[10/192], Time: 1.39, lr: [0.0012293805561511607], Loss: 4.047064, Acc:0.519199, Semantic loss: 1.581593, BCE loss: 1.555678, SB loss: 0.909792
2025-03-27 19:00:43,088 Epoch: [18/20] Iter:[20/192], Time: 0.94, lr: [0.0011997565879500753], Loss: 4.026636, Acc:0.520663, Semantic loss: 1.579675, BCE loss: 1.522897, SB loss: 0.924064
2025-03-27 19:00:47,538 Epoch: [18/20] Iter:[30/192], Time: 0.78, lr: [0.0011700511125444005], Loss: 4.023046, Acc:0.522309, Semantic loss: 1.587892, BCE loss: 1.511419, SB loss: 0.923735
2025-03-27 19:00:52,041 Epoch: [18/20] Iter:[40/192], Time: 0.70, lr: [0.0011402615929770753], Loss: 3.988315, Acc:0.527703, Semantic loss: 1.560342, BCE loss: 1.519854, SB loss: 0.908119
2025-03-27 19:00:56,404 Epoch: [18/20] Iter:[50/192], Time: 0.65, lr: [0.0011103853371305413], Loss: 3.960775, Acc:0.527829, Semantic loss: 1.556736, BCE loss: 1.502678, SB loss: 0.901360
2025-03-27 19:01:00,878 Epoch: [18/20] Iter:[60/192], Time: 0.62, lr: [0.001080419483295973], Loss: 3.935805, Acc:0.528037, Semantic loss: 1.558169, BCE loss: 1.485715, SB loss: 0.891921
2025-03-27 19:01:05,302 Epoch: [18/20] Iter:[70/192], Time: 0.59, lr: [0.0010503609839122385], Loss: 3.943672, Acc:0.532098, Semantic loss: 1.553034, BCE loss: 1.508772, SB loss: 0.881866
2025-03-27 19:01:09,808 Epoch: [18/20] Iter:[80/192], Time: 0.57, lr: [0.0010202065871765603], Loss: 3.954201, Acc:0.526454, Semantic loss: 1.555924, BCE loss: 1.512899, SB loss: 0.885378
2025-03-27 19:01:14,256 Epoch: [18/20] Iter:[90/192], Time: 0.56, lr: [0.000989952816168914], Loss: 3.958333, Acc:0.527424, Semantic loss: 1.552772, BCE loss: 1.516816, SB loss: 0.888745
2025-03-27 19:01:18,694 Epoch: [18/20] Iter:[100/192], Time: 0.55, lr: [0.0009595959450576828], Loss: 3.951919, Acc:0.527057, Semantic loss: 1.547574, BCE loss: 1.515068, SB loss: 0.889277
2025-03-27 19:01:23,085 Epoch: [18/20] Iter:[110/192], Time: 0.54, lr: [0.000929131971860904], Loss: 3.936854, Acc:0.525683, Semantic loss: 1.545397, BCE loss: 1.497968, SB loss: 0.893489
2025-03-27 19:01:27,558 Epoch: [18/20] Iter:[120/192], Time: 0.53, lr: [0.0008985565871200918], Loss: 3.931639, Acc:0.526866, Semantic loss: 1.541714, BCE loss: 1.501353, SB loss: 0.888572
2025-03-27 19:01:31,942 Epoch: [18/20] Iter:[130/192], Time: 0.52, lr: [0.0008678651376944955], Loss: 3.941838, Acc:0.527323, Semantic loss: 1.543246, BCE loss: 1.513211, SB loss: 0.885381
2025-03-27 19:01:36,435 Epoch: [18/20] Iter:[140/192], Time: 0.52, lr: [0.000837052584692747], Loss: 3.953559, Acc:0.527453, Semantic loss: 1.543314, BCE loss: 1.521681, SB loss: 0.888564
2025-03-27 19:01:40,836 Epoch: [18/20] Iter:[150/192], Time: 0.51, lr: [0.000806113454312208], Loss: 3.945445, Acc:0.527532, Semantic loss: 1.542439, BCE loss: 1.515315, SB loss: 0.887691
2025-03-27 19:01:45,384 Epoch: [18/20] Iter:[160/192], Time: 0.51, lr: [0.0007750417800344363], Loss: 3.941648, Acc:0.526632, Semantic loss: 1.542390, BCE loss: 1.511190, SB loss: 0.888068
2025-03-27 19:01:49,791 Epoch: [18/20] Iter:[170/192], Time: 0.51, lr: [0.0007438310342008949], Loss: 3.949737, Acc:0.523757, Semantic loss: 1.547755, BCE loss: 1.508992, SB loss: 0.892990
2025-03-27 19:01:54,261 Epoch: [18/20] Iter:[180/192], Time: 0.50, lr: [0.0007124740464272778], Loss: 3.949332, Acc:0.525134, Semantic loss: 1.546370, BCE loss: 1.509251, SB loss: 0.893711
2025-03-27 19:01:58,627 Epoch: [18/20] Iter:[190/192], Time: 0.50, lr: [0.0006809629055511224], Loss: 3.955138, Acc:0.523416, Semantic loss: 1.549039, BCE loss: 1.511373, SB loss: 0.894726
2025-03-27 19:03:59,840 0 [0.         0.52697558 0.12696304 0.0104185  0.02558472 0.00947727
 0.02988008] 0.10418559913467305
2025-03-27 19:03:59,841 1 [0.         0.52972021 0.1624992  0.05157801 0.15883447 0.04622451
 0.03383145] 0.1403839795972677
2025-03-27 19:03:59,852 => saving checkpoint to output\loveda\pidnet_small_loveda\aug_hf_mcheckpoint.pth.tar
2025-03-27 19:04:00,071 Loss: 3.859, MeanIU:  0.1404, Best_mIoU:  0.1404
2025-03-27 19:04:00,072 [0.         0.52972021 0.1624992  0.05157801 0.15883447 0.04622451
 0.03383145]
2025-03-27 19:04:11,153 Epoch: [19/20] Iter:[0/192], Time: 10.90, lr: [0.0006746414238367822], Loss: 4.206110, Acc:0.516648, Semantic loss: 1.628563, BCE loss: 1.599689, SB loss: 0.977859
2025-03-27 19:04:15,371 Epoch: [19/20] Iter:[10/192], Time: 1.37, lr: [0.0006429336362339898], Loss: 3.956916, Acc:0.512806, Semantic loss: 1.560815, BCE loss: 1.496519, SB loss: 0.899582
2025-03-27 19:04:19,812 Epoch: [19/20] Iter:[20/192], Time: 0.93, lr: [0.0006110510578510947], Loss: 3.965339, Acc:0.498725, Semantic loss: 1.577754, BCE loss: 1.443245, SB loss: 0.944341
2025-03-27 19:04:24,223 Epoch: [19/20] Iter:[30/192], Time: 0.77, lr: [0.0005789824653018995], Loss: 3.946858, Acc:0.509171, Semantic loss: 1.589189, BCE loss: 1.442026, SB loss: 0.915643
2025-03-27 19:04:28,756 Epoch: [19/20] Iter:[40/192], Time: 0.70, lr: [0.0005467151732202777], Loss: 3.981107, Acc:0.512280, Semantic loss: 1.579204, BCE loss: 1.490806, SB loss: 0.911096
2025-03-27 19:04:33,187 Epoch: [19/20] Iter:[50/192], Time: 0.65, lr: [0.0005142347343351296], Loss: 4.003968, Acc:0.512518, Semantic loss: 1.584226, BCE loss: 1.493837, SB loss: 0.925905
2025-03-27 19:04:37,609 Epoch: [19/20] Iter:[60/192], Time: 0.61, lr: [0.0004815245523312483], Loss: 3.966134, Acc:0.515446, Semantic loss: 1.574528, BCE loss: 1.483054, SB loss: 0.908553
2025-03-27 19:04:42,064 Epoch: [19/20] Iter:[70/192], Time: 0.59, lr: [0.000448565373510549], Loss: 3.959241, Acc:0.517437, Semantic loss: 1.573879, BCE loss: 1.478167, SB loss: 0.907195
2025-03-27 19:04:46,610 Epoch: [19/20] Iter:[80/192], Time: 0.57, lr: [0.00041533460609889997], Loss: 3.969548, Acc:0.519302, Semantic loss: 1.571381, BCE loss: 1.496907, SB loss: 0.901260
2025-03-27 19:04:50,974 Epoch: [19/20] Iter:[90/192], Time: 0.56, lr: [0.00038180538785330436], Loss: 3.956381, Acc:0.520767, Semantic loss: 1.568166, BCE loss: 1.488449, SB loss: 0.899767
2025-03-27 19:04:55,428 Epoch: [19/20] Iter:[100/192], Time: 0.55, lr: [0.00034794527452517863], Loss: 3.938865, Acc:0.520447, Semantic loss: 1.559469, BCE loss: 1.481677, SB loss: 0.897718
2025-03-27 19:04:59,843 Epoch: [19/20] Iter:[110/192], Time: 0.54, lr: [0.00031371433588231993], Loss: 3.933022, Acc:0.522620, Semantic loss: 1.557134, BCE loss: 1.477002, SB loss: 0.898886
2025-03-27 19:05:04,308 Epoch: [19/20] Iter:[120/192], Time: 0.53, lr: [0.0002790622842837163], Loss: 3.933959, Acc:0.525503, Semantic loss: 1.553748, BCE loss: 1.481616, SB loss: 0.898596
2025-03-27 19:05:08,796 Epoch: [19/20] Iter:[130/192], Time: 0.52, lr: [0.0002439239356353784], Loss: 3.928244, Acc:0.525807, Semantic loss: 1.552285, BCE loss: 1.485088, SB loss: 0.890871
2025-03-27 19:05:13,294 Epoch: [19/20] Iter:[140/192], Time: 0.52, lr: [0.00020821159321002047], Loss: 3.936183, Acc:0.526265, Semantic loss: 1.549078, BCE loss: 1.494662, SB loss: 0.892444
2025-03-27 19:05:17,646 Epoch: [19/20] Iter:[150/192], Time: 0.51, lr: [0.00017180122628828942], Loss: 3.947785, Acc:0.525438, Semantic loss: 1.549391, BCE loss: 1.507294, SB loss: 0.891099
2025-03-27 19:05:22,157 Epoch: [19/20] Iter:[160/192], Time: 0.51, lr: [0.00013450451987183818], Loss: 3.946488, Acc:0.526584, Semantic loss: 1.546520, BCE loss: 1.509107, SB loss: 0.890861
2025-03-27 19:05:26,552 Epoch: [19/20] Iter:[170/192], Time: 0.50, lr: [9.600244875192536e-05], Loss: 3.953501, Acc:0.526513, Semantic loss: 1.547188, BCE loss: 1.514448, SB loss: 0.891866
2025-03-27 19:05:31,067 Epoch: [19/20] Iter:[180/192], Time: 0.50, lr: [5.563716848048335e-05], Loss: 3.959973, Acc:0.526845, Semantic loss: 1.548156, BCE loss: 1.520072, SB loss: 0.891745
2025-03-27 19:05:35,436 Epoch: [19/20] Iter:[190/192], Time: 0.50, lr: [1.1092486125349496e-05], Loss: 3.943225, Acc:0.527540, Semantic loss: 1.543323, BCE loss: 1.511865, SB loss: 0.888036
2025-03-27 19:07:18,480 0 [0.         0.51302002 0.13225792 0.01330713 0.02992349 0.0151483
 0.02823989] 0.10455667818126183
2025-03-27 19:07:18,480 1 [0.         0.50618787 0.19018296 0.05355768 0.17997498 0.04760045
 0.03082366] 0.14404679990071803
2025-03-27 19:07:18,488 => saving checkpoint to output\loveda\pidnet_small_loveda\aug_hf_mcheckpoint.pth.tar
2025-03-27 19:07:18,614 Loss: 3.886, MeanIU:  0.1440, Best_mIoU:  0.1440
2025-03-27 19:07:18,615 [0.         0.50618787 0.19018296 0.05355768 0.17997498 0.04760045
 0.03082366]
2025-03-27 19:07:18,665 Hours: 1
2025-03-27 19:07:18,666 Done
