2025-03-20 14:56:33,211 Namespace(cfg='configs/loveda/pidnet_small_loveda.yaml', opts=[], seed=304)
2025-03-20 14:56:33,211 AUTO_RESUME: False
CUDNN:
  BENCHMARK: True
  DETERMINISTIC: False
  ENABLED: True
DATASET:
  DATASET: loveda
  EXTRA_TRAIN_SET: 
  NUM_CLASSES: 7
  ROOT: data/
  TEST_SET: list/loveda/urban_rural/val.lst
  TRAIN_SET: list/loveda/urban_rural/train.lst
GPUS: (0,)
LOG_DIR: log
LOSS:
  BALANCE_WEIGHTS: [0.4, 1.0]
  CLASS_BALANCE: False
  OHEMKEEP: 131072
  OHEMTHRES: 0.9
  SB_WEIGHTS: 1.0
  USE_OHEM: True
MODEL:
  ALIGN_CORNERS: True
  NAME: pidnet_small
  NUM_OUTPUTS: 2
  PRETRAINED: pretrained_models/imagenet/PIDNet_S_ImageNet.pth.tar
OUTPUT_DIR: output
PIN_MEMORY: True
PRINT_FREQ: 10
TEST:
  BASE_SIZE: 2048
  BATCH_SIZE_PER_GPU: 6
  FLIP_TEST: False
  IMAGE_SIZE: [2048, 1024]
  MODEL_FILE: output/loveda/pidnet_small_loveda/final_state.pt
  MULTI_SCALE: False
  OUTPUT_INDEX: 1
TRAIN:
  AUGMENTATION:
    ENABLE: True
    PROBABILITY: 0.5
    TECHNIQUES:
      GAUSSIAN_BLUR: False
      HORIZONTAL_FLIP: True
      MULTIPLY: False
      RANDOM_BRIGHTNESS: True
  BASE_SIZE: 2048
  BATCH_SIZE_PER_GPU: 6
  BEGIN_EPOCH: 0
  END_EPOCH: 20
  EXTRA_EPOCH: 0
  EXTRA_LR: 0.001
  FLIP: False
  IGNORE_LABEL: 0
  IMAGE_SIZE: [1024, 1024]
  LR: 0.01
  MOMENTUM: 0.9
  MULTI_SCALE: False
  NESTEROV: False
  OPTIMIZER: sgd
  RESUME: True
  SCALE_FACTOR: 16
  SHUFFLE: True
  WD: 0.0005
WORKERS: 4
2025-03-20 14:56:33,390 Attention!!!
2025-03-20 14:56:33,390 Loaded 302 parameters!
2025-03-20 14:56:33,391 Over!!!
2025-03-20 14:56:52,737 Epoch: [0/20] Iter:[0/192], Time: 19.13, lr: [0.01], Loss: 16.154821, Acc:0.141563, Semantic loss: 6.953973, BCE loss: 3.807998, SB loss: 5.392850
2025-03-20 14:56:58,449 Epoch: [0/20] Iter:[10/192], Time: 2.24, lr: [0.009976559445324192], Loss: 12.310925, Acc:0.272041, Semantic loss: 5.417994, BCE loss: 2.750197, SB loss: 4.142734
2025-03-20 14:57:04,015 Epoch: [0/20] Iter:[20/192], Time: 1.44, lr: [0.009953112769592761], Loss: 10.395854, Acc:0.327284, Semantic loss: 4.484261, BCE loss: 2.465723, SB loss: 3.445870
2025-03-20 14:57:09,575 Epoch: [0/20] Iter:[30/192], Time: 1.15, lr: [0.009929659955177281], Loss: 8.914947, Acc:0.362943, Semantic loss: 3.821351, BCE loss: 2.293576, SB loss: 2.800020
2025-03-20 14:57:15,065 Epoch: [0/20] Iter:[40/192], Time: 1.01, lr: [0.009906200984352154], Loss: 8.011376, Acc:0.366088, Semantic loss: 3.429469, BCE loss: 2.159812, SB loss: 2.422095
2025-03-20 14:57:20,580 Epoch: [0/20] Iter:[50/192], Time: 0.92, lr: [0.009882735839293803], Loss: 7.398353, Acc:0.389896, Semantic loss: 3.152186, BCE loss: 2.052092, SB loss: 2.194075
2025-03-20 14:57:26,022 Epoch: [0/20] Iter:[60/192], Time: 0.86, lr: [0.00985926450207989], Loss: 7.028159, Acc:0.398033, Semantic loss: 3.001163, BCE loss: 1.980356, SB loss: 2.046640
2025-03-20 14:57:31,552 Epoch: [0/20] Iter:[70/192], Time: 0.81, lr: [0.009835786954688485], Loss: 6.818241, Acc:0.397129, Semantic loss: 2.913242, BCE loss: 1.934487, SB loss: 1.970512
2025-03-20 14:57:37,129 Epoch: [0/20] Iter:[80/192], Time: 0.78, lr: [0.00981230317899726], Loss: 6.569956, Acc:0.405573, Semantic loss: 2.806882, BCE loss: 1.894868, SB loss: 1.868206
2025-03-20 14:57:42,575 Epoch: [0/20] Iter:[90/192], Time: 0.75, lr: [0.009788813156782662], Loss: 6.419507, Acc:0.409691, Semantic loss: 2.740973, BCE loss: 1.875255, SB loss: 1.803279
2025-03-20 14:57:48,067 Epoch: [0/20] Iter:[100/192], Time: 0.73, lr: [0.009765316869719067], Loss: 6.252865, Acc:0.410844, Semantic loss: 2.676766, BCE loss: 1.848706, SB loss: 1.727393
2025-03-20 14:57:53,511 Epoch: [0/20] Iter:[110/192], Time: 0.72, lr: [0.009741814299377942], Loss: 6.113711, Acc:0.409390, Semantic loss: 2.622051, BCE loss: 1.819184, SB loss: 1.672476
2025-03-20 14:57:59,008 Epoch: [0/20] Iter:[120/192], Time: 0.70, lr: [0.009718305427226986], Loss: 5.979183, Acc:0.414742, Semantic loss: 2.558264, BCE loss: 1.806438, SB loss: 1.614481
2025-03-20 14:58:04,529 Epoch: [0/20] Iter:[130/192], Time: 0.69, lr: [0.009694790234629266], Loss: 5.865983, Acc:0.421510, Semantic loss: 2.496041, BCE loss: 1.789936, SB loss: 1.580007
2025-03-20 14:58:10,040 Epoch: [0/20] Iter:[140/192], Time: 0.68, lr: [0.009671268702842338], Loss: 5.772874, Acc:0.423869, Semantic loss: 2.458720, BCE loss: 1.768379, SB loss: 1.545774
2025-03-20 14:58:15,476 Epoch: [0/20] Iter:[150/192], Time: 0.67, lr: [0.009647740813017376], Loss: 5.703091, Acc:0.423042, Semantic loss: 2.431507, BCE loss: 1.754321, SB loss: 1.517262
2025-03-20 14:58:21,009 Epoch: [0/20] Iter:[160/192], Time: 0.67, lr: [0.009624206546198262], Loss: 5.630965, Acc:0.428012, Semantic loss: 2.390896, BCE loss: 1.752435, SB loss: 1.487633
2025-03-20 14:58:26,458 Epoch: [0/20] Iter:[170/192], Time: 0.66, lr: [0.009600665883320689], Loss: 5.556623, Acc:0.431113, Semantic loss: 2.354908, BCE loss: 1.747860, SB loss: 1.453856
2025-03-20 14:58:31,956 Epoch: [0/20] Iter:[180/192], Time: 0.65, lr: [0.009577118805211254], Loss: 5.489513, Acc:0.434982, Semantic loss: 2.324991, BCE loss: 1.741125, SB loss: 1.423398
2025-03-20 14:58:37,241 Epoch: [0/20] Iter:[190/192], Time: 0.65, lr: [0.009553565292586523], Loss: 5.425926, Acc:0.438580, Semantic loss: 2.292492, BCE loss: 1.732776, SB loss: 1.400657
2025-03-20 15:00:52,705 0 [0.00000000e+00 5.75458162e-01 1.13898161e-01 5.94683653e-03
 3.14566219e-04 1.03074757e-04 1.18204644e-03] 0.09955754950421132
2025-03-20 15:00:52,706 1 [0.         0.5252614  0.11151173 0.         0.         0.00762127
 0.08084019] 0.10360494239544045
2025-03-20 15:00:52,713 => saving checkpoint to output\loveda\pidnet_small_loveda\aug_hf_rbcheckpoint.pth.tar
2025-03-20 15:00:52,860 Loss: 4.117, MeanIU:  0.1036, Best_mIoU:  0.1036
2025-03-20 15:00:52,860 [0.         0.5252614  0.11151173 0.         0.         0.00762127
 0.08084019]
2025-03-20 15:01:04,743 Epoch: [1/20] Iter:[0/192], Time: 11.63, lr: [0.009548853816214998], Loss: 4.517874, Acc:0.388991, Semantic loss: 2.188882, BCE loss: 1.481735, SB loss: 0.847257
2025-03-20 15:01:10,033 Epoch: [1/20] Iter:[10/192], Time: 1.54, lr: [0.009525292556561479], Loss: 4.544000, Acc:0.468005, Semantic loss: 1.886963, BCE loss: 1.562868, SB loss: 1.094169
2025-03-20 15:01:15,492 Epoch: [1/20] Iter:[20/192], Time: 1.07, lr: [0.00950172481957719], Loss: 4.708713, Acc:0.474738, Semantic loss: 1.977903, BCE loss: 1.573262, SB loss: 1.157548
2025-03-20 15:01:21,014 Epoch: [1/20] Iter:[30/192], Time: 0.90, lr: [0.009478150585620286], Loss: 4.688132, Acc:0.466080, Semantic loss: 1.971623, BCE loss: 1.544377, SB loss: 1.172132
2025-03-20 15:01:26,466 Epoch: [1/20] Iter:[40/192], Time: 0.81, lr: [0.009454569834934885], Loss: 4.767989, Acc:0.460890, Semantic loss: 1.991187, BCE loss: 1.564376, SB loss: 1.212427
2025-03-20 15:01:31,957 Epoch: [1/20] Iter:[50/192], Time: 0.76, lr: [0.009430982547650114], Loss: 4.759533, Acc:0.462761, Semantic loss: 1.990477, BCE loss: 1.589639, SB loss: 1.179417
2025-03-20 15:01:37,448 Epoch: [1/20] Iter:[60/192], Time: 0.73, lr: [0.009407388703779091], Loss: 4.740350, Acc:0.465808, Semantic loss: 1.977518, BCE loss: 1.604373, SB loss: 1.158459
2025-03-20 15:01:42,883 Epoch: [1/20] Iter:[70/192], Time: 0.70, lr: [0.009383788283217955], Loss: 4.687303, Acc:0.471067, Semantic loss: 1.943390, BCE loss: 1.609764, SB loss: 1.134149
2025-03-20 15:01:48,311 Epoch: [1/20] Iter:[80/192], Time: 0.68, lr: [0.00936018126574482], Loss: 4.683411, Acc:0.464979, Semantic loss: 1.943859, BCE loss: 1.598495, SB loss: 1.141057
2025-03-20 15:01:53,804 Epoch: [1/20] Iter:[90/192], Time: 0.67, lr: [0.009336567631018769], Loss: 4.660794, Acc:0.468499, Semantic loss: 1.923215, BCE loss: 1.613732, SB loss: 1.123848
2025-03-20 15:01:59,294 Epoch: [1/20] Iter:[100/192], Time: 0.66, lr: [0.009312947358578814], Loss: 4.664539, Acc:0.468924, Semantic loss: 1.914852, BCE loss: 1.624894, SB loss: 1.124793
2025-03-20 15:02:04,714 Epoch: [1/20] Iter:[110/192], Time: 0.65, lr: [0.009289320427842841], Loss: 4.634370, Acc:0.468767, Semantic loss: 1.912156, BCE loss: 1.606487, SB loss: 1.115727
2025-03-20 15:02:10,137 Epoch: [1/20] Iter:[120/192], Time: 0.64, lr: [0.009265686818106552], Loss: 4.596825, Acc:0.469291, Semantic loss: 1.902920, BCE loss: 1.596637, SB loss: 1.097268
2025-03-20 15:02:15,617 Epoch: [1/20] Iter:[130/192], Time: 0.63, lr: [0.009242046508542393], Loss: 4.592199, Acc:0.470413, Semantic loss: 1.897573, BCE loss: 1.597794, SB loss: 1.096833
2025-03-20 15:02:21,053 Epoch: [1/20] Iter:[140/192], Time: 0.62, lr: [0.009218399478198466], Loss: 4.575276, Acc:0.469134, Semantic loss: 1.890474, BCE loss: 1.590984, SB loss: 1.093818
2025-03-20 15:02:26,490 Epoch: [1/20] Iter:[150/192], Time: 0.62, lr: [0.009194745705997428], Loss: 4.570095, Acc:0.467129, Semantic loss: 1.891262, BCE loss: 1.584856, SB loss: 1.093977
2025-03-20 15:02:31,887 Epoch: [1/20] Iter:[160/192], Time: 0.61, lr: [0.00917108517073538], Loss: 4.586455, Acc:0.467546, Semantic loss: 1.892234, BCE loss: 1.586015, SB loss: 1.108206
2025-03-20 15:02:37,355 Epoch: [1/20] Iter:[170/192], Time: 0.61, lr: [0.00914741785108075], Loss: 4.591419, Acc:0.468071, Semantic loss: 1.900801, BCE loss: 1.584885, SB loss: 1.105733
2025-03-20 15:02:42,806 Epoch: [1/20] Iter:[180/192], Time: 0.61, lr: [0.00912374372557314], Loss: 4.592122, Acc:0.467018, Semantic loss: 1.902486, BCE loss: 1.582698, SB loss: 1.106938
2025-03-20 15:02:48,117 Epoch: [1/20] Iter:[190/192], Time: 0.60, lr: [0.009100062772622186], Loss: 4.592442, Acc:0.467125, Semantic loss: 1.907322, BCE loss: 1.582591, SB loss: 1.102530
2025-03-20 15:05:02,323 0 [0.         0.56395826 0.08880174 0.0236042  0.05147762 0.07021754
 0.01003308] 0.11544177635517054
2025-03-20 15:05:02,324 1 [0.         0.54117938 0.12528313 0.         0.         0.0134989
 0.        ] 0.09713734427373157
2025-03-20 15:05:02,330 => saving checkpoint to output\loveda\pidnet_small_loveda\aug_hf_rbcheckpoint.pth.tar
2025-03-20 15:05:02,426 Loss: 4.594, MeanIU:  0.0971, Best_mIoU:  0.1036
2025-03-20 15:05:02,426 [0.         0.54117938 0.12528313 0.         0.         0.0134989
 0.        ]
2025-03-20 15:05:14,030 Epoch: [2/20] Iter:[0/192], Time: 11.34, lr: [0.009095325760829623], Loss: 4.157501, Acc:0.414441, Semantic loss: 2.030805, BCE loss: 1.084488, SB loss: 1.042209
2025-03-20 15:05:19,340 Epoch: [2/20] Iter:[10/192], Time: 1.51, lr: [0.009071636586262652], Loss: 4.602328, Acc:0.459626, Semantic loss: 2.009445, BCE loss: 1.614948, SB loss: 0.977934
2025-03-20 15:05:24,814 Epoch: [2/20] Iter:[20/192], Time: 1.05, lr: [0.009047940536290279], Loss: 4.580819, Acc:0.454990, Semantic loss: 1.973197, BCE loss: 1.602282, SB loss: 1.005339
2025-03-20 15:05:30,276 Epoch: [2/20] Iter:[30/192], Time: 0.89, lr: [0.009024237588898336], Loss: 4.504702, Acc:0.464395, Semantic loss: 1.947638, BCE loss: 1.553032, SB loss: 1.004032
2025-03-20 15:05:35,765 Epoch: [2/20] Iter:[40/192], Time: 0.81, lr: [0.009000527721937697], Loss: 4.492344, Acc:0.451920, Semantic loss: 1.935181, BCE loss: 1.547274, SB loss: 1.009890
2025-03-20 15:05:41,260 Epoch: [2/20] Iter:[50/192], Time: 0.76, lr: [0.008976810913123051], Loss: 4.489602, Acc:0.450493, Semantic loss: 1.909378, BCE loss: 1.556224, SB loss: 1.023999
2025-03-20 15:05:46,740 Epoch: [2/20] Iter:[60/192], Time: 0.72, lr: [0.008953087140031669], Loss: 4.520129, Acc:0.446861, Semantic loss: 1.945466, BCE loss: 1.539011, SB loss: 1.035652
2025-03-20 15:05:52,201 Epoch: [2/20] Iter:[70/192], Time: 0.70, lr: [0.008929356380102142], Loss: 4.484331, Acc:0.454469, Semantic loss: 1.916450, BCE loss: 1.541294, SB loss: 1.026587
2025-03-20 15:05:57,695 Epoch: [2/20] Iter:[80/192], Time: 0.68, lr: [0.008905618610633112], Loss: 4.483374, Acc:0.462822, Semantic loss: 1.892664, BCE loss: 1.557834, SB loss: 1.032877
2025-03-20 15:06:03,167 Epoch: [2/20] Iter:[90/192], Time: 0.66, lr: [0.008881873808781991], Loss: 4.468340, Acc:0.468929, Semantic loss: 1.874044, BCE loss: 1.563619, SB loss: 1.030677
2025-03-20 15:06:08,628 Epoch: [2/20] Iter:[100/192], Time: 0.65, lr: [0.008858121951563658], Loss: 4.462970, Acc:0.467912, Semantic loss: 1.874229, BCE loss: 1.553524, SB loss: 1.035217
2025-03-20 15:06:14,148 Epoch: [2/20] Iter:[110/192], Time: 0.64, lr: [0.008834363015849136], Loss: 4.436946, Acc:0.472954, Semantic loss: 1.852741, BCE loss: 1.552668, SB loss: 1.031537
2025-03-20 15:06:19,611 Epoch: [2/20] Iter:[120/192], Time: 0.64, lr: [0.008810596978364274], Loss: 4.449054, Acc:0.474127, Semantic loss: 1.851687, BCE loss: 1.562162, SB loss: 1.035205
2025-03-20 15:06:25,124 Epoch: [2/20] Iter:[130/192], Time: 0.63, lr: [0.008786823815688379], Loss: 4.442232, Acc:0.475348, Semantic loss: 1.845392, BCE loss: 1.559819, SB loss: 1.037020
2025-03-20 15:06:30,692 Epoch: [2/20] Iter:[140/192], Time: 0.62, lr: [0.008763043504252865], Loss: 4.427427, Acc:0.478079, Semantic loss: 1.833109, BCE loss: 1.566760, SB loss: 1.027558
2025-03-20 15:06:36,208 Epoch: [2/20] Iter:[150/192], Time: 0.62, lr: [0.008739256020339866], Loss: 4.421424, Acc:0.477784, Semantic loss: 1.826784, BCE loss: 1.560525, SB loss: 1.034115
2025-03-20 15:06:41,644 Epoch: [2/20] Iter:[160/192], Time: 0.61, lr: [0.00871546134008083], Loss: 4.413123, Acc:0.476607, Semantic loss: 1.821735, BCE loss: 1.561848, SB loss: 1.029539
2025-03-20 15:06:47,119 Epoch: [2/20] Iter:[170/192], Time: 0.61, lr: [0.008691659439455107], Loss: 4.541641, Acc:0.476501, Semantic loss: 1.823636, BCE loss: 1.568101, SB loss: 1.149904
2025-03-20 15:06:52,574 Epoch: [2/20] Iter:[180/192], Time: 0.61, lr: [0.008667850294288517], Loss: 4.650062, Acc:0.474502, Semantic loss: 1.903815, BCE loss: 1.574265, SB loss: 1.171982
2025-03-20 15:06:57,875 Epoch: [2/20] Iter:[190/192], Time: 0.60, lr: [0.008644033880251888], Loss: 4.737764, Acc:0.473604, Semantic loss: 1.981371, BCE loss: 1.575901, SB loss: 1.180491
2025-03-20 15:09:11,298 0 [0.00000000e+00 5.95815281e-01 1.05245074e-01 1.05265034e-04
 3.06087472e-05 3.25779171e-02 7.13960978e-05] 0.10483507742368213
2025-03-20 15:09:11,298 1 [0.00000000e+00 5.96636631e-01 1.66251339e-01 6.66459432e-05
 0.00000000e+00 0.00000000e+00 1.88616194e-08] 0.10899351923471488
2025-03-20 15:09:11,305 => saving checkpoint to output\loveda\pidnet_small_loveda\aug_hf_rbcheckpoint.pth.tar
2025-03-20 15:09:11,447 Loss: 4.717, MeanIU:  0.1090, Best_mIoU:  0.1090
2025-03-20 15:09:11,447 [0.00000000e+00 5.96636631e-01 1.66251339e-01 6.66459432e-05
 0.00000000e+00 0.00000000e+00 1.88616194e-08]
2025-03-20 15:09:23,113 Epoch: [3/20] Iter:[0/192], Time: 11.41, lr: [0.008639269723028191], Loss: 5.702278, Acc:0.381986, Semantic loss: 3.323972, BCE loss: 1.403107, SB loss: 0.975198
2025-03-20 15:09:28,199 Epoch: [3/20] Iter:[10/192], Time: 1.50, lr: [0.008615444554012613], Loss: 5.543776, Acc:0.448578, Semantic loss: 2.627895, BCE loss: 1.650328, SB loss: 1.265553
2025-03-20 15:09:33,265 Epoch: [3/20] Iter:[20/192], Time: 1.03, lr: [0.008591612062049989], Loss: 5.277384, Acc:0.469674, Semantic loss: 2.442891, BCE loss: 1.601306, SB loss: 1.233187
2025-03-20 15:09:38,268 Epoch: [3/20] Iter:[30/192], Time: 0.86, lr: [0.008567772222305215], Loss: 5.163582, Acc:0.472536, Semantic loss: 2.316165, BCE loss: 1.635070, SB loss: 1.212347
2025-03-20 15:09:43,274 Epoch: [3/20] Iter:[40/192], Time: 0.77, lr: [0.008543925009781886], Loss: 5.066422, Acc:0.471796, Semantic loss: 2.248196, BCE loss: 1.617526, SB loss: 1.200699
2025-03-20 15:09:48,279 Epoch: [3/20] Iter:[50/192], Time: 0.72, lr: [0.00852007039932076], Loss: 5.007431, Acc:0.466348, Semantic loss: 2.221344, BCE loss: 1.604410, SB loss: 1.181678
2025-03-20 15:09:53,272 Epoch: [3/20] Iter:[60/192], Time: 0.68, lr: [0.00849620836559818], Loss: 4.961394, Acc:0.454609, Semantic loss: 2.212364, BCE loss: 1.578590, SB loss: 1.170440
2025-03-20 15:09:58,278 Epoch: [3/20] Iter:[70/192], Time: 0.66, lr: [0.008472338883124477], Loss: 4.992587, Acc:0.459619, Semantic loss: 2.191433, BCE loss: 1.599728, SB loss: 1.201426
2025-03-20 15:10:03,346 Epoch: [3/20] Iter:[80/192], Time: 0.64, lr: [0.008448461926242374], Loss: 4.967549, Acc:0.459361, Semantic loss: 2.191660, BCE loss: 1.589316, SB loss: 1.186572
2025-03-20 15:10:08,353 Epoch: [3/20] Iter:[90/192], Time: 0.62, lr: [0.008424577469125337], Loss: 4.957729, Acc:0.458813, Semantic loss: 2.168050, BCE loss: 1.603969, SB loss: 1.185710
2025-03-20 15:10:13,363 Epoch: [3/20] Iter:[100/192], Time: 0.61, lr: [0.008400685485775935], Loss: 4.986560, Acc:0.458758, Semantic loss: 2.172941, BCE loss: 1.614603, SB loss: 1.199016
2025-03-20 15:10:18,344 Epoch: [3/20] Iter:[110/192], Time: 0.60, lr: [0.008376785950024154], Loss: 4.947465, Acc:0.459879, Semantic loss: 2.146360, BCE loss: 1.616666, SB loss: 1.184439
2025-03-20 15:10:23,335 Epoch: [3/20] Iter:[120/192], Time: 0.59, lr: [0.00835287883552571], Loss: 4.955533, Acc:0.458874, Semantic loss: 2.147636, BCE loss: 1.635277, SB loss: 1.172620
2025-03-20 15:10:28,334 Epoch: [3/20] Iter:[130/192], Time: 0.58, lr: [0.008328964115760324], Loss: 4.933391, Acc:0.457460, Semantic loss: 2.144889, BCE loss: 1.628252, SB loss: 1.160250
2025-03-20 15:10:33,338 Epoch: [3/20] Iter:[140/192], Time: 0.58, lr: [0.008305041764029988], Loss: 4.913819, Acc:0.455151, Semantic loss: 2.133265, BCE loss: 1.625466, SB loss: 1.155089
2025-03-20 15:10:38,347 Epoch: [3/20] Iter:[150/192], Time: 0.57, lr: [0.008281111753457188], Loss: 4.892196, Acc:0.456119, Semantic loss: 2.120124, BCE loss: 1.617224, SB loss: 1.154848
2025-03-20 15:10:43,365 Epoch: [3/20] Iter:[160/192], Time: 0.57, lr: [0.008257174056983133], Loss: 4.883439, Acc:0.457323, Semantic loss: 2.105719, BCE loss: 1.625656, SB loss: 1.152064
2025-03-20 15:10:48,415 Epoch: [3/20] Iter:[170/192], Time: 0.57, lr: [0.00823322864736593], Loss: 4.864885, Acc:0.457576, Semantic loss: 2.092466, BCE loss: 1.631875, SB loss: 1.140543
2025-03-20 15:10:53,464 Epoch: [3/20] Iter:[180/192], Time: 0.56, lr: [0.008209275497178764], Loss: 4.850342, Acc:0.459402, Semantic loss: 2.083484, BCE loss: 1.626149, SB loss: 1.140709
2025-03-20 15:10:58,425 Epoch: [3/20] Iter:[190/192], Time: 0.56, lr: [0.008185314578808021], Loss: 4.837020, Acc:0.461108, Semantic loss: 2.077116, BCE loss: 1.621981, SB loss: 1.137923
2025-03-20 15:13:10,490 0 [0.00000000e+00 5.98863092e-01 1.39015746e-01 1.23057610e-03
 0.00000000e+00 1.17974640e-04 7.38710152e-07] 0.10560401821481198
2025-03-20 15:13:10,490 1 [0.         0.60642947 0.15039574 0.         0.         0.
 0.        ] 0.10811788634246791
2025-03-20 15:13:10,497 => saving checkpoint to output\loveda\pidnet_small_loveda\aug_hf_rbcheckpoint.pth.tar
2025-03-20 15:13:10,593 Loss: 4.020, MeanIU:  0.1081, Best_mIoU:  0.1090
2025-03-20 15:13:10,593 [0.         0.60642947 0.15039574 0.         0.         0.
 0.        ]
2025-03-20 15:13:22,423 Epoch: [4/20] Iter:[0/192], Time: 11.58, lr: [0.008180521460508584], Loss: 4.561197, Acc:0.441264, Semantic loss: 1.838839, BCE loss: 1.799566, SB loss: 0.922792
2025-03-20 15:13:27,918 Epoch: [4/20] Iter:[10/192], Time: 1.55, lr: [0.008156551183601795], Loss: 4.671859, Acc:0.458441, Semantic loss: 1.988215, BCE loss: 1.624239, SB loss: 1.059405
2025-03-20 15:13:33,396 Epoch: [4/20] Iter:[20/192], Time: 1.07, lr: [0.008132573077094668], Loss: 4.594756, Acc:0.456356, Semantic loss: 1.969008, BCE loss: 1.569117, SB loss: 1.056631
2025-03-20 15:13:38,881 Epoch: [4/20] Iter:[30/192], Time: 0.90, lr: [0.008108587112763079], Loss: 4.633164, Acc:0.459000, Semantic loss: 1.965754, BCE loss: 1.583867, SB loss: 1.083543
2025-03-20 15:13:44,606 Epoch: [4/20] Iter:[40/192], Time: 0.82, lr: [0.008084593262188028], Loss: 4.627150, Acc:0.465830, Semantic loss: 1.942971, BCE loss: 1.611219, SB loss: 1.072960
2025-03-20 15:13:50,223 Epoch: [4/20] Iter:[50/192], Time: 0.77, lr: [0.008060591496753653], Loss: 4.588083, Acc:0.466746, Semantic loss: 1.927643, BCE loss: 1.598217, SB loss: 1.062224
2025-03-20 15:13:55,824 Epoch: [4/20] Iter:[60/192], Time: 0.74, lr: [0.008036581787645204], Loss: 4.614621, Acc:0.462569, Semantic loss: 1.929191, BCE loss: 1.626422, SB loss: 1.059007
2025-03-20 15:14:01,426 Epoch: [4/20] Iter:[70/192], Time: 0.71, lr: [0.008012564105846994], Loss: 4.590788, Acc:0.458041, Semantic loss: 1.926489, BCE loss: 1.601303, SB loss: 1.062996
2025-03-20 15:14:07,031 Epoch: [4/20] Iter:[80/192], Time: 0.69, lr: [0.007988538422140333], Loss: 4.560609, Acc:0.461497, Semantic loss: 1.917448, BCE loss: 1.592723, SB loss: 1.050438
2025-03-20 15:14:12,632 Epoch: [4/20] Iter:[90/192], Time: 0.68, lr: [0.007964504707101411], Loss: 4.545640, Acc:0.463358, Semantic loss: 1.915380, BCE loss: 1.584168, SB loss: 1.046091
2025-03-20 15:14:18,233 Epoch: [4/20] Iter:[100/192], Time: 0.67, lr: [0.007940462931099176], Loss: 4.505680, Acc:0.469710, Semantic loss: 1.897484, BCE loss: 1.574616, SB loss: 1.033581
2025-03-20 15:14:23,784 Epoch: [4/20] Iter:[110/192], Time: 0.66, lr: [0.007916413064293163], Loss: 4.483743, Acc:0.475403, Semantic loss: 1.877541, BCE loss: 1.577891, SB loss: 1.028311
2025-03-20 15:14:29,413 Epoch: [4/20] Iter:[120/192], Time: 0.65, lr: [0.007892355076631318], Loss: 4.481057, Acc:0.477338, Semantic loss: 1.867673, BCE loss: 1.589864, SB loss: 1.023520
2025-03-20 15:14:34,986 Epoch: [4/20] Iter:[130/192], Time: 0.64, lr: [0.007868288937847752], Loss: 4.483635, Acc:0.475183, Semantic loss: 1.868538, BCE loss: 1.594752, SB loss: 1.020346
2025-03-20 15:14:40,500 Epoch: [4/20] Iter:[140/192], Time: 0.64, lr: [0.007844214617460508], Loss: 4.478728, Acc:0.478162, Semantic loss: 1.858250, BCE loss: 1.604324, SB loss: 1.016154
2025-03-20 15:14:45,987 Epoch: [4/20] Iter:[150/192], Time: 0.63, lr: [0.007820132084769268], Loss: 4.478503, Acc:0.474538, Semantic loss: 1.862447, BCE loss: 1.602717, SB loss: 1.013339
2025-03-20 15:14:51,603 Epoch: [4/20] Iter:[160/192], Time: 0.63, lr: [0.00779604130885303], Loss: 4.482223, Acc:0.475755, Semantic loss: 1.857758, BCE loss: 1.604875, SB loss: 1.019590
2025-03-20 15:14:57,213 Epoch: [4/20] Iter:[170/192], Time: 0.62, lr: [0.007771942258567773], Loss: 4.480552, Acc:0.475814, Semantic loss: 1.851937, BCE loss: 1.609937, SB loss: 1.018678
2025-03-20 15:15:02,842 Epoch: [4/20] Iter:[180/192], Time: 0.62, lr: [0.007747834902544056], Loss: 4.475063, Acc:0.475730, Semantic loss: 1.852733, BCE loss: 1.606213, SB loss: 1.016116
2025-03-20 15:15:08,169 Epoch: [4/20] Iter:[190/192], Time: 0.61, lr: [0.0077237192091846206], Loss: 4.478695, Acc:0.473961, Semantic loss: 1.855823, BCE loss: 1.606997, SB loss: 1.015874
2025-03-20 15:17:35,048 0 [0.00000000e+00 5.84958268e-01 1.49729049e-01 4.99073618e-06
 0.00000000e+00 3.91874761e-03 0.00000000e+00] 0.10551586501284325
2025-03-20 15:17:35,048 1 [0.00000000e+00 5.99140543e-01 1.24759197e-01 0.00000000e+00
 0.00000000e+00 2.14992098e-07 0.00000000e+00] 0.10341427930312401
2025-03-20 15:17:35,056 => saving checkpoint to output\loveda\pidnet_small_loveda\aug_hf_rbcheckpoint.pth.tar
2025-03-20 15:17:35,154 Loss: 4.127, MeanIU:  0.1034, Best_mIoU:  0.1090
2025-03-20 15:17:35,155 [0.00000000e+00 5.99140543e-01 1.24759197e-01 0.00000000e+00
 0.00000000e+00 2.14992098e-07 0.00000000e+00]
2025-03-20 15:17:46,899 Epoch: [5/20] Iter:[0/192], Time: 11.49, lr: [0.007718895067235705], Loss: 3.840942, Acc:0.424854, Semantic loss: 1.683303, BCE loss: 1.380383, SB loss: 0.777256
2025-03-20 15:17:52,169 Epoch: [5/20] Iter:[10/192], Time: 1.52, lr: [0.007694769327040611], Loss: 4.414168, Acc:0.452412, Semantic loss: 1.859242, BCE loss: 1.606307, SB loss: 0.948618
2025-03-20 15:17:57,722 Epoch: [5/20] Iter:[20/192], Time: 1.06, lr: [0.00767063517918174], Loss: 4.341622, Acc:0.463731, Semantic loss: 1.857664, BCE loss: 1.518499, SB loss: 0.965459
2025-03-20 15:18:03,282 Epoch: [5/20] Iter:[30/192], Time: 0.90, lr: [0.007646492591316132], Loss: 4.230263, Acc:0.479280, Semantic loss: 1.789797, BCE loss: 1.503358, SB loss: 0.937108
2025-03-20 15:18:08,876 Epoch: [5/20] Iter:[40/192], Time: 0.82, lr: [0.007622341530862476], Loss: 4.263569, Acc:0.472649, Semantic loss: 1.812734, BCE loss: 1.514175, SB loss: 0.936659
2025-03-20 15:18:14,443 Epoch: [5/20] Iter:[50/192], Time: 0.77, lr: [0.0075981819649984985], Loss: 4.323396, Acc:0.471146, Semantic loss: 1.823475, BCE loss: 1.557577, SB loss: 0.942344
2025-03-20 15:18:19,961 Epoch: [5/20] Iter:[60/192], Time: 0.73, lr: [0.007574013860658317], Loss: 4.291725, Acc:0.477761, Semantic loss: 1.797670, BCE loss: 1.542372, SB loss: 0.951683
2025-03-20 15:18:25,549 Epoch: [5/20] Iter:[70/192], Time: 0.71, lr: [0.007549837184529776], Loss: 4.333095, Acc:0.475219, Semantic loss: 1.796691, BCE loss: 1.560590, SB loss: 0.975814
2025-03-20 15:18:31,117 Epoch: [5/20] Iter:[80/192], Time: 0.69, lr: [0.0075256519030517215], Loss: 4.334338, Acc:0.474049, Semantic loss: 1.800592, BCE loss: 1.558084, SB loss: 0.975662
2025-03-20 15:18:36,716 Epoch: [5/20] Iter:[90/192], Time: 0.67, lr: [0.007501457982411236], Loss: 4.298893, Acc:0.476781, Semantic loss: 1.788881, BCE loss: 1.545314, SB loss: 0.964698
2025-03-20 15:18:42,275 Epoch: [5/20] Iter:[100/192], Time: 0.66, lr: [0.0074772553885408604], Loss: 4.297179, Acc:0.479968, Semantic loss: 1.783594, BCE loss: 1.546038, SB loss: 0.967546
2025-03-20 15:18:47,858 Epoch: [5/20] Iter:[110/192], Time: 0.65, lr: [0.007453044087115737], Loss: 4.327385, Acc:0.476711, Semantic loss: 1.794449, BCE loss: 1.550048, SB loss: 0.982889
2025-03-20 15:18:53,421 Epoch: [5/20] Iter:[120/192], Time: 0.64, lr: [0.007428824043550734], Loss: 4.322219, Acc:0.475094, Semantic loss: 1.790023, BCE loss: 1.550777, SB loss: 0.981419
2025-03-20 15:18:58,995 Epoch: [5/20] Iter:[130/192], Time: 0.64, lr: [0.007404595222997526], Loss: 4.339554, Acc:0.471910, Semantic loss: 1.796409, BCE loss: 1.553937, SB loss: 0.989207
2025-03-20 15:19:04,614 Epoch: [5/20] Iter:[140/192], Time: 0.63, lr: [0.007380357590341623], Loss: 4.339692, Acc:0.473214, Semantic loss: 1.793246, BCE loss: 1.562728, SB loss: 0.983718
2025-03-20 15:19:10,143 Epoch: [5/20] Iter:[150/192], Time: 0.63, lr: [0.007356111110199354], Loss: 4.344586, Acc:0.474847, Semantic loss: 1.790812, BCE loss: 1.564363, SB loss: 0.989411
2025-03-20 15:19:15,727 Epoch: [5/20] Iter:[160/192], Time: 0.62, lr: [0.00733185574691482], Loss: 4.352064, Acc:0.476055, Semantic loss: 1.785595, BCE loss: 1.571858, SB loss: 0.994611
2025-03-20 15:19:21,262 Epoch: [5/20] Iter:[170/192], Time: 0.62, lr: [0.007307591464556783], Loss: 4.345706, Acc:0.477945, Semantic loss: 1.782751, BCE loss: 1.571718, SB loss: 0.991237
2025-03-20 15:19:26,840 Epoch: [5/20] Iter:[180/192], Time: 0.62, lr: [0.007283318226915514], Loss: 4.361147, Acc:0.475842, Semantic loss: 1.788121, BCE loss: 1.582300, SB loss: 0.990726
2025-03-20 15:19:32,192 Epoch: [5/20] Iter:[190/192], Time: 0.61, lr: [0.007259035997499604], Loss: 4.356377, Acc:0.477580, Semantic loss: 1.783174, BCE loss: 1.581690, SB loss: 0.991513
2025-03-20 15:21:49,557 0 [0.00000000e+00 5.87446281e-01 1.41175542e-01 1.87717431e-07
 4.20207418e-08 1.98713209e-04 9.66856109e-04] 0.10425537456319742
2025-03-20 15:21:49,558 1 [0.         0.61500798 0.08586976 0.         0.         0.
 0.        ] 0.10012539174476165
2025-03-20 15:21:49,574 => saving checkpoint to output\loveda\pidnet_small_loveda\aug_hf_rbcheckpoint.pth.tar
2025-03-20 15:21:49,679 Loss: 4.362, MeanIU:  0.1001, Best_mIoU:  0.1090
2025-03-20 15:21:49,679 [0.         0.61500798 0.08586976 0.         0.         0.
 0.        ]
2025-03-20 15:22:01,285 Epoch: [6/20] Iter:[0/192], Time: 11.35, lr: [0.007254178469372199], Loss: 4.633888, Acc:0.467449, Semantic loss: 1.919809, BCE loss: 1.774495, SB loss: 0.939583
2025-03-20 15:22:06,397 Epoch: [6/20] Iter:[10/192], Time: 1.50, lr: [0.007229885401256642], Loss: 4.234770, Acc:0.488308, Semantic loss: 1.728303, BCE loss: 1.498737, SB loss: 1.007730
2025-03-20 15:22:11,441 Epoch: [6/20] Iter:[20/192], Time: 1.02, lr: [0.0072055832600777334], Loss: 4.326841, Acc:0.470475, Semantic loss: 1.762660, BCE loss: 1.510353, SB loss: 1.053828
2025-03-20 15:22:16,741 Epoch: [6/20] Iter:[30/192], Time: 0.86, lr: [0.007181272008420604], Loss: 4.317498, Acc:0.480081, Semantic loss: 1.774698, BCE loss: 1.505662, SB loss: 1.037137
2025-03-20 15:22:21,992 Epoch: [6/20] Iter:[40/192], Time: 0.78, lr: [0.007156951608574727], Loss: 4.288831, Acc:0.476865, Semantic loss: 1.761067, BCE loss: 1.515688, SB loss: 1.012077
2025-03-20 15:22:27,188 Epoch: [6/20] Iter:[50/192], Time: 0.73, lr: [0.007132622022530447], Loss: 4.280069, Acc:0.473611, Semantic loss: 1.780040, BCE loss: 1.494418, SB loss: 1.005611
2025-03-20 15:22:32,386 Epoch: [6/20] Iter:[60/192], Time: 0.70, lr: [0.007108283211975477], Loss: 4.327620, Acc:0.477154, Semantic loss: 1.777809, BCE loss: 1.542695, SB loss: 1.007117
2025-03-20 15:22:37,596 Epoch: [6/20] Iter:[70/192], Time: 0.67, lr: [0.007083935138291319], Loss: 4.332053, Acc:0.477576, Semantic loss: 1.777635, BCE loss: 1.535126, SB loss: 1.019292
2025-03-20 15:22:42,772 Epoch: [6/20] Iter:[80/192], Time: 0.65, lr: [0.007059577762549636], Loss: 4.321610, Acc:0.481825, Semantic loss: 1.763539, BCE loss: 1.545579, SB loss: 1.012492
2025-03-20 15:22:47,909 Epoch: [6/20] Iter:[90/192], Time: 0.64, lr: [0.007035211045508576], Loss: 4.313029, Acc:0.483928, Semantic loss: 1.760138, BCE loss: 1.556288, SB loss: 0.996603
2025-03-20 15:22:53,185 Epoch: [6/20] Iter:[100/192], Time: 0.63, lr: [0.0070108349476090265], Loss: 4.318477, Acc:0.485357, Semantic loss: 1.755436, BCE loss: 1.571462, SB loss: 0.991579
2025-03-20 15:22:58,291 Epoch: [6/20] Iter:[110/192], Time: 0.62, lr: [0.00698644942897081], Loss: 4.314563, Acc:0.480854, Semantic loss: 1.758586, BCE loss: 1.569447, SB loss: 0.986530
2025-03-20 15:23:03,449 Epoch: [6/20] Iter:[120/192], Time: 0.61, lr: [0.006962054449388827], Loss: 4.326263, Acc:0.480287, Semantic loss: 1.759594, BCE loss: 1.573146, SB loss: 0.993524
2025-03-20 15:23:08,708 Epoch: [6/20] Iter:[130/192], Time: 0.60, lr: [0.006937649968329135], Loss: 4.337037, Acc:0.478418, Semantic loss: 1.763092, BCE loss: 1.580157, SB loss: 0.993789
2025-03-20 15:23:14,179 Epoch: [6/20] Iter:[140/192], Time: 0.60, lr: [0.006913235944924954], Loss: 4.343051, Acc:0.479561, Semantic loss: 1.757020, BCE loss: 1.590828, SB loss: 0.995203
2025-03-20 15:23:19,662 Epoch: [6/20] Iter:[150/192], Time: 0.59, lr: [0.006888812337972621], Loss: 4.340871, Acc:0.477672, Semantic loss: 1.760330, BCE loss: 1.584057, SB loss: 0.996484
2025-03-20 15:23:25,225 Epoch: [6/20] Iter:[160/192], Time: 0.59, lr: [0.00686437910592748], Loss: 4.333285, Acc:0.477687, Semantic loss: 1.760334, BCE loss: 1.579731, SB loss: 0.993221
2025-03-20 15:23:30,743 Epoch: [6/20] Iter:[170/192], Time: 0.59, lr: [0.00683993620689969], Loss: 4.328665, Acc:0.478178, Semantic loss: 1.759859, BCE loss: 1.576850, SB loss: 0.991956
2025-03-20 15:23:36,228 Epoch: [6/20] Iter:[180/192], Time: 0.59, lr: [0.0068154835986499775], Loss: 4.325143, Acc:0.480800, Semantic loss: 1.754072, BCE loss: 1.576371, SB loss: 0.994700
2025-03-20 15:23:41,361 Epoch: [6/20] Iter:[190/192], Time: 0.58, lr: [0.006791021238585323], Loss: 4.314538, Acc:0.481123, Semantic loss: 1.752755, BCE loss: 1.571280, SB loss: 0.990503
2025-03-20 15:25:58,448 0 [0.00000000e+00 5.95011501e-01 1.47907443e-01 3.00351295e-07
 0.00000000e+00 2.55295761e-05 1.14895292e-05] 0.10613660899883251
2025-03-20 15:25:58,449 1 [0.00000000e+00 5.92504447e-01 1.14744164e-01 3.36072803e-04
 0.00000000e+00 0.00000000e+00 5.49442904e-05] 0.10109137537258447
2025-03-20 15:25:58,456 => saving checkpoint to output\loveda\pidnet_small_loveda\aug_hf_rbcheckpoint.pth.tar
2025-03-20 15:25:58,561 Loss: 4.400, MeanIU:  0.1011, Best_mIoU:  0.1090
2025-03-20 15:25:58,561 [0.00000000e+00 5.92504447e-01 1.14744164e-01 3.36072803e-04
 0.00000000e+00 0.00000000e+00 5.49442904e-05]
2025-03-20 15:26:10,187 Epoch: [7/20] Iter:[0/192], Time: 11.37, lr: [0.006786127592581251], Loss: 4.782978, Acc:0.461659, Semantic loss: 1.613836, BCE loss: 2.131638, SB loss: 1.037504
2025-03-20 15:26:15,324 Epoch: [7/20] Iter:[10/192], Time: 1.50, lr: [0.006761653473611295], Loss: 4.128481, Acc:0.488607, Semantic loss: 1.644619, BCE loss: 1.581818, SB loss: 0.902044
2025-03-20 15:26:20,486 Epoch: [7/20] Iter:[20/192], Time: 1.03, lr: [0.006737169507854796], Loss: 4.194661, Acc:0.497135, Semantic loss: 1.663604, BCE loss: 1.627341, SB loss: 0.903715
2025-03-20 15:26:25,684 Epoch: [7/20] Iter:[30/192], Time: 0.87, lr: [0.006712675651556858], Loss: 4.209802, Acc:0.500420, Semantic loss: 1.683721, BCE loss: 1.618260, SB loss: 0.907820
2025-03-20 15:26:30,899 Epoch: [7/20] Iter:[40/192], Time: 0.78, lr: [0.006688171860589905], Loss: 4.167680, Acc:0.487414, Semantic loss: 1.699221, BCE loss: 1.572018, SB loss: 0.896441
2025-03-20 15:26:36,169 Epoch: [7/20] Iter:[50/192], Time: 0.73, lr: [0.0066636580904489585], Loss: 4.213816, Acc:0.485506, Semantic loss: 1.712478, BCE loss: 1.574265, SB loss: 0.927072
2025-03-20 15:26:41,609 Epoch: [7/20] Iter:[60/192], Time: 0.70, lr: [0.006639134296246874], Loss: 4.230934, Acc:0.481124, Semantic loss: 1.716603, BCE loss: 1.579112, SB loss: 0.935220
2025-03-20 15:26:46,848 Epoch: [7/20] Iter:[70/192], Time: 0.68, lr: [0.0066146004327094585], Loss: 4.275328, Acc:0.472242, Semantic loss: 1.743087, BCE loss: 1.576624, SB loss: 0.955616
2025-03-20 15:26:52,263 Epoch: [7/20] Iter:[80/192], Time: 0.66, lr: [0.006590056454170537], Loss: 4.285754, Acc:0.472995, Semantic loss: 1.741125, BCE loss: 1.584231, SB loss: 0.960397
2025-03-20 15:26:57,520 Epoch: [7/20] Iter:[90/192], Time: 0.65, lr: [0.006565502314566912], Loss: 4.281089, Acc:0.473231, Semantic loss: 1.743275, BCE loss: 1.571567, SB loss: 0.966247
2025-03-20 15:27:02,863 Epoch: [7/20] Iter:[100/192], Time: 0.63, lr: [0.006540937967433255], Loss: 4.273311, Acc:0.473077, Semantic loss: 1.736261, BCE loss: 1.569424, SB loss: 0.967627
2025-03-20 15:27:08,259 Epoch: [7/20] Iter:[110/192], Time: 0.63, lr: [0.006516363365896894], Loss: 4.263294, Acc:0.476331, Semantic loss: 1.733651, BCE loss: 1.562972, SB loss: 0.966671
2025-03-20 15:27:13,653 Epoch: [7/20] Iter:[120/192], Time: 0.62, lr: [0.006491778462672531], Loss: 4.266013, Acc:0.477607, Semantic loss: 1.729418, BCE loss: 1.571829, SB loss: 0.964766
2025-03-20 15:27:19,129 Epoch: [7/20] Iter:[130/192], Time: 0.61, lr: [0.006467183210056843], Loss: 4.272340, Acc:0.477491, Semantic loss: 1.729406, BCE loss: 1.576871, SB loss: 0.966063
2025-03-20 15:27:24,516 Epoch: [7/20] Iter:[140/192], Time: 0.61, lr: [0.006442577559923017], Loss: 4.263290, Acc:0.480355, Semantic loss: 1.722084, BCE loss: 1.575338, SB loss: 0.965868
2025-03-20 15:27:29,733 Epoch: [7/20] Iter:[150/192], Time: 0.60, lr: [0.006417961463715172], Loss: 4.252390, Acc:0.480039, Semantic loss: 1.720259, BCE loss: 1.564923, SB loss: 0.967208
2025-03-20 15:27:34,930 Epoch: [7/20] Iter:[160/192], Time: 0.60, lr: [0.006393334872442681], Loss: 4.259359, Acc:0.480744, Semantic loss: 1.724657, BCE loss: 1.563827, SB loss: 0.970875
2025-03-20 15:27:40,470 Epoch: [7/20] Iter:[170/192], Time: 0.59, lr: [0.006368697736674411], Loss: 4.260977, Acc:0.482158, Semantic loss: 1.729384, BCE loss: 1.561846, SB loss: 0.969747
2025-03-20 15:27:46,059 Epoch: [7/20] Iter:[180/192], Time: 0.59, lr: [0.006344050006532848], Loss: 4.262894, Acc:0.482074, Semantic loss: 1.729117, BCE loss: 1.565649, SB loss: 0.968128
2025-03-20 15:27:51,248 Epoch: [7/20] Iter:[190/192], Time: 0.59, lr: [0.006319391631688114], Loss: 4.265268, Acc:0.484624, Semantic loss: 1.725610, BCE loss: 1.566418, SB loss: 0.973239
2025-03-20 15:30:08,613 0 [0.         0.55172157 0.15472384 0.00998048 0.         0.00162988
 0.00784721] 0.10370042453843577
2025-03-20 15:30:08,613 1 [0.         0.31057912 0.05974636 0.00617709 0.         0.
 0.00245282] 0.05413648551115208
2025-03-20 15:30:08,620 => saving checkpoint to output\loveda\pidnet_small_loveda\aug_hf_rbcheckpoint.pth.tar
2025-03-20 15:30:08,725 Loss: 5.788, MeanIU:  0.0541, Best_mIoU:  0.1090
2025-03-20 15:30:08,725 [0.         0.31057912 0.05974636 0.00617709 0.         0.
 0.00245282]
2025-03-20 15:30:20,299 Epoch: [8/20] Iter:[0/192], Time: 11.32, lr: [0.006314458674893553], Loss: 4.312418, Acc:0.560435, Semantic loss: 1.570479, BCE loss: 1.842694, SB loss: 0.899244
2025-03-20 15:30:25,389 Epoch: [8/20] Iter:[10/192], Time: 1.49, lr: [0.006289787459323657], Loss: 4.282825, Acc:0.508272, Semantic loss: 1.690815, BCE loss: 1.582891, SB loss: 1.009120
2025-03-20 15:30:30,454 Epoch: [8/20] Iter:[20/192], Time: 1.02, lr: [0.006265105486702424], Loss: 4.366752, Acc:0.487555, Semantic loss: 1.770248, BCE loss: 1.558474, SB loss: 1.038030
2025-03-20 15:30:35,462 Epoch: [8/20] Iter:[30/192], Time: 0.85, lr: [0.006240412705211017], Loss: 4.299639, Acc:0.483089, Semantic loss: 1.753011, BCE loss: 1.536384, SB loss: 1.010244
2025-03-20 15:30:40,520 Epoch: [8/20] Iter:[40/192], Time: 0.77, lr: [0.006215709062551949], Loss: 4.278452, Acc:0.484380, Semantic loss: 1.737861, BCE loss: 1.546175, SB loss: 0.994416
2025-03-20 15:30:45,562 Epoch: [8/20] Iter:[50/192], Time: 0.72, lr: [0.006190994505942529], Loss: 4.259572, Acc:0.482800, Semantic loss: 1.740328, BCE loss: 1.514115, SB loss: 1.005129
2025-03-20 15:30:50,578 Epoch: [8/20] Iter:[60/192], Time: 0.68, lr: [0.006166268982108192], Loss: 4.247294, Acc:0.478562, Semantic loss: 1.744845, BCE loss: 1.500426, SB loss: 1.002022
2025-03-20 15:30:55,622 Epoch: [8/20] Iter:[70/192], Time: 0.66, lr: [0.006141532437275693], Loss: 4.249847, Acc:0.472738, Semantic loss: 1.750969, BCE loss: 1.493895, SB loss: 1.004983
2025-03-20 15:31:00,635 Epoch: [8/20] Iter:[80/192], Time: 0.64, lr: [0.006116784817166194], Loss: 4.242277, Acc:0.472572, Semantic loss: 1.742152, BCE loss: 1.497131, SB loss: 1.002993
2025-03-20 15:31:05,727 Epoch: [8/20] Iter:[90/192], Time: 0.62, lr: [0.006092026066988214], Loss: 4.262469, Acc:0.475569, Semantic loss: 1.746209, BCE loss: 1.520519, SB loss: 0.995740
2025-03-20 15:31:10,741 Epoch: [8/20] Iter:[100/192], Time: 0.61, lr: [0.006067256131430442], Loss: 4.252132, Acc:0.476526, Semantic loss: 1.736305, BCE loss: 1.530660, SB loss: 0.985168
2025-03-20 15:31:15,755 Epoch: [8/20] Iter:[110/192], Time: 0.60, lr: [0.00604247495465443], Loss: 4.249090, Acc:0.478078, Semantic loss: 1.729947, BCE loss: 1.537979, SB loss: 0.981163
2025-03-20 15:31:20,814 Epoch: [8/20] Iter:[120/192], Time: 0.59, lr: [0.006017682480287143], Loss: 4.241392, Acc:0.479841, Semantic loss: 1.728465, BCE loss: 1.536102, SB loss: 0.976826
2025-03-20 15:31:25,885 Epoch: [8/20] Iter:[130/192], Time: 0.59, lr: [0.00599287865141337], Loss: 4.236929, Acc:0.481240, Semantic loss: 1.726836, BCE loss: 1.536262, SB loss: 0.973831
2025-03-20 15:31:30,920 Epoch: [8/20] Iter:[140/192], Time: 0.58, lr: [0.005968063410567983], Loss: 4.247961, Acc:0.479788, Semantic loss: 1.729915, BCE loss: 1.537129, SB loss: 0.980916
2025-03-20 15:31:35,958 Epoch: [8/20] Iter:[150/192], Time: 0.58, lr: [0.00594323669972807], Loss: 4.259590, Acc:0.483554, Semantic loss: 1.725557, BCE loss: 1.545849, SB loss: 0.988183
2025-03-20 15:31:41,006 Epoch: [8/20] Iter:[160/192], Time: 0.57, lr: [0.005918398460304892], Loss: 4.259650, Acc:0.484448, Semantic loss: 1.724412, BCE loss: 1.547711, SB loss: 0.987526
2025-03-20 15:31:46,050 Epoch: [8/20] Iter:[170/192], Time: 0.57, lr: [0.0058935486331357125], Loss: 4.264930, Acc:0.484527, Semantic loss: 1.724690, BCE loss: 1.553598, SB loss: 0.986642
2025-03-20 15:31:51,092 Epoch: [8/20] Iter:[180/192], Time: 0.56, lr: [0.005868687158475447], Loss: 4.266379, Acc:0.484963, Semantic loss: 1.723326, BCE loss: 1.555265, SB loss: 0.987788
2025-03-20 15:31:56,084 Epoch: [8/20] Iter:[190/192], Time: 0.56, lr: [0.005843813975988169], Loss: 4.261855, Acc:0.485846, Semantic loss: 1.718687, BCE loss: 1.559132, SB loss: 0.984036
2025-03-20 15:34:12,778 0 [0.00000000e+00 5.92228532e-01 1.52357031e-01 3.50986467e-04
 0.00000000e+00 7.45314922e-05 2.87085838e-02] 0.11053138068066283
2025-03-20 15:34:12,779 1 [0.         0.56753002 0.14591722 0.0079622  0.         0.
 0.00669027] 0.10401424371923669
2025-03-20 15:34:12,786 => saving checkpoint to output\loveda\pidnet_small_loveda\aug_hf_rbcheckpoint.pth.tar
2025-03-20 15:34:12,885 Loss: 4.301, MeanIU:  0.1040, Best_mIoU:  0.1090
2025-03-20 15:34:12,885 [0.         0.56753002 0.14591722 0.0079622  0.         0.
 0.00669027]
2025-03-20 15:34:24,428 Epoch: [9/20] Iter:[0/192], Time: 11.28, lr: [0.0058388379291998025], Loss: 3.946728, Acc:0.556577, Semantic loss: 1.466604, BCE loss: 1.655630, SB loss: 0.824494
2025-03-20 15:34:29,515 Epoch: [9/20] Iter:[10/192], Time: 1.49, lr: [0.0058139506168319475], Loss: 4.127649, Acc:0.486245, Semantic loss: 1.674072, BCE loss: 1.486121, SB loss: 0.967455
2025-03-20 15:34:34,561 Epoch: [9/20] Iter:[20/192], Time: 1.02, lr: [0.005789051461775303], Loss: 4.171693, Acc:0.481771, Semantic loss: 1.694106, BCE loss: 1.497214, SB loss: 0.980373
2025-03-20 15:34:39,587 Epoch: [9/20] Iter:[30/192], Time: 0.85, lr: [0.005764140401744157], Loss: 4.202649, Acc:0.483706, Semantic loss: 1.706891, BCE loss: 1.504614, SB loss: 0.991143
2025-03-20 15:34:44,592 Epoch: [9/20] Iter:[40/192], Time: 0.77, lr: [0.005739217373824397], Loss: 4.197631, Acc:0.484921, Semantic loss: 1.707236, BCE loss: 1.514534, SB loss: 0.975862
2025-03-20 15:34:49,619 Epoch: [9/20] Iter:[50/192], Time: 0.72, lr: [0.005714282314464109], Loss: 4.211405, Acc:0.486453, Semantic loss: 1.695379, BCE loss: 1.555579, SB loss: 0.960447
2025-03-20 15:34:54,651 Epoch: [9/20] Iter:[60/192], Time: 0.68, lr: [0.005689335159463984], Loss: 4.238897, Acc:0.482166, Semantic loss: 1.713144, BCE loss: 1.544221, SB loss: 0.981532
2025-03-20 15:34:59,676 Epoch: [9/20] Iter:[70/192], Time: 0.66, lr: [0.0056643758439675305], Loss: 4.241621, Acc:0.481389, Semantic loss: 1.711762, BCE loss: 1.547494, SB loss: 0.982365
2025-03-20 15:35:04,736 Epoch: [9/20] Iter:[80/192], Time: 0.64, lr: [0.005639404302451105], Loss: 4.238818, Acc:0.487372, Semantic loss: 1.710373, BCE loss: 1.536318, SB loss: 0.992127
2025-03-20 15:35:09,836 Epoch: [9/20] Iter:[90/192], Time: 0.62, lr: [0.005614420468713722], Loss: 4.260771, Acc:0.481872, Semantic loss: 1.726080, BCE loss: 1.537714, SB loss: 0.996977
2025-03-20 15:35:14,855 Epoch: [9/20] Iter:[100/192], Time: 0.61, lr: [0.005589424275866668], Loss: 4.256911, Acc:0.485785, Semantic loss: 1.723197, BCE loss: 1.538397, SB loss: 0.995317
2025-03-20 15:35:19,878 Epoch: [9/20] Iter:[110/192], Time: 0.60, lr: [0.005564415656322913], Loss: 4.262338, Acc:0.485013, Semantic loss: 1.720380, BCE loss: 1.547950, SB loss: 0.994007
2025-03-20 15:35:24,881 Epoch: [9/20] Iter:[120/192], Time: 0.59, lr: [0.00553939454178628], Loss: 4.265170, Acc:0.487104, Semantic loss: 1.713454, BCE loss: 1.557161, SB loss: 0.994555
2025-03-20 15:35:29,930 Epoch: [9/20] Iter:[130/192], Time: 0.59, lr: [0.005514360863240413], Loss: 4.267107, Acc:0.486329, Semantic loss: 1.714737, BCE loss: 1.550857, SB loss: 1.001512
2025-03-20 15:35:34,988 Epoch: [9/20] Iter:[140/192], Time: 0.58, lr: [0.005489314550937511], Loss: 4.254639, Acc:0.490356, Semantic loss: 1.705337, BCE loss: 1.551412, SB loss: 0.997890
2025-03-20 15:35:40,035 Epoch: [9/20] Iter:[150/192], Time: 0.58, lr: [0.005464255534386825], Loss: 4.244595, Acc:0.491893, Semantic loss: 1.699084, BCE loss: 1.550917, SB loss: 0.994594
2025-03-20 15:35:45,101 Epoch: [9/20] Iter:[160/192], Time: 0.57, lr: [0.005439183742342914], Loss: 4.254663, Acc:0.491211, Semantic loss: 1.702260, BCE loss: 1.559335, SB loss: 0.993068
2025-03-20 15:35:50,147 Epoch: [9/20] Iter:[170/192], Time: 0.57, lr: [0.00541409910279366], Loss: 4.251434, Acc:0.492550, Semantic loss: 1.696531, BCE loss: 1.562315, SB loss: 0.992588
2025-03-20 15:35:55,223 Epoch: [9/20] Iter:[180/192], Time: 0.56, lr: [0.005389001542948025], Loss: 4.262709, Acc:0.490630, Semantic loss: 1.701631, BCE loss: 1.564025, SB loss: 0.997053
2025-03-20 15:36:00,206 Epoch: [9/20] Iter:[190/192], Time: 0.56, lr: [0.005363890989223547], Loss: 4.249795, Acc:0.490070, Semantic loss: 1.699295, BCE loss: 1.553623, SB loss: 0.996877
2025-03-20 15:38:16,947 0 [0.00000000e+00 5.45672504e-01 1.65369384e-01 1.65213054e-02
 1.20362332e-04 8.02596351e-04 1.16870414e-02] 0.10573902772496373
2025-03-20 15:38:16,948 1 [0.00000000e+00 5.96147647e-01 1.33841266e-01 2.20053028e-02
 0.00000000e+00 1.07080437e-07 1.54413625e-02] 0.10963366931376418
2025-03-20 15:38:16,955 => saving checkpoint to output\loveda\pidnet_small_loveda\aug_hf_rbcheckpoint.pth.tar
2025-03-20 15:38:17,102 Loss: 4.259, MeanIU:  0.1096, Best_mIoU:  0.1096
2025-03-20 15:38:17,103 [0.00000000e+00 5.96147647e-01 1.33841266e-01 2.20053028e-02
 0.00000000e+00 1.07080437e-07 1.54413625e-02]
2025-03-20 15:38:28,727 Epoch: [10/20] Iter:[0/192], Time: 11.37, lr: [0.005358867312681466], Loss: 4.132808, Acc:0.603561, Semantic loss: 1.617667, BCE loss: 1.643623, SB loss: 0.871518
2025-03-20 15:38:33,968 Epoch: [10/20] Iter:[10/192], Time: 1.51, lr: [0.005333741068040314], Loss: 4.387820, Acc:0.493099, Semantic loss: 1.729843, BCE loss: 1.664568, SB loss: 0.993408
2025-03-20 15:38:39,544 Epoch: [10/20] Iter:[20/192], Time: 1.06, lr: [0.0053086016647897714], Loss: 4.381488, Acc:0.491636, Semantic loss: 1.745594, BCE loss: 1.638135, SB loss: 0.997759
2025-03-20 15:38:44,999 Epoch: [10/20] Iter:[30/192], Time: 0.89, lr: [0.005283449026727663], Loss: 4.348656, Acc:0.493084, Semantic loss: 1.716594, BCE loss: 1.653156, SB loss: 0.978907
2025-03-20 15:38:50,575 Epoch: [10/20] Iter:[40/192], Time: 0.81, lr: [0.005258283076804885], Loss: 4.332139, Acc:0.496275, Semantic loss: 1.704181, BCE loss: 1.662961, SB loss: 0.964997
2025-03-20 15:38:56,160 Epoch: [10/20] Iter:[50/192], Time: 0.76, lr: [0.00523310373711144], Loss: 4.278602, Acc:0.497005, Semantic loss: 1.683768, BCE loss: 1.642585, SB loss: 0.952250
2025-03-20 15:39:01,768 Epoch: [10/20] Iter:[60/192], Time: 0.73, lr: [0.005207910928862159], Loss: 4.238249, Acc:0.499507, Semantic loss: 1.675939, BCE loss: 1.626498, SB loss: 0.935812
2025-03-20 15:39:07,306 Epoch: [10/20] Iter:[70/192], Time: 0.70, lr: [0.005182704572382109], Loss: 4.212163, Acc:0.500273, Semantic loss: 1.672528, BCE loss: 1.599331, SB loss: 0.940303
2025-03-20 15:39:12,836 Epoch: [10/20] Iter:[80/192], Time: 0.68, lr: [0.005157484587091684], Loss: 4.220623, Acc:0.498475, Semantic loss: 1.676155, BCE loss: 1.601833, SB loss: 0.942635
2025-03-20 15:39:18,394 Epoch: [10/20] Iter:[90/192], Time: 0.67, lr: [0.005132250891491357], Loss: 4.213710, Acc:0.498662, Semantic loss: 1.670322, BCE loss: 1.591269, SB loss: 0.952119
2025-03-20 15:39:23,950 Epoch: [10/20] Iter:[100/192], Time: 0.66, lr: [0.005107003403146087], Loss: 4.192039, Acc:0.498500, Semantic loss: 1.667944, BCE loss: 1.571340, SB loss: 0.952754
2025-03-20 15:39:29,533 Epoch: [10/20] Iter:[110/192], Time: 0.65, lr: [0.005081742038669388], Loss: 4.202538, Acc:0.497628, Semantic loss: 1.673782, BCE loss: 1.571638, SB loss: 0.957118
2025-03-20 15:39:35,123 Epoch: [10/20] Iter:[120/192], Time: 0.64, lr: [0.005056466713707024], Loss: 4.196571, Acc:0.497105, Semantic loss: 1.675539, BCE loss: 1.559183, SB loss: 0.961848
2025-03-20 15:39:40,633 Epoch: [10/20] Iter:[130/192], Time: 0.64, lr: [0.005031177342920337], Loss: 4.205791, Acc:0.492856, Semantic loss: 1.689010, BCE loss: 1.555196, SB loss: 0.961585
2025-03-20 15:39:46,190 Epoch: [10/20] Iter:[140/192], Time: 0.63, lr: [0.005005873839969192], Loss: 4.207123, Acc:0.488241, Semantic loss: 1.695784, BCE loss: 1.544754, SB loss: 0.966585
2025-03-20 15:39:51,704 Epoch: [10/20] Iter:[150/192], Time: 0.62, lr: [0.00498055611749454], Loss: 4.204625, Acc:0.489814, Semantic loss: 1.696277, BCE loss: 1.545362, SB loss: 0.962986
2025-03-20 15:39:57,204 Epoch: [10/20] Iter:[160/192], Time: 0.62, lr: [0.004955224087100552], Loss: 4.204550, Acc:0.491294, Semantic loss: 1.694948, BCE loss: 1.546955, SB loss: 0.962646
2025-03-20 15:40:02,701 Epoch: [10/20] Iter:[170/192], Time: 0.62, lr: [0.004929877659336362], Loss: 4.206694, Acc:0.492831, Semantic loss: 1.692592, BCE loss: 1.549330, SB loss: 0.964772
2025-03-20 15:40:08,535 Epoch: [10/20] Iter:[180/192], Time: 0.61, lr: [0.004904516743677371], Loss: 4.205436, Acc:0.490878, Semantic loss: 1.694066, BCE loss: 1.544928, SB loss: 0.966442
2025-03-20 15:40:14,194 Epoch: [10/20] Iter:[190/192], Time: 0.61, lr: [0.00487914124850611], Loss: 4.207067, Acc:0.491079, Semantic loss: 1.691832, BCE loss: 1.548212, SB loss: 0.967023
2025-03-20 15:42:57,817 0 [0.00000000e+00 5.06909741e-01 1.36647850e-01 1.86889267e-02
 4.66383697e-03 3.03623187e-06 3.17320005e-02] 0.09980648456027343
2025-03-20 15:42:57,818 1 [0.         0.46423864 0.10545363 0.01999508 0.00274631 0.
 0.02715311] 0.0885123942109542
2025-03-20 15:42:57,824 => saving checkpoint to output\loveda\pidnet_small_loveda\aug_hf_rbcheckpoint.pth.tar
2025-03-20 15:42:57,924 Loss: 4.483, MeanIU:  0.0885, Best_mIoU:  0.1096
2025-03-20 15:42:57,924 [0.         0.46423864 0.10545363 0.01999508 0.00274631 0.
 0.02715311]
2025-03-20 15:43:09,640 Epoch: [11/20] Iter:[0/192], Time: 11.46, lr: [0.004874064391789954], Loss: 4.290259, Acc:0.600250, Semantic loss: 1.557826, BCE loss: 1.673258, SB loss: 1.059176
2025-03-20 15:43:15,154 Epoch: [11/20] Iter:[10/192], Time: 1.54, lr: [0.004848671278701159], Loss: 4.052472, Acc:0.528159, Semantic loss: 1.572307, BCE loss: 1.596530, SB loss: 0.883634
2025-03-20 15:43:20,659 Epoch: [11/20] Iter:[20/192], Time: 1.07, lr: [0.0048232633805975296], Loss: 4.180253, Acc:0.500131, Semantic loss: 1.629670, BCE loss: 1.602009, SB loss: 0.948574
2025-03-20 15:43:26,374 Epoch: [11/20] Iter:[30/192], Time: 0.91, lr: [0.00479784060223045], Loss: 4.207129, Acc:0.489241, Semantic loss: 1.684467, BCE loss: 1.553960, SB loss: 0.968702
2025-03-20 15:43:31,994 Epoch: [11/20] Iter:[40/192], Time: 0.82, lr: [0.004772402847172951], Loss: 4.145925, Acc:0.505268, Semantic loss: 1.647161, BCE loss: 1.536462, SB loss: 0.962302
2025-03-20 15:43:37,518 Epoch: [11/20] Iter:[50/192], Time: 0.77, lr: [0.004746950017798064], Loss: 4.120133, Acc:0.510043, Semantic loss: 1.622875, BCE loss: 1.545470, SB loss: 0.951788
2025-03-20 15:43:43,037 Epoch: [11/20] Iter:[60/192], Time: 0.74, lr: [0.004721482015256639], Loss: 4.136959, Acc:0.509309, Semantic loss: 1.625255, BCE loss: 1.542304, SB loss: 0.969400
2025-03-20 15:43:48,636 Epoch: [11/20] Iter:[70/192], Time: 0.71, lr: [0.004695998739454633], Loss: 4.149202, Acc:0.511311, Semantic loss: 1.630565, BCE loss: 1.555258, SB loss: 0.963379
2025-03-20 15:43:54,193 Epoch: [11/20] Iter:[80/192], Time: 0.69, lr: [0.004670500089029817], Loss: 4.149698, Acc:0.509765, Semantic loss: 1.627959, BCE loss: 1.555920, SB loss: 0.965819
2025-03-20 15:43:59,720 Epoch: [11/20] Iter:[90/192], Time: 0.68, lr: [0.004644985961327915], Loss: 4.151951, Acc:0.504178, Semantic loss: 1.647838, BCE loss: 1.534261, SB loss: 0.969852
2025-03-20 15:44:05,319 Epoch: [11/20] Iter:[100/192], Time: 0.66, lr: [0.004619456252378151], Loss: 4.156746, Acc:0.503573, Semantic loss: 1.650915, BCE loss: 1.536377, SB loss: 0.969453
2025-03-20 15:44:10,939 Epoch: [11/20] Iter:[110/192], Time: 0.66, lr: [0.004593910856868159], Loss: 4.153608, Acc:0.504703, Semantic loss: 1.651159, BCE loss: 1.533774, SB loss: 0.968675
2025-03-20 15:44:16,491 Epoch: [11/20] Iter:[120/192], Time: 0.65, lr: [0.004568349668118281], Loss: 4.158113, Acc:0.504948, Semantic loss: 1.652049, BCE loss: 1.533790, SB loss: 0.972275
2025-03-20 15:44:22,056 Epoch: [11/20] Iter:[130/192], Time: 0.64, lr: [0.004542772578055196], Loss: 4.174363, Acc:0.501295, Semantic loss: 1.659680, BCE loss: 1.536141, SB loss: 0.978543
2025-03-20 15:44:27,638 Epoch: [11/20] Iter:[140/192], Time: 0.63, lr: [0.00451717947718487], Loss: 4.173935, Acc:0.502606, Semantic loss: 1.655829, BCE loss: 1.543565, SB loss: 0.974541
2025-03-20 15:44:33,208 Epoch: [11/20] Iter:[150/192], Time: 0.63, lr: [0.004491570254564817], Loss: 4.184715, Acc:0.500246, Semantic loss: 1.662097, BCE loss: 1.541586, SB loss: 0.981032
2025-03-20 15:44:38,748 Epoch: [11/20] Iter:[160/192], Time: 0.62, lr: [0.004465944797775636], Loss: 4.192505, Acc:0.499119, Semantic loss: 1.662857, BCE loss: 1.542580, SB loss: 0.987067
2025-03-20 15:44:44,309 Epoch: [11/20] Iter:[170/192], Time: 0.62, lr: [0.004440302992891796], Loss: 4.195767, Acc:0.499433, Semantic loss: 1.662455, BCE loss: 1.546366, SB loss: 0.986946
2025-03-20 15:44:49,809 Epoch: [11/20] Iter:[180/192], Time: 0.62, lr: [0.004414644724451659], Loss: 4.199739, Acc:0.497450, Semantic loss: 1.666227, BCE loss: 1.546597, SB loss: 0.986915
2025-03-20 15:44:55,186 Epoch: [11/20] Iter:[190/192], Time: 0.61, lr: [0.004388969875426714], Loss: 4.199230, Acc:0.496412, Semantic loss: 1.668799, BCE loss: 1.542222, SB loss: 0.988209
2025-03-20 15:47:10,506 0 [0.00000000e+00 5.34638092e-01 1.71243106e-01 2.22222081e-02
 1.98607892e-04 1.02250109e-04 1.89691930e-02] 0.10676763678895992
2025-03-20 15:47:10,507 1 [0.         0.55860625 0.13055023 0.02860025 0.         0.
 0.02210196] 0.10569409920897525
2025-03-20 15:47:10,514 => saving checkpoint to output\loveda\pidnet_small_loveda\aug_hf_rbcheckpoint.pth.tar
2025-03-20 15:47:10,627 Loss: 4.443, MeanIU:  0.1057, Best_mIoU:  0.1096
2025-03-20 15:47:10,627 [0.         0.55860625 0.13055023 0.02860025 0.         0.
 0.02210196]
2025-03-20 15:47:22,566 Epoch: [12/20] Iter:[0/192], Time: 11.68, lr: [0.0043838329055408696], Loss: 3.963354, Acc:0.649024, Semantic loss: 1.382138, BCE loss: 1.680859, SB loss: 0.900357
2025-03-20 15:47:27,770 Epoch: [12/20] Iter:[10/192], Time: 1.54, lr: [0.004358138003083593], Loss: 4.151409, Acc:0.517042, Semantic loss: 1.580561, BCE loss: 1.693138, SB loss: 0.877710
2025-03-20 15:47:33,209 Epoch: [12/20] Iter:[20/192], Time: 1.06, lr: [0.0043324262569064236], Loss: 4.231340, Acc:0.499121, Semantic loss: 1.663190, BCE loss: 1.621107, SB loss: 0.947044
2025-03-20 15:47:38,726 Epoch: [12/20] Iter:[30/192], Time: 0.90, lr: [0.0043066975447503065], Loss: 4.210328, Acc:0.495920, Semantic loss: 1.683092, BCE loss: 1.572611, SB loss: 0.954625
2025-03-20 15:47:44,268 Epoch: [12/20] Iter:[40/192], Time: 0.81, lr: [0.00428095174265078], Loss: 4.215179, Acc:0.500062, Semantic loss: 1.687484, BCE loss: 1.582416, SB loss: 0.945279
2025-03-20 15:47:49,745 Epoch: [12/20] Iter:[50/192], Time: 0.76, lr: [0.004255188724902623], Loss: 4.273946, Acc:0.494460, Semantic loss: 1.701526, BCE loss: 1.593526, SB loss: 0.978893
2025-03-20 15:47:55,221 Epoch: [12/20] Iter:[60/192], Time: 0.73, lr: [0.004229408364023519], Loss: 4.266356, Acc:0.499198, Semantic loss: 1.692093, BCE loss: 1.606058, SB loss: 0.968204
2025-03-20 15:48:00,726 Epoch: [12/20] Iter:[70/192], Time: 0.70, lr: [0.004203610530716726], Loss: 4.236897, Acc:0.500862, Semantic loss: 1.685111, BCE loss: 1.588891, SB loss: 0.962895
2025-03-20 15:48:06,272 Epoch: [12/20] Iter:[80/192], Time: 0.68, lr: [0.004177795093832693], Loss: 4.224689, Acc:0.500109, Semantic loss: 1.682954, BCE loss: 1.585123, SB loss: 0.956612
2025-03-20 15:48:11,721 Epoch: [12/20] Iter:[90/192], Time: 0.67, lr: [0.004151961920329593], Loss: 4.212263, Acc:0.497503, Semantic loss: 1.687613, BCE loss: 1.570468, SB loss: 0.954182
2025-03-20 15:48:17,266 Epoch: [12/20] Iter:[100/192], Time: 0.66, lr: [0.004126110875232744], Loss: 4.221494, Acc:0.498117, Semantic loss: 1.689511, BCE loss: 1.576246, SB loss: 0.955738
2025-03-20 15:48:22,718 Epoch: [12/20] Iter:[110/192], Time: 0.65, lr: [0.004100241821592866], Loss: 4.208058, Acc:0.496994, Semantic loss: 1.686049, BCE loss: 1.566379, SB loss: 0.955630
2025-03-20 15:48:28,255 Epoch: [12/20] Iter:[120/192], Time: 0.64, lr: [0.00407435462044314], Loss: 4.199706, Acc:0.496997, Semantic loss: 1.679802, BCE loss: 1.565310, SB loss: 0.954594
2025-03-20 15:48:33,745 Epoch: [12/20] Iter:[130/192], Time: 0.63, lr: [0.004048449130755016], Loss: 4.194148, Acc:0.496317, Semantic loss: 1.673817, BCE loss: 1.564864, SB loss: 0.955468
2025-03-20 15:48:39,232 Epoch: [12/20] Iter:[140/192], Time: 0.63, lr: [0.004022525209392749], Loss: 4.193151, Acc:0.498210, Semantic loss: 1.668903, BCE loss: 1.567922, SB loss: 0.956326
2025-03-20 15:48:44,574 Epoch: [12/20] Iter:[150/192], Time: 0.62, lr: [0.003996582711066572], Loss: 4.179295, Acc:0.500425, Semantic loss: 1.659170, BCE loss: 1.566483, SB loss: 0.953642
2025-03-20 15:48:49,684 Epoch: [12/20] Iter:[160/192], Time: 0.61, lr: [0.003970621488284514], Loss: 4.174046, Acc:0.499362, Semantic loss: 1.659781, BCE loss: 1.559191, SB loss: 0.955075
2025-03-20 15:48:54,792 Epoch: [12/20] Iter:[170/192], Time: 0.61, lr: [0.003944641391302759], Loss: 4.167517, Acc:0.497832, Semantic loss: 1.661778, BCE loss: 1.553281, SB loss: 0.952458
2025-03-20 15:48:59,897 Epoch: [12/20] Iter:[180/192], Time: 0.60, lr: [0.003918642268074522], Loss: 4.156950, Acc:0.498747, Semantic loss: 1.661867, BCE loss: 1.541056, SB loss: 0.954028
2025-03-20 15:49:04,947 Epoch: [12/20] Iter:[190/192], Time: 0.60, lr: [0.003892623964197378], Loss: 4.162548, Acc:0.497799, Semantic loss: 1.661451, BCE loss: 1.541393, SB loss: 0.959703
2025-03-20 15:51:18,232 0 [0.         0.58301485 0.14167735 0.02182171 0.00474192 0.0039861
 0.02659226] 0.11169059669022326
2025-03-20 15:51:18,232 1 [0.00000000e+00 5.78143579e-01 1.94599222e-01 2.78365500e-02
 5.55958940e-02 3.22474362e-04 1.95875582e-02] 0.1251550396411449
2025-03-20 15:51:18,239 => saving checkpoint to output\loveda\pidnet_small_loveda\aug_hf_rbcheckpoint.pth.tar
2025-03-20 15:51:18,377 Loss: 3.884, MeanIU:  0.1252, Best_mIoU:  0.1252
2025-03-20 15:51:18,377 [0.00000000e+00 5.78143579e-01 1.94599222e-01 2.78365500e-02
 5.55958940e-02 3.22474362e-04 1.95875582e-02]
2025-03-20 15:51:30,481 Epoch: [13/20] Iter:[0/192], Time: 11.84, lr: [0.0038874179879876346], Loss: 4.387710, Acc:0.568462, Semantic loss: 1.511512, BCE loss: 1.869857, SB loss: 1.006341
2025-03-20 15:51:35,727 Epoch: [13/20] Iter:[10/192], Time: 1.55, lr: [0.003861376460123532], Loss: 4.263158, Acc:0.502850, Semantic loss: 1.620889, BCE loss: 1.654264, SB loss: 0.988005
2025-03-20 15:51:40,853 Epoch: [13/20] Iter:[20/192], Time: 1.06, lr: [0.003835315403363414], Loss: 4.306789, Acc:0.484692, Semantic loss: 1.704184, BCE loss: 1.584918, SB loss: 1.017687
2025-03-20 15:51:45,902 Epoch: [13/20] Iter:[30/192], Time: 0.88, lr: [0.00380923465539378], Loss: 4.246381, Acc:0.496226, Semantic loss: 1.680804, BCE loss: 1.560046, SB loss: 1.005532
2025-03-20 15:51:50,918 Epoch: [13/20] Iter:[40/192], Time: 0.79, lr: [0.0037831340513060203], Loss: 4.251884, Acc:0.496242, Semantic loss: 1.674150, BCE loss: 1.575275, SB loss: 1.002459
2025-03-20 15:51:55,969 Epoch: [13/20] Iter:[50/192], Time: 0.73, lr: [0.003757013423534689], Loss: 4.245388, Acc:0.505369, Semantic loss: 1.664726, BCE loss: 1.581789, SB loss: 0.998873
2025-03-20 15:52:01,008 Epoch: [13/20] Iter:[60/192], Time: 0.69, lr: [0.003730872601793835], Loss: 4.212911, Acc:0.505887, Semantic loss: 1.651373, BCE loss: 1.582792, SB loss: 0.978746
2025-03-20 15:52:06,027 Epoch: [13/20] Iter:[70/192], Time: 0.67, lr: [0.0037047114130112895], Loss: 4.198731, Acc:0.508151, Semantic loss: 1.650917, BCE loss: 1.567845, SB loss: 0.979970
2025-03-20 15:52:11,083 Epoch: [13/20] Iter:[80/192], Time: 0.65, lr: [0.0036785296812608405], Loss: 4.208967, Acc:0.501291, Semantic loss: 1.676395, BCE loss: 1.540545, SB loss: 0.992027
2025-03-20 15:52:16,133 Epoch: [13/20] Iter:[90/192], Time: 0.63, lr: [0.003652327227692201], Loss: 4.210524, Acc:0.501082, Semantic loss: 1.671919, BCE loss: 1.550613, SB loss: 0.987992
2025-03-20 15:52:21,520 Epoch: [13/20] Iter:[100/192], Time: 0.62, lr: [0.0036261038704587037], Loss: 4.216278, Acc:0.500503, Semantic loss: 1.668192, BCE loss: 1.561854, SB loss: 0.986232
2025-03-20 15:52:26,952 Epoch: [13/20] Iter:[110/192], Time: 0.62, lr: [0.003599859424642584], Loss: 4.223794, Acc:0.497540, Semantic loss: 1.672096, BCE loss: 1.567401, SB loss: 0.984296
2025-03-20 15:52:32,352 Epoch: [13/20] Iter:[120/192], Time: 0.61, lr: [0.0035735937021778063], Loss: 4.214799, Acc:0.498303, Semantic loss: 1.669246, BCE loss: 1.561605, SB loss: 0.983948
2025-03-20 15:52:37,783 Epoch: [13/20] Iter:[130/192], Time: 0.60, lr: [0.0035473065117702885], Loss: 4.202125, Acc:0.499492, Semantic loss: 1.664421, BCE loss: 1.554791, SB loss: 0.982914
2025-03-20 15:52:43,183 Epoch: [13/20] Iter:[140/192], Time: 0.60, lr: [0.003520997658815433], Loss: 4.188518, Acc:0.500399, Semantic loss: 1.662062, BCE loss: 1.547703, SB loss: 0.978753
2025-03-20 15:52:48,628 Epoch: [13/20] Iter:[150/192], Time: 0.60, lr: [0.003494666945312851], Loss: 4.179427, Acc:0.499608, Semantic loss: 1.662625, BCE loss: 1.541475, SB loss: 0.975327
2025-03-20 15:52:54,077 Epoch: [13/20] Iter:[160/192], Time: 0.59, lr: [0.00346831416977816], Loss: 4.171441, Acc:0.499327, Semantic loss: 1.664602, BCE loss: 1.533896, SB loss: 0.972943
2025-03-20 15:52:59,527 Epoch: [13/20] Iter:[170/192], Time: 0.59, lr: [0.003441939127151716], Loss: 4.160761, Acc:0.502512, Semantic loss: 1.656832, BCE loss: 1.535214, SB loss: 0.968715
2025-03-20 15:53:04,981 Epoch: [13/20] Iter:[180/192], Time: 0.59, lr: [0.0034155416087041646], Loss: 4.152619, Acc:0.503681, Semantic loss: 1.652663, BCE loss: 1.534697, SB loss: 0.965259
2025-03-20 15:53:10,244 Epoch: [13/20] Iter:[190/192], Time: 0.58, lr: [0.0033891214019386652], Loss: 4.151070, Acc:0.502744, Semantic loss: 1.650915, BCE loss: 1.534352, SB loss: 0.965802
2025-03-20 15:55:23,438 0 [0.00000000e+00 5.61897661e-01 1.54352162e-01 1.72881591e-02
 2.47227095e-02 2.59820648e-04 2.43851375e-02] 0.11184366425319928
2025-03-20 15:55:23,439 1 [0.00000000e+00 5.34027993e-01 1.60915450e-01 1.79620838e-02
 4.23661121e-02 1.14670491e-04 2.34508984e-02] 0.11126245822905771
2025-03-20 15:55:23,446 => saving checkpoint to output\loveda\pidnet_small_loveda\aug_hf_rbcheckpoint.pth.tar
2025-03-20 15:55:23,549 Loss: 3.906, MeanIU:  0.1113, Best_mIoU:  0.1252
2025-03-20 15:55:23,549 [0.00000000e+00 5.34027993e-01 1.60915450e-01 1.79620838e-02
 4.23661121e-02 1.14670491e-04 2.34508984e-02]
2025-03-20 15:55:35,208 Epoch: [14/20] Iter:[0/192], Time: 11.40, lr: [0.0033838346190164987], Loss: 4.075410, Acc:0.594418, Semantic loss: 1.454677, BCE loss: 1.754743, SB loss: 0.865990
2025-03-20 15:55:40,421 Epoch: [14/20] Iter:[10/192], Time: 1.51, lr: [0.0033573869003190927], Loss: 4.157195, Acc:0.525932, Semantic loss: 1.597870, BCE loss: 1.639339, SB loss: 0.919986
2025-03-20 15:55:45,786 Epoch: [14/20] Iter:[20/192], Time: 1.05, lr: [0.0033309160120447595], Loss: 4.221895, Acc:0.516462, Semantic loss: 1.629928, BCE loss: 1.576052, SB loss: 1.015914
2025-03-20 15:55:51,041 Epoch: [14/20] Iter:[30/192], Time: 0.88, lr: [0.0033044217289421207], Loss: 4.202236, Acc:0.517274, Semantic loss: 1.638788, BCE loss: 1.531112, SB loss: 1.032337
2025-03-20 15:55:56,343 Epoch: [14/20] Iter:[40/192], Time: 0.79, lr: [0.0032779038215418194], Loss: 4.190569, Acc:0.520589, Semantic loss: 1.624324, BCE loss: 1.540603, SB loss: 1.025642
2025-03-20 15:56:01,668 Epoch: [14/20] Iter:[50/192], Time: 0.74, lr: [0.0032513620560388795], Loss: 4.183544, Acc:0.512036, Semantic loss: 1.619226, BCE loss: 1.555795, SB loss: 1.008523
2025-03-20 15:56:06,831 Epoch: [14/20] Iter:[60/192], Time: 0.71, lr: [0.003224796194170671], Loss: 4.179640, Acc:0.511010, Semantic loss: 1.618777, BCE loss: 1.556158, SB loss: 1.004705
2025-03-20 15:56:12,105 Epoch: [14/20] Iter:[70/192], Time: 0.68, lr: [0.003198205993090303], Loss: 4.169681, Acc:0.505106, Semantic loss: 1.625676, BCE loss: 1.535602, SB loss: 1.008403
2025-03-20 15:56:17,398 Epoch: [14/20] Iter:[80/192], Time: 0.66, lr: [0.0031715912052352204], Loss: 4.159615, Acc:0.509307, Semantic loss: 1.615972, BCE loss: 1.542669, SB loss: 1.000974
2025-03-20 15:56:22,712 Epoch: [14/20] Iter:[90/192], Time: 0.65, lr: [0.0031449515781907557], Loss: 4.144250, Acc:0.509533, Semantic loss: 1.616999, BCE loss: 1.537846, SB loss: 0.989406
2025-03-20 15:56:28,010 Epoch: [14/20] Iter:[100/192], Time: 0.64, lr: [0.003118286854548424], Loss: 4.138552, Acc:0.509215, Semantic loss: 1.617797, BCE loss: 1.534998, SB loss: 0.985757
2025-03-20 15:56:33,350 Epoch: [14/20] Iter:[110/192], Time: 0.63, lr: [0.003091596771758693], Loss: 4.140887, Acc:0.510969, Semantic loss: 1.612163, BCE loss: 1.545446, SB loss: 0.983278
2025-03-20 15:56:38,610 Epoch: [14/20] Iter:[120/192], Time: 0.62, lr: [0.0030648810619779434], Loss: 4.156235, Acc:0.510874, Semantic loss: 1.618483, BCE loss: 1.554086, SB loss: 0.983666
2025-03-20 15:56:43,819 Epoch: [14/20] Iter:[130/192], Time: 0.61, lr: [0.0030381394519093602], Loss: 4.145262, Acc:0.508181, Semantic loss: 1.618251, BCE loss: 1.543735, SB loss: 0.983276
2025-03-20 15:56:49,080 Epoch: [14/20] Iter:[140/192], Time: 0.60, lr: [0.003011371662637431], Loss: 4.141446, Acc:0.509214, Semantic loss: 1.619673, BCE loss: 1.536036, SB loss: 0.985737
2025-03-20 15:56:54,412 Epoch: [14/20] Iter:[150/192], Time: 0.60, lr: [0.0029845774094557345], Loss: 4.141949, Acc:0.508053, Semantic loss: 1.620556, BCE loss: 1.539762, SB loss: 0.981631
2025-03-20 15:56:59,699 Epoch: [14/20] Iter:[160/192], Time: 0.60, lr: [0.002957756401687678], Loss: 4.132061, Acc:0.509310, Semantic loss: 1.618273, BCE loss: 1.534065, SB loss: 0.979723
2025-03-20 15:57:04,924 Epoch: [14/20] Iter:[170/192], Time: 0.59, lr: [0.002930908342499829], Loss: 4.134182, Acc:0.508833, Semantic loss: 1.619253, BCE loss: 1.538284, SB loss: 0.976645
2025-03-20 15:57:10,123 Epoch: [14/20] Iter:[180/192], Time: 0.59, lr: [0.002904032928707437], Loss: 4.138725, Acc:0.505905, Semantic loss: 1.627156, BCE loss: 1.535448, SB loss: 0.976120
2025-03-20 15:57:15,276 Epoch: [14/20] Iter:[190/192], Time: 0.58, lr: [0.0028771298505717554], Loss: 4.146737, Acc:0.504048, Semantic loss: 1.633712, BCE loss: 1.531025, SB loss: 0.981999
2025-03-20 15:59:28,150 0 [0.00000000e+00 5.44438316e-01 1.29086565e-01 1.69220882e-02
 4.26241853e-02 2.44430026e-04 2.50187246e-02] 0.10833347277778405
2025-03-20 15:59:28,150 1 [0.00000000e+00 5.26685909e-01 1.19324411e-01 2.08741440e-02
 8.03001230e-03 5.14263587e-05 2.01220885e-02] 0.0992982844383731
2025-03-20 15:59:28,158 => saving checkpoint to output\loveda\pidnet_small_loveda\aug_hf_rbcheckpoint.pth.tar
2025-03-20 15:59:28,256 Loss: 4.364, MeanIU:  0.0993, Best_mIoU:  0.1252
2025-03-20 15:59:28,256 [0.00000000e+00 5.26685909e-01 1.19324411e-01 2.08741440e-02
 8.03001230e-03 5.14263587e-05 2.01220885e-02]
2025-03-20 15:59:39,941 Epoch: [15/20] Iter:[0/192], Time: 11.43, lr: [0.0028717458874925874], Loss: 3.995575, Acc:0.464180, Semantic loss: 1.494974, BCE loss: 1.588008, SB loss: 0.912593
2025-03-20 15:59:44,991 Epoch: [15/20] Iter:[10/192], Time: 1.50, lr: [0.0028448091937488323], Loss: 4.140393, Acc:0.481077, Semantic loss: 1.685949, BCE loss: 1.432759, SB loss: 1.021686
2025-03-20 15:59:50,048 Epoch: [15/20] Iter:[20/192], Time: 1.03, lr: [0.002817844130111582], Loss: 4.207200, Acc:0.485219, Semantic loss: 1.687260, BCE loss: 1.490870, SB loss: 1.029070
2025-03-20 15:59:55,092 Epoch: [15/20] Iter:[30/192], Time: 0.86, lr: [0.0027908503644035994], Loss: 4.219658, Acc:0.493662, Semantic loss: 1.679716, BCE loss: 1.542559, SB loss: 0.997383
2025-03-20 16:00:00,108 Epoch: [15/20] Iter:[40/192], Time: 0.77, lr: [0.0027638275569424097], Loss: 4.211725, Acc:0.491023, Semantic loss: 1.682903, BCE loss: 1.527715, SB loss: 1.001107
2025-03-20 16:00:05,144 Epoch: [15/20] Iter:[50/192], Time: 0.72, lr: [0.002736775360287257], Loss: 4.157530, Acc:0.492884, Semantic loss: 1.667204, BCE loss: 1.491892, SB loss: 0.998434
2025-03-20 16:00:10,176 Epoch: [15/20] Iter:[60/192], Time: 0.68, lr: [0.002709693418974644], Loss: 4.144833, Acc:0.500298, Semantic loss: 1.658912, BCE loss: 1.496030, SB loss: 0.989891
2025-03-20 16:00:15,151 Epoch: [15/20] Iter:[70/192], Time: 0.66, lr: [0.0026825813692418162], Loss: 4.107119, Acc:0.504370, Semantic loss: 1.640716, BCE loss: 1.484221, SB loss: 0.982182
2025-03-20 16:00:20,187 Epoch: [15/20] Iter:[80/192], Time: 0.64, lr: [0.0026554388387375], Loss: 4.123122, Acc:0.504782, Semantic loss: 1.644178, BCE loss: 1.489790, SB loss: 0.989155
2025-03-20 16:00:25,247 Epoch: [15/20] Iter:[90/192], Time: 0.62, lr: [0.002628265446219161], Loss: 4.098264, Acc:0.510968, Semantic loss: 1.632212, BCE loss: 1.489945, SB loss: 0.976107
2025-03-20 16:00:30,263 Epoch: [15/20] Iter:[100/192], Time: 0.61, lr: [0.002601060801235972], Loss: 4.094966, Acc:0.510907, Semantic loss: 1.633831, BCE loss: 1.493583, SB loss: 0.967552
2025-03-20 16:00:35,247 Epoch: [15/20] Iter:[110/192], Time: 0.60, lr: [0.002573824503796671], Loss: 4.092817, Acc:0.509926, Semantic loss: 1.626194, BCE loss: 1.505710, SB loss: 0.960913
2025-03-20 16:00:40,242 Epoch: [15/20] Iter:[120/192], Time: 0.59, lr: [0.00254655614402138], Loss: 4.098749, Acc:0.508050, Semantic loss: 1.624945, BCE loss: 1.514294, SB loss: 0.959510
2025-03-20 16:00:45,257 Epoch: [15/20] Iter:[130/192], Time: 0.59, lr: [0.0025192553017764118], Loss: 4.093878, Acc:0.507973, Semantic loss: 1.624071, BCE loss: 1.514309, SB loss: 0.955499
2025-03-20 16:00:50,248 Epoch: [15/20] Iter:[140/192], Time: 0.58, lr: [0.002491921546291034], Loss: 4.093443, Acc:0.507540, Semantic loss: 1.620067, BCE loss: 1.521670, SB loss: 0.951705
2025-03-20 16:00:55,264 Epoch: [15/20] Iter:[150/192], Time: 0.57, lr: [0.0024645544357550573], Loss: 4.103309, Acc:0.506957, Semantic loss: 1.623204, BCE loss: 1.522850, SB loss: 0.957254
2025-03-20 16:01:00,280 Epoch: [15/20] Iter:[160/192], Time: 0.57, lr: [0.002437153516896028], Loss: 4.110822, Acc:0.505922, Semantic loss: 1.626380, BCE loss: 1.518111, SB loss: 0.966331
2025-03-20 16:01:05,332 Epoch: [15/20] Iter:[170/192], Time: 0.57, lr: [0.0024097183245347467], Loss: 4.116167, Acc:0.507488, Semantic loss: 1.625912, BCE loss: 1.527992, SB loss: 0.962263
2025-03-20 16:01:10,371 Epoch: [15/20] Iter:[180/192], Time: 0.56, lr: [0.0023822483811177], Loss: 4.112833, Acc:0.509667, Semantic loss: 1.620999, BCE loss: 1.531252, SB loss: 0.960582
2025-03-20 16:01:15,324 Epoch: [15/20] Iter:[190/192], Time: 0.56, lr: [0.002354743196224891], Loss: 4.115711, Acc:0.508254, Semantic loss: 1.623433, BCE loss: 1.530371, SB loss: 0.961907
2025-03-20 16:03:27,156 0 [0.         0.45770796 0.10806223 0.01380585 0.00760094 0.00055806
 0.02913806] 0.08812472888626315
2025-03-20 16:03:27,157 1 [0.00000000e+00 4.99699312e-01 1.27886820e-01 1.17037450e-02
 3.96927734e-04 6.92805239e-05 3.09429885e-02] 0.09581415326482068
2025-03-20 16:03:27,164 => saving checkpoint to output\loveda\pidnet_small_loveda\aug_hf_rbcheckpoint.pth.tar
2025-03-20 16:03:27,260 Loss: 4.555, MeanIU:  0.0958, Best_mIoU:  0.1252
2025-03-20 16:03:27,261 [0.00000000e+00 4.99699312e-01 1.27886820e-01 1.17037450e-02
 3.96927734e-04 6.92805239e-05 3.09429885e-02]
2025-03-20 16:03:38,842 Epoch: [16/20] Iter:[0/192], Time: 11.32, lr: [0.0023492378861760376], Loss: 4.402713, Acc:0.539998, Semantic loss: 1.606215, BCE loss: 1.734656, SB loss: 1.061841
2025-03-20 16:03:43,913 Epoch: [16/20] Iter:[10/192], Time: 1.49, lr: [0.0023216897452738748], Loss: 3.995230, Acc:0.558989, Semantic loss: 1.543159, BCE loss: 1.524644, SB loss: 0.927427
2025-03-20 16:03:48,911 Epoch: [16/20] Iter:[20/192], Time: 1.02, lr: [0.0022941052360858027], Loss: 3.922886, Acc:0.541959, Semantic loss: 1.551473, BCE loss: 1.466946, SB loss: 0.904467
2025-03-20 16:03:53,943 Epoch: [16/20] Iter:[30/192], Time: 0.85, lr: [0.0022664838233947228], Loss: 4.043013, Acc:0.524178, Semantic loss: 1.596290, BCE loss: 1.504334, SB loss: 0.942389
2025-03-20 16:03:58,984 Epoch: [16/20] Iter:[40/192], Time: 0.77, lr: [0.0022388249567421017], Loss: 4.059279, Acc:0.522255, Semantic loss: 1.592602, BCE loss: 1.534505, SB loss: 0.932172
2025-03-20 16:04:04,023 Epoch: [16/20] Iter:[50/192], Time: 0.72, lr: [0.002211128069778427], Loss: 4.057967, Acc:0.521069, Semantic loss: 1.592247, BCE loss: 1.525852, SB loss: 0.939869
2025-03-20 16:04:09,079 Epoch: [16/20] Iter:[60/192], Time: 0.68, lr: [0.0021833925795765436], Loss: 4.086059, Acc:0.517422, Semantic loss: 1.595457, BCE loss: 1.545612, SB loss: 0.944990
2025-03-20 16:04:14,104 Epoch: [16/20] Iter:[70/192], Time: 0.66, lr: [0.0021556178859051967], Loss: 4.075394, Acc:0.518369, Semantic loss: 1.587151, BCE loss: 1.548413, SB loss: 0.939830
2025-03-20 16:04:19,118 Epoch: [16/20] Iter:[80/192], Time: 0.64, lr: [0.002127803370459852], Loss: 4.073601, Acc:0.519027, Semantic loss: 1.580525, BCE loss: 1.556693, SB loss: 0.936382
2025-03-20 16:04:24,166 Epoch: [16/20] Iter:[90/192], Time: 0.62, lr: [0.0020999483960476508], Loss: 4.059465, Acc:0.515279, Semantic loss: 1.581057, BCE loss: 1.539177, SB loss: 0.939230
2025-03-20 16:04:29,197 Epoch: [16/20] Iter:[100/192], Time: 0.61, lr: [0.0020720523057230294], Loss: 4.071721, Acc:0.517672, Semantic loss: 1.581004, BCE loss: 1.554844, SB loss: 0.935874
2025-03-20 16:04:34,232 Epoch: [16/20] Iter:[110/192], Time: 0.60, lr: [0.002044114421870228], Loss: 4.068248, Acc:0.517787, Semantic loss: 1.577520, BCE loss: 1.556245, SB loss: 0.934484
2025-03-20 16:04:39,261 Epoch: [16/20] Iter:[120/192], Time: 0.59, lr: [0.0020161340452285867], Loss: 4.066843, Acc:0.518618, Semantic loss: 1.577704, BCE loss: 1.554683, SB loss: 0.934457
2025-03-20 16:04:44,253 Epoch: [16/20] Iter:[130/192], Time: 0.59, lr: [0.001988110453856112], Loss: 4.071439, Acc:0.513984, Semantic loss: 1.587715, BCE loss: 1.542752, SB loss: 0.940972
2025-03-20 16:04:49,259 Epoch: [16/20] Iter:[140/192], Time: 0.58, lr: [0.0019600429020263607], Loss: 4.087271, Acc:0.512207, Semantic loss: 1.595503, BCE loss: 1.546031, SB loss: 0.945737
2025-03-20 16:04:54,283 Epoch: [16/20] Iter:[150/192], Time: 0.57, lr: [0.0019319306190532476], Loss: 4.087562, Acc:0.513761, Semantic loss: 1.593088, BCE loss: 1.548547, SB loss: 0.945927
2025-03-20 16:04:59,281 Epoch: [16/20] Iter:[160/192], Time: 0.57, lr: [0.0019037728080378042], Loss: 4.097796, Acc:0.509988, Semantic loss: 1.603990, BCE loss: 1.541385, SB loss: 0.952421
2025-03-20 16:05:04,304 Epoch: [16/20] Iter:[170/192], Time: 0.57, lr: [0.0018755686445303314], Loss: 4.086143, Acc:0.509454, Semantic loss: 1.605253, BCE loss: 1.530775, SB loss: 0.950114
2025-03-20 16:05:09,356 Epoch: [16/20] Iter:[180/192], Time: 0.56, lr: [0.001847317275100738], Loss: 4.091551, Acc:0.508511, Semantic loss: 1.610954, BCE loss: 1.532668, SB loss: 0.947929
2025-03-20 16:05:14,334 Epoch: [16/20] Iter:[190/192], Time: 0.56, lr: [0.0018190178158090872], Loss: 4.096528, Acc:0.507483, Semantic loss: 1.616181, BCE loss: 1.531905, SB loss: 0.948442
2025-03-20 16:07:26,760 0 [0.         0.54035953 0.12650778 0.01163795 0.05564232 0.00740635
 0.02668982] 0.10974910668495606
2025-03-20 16:07:26,760 1 [0.         0.57048658 0.16164733 0.01671808 0.03804266 0.00615925
 0.02132744] 0.11634019081564469
2025-03-20 16:07:26,767 => saving checkpoint to output\loveda\pidnet_small_loveda\aug_hf_rbcheckpoint.pth.tar
2025-03-20 16:07:26,868 Loss: 3.964, MeanIU:  0.1163, Best_mIoU:  0.1252
2025-03-20 16:07:26,868 [0.         0.57048658 0.16164733 0.01671808 0.03804266 0.00615925
 0.02132744]
2025-03-20 16:07:38,564 Epoch: [17/20] Iter:[0/192], Time: 11.44, lr: [0.0018133520731367456], Loss: 4.054038, Acc:0.515381, Semantic loss: 1.457767, BCE loss: 1.735157, SB loss: 0.861114
2025-03-20 16:07:43,606 Epoch: [17/20] Iter:[10/192], Time: 1.50, lr: [0.001784993693823396], Loss: 4.062828, Acc:0.500539, Semantic loss: 1.567289, BCE loss: 1.580416, SB loss: 0.915123
2025-03-20 16:07:48,623 Epoch: [17/20] Iter:[20/192], Time: 1.02, lr: [0.0017565851643374117], Loss: 4.022548, Acc:0.516370, Semantic loss: 1.551240, BCE loss: 1.570948, SB loss: 0.900360
2025-03-20 16:07:53,735 Epoch: [17/20] Iter:[30/192], Time: 0.86, lr: [0.0017281254915000803], Loss: 4.124798, Acc:0.504231, Semantic loss: 1.612867, BCE loss: 1.558263, SB loss: 0.953669
2025-03-20 16:07:58,985 Epoch: [17/20] Iter:[40/192], Time: 0.78, lr: [0.0016996136438923032], Loss: 4.100245, Acc:0.502093, Semantic loss: 1.609698, BCE loss: 1.539260, SB loss: 0.951287
2025-03-20 16:08:04,216 Epoch: [17/20] Iter:[50/192], Time: 0.73, lr: [0.0016710485496403851], Loss: 4.118662, Acc:0.497393, Semantic loss: 1.624868, BCE loss: 1.533211, SB loss: 0.960582
2025-03-20 16:08:09,440 Epoch: [17/20] Iter:[60/192], Time: 0.69, lr: [0.0016424290940290059], Loss: 4.100759, Acc:0.504128, Semantic loss: 1.617215, BCE loss: 1.530132, SB loss: 0.953412
2025-03-20 16:08:14,745 Epoch: [17/20] Iter:[70/192], Time: 0.67, lr: [0.0016137541169242962], Loss: 4.052498, Acc:0.505808, Semantic loss: 1.607292, BCE loss: 1.502141, SB loss: 0.943065
2025-03-20 16:08:19,829 Epoch: [17/20] Iter:[80/192], Time: 0.65, lr: [0.0015850224099878446], Loss: 4.063487, Acc:0.508167, Semantic loss: 1.606447, BCE loss: 1.515964, SB loss: 0.941076
2025-03-20 16:08:24,942 Epoch: [17/20] Iter:[90/192], Time: 0.64, lr: [0.001556232713660091], Loss: 4.062513, Acc:0.508332, Semantic loss: 1.603507, BCE loss: 1.516873, SB loss: 0.942133
2025-03-20 16:08:30,101 Epoch: [17/20] Iter:[100/192], Time: 0.62, lr: [0.0015273837138888994], Loss: 4.060596, Acc:0.512001, Semantic loss: 1.597725, BCE loss: 1.523922, SB loss: 0.938949
2025-03-20 16:08:35,196 Epoch: [17/20] Iter:[110/192], Time: 0.61, lr: [0.0014984740385759552], Loss: 4.062879, Acc:0.512893, Semantic loss: 1.593976, BCE loss: 1.531780, SB loss: 0.937123
2025-03-20 16:08:40,441 Epoch: [17/20] Iter:[120/192], Time: 0.61, lr: [0.0014695022537100475], Loss: 4.064513, Acc:0.511972, Semantic loss: 1.595030, BCE loss: 1.530733, SB loss: 0.938750
2025-03-20 16:08:45,530 Epoch: [17/20] Iter:[130/192], Time: 0.60, lr: [0.0014404668591521846], Loss: 4.076662, Acc:0.506946, Semantic loss: 1.606952, BCE loss: 1.525944, SB loss: 0.943765
2025-03-20 16:08:50,584 Epoch: [17/20] Iter:[140/192], Time: 0.59, lr: [0.0014113662840326588], Loss: 4.079697, Acc:0.507859, Semantic loss: 1.611170, BCE loss: 1.526015, SB loss: 0.942512
2025-03-20 16:08:55,601 Epoch: [17/20] Iter:[150/192], Time: 0.59, lr: [0.0013821988817145786], Loss: 4.085427, Acc:0.508032, Semantic loss: 1.612477, BCE loss: 1.528779, SB loss: 0.944172
2025-03-20 16:09:00,654 Epoch: [17/20] Iter:[160/192], Time: 0.58, lr: [0.0013529629242719093], Loss: 4.083260, Acc:0.510963, Semantic loss: 1.609395, BCE loss: 1.529582, SB loss: 0.944283
2025-03-20 16:09:05,688 Epoch: [17/20] Iter:[170/192], Time: 0.58, lr: [0.0013236565964223801], Loss: 4.082473, Acc:0.511767, Semantic loss: 1.606380, BCE loss: 1.532431, SB loss: 0.943662
2025-03-20 16:09:10,700 Epoch: [17/20] Iter:[180/192], Time: 0.57, lr: [0.0012942779888466518], Loss: 4.081438, Acc:0.511093, Semantic loss: 1.606684, BCE loss: 1.532999, SB loss: 0.941755
2025-03-20 16:09:15,670 Epoch: [17/20] Iter:[190/192], Time: 0.57, lr: [0.0012648250908145803], Loss: 4.081221, Acc:0.510070, Semantic loss: 1.606787, BCE loss: 1.529879, SB loss: 0.944556
2025-03-20 16:11:25,197 0 [0.         0.50311644 0.1350555  0.01742043 0.06744755 0.00793527
 0.03229347] 0.10903838069379819
2025-03-20 16:11:25,198 1 [0.         0.53737736 0.16571106 0.01677816 0.04641738 0.00623231
 0.02533028] 0.11397807947194143
2025-03-20 16:11:25,207 => saving checkpoint to output\loveda\pidnet_small_loveda\aug_hf_rbcheckpoint.pth.tar
2025-03-20 16:11:25,310 Loss: 3.948, MeanIU:  0.1140, Best_mIoU:  0.1252
2025-03-20 16:11:25,311 [0.         0.53737736 0.16571106 0.01677816 0.04641738 0.00623231
 0.02533028]
2025-03-20 16:11:36,882 Epoch: [18/20] Iter:[0/192], Time: 11.31, lr: [0.001258925411794167], Loss: 3.661898, Acc:0.508995, Semantic loss: 1.371439, BCE loss: 1.475043, SB loss: 0.815416
2025-03-20 16:11:41,929 Epoch: [18/20] Iter:[10/192], Time: 1.49, lr: [0.0012293805561511607], Loss: 4.164469, Acc:0.505189, Semantic loss: 1.623334, BCE loss: 1.564301, SB loss: 0.976833
2025-03-20 16:11:46,940 Epoch: [18/20] Iter:[20/192], Time: 1.02, lr: [0.0011997565879500753], Loss: 4.133471, Acc:0.508688, Semantic loss: 1.615763, BCE loss: 1.535899, SB loss: 0.981809
2025-03-20 16:11:51,962 Epoch: [18/20] Iter:[30/192], Time: 0.85, lr: [0.0011700511125444005], Loss: 4.145790, Acc:0.508327, Semantic loss: 1.634057, BCE loss: 1.522213, SB loss: 0.989520
2025-03-20 16:11:56,997 Epoch: [18/20] Iter:[40/192], Time: 0.77, lr: [0.0011402615929770753], Loss: 4.111937, Acc:0.514939, Semantic loss: 1.608608, BCE loss: 1.530753, SB loss: 0.972576
2025-03-20 16:12:02,024 Epoch: [18/20] Iter:[50/192], Time: 0.71, lr: [0.0011103853371305413], Loss: 4.076414, Acc:0.516201, Semantic loss: 1.599456, BCE loss: 1.513519, SB loss: 0.963439
2025-03-20 16:12:07,035 Epoch: [18/20] Iter:[60/192], Time: 0.68, lr: [0.001080419483295973], Loss: 4.051326, Acc:0.518546, Semantic loss: 1.597277, BCE loss: 1.498053, SB loss: 0.955996
2025-03-20 16:12:12,056 Epoch: [18/20] Iter:[70/192], Time: 0.65, lr: [0.0010503609839122385], Loss: 4.053157, Acc:0.523034, Semantic loss: 1.588939, BCE loss: 1.519934, SB loss: 0.944284
2025-03-20 16:12:17,099 Epoch: [18/20] Iter:[80/192], Time: 0.64, lr: [0.0010202065871765603], Loss: 4.054204, Acc:0.518250, Semantic loss: 1.590935, BCE loss: 1.523858, SB loss: 0.939411
2025-03-20 16:12:22,138 Epoch: [18/20] Iter:[90/192], Time: 0.62, lr: [0.000989952816168914], Loss: 4.054412, Acc:0.519077, Semantic loss: 1.587313, BCE loss: 1.528082, SB loss: 0.939017
2025-03-20 16:12:27,187 Epoch: [18/20] Iter:[100/192], Time: 0.61, lr: [0.0009595959450576828], Loss: 4.056640, Acc:0.517319, Semantic loss: 1.587778, BCE loss: 1.527945, SB loss: 0.940917
2025-03-20 16:12:32,210 Epoch: [18/20] Iter:[110/192], Time: 0.60, lr: [0.000929131971860904], Loss: 4.042640, Acc:0.515208, Semantic loss: 1.592574, BCE loss: 1.512364, SB loss: 0.937702
2025-03-20 16:12:37,224 Epoch: [18/20] Iter:[120/192], Time: 0.59, lr: [0.0008985565871200918], Loss: 4.033237, Acc:0.516236, Semantic loss: 1.588015, BCE loss: 1.514767, SB loss: 0.930455
2025-03-20 16:12:42,252 Epoch: [18/20] Iter:[130/192], Time: 0.59, lr: [0.0008678651376944955], Loss: 4.044160, Acc:0.516749, Semantic loss: 1.589448, BCE loss: 1.525875, SB loss: 0.928838
2025-03-20 16:12:47,305 Epoch: [18/20] Iter:[140/192], Time: 0.58, lr: [0.000837052584692747], Loss: 4.057609, Acc:0.517926, Semantic loss: 1.587560, BCE loss: 1.533917, SB loss: 0.936132
2025-03-20 16:12:52,319 Epoch: [18/20] Iter:[150/192], Time: 0.57, lr: [0.000806113454312208], Loss: 4.048660, Acc:0.518628, Semantic loss: 1.585089, BCE loss: 1.527019, SB loss: 0.936552
2025-03-20 16:12:57,312 Epoch: [18/20] Iter:[160/192], Time: 0.57, lr: [0.0007750417800344363], Loss: 4.040673, Acc:0.519216, Semantic loss: 1.582290, BCE loss: 1.522620, SB loss: 0.935763
2025-03-20 16:13:02,307 Epoch: [18/20] Iter:[170/192], Time: 0.57, lr: [0.0007438310342008949], Loss: 4.046322, Acc:0.517131, Semantic loss: 1.586789, BCE loss: 1.520920, SB loss: 0.938613
2025-03-20 16:13:07,354 Epoch: [18/20] Iter:[180/192], Time: 0.56, lr: [0.0007124740464272778], Loss: 4.039311, Acc:0.519389, Semantic loss: 1.582432, BCE loss: 1.520663, SB loss: 0.936216
2025-03-20 16:13:12,354 Epoch: [18/20] Iter:[190/192], Time: 0.56, lr: [0.0006809629055511224], Loss: 4.049319, Acc:0.517629, Semantic loss: 1.587972, BCE loss: 1.523429, SB loss: 0.937918
2025-03-20 16:15:24,027 0 [0.         0.46675603 0.11833886 0.01717763 0.06446364 0.00157305
 0.0282803 ] 0.0995127868786
2025-03-20 16:15:24,028 1 [0.00000000e+00 4.87980580e-01 1.39963477e-01 2.00522968e-02
 4.41160565e-02 4.49121297e-05 1.73205280e-02] 0.10135397859830478
2025-03-20 16:15:24,035 => saving checkpoint to output\loveda\pidnet_small_loveda\aug_hf_rbcheckpoint.pth.tar
2025-03-20 16:15:24,139 Loss: 4.280, MeanIU:  0.1014, Best_mIoU:  0.1252
2025-03-20 16:15:24,139 [0.00000000e+00 4.87980580e-01 1.39963477e-01 2.00522968e-02
 4.41160565e-02 4.49121297e-05 1.73205280e-02]
2025-03-20 16:15:35,795 Epoch: [19/20] Iter:[0/192], Time: 11.40, lr: [0.0006746414238367822], Loss: 4.244398, Acc:0.497515, Semantic loss: 1.668636, BCE loss: 1.615917, SB loss: 0.959845
2025-03-20 16:15:40,864 Epoch: [19/20] Iter:[10/192], Time: 1.50, lr: [0.0006429336362339898], Loss: 4.023986, Acc:0.482480, Semantic loss: 1.604157, BCE loss: 1.511696, SB loss: 0.908134
2025-03-20 16:15:45,854 Epoch: [19/20] Iter:[20/192], Time: 1.02, lr: [0.0006110510578510947], Loss: 4.069729, Acc:0.472979, Semantic loss: 1.640914, BCE loss: 1.460102, SB loss: 0.968713
2025-03-20 16:15:50,911 Epoch: [19/20] Iter:[30/192], Time: 0.86, lr: [0.0005789824653018995], Loss: 4.061004, Acc:0.488746, Semantic loss: 1.639053, BCE loss: 1.456677, SB loss: 0.965274
2025-03-20 16:15:55,957 Epoch: [19/20] Iter:[40/192], Time: 0.77, lr: [0.0005467151732202777], Loss: 4.087680, Acc:0.496145, Semantic loss: 1.623443, BCE loss: 1.504424, SB loss: 0.959813
2025-03-20 16:16:00,977 Epoch: [19/20] Iter:[50/192], Time: 0.72, lr: [0.0005142347343351296], Loss: 4.123238, Acc:0.493959, Semantic loss: 1.641400, BCE loss: 1.510189, SB loss: 0.971649
2025-03-20 16:16:06,034 Epoch: [19/20] Iter:[60/192], Time: 0.68, lr: [0.0004815245523312483], Loss: 4.086706, Acc:0.497777, Semantic loss: 1.631330, BCE loss: 1.498390, SB loss: 0.956986
2025-03-20 16:16:11,061 Epoch: [19/20] Iter:[70/192], Time: 0.66, lr: [0.000448565373510549], Loss: 4.068887, Acc:0.501818, Semantic loss: 1.628366, BCE loss: 1.494007, SB loss: 0.946513
2025-03-20 16:16:16,077 Epoch: [19/20] Iter:[80/192], Time: 0.64, lr: [0.00041533460609889997], Loss: 4.079882, Acc:0.503310, Semantic loss: 1.625115, BCE loss: 1.513521, SB loss: 0.941246
2025-03-20 16:16:21,126 Epoch: [19/20] Iter:[90/192], Time: 0.62, lr: [0.00038180538785330436], Loss: 4.071250, Acc:0.506644, Semantic loss: 1.620944, BCE loss: 1.504764, SB loss: 0.945542
2025-03-20 16:16:26,151 Epoch: [19/20] Iter:[100/192], Time: 0.61, lr: [0.00034794527452517863], Loss: 4.043888, Acc:0.508346, Semantic loss: 1.608771, BCE loss: 1.497221, SB loss: 0.937896
2025-03-20 16:16:31,203 Epoch: [19/20] Iter:[110/192], Time: 0.60, lr: [0.00031371433588231993], Loss: 4.037320, Acc:0.509591, Semantic loss: 1.605697, BCE loss: 1.492315, SB loss: 0.939308
2025-03-20 16:16:36,243 Epoch: [19/20] Iter:[120/192], Time: 0.59, lr: [0.0002790622842837163], Loss: 4.043911, Acc:0.511798, Semantic loss: 1.605177, BCE loss: 1.498475, SB loss: 0.940258
2025-03-20 16:16:41,284 Epoch: [19/20] Iter:[130/192], Time: 0.59, lr: [0.0002439239356353784], Loss: 4.040745, Acc:0.512615, Semantic loss: 1.602922, BCE loss: 1.501025, SB loss: 0.936799
2025-03-20 16:16:46,322 Epoch: [19/20] Iter:[140/192], Time: 0.58, lr: [0.00020821159321002047], Loss: 4.047689, Acc:0.511801, Semantic loss: 1.603071, BCE loss: 1.510713, SB loss: 0.933905
2025-03-20 16:16:51,348 Epoch: [19/20] Iter:[150/192], Time: 0.58, lr: [0.00017180122628828942], Loss: 4.055078, Acc:0.511391, Semantic loss: 1.601700, BCE loss: 1.522943, SB loss: 0.930435
2025-03-20 16:16:56,386 Epoch: [19/20] Iter:[160/192], Time: 0.57, lr: [0.00013450451987183818], Loss: 4.050779, Acc:0.512888, Semantic loss: 1.596684, BCE loss: 1.523616, SB loss: 0.930479
2025-03-20 16:17:01,416 Epoch: [19/20] Iter:[170/192], Time: 0.57, lr: [9.600244875192536e-05], Loss: 4.053037, Acc:0.513463, Semantic loss: 1.594104, BCE loss: 1.528411, SB loss: 0.930522
2025-03-20 16:17:06,441 Epoch: [19/20] Iter:[180/192], Time: 0.56, lr: [5.563716848048335e-05], Loss: 4.060498, Acc:0.513829, Semantic loss: 1.596869, BCE loss: 1.533877, SB loss: 0.929753
2025-03-20 16:17:11,407 Epoch: [19/20] Iter:[190/192], Time: 0.56, lr: [1.1092486125349496e-05], Loss: 4.045523, Acc:0.515485, Semantic loss: 1.591426, BCE loss: 1.525727, SB loss: 0.928369
2025-03-20 16:19:24,035 0 [0.         0.51002479 0.13240355 0.01863494 0.07119813 0.00593782
 0.03018542] 0.10976923422768947
2025-03-20 16:19:24,035 1 [0.         0.55733611 0.17396716 0.0315779  0.11498787 0.00240066
 0.02583562] 0.12944361721876982
2025-03-20 16:19:24,043 => saving checkpoint to output\loveda\pidnet_small_loveda\aug_hf_rbcheckpoint.pth.tar
2025-03-20 16:19:24,197 Loss: 3.902, MeanIU:  0.1294, Best_mIoU:  0.1294
2025-03-20 16:19:24,197 [0.         0.55733611 0.17396716 0.0315779  0.11498787 0.00240066
 0.02583562]
2025-03-20 16:19:24,250 Hours: 1
2025-03-20 16:19:24,251 Done
