2025-03-28 09:33:27,902 Namespace(cfg='configs/loveda/pidnet_small_loveda.yaml', seed=304, opts=[])
2025-03-28 09:33:27,902 AUTO_RESUME: False
CUDNN:
  BENCHMARK: True
  DETERMINISTIC: False
  ENABLED: True
DATASET:
  DATASET: loveda
  EXTRA_TRAIN_SET: 
  NUM_CLASSES: 7
  ROOT: data/
  TARGET_SET: 
  TEST_SET: list/loveda/urban_rural/val.lst
  TRAIN_SET: list/loveda/urban_rural/train.lst
GPUS: (0,)
LOG_DIR: log
LOSS:
  BALANCE_WEIGHTS: [0.4, 1.0]
  CLASS_BALANCE: False
  OHEMKEEP: 131072
  OHEMTHRES: 0.9
  SB_WEIGHTS: 1.0
  USE_OHEM: True
MODEL:
  ALIGN_CORNERS: True
  NAME: pidnet_small
  NUM_OUTPUTS: 2
  PRETRAINED: pretrained_models/imagenet/PIDNet_S_ImageNet.pth.tar
OUTPUT_DIR: output
PIN_MEMORY: True
PRINT_FREQ: 10
TEST:
  BASE_SIZE: 2048
  BATCH_SIZE_PER_GPU: 6
  FLIP_TEST: False
  IMAGE_SIZE: [2048, 1024]
  MODEL_FILE: output/loveda/pidnet_small_loveda/final_state.pt
  MULTI_SCALE: False
  OUTPUT_INDEX: 1
TRAIN:
  AUGMENTATION:
    ENABLE: True
    PROBABILITY: 0.5
    TECHNIQUES:
      GAUSSIAN_BLUR: False
      HORIZONTAL_FLIP: True
      MULTIPLY: False
      RANDOM_BRIGHTNESS: True
  BASE_SIZE: 2048
  BATCH_SIZE_PER_GPU: 6
  BEGIN_EPOCH: 0
  DACS:
    ENABLE: False
    THRESHOLD: 0.968
  END_EPOCH: 20
  EXTRA_EPOCH: 0
  EXTRA_LR: 0.001
  FLIP: False
  IGNORE_LABEL: 0
  IMAGE_SIZE: [1024, 1024]
  LR: 0.01
  MOMENTUM: 0.9
  MULTI_SCALE: False
  NESTEROV: False
  OPTIMIZER: sgd
  RESUME: True
  SCALE_FACTOR: 16
  SHUFFLE: True
  WD: 0.0005
WORKERS: 4
2025-03-28 09:33:28,066 Attention!!!
2025-03-28 09:33:28,067 Loaded 302 parameters!
2025-03-28 09:33:28,067 Over!!!
2025-03-28 09:33:44,603 Epoch: [0/20] Iter:[0/192], Time: 16.40, lr: [0.01], Loss: 16.154659, Acc:0.141612, Semantic loss: 6.953853, BCE loss: 3.807866, SB loss: 5.392941
2025-03-28 09:33:48,859 Epoch: [0/20] Iter:[10/192], Time: 1.86, lr: [0.009976559445324192], Loss: 12.109121, Acc:0.280993, Semantic loss: 5.343892, BCE loss: 2.754375, SB loss: 4.010854
2025-03-28 09:33:53,136 Epoch: [0/20] Iter:[20/192], Time: 1.18, lr: [0.009953112769592761], Loss: 9.944100, Acc:0.336183, Semantic loss: 4.396627, BCE loss: 2.406705, SB loss: 3.140768
2025-03-28 09:33:57,491 Epoch: [0/20] Iter:[30/192], Time: 0.94, lr: [0.009929659955177281], Loss: 8.559313, Acc:0.368599, Semantic loss: 3.725299, BCE loss: 2.226751, SB loss: 2.607263
2025-03-28 09:34:01,794 Epoch: [0/20] Iter:[40/192], Time: 0.81, lr: [0.009906200984352154], Loss: 7.686537, Acc:0.377386, Semantic loss: 3.322448, BCE loss: 2.088135, SB loss: 2.275954
2025-03-28 09:34:06,021 Epoch: [0/20] Iter:[50/192], Time: 0.74, lr: [0.009882735839293803], Loss: 7.069338, Acc:0.406618, Semantic loss: 3.037986, BCE loss: 1.988940, SB loss: 2.042412
2025-03-28 09:34:10,344 Epoch: [0/20] Iter:[60/192], Time: 0.69, lr: [0.00985926450207989], Loss: 6.700826, Acc:0.413012, Semantic loss: 2.876115, BCE loss: 1.927240, SB loss: 1.897471
2025-03-28 09:34:14,890 Epoch: [0/20] Iter:[70/192], Time: 0.65, lr: [0.009835786954688485], Loss: 6.426268, Acc:0.417495, Semantic loss: 2.752182, BCE loss: 1.881346, SB loss: 1.792740
2025-03-28 09:34:19,477 Epoch: [0/20] Iter:[80/192], Time: 0.63, lr: [0.00981230317899726], Loss: 6.190906, Acc:0.422413, Semantic loss: 2.643654, BCE loss: 1.841724, SB loss: 1.705528
2025-03-28 09:34:24,164 Epoch: [0/20] Iter:[90/192], Time: 0.61, lr: [0.009788813156782662], Loss: 6.040657, Acc:0.426735, Semantic loss: 2.571543, BCE loss: 1.825161, SB loss: 1.643953
2025-03-28 09:34:28,860 Epoch: [0/20] Iter:[100/192], Time: 0.60, lr: [0.009765316869719067], Loss: 5.890565, Acc:0.428313, Semantic loss: 2.504932, BCE loss: 1.799929, SB loss: 1.585704
2025-03-28 09:34:33,609 Epoch: [0/20] Iter:[110/192], Time: 0.59, lr: [0.009741814299377942], Loss: 5.765288, Acc:0.429125, Semantic loss: 2.449045, BCE loss: 1.771440, SB loss: 1.544803
2025-03-28 09:34:38,298 Epoch: [0/20] Iter:[120/192], Time: 0.58, lr: [0.009718305427226986], Loss: 5.648964, Acc:0.434097, Semantic loss: 2.389283, BCE loss: 1.761657, SB loss: 1.498024
2025-03-28 09:34:42,829 Epoch: [0/20] Iter:[130/192], Time: 0.57, lr: [0.009694790234629266], Loss: 5.539729, Acc:0.439968, Semantic loss: 2.332776, BCE loss: 1.747624, SB loss: 1.459329
2025-03-28 09:34:47,452 Epoch: [0/20] Iter:[140/192], Time: 0.56, lr: [0.009671268702842338], Loss: 5.456261, Acc:0.441655, Semantic loss: 2.300054, BCE loss: 1.727223, SB loss: 1.428984
2025-03-28 09:34:52,071 Epoch: [0/20] Iter:[150/192], Time: 0.55, lr: [0.009647740813017376], Loss: 5.383974, Acc:0.442200, Semantic loss: 2.268479, BCE loss: 1.712626, SB loss: 1.402869
2025-03-28 09:34:56,599 Epoch: [0/20] Iter:[160/192], Time: 0.55, lr: [0.009624206546198262], Loss: 5.327165, Acc:0.446697, Semantic loss: 2.233687, BCE loss: 1.712373, SB loss: 1.381104
2025-03-28 09:35:01,238 Epoch: [0/20] Iter:[170/192], Time: 0.54, lr: [0.009600665883320689], Loss: 5.259263, Acc:0.450614, Semantic loss: 2.201158, BCE loss: 1.708265, SB loss: 1.349840
2025-03-28 09:35:05,847 Epoch: [0/20] Iter:[180/192], Time: 0.54, lr: [0.009577118805211254], Loss: 5.200913, Acc:0.453143, Semantic loss: 2.173438, BCE loss: 1.702054, SB loss: 1.325421
2025-03-28 09:35:10,394 Epoch: [0/20] Iter:[190/192], Time: 0.53, lr: [0.009553565292586523], Loss: 5.146273, Acc:0.456194, Semantic loss: 2.145248, BCE loss: 1.694535, SB loss: 1.306489
2025-03-28 09:37:17,206 0 [0.00000000e+00 5.77055989e-01 1.40444994e-01 1.39154891e-02
 6.53923881e-06 5.91120750e-02 1.30436637e-02] 0.11479696439029582
2025-03-28 09:37:17,206 1 [0.00000000e+00 6.06272419e-01 8.82232963e-02 1.08448634e-02
 2.55192930e-04 3.46375205e-02 2.47864555e-04] 0.10578302236275448
2025-03-28 09:37:17,216 => saving checkpoint to output\loveda\pidnet_small_loveda\aug_hf_rbcheckpoint.pth.tar
2025-03-28 09:37:17,403 Loss: 4.096, MeanIU:  0.1058, Best_mIoU:  0.1058
2025-03-28 09:37:17,404 [0.00000000e+00 6.06272419e-01 8.82232963e-02 1.08448634e-02
 2.55192930e-04 3.46375205e-02 2.47864555e-04]
2025-03-28 09:37:28,665 Epoch: [1/20] Iter:[0/192], Time: 11.08, lr: [0.009548853816214998], Loss: 4.216535, Acc:0.401650, Semantic loss: 1.914225, BCE loss: 1.439890, SB loss: 0.862420
2025-03-28 09:37:32,924 Epoch: [1/20] Iter:[10/192], Time: 1.39, lr: [0.009525292556561479], Loss: 4.233393, Acc:0.479423, Semantic loss: 1.727863, BCE loss: 1.515050, SB loss: 0.990480
2025-03-28 09:37:37,554 Epoch: [1/20] Iter:[20/192], Time: 0.95, lr: [0.00950172481957719], Loss: 4.267898, Acc:0.488536, Semantic loss: 1.746369, BCE loss: 1.535338, SB loss: 0.986191
2025-03-28 09:37:42,125 Epoch: [1/20] Iter:[30/192], Time: 0.79, lr: [0.009478150585620286], Loss: 4.272239, Acc:0.485845, Semantic loss: 1.751453, BCE loss: 1.506512, SB loss: 1.014273
2025-03-28 09:37:46,797 Epoch: [1/20] Iter:[40/192], Time: 0.71, lr: [0.009454569834934885], Loss: 4.299703, Acc:0.479021, Semantic loss: 1.757276, BCE loss: 1.524432, SB loss: 1.017996
2025-03-28 09:37:51,305 Epoch: [1/20] Iter:[50/192], Time: 0.66, lr: [0.009430982547650114], Loss: 4.315735, Acc:0.480280, Semantic loss: 1.753254, BCE loss: 1.550505, SB loss: 1.011976
2025-03-28 09:37:55,836 Epoch: [1/20] Iter:[60/192], Time: 0.63, lr: [0.009407388703779091], Loss: 4.328171, Acc:0.483562, Semantic loss: 1.748600, BCE loss: 1.566052, SB loss: 1.013519
2025-03-28 09:38:00,294 Epoch: [1/20] Iter:[70/192], Time: 0.60, lr: [0.009383788283217955], Loss: 4.301178, Acc:0.487891, Semantic loss: 1.726975, BCE loss: 1.570378, SB loss: 1.003826
2025-03-28 09:38:04,782 Epoch: [1/20] Iter:[80/192], Time: 0.58, lr: [0.00936018126574482], Loss: 4.308494, Acc:0.481253, Semantic loss: 1.737899, BCE loss: 1.560710, SB loss: 1.009885
2025-03-28 09:38:09,214 Epoch: [1/20] Iter:[90/192], Time: 0.57, lr: [0.009336567631018769], Loss: 4.301678, Acc:0.485735, Semantic loss: 1.723282, BCE loss: 1.578837, SB loss: 0.999559
2025-03-28 09:38:13,737 Epoch: [1/20] Iter:[100/192], Time: 0.56, lr: [0.009312947358578814], Loss: 4.310493, Acc:0.487211, Semantic loss: 1.717002, BCE loss: 1.593342, SB loss: 1.000149
2025-03-28 09:38:18,177 Epoch: [1/20] Iter:[110/192], Time: 0.55, lr: [0.009289320427842841], Loss: 4.278210, Acc:0.487738, Semantic loss: 1.708857, BCE loss: 1.573863, SB loss: 0.995489
2025-03-28 09:38:22,818 Epoch: [1/20] Iter:[120/192], Time: 0.54, lr: [0.009265686818106552], Loss: 4.258026, Acc:0.488039, Semantic loss: 1.703567, BCE loss: 1.562681, SB loss: 0.991778
2025-03-28 09:38:27,216 Epoch: [1/20] Iter:[130/192], Time: 0.53, lr: [0.009242046508542393], Loss: 4.259851, Acc:0.490375, Semantic loss: 1.699728, BCE loss: 1.564626, SB loss: 0.995497
2025-03-28 09:38:31,659 Epoch: [1/20] Iter:[140/192], Time: 0.53, lr: [0.009218399478198466], Loss: 4.245051, Acc:0.490373, Semantic loss: 1.692183, BCE loss: 1.557909, SB loss: 0.994959
2025-03-28 09:38:36,108 Epoch: [1/20] Iter:[150/192], Time: 0.52, lr: [0.009194745705997428], Loss: 4.241430, Acc:0.488893, Semantic loss: 1.692223, BCE loss: 1.551186, SB loss: 0.998021
2025-03-28 09:38:40,788 Epoch: [1/20] Iter:[160/192], Time: 0.52, lr: [0.00917108517073538], Loss: 4.236826, Acc:0.488578, Semantic loss: 1.688607, BCE loss: 1.552310, SB loss: 0.995909
2025-03-28 09:38:45,228 Epoch: [1/20] Iter:[170/192], Time: 0.51, lr: [0.00914741785108075], Loss: 4.233232, Acc:0.489421, Semantic loss: 1.685455, BCE loss: 1.552009, SB loss: 0.995768
2025-03-28 09:38:49,702 Epoch: [1/20] Iter:[180/192], Time: 0.51, lr: [0.00912374372557314], Loss: 4.226285, Acc:0.489598, Semantic loss: 1.682827, BCE loss: 1.549949, SB loss: 0.993508
2025-03-28 09:38:54,042 Epoch: [1/20] Iter:[190/192], Time: 0.50, lr: [0.009100062772622186], Loss: 4.227482, Acc:0.489628, Semantic loss: 1.682584, BCE loss: 1.549328, SB loss: 0.995570
2025-03-28 09:40:55,183 0 [0.         0.62137261 0.20584066 0.08553117 0.00410502 0.00878746
 0.03856399] 0.137742986682824
2025-03-28 09:40:55,184 1 [0.         0.62400408 0.20022732 0.18701755 0.00326434 0.0107235
 0.02477055] 0.15000104885841825
2025-03-28 09:40:55,193 => saving checkpoint to output\loveda\pidnet_small_loveda\aug_hf_rbcheckpoint.pth.tar
2025-03-28 09:40:55,416 Loss: 3.820, MeanIU:  0.1500, Best_mIoU:  0.1500
2025-03-28 09:40:55,417 [0.         0.62400408 0.20022732 0.18701755 0.00326434 0.0107235
 0.02477055]
2025-03-28 09:41:06,554 Epoch: [2/20] Iter:[0/192], Time: 10.95, lr: [0.009095325760829623], Loss: 3.834997, Acc:0.425237, Semantic loss: 1.795966, BCE loss: 1.052723, SB loss: 0.986308
2025-03-28 09:41:10,786 Epoch: [2/20] Iter:[10/192], Time: 1.38, lr: [0.009071636586262652], Loss: 4.069072, Acc:0.490471, Semantic loss: 1.649859, BCE loss: 1.568514, SB loss: 0.850698
2025-03-28 09:41:15,386 Epoch: [2/20] Iter:[20/192], Time: 0.94, lr: [0.009047940536290279], Loss: 4.086530, Acc:0.486726, Semantic loss: 1.648386, BCE loss: 1.548896, SB loss: 0.889249
2025-03-28 09:41:19,745 Epoch: [2/20] Iter:[30/192], Time: 0.78, lr: [0.009024237588898336], Loss: 4.043096, Acc:0.499252, Semantic loss: 1.632792, BCE loss: 1.491036, SB loss: 0.919268
2025-03-28 09:41:24,119 Epoch: [2/20] Iter:[40/192], Time: 0.70, lr: [0.009000527721937697], Loss: 4.073797, Acc:0.490187, Semantic loss: 1.642127, BCE loss: 1.483491, SB loss: 0.948180
2025-03-28 09:41:28,411 Epoch: [2/20] Iter:[50/192], Time: 0.64, lr: [0.008976810913123051], Loss: 4.105830, Acc:0.486109, Semantic loss: 1.648516, BCE loss: 1.495262, SB loss: 0.962051
2025-03-28 09:41:32,999 Epoch: [2/20] Iter:[60/192], Time: 0.61, lr: [0.008953087140031669], Loss: 4.106333, Acc:0.481778, Semantic loss: 1.662542, BCE loss: 1.478639, SB loss: 0.965153
2025-03-28 09:41:37,529 Epoch: [2/20] Iter:[70/192], Time: 0.59, lr: [0.008929356380102142], Loss: 4.086576, Acc:0.485625, Semantic loss: 1.650802, BCE loss: 1.484306, SB loss: 0.951467
2025-03-28 09:41:42,007 Epoch: [2/20] Iter:[80/192], Time: 0.57, lr: [0.008905618610633112], Loss: 4.096255, Acc:0.493617, Semantic loss: 1.636116, BCE loss: 1.503079, SB loss: 0.957060
2025-03-28 09:41:46,406 Epoch: [2/20] Iter:[90/192], Time: 0.56, lr: [0.008881873808781991], Loss: 4.090618, Acc:0.500512, Semantic loss: 1.624390, BCE loss: 1.508378, SB loss: 0.957851
2025-03-28 09:41:50,925 Epoch: [2/20] Iter:[100/192], Time: 0.55, lr: [0.008858121951563658], Loss: 4.089029, Acc:0.498625, Semantic loss: 1.632545, BCE loss: 1.497176, SB loss: 0.959309
2025-03-28 09:41:55,328 Epoch: [2/20] Iter:[110/192], Time: 0.54, lr: [0.008834363015849136], Loss: 4.070952, Acc:0.503162, Semantic loss: 1.620295, BCE loss: 1.496299, SB loss: 0.954358
2025-03-28 09:41:59,917 Epoch: [2/20] Iter:[120/192], Time: 0.53, lr: [0.008810596978364274], Loss: 4.087498, Acc:0.504213, Semantic loss: 1.623341, BCE loss: 1.507086, SB loss: 0.957071
2025-03-28 09:42:04,283 Epoch: [2/20] Iter:[130/192], Time: 0.52, lr: [0.008786823815688379], Loss: 4.083236, Acc:0.505273, Semantic loss: 1.621342, BCE loss: 1.505674, SB loss: 0.956219
2025-03-28 09:42:08,727 Epoch: [2/20] Iter:[140/192], Time: 0.52, lr: [0.008763043504252865], Loss: 4.078064, Acc:0.509355, Semantic loss: 1.612840, BCE loss: 1.514479, SB loss: 0.950745
2025-03-28 09:42:13,144 Epoch: [2/20] Iter:[150/192], Time: 0.51, lr: [0.008739256020339866], Loss: 4.072728, Acc:0.508944, Semantic loss: 1.611267, BCE loss: 1.509118, SB loss: 0.952343
2025-03-28 09:42:17,737 Epoch: [2/20] Iter:[160/192], Time: 0.51, lr: [0.00871546134008083], Loss: 4.076750, Acc:0.508673, Semantic loss: 1.609661, BCE loss: 1.513448, SB loss: 0.953641
2025-03-28 09:42:22,212 Epoch: [2/20] Iter:[170/192], Time: 0.51, lr: [0.008691659439455107], Loss: 4.091667, Acc:0.508829, Semantic loss: 1.609465, BCE loss: 1.521398, SB loss: 0.960804
2025-03-28 09:42:26,713 Epoch: [2/20] Iter:[180/192], Time: 0.50, lr: [0.008667850294288517], Loss: 4.090705, Acc:0.509268, Semantic loss: 1.605484, BCE loss: 1.525909, SB loss: 0.959312
2025-03-28 09:42:31,183 Epoch: [2/20] Iter:[190/192], Time: 0.50, lr: [0.008644033880251888], Loss: 4.091518, Acc:0.509853, Semantic loss: 1.605375, BCE loss: 1.526095, SB loss: 0.960048
2025-03-28 09:44:32,546 0 [0.         0.59430544 0.18726271 0.13240125 0.21142599 0.01163996
 0.03179559] 0.1669758488303312
2025-03-28 09:44:32,547 1 [0.00000000e+00 5.81471324e-01 1.82134673e-01 1.81415920e-01
 8.87591183e-06 7.02578489e-03 4.18954234e-02] 0.14199314310708022
2025-03-28 09:44:32,554 => saving checkpoint to output\loveda\pidnet_small_loveda\aug_hf_rbcheckpoint.pth.tar
2025-03-28 09:44:32,696 Loss: 3.968, MeanIU:  0.1420, Best_mIoU:  0.1500
2025-03-28 09:44:32,697 [0.00000000e+00 5.81471324e-01 1.82134673e-01 1.81415920e-01
 8.87591183e-06 7.02578489e-03 4.18954234e-02]
2025-03-28 09:44:43,875 Epoch: [3/20] Iter:[0/192], Time: 10.99, lr: [0.008639269723028191], Loss: 4.257008, Acc:0.430976, Semantic loss: 1.984526, BCE loss: 1.307703, SB loss: 0.964778
2025-03-28 09:44:48,106 Epoch: [3/20] Iter:[10/192], Time: 1.38, lr: [0.008615444554012613], Loss: 3.978840, Acc:0.532667, Semantic loss: 1.598452, BCE loss: 1.500584, SB loss: 0.879804
2025-03-28 09:44:52,611 Epoch: [3/20] Iter:[20/192], Time: 0.94, lr: [0.008591612062049989], Loss: 3.990465, Acc:0.532026, Semantic loss: 1.591861, BCE loss: 1.468931, SB loss: 0.929673
2025-03-28 09:44:56,963 Epoch: [3/20] Iter:[30/192], Time: 0.78, lr: [0.008567772222305215], Loss: 3.956604, Acc:0.536879, Semantic loss: 1.544463, BCE loss: 1.505650, SB loss: 0.906491
2025-03-28 09:45:01,381 Epoch: [3/20] Iter:[40/192], Time: 0.70, lr: [0.008543925009781886], Loss: 3.947707, Acc:0.530542, Semantic loss: 1.543989, BCE loss: 1.489474, SB loss: 0.914244
2025-03-28 09:45:05,903 Epoch: [3/20] Iter:[50/192], Time: 0.65, lr: [0.00852007039932076], Loss: 3.964262, Acc:0.523638, Semantic loss: 1.554898, BCE loss: 1.479142, SB loss: 0.930222
2025-03-28 09:45:10,366 Epoch: [3/20] Iter:[60/192], Time: 0.61, lr: [0.00849620836559818], Loss: 3.977511, Acc:0.513954, Semantic loss: 1.576727, BCE loss: 1.455496, SB loss: 0.945288
2025-03-28 09:45:14,753 Epoch: [3/20] Iter:[70/192], Time: 0.59, lr: [0.008472338883124477], Loss: 4.021072, Acc:0.514880, Semantic loss: 1.586305, BCE loss: 1.484537, SB loss: 0.950230
2025-03-28 09:45:19,176 Epoch: [3/20] Iter:[80/192], Time: 0.57, lr: [0.008448461926242374], Loss: 4.021131, Acc:0.515332, Semantic loss: 1.590005, BCE loss: 1.475321, SB loss: 0.955806
2025-03-28 09:45:23,614 Epoch: [3/20] Iter:[90/192], Time: 0.56, lr: [0.008424577469125337], Loss: 4.020925, Acc:0.518383, Semantic loss: 1.578144, BCE loss: 1.490076, SB loss: 0.952705
2025-03-28 09:45:28,117 Epoch: [3/20] Iter:[100/192], Time: 0.55, lr: [0.008400685485775935], Loss: 4.020093, Acc:0.521487, Semantic loss: 1.571206, BCE loss: 1.502131, SB loss: 0.946756
2025-03-28 09:45:32,638 Epoch: [3/20] Iter:[110/192], Time: 0.54, lr: [0.008376785950024154], Loss: 4.007148, Acc:0.521865, Semantic loss: 1.557715, BCE loss: 1.505660, SB loss: 0.943773
2025-03-28 09:45:37,152 Epoch: [3/20] Iter:[120/192], Time: 0.53, lr: [0.00835287883552571], Loss: 4.020318, Acc:0.522603, Semantic loss: 1.552650, BCE loss: 1.525370, SB loss: 0.942299
2025-03-28 09:45:41,591 Epoch: [3/20] Iter:[130/192], Time: 0.52, lr: [0.008328964115760324], Loss: 4.013749, Acc:0.522883, Semantic loss: 1.551491, BCE loss: 1.517686, SB loss: 0.944573
2025-03-28 09:45:45,895 Epoch: [3/20] Iter:[140/192], Time: 0.52, lr: [0.008305041764029988], Loss: 4.005000, Acc:0.522824, Semantic loss: 1.549707, BCE loss: 1.514127, SB loss: 0.941166
2025-03-28 09:45:50,341 Epoch: [3/20] Iter:[150/192], Time: 0.51, lr: [0.008281111753457188], Loss: 4.003468, Acc:0.521906, Semantic loss: 1.553123, BCE loss: 1.506552, SB loss: 0.943792
2025-03-28 09:45:54,712 Epoch: [3/20] Iter:[160/192], Time: 0.51, lr: [0.008257174056983133], Loss: 3.999317, Acc:0.523842, Semantic loss: 1.545549, BCE loss: 1.515869, SB loss: 0.937899
2025-03-28 09:45:59,126 Epoch: [3/20] Iter:[170/192], Time: 0.50, lr: [0.00823322864736593], Loss: 3.991654, Acc:0.525263, Semantic loss: 1.537329, BCE loss: 1.520685, SB loss: 0.933640
2025-03-28 09:46:03,635 Epoch: [3/20] Iter:[180/192], Time: 0.50, lr: [0.008209275497178764], Loss: 3.978440, Acc:0.528577, Semantic loss: 1.531272, BCE loss: 1.516119, SB loss: 0.931049
2025-03-28 09:46:08,109 Epoch: [3/20] Iter:[190/192], Time: 0.50, lr: [0.008185314578808021], Loss: 3.975145, Acc:0.528793, Semantic loss: 1.531648, BCE loss: 1.512090, SB loss: 0.931407
2025-03-28 09:48:09,365 0 [0.         0.5987972  0.21815342 0.22572878 0.10510657 0.00135802
 0.04930293] 0.17120670129758778
2025-03-28 09:48:09,365 1 [0.00000000e+00 5.95236135e-01 2.16361664e-01 3.01168503e-01
 3.16622919e-04 8.75464089e-03 5.58054939e-02] 0.1682347227323195
2025-03-28 09:48:09,375 => saving checkpoint to output\loveda\pidnet_small_loveda\aug_hf_rbcheckpoint.pth.tar
2025-03-28 09:48:09,594 Loss: 3.827, MeanIU:  0.1682, Best_mIoU:  0.1682
2025-03-28 09:48:09,595 [0.00000000e+00 5.95236135e-01 2.16361664e-01 3.01168503e-01
 3.16622919e-04 8.75464089e-03 5.58054939e-02]
2025-03-28 09:48:20,598 Epoch: [4/20] Iter:[0/192], Time: 10.82, lr: [0.008180521460508584], Loss: 3.921695, Acc:0.519187, Semantic loss: 1.470115, BCE loss: 1.658153, SB loss: 0.793427
2025-03-28 09:48:24,794 Epoch: [4/20] Iter:[10/192], Time: 1.37, lr: [0.008156551183601795], Loss: 3.989773, Acc:0.531023, Semantic loss: 1.516509, BCE loss: 1.508079, SB loss: 0.965185
2025-03-28 09:48:29,340 Epoch: [4/20] Iter:[20/192], Time: 0.93, lr: [0.008132573077094668], Loss: 3.920920, Acc:0.529104, Semantic loss: 1.520156, BCE loss: 1.455246, SB loss: 0.945518
2025-03-28 09:48:33,791 Epoch: [4/20] Iter:[30/192], Time: 0.77, lr: [0.008108587112763079], Loss: 3.917197, Acc:0.525853, Semantic loss: 1.516352, BCE loss: 1.465490, SB loss: 0.935355
2025-03-28 09:48:38,340 Epoch: [4/20] Iter:[40/192], Time: 0.70, lr: [0.008084593262188028], Loss: 3.925594, Acc:0.536289, Semantic loss: 1.499345, BCE loss: 1.495923, SB loss: 0.930326
2025-03-28 09:48:42,676 Epoch: [4/20] Iter:[50/192], Time: 0.65, lr: [0.008060591496753653], Loss: 3.906626, Acc:0.535842, Semantic loss: 1.496970, BCE loss: 1.482493, SB loss: 0.927163
2025-03-28 09:48:47,251 Epoch: [4/20] Iter:[60/192], Time: 0.61, lr: [0.008036581787645204], Loss: 3.925630, Acc:0.538384, Semantic loss: 1.490089, BCE loss: 1.507443, SB loss: 0.928098
2025-03-28 09:48:51,591 Epoch: [4/20] Iter:[70/192], Time: 0.59, lr: [0.008012564105846994], Loss: 3.895107, Acc:0.535358, Semantic loss: 1.489318, BCE loss: 1.479032, SB loss: 0.926757
2025-03-28 09:48:56,156 Epoch: [4/20] Iter:[80/192], Time: 0.57, lr: [0.007988538422140333], Loss: 3.885075, Acc:0.539575, Semantic loss: 1.483957, BCE loss: 1.471206, SB loss: 0.929911
2025-03-28 09:49:00,643 Epoch: [4/20] Iter:[90/192], Time: 0.56, lr: [0.007964504707101411], Loss: 3.876936, Acc:0.537418, Semantic loss: 1.487321, BCE loss: 1.464192, SB loss: 0.925423
2025-03-28 09:49:05,140 Epoch: [4/20] Iter:[100/192], Time: 0.55, lr: [0.007940462931099176], Loss: 3.865666, Acc:0.539882, Semantic loss: 1.483363, BCE loss: 1.458492, SB loss: 0.923811
2025-03-28 09:49:09,561 Epoch: [4/20] Iter:[110/192], Time: 0.54, lr: [0.007916413064293163], Loss: 3.858276, Acc:0.544356, Semantic loss: 1.476117, BCE loss: 1.464367, SB loss: 0.917792
2025-03-28 09:49:14,027 Epoch: [4/20] Iter:[120/192], Time: 0.53, lr: [0.007892355076631318], Loss: 3.860002, Acc:0.546641, Semantic loss: 1.470078, BCE loss: 1.477273, SB loss: 0.912651
2025-03-28 09:49:18,483 Epoch: [4/20] Iter:[130/192], Time: 0.52, lr: [0.007868288937847752], Loss: 3.866283, Acc:0.545270, Semantic loss: 1.472846, BCE loss: 1.482482, SB loss: 0.910956
2025-03-28 09:49:23,041 Epoch: [4/20] Iter:[140/192], Time: 0.52, lr: [0.007844214617460508], Loss: 3.875773, Acc:0.546686, Semantic loss: 1.470955, BCE loss: 1.495935, SB loss: 0.908883
2025-03-28 09:49:27,503 Epoch: [4/20] Iter:[150/192], Time: 0.51, lr: [0.007820132084769268], Loss: 3.882915, Acc:0.543688, Semantic loss: 1.476663, BCE loss: 1.494140, SB loss: 0.912112
2025-03-28 09:49:31,966 Epoch: [4/20] Iter:[160/192], Time: 0.51, lr: [0.00779604130885303], Loss: 3.882342, Acc:0.544215, Semantic loss: 1.476746, BCE loss: 1.497269, SB loss: 0.908326
2025-03-28 09:49:36,327 Epoch: [4/20] Iter:[170/192], Time: 0.51, lr: [0.007771942258567773], Loss: 3.880155, Acc:0.543772, Semantic loss: 1.473484, BCE loss: 1.500507, SB loss: 0.906164
2025-03-28 09:49:40,756 Epoch: [4/20] Iter:[180/192], Time: 0.50, lr: [0.007747834902544056], Loss: 3.879411, Acc:0.543862, Semantic loss: 1.475326, BCE loss: 1.496974, SB loss: 0.907112
2025-03-28 09:49:45,135 Epoch: [4/20] Iter:[190/192], Time: 0.50, lr: [0.0077237192091846206], Loss: 3.892134, Acc:0.541181, Semantic loss: 1.482937, BCE loss: 1.498592, SB loss: 0.910605
2025-03-28 09:51:46,419 0 [0.         0.52183184 0.17285977 0.14021107 0.23307246 0.04642705
 0.00767479] 0.1602967114325827
2025-03-28 09:51:46,419 1 [0.         0.41980461 0.1266417  0.13584311 0.11448425 0.07151488
 0.01090481] 0.12559905081223016
2025-03-28 09:51:46,424 => saving checkpoint to output\loveda\pidnet_small_loveda\aug_hf_rbcheckpoint.pth.tar
2025-03-28 09:51:46,571 Loss: 4.170, MeanIU:  0.1256, Best_mIoU:  0.1682
2025-03-28 09:51:46,571 [0.         0.41980461 0.1266417  0.13584311 0.11448425 0.07151488
 0.01090481]
2025-03-28 09:51:57,482 Epoch: [5/20] Iter:[0/192], Time: 10.72, lr: [0.007718895067235705], Loss: 3.336254, Acc:0.540443, Semantic loss: 1.257190, BCE loss: 1.277288, SB loss: 0.801776
2025-03-28 09:52:01,852 Epoch: [5/20] Iter:[10/192], Time: 1.37, lr: [0.007694769327040611], Loss: 3.898481, Acc:0.523432, Semantic loss: 1.498324, BCE loss: 1.501825, SB loss: 0.898333
2025-03-28 09:52:06,340 Epoch: [5/20] Iter:[20/192], Time: 0.93, lr: [0.00767063517918174], Loss: 3.846991, Acc:0.531446, Semantic loss: 1.515283, BCE loss: 1.424957, SB loss: 0.906751
2025-03-28 09:52:10,790 Epoch: [5/20] Iter:[30/192], Time: 0.78, lr: [0.007646492591316132], Loss: 3.735344, Acc:0.550400, Semantic loss: 1.447604, BCE loss: 1.412019, SB loss: 0.875720
2025-03-28 09:52:15,291 Epoch: [5/20] Iter:[40/192], Time: 0.70, lr: [0.007622341530862476], Loss: 3.760393, Acc:0.544868, Semantic loss: 1.460206, BCE loss: 1.420019, SB loss: 0.880168
2025-03-28 09:52:19,642 Epoch: [5/20] Iter:[50/192], Time: 0.64, lr: [0.0075981819649984985], Loss: 3.823152, Acc:0.541900, Semantic loss: 1.474203, BCE loss: 1.463427, SB loss: 0.885523
2025-03-28 09:52:24,279 Epoch: [5/20] Iter:[60/192], Time: 0.62, lr: [0.007574013860658317], Loss: 3.781816, Acc:0.542108, Semantic loss: 1.456440, BCE loss: 1.446327, SB loss: 0.879048
2025-03-28 09:52:28,793 Epoch: [5/20] Iter:[70/192], Time: 0.59, lr: [0.007549837184529776], Loss: 3.805481, Acc:0.542489, Semantic loss: 1.454061, BCE loss: 1.462567, SB loss: 0.888852
2025-03-28 09:52:33,274 Epoch: [5/20] Iter:[80/192], Time: 0.57, lr: [0.0075256519030517215], Loss: 3.824207, Acc:0.540310, Semantic loss: 1.467869, BCE loss: 1.464365, SB loss: 0.891973
2025-03-28 09:52:37,641 Epoch: [5/20] Iter:[90/192], Time: 0.56, lr: [0.007501457982411236], Loss: 3.806663, Acc:0.542898, Semantic loss: 1.462862, BCE loss: 1.453751, SB loss: 0.890051
2025-03-28 09:52:42,101 Epoch: [5/20] Iter:[100/192], Time: 0.55, lr: [0.0074772553885408604], Loss: 3.806637, Acc:0.545471, Semantic loss: 1.460217, BCE loss: 1.456774, SB loss: 0.889646
2025-03-28 09:52:46,623 Epoch: [5/20] Iter:[110/192], Time: 0.54, lr: [0.007453044087115737], Loss: 3.825294, Acc:0.544986, Semantic loss: 1.470001, BCE loss: 1.458715, SB loss: 0.896578
2025-03-28 09:52:51,064 Epoch: [5/20] Iter:[120/192], Time: 0.53, lr: [0.007428824043550734], Loss: 3.813233, Acc:0.545391, Semantic loss: 1.463313, BCE loss: 1.458365, SB loss: 0.891555
2025-03-28 09:52:55,414 Epoch: [5/20] Iter:[130/192], Time: 0.52, lr: [0.007404595222997526], Loss: 3.826261, Acc:0.542658, Semantic loss: 1.469994, BCE loss: 1.459113, SB loss: 0.897155
2025-03-28 09:52:59,941 Epoch: [5/20] Iter:[140/192], Time: 0.52, lr: [0.007380357590341623], Loss: 3.829479, Acc:0.546827, Semantic loss: 1.464634, BCE loss: 1.468988, SB loss: 0.895857
2025-03-28 09:53:04,341 Epoch: [5/20] Iter:[150/192], Time: 0.51, lr: [0.007356111110199354], Loss: 3.832137, Acc:0.546152, Semantic loss: 1.463987, BCE loss: 1.471018, SB loss: 0.897132
2025-03-28 09:53:08,868 Epoch: [5/20] Iter:[160/192], Time: 0.51, lr: [0.00733185574691482], Loss: 3.834336, Acc:0.546235, Semantic loss: 1.459378, BCE loss: 1.478416, SB loss: 0.896541
2025-03-28 09:53:13,333 Epoch: [5/20] Iter:[170/192], Time: 0.51, lr: [0.007307591464556783], Loss: 3.829824, Acc:0.547262, Semantic loss: 1.457056, BCE loss: 1.479639, SB loss: 0.893129
2025-03-28 09:53:17,781 Epoch: [5/20] Iter:[180/192], Time: 0.50, lr: [0.007283318226915514], Loss: 3.849670, Acc:0.546666, Semantic loss: 1.459906, BCE loss: 1.489723, SB loss: 0.900040
2025-03-28 09:53:22,148 Epoch: [5/20] Iter:[190/192], Time: 0.50, lr: [0.007259035997499604], Loss: 3.845132, Acc:0.547144, Semantic loss: 1.457244, BCE loss: 1.489270, SB loss: 0.898618
2025-03-28 09:55:22,964 0 [0.         0.62575606 0.27370517 0.22471906 0.23225051 0.05548431
 0.05949689] 0.21020171419219516
2025-03-28 09:55:22,965 1 [0.         0.59676426 0.24203555 0.29915567 0.20412903 0.0419778
 0.11648448] 0.21436382767829132
2025-03-28 09:55:22,975 => saving checkpoint to output\loveda\pidnet_small_loveda\aug_hf_rbcheckpoint.pth.tar
2025-03-28 09:55:23,195 Loss: 3.562, MeanIU:  0.2144, Best_mIoU:  0.2144
2025-03-28 09:55:23,195 [0.         0.59676426 0.24203555 0.29915567 0.20412903 0.0419778
 0.11648448]
2025-03-28 09:55:34,232 Epoch: [6/20] Iter:[0/192], Time: 10.85, lr: [0.007254178469372199], Loss: 3.949251, Acc:0.583419, Semantic loss: 1.388690, BCE loss: 1.639024, SB loss: 0.921538
2025-03-28 09:55:38,466 Epoch: [6/20] Iter:[10/192], Time: 1.37, lr: [0.007229885401256642], Loss: 3.619645, Acc:0.570633, Semantic loss: 1.369257, BCE loss: 1.374421, SB loss: 0.875967
2025-03-28 09:55:42,945 Epoch: [6/20] Iter:[20/192], Time: 0.93, lr: [0.0072055832600777334], Loss: 3.706406, Acc:0.549484, Semantic loss: 1.405269, BCE loss: 1.394149, SB loss: 0.906988
2025-03-28 09:55:47,335 Epoch: [6/20] Iter:[30/192], Time: 0.77, lr: [0.007181272008420604], Loss: 3.724906, Acc:0.556038, Semantic loss: 1.421193, BCE loss: 1.412438, SB loss: 0.891275
2025-03-28 09:55:51,761 Epoch: [6/20] Iter:[40/192], Time: 0.69, lr: [0.007156951608574727], Loss: 3.723023, Acc:0.555423, Semantic loss: 1.413763, BCE loss: 1.422545, SB loss: 0.886715
2025-03-28 09:55:56,216 Epoch: [6/20] Iter:[50/192], Time: 0.64, lr: [0.007132622022530447], Loss: 3.713253, Acc:0.551994, Semantic loss: 1.428925, BCE loss: 1.397418, SB loss: 0.886911
2025-03-28 09:56:00,690 Epoch: [6/20] Iter:[60/192], Time: 0.61, lr: [0.007108283211975477], Loss: 3.770071, Acc:0.553127, Semantic loss: 1.436029, BCE loss: 1.452262, SB loss: 0.881780
2025-03-28 09:56:05,115 Epoch: [6/20] Iter:[70/192], Time: 0.59, lr: [0.007083935138291319], Loss: 3.761294, Acc:0.548920, Semantic loss: 1.436094, BCE loss: 1.443433, SB loss: 0.881767
2025-03-28 09:56:09,563 Epoch: [6/20] Iter:[80/192], Time: 0.57, lr: [0.007059577762549636], Loss: 3.759605, Acc:0.553036, Semantic loss: 1.427056, BCE loss: 1.454819, SB loss: 0.877731
2025-03-28 09:56:13,966 Epoch: [6/20] Iter:[90/192], Time: 0.56, lr: [0.007035211045508576], Loss: 3.767441, Acc:0.556386, Semantic loss: 1.424781, BCE loss: 1.466484, SB loss: 0.876175
2025-03-28 09:56:18,462 Epoch: [6/20] Iter:[100/192], Time: 0.55, lr: [0.0070108349476090265], Loss: 3.776168, Acc:0.558587, Semantic loss: 1.421197, BCE loss: 1.481333, SB loss: 0.873638
2025-03-28 09:56:22,812 Epoch: [6/20] Iter:[110/192], Time: 0.54, lr: [0.00698644942897081], Loss: 3.770217, Acc:0.556064, Semantic loss: 1.420368, BCE loss: 1.478083, SB loss: 0.871766
2025-03-28 09:56:27,306 Epoch: [6/20] Iter:[120/192], Time: 0.53, lr: [0.006962054449388827], Loss: 3.775253, Acc:0.556021, Semantic loss: 1.421587, BCE loss: 1.481077, SB loss: 0.872589
2025-03-28 09:56:31,815 Epoch: [6/20] Iter:[130/192], Time: 0.52, lr: [0.006937649968329135], Loss: 3.788926, Acc:0.554726, Semantic loss: 1.423567, BCE loss: 1.488627, SB loss: 0.876732
2025-03-28 09:56:36,223 Epoch: [6/20] Iter:[140/192], Time: 0.52, lr: [0.006913235944924954], Loss: 3.793818, Acc:0.558203, Semantic loss: 1.416460, BCE loss: 1.500328, SB loss: 0.877031
2025-03-28 09:56:40,648 Epoch: [6/20] Iter:[150/192], Time: 0.51, lr: [0.006888812337972621], Loss: 3.787397, Acc:0.558654, Semantic loss: 1.418567, BCE loss: 1.493439, SB loss: 0.875392
2025-03-28 09:56:45,013 Epoch: [6/20] Iter:[160/192], Time: 0.51, lr: [0.00686437910592748], Loss: 3.775373, Acc:0.559913, Semantic loss: 1.414991, BCE loss: 1.487546, SB loss: 0.872835
2025-03-28 09:56:49,439 Epoch: [6/20] Iter:[170/192], Time: 0.50, lr: [0.00683993620689969], Loss: 3.769515, Acc:0.559920, Semantic loss: 1.414111, BCE loss: 1.485477, SB loss: 0.869928
2025-03-28 09:56:53,896 Epoch: [6/20] Iter:[180/192], Time: 0.50, lr: [0.0068154835986499775], Loss: 3.767351, Acc:0.561913, Semantic loss: 1.410008, BCE loss: 1.484851, SB loss: 0.872492
2025-03-28 09:56:58,260 Epoch: [6/20] Iter:[190/192], Time: 0.50, lr: [0.006791021238585323], Loss: 3.758456, Acc:0.561908, Semantic loss: 1.408493, BCE loss: 1.479605, SB loss: 0.870358
2025-03-28 09:58:58,845 0 [0.         0.61971258 0.30019542 0.22227452 0.19094322 0.05350149
 0.0821323 ] 0.20982279103135773
2025-03-28 09:58:58,845 1 [0.         0.56058816 0.31324066 0.3072798  0.2299768  0.04769744
 0.07834629] 0.2195898796402504
2025-03-28 09:58:58,852 => saving checkpoint to output\loveda\pidnet_small_loveda\aug_hf_rbcheckpoint.pth.tar
2025-03-28 09:58:59,064 Loss: 3.552, MeanIU:  0.2196, Best_mIoU:  0.2196
2025-03-28 09:58:59,064 [0.         0.56058816 0.31324066 0.3072798  0.2299768  0.04769744
 0.07834629]
2025-03-28 09:59:10,164 Epoch: [7/20] Iter:[0/192], Time: 10.92, lr: [0.006786127592581251], Loss: 4.047306, Acc:0.573557, Semantic loss: 1.229508, BCE loss: 1.986363, SB loss: 0.831435
2025-03-28 09:59:14,350 Epoch: [7/20] Iter:[10/192], Time: 1.37, lr: [0.006761653473611295], Loss: 3.550786, Acc:0.589840, Semantic loss: 1.260276, BCE loss: 1.465355, SB loss: 0.825155
2025-03-28 09:59:18,776 Epoch: [7/20] Iter:[20/192], Time: 0.93, lr: [0.006737169507854796], Loss: 3.625681, Acc:0.588287, Semantic loss: 1.293568, BCE loss: 1.521143, SB loss: 0.810970
2025-03-28 09:59:23,136 Epoch: [7/20] Iter:[30/192], Time: 0.77, lr: [0.006712675651556858], Loss: 3.644002, Acc:0.596357, Semantic loss: 1.307723, BCE loss: 1.517219, SB loss: 0.819059
2025-03-28 09:59:27,590 Epoch: [7/20] Iter:[40/192], Time: 0.69, lr: [0.006688171860589905], Loss: 3.630241, Acc:0.587024, Semantic loss: 1.329053, BCE loss: 1.469089, SB loss: 0.832099
2025-03-28 09:59:31,938 Epoch: [7/20] Iter:[50/192], Time: 0.64, lr: [0.0066636580904489585], Loss: 3.659080, Acc:0.582252, Semantic loss: 1.342347, BCE loss: 1.472798, SB loss: 0.843936
2025-03-28 09:59:36,405 Epoch: [7/20] Iter:[60/192], Time: 0.61, lr: [0.006639134296246874], Loss: 3.663986, Acc:0.579089, Semantic loss: 1.349281, BCE loss: 1.476880, SB loss: 0.837825
2025-03-28 09:59:40,862 Epoch: [7/20] Iter:[70/192], Time: 0.59, lr: [0.0066146004327094585], Loss: 3.689747, Acc:0.575276, Semantic loss: 1.367450, BCE loss: 1.474988, SB loss: 0.847310
2025-03-28 09:59:45,311 Epoch: [7/20] Iter:[80/192], Time: 0.57, lr: [0.006590056454170537], Loss: 3.702592, Acc:0.575797, Semantic loss: 1.368789, BCE loss: 1.485669, SB loss: 0.848134
2025-03-28 09:59:49,778 Epoch: [7/20] Iter:[90/192], Time: 0.56, lr: [0.006565502314566912], Loss: 3.705572, Acc:0.576231, Semantic loss: 1.376386, BCE loss: 1.473972, SB loss: 0.855213
2025-03-28 09:59:54,275 Epoch: [7/20] Iter:[100/192], Time: 0.54, lr: [0.006540937967433255], Loss: 3.701888, Acc:0.574332, Semantic loss: 1.375266, BCE loss: 1.471227, SB loss: 0.855395
2025-03-28 09:59:58,700 Epoch: [7/20] Iter:[110/192], Time: 0.54, lr: [0.006516363365896894], Loss: 3.696346, Acc:0.574677, Semantic loss: 1.376721, BCE loss: 1.467051, SB loss: 0.852574
2025-03-28 10:00:03,178 Epoch: [7/20] Iter:[120/192], Time: 0.53, lr: [0.006491778462672531], Loss: 3.703925, Acc:0.574385, Semantic loss: 1.375121, BCE loss: 1.476020, SB loss: 0.852783
2025-03-28 10:00:07,558 Epoch: [7/20] Iter:[130/192], Time: 0.52, lr: [0.006467183210056843], Loss: 3.710656, Acc:0.573051, Semantic loss: 1.374811, BCE loss: 1.482018, SB loss: 0.853827
2025-03-28 10:00:12,075 Epoch: [7/20] Iter:[140/192], Time: 0.52, lr: [0.006442577559923017], Loss: 3.702040, Acc:0.574583, Semantic loss: 1.368404, BCE loss: 1.480927, SB loss: 0.852708
2025-03-28 10:00:16,545 Epoch: [7/20] Iter:[150/192], Time: 0.51, lr: [0.006417961463715172], Loss: 3.691795, Acc:0.573872, Semantic loss: 1.368986, BCE loss: 1.470613, SB loss: 0.852195
2025-03-28 10:00:21,107 Epoch: [7/20] Iter:[160/192], Time: 0.51, lr: [0.006393334872442681], Loss: 3.700754, Acc:0.573779, Semantic loss: 1.374422, BCE loss: 1.470837, SB loss: 0.855496
2025-03-28 10:00:25,455 Epoch: [7/20] Iter:[170/192], Time: 0.50, lr: [0.006368697736674411], Loss: 3.695170, Acc:0.575994, Semantic loss: 1.373074, BCE loss: 1.468013, SB loss: 0.854083
2025-03-28 10:00:29,910 Epoch: [7/20] Iter:[180/192], Time: 0.50, lr: [0.006344050006532848], Loss: 3.699487, Acc:0.576148, Semantic loss: 1.373540, BCE loss: 1.471321, SB loss: 0.854625
2025-03-28 10:00:34,356 Epoch: [7/20] Iter:[190/192], Time: 0.50, lr: [0.006319391631688114], Loss: 3.705844, Acc:0.576162, Semantic loss: 1.374769, BCE loss: 1.472266, SB loss: 0.858810
2025-03-28 10:02:35,043 0 [0.         0.61069886 0.27608643 0.27561549 0.16688721 0.05449362
 0.03915336] 0.2032764234567856
2025-03-28 10:02:35,044 1 [0.         0.61312184 0.24186944 0.27354765 0.14217616 0.034453
 0.0335976 ] 0.19125224183989292
2025-03-28 10:02:35,051 => saving checkpoint to output\loveda\pidnet_small_loveda\aug_hf_rbcheckpoint.pth.tar
2025-03-28 10:02:35,191 Loss: 3.724, MeanIU:  0.1913, Best_mIoU:  0.2196
2025-03-28 10:02:35,192 [0.         0.61312184 0.24186944 0.27354765 0.14217616 0.034453
 0.0335976 ]
2025-03-28 10:02:46,291 Epoch: [8/20] Iter:[0/192], Time: 10.91, lr: [0.006314458674893553], Loss: 3.553307, Acc:0.682027, Semantic loss: 1.125944, BCE loss: 1.714582, SB loss: 0.712782
2025-03-28 10:02:50,625 Epoch: [8/20] Iter:[10/192], Time: 1.39, lr: [0.006289787459323657], Loss: 3.675353, Acc:0.589275, Semantic loss: 1.321464, BCE loss: 1.497700, SB loss: 0.856190
2025-03-28 10:02:54,868 Epoch: [8/20] Iter:[20/192], Time: 0.93, lr: [0.006265105486702424], Loss: 3.679595, Acc:0.586989, Semantic loss: 1.356151, BCE loss: 1.462853, SB loss: 0.860591
2025-03-28 10:02:59,077 Epoch: [8/20] Iter:[30/192], Time: 0.76, lr: [0.006240412705211017], Loss: 3.689618, Acc:0.577043, Semantic loss: 1.377564, BCE loss: 1.439231, SB loss: 0.872823
2025-03-28 10:03:03,467 Epoch: [8/20] Iter:[40/192], Time: 0.69, lr: [0.006215709062551949], Loss: 3.700712, Acc:0.573900, Semantic loss: 1.373663, BCE loss: 1.453700, SB loss: 0.873349
2025-03-28 10:03:07,834 Epoch: [8/20] Iter:[50/192], Time: 0.64, lr: [0.006190994505942529], Loss: 3.663104, Acc:0.576990, Semantic loss: 1.371675, BCE loss: 1.420712, SB loss: 0.870716
2025-03-28 10:03:12,245 Epoch: [8/20] Iter:[60/192], Time: 0.60, lr: [0.006166268982108192], Loss: 3.635293, Acc:0.576022, Semantic loss: 1.368001, BCE loss: 1.405093, SB loss: 0.862199
2025-03-28 10:03:16,701 Epoch: [8/20] Iter:[70/192], Time: 0.58, lr: [0.006141532437275693], Loss: 3.645077, Acc:0.569138, Semantic loss: 1.379891, BCE loss: 1.400698, SB loss: 0.864487
2025-03-28 10:03:21,127 Epoch: [8/20] Iter:[80/192], Time: 0.56, lr: [0.006116784817166194], Loss: 3.654627, Acc:0.568369, Semantic loss: 1.377963, BCE loss: 1.403957, SB loss: 0.872706
2025-03-28 10:03:25,464 Epoch: [8/20] Iter:[90/192], Time: 0.55, lr: [0.006092026066988214], Loss: 3.675180, Acc:0.570971, Semantic loss: 1.378979, BCE loss: 1.426660, SB loss: 0.869541
2025-03-28 10:03:29,904 Epoch: [8/20] Iter:[100/192], Time: 0.54, lr: [0.006067256131430442], Loss: 3.682353, Acc:0.570071, Semantic loss: 1.376360, BCE loss: 1.437617, SB loss: 0.868376
2025-03-28 10:03:34,390 Epoch: [8/20] Iter:[110/192], Time: 0.53, lr: [0.00604247495465443], Loss: 3.681129, Acc:0.569896, Semantic loss: 1.372707, BCE loss: 1.445612, SB loss: 0.862810
2025-03-28 10:03:38,798 Epoch: [8/20] Iter:[120/192], Time: 0.52, lr: [0.006017682480287143], Loss: 3.681595, Acc:0.571854, Semantic loss: 1.373014, BCE loss: 1.444609, SB loss: 0.863972
2025-03-28 10:03:43,384 Epoch: [8/20] Iter:[130/192], Time: 0.52, lr: [0.00599287865141337], Loss: 3.687372, Acc:0.572317, Semantic loss: 1.376340, BCE loss: 1.446373, SB loss: 0.864659
2025-03-28 10:03:47,656 Epoch: [8/20] Iter:[140/192], Time: 0.51, lr: [0.005968063410567983], Loss: 3.695265, Acc:0.570809, Semantic loss: 1.379790, BCE loss: 1.448123, SB loss: 0.867352
2025-03-28 10:03:52,118 Epoch: [8/20] Iter:[150/192], Time: 0.51, lr: [0.00594323669972807], Loss: 3.702778, Acc:0.572666, Semantic loss: 1.378164, BCE loss: 1.457528, SB loss: 0.867086
2025-03-28 10:03:56,533 Epoch: [8/20] Iter:[160/192], Time: 0.50, lr: [0.005918398460304892], Loss: 3.701213, Acc:0.573584, Semantic loss: 1.377075, BCE loss: 1.459611, SB loss: 0.864527
2025-03-28 10:04:01,104 Epoch: [8/20] Iter:[170/192], Time: 0.50, lr: [0.0058935486331357125], Loss: 3.709827, Acc:0.573121, Semantic loss: 1.380537, BCE loss: 1.465515, SB loss: 0.863775
2025-03-28 10:04:05,539 Epoch: [8/20] Iter:[180/192], Time: 0.50, lr: [0.005868687158475447], Loss: 3.710821, Acc:0.573674, Semantic loss: 1.380638, BCE loss: 1.467083, SB loss: 0.863100
2025-03-28 10:04:10,022 Epoch: [8/20] Iter:[190/192], Time: 0.50, lr: [0.005843813975988169], Loss: 3.710780, Acc:0.573373, Semantic loss: 1.378847, BCE loss: 1.470519, SB loss: 0.861414
2025-03-28 10:06:11,130 0 [0.         0.63505711 0.36247979 0.24143687 0.18320641 0.03000557
 0.07634793] 0.21836195474802214
2025-03-28 10:06:11,130 1 [0.         0.59435884 0.36106173 0.327733   0.17177571 0.06002542
 0.13091268] 0.23512391076588415
2025-03-28 10:06:11,138 => saving checkpoint to output\loveda\pidnet_small_loveda\aug_hf_rbcheckpoint.pth.tar
2025-03-28 10:06:11,360 Loss: 3.613, MeanIU:  0.2351, Best_mIoU:  0.2351
2025-03-28 10:06:11,360 [0.         0.59435884 0.36106173 0.327733   0.17177571 0.06002542
 0.13091268]
2025-03-28 10:06:22,383 Epoch: [9/20] Iter:[0/192], Time: 10.84, lr: [0.0058388379291998025], Loss: 3.398203, Acc:0.673532, Semantic loss: 1.074872, BCE loss: 1.554409, SB loss: 0.768922
2025-03-28 10:06:26,574 Epoch: [9/20] Iter:[10/192], Time: 1.37, lr: [0.0058139506168319475], Loss: 3.477526, Acc:0.592321, Semantic loss: 1.291157, BCE loss: 1.386301, SB loss: 0.800068
2025-03-28 10:06:31,053 Epoch: [9/20] Iter:[20/192], Time: 0.93, lr: [0.005789051461775303], Loss: 3.511813, Acc:0.588775, Semantic loss: 1.304731, BCE loss: 1.391468, SB loss: 0.815614
2025-03-28 10:06:35,427 Epoch: [9/20] Iter:[30/192], Time: 0.77, lr: [0.005764140401744157], Loss: 3.548593, Acc:0.592144, Semantic loss: 1.315728, BCE loss: 1.401904, SB loss: 0.830961
2025-03-28 10:06:39,901 Epoch: [9/20] Iter:[40/192], Time: 0.69, lr: [0.005739217373824397], Loss: 3.598546, Acc:0.582572, Semantic loss: 1.345002, BCE loss: 1.417831, SB loss: 0.835714
2025-03-28 10:06:44,323 Epoch: [9/20] Iter:[50/192], Time: 0.64, lr: [0.005714282314464109], Loss: 3.633529, Acc:0.583237, Semantic loss: 1.338622, BCE loss: 1.460194, SB loss: 0.834712
2025-03-28 10:06:48,745 Epoch: [9/20] Iter:[60/192], Time: 0.61, lr: [0.005689335159463984], Loss: 3.626547, Acc:0.585033, Semantic loss: 1.345480, BCE loss: 1.449233, SB loss: 0.831834
2025-03-28 10:06:53,086 Epoch: [9/20] Iter:[70/192], Time: 0.59, lr: [0.0056643758439675305], Loss: 3.625730, Acc:0.584734, Semantic loss: 1.343133, BCE loss: 1.452895, SB loss: 0.829701
2025-03-28 10:06:57,517 Epoch: [9/20] Iter:[80/192], Time: 0.57, lr: [0.005639404302451105], Loss: 3.611923, Acc:0.587683, Semantic loss: 1.341182, BCE loss: 1.443523, SB loss: 0.827219
2025-03-28 10:07:01,968 Epoch: [9/20] Iter:[90/192], Time: 0.55, lr: [0.005614420468713722], Loss: 3.629294, Acc:0.585615, Semantic loss: 1.353352, BCE loss: 1.443044, SB loss: 0.832898
2025-03-28 10:07:06,362 Epoch: [9/20] Iter:[100/192], Time: 0.54, lr: [0.005589424275866668], Loss: 3.639265, Acc:0.585595, Semantic loss: 1.358449, BCE loss: 1.443637, SB loss: 0.837179
2025-03-28 10:07:10,729 Epoch: [9/20] Iter:[110/192], Time: 0.53, lr: [0.005564415656322913], Loss: 3.647670, Acc:0.585660, Semantic loss: 1.357982, BCE loss: 1.453453, SB loss: 0.836234
2025-03-28 10:07:15,070 Epoch: [9/20] Iter:[120/192], Time: 0.53, lr: [0.00553939454178628], Loss: 3.654829, Acc:0.586604, Semantic loss: 1.353067, BCE loss: 1.465119, SB loss: 0.836642
2025-03-28 10:07:19,448 Epoch: [9/20] Iter:[130/192], Time: 0.52, lr: [0.005514360863240413], Loss: 3.646708, Acc:0.587090, Semantic loss: 1.349641, BCE loss: 1.459689, SB loss: 0.837378
2025-03-28 10:07:23,930 Epoch: [9/20] Iter:[140/192], Time: 0.51, lr: [0.005489314550937511], Loss: 3.640044, Acc:0.588549, Semantic loss: 1.343922, BCE loss: 1.460459, SB loss: 0.835662
2025-03-28 10:07:28,260 Epoch: [9/20] Iter:[150/192], Time: 0.51, lr: [0.005464255534386825], Loss: 3.632086, Acc:0.590750, Semantic loss: 1.336143, BCE loss: 1.459361, SB loss: 0.836582
2025-03-28 10:07:32,670 Epoch: [9/20] Iter:[160/192], Time: 0.50, lr: [0.005439183742342914], Loss: 3.643889, Acc:0.591736, Semantic loss: 1.338767, BCE loss: 1.468560, SB loss: 0.836562
2025-03-28 10:07:37,068 Epoch: [9/20] Iter:[170/192], Time: 0.50, lr: [0.00541409910279366], Loss: 3.644328, Acc:0.591729, Semantic loss: 1.336955, BCE loss: 1.471512, SB loss: 0.835861
2025-03-28 10:07:41,629 Epoch: [9/20] Iter:[180/192], Time: 0.50, lr: [0.005389001542948025], Loss: 3.653005, Acc:0.590657, Semantic loss: 1.340836, BCE loss: 1.472739, SB loss: 0.839430
2025-03-28 10:07:45,990 Epoch: [9/20] Iter:[190/192], Time: 0.49, lr: [0.005363890989223547], Loss: 3.640575, Acc:0.589808, Semantic loss: 1.340213, BCE loss: 1.461437, SB loss: 0.838925
2025-03-28 10:09:46,749 0 [0.         0.63234079 0.3479365  0.28878082 0.22022999 0.15487362
 0.06040254] 0.2435091793642475
2025-03-28 10:09:46,750 1 [0.         0.64108735 0.36140476 0.32456715 0.22797006 0.11299204
 0.05394269] 0.2459948639798359
2025-03-28 10:09:46,759 => saving checkpoint to output\loveda\pidnet_small_loveda\aug_hf_rbcheckpoint.pth.tar
2025-03-28 10:09:47,071 Loss: 3.477, MeanIU:  0.2460, Best_mIoU:  0.2460
2025-03-28 10:09:47,071 [0.         0.64108735 0.36140476 0.32456715 0.22797006 0.11299204
 0.05394269]
2025-03-28 10:09:58,130 Epoch: [10/20] Iter:[0/192], Time: 10.88, lr: [0.005358867312681466], Loss: 3.330567, Acc:0.673883, Semantic loss: 1.139286, BCE loss: 1.516747, SB loss: 0.674534
2025-03-28 10:10:02,333 Epoch: [10/20] Iter:[10/192], Time: 1.37, lr: [0.005333741068040314], Loss: 3.735326, Acc:0.596975, Semantic loss: 1.344401, BCE loss: 1.566315, SB loss: 0.824610
2025-03-28 10:10:06,686 Epoch: [10/20] Iter:[20/192], Time: 0.93, lr: [0.0053086016647897714], Loss: 3.686910, Acc:0.609464, Semantic loss: 1.320893, BCE loss: 1.544981, SB loss: 0.821036
2025-03-28 10:10:11,154 Epoch: [10/20] Iter:[30/192], Time: 0.77, lr: [0.005283449026727663], Loss: 3.744053, Acc:0.593884, Semantic loss: 1.348507, BCE loss: 1.565386, SB loss: 0.830160
2025-03-28 10:10:15,659 Epoch: [10/20] Iter:[40/192], Time: 0.69, lr: [0.005258283076804885], Loss: 3.750587, Acc:0.595365, Semantic loss: 1.355989, BCE loss: 1.574301, SB loss: 0.820298
2025-03-28 10:10:20,137 Epoch: [10/20] Iter:[50/192], Time: 0.64, lr: [0.00523310373711144], Loss: 3.707029, Acc:0.595040, Semantic loss: 1.339120, BCE loss: 1.552470, SB loss: 0.815439
2025-03-28 10:10:24,588 Epoch: [10/20] Iter:[60/192], Time: 0.61, lr: [0.005207910928862159], Loss: 3.679893, Acc:0.594604, Semantic loss: 1.333370, BCE loss: 1.534360, SB loss: 0.812163
2025-03-28 10:10:29,073 Epoch: [10/20] Iter:[70/192], Time: 0.59, lr: [0.005182704572382109], Loss: 3.657583, Acc:0.592865, Semantic loss: 1.333905, BCE loss: 1.509755, SB loss: 0.813923
2025-03-28 10:10:33,618 Epoch: [10/20] Iter:[80/192], Time: 0.57, lr: [0.005157484587091684], Loss: 3.662341, Acc:0.594136, Semantic loss: 1.333842, BCE loss: 1.513201, SB loss: 0.815299
2025-03-28 10:10:38,015 Epoch: [10/20] Iter:[90/192], Time: 0.56, lr: [0.005132250891491357], Loss: 3.645876, Acc:0.591962, Semantic loss: 1.333194, BCE loss: 1.502396, SB loss: 0.810287
2025-03-28 10:10:42,573 Epoch: [10/20] Iter:[100/192], Time: 0.55, lr: [0.005107003403146087], Loss: 3.625123, Acc:0.591676, Semantic loss: 1.331380, BCE loss: 1.482717, SB loss: 0.811026
2025-03-28 10:10:47,057 Epoch: [10/20] Iter:[110/192], Time: 0.54, lr: [0.005081742038669388], Loss: 3.634597, Acc:0.591886, Semantic loss: 1.335522, BCE loss: 1.482236, SB loss: 0.816839
2025-03-28 10:10:51,514 Epoch: [10/20] Iter:[120/192], Time: 0.53, lr: [0.005056466713707024], Loss: 3.625360, Acc:0.591479, Semantic loss: 1.337528, BCE loss: 1.470134, SB loss: 0.817699
2025-03-28 10:10:55,869 Epoch: [10/20] Iter:[130/192], Time: 0.52, lr: [0.005031177342920337], Loss: 3.627134, Acc:0.589549, Semantic loss: 1.343101, BCE loss: 1.465688, SB loss: 0.818345
2025-03-28 10:11:00,239 Epoch: [10/20] Iter:[140/192], Time: 0.52, lr: [0.005005873839969192], Loss: 3.625040, Acc:0.587668, Semantic loss: 1.345077, BCE loss: 1.455369, SB loss: 0.824595
2025-03-28 10:11:04,622 Epoch: [10/20] Iter:[150/192], Time: 0.51, lr: [0.00498055611749454], Loss: 3.626901, Acc:0.587937, Semantic loss: 1.346386, BCE loss: 1.455725, SB loss: 0.824789
2025-03-28 10:11:09,063 Epoch: [10/20] Iter:[160/192], Time: 0.51, lr: [0.004955224087100552], Loss: 3.624471, Acc:0.588546, Semantic loss: 1.343517, BCE loss: 1.457302, SB loss: 0.823652
2025-03-28 10:11:13,480 Epoch: [10/20] Iter:[170/192], Time: 0.50, lr: [0.004929877659336362], Loss: 3.629969, Acc:0.589239, Semantic loss: 1.343312, BCE loss: 1.459682, SB loss: 0.826975
2025-03-28 10:11:17,987 Epoch: [10/20] Iter:[180/192], Time: 0.50, lr: [0.004904516743677371], Loss: 3.627372, Acc:0.587910, Semantic loss: 1.344907, BCE loss: 1.454574, SB loss: 0.827891
2025-03-28 10:11:22,312 Epoch: [10/20] Iter:[190/192], Time: 0.50, lr: [0.00487914124850611], Loss: 3.629168, Acc:0.587912, Semantic loss: 1.343504, BCE loss: 1.457739, SB loss: 0.827924
2025-03-28 10:13:22,695 0 [0.         0.59784868 0.33493815 0.29368491 0.29269953 0.10500762
 0.18603867] 0.2586025073974553
2025-03-28 10:13:22,695 1 [0.         0.53816067 0.37541613 0.36606611 0.33516038 0.10251679
 0.1720525 ] 0.2699103684967202
2025-03-28 10:13:22,703 => saving checkpoint to output\loveda\pidnet_small_loveda\aug_hf_rbcheckpoint.pth.tar
2025-03-28 10:13:22,909 Loss: 3.457, MeanIU:  0.2699, Best_mIoU:  0.2699
2025-03-28 10:13:22,910 [0.         0.53816067 0.37541613 0.36606611 0.33516038 0.10251679
 0.1720525 ]
2025-03-28 10:13:33,637 Epoch: [11/20] Iter:[0/192], Time: 10.55, lr: [0.004874064391789954], Loss: 3.620512, Acc:0.699236, Semantic loss: 1.208765, BCE loss: 1.624953, SB loss: 0.786794
2025-03-28 10:13:37,783 Epoch: [11/20] Iter:[10/192], Time: 1.34, lr: [0.004848671278701159], Loss: 3.492960, Acc:0.626054, Semantic loss: 1.223776, BCE loss: 1.503964, SB loss: 0.765220
2025-03-28 10:13:42,156 Epoch: [11/20] Iter:[20/192], Time: 0.91, lr: [0.0048232633805975296], Loss: 3.574940, Acc:0.606411, Semantic loss: 1.269430, BCE loss: 1.510290, SB loss: 0.795221
2025-03-28 10:13:46,542 Epoch: [11/20] Iter:[30/192], Time: 0.76, lr: [0.00479784060223045], Loss: 3.549215, Acc:0.609934, Semantic loss: 1.280754, BCE loss: 1.456964, SB loss: 0.811497
2025-03-28 10:13:51,070 Epoch: [11/20] Iter:[40/192], Time: 0.68, lr: [0.004772402847172951], Loss: 3.519924, Acc:0.613398, Semantic loss: 1.267509, BCE loss: 1.442055, SB loss: 0.810359
2025-03-28 10:13:55,473 Epoch: [11/20] Iter:[50/192], Time: 0.63, lr: [0.004746950017798064], Loss: 3.517801, Acc:0.615831, Semantic loss: 1.256745, BCE loss: 1.452534, SB loss: 0.808522
2025-03-28 10:14:00,070 Epoch: [11/20] Iter:[60/192], Time: 0.61, lr: [0.004721482015256639], Loss: 3.533235, Acc:0.612018, Semantic loss: 1.267674, BCE loss: 1.449097, SB loss: 0.816463
2025-03-28 10:14:04,481 Epoch: [11/20] Iter:[70/192], Time: 0.58, lr: [0.004695998739454633], Loss: 3.547469, Acc:0.614665, Semantic loss: 1.272467, BCE loss: 1.462305, SB loss: 0.812697
2025-03-28 10:14:08,884 Epoch: [11/20] Iter:[80/192], Time: 0.57, lr: [0.004670500089029817], Loss: 3.546859, Acc:0.613680, Semantic loss: 1.270392, BCE loss: 1.462479, SB loss: 0.813987
2025-03-28 10:14:13,298 Epoch: [11/20] Iter:[90/192], Time: 0.55, lr: [0.004644985961327915], Loss: 3.545428, Acc:0.607167, Semantic loss: 1.284582, BCE loss: 1.441208, SB loss: 0.819639
2025-03-28 10:14:17,833 Epoch: [11/20] Iter:[100/192], Time: 0.54, lr: [0.004619456252378151], Loss: 3.565678, Acc:0.605734, Semantic loss: 1.293515, BCE loss: 1.443109, SB loss: 0.829053
2025-03-28 10:14:22,194 Epoch: [11/20] Iter:[110/192], Time: 0.53, lr: [0.004593910856868159], Loss: 3.565277, Acc:0.605781, Semantic loss: 1.294209, BCE loss: 1.440251, SB loss: 0.830817
2025-03-28 10:14:26,838 Epoch: [11/20] Iter:[120/192], Time: 0.53, lr: [0.004568349668118281], Loss: 3.572583, Acc:0.603271, Semantic loss: 1.297741, BCE loss: 1.441385, SB loss: 0.833456
2025-03-28 10:14:31,216 Epoch: [11/20] Iter:[130/192], Time: 0.52, lr: [0.004542772578055196], Loss: 3.578466, Acc:0.599954, Semantic loss: 1.302644, BCE loss: 1.444223, SB loss: 0.831599
2025-03-28 10:14:35,670 Epoch: [11/20] Iter:[140/192], Time: 0.51, lr: [0.00451717947718487], Loss: 3.576946, Acc:0.601924, Semantic loss: 1.296747, BCE loss: 1.452640, SB loss: 0.827559
2025-03-28 10:14:39,986 Epoch: [11/20] Iter:[150/192], Time: 0.51, lr: [0.004491570254564817], Loss: 3.576667, Acc:0.601471, Semantic loss: 1.299320, BCE loss: 1.448850, SB loss: 0.828497
2025-03-28 10:14:44,475 Epoch: [11/20] Iter:[160/192], Time: 0.51, lr: [0.004465944797775636], Loss: 3.585030, Acc:0.600467, Semantic loss: 1.303380, BCE loss: 1.449059, SB loss: 0.832591
2025-03-28 10:14:48,897 Epoch: [11/20] Iter:[170/192], Time: 0.50, lr: [0.004440302992891796], Loss: 3.593154, Acc:0.598878, Semantic loss: 1.306311, BCE loss: 1.452319, SB loss: 0.834523
2025-03-28 10:14:53,406 Epoch: [11/20] Iter:[180/192], Time: 0.50, lr: [0.004414644724451659], Loss: 3.596886, Acc:0.596385, Semantic loss: 1.310514, BCE loss: 1.453146, SB loss: 0.833226
2025-03-28 10:14:57,690 Epoch: [11/20] Iter:[190/192], Time: 0.50, lr: [0.004388969875426714], Loss: 3.591798, Acc:0.596917, Semantic loss: 1.310169, BCE loss: 1.448476, SB loss: 0.833152
2025-03-28 10:16:59,664 0 [0.         0.62702334 0.37406666 0.30365794 0.21951177 0.10189976
 0.10032736] 0.24664097508655744
2025-03-28 10:16:59,664 1 [0.         0.63209759 0.39232108 0.37840432 0.24888451 0.06797982
 0.11243861] 0.26173227642492364
2025-03-28 10:16:59,671 => saving checkpoint to output\loveda\pidnet_small_loveda\aug_hf_rbcheckpoint.pth.tar
2025-03-28 10:16:59,812 Loss: 3.521, MeanIU:  0.2617, Best_mIoU:  0.2699
2025-03-28 10:16:59,813 [0.         0.63209759 0.39232108 0.37840432 0.24888451 0.06797982
 0.11243861]
2025-03-28 10:17:10,968 Epoch: [12/20] Iter:[0/192], Time: 10.97, lr: [0.0043838329055408696], Loss: 3.441385, Acc:0.713191, Semantic loss: 1.063473, BCE loss: 1.641254, SB loss: 0.736657
2025-03-28 10:17:15,390 Epoch: [12/20] Iter:[10/192], Time: 1.40, lr: [0.004358138003083593], Loss: 3.698046, Acc:0.610465, Semantic loss: 1.292654, BCE loss: 1.599431, SB loss: 0.805960
2025-03-28 10:17:19,981 Epoch: [12/20] Iter:[20/192], Time: 0.95, lr: [0.0043324262569064236], Loss: 3.665358, Acc:0.602905, Semantic loss: 1.316407, BCE loss: 1.525160, SB loss: 0.823791
2025-03-28 10:17:24,396 Epoch: [12/20] Iter:[30/192], Time: 0.79, lr: [0.0043066975447503065], Loss: 3.617403, Acc:0.599377, Semantic loss: 1.322212, BCE loss: 1.477184, SB loss: 0.818007
2025-03-28 10:17:28,829 Epoch: [12/20] Iter:[40/192], Time: 0.70, lr: [0.00428095174265078], Loss: 3.603990, Acc:0.607231, Semantic loss: 1.316450, BCE loss: 1.485549, SB loss: 0.801991
2025-03-28 10:17:33,323 Epoch: [12/20] Iter:[50/192], Time: 0.65, lr: [0.004255188724902623], Loss: 3.626312, Acc:0.605396, Semantic loss: 1.320086, BCE loss: 1.495550, SB loss: 0.810676
2025-03-28 10:17:37,881 Epoch: [12/20] Iter:[60/192], Time: 0.62, lr: [0.004229408364023519], Loss: 3.643188, Acc:0.605223, Semantic loss: 1.321024, BCE loss: 1.508211, SB loss: 0.813953
2025-03-28 10:17:42,239 Epoch: [12/20] Iter:[70/192], Time: 0.60, lr: [0.004203610530716726], Loss: 3.623146, Acc:0.603315, Semantic loss: 1.316872, BCE loss: 1.492508, SB loss: 0.813766
2025-03-28 10:17:46,657 Epoch: [12/20] Iter:[80/192], Time: 0.58, lr: [0.004177795093832693], Loss: 3.617907, Acc:0.602220, Semantic loss: 1.317361, BCE loss: 1.489993, SB loss: 0.810553
2025-03-28 10:17:51,119 Epoch: [12/20] Iter:[90/192], Time: 0.56, lr: [0.004151961920329593], Loss: 3.604403, Acc:0.601678, Semantic loss: 1.323475, BCE loss: 1.475074, SB loss: 0.805853
2025-03-28 10:17:55,615 Epoch: [12/20] Iter:[100/192], Time: 0.55, lr: [0.004126110875232744], Loss: 3.610433, Acc:0.602256, Semantic loss: 1.324139, BCE loss: 1.482137, SB loss: 0.804158
2025-03-28 10:18:00,124 Epoch: [12/20] Iter:[110/192], Time: 0.54, lr: [0.004100241821592866], Loss: 3.605660, Acc:0.600048, Semantic loss: 1.325038, BCE loss: 1.472884, SB loss: 0.807738
2025-03-28 10:18:04,632 Epoch: [12/20] Iter:[120/192], Time: 0.53, lr: [0.00407435462044314], Loss: 3.592640, Acc:0.602437, Semantic loss: 1.314149, BCE loss: 1.470752, SB loss: 0.807738
2025-03-28 10:18:09,038 Epoch: [12/20] Iter:[130/192], Time: 0.53, lr: [0.004048449130755016], Loss: 3.586969, Acc:0.601367, Semantic loss: 1.311011, BCE loss: 1.471351, SB loss: 0.804608
2025-03-28 10:18:13,705 Epoch: [12/20] Iter:[140/192], Time: 0.52, lr: [0.004022525209392749], Loss: 3.589052, Acc:0.602529, Semantic loss: 1.308954, BCE loss: 1.474790, SB loss: 0.805308
2025-03-28 10:18:18,161 Epoch: [12/20] Iter:[150/192], Time: 0.52, lr: [0.003996582711066572], Loss: 3.576466, Acc:0.604461, Semantic loss: 1.301204, BCE loss: 1.473579, SB loss: 0.801682
2025-03-28 10:18:22,694 Epoch: [12/20] Iter:[160/192], Time: 0.51, lr: [0.003970621488284514], Loss: 3.573039, Acc:0.603646, Semantic loss: 1.300919, BCE loss: 1.465842, SB loss: 0.806278
2025-03-28 10:18:27,117 Epoch: [12/20] Iter:[170/192], Time: 0.51, lr: [0.003944641391302759], Loss: 3.567348, Acc:0.603127, Semantic loss: 1.301337, BCE loss: 1.459875, SB loss: 0.806136
2025-03-28 10:18:31,677 Epoch: [12/20] Iter:[180/192], Time: 0.51, lr: [0.003918642268074522], Loss: 3.556596, Acc:0.602587, Semantic loss: 1.301889, BCE loss: 1.447724, SB loss: 0.806983
2025-03-28 10:18:36,107 Epoch: [12/20] Iter:[190/192], Time: 0.50, lr: [0.003892623964197378], Loss: 3.559379, Acc:0.601808, Semantic loss: 1.302866, BCE loss: 1.447552, SB loss: 0.808962
2025-03-28 10:20:36,974 0 [0.         0.56857846 0.4208093  0.29536315 0.22098797 0.10472883
 0.181027  ] 0.25592781729986575
2025-03-28 10:20:36,974 1 [0.         0.48322844 0.45535634 0.37361774 0.22835088 0.09831328
 0.14809788] 0.2552806513047699
2025-03-28 10:20:36,981 => saving checkpoint to output\loveda\pidnet_small_loveda\aug_hf_rbcheckpoint.pth.tar
2025-03-28 10:20:37,094 Loss: 3.576, MeanIU:  0.2553, Best_mIoU:  0.2699
2025-03-28 10:20:37,095 [0.         0.48322844 0.45535634 0.37361774 0.22835088 0.09831328
 0.14809788]
2025-03-28 10:20:48,077 Epoch: [13/20] Iter:[0/192], Time: 10.80, lr: [0.0038874179879876346], Loss: 3.629249, Acc:0.689898, Semantic loss: 1.120596, BCE loss: 1.791852, SB loss: 0.716801
2025-03-28 10:20:52,236 Epoch: [13/20] Iter:[10/192], Time: 1.36, lr: [0.003861376460123532], Loss: 3.675566, Acc:0.598186, Semantic loss: 1.271052, BCE loss: 1.560945, SB loss: 0.843570
2025-03-28 10:20:56,741 Epoch: [13/20] Iter:[20/192], Time: 0.93, lr: [0.003835315403363414], Loss: 3.589424, Acc:0.610355, Semantic loss: 1.288445, BCE loss: 1.490272, SB loss: 0.810707
2025-03-28 10:21:01,088 Epoch: [13/20] Iter:[30/192], Time: 0.77, lr: [0.00380923465539378], Loss: 3.551839, Acc:0.612594, Semantic loss: 1.272473, BCE loss: 1.464518, SB loss: 0.814848
2025-03-28 10:21:05,671 Epoch: [13/20] Iter:[40/192], Time: 0.69, lr: [0.0037831340513060203], Loss: 3.569546, Acc:0.610910, Semantic loss: 1.281050, BCE loss: 1.478387, SB loss: 0.810109
2025-03-28 10:21:10,082 Epoch: [13/20] Iter:[50/192], Time: 0.64, lr: [0.003757013423534689], Loss: 3.573956, Acc:0.615589, Semantic loss: 1.278531, BCE loss: 1.489711, SB loss: 0.805714
2025-03-28 10:21:14,537 Epoch: [13/20] Iter:[60/192], Time: 0.61, lr: [0.003730872601793835], Loss: 3.573220, Acc:0.613737, Semantic loss: 1.277018, BCE loss: 1.489977, SB loss: 0.806226
2025-03-28 10:21:18,916 Epoch: [13/20] Iter:[70/192], Time: 0.59, lr: [0.0037047114130112895], Loss: 3.555390, Acc:0.614143, Semantic loss: 1.275147, BCE loss: 1.475058, SB loss: 0.805184
2025-03-28 10:21:23,417 Epoch: [13/20] Iter:[80/192], Time: 0.57, lr: [0.0036785296812608405], Loss: 3.569049, Acc:0.606837, Semantic loss: 1.299645, BCE loss: 1.447959, SB loss: 0.821445
2025-03-28 10:21:27,786 Epoch: [13/20] Iter:[90/192], Time: 0.56, lr: [0.003652327227692201], Loss: 3.575668, Acc:0.606326, Semantic loss: 1.298637, BCE loss: 1.458236, SB loss: 0.818796
2025-03-28 10:21:32,375 Epoch: [13/20] Iter:[100/192], Time: 0.55, lr: [0.0036261038704587037], Loss: 3.586835, Acc:0.604398, Semantic loss: 1.295997, BCE loss: 1.469907, SB loss: 0.820931
2025-03-28 10:21:36,901 Epoch: [13/20] Iter:[110/192], Time: 0.54, lr: [0.003599859424642584], Loss: 3.594130, Acc:0.603863, Semantic loss: 1.300496, BCE loss: 1.474601, SB loss: 0.819034
2025-03-28 10:21:41,337 Epoch: [13/20] Iter:[120/192], Time: 0.53, lr: [0.0035735937021778063], Loss: 3.587976, Acc:0.603806, Semantic loss: 1.299613, BCE loss: 1.469955, SB loss: 0.818408
2025-03-28 10:21:45,727 Epoch: [13/20] Iter:[130/192], Time: 0.52, lr: [0.0035473065117702885], Loss: 3.580043, Acc:0.604480, Semantic loss: 1.297684, BCE loss: 1.463610, SB loss: 0.818749
2025-03-28 10:21:50,322 Epoch: [13/20] Iter:[140/192], Time: 0.52, lr: [0.003520997658815433], Loss: 3.570551, Acc:0.604296, Semantic loss: 1.296597, BCE loss: 1.457853, SB loss: 0.816100
2025-03-28 10:21:54,753 Epoch: [13/20] Iter:[150/192], Time: 0.51, lr: [0.003494666945312851], Loss: 3.560857, Acc:0.604898, Semantic loss: 1.295401, BCE loss: 1.450508, SB loss: 0.814947
2025-03-28 10:21:59,165 Epoch: [13/20] Iter:[160/192], Time: 0.51, lr: [0.00346831416977816], Loss: 3.549103, Acc:0.604689, Semantic loss: 1.292955, BCE loss: 1.442402, SB loss: 0.813746
2025-03-28 10:22:03,330 Epoch: [13/20] Iter:[170/192], Time: 0.50, lr: [0.003441939127151716], Loss: 3.545436, Acc:0.606109, Semantic loss: 1.288859, BCE loss: 1.444107, SB loss: 0.812470
2025-03-28 10:22:07,401 Epoch: [13/20] Iter:[180/192], Time: 0.50, lr: [0.0034155416087041646], Loss: 3.538077, Acc:0.606705, Semantic loss: 1.284970, BCE loss: 1.443111, SB loss: 0.809997
2025-03-28 10:22:11,693 Epoch: [13/20] Iter:[190/192], Time: 0.49, lr: [0.0033891214019386652], Loss: 3.536119, Acc:0.606648, Semantic loss: 1.283084, BCE loss: 1.442841, SB loss: 0.810194
2025-03-28 10:24:12,649 0 [0.         0.63772513 0.37578179 0.2697242  0.26431748 0.08704295
 0.11697239] 0.2502234213680737
2025-03-28 10:24:12,649 1 [0.         0.65847332 0.34976905 0.34147761 0.28480339 0.07102859
 0.0754081 ] 0.25442286578627965
2025-03-28 10:24:12,655 => saving checkpoint to output\loveda\pidnet_small_loveda\aug_hf_rbcheckpoint.pth.tar
2025-03-28 10:24:12,775 Loss: 3.366, MeanIU:  0.2544, Best_mIoU:  0.2699
2025-03-28 10:24:12,775 [0.         0.65847332 0.34976905 0.34147761 0.28480339 0.07102859
 0.0754081 ]
2025-03-28 10:24:23,792 Epoch: [14/20] Iter:[0/192], Time: 10.84, lr: [0.0033838346190164987], Loss: 3.622234, Acc:0.606422, Semantic loss: 1.226514, BCE loss: 1.657760, SB loss: 0.737961
2025-03-28 10:24:28,036 Epoch: [14/20] Iter:[10/192], Time: 1.37, lr: [0.0033573869003190927], Loss: 3.642403, Acc:0.601258, Semantic loss: 1.300756, BCE loss: 1.551725, SB loss: 0.789921
2025-03-28 10:24:32,565 Epoch: [14/20] Iter:[20/192], Time: 0.93, lr: [0.0033309160120447595], Loss: 3.563179, Acc:0.603073, Semantic loss: 1.282336, BCE loss: 1.485932, SB loss: 0.794911
2025-03-28 10:24:36,888 Epoch: [14/20] Iter:[30/192], Time: 0.77, lr: [0.0033044217289421207], Loss: 3.484476, Acc:0.612349, Semantic loss: 1.263823, BCE loss: 1.435890, SB loss: 0.784763
2025-03-28 10:24:41,420 Epoch: [14/20] Iter:[40/192], Time: 0.69, lr: [0.0032779038215418194], Loss: 3.515760, Acc:0.612004, Semantic loss: 1.274844, BCE loss: 1.448273, SB loss: 0.792644
2025-03-28 10:24:45,805 Epoch: [14/20] Iter:[50/192], Time: 0.64, lr: [0.0032513620560388795], Loss: 3.518341, Acc:0.606549, Semantic loss: 1.263880, BCE loss: 1.460832, SB loss: 0.793630
2025-03-28 10:24:50,332 Epoch: [14/20] Iter:[60/192], Time: 0.61, lr: [0.003224796194170671], Loss: 3.524583, Acc:0.605833, Semantic loss: 1.266231, BCE loss: 1.461904, SB loss: 0.796447
2025-03-28 10:24:54,693 Epoch: [14/20] Iter:[70/192], Time: 0.59, lr: [0.003198205993090303], Loss: 3.515244, Acc:0.600770, Semantic loss: 1.275604, BCE loss: 1.442893, SB loss: 0.796747
2025-03-28 10:24:59,175 Epoch: [14/20] Iter:[80/192], Time: 0.57, lr: [0.0031715912052352204], Loss: 3.514354, Acc:0.605331, Semantic loss: 1.268291, BCE loss: 1.450696, SB loss: 0.795366
2025-03-28 10:25:03,508 Epoch: [14/20] Iter:[90/192], Time: 0.56, lr: [0.0031449515781907557], Loss: 3.507551, Acc:0.608941, Semantic loss: 1.267645, BCE loss: 1.445586, SB loss: 0.794320
2025-03-28 10:25:08,003 Epoch: [14/20] Iter:[100/192], Time: 0.55, lr: [0.003118286854548424], Loss: 3.509550, Acc:0.607335, Semantic loss: 1.272468, BCE loss: 1.441754, SB loss: 0.795328
2025-03-28 10:25:12,396 Epoch: [14/20] Iter:[110/192], Time: 0.54, lr: [0.003091596771758693], Loss: 3.510299, Acc:0.609762, Semantic loss: 1.266237, BCE loss: 1.452485, SB loss: 0.791578
2025-03-28 10:25:16,821 Epoch: [14/20] Iter:[120/192], Time: 0.53, lr: [0.0030648810619779434], Loss: 3.521437, Acc:0.611466, Semantic loss: 1.267828, BCE loss: 1.460339, SB loss: 0.793270
2025-03-28 10:25:21,175 Epoch: [14/20] Iter:[130/192], Time: 0.52, lr: [0.0030381394519093602], Loss: 3.507406, Acc:0.610561, Semantic loss: 1.264752, BCE loss: 1.450324, SB loss: 0.792330
2025-03-28 10:25:25,589 Epoch: [14/20] Iter:[140/192], Time: 0.52, lr: [0.003011371662637431], Loss: 3.504176, Acc:0.610910, Semantic loss: 1.266020, BCE loss: 1.441792, SB loss: 0.796365
2025-03-28 10:25:29,943 Epoch: [14/20] Iter:[150/192], Time: 0.51, lr: [0.0029845774094557345], Loss: 3.504691, Acc:0.611180, Semantic loss: 1.263545, BCE loss: 1.445284, SB loss: 0.795862
2025-03-28 10:25:34,355 Epoch: [14/20] Iter:[160/192], Time: 0.51, lr: [0.002957756401687678], Loss: 3.495434, Acc:0.611159, Semantic loss: 1.262104, BCE loss: 1.439212, SB loss: 0.794119
2025-03-28 10:25:38,694 Epoch: [14/20] Iter:[170/192], Time: 0.50, lr: [0.002930908342499829], Loss: 3.502569, Acc:0.611666, Semantic loss: 1.264683, BCE loss: 1.444091, SB loss: 0.793795
2025-03-28 10:25:43,235 Epoch: [14/20] Iter:[180/192], Time: 0.50, lr: [0.002904032928707437], Loss: 3.504836, Acc:0.609686, Semantic loss: 1.267566, BCE loss: 1.440230, SB loss: 0.797039
2025-03-28 10:25:47,578 Epoch: [14/20] Iter:[190/192], Time: 0.50, lr: [0.0028771298505717554], Loss: 3.517964, Acc:0.607619, Semantic loss: 1.275753, BCE loss: 1.435637, SB loss: 0.806574
2025-03-28 10:27:48,017 0 [0.         0.61528046 0.40691975 0.28646643 0.24263016 0.11159313
 0.1790717 ] 0.26313737312615243
2025-03-28 10:27:48,018 1 [0.         0.54287122 0.38801631 0.37758491 0.2705535  0.09985515
 0.1790722 ] 0.26542189797632504
2025-03-28 10:27:48,029 => saving checkpoint to output\loveda\pidnet_small_loveda\aug_hf_rbcheckpoint.pth.tar
2025-03-28 10:27:48,165 Loss: 3.468, MeanIU:  0.2654, Best_mIoU:  0.2699
2025-03-28 10:27:48,165 [0.         0.54287122 0.38801631 0.37758491 0.2705535  0.09985515
 0.1790722 ]
2025-03-28 10:27:59,310 Epoch: [15/20] Iter:[0/192], Time: 10.96, lr: [0.0028717458874925874], Loss: 3.300016, Acc:0.588167, Semantic loss: 1.135068, BCE loss: 1.440412, SB loss: 0.724536
2025-03-28 10:28:03,508 Epoch: [15/20] Iter:[10/192], Time: 1.38, lr: [0.0028448091937488323], Loss: 3.437385, Acc:0.599825, Semantic loss: 1.313656, BCE loss: 1.329140, SB loss: 0.794589
2025-03-28 10:28:07,873 Epoch: [15/20] Iter:[20/192], Time: 0.93, lr: [0.002817844130111582], Loss: 3.514349, Acc:0.608711, Semantic loss: 1.311271, BCE loss: 1.387547, SB loss: 0.815531
2025-03-28 10:28:12,288 Epoch: [15/20] Iter:[30/192], Time: 0.77, lr: [0.0027908503644035994], Loss: 3.552753, Acc:0.612689, Semantic loss: 1.302517, BCE loss: 1.442525, SB loss: 0.807711
2025-03-28 10:28:16,783 Epoch: [15/20] Iter:[40/192], Time: 0.69, lr: [0.0027638275569424097], Loss: 3.539160, Acc:0.610755, Semantic loss: 1.306074, BCE loss: 1.426184, SB loss: 0.806902
2025-03-28 10:28:21,172 Epoch: [15/20] Iter:[50/192], Time: 0.64, lr: [0.002736775360287257], Loss: 3.485653, Acc:0.612642, Semantic loss: 1.292076, BCE loss: 1.392842, SB loss: 0.800735
2025-03-28 10:28:25,619 Epoch: [15/20] Iter:[60/192], Time: 0.61, lr: [0.002709693418974644], Loss: 3.492026, Acc:0.615840, Semantic loss: 1.287101, BCE loss: 1.401098, SB loss: 0.803828
2025-03-28 10:28:29,971 Epoch: [15/20] Iter:[70/192], Time: 0.59, lr: [0.0026825813692418162], Loss: 3.465474, Acc:0.615678, Semantic loss: 1.275633, BCE loss: 1.389156, SB loss: 0.800685
2025-03-28 10:28:34,347 Epoch: [15/20] Iter:[80/192], Time: 0.57, lr: [0.0026554388387375], Loss: 3.472580, Acc:0.614391, Semantic loss: 1.276370, BCE loss: 1.392283, SB loss: 0.803927
2025-03-28 10:28:38,665 Epoch: [15/20] Iter:[90/192], Time: 0.55, lr: [0.002628265446219161], Loss: 3.461650, Acc:0.618073, Semantic loss: 1.271571, BCE loss: 1.394095, SB loss: 0.795983
2025-03-28 10:28:43,186 Epoch: [15/20] Iter:[100/192], Time: 0.54, lr: [0.002601060801235972], Loss: 3.459688, Acc:0.618146, Semantic loss: 1.271888, BCE loss: 1.395975, SB loss: 0.791824
2025-03-28 10:28:47,609 Epoch: [15/20] Iter:[110/192], Time: 0.53, lr: [0.002573824503796671], Loss: 3.464265, Acc:0.616900, Semantic loss: 1.266449, BCE loss: 1.407943, SB loss: 0.789873
2025-03-28 10:28:52,025 Epoch: [15/20] Iter:[120/192], Time: 0.53, lr: [0.00254655614402138], Loss: 3.474960, Acc:0.615706, Semantic loss: 1.264942, BCE loss: 1.417970, SB loss: 0.792047
2025-03-28 10:28:56,447 Epoch: [15/20] Iter:[130/192], Time: 0.52, lr: [0.0025192553017764118], Loss: 3.475721, Acc:0.615512, Semantic loss: 1.264766, BCE loss: 1.419540, SB loss: 0.791415
2025-03-28 10:29:00,943 Epoch: [15/20] Iter:[140/192], Time: 0.51, lr: [0.002491921546291034], Loss: 3.478828, Acc:0.614449, Semantic loss: 1.262009, BCE loss: 1.427233, SB loss: 0.789587
2025-03-28 10:29:05,368 Epoch: [15/20] Iter:[150/192], Time: 0.51, lr: [0.0024645544357550573], Loss: 3.490968, Acc:0.611808, Semantic loss: 1.269020, BCE loss: 1.429079, SB loss: 0.792869
2025-03-28 10:29:09,824 Epoch: [15/20] Iter:[160/192], Time: 0.51, lr: [0.002437153516896028], Loss: 3.487952, Acc:0.611124, Semantic loss: 1.269592, BCE loss: 1.422998, SB loss: 0.795362
2025-03-28 10:29:14,274 Epoch: [15/20] Iter:[170/192], Time: 0.50, lr: [0.0024097183245347467], Loss: 3.491463, Acc:0.613995, Semantic loss: 1.266140, BCE loss: 1.432426, SB loss: 0.792897
2025-03-28 10:29:18,664 Epoch: [15/20] Iter:[180/192], Time: 0.50, lr: [0.0023822483811177], Loss: 3.485857, Acc:0.616634, Semantic loss: 1.260208, BCE loss: 1.435757, SB loss: 0.789891
2025-03-28 10:29:22,964 Epoch: [15/20] Iter:[190/192], Time: 0.50, lr: [0.002354743196224891], Loss: 3.488555, Acc:0.616594, Semantic loss: 1.262155, BCE loss: 1.435262, SB loss: 0.791138
2025-03-28 10:31:23,183 0 [0.         0.62857863 0.36537681 0.3124098  0.25162139 0.10083842
 0.11280154] 0.2530895120399871
2025-03-28 10:31:23,184 1 [0.         0.63100376 0.38434396 0.35623221 0.29077521 0.07203439
 0.13759409] 0.2674262293695583
2025-03-28 10:31:23,193 => saving checkpoint to output\loveda\pidnet_small_loveda\aug_hf_rbcheckpoint.pth.tar
2025-03-28 10:31:23,326 Loss: 3.480, MeanIU:  0.2674, Best_mIoU:  0.2699
2025-03-28 10:31:23,326 [0.         0.63100376 0.38434396 0.35623221 0.29077521 0.07203439
 0.13759409]
2025-03-28 10:31:34,037 Epoch: [16/20] Iter:[0/192], Time: 10.53, lr: [0.0023492378861760376], Loss: 3.729263, Acc:0.607361, Semantic loss: 1.326887, BCE loss: 1.655135, SB loss: 0.747241
2025-03-28 10:31:38,288 Epoch: [16/20] Iter:[10/192], Time: 1.34, lr: [0.0023216897452738748], Loss: 3.407508, Acc:0.639366, Semantic loss: 1.212270, BCE loss: 1.440336, SB loss: 0.754902
2025-03-28 10:31:42,724 Epoch: [16/20] Iter:[20/192], Time: 0.92, lr: [0.0022941052360858027], Loss: 3.350385, Acc:0.635962, Semantic loss: 1.209512, BCE loss: 1.375446, SB loss: 0.765428
2025-03-28 10:31:47,207 Epoch: [16/20] Iter:[30/192], Time: 0.76, lr: [0.0022664838233947228], Loss: 3.441284, Acc:0.627852, Semantic loss: 1.254177, BCE loss: 1.411931, SB loss: 0.775176
2025-03-28 10:31:51,618 Epoch: [16/20] Iter:[40/192], Time: 0.69, lr: [0.0022388249567421017], Loss: 3.475537, Acc:0.622213, Semantic loss: 1.260833, BCE loss: 1.443577, SB loss: 0.771128
2025-03-28 10:31:55,985 Epoch: [16/20] Iter:[50/192], Time: 0.64, lr: [0.002211128069778427], Loss: 3.448586, Acc:0.627445, Semantic loss: 1.242986, BCE loss: 1.433843, SB loss: 0.771757
2025-03-28 10:32:00,413 Epoch: [16/20] Iter:[60/192], Time: 0.60, lr: [0.0021833925795765436], Loss: 3.465343, Acc:0.628615, Semantic loss: 1.236741, BCE loss: 1.450556, SB loss: 0.778046
2025-03-28 10:32:04,784 Epoch: [16/20] Iter:[70/192], Time: 0.58, lr: [0.0021556178859051967], Loss: 3.454738, Acc:0.629110, Semantic loss: 1.231573, BCE loss: 1.449776, SB loss: 0.773389
2025-03-28 10:32:09,219 Epoch: [16/20] Iter:[80/192], Time: 0.56, lr: [0.002127803370459852], Loss: 3.469518, Acc:0.626200, Semantic loss: 1.235237, BCE loss: 1.460105, SB loss: 0.774176
2025-03-28 10:32:13,538 Epoch: [16/20] Iter:[90/192], Time: 0.55, lr: [0.0020999483960476508], Loss: 3.440440, Acc:0.627161, Semantic loss: 1.227064, BCE loss: 1.442229, SB loss: 0.771147
2025-03-28 10:32:18,020 Epoch: [16/20] Iter:[100/192], Time: 0.54, lr: [0.0020720523057230294], Loss: 3.461511, Acc:0.627586, Semantic loss: 1.232297, BCE loss: 1.460273, SB loss: 0.768940
2025-03-28 10:32:22,408 Epoch: [16/20] Iter:[110/192], Time: 0.53, lr: [0.002044114421870228], Loss: 3.453927, Acc:0.628657, Semantic loss: 1.226068, BCE loss: 1.459023, SB loss: 0.768836
2025-03-28 10:32:26,928 Epoch: [16/20] Iter:[120/192], Time: 0.52, lr: [0.0020161340452285867], Loss: 3.454021, Acc:0.629178, Semantic loss: 1.228249, BCE loss: 1.457131, SB loss: 0.768641
2025-03-28 10:32:31,272 Epoch: [16/20] Iter:[130/192], Time: 0.52, lr: [0.001988110453856112], Loss: 3.450711, Acc:0.624602, Semantic loss: 1.234009, BCE loss: 1.444961, SB loss: 0.771740
2025-03-28 10:32:35,795 Epoch: [16/20] Iter:[140/192], Time: 0.51, lr: [0.0019600429020263607], Loss: 3.461278, Acc:0.624088, Semantic loss: 1.237563, BCE loss: 1.448336, SB loss: 0.775379
2025-03-28 10:32:40,240 Epoch: [16/20] Iter:[150/192], Time: 0.51, lr: [0.0019319306190532476], Loss: 3.461784, Acc:0.623248, Semantic loss: 1.237416, BCE loss: 1.451252, SB loss: 0.773115
2025-03-28 10:32:44,678 Epoch: [16/20] Iter:[160/192], Time: 0.50, lr: [0.0019037728080378042], Loss: 3.462892, Acc:0.621294, Semantic loss: 1.244065, BCE loss: 1.444235, SB loss: 0.774592
2025-03-28 10:32:49,048 Epoch: [16/20] Iter:[170/192], Time: 0.50, lr: [0.0018755686445303314], Loss: 3.451801, Acc:0.622135, Semantic loss: 1.243544, BCE loss: 1.433857, SB loss: 0.774401
2025-03-28 10:32:53,470 Epoch: [16/20] Iter:[180/192], Time: 0.50, lr: [0.001847317275100738], Loss: 3.459772, Acc:0.620690, Semantic loss: 1.248298, BCE loss: 1.436142, SB loss: 0.775331
2025-03-28 10:32:57,718 Epoch: [16/20] Iter:[190/192], Time: 0.49, lr: [0.0018190178158090872], Loss: 3.463922, Acc:0.620033, Semantic loss: 1.252834, BCE loss: 1.434965, SB loss: 0.776123
2025-03-28 10:34:57,987 0 [0.         0.60439085 0.38733514 0.27276536 0.22588217 0.20785329
 0.19973998] 0.27113811229042334
2025-03-28 10:34:57,988 1 [0.         0.57319405 0.3982474  0.33238687 0.34402084 0.21045569
 0.16590577] 0.2891729449440191
2025-03-28 10:34:57,993 => saving checkpoint to output\loveda\pidnet_small_loveda\aug_hf_rbcheckpoint.pth.tar
2025-03-28 10:34:58,201 Loss: 3.429, MeanIU:  0.2892, Best_mIoU:  0.2892
2025-03-28 10:34:58,201 [0.         0.57319405 0.3982474  0.33238687 0.34402084 0.21045569
 0.16590577]
2025-03-28 10:35:08,960 Epoch: [17/20] Iter:[0/192], Time: 10.58, lr: [0.0018133520731367456], Loss: 3.546793, Acc:0.651160, Semantic loss: 1.153687, BCE loss: 1.617566, SB loss: 0.775540
2025-03-28 10:35:13,092 Epoch: [17/20] Iter:[10/192], Time: 1.34, lr: [0.001784993693823396], Loss: 3.441718, Acc:0.612843, Semantic loss: 1.185624, BCE loss: 1.478471, SB loss: 0.777622
2025-03-28 10:35:17,522 Epoch: [17/20] Iter:[20/192], Time: 0.91, lr: [0.0017565851643374117], Loss: 3.472526, Acc:0.614012, Semantic loss: 1.218399, BCE loss: 1.462184, SB loss: 0.791943
2025-03-28 10:35:21,921 Epoch: [17/20] Iter:[30/192], Time: 0.76, lr: [0.0017281254915000803], Loss: 3.501128, Acc:0.615025, Semantic loss: 1.239964, BCE loss: 1.452648, SB loss: 0.808516
2025-03-28 10:35:26,431 Epoch: [17/20] Iter:[40/192], Time: 0.68, lr: [0.0016996136438923032], Loss: 3.487942, Acc:0.613757, Semantic loss: 1.248622, BCE loss: 1.439455, SB loss: 0.799865
2025-03-28 10:35:30,800 Epoch: [17/20] Iter:[50/192], Time: 0.64, lr: [0.0016710485496403851], Loss: 3.486633, Acc:0.613596, Semantic loss: 1.255698, BCE loss: 1.433551, SB loss: 0.797384
2025-03-28 10:35:35,269 Epoch: [17/20] Iter:[60/192], Time: 0.60, lr: [0.0016424290940290059], Loss: 3.459309, Acc:0.622881, Semantic loss: 1.244071, BCE loss: 1.430690, SB loss: 0.784548
2025-03-28 10:35:39,666 Epoch: [17/20] Iter:[70/192], Time: 0.58, lr: [0.0016137541169242962], Loss: 3.423171, Acc:0.623682, Semantic loss: 1.238319, BCE loss: 1.401566, SB loss: 0.783286
2025-03-28 10:35:44,172 Epoch: [17/20] Iter:[80/192], Time: 0.57, lr: [0.0015850224099878446], Loss: 3.442049, Acc:0.625307, Semantic loss: 1.239497, BCE loss: 1.417559, SB loss: 0.784992
2025-03-28 10:35:48,547 Epoch: [17/20] Iter:[90/192], Time: 0.55, lr: [0.001556232713660091], Loss: 3.426746, Acc:0.627006, Semantic loss: 1.229837, BCE loss: 1.417387, SB loss: 0.779522
2025-03-28 10:35:52,992 Epoch: [17/20] Iter:[100/192], Time: 0.54, lr: [0.0015273837138888994], Loss: 3.430823, Acc:0.627422, Semantic loss: 1.230227, BCE loss: 1.424814, SB loss: 0.775781
2025-03-28 10:35:57,372 Epoch: [17/20] Iter:[110/192], Time: 0.53, lr: [0.0014984740385759552], Loss: 3.443613, Acc:0.625316, Semantic loss: 1.232757, BCE loss: 1.434739, SB loss: 0.776117
2025-03-28 10:36:01,906 Epoch: [17/20] Iter:[120/192], Time: 0.53, lr: [0.0014695022537100475], Loss: 3.448585, Acc:0.622008, Semantic loss: 1.235790, BCE loss: 1.432419, SB loss: 0.780376
2025-03-28 10:36:06,321 Epoch: [17/20] Iter:[130/192], Time: 0.52, lr: [0.0014404668591521846], Loss: 3.445858, Acc:0.620644, Semantic loss: 1.239222, BCE loss: 1.425953, SB loss: 0.780683
2025-03-28 10:36:10,936 Epoch: [17/20] Iter:[140/192], Time: 0.51, lr: [0.0014113662840326588], Loss: 3.445294, Acc:0.623328, Semantic loss: 1.239849, BCE loss: 1.425280, SB loss: 0.780166
2025-03-28 10:36:15,361 Epoch: [17/20] Iter:[150/192], Time: 0.51, lr: [0.0013821988817145786], Loss: 3.449056, Acc:0.623173, Semantic loss: 1.241403, BCE loss: 1.428493, SB loss: 0.779160
2025-03-28 10:36:20,030 Epoch: [17/20] Iter:[160/192], Time: 0.51, lr: [0.0013529629242719093], Loss: 3.447058, Acc:0.625446, Semantic loss: 1.239568, BCE loss: 1.429525, SB loss: 0.777965
2025-03-28 10:36:24,616 Epoch: [17/20] Iter:[170/192], Time: 0.50, lr: [0.0013236565964223801], Loss: 3.449272, Acc:0.626242, Semantic loss: 1.238973, BCE loss: 1.432486, SB loss: 0.777813
2025-03-28 10:36:29,208 Epoch: [17/20] Iter:[180/192], Time: 0.50, lr: [0.0012942779888466518], Loss: 3.449742, Acc:0.625798, Semantic loss: 1.240775, BCE loss: 1.432627, SB loss: 0.776339
2025-03-28 10:36:33,678 Epoch: [17/20] Iter:[190/192], Time: 0.50, lr: [0.0012648250908145803], Loss: 3.446203, Acc:0.625587, Semantic loss: 1.240870, BCE loss: 1.429697, SB loss: 0.775637
2025-03-28 10:38:32,840 0 [0.         0.61463083 0.39538079 0.30553173 0.21295839 0.17032977
 0.20377301] 0.2718006458384748
2025-03-28 10:38:32,840 1 [0.         0.58792425 0.44288828 0.36872374 0.27991519 0.12424856
 0.17436214] 0.2825803091987478
2025-03-28 10:38:32,846 => saving checkpoint to output\loveda\pidnet_small_loveda\aug_hf_rbcheckpoint.pth.tar
2025-03-28 10:38:32,922 Loss: 3.495, MeanIU:  0.2826, Best_mIoU:  0.2892
2025-03-28 10:38:32,922 [0.         0.58792425 0.44288828 0.36872374 0.27991519 0.12424856
 0.17436214]
2025-03-28 10:38:43,267 Epoch: [18/20] Iter:[0/192], Time: 10.15, lr: [0.001258925411794167], Loss: 3.318037, Acc:0.521376, Semantic loss: 1.196333, BCE loss: 1.371153, SB loss: 0.750551
2025-03-28 10:38:47,136 Epoch: [18/20] Iter:[10/192], Time: 1.27, lr: [0.0012293805561511607], Loss: 3.498391, Acc:0.633438, Semantic loss: 1.244419, BCE loss: 1.460673, SB loss: 0.793299
2025-03-28 10:38:51,018 Epoch: [18/20] Iter:[20/192], Time: 0.85, lr: [0.0011997565879500753], Loss: 3.477802, Acc:0.637763, Semantic loss: 1.246234, BCE loss: 1.430451, SB loss: 0.801117
2025-03-28 10:38:54,917 Epoch: [18/20] Iter:[30/192], Time: 0.70, lr: [0.0011700511125444005], Loss: 3.492106, Acc:0.636784, Semantic loss: 1.266569, BCE loss: 1.419308, SB loss: 0.806229
2025-03-28 10:38:58,764 Epoch: [18/20] Iter:[40/192], Time: 0.63, lr: [0.0011402615929770753], Loss: 3.460755, Acc:0.635265, Semantic loss: 1.242166, BCE loss: 1.428279, SB loss: 0.790309
2025-03-28 10:39:02,619 Epoch: [18/20] Iter:[50/192], Time: 0.58, lr: [0.0011103853371305413], Loss: 3.419805, Acc:0.636041, Semantic loss: 1.227676, BCE loss: 1.412891, SB loss: 0.779238
2025-03-28 10:39:06,493 Epoch: [18/20] Iter:[60/192], Time: 0.55, lr: [0.001080419483295973], Loss: 3.393782, Acc:0.637376, Semantic loss: 1.223516, BCE loss: 1.398349, SB loss: 0.771917
2025-03-28 10:39:10,372 Epoch: [18/20] Iter:[70/192], Time: 0.52, lr: [0.0010503609839122385], Loss: 3.409671, Acc:0.639622, Semantic loss: 1.221068, BCE loss: 1.420929, SB loss: 0.767674
2025-03-28 10:39:14,238 Epoch: [18/20] Iter:[80/192], Time: 0.51, lr: [0.0010202065871765603], Loss: 3.434400, Acc:0.631052, Semantic loss: 1.238145, BCE loss: 1.426937, SB loss: 0.769318
2025-03-28 10:39:18,107 Epoch: [18/20] Iter:[90/192], Time: 0.49, lr: [0.000989952816168914], Loss: 3.429189, Acc:0.632514, Semantic loss: 1.231638, BCE loss: 1.428861, SB loss: 0.768690
2025-03-28 10:39:21,980 Epoch: [18/20] Iter:[100/192], Time: 0.48, lr: [0.0009595959450576828], Loss: 3.429581, Acc:0.631687, Semantic loss: 1.229868, BCE loss: 1.428992, SB loss: 0.770721
2025-03-28 10:39:25,852 Epoch: [18/20] Iter:[110/192], Time: 0.48, lr: [0.000929131971860904], Loss: 3.415476, Acc:0.630359, Semantic loss: 1.230525, BCE loss: 1.413545, SB loss: 0.771406
2025-03-28 10:39:29,729 Epoch: [18/20] Iter:[120/192], Time: 0.47, lr: [0.0008985565871200918], Loss: 3.416055, Acc:0.630528, Semantic loss: 1.228890, BCE loss: 1.416314, SB loss: 0.770852
2025-03-28 10:39:33,607 Epoch: [18/20] Iter:[130/192], Time: 0.46, lr: [0.0008678651376944955], Loss: 3.427189, Acc:0.631694, Semantic loss: 1.229396, BCE loss: 1.427443, SB loss: 0.770349
2025-03-28 10:39:37,477 Epoch: [18/20] Iter:[140/192], Time: 0.46, lr: [0.000837052584692747], Loss: 3.432419, Acc:0.632576, Semantic loss: 1.225151, BCE loss: 1.435636, SB loss: 0.771633
2025-03-28 10:39:41,342 Epoch: [18/20] Iter:[150/192], Time: 0.45, lr: [0.000806113454312208], Loss: 3.429347, Acc:0.630762, Semantic loss: 1.228005, BCE loss: 1.428878, SB loss: 0.772464
2025-03-28 10:39:45,220 Epoch: [18/20] Iter:[160/192], Time: 0.45, lr: [0.0007750417800344363], Loss: 3.425961, Acc:0.630569, Semantic loss: 1.227462, BCE loss: 1.424519, SB loss: 0.773980
2025-03-28 10:39:49,095 Epoch: [18/20] Iter:[170/192], Time: 0.44, lr: [0.0007438310342008949], Loss: 3.431151, Acc:0.628743, Semantic loss: 1.232283, BCE loss: 1.423317, SB loss: 0.775551
2025-03-28 10:39:52,968 Epoch: [18/20] Iter:[180/192], Time: 0.44, lr: [0.0007124740464272778], Loss: 3.425938, Acc:0.629052, Semantic loss: 1.229240, BCE loss: 1.422950, SB loss: 0.773748
2025-03-28 10:39:56,818 Epoch: [18/20] Iter:[190/192], Time: 0.44, lr: [0.0006809629055511224], Loss: 3.433859, Acc:0.627293, Semantic loss: 1.234008, BCE loss: 1.426128, SB loss: 0.773723
2025-03-28 10:41:29,676 0 [0.         0.62060947 0.35524127 0.29423568 0.23180201 0.12505968
 0.14129928] 0.25260677013980676
2025-03-28 10:41:29,677 1 [0.         0.59446402 0.42888018 0.38622335 0.3176069  0.09284155
 0.17826206] 0.28546829355550307
2025-03-28 10:41:29,683 => saving checkpoint to output\loveda\pidnet_small_loveda\aug_hf_rbcheckpoint.pth.tar
2025-03-28 10:41:29,763 Loss: 3.377, MeanIU:  0.2855, Best_mIoU:  0.2892
2025-03-28 10:41:29,764 [0.         0.59446402 0.42888018 0.38622335 0.3176069  0.09284155
 0.17826206]
2025-03-28 10:41:40,023 Epoch: [19/20] Iter:[0/192], Time: 10.07, lr: [0.0006746414238367822], Loss: 3.682173, Acc:0.594899, Semantic loss: 1.319034, BCE loss: 1.509449, SB loss: 0.853690
2025-03-28 10:41:43,869 Epoch: [19/20] Iter:[10/192], Time: 1.27, lr: [0.0006429336362339898], Loss: 3.447538, Acc:0.611970, Semantic loss: 1.257069, BCE loss: 1.418782, SB loss: 0.771687
2025-03-28 10:41:47,700 Epoch: [19/20] Iter:[20/192], Time: 0.85, lr: [0.0006110510578510947], Loss: 3.382794, Acc:0.613082, Semantic loss: 1.231724, BCE loss: 1.357997, SB loss: 0.793074
2025-03-28 10:41:51,570 Epoch: [19/20] Iter:[30/192], Time: 0.70, lr: [0.0005789824653018995], Loss: 3.363282, Acc:0.630641, Semantic loss: 1.225092, BCE loss: 1.353158, SB loss: 0.785031
2025-03-28 10:41:55,418 Epoch: [19/20] Iter:[40/192], Time: 0.62, lr: [0.0005467151732202777], Loss: 3.406684, Acc:0.628039, Semantic loss: 1.227917, BCE loss: 1.401381, SB loss: 0.777386
2025-03-28 10:41:59,286 Epoch: [19/20] Iter:[50/192], Time: 0.58, lr: [0.0005142347343351296], Loss: 3.436005, Acc:0.625379, Semantic loss: 1.243848, BCE loss: 1.407872, SB loss: 0.784285
2025-03-28 10:42:03,143 Epoch: [19/20] Iter:[60/192], Time: 0.54, lr: [0.0004815245523312483], Loss: 3.406288, Acc:0.628332, Semantic loss: 1.235662, BCE loss: 1.396734, SB loss: 0.773891
2025-03-28 10:42:07,017 Epoch: [19/20] Iter:[70/192], Time: 0.52, lr: [0.000448565373510549], Loss: 3.395210, Acc:0.631893, Semantic loss: 1.230769, BCE loss: 1.392082, SB loss: 0.772359
2025-03-28 10:42:10,875 Epoch: [19/20] Iter:[80/192], Time: 0.51, lr: [0.00041533460609889997], Loss: 3.416242, Acc:0.630685, Semantic loss: 1.233241, BCE loss: 1.411262, SB loss: 0.771740
2025-03-28 10:42:14,739 Epoch: [19/20] Iter:[90/192], Time: 0.49, lr: [0.00038180538785330436], Loss: 3.416209, Acc:0.629013, Semantic loss: 1.236234, BCE loss: 1.404028, SB loss: 0.775947
2025-03-28 10:42:18,599 Epoch: [19/20] Iter:[100/192], Time: 0.48, lr: [0.00034794527452517863], Loss: 3.403928, Acc:0.627821, Semantic loss: 1.233803, BCE loss: 1.397977, SB loss: 0.772148
2025-03-28 10:42:22,472 Epoch: [19/20] Iter:[110/192], Time: 0.47, lr: [0.00031371433588231993], Loss: 3.396975, Acc:0.629196, Semantic loss: 1.234048, BCE loss: 1.392668, SB loss: 0.770259
2025-03-28 10:42:26,345 Epoch: [19/20] Iter:[120/192], Time: 0.47, lr: [0.0002790622842837163], Loss: 3.406037, Acc:0.630569, Semantic loss: 1.236205, BCE loss: 1.399173, SB loss: 0.770659
2025-03-28 10:42:30,246 Epoch: [19/20] Iter:[130/192], Time: 0.46, lr: [0.0002439239356353784], Loss: 3.404717, Acc:0.630281, Semantic loss: 1.234598, BCE loss: 1.401621, SB loss: 0.768498
2025-03-28 10:42:34,128 Epoch: [19/20] Iter:[140/192], Time: 0.46, lr: [0.00020821159321002047], Loss: 3.414057, Acc:0.630190, Semantic loss: 1.234750, BCE loss: 1.411124, SB loss: 0.768183
2025-03-28 10:42:37,998 Epoch: [19/20] Iter:[150/192], Time: 0.45, lr: [0.00017180122628828942], Loss: 3.427132, Acc:0.629403, Semantic loss: 1.235598, BCE loss: 1.423619, SB loss: 0.767914
2025-03-28 10:42:41,935 Epoch: [19/20] Iter:[160/192], Time: 0.45, lr: [0.00013450451987183818], Loss: 3.422185, Acc:0.629957, Semantic loss: 1.232726, BCE loss: 1.424091, SB loss: 0.765368
2025-03-28 10:42:45,838 Epoch: [19/20] Iter:[170/192], Time: 0.44, lr: [9.600244875192536e-05], Loss: 3.421902, Acc:0.630927, Semantic loss: 1.229298, BCE loss: 1.427951, SB loss: 0.764654
2025-03-28 10:42:49,752 Epoch: [19/20] Iter:[180/192], Time: 0.44, lr: [5.563716848048335e-05], Loss: 3.428107, Acc:0.631314, Semantic loss: 1.231759, BCE loss: 1.432581, SB loss: 0.763767
2025-03-28 10:42:53,623 Epoch: [19/20] Iter:[190/192], Time: 0.44, lr: [1.1092486125349496e-05], Loss: 3.417420, Acc:0.630799, Semantic loss: 1.229164, BCE loss: 1.424938, SB loss: 0.763318
2025-03-28 10:44:48,625 0 [0.         0.61974106 0.40003171 0.29827762 0.21482953 0.15009821
 0.17312479] 0.26515756089999815
2025-03-28 10:44:48,625 1 [0.         0.58227437 0.43651924 0.37845393 0.28096137 0.10363176
 0.17484246] 0.2795261619757018
2025-03-28 10:44:48,634 => saving checkpoint to output\loveda\pidnet_small_loveda\aug_hf_rbcheckpoint.pth.tar
2025-03-28 10:44:48,768 Loss: 3.511, MeanIU:  0.2795, Best_mIoU:  0.2892
2025-03-28 10:44:48,768 [0.         0.58227437 0.43651924 0.37845393 0.28096137 0.10363176
 0.17484246]
2025-03-28 10:44:48,842 Hours: 1
2025-03-28 10:44:48,842 Done
