2025-05-21 14:30:09,303 Namespace(cfg='configs/loveda/pidnet_small_loveda.yaml', opts=[], seed=304)
2025-05-21 14:30:09,303 AUTO_RESUME: False
CUDNN:
  BENCHMARK: True
  DETERMINISTIC: False
  ENABLED: True
DATASET:
  DATASET: loveda
  EXTRA_TRAIN_SET: 
  NUM_CLASSES: 8
  ROOT: data/
  TARGET_SET: list/loveda/rural/train.lst
  TEST_SET: list/loveda/urban_rural/val.lst
  TRAIN_SET: list/loveda/urban_rural/train.lst
GPUS: (0,)
LOG_DIR: log
LOSS:
  BALANCE_WEIGHTS: [0.4, 1.0]
  CLASS_BALANCE: False
  OHEMKEEP: 131072
  OHEMTHRES: 0.9
  SB_WEIGHTS: 1.0
  USE_OHEM: True
MODEL:
  ALIGN_CORNERS: True
  NAME: pidnet_small
  NUM_OUTPUTS: 2
  PRETRAINED: pretrained_models/imagenet/PIDNet_S_ImageNet.pth.tar
OUTPUT_DIR: output
PIN_MEMORY: True
PRINT_FREQ: 10
TEST:
  BASE_SIZE: 1024
  BATCH_SIZE_PER_GPU: 6
  FLIP_TEST: False
  IMAGE_SIZE: [1024, 1024]
  MODEL_FILE: output/loveda/pidnet_small_loveda/final_state.pt
  MULTI_SCALE: False
  OUTPUT_INDEX: 1
TRAIN:
  AUGMENTATION:
    ENABLE: True
    PROBABILITY: 0.5
    TECHNIQUES:
      COLOR_JITTER: True
      GAUSSIAN_BLUR: False
      GAUSSIAN_NOISE: False
      HORIZONTAL_FLIP: False
      RANDOM_CROP: False
  BASE_SIZE: 1024
  BATCH_SIZE_PER_GPU: 6
  BEGIN_EPOCH: 0
  DACS:
    ENABLE: False
    THRESHOLD: 0.9
  END_EPOCH: 20
  EXTRA_EPOCH: 0
  EXTRA_LR: 0.001
  FLIP: False
  GAN:
    ENABLE: False
    MULTI_LEVEL: False
  IGNORE_LABEL: 0
  IMAGE_SIZE: [1024, 1024]
  LR: 0.01
  MOMENTUM: 0.7
  MULTI_SCALE: False
  NESTEROV: False
  OPTIMIZER: sgd
  RESUME: False
  SCALE_FACTOR: 16
  SHUFFLE: True
  WD: 0.0005
WORKERS: 4
2025-05-21 14:30:09,408 Attention!!!
2025-05-21 14:30:09,409 Loaded 302 parameters!
2025-05-21 14:30:09,409 Over!!!
2025-05-21 14:30:30,422 Epoch: [0/20] Iter:[0/192], Time: 20.88, lr: [0.01], Loss: 9.293356, Acc:0.161801, Semantic loss: 2.434852, BCE loss: 5.005609, SB loss: 1.852896
2025-05-21 14:30:36,344 Epoch: [0/20] Iter:[10/192], Time: 2.41, lr: [0.009976559445324192], Loss: 5.880517, Acc:0.211135, Semantic loss: 1.953136, BCE loss: 2.723852, SB loss: 1.203529
2025-05-21 14:30:42,104 Epoch: [0/20] Iter:[20/192], Time: 1.54, lr: [0.009953112769592761], Loss: 5.457279, Acc:0.213513, Semantic loss: 1.935421, BCE loss: 2.384149, SB loss: 1.137709
2025-05-21 14:30:47,836 Epoch: [0/20] Iter:[30/192], Time: 1.23, lr: [0.009929659955177281], Loss: 4.818844, Acc:0.225979, Semantic loss: 1.650367, BCE loss: 2.219444, SB loss: 0.949033
2025-05-21 14:30:53,687 Epoch: [0/20] Iter:[40/192], Time: 1.07, lr: [0.009906200984352154], Loss: 4.570328, Acc:0.244421, Semantic loss: 1.581903, BCE loss: 2.099156, SB loss: 0.889269
2025-05-21 14:31:00,085 Epoch: [0/20] Iter:[50/192], Time: 0.99, lr: [0.009882735839293803], Loss: 4.288086, Acc:0.249418, Semantic loss: 1.469985, BCE loss: 1.993951, SB loss: 0.824150
2025-05-21 14:31:06,421 Epoch: [0/20] Iter:[60/192], Time: 0.93, lr: [0.00985926450207989], Loss: 4.104070, Acc:0.257297, Semantic loss: 1.398226, BCE loss: 1.920168, SB loss: 0.785675
2025-05-21 14:31:12,875 Epoch: [0/20] Iter:[70/192], Time: 0.89, lr: [0.009835786954688485], Loss: 3.970414, Acc:0.264973, Semantic loss: 1.340710, BCE loss: 1.888857, SB loss: 0.740847
2025-05-21 14:31:18,665 Epoch: [0/20] Iter:[80/192], Time: 0.85, lr: [0.00981230317899726], Loss: 3.890206, Acc:0.272522, Semantic loss: 1.305654, BCE loss: 1.847489, SB loss: 0.737064
2025-05-21 14:31:24,444 Epoch: [0/20] Iter:[90/192], Time: 0.82, lr: [0.009788813156782662], Loss: 3.814054, Acc:0.273823, Semantic loss: 1.264106, BCE loss: 1.840453, SB loss: 0.709495
2025-05-21 14:31:30,220 Epoch: [0/20] Iter:[100/192], Time: 0.80, lr: [0.009765316869719067], Loss: 3.766812, Acc:0.278462, Semantic loss: 1.241077, BCE loss: 1.824410, SB loss: 0.701325
2025-05-21 14:31:36,053 Epoch: [0/20] Iter:[110/192], Time: 0.78, lr: [0.009741814299377942], Loss: 3.700790, Acc:0.282708, Semantic loss: 1.210528, BCE loss: 1.801832, SB loss: 0.688431
2025-05-21 14:31:42,434 Epoch: [0/20] Iter:[120/192], Time: 0.77, lr: [0.009718305427226986], Loss: 3.635571, Acc:0.285727, Semantic loss: 1.182289, BCE loss: 1.779346, SB loss: 0.673936
2025-05-21 14:31:48,770 Epoch: [0/20] Iter:[130/192], Time: 0.76, lr: [0.009694790234629266], Loss: 3.583064, Acc:0.290850, Semantic loss: 1.164036, BCE loss: 1.762790, SB loss: 0.656239
2025-05-21 14:31:55,187 Epoch: [0/20] Iter:[140/192], Time: 0.75, lr: [0.009671268702842338], Loss: 3.518151, Acc:0.293730, Semantic loss: 1.137956, BCE loss: 1.743549, SB loss: 0.636646
2025-05-21 14:32:01,519 Epoch: [0/20] Iter:[150/192], Time: 0.74, lr: [0.009647740813017376], Loss: 3.478527, Acc:0.297712, Semantic loss: 1.124767, BCE loss: 1.728673, SB loss: 0.625087
2025-05-21 14:32:07,239 Epoch: [0/20] Iter:[160/192], Time: 0.73, lr: [0.009624206546198262], Loss: 3.434365, Acc:0.299205, Semantic loss: 1.108344, BCE loss: 1.712505, SB loss: 0.613516
2025-05-21 14:32:13,250 Epoch: [0/20] Iter:[170/192], Time: 0.72, lr: [0.009600665883320689], Loss: 3.403325, Acc:0.301486, Semantic loss: 1.093166, BCE loss: 1.705181, SB loss: 0.604978
2025-05-21 14:32:19,407 Epoch: [0/20] Iter:[180/192], Time: 0.72, lr: [0.009577118805211254], Loss: 3.353616, Acc:0.304839, Semantic loss: 1.069907, BCE loss: 1.692809, SB loss: 0.590900
2025-05-21 14:32:24,980 Epoch: [0/20] Iter:[190/192], Time: 0.71, lr: [0.009553565292586523], Loss: 3.318922, Acc:0.307994, Semantic loss: 1.058526, BCE loss: 1.678148, SB loss: 0.582248
2025-05-21 14:35:29,791 => saving checkpoint to output\loveda\pidnet_small_loveda\aug_cjcheckpoint.pth.tar
2025-05-21 14:35:29,992 Loss: 5.254, MeanIU:  0.1991, Best_mIoU:  0.1991
2025-05-21 14:35:29,992 [0.04600496 0.26553494 0.24509356 0.26788931 0.03929117 0.13048357
 0.39914739]
2025-05-21 14:35:45,323 Epoch: [1/20] Iter:[0/192], Time: 15.08, lr: [0.009548853816214998], Loss: 2.707862, Acc:0.316162, Semantic loss: 0.757014, BCE loss: 1.758113, SB loss: 0.192735
2025-05-21 14:35:50,699 Epoch: [1/20] Iter:[10/192], Time: 1.86, lr: [0.009525292556561479], Loss: 2.507302, Acc:0.395575, Semantic loss: 0.691975, BCE loss: 1.528104, SB loss: 0.287223
2025-05-21 14:35:56,674 Epoch: [1/20] Iter:[20/192], Time: 1.26, lr: [0.00950172481957719], Loss: 2.602711, Acc:0.406890, Semantic loss: 0.734048, BCE loss: 1.462924, SB loss: 0.405738
2025-05-21 14:36:02,877 Epoch: [1/20] Iter:[30/192], Time: 1.05, lr: [0.009478150585620286], Loss: 2.518984, Acc:0.410865, Semantic loss: 0.711068, BCE loss: 1.432108, SB loss: 0.375808
2025-05-21 14:36:09,124 Epoch: [1/20] Iter:[40/192], Time: 0.95, lr: [0.009454569834934885], Loss: 2.571416, Acc:0.400592, Semantic loss: 0.711556, BCE loss: 1.442095, SB loss: 0.417764
2025-05-21 14:36:15,394 Epoch: [1/20] Iter:[50/192], Time: 0.89, lr: [0.009430982547650114], Loss: 2.627673, Acc:0.396377, Semantic loss: 0.734760, BCE loss: 1.466162, SB loss: 0.426751
2025-05-21 14:36:21,685 Epoch: [1/20] Iter:[60/192], Time: 0.84, lr: [0.009407388703779091], Loss: 2.661128, Acc:0.398289, Semantic loss: 0.747033, BCE loss: 1.470804, SB loss: 0.443292
2025-05-21 14:36:27,941 Epoch: [1/20] Iter:[70/192], Time: 0.81, lr: [0.009383788283217955], Loss: 2.614071, Acc:0.396774, Semantic loss: 0.738544, BCE loss: 1.443697, SB loss: 0.431831
2025-05-21 14:36:34,142 Epoch: [1/20] Iter:[80/192], Time: 0.79, lr: [0.00936018126574482], Loss: 2.647701, Acc:0.393390, Semantic loss: 0.767995, BCE loss: 1.451109, SB loss: 0.428597
2025-05-21 14:36:40,410 Epoch: [1/20] Iter:[90/192], Time: 0.77, lr: [0.009336567631018769], Loss: 2.677722, Acc:0.389864, Semantic loss: 0.769854, BCE loss: 1.457899, SB loss: 0.449969
2025-05-21 14:36:46,689 Epoch: [1/20] Iter:[100/192], Time: 0.76, lr: [0.009312947358578814], Loss: 2.717415, Acc:0.383639, Semantic loss: 0.779277, BCE loss: 1.474576, SB loss: 0.463562
2025-05-21 14:36:52,475 Epoch: [1/20] Iter:[110/192], Time: 0.74, lr: [0.009289320427842841], Loss: 2.729881, Acc:0.383292, Semantic loss: 0.781865, BCE loss: 1.483234, SB loss: 0.464782
2025-05-21 14:36:58,689 Epoch: [1/20] Iter:[120/192], Time: 0.73, lr: [0.009265686818106552], Loss: 2.729930, Acc:0.382878, Semantic loss: 0.773527, BCE loss: 1.493698, SB loss: 0.462705
2025-05-21 14:37:04,350 Epoch: [1/20] Iter:[130/192], Time: 0.72, lr: [0.009242046508542393], Loss: 2.727454, Acc:0.382116, Semantic loss: 0.774846, BCE loss: 1.493445, SB loss: 0.459163
2025-05-21 14:37:10,511 Epoch: [1/20] Iter:[140/192], Time: 0.71, lr: [0.009218399478198466], Loss: 2.707316, Acc:0.380494, Semantic loss: 0.765519, BCE loss: 1.489380, SB loss: 0.452418
2025-05-21 14:37:16,430 Epoch: [1/20] Iter:[150/192], Time: 0.70, lr: [0.009194745705997428], Loss: 2.702924, Acc:0.382895, Semantic loss: 0.761782, BCE loss: 1.496311, SB loss: 0.444831
2025-05-21 14:37:22,128 Epoch: [1/20] Iter:[160/192], Time: 0.69, lr: [0.00917108517073538], Loss: 2.697989, Acc:0.383915, Semantic loss: 0.758171, BCE loss: 1.500847, SB loss: 0.438971
2025-05-21 14:37:28,347 Epoch: [1/20] Iter:[170/192], Time: 0.69, lr: [0.00914741785108075], Loss: 2.691775, Acc:0.383929, Semantic loss: 0.754358, BCE loss: 1.500848, SB loss: 0.436569
2025-05-21 14:37:33,748 Epoch: [1/20] Iter:[180/192], Time: 0.68, lr: [0.00912374372557314], Loss: 2.683914, Acc:0.382060, Semantic loss: 0.751423, BCE loss: 1.503625, SB loss: 0.428865
2025-05-21 14:37:39,247 Epoch: [1/20] Iter:[190/192], Time: 0.68, lr: [0.009100062772622186], Loss: 2.673729, Acc:0.383299, Semantic loss: 0.744051, BCE loss: 1.506661, SB loss: 0.423017
2025-05-21 14:40:43,646 => saving checkpoint to output\loveda\pidnet_small_loveda\aug_cjcheckpoint.pth.tar
2025-05-21 14:40:43,826 Loss: 5.425, MeanIU:  0.2295, Best_mIoU:  0.2295
2025-05-21 14:40:43,827 [0.06793225 0.32663933 0.29923057 0.35827189 0.04848206 0.10381878
 0.40186181]
2025-05-21 14:40:59,012 Epoch: [2/20] Iter:[0/192], Time: 14.94, lr: [0.009095325760829623], Loss: 2.763987, Acc:0.412307, Semantic loss: 0.593899, BCE loss: 1.617218, SB loss: 0.552871
2025-05-21 14:41:04,415 Epoch: [2/20] Iter:[10/192], Time: 1.85, lr: [0.009071636586262652], Loss: 2.680263, Acc:0.413062, Semantic loss: 0.680865, BCE loss: 1.532893, SB loss: 0.466506
2025-05-21 14:41:09,810 Epoch: [2/20] Iter:[20/192], Time: 1.23, lr: [0.009047940536290279], Loss: 2.639344, Acc:0.396510, Semantic loss: 0.744052, BCE loss: 1.438895, SB loss: 0.456397
2025-05-21 14:41:15,202 Epoch: [2/20] Iter:[30/192], Time: 1.00, lr: [0.009024237588898336], Loss: 2.636670, Acc:0.398813, Semantic loss: 0.741914, BCE loss: 1.463285, SB loss: 0.431471
2025-05-21 14:41:20,619 Epoch: [2/20] Iter:[40/192], Time: 0.89, lr: [0.009000527721937697], Loss: 2.736227, Acc:0.388025, Semantic loss: 0.818748, BCE loss: 1.475072, SB loss: 0.442408
2025-05-21 14:41:26,047 Epoch: [2/20] Iter:[50/192], Time: 0.82, lr: [0.008976810913123051], Loss: 2.771930, Acc:0.383072, Semantic loss: 0.836660, BCE loss: 1.461530, SB loss: 0.473741
2025-05-21 14:41:31,424 Epoch: [2/20] Iter:[60/192], Time: 0.78, lr: [0.008953087140031669], Loss: 2.796772, Acc:0.383113, Semantic loss: 0.826504, BCE loss: 1.464985, SB loss: 0.505283
2025-05-21 14:41:36,846 Epoch: [2/20] Iter:[70/192], Time: 0.74, lr: [0.008929356380102142], Loss: 2.784665, Acc:0.383356, Semantic loss: 0.820728, BCE loss: 1.463674, SB loss: 0.500262
2025-05-21 14:41:42,296 Epoch: [2/20] Iter:[80/192], Time: 0.72, lr: [0.008905618610633112], Loss: 2.771050, Acc:0.385975, Semantic loss: 0.805721, BCE loss: 1.479822, SB loss: 0.485508
2025-05-21 14:41:47,847 Epoch: [2/20] Iter:[90/192], Time: 0.70, lr: [0.008881873808781991], Loss: 2.743804, Acc:0.385727, Semantic loss: 0.788040, BCE loss: 1.481602, SB loss: 0.474163
2025-05-21 14:41:53,583 Epoch: [2/20] Iter:[100/192], Time: 0.69, lr: [0.008858121951563658], Loss: 2.736295, Acc:0.385912, Semantic loss: 0.783486, BCE loss: 1.486079, SB loss: 0.466730
2025-05-21 14:41:59,271 Epoch: [2/20] Iter:[110/192], Time: 0.68, lr: [0.008834363015849136], Loss: 2.741257, Acc:0.388225, Semantic loss: 0.788141, BCE loss: 1.490038, SB loss: 0.463079
2025-05-21 14:42:04,683 Epoch: [2/20] Iter:[120/192], Time: 0.67, lr: [0.008810596978364274], Loss: 2.734691, Acc:0.388443, Semantic loss: 0.777024, BCE loss: 1.500842, SB loss: 0.456825
2025-05-21 14:42:10,071 Epoch: [2/20] Iter:[130/192], Time: 0.66, lr: [0.008786823815688379], Loss: 2.726560, Acc:0.390602, Semantic loss: 0.773864, BCE loss: 1.494603, SB loss: 0.458092
2025-05-21 14:42:15,462 Epoch: [2/20] Iter:[140/192], Time: 0.65, lr: [0.008763043504252865], Loss: 2.707520, Acc:0.390974, Semantic loss: 0.767946, BCE loss: 1.487985, SB loss: 0.451589
2025-05-21 14:42:20,875 Epoch: [2/20] Iter:[150/192], Time: 0.64, lr: [0.008739256020339866], Loss: 2.703647, Acc:0.390116, Semantic loss: 0.763908, BCE loss: 1.489739, SB loss: 0.449999
2025-05-21 14:42:26,288 Epoch: [2/20] Iter:[160/192], Time: 0.63, lr: [0.00871546134008083], Loss: 2.680011, Acc:0.391346, Semantic loss: 0.754551, BCE loss: 1.487576, SB loss: 0.437883
2025-05-21 14:42:31,667 Epoch: [2/20] Iter:[170/192], Time: 0.63, lr: [0.008691659439455107], Loss: 2.660624, Acc:0.391387, Semantic loss: 0.746967, BCE loss: 1.480635, SB loss: 0.433021
2025-05-21 14:42:37,082 Epoch: [2/20] Iter:[180/192], Time: 0.62, lr: [0.008667850294288517], Loss: 2.643770, Acc:0.393384, Semantic loss: 0.743446, BCE loss: 1.472535, SB loss: 0.427789
2025-05-21 14:42:42,449 Epoch: [2/20] Iter:[190/192], Time: 0.62, lr: [0.008644033880251888], Loss: 2.644171, Acc:0.394559, Semantic loss: 0.739661, BCE loss: 1.476924, SB loss: 0.427587
2025-05-21 14:45:40,573 => saving checkpoint to output\loveda\pidnet_small_loveda\aug_cjcheckpoint.pth.tar
2025-05-21 14:45:40,718 Loss: 6.020, MeanIU:  0.2159, Best_mIoU:  0.2295
2025-05-21 14:45:40,719 [0.02301058 0.31158267 0.32418092 0.26967336 0.05918546 0.08848114
 0.4349901 ]
2025-05-21 14:45:55,737 Epoch: [3/20] Iter:[0/192], Time: 14.75, lr: [0.008639269723028191], Loss: 2.877238, Acc:0.401193, Semantic loss: 0.512064, BCE loss: 1.904702, SB loss: 0.460472
2025-05-21 14:46:01,345 Epoch: [3/20] Iter:[10/192], Time: 1.85, lr: [0.008615444554012613], Loss: 2.494954, Acc:0.413692, Semantic loss: 0.621324, BCE loss: 1.505272, SB loss: 0.368357
2025-05-21 14:46:07,208 Epoch: [3/20] Iter:[20/192], Time: 1.25, lr: [0.008591612062049989], Loss: 2.506574, Acc:0.427393, Semantic loss: 0.619451, BCE loss: 1.510121, SB loss: 0.377002
2025-05-21 14:46:13,511 Epoch: [3/20] Iter:[30/192], Time: 1.05, lr: [0.008567772222305215], Loss: 2.455015, Acc:0.431298, Semantic loss: 0.635182, BCE loss: 1.466106, SB loss: 0.353727
2025-05-21 14:46:19,808 Epoch: [3/20] Iter:[40/192], Time: 0.95, lr: [0.008543925009781886], Loss: 2.414405, Acc:0.431930, Semantic loss: 0.612388, BCE loss: 1.462499, SB loss: 0.339517
2025-05-21 14:46:25,722 Epoch: [3/20] Iter:[50/192], Time: 0.88, lr: [0.00852007039932076], Loss: 2.459709, Acc:0.436820, Semantic loss: 0.616275, BCE loss: 1.495559, SB loss: 0.347874
2025-05-21 14:46:31,774 Epoch: [3/20] Iter:[60/192], Time: 0.83, lr: [0.00849620836559818], Loss: 2.396423, Acc:0.434488, Semantic loss: 0.609448, BCE loss: 1.449866, SB loss: 0.337109
2025-05-21 14:46:37,300 Epoch: [3/20] Iter:[70/192], Time: 0.79, lr: [0.008472338883124477], Loss: 2.410543, Acc:0.434733, Semantic loss: 0.621734, BCE loss: 1.455755, SB loss: 0.333054
2025-05-21 14:46:43,162 Epoch: [3/20] Iter:[80/192], Time: 0.77, lr: [0.008448461926242374], Loss: 2.407219, Acc:0.438460, Semantic loss: 0.612218, BCE loss: 1.468810, SB loss: 0.326191
2025-05-21 14:46:49,253 Epoch: [3/20] Iter:[90/192], Time: 0.75, lr: [0.008424577469125337], Loss: 2.417070, Acc:0.440649, Semantic loss: 0.619226, BCE loss: 1.469041, SB loss: 0.328803
2025-05-21 14:46:55,074 Epoch: [3/20] Iter:[100/192], Time: 0.73, lr: [0.008400685485775935], Loss: 2.422525, Acc:0.439313, Semantic loss: 0.619356, BCE loss: 1.464475, SB loss: 0.338695
2025-05-21 14:47:00,863 Epoch: [3/20] Iter:[110/192], Time: 0.72, lr: [0.008376785950024154], Loss: 2.435327, Acc:0.439492, Semantic loss: 0.615400, BCE loss: 1.481910, SB loss: 0.338017
2025-05-21 14:47:07,083 Epoch: [3/20] Iter:[120/192], Time: 0.71, lr: [0.00835287883552571], Loss: 2.438499, Acc:0.441270, Semantic loss: 0.623970, BCE loss: 1.476166, SB loss: 0.338363
2025-05-21 14:47:13,318 Epoch: [3/20] Iter:[130/192], Time: 0.70, lr: [0.008328964115760324], Loss: 2.450431, Acc:0.439491, Semantic loss: 0.623481, BCE loss: 1.479382, SB loss: 0.347568
2025-05-21 14:47:19,200 Epoch: [3/20] Iter:[140/192], Time: 0.70, lr: [0.008305041764029988], Loss: 2.454009, Acc:0.439433, Semantic loss: 0.629169, BCE loss: 1.480189, SB loss: 0.344650
2025-05-21 14:47:25,229 Epoch: [3/20] Iter:[150/192], Time: 0.69, lr: [0.008281111753457188], Loss: 2.449625, Acc:0.439310, Semantic loss: 0.632747, BCE loss: 1.471829, SB loss: 0.345048
2025-05-21 14:47:31,316 Epoch: [3/20] Iter:[160/192], Time: 0.69, lr: [0.008257174056983133], Loss: 2.443436, Acc:0.441374, Semantic loss: 0.631890, BCE loss: 1.466946, SB loss: 0.344600
2025-05-21 14:47:36,931 Epoch: [3/20] Iter:[170/192], Time: 0.68, lr: [0.00823322864736593], Loss: 2.429411, Acc:0.438704, Semantic loss: 0.626593, BCE loss: 1.461879, SB loss: 0.340940
2025-05-21 14:47:43,070 Epoch: [3/20] Iter:[180/192], Time: 0.67, lr: [0.008209275497178764], Loss: 2.422451, Acc:0.439074, Semantic loss: 0.627062, BCE loss: 1.455934, SB loss: 0.339454
2025-05-21 14:47:48,903 Epoch: [3/20] Iter:[190/192], Time: 0.67, lr: [0.008185314578808021], Loss: 2.417996, Acc:0.439857, Semantic loss: 0.629236, BCE loss: 1.450785, SB loss: 0.337975
2025-05-21 14:50:50,868 => saving checkpoint to output\loveda\pidnet_small_loveda\aug_cjcheckpoint.pth.tar
2025-05-21 14:50:51,099 Loss: 5.078, MeanIU:  0.2417, Best_mIoU:  0.2417
2025-05-21 14:50:51,100 [0.04463156 0.38745391 0.32386367 0.34828345 0.0525267  0.09055054
 0.44431266]
2025-05-21 14:51:05,920 Epoch: [4/20] Iter:[0/192], Time: 14.53, lr: [0.008180521460508584], Loss: 2.450544, Acc:0.559264, Semantic loss: 0.549039, BCE loss: 1.545975, SB loss: 0.355530
2025-05-21 14:51:11,284 Epoch: [4/20] Iter:[10/192], Time: 1.81, lr: [0.008156551183601795], Loss: 2.128118, Acc:0.420132, Semantic loss: 0.496657, BCE loss: 1.371812, SB loss: 0.259649
2025-05-21 14:51:17,079 Epoch: [4/20] Iter:[20/192], Time: 1.22, lr: [0.008132573077094668], Loss: 2.203855, Acc:0.453549, Semantic loss: 0.511114, BCE loss: 1.412588, SB loss: 0.280153
2025-05-21 14:51:23,267 Epoch: [4/20] Iter:[30/192], Time: 1.03, lr: [0.008108587112763079], Loss: 2.260737, Acc:0.454315, Semantic loss: 0.555126, BCE loss: 1.422287, SB loss: 0.283324
2025-05-21 14:51:29,494 Epoch: [4/20] Iter:[40/192], Time: 0.93, lr: [0.008084593262188028], Loss: 2.282009, Acc:0.454918, Semantic loss: 0.568919, BCE loss: 1.417836, SB loss: 0.295254
2025-05-21 14:51:35,090 Epoch: [4/20] Iter:[50/192], Time: 0.86, lr: [0.008060591496753653], Loss: 2.292851, Acc:0.452423, Semantic loss: 0.572375, BCE loss: 1.416702, SB loss: 0.303774
2025-05-21 14:51:40,949 Epoch: [4/20] Iter:[60/192], Time: 0.81, lr: [0.008036581787645204], Loss: 2.299061, Acc:0.455728, Semantic loss: 0.569057, BCE loss: 1.434258, SB loss: 0.295746
2025-05-21 14:51:46,706 Epoch: [4/20] Iter:[70/192], Time: 0.78, lr: [0.008012564105846994], Loss: 2.327618, Acc:0.453702, Semantic loss: 0.579092, BCE loss: 1.446485, SB loss: 0.302041
2025-05-21 14:51:52,979 Epoch: [4/20] Iter:[80/192], Time: 0.76, lr: [0.007988538422140333], Loss: 2.290019, Acc:0.457594, Semantic loss: 0.571889, BCE loss: 1.423845, SB loss: 0.294285
2025-05-21 14:51:59,507 Epoch: [4/20] Iter:[90/192], Time: 0.75, lr: [0.007964504707101411], Loss: 2.286176, Acc:0.456212, Semantic loss: 0.569178, BCE loss: 1.424352, SB loss: 0.292646
2025-05-21 14:52:05,549 Epoch: [4/20] Iter:[100/192], Time: 0.73, lr: [0.007940462931099176], Loss: 2.274848, Acc:0.460567, Semantic loss: 0.569528, BCE loss: 1.414143, SB loss: 0.291177
2025-05-21 14:52:12,096 Epoch: [4/20] Iter:[110/192], Time: 0.73, lr: [0.007916413064293163], Loss: 2.296037, Acc:0.460194, Semantic loss: 0.571771, BCE loss: 1.428175, SB loss: 0.296091
2025-05-21 14:52:17,945 Epoch: [4/20] Iter:[120/192], Time: 0.72, lr: [0.007892355076631318], Loss: 2.313360, Acc:0.460064, Semantic loss: 0.584876, BCE loss: 1.428233, SB loss: 0.300252
2025-05-21 14:52:23,690 Epoch: [4/20] Iter:[130/192], Time: 0.70, lr: [0.007868288937847752], Loss: 2.326338, Acc:0.460141, Semantic loss: 0.591887, BCE loss: 1.431935, SB loss: 0.302515
2025-05-21 14:52:29,873 Epoch: [4/20] Iter:[140/192], Time: 0.70, lr: [0.007844214617460508], Loss: 2.326813, Acc:0.459774, Semantic loss: 0.588578, BCE loss: 1.433918, SB loss: 0.304317
2025-05-21 14:52:35,839 Epoch: [4/20] Iter:[150/192], Time: 0.69, lr: [0.007820132084769268], Loss: 2.331109, Acc:0.460258, Semantic loss: 0.585582, BCE loss: 1.440527, SB loss: 0.305000
2025-05-21 14:52:41,405 Epoch: [4/20] Iter:[160/192], Time: 0.68, lr: [0.00779604130885303], Loss: 2.320632, Acc:0.458371, Semantic loss: 0.586608, BCE loss: 1.431044, SB loss: 0.302980
2025-05-21 14:52:47,539 Epoch: [4/20] Iter:[170/192], Time: 0.68, lr: [0.007771942258567773], Loss: 2.314822, Acc:0.458092, Semantic loss: 0.584899, BCE loss: 1.425939, SB loss: 0.303985
2025-05-21 14:52:53,187 Epoch: [4/20] Iter:[180/192], Time: 0.67, lr: [0.007747834902544056], Loss: 2.322086, Acc:0.457752, Semantic loss: 0.584529, BCE loss: 1.430664, SB loss: 0.306893
2025-05-21 14:52:58,591 Epoch: [4/20] Iter:[190/192], Time: 0.67, lr: [0.0077237192091846206], Loss: 2.318075, Acc:0.458448, Semantic loss: 0.580176, BCE loss: 1.432045, SB loss: 0.305854
2025-05-21 14:56:04,800 => saving checkpoint to output\loveda\pidnet_small_loveda\aug_cjcheckpoint.pth.tar
2025-05-21 14:56:05,021 Loss: 4.857, MeanIU:  0.2474, Best_mIoU:  0.2474
2025-05-21 14:56:05,022 [0.071446   0.38628514 0.33329217 0.37085952 0.03753218 0.1100192
 0.42227463]
2025-05-21 14:56:19,860 Epoch: [5/20] Iter:[0/192], Time: 14.59, lr: [0.007718895067235705], Loss: 2.596964, Acc:0.519471, Semantic loss: 0.626265, BCE loss: 1.694752, SB loss: 0.275947
2025-05-21 14:56:25,867 Epoch: [5/20] Iter:[10/192], Time: 1.87, lr: [0.007694769327040611], Loss: 2.289803, Acc:0.481796, Semantic loss: 0.513604, BCE loss: 1.495076, SB loss: 0.281124
2025-05-21 14:56:32,216 Epoch: [5/20] Iter:[20/192], Time: 1.28, lr: [0.00767063517918174], Loss: 2.247734, Acc:0.483053, Semantic loss: 0.503906, BCE loss: 1.460245, SB loss: 0.283582
2025-05-21 14:56:38,532 Epoch: [5/20] Iter:[30/192], Time: 1.07, lr: [0.007646492591316132], Loss: 2.247593, Acc:0.481550, Semantic loss: 0.524275, BCE loss: 1.443565, SB loss: 0.279753
2025-05-21 14:56:43,968 Epoch: [5/20] Iter:[40/192], Time: 0.94, lr: [0.007622341530862476], Loss: 2.187370, Acc:0.476337, Semantic loss: 0.516918, BCE loss: 1.393653, SB loss: 0.276799
2025-05-21 14:56:49,377 Epoch: [5/20] Iter:[50/192], Time: 0.86, lr: [0.0075981819649984985], Loss: 2.179456, Acc:0.475036, Semantic loss: 0.509920, BCE loss: 1.396939, SB loss: 0.272597
2025-05-21 14:56:54,840 Epoch: [5/20] Iter:[60/192], Time: 0.81, lr: [0.007574013860658317], Loss: 2.185004, Acc:0.471706, Semantic loss: 0.512089, BCE loss: 1.405401, SB loss: 0.267514
2025-05-21 14:57:00,519 Epoch: [5/20] Iter:[70/192], Time: 0.78, lr: [0.007549837184529776], Loss: 2.201763, Acc:0.474235, Semantic loss: 0.519066, BCE loss: 1.411631, SB loss: 0.271066
2025-05-21 14:57:05,977 Epoch: [5/20] Iter:[80/192], Time: 0.75, lr: [0.0075256519030517215], Loss: 2.227655, Acc:0.477317, Semantic loss: 0.526298, BCE loss: 1.428535, SB loss: 0.272822
2025-05-21 14:57:11,463 Epoch: [5/20] Iter:[90/192], Time: 0.73, lr: [0.007501457982411236], Loss: 2.221550, Acc:0.474538, Semantic loss: 0.532405, BCE loss: 1.420199, SB loss: 0.268946
2025-05-21 14:57:16,884 Epoch: [5/20] Iter:[100/192], Time: 0.71, lr: [0.0074772553885408604], Loss: 2.237764, Acc:0.475259, Semantic loss: 0.540829, BCE loss: 1.424370, SB loss: 0.272565
2025-05-21 14:57:22,335 Epoch: [5/20] Iter:[110/192], Time: 0.69, lr: [0.007453044087115737], Loss: 2.232089, Acc:0.474126, Semantic loss: 0.542877, BCE loss: 1.418261, SB loss: 0.270951
2025-05-21 14:57:28,055 Epoch: [5/20] Iter:[120/192], Time: 0.68, lr: [0.007428824043550734], Loss: 2.244731, Acc:0.478178, Semantic loss: 0.544490, BCE loss: 1.425991, SB loss: 0.274251
2025-05-21 14:57:33,556 Epoch: [5/20] Iter:[130/192], Time: 0.67, lr: [0.007404595222997526], Loss: 2.260052, Acc:0.476280, Semantic loss: 0.549468, BCE loss: 1.431141, SB loss: 0.279443
2025-05-21 14:57:39,486 Epoch: [5/20] Iter:[140/192], Time: 0.67, lr: [0.007380357590341623], Loss: 2.268776, Acc:0.474928, Semantic loss: 0.549772, BCE loss: 1.432036, SB loss: 0.286967
2025-05-21 14:57:45,701 Epoch: [5/20] Iter:[150/192], Time: 0.67, lr: [0.007356111110199354], Loss: 2.271697, Acc:0.473382, Semantic loss: 0.550101, BCE loss: 1.431617, SB loss: 0.289980
2025-05-21 14:57:51,984 Epoch: [5/20] Iter:[160/192], Time: 0.66, lr: [0.00733185574691482], Loss: 2.273286, Acc:0.474018, Semantic loss: 0.549562, BCE loss: 1.435183, SB loss: 0.288541
2025-05-21 14:57:58,159 Epoch: [5/20] Iter:[170/192], Time: 0.66, lr: [0.007307591464556783], Loss: 2.265092, Acc:0.474384, Semantic loss: 0.549896, BCE loss: 1.425262, SB loss: 0.289934
2025-05-21 14:58:03,606 Epoch: [5/20] Iter:[180/192], Time: 0.65, lr: [0.007283318226915514], Loss: 2.255651, Acc:0.474218, Semantic loss: 0.549622, BCE loss: 1.417386, SB loss: 0.288643
2025-05-21 14:58:09,109 Epoch: [5/20] Iter:[190/192], Time: 0.65, lr: [0.007259035997499604], Loss: 2.265713, Acc:0.475048, Semantic loss: 0.552444, BCE loss: 1.424683, SB loss: 0.288587
2025-05-21 15:01:15,747 => saving checkpoint to output\loveda\pidnet_small_loveda\aug_cjcheckpoint.pth.tar
2025-05-21 15:01:15,895 Loss: 5.794, MeanIU:  0.2325, Best_mIoU:  0.2474
2025-05-21 15:01:15,896 [0.07625387 0.36413123 0.34208664 0.2740835  0.02940712 0.10074499
 0.44056002]
2025-05-21 15:01:30,988 Epoch: [6/20] Iter:[0/192], Time: 14.84, lr: [0.007254178469372199], Loss: 2.495275, Acc:0.668893, Semantic loss: 0.831662, BCE loss: 1.207095, SB loss: 0.456518
2025-05-21 15:01:37,003 Epoch: [6/20] Iter:[10/192], Time: 1.90, lr: [0.007229885401256642], Loss: 2.237885, Acc:0.503902, Semantic loss: 0.562416, BCE loss: 1.400986, SB loss: 0.274483
2025-05-21 15:01:42,871 Epoch: [6/20] Iter:[20/192], Time: 1.27, lr: [0.0072055832600777334], Loss: 2.225683, Acc:0.491471, Semantic loss: 0.577163, BCE loss: 1.369872, SB loss: 0.278648
2025-05-21 15:01:48,866 Epoch: [6/20] Iter:[30/192], Time: 1.06, lr: [0.007181272008420604], Loss: 2.205363, Acc:0.477866, Semantic loss: 0.542625, BCE loss: 1.381917, SB loss: 0.280821
2025-05-21 15:01:55,260 Epoch: [6/20] Iter:[40/192], Time: 0.95, lr: [0.007156951608574727], Loss: 2.224170, Acc:0.484274, Semantic loss: 0.535800, BCE loss: 1.399176, SB loss: 0.289193
2025-05-21 15:02:00,959 Epoch: [6/20] Iter:[50/192], Time: 0.88, lr: [0.007132622022530447], Loss: 2.189688, Acc:0.483389, Semantic loss: 0.524682, BCE loss: 1.380620, SB loss: 0.284387
2025-05-21 15:02:07,245 Epoch: [6/20] Iter:[60/192], Time: 0.84, lr: [0.007108283211975477], Loss: 2.183077, Acc:0.483414, Semantic loss: 0.513558, BCE loss: 1.388476, SB loss: 0.281043
2025-05-21 15:02:13,619 Epoch: [6/20] Iter:[70/192], Time: 0.81, lr: [0.007083935138291319], Loss: 2.197598, Acc:0.484143, Semantic loss: 0.516746, BCE loss: 1.393057, SB loss: 0.287794
2025-05-21 15:02:20,012 Epoch: [6/20] Iter:[80/192], Time: 0.79, lr: [0.007059577762549636], Loss: 2.210168, Acc:0.486374, Semantic loss: 0.521943, BCE loss: 1.395335, SB loss: 0.292890
2025-05-21 15:02:26,297 Epoch: [6/20] Iter:[90/192], Time: 0.77, lr: [0.007035211045508576], Loss: 2.224959, Acc:0.485726, Semantic loss: 0.524446, BCE loss: 1.406484, SB loss: 0.294029
2025-05-21 15:02:31,757 Epoch: [6/20] Iter:[100/192], Time: 0.75, lr: [0.0070108349476090265], Loss: 2.227538, Acc:0.484807, Semantic loss: 0.526889, BCE loss: 1.406787, SB loss: 0.293862
2025-05-21 15:02:37,293 Epoch: [6/20] Iter:[110/192], Time: 0.73, lr: [0.00698644942897081], Loss: 2.222621, Acc:0.486160, Semantic loss: 0.520923, BCE loss: 1.409998, SB loss: 0.291700
2025-05-21 15:02:42,811 Epoch: [6/20] Iter:[120/192], Time: 0.72, lr: [0.006962054449388827], Loss: 2.227218, Acc:0.486316, Semantic loss: 0.529262, BCE loss: 1.407402, SB loss: 0.290555
2025-05-21 15:02:48,798 Epoch: [6/20] Iter:[130/192], Time: 0.71, lr: [0.006937649968329135], Loss: 2.232490, Acc:0.487690, Semantic loss: 0.528765, BCE loss: 1.414878, SB loss: 0.288847
2025-05-21 15:02:54,237 Epoch: [6/20] Iter:[140/192], Time: 0.70, lr: [0.006913235944924954], Loss: 2.235248, Acc:0.485772, Semantic loss: 0.528860, BCE loss: 1.416041, SB loss: 0.290347
2025-05-21 15:02:59,652 Epoch: [6/20] Iter:[150/192], Time: 0.69, lr: [0.006888812337972621], Loss: 2.230453, Acc:0.487420, Semantic loss: 0.527356, BCE loss: 1.413882, SB loss: 0.289215
2025-05-21 15:03:05,423 Epoch: [6/20] Iter:[160/192], Time: 0.68, lr: [0.00686437910592748], Loss: 2.217022, Acc:0.487034, Semantic loss: 0.525867, BCE loss: 1.401176, SB loss: 0.289979
2025-05-21 15:03:11,187 Epoch: [6/20] Iter:[170/192], Time: 0.67, lr: [0.00683993620689969], Loss: 2.211924, Acc:0.487595, Semantic loss: 0.522613, BCE loss: 1.400800, SB loss: 0.288511
2025-05-21 15:03:16,794 Epoch: [6/20] Iter:[180/192], Time: 0.67, lr: [0.0068154835986499775], Loss: 2.221150, Acc:0.487876, Semantic loss: 0.525331, BCE loss: 1.407364, SB loss: 0.288455
2025-05-21 15:03:22,167 Epoch: [6/20] Iter:[190/192], Time: 0.66, lr: [0.006791021238585323], Loss: 2.226882, Acc:0.487838, Semantic loss: 0.525300, BCE loss: 1.414489, SB loss: 0.287093
2025-05-21 15:05:46,466 => saving checkpoint to output\loveda\pidnet_small_loveda\aug_cjcheckpoint.pth.tar
2025-05-21 15:05:46,599 Loss: 5.610, MeanIU:  0.2560, Best_mIoU:  0.2560
2025-05-21 15:05:46,599 [0.12519931 0.39999387 0.31475951 0.35791858 0.01512985 0.15816607
 0.42105656]
2025-05-21 15:06:01,115 Epoch: [7/20] Iter:[0/192], Time: 14.25, lr: [0.006786127592581251], Loss: 2.127542, Acc:0.495520, Semantic loss: 0.496014, BCE loss: 1.425214, SB loss: 0.206314
2025-05-21 15:06:06,843 Epoch: [7/20] Iter:[10/192], Time: 1.81, lr: [0.006761653473611295], Loss: 2.222118, Acc:0.513817, Semantic loss: 0.481342, BCE loss: 1.454395, SB loss: 0.286380
2025-05-21 15:06:12,710 Epoch: [7/20] Iter:[20/192], Time: 1.23, lr: [0.006737169507854796], Loss: 2.159329, Acc:0.518388, Semantic loss: 0.482925, BCE loss: 1.413930, SB loss: 0.262474
2025-05-21 15:06:18,441 Epoch: [7/20] Iter:[30/192], Time: 1.02, lr: [0.006712675651556858], Loss: 2.174732, Acc:0.516191, Semantic loss: 0.500589, BCE loss: 1.408495, SB loss: 0.265648
2025-05-21 15:06:24,241 Epoch: [7/20] Iter:[40/192], Time: 0.91, lr: [0.006688171860589905], Loss: 2.208672, Acc:0.514272, Semantic loss: 0.515300, BCE loss: 1.415728, SB loss: 0.277644
2025-05-21 15:06:30,307 Epoch: [7/20] Iter:[50/192], Time: 0.85, lr: [0.0066636580904489585], Loss: 2.233292, Acc:0.514956, Semantic loss: 0.509128, BCE loss: 1.446960, SB loss: 0.277203
2025-05-21 15:06:36,646 Epoch: [7/20] Iter:[60/192], Time: 0.82, lr: [0.006639134296246874], Loss: 2.246308, Acc:0.513298, Semantic loss: 0.512283, BCE loss: 1.455637, SB loss: 0.278388
2025-05-21 15:06:43,002 Epoch: [7/20] Iter:[70/192], Time: 0.79, lr: [0.0066146004327094585], Loss: 2.267332, Acc:0.508978, Semantic loss: 0.518179, BCE loss: 1.457960, SB loss: 0.291194
2025-05-21 15:06:48,804 Epoch: [7/20] Iter:[80/192], Time: 0.76, lr: [0.006590056454170537], Loss: 2.267665, Acc:0.504125, Semantic loss: 0.527541, BCE loss: 1.447577, SB loss: 0.292546
2025-05-21 15:06:54,240 Epoch: [7/20] Iter:[90/192], Time: 0.74, lr: [0.006565502314566912], Loss: 2.252925, Acc:0.501589, Semantic loss: 0.520795, BCE loss: 1.443842, SB loss: 0.288288
2025-05-21 15:06:59,651 Epoch: [7/20] Iter:[100/192], Time: 0.72, lr: [0.006540937967433255], Loss: 2.244527, Acc:0.504944, Semantic loss: 0.519784, BCE loss: 1.437199, SB loss: 0.287544
2025-05-21 15:07:05,267 Epoch: [7/20] Iter:[110/192], Time: 0.71, lr: [0.006516363365896894], Loss: 2.230528, Acc:0.501075, Semantic loss: 0.516228, BCE loss: 1.429443, SB loss: 0.284857
2025-05-21 15:07:10,955 Epoch: [7/20] Iter:[120/192], Time: 0.70, lr: [0.006491778462672531], Loss: 2.225827, Acc:0.500031, Semantic loss: 0.516269, BCE loss: 1.423218, SB loss: 0.286340
2025-05-21 15:07:17,234 Epoch: [7/20] Iter:[130/192], Time: 0.69, lr: [0.006467183210056843], Loss: 2.219694, Acc:0.498478, Semantic loss: 0.510961, BCE loss: 1.426166, SB loss: 0.282568
2025-05-21 15:07:23,376 Epoch: [7/20] Iter:[140/192], Time: 0.68, lr: [0.006442577559923017], Loss: 2.213633, Acc:0.498736, Semantic loss: 0.510552, BCE loss: 1.421242, SB loss: 0.281839
2025-05-21 15:07:28,906 Epoch: [7/20] Iter:[150/192], Time: 0.68, lr: [0.006417961463715172], Loss: 2.206602, Acc:0.502103, Semantic loss: 0.508122, BCE loss: 1.417448, SB loss: 0.281032
2025-05-21 15:07:34,714 Epoch: [7/20] Iter:[160/192], Time: 0.67, lr: [0.006393334872442681], Loss: 2.202884, Acc:0.503111, Semantic loss: 0.505766, BCE loss: 1.416698, SB loss: 0.280419
2025-05-21 15:07:40,864 Epoch: [7/20] Iter:[170/192], Time: 0.67, lr: [0.006368697736674411], Loss: 2.201030, Acc:0.504669, Semantic loss: 0.507567, BCE loss: 1.411873, SB loss: 0.281589
2025-05-21 15:07:46,691 Epoch: [7/20] Iter:[180/192], Time: 0.66, lr: [0.006344050006532848], Loss: 2.195126, Acc:0.504651, Semantic loss: 0.503320, BCE loss: 1.412326, SB loss: 0.279480
2025-05-21 15:07:52,223 Epoch: [7/20] Iter:[190/192], Time: 0.66, lr: [0.006319391631688114], Loss: 2.190876, Acc:0.505650, Semantic loss: 0.502156, BCE loss: 1.409277, SB loss: 0.279443
2025-05-21 15:10:55,721 => saving checkpoint to output\loveda\pidnet_small_loveda\aug_cjcheckpoint.pth.tar
2025-05-21 15:10:55,929 Loss: 5.923, MeanIU:  0.2635, Best_mIoU:  0.2635
2025-05-21 15:10:55,929 [0.10883889 0.39317483 0.34566993 0.37506102 0.02096239 0.15455198
 0.44609051]
2025-05-21 15:11:10,415 Epoch: [8/20] Iter:[0/192], Time: 14.23, lr: [0.006314458674893553], Loss: 2.488313, Acc:0.633959, Semantic loss: 0.491319, BCE loss: 1.670372, SB loss: 0.326622
2025-05-21 15:11:16,360 Epoch: [8/20] Iter:[10/192], Time: 1.83, lr: [0.006289787459323657], Loss: 2.340244, Acc:0.462503, Semantic loss: 0.485996, BCE loss: 1.538165, SB loss: 0.316083
2025-05-21 15:11:22,166 Epoch: [8/20] Iter:[20/192], Time: 1.24, lr: [0.006265105486702424], Loss: 2.263406, Acc:0.486348, Semantic loss: 0.501732, BCE loss: 1.469990, SB loss: 0.291684
2025-05-21 15:11:27,647 Epoch: [8/20] Iter:[30/192], Time: 1.01, lr: [0.006240412705211017], Loss: 2.277109, Acc:0.505071, Semantic loss: 0.513018, BCE loss: 1.457376, SB loss: 0.306715
2025-05-21 15:11:33,059 Epoch: [8/20] Iter:[40/192], Time: 0.90, lr: [0.006215709062551949], Loss: 2.284277, Acc:0.494954, Semantic loss: 0.540378, BCE loss: 1.440243, SB loss: 0.303657
2025-05-21 15:11:38,449 Epoch: [8/20] Iter:[50/192], Time: 0.83, lr: [0.006190994505942529], Loss: 2.245919, Acc:0.491549, Semantic loss: 0.532238, BCE loss: 1.416692, SB loss: 0.296988
2025-05-21 15:11:43,850 Epoch: [8/20] Iter:[60/192], Time: 0.78, lr: [0.006166268982108192], Loss: 2.251789, Acc:0.490484, Semantic loss: 0.520465, BCE loss: 1.436615, SB loss: 0.294709
2025-05-21 15:11:49,239 Epoch: [8/20] Iter:[70/192], Time: 0.75, lr: [0.006141532437275693], Loss: 2.236501, Acc:0.493096, Semantic loss: 0.518810, BCE loss: 1.423416, SB loss: 0.294274
2025-05-21 15:11:55,118 Epoch: [8/20] Iter:[80/192], Time: 0.73, lr: [0.006116784817166194], Loss: 2.256966, Acc:0.496537, Semantic loss: 0.525243, BCE loss: 1.437170, SB loss: 0.294552
2025-05-21 15:12:00,614 Epoch: [8/20] Iter:[90/192], Time: 0.71, lr: [0.006092026066988214], Loss: 2.250090, Acc:0.497032, Semantic loss: 0.523710, BCE loss: 1.433774, SB loss: 0.292606
2025-05-21 15:12:06,119 Epoch: [8/20] Iter:[100/192], Time: 0.69, lr: [0.006067256131430442], Loss: 2.240217, Acc:0.496704, Semantic loss: 0.525808, BCE loss: 1.425794, SB loss: 0.288615
2025-05-21 15:12:11,742 Epoch: [8/20] Iter:[110/192], Time: 0.68, lr: [0.00604247495465443], Loss: 2.211866, Acc:0.495287, Semantic loss: 0.519056, BCE loss: 1.405713, SB loss: 0.287097
2025-05-21 15:12:17,396 Epoch: [8/20] Iter:[120/192], Time: 0.67, lr: [0.006017682480287143], Loss: 2.211815, Acc:0.498159, Semantic loss: 0.515472, BCE loss: 1.413985, SB loss: 0.282358
2025-05-21 15:12:23,431 Epoch: [8/20] Iter:[130/192], Time: 0.67, lr: [0.00599287865141337], Loss: 2.204089, Acc:0.498708, Semantic loss: 0.513252, BCE loss: 1.410523, SB loss: 0.280314
2025-05-21 15:12:29,197 Epoch: [8/20] Iter:[140/192], Time: 0.66, lr: [0.005968063410567983], Loss: 2.201231, Acc:0.498467, Semantic loss: 0.510828, BCE loss: 1.410773, SB loss: 0.279630
2025-05-21 15:12:35,163 Epoch: [8/20] Iter:[150/192], Time: 0.66, lr: [0.00594323669972807], Loss: 2.198554, Acc:0.500854, Semantic loss: 0.504893, BCE loss: 1.417106, SB loss: 0.276555
2025-05-21 15:12:40,850 Epoch: [8/20] Iter:[160/192], Time: 0.65, lr: [0.005918398460304892], Loss: 2.196986, Acc:0.501350, Semantic loss: 0.502817, BCE loss: 1.418190, SB loss: 0.275979
2025-05-21 15:12:47,023 Epoch: [8/20] Iter:[170/192], Time: 0.65, lr: [0.0058935486331357125], Loss: 2.190735, Acc:0.501365, Semantic loss: 0.503907, BCE loss: 1.411891, SB loss: 0.274937
2025-05-21 15:12:53,409 Epoch: [8/20] Iter:[180/192], Time: 0.65, lr: [0.005868687158475447], Loss: 2.192460, Acc:0.501182, Semantic loss: 0.506832, BCE loss: 1.409131, SB loss: 0.276496
2025-05-21 15:12:59,238 Epoch: [8/20] Iter:[190/192], Time: 0.64, lr: [0.005843813975988169], Loss: 2.192636, Acc:0.501476, Semantic loss: 0.509973, BCE loss: 1.404658, SB loss: 0.278004
2025-05-21 15:15:51,942 => saving checkpoint to output\loveda\pidnet_small_loveda\aug_cjcheckpoint.pth.tar
2025-05-21 15:15:52,146 Loss: 5.866, MeanIU:  0.2666, Best_mIoU:  0.2666
2025-05-21 15:15:52,147 [0.09833725 0.41443897 0.3598529  0.40341762 0.01627639 0.12246085
 0.45117973]
2025-05-21 15:16:07,316 Epoch: [9/20] Iter:[0/192], Time: 14.92, lr: [0.0058388379291998025], Loss: 2.652823, Acc:0.520188, Semantic loss: 0.659550, BCE loss: 1.723280, SB loss: 0.269992
2025-05-21 15:16:13,340 Epoch: [9/20] Iter:[10/192], Time: 1.90, lr: [0.0058139506168319475], Loss: 2.103179, Acc:0.521449, Semantic loss: 0.481058, BCE loss: 1.373250, SB loss: 0.248870
2025-05-21 15:16:19,788 Epoch: [9/20] Iter:[20/192], Time: 1.30, lr: [0.005789051461775303], Loss: 2.127824, Acc:0.523041, Semantic loss: 0.456945, BCE loss: 1.420148, SB loss: 0.250730
2025-05-21 15:16:25,451 Epoch: [9/20] Iter:[30/192], Time: 1.07, lr: [0.005764140401744157], Loss: 2.188625, Acc:0.515968, Semantic loss: 0.470466, BCE loss: 1.462233, SB loss: 0.255926
2025-05-21 15:16:31,537 Epoch: [9/20] Iter:[40/192], Time: 0.95, lr: [0.005739217373824397], Loss: 2.154603, Acc:0.508977, Semantic loss: 0.466670, BCE loss: 1.435473, SB loss: 0.252459
2025-05-21 15:16:37,961 Epoch: [9/20] Iter:[50/192], Time: 0.89, lr: [0.005714282314464109], Loss: 2.166215, Acc:0.513247, Semantic loss: 0.458651, BCE loss: 1.450043, SB loss: 0.257521
2025-05-21 15:16:43,646 Epoch: [9/20] Iter:[60/192], Time: 0.84, lr: [0.005689335159463984], Loss: 2.215616, Acc:0.514544, Semantic loss: 0.489374, BCE loss: 1.460488, SB loss: 0.265754
2025-05-21 15:16:49,306 Epoch: [9/20] Iter:[70/192], Time: 0.80, lr: [0.0056643758439675305], Loss: 2.180679, Acc:0.513951, Semantic loss: 0.485443, BCE loss: 1.428939, SB loss: 0.266297
2025-05-21 15:16:55,039 Epoch: [9/20] Iter:[80/192], Time: 0.77, lr: [0.005639404302451105], Loss: 2.170030, Acc:0.511470, Semantic loss: 0.479827, BCE loss: 1.425235, SB loss: 0.264968
2025-05-21 15:17:00,655 Epoch: [9/20] Iter:[90/192], Time: 0.75, lr: [0.005614420468713722], Loss: 2.175545, Acc:0.512860, Semantic loss: 0.490751, BCE loss: 1.417667, SB loss: 0.267127
2025-05-21 15:17:06,644 Epoch: [9/20] Iter:[100/192], Time: 0.74, lr: [0.005589424275866668], Loss: 2.180274, Acc:0.512390, Semantic loss: 0.508810, BCE loss: 1.406842, SB loss: 0.264622
2025-05-21 15:17:12,703 Epoch: [9/20] Iter:[110/192], Time: 0.72, lr: [0.005564415656322913], Loss: 2.180732, Acc:0.512223, Semantic loss: 0.505360, BCE loss: 1.412788, SB loss: 0.262584
2025-05-21 15:17:18,232 Epoch: [9/20] Iter:[120/192], Time: 0.71, lr: [0.00553939454178628], Loss: 2.182301, Acc:0.512133, Semantic loss: 0.501755, BCE loss: 1.417678, SB loss: 0.262868
2025-05-21 15:17:23,693 Epoch: [9/20] Iter:[130/192], Time: 0.70, lr: [0.005514360863240413], Loss: 2.191511, Acc:0.513428, Semantic loss: 0.501395, BCE loss: 1.425705, SB loss: 0.264411
2025-05-21 15:17:29,119 Epoch: [9/20] Iter:[140/192], Time: 0.69, lr: [0.005489314550937511], Loss: 2.180735, Acc:0.513707, Semantic loss: 0.498783, BCE loss: 1.417794, SB loss: 0.264158
2025-05-21 15:17:34,602 Epoch: [9/20] Iter:[150/192], Time: 0.68, lr: [0.005464255534386825], Loss: 2.163416, Acc:0.514068, Semantic loss: 0.495447, BCE loss: 1.405428, SB loss: 0.262541
2025-05-21 15:17:40,614 Epoch: [9/20] Iter:[160/192], Time: 0.67, lr: [0.005439183742342914], Loss: 2.172158, Acc:0.514160, Semantic loss: 0.497272, BCE loss: 1.410666, SB loss: 0.264220
2025-05-21 15:17:46,039 Epoch: [9/20] Iter:[170/192], Time: 0.66, lr: [0.00541409910279366], Loss: 2.168934, Acc:0.516208, Semantic loss: 0.495492, BCE loss: 1.409762, SB loss: 0.263680
2025-05-21 15:17:51,444 Epoch: [9/20] Iter:[180/192], Time: 0.66, lr: [0.005389001542948025], Loss: 2.159448, Acc:0.516224, Semantic loss: 0.494227, BCE loss: 1.401754, SB loss: 0.263466
2025-05-21 15:17:56,781 Epoch: [9/20] Iter:[190/192], Time: 0.65, lr: [0.005363890989223547], Loss: 2.153857, Acc:0.516290, Semantic loss: 0.491667, BCE loss: 1.399976, SB loss: 0.262214
2025-05-21 15:20:45,447 => saving checkpoint to output\loveda\pidnet_small_loveda\aug_cjcheckpoint.pth.tar
2025-05-21 15:20:45,583 Loss: 5.486, MeanIU:  0.2786, Best_mIoU:  0.2786
2025-05-21 15:20:45,583 [0.1670591  0.40323632 0.37869841 0.37873796 0.02787313 0.127167
 0.46711391]
2025-05-21 15:21:00,819 Epoch: [10/20] Iter:[0/192], Time: 14.98, lr: [0.005358867312681466], Loss: 1.683470, Acc:0.500358, Semantic loss: 0.423815, BCE loss: 1.030034, SB loss: 0.229622
2025-05-21 15:21:06,338 Epoch: [10/20] Iter:[10/192], Time: 1.86, lr: [0.005333741068040314], Loss: 2.176076, Acc:0.549085, Semantic loss: 0.475623, BCE loss: 1.440323, SB loss: 0.260130
2025-05-21 15:21:12,051 Epoch: [10/20] Iter:[20/192], Time: 1.25, lr: [0.0053086016647897714], Loss: 2.177108, Acc:0.552563, Semantic loss: 0.481417, BCE loss: 1.425295, SB loss: 0.270396
2025-05-21 15:21:17,758 Epoch: [10/20] Iter:[30/192], Time: 1.03, lr: [0.005283449026727663], Loss: 2.180349, Acc:0.543674, Semantic loss: 0.482775, BCE loss: 1.426826, SB loss: 0.270748
2025-05-21 15:21:23,447 Epoch: [10/20] Iter:[40/192], Time: 0.92, lr: [0.005258283076804885], Loss: 2.171680, Acc:0.540211, Semantic loss: 0.478553, BCE loss: 1.427747, SB loss: 0.265379
2025-05-21 15:21:29,173 Epoch: [10/20] Iter:[50/192], Time: 0.85, lr: [0.00523310373711144], Loss: 2.175363, Acc:0.532767, Semantic loss: 0.471452, BCE loss: 1.444504, SB loss: 0.259407
2025-05-21 15:21:34,863 Epoch: [10/20] Iter:[60/192], Time: 0.80, lr: [0.005207910928862159], Loss: 2.149832, Acc:0.535505, Semantic loss: 0.464762, BCE loss: 1.428110, SB loss: 0.256960
2025-05-21 15:21:40,549 Epoch: [10/20] Iter:[70/192], Time: 0.77, lr: [0.005182704572382109], Loss: 2.159556, Acc:0.532409, Semantic loss: 0.478079, BCE loss: 1.417637, SB loss: 0.263839
2025-05-21 15:21:46,251 Epoch: [10/20] Iter:[80/192], Time: 0.75, lr: [0.005157484587091684], Loss: 2.141987, Acc:0.529179, Semantic loss: 0.476006, BCE loss: 1.403702, SB loss: 0.262279
2025-05-21 15:21:51,968 Epoch: [10/20] Iter:[90/192], Time: 0.73, lr: [0.005132250891491357], Loss: 2.138640, Acc:0.528947, Semantic loss: 0.471793, BCE loss: 1.404392, SB loss: 0.262454
2025-05-21 15:21:57,643 Epoch: [10/20] Iter:[100/192], Time: 0.71, lr: [0.005107003403146087], Loss: 2.133824, Acc:0.525600, Semantic loss: 0.469690, BCE loss: 1.404501, SB loss: 0.259633
2025-05-21 15:22:03,341 Epoch: [10/20] Iter:[110/192], Time: 0.70, lr: [0.005081742038669388], Loss: 2.130315, Acc:0.525862, Semantic loss: 0.469567, BCE loss: 1.403282, SB loss: 0.257465
2025-05-21 15:22:09,025 Epoch: [10/20] Iter:[120/192], Time: 0.69, lr: [0.005056466713707024], Loss: 2.127628, Acc:0.526569, Semantic loss: 0.469858, BCE loss: 1.400550, SB loss: 0.257221
2025-05-21 15:22:14,764 Epoch: [10/20] Iter:[130/192], Time: 0.68, lr: [0.005031177342920337], Loss: 2.136604, Acc:0.525692, Semantic loss: 0.468203, BCE loss: 1.409625, SB loss: 0.258776
2025-05-21 15:22:20,470 Epoch: [10/20] Iter:[140/192], Time: 0.67, lr: [0.005005873839969192], Loss: 2.136765, Acc:0.527368, Semantic loss: 0.468492, BCE loss: 1.407250, SB loss: 0.261023
2025-05-21 15:22:26,205 Epoch: [10/20] Iter:[150/192], Time: 0.66, lr: [0.00498055611749454], Loss: 2.143946, Acc:0.528397, Semantic loss: 0.467375, BCE loss: 1.415505, SB loss: 0.261066
2025-05-21 15:22:31,875 Epoch: [10/20] Iter:[160/192], Time: 0.66, lr: [0.004955224087100552], Loss: 2.126717, Acc:0.529642, Semantic loss: 0.466580, BCE loss: 1.401538, SB loss: 0.258598
2025-05-21 15:22:37,813 Epoch: [10/20] Iter:[170/192], Time: 0.65, lr: [0.004929877659336362], Loss: 2.123934, Acc:0.528507, Semantic loss: 0.465129, BCE loss: 1.400930, SB loss: 0.257874
2025-05-21 15:22:43,502 Epoch: [10/20] Iter:[180/192], Time: 0.65, lr: [0.004904516743677371], Loss: 2.114003, Acc:0.530297, Semantic loss: 0.465113, BCE loss: 1.392535, SB loss: 0.256355
2025-05-21 15:22:49,129 Epoch: [10/20] Iter:[190/192], Time: 0.65, lr: [0.00487914124850611], Loss: 2.115903, Acc:0.529872, Semantic loss: 0.462986, BCE loss: 1.396129, SB loss: 0.256788
2025-05-21 15:25:18,483 => saving checkpoint to output\loveda\pidnet_small_loveda\aug_cjcheckpoint.pth.tar
2025-05-21 15:25:18,705 Loss: 5.068, MeanIU:  0.3038, Best_mIoU:  0.3038
2025-05-21 15:25:18,706 [0.23798946 0.37549051 0.34347806 0.5128157  0.03171454 0.16717737
 0.4576645 ]
2025-05-21 15:25:33,120 Epoch: [11/20] Iter:[0/192], Time: 14.16, lr: [0.004874064391789954], Loss: 1.738497, Acc:0.484032, Semantic loss: 0.543582, BCE loss: 0.915568, SB loss: 0.279347
2025-05-21 15:25:39,005 Epoch: [11/20] Iter:[10/192], Time: 1.82, lr: [0.004848671278701159], Loss: 2.159039, Acc:0.546494, Semantic loss: 0.488622, BCE loss: 1.395711, SB loss: 0.274706
2025-05-21 15:25:45,323 Epoch: [11/20] Iter:[20/192], Time: 1.26, lr: [0.0048232633805975296], Loss: 2.115604, Acc:0.537595, Semantic loss: 0.479451, BCE loss: 1.382113, SB loss: 0.254039
2025-05-21 15:25:50,701 Epoch: [11/20] Iter:[30/192], Time: 1.02, lr: [0.00479784060223045], Loss: 2.122443, Acc:0.543860, Semantic loss: 0.493943, BCE loss: 1.371520, SB loss: 0.256980
2025-05-21 15:25:56,367 Epoch: [11/20] Iter:[40/192], Time: 0.91, lr: [0.004772402847172951], Loss: 2.097433, Acc:0.544428, Semantic loss: 0.485216, BCE loss: 1.353412, SB loss: 0.258804
2025-05-21 15:26:02,735 Epoch: [11/20] Iter:[50/192], Time: 0.86, lr: [0.004746950017798064], Loss: 2.097744, Acc:0.542880, Semantic loss: 0.479578, BCE loss: 1.359762, SB loss: 0.258404
2025-05-21 15:26:08,375 Epoch: [11/20] Iter:[60/192], Time: 0.81, lr: [0.004721482015256639], Loss: 2.118194, Acc:0.538673, Semantic loss: 0.466721, BCE loss: 1.395431, SB loss: 0.256041
2025-05-21 15:26:13,788 Epoch: [11/20] Iter:[70/192], Time: 0.77, lr: [0.004695998739454633], Loss: 2.105876, Acc:0.538629, Semantic loss: 0.457501, BCE loss: 1.394935, SB loss: 0.253441
2025-05-21 15:26:19,179 Epoch: [11/20] Iter:[80/192], Time: 0.74, lr: [0.004670500089029817], Loss: 2.100938, Acc:0.537633, Semantic loss: 0.455189, BCE loss: 1.393162, SB loss: 0.252588
2025-05-21 15:26:24,583 Epoch: [11/20] Iter:[90/192], Time: 0.72, lr: [0.004644985961327915], Loss: 2.100869, Acc:0.538584, Semantic loss: 0.449173, BCE loss: 1.398787, SB loss: 0.252909
2025-05-21 15:26:29,994 Epoch: [11/20] Iter:[100/192], Time: 0.70, lr: [0.004619456252378151], Loss: 2.107323, Acc:0.537178, Semantic loss: 0.459722, BCE loss: 1.394748, SB loss: 0.252854
2025-05-21 15:26:35,527 Epoch: [11/20] Iter:[110/192], Time: 0.69, lr: [0.004593910856868159], Loss: 2.108937, Acc:0.536532, Semantic loss: 0.458524, BCE loss: 1.397337, SB loss: 0.253076
2025-05-21 15:26:41,802 Epoch: [11/20] Iter:[120/192], Time: 0.68, lr: [0.004568349668118281], Loss: 2.102302, Acc:0.535817, Semantic loss: 0.458875, BCE loss: 1.388923, SB loss: 0.254504
2025-05-21 15:26:47,596 Epoch: [11/20] Iter:[130/192], Time: 0.68, lr: [0.004542772578055196], Loss: 2.081224, Acc:0.537658, Semantic loss: 0.455028, BCE loss: 1.373615, SB loss: 0.252581
2025-05-21 15:26:53,390 Epoch: [11/20] Iter:[140/192], Time: 0.67, lr: [0.00451717947718487], Loss: 2.092220, Acc:0.537505, Semantic loss: 0.455999, BCE loss: 1.383512, SB loss: 0.252709
2025-05-21 15:26:59,172 Epoch: [11/20] Iter:[150/192], Time: 0.66, lr: [0.004491570254564817], Loss: 2.088939, Acc:0.536391, Semantic loss: 0.453085, BCE loss: 1.384640, SB loss: 0.251214
2025-05-21 15:27:04,874 Epoch: [11/20] Iter:[160/192], Time: 0.66, lr: [0.004465944797775636], Loss: 2.092148, Acc:0.536043, Semantic loss: 0.451202, BCE loss: 1.391476, SB loss: 0.249469
2025-05-21 15:27:10,572 Epoch: [11/20] Iter:[170/192], Time: 0.65, lr: [0.004440302992891796], Loss: 2.085404, Acc:0.537149, Semantic loss: 0.449935, BCE loss: 1.386214, SB loss: 0.249256
2025-05-21 15:27:16,284 Epoch: [11/20] Iter:[180/192], Time: 0.65, lr: [0.004414644724451659], Loss: 2.097758, Acc:0.537088, Semantic loss: 0.454544, BCE loss: 1.392417, SB loss: 0.250797
2025-05-21 15:27:21,905 Epoch: [11/20] Iter:[190/192], Time: 0.64, lr: [0.004388969875426714], Loss: 2.093442, Acc:0.535724, Semantic loss: 0.455976, BCE loss: 1.385679, SB loss: 0.251787
2025-05-21 15:29:48,428 => saving checkpoint to output\loveda\pidnet_small_loveda\aug_cjcheckpoint.pth.tar
2025-05-21 15:29:48,521 Loss: 4.592, MeanIU:  0.2527, Best_mIoU:  0.3038
2025-05-21 15:29:48,521 [0.11949392 0.36090226 0.28087845 0.41603905 0.03891452 0.13147254
 0.42115077]
2025-05-21 15:30:02,842 Epoch: [12/20] Iter:[0/192], Time: 14.05, lr: [0.0043838329055408696], Loss: 1.806228, Acc:0.525503, Semantic loss: 0.333424, BCE loss: 1.289755, SB loss: 0.183049
2025-05-21 15:30:08,209 Epoch: [12/20] Iter:[10/192], Time: 1.77, lr: [0.004358138003083593], Loss: 2.072830, Acc:0.508725, Semantic loss: 0.429142, BCE loss: 1.414456, SB loss: 0.229233
2025-05-21 15:30:13,873 Epoch: [12/20] Iter:[20/192], Time: 1.20, lr: [0.0043324262569064236], Loss: 2.083372, Acc:0.518647, Semantic loss: 0.427888, BCE loss: 1.431862, SB loss: 0.223623
2025-05-21 15:30:19,566 Epoch: [12/20] Iter:[30/192], Time: 0.99, lr: [0.0043066975447503065], Loss: 2.087940, Acc:0.534345, Semantic loss: 0.427716, BCE loss: 1.428600, SB loss: 0.231624
2025-05-21 15:30:25,337 Epoch: [12/20] Iter:[40/192], Time: 0.89, lr: [0.00428095174265078], Loss: 2.125246, Acc:0.542043, Semantic loss: 0.435395, BCE loss: 1.451510, SB loss: 0.238341
2025-05-21 15:30:31,067 Epoch: [12/20] Iter:[50/192], Time: 0.83, lr: [0.004255188724902623], Loss: 2.108619, Acc:0.543378, Semantic loss: 0.449255, BCE loss: 1.413708, SB loss: 0.245656
2025-05-21 15:30:36,721 Epoch: [12/20] Iter:[60/192], Time: 0.79, lr: [0.004229408364023519], Loss: 2.103425, Acc:0.540154, Semantic loss: 0.447877, BCE loss: 1.411413, SB loss: 0.244135
2025-05-21 15:30:42,795 Epoch: [12/20] Iter:[70/192], Time: 0.76, lr: [0.004203610530716726], Loss: 2.105290, Acc:0.542795, Semantic loss: 0.456310, BCE loss: 1.401605, SB loss: 0.247375
2025-05-21 15:30:49,133 Epoch: [12/20] Iter:[80/192], Time: 0.75, lr: [0.004177795093832693], Loss: 2.091393, Acc:0.545511, Semantic loss: 0.451078, BCE loss: 1.393655, SB loss: 0.246660
2025-05-21 15:30:55,192 Epoch: [12/20] Iter:[90/192], Time: 0.73, lr: [0.004151961920329593], Loss: 2.077269, Acc:0.542464, Semantic loss: 0.443679, BCE loss: 1.389017, SB loss: 0.244573
2025-05-21 15:31:00,683 Epoch: [12/20] Iter:[100/192], Time: 0.71, lr: [0.004126110875232744], Loss: 2.066181, Acc:0.542402, Semantic loss: 0.447820, BCE loss: 1.373522, SB loss: 0.244839
2025-05-21 15:31:06,325 Epoch: [12/20] Iter:[110/192], Time: 0.70, lr: [0.004100241821592866], Loss: 2.073708, Acc:0.544728, Semantic loss: 0.448920, BCE loss: 1.381853, SB loss: 0.242934
2025-05-21 15:31:12,209 Epoch: [12/20] Iter:[120/192], Time: 0.69, lr: [0.00407435462044314], Loss: 2.079392, Acc:0.541470, Semantic loss: 0.447138, BCE loss: 1.387767, SB loss: 0.244487
2025-05-21 15:31:17,776 Epoch: [12/20] Iter:[130/192], Time: 0.68, lr: [0.004048449130755016], Loss: 2.090029, Acc:0.540617, Semantic loss: 0.453823, BCE loss: 1.389102, SB loss: 0.247104
2025-05-21 15:31:23,610 Epoch: [12/20] Iter:[140/192], Time: 0.67, lr: [0.004022525209392749], Loss: 2.081679, Acc:0.538308, Semantic loss: 0.455279, BCE loss: 1.379719, SB loss: 0.246681
2025-05-21 15:31:29,419 Epoch: [12/20] Iter:[150/192], Time: 0.67, lr: [0.003996582711066572], Loss: 2.080013, Acc:0.539501, Semantic loss: 0.453678, BCE loss: 1.379222, SB loss: 0.247113
2025-05-21 15:31:35,262 Epoch: [12/20] Iter:[160/192], Time: 0.66, lr: [0.003970621488284514], Loss: 2.086074, Acc:0.539891, Semantic loss: 0.455835, BCE loss: 1.382997, SB loss: 0.247242
2025-05-21 15:31:40,810 Epoch: [12/20] Iter:[170/192], Time: 0.66, lr: [0.003944641391302759], Loss: 2.082091, Acc:0.539820, Semantic loss: 0.455371, BCE loss: 1.379877, SB loss: 0.246843
2025-05-21 15:31:46,839 Epoch: [12/20] Iter:[180/192], Time: 0.65, lr: [0.003918642268074522], Loss: 2.081881, Acc:0.539201, Semantic loss: 0.453927, BCE loss: 1.381629, SB loss: 0.246325
2025-05-21 15:31:52,940 Epoch: [12/20] Iter:[190/192], Time: 0.65, lr: [0.003892623964197378], Loss: 2.082433, Acc:0.538845, Semantic loss: 0.452983, BCE loss: 1.383431, SB loss: 0.246019
2025-05-21 15:34:50,980 => saving checkpoint to output\loveda\pidnet_small_loveda\aug_cjcheckpoint.pth.tar
2025-05-21 15:34:51,437 Loss: 4.467, MeanIU:  0.3050, Best_mIoU:  0.3050
2025-05-21 15:34:51,438 [0.18361746 0.39867245 0.36585858 0.52875594 0.03396717 0.15440554
 0.46949219]
2025-05-21 15:35:06,136 Epoch: [13/20] Iter:[0/192], Time: 14.44, lr: [0.0038874179879876346], Loss: 1.558230, Acc:0.654271, Semantic loss: 0.431852, BCE loss: 0.770618, SB loss: 0.355760
2025-05-21 15:35:12,052 Epoch: [13/20] Iter:[10/192], Time: 1.85, lr: [0.003861376460123532], Loss: 1.974194, Acc:0.563985, Semantic loss: 0.468890, BCE loss: 1.242997, SB loss: 0.262307
2025-05-21 15:35:18,018 Epoch: [13/20] Iter:[20/192], Time: 1.25, lr: [0.003835315403363414], Loss: 1.975626, Acc:0.548396, Semantic loss: 0.470167, BCE loss: 1.268099, SB loss: 0.237360
2025-05-21 15:35:23,586 Epoch: [13/20] Iter:[30/192], Time: 1.03, lr: [0.00380923465539378], Loss: 2.002138, Acc:0.551955, Semantic loss: 0.460481, BCE loss: 1.299727, SB loss: 0.241930
2025-05-21 15:35:29,006 Epoch: [13/20] Iter:[40/192], Time: 0.91, lr: [0.0037831340513060203], Loss: 1.992956, Acc:0.544971, Semantic loss: 0.452157, BCE loss: 1.304934, SB loss: 0.235866
2025-05-21 15:35:34,397 Epoch: [13/20] Iter:[50/192], Time: 0.84, lr: [0.003757013423534689], Loss: 1.984297, Acc:0.549707, Semantic loss: 0.451349, BCE loss: 1.294760, SB loss: 0.238188
2025-05-21 15:35:39,826 Epoch: [13/20] Iter:[60/192], Time: 0.79, lr: [0.003730872601793835], Loss: 2.029073, Acc:0.549057, Semantic loss: 0.452542, BCE loss: 1.336421, SB loss: 0.240110
2025-05-21 15:35:45,431 Epoch: [13/20] Iter:[70/192], Time: 0.76, lr: [0.0037047114130112895], Loss: 2.045524, Acc:0.552960, Semantic loss: 0.446466, BCE loss: 1.359363, SB loss: 0.239695
2025-05-21 15:35:51,537 Epoch: [13/20] Iter:[80/192], Time: 0.74, lr: [0.0036785296812608405], Loss: 2.041211, Acc:0.550516, Semantic loss: 0.451473, BCE loss: 1.350124, SB loss: 0.239615
2025-05-21 15:35:57,477 Epoch: [13/20] Iter:[90/192], Time: 0.72, lr: [0.003652327227692201], Loss: 2.035518, Acc:0.549397, Semantic loss: 0.448595, BCE loss: 1.349231, SB loss: 0.237692
2025-05-21 15:36:03,071 Epoch: [13/20] Iter:[100/192], Time: 0.71, lr: [0.0036261038704587037], Loss: 2.031122, Acc:0.549872, Semantic loss: 0.450121, BCE loss: 1.342902, SB loss: 0.238099
2025-05-21 15:36:09,442 Epoch: [13/20] Iter:[110/192], Time: 0.70, lr: [0.003599859424642584], Loss: 2.032499, Acc:0.550264, Semantic loss: 0.448582, BCE loss: 1.345021, SB loss: 0.238896
2025-05-21 15:36:15,350 Epoch: [13/20] Iter:[120/192], Time: 0.69, lr: [0.0035735937021778063], Loss: 2.050276, Acc:0.549327, Semantic loss: 0.445987, BCE loss: 1.366496, SB loss: 0.237793
2025-05-21 15:36:21,689 Epoch: [13/20] Iter:[130/192], Time: 0.69, lr: [0.0035473065117702885], Loss: 2.045708, Acc:0.547619, Semantic loss: 0.445697, BCE loss: 1.363734, SB loss: 0.236278
2025-05-21 15:36:27,442 Epoch: [13/20] Iter:[140/192], Time: 0.68, lr: [0.003520997658815433], Loss: 2.047639, Acc:0.546435, Semantic loss: 0.445748, BCE loss: 1.365615, SB loss: 0.236276
2025-05-21 15:36:33,379 Epoch: [13/20] Iter:[150/192], Time: 0.67, lr: [0.003494666945312851], Loss: 2.053593, Acc:0.546701, Semantic loss: 0.447511, BCE loss: 1.369421, SB loss: 0.236661
2025-05-21 15:36:39,750 Epoch: [13/20] Iter:[160/192], Time: 0.67, lr: [0.00346831416977816], Loss: 2.052681, Acc:0.545961, Semantic loss: 0.446626, BCE loss: 1.369476, SB loss: 0.236580
2025-05-21 15:36:46,137 Epoch: [13/20] Iter:[170/192], Time: 0.67, lr: [0.003441939127151716], Loss: 2.064486, Acc:0.545931, Semantic loss: 0.447248, BCE loss: 1.380939, SB loss: 0.236299
2025-05-21 15:36:52,506 Epoch: [13/20] Iter:[180/192], Time: 0.67, lr: [0.0034155416087041646], Loss: 2.056204, Acc:0.546621, Semantic loss: 0.444278, BCE loss: 1.376156, SB loss: 0.235771
2025-05-21 15:36:58,460 Epoch: [13/20] Iter:[190/192], Time: 0.66, lr: [0.0033891214019386652], Loss: 2.063685, Acc:0.547976, Semantic loss: 0.445184, BCE loss: 1.382197, SB loss: 0.236304
2025-05-21 15:39:59,488 => saving checkpoint to output\loveda\pidnet_small_loveda\aug_cjcheckpoint.pth.tar
2025-05-21 15:39:59,584 Loss: 5.623, MeanIU:  0.2927, Best_mIoU:  0.3050
2025-05-21 15:39:59,584 [0.151811   0.41237026 0.38744389 0.45137653 0.02586511 0.16003508
 0.46033357]
2025-05-21 15:40:14,987 Epoch: [14/20] Iter:[0/192], Time: 15.15, lr: [0.0033838346190164987], Loss: 1.722798, Acc:0.587670, Semantic loss: 0.288562, BCE loss: 1.235089, SB loss: 0.199147
2025-05-21 15:40:21,125 Epoch: [14/20] Iter:[10/192], Time: 1.94, lr: [0.0033573869003190927], Loss: 1.965253, Acc:0.557037, Semantic loss: 0.404197, BCE loss: 1.317944, SB loss: 0.243112
2025-05-21 15:40:26,905 Epoch: [14/20] Iter:[20/192], Time: 1.29, lr: [0.0033309160120447595], Loss: 2.038145, Acc:0.544059, Semantic loss: 0.410444, BCE loss: 1.381849, SB loss: 0.245852
2025-05-21 15:40:32,602 Epoch: [14/20] Iter:[30/192], Time: 1.06, lr: [0.0033044217289421207], Loss: 2.038936, Acc:0.540503, Semantic loss: 0.408387, BCE loss: 1.390266, SB loss: 0.240284
2025-05-21 15:40:38,270 Epoch: [14/20] Iter:[40/192], Time: 0.94, lr: [0.0032779038215418194], Loss: 2.013713, Acc:0.541668, Semantic loss: 0.416772, BCE loss: 1.356299, SB loss: 0.240642
2025-05-21 15:40:43,927 Epoch: [14/20] Iter:[50/192], Time: 0.86, lr: [0.0032513620560388795], Loss: 2.024159, Acc:0.549670, Semantic loss: 0.430132, BCE loss: 1.353996, SB loss: 0.240031
2025-05-21 15:40:49,628 Epoch: [14/20] Iter:[60/192], Time: 0.82, lr: [0.003224796194170671], Loss: 2.042162, Acc:0.546768, Semantic loss: 0.422215, BCE loss: 1.382817, SB loss: 0.237129
2025-05-21 15:40:55,242 Epoch: [14/20] Iter:[70/192], Time: 0.78, lr: [0.003198205993090303], Loss: 2.045546, Acc:0.543577, Semantic loss: 0.425838, BCE loss: 1.381004, SB loss: 0.238704
2025-05-21 15:41:00,911 Epoch: [14/20] Iter:[80/192], Time: 0.75, lr: [0.0031715912052352204], Loss: 2.046312, Acc:0.545414, Semantic loss: 0.425780, BCE loss: 1.382172, SB loss: 0.238360
2025-05-21 15:41:06,579 Epoch: [14/20] Iter:[90/192], Time: 0.73, lr: [0.0031449515781907557], Loss: 2.037709, Acc:0.547857, Semantic loss: 0.428557, BCE loss: 1.371575, SB loss: 0.237578
2025-05-21 15:41:12,233 Epoch: [14/20] Iter:[100/192], Time: 0.72, lr: [0.003118286854548424], Loss: 2.042766, Acc:0.552208, Semantic loss: 0.429672, BCE loss: 1.377192, SB loss: 0.235902
2025-05-21 15:41:17,892 Epoch: [14/20] Iter:[110/192], Time: 0.70, lr: [0.003091596771758693], Loss: 2.043937, Acc:0.550484, Semantic loss: 0.431105, BCE loss: 1.376941, SB loss: 0.235891
2025-05-21 15:41:23,534 Epoch: [14/20] Iter:[120/192], Time: 0.69, lr: [0.0030648810619779434], Loss: 2.047401, Acc:0.551443, Semantic loss: 0.431412, BCE loss: 1.380114, SB loss: 0.235875
2025-05-21 15:41:29,175 Epoch: [14/20] Iter:[130/192], Time: 0.68, lr: [0.0030381394519093602], Loss: 2.047487, Acc:0.552209, Semantic loss: 0.436571, BCE loss: 1.375409, SB loss: 0.235507
2025-05-21 15:41:34,823 Epoch: [14/20] Iter:[140/192], Time: 0.67, lr: [0.003011371662637431], Loss: 2.031593, Acc:0.550902, Semantic loss: 0.434475, BCE loss: 1.363992, SB loss: 0.233126
2025-05-21 15:41:40,497 Epoch: [14/20] Iter:[150/192], Time: 0.67, lr: [0.0029845774094557345], Loss: 2.030625, Acc:0.550734, Semantic loss: 0.434549, BCE loss: 1.365093, SB loss: 0.230983
2025-05-21 15:41:46,197 Epoch: [14/20] Iter:[160/192], Time: 0.66, lr: [0.002957756401687678], Loss: 2.034197, Acc:0.552328, Semantic loss: 0.435443, BCE loss: 1.367407, SB loss: 0.231346
2025-05-21 15:41:51,864 Epoch: [14/20] Iter:[170/192], Time: 0.66, lr: [0.002930908342499829], Loss: 2.032212, Acc:0.553039, Semantic loss: 0.435073, BCE loss: 1.366188, SB loss: 0.230952
2025-05-21 15:41:57,510 Epoch: [14/20] Iter:[180/192], Time: 0.65, lr: [0.002904032928707437], Loss: 2.041133, Acc:0.552044, Semantic loss: 0.439715, BCE loss: 1.369408, SB loss: 0.232011
2025-05-21 15:42:03,059 Epoch: [14/20] Iter:[190/192], Time: 0.65, lr: [0.0028771298505717554], Loss: 2.049571, Acc:0.551239, Semantic loss: 0.437982, BCE loss: 1.379609, SB loss: 0.231980
2025-05-21 15:44:42,409 => saving checkpoint to output\loveda\pidnet_small_loveda\aug_cjcheckpoint.pth.tar
2025-05-21 15:44:42,497 Loss: 5.664, MeanIU:  0.2909, Best_mIoU:  0.3050
2025-05-21 15:44:42,497 [0.17244145 0.39751482 0.37447478 0.45300755 0.02785513 0.14541802
 0.46546526]
2025-05-21 15:44:56,688 Epoch: [15/20] Iter:[0/192], Time: 13.95, lr: [0.0028717458874925874], Loss: 1.739299, Acc:0.514056, Semantic loss: 0.338395, BCE loss: 1.192842, SB loss: 0.208062
2025-05-21 15:45:02,537 Epoch: [15/20] Iter:[10/192], Time: 1.80, lr: [0.0028448091937488323], Loss: 1.943754, Acc:0.551462, Semantic loss: 0.408925, BCE loss: 1.303859, SB loss: 0.230969
2025-05-21 15:45:08,893 Epoch: [15/20] Iter:[20/192], Time: 1.24, lr: [0.002817844130111582], Loss: 2.021567, Acc:0.539193, Semantic loss: 0.406002, BCE loss: 1.385907, SB loss: 0.229658
2025-05-21 15:45:15,302 Epoch: [15/20] Iter:[30/192], Time: 1.05, lr: [0.0027908503644035994], Loss: 2.032940, Acc:0.541693, Semantic loss: 0.409818, BCE loss: 1.397740, SB loss: 0.225382
2025-05-21 15:45:21,732 Epoch: [15/20] Iter:[40/192], Time: 0.95, lr: [0.0027638275569424097], Loss: 2.075156, Acc:0.545251, Semantic loss: 0.416160, BCE loss: 1.430576, SB loss: 0.228421
2025-05-21 15:45:27,285 Epoch: [15/20] Iter:[50/192], Time: 0.87, lr: [0.002736775360287257], Loss: 2.069182, Acc:0.544547, Semantic loss: 0.431463, BCE loss: 1.404303, SB loss: 0.233417
2025-05-21 15:45:33,041 Epoch: [15/20] Iter:[60/192], Time: 0.82, lr: [0.002709693418974644], Loss: 2.077944, Acc:0.551938, Semantic loss: 0.428719, BCE loss: 1.413684, SB loss: 0.235542
2025-05-21 15:45:38,614 Epoch: [15/20] Iter:[70/192], Time: 0.79, lr: [0.0026825813692418162], Loss: 2.065412, Acc:0.554173, Semantic loss: 0.432150, BCE loss: 1.395596, SB loss: 0.237666
2025-05-21 15:45:44,776 Epoch: [15/20] Iter:[80/192], Time: 0.77, lr: [0.0026554388387375], Loss: 2.046785, Acc:0.555395, Semantic loss: 0.430422, BCE loss: 1.383554, SB loss: 0.232809
2025-05-21 15:45:50,284 Epoch: [15/20] Iter:[90/192], Time: 0.74, lr: [0.002628265446219161], Loss: 2.049739, Acc:0.553834, Semantic loss: 0.432788, BCE loss: 1.382632, SB loss: 0.234319
2025-05-21 15:45:55,746 Epoch: [15/20] Iter:[100/192], Time: 0.72, lr: [0.002601060801235972], Loss: 2.042692, Acc:0.553064, Semantic loss: 0.436619, BCE loss: 1.374019, SB loss: 0.232055
2025-05-21 15:46:01,391 Epoch: [15/20] Iter:[110/192], Time: 0.71, lr: [0.002573824503796671], Loss: 2.052993, Acc:0.553644, Semantic loss: 0.436659, BCE loss: 1.384309, SB loss: 0.232025
2025-05-21 15:46:06,866 Epoch: [15/20] Iter:[120/192], Time: 0.70, lr: [0.00254655614402138], Loss: 2.057249, Acc:0.554288, Semantic loss: 0.434009, BCE loss: 1.390114, SB loss: 0.233126
2025-05-21 15:46:12,399 Epoch: [15/20] Iter:[130/192], Time: 0.68, lr: [0.0025192553017764118], Loss: 2.046938, Acc:0.554447, Semantic loss: 0.431259, BCE loss: 1.383988, SB loss: 0.231690
2025-05-21 15:46:17,826 Epoch: [15/20] Iter:[140/192], Time: 0.67, lr: [0.002491921546291034], Loss: 2.044133, Acc:0.554381, Semantic loss: 0.432261, BCE loss: 1.380340, SB loss: 0.231531
2025-05-21 15:46:23,501 Epoch: [15/20] Iter:[150/192], Time: 0.67, lr: [0.0024645544357550573], Loss: 2.047477, Acc:0.554987, Semantic loss: 0.436387, BCE loss: 1.377229, SB loss: 0.233861
2025-05-21 15:46:29,170 Epoch: [15/20] Iter:[160/192], Time: 0.66, lr: [0.002437153516896028], Loss: 2.045738, Acc:0.555941, Semantic loss: 0.435223, BCE loss: 1.376172, SB loss: 0.234343
2025-05-21 15:46:34,555 Epoch: [15/20] Iter:[170/192], Time: 0.65, lr: [0.0024097183245347467], Loss: 2.042690, Acc:0.554951, Semantic loss: 0.433859, BCE loss: 1.374974, SB loss: 0.233857
2025-05-21 15:46:40,259 Epoch: [15/20] Iter:[180/192], Time: 0.65, lr: [0.0023822483811177], Loss: 2.045946, Acc:0.554745, Semantic loss: 0.432972, BCE loss: 1.380059, SB loss: 0.232915
2025-05-21 15:46:46,111 Epoch: [15/20] Iter:[190/192], Time: 0.65, lr: [0.002354743196224891], Loss: 2.048812, Acc:0.556901, Semantic loss: 0.434433, BCE loss: 1.380174, SB loss: 0.234205
2025-05-21 15:49:21,300 => saving checkpoint to output\loveda\pidnet_small_loveda\aug_cjcheckpoint.pth.tar
2025-05-21 15:49:21,433 Loss: 5.024, MeanIU:  0.3129, Best_mIoU:  0.3129
2025-05-21 15:49:21,433 [0.24164492 0.43164688 0.38444287 0.4858081  0.04376434 0.1324681
 0.47038716]
2025-05-21 15:49:35,629 Epoch: [16/20] Iter:[0/192], Time: 13.93, lr: [0.0023492378861760376], Loss: 1.951547, Acc:0.447994, Semantic loss: 0.710800, BCE loss: 0.860372, SB loss: 0.380376
2025-05-21 15:49:41,247 Epoch: [16/20] Iter:[10/192], Time: 1.78, lr: [0.0023216897452738748], Loss: 2.059526, Acc:0.549357, Semantic loss: 0.475395, BCE loss: 1.320730, SB loss: 0.263400
2025-05-21 15:49:47,010 Epoch: [16/20] Iter:[20/192], Time: 1.21, lr: [0.0022941052360858027], Loss: 2.060629, Acc:0.552322, Semantic loss: 0.451334, BCE loss: 1.361782, SB loss: 0.247513
2025-05-21 15:49:52,769 Epoch: [16/20] Iter:[30/192], Time: 1.00, lr: [0.0022664838233947228], Loss: 2.054354, Acc:0.556823, Semantic loss: 0.447921, BCE loss: 1.373133, SB loss: 0.233300
2025-05-21 15:49:58,462 Epoch: [16/20] Iter:[40/192], Time: 0.90, lr: [0.0022388249567421017], Loss: 2.015484, Acc:0.553473, Semantic loss: 0.430969, BCE loss: 1.355630, SB loss: 0.228885
2025-05-21 15:50:04,192 Epoch: [16/20] Iter:[50/192], Time: 0.83, lr: [0.002211128069778427], Loss: 2.032302, Acc:0.556038, Semantic loss: 0.433994, BCE loss: 1.372151, SB loss: 0.226156
2025-05-21 15:50:09,854 Epoch: [16/20] Iter:[60/192], Time: 0.79, lr: [0.0021833925795765436], Loss: 2.025754, Acc:0.555821, Semantic loss: 0.432326, BCE loss: 1.367223, SB loss: 0.226205
2025-05-21 15:50:15,523 Epoch: [16/20] Iter:[70/192], Time: 0.76, lr: [0.0021556178859051967], Loss: 2.013753, Acc:0.554796, Semantic loss: 0.425624, BCE loss: 1.360489, SB loss: 0.227640
2025-05-21 15:50:21,226 Epoch: [16/20] Iter:[80/192], Time: 0.73, lr: [0.002127803370459852], Loss: 2.008427, Acc:0.556156, Semantic loss: 0.425503, BCE loss: 1.355407, SB loss: 0.227517
2025-05-21 15:50:26,897 Epoch: [16/20] Iter:[90/192], Time: 0.72, lr: [0.0020999483960476508], Loss: 2.003436, Acc:0.557818, Semantic loss: 0.420985, BCE loss: 1.355358, SB loss: 0.227093
2025-05-21 15:50:32,564 Epoch: [16/20] Iter:[100/192], Time: 0.70, lr: [0.0020720523057230294], Loss: 2.008227, Acc:0.561226, Semantic loss: 0.421209, BCE loss: 1.358132, SB loss: 0.228886
2025-05-21 15:50:38,244 Epoch: [16/20] Iter:[110/192], Time: 0.69, lr: [0.002044114421870228], Loss: 2.010382, Acc:0.562111, Semantic loss: 0.416859, BCE loss: 1.366176, SB loss: 0.227347
2025-05-21 15:50:43,980 Epoch: [16/20] Iter:[120/192], Time: 0.68, lr: [0.0020161340452285867], Loss: 2.023681, Acc:0.565634, Semantic loss: 0.424697, BCE loss: 1.367959, SB loss: 0.231025
2025-05-21 15:50:49,667 Epoch: [16/20] Iter:[130/192], Time: 0.67, lr: [0.001988110453856112], Loss: 2.020308, Acc:0.566864, Semantic loss: 0.427426, BCE loss: 1.359650, SB loss: 0.233232
2025-05-21 15:50:55,367 Epoch: [16/20] Iter:[140/192], Time: 0.66, lr: [0.0019600429020263607], Loss: 2.024119, Acc:0.565236, Semantic loss: 0.428664, BCE loss: 1.362769, SB loss: 0.232686
2025-05-21 15:51:00,995 Epoch: [16/20] Iter:[150/192], Time: 0.66, lr: [0.0019319306190532476], Loss: 2.030558, Acc:0.564528, Semantic loss: 0.429956, BCE loss: 1.367571, SB loss: 0.233032
2025-05-21 15:51:06,646 Epoch: [16/20] Iter:[160/192], Time: 0.65, lr: [0.0019037728080378042], Loss: 2.021308, Acc:0.561600, Semantic loss: 0.428084, BCE loss: 1.362300, SB loss: 0.230924
2025-05-21 15:51:12,330 Epoch: [16/20] Iter:[170/192], Time: 0.65, lr: [0.0018755686445303314], Loss: 2.035042, Acc:0.559763, Semantic loss: 0.428918, BCE loss: 1.373988, SB loss: 0.232136
2025-05-21 15:51:17,983 Epoch: [16/20] Iter:[180/192], Time: 0.64, lr: [0.001847317275100738], Loss: 2.030097, Acc:0.560656, Semantic loss: 0.430686, BCE loss: 1.368143, SB loss: 0.231268
2025-05-21 15:51:23,456 Epoch: [16/20] Iter:[190/192], Time: 0.64, lr: [0.0018190178158090872], Loss: 2.030629, Acc:0.558471, Semantic loss: 0.429332, BCE loss: 1.370505, SB loss: 0.230792
2025-05-21 15:53:55,932 => saving checkpoint to output\loveda\pidnet_small_loveda\aug_cjcheckpoint.pth.tar
2025-05-21 15:53:56,073 Loss: 4.925, MeanIU:  0.3227, Best_mIoU:  0.3227
2025-05-21 15:53:56,073 [0.29201502 0.40911655 0.37489764 0.50879701 0.03537664 0.16610483 0.47249863]
2025-05-21 15:54:11,552 Epoch: [17/20] Iter:[0/192], Time: 15.23, lr: [0.0018133520731367456], Loss: 2.054400, Acc:0.592727, Semantic loss: 0.387863, BCE loss: 1.416417, SB loss: 0.250119
2025-05-21 15:54:17,731 Epoch: [17/20] Iter:[10/192], Time: 1.95, lr: [0.001784993693823396], Loss: 1.959119, Acc:0.564584, Semantic loss: 0.417048, BCE loss: 1.309518, SB loss: 0.232553
2025-05-21 15:54:24,191 Epoch: [17/20] Iter:[20/192], Time: 1.33, lr: [0.0017565851643374117], Loss: 1.928615, Acc:0.564519, Semantic loss: 0.428416, BCE loss: 1.272257, SB loss: 0.227942
2025-05-21 15:54:30,379 Epoch: [17/20] Iter:[30/192], Time: 1.10, lr: [0.0017281254915000803], Loss: 1.923201, Acc:0.563463, Semantic loss: 0.438155, BCE loss: 1.256854, SB loss: 0.228191
2025-05-21 15:54:36,945 Epoch: [17/20] Iter:[40/192], Time: 0.99, lr: [0.0016996136438923032], Loss: 1.966849, Acc:0.562083, Semantic loss: 0.449868, BCE loss: 1.286615, SB loss: 0.230366
2025-05-21 15:54:42,506 Epoch: [17/20] Iter:[50/192], Time: 0.91, lr: [0.0016710485496403851], Loss: 1.943592, Acc:0.553755, Semantic loss: 0.442189, BCE loss: 1.270769, SB loss: 0.230634
2025-05-21 15:54:48,035 Epoch: [17/20] Iter:[60/192], Time: 0.85, lr: [0.0016424290940290059], Loss: 1.976843, Acc:0.551920, Semantic loss: 0.439726, BCE loss: 1.309854, SB loss: 0.227262
2025-05-21 15:54:53,562 Epoch: [17/20] Iter:[70/192], Time: 0.81, lr: [0.0016137541169242962], Loss: 1.978055, Acc:0.551613, Semantic loss: 0.431989, BCE loss: 1.321007, SB loss: 0.225059
2025-05-21 15:54:59,122 Epoch: [17/20] Iter:[80/192], Time: 0.78, lr: [0.0015850224099878446], Loss: 1.987059, Acc:0.552686, Semantic loss: 0.427227, BCE loss: 1.336809, SB loss: 0.223024
2025-05-21 15:55:04,755 Epoch: [17/20] Iter:[90/192], Time: 0.75, lr: [0.001556232713660091], Loss: 2.007751, Acc:0.553552, Semantic loss: 0.425320, BCE loss: 1.359391, SB loss: 0.223040
2025-05-21 15:55:10,262 Epoch: [17/20] Iter:[100/192], Time: 0.73, lr: [0.0015273837138888994], Loss: 2.007955, Acc:0.555743, Semantic loss: 0.427123, BCE loss: 1.355802, SB loss: 0.225030
2025-05-21 15:55:15,852 Epoch: [17/20] Iter:[110/192], Time: 0.72, lr: [0.0014984740385759552], Loss: 1.992650, Acc:0.556816, Semantic loss: 0.419463, BCE loss: 1.349244, SB loss: 0.223943
2025-05-21 15:55:22,242 Epoch: [17/20] Iter:[120/192], Time: 0.71, lr: [0.0014695022537100475], Loss: 2.001334, Acc:0.559881, Semantic loss: 0.421105, BCE loss: 1.355894, SB loss: 0.224335
2025-05-21 15:55:28,579 Epoch: [17/20] Iter:[130/192], Time: 0.70, lr: [0.0014404668591521846], Loss: 2.002297, Acc:0.560972, Semantic loss: 0.424641, BCE loss: 1.352988, SB loss: 0.224669
2025-05-21 15:55:34,995 Epoch: [17/20] Iter:[140/192], Time: 0.70, lr: [0.0014113662840326588], Loss: 2.013558, Acc:0.560992, Semantic loss: 0.423497, BCE loss: 1.366179, SB loss: 0.223882
2025-05-21 15:55:41,412 Epoch: [17/20] Iter:[150/192], Time: 0.70, lr: [0.0013821988817145786], Loss: 2.019696, Acc:0.560711, Semantic loss: 0.422601, BCE loss: 1.371630, SB loss: 0.225465
2025-05-21 15:55:47,831 Epoch: [17/20] Iter:[160/192], Time: 0.69, lr: [0.0013529629242719093], Loss: 2.027344, Acc:0.561307, Semantic loss: 0.425907, BCE loss: 1.376137, SB loss: 0.225299
2025-05-21 15:55:54,254 Epoch: [17/20] Iter:[170/192], Time: 0.69, lr: [0.0013236565964223801], Loss: 2.030308, Acc:0.561721, Semantic loss: 0.424644, BCE loss: 1.380107, SB loss: 0.225556
2025-05-21 15:56:00,594 Epoch: [17/20] Iter:[180/192], Time: 0.69, lr: [0.0012942779888466518], Loss: 2.033574, Acc:0.561307, Semantic loss: 0.425527, BCE loss: 1.381862, SB loss: 0.226185
2025-05-21 15:56:06,638 Epoch: [17/20] Iter:[190/192], Time: 0.68, lr: [0.0012648250908145803], Loss: 2.032475, Acc:0.560184, Semantic loss: 0.426302, BCE loss: 1.378464, SB loss: 0.227709
2025-05-21 15:58:51,477 => saving checkpoint to output\loveda\pidnet_small_loveda\aug_cjcheckpoint.pth.tar
2025-05-21 15:58:51,569 Loss: 6.081, MeanIU:  0.3062, Best_mIoU:  0.3227
2025-05-21 15:58:51,569 [0.25007098 0.40771955 0.37614451 0.46398935 0.02666714 0.15654878
 0.46193329]
2025-05-21 15:59:06,679 Epoch: [18/20] Iter:[0/192], Time: 14.84, lr: [0.001258925411794167], Loss: 2.216785, Acc:0.557339, Semantic loss: 0.479773, BCE loss: 1.483660, SB loss: 0.253353
2025-05-21 15:59:12,342 Epoch: [18/20] Iter:[10/192], Time: 1.86, lr: [0.0012293805561511607], Loss: 2.040746, Acc:0.551076, Semantic loss: 0.414194, BCE loss: 1.404460, SB loss: 0.222092
2025-05-21 15:59:18,092 Epoch: [18/20] Iter:[20/192], Time: 1.25, lr: [0.0011997565879500753], Loss: 1.996642, Acc:0.552793, Semantic loss: 0.416120, BCE loss: 1.363198, SB loss: 0.217325
2025-05-21 15:59:23,881 Epoch: [18/20] Iter:[30/192], Time: 1.03, lr: [0.0011700511125444005], Loss: 2.035423, Acc:0.572177, Semantic loss: 0.428973, BCE loss: 1.382274, SB loss: 0.224176
2025-05-21 15:59:29,590 Epoch: [18/20] Iter:[40/192], Time: 0.92, lr: [0.0011402615929770753], Loss: 2.052482, Acc:0.565396, Semantic loss: 0.426589, BCE loss: 1.402128, SB loss: 0.223765
2025-05-21 15:59:35,346 Epoch: [18/20] Iter:[50/192], Time: 0.85, lr: [0.0011103853371305413], Loss: 2.031795, Acc:0.562620, Semantic loss: 0.432365, BCE loss: 1.370067, SB loss: 0.229363
2025-05-21 15:59:41,100 Epoch: [18/20] Iter:[60/192], Time: 0.81, lr: [0.001080419483295973], Loss: 2.057784, Acc:0.562922, Semantic loss: 0.442254, BCE loss: 1.383132, SB loss: 0.232397
2025-05-21 15:59:47,470 Epoch: [18/20] Iter:[70/192], Time: 0.78, lr: [0.0010503609839122385], Loss: 2.047253, Acc:0.562372, Semantic loss: 0.436066, BCE loss: 1.379960, SB loss: 0.231227
2025-05-21 15:59:53,876 Epoch: [18/20] Iter:[80/192], Time: 0.77, lr: [0.0010202065871765603], Loss: 2.052124, Acc:0.564848, Semantic loss: 0.433831, BCE loss: 1.385721, SB loss: 0.232572
2025-05-21 16:00:00,235 Epoch: [18/20] Iter:[90/192], Time: 0.75, lr: [0.000989952816168914], Loss: 2.044581, Acc:0.563421, Semantic loss: 0.429753, BCE loss: 1.383603, SB loss: 0.231226
2025-05-21 16:00:06,674 Epoch: [18/20] Iter:[100/192], Time: 0.74, lr: [0.0009595959450576828], Loss: 2.049368, Acc:0.562383, Semantic loss: 0.429945, BCE loss: 1.390503, SB loss: 0.228920
2025-05-21 16:00:13,034 Epoch: [18/20] Iter:[110/192], Time: 0.73, lr: [0.000929131971860904], Loss: 2.059900, Acc:0.561876, Semantic loss: 0.428265, BCE loss: 1.401458, SB loss: 0.230178
2025-05-21 16:00:19,384 Epoch: [18/20] Iter:[120/192], Time: 0.72, lr: [0.0008985565871200918], Loss: 2.037852, Acc:0.561703, Semantic loss: 0.424757, BCE loss: 1.383765, SB loss: 0.229330
2025-05-21 16:00:25,779 Epoch: [18/20] Iter:[130/192], Time: 0.72, lr: [0.0008678651376944955], Loss: 2.041160, Acc:0.562142, Semantic loss: 0.428333, BCE loss: 1.383229, SB loss: 0.229598
2025-05-21 16:00:32,209 Epoch: [18/20] Iter:[140/192], Time: 0.71, lr: [0.000837052584692747], Loss: 2.038777, Acc:0.562226, Semantic loss: 0.430546, BCE loss: 1.377027, SB loss: 0.231204
2025-05-21 16:00:38,046 Epoch: [18/20] Iter:[150/192], Time: 0.70, lr: [0.000806113454312208], Loss: 2.033379, Acc:0.562024, Semantic loss: 0.430747, BCE loss: 1.372146, SB loss: 0.230486
2025-05-21 16:00:43,992 Epoch: [18/20] Iter:[160/192], Time: 0.70, lr: [0.0007750417800344363], Loss: 2.023746, Acc:0.562477, Semantic loss: 0.429007, BCE loss: 1.365980, SB loss: 0.228759
2025-05-21 16:00:50,400 Epoch: [18/20] Iter:[170/192], Time: 0.69, lr: [0.0007438310342008949], Loss: 2.026821, Acc:0.561773, Semantic loss: 0.428902, BCE loss: 1.369301, SB loss: 0.228618
2025-05-21 16:00:56,414 Epoch: [18/20] Iter:[180/192], Time: 0.69, lr: [0.0007124740464272778], Loss: 2.023452, Acc:0.560899, Semantic loss: 0.424582, BCE loss: 1.371749, SB loss: 0.227120
2025-05-21 16:01:02,218 Epoch: [18/20] Iter:[190/192], Time: 0.68, lr: [0.0006809629055511224], Loss: 2.024186, Acc:0.561872, Semantic loss: 0.423879, BCE loss: 1.372487, SB loss: 0.227819
2025-05-21 16:04:07,462 => saving checkpoint to output\loveda\pidnet_small_loveda\aug_cjcheckpoint.pth.tar
2025-05-21 16:04:07,585 Loss: 5.492, MeanIU:  0.3146, Best_mIoU:  0.3227
2025-05-21 16:04:07,586 [0.28600747 0.41380756 0.37636022 0.47843    0.03440016 0.14395636
 0.46914784]
2025-05-21 16:04:22,713 Epoch: [19/20] Iter:[0/192], Time: 14.88, lr: [0.0006746414238367822], Loss: 2.602496, Acc:0.488973, Semantic loss: 0.522219, BCE loss: 1.804370, SB loss: 0.275907
2025-05-21 16:04:28,802 Epoch: [19/20] Iter:[10/192], Time: 1.91, lr: [0.0006429336362339898], Loss: 2.039560, Acc:0.574202, Semantic loss: 0.387818, BCE loss: 1.453450, SB loss: 0.198292
2025-05-21 16:04:35,261 Epoch: [19/20] Iter:[20/192], Time: 1.31, lr: [0.0006110510578510947], Loss: 2.112267, Acc:0.565083, Semantic loss: 0.399908, BCE loss: 1.508726, SB loss: 0.203633
2025-05-21 16:04:40,984 Epoch: [19/20] Iter:[30/192], Time: 1.07, lr: [0.0005789824653018995], Loss: 2.030271, Acc:0.569806, Semantic loss: 0.417488, BCE loss: 1.401909, SB loss: 0.210875
2025-05-21 16:04:46,809 Epoch: [19/20] Iter:[40/192], Time: 0.95, lr: [0.0005467151732202777], Loss: 2.020050, Acc:0.566076, Semantic loss: 0.413192, BCE loss: 1.392165, SB loss: 0.214693
2025-05-21 16:04:52,546 Epoch: [19/20] Iter:[50/192], Time: 0.88, lr: [0.0005142347343351296], Loss: 2.036486, Acc:0.568949, Semantic loss: 0.420544, BCE loss: 1.399815, SB loss: 0.216128
2025-05-21 16:04:58,381 Epoch: [19/20] Iter:[60/192], Time: 0.83, lr: [0.0004815245523312483], Loss: 2.048723, Acc:0.569240, Semantic loss: 0.430932, BCE loss: 1.396527, SB loss: 0.221264
2025-05-21 16:05:04,489 Epoch: [19/20] Iter:[70/192], Time: 0.80, lr: [0.000448565373510549], Loss: 2.042587, Acc:0.563072, Semantic loss: 0.423273, BCE loss: 1.399501, SB loss: 0.219814
2025-05-21 16:05:09,951 Epoch: [19/20] Iter:[80/192], Time: 0.77, lr: [0.00041533460609889997], Loss: 2.035612, Acc:0.563299, Semantic loss: 0.422168, BCE loss: 1.396303, SB loss: 0.217141
2025-05-21 16:05:15,511 Epoch: [19/20] Iter:[90/192], Time: 0.74, lr: [0.00038180538785330436], Loss: 2.026758, Acc:0.561729, Semantic loss: 0.421522, BCE loss: 1.387221, SB loss: 0.218016
2025-05-21 16:05:21,666 Epoch: [19/20] Iter:[100/192], Time: 0.73, lr: [0.00034794527452517863], Loss: 2.038177, Acc:0.563164, Semantic loss: 0.426172, BCE loss: 1.392517, SB loss: 0.219487
2025-05-21 16:05:28,181 Epoch: [19/20] Iter:[110/192], Time: 0.72, lr: [0.00031371433588231993], Loss: 2.034517, Acc:0.561663, Semantic loss: 0.421586, BCE loss: 1.394799, SB loss: 0.218132
2025-05-21 16:05:34,178 Epoch: [19/20] Iter:[120/192], Time: 0.71, lr: [0.0002790622842837163], Loss: 2.045944, Acc:0.564052, Semantic loss: 0.428730, BCE loss: 1.394425, SB loss: 0.222788
2025-05-21 16:05:40,497 Epoch: [19/20] Iter:[130/192], Time: 0.71, lr: [0.0002439239356353784], Loss: 2.044894, Acc:0.564011, Semantic loss: 0.433729, BCE loss: 1.387699, SB loss: 0.223466
2025-05-21 16:05:46,949 Epoch: [19/20] Iter:[140/192], Time: 0.70, lr: [0.00020821159321002047], Loss: 2.041542, Acc:0.563122, Semantic loss: 0.431048, BCE loss: 1.387631, SB loss: 0.222862
2025-05-21 16:05:53,455 Epoch: [19/20] Iter:[150/192], Time: 0.70, lr: [0.00017180122628828942], Loss: 2.031733, Acc:0.565511, Semantic loss: 0.429956, BCE loss: 1.379221, SB loss: 0.222556
2025-05-21 16:05:59,976 Epoch: [19/20] Iter:[160/192], Time: 0.70, lr: [0.00013450451987183818], Loss: 2.029959, Acc:0.568130, Semantic loss: 0.430473, BCE loss: 1.376480, SB loss: 0.223006
2025-05-21 16:06:06,353 Epoch: [19/20] Iter:[170/192], Time: 0.69, lr: [9.600244875192536e-05], Loss: 2.019772, Acc:0.568120, Semantic loss: 0.428325, BCE loss: 1.368320, SB loss: 0.223126
2025-05-21 16:06:12,406 Epoch: [19/20] Iter:[180/192], Time: 0.69, lr: [5.563716848048335e-05], Loss: 2.025471, Acc:0.566785, Semantic loss: 0.426928, BCE loss: 1.375860, SB loss: 0.222683
2025-05-21 16:06:18,241 Epoch: [19/20] Iter:[190/192], Time: 0.68, lr: [1.1092486125349496e-05], Loss: 2.024203, Acc:0.565701, Semantic loss: 0.426621, BCE loss: 1.374294, SB loss: 0.223288
2025-05-21 16:08:57,292 => saving checkpoint to output\loveda\pidnet_small_loveda\aug_cjcheckpoint.pth.tar
2025-05-21 16:08:57,380 Loss: 5.208, MeanIU:  0.3177, Best_mIoU:  0.3227
2025-05-21 16:08:57,380 [0.27749477 0.42280682 0.37869549 0.48702075 0.03192661 0.15295767
 0.47297857]
2025-05-21 16:08:57,429 Hours: 1
2025-05-21 16:08:57,429 Done
