2025-03-28 15:46:18,403 Namespace(cfg='configs/loveda/pidnet_small_loveda.yaml', seed=304, opts=[])
2025-03-28 15:46:18,403 AUTO_RESUME: False
CUDNN:
  BENCHMARK: True
  DETERMINISTIC: False
  ENABLED: True
DATASET:
  DATASET: loveda
  EXTRA_TRAIN_SET: 
  NUM_CLASSES: 7
  ROOT: data/
  TARGET_SET: 
  TEST_SET: list/loveda/urban_rural/val.lst
  TRAIN_SET: list/loveda/urban_rural/train.lst
GPUS: (0,)
LOG_DIR: log
LOSS:
  BALANCE_WEIGHTS: [0.4, 1.0]
  CLASS_BALANCE: False
  OHEMKEEP: 131072
  OHEMTHRES: 0.9
  SB_WEIGHTS: 1.0
  USE_OHEM: True
MODEL:
  ALIGN_CORNERS: True
  NAME: pidnet_small
  NUM_OUTPUTS: 2
  PRETRAINED: pretrained_models/imagenet/PIDNet_S_ImageNet.pth.tar
OUTPUT_DIR: output
PIN_MEMORY: True
PRINT_FREQ: 10
TEST:
  BASE_SIZE: 2048
  BATCH_SIZE_PER_GPU: 6
  FLIP_TEST: False
  IMAGE_SIZE: [2048, 1024]
  MODEL_FILE: output/loveda/pidnet_small_loveda/final_state.pt
  MULTI_SCALE: False
  OUTPUT_INDEX: 1
TRAIN:
  AUGMENTATION:
    ENABLE: True
    PROBABILITY: 0.5
    TECHNIQUES:
      GAUSSIAN_BLUR: True
      HORIZONTAL_FLIP: True
      MULTIPLY: False
      RANDOM_BRIGHTNESS: True
  BASE_SIZE: 2048
  BATCH_SIZE_PER_GPU: 6
  BEGIN_EPOCH: 0
  DACS:
    ENABLE: False
    THRESHOLD: 0.968
  END_EPOCH: 20
  EXTRA_EPOCH: 0
  EXTRA_LR: 0.001
  FLIP: False
  IGNORE_LABEL: 0
  IMAGE_SIZE: [1024, 1024]
  LR: 0.01
  MOMENTUM: 0.9
  MULTI_SCALE: False
  NESTEROV: False
  OPTIMIZER: sgd
  RESUME: True
  SCALE_FACTOR: 16
  SHUFFLE: True
  WD: 0.0005
WORKERS: 4
2025-03-28 15:46:18,488 Attention!!!
2025-03-28 15:46:18,488 Loaded 302 parameters!
2025-03-28 15:46:18,488 Over!!!
2025-03-28 15:46:33,550 Epoch: [0/20] Iter:[0/192], Time: 14.96, lr: [0.01], Loss: 16.348469, Acc:0.138533, Semantic loss: 6.960035, BCE loss: 3.838333, SB loss: 5.550101
2025-03-28 15:46:37,896 Epoch: [0/20] Iter:[10/192], Time: 1.74, lr: [0.009976559445324192], Loss: 11.528246, Acc:0.283770, Semantic loss: 5.137664, BCE loss: 2.733336, SB loss: 3.657247
2025-03-28 15:46:42,178 Epoch: [0/20] Iter:[20/192], Time: 1.11, lr: [0.009953112769592761], Loss: 9.743432, Acc:0.342588, Semantic loss: 4.458042, BCE loss: 2.419458, SB loss: 2.865931
2025-03-28 15:46:46,445 Epoch: [0/20] Iter:[30/192], Time: 0.89, lr: [0.009929659955177281], Loss: 8.465117, Acc:0.379593, Semantic loss: 3.759431, BCE loss: 2.241320, SB loss: 2.464366
2025-03-28 15:46:50,673 Epoch: [0/20] Iter:[40/192], Time: 0.78, lr: [0.009906200984352154], Loss: 7.756573, Acc:0.382564, Semantic loss: 3.408958, BCE loss: 2.108117, SB loss: 2.239498
2025-03-28 15:46:54,871 Epoch: [0/20] Iter:[50/192], Time: 0.71, lr: [0.009882735839293803], Loss: 7.202754, Acc:0.407940, Semantic loss: 3.155264, BCE loss: 2.010078, SB loss: 2.037412
2025-03-28 15:46:59,105 Epoch: [0/20] Iter:[60/192], Time: 0.66, lr: [0.00985926450207989], Loss: 7.002608, Acc:0.412562, Semantic loss: 3.027258, BCE loss: 1.952646, SB loss: 2.022704
2025-03-28 15:47:03,317 Epoch: [0/20] Iter:[70/192], Time: 0.63, lr: [0.009835786954688485], Loss: 6.812935, Acc:0.413045, Semantic loss: 2.946722, BCE loss: 1.908583, SB loss: 1.957630
2025-03-28 15:47:07,537 Epoch: [0/20] Iter:[80/192], Time: 0.60, lr: [0.00981230317899726], Loss: 6.696754, Acc:0.417272, Semantic loss: 2.872215, BCE loss: 1.870437, SB loss: 1.954103
2025-03-28 15:47:11,768 Epoch: [0/20] Iter:[90/192], Time: 0.58, lr: [0.009788813156782662], Loss: 6.551513, Acc:0.418701, Semantic loss: 2.814743, BCE loss: 1.852673, SB loss: 1.884097
2025-03-28 15:47:16,031 Epoch: [0/20] Iter:[100/192], Time: 0.57, lr: [0.009765316869719067], Loss: 6.400552, Acc:0.418008, Semantic loss: 2.756894, BCE loss: 1.828375, SB loss: 1.815283
2025-03-28 15:47:20,464 Epoch: [0/20] Iter:[110/192], Time: 0.56, lr: [0.009741814299377942], Loss: 6.301985, Acc:0.416475, Semantic loss: 2.711764, BCE loss: 1.802220, SB loss: 1.788001
2025-03-28 15:47:24,844 Epoch: [0/20] Iter:[120/192], Time: 0.55, lr: [0.009718305427226986], Loss: 6.292413, Acc:0.420024, Semantic loss: 2.662507, BCE loss: 1.792233, SB loss: 1.837674
2025-03-28 15:47:29,228 Epoch: [0/20] Iter:[130/192], Time: 0.54, lr: [0.009694790234629266], Loss: 6.172376, Acc:0.425361, Semantic loss: 2.617299, BCE loss: 1.778131, SB loss: 1.776946
2025-03-28 15:47:33,586 Epoch: [0/20] Iter:[140/192], Time: 0.53, lr: [0.009671268702842338], Loss: 6.072605, Acc:0.426655, Semantic loss: 2.594397, BCE loss: 1.758721, SB loss: 1.719487
2025-03-28 15:47:38,109 Epoch: [0/20] Iter:[150/192], Time: 0.53, lr: [0.009647740813017376], Loss: 6.003056, Acc:0.426548, Semantic loss: 2.565695, BCE loss: 1.745760, SB loss: 1.691600
2025-03-28 15:47:42,459 Epoch: [0/20] Iter:[160/192], Time: 0.52, lr: [0.009624206546198262], Loss: 5.938535, Acc:0.432356, Semantic loss: 2.520320, BCE loss: 1.745743, SB loss: 1.672473
2025-03-28 15:47:46,912 Epoch: [0/20] Iter:[170/192], Time: 0.52, lr: [0.009600665883320689], Loss: 5.863910, Acc:0.435552, Semantic loss: 2.486049, BCE loss: 1.742606, SB loss: 1.635254
2025-03-28 15:47:51,235 Epoch: [0/20] Iter:[180/192], Time: 0.51, lr: [0.009577118805211254], Loss: 5.782713, Acc:0.439215, Semantic loss: 2.454669, BCE loss: 1.735874, SB loss: 1.592171
2025-03-28 15:47:55,667 Epoch: [0/20] Iter:[190/192], Time: 0.51, lr: [0.009553565292586523], Loss: 5.719555, Acc:0.442085, Semantic loss: 2.423186, BCE loss: 1.729455, SB loss: 1.566913
2025-03-28 15:49:57,857 0 [0.00000000e+00 5.63729799e-01 1.25310536e-01 5.93944812e-03
 8.40522165e-09 1.34364554e-07 0.00000000e+00] 0.09928284648971245
2025-03-28 15:49:57,857 1 [0.00000000e+00 6.06466678e-01 9.46596795e-02 1.24228083e-05
 0.00000000e+00 3.58221331e-05 0.00000000e+00] 0.10016780039330672
2025-03-28 15:49:57,863 => saving checkpoint to output\loveda\pidnet_small_loveda\aug_hf_gb_rbcheckpoint.pth.tar
2025-03-28 15:49:58,071 Loss: 4.347, MeanIU:  0.1002, Best_mIoU:  0.1002
2025-03-28 15:49:58,072 [0.00000000e+00 6.06466678e-01 9.46596795e-02 1.24228083e-05
 0.00000000e+00 3.58221331e-05 0.00000000e+00]
2025-03-28 15:50:09,300 Epoch: [1/20] Iter:[0/192], Time: 11.05, lr: [0.009548853816214998], Loss: 4.725235, Acc:0.367115, Semantic loss: 2.099560, BCE loss: 1.505353, SB loss: 1.120321
2025-03-28 15:50:13,500 Epoch: [1/20] Iter:[10/192], Time: 1.39, lr: [0.009525292556561479], Loss: 4.631940, Acc:0.460847, Semantic loss: 1.939849, BCE loss: 1.557732, SB loss: 1.134360
2025-03-28 15:50:17,953 Epoch: [1/20] Iter:[20/192], Time: 0.94, lr: [0.00950172481957719], Loss: 4.550016, Acc:0.470268, Semantic loss: 1.932570, BCE loss: 1.575158, SB loss: 1.042288
2025-03-28 15:50:22,327 Epoch: [1/20] Iter:[30/192], Time: 0.78, lr: [0.009478150585620286], Loss: 4.547094, Acc:0.471472, Semantic loss: 1.914966, BCE loss: 1.548751, SB loss: 1.083377
2025-03-28 15:50:26,755 Epoch: [1/20] Iter:[40/192], Time: 0.70, lr: [0.009454569834934885], Loss: 4.548164, Acc:0.467831, Semantic loss: 1.912453, BCE loss: 1.566023, SB loss: 1.069688
2025-03-28 15:50:31,109 Epoch: [1/20] Iter:[50/192], Time: 0.64, lr: [0.009430982547650114], Loss: 4.539433, Acc:0.471376, Semantic loss: 1.899212, BCE loss: 1.592316, SB loss: 1.047905
2025-03-28 15:50:35,463 Epoch: [1/20] Iter:[60/192], Time: 0.61, lr: [0.009407388703779091], Loss: 4.528464, Acc:0.473769, Semantic loss: 1.887674, BCE loss: 1.606757, SB loss: 1.034032
2025-03-28 15:50:39,809 Epoch: [1/20] Iter:[70/192], Time: 0.59, lr: [0.009383788283217955], Loss: 4.476758, Acc:0.478457, Semantic loss: 1.859090, BCE loss: 1.611544, SB loss: 1.006124
2025-03-28 15:50:44,267 Epoch: [1/20] Iter:[80/192], Time: 0.57, lr: [0.00936018126574482], Loss: 4.481151, Acc:0.471168, Semantic loss: 1.870089, BCE loss: 1.601355, SB loss: 1.009707
2025-03-28 15:50:48,657 Epoch: [1/20] Iter:[90/192], Time: 0.55, lr: [0.009336567631018769], Loss: 4.464741, Acc:0.473765, Semantic loss: 1.856846, BCE loss: 1.615383, SB loss: 0.992512
2025-03-28 15:50:53,165 Epoch: [1/20] Iter:[100/192], Time: 0.54, lr: [0.009312947358578814], Loss: 4.473733, Acc:0.474031, Semantic loss: 1.850138, BCE loss: 1.626206, SB loss: 0.997389
2025-03-28 15:50:57,560 Epoch: [1/20] Iter:[110/192], Time: 0.53, lr: [0.009289320427842841], Loss: 4.440156, Acc:0.473740, Semantic loss: 1.840721, BCE loss: 1.607407, SB loss: 0.992028
2025-03-28 15:51:02,016 Epoch: [1/20] Iter:[120/192], Time: 0.53, lr: [0.009265686818106552], Loss: 4.417470, Acc:0.476225, Semantic loss: 1.833098, BCE loss: 1.598188, SB loss: 0.986184
2025-03-28 15:51:06,352 Epoch: [1/20] Iter:[130/192], Time: 0.52, lr: [0.009242046508542393], Loss: 4.411317, Acc:0.478405, Semantic loss: 1.827876, BCE loss: 1.599908, SB loss: 0.983533
2025-03-28 15:51:10,745 Epoch: [1/20] Iter:[140/192], Time: 0.51, lr: [0.009218399478198466], Loss: 4.398372, Acc:0.476998, Semantic loss: 1.821228, BCE loss: 1.593010, SB loss: 0.984134
2025-03-28 15:51:15,148 Epoch: [1/20] Iter:[150/192], Time: 0.51, lr: [0.009194745705997428], Loss: 4.400629, Acc:0.474990, Semantic loss: 1.823530, BCE loss: 1.586559, SB loss: 0.990540
2025-03-28 15:51:19,696 Epoch: [1/20] Iter:[160/192], Time: 0.51, lr: [0.00917108517073538], Loss: 4.392990, Acc:0.475082, Semantic loss: 1.818349, BCE loss: 1.586724, SB loss: 0.987917
2025-03-28 15:51:24,051 Epoch: [1/20] Iter:[170/192], Time: 0.50, lr: [0.00914741785108075], Loss: 4.388809, Acc:0.476261, Semantic loss: 1.812572, BCE loss: 1.584900, SB loss: 0.991337
2025-03-28 15:51:28,567 Epoch: [1/20] Iter:[180/192], Time: 0.50, lr: [0.00912374372557314], Loss: 4.378985, Acc:0.476243, Semantic loss: 1.808780, BCE loss: 1.582463, SB loss: 0.987742
2025-03-28 15:51:32,866 Epoch: [1/20] Iter:[190/192], Time: 0.50, lr: [0.009100062772622186], Loss: 4.377326, Acc:0.475900, Semantic loss: 1.806889, BCE loss: 1.582043, SB loss: 0.988394
2025-03-28 15:53:34,201 0 [0.00000000e+00 5.65820474e-01 1.45023685e-01 1.25024867e-02
 4.53882694e-07 1.04115686e-01 3.03864230e-02] 0.12254988692441995
2025-03-28 15:53:34,201 1 [0.00000000e+00 5.81350438e-01 1.57396943e-01 1.09022022e-02
 2.20553259e-05 1.26279923e-01 0.00000000e+00] 0.1251359372786655
2025-03-28 15:53:34,209 => saving checkpoint to output\loveda\pidnet_small_loveda\aug_hf_gb_rbcheckpoint.pth.tar
2025-03-28 15:53:34,427 Loss: 4.095, MeanIU:  0.1251, Best_mIoU:  0.1251
2025-03-28 15:53:34,427 [0.00000000e+00 5.81350438e-01 1.57396943e-01 1.09022022e-02
 2.20553259e-05 1.26279923e-01 0.00000000e+00]
2025-03-28 15:53:45,605 Epoch: [2/20] Iter:[0/192], Time: 10.99, lr: [0.009095325760829623], Loss: 3.940126, Acc:0.408996, Semantic loss: 1.916089, BCE loss: 1.129451, SB loss: 0.894586
2025-03-28 15:53:49,785 Epoch: [2/20] Iter:[10/192], Time: 1.38, lr: [0.009071636586262652], Loss: 4.287466, Acc:0.462135, Semantic loss: 1.811726, BCE loss: 1.608266, SB loss: 0.867474
2025-03-28 15:53:54,324 Epoch: [2/20] Iter:[20/192], Time: 0.94, lr: [0.009047940536290279], Loss: 4.280737, Acc:0.455073, Semantic loss: 1.794401, BCE loss: 1.588753, SB loss: 0.897584
2025-03-28 15:53:58,665 Epoch: [2/20] Iter:[30/192], Time: 0.78, lr: [0.009024237588898336], Loss: 4.248650, Acc:0.464195, Semantic loss: 1.773252, BCE loss: 1.532727, SB loss: 0.942670
2025-03-28 15:54:02,945 Epoch: [2/20] Iter:[40/192], Time: 0.69, lr: [0.009000527721937697], Loss: 4.266875, Acc:0.457270, Semantic loss: 1.785576, BCE loss: 1.524199, SB loss: 0.957100
2025-03-28 15:54:07,245 Epoch: [2/20] Iter:[50/192], Time: 0.64, lr: [0.008976810913123051], Loss: 4.283078, Acc:0.455939, Semantic loss: 1.775949, BCE loss: 1.537835, SB loss: 0.969294
2025-03-28 15:54:11,716 Epoch: [2/20] Iter:[60/192], Time: 0.61, lr: [0.008953087140031669], Loss: 4.304822, Acc:0.451729, Semantic loss: 1.796976, BCE loss: 1.523931, SB loss: 0.983915
2025-03-28 15:54:16,230 Epoch: [2/20] Iter:[70/192], Time: 0.59, lr: [0.008929356380102142], Loss: 4.278900, Acc:0.458919, Semantic loss: 1.780985, BCE loss: 1.528498, SB loss: 0.969418
2025-03-28 15:54:20,636 Epoch: [2/20] Iter:[80/192], Time: 0.57, lr: [0.008905618610633112], Loss: 4.283116, Acc:0.467116, Semantic loss: 1.766549, BCE loss: 1.548019, SB loss: 0.968548
2025-03-28 15:54:25,035 Epoch: [2/20] Iter:[90/192], Time: 0.55, lr: [0.008881873808781991], Loss: 4.273044, Acc:0.473408, Semantic loss: 1.758098, BCE loss: 1.552714, SB loss: 0.962232
2025-03-28 15:54:29,536 Epoch: [2/20] Iter:[100/192], Time: 0.54, lr: [0.008858121951563658], Loss: 4.277384, Acc:0.471819, Semantic loss: 1.766915, BCE loss: 1.542054, SB loss: 0.968415
2025-03-28 15:54:33,931 Epoch: [2/20] Iter:[110/192], Time: 0.53, lr: [0.008834363015849136], Loss: 4.255695, Acc:0.476003, Semantic loss: 1.754665, BCE loss: 1.540584, SB loss: 0.960447
2025-03-28 15:54:38,458 Epoch: [2/20] Iter:[120/192], Time: 0.53, lr: [0.008810596978364274], Loss: 4.273152, Acc:0.477182, Semantic loss: 1.757135, BCE loss: 1.551582, SB loss: 0.964435
2025-03-28 15:54:42,776 Epoch: [2/20] Iter:[130/192], Time: 0.52, lr: [0.008786823815688379], Loss: 4.271541, Acc:0.478279, Semantic loss: 1.755867, BCE loss: 1.550323, SB loss: 0.965351
2025-03-28 15:54:47,144 Epoch: [2/20] Iter:[140/192], Time: 0.51, lr: [0.008763043504252865], Loss: 4.267860, Acc:0.480825, Semantic loss: 1.749741, BCE loss: 1.558257, SB loss: 0.959862
2025-03-28 15:54:51,534 Epoch: [2/20] Iter:[150/192], Time: 0.51, lr: [0.008739256020339866], Loss: 4.267864, Acc:0.480169, Semantic loss: 1.749551, BCE loss: 1.552775, SB loss: 0.965538
2025-03-28 15:54:56,055 Epoch: [2/20] Iter:[160/192], Time: 0.51, lr: [0.00871546134008083], Loss: 4.261374, Acc:0.479705, Semantic loss: 1.746741, BCE loss: 1.554468, SB loss: 0.960165
2025-03-28 15:55:00,424 Epoch: [2/20] Iter:[170/192], Time: 0.50, lr: [0.008691659439455107], Loss: 4.266071, Acc:0.480040, Semantic loss: 1.745209, BCE loss: 1.560883, SB loss: 0.959980
2025-03-28 15:55:04,926 Epoch: [2/20] Iter:[180/192], Time: 0.50, lr: [0.008667850294288517], Loss: 4.262550, Acc:0.479674, Semantic loss: 1.742333, BCE loss: 1.564694, SB loss: 0.955523
2025-03-28 15:55:09,260 Epoch: [2/20] Iter:[190/192], Time: 0.50, lr: [0.008644033880251888], Loss: 4.263283, Acc:0.480086, Semantic loss: 1.742451, BCE loss: 1.564388, SB loss: 0.956444
2025-03-28 15:57:18,658 0 [0.         0.55292349 0.16233291 0.00784053 0.         0.
 0.00084654] 0.10342049746154795
2025-03-28 15:57:18,658 1 [0.00000000e+00 5.37560582e-01 1.94198165e-01 2.71269433e-02
 0.00000000e+00 4.02259249e-07 7.02057976e-03] 0.1094152388169943
2025-03-28 15:57:18,664 => saving checkpoint to output\loveda\pidnet_small_loveda\aug_hf_gb_rbcheckpoint.pth.tar
2025-03-28 15:57:18,806 Loss: 4.470, MeanIU:  0.1094, Best_mIoU:  0.1251
2025-03-28 15:57:18,806 [0.00000000e+00 5.37560582e-01 1.94198165e-01 2.71269433e-02
 0.00000000e+00 4.02259249e-07 7.02057976e-03]
2025-03-28 15:57:30,115 Epoch: [3/20] Iter:[0/192], Time: 11.12, lr: [0.008639269723028191], Loss: 4.454234, Acc:0.408520, Semantic loss: 2.318987, BCE loss: 1.345012, SB loss: 0.790235
2025-03-28 15:57:34,358 Epoch: [3/20] Iter:[10/192], Time: 1.40, lr: [0.008615444554012613], Loss: 4.185153, Acc:0.483201, Semantic loss: 1.769506, BCE loss: 1.553486, SB loss: 0.862161
2025-03-28 15:57:38,748 Epoch: [3/20] Iter:[20/192], Time: 0.94, lr: [0.008591612062049989], Loss: 4.168080, Acc:0.500626, Semantic loss: 1.748674, BCE loss: 1.513371, SB loss: 0.906035
2025-03-28 15:57:43,076 Epoch: [3/20] Iter:[30/192], Time: 0.78, lr: [0.008567772222305215], Loss: 4.130875, Acc:0.501566, Semantic loss: 1.699152, BCE loss: 1.549881, SB loss: 0.881841
2025-03-28 15:57:47,452 Epoch: [3/20] Iter:[40/192], Time: 0.69, lr: [0.008543925009781886], Loss: 4.131016, Acc:0.497614, Semantic loss: 1.690064, BCE loss: 1.533063, SB loss: 0.907888
2025-03-28 15:57:51,937 Epoch: [3/20] Iter:[50/192], Time: 0.65, lr: [0.00852007039932076], Loss: 4.158104, Acc:0.490284, Semantic loss: 1.704392, BCE loss: 1.521363, SB loss: 0.932349
2025-03-28 15:57:56,404 Epoch: [3/20] Iter:[60/192], Time: 0.61, lr: [0.00849620836559818], Loss: 4.175796, Acc:0.477787, Semantic loss: 1.731798, BCE loss: 1.499071, SB loss: 0.944927
2025-03-28 15:58:00,853 Epoch: [3/20] Iter:[70/192], Time: 0.59, lr: [0.008472338883124477], Loss: 4.209606, Acc:0.478557, Semantic loss: 1.738426, BCE loss: 1.525453, SB loss: 0.945728
2025-03-28 15:58:05,198 Epoch: [3/20] Iter:[80/192], Time: 0.57, lr: [0.008448461926242374], Loss: 4.221891, Acc:0.478132, Semantic loss: 1.751899, BCE loss: 1.516777, SB loss: 0.953215
2025-03-28 15:58:09,591 Epoch: [3/20] Iter:[90/192], Time: 0.56, lr: [0.008424577469125337], Loss: 4.217587, Acc:0.478893, Semantic loss: 1.741703, BCE loss: 1.531533, SB loss: 0.944352
2025-03-28 15:58:14,109 Epoch: [3/20] Iter:[100/192], Time: 0.55, lr: [0.008400685485775935], Loss: 4.217600, Acc:0.481798, Semantic loss: 1.733278, BCE loss: 1.543631, SB loss: 0.940691
2025-03-28 15:58:18,519 Epoch: [3/20] Iter:[110/192], Time: 0.54, lr: [0.008376785950024154], Loss: 4.207347, Acc:0.481651, Semantic loss: 1.719568, BCE loss: 1.546219, SB loss: 0.941561
2025-03-28 15:58:22,992 Epoch: [3/20] Iter:[120/192], Time: 0.53, lr: [0.00835287883552571], Loss: 4.220345, Acc:0.482295, Semantic loss: 1.714465, BCE loss: 1.565659, SB loss: 0.940220
2025-03-28 15:58:27,407 Epoch: [3/20] Iter:[130/192], Time: 0.52, lr: [0.008328964115760324], Loss: 4.212923, Acc:0.482108, Semantic loss: 1.712497, BCE loss: 1.559343, SB loss: 0.941082
2025-03-28 15:58:31,955 Epoch: [3/20] Iter:[140/192], Time: 0.52, lr: [0.008305041764029988], Loss: 4.209242, Acc:0.481304, Semantic loss: 1.711060, BCE loss: 1.556100, SB loss: 0.942081
2025-03-28 15:58:36,367 Epoch: [3/20] Iter:[150/192], Time: 0.51, lr: [0.008281111753457188], Loss: 4.215930, Acc:0.480525, Semantic loss: 1.715924, BCE loss: 1.549298, SB loss: 0.950708
2025-03-28 15:58:40,759 Epoch: [3/20] Iter:[160/192], Time: 0.51, lr: [0.008257174056983133], Loss: 4.217648, Acc:0.481902, Semantic loss: 1.711213, BCE loss: 1.558933, SB loss: 0.947502
2025-03-28 15:58:45,148 Epoch: [3/20] Iter:[170/192], Time: 0.50, lr: [0.00823322864736593], Loss: 4.216186, Acc:0.483123, Semantic loss: 1.705620, BCE loss: 1.565206, SB loss: 0.945360
2025-03-28 15:58:49,561 Epoch: [3/20] Iter:[180/192], Time: 0.50, lr: [0.008209275497178764], Loss: 4.202057, Acc:0.485258, Semantic loss: 1.700764, BCE loss: 1.559667, SB loss: 0.941625
2025-03-28 15:58:53,901 Epoch: [3/20] Iter:[190/192], Time: 0.50, lr: [0.008185314578808021], Loss: 4.193187, Acc:0.485403, Semantic loss: 1.700471, BCE loss: 1.555618, SB loss: 0.937097
2025-03-28 16:00:56,925 0 [0.         0.49827844 0.20727112 0.02413273 0.         0.
 0.02022875] 0.10713014750500958
2025-03-28 16:00:56,925 1 [0.         0.53014725 0.15815289 0.02105604 0.         0.06545082
 0.03056023] 0.11505246155927426
2025-03-28 16:00:56,933 => saving checkpoint to output\loveda\pidnet_small_loveda\aug_hf_gb_rbcheckpoint.pth.tar
2025-03-28 16:00:57,073 Loss: 4.191, MeanIU:  0.1151, Best_mIoU:  0.1251
2025-03-28 16:00:57,074 [0.         0.53014725 0.15815289 0.02105604 0.         0.06545082
 0.03056023]
2025-03-28 16:01:08,234 Epoch: [4/20] Iter:[0/192], Time: 10.97, lr: [0.008180521460508584], Loss: 4.208179, Acc:0.483765, Semantic loss: 1.685263, BCE loss: 1.725435, SB loss: 0.797481
2025-03-28 16:01:12,463 Epoch: [4/20] Iter:[10/192], Time: 1.38, lr: [0.008156551183601795], Loss: 4.259851, Acc:0.488004, Semantic loss: 1.715157, BCE loss: 1.561484, SB loss: 0.983210
2025-03-28 16:01:16,947 Epoch: [4/20] Iter:[20/192], Time: 0.94, lr: [0.008132573077094668], Loss: 4.210900, Acc:0.482994, Semantic loss: 1.713370, BCE loss: 1.502660, SB loss: 0.994871
2025-03-28 16:01:21,423 Epoch: [4/20] Iter:[30/192], Time: 0.78, lr: [0.008108587112763079], Loss: 4.228148, Acc:0.483524, Semantic loss: 1.712047, BCE loss: 1.510430, SB loss: 1.005672
2025-03-28 16:01:25,835 Epoch: [4/20] Iter:[40/192], Time: 0.70, lr: [0.008084593262188028], Loss: 4.231318, Acc:0.488919, Semantic loss: 1.700198, BCE loss: 1.541949, SB loss: 0.989171
2025-03-28 16:01:30,156 Epoch: [4/20] Iter:[50/192], Time: 0.65, lr: [0.008060591496753653], Loss: 4.210920, Acc:0.488422, Semantic loss: 1.695466, BCE loss: 1.528446, SB loss: 0.987008
2025-03-28 16:01:34,616 Epoch: [4/20] Iter:[60/192], Time: 0.61, lr: [0.008036581787645204], Loss: 4.229608, Acc:0.485398, Semantic loss: 1.694130, BCE loss: 1.555300, SB loss: 0.980178
2025-03-28 16:01:38,951 Epoch: [4/20] Iter:[70/192], Time: 0.59, lr: [0.008012564105846994], Loss: 4.201637, Acc:0.483999, Semantic loss: 1.690391, BCE loss: 1.528030, SB loss: 0.983216
2025-03-28 16:01:43,391 Epoch: [4/20] Iter:[80/192], Time: 0.57, lr: [0.007988538422140333], Loss: 4.187871, Acc:0.486628, Semantic loss: 1.684703, BCE loss: 1.520627, SB loss: 0.982541
2025-03-28 16:01:47,728 Epoch: [4/20] Iter:[90/192], Time: 0.55, lr: [0.007964504707101411], Loss: 4.168978, Acc:0.485789, Semantic loss: 1.686781, BCE loss: 1.514012, SB loss: 0.968184
2025-03-28 16:01:52,149 Epoch: [4/20] Iter:[100/192], Time: 0.54, lr: [0.007940462931099176], Loss: 4.153872, Acc:0.490602, Semantic loss: 1.678898, BCE loss: 1.507001, SB loss: 0.967972
2025-03-28 16:01:56,551 Epoch: [4/20] Iter:[110/192], Time: 0.53, lr: [0.007916413064293163], Loss: 4.137433, Acc:0.496153, Semantic loss: 1.665859, BCE loss: 1.511511, SB loss: 0.960062
2025-03-28 16:02:01,002 Epoch: [4/20] Iter:[120/192], Time: 0.53, lr: [0.007892355076631318], Loss: 4.130611, Acc:0.499293, Semantic loss: 1.656403, BCE loss: 1.524464, SB loss: 0.949744
2025-03-28 16:02:05,381 Epoch: [4/20] Iter:[130/192], Time: 0.52, lr: [0.007868288937847752], Loss: 4.137070, Acc:0.497521, Semantic loss: 1.658717, BCE loss: 1.529738, SB loss: 0.948616
2025-03-28 16:02:09,885 Epoch: [4/20] Iter:[140/192], Time: 0.52, lr: [0.007844214617460508], Loss: 4.137720, Acc:0.500938, Semantic loss: 1.652825, BCE loss: 1.542694, SB loss: 0.942200
2025-03-28 16:02:14,318 Epoch: [4/20] Iter:[150/192], Time: 0.51, lr: [0.007820132084769268], Loss: 4.138995, Acc:0.497026, Semantic loss: 1.659218, BCE loss: 1.540650, SB loss: 0.939126
2025-03-28 16:02:18,777 Epoch: [4/20] Iter:[160/192], Time: 0.51, lr: [0.00779604130885303], Loss: 4.137238, Acc:0.497364, Semantic loss: 1.656521, BCE loss: 1.543480, SB loss: 0.937237
2025-03-28 16:02:23,153 Epoch: [4/20] Iter:[170/192], Time: 0.50, lr: [0.007771942258567773], Loss: 4.135345, Acc:0.497152, Semantic loss: 1.653477, BCE loss: 1.547266, SB loss: 0.934601
2025-03-28 16:02:27,559 Epoch: [4/20] Iter:[180/192], Time: 0.50, lr: [0.007747834902544056], Loss: 4.131624, Acc:0.496570, Semantic loss: 1.655339, BCE loss: 1.543210, SB loss: 0.933076
2025-03-28 16:02:31,921 Epoch: [4/20] Iter:[190/192], Time: 0.50, lr: [0.0077237192091846206], Loss: 4.142578, Acc:0.493883, Semantic loss: 1.663264, BCE loss: 1.545021, SB loss: 0.934294
2025-03-28 16:04:37,826 0 [0.         0.52949077 0.1919491  0.0088406  0.00553603 0.
 0.01574404] 0.10736579227670096
2025-03-28 16:04:37,826 1 [0.00000000e+00 5.73067960e-01 2.06646887e-01 3.49407890e-02
 1.88839883e-04 6.83289668e-05 4.53335960e-02] 0.12289234293307173
2025-03-28 16:04:37,833 => saving checkpoint to output\loveda\pidnet_small_loveda\aug_hf_gb_rbcheckpoint.pth.tar
2025-03-28 16:04:37,976 Loss: 4.186, MeanIU:  0.1229, Best_mIoU:  0.1251
2025-03-28 16:04:37,976 [0.00000000e+00 5.73067960e-01 2.06646887e-01 3.49407890e-02
 1.88839883e-04 6.83289668e-05 4.53335960e-02]
2025-03-28 16:04:49,146 Epoch: [5/20] Iter:[0/192], Time: 10.98, lr: [0.007718895067235705], Loss: 3.673865, Acc:0.474358, Semantic loss: 1.466919, BCE loss: 1.302121, SB loss: 0.904826
2025-03-28 16:04:53,379 Epoch: [5/20] Iter:[10/192], Time: 1.38, lr: [0.007694769327040611], Loss: 4.116410, Acc:0.470496, Semantic loss: 1.657602, BCE loss: 1.554644, SB loss: 0.904164
2025-03-28 16:04:57,790 Epoch: [5/20] Iter:[20/192], Time: 0.93, lr: [0.00767063517918174], Loss: 4.078439, Acc:0.480033, Semantic loss: 1.685544, BCE loss: 1.470939, SB loss: 0.921956
2025-03-28 16:05:02,229 Epoch: [5/20] Iter:[30/192], Time: 0.78, lr: [0.007646492591316132], Loss: 3.979505, Acc:0.494794, Semantic loss: 1.627616, BCE loss: 1.457142, SB loss: 0.894747
2025-03-28 16:05:06,768 Epoch: [5/20] Iter:[40/192], Time: 0.70, lr: [0.007622341530862476], Loss: 4.010105, Acc:0.491410, Semantic loss: 1.641369, BCE loss: 1.464978, SB loss: 0.903758
2025-03-28 16:05:11,117 Epoch: [5/20] Iter:[50/192], Time: 0.65, lr: [0.0075981819649984985], Loss: 4.076144, Acc:0.489408, Semantic loss: 1.655467, BCE loss: 1.507663, SB loss: 0.913014
2025-03-28 16:05:15,691 Epoch: [5/20] Iter:[60/192], Time: 0.62, lr: [0.007574013860658317], Loss: 4.028437, Acc:0.495861, Semantic loss: 1.629396, BCE loss: 1.490786, SB loss: 0.908255
2025-03-28 16:05:20,129 Epoch: [5/20] Iter:[70/192], Time: 0.59, lr: [0.007549837184529776], Loss: 4.065993, Acc:0.494676, Semantic loss: 1.630452, BCE loss: 1.508105, SB loss: 0.927437
2025-03-28 16:05:24,586 Epoch: [5/20] Iter:[80/192], Time: 0.57, lr: [0.0075256519030517215], Loss: 4.079313, Acc:0.493262, Semantic loss: 1.638270, BCE loss: 1.507882, SB loss: 0.933161
2025-03-28 16:05:29,012 Epoch: [5/20] Iter:[90/192], Time: 0.56, lr: [0.007501457982411236], Loss: 4.059228, Acc:0.495877, Semantic loss: 1.632803, BCE loss: 1.496485, SB loss: 0.929940
2025-03-28 16:05:33,449 Epoch: [5/20] Iter:[100/192], Time: 0.55, lr: [0.0074772553885408604], Loss: 4.059238, Acc:0.499270, Semantic loss: 1.629086, BCE loss: 1.498356, SB loss: 0.931797
2025-03-28 16:05:37,908 Epoch: [5/20] Iter:[110/192], Time: 0.54, lr: [0.007453044087115737], Loss: 4.081346, Acc:0.497763, Semantic loss: 1.638734, BCE loss: 1.502069, SB loss: 0.940543
2025-03-28 16:05:42,315 Epoch: [5/20] Iter:[120/192], Time: 0.53, lr: [0.007428824043550734], Loss: 4.076247, Acc:0.497372, Semantic loss: 1.634275, BCE loss: 1.502628, SB loss: 0.939344
2025-03-28 16:05:46,735 Epoch: [5/20] Iter:[130/192], Time: 0.52, lr: [0.007404595222997526], Loss: 4.085269, Acc:0.495566, Semantic loss: 1.639332, BCE loss: 1.503942, SB loss: 0.941995
2025-03-28 16:05:51,237 Epoch: [5/20] Iter:[140/192], Time: 0.52, lr: [0.007380357590341623], Loss: 4.084990, Acc:0.499005, Semantic loss: 1.634501, BCE loss: 1.513797, SB loss: 0.936692
2025-03-28 16:05:55,629 Epoch: [5/20] Iter:[150/192], Time: 0.51, lr: [0.007356111110199354], Loss: 4.087653, Acc:0.498360, Semantic loss: 1.634874, BCE loss: 1.516025, SB loss: 0.936754
2025-03-28 16:06:00,077 Epoch: [5/20] Iter:[160/192], Time: 0.51, lr: [0.00733185574691482], Loss: 4.090514, Acc:0.499178, Semantic loss: 1.630172, BCE loss: 1.523769, SB loss: 0.936572
2025-03-28 16:06:04,478 Epoch: [5/20] Iter:[170/192], Time: 0.50, lr: [0.007307591464556783], Loss: 4.090652, Acc:0.500681, Semantic loss: 1.629531, BCE loss: 1.524594, SB loss: 0.936527
2025-03-28 16:06:08,968 Epoch: [5/20] Iter:[180/192], Time: 0.50, lr: [0.007283318226915514], Loss: 4.108175, Acc:0.499391, Semantic loss: 1.634280, BCE loss: 1.534599, SB loss: 0.939297
2025-03-28 16:06:13,334 Epoch: [5/20] Iter:[190/192], Time: 0.50, lr: [0.007259035997499604], Loss: 4.104115, Acc:0.500483, Semantic loss: 1.631146, BCE loss: 1.534544, SB loss: 0.938425
2025-03-28 16:08:22,633 0 [0.         0.56720353 0.22554093 0.00296021 0.02632963 0.01832867
 0.07994708] 0.13147286370462016
2025-03-28 16:08:22,634 1 [0.         0.54698357 0.25953369 0.01418027 0.02464638 0.0129651
 0.10447401] 0.13754042973435054
2025-03-28 16:08:22,642 => saving checkpoint to output\loveda\pidnet_small_loveda\aug_hf_gb_rbcheckpoint.pth.tar
2025-03-28 16:08:22,861 Loss: 3.897, MeanIU:  0.1375, Best_mIoU:  0.1375
2025-03-28 16:08:22,861 [0.         0.54698357 0.25953369 0.01418027 0.02464638 0.0129651
 0.10447401]
2025-03-28 16:08:34,259 Epoch: [6/20] Iter:[0/192], Time: 11.21, lr: [0.007254178469372199], Loss: 4.100718, Acc:0.539495, Semantic loss: 1.594937, BCE loss: 1.681665, SB loss: 0.824116
2025-03-28 16:08:38,474 Epoch: [6/20] Iter:[10/192], Time: 1.40, lr: [0.007229885401256642], Loss: 3.927293, Acc:0.530467, Semantic loss: 1.565802, BCE loss: 1.429465, SB loss: 0.932027
2025-03-28 16:08:43,115 Epoch: [6/20] Iter:[20/192], Time: 0.96, lr: [0.0072055832600777334], Loss: 4.012787, Acc:0.511360, Semantic loss: 1.605522, BCE loss: 1.447258, SB loss: 0.960007
2025-03-28 16:08:47,556 Epoch: [6/20] Iter:[30/192], Time: 0.79, lr: [0.007181272008420604], Loss: 4.026751, Acc:0.512905, Semantic loss: 1.613172, BCE loss: 1.454780, SB loss: 0.958799
2025-03-28 16:08:52,164 Epoch: [6/20] Iter:[40/192], Time: 0.71, lr: [0.007156951608574727], Loss: 4.027110, Acc:0.508887, Semantic loss: 1.606540, BCE loss: 1.466681, SB loss: 0.953890
2025-03-28 16:08:56,714 Epoch: [6/20] Iter:[50/192], Time: 0.66, lr: [0.007132622022530447], Loss: 4.020193, Acc:0.504214, Semantic loss: 1.617409, BCE loss: 1.444923, SB loss: 0.957861
2025-03-28 16:09:01,410 Epoch: [6/20] Iter:[60/192], Time: 0.63, lr: [0.007108283211975477], Loss: 4.064637, Acc:0.505778, Semantic loss: 1.620067, BCE loss: 1.496648, SB loss: 0.947922
2025-03-28 16:09:05,903 Epoch: [6/20] Iter:[70/192], Time: 0.60, lr: [0.007083935138291319], Loss: 4.051789, Acc:0.504712, Semantic loss: 1.617034, BCE loss: 1.487181, SB loss: 0.947574
2025-03-28 16:09:10,505 Epoch: [6/20] Iter:[80/192], Time: 0.59, lr: [0.007059577762549636], Loss: 4.040191, Acc:0.508616, Semantic loss: 1.606837, BCE loss: 1.498585, SB loss: 0.934770
2025-03-28 16:09:15,021 Epoch: [6/20] Iter:[90/192], Time: 0.57, lr: [0.007035211045508576], Loss: 4.036903, Acc:0.510209, Semantic loss: 1.602284, BCE loss: 1.509100, SB loss: 0.925519
2025-03-28 16:09:19,620 Epoch: [6/20] Iter:[100/192], Time: 0.56, lr: [0.0070108349476090265], Loss: 4.050981, Acc:0.511289, Semantic loss: 1.598974, BCE loss: 1.524140, SB loss: 0.927867
2025-03-28 16:09:24,090 Epoch: [6/20] Iter:[110/192], Time: 0.55, lr: [0.00698644942897081], Loss: 4.053274, Acc:0.508148, Semantic loss: 1.601224, BCE loss: 1.522412, SB loss: 0.929638
2025-03-28 16:09:28,758 Epoch: [6/20] Iter:[120/192], Time: 0.54, lr: [0.006962054449388827], Loss: 4.064022, Acc:0.507829, Semantic loss: 1.606155, BCE loss: 1.526855, SB loss: 0.931012
2025-03-28 16:09:33,306 Epoch: [6/20] Iter:[130/192], Time: 0.54, lr: [0.006937649968329135], Loss: 4.081023, Acc:0.505568, Semantic loss: 1.610218, BCE loss: 1.534403, SB loss: 0.936402
2025-03-28 16:09:37,823 Epoch: [6/20] Iter:[140/192], Time: 0.53, lr: [0.006913235944924954], Loss: 4.087537, Acc:0.508467, Semantic loss: 1.604673, BCE loss: 1.545647, SB loss: 0.937217
2025-03-28 16:09:42,349 Epoch: [6/20] Iter:[150/192], Time: 0.53, lr: [0.006888812337972621], Loss: 4.082432, Acc:0.507850, Semantic loss: 1.606220, BCE loss: 1.539535, SB loss: 0.936678
2025-03-28 16:09:46,886 Epoch: [6/20] Iter:[160/192], Time: 0.52, lr: [0.00686437910592748], Loss: 4.069829, Acc:0.508597, Semantic loss: 1.603127, BCE loss: 1.534840, SB loss: 0.931862
2025-03-28 16:09:51,378 Epoch: [6/20] Iter:[170/192], Time: 0.52, lr: [0.00683993620689969], Loss: 4.063049, Acc:0.509016, Semantic loss: 1.601627, BCE loss: 1.532780, SB loss: 0.928642
2025-03-28 16:09:55,956 Epoch: [6/20] Iter:[180/192], Time: 0.51, lr: [0.0068154835986499775], Loss: 4.058689, Acc:0.511324, Semantic loss: 1.594437, BCE loss: 1.532333, SB loss: 0.931920
2025-03-28 16:10:00,402 Epoch: [6/20] Iter:[190/192], Time: 0.51, lr: [0.006791021238585323], Loss: 4.049335, Acc:0.511569, Semantic loss: 1.592421, BCE loss: 1.527129, SB loss: 0.929784
2025-03-28 16:12:01,410 0 [0.         0.52566109 0.14817311 0.0247021  0.25795918 0.0625454
 0.01520463] 0.14774935898589997
2025-03-28 16:12:01,410 1 [0.         0.50447859 0.22541838 0.01954552 0.24284145 0.01564856
 0.01705167] 0.14642631115157986
2025-03-28 16:12:01,419 => saving checkpoint to output\loveda\pidnet_small_loveda\aug_hf_gb_rbcheckpoint.pth.tar
2025-03-28 16:12:01,636 Loss: 3.952, MeanIU:  0.1464, Best_mIoU:  0.1464
2025-03-28 16:12:01,637 [0.         0.50447859 0.22541838 0.01954552 0.24284145 0.01564856
 0.01705167]
2025-03-28 16:12:12,585 Epoch: [7/20] Iter:[0/192], Time: 10.77, lr: [0.006786127592581251], Loss: 4.468263, Acc:0.503238, Semantic loss: 1.495453, BCE loss: 2.066773, SB loss: 0.906037
2025-03-28 16:12:16,916 Epoch: [7/20] Iter:[10/192], Time: 1.37, lr: [0.006761653473611295], Loss: 3.907608, Acc:0.515410, Semantic loss: 1.483091, BCE loss: 1.526700, SB loss: 0.897818
2025-03-28 16:12:21,442 Epoch: [7/20] Iter:[20/192], Time: 0.93, lr: [0.006737169507854796], Loss: 3.948877, Acc:0.524908, Semantic loss: 1.497751, BCE loss: 1.567306, SB loss: 0.883820
2025-03-28 16:12:25,783 Epoch: [7/20] Iter:[30/192], Time: 0.77, lr: [0.006712675651556858], Loss: 3.976193, Acc:0.526251, Semantic loss: 1.517679, BCE loss: 1.563374, SB loss: 0.895139
2025-03-28 16:12:30,216 Epoch: [7/20] Iter:[40/192], Time: 0.69, lr: [0.006688171860589905], Loss: 3.934882, Acc:0.520581, Semantic loss: 1.529981, BCE loss: 1.515043, SB loss: 0.889858
2025-03-28 16:12:34,580 Epoch: [7/20] Iter:[50/192], Time: 0.64, lr: [0.0066636580904489585], Loss: 3.975581, Acc:0.515834, Semantic loss: 1.543239, BCE loss: 1.518707, SB loss: 0.913634
2025-03-28 16:12:38,974 Epoch: [7/20] Iter:[60/192], Time: 0.61, lr: [0.006639134296246874], Loss: 3.974339, Acc:0.515198, Semantic loss: 1.543267, BCE loss: 1.522954, SB loss: 0.908119
2025-03-28 16:12:43,406 Epoch: [7/20] Iter:[70/192], Time: 0.59, lr: [0.0066146004327094585], Loss: 3.996480, Acc:0.511452, Semantic loss: 1.562632, BCE loss: 1.520372, SB loss: 0.913476
2025-03-28 16:12:47,781 Epoch: [7/20] Iter:[80/192], Time: 0.57, lr: [0.006590056454170537], Loss: 4.006861, Acc:0.512609, Semantic loss: 1.562352, BCE loss: 1.531515, SB loss: 0.912995
2025-03-28 16:12:52,184 Epoch: [7/20] Iter:[90/192], Time: 0.55, lr: [0.006565502314566912], Loss: 4.014550, Acc:0.511818, Semantic loss: 1.569833, BCE loss: 1.518738, SB loss: 0.925978
2025-03-28 16:12:56,607 Epoch: [7/20] Iter:[100/192], Time: 0.54, lr: [0.006540937967433255], Loss: 4.004442, Acc:0.510730, Semantic loss: 1.564326, BCE loss: 1.516441, SB loss: 0.923675
2025-03-28 16:13:00,976 Epoch: [7/20] Iter:[110/192], Time: 0.53, lr: [0.006516363365896894], Loss: 3.996238, Acc:0.513460, Semantic loss: 1.562111, BCE loss: 1.511499, SB loss: 0.922628
2025-03-28 16:13:05,367 Epoch: [7/20] Iter:[120/192], Time: 0.53, lr: [0.006491778462672531], Loss: 4.003755, Acc:0.513705, Semantic loss: 1.560289, BCE loss: 1.521222, SB loss: 0.922244
2025-03-28 16:13:09,749 Epoch: [7/20] Iter:[130/192], Time: 0.52, lr: [0.006467183210056843], Loss: 4.009075, Acc:0.514112, Semantic loss: 1.558824, BCE loss: 1.527505, SB loss: 0.922746
2025-03-28 16:13:14,198 Epoch: [7/20] Iter:[140/192], Time: 0.51, lr: [0.006442577559923017], Loss: 4.001195, Acc:0.515812, Semantic loss: 1.552796, BCE loss: 1.527207, SB loss: 0.921192
2025-03-28 16:13:18,609 Epoch: [7/20] Iter:[150/192], Time: 0.51, lr: [0.006417961463715172], Loss: 3.991288, Acc:0.516271, Semantic loss: 1.552398, BCE loss: 1.516649, SB loss: 0.922240
2025-03-28 16:13:23,074 Epoch: [7/20] Iter:[160/192], Time: 0.50, lr: [0.006393334872442681], Loss: 3.994534, Acc:0.516879, Semantic loss: 1.556254, BCE loss: 1.516707, SB loss: 0.921573
2025-03-28 16:13:27,419 Epoch: [7/20] Iter:[170/192], Time: 0.50, lr: [0.006368697736674411], Loss: 3.993775, Acc:0.518156, Semantic loss: 1.557159, BCE loss: 1.514274, SB loss: 0.922343
2025-03-28 16:13:31,846 Epoch: [7/20] Iter:[180/192], Time: 0.50, lr: [0.006344050006532848], Loss: 3.998105, Acc:0.517784, Semantic loss: 1.557216, BCE loss: 1.517973, SB loss: 0.922916
2025-03-28 16:13:36,250 Epoch: [7/20] Iter:[190/192], Time: 0.49, lr: [0.006319391631688114], Loss: 3.997360, Acc:0.518799, Semantic loss: 1.556113, BCE loss: 1.519034, SB loss: 0.922213
2025-03-28 16:15:42,723 0 [0.         0.41504594 0.15744964 0.02520987 0.13639267 0.02043752
 0.02612173] 0.11152248155800029
2025-03-28 16:15:42,723 1 [0.         0.50974925 0.19947009 0.05019404 0.22577308 0.09284982
 0.02328171] 0.15733114292017966
2025-03-28 16:15:42,728 => saving checkpoint to output\loveda\pidnet_small_loveda\aug_hf_gb_rbcheckpoint.pth.tar
2025-03-28 16:15:43,030 Loss: 3.980, MeanIU:  0.1573, Best_mIoU:  0.1573
2025-03-28 16:15:43,031 [0.         0.50974925 0.19947009 0.05019404 0.22577308 0.09284982
 0.02328171]
2025-03-28 16:15:54,373 Epoch: [8/20] Iter:[0/192], Time: 11.16, lr: [0.006314458674893553], Loss: 4.045947, Acc:0.583770, Semantic loss: 1.411929, BCE loss: 1.765153, SB loss: 0.868865
2025-03-28 16:15:58,639 Epoch: [8/20] Iter:[10/192], Time: 1.40, lr: [0.006289787459323657], Loss: 3.997441, Acc:0.540597, Semantic loss: 1.528396, BCE loss: 1.538840, SB loss: 0.930206
2025-03-28 16:16:02,953 Epoch: [8/20] Iter:[20/192], Time: 0.94, lr: [0.006265105486702424], Loss: 4.057592, Acc:0.524196, Semantic loss: 1.580181, BCE loss: 1.512967, SB loss: 0.964444
2025-03-28 16:16:07,290 Epoch: [8/20] Iter:[30/192], Time: 0.78, lr: [0.006240412705211017], Loss: 4.044168, Acc:0.522977, Semantic loss: 1.574294, BCE loss: 1.493626, SB loss: 0.976248
2025-03-28 16:16:11,700 Epoch: [8/20] Iter:[40/192], Time: 0.69, lr: [0.006215709062551949], Loss: 4.017762, Acc:0.522786, Semantic loss: 1.563859, BCE loss: 1.504710, SB loss: 0.949193
2025-03-28 16:16:16,116 Epoch: [8/20] Iter:[50/192], Time: 0.64, lr: [0.006190994505942529], Loss: 3.981845, Acc:0.523577, Semantic loss: 1.560555, BCE loss: 1.470479, SB loss: 0.950811
2025-03-28 16:16:20,511 Epoch: [8/20] Iter:[60/192], Time: 0.61, lr: [0.006166268982108192], Loss: 3.959261, Acc:0.522649, Semantic loss: 1.561133, BCE loss: 1.455316, SB loss: 0.942813
2025-03-28 16:16:24,988 Epoch: [8/20] Iter:[70/192], Time: 0.59, lr: [0.006141532437275693], Loss: 3.957649, Acc:0.516944, Semantic loss: 1.566613, BCE loss: 1.449997, SB loss: 0.941039
2025-03-28 16:16:29,423 Epoch: [8/20] Iter:[80/192], Time: 0.57, lr: [0.006116784817166194], Loss: 3.953086, Acc:0.517155, Semantic loss: 1.556303, BCE loss: 1.452707, SB loss: 0.944077
2025-03-28 16:16:33,736 Epoch: [8/20] Iter:[90/192], Time: 0.56, lr: [0.006092026066988214], Loss: 3.980093, Acc:0.517587, Semantic loss: 1.562273, BCE loss: 1.475460, SB loss: 0.942359
2025-03-28 16:16:38,219 Epoch: [8/20] Iter:[100/192], Time: 0.54, lr: [0.006067256131430442], Loss: 3.982796, Acc:0.518229, Semantic loss: 1.555445, BCE loss: 1.485801, SB loss: 0.941550
2025-03-28 16:16:42,640 Epoch: [8/20] Iter:[110/192], Time: 0.54, lr: [0.00604247495465443], Loss: 3.982206, Acc:0.519640, Semantic loss: 1.550022, BCE loss: 1.493361, SB loss: 0.938823
2025-03-28 16:16:47,057 Epoch: [8/20] Iter:[120/192], Time: 0.53, lr: [0.006017682480287143], Loss: 3.976633, Acc:0.521644, Semantic loss: 1.547497, BCE loss: 1.491825, SB loss: 0.937311
2025-03-28 16:16:51,616 Epoch: [8/20] Iter:[130/192], Time: 0.52, lr: [0.00599287865141337], Loss: 3.977531, Acc:0.522366, Semantic loss: 1.551176, BCE loss: 1.492799, SB loss: 0.933555
2025-03-28 16:16:55,973 Epoch: [8/20] Iter:[140/192], Time: 0.52, lr: [0.005968063410567983], Loss: 3.986050, Acc:0.520567, Semantic loss: 1.555977, BCE loss: 1.494210, SB loss: 0.935863
2025-03-28 16:17:00,356 Epoch: [8/20] Iter:[150/192], Time: 0.51, lr: [0.00594323669972807], Loss: 3.987765, Acc:0.522962, Semantic loss: 1.551138, BCE loss: 1.503204, SB loss: 0.933423
2025-03-28 16:17:04,803 Epoch: [8/20] Iter:[160/192], Time: 0.51, lr: [0.005918398460304892], Loss: 3.988043, Acc:0.523447, Semantic loss: 1.549895, BCE loss: 1.505098, SB loss: 0.933050
2025-03-28 16:17:09,302 Epoch: [8/20] Iter:[170/192], Time: 0.50, lr: [0.0058935486331357125], Loss: 3.997286, Acc:0.522508, Semantic loss: 1.552814, BCE loss: 1.510927, SB loss: 0.933545
2025-03-28 16:17:13,770 Epoch: [8/20] Iter:[180/192], Time: 0.50, lr: [0.005868687158475447], Loss: 3.999439, Acc:0.522914, Semantic loss: 1.552170, BCE loss: 1.512903, SB loss: 0.934366
2025-03-28 16:17:18,185 Epoch: [8/20] Iter:[190/192], Time: 0.50, lr: [0.005843813975988169], Loss: 3.995863, Acc:0.522666, Semantic loss: 1.549043, BCE loss: 1.516702, SB loss: 0.930118
2025-03-28 16:19:30,219 0 [0.         0.55095655 0.24909087 0.07570726 0.1282093  0.00285333
 0.06413448] 0.15299311201718777
2025-03-28 16:19:30,220 1 [0.         0.40904393 0.34579373 0.17259796 0.16276619 0.03042708
 0.08826196] 0.17269869373011273
2025-03-28 16:19:30,225 => saving checkpoint to output\loveda\pidnet_small_loveda\aug_hf_gb_rbcheckpoint.pth.tar
2025-03-28 16:19:30,416 Loss: 4.144, MeanIU:  0.1727, Best_mIoU:  0.1727
2025-03-28 16:19:30,417 [0.         0.40904393 0.34579373 0.17259796 0.16276619 0.03042708
 0.08826196]
2025-03-28 16:19:41,426 Epoch: [9/20] Iter:[0/192], Time: 10.82, lr: [0.0058388379291998025], Loss: 3.665029, Acc:0.604726, Semantic loss: 1.256441, BCE loss: 1.611873, SB loss: 0.796715
2025-03-28 16:19:45,803 Epoch: [9/20] Iter:[10/192], Time: 1.38, lr: [0.0058139506168319475], Loss: 3.722805, Acc:0.539053, Semantic loss: 1.449023, BCE loss: 1.437828, SB loss: 0.835954
2025-03-28 16:19:50,317 Epoch: [9/20] Iter:[20/192], Time: 0.94, lr: [0.005789051461775303], Loss: 3.798398, Acc:0.532531, Semantic loss: 1.488315, BCE loss: 1.441589, SB loss: 0.868495
2025-03-28 16:19:54,718 Epoch: [9/20] Iter:[30/192], Time: 0.78, lr: [0.005764140401744157], Loss: 3.836387, Acc:0.534747, Semantic loss: 1.489237, BCE loss: 1.451051, SB loss: 0.896099
2025-03-28 16:19:59,261 Epoch: [9/20] Iter:[40/192], Time: 0.70, lr: [0.005739217373824397], Loss: 3.855347, Acc:0.531044, Semantic loss: 1.500745, BCE loss: 1.465357, SB loss: 0.889245
2025-03-28 16:20:03,726 Epoch: [9/20] Iter:[50/192], Time: 0.65, lr: [0.005714282314464109], Loss: 3.886311, Acc:0.534575, Semantic loss: 1.492432, BCE loss: 1.508142, SB loss: 0.885737
2025-03-28 16:20:08,197 Epoch: [9/20] Iter:[60/192], Time: 0.62, lr: [0.005689335159463984], Loss: 3.884748, Acc:0.536185, Semantic loss: 1.499268, BCE loss: 1.496989, SB loss: 0.888490
2025-03-28 16:20:12,542 Epoch: [9/20] Iter:[70/192], Time: 0.59, lr: [0.0056643758439675305], Loss: 3.887596, Acc:0.533321, Semantic loss: 1.497119, BCE loss: 1.499901, SB loss: 0.890576
2025-03-28 16:20:16,981 Epoch: [9/20] Iter:[80/192], Time: 0.57, lr: [0.005639404302451105], Loss: 3.879044, Acc:0.536574, Semantic loss: 1.495365, BCE loss: 1.489364, SB loss: 0.894315
2025-03-28 16:20:21,389 Epoch: [9/20] Iter:[90/192], Time: 0.56, lr: [0.005614420468713722], Loss: 3.891679, Acc:0.532968, Semantic loss: 1.506851, BCE loss: 1.489391, SB loss: 0.895436
2025-03-28 16:20:25,790 Epoch: [9/20] Iter:[100/192], Time: 0.55, lr: [0.005589424275866668], Loss: 3.901708, Acc:0.533500, Semantic loss: 1.511029, BCE loss: 1.490091, SB loss: 0.900588
2025-03-28 16:20:30,152 Epoch: [9/20] Iter:[110/192], Time: 0.54, lr: [0.005564415656322913], Loss: 3.907324, Acc:0.534020, Semantic loss: 1.508965, BCE loss: 1.499100, SB loss: 0.899258
2025-03-28 16:20:34,513 Epoch: [9/20] Iter:[120/192], Time: 0.53, lr: [0.00553939454178628], Loss: 3.917168, Acc:0.534643, Semantic loss: 1.504065, BCE loss: 1.510414, SB loss: 0.902689
2025-03-28 16:20:38,906 Epoch: [9/20] Iter:[130/192], Time: 0.52, lr: [0.005514360863240413], Loss: 3.907666, Acc:0.535667, Semantic loss: 1.499430, BCE loss: 1.504361, SB loss: 0.903875
2025-03-28 16:20:43,305 Epoch: [9/20] Iter:[140/192], Time: 0.52, lr: [0.005489314550937511], Loss: 3.903912, Acc:0.537456, Semantic loss: 1.494089, BCE loss: 1.504783, SB loss: 0.905039
2025-03-28 16:20:47,622 Epoch: [9/20] Iter:[150/192], Time: 0.51, lr: [0.005464255534386825], Loss: 3.899689, Acc:0.539990, Semantic loss: 1.485938, BCE loss: 1.504042, SB loss: 0.909709
2025-03-28 16:20:52,018 Epoch: [9/20] Iter:[160/192], Time: 0.51, lr: [0.005439183742342914], Loss: 3.914036, Acc:0.540068, Semantic loss: 1.490267, BCE loss: 1.512988, SB loss: 0.910782
2025-03-28 16:20:56,488 Epoch: [9/20] Iter:[170/192], Time: 0.50, lr: [0.00541409910279366], Loss: 3.914413, Acc:0.540201, Semantic loss: 1.489589, BCE loss: 1.516382, SB loss: 0.908443
2025-03-28 16:21:01,005 Epoch: [9/20] Iter:[180/192], Time: 0.50, lr: [0.005389001542948025], Loss: 3.924786, Acc:0.539172, Semantic loss: 1.494545, BCE loss: 1.517861, SB loss: 0.912380
2025-03-28 16:21:05,334 Epoch: [9/20] Iter:[190/192], Time: 0.50, lr: [0.005363890989223547], Loss: 3.914431, Acc:0.537776, Semantic loss: 1.494645, BCE loss: 1.506948, SB loss: 0.912837
2025-03-28 16:23:09,723 0 [0.         0.5569041  0.20531339 0.09503688 0.10630288 0.0551704
 0.02694183] 0.14938135360468618
2025-03-28 16:23:09,723 1 [0.         0.57232552 0.26183083 0.14386869 0.14307007 0.21609698
 0.02078631] 0.19399691364221325
2025-03-28 16:23:09,729 => saving checkpoint to output\loveda\pidnet_small_loveda\aug_hf_gb_rbcheckpoint.pth.tar
2025-03-28 16:23:09,961 Loss: 4.041, MeanIU:  0.1940, Best_mIoU:  0.1940
2025-03-28 16:23:09,962 [0.         0.57232552 0.26183083 0.14386869 0.14307007 0.21609698
 0.02078631]
2025-03-28 16:23:21,138 Epoch: [10/20] Iter:[0/192], Time: 10.99, lr: [0.005358867312681466], Loss: 3.614792, Acc:0.641889, Semantic loss: 1.269542, BCE loss: 1.586046, SB loss: 0.759204
2025-03-28 16:23:25,328 Epoch: [10/20] Iter:[10/192], Time: 1.38, lr: [0.005333741068040314], Loss: 3.979824, Acc:0.550968, Semantic loss: 1.474021, BCE loss: 1.618656, SB loss: 0.887146
2025-03-28 16:23:29,656 Epoch: [10/20] Iter:[20/192], Time: 0.93, lr: [0.0053086016647897714], Loss: 3.972288, Acc:0.550378, Semantic loss: 1.490931, BCE loss: 1.589256, SB loss: 0.892101
2025-03-28 16:23:34,115 Epoch: [10/20] Iter:[30/192], Time: 0.77, lr: [0.005283449026727663], Loss: 4.000205, Acc:0.536697, Semantic loss: 1.503855, BCE loss: 1.606651, SB loss: 0.889698
2025-03-28 16:23:38,670 Epoch: [10/20] Iter:[40/192], Time: 0.70, lr: [0.005258283076804885], Loss: 4.004882, Acc:0.539234, Semantic loss: 1.506865, BCE loss: 1.615607, SB loss: 0.882411
2025-03-28 16:23:43,101 Epoch: [10/20] Iter:[50/192], Time: 0.65, lr: [0.00523310373711144], Loss: 3.963088, Acc:0.539249, Semantic loss: 1.492080, BCE loss: 1.594835, SB loss: 0.876173
2025-03-28 16:23:47,512 Epoch: [10/20] Iter:[60/192], Time: 0.61, lr: [0.005207910928862159], Loss: 3.933938, Acc:0.542836, Semantic loss: 1.484368, BCE loss: 1.577916, SB loss: 0.871653
2025-03-28 16:23:51,920 Epoch: [10/20] Iter:[70/192], Time: 0.59, lr: [0.005182704572382109], Loss: 3.914473, Acc:0.540807, Semantic loss: 1.487794, BCE loss: 1.552466, SB loss: 0.874213
2025-03-28 16:23:56,377 Epoch: [10/20] Iter:[80/192], Time: 0.57, lr: [0.005157484587091684], Loss: 3.918599, Acc:0.542322, Semantic loss: 1.489289, BCE loss: 1.556241, SB loss: 0.873068
2025-03-28 16:24:00,707 Epoch: [10/20] Iter:[90/192], Time: 0.56, lr: [0.005132250891491357], Loss: 3.906204, Acc:0.541968, Semantic loss: 1.486932, BCE loss: 1.545946, SB loss: 0.873326
2025-03-28 16:24:05,241 Epoch: [10/20] Iter:[100/192], Time: 0.55, lr: [0.005107003403146087], Loss: 3.883006, Acc:0.543030, Semantic loss: 1.481068, BCE loss: 1.525782, SB loss: 0.876157
2025-03-28 16:24:09,687 Epoch: [10/20] Iter:[110/192], Time: 0.54, lr: [0.005081742038669388], Loss: 3.891960, Acc:0.544319, Semantic loss: 1.484340, BCE loss: 1.525950, SB loss: 0.881670
2025-03-28 16:24:14,123 Epoch: [10/20] Iter:[120/192], Time: 0.53, lr: [0.005056466713707024], Loss: 3.882879, Acc:0.543354, Semantic loss: 1.487542, BCE loss: 1.513541, SB loss: 0.881796
2025-03-28 16:24:18,475 Epoch: [10/20] Iter:[130/192], Time: 0.52, lr: [0.005031177342920337], Loss: 3.884232, Acc:0.540290, Semantic loss: 1.494136, BCE loss: 1.508815, SB loss: 0.881280
2025-03-28 16:24:22,874 Epoch: [10/20] Iter:[140/192], Time: 0.52, lr: [0.005005873839969192], Loss: 3.882455, Acc:0.538684, Semantic loss: 1.495384, BCE loss: 1.498385, SB loss: 0.888687
2025-03-28 16:24:27,289 Epoch: [10/20] Iter:[150/192], Time: 0.51, lr: [0.00498055611749454], Loss: 3.882263, Acc:0.539766, Semantic loss: 1.495405, BCE loss: 1.498851, SB loss: 0.888007
2025-03-28 16:24:31,778 Epoch: [10/20] Iter:[160/192], Time: 0.51, lr: [0.004955224087100552], Loss: 3.876496, Acc:0.541633, Semantic loss: 1.490636, BCE loss: 1.500315, SB loss: 0.885546
2025-03-28 16:24:36,163 Epoch: [10/20] Iter:[170/192], Time: 0.50, lr: [0.004929877659336362], Loss: 3.880479, Acc:0.542548, Semantic loss: 1.489311, BCE loss: 1.502843, SB loss: 0.888325
2025-03-28 16:24:40,632 Epoch: [10/20] Iter:[180/192], Time: 0.50, lr: [0.004904516743677371], Loss: 3.877383, Acc:0.541333, Semantic loss: 1.490793, BCE loss: 1.498061, SB loss: 0.888529
2025-03-28 16:24:44,999 Epoch: [10/20] Iter:[190/192], Time: 0.50, lr: [0.00487914124850611], Loss: 3.878378, Acc:0.541681, Semantic loss: 1.489099, BCE loss: 1.501580, SB loss: 0.887699
2025-03-28 16:26:47,400 0 [0.         0.52727657 0.16440411 0.1303567  0.25796115 0.04632684
 0.06353939] 0.16998067785631207
2025-03-28 16:26:47,401 1 [0.         0.56764594 0.29004296 0.2616029  0.28634949 0.18468588
 0.0602102 ] 0.2357910524475288
2025-03-28 16:26:47,409 => saving checkpoint to output\loveda\pidnet_small_loveda\aug_hf_gb_rbcheckpoint.pth.tar
2025-03-28 16:26:47,629 Loss: 3.820, MeanIU:  0.2358, Best_mIoU:  0.2358
2025-03-28 16:26:47,630 [0.         0.56764594 0.29004296 0.2616029  0.28634949 0.18468588
 0.0602102 ]
2025-03-28 16:26:58,855 Epoch: [11/20] Iter:[0/192], Time: 11.04, lr: [0.004874064391789954], Loss: 3.888080, Acc:0.644261, Semantic loss: 1.358021, BCE loss: 1.641218, SB loss: 0.888841
2025-03-28 16:27:03,082 Epoch: [11/20] Iter:[10/192], Time: 1.39, lr: [0.004848671278701159], Loss: 3.725068, Acc:0.584575, Semantic loss: 1.356839, BCE loss: 1.552109, SB loss: 0.816121
2025-03-28 16:27:07,367 Epoch: [11/20] Iter:[20/192], Time: 0.93, lr: [0.0048232633805975296], Loss: 3.808011, Acc:0.558260, Semantic loss: 1.400762, BCE loss: 1.560310, SB loss: 0.846939
2025-03-28 16:27:11,718 Epoch: [11/20] Iter:[30/192], Time: 0.77, lr: [0.00479784060223045], Loss: 3.826216, Acc:0.555455, Semantic loss: 1.431207, BCE loss: 1.507253, SB loss: 0.887757
2025-03-28 16:27:16,209 Epoch: [11/20] Iter:[40/192], Time: 0.69, lr: [0.004772402847172951], Loss: 3.781227, Acc:0.563363, Semantic loss: 1.407792, BCE loss: 1.490687, SB loss: 0.882748
2025-03-28 16:27:20,614 Epoch: [11/20] Iter:[50/192], Time: 0.64, lr: [0.004746950017798064], Loss: 3.761629, Acc:0.569679, Semantic loss: 1.388258, BCE loss: 1.499454, SB loss: 0.873917
2025-03-28 16:27:25,183 Epoch: [11/20] Iter:[60/192], Time: 0.61, lr: [0.004721482015256639], Loss: 3.764553, Acc:0.568022, Semantic loss: 1.390812, BCE loss: 1.496090, SB loss: 0.877652
2025-03-28 16:27:29,588 Epoch: [11/20] Iter:[70/192], Time: 0.59, lr: [0.004695998739454633], Loss: 3.777781, Acc:0.569813, Semantic loss: 1.397858, BCE loss: 1.509184, SB loss: 0.870738
2025-03-28 16:27:34,076 Epoch: [11/20] Iter:[80/192], Time: 0.57, lr: [0.004670500089029817], Loss: 3.775384, Acc:0.569073, Semantic loss: 1.396245, BCE loss: 1.509117, SB loss: 0.870021
2025-03-28 16:27:38,451 Epoch: [11/20] Iter:[90/192], Time: 0.56, lr: [0.004644985961327915], Loss: 3.777217, Acc:0.562222, Semantic loss: 1.416363, BCE loss: 1.487202, SB loss: 0.873651
2025-03-28 16:27:42,865 Epoch: [11/20] Iter:[100/192], Time: 0.55, lr: [0.004619456252378151], Loss: 3.794832, Acc:0.560631, Semantic loss: 1.424591, BCE loss: 1.488073, SB loss: 0.882168
2025-03-28 16:27:47,187 Epoch: [11/20] Iter:[110/192], Time: 0.53, lr: [0.004593910856868159], Loss: 3.793551, Acc:0.560835, Semantic loss: 1.425623, BCE loss: 1.485272, SB loss: 0.882656
2025-03-28 16:27:51,714 Epoch: [11/20] Iter:[120/192], Time: 0.53, lr: [0.004568349668118281], Loss: 3.800400, Acc:0.559664, Semantic loss: 1.430053, BCE loss: 1.485934, SB loss: 0.884413
2025-03-28 16:27:56,085 Epoch: [11/20] Iter:[130/192], Time: 0.52, lr: [0.004542772578055196], Loss: 3.812646, Acc:0.555615, Semantic loss: 1.439719, BCE loss: 1.488313, SB loss: 0.884614
2025-03-28 16:28:00,480 Epoch: [11/20] Iter:[140/192], Time: 0.52, lr: [0.00451717947718487], Loss: 3.812179, Acc:0.556715, Semantic loss: 1.436415, BCE loss: 1.496999, SB loss: 0.878764
2025-03-28 16:28:04,843 Epoch: [11/20] Iter:[150/192], Time: 0.51, lr: [0.004491570254564817], Loss: 3.816769, Acc:0.555216, Semantic loss: 1.440303, BCE loss: 1.493911, SB loss: 0.882556
2025-03-28 16:28:09,289 Epoch: [11/20] Iter:[160/192], Time: 0.51, lr: [0.004465944797775636], Loss: 3.820776, Acc:0.554827, Semantic loss: 1.441974, BCE loss: 1.494665, SB loss: 0.884138
2025-03-28 16:28:13,685 Epoch: [11/20] Iter:[170/192], Time: 0.50, lr: [0.004440302992891796], Loss: 3.828005, Acc:0.554137, Semantic loss: 1.444225, BCE loss: 1.498662, SB loss: 0.885118
2025-03-28 16:28:18,192 Epoch: [11/20] Iter:[180/192], Time: 0.50, lr: [0.004414644724451659], Loss: 3.833612, Acc:0.551731, Semantic loss: 1.450078, BCE loss: 1.499475, SB loss: 0.884058
2025-03-28 16:28:22,494 Epoch: [11/20] Iter:[190/192], Time: 0.50, lr: [0.004388969875426714], Loss: 3.829501, Acc:0.552367, Semantic loss: 1.449644, BCE loss: 1.495156, SB loss: 0.884701
2025-03-28 16:30:24,453 0 [0.         0.54292253 0.23764947 0.19112322 0.26375984 0.05318936
 0.11185465] 0.2000712958603839
2025-03-28 16:30:24,454 1 [0.         0.58350689 0.32148328 0.3027523  0.34548858 0.11589322
 0.09447357] 0.251942548307179
2025-03-28 16:30:24,462 => saving checkpoint to output\loveda\pidnet_small_loveda\aug_hf_gb_rbcheckpoint.pth.tar
2025-03-28 16:30:24,676 Loss: 3.681, MeanIU:  0.2519, Best_mIoU:  0.2519
2025-03-28 16:30:24,677 [0.         0.58350689 0.32148328 0.3027523  0.34548858 0.11589322
 0.09447357]
2025-03-28 16:30:35,782 Epoch: [12/20] Iter:[0/192], Time: 10.92, lr: [0.0043838329055408696], Loss: 3.620212, Acc:0.695395, Semantic loss: 1.167680, BCE loss: 1.723844, SB loss: 0.728688
2025-03-28 16:30:40,120 Epoch: [12/20] Iter:[10/192], Time: 1.39, lr: [0.004358138003083593], Loss: 3.915837, Acc:0.565706, Semantic loss: 1.419216, BCE loss: 1.647190, SB loss: 0.849431
2025-03-28 16:30:44,674 Epoch: [12/20] Iter:[20/192], Time: 0.94, lr: [0.0043324262569064236], Loss: 3.931580, Acc:0.554250, Semantic loss: 1.464993, BCE loss: 1.572699, SB loss: 0.893888
2025-03-28 16:30:49,045 Epoch: [12/20] Iter:[30/192], Time: 0.78, lr: [0.0043066975447503065], Loss: 3.886908, Acc:0.547116, Semantic loss: 1.474599, BCE loss: 1.523604, SB loss: 0.888706
2025-03-28 16:30:53,457 Epoch: [12/20] Iter:[40/192], Time: 0.70, lr: [0.00428095174265078], Loss: 3.861986, Acc:0.556087, Semantic loss: 1.462900, BCE loss: 1.533463, SB loss: 0.865623
2025-03-28 16:30:57,851 Epoch: [12/20] Iter:[50/192], Time: 0.65, lr: [0.004255188724902623], Loss: 3.883197, Acc:0.552956, Semantic loss: 1.468111, BCE loss: 1.542757, SB loss: 0.872329
2025-03-28 16:31:02,328 Epoch: [12/20] Iter:[60/192], Time: 0.61, lr: [0.004229408364023519], Loss: 3.890535, Acc:0.556324, Semantic loss: 1.464047, BCE loss: 1.554583, SB loss: 0.871906
2025-03-28 16:31:06,645 Epoch: [12/20] Iter:[70/192], Time: 0.59, lr: [0.004203610530716726], Loss: 3.865091, Acc:0.554667, Semantic loss: 1.456675, BCE loss: 1.537881, SB loss: 0.870535
2025-03-28 16:31:11,093 Epoch: [12/20] Iter:[80/192], Time: 0.57, lr: [0.004177795093832693], Loss: 3.854324, Acc:0.553924, Semantic loss: 1.455471, BCE loss: 1.534777, SB loss: 0.864076
2025-03-28 16:31:15,529 Epoch: [12/20] Iter:[90/192], Time: 0.56, lr: [0.004151961920329593], Loss: 3.841732, Acc:0.553516, Semantic loss: 1.462392, BCE loss: 1.519323, SB loss: 0.860016
2025-03-28 16:31:20,040 Epoch: [12/20] Iter:[100/192], Time: 0.55, lr: [0.004126110875232744], Loss: 3.846572, Acc:0.553956, Semantic loss: 1.462388, BCE loss: 1.526327, SB loss: 0.857857
2025-03-28 16:31:24,448 Epoch: [12/20] Iter:[110/192], Time: 0.54, lr: [0.004100241821592866], Loss: 3.839724, Acc:0.552154, Semantic loss: 1.460952, BCE loss: 1.516709, SB loss: 0.862063
2025-03-28 16:31:28,914 Epoch: [12/20] Iter:[120/192], Time: 0.53, lr: [0.00407435462044314], Loss: 3.824954, Acc:0.554573, Semantic loss: 1.450158, BCE loss: 1.515577, SB loss: 0.859218
2025-03-28 16:31:33,282 Epoch: [12/20] Iter:[130/192], Time: 0.52, lr: [0.004048449130755016], Loss: 3.815856, Acc:0.555115, Semantic loss: 1.444470, BCE loss: 1.515591, SB loss: 0.855795
2025-03-28 16:31:37,772 Epoch: [12/20] Iter:[140/192], Time: 0.52, lr: [0.004022525209392749], Loss: 3.814645, Acc:0.556090, Semantic loss: 1.440362, BCE loss: 1.518769, SB loss: 0.855514
2025-03-28 16:31:42,161 Epoch: [12/20] Iter:[150/192], Time: 0.51, lr: [0.003996582711066572], Loss: 3.804211, Acc:0.556645, Semantic loss: 1.433906, BCE loss: 1.517031, SB loss: 0.853274
2025-03-28 16:31:46,579 Epoch: [12/20] Iter:[160/192], Time: 0.51, lr: [0.003970621488284514], Loss: 3.799160, Acc:0.555242, Semantic loss: 1.434309, BCE loss: 1.509763, SB loss: 0.855089
2025-03-28 16:31:50,919 Epoch: [12/20] Iter:[170/192], Time: 0.50, lr: [0.003944641391302759], Loss: 3.794304, Acc:0.554451, Semantic loss: 1.435607, BCE loss: 1.503869, SB loss: 0.854828
2025-03-28 16:31:55,357 Epoch: [12/20] Iter:[180/192], Time: 0.50, lr: [0.003918642268074522], Loss: 3.785295, Acc:0.554619, Semantic loss: 1.435796, BCE loss: 1.491562, SB loss: 0.857937
2025-03-28 16:31:59,749 Epoch: [12/20] Iter:[190/192], Time: 0.50, lr: [0.003892623964197378], Loss: 3.785703, Acc:0.554570, Semantic loss: 1.435062, BCE loss: 1.491206, SB loss: 0.859435
2025-03-28 16:34:01,688 0 [0.         0.53934966 0.28172725 0.18274072 0.28828819 0.07405247
 0.03962212] 0.20082577410248278
2025-03-28 16:34:01,689 1 [0.         0.53243174 0.34504478 0.30334471 0.28877792 0.18274103
 0.02096752] 0.2390439574442568
2025-03-28 16:34:01,698 => saving checkpoint to output\loveda\pidnet_small_loveda\aug_hf_gb_rbcheckpoint.pth.tar
2025-03-28 16:34:01,838 Loss: 3.737, MeanIU:  0.2390, Best_mIoU:  0.2519
2025-03-28 16:34:01,839 [0.         0.53243174 0.34504478 0.30334471 0.28877792 0.18274103
 0.02096752]
2025-03-28 16:34:13,093 Epoch: [13/20] Iter:[0/192], Time: 11.07, lr: [0.0038874179879876346], Loss: 3.943000, Acc:0.622141, Semantic loss: 1.323389, BCE loss: 1.842360, SB loss: 0.777251
2025-03-28 16:34:17,327 Epoch: [13/20] Iter:[10/192], Time: 1.39, lr: [0.003861376460123532], Loss: 3.895569, Acc:0.553470, Semantic loss: 1.393936, BCE loss: 1.606445, SB loss: 0.895188
2025-03-28 16:34:21,779 Epoch: [13/20] Iter:[20/192], Time: 0.94, lr: [0.003835315403363414], Loss: 3.838188, Acc:0.558446, Semantic loss: 1.424353, BCE loss: 1.534463, SB loss: 0.879372
2025-03-28 16:34:26,119 Epoch: [13/20] Iter:[30/192], Time: 0.78, lr: [0.00380923465539378], Loss: 3.773230, Acc:0.568492, Semantic loss: 1.398593, BCE loss: 1.505175, SB loss: 0.869462
2025-03-28 16:34:30,681 Epoch: [13/20] Iter:[40/192], Time: 0.70, lr: [0.0037831340513060203], Loss: 3.778914, Acc:0.569142, Semantic loss: 1.396962, BCE loss: 1.518494, SB loss: 0.863458
2025-03-28 16:34:35,077 Epoch: [13/20] Iter:[50/192], Time: 0.65, lr: [0.003757013423534689], Loss: 3.783739, Acc:0.576781, Semantic loss: 1.391719, BCE loss: 1.528383, SB loss: 0.863637
2025-03-28 16:34:39,525 Epoch: [13/20] Iter:[60/192], Time: 0.61, lr: [0.003730872601793835], Loss: 3.784840, Acc:0.573863, Semantic loss: 1.392096, BCE loss: 1.529400, SB loss: 0.863343
2025-03-28 16:34:43,897 Epoch: [13/20] Iter:[70/192], Time: 0.59, lr: [0.0037047114130112895], Loss: 3.779974, Acc:0.573686, Semantic loss: 1.395345, BCE loss: 1.514996, SB loss: 0.869633
2025-03-28 16:34:48,402 Epoch: [13/20] Iter:[80/192], Time: 0.57, lr: [0.0036785296812608405], Loss: 3.800061, Acc:0.565788, Semantic loss: 1.427078, BCE loss: 1.487287, SB loss: 0.885695
2025-03-28 16:34:52,716 Epoch: [13/20] Iter:[90/192], Time: 0.56, lr: [0.003652327227692201], Loss: 3.803955, Acc:0.564514, Semantic loss: 1.424479, BCE loss: 1.498978, SB loss: 0.880498
2025-03-28 16:34:57,223 Epoch: [13/20] Iter:[100/192], Time: 0.55, lr: [0.0036261038704587037], Loss: 3.815764, Acc:0.562233, Semantic loss: 1.422137, BCE loss: 1.511339, SB loss: 0.882289
2025-03-28 16:35:01,709 Epoch: [13/20] Iter:[110/192], Time: 0.54, lr: [0.003599859424642584], Loss: 3.824112, Acc:0.560730, Semantic loss: 1.425812, BCE loss: 1.516977, SB loss: 0.881322
2025-03-28 16:35:06,117 Epoch: [13/20] Iter:[120/192], Time: 0.53, lr: [0.0035735937021778063], Loss: 3.813208, Acc:0.560922, Semantic loss: 1.423548, BCE loss: 1.511917, SB loss: 0.877744
2025-03-28 16:35:10,479 Epoch: [13/20] Iter:[130/192], Time: 0.52, lr: [0.0035473065117702885], Loss: 3.801442, Acc:0.561499, Semantic loss: 1.420409, BCE loss: 1.505178, SB loss: 0.875855
2025-03-28 16:35:14,994 Epoch: [13/20] Iter:[140/192], Time: 0.52, lr: [0.003520997658815433], Loss: 3.789471, Acc:0.561971, Semantic loss: 1.418757, BCE loss: 1.499622, SB loss: 0.871092
2025-03-28 16:35:19,374 Epoch: [13/20] Iter:[150/192], Time: 0.51, lr: [0.003494666945312851], Loss: 3.778880, Acc:0.563145, Semantic loss: 1.417080, BCE loss: 1.492468, SB loss: 0.869332
2025-03-28 16:35:23,777 Epoch: [13/20] Iter:[160/192], Time: 0.51, lr: [0.00346831416977816], Loss: 3.768926, Acc:0.562826, Semantic loss: 1.416663, BCE loss: 1.484431, SB loss: 0.867832
2025-03-28 16:35:28,171 Epoch: [13/20] Iter:[170/192], Time: 0.50, lr: [0.003441939127151716], Loss: 3.762175, Acc:0.564748, Semantic loss: 1.411003, BCE loss: 1.486135, SB loss: 0.865038
2025-03-28 16:35:32,565 Epoch: [13/20] Iter:[180/192], Time: 0.50, lr: [0.0034155416087041646], Loss: 3.755492, Acc:0.565343, Semantic loss: 1.406740, BCE loss: 1.485269, SB loss: 0.863483
2025-03-28 16:35:36,927 Epoch: [13/20] Iter:[190/192], Time: 0.50, lr: [0.0033891214019386652], Loss: 3.752507, Acc:0.564955, Semantic loss: 1.404868, BCE loss: 1.485274, SB loss: 0.862364
2025-03-28 16:37:39,008 0 [0.         0.57003172 0.29488739 0.17731672 0.27494094 0.09477283
 0.08289584] 0.2135493482922725
2025-03-28 16:37:39,009 1 [0.         0.57976568 0.40919683 0.30822814 0.33167983 0.11522207
 0.08611743] 0.26145856930248185
2025-03-28 16:37:39,017 => saving checkpoint to output\loveda\pidnet_small_loveda\aug_hf_gb_rbcheckpoint.pth.tar
2025-03-28 16:37:39,238 Loss: 3.643, MeanIU:  0.2615, Best_mIoU:  0.2615
2025-03-28 16:37:39,239 [0.         0.57976568 0.40919683 0.30822814 0.33167983 0.11522207
 0.08611743]
2025-03-28 16:37:50,411 Epoch: [14/20] Iter:[0/192], Time: 10.99, lr: [0.0033838346190164987], Loss: 3.740826, Acc:0.588363, Semantic loss: 1.317697, BCE loss: 1.699630, SB loss: 0.723498
2025-03-28 16:37:54,647 Epoch: [14/20] Iter:[10/192], Time: 1.38, lr: [0.0033573869003190927], Loss: 3.839133, Acc:0.577448, Semantic loss: 1.405528, BCE loss: 1.596361, SB loss: 0.837245
2025-03-28 16:37:59,111 Epoch: [14/20] Iter:[20/192], Time: 0.94, lr: [0.0033309160120447595], Loss: 3.802493, Acc:0.569867, Semantic loss: 1.398101, BCE loss: 1.528556, SB loss: 0.875836
2025-03-28 16:38:03,452 Epoch: [14/20] Iter:[30/192], Time: 0.78, lr: [0.0033044217289421207], Loss: 3.732754, Acc:0.570773, Semantic loss: 1.391017, BCE loss: 1.480077, SB loss: 0.861659
2025-03-28 16:38:07,999 Epoch: [14/20] Iter:[40/192], Time: 0.70, lr: [0.0032779038215418194], Loss: 3.734318, Acc:0.574718, Semantic loss: 1.388331, BCE loss: 1.490103, SB loss: 0.855885
2025-03-28 16:38:12,343 Epoch: [14/20] Iter:[50/192], Time: 0.65, lr: [0.0032513620560388795], Loss: 3.740540, Acc:0.568883, Semantic loss: 1.381424, BCE loss: 1.504389, SB loss: 0.854728
2025-03-28 16:38:16,812 Epoch: [14/20] Iter:[60/192], Time: 0.61, lr: [0.003224796194170671], Loss: 3.739654, Acc:0.570421, Semantic loss: 1.379543, BCE loss: 1.506194, SB loss: 0.853918
2025-03-28 16:38:21,185 Epoch: [14/20] Iter:[70/192], Time: 0.59, lr: [0.003198205993090303], Loss: 3.724744, Acc:0.566070, Semantic loss: 1.386440, BCE loss: 1.486463, SB loss: 0.851841
2025-03-28 16:38:25,602 Epoch: [14/20] Iter:[80/192], Time: 0.57, lr: [0.0031715912052352204], Loss: 3.723606, Acc:0.570559, Semantic loss: 1.380835, BCE loss: 1.493466, SB loss: 0.849305
2025-03-28 16:38:29,986 Epoch: [14/20] Iter:[90/192], Time: 0.56, lr: [0.0031449515781907557], Loss: 3.719028, Acc:0.573125, Semantic loss: 1.381349, BCE loss: 1.488882, SB loss: 0.848796
2025-03-28 16:38:34,472 Epoch: [14/20] Iter:[100/192], Time: 0.55, lr: [0.003118286854548424], Loss: 3.723490, Acc:0.570691, Semantic loss: 1.386548, BCE loss: 1.485316, SB loss: 0.851627
2025-03-28 16:38:38,927 Epoch: [14/20] Iter:[110/192], Time: 0.54, lr: [0.003091596771758693], Loss: 3.722963, Acc:0.572368, Semantic loss: 1.380503, BCE loss: 1.495604, SB loss: 0.846855
2025-03-28 16:38:43,307 Epoch: [14/20] Iter:[120/192], Time: 0.53, lr: [0.0030648810619779434], Loss: 3.732783, Acc:0.573295, Semantic loss: 1.381309, BCE loss: 1.503592, SB loss: 0.847881
2025-03-28 16:38:47,741 Epoch: [14/20] Iter:[130/192], Time: 0.52, lr: [0.0030381394519093602], Loss: 3.719487, Acc:0.571831, Semantic loss: 1.379387, BCE loss: 1.493556, SB loss: 0.846544
2025-03-28 16:38:52,178 Epoch: [14/20] Iter:[140/192], Time: 0.52, lr: [0.003011371662637431], Loss: 3.716913, Acc:0.571736, Semantic loss: 1.380874, BCE loss: 1.485257, SB loss: 0.850782
2025-03-28 16:38:56,540 Epoch: [14/20] Iter:[150/192], Time: 0.51, lr: [0.0029845774094557345], Loss: 3.716044, Acc:0.572689, Semantic loss: 1.377742, BCE loss: 1.488614, SB loss: 0.849688
2025-03-28 16:39:01,000 Epoch: [14/20] Iter:[160/192], Time: 0.51, lr: [0.002957756401687678], Loss: 3.705692, Acc:0.573292, Semantic loss: 1.375657, BCE loss: 1.482679, SB loss: 0.847356
2025-03-28 16:39:05,359 Epoch: [14/20] Iter:[170/192], Time: 0.50, lr: [0.002930908342499829], Loss: 3.711532, Acc:0.572904, Semantic loss: 1.378708, BCE loss: 1.487686, SB loss: 0.845138
2025-03-28 16:39:09,869 Epoch: [14/20] Iter:[180/192], Time: 0.50, lr: [0.002904032928707437], Loss: 3.716459, Acc:0.569779, Semantic loss: 1.385902, BCE loss: 1.484108, SB loss: 0.846450
2025-03-28 16:39:14,221 Epoch: [14/20] Iter:[190/192], Time: 0.50, lr: [0.0028771298505717554], Loss: 3.726716, Acc:0.568627, Semantic loss: 1.392584, BCE loss: 1.479477, SB loss: 0.854655
2025-03-28 16:41:08,693 0 [0.         0.59862271 0.26607098 0.18912904 0.35093343 0.09790929
 0.06807202] 0.2243910670680259
2025-03-28 16:41:08,694 1 [0.         0.49868556 0.38332312 0.29501207 0.36129052 0.1090401
 0.09684424] 0.24917080168678468
2025-03-28 16:41:08,699 => saving checkpoint to output\loveda\pidnet_small_loveda\aug_hf_gb_rbcheckpoint.pth.tar
2025-03-28 16:41:08,778 Loss: 3.753, MeanIU:  0.2492, Best_mIoU:  0.2615
2025-03-28 16:41:08,778 [0.         0.49868556 0.38332312 0.29501207 0.36129052 0.1090401
 0.09684424]
2025-03-28 16:41:19,163 Epoch: [15/20] Iter:[0/192], Time: 10.19, lr: [0.0028717458874925874], Loss: 3.506546, Acc:0.555009, Semantic loss: 1.242951, BCE loss: 1.489302, SB loss: 0.774292
2025-03-28 16:41:23,046 Epoch: [15/20] Iter:[10/192], Time: 1.28, lr: [0.0028448091937488323], Loss: 3.698994, Acc:0.557812, Semantic loss: 1.442201, BCE loss: 1.364666, SB loss: 0.892127
2025-03-28 16:41:26,934 Epoch: [15/20] Iter:[20/192], Time: 0.86, lr: [0.002817844130111582], Loss: 3.774524, Acc:0.565494, Semantic loss: 1.442125, BCE loss: 1.428619, SB loss: 0.903780
2025-03-28 16:41:30,822 Epoch: [15/20] Iter:[30/192], Time: 0.70, lr: [0.0027908503644035994], Loss: 3.803616, Acc:0.568309, Semantic loss: 1.433699, BCE loss: 1.484373, SB loss: 0.885544
2025-03-28 16:41:34,688 Epoch: [15/20] Iter:[40/192], Time: 0.63, lr: [0.0027638275569424097], Loss: 3.788867, Acc:0.561732, Semantic loss: 1.436115, BCE loss: 1.469133, SB loss: 0.883619
2025-03-28 16:41:38,593 Epoch: [15/20] Iter:[50/192], Time: 0.58, lr: [0.002736775360287257], Loss: 3.728625, Acc:0.563465, Semantic loss: 1.419972, BCE loss: 1.435523, SB loss: 0.873129
2025-03-28 16:41:42,513 Epoch: [15/20] Iter:[60/192], Time: 0.55, lr: [0.002709693418974644], Loss: 3.728939, Acc:0.567897, Semantic loss: 1.413812, BCE loss: 1.442729, SB loss: 0.872398
2025-03-28 16:41:46,424 Epoch: [15/20] Iter:[70/192], Time: 0.53, lr: [0.0026825813692418162], Loss: 3.693129, Acc:0.570101, Semantic loss: 1.396864, BCE loss: 1.430845, SB loss: 0.865419
2025-03-28 16:41:50,352 Epoch: [15/20] Iter:[80/192], Time: 0.51, lr: [0.0026554388387375], Loss: 3.702074, Acc:0.569490, Semantic loss: 1.397400, BCE loss: 1.434642, SB loss: 0.870032
2025-03-28 16:41:54,268 Epoch: [15/20] Iter:[90/192], Time: 0.50, lr: [0.002628265446219161], Loss: 3.687701, Acc:0.573978, Semantic loss: 1.389250, BCE loss: 1.436271, SB loss: 0.862180
2025-03-28 16:41:58,176 Epoch: [15/20] Iter:[100/192], Time: 0.49, lr: [0.002601060801235972], Loss: 3.683402, Acc:0.575357, Semantic loss: 1.388889, BCE loss: 1.438922, SB loss: 0.855590
2025-03-28 16:42:02,094 Epoch: [15/20] Iter:[110/192], Time: 0.48, lr: [0.002573824503796671], Loss: 3.686089, Acc:0.573455, Semantic loss: 1.383008, BCE loss: 1.450807, SB loss: 0.852274
2025-03-28 16:42:05,983 Epoch: [15/20] Iter:[120/192], Time: 0.47, lr: [0.00254655614402138], Loss: 3.692950, Acc:0.572887, Semantic loss: 1.379840, BCE loss: 1.460270, SB loss: 0.852839
2025-03-28 16:42:09,869 Epoch: [15/20] Iter:[130/192], Time: 0.46, lr: [0.0025192553017764118], Loss: 3.688675, Acc:0.572604, Semantic loss: 1.378945, BCE loss: 1.460968, SB loss: 0.848763
2025-03-28 16:42:13,770 Epoch: [15/20] Iter:[140/192], Time: 0.46, lr: [0.002491921546291034], Loss: 3.689602, Acc:0.571932, Semantic loss: 1.373924, BCE loss: 1.468896, SB loss: 0.846781
2025-03-28 16:42:17,668 Epoch: [15/20] Iter:[150/192], Time: 0.45, lr: [0.0024645544357550573], Loss: 3.700752, Acc:0.569745, Semantic loss: 1.379860, BCE loss: 1.470380, SB loss: 0.850511
2025-03-28 16:42:21,546 Epoch: [15/20] Iter:[160/192], Time: 0.45, lr: [0.002437153516896028], Loss: 3.698330, Acc:0.569803, Semantic loss: 1.380392, BCE loss: 1.465180, SB loss: 0.852758
2025-03-28 16:42:25,473 Epoch: [15/20] Iter:[170/192], Time: 0.45, lr: [0.0024097183245347467], Loss: 3.701699, Acc:0.572693, Semantic loss: 1.377354, BCE loss: 1.474843, SB loss: 0.849502
2025-03-28 16:42:29,424 Epoch: [15/20] Iter:[180/192], Time: 0.44, lr: [0.0023822483811177], Loss: 3.696227, Acc:0.575157, Semantic loss: 1.370689, BCE loss: 1.478670, SB loss: 0.846868
2025-03-28 16:42:33,339 Epoch: [15/20] Iter:[190/192], Time: 0.44, lr: [0.002354743196224891], Loss: 3.701663, Acc:0.574106, Semantic loss: 1.373946, BCE loss: 1.478167, SB loss: 0.849549
2025-03-28 16:44:13,612 0 [0.         0.54960644 0.21841564 0.22445854 0.33296743 0.08585414
 0.07929165] 0.21294197711533788
2025-03-28 16:44:13,612 1 [0.         0.56888036 0.32022168 0.3181662  0.37537396 0.09562226
 0.08700189] 0.25218090676440225
2025-03-28 16:44:13,617 => saving checkpoint to output\loveda\pidnet_small_loveda\aug_hf_gb_rbcheckpoint.pth.tar
2025-03-28 16:44:13,694 Loss: 3.668, MeanIU:  0.2522, Best_mIoU:  0.2615
2025-03-28 16:44:13,694 [0.         0.56888036 0.32022168 0.3181662  0.37537396 0.09562226
 0.08700189]
2025-03-28 16:44:24,117 Epoch: [16/20] Iter:[0/192], Time: 10.23, lr: [0.0023492378861760376], Loss: 3.857727, Acc:0.592605, Semantic loss: 1.362311, BCE loss: 1.692332, SB loss: 0.803084
2025-03-28 16:44:28,052 Epoch: [16/20] Iter:[10/192], Time: 1.29, lr: [0.0023216897452738748], Loss: 3.616894, Acc:0.602715, Semantic loss: 1.331896, BCE loss: 1.477222, SB loss: 0.807777
2025-03-28 16:44:31,940 Epoch: [16/20] Iter:[20/192], Time: 0.86, lr: [0.0022941052360858027], Loss: 3.539255, Acc:0.598608, Semantic loss: 1.325065, BCE loss: 1.417021, SB loss: 0.797169
2025-03-28 16:44:35,844 Epoch: [16/20] Iter:[30/192], Time: 0.71, lr: [0.0022664838233947228], Loss: 3.637831, Acc:0.589097, Semantic loss: 1.366076, BCE loss: 1.455087, SB loss: 0.816668
2025-03-28 16:44:39,782 Epoch: [16/20] Iter:[40/192], Time: 0.63, lr: [0.0022388249567421017], Loss: 3.662801, Acc:0.584658, Semantic loss: 1.366599, BCE loss: 1.486731, SB loss: 0.809471
2025-03-28 16:44:43,725 Epoch: [16/20] Iter:[50/192], Time: 0.58, lr: [0.002211128069778427], Loss: 3.645771, Acc:0.585451, Semantic loss: 1.355694, BCE loss: 1.478451, SB loss: 0.811625
2025-03-28 16:44:47,677 Epoch: [16/20] Iter:[60/192], Time: 0.55, lr: [0.0021833925795765436], Loss: 3.665207, Acc:0.585265, Semantic loss: 1.349508, BCE loss: 1.496216, SB loss: 0.819483
2025-03-28 16:44:51,597 Epoch: [16/20] Iter:[70/192], Time: 0.53, lr: [0.0021556178859051967], Loss: 3.650963, Acc:0.587957, Semantic loss: 1.339924, BCE loss: 1.496462, SB loss: 0.814577
2025-03-28 16:44:55,490 Epoch: [16/20] Iter:[80/192], Time: 0.51, lr: [0.002127803370459852], Loss: 3.661100, Acc:0.586210, Semantic loss: 1.339841, BCE loss: 1.505645, SB loss: 0.815615
2025-03-28 16:44:59,369 Epoch: [16/20] Iter:[90/192], Time: 0.50, lr: [0.0020999483960476508], Loss: 3.636350, Acc:0.586830, Semantic loss: 1.334016, BCE loss: 1.487640, SB loss: 0.814693
2025-03-28 16:45:03,257 Epoch: [16/20] Iter:[100/192], Time: 0.49, lr: [0.0020720523057230294], Loss: 3.656207, Acc:0.587249, Semantic loss: 1.338567, BCE loss: 1.504030, SB loss: 0.813610
2025-03-28 16:45:07,138 Epoch: [16/20] Iter:[110/192], Time: 0.48, lr: [0.002044114421870228], Loss: 3.647543, Acc:0.589509, Semantic loss: 1.331185, BCE loss: 1.503735, SB loss: 0.812623
2025-03-28 16:45:11,069 Epoch: [16/20] Iter:[120/192], Time: 0.47, lr: [0.0020161340452285867], Loss: 3.648078, Acc:0.590210, Semantic loss: 1.332935, BCE loss: 1.501416, SB loss: 0.813727
2025-03-28 16:45:14,951 Epoch: [16/20] Iter:[130/192], Time: 0.47, lr: [0.001988110453856112], Loss: 3.647328, Acc:0.586338, Semantic loss: 1.339312, BCE loss: 1.489328, SB loss: 0.818688
2025-03-28 16:45:18,861 Epoch: [16/20] Iter:[140/192], Time: 0.46, lr: [0.0019600429020263607], Loss: 3.665163, Acc:0.584427, Semantic loss: 1.346268, BCE loss: 1.493746, SB loss: 0.825149
2025-03-28 16:45:22,836 Epoch: [16/20] Iter:[150/192], Time: 0.46, lr: [0.0019319306190532476], Loss: 3.664679, Acc:0.584793, Semantic loss: 1.345485, BCE loss: 1.496420, SB loss: 0.822774
2025-03-28 16:45:26,805 Epoch: [16/20] Iter:[160/192], Time: 0.45, lr: [0.0019037728080378042], Loss: 3.667740, Acc:0.582634, Semantic loss: 1.351934, BCE loss: 1.489289, SB loss: 0.826516
2025-03-28 16:45:30,724 Epoch: [16/20] Iter:[170/192], Time: 0.45, lr: [0.0018755686445303314], Loss: 3.662072, Acc:0.581980, Semantic loss: 1.354948, BCE loss: 1.478535, SB loss: 0.828589
2025-03-28 16:45:34,639 Epoch: [16/20] Iter:[180/192], Time: 0.45, lr: [0.001847317275100738], Loss: 3.669004, Acc:0.580106, Semantic loss: 1.360482, BCE loss: 1.480438, SB loss: 0.828084
2025-03-28 16:45:38,547 Epoch: [16/20] Iter:[190/192], Time: 0.44, lr: [0.0018190178158090872], Loss: 3.672580, Acc:0.579889, Semantic loss: 1.364089, BCE loss: 1.479454, SB loss: 0.829038
2025-03-28 16:47:15,582 0 [0.         0.57049684 0.20501904 0.22513899 0.24693668 0.202471
 0.0757002 ] 0.2179661080091154
2025-03-28 16:47:15,582 1 [0.         0.62238374 0.34236211 0.28793538 0.30214045 0.18251025
 0.05262804] 0.2557085685726021
2025-03-28 16:47:15,587 => saving checkpoint to output\loveda\pidnet_small_loveda\aug_hf_gb_rbcheckpoint.pth.tar
2025-03-28 16:47:15,672 Loss: 3.745, MeanIU:  0.2557, Best_mIoU:  0.2615
2025-03-28 16:47:15,672 [0.         0.62238374 0.34236211 0.28793538 0.30214045 0.18251025
 0.05262804]
2025-03-28 16:47:26,208 Epoch: [17/20] Iter:[0/192], Time: 10.34, lr: [0.0018133520731367456], Loss: 3.783520, Acc:0.627748, Semantic loss: 1.229852, BCE loss: 1.684867, SB loss: 0.868801
2025-03-28 16:47:30,102 Epoch: [17/20] Iter:[10/192], Time: 1.29, lr: [0.001784993693823396], Loss: 3.653078, Acc:0.581405, Semantic loss: 1.310976, BCE loss: 1.524582, SB loss: 0.817520
2025-03-28 16:47:33,996 Epoch: [17/20] Iter:[20/192], Time: 0.86, lr: [0.0017565851643374117], Loss: 3.668742, Acc:0.584062, Semantic loss: 1.321732, BCE loss: 1.507757, SB loss: 0.839253
2025-03-28 16:47:37,878 Epoch: [17/20] Iter:[30/192], Time: 0.71, lr: [0.0017281254915000803], Loss: 3.717950, Acc:0.577807, Semantic loss: 1.353212, BCE loss: 1.498004, SB loss: 0.866735
2025-03-28 16:47:41,777 Epoch: [17/20] Iter:[40/192], Time: 0.63, lr: [0.0016996136438923032], Loss: 3.691460, Acc:0.576525, Semantic loss: 1.355400, BCE loss: 1.481637, SB loss: 0.854423
2025-03-28 16:47:45,668 Epoch: [17/20] Iter:[50/192], Time: 0.58, lr: [0.0016710485496403851], Loss: 3.698007, Acc:0.574139, Semantic loss: 1.366749, BCE loss: 1.475477, SB loss: 0.855780
2025-03-28 16:47:49,553 Epoch: [17/20] Iter:[60/192], Time: 0.55, lr: [0.0016424290940290059], Loss: 3.667247, Acc:0.584034, Semantic loss: 1.352597, BCE loss: 1.472594, SB loss: 0.842057
2025-03-28 16:47:53,429 Epoch: [17/20] Iter:[70/192], Time: 0.53, lr: [0.0016137541169242962], Loss: 3.628081, Acc:0.585055, Semantic loss: 1.345759, BCE loss: 1.444258, SB loss: 0.838064
2025-03-28 16:47:57,328 Epoch: [17/20] Iter:[80/192], Time: 0.51, lr: [0.0015850224099878446], Loss: 3.644492, Acc:0.586490, Semantic loss: 1.345707, BCE loss: 1.459769, SB loss: 0.839016
2025-03-28 16:48:01,229 Epoch: [17/20] Iter:[90/192], Time: 0.50, lr: [0.001556232713660091], Loss: 3.635466, Acc:0.586710, Semantic loss: 1.338423, BCE loss: 1.459774, SB loss: 0.837269
2025-03-28 16:48:05,135 Epoch: [17/20] Iter:[100/192], Time: 0.49, lr: [0.0015273837138888994], Loss: 3.635213, Acc:0.587498, Semantic loss: 1.336487, BCE loss: 1.466764, SB loss: 0.831962
2025-03-28 16:48:09,037 Epoch: [17/20] Iter:[110/192], Time: 0.48, lr: [0.0014984740385759552], Loss: 3.644226, Acc:0.586870, Semantic loss: 1.335838, BCE loss: 1.476193, SB loss: 0.832195
2025-03-28 16:48:12,920 Epoch: [17/20] Iter:[120/192], Time: 0.47, lr: [0.0014695022537100475], Loss: 3.646313, Acc:0.583765, Semantic loss: 1.339179, BCE loss: 1.474405, SB loss: 0.832729
2025-03-28 16:48:16,795 Epoch: [17/20] Iter:[130/192], Time: 0.47, lr: [0.0014404668591521846], Loss: 3.642559, Acc:0.581230, Semantic loss: 1.343558, BCE loss: 1.468420, SB loss: 0.830581
2025-03-28 16:48:20,686 Epoch: [17/20] Iter:[140/192], Time: 0.46, lr: [0.0014113662840326588], Loss: 3.644684, Acc:0.582780, Semantic loss: 1.346802, BCE loss: 1.468027, SB loss: 0.829855
2025-03-28 16:48:24,571 Epoch: [17/20] Iter:[150/192], Time: 0.46, lr: [0.0013821988817145786], Loss: 3.650831, Acc:0.582360, Semantic loss: 1.349389, BCE loss: 1.471286, SB loss: 0.830156
2025-03-28 16:48:28,524 Epoch: [17/20] Iter:[160/192], Time: 0.45, lr: [0.0013529629242719093], Loss: 3.648156, Acc:0.585330, Semantic loss: 1.346909, BCE loss: 1.472564, SB loss: 0.828683
2025-03-28 16:48:32,453 Epoch: [17/20] Iter:[170/192], Time: 0.45, lr: [0.0013236565964223801], Loss: 3.648011, Acc:0.586518, Semantic loss: 1.344991, BCE loss: 1.475653, SB loss: 0.827367
2025-03-28 16:48:36,386 Epoch: [17/20] Iter:[180/192], Time: 0.44, lr: [0.0012942779888466518], Loss: 3.648369, Acc:0.585659, Semantic loss: 1.347773, BCE loss: 1.475873, SB loss: 0.824722
2025-03-28 16:48:40,243 Epoch: [17/20] Iter:[190/192], Time: 0.44, lr: [0.0012648250908145803], Loss: 3.648034, Acc:0.585518, Semantic loss: 1.348125, BCE loss: 1.473155, SB loss: 0.826754
2025-03-28 16:50:13,418 0 [0.         0.58408837 0.23849156 0.23844113 0.29869983 0.14259542
 0.07773031] 0.22572094431269354
2025-03-28 16:50:13,419 1 [0.         0.62379647 0.40957046 0.29635303 0.28324047 0.1562934
 0.04828828] 0.2596488719583225
2025-03-28 16:50:13,425 => saving checkpoint to output\loveda\pidnet_small_loveda\aug_hf_gb_rbcheckpoint.pth.tar
2025-03-28 16:50:13,502 Loss: 3.749, MeanIU:  0.2596, Best_mIoU:  0.2615
2025-03-28 16:50:13,502 [0.         0.62379647 0.40957046 0.29635303 0.28324047 0.1562934
 0.04828828]
2025-03-28 16:50:23,743 Epoch: [18/20] Iter:[0/192], Time: 10.05, lr: [0.001258925411794167], Loss: 3.539614, Acc:0.470307, Semantic loss: 1.305524, BCE loss: 1.418800, SB loss: 0.815290
2025-03-28 16:50:27,650 Epoch: [18/20] Iter:[10/192], Time: 1.27, lr: [0.0012293805561511607], Loss: 3.724355, Acc:0.588510, Semantic loss: 1.360515, BCE loss: 1.503860, SB loss: 0.859980
2025-03-28 16:50:31,559 Epoch: [18/20] Iter:[20/192], Time: 0.85, lr: [0.0011997565879500753], Loss: 3.664123, Acc:0.598712, Semantic loss: 1.347748, BCE loss: 1.474474, SB loss: 0.841902
2025-03-28 16:50:35,460 Epoch: [18/20] Iter:[30/192], Time: 0.70, lr: [0.0011700511125444005], Loss: 3.674342, Acc:0.600850, Semantic loss: 1.364139, BCE loss: 1.464038, SB loss: 0.846165
2025-03-28 16:50:39,380 Epoch: [18/20] Iter:[40/192], Time: 0.63, lr: [0.0011402615929770753], Loss: 3.646759, Acc:0.599411, Semantic loss: 1.345199, BCE loss: 1.474294, SB loss: 0.827265
2025-03-28 16:50:43,296 Epoch: [18/20] Iter:[50/192], Time: 0.58, lr: [0.0011103853371305413], Loss: 3.614710, Acc:0.597260, Semantic loss: 1.336788, BCE loss: 1.458086, SB loss: 0.819836
2025-03-28 16:50:47,197 Epoch: [18/20] Iter:[60/192], Time: 0.55, lr: [0.001080419483295973], Loss: 3.590351, Acc:0.599121, Semantic loss: 1.334532, BCE loss: 1.443135, SB loss: 0.812684
2025-03-28 16:50:51,083 Epoch: [18/20] Iter:[70/192], Time: 0.53, lr: [0.0010503609839122385], Loss: 3.606363, Acc:0.601558, Semantic loss: 1.329427, BCE loss: 1.465571, SB loss: 0.811365
2025-03-28 16:50:54,953 Epoch: [18/20] Iter:[80/192], Time: 0.51, lr: [0.0010202065871765603], Loss: 3.628421, Acc:0.592843, Semantic loss: 1.343359, BCE loss: 1.471193, SB loss: 0.813870
2025-03-28 16:50:58,860 Epoch: [18/20] Iter:[90/192], Time: 0.50, lr: [0.000989952816168914], Loss: 3.624276, Acc:0.595101, Semantic loss: 1.335873, BCE loss: 1.473488, SB loss: 0.814914
2025-03-28 16:51:02,735 Epoch: [18/20] Iter:[100/192], Time: 0.49, lr: [0.0009595959450576828], Loss: 3.628409, Acc:0.592957, Semantic loss: 1.336445, BCE loss: 1.473170, SB loss: 0.818794
2025-03-28 16:51:06,622 Epoch: [18/20] Iter:[110/192], Time: 0.48, lr: [0.000929131971860904], Loss: 3.614878, Acc:0.590775, Semantic loss: 1.338694, BCE loss: 1.457373, SB loss: 0.818811
2025-03-28 16:51:10,511 Epoch: [18/20] Iter:[120/192], Time: 0.47, lr: [0.0008985565871200918], Loss: 3.609786, Acc:0.592326, Semantic loss: 1.334059, BCE loss: 1.459669, SB loss: 0.816058
2025-03-28 16:51:14,400 Epoch: [18/20] Iter:[130/192], Time: 0.46, lr: [0.0008678651376944955], Loss: 3.620899, Acc:0.593361, Semantic loss: 1.334646, BCE loss: 1.470289, SB loss: 0.815964
2025-03-28 16:51:18,285 Epoch: [18/20] Iter:[140/192], Time: 0.46, lr: [0.000837052584692747], Loss: 3.627369, Acc:0.594150, Semantic loss: 1.331073, BCE loss: 1.478495, SB loss: 0.817802
2025-03-28 16:51:22,198 Epoch: [18/20] Iter:[150/192], Time: 0.45, lr: [0.000806113454312208], Loss: 3.622068, Acc:0.592781, Semantic loss: 1.332610, BCE loss: 1.471210, SB loss: 0.818248
2025-03-28 16:51:26,110 Epoch: [18/20] Iter:[160/192], Time: 0.45, lr: [0.0007750417800344363], Loss: 3.616978, Acc:0.592362, Semantic loss: 1.330624, BCE loss: 1.467006, SB loss: 0.819348
2025-03-28 16:51:29,982 Epoch: [18/20] Iter:[170/192], Time: 0.45, lr: [0.0007438310342008949], Loss: 3.623263, Acc:0.590531, Semantic loss: 1.335502, BCE loss: 1.465685, SB loss: 0.822076
2025-03-28 16:51:33,889 Epoch: [18/20] Iter:[180/192], Time: 0.44, lr: [0.0007124740464272778], Loss: 3.616462, Acc:0.591176, Semantic loss: 1.332055, BCE loss: 1.464980, SB loss: 0.819426
2025-03-28 16:51:37,774 Epoch: [18/20] Iter:[190/192], Time: 0.44, lr: [0.0006809629055511224], Loss: 3.624327, Acc:0.589193, Semantic loss: 1.337041, BCE loss: 1.468383, SB loss: 0.818903
2025-03-28 16:53:11,022 0 [0.         0.5474485  0.19466824 0.24138939 0.29487469 0.10741622
 0.06000225] 0.20654275676576433
2025-03-28 16:53:11,022 1 [0.         0.61824365 0.38204826 0.31813674 0.39573758 0.08546809
 0.05473564] 0.2649099940441129
2025-03-28 16:53:11,029 => saving checkpoint to output\loveda\pidnet_small_loveda\aug_hf_gb_rbcheckpoint.pth.tar
2025-03-28 16:53:11,150 Loss: 3.591, MeanIU:  0.2649, Best_mIoU:  0.2649
2025-03-28 16:53:11,150 [0.         0.61824365 0.38204826 0.31813674 0.39573758 0.08546809
 0.05473564]
2025-03-28 16:53:21,270 Epoch: [19/20] Iter:[0/192], Time: 9.93, lr: [0.0006746414238367822], Loss: 3.896571, Acc:0.542067, Semantic loss: 1.495653, BCE loss: 1.551118, SB loss: 0.849801
2025-03-28 16:53:25,124 Epoch: [19/20] Iter:[10/192], Time: 1.25, lr: [0.0006429336362339898], Loss: 3.632491, Acc:0.572175, Semantic loss: 1.356515, BCE loss: 1.461105, SB loss: 0.814872
2025-03-28 16:53:28,981 Epoch: [19/20] Iter:[20/192], Time: 0.84, lr: [0.0006110510578510947], Loss: 3.571423, Acc:0.570073, Semantic loss: 1.345504, BCE loss: 1.402583, SB loss: 0.823337
2025-03-28 16:53:32,853 Epoch: [19/20] Iter:[30/192], Time: 0.69, lr: [0.0005789824653018995], Loss: 3.548819, Acc:0.582500, Semantic loss: 1.337377, BCE loss: 1.398923, SB loss: 0.812518
2025-03-28 16:53:36,732 Epoch: [19/20] Iter:[40/192], Time: 0.62, lr: [0.0005467151732202777], Loss: 3.596292, Acc:0.580014, Semantic loss: 1.340998, BCE loss: 1.447349, SB loss: 0.807945
2025-03-28 16:53:40,639 Epoch: [19/20] Iter:[50/192], Time: 0.57, lr: [0.0005142347343351296], Loss: 3.628281, Acc:0.580411, Semantic loss: 1.352241, BCE loss: 1.453336, SB loss: 0.822704
2025-03-28 16:53:44,555 Epoch: [19/20] Iter:[60/192], Time: 0.54, lr: [0.0004815245523312483], Loss: 3.601912, Acc:0.583849, Semantic loss: 1.345109, BCE loss: 1.442116, SB loss: 0.814687
2025-03-28 16:53:48,472 Epoch: [19/20] Iter:[70/192], Time: 0.52, lr: [0.000448565373510549], Loss: 3.592826, Acc:0.585686, Semantic loss: 1.340510, BCE loss: 1.438038, SB loss: 0.814278
2025-03-28 16:53:52,372 Epoch: [19/20] Iter:[80/192], Time: 0.51, lr: [0.00041533460609889997], Loss: 3.613172, Acc:0.587112, Semantic loss: 1.340955, BCE loss: 1.457333, SB loss: 0.814885
2025-03-28 16:53:56,338 Epoch: [19/20] Iter:[90/192], Time: 0.49, lr: [0.00038180538785330436], Loss: 3.608209, Acc:0.586866, Semantic loss: 1.342372, BCE loss: 1.448516, SB loss: 0.817321
2025-03-28 16:54:00,490 Epoch: [19/20] Iter:[100/192], Time: 0.49, lr: [0.00034794527452517863], Loss: 3.595961, Acc:0.585276, Semantic loss: 1.338771, BCE loss: 1.441986, SB loss: 0.815203
2025-03-28 16:54:04,543 Epoch: [19/20] Iter:[110/192], Time: 0.48, lr: [0.00031371433588231993], Loss: 3.588357, Acc:0.586674, Semantic loss: 1.336818, BCE loss: 1.436928, SB loss: 0.814610
2025-03-28 16:54:08,492 Epoch: [19/20] Iter:[120/192], Time: 0.47, lr: [0.0002790622842837163], Loss: 3.596037, Acc:0.587862, Semantic loss: 1.339450, BCE loss: 1.442941, SB loss: 0.813646
2025-03-28 16:54:12,383 Epoch: [19/20] Iter:[130/192], Time: 0.47, lr: [0.0002439239356353784], Loss: 3.595906, Acc:0.587569, Semantic loss: 1.339369, BCE loss: 1.445186, SB loss: 0.811352
2025-03-28 16:54:16,285 Epoch: [19/20] Iter:[140/192], Time: 0.46, lr: [0.00020821159321002047], Loss: 3.608274, Acc:0.586829, Semantic loss: 1.340926, BCE loss: 1.454654, SB loss: 0.812694
2025-03-28 16:54:20,241 Epoch: [19/20] Iter:[150/192], Time: 0.46, lr: [0.00017180122628828942], Loss: 3.619418, Acc:0.586442, Semantic loss: 1.340356, BCE loss: 1.466934, SB loss: 0.812128
2025-03-28 16:54:24,212 Epoch: [19/20] Iter:[160/192], Time: 0.45, lr: [0.00013450451987183818], Loss: 3.614976, Acc:0.587211, Semantic loss: 1.336228, BCE loss: 1.468001, SB loss: 0.810747
2025-03-28 16:54:28,111 Epoch: [19/20] Iter:[170/192], Time: 0.45, lr: [9.600244875192536e-05], Loss: 3.613705, Acc:0.587782, Semantic loss: 1.332905, BCE loss: 1.471835, SB loss: 0.808964
2025-03-28 16:54:31,997 Epoch: [19/20] Iter:[180/192], Time: 0.45, lr: [5.563716848048335e-05], Loss: 3.620798, Acc:0.588048, Semantic loss: 1.334745, BCE loss: 1.476683, SB loss: 0.809371
2025-03-28 16:54:35,847 Epoch: [19/20] Iter:[190/192], Time: 0.44, lr: [1.1092486125349496e-05], Loss: 3.609486, Acc:0.588401, Semantic loss: 1.331588, BCE loss: 1.469017, SB loss: 0.808882
2025-03-28 16:56:08,583 0 [0.         0.5750369  0.23393467 0.24719773 0.30824293 0.15593177
 0.06920842] 0.22707891675269845
2025-03-28 16:56:08,584 1 [0.         0.61179631 0.40936702 0.3058626  0.40234581 0.1270815
 0.05950091] 0.2737077379844451
2025-03-28 16:56:08,589 => saving checkpoint to output\loveda\pidnet_small_loveda\aug_hf_gb_rbcheckpoint.pth.tar
2025-03-28 16:56:08,714 Loss: 3.550, MeanIU:  0.2737, Best_mIoU:  0.2737
2025-03-28 16:56:08,714 [0.         0.61179631 0.40936702 0.3058626  0.40234581 0.1270815
 0.05950091]
2025-03-28 16:56:08,756 Hours: 1
2025-03-28 16:56:08,756 Done
