2025-03-23 12:30:32,404 Namespace(cfg='configs/loveda/pidnet_small_loveda.yaml', seed=304, opts=[])
2025-03-23 12:30:32,404 AUTO_RESUME: False
CUDNN:
  BENCHMARK: True
  DETERMINISTIC: False
  ENABLED: True
DATASET:
  DATASET: loveda
  EXTRA_TRAIN_SET: 
  NUM_CLASSES: 7
  ROOT: data/
  TEST_SET: list/loveda/urban_rural/val.lst
  TRAIN_SET: list/loveda/urban_rural/train.lst
GPUS: (0,)
LOG_DIR: log
LOSS:
  BALANCE_WEIGHTS: [0.4, 1.0]
  CLASS_BALANCE: False
  OHEMKEEP: 131072
  OHEMTHRES: 0.9
  SB_WEIGHTS: 1.0
  USE_OHEM: True
MODEL:
  ALIGN_CORNERS: True
  NAME: pidnet_small
  NUM_OUTPUTS: 2
  PRETRAINED: pretrained_models/imagenet/PIDNet_S_ImageNet.pth.tar
OUTPUT_DIR: output
PIN_MEMORY: True
PRINT_FREQ: 10
TEST:
  BASE_SIZE: 2048
  BATCH_SIZE_PER_GPU: 6
  FLIP_TEST: False
  IMAGE_SIZE: [2048, 1024]
  MODEL_FILE: output/loveda/pidnet_small_loveda/final_state.pt
  MULTI_SCALE: False
  OUTPUT_INDEX: 1
TRAIN:
  AUGMENTATION:
    ENABLE: True
    PROBABILITY: 0.5
    TECHNIQUES:
      GAUSSIAN_BLUR: True
      HORIZONTAL_FLIP: True
      MULTIPLY: False
      RANDOM_BRIGHTNESS: True
  BASE_SIZE: 2048
  BATCH_SIZE_PER_GPU: 6
  BEGIN_EPOCH: 0
  END_EPOCH: 20
  EXTRA_EPOCH: 0
  EXTRA_LR: 0.001
  FLIP: False
  IGNORE_LABEL: 0
  IMAGE_SIZE: [1024, 1024]
  LR: 0.01
  MOMENTUM: 0.9
  MULTI_SCALE: False
  NESTEROV: False
  OPTIMIZER: sgd
  RESUME: True
  SCALE_FACTOR: 16
  SHUFFLE: True
  WD: 0.0005
WORKERS: 4
2025-03-23 12:30:32,516 Attention!!!
2025-03-23 12:30:32,516 Loaded 302 parameters!
2025-03-23 12:30:32,516 Over!!!
2025-03-23 12:30:47,672 Epoch: [0/20] Iter:[0/192], Time: 15.05, lr: [0.01], Loss: 16.712570, Acc:0.123020, Semantic loss: 7.018353, BCE loss: 3.791915, SB loss: 5.902302
2025-03-23 12:30:52,077 Epoch: [0/20] Iter:[10/192], Time: 1.75, lr: [0.009976559445324192], Loss: 10.904736, Acc:0.298901, Semantic loss: 4.890055, BCE loss: 2.559906, SB loss: 3.454775
2025-03-23 12:30:56,403 Epoch: [0/20] Iter:[20/192], Time: 1.12, lr: [0.009953112769592761], Loss: 8.712638, Acc:0.346963, Semantic loss: 3.902616, BCE loss: 2.240540, SB loss: 2.569483
2025-03-23 12:31:00,718 Epoch: [0/20] Iter:[30/192], Time: 0.90, lr: [0.009929659955177281], Loss: 7.527138, Acc:0.389295, Semantic loss: 3.330686, BCE loss: 2.068682, SB loss: 2.127770
2025-03-23 12:31:05,007 Epoch: [0/20] Iter:[40/192], Time: 0.79, lr: [0.009906200984352154], Loss: 6.834858, Acc:0.397020, Semantic loss: 3.000721, BCE loss: 1.955273, SB loss: 1.878864
2025-03-23 12:31:09,303 Epoch: [0/20] Iter:[50/192], Time: 0.72, lr: [0.009882735839293803], Loss: 6.353255, Acc:0.422224, Semantic loss: 2.772634, BCE loss: 1.873908, SB loss: 1.706712
2025-03-23 12:31:13,584 Epoch: [0/20] Iter:[60/192], Time: 0.67, lr: [0.00985926450207989], Loss: 6.073231, Acc:0.426055, Semantic loss: 2.640532, BCE loss: 1.825801, SB loss: 1.606898
2025-03-23 12:31:17,918 Epoch: [0/20] Iter:[70/192], Time: 0.64, lr: [0.009835786954688485], Loss: 5.857877, Acc:0.425026, Semantic loss: 2.533553, BCE loss: 1.788387, SB loss: 1.535937
2025-03-23 12:31:22,502 Epoch: [0/20] Iter:[80/192], Time: 0.61, lr: [0.00981230317899726], Loss: 5.676383, Acc:0.429582, Semantic loss: 2.447435, BCE loss: 1.760417, SB loss: 1.468531
2025-03-23 12:31:27,110 Epoch: [0/20] Iter:[90/192], Time: 0.60, lr: [0.009788813156782662], Loss: 5.564794, Acc:0.432081, Semantic loss: 2.391316, BCE loss: 1.751059, SB loss: 1.422419
2025-03-23 12:31:31,702 Epoch: [0/20] Iter:[100/192], Time: 0.58, lr: [0.009765316869719067], Loss: 5.457492, Acc:0.434200, Semantic loss: 2.344041, BCE loss: 1.732723, SB loss: 1.380728
2025-03-23 12:31:36,350 Epoch: [0/20] Iter:[110/192], Time: 0.57, lr: [0.009741814299377942], Loss: 5.372296, Acc:0.431798, Semantic loss: 2.305967, BCE loss: 1.710608, SB loss: 1.355721
2025-03-23 12:31:40,894 Epoch: [0/20] Iter:[120/192], Time: 0.56, lr: [0.009718305427226986], Loss: 5.285221, Acc:0.436502, Semantic loss: 2.258246, BCE loss: 1.705193, SB loss: 1.321783
2025-03-23 12:31:45,553 Epoch: [0/20] Iter:[130/192], Time: 0.56, lr: [0.009694790234629266], Loss: 5.203878, Acc:0.440788, Semantic loss: 2.214578, BCE loss: 1.695039, SB loss: 1.294260
2025-03-23 12:31:50,083 Epoch: [0/20] Iter:[140/192], Time: 0.55, lr: [0.009671268702842338], Loss: 5.136913, Acc:0.442577, Semantic loss: 2.192209, BCE loss: 1.678733, SB loss: 1.265970
2025-03-23 12:31:54,692 Epoch: [0/20] Iter:[150/192], Time: 0.54, lr: [0.009647740813017376], Loss: 5.083347, Acc:0.442551, Semantic loss: 2.167016, BCE loss: 1.667597, SB loss: 1.248734
2025-03-23 12:31:59,212 Epoch: [0/20] Iter:[160/192], Time: 0.54, lr: [0.009624206546198262], Loss: 5.039021, Acc:0.447299, Semantic loss: 2.136783, BCE loss: 1.669984, SB loss: 1.232254
2025-03-23 12:32:03,830 Epoch: [0/20] Iter:[170/192], Time: 0.53, lr: [0.009600665883320689], Loss: 4.985478, Acc:0.450839, Semantic loss: 2.106984, BCE loss: 1.668851, SB loss: 1.209642
2025-03-23 12:32:08,347 Epoch: [0/20] Iter:[180/192], Time: 0.53, lr: [0.009577118805211254], Loss: 4.940028, Acc:0.453935, Semantic loss: 2.084717, BCE loss: 1.664454, SB loss: 1.190857
2025-03-23 12:32:12,930 Epoch: [0/20] Iter:[190/192], Time: 0.52, lr: [0.009553565292586523], Loss: 4.900217, Acc:0.456541, Semantic loss: 2.064313, BCE loss: 1.659559, SB loss: 1.176345
2025-03-23 12:34:15,644 0 [0.00000000e+00 4.70467420e-01 3.93848527e-02 1.04569061e-05
 6.38779912e-06 2.64599620e-05 1.55578684e-07] 0.07284224762355537
2025-03-23 12:34:15,645 1 [0.         0.01314213 0.05346251 0.         0.         0.
 0.        ] 0.009514948371934505
2025-03-23 12:34:15,653 => saving checkpoint to output\loveda\pidnet_small_loveda\aug_hf_gb_rbcheckpoint.pth.tar
2025-03-23 12:34:15,834 Loss: 10.490, MeanIU:  0.0095, Best_mIoU:  0.0095
2025-03-23 12:34:15,835 [0.         0.01314213 0.05346251 0.         0.         0.
 0.        ]
2025-03-23 12:34:27,083 Epoch: [1/20] Iter:[0/192], Time: 11.06, lr: [0.009548853816214998], Loss: 4.386596, Acc:0.394595, Semantic loss: 2.008562, BCE loss: 1.466790, SB loss: 0.911244
2025-03-23 12:34:31,411 Epoch: [1/20] Iter:[10/192], Time: 1.40, lr: [0.009525292556561479], Loss: 4.283852, Acc:0.477323, Semantic loss: 1.788460, BCE loss: 1.515871, SB loss: 0.979522
2025-03-23 12:34:36,082 Epoch: [1/20] Iter:[20/192], Time: 0.96, lr: [0.00950172481957719], Loss: 4.267525, Acc:0.483597, Semantic loss: 1.775381, BCE loss: 1.539640, SB loss: 0.952504
2025-03-23 12:34:40,629 Epoch: [1/20] Iter:[30/192], Time: 0.79, lr: [0.009478150585620286], Loss: 4.287328, Acc:0.482759, Semantic loss: 1.786831, BCE loss: 1.512421, SB loss: 0.988077
2025-03-23 12:34:45,329 Epoch: [1/20] Iter:[40/192], Time: 0.71, lr: [0.009454569834934885], Loss: 4.303688, Acc:0.477992, Semantic loss: 1.785195, BCE loss: 1.529384, SB loss: 0.989110
2025-03-23 12:34:49,821 Epoch: [1/20] Iter:[50/192], Time: 0.66, lr: [0.009430982547650114], Loss: 4.322679, Acc:0.477001, Semantic loss: 1.787021, BCE loss: 1.556785, SB loss: 0.978873
2025-03-23 12:34:54,432 Epoch: [1/20] Iter:[60/192], Time: 0.63, lr: [0.009407388703779091], Loss: 4.341011, Acc:0.477303, Semantic loss: 1.789065, BCE loss: 1.572274, SB loss: 0.979672
2025-03-23 12:34:58,945 Epoch: [1/20] Iter:[70/192], Time: 0.60, lr: [0.009383788283217955], Loss: 4.308512, Acc:0.482700, Semantic loss: 1.761256, BCE loss: 1.578255, SB loss: 0.969001
2025-03-23 12:35:03,609 Epoch: [1/20] Iter:[80/192], Time: 0.59, lr: [0.00936018126574482], Loss: 4.307315, Acc:0.477562, Semantic loss: 1.771011, BCE loss: 1.570123, SB loss: 0.966181
2025-03-23 12:35:08,167 Epoch: [1/20] Iter:[90/192], Time: 0.57, lr: [0.009336567631018769], Loss: 4.304429, Acc:0.481735, Semantic loss: 1.758861, BCE loss: 1.586585, SB loss: 0.958983
2025-03-23 12:35:12,864 Epoch: [1/20] Iter:[100/192], Time: 0.56, lr: [0.009312947358578814], Loss: 4.319514, Acc:0.482704, Semantic loss: 1.754395, BCE loss: 1.599388, SB loss: 0.965731
2025-03-23 12:35:17,423 Epoch: [1/20] Iter:[110/192], Time: 0.55, lr: [0.009289320427842841], Loss: 4.288147, Acc:0.484302, Semantic loss: 1.746214, BCE loss: 1.581026, SB loss: 0.960907
2025-03-23 12:35:22,122 Epoch: [1/20] Iter:[120/192], Time: 0.55, lr: [0.009265686818106552], Loss: 4.261299, Acc:0.486559, Semantic loss: 1.737221, BCE loss: 1.570751, SB loss: 0.953326
2025-03-23 12:35:26,734 Epoch: [1/20] Iter:[130/192], Time: 0.54, lr: [0.009242046508542393], Loss: 4.260946, Acc:0.488559, Semantic loss: 1.734889, BCE loss: 1.572363, SB loss: 0.953695
2025-03-23 12:35:31,440 Epoch: [1/20] Iter:[140/192], Time: 0.53, lr: [0.009218399478198466], Loss: 4.248829, Acc:0.488808, Semantic loss: 1.728761, BCE loss: 1.565578, SB loss: 0.954490
2025-03-23 12:35:35,998 Epoch: [1/20] Iter:[150/192], Time: 0.53, lr: [0.009194745705997428], Loss: 4.249050, Acc:0.487119, Semantic loss: 1.731068, BCE loss: 1.558357, SB loss: 0.959625
2025-03-23 12:35:40,667 Epoch: [1/20] Iter:[160/192], Time: 0.53, lr: [0.00917108517073538], Loss: 4.248383, Acc:0.486933, Semantic loss: 1.729629, BCE loss: 1.559094, SB loss: 0.959659
2025-03-23 12:35:45,194 Epoch: [1/20] Iter:[170/192], Time: 0.52, lr: [0.00914741785108075], Loss: 4.247265, Acc:0.487123, Semantic loss: 1.730064, BCE loss: 1.557722, SB loss: 0.959479
2025-03-23 12:35:49,826 Epoch: [1/20] Iter:[180/192], Time: 0.52, lr: [0.00912374372557314], Loss: 4.244047, Acc:0.486978, Semantic loss: 1.730345, BCE loss: 1.555460, SB loss: 0.958242
2025-03-23 12:35:54,317 Epoch: [1/20] Iter:[190/192], Time: 0.51, lr: [0.009100062772622186], Loss: 4.245592, Acc:0.486964, Semantic loss: 1.729379, BCE loss: 1.555337, SB loss: 0.960876
2025-03-23 12:37:54,982 0 [0.00000000e+00 5.89576358e-02 4.93457855e-02 1.15538816e-03
 9.55936536e-05 3.82235335e-05 1.10845557e-06] 0.01565624788109287
2025-03-23 12:37:54,982 1 [0.         0.00553762 0.05324954 0.         0.         0.
 0.        ] 0.00839816691321226
2025-03-23 12:37:54,988 => saving checkpoint to output\loveda\pidnet_small_loveda\aug_hf_gb_rbcheckpoint.pth.tar
2025-03-23 12:37:55,079 Loss: 10.446, MeanIU:  0.0084, Best_mIoU:  0.0095
2025-03-23 12:37:55,079 [0.         0.00553762 0.05324954 0.         0.         0.
 0.        ]
2025-03-23 12:38:05,385 Epoch: [2/20] Iter:[0/192], Time: 10.11, lr: [0.009095325760829623], Loss: 4.086195, Acc:0.431528, Semantic loss: 2.025237, BCE loss: 1.119580, SB loss: 0.941378
2025-03-23 12:38:09,264 Epoch: [2/20] Iter:[10/192], Time: 1.27, lr: [0.009071636586262652], Loss: 4.258438, Acc:0.481931, Semantic loss: 1.790357, BCE loss: 1.583175, SB loss: 0.884906
2025-03-23 12:38:13,186 Epoch: [2/20] Iter:[20/192], Time: 0.85, lr: [0.009047940536290279], Loss: 4.191474, Acc:0.473349, Semantic loss: 1.742670, BCE loss: 1.566823, SB loss: 0.881980
2025-03-23 12:38:17,059 Epoch: [2/20] Iter:[30/192], Time: 0.70, lr: [0.009024237588898336], Loss: 4.172910, Acc:0.484997, Semantic loss: 1.720491, BCE loss: 1.509779, SB loss: 0.942640
2025-03-23 12:38:20,935 Epoch: [2/20] Iter:[40/192], Time: 0.63, lr: [0.009000527721937697], Loss: 4.167835, Acc:0.478432, Semantic loss: 1.721689, BCE loss: 1.503778, SB loss: 0.942368
2025-03-23 12:38:24,797 Epoch: [2/20] Iter:[50/192], Time: 0.58, lr: [0.008976810913123051], Loss: 4.182824, Acc:0.475782, Semantic loss: 1.713142, BCE loss: 1.517242, SB loss: 0.952440
2025-03-23 12:38:28,701 Epoch: [2/20] Iter:[60/192], Time: 0.55, lr: [0.008953087140031669], Loss: 4.196862, Acc:0.469364, Semantic loss: 1.734004, BCE loss: 1.502104, SB loss: 0.960754
2025-03-23 12:38:32,608 Epoch: [2/20] Iter:[70/192], Time: 0.53, lr: [0.008929356380102142], Loss: 4.180133, Acc:0.471827, Semantic loss: 1.720852, BCE loss: 1.507058, SB loss: 0.952224
2025-03-23 12:38:36,544 Epoch: [2/20] Iter:[80/192], Time: 0.51, lr: [0.008905618610633112], Loss: 4.182317, Acc:0.479971, Semantic loss: 1.707007, BCE loss: 1.524890, SB loss: 0.950420
2025-03-23 12:38:40,422 Epoch: [2/20] Iter:[90/192], Time: 0.50, lr: [0.008881873808781991], Loss: 4.172236, Acc:0.487225, Semantic loss: 1.694760, BCE loss: 1.529512, SB loss: 0.947964
2025-03-23 12:38:44,321 Epoch: [2/20] Iter:[100/192], Time: 0.49, lr: [0.008858121951563658], Loss: 4.163521, Acc:0.485332, Semantic loss: 1.700473, BCE loss: 1.519182, SB loss: 0.943867
2025-03-23 12:38:48,243 Epoch: [2/20] Iter:[110/192], Time: 0.48, lr: [0.008834363015849136], Loss: 4.146004, Acc:0.489910, Semantic loss: 1.688756, BCE loss: 1.518777, SB loss: 0.938471
2025-03-23 12:38:52,162 Epoch: [2/20] Iter:[120/192], Time: 0.47, lr: [0.008810596978364274], Loss: 4.161292, Acc:0.490790, Semantic loss: 1.691873, BCE loss: 1.528830, SB loss: 0.940589
2025-03-23 12:38:56,085 Epoch: [2/20] Iter:[130/192], Time: 0.46, lr: [0.008786823815688379], Loss: 4.164470, Acc:0.491394, Semantic loss: 1.693181, BCE loss: 1.528239, SB loss: 0.943051
2025-03-23 12:39:00,005 Epoch: [2/20] Iter:[140/192], Time: 0.46, lr: [0.008763043504252865], Loss: 4.162187, Acc:0.494403, Semantic loss: 1.688546, BCE loss: 1.536504, SB loss: 0.937137
2025-03-23 12:39:03,906 Epoch: [2/20] Iter:[150/192], Time: 0.45, lr: [0.008739256020339866], Loss: 4.159493, Acc:0.493490, Semantic loss: 1.689664, BCE loss: 1.531222, SB loss: 0.938607
2025-03-23 12:39:07,827 Epoch: [2/20] Iter:[160/192], Time: 0.45, lr: [0.00871546134008083], Loss: 4.154160, Acc:0.494031, Semantic loss: 1.685530, BCE loss: 1.533199, SB loss: 0.935432
2025-03-23 12:39:11,714 Epoch: [2/20] Iter:[170/192], Time: 0.45, lr: [0.008691659439455107], Loss: 4.161952, Acc:0.494573, Semantic loss: 1.684030, BCE loss: 1.540570, SB loss: 0.937352
2025-03-23 12:39:15,596 Epoch: [2/20] Iter:[180/192], Time: 0.44, lr: [0.008667850294288517], Loss: 4.160361, Acc:0.494758, Semantic loss: 1.679973, BCE loss: 1.544561, SB loss: 0.935827
2025-03-23 12:39:19,472 Epoch: [2/20] Iter:[190/192], Time: 0.44, lr: [0.008644033880251888], Loss: 4.159285, Acc:0.495893, Semantic loss: 1.678400, BCE loss: 1.544165, SB loss: 0.936720
2025-03-23 12:40:57,087 0 [0.00000000e+00 2.93255670e-01 3.15130618e-02 1.25305161e-04
 0.00000000e+00 1.61095180e-03 1.24456030e-06] 0.046643747593567195
2025-03-23 12:40:57,087 1 [0.00000000e+00 7.25905157e-03 5.32451752e-02 4.24277138e-06
 1.06788463e-04 0.00000000e+00 0.00000000e+00] 0.008659322567740026
2025-03-23 12:40:57,092 => saving checkpoint to output\loveda\pidnet_small_loveda\aug_hf_gb_rbcheckpoint.pth.tar
2025-03-23 12:40:57,173 Loss: 8.977, MeanIU:  0.0087, Best_mIoU:  0.0095
2025-03-23 12:40:57,173 [0.00000000e+00 7.25905157e-03 5.32451752e-02 4.24277138e-06
 1.06788463e-04 0.00000000e+00 0.00000000e+00]
2025-03-23 12:41:07,508 Epoch: [3/20] Iter:[0/192], Time: 10.14, lr: [0.008639269723028191], Loss: 4.451844, Acc:0.439588, Semantic loss: 2.210170, BCE loss: 1.273788, SB loss: 0.967886
2025-03-23 12:41:11,427 Epoch: [3/20] Iter:[10/192], Time: 1.28, lr: [0.008615444554012613], Loss: 4.102378, Acc:0.492315, Semantic loss: 1.690188, BCE loss: 1.520572, SB loss: 0.891618
2025-03-23 12:41:15,352 Epoch: [3/20] Iter:[20/192], Time: 0.86, lr: [0.008591612062049989], Loss: 4.049407, Acc:0.515352, Semantic loss: 1.661903, BCE loss: 1.487441, SB loss: 0.900064
2025-03-23 12:41:19,249 Epoch: [3/20] Iter:[30/192], Time: 0.71, lr: [0.008567772222305215], Loss: 4.032403, Acc:0.516760, Semantic loss: 1.620625, BCE loss: 1.526114, SB loss: 0.885664
2025-03-23 12:41:23,141 Epoch: [3/20] Iter:[40/192], Time: 0.63, lr: [0.008543925009781886], Loss: 4.027488, Acc:0.515513, Semantic loss: 1.618461, BCE loss: 1.512624, SB loss: 0.896403
2025-03-23 12:41:27,042 Epoch: [3/20] Iter:[50/192], Time: 0.58, lr: [0.00852007039932076], Loss: 4.030327, Acc:0.508158, Semantic loss: 1.627755, BCE loss: 1.500050, SB loss: 0.902521
2025-03-23 12:41:30,926 Epoch: [3/20] Iter:[60/192], Time: 0.55, lr: [0.00849620836559818], Loss: 4.054034, Acc:0.498227, Semantic loss: 1.650465, BCE loss: 1.479655, SB loss: 0.923913
2025-03-23 12:41:34,847 Epoch: [3/20] Iter:[70/192], Time: 0.53, lr: [0.008472338883124477], Loss: 4.076105, Acc:0.501417, Semantic loss: 1.650573, BCE loss: 1.505274, SB loss: 0.920259
2025-03-23 12:41:38,741 Epoch: [3/20] Iter:[80/192], Time: 0.51, lr: [0.008448461926242374], Loss: 4.087926, Acc:0.502485, Semantic loss: 1.661959, BCE loss: 1.495293, SB loss: 0.930674
2025-03-23 12:41:42,641 Epoch: [3/20] Iter:[90/192], Time: 0.50, lr: [0.008424577469125337], Loss: 4.084295, Acc:0.504667, Semantic loss: 1.649256, BCE loss: 1.510229, SB loss: 0.924810
2025-03-23 12:41:46,545 Epoch: [3/20] Iter:[100/192], Time: 0.49, lr: [0.008400685485775935], Loss: 4.089866, Acc:0.507401, Semantic loss: 1.643452, BCE loss: 1.522059, SB loss: 0.924356
2025-03-23 12:41:50,547 Epoch: [3/20] Iter:[110/192], Time: 0.48, lr: [0.008376785950024154], Loss: 4.077663, Acc:0.507273, Semantic loss: 1.629828, BCE loss: 1.524455, SB loss: 0.923380
2025-03-23 12:41:54,504 Epoch: [3/20] Iter:[120/192], Time: 0.47, lr: [0.00835287883552571], Loss: 4.088958, Acc:0.507586, Semantic loss: 1.623850, BCE loss: 1.544372, SB loss: 0.920736
2025-03-23 12:41:58,415 Epoch: [3/20] Iter:[130/192], Time: 0.47, lr: [0.008328964115760324], Loss: 4.082738, Acc:0.506119, Semantic loss: 1.622905, BCE loss: 1.537787, SB loss: 0.922045
2025-03-23 12:42:02,310 Epoch: [3/20] Iter:[140/192], Time: 0.46, lr: [0.008305041764029988], Loss: 4.071081, Acc:0.505708, Semantic loss: 1.618837, BCE loss: 1.534245, SB loss: 0.917999
2025-03-23 12:42:06,225 Epoch: [3/20] Iter:[150/192], Time: 0.46, lr: [0.008281111753457188], Loss: 4.073893, Acc:0.504848, Semantic loss: 1.622059, BCE loss: 1.526759, SB loss: 0.925075
2025-03-23 12:42:10,129 Epoch: [3/20] Iter:[160/192], Time: 0.45, lr: [0.008257174056983133], Loss: 4.078887, Acc:0.505860, Semantic loss: 1.618046, BCE loss: 1.536165, SB loss: 0.924676
2025-03-23 12:42:14,020 Epoch: [3/20] Iter:[170/192], Time: 0.45, lr: [0.00823322864736593], Loss: 4.075814, Acc:0.506593, Semantic loss: 1.610904, BCE loss: 1.541992, SB loss: 0.922918
2025-03-23 12:42:17,932 Epoch: [3/20] Iter:[180/192], Time: 0.45, lr: [0.008209275497178764], Loss: 4.065750, Acc:0.508800, Semantic loss: 1.607508, BCE loss: 1.536908, SB loss: 0.921334
2025-03-23 12:42:21,810 Epoch: [3/20] Iter:[190/192], Time: 0.44, lr: [0.008185314578808021], Loss: 4.060802, Acc:0.509426, Semantic loss: 1.607966, BCE loss: 1.533072, SB loss: 0.919764
2025-03-23 12:43:59,831 0 [0.00000000e+00 1.03906125e-01 5.09930353e-02 2.16382933e-03
 2.75698750e-05 7.44968131e-03 2.27144922e-05] 0.023508993556873255
2025-03-23 12:43:59,831 1 [0.00000000e+00 1.10864943e-02 5.34441630e-02 9.01119585e-07
 0.00000000e+00 0.00000000e+00 0.00000000e+00] 0.009218794054207972
2025-03-23 12:43:59,839 => saving checkpoint to output\loveda\pidnet_small_loveda\aug_hf_gb_rbcheckpoint.pth.tar
2025-03-23 12:43:59,927 Loss: 8.534, MeanIU:  0.0092, Best_mIoU:  0.0095
2025-03-23 12:43:59,927 [0.00000000e+00 1.10864943e-02 5.34441630e-02 9.01119585e-07
 0.00000000e+00 0.00000000e+00 0.00000000e+00]
2025-03-23 12:44:10,249 Epoch: [4/20] Iter:[0/192], Time: 10.13, lr: [0.008180521460508584], Loss: 4.137561, Acc:0.502909, Semantic loss: 1.552763, BCE loss: 1.716024, SB loss: 0.868774
2025-03-23 12:44:14,176 Epoch: [4/20] Iter:[10/192], Time: 1.28, lr: [0.008156551183601795], Loss: 4.020899, Acc:0.520374, Semantic loss: 1.563926, BCE loss: 1.536617, SB loss: 0.920356
2025-03-23 12:44:18,084 Epoch: [4/20] Iter:[20/192], Time: 0.86, lr: [0.008132573077094668], Loss: 3.945199, Acc:0.516180, Semantic loss: 1.567837, BCE loss: 1.472992, SB loss: 0.904370
2025-03-23 12:44:21,984 Epoch: [4/20] Iter:[30/192], Time: 0.71, lr: [0.008108587112763079], Loss: 3.971954, Acc:0.510522, Semantic loss: 1.580826, BCE loss: 1.486521, SB loss: 0.904607
2025-03-23 12:44:25,889 Epoch: [4/20] Iter:[40/192], Time: 0.63, lr: [0.008084593262188028], Loss: 3.992385, Acc:0.517341, Semantic loss: 1.572366, BCE loss: 1.522886, SB loss: 0.897132
2025-03-23 12:44:29,807 Epoch: [4/20] Iter:[50/192], Time: 0.58, lr: [0.008060591496753653], Loss: 3.980777, Acc:0.517303, Semantic loss: 1.574793, BCE loss: 1.510217, SB loss: 0.895767
2025-03-23 12:44:33,689 Epoch: [4/20] Iter:[60/192], Time: 0.55, lr: [0.008036581787645204], Loss: 4.009861, Acc:0.517797, Semantic loss: 1.577906, BCE loss: 1.537396, SB loss: 0.894559
2025-03-23 12:44:37,562 Epoch: [4/20] Iter:[70/192], Time: 0.53, lr: [0.008012564105846994], Loss: 3.989184, Acc:0.513626, Semantic loss: 1.576955, BCE loss: 1.509115, SB loss: 0.903115
2025-03-23 12:44:41,477 Epoch: [4/20] Iter:[80/192], Time: 0.51, lr: [0.007988538422140333], Loss: 3.986480, Acc:0.516282, Semantic loss: 1.577676, BCE loss: 1.502571, SB loss: 0.906232
2025-03-23 12:44:45,334 Epoch: [4/20] Iter:[90/192], Time: 0.50, lr: [0.007964504707101411], Loss: 3.976887, Acc:0.514536, Semantic loss: 1.580359, BCE loss: 1.495927, SB loss: 0.900601
2025-03-23 12:44:49,230 Epoch: [4/20] Iter:[100/192], Time: 0.49, lr: [0.007940462931099176], Loss: 3.959572, Acc:0.518455, Semantic loss: 1.573538, BCE loss: 1.489013, SB loss: 0.897020
2025-03-23 12:44:53,148 Epoch: [4/20] Iter:[110/192], Time: 0.48, lr: [0.007916413064293163], Loss: 3.951485, Acc:0.523268, Semantic loss: 1.563063, BCE loss: 1.493628, SB loss: 0.894794
2025-03-23 12:44:57,058 Epoch: [4/20] Iter:[120/192], Time: 0.47, lr: [0.007892355076631318], Loss: 3.955722, Acc:0.525469, Semantic loss: 1.558543, BCE loss: 1.506043, SB loss: 0.891136
2025-03-23 12:45:00,964 Epoch: [4/20] Iter:[130/192], Time: 0.46, lr: [0.007868288937847752], Loss: 3.968242, Acc:0.522634, Semantic loss: 1.565672, BCE loss: 1.511060, SB loss: 0.891509
2025-03-23 12:45:04,868 Epoch: [4/20] Iter:[140/192], Time: 0.46, lr: [0.007844214617460508], Loss: 3.974683, Acc:0.524692, Semantic loss: 1.560963, BCE loss: 1.523517, SB loss: 0.890203
2025-03-23 12:45:08,753 Epoch: [4/20] Iter:[150/192], Time: 0.45, lr: [0.007820132084769268], Loss: 3.978783, Acc:0.522054, Semantic loss: 1.569498, BCE loss: 1.521839, SB loss: 0.887445
2025-03-23 12:45:12,657 Epoch: [4/20] Iter:[160/192], Time: 0.45, lr: [0.00779604130885303], Loss: 3.979776, Acc:0.522557, Semantic loss: 1.569947, BCE loss: 1.524736, SB loss: 0.885093
2025-03-23 12:45:16,577 Epoch: [4/20] Iter:[170/192], Time: 0.45, lr: [0.007771942258567773], Loss: 3.979138, Acc:0.523220, Semantic loss: 1.567570, BCE loss: 1.528676, SB loss: 0.882891
2025-03-23 12:45:20,503 Epoch: [4/20] Iter:[180/192], Time: 0.44, lr: [0.007747834902544056], Loss: 3.975294, Acc:0.522867, Semantic loss: 1.567737, BCE loss: 1.525596, SB loss: 0.881961
2025-03-23 12:45:24,374 Epoch: [4/20] Iter:[190/192], Time: 0.44, lr: [0.0077237192091846206], Loss: 3.987329, Acc:0.520881, Semantic loss: 1.574084, BCE loss: 1.526463, SB loss: 0.886783
2025-03-23 12:47:01,228 0 [0.00000000e+00 5.78560746e-02 5.16760962e-02 9.10945014e-04
 1.40994525e-05 3.80352364e-03 3.36454857e-04] 0.016371027676667805
2025-03-23 12:47:01,229 1 [0.00000000e+00 2.18575613e-02 5.35411262e-02 1.15268088e-05
 0.00000000e+00 0.00000000e+00 0.00000000e+00] 0.0107728877512074
2025-03-23 12:47:01,234 => saving checkpoint to output\loveda\pidnet_small_loveda\aug_hf_gb_rbcheckpoint.pth.tar
2025-03-23 12:47:01,354 Loss: 7.963, MeanIU:  0.0108, Best_mIoU:  0.0108
2025-03-23 12:47:01,354 [0.00000000e+00 2.18575613e-02 5.35411262e-02 1.15268088e-05
 0.00000000e+00 0.00000000e+00 0.00000000e+00]
2025-03-23 12:47:11,568 Epoch: [5/20] Iter:[0/192], Time: 10.02, lr: [0.007718895067235705], Loss: 3.534080, Acc:0.508281, Semantic loss: 1.408654, BCE loss: 1.299568, SB loss: 0.825859
2025-03-23 12:47:15,455 Epoch: [5/20] Iter:[10/192], Time: 1.26, lr: [0.007694769327040611], Loss: 3.954383, Acc:0.499939, Semantic loss: 1.550020, BCE loss: 1.526687, SB loss: 0.877676
2025-03-23 12:47:19,347 Epoch: [5/20] Iter:[20/192], Time: 0.85, lr: [0.00767063517918174], Loss: 3.962370, Acc:0.505829, Semantic loss: 1.596464, BCE loss: 1.450371, SB loss: 0.915535
2025-03-23 12:47:23,236 Epoch: [5/20] Iter:[30/192], Time: 0.70, lr: [0.007646492591316132], Loss: 3.860171, Acc:0.518767, Semantic loss: 1.541141, BCE loss: 1.437536, SB loss: 0.881494
2025-03-23 12:47:27,144 Epoch: [5/20] Iter:[40/192], Time: 0.62, lr: [0.007622341530862476], Loss: 3.877817, Acc:0.515319, Semantic loss: 1.550297, BCE loss: 1.446761, SB loss: 0.880759
2025-03-23 12:47:31,061 Epoch: [5/20] Iter:[50/192], Time: 0.58, lr: [0.0075981819649984985], Loss: 3.964897, Acc:0.514901, Semantic loss: 1.583416, BCE loss: 1.493665, SB loss: 0.887815
2025-03-23 12:47:34,958 Epoch: [5/20] Iter:[60/192], Time: 0.55, lr: [0.007574013860658317], Loss: 3.949725, Acc:0.518207, Semantic loss: 1.590882, BCE loss: 1.478003, SB loss: 0.880841
2025-03-23 12:47:38,835 Epoch: [5/20] Iter:[70/192], Time: 0.53, lr: [0.007549837184529776], Loss: 4.021088, Acc:0.516957, Semantic loss: 1.633505, BCE loss: 1.498344, SB loss: 0.889239
2025-03-23 12:47:42,728 Epoch: [5/20] Iter:[80/192], Time: 0.51, lr: [0.0075256519030517215], Loss: 4.044336, Acc:0.514580, Semantic loss: 1.656065, BCE loss: 1.499300, SB loss: 0.888971
2025-03-23 12:47:46,607 Epoch: [5/20] Iter:[90/192], Time: 0.50, lr: [0.007501457982411236], Loss: 4.027784, Acc:0.516779, Semantic loss: 1.650410, BCE loss: 1.488635, SB loss: 0.888740
2025-03-23 12:47:50,512 Epoch: [5/20] Iter:[100/192], Time: 0.48, lr: [0.0074772553885408604], Loss: 4.017409, Acc:0.519147, Semantic loss: 1.639799, BCE loss: 1.490569, SB loss: 0.887041
2025-03-23 12:47:54,423 Epoch: [5/20] Iter:[110/192], Time: 0.48, lr: [0.007453044087115737], Loss: 4.032108, Acc:0.518129, Semantic loss: 1.643311, BCE loss: 1.492879, SB loss: 0.895917
2025-03-23 12:47:58,339 Epoch: [5/20] Iter:[120/192], Time: 0.47, lr: [0.007428824043550734], Loss: 4.013313, Acc:0.518698, Semantic loss: 1.631065, BCE loss: 1.493060, SB loss: 0.889188
2025-03-23 12:48:02,222 Epoch: [5/20] Iter:[130/192], Time: 0.46, lr: [0.007404595222997526], Loss: 4.017512, Acc:0.516464, Semantic loss: 1.631089, BCE loss: 1.494074, SB loss: 0.892348
2025-03-23 12:48:06,137 Epoch: [5/20] Iter:[140/192], Time: 0.46, lr: [0.007380357590341623], Loss: 4.014446, Acc:0.519700, Semantic loss: 1.623134, BCE loss: 1.504465, SB loss: 0.886846
2025-03-23 12:48:10,074 Epoch: [5/20] Iter:[150/192], Time: 0.45, lr: [0.007356111110199354], Loss: 4.010567, Acc:0.520170, Semantic loss: 1.618294, BCE loss: 1.505684, SB loss: 0.886590
2025-03-23 12:48:13,995 Epoch: [5/20] Iter:[160/192], Time: 0.45, lr: [0.00733185574691482], Loss: 4.009470, Acc:0.521297, Semantic loss: 1.611383, BCE loss: 1.513261, SB loss: 0.884826
2025-03-23 12:48:17,917 Epoch: [5/20] Iter:[170/192], Time: 0.45, lr: [0.007307591464556783], Loss: 4.003691, Acc:0.522034, Semantic loss: 1.606975, BCE loss: 1.514772, SB loss: 0.881945
2025-03-23 12:48:21,835 Epoch: [5/20] Iter:[180/192], Time: 0.44, lr: [0.007283318226915514], Loss: 4.022252, Acc:0.521119, Semantic loss: 1.610641, BCE loss: 1.524859, SB loss: 0.886752
2025-03-23 12:48:25,676 Epoch: [5/20] Iter:[190/192], Time: 0.44, lr: [0.007259035997499604], Loss: 4.018161, Acc:0.521885, Semantic loss: 1.606675, BCE loss: 1.524818, SB loss: 0.886668
2025-03-23 12:50:04,475 0 [0.00000000e+00 4.57144012e-01 6.51282929e-02 9.00819091e-03
 9.92249848e-06 1.99401440e-02 8.44263569e-05] 0.07875928409574875
2025-03-23 12:50:04,476 1 [0.         0.01213729 0.05337794 0.         0.         0.
 0.        ] 0.009359318729777836
2025-03-23 12:50:04,481 => saving checkpoint to output\loveda\pidnet_small_loveda\aug_hf_gb_rbcheckpoint.pth.tar
2025-03-23 12:50:04,563 Loss: 8.167, MeanIU:  0.0094, Best_mIoU:  0.0108
2025-03-23 12:50:04,564 [0.         0.01213729 0.05337794 0.         0.         0.
 0.        ]
2025-03-23 12:50:14,928 Epoch: [6/20] Iter:[0/192], Time: 10.17, lr: [0.007254178469372199], Loss: 4.222793, Acc:0.556985, Semantic loss: 1.544907, BCE loss: 1.679136, SB loss: 0.998751
2025-03-23 12:50:18,811 Epoch: [6/20] Iter:[10/192], Time: 1.28, lr: [0.007229885401256642], Loss: 3.818807, Acc:0.526157, Semantic loss: 1.530302, BCE loss: 1.427328, SB loss: 0.861177
2025-03-23 12:50:22,728 Epoch: [6/20] Iter:[20/192], Time: 0.86, lr: [0.0072055832600777334], Loss: 3.853314, Acc:0.508969, Semantic loss: 1.544159, BCE loss: 1.437206, SB loss: 0.871949
2025-03-23 12:50:26,669 Epoch: [6/20] Iter:[30/192], Time: 0.71, lr: [0.007181272008420604], Loss: 3.831846, Acc:0.527184, Semantic loss: 1.539356, BCE loss: 1.443371, SB loss: 0.849118
2025-03-23 12:50:30,569 Epoch: [6/20] Iter:[40/192], Time: 0.63, lr: [0.007156951608574727], Loss: 3.830553, Acc:0.528464, Semantic loss: 1.521716, BCE loss: 1.453985, SB loss: 0.854852
2025-03-23 12:50:34,488 Epoch: [6/20] Iter:[50/192], Time: 0.58, lr: [0.007132622022530447], Loss: 3.823896, Acc:0.528005, Semantic loss: 1.530447, BCE loss: 1.430568, SB loss: 0.862881
2025-03-23 12:50:38,409 Epoch: [6/20] Iter:[60/192], Time: 0.55, lr: [0.007108283211975477], Loss: 3.863425, Acc:0.530558, Semantic loss: 1.529812, BCE loss: 1.481912, SB loss: 0.851702
2025-03-23 12:50:42,310 Epoch: [6/20] Iter:[70/192], Time: 0.53, lr: [0.007083935138291319], Loss: 3.859070, Acc:0.528847, Semantic loss: 1.532559, BCE loss: 1.476385, SB loss: 0.850126
2025-03-23 12:50:46,220 Epoch: [6/20] Iter:[80/192], Time: 0.51, lr: [0.007059577762549636], Loss: 3.863415, Acc:0.532444, Semantic loss: 1.523889, BCE loss: 1.487843, SB loss: 0.851683
2025-03-23 12:50:50,126 Epoch: [6/20] Iter:[90/192], Time: 0.50, lr: [0.007035211045508576], Loss: 3.865251, Acc:0.537866, Semantic loss: 1.517933, BCE loss: 1.498719, SB loss: 0.848599
2025-03-23 12:50:54,046 Epoch: [6/20] Iter:[100/192], Time: 0.49, lr: [0.0070108349476090265], Loss: 3.878184, Acc:0.538010, Semantic loss: 1.517208, BCE loss: 1.514241, SB loss: 0.846735
2025-03-23 12:50:57,950 Epoch: [6/20] Iter:[110/192], Time: 0.48, lr: [0.00698644942897081], Loss: 3.880682, Acc:0.534715, Semantic loss: 1.519616, BCE loss: 1.511444, SB loss: 0.849621
2025-03-23 12:51:01,880 Epoch: [6/20] Iter:[120/192], Time: 0.47, lr: [0.006962054449388827], Loss: 3.892450, Acc:0.532851, Semantic loss: 1.523570, BCE loss: 1.515899, SB loss: 0.852981
2025-03-23 12:51:05,780 Epoch: [6/20] Iter:[130/192], Time: 0.47, lr: [0.006937649968329135], Loss: 3.906898, Acc:0.529807, Semantic loss: 1.527807, BCE loss: 1.523832, SB loss: 0.855259
2025-03-23 12:51:09,709 Epoch: [6/20] Iter:[140/192], Time: 0.46, lr: [0.006913235944924954], Loss: 3.919745, Acc:0.530878, Semantic loss: 1.527061, BCE loss: 1.535970, SB loss: 0.856714
2025-03-23 12:51:13,605 Epoch: [6/20] Iter:[150/192], Time: 0.46, lr: [0.006888812337972621], Loss: 3.912324, Acc:0.531520, Semantic loss: 1.526594, BCE loss: 1.529228, SB loss: 0.856502
2025-03-23 12:51:17,487 Epoch: [6/20] Iter:[160/192], Time: 0.45, lr: [0.00686437910592748], Loss: 3.905480, Acc:0.531503, Semantic loss: 1.525824, BCE loss: 1.524532, SB loss: 0.855124
2025-03-23 12:51:21,368 Epoch: [6/20] Iter:[170/192], Time: 0.45, lr: [0.00683993620689969], Loss: 3.902191, Acc:0.532054, Semantic loss: 1.524091, BCE loss: 1.523018, SB loss: 0.855083
2025-03-23 12:51:25,259 Epoch: [6/20] Iter:[180/192], Time: 0.44, lr: [0.0068154835986499775], Loss: 3.895622, Acc:0.533765, Semantic loss: 1.518979, BCE loss: 1.521657, SB loss: 0.854987
2025-03-23 12:51:29,116 Epoch: [6/20] Iter:[190/192], Time: 0.44, lr: [0.006791021238585323], Loss: 3.887487, Acc:0.534023, Semantic loss: 1.516929, BCE loss: 1.516946, SB loss: 0.853611
2025-03-23 12:53:06,430 0 [0.00000000e+00 2.21329877e-01 5.17714149e-02 7.20403711e-03
 2.57606947e-04 1.46503472e-02 2.62300775e-05] 0.04217707331959015
2025-03-23 12:53:06,430 1 [0.00000000e+00 1.29337823e-02 5.34202840e-02 1.24382476e-04
 5.94580242e-05 0.00000000e+00 0.00000000e+00] 0.009505415255890737
2025-03-23 12:53:06,436 => saving checkpoint to output\loveda\pidnet_small_loveda\aug_hf_gb_rbcheckpoint.pth.tar
2025-03-23 12:53:06,520 Loss: 8.994, MeanIU:  0.0095, Best_mIoU:  0.0108
2025-03-23 12:53:06,520 [0.00000000e+00 1.29337823e-02 5.34202840e-02 1.24382476e-04
 5.94580242e-05 0.00000000e+00 0.00000000e+00]
2025-03-23 12:53:16,875 Epoch: [7/20] Iter:[0/192], Time: 10.16, lr: [0.006786127592581251], Loss: 4.294019, Acc:0.514981, Semantic loss: 1.419736, BCE loss: 2.025876, SB loss: 0.848407
2025-03-23 12:53:20,775 Epoch: [7/20] Iter:[10/192], Time: 1.28, lr: [0.006761653473611295], Loss: 3.738793, Acc:0.550090, Semantic loss: 1.414192, BCE loss: 1.521769, SB loss: 0.802831
2025-03-23 12:53:24,684 Epoch: [7/20] Iter:[20/192], Time: 0.86, lr: [0.006737169507854796], Loss: 3.797725, Acc:0.554664, Semantic loss: 1.432932, BCE loss: 1.567994, SB loss: 0.796800
2025-03-23 12:53:28,633 Epoch: [7/20] Iter:[30/192], Time: 0.71, lr: [0.006712675651556858], Loss: 3.817934, Acc:0.563910, Semantic loss: 1.451438, BCE loss: 1.561672, SB loss: 0.804825
2025-03-23 12:53:32,531 Epoch: [7/20] Iter:[40/192], Time: 0.63, lr: [0.006688171860589905], Loss: 3.761112, Acc:0.557018, Semantic loss: 1.446958, BCE loss: 1.510520, SB loss: 0.803633
2025-03-23 12:53:36,439 Epoch: [7/20] Iter:[50/192], Time: 0.58, lr: [0.0066636580904489585], Loss: 3.806002, Acc:0.550053, Semantic loss: 1.470884, BCE loss: 1.515324, SB loss: 0.819794
2025-03-23 12:53:40,343 Epoch: [7/20] Iter:[60/192], Time: 0.55, lr: [0.006639134296246874], Loss: 3.811788, Acc:0.546048, Semantic loss: 1.472890, BCE loss: 1.521003, SB loss: 0.817895
2025-03-23 12:53:44,262 Epoch: [7/20] Iter:[70/192], Time: 0.53, lr: [0.0066146004327094585], Loss: 3.827302, Acc:0.542291, Semantic loss: 1.487233, BCE loss: 1.515793, SB loss: 0.824275
2025-03-23 12:53:48,193 Epoch: [7/20] Iter:[80/192], Time: 0.51, lr: [0.006590056454170537], Loss: 3.836951, Acc:0.544437, Semantic loss: 1.485790, BCE loss: 1.524260, SB loss: 0.826902
2025-03-23 12:53:52,106 Epoch: [7/20] Iter:[90/192], Time: 0.50, lr: [0.006565502314566912], Loss: 3.852233, Acc:0.543486, Semantic loss: 1.499965, BCE loss: 1.512114, SB loss: 0.840155
2025-03-23 12:53:56,013 Epoch: [7/20] Iter:[100/192], Time: 0.49, lr: [0.006540937967433255], Loss: 3.847224, Acc:0.541420, Semantic loss: 1.497464, BCE loss: 1.510590, SB loss: 0.839171
2025-03-23 12:53:59,922 Epoch: [7/20] Iter:[110/192], Time: 0.48, lr: [0.006516363365896894], Loss: 3.847629, Acc:0.541120, Semantic loss: 1.500192, BCE loss: 1.506506, SB loss: 0.840931
2025-03-23 12:54:03,840 Epoch: [7/20] Iter:[120/192], Time: 0.47, lr: [0.006491778462672531], Loss: 3.847431, Acc:0.542130, Semantic loss: 1.494368, BCE loss: 1.515040, SB loss: 0.838023
2025-03-23 12:54:07,739 Epoch: [7/20] Iter:[130/192], Time: 0.47, lr: [0.006467183210056843], Loss: 3.854927, Acc:0.541437, Semantic loss: 1.494456, BCE loss: 1.521379, SB loss: 0.839091
2025-03-23 12:54:11,621 Epoch: [7/20] Iter:[140/192], Time: 0.46, lr: [0.006442577559923017], Loss: 3.847875, Acc:0.541628, Semantic loss: 1.490708, BCE loss: 1.520474, SB loss: 0.836693
2025-03-23 12:54:15,516 Epoch: [7/20] Iter:[150/192], Time: 0.46, lr: [0.006417961463715172], Loss: 3.835125, Acc:0.540994, Semantic loss: 1.490493, BCE loss: 1.510338, SB loss: 0.834293
2025-03-23 12:54:19,438 Epoch: [7/20] Iter:[160/192], Time: 0.45, lr: [0.006393334872442681], Loss: 3.836451, Acc:0.541333, Semantic loss: 1.492306, BCE loss: 1.509965, SB loss: 0.834181
2025-03-23 12:54:23,373 Epoch: [7/20] Iter:[170/192], Time: 0.45, lr: [0.006368697736674411], Loss: 3.837495, Acc:0.542664, Semantic loss: 1.496230, BCE loss: 1.507540, SB loss: 0.833725
2025-03-23 12:54:27,294 Epoch: [7/20] Iter:[180/192], Time: 0.45, lr: [0.006344050006532848], Loss: 3.843297, Acc:0.542024, Semantic loss: 1.497720, BCE loss: 1.511560, SB loss: 0.834017
2025-03-23 12:54:31,160 Epoch: [7/20] Iter:[190/192], Time: 0.44, lr: [0.006319391631688114], Loss: 3.844984, Acc:0.542954, Semantic loss: 1.496526, BCE loss: 1.512347, SB loss: 0.836111
2025-03-23 12:56:09,354 0 [0.00000000e+00 4.21259925e-01 7.31001620e-02 3.99809602e-03
 1.94472572e-05 1.69686767e-02 2.91147193e-04] 0.07366249351517817
2025-03-23 12:56:09,355 1 [0.         0.04450959 0.05313483 0.00014297 0.00013359 0.
 0.        ] 0.01398871204744469
2025-03-23 12:56:09,360 => saving checkpoint to output\loveda\pidnet_small_loveda\aug_hf_gb_rbcheckpoint.pth.tar
2025-03-23 12:56:09,486 Loss: 8.137, MeanIU:  0.0140, Best_mIoU:  0.0140
2025-03-23 12:56:09,486 [0.         0.04450959 0.05313483 0.00014297 0.00013359 0.
 0.        ]
2025-03-23 12:56:19,778 Epoch: [8/20] Iter:[0/192], Time: 10.10, lr: [0.006314458674893553], Loss: 3.845141, Acc:0.611494, Semantic loss: 1.313668, BCE loss: 1.759453, SB loss: 0.772020
2025-03-23 12:56:23,688 Epoch: [8/20] Iter:[10/192], Time: 1.27, lr: [0.006289787459323657], Loss: 3.790899, Acc:0.565347, Semantic loss: 1.426964, BCE loss: 1.523117, SB loss: 0.840819
2025-03-23 12:56:27,597 Epoch: [8/20] Iter:[20/192], Time: 0.85, lr: [0.006265105486702424], Loss: 3.814943, Acc:0.561880, Semantic loss: 1.473115, BCE loss: 1.503766, SB loss: 0.838062
2025-03-23 12:56:31,476 Epoch: [8/20] Iter:[30/192], Time: 0.70, lr: [0.006240412705211017], Loss: 3.809663, Acc:0.555329, Semantic loss: 1.472736, BCE loss: 1.477746, SB loss: 0.859182
2025-03-23 12:56:35,377 Epoch: [8/20] Iter:[40/192], Time: 0.63, lr: [0.006215709062551949], Loss: 3.791788, Acc:0.552802, Semantic loss: 1.460218, BCE loss: 1.492021, SB loss: 0.839548
2025-03-23 12:56:39,268 Epoch: [8/20] Iter:[50/192], Time: 0.58, lr: [0.006190994505942529], Loss: 3.768674, Acc:0.552644, Semantic loss: 1.466871, BCE loss: 1.461660, SB loss: 0.840143
2025-03-23 12:56:43,157 Epoch: [8/20] Iter:[60/192], Time: 0.55, lr: [0.006166268982108192], Loss: 3.769988, Acc:0.547750, Semantic loss: 1.478205, BCE loss: 1.451608, SB loss: 0.840175
2025-03-23 12:56:47,073 Epoch: [8/20] Iter:[70/192], Time: 0.53, lr: [0.006141532437275693], Loss: 3.764020, Acc:0.540722, Semantic loss: 1.484313, BCE loss: 1.443908, SB loss: 0.835799
2025-03-23 12:56:50,993 Epoch: [8/20] Iter:[80/192], Time: 0.51, lr: [0.006116784817166194], Loss: 3.766745, Acc:0.540523, Semantic loss: 1.483328, BCE loss: 1.445932, SB loss: 0.837485
2025-03-23 12:56:54,911 Epoch: [8/20] Iter:[90/192], Time: 0.50, lr: [0.006092026066988214], Loss: 3.791406, Acc:0.541244, Semantic loss: 1.490916, BCE loss: 1.468721, SB loss: 0.831769
2025-03-23 12:56:58,808 Epoch: [8/20] Iter:[100/192], Time: 0.49, lr: [0.006067256131430442], Loss: 3.800865, Acc:0.540584, Semantic loss: 1.488717, BCE loss: 1.479569, SB loss: 0.832579
2025-03-23 12:57:02,688 Epoch: [8/20] Iter:[110/192], Time: 0.48, lr: [0.00604247495465443], Loss: 3.797173, Acc:0.542082, Semantic loss: 1.481742, BCE loss: 1.487271, SB loss: 0.828161
2025-03-23 12:57:06,581 Epoch: [8/20] Iter:[120/192], Time: 0.47, lr: [0.006017682480287143], Loss: 3.798675, Acc:0.544236, Semantic loss: 1.481188, BCE loss: 1.485282, SB loss: 0.832204
2025-03-23 12:57:10,477 Epoch: [8/20] Iter:[130/192], Time: 0.46, lr: [0.00599287865141337], Loss: 3.799918, Acc:0.544494, Semantic loss: 1.480849, BCE loss: 1.486256, SB loss: 0.832813
2025-03-23 12:57:14,378 Epoch: [8/20] Iter:[140/192], Time: 0.46, lr: [0.005968063410567983], Loss: 3.803431, Acc:0.543949, Semantic loss: 1.480878, BCE loss: 1.487411, SB loss: 0.835142
2025-03-23 12:57:18,302 Epoch: [8/20] Iter:[150/192], Time: 0.45, lr: [0.00594323669972807], Loss: 3.810393, Acc:0.545518, Semantic loss: 1.479749, BCE loss: 1.496715, SB loss: 0.833929
2025-03-23 12:57:22,188 Epoch: [8/20] Iter:[160/192], Time: 0.45, lr: [0.005918398460304892], Loss: 3.810199, Acc:0.546337, Semantic loss: 1.478938, BCE loss: 1.498735, SB loss: 0.832526
2025-03-23 12:57:26,074 Epoch: [8/20] Iter:[170/192], Time: 0.45, lr: [0.0058935486331357125], Loss: 3.816161, Acc:0.547039, Semantic loss: 1.480593, BCE loss: 1.504366, SB loss: 0.831202
2025-03-23 12:57:29,969 Epoch: [8/20] Iter:[180/192], Time: 0.44, lr: [0.005868687158475447], Loss: 3.814960, Acc:0.548507, Semantic loss: 1.478069, BCE loss: 1.505717, SB loss: 0.831173
2025-03-23 12:57:33,820 Epoch: [8/20] Iter:[190/192], Time: 0.44, lr: [0.005843813975988169], Loss: 3.812883, Acc:0.549048, Semantic loss: 1.474172, BCE loss: 1.509013, SB loss: 0.829699
2025-03-23 12:59:11,618 0 [0.00000000e+00 1.10752038e-01 5.02434150e-02 1.47674809e-03
 1.56864939e-05 1.23826866e-03 2.81436954e-05] 0.023393471487458715
2025-03-23 12:59:11,619 1 [0.         0.04456285 0.05364436 0.000239   0.         0.
 0.        ] 0.01406374306047738
2025-03-23 12:59:11,624 => saving checkpoint to output\loveda\pidnet_small_loveda\aug_hf_gb_rbcheckpoint.pth.tar
2025-03-23 12:59:11,750 Loss: 8.753, MeanIU:  0.0141, Best_mIoU:  0.0141
2025-03-23 12:59:11,750 [0.         0.04456285 0.05364436 0.000239   0.         0.
 0.        ]
2025-03-23 12:59:21,945 Epoch: [9/20] Iter:[0/192], Time: 10.01, lr: [0.0058388379291998025], Loss: 3.654056, Acc:0.624039, Semantic loss: 1.235964, BCE loss: 1.625553, SB loss: 0.792539
2025-03-23 12:59:25,827 Epoch: [9/20] Iter:[10/192], Time: 1.26, lr: [0.0058139506168319475], Loss: 3.628530, Acc:0.560787, Semantic loss: 1.406549, BCE loss: 1.426951, SB loss: 0.795030
2025-03-23 12:59:29,707 Epoch: [9/20] Iter:[20/192], Time: 0.85, lr: [0.005789051461775303], Loss: 3.655219, Acc:0.553925, Semantic loss: 1.433938, BCE loss: 1.432714, SB loss: 0.788566
2025-03-23 12:59:33,612 Epoch: [9/20] Iter:[30/192], Time: 0.70, lr: [0.005764140401744157], Loss: 3.701288, Acc:0.547363, Semantic loss: 1.452122, BCE loss: 1.445842, SB loss: 0.803324
2025-03-23 12:59:37,497 Epoch: [9/20] Iter:[40/192], Time: 0.62, lr: [0.005739217373824397], Loss: 3.718517, Acc:0.545530, Semantic loss: 1.459635, BCE loss: 1.460235, SB loss: 0.798647
2025-03-23 12:59:41,411 Epoch: [9/20] Iter:[50/192], Time: 0.58, lr: [0.005714282314464109], Loss: 3.754262, Acc:0.547641, Semantic loss: 1.454737, BCE loss: 1.503608, SB loss: 0.795917
2025-03-23 12:59:45,294 Epoch: [9/20] Iter:[60/192], Time: 0.55, lr: [0.005689335159463984], Loss: 3.756520, Acc:0.550880, Semantic loss: 1.462148, BCE loss: 1.492379, SB loss: 0.801992
2025-03-23 12:59:49,186 Epoch: [9/20] Iter:[70/192], Time: 0.52, lr: [0.0056643758439675305], Loss: 3.762735, Acc:0.548331, Semantic loss: 1.463877, BCE loss: 1.495896, SB loss: 0.802962
2025-03-23 12:59:53,094 Epoch: [9/20] Iter:[80/192], Time: 0.51, lr: [0.005639404302451105], Loss: 3.739379, Acc:0.554385, Semantic loss: 1.454223, BCE loss: 1.486277, SB loss: 0.798879
2025-03-23 12:59:56,965 Epoch: [9/20] Iter:[90/192], Time: 0.49, lr: [0.005614420468713722], Loss: 3.766470, Acc:0.550353, Semantic loss: 1.471859, BCE loss: 1.487996, SB loss: 0.806615
2025-03-23 13:00:00,893 Epoch: [9/20] Iter:[100/192], Time: 0.48, lr: [0.005589424275866668], Loss: 3.774088, Acc:0.549793, Semantic loss: 1.477670, BCE loss: 1.488310, SB loss: 0.808109
2025-03-23 13:00:04,811 Epoch: [9/20] Iter:[110/192], Time: 0.48, lr: [0.005564415656322913], Loss: 3.782099, Acc:0.549404, Semantic loss: 1.477325, BCE loss: 1.496272, SB loss: 0.808501
2025-03-23 13:00:08,734 Epoch: [9/20] Iter:[120/192], Time: 0.47, lr: [0.00553939454178628], Loss: 3.790440, Acc:0.550022, Semantic loss: 1.476219, BCE loss: 1.506903, SB loss: 0.807318
2025-03-23 13:00:12,670 Epoch: [9/20] Iter:[130/192], Time: 0.46, lr: [0.005514360863240413], Loss: 3.783061, Acc:0.550191, Semantic loss: 1.474894, BCE loss: 1.501974, SB loss: 0.806193
2025-03-23 13:00:16,596 Epoch: [9/20] Iter:[140/192], Time: 0.46, lr: [0.005489314550937511], Loss: 3.781275, Acc:0.551184, Semantic loss: 1.472456, BCE loss: 1.502291, SB loss: 0.806528
2025-03-23 13:00:20,479 Epoch: [9/20] Iter:[150/192], Time: 0.45, lr: [0.005464255534386825], Loss: 3.773563, Acc:0.552773, Semantic loss: 1.466542, BCE loss: 1.501332, SB loss: 0.805690
2025-03-23 13:00:24,407 Epoch: [9/20] Iter:[160/192], Time: 0.45, lr: [0.005439183742342914], Loss: 3.780373, Acc:0.554568, Semantic loss: 1.465691, BCE loss: 1.509333, SB loss: 0.805349
2025-03-23 13:00:28,339 Epoch: [9/20] Iter:[170/192], Time: 0.45, lr: [0.00541409910279366], Loss: 3.782541, Acc:0.554152, Semantic loss: 1.463890, BCE loss: 1.512721, SB loss: 0.805929
2025-03-23 13:00:32,245 Epoch: [9/20] Iter:[180/192], Time: 0.44, lr: [0.005389001542948025], Loss: 3.790185, Acc:0.553290, Semantic loss: 1.467303, BCE loss: 1.514587, SB loss: 0.808294
2025-03-23 13:00:36,091 Epoch: [9/20] Iter:[190/192], Time: 0.44, lr: [0.005363890989223547], Loss: 3.781002, Acc:0.551767, Semantic loss: 1.467877, BCE loss: 1.503705, SB loss: 0.809420
2025-03-23 13:02:13,957 0 [0.00000000e+00 2.67387419e-01 5.05747665e-02 1.43026925e-02
 6.02540983e-06 2.21843038e-02 4.64416295e-04] 0.05070280341323136
2025-03-23 13:02:13,957 1 [0.00000000e+00 1.18080199e-01 5.11963246e-02 1.18180116e-02
 1.69769864e-06 0.00000000e+00 0.00000000e+00] 0.025870890383949168
2025-03-23 13:02:13,963 => saving checkpoint to output\loveda\pidnet_small_loveda\aug_hf_gb_rbcheckpoint.pth.tar
2025-03-23 13:02:14,082 Loss: 9.392, MeanIU:  0.0259, Best_mIoU:  0.0259
2025-03-23 13:02:14,082 [0.00000000e+00 1.18080199e-01 5.11963246e-02 1.18180116e-02
 1.69769864e-06 0.00000000e+00 0.00000000e+00]
2025-03-23 13:02:24,241 Epoch: [10/20] Iter:[0/192], Time: 9.96, lr: [0.005358867312681466], Loss: 3.798828, Acc:0.610612, Semantic loss: 1.487978, BCE loss: 1.612020, SB loss: 0.698829
2025-03-23 13:02:28,157 Epoch: [10/20] Iter:[10/192], Time: 1.26, lr: [0.005333741068040314], Loss: 3.889207, Acc:0.560148, Semantic loss: 1.464155, BCE loss: 1.622982, SB loss: 0.802071
2025-03-23 13:02:32,064 Epoch: [10/20] Iter:[20/192], Time: 0.85, lr: [0.0053086016647897714], Loss: 3.858024, Acc:0.565681, Semantic loss: 1.455281, BCE loss: 1.590611, SB loss: 0.812132
2025-03-23 13:02:35,942 Epoch: [10/20] Iter:[30/192], Time: 0.70, lr: [0.005283449026727663], Loss: 3.859921, Acc:0.559840, Semantic loss: 1.446750, BCE loss: 1.600407, SB loss: 0.812763
2025-03-23 13:02:39,865 Epoch: [10/20] Iter:[40/192], Time: 0.62, lr: [0.005258283076804885], Loss: 3.861522, Acc:0.564012, Semantic loss: 1.448118, BCE loss: 1.608320, SB loss: 0.805083
2025-03-23 13:02:43,765 Epoch: [10/20] Iter:[50/192], Time: 0.58, lr: [0.00523310373711144], Loss: 3.819942, Acc:0.563855, Semantic loss: 1.433538, BCE loss: 1.588293, SB loss: 0.798112
2025-03-23 13:02:47,648 Epoch: [10/20] Iter:[60/192], Time: 0.55, lr: [0.005207910928862159], Loss: 3.784789, Acc:0.568069, Semantic loss: 1.420104, BCE loss: 1.572542, SB loss: 0.792144
2025-03-23 13:02:51,538 Epoch: [10/20] Iter:[70/192], Time: 0.52, lr: [0.005182704572382109], Loss: 3.759377, Acc:0.566504, Semantic loss: 1.422853, BCE loss: 1.546878, SB loss: 0.789646
2025-03-23 13:02:55,455 Epoch: [10/20] Iter:[80/192], Time: 0.51, lr: [0.005157484587091684], Loss: 3.761708, Acc:0.567709, Semantic loss: 1.423509, BCE loss: 1.549428, SB loss: 0.788771
2025-03-23 13:02:59,333 Epoch: [10/20] Iter:[90/192], Time: 0.50, lr: [0.005132250891491357], Loss: 3.748170, Acc:0.565933, Semantic loss: 1.420847, BCE loss: 1.539906, SB loss: 0.787416
2025-03-23 13:03:03,238 Epoch: [10/20] Iter:[100/192], Time: 0.48, lr: [0.005107003403146087], Loss: 3.725645, Acc:0.567523, Semantic loss: 1.417136, BCE loss: 1.519882, SB loss: 0.788627
2025-03-23 13:03:07,169 Epoch: [10/20] Iter:[110/192], Time: 0.48, lr: [0.005081742038669388], Loss: 3.741796, Acc:0.566148, Semantic loss: 1.425783, BCE loss: 1.521239, SB loss: 0.794774
2025-03-23 13:03:11,082 Epoch: [10/20] Iter:[120/192], Time: 0.47, lr: [0.005056466713707024], Loss: 3.744566, Acc:0.564299, Semantic loss: 1.434624, BCE loss: 1.509855, SB loss: 0.800087
2025-03-23 13:03:14,995 Epoch: [10/20] Iter:[130/192], Time: 0.46, lr: [0.005031177342920337], Loss: 3.739780, Acc:0.563893, Semantic loss: 1.437349, BCE loss: 1.505203, SB loss: 0.797227
2025-03-23 13:03:18,863 Epoch: [10/20] Iter:[140/192], Time: 0.46, lr: [0.005005873839969192], Loss: 3.736444, Acc:0.562412, Semantic loss: 1.438400, BCE loss: 1.496084, SB loss: 0.801960
2025-03-23 13:03:22,797 Epoch: [10/20] Iter:[150/192], Time: 0.45, lr: [0.00498055611749454], Loss: 3.740739, Acc:0.562615, Semantic loss: 1.439465, BCE loss: 1.496843, SB loss: 0.804430
2025-03-23 13:03:26,696 Epoch: [10/20] Iter:[160/192], Time: 0.45, lr: [0.004955224087100552], Loss: 3.742381, Acc:0.563253, Semantic loss: 1.438278, BCE loss: 1.498724, SB loss: 0.805378
2025-03-23 13:03:30,596 Epoch: [10/20] Iter:[170/192], Time: 0.45, lr: [0.004929877659336362], Loss: 3.743756, Acc:0.564495, Semantic loss: 1.436412, BCE loss: 1.500542, SB loss: 0.806801
2025-03-23 13:03:34,461 Epoch: [10/20] Iter:[180/192], Time: 0.44, lr: [0.004904516743677371], Loss: 3.745882, Acc:0.562467, Semantic loss: 1.440121, BCE loss: 1.496476, SB loss: 0.809285
2025-03-23 13:03:38,305 Epoch: [10/20] Iter:[190/192], Time: 0.44, lr: [0.00487914124850611], Loss: 3.751106, Acc:0.561367, Semantic loss: 1.442043, BCE loss: 1.500950, SB loss: 0.808113
2025-03-23 13:05:15,773 0 [0.00000000e+00 4.34892956e-01 1.02612695e-01 2.60989246e-02
 2.47435390e-04 3.47574576e-02 3.61748068e-03] 0.08603242135386122
2025-03-23 13:05:15,773 1 [0.00000000e+00 1.48627705e-01 5.66458290e-02 4.37194106e-04
 1.17673092e-07 0.00000000e+00 0.00000000e+00] 0.029387263740289195
2025-03-23 13:05:15,778 => saving checkpoint to output\loveda\pidnet_small_loveda\aug_hf_gb_rbcheckpoint.pth.tar
2025-03-23 13:05:15,898 Loss: 9.097, MeanIU:  0.0294, Best_mIoU:  0.0294
2025-03-23 13:05:15,898 [0.00000000e+00 1.48627705e-01 5.66458290e-02 4.37194106e-04
 1.17673092e-07 0.00000000e+00 0.00000000e+00]
2025-03-23 13:05:26,191 Epoch: [11/20] Iter:[0/192], Time: 10.10, lr: [0.004874064391789954], Loss: 3.622797, Acc:0.635447, Semantic loss: 1.308320, BCE loss: 1.634272, SB loss: 0.680205
2025-03-23 13:05:30,084 Epoch: [11/20] Iter:[10/192], Time: 1.27, lr: [0.004848671278701159], Loss: 3.636112, Acc:0.594790, Semantic loss: 1.336811, BCE loss: 1.552143, SB loss: 0.747158
2025-03-23 13:05:33,980 Epoch: [11/20] Iter:[20/192], Time: 0.85, lr: [0.0048232633805975296], Loss: 3.697320, Acc:0.576645, Semantic loss: 1.374571, BCE loss: 1.565968, SB loss: 0.756782
2025-03-23 13:05:37,874 Epoch: [11/20] Iter:[30/192], Time: 0.70, lr: [0.00479784060223045], Loss: 3.653981, Acc:0.582081, Semantic loss: 1.380270, BCE loss: 1.510446, SB loss: 0.763265
2025-03-23 13:05:41,813 Epoch: [11/20] Iter:[40/192], Time: 0.63, lr: [0.004772402847172951], Loss: 3.641365, Acc:0.582048, Semantic loss: 1.377892, BCE loss: 1.490781, SB loss: 0.772692
2025-03-23 13:05:45,710 Epoch: [11/20] Iter:[50/192], Time: 0.58, lr: [0.004746950017798064], Loss: 3.649835, Acc:0.581190, Semantic loss: 1.371814, BCE loss: 1.499648, SB loss: 0.778374
2025-03-23 13:05:49,637 Epoch: [11/20] Iter:[60/192], Time: 0.55, lr: [0.004721482015256639], Loss: 3.650237, Acc:0.581349, Semantic loss: 1.370897, BCE loss: 1.494658, SB loss: 0.784682
2025-03-23 13:05:53,574 Epoch: [11/20] Iter:[70/192], Time: 0.53, lr: [0.004695998739454633], Loss: 3.673486, Acc:0.584611, Semantic loss: 1.376927, BCE loss: 1.509457, SB loss: 0.787102
2025-03-23 13:05:57,459 Epoch: [11/20] Iter:[80/192], Time: 0.51, lr: [0.004670500089029817], Loss: 3.671025, Acc:0.582908, Semantic loss: 1.375512, BCE loss: 1.510462, SB loss: 0.785051
2025-03-23 13:06:01,366 Epoch: [11/20] Iter:[90/192], Time: 0.50, lr: [0.004644985961327915], Loss: 3.675230, Acc:0.577303, Semantic loss: 1.391639, BCE loss: 1.490505, SB loss: 0.793086
2025-03-23 13:06:05,281 Epoch: [11/20] Iter:[100/192], Time: 0.49, lr: [0.004619456252378151], Loss: 3.697337, Acc:0.573710, Semantic loss: 1.404245, BCE loss: 1.494359, SB loss: 0.798734
2025-03-23 13:06:09,210 Epoch: [11/20] Iter:[110/192], Time: 0.48, lr: [0.004593910856868159], Loss: 3.699123, Acc:0.574762, Semantic loss: 1.406016, BCE loss: 1.491104, SB loss: 0.802002
2025-03-23 13:06:13,103 Epoch: [11/20] Iter:[120/192], Time: 0.47, lr: [0.004568349668118281], Loss: 3.694857, Acc:0.574303, Semantic loss: 1.404179, BCE loss: 1.490507, SB loss: 0.800172
2025-03-23 13:06:17,031 Epoch: [11/20] Iter:[130/192], Time: 0.47, lr: [0.004542772578055196], Loss: 3.705233, Acc:0.571056, Semantic loss: 1.411882, BCE loss: 1.492724, SB loss: 0.800628
2025-03-23 13:06:20,958 Epoch: [11/20] Iter:[140/192], Time: 0.46, lr: [0.00451717947718487], Loss: 3.706301, Acc:0.572072, Semantic loss: 1.407713, BCE loss: 1.502001, SB loss: 0.796587
2025-03-23 13:06:24,858 Epoch: [11/20] Iter:[150/192], Time: 0.46, lr: [0.004491570254564817], Loss: 3.710252, Acc:0.570376, Semantic loss: 1.413174, BCE loss: 1.498760, SB loss: 0.798318
2025-03-23 13:06:28,744 Epoch: [11/20] Iter:[160/192], Time: 0.45, lr: [0.004465944797775636], Loss: 3.710988, Acc:0.570543, Semantic loss: 1.413033, BCE loss: 1.499177, SB loss: 0.798779
2025-03-23 13:06:32,668 Epoch: [11/20] Iter:[170/192], Time: 0.45, lr: [0.004440302992891796], Loss: 3.715622, Acc:0.569562, Semantic loss: 1.415850, BCE loss: 1.502213, SB loss: 0.797559
2025-03-23 13:06:36,551 Epoch: [11/20] Iter:[180/192], Time: 0.44, lr: [0.004414644724451659], Loss: 3.722377, Acc:0.567167, Semantic loss: 1.421194, BCE loss: 1.502706, SB loss: 0.798476
2025-03-23 13:06:40,438 Epoch: [11/20] Iter:[190/192], Time: 0.44, lr: [0.004388969875426714], Loss: 3.720270, Acc:0.567927, Semantic loss: 1.422180, BCE loss: 1.498583, SB loss: 0.799508
2025-03-23 13:08:18,616 0 [0.00000000e+00 2.40547072e-01 7.52446866e-02 1.67280745e-02
 2.06906801e-05 5.90953612e-02 9.49836511e-04] 0.056083674453195786
2025-03-23 13:08:18,617 1 [0.00000000e+00 7.79557937e-02 5.36915388e-02 9.12161537e-03
 1.70457586e-05 0.00000000e+00 0.00000000e+00] 0.020112284797947712
2025-03-23 13:08:18,622 => saving checkpoint to output\loveda\pidnet_small_loveda\aug_hf_gb_rbcheckpoint.pth.tar
2025-03-23 13:08:18,702 Loss: 9.494, MeanIU:  0.0201, Best_mIoU:  0.0294
2025-03-23 13:08:18,702 [0.00000000e+00 7.79557937e-02 5.36915388e-02 9.12161537e-03
 1.70457586e-05 0.00000000e+00 0.00000000e+00]
2025-03-23 13:08:28,910 Epoch: [12/20] Iter:[0/192], Time: 10.01, lr: [0.0043838329055408696], Loss: 3.607862, Acc:0.683308, Semantic loss: 1.215511, BCE loss: 1.642380, SB loss: 0.749971
2025-03-23 13:08:32,818 Epoch: [12/20] Iter:[10/192], Time: 1.27, lr: [0.004358138003083593], Loss: 3.766218, Acc:0.582955, Semantic loss: 1.381259, BCE loss: 1.643839, SB loss: 0.741121
2025-03-23 13:08:36,721 Epoch: [12/20] Iter:[20/192], Time: 0.85, lr: [0.0043324262569064236], Loss: 3.791792, Acc:0.568945, Semantic loss: 1.435485, BCE loss: 1.583143, SB loss: 0.773164
2025-03-23 13:08:40,630 Epoch: [12/20] Iter:[30/192], Time: 0.70, lr: [0.0043066975447503065], Loss: 3.752890, Acc:0.570218, Semantic loss: 1.446110, BCE loss: 1.533535, SB loss: 0.773245
2025-03-23 13:08:44,545 Epoch: [12/20] Iter:[40/192], Time: 0.63, lr: [0.00428095174265078], Loss: 3.739990, Acc:0.578249, Semantic loss: 1.434264, BCE loss: 1.540837, SB loss: 0.764889
2025-03-23 13:08:48,461 Epoch: [12/20] Iter:[50/192], Time: 0.58, lr: [0.004255188724902623], Loss: 3.752537, Acc:0.577943, Semantic loss: 1.432726, BCE loss: 1.546746, SB loss: 0.773065
2025-03-23 13:08:52,393 Epoch: [12/20] Iter:[60/192], Time: 0.55, lr: [0.004229408364023519], Loss: 3.762281, Acc:0.579343, Semantic loss: 1.430076, BCE loss: 1.557369, SB loss: 0.774836
2025-03-23 13:08:56,254 Epoch: [12/20] Iter:[70/192], Time: 0.53, lr: [0.004203610530716726], Loss: 3.753312, Acc:0.576110, Semantic loss: 1.433226, BCE loss: 1.542840, SB loss: 0.777246
2025-03-23 13:09:00,122 Epoch: [12/20] Iter:[80/192], Time: 0.51, lr: [0.004177795093832693], Loss: 3.758437, Acc:0.573770, Semantic loss: 1.438467, BCE loss: 1.542104, SB loss: 0.777866
2025-03-23 13:09:04,027 Epoch: [12/20] Iter:[90/192], Time: 0.50, lr: [0.004151961920329593], Loss: 3.732986, Acc:0.574015, Semantic loss: 1.435330, BCE loss: 1.526330, SB loss: 0.771327
2025-03-23 13:09:07,954 Epoch: [12/20] Iter:[100/192], Time: 0.49, lr: [0.004126110875232744], Loss: 3.737656, Acc:0.575548, Semantic loss: 1.434190, BCE loss: 1.533041, SB loss: 0.770425
2025-03-23 13:09:11,877 Epoch: [12/20] Iter:[110/192], Time: 0.48, lr: [0.004100241821592866], Loss: 3.724536, Acc:0.575019, Semantic loss: 1.428851, BCE loss: 1.522032, SB loss: 0.773653
2025-03-23 13:09:15,785 Epoch: [12/20] Iter:[120/192], Time: 0.47, lr: [0.00407435462044314], Loss: 3.717172, Acc:0.576933, Semantic loss: 1.422373, BCE loss: 1.522023, SB loss: 0.772776
2025-03-23 13:09:19,672 Epoch: [12/20] Iter:[130/192], Time: 0.46, lr: [0.004048449130755016], Loss: 3.712773, Acc:0.575690, Semantic loss: 1.419351, BCE loss: 1.523184, SB loss: 0.770238
2025-03-23 13:09:23,612 Epoch: [12/20] Iter:[140/192], Time: 0.46, lr: [0.004022525209392749], Loss: 3.713142, Acc:0.576254, Semantic loss: 1.416592, BCE loss: 1.525901, SB loss: 0.770649
2025-03-23 13:09:27,510 Epoch: [12/20] Iter:[150/192], Time: 0.45, lr: [0.003996582711066572], Loss: 3.704982, Acc:0.576980, Semantic loss: 1.411249, BCE loss: 1.524027, SB loss: 0.769706
2025-03-23 13:09:31,403 Epoch: [12/20] Iter:[160/192], Time: 0.45, lr: [0.003970621488284514], Loss: 3.698403, Acc:0.576912, Semantic loss: 1.410998, BCE loss: 1.516024, SB loss: 0.771380
2025-03-23 13:09:35,327 Epoch: [12/20] Iter:[170/192], Time: 0.45, lr: [0.003944641391302759], Loss: 3.693405, Acc:0.576329, Semantic loss: 1.411047, BCE loss: 1.510593, SB loss: 0.771766
2025-03-23 13:09:39,229 Epoch: [12/20] Iter:[180/192], Time: 0.44, lr: [0.003918642268074522], Loss: 3.680796, Acc:0.576073, Semantic loss: 1.411701, BCE loss: 1.498627, SB loss: 0.770468
2025-03-23 13:09:43,098 Epoch: [12/20] Iter:[190/192], Time: 0.44, lr: [0.003892623964197378], Loss: 3.681472, Acc:0.575631, Semantic loss: 1.411072, BCE loss: 1.498256, SB loss: 0.772144
2025-03-23 13:11:20,879 0 [0.00000000e+00 2.90325047e-01 7.35971236e-02 1.16292118e-02
 1.29489502e-04 5.09633383e-02 5.25290791e-04] 0.061024214371645166
2025-03-23 13:11:20,879 1 [0.00000000e+00 1.53802811e-01 4.84662594e-02 2.16524402e-02
 4.43170270e-04 0.00000000e+00 3.27264801e-05] 0.03205677246620505
2025-03-23 13:11:20,884 => saving checkpoint to output\loveda\pidnet_small_loveda\aug_hf_gb_rbcheckpoint.pth.tar
2025-03-23 13:11:21,009 Loss: 9.284, MeanIU:  0.0321, Best_mIoU:  0.0321
2025-03-23 13:11:21,009 [0.00000000e+00 1.53802811e-01 4.84662594e-02 2.16524402e-02
 4.43170270e-04 0.00000000e+00 3.27264801e-05]
2025-03-23 13:11:31,265 Epoch: [13/20] Iter:[0/192], Time: 10.06, lr: [0.0038874179879876346], Loss: 3.768039, Acc:0.666406, Semantic loss: 1.213397, BCE loss: 1.836095, SB loss: 0.718546
2025-03-23 13:11:35,135 Epoch: [13/20] Iter:[10/192], Time: 1.27, lr: [0.003861376460123532], Loss: 3.789973, Acc:0.584445, Semantic loss: 1.390659, BCE loss: 1.610949, SB loss: 0.788365
2025-03-23 13:11:39,068 Epoch: [13/20] Iter:[20/192], Time: 0.85, lr: [0.003835315403363414], Loss: 3.747472, Acc:0.580791, Semantic loss: 1.425035, BCE loss: 1.543038, SB loss: 0.779399
2025-03-23 13:11:42,958 Epoch: [13/20] Iter:[30/192], Time: 0.70, lr: [0.00380923465539378], Loss: 3.679428, Acc:0.586397, Semantic loss: 1.391374, BCE loss: 1.515391, SB loss: 0.772664
2025-03-23 13:11:46,825 Epoch: [13/20] Iter:[40/192], Time: 0.62, lr: [0.0037831340513060203], Loss: 3.678046, Acc:0.585814, Semantic loss: 1.384908, BCE loss: 1.524988, SB loss: 0.768150
2025-03-23 13:11:50,738 Epoch: [13/20] Iter:[50/192], Time: 0.58, lr: [0.003757013423534689], Loss: 3.682964, Acc:0.589509, Semantic loss: 1.382074, BCE loss: 1.534490, SB loss: 0.766399
2025-03-23 13:11:54,619 Epoch: [13/20] Iter:[60/192], Time: 0.55, lr: [0.003730872601793835], Loss: 3.683113, Acc:0.585814, Semantic loss: 1.381728, BCE loss: 1.537132, SB loss: 0.764253
2025-03-23 13:11:58,469 Epoch: [13/20] Iter:[70/192], Time: 0.52, lr: [0.0037047114130112895], Loss: 3.665905, Acc:0.585933, Semantic loss: 1.377745, BCE loss: 1.521345, SB loss: 0.766815
2025-03-23 13:12:02,395 Epoch: [13/20] Iter:[80/192], Time: 0.51, lr: [0.0036785296812608405], Loss: 3.673480, Acc:0.580208, Semantic loss: 1.401484, BCE loss: 1.496490, SB loss: 0.775506
2025-03-23 13:12:06,270 Epoch: [13/20] Iter:[90/192], Time: 0.50, lr: [0.003652327227692201], Loss: 3.691170, Acc:0.578210, Semantic loss: 1.405983, BCE loss: 1.508116, SB loss: 0.777071
2025-03-23 13:12:10,143 Epoch: [13/20] Iter:[100/192], Time: 0.48, lr: [0.0036261038704587037], Loss: 3.700462, Acc:0.575503, Semantic loss: 1.404750, BCE loss: 1.518943, SB loss: 0.776769
2025-03-23 13:12:14,069 Epoch: [13/20] Iter:[110/192], Time: 0.48, lr: [0.003599859424642584], Loss: 3.709129, Acc:0.575534, Semantic loss: 1.408655, BCE loss: 1.523582, SB loss: 0.776893
2025-03-23 13:12:17,967 Epoch: [13/20] Iter:[120/192], Time: 0.47, lr: [0.0035735937021778063], Loss: 3.703112, Acc:0.575717, Semantic loss: 1.408385, BCE loss: 1.518923, SB loss: 0.775804
2025-03-23 13:12:21,864 Epoch: [13/20] Iter:[130/192], Time: 0.46, lr: [0.0035473065117702885], Loss: 3.694946, Acc:0.576012, Semantic loss: 1.407017, BCE loss: 1.512423, SB loss: 0.775506
2025-03-23 13:12:25,806 Epoch: [13/20] Iter:[140/192], Time: 0.46, lr: [0.003520997658815433], Loss: 3.685120, Acc:0.575946, Semantic loss: 1.405709, BCE loss: 1.506102, SB loss: 0.773309
2025-03-23 13:12:29,705 Epoch: [13/20] Iter:[150/192], Time: 0.45, lr: [0.003494666945312851], Loss: 3.677843, Acc:0.575893, Semantic loss: 1.405725, BCE loss: 1.498660, SB loss: 0.773459
2025-03-23 13:12:33,604 Epoch: [13/20] Iter:[160/192], Time: 0.45, lr: [0.00346831416977816], Loss: 3.670501, Acc:0.575866, Semantic loss: 1.405614, BCE loss: 1.490956, SB loss: 0.773931
2025-03-23 13:12:37,502 Epoch: [13/20] Iter:[170/192], Time: 0.45, lr: [0.003441939127151716], Loss: 3.666301, Acc:0.577976, Semantic loss: 1.401488, BCE loss: 1.492506, SB loss: 0.772308
2025-03-23 13:12:41,413 Epoch: [13/20] Iter:[180/192], Time: 0.44, lr: [0.0034155416087041646], Loss: 3.660831, Acc:0.579230, Semantic loss: 1.397769, BCE loss: 1.491603, SB loss: 0.771459
2025-03-23 13:12:45,266 Epoch: [13/20] Iter:[190/192], Time: 0.44, lr: [0.0033891214019386652], Loss: 3.659814, Acc:0.578751, Semantic loss: 1.397200, BCE loss: 1.491646, SB loss: 0.770967
2025-03-23 13:14:23,550 0 [0.00000000e+00 3.93732040e-01 7.07371336e-02 8.68071625e-03
 4.22449844e-05 6.53050816e-02 2.18039991e-04] 0.07695932242160082
2025-03-23 13:14:23,550 1 [0.         0.08709324 0.05202599 0.00447632 0.         0.
 0.        ] 0.020513648638528285
2025-03-23 13:14:23,556 => saving checkpoint to output\loveda\pidnet_small_loveda\aug_hf_gb_rbcheckpoint.pth.tar
2025-03-23 13:14:23,639 Loss: 9.151, MeanIU:  0.0205, Best_mIoU:  0.0321
2025-03-23 13:14:23,639 [0.         0.08709324 0.05202599 0.00447632 0.         0.
 0.        ]
2025-03-23 13:14:33,751 Epoch: [14/20] Iter:[0/192], Time: 9.92, lr: [0.0033838346190164987], Loss: 3.846401, Acc:0.623514, Semantic loss: 1.258419, BCE loss: 1.683700, SB loss: 0.904281
2025-03-23 13:14:37,651 Epoch: [14/20] Iter:[10/192], Time: 1.26, lr: [0.0033573869003190927], Loss: 3.721269, Acc:0.584687, Semantic loss: 1.367763, BCE loss: 1.585063, SB loss: 0.768442
2025-03-23 13:14:41,555 Epoch: [14/20] Iter:[20/192], Time: 0.84, lr: [0.0033309160120447595], Loss: 3.636206, Acc:0.596099, Semantic loss: 1.352042, BCE loss: 1.522777, SB loss: 0.761386
2025-03-23 13:14:45,465 Epoch: [14/20] Iter:[30/192], Time: 0.70, lr: [0.0033044217289421207], Loss: 3.578881, Acc:0.597441, Semantic loss: 1.347573, BCE loss: 1.481351, SB loss: 0.749957
2025-03-23 13:14:49,359 Epoch: [14/20] Iter:[40/192], Time: 0.62, lr: [0.0032779038215418194], Loss: 3.587893, Acc:0.599632, Semantic loss: 1.346168, BCE loss: 1.491944, SB loss: 0.749781
2025-03-23 13:14:53,230 Epoch: [14/20] Iter:[50/192], Time: 0.58, lr: [0.0032513620560388795], Loss: 3.601271, Acc:0.591102, Semantic loss: 1.345495, BCE loss: 1.507353, SB loss: 0.748423
2025-03-23 13:14:57,150 Epoch: [14/20] Iter:[60/192], Time: 0.55, lr: [0.003224796194170671], Loss: 3.591994, Acc:0.593304, Semantic loss: 1.338327, BCE loss: 1.506736, SB loss: 0.746930
2025-03-23 13:15:01,064 Epoch: [14/20] Iter:[70/192], Time: 0.52, lr: [0.003198205993090303], Loss: 3.575927, Acc:0.592531, Semantic loss: 1.340387, BCE loss: 1.487391, SB loss: 0.748149
2025-03-23 13:15:04,992 Epoch: [14/20] Iter:[80/192], Time: 0.51, lr: [0.0031715912052352204], Loss: 3.579735, Acc:0.595251, Semantic loss: 1.339263, BCE loss: 1.496535, SB loss: 0.743936
2025-03-23 13:15:08,917 Epoch: [14/20] Iter:[90/192], Time: 0.50, lr: [0.0031449515781907557], Loss: 3.580614, Acc:0.597069, Semantic loss: 1.343493, BCE loss: 1.492129, SB loss: 0.744992
2025-03-23 13:15:12,833 Epoch: [14/20] Iter:[100/192], Time: 0.49, lr: [0.003118286854548424], Loss: 3.585350, Acc:0.595162, Semantic loss: 1.349721, BCE loss: 1.489537, SB loss: 0.746092
2025-03-23 13:15:16,734 Epoch: [14/20] Iter:[110/192], Time: 0.48, lr: [0.003091596771758693], Loss: 3.587058, Acc:0.597819, Semantic loss: 1.344915, BCE loss: 1.499779, SB loss: 0.742364
2025-03-23 13:15:20,634 Epoch: [14/20] Iter:[120/192], Time: 0.47, lr: [0.0030648810619779434], Loss: 3.602772, Acc:0.597536, Semantic loss: 1.350551, BCE loss: 1.508301, SB loss: 0.743920
2025-03-23 13:15:24,498 Epoch: [14/20] Iter:[130/192], Time: 0.46, lr: [0.0030381394519093602], Loss: 3.590257, Acc:0.596242, Semantic loss: 1.348199, BCE loss: 1.498753, SB loss: 0.743305
2025-03-23 13:15:28,394 Epoch: [14/20] Iter:[140/192], Time: 0.46, lr: [0.003011371662637431], Loss: 3.587817, Acc:0.596428, Semantic loss: 1.351304, BCE loss: 1.491936, SB loss: 0.744577
2025-03-23 13:15:32,294 Epoch: [14/20] Iter:[150/192], Time: 0.45, lr: [0.0029845774094557345], Loss: 3.593126, Acc:0.596026, Semantic loss: 1.352295, BCE loss: 1.494753, SB loss: 0.746078
2025-03-23 13:15:36,190 Epoch: [14/20] Iter:[160/192], Time: 0.45, lr: [0.002957756401687678], Loss: 3.591940, Acc:0.595300, Semantic loss: 1.354956, BCE loss: 1.489751, SB loss: 0.747234
2025-03-23 13:15:40,073 Epoch: [14/20] Iter:[170/192], Time: 0.45, lr: [0.002930908342499829], Loss: 3.596602, Acc:0.595937, Semantic loss: 1.355784, BCE loss: 1.493439, SB loss: 0.747380
2025-03-23 13:15:43,968 Epoch: [14/20] Iter:[180/192], Time: 0.44, lr: [0.002904032928707437], Loss: 3.598920, Acc:0.594545, Semantic loss: 1.359508, BCE loss: 1.490991, SB loss: 0.748421
2025-03-23 13:15:47,814 Epoch: [14/20] Iter:[190/192], Time: 0.44, lr: [0.0028771298505717554], Loss: 3.611844, Acc:0.590053, Semantic loss: 1.369853, BCE loss: 1.487043, SB loss: 0.754947
2025-03-23 13:17:25,523 0 [0.00000000e+00 5.07570094e-01 9.39714093e-02 1.44905218e-02
 1.93335314e-04 5.66887786e-02 7.32259842e-04] 0.09623519985393862
2025-03-23 13:17:25,524 1 [0.00000000e+00 1.33828496e-01 4.99737596e-02 8.49344141e-04
 0.00000000e+00 0.00000000e+00 2.41374200e-05] 0.026382248203159514
2025-03-23 13:17:25,529 => saving checkpoint to output\loveda\pidnet_small_loveda\aug_hf_gb_rbcheckpoint.pth.tar
2025-03-23 13:17:25,613 Loss: 9.408, MeanIU:  0.0264, Best_mIoU:  0.0321
2025-03-23 13:17:25,613 [0.00000000e+00 1.33828496e-01 4.99737596e-02 8.49344141e-04
 0.00000000e+00 0.00000000e+00 2.41374200e-05]
2025-03-23 13:17:35,908 Epoch: [15/20] Iter:[0/192], Time: 10.10, lr: [0.0028717458874925874], Loss: 3.390525, Acc:0.577158, Semantic loss: 1.190305, BCE loss: 1.515353, SB loss: 0.684867
2025-03-23 13:17:39,813 Epoch: [15/20] Iter:[10/192], Time: 1.27, lr: [0.0028448091937488323], Loss: 3.505370, Acc:0.606982, Semantic loss: 1.371525, BCE loss: 1.386437, SB loss: 0.747409
2025-03-23 13:17:43,738 Epoch: [15/20] Iter:[20/192], Time: 0.85, lr: [0.002817844130111582], Loss: 3.593437, Acc:0.599813, Semantic loss: 1.379518, BCE loss: 1.443523, SB loss: 0.770397
2025-03-23 13:17:47,653 Epoch: [15/20] Iter:[30/192], Time: 0.70, lr: [0.0027908503644035994], Loss: 3.648221, Acc:0.601159, Semantic loss: 1.381444, BCE loss: 1.501797, SB loss: 0.764981
2025-03-23 13:17:51,536 Epoch: [15/20] Iter:[40/192], Time: 0.63, lr: [0.0027638275569424097], Loss: 3.637144, Acc:0.593161, Semantic loss: 1.393438, BCE loss: 1.485076, SB loss: 0.758631
2025-03-23 13:17:55,422 Epoch: [15/20] Iter:[50/192], Time: 0.58, lr: [0.002736775360287257], Loss: 3.579898, Acc:0.597853, Semantic loss: 1.373311, BCE loss: 1.447964, SB loss: 0.758623
2025-03-23 13:17:59,320 Epoch: [15/20] Iter:[60/192], Time: 0.55, lr: [0.002709693418974644], Loss: 3.583256, Acc:0.600132, Semantic loss: 1.373383, BCE loss: 1.455246, SB loss: 0.754627
2025-03-23 13:18:03,226 Epoch: [15/20] Iter:[70/192], Time: 0.53, lr: [0.0026825813692418162], Loss: 3.560614, Acc:0.598571, Semantic loss: 1.365334, BCE loss: 1.441509, SB loss: 0.753772
2025-03-23 13:18:07,125 Epoch: [15/20] Iter:[80/192], Time: 0.51, lr: [0.0026554388387375], Loss: 3.570446, Acc:0.597828, Semantic loss: 1.368937, BCE loss: 1.447062, SB loss: 0.754447
2025-03-23 13:18:10,999 Epoch: [15/20] Iter:[90/192], Time: 0.50, lr: [0.002628265446219161], Loss: 3.559888, Acc:0.600773, Semantic loss: 1.360763, BCE loss: 1.448314, SB loss: 0.750812
2025-03-23 13:18:14,959 Epoch: [15/20] Iter:[100/192], Time: 0.49, lr: [0.002601060801235972], Loss: 3.567022, Acc:0.600462, Semantic loss: 1.363634, BCE loss: 1.450440, SB loss: 0.752948
2025-03-23 13:18:18,857 Epoch: [15/20] Iter:[110/192], Time: 0.48, lr: [0.002573824503796671], Loss: 3.569449, Acc:0.599390, Semantic loss: 1.357689, BCE loss: 1.462349, SB loss: 0.749411
2025-03-23 13:18:22,741 Epoch: [15/20] Iter:[120/192], Time: 0.47, lr: [0.00254655614402138], Loss: 3.575505, Acc:0.597731, Semantic loss: 1.355026, BCE loss: 1.471585, SB loss: 0.748893
2025-03-23 13:18:26,639 Epoch: [15/20] Iter:[130/192], Time: 0.46, lr: [0.0025192553017764118], Loss: 3.571075, Acc:0.597298, Semantic loss: 1.353216, BCE loss: 1.470843, SB loss: 0.747016
2025-03-23 13:18:30,525 Epoch: [15/20] Iter:[140/192], Time: 0.46, lr: [0.002491921546291034], Loss: 3.574672, Acc:0.597431, Semantic loss: 1.350065, BCE loss: 1.479559, SB loss: 0.745048
2025-03-23 13:18:34,411 Epoch: [15/20] Iter:[150/192], Time: 0.45, lr: [0.0024645544357550573], Loss: 3.580738, Acc:0.597252, Semantic loss: 1.352254, BCE loss: 1.480469, SB loss: 0.748016
2025-03-23 13:18:38,317 Epoch: [15/20] Iter:[160/192], Time: 0.45, lr: [0.002437153516896028], Loss: 3.580043, Acc:0.595919, Semantic loss: 1.356001, BCE loss: 1.475505, SB loss: 0.748537
2025-03-23 13:18:42,209 Epoch: [15/20] Iter:[170/192], Time: 0.45, lr: [0.0024097183245347467], Loss: 3.587706, Acc:0.597292, Semantic loss: 1.355355, BCE loss: 1.484954, SB loss: 0.747396
2025-03-23 13:18:46,130 Epoch: [15/20] Iter:[180/192], Time: 0.44, lr: [0.0023822483811177], Loss: 3.582329, Acc:0.599591, Semantic loss: 1.350576, BCE loss: 1.488004, SB loss: 0.743749
2025-03-23 13:18:49,982 Epoch: [15/20] Iter:[190/192], Time: 0.44, lr: [0.002354743196224891], Loss: 3.587419, Acc:0.598428, Semantic loss: 1.354345, BCE loss: 1.487958, SB loss: 0.745117
2025-03-23 13:20:28,380 0 [0.00000000e+00 4.82783986e-01 8.49041119e-02 1.39408607e-02
 4.35076160e-04 6.49818403e-02 5.57503108e-04] 0.09251476827211459
2025-03-23 13:20:28,381 1 [0.00000000e+00 1.34173079e-01 5.29615737e-02 8.98653380e-03
 8.97559341e-05 0.00000000e+00 1.72017717e-02] 0.03048753065226336
2025-03-23 13:20:28,386 => saving checkpoint to output\loveda\pidnet_small_loveda\aug_hf_gb_rbcheckpoint.pth.tar
2025-03-23 13:20:28,466 Loss: 9.483, MeanIU:  0.0305, Best_mIoU:  0.0321
2025-03-23 13:20:28,466 [0.00000000e+00 1.34173079e-01 5.29615737e-02 8.98653380e-03
 8.97559341e-05 0.00000000e+00 1.72017717e-02]
2025-03-23 13:20:38,849 Epoch: [16/20] Iter:[0/192], Time: 10.19, lr: [0.0023492378861760376], Loss: 3.739779, Acc:0.607298, Semantic loss: 1.340866, BCE loss: 1.719801, SB loss: 0.679112
2025-03-23 13:20:42,772 Epoch: [16/20] Iter:[10/192], Time: 1.28, lr: [0.0023216897452738748], Loss: 3.487299, Acc:0.628426, Semantic loss: 1.278882, BCE loss: 1.489138, SB loss: 0.719278
2025-03-23 13:20:46,682 Epoch: [16/20] Iter:[20/192], Time: 0.86, lr: [0.0022941052360858027], Loss: 3.429485, Acc:0.626670, Semantic loss: 1.278546, BCE loss: 1.426338, SB loss: 0.724601
2025-03-23 13:20:50,581 Epoch: [16/20] Iter:[30/192], Time: 0.71, lr: [0.0022664838233947228], Loss: 3.507838, Acc:0.617826, Semantic loss: 1.320550, BCE loss: 1.461492, SB loss: 0.725797
2025-03-23 13:20:54,486 Epoch: [16/20] Iter:[40/192], Time: 0.63, lr: [0.0022388249567421017], Loss: 3.524759, Acc:0.617179, Semantic loss: 1.316114, BCE loss: 1.492397, SB loss: 0.716249
2025-03-23 13:20:58,367 Epoch: [16/20] Iter:[50/192], Time: 0.58, lr: [0.002211128069778427], Loss: 3.515925, Acc:0.617550, Semantic loss: 1.313861, BCE loss: 1.483867, SB loss: 0.718197
2025-03-23 13:21:02,263 Epoch: [16/20] Iter:[60/192], Time: 0.55, lr: [0.0021833925795765436], Loss: 3.541277, Acc:0.616897, Semantic loss: 1.314864, BCE loss: 1.504225, SB loss: 0.722188
2025-03-23 13:21:06,172 Epoch: [16/20] Iter:[70/192], Time: 0.53, lr: [0.0021556178859051967], Loss: 3.541729, Acc:0.615407, Semantic loss: 1.317940, BCE loss: 1.504758, SB loss: 0.719032
2025-03-23 13:21:10,059 Epoch: [16/20] Iter:[80/192], Time: 0.51, lr: [0.002127803370459852], Loss: 3.557157, Acc:0.613106, Semantic loss: 1.322143, BCE loss: 1.514373, SB loss: 0.720641
2025-03-23 13:21:13,968 Epoch: [16/20] Iter:[90/192], Time: 0.50, lr: [0.0020999483960476508], Loss: 3.527860, Acc:0.614208, Semantic loss: 1.313168, BCE loss: 1.495870, SB loss: 0.718822
2025-03-23 13:21:17,872 Epoch: [16/20] Iter:[100/192], Time: 0.49, lr: [0.0020720523057230294], Loss: 3.544595, Acc:0.615535, Semantic loss: 1.314859, BCE loss: 1.511422, SB loss: 0.718314
2025-03-23 13:21:21,774 Epoch: [16/20] Iter:[110/192], Time: 0.48, lr: [0.002044114421870228], Loss: 3.546851, Acc:0.614770, Semantic loss: 1.314635, BCE loss: 1.513465, SB loss: 0.718752
2025-03-23 13:21:25,669 Epoch: [16/20] Iter:[120/192], Time: 0.47, lr: [0.0020161340452285867], Loss: 3.547507, Acc:0.615042, Semantic loss: 1.316331, BCE loss: 1.510810, SB loss: 0.720366
2025-03-23 13:21:29,552 Epoch: [16/20] Iter:[130/192], Time: 0.46, lr: [0.001988110453856112], Loss: 3.539464, Acc:0.611029, Semantic loss: 1.318466, BCE loss: 1.498062, SB loss: 0.722936
2025-03-23 13:21:33,491 Epoch: [16/20] Iter:[140/192], Time: 0.46, lr: [0.0019600429020263607], Loss: 3.547660, Acc:0.609559, Semantic loss: 1.322444, BCE loss: 1.501460, SB loss: 0.723756
2025-03-23 13:21:37,390 Epoch: [16/20] Iter:[150/192], Time: 0.46, lr: [0.0019319306190532476], Loss: 3.547159, Acc:0.609867, Semantic loss: 1.320720, BCE loss: 1.503607, SB loss: 0.722832
2025-03-23 13:21:41,269 Epoch: [16/20] Iter:[160/192], Time: 0.45, lr: [0.0019037728080378042], Loss: 3.550784, Acc:0.607390, Semantic loss: 1.327707, BCE loss: 1.496730, SB loss: 0.726347
2025-03-23 13:21:45,168 Epoch: [16/20] Iter:[170/192], Time: 0.45, lr: [0.0018755686445303314], Loss: 3.539116, Acc:0.608780, Semantic loss: 1.326435, BCE loss: 1.486812, SB loss: 0.725869
2025-03-23 13:21:49,066 Epoch: [16/20] Iter:[180/192], Time: 0.44, lr: [0.001847317275100738], Loss: 3.548857, Acc:0.607609, Semantic loss: 1.330607, BCE loss: 1.489314, SB loss: 0.728936
2025-03-23 13:21:52,931 Epoch: [16/20] Iter:[190/192], Time: 0.44, lr: [0.0018190178158090872], Loss: 3.554739, Acc:0.606998, Semantic loss: 1.335464, BCE loss: 1.488163, SB loss: 0.731111
2025-03-23 13:23:30,180 0 [0.00000000e+00 5.30320346e-01 8.28329700e-02 1.24446743e-02
 1.53427727e-04 9.30054476e-02 3.02728475e-04] 0.10272279917561296
2025-03-23 13:23:30,180 1 [0.         0.14435798 0.04588882 0.0157914  0.00074634 0.00122289
 0.01251859] 0.03150371658788608
2025-03-23 13:23:30,185 => saving checkpoint to output\loveda\pidnet_small_loveda\aug_hf_gb_rbcheckpoint.pth.tar
2025-03-23 13:23:30,263 Loss: 10.156, MeanIU:  0.0315, Best_mIoU:  0.0321
2025-03-23 13:23:30,263 [0.         0.14435798 0.04588882 0.0157914  0.00074634 0.00122289
 0.01251859]
2025-03-23 13:23:40,587 Epoch: [17/20] Iter:[0/192], Time: 10.13, lr: [0.0018133520731367456], Loss: 3.769650, Acc:0.585428, Semantic loss: 1.312364, BCE loss: 1.706761, SB loss: 0.750525
2025-03-23 13:23:44,472 Epoch: [17/20] Iter:[10/192], Time: 1.27, lr: [0.001784993693823396], Loss: 3.621524, Acc:0.584353, Semantic loss: 1.332795, BCE loss: 1.546896, SB loss: 0.741833
2025-03-23 13:23:48,404 Epoch: [17/20] Iter:[20/192], Time: 0.85, lr: [0.0017565851643374117], Loss: 3.562798, Acc:0.604917, Semantic loss: 1.309734, BCE loss: 1.518119, SB loss: 0.734946
2025-03-23 13:23:52,312 Epoch: [17/20] Iter:[30/192], Time: 0.71, lr: [0.0017281254915000803], Loss: 3.584647, Acc:0.601291, Semantic loss: 1.331028, BCE loss: 1.505496, SB loss: 0.748123
2025-03-23 13:23:56,177 Epoch: [17/20] Iter:[40/192], Time: 0.63, lr: [0.0016996136438923032], Loss: 3.569946, Acc:0.601952, Semantic loss: 1.333061, BCE loss: 1.489810, SB loss: 0.747075
2025-03-23 13:24:00,102 Epoch: [17/20] Iter:[50/192], Time: 0.58, lr: [0.0016710485496403851], Loss: 3.576469, Acc:0.598984, Semantic loss: 1.345331, BCE loss: 1.483888, SB loss: 0.747250
2025-03-23 13:24:04,033 Epoch: [17/20] Iter:[60/192], Time: 0.55, lr: [0.0016424290940290059], Loss: 3.557591, Acc:0.605756, Semantic loss: 1.338649, BCE loss: 1.481590, SB loss: 0.737353
2025-03-23 13:24:07,931 Epoch: [17/20] Iter:[70/192], Time: 0.53, lr: [0.0016137541169242962], Loss: 3.527683, Acc:0.607969, Semantic loss: 1.331751, BCE loss: 1.454248, SB loss: 0.741683
2025-03-23 13:24:11,876 Epoch: [17/20] Iter:[80/192], Time: 0.51, lr: [0.0015850224099878446], Loss: 3.532203, Acc:0.612448, Semantic loss: 1.323946, BCE loss: 1.468217, SB loss: 0.740039
2025-03-23 13:24:15,773 Epoch: [17/20] Iter:[90/192], Time: 0.50, lr: [0.001556232713660091], Loss: 3.525372, Acc:0.611403, Semantic loss: 1.319951, BCE loss: 1.469345, SB loss: 0.736077
2025-03-23 13:24:19,711 Epoch: [17/20] Iter:[100/192], Time: 0.49, lr: [0.0015273837138888994], Loss: 3.530097, Acc:0.612462, Semantic loss: 1.319705, BCE loss: 1.477417, SB loss: 0.732975
2025-03-23 13:24:23,615 Epoch: [17/20] Iter:[110/192], Time: 0.48, lr: [0.0014984740385759552], Loss: 3.534951, Acc:0.611641, Semantic loss: 1.316781, BCE loss: 1.485153, SB loss: 0.733017
2025-03-23 13:24:27,532 Epoch: [17/20] Iter:[120/192], Time: 0.47, lr: [0.0014695022537100475], Loss: 3.537637, Acc:0.609592, Semantic loss: 1.317839, BCE loss: 1.484795, SB loss: 0.735003
2025-03-23 13:24:31,436 Epoch: [17/20] Iter:[130/192], Time: 0.47, lr: [0.0014404668591521846], Loss: 3.536768, Acc:0.608725, Semantic loss: 1.323040, BCE loss: 1.479278, SB loss: 0.734451
2025-03-23 13:24:35,354 Epoch: [17/20] Iter:[140/192], Time: 0.46, lr: [0.0014113662840326588], Loss: 3.540947, Acc:0.609454, Semantic loss: 1.327071, BCE loss: 1.478165, SB loss: 0.735711
2025-03-23 13:24:39,266 Epoch: [17/20] Iter:[150/192], Time: 0.46, lr: [0.0013821988817145786], Loss: 3.544213, Acc:0.609525, Semantic loss: 1.327250, BCE loss: 1.481421, SB loss: 0.735542
2025-03-23 13:24:43,184 Epoch: [17/20] Iter:[160/192], Time: 0.45, lr: [0.0013529629242719093], Loss: 3.545082, Acc:0.610862, Semantic loss: 1.326879, BCE loss: 1.482259, SB loss: 0.735945
2025-03-23 13:24:47,097 Epoch: [17/20] Iter:[170/192], Time: 0.45, lr: [0.0013236565964223801], Loss: 3.548021, Acc:0.610566, Semantic loss: 1.327494, BCE loss: 1.485300, SB loss: 0.735228
2025-03-23 13:24:51,030 Epoch: [17/20] Iter:[180/192], Time: 0.45, lr: [0.0012942779888466518], Loss: 3.548783, Acc:0.609906, Semantic loss: 1.328514, BCE loss: 1.486369, SB loss: 0.733900
2025-03-23 13:24:54,907 Epoch: [17/20] Iter:[190/192], Time: 0.44, lr: [0.0012648250908145803], Loss: 3.546885, Acc:0.609051, Semantic loss: 1.329673, BCE loss: 1.483628, SB loss: 0.733584
2025-03-23 13:26:33,104 0 [0.00000000e+00 3.71706122e-01 8.34325151e-02 1.17015148e-02
 1.82227112e-04 7.76543627e-02 6.20889937e-04] 0.07789966171264096
2025-03-23 13:26:33,104 1 [0.         0.22244096 0.0450976  0.00684531 0.00090978 0.00026595
 0.00157044] 0.039590004582813185
2025-03-23 13:26:33,110 => saving checkpoint to output\loveda\pidnet_small_loveda\aug_hf_gb_rbcheckpoint.pth.tar
2025-03-23 13:26:33,235 Loss: 9.927, MeanIU:  0.0396, Best_mIoU:  0.0396
2025-03-23 13:26:33,235 [0.         0.22244096 0.0450976  0.00684531 0.00090978 0.00026595
 0.00157044]
2025-03-23 13:26:43,511 Epoch: [18/20] Iter:[0/192], Time: 10.08, lr: [0.001258925411794167], Loss: 3.420543, Acc:0.551964, Semantic loss: 1.240447, BCE loss: 1.448826, SB loss: 0.731271
2025-03-23 13:26:47,394 Epoch: [18/20] Iter:[10/192], Time: 1.27, lr: [0.0012293805561511607], Loss: 3.542227, Acc:0.620099, Semantic loss: 1.313322, BCE loss: 1.506470, SB loss: 0.722435
2025-03-23 13:26:51,308 Epoch: [18/20] Iter:[20/192], Time: 0.85, lr: [0.0011997565879500753], Loss: 3.546649, Acc:0.620293, Semantic loss: 1.331536, BCE loss: 1.486340, SB loss: 0.728773
2025-03-23 13:26:55,215 Epoch: [18/20] Iter:[30/192], Time: 0.70, lr: [0.0011700511125444005], Loss: 3.544532, Acc:0.622444, Semantic loss: 1.342302, BCE loss: 1.473318, SB loss: 0.728912
2025-03-23 13:26:59,088 Epoch: [18/20] Iter:[40/192], Time: 0.63, lr: [0.0011402615929770753], Loss: 3.529968, Acc:0.619854, Semantic loss: 1.323065, BCE loss: 1.486515, SB loss: 0.720388
2025-03-23 13:27:02,966 Epoch: [18/20] Iter:[50/192], Time: 0.58, lr: [0.0011103853371305413], Loss: 3.488883, Acc:0.622498, Semantic loss: 1.309250, BCE loss: 1.468859, SB loss: 0.710774
2025-03-23 13:27:06,840 Epoch: [18/20] Iter:[60/192], Time: 0.55, lr: [0.001080419483295973], Loss: 3.463639, Acc:0.624372, Semantic loss: 1.304259, BCE loss: 1.452387, SB loss: 0.706993
2025-03-23 13:27:10,725 Epoch: [18/20] Iter:[70/192], Time: 0.53, lr: [0.0010503609839122385], Loss: 3.485472, Acc:0.625602, Semantic loss: 1.303478, BCE loss: 1.475602, SB loss: 0.706393
2025-03-23 13:27:14,641 Epoch: [18/20] Iter:[80/192], Time: 0.51, lr: [0.0010202065871765603], Loss: 3.497678, Acc:0.620851, Semantic loss: 1.309277, BCE loss: 1.481291, SB loss: 0.707110
2025-03-23 13:27:18,559 Epoch: [18/20] Iter:[90/192], Time: 0.50, lr: [0.000989952816168914], Loss: 3.496050, Acc:0.622809, Semantic loss: 1.305390, BCE loss: 1.484421, SB loss: 0.706238
2025-03-23 13:27:22,472 Epoch: [18/20] Iter:[100/192], Time: 0.49, lr: [0.0009595959450576828], Loss: 3.494370, Acc:0.623405, Semantic loss: 1.301703, BCE loss: 1.485119, SB loss: 0.707549
2025-03-23 13:27:26,388 Epoch: [18/20] Iter:[110/192], Time: 0.48, lr: [0.000929131971860904], Loss: 3.476178, Acc:0.623318, Semantic loss: 1.299643, BCE loss: 1.468735, SB loss: 0.707800
2025-03-23 13:27:30,290 Epoch: [18/20] Iter:[120/192], Time: 0.47, lr: [0.0008985565871200918], Loss: 3.476298, Acc:0.622689, Semantic loss: 1.297688, BCE loss: 1.470980, SB loss: 0.707631
2025-03-23 13:27:34,180 Epoch: [18/20] Iter:[130/192], Time: 0.46, lr: [0.0008678651376944955], Loss: 3.490948, Acc:0.623794, Semantic loss: 1.300035, BCE loss: 1.481542, SB loss: 0.709371
2025-03-23 13:27:38,089 Epoch: [18/20] Iter:[140/192], Time: 0.46, lr: [0.000837052584692747], Loss: 3.503487, Acc:0.622958, Semantic loss: 1.301876, BCE loss: 1.490205, SB loss: 0.711406
2025-03-23 13:27:41,969 Epoch: [18/20] Iter:[150/192], Time: 0.45, lr: [0.000806113454312208], Loss: 3.497549, Acc:0.622297, Semantic loss: 1.302817, BCE loss: 1.482809, SB loss: 0.711924
2025-03-23 13:27:45,880 Epoch: [18/20] Iter:[160/192], Time: 0.45, lr: [0.0007750417800344363], Loss: 3.491737, Acc:0.622674, Semantic loss: 1.300397, BCE loss: 1.478992, SB loss: 0.712348
2025-03-23 13:27:49,796 Epoch: [18/20] Iter:[170/192], Time: 0.45, lr: [0.0007438310342008949], Loss: 3.494774, Acc:0.620817, Semantic loss: 1.304115, BCE loss: 1.477787, SB loss: 0.712873
2025-03-23 13:27:53,711 Epoch: [18/20] Iter:[180/192], Time: 0.44, lr: [0.0007124740464272778], Loss: 3.490797, Acc:0.621606, Semantic loss: 1.302336, BCE loss: 1.477492, SB loss: 0.710969
2025-03-23 13:27:57,605 Epoch: [18/20] Iter:[190/192], Time: 0.44, lr: [0.0006809629055511224], Loss: 3.494837, Acc:0.621783, Semantic loss: 1.303285, BCE loss: 1.480109, SB loss: 0.711443
2025-03-23 13:29:35,396 0 [0.00000000e+00 4.56103877e-01 7.97500229e-02 1.15551750e-02
 2.74118885e-04 4.01304835e-02 5.46607297e-04] 0.0840514691526263
2025-03-23 13:29:35,397 1 [0.00000000e+00 1.77984007e-01 4.91609452e-02 1.77524230e-03
 1.11509903e-03 8.99956074e-06 9.04098762e-03] 0.034155040159982435
2025-03-23 13:29:35,402 => saving checkpoint to output\loveda\pidnet_small_loveda\aug_hf_gb_rbcheckpoint.pth.tar
2025-03-23 13:29:35,483 Loss: 10.390, MeanIU:  0.0342, Best_mIoU:  0.0396
2025-03-23 13:29:35,483 [0.00000000e+00 1.77984007e-01 4.91609452e-02 1.77524230e-03
 1.11509903e-03 8.99956074e-06 9.04098762e-03]
2025-03-23 13:29:45,831 Epoch: [19/20] Iter:[0/192], Time: 10.15, lr: [0.0006746414238367822], Loss: 3.787021, Acc:0.577227, Semantic loss: 1.415859, BCE loss: 1.568884, SB loss: 0.802278
2025-03-23 13:29:49,757 Epoch: [19/20] Iter:[10/192], Time: 1.28, lr: [0.0006429336362339898], Loss: 3.479122, Acc:0.604925, Semantic loss: 1.317014, BCE loss: 1.461410, SB loss: 0.700698
2025-03-23 13:29:53,611 Epoch: [19/20] Iter:[20/192], Time: 0.85, lr: [0.0006110510578510947], Loss: 3.418113, Acc:0.608235, Semantic loss: 1.299043, BCE loss: 1.412176, SB loss: 0.706895
2025-03-23 13:29:57,495 Epoch: [19/20] Iter:[30/192], Time: 0.70, lr: [0.0005789824653018995], Loss: 3.413353, Acc:0.623624, Semantic loss: 1.295530, BCE loss: 1.409472, SB loss: 0.708351
2025-03-23 13:30:01,395 Epoch: [19/20] Iter:[40/192], Time: 0.63, lr: [0.0005467151732202777], Loss: 3.464537, Acc:0.622433, Semantic loss: 1.300427, BCE loss: 1.458398, SB loss: 0.705712
2025-03-23 13:30:05,333 Epoch: [19/20] Iter:[50/192], Time: 0.58, lr: [0.0005142347343351296], Loss: 3.478446, Acc:0.622951, Semantic loss: 1.305916, BCE loss: 1.462524, SB loss: 0.710006
2025-03-23 13:30:09,255 Epoch: [19/20] Iter:[60/192], Time: 0.55, lr: [0.0004815245523312483], Loss: 3.460924, Acc:0.624001, Semantic loss: 1.300645, BCE loss: 1.451493, SB loss: 0.708786
2025-03-23 13:30:13,191 Epoch: [19/20] Iter:[70/192], Time: 0.53, lr: [0.000448565373510549], Loss: 3.449030, Acc:0.627006, Semantic loss: 1.296774, BCE loss: 1.446024, SB loss: 0.706232
2025-03-23 13:30:17,116 Epoch: [19/20] Iter:[80/192], Time: 0.51, lr: [0.00041533460609889997], Loss: 3.468384, Acc:0.626564, Semantic loss: 1.299481, BCE loss: 1.463972, SB loss: 0.704932
2025-03-23 13:30:21,023 Epoch: [19/20] Iter:[90/192], Time: 0.50, lr: [0.00038180538785330436], Loss: 3.464274, Acc:0.626677, Semantic loss: 1.299447, BCE loss: 1.455973, SB loss: 0.708854
2025-03-23 13:30:24,944 Epoch: [19/20] Iter:[100/192], Time: 0.49, lr: [0.00034794527452517863], Loss: 3.451045, Acc:0.626802, Semantic loss: 1.294326, BCE loss: 1.448842, SB loss: 0.707877
2025-03-23 13:30:28,857 Epoch: [19/20] Iter:[110/192], Time: 0.48, lr: [0.00031371433588231993], Loss: 3.446849, Acc:0.627798, Semantic loss: 1.293764, BCE loss: 1.444276, SB loss: 0.708809
2025-03-23 13:30:32,776 Epoch: [19/20] Iter:[120/192], Time: 0.47, lr: [0.0002790622842837163], Loss: 3.447177, Acc:0.629745, Semantic loss: 1.291948, BCE loss: 1.448947, SB loss: 0.706282
2025-03-23 13:30:36,682 Epoch: [19/20] Iter:[130/192], Time: 0.47, lr: [0.0002439239356353784], Loss: 3.445373, Acc:0.630034, Semantic loss: 1.290389, BCE loss: 1.451043, SB loss: 0.703941
2025-03-23 13:30:40,581 Epoch: [19/20] Iter:[140/192], Time: 0.46, lr: [0.00020821159321002047], Loss: 3.459381, Acc:0.628771, Semantic loss: 1.293273, BCE loss: 1.461127, SB loss: 0.704981
2025-03-23 13:30:44,509 Epoch: [19/20] Iter:[150/192], Time: 0.46, lr: [0.00017180122628828942], Loss: 3.472694, Acc:0.627917, Semantic loss: 1.294122, BCE loss: 1.473285, SB loss: 0.705287
2025-03-23 13:30:48,404 Epoch: [19/20] Iter:[160/192], Time: 0.45, lr: [0.00013450451987183818], Loss: 3.469856, Acc:0.628661, Semantic loss: 1.291938, BCE loss: 1.475055, SB loss: 0.702863
2025-03-23 13:30:52,282 Epoch: [19/20] Iter:[170/192], Time: 0.45, lr: [9.600244875192536e-05], Loss: 3.474549, Acc:0.628252, Semantic loss: 1.291176, BCE loss: 1.480692, SB loss: 0.702681
2025-03-23 13:30:56,195 Epoch: [19/20] Iter:[180/192], Time: 0.44, lr: [5.563716848048335e-05], Loss: 3.482737, Acc:0.628650, Semantic loss: 1.293545, BCE loss: 1.486179, SB loss: 0.703013
2025-03-23 13:31:00,062 Epoch: [19/20] Iter:[190/192], Time: 0.44, lr: [1.1092486125349496e-05], Loss: 3.470526, Acc:0.629138, Semantic loss: 1.289987, BCE loss: 1.478322, SB loss: 0.702217
2025-03-23 13:32:38,611 0 [0.00000000e+00 4.41794253e-01 8.15653694e-02 1.10153080e-02
 2.25908348e-04 5.70529108e-02 6.16968849e-04] 0.08461010257524679
2025-03-23 13:32:38,612 1 [0.00000000e+00 1.81961664e-01 5.10638553e-02 3.28943944e-03
 4.52791912e-04 1.50086097e-04 2.50311455e-03] 0.03420299305663945
2025-03-23 13:32:38,617 => saving checkpoint to output\loveda\pidnet_small_loveda\aug_hf_gb_rbcheckpoint.pth.tar
2025-03-23 13:32:38,696 Loss: 10.403, MeanIU:  0.0342, Best_mIoU:  0.0396
2025-03-23 13:32:38,696 [0.00000000e+00 1.81961664e-01 5.10638553e-02 3.28943944e-03
 4.52791912e-04 1.50086097e-04 2.50311455e-03]
2025-03-23 13:32:38,738 Hours: 1
2025-03-23 13:32:38,738 Done
