2025-03-27 10:00:29,122 Namespace(cfg='configs/loveda/pidnet_small_loveda.yaml', seed=304, opts=[])
2025-03-27 10:00:29,123 AUTO_RESUME: False
CUDNN:
  BENCHMARK: True
  DETERMINISTIC: False
  ENABLED: True
DATASET:
  DATASET: loveda
  EXTRA_TRAIN_SET: 
  NUM_CLASSES: 7
  ROOT: data/
  TARGET_SET: 
  TEST_SET: list/loveda/urban_rural/val.lst
  TRAIN_SET: list/loveda/urban_rural/train.lst
GPUS: (0,)
LOG_DIR: log
LOSS:
  BALANCE_WEIGHTS: [0.4, 1.0]
  CLASS_BALANCE: False
  OHEMKEEP: 131072
  OHEMTHRES: 0.9
  SB_WEIGHTS: 1.0
  USE_OHEM: True
MODEL:
  ALIGN_CORNERS: True
  NAME: pidnet_small
  NUM_OUTPUTS: 2
  PRETRAINED: pretrained_models/imagenet/PIDNet_S_ImageNet.pth.tar
OUTPUT_DIR: output
PIN_MEMORY: True
PRINT_FREQ: 10
TEST:
  BASE_SIZE: 2048
  BATCH_SIZE_PER_GPU: 6
  FLIP_TEST: False
  IMAGE_SIZE: [2048, 1024]
  MODEL_FILE: output/loveda/pidnet_small_loveda/final_state.pt
  MULTI_SCALE: False
  OUTPUT_INDEX: 1
TRAIN:
  AUGMENTATION:
    ENABLE: True
    PROBABILITY: 0.5
    TECHNIQUES:
      GAUSSIAN_BLUR: True
      HORIZONTAL_FLIP: False
      MULTIPLY: True
      RANDOM_BRIGHTNESS: False
  BASE_SIZE: 2048
  BATCH_SIZE_PER_GPU: 6
  BEGIN_EPOCH: 0
  DACS:
    ENABLE: False
    THRESHOLD: 0.968
  END_EPOCH: 20
  EXTRA_EPOCH: 0
  EXTRA_LR: 0.001
  FLIP: False
  IGNORE_LABEL: 0
  IMAGE_SIZE: [1024, 1024]
  LR: 0.01
  MOMENTUM: 0.9
  MULTI_SCALE: False
  NESTEROV: False
  OPTIMIZER: sgd
  RESUME: True
  SCALE_FACTOR: 16
  SHUFFLE: True
  WD: 0.0005
WORKERS: 4
2025-03-27 10:00:29,232 Attention!!!
2025-03-27 10:00:29,232 Loaded 302 parameters!
2025-03-27 10:00:29,233 Over!!!
2025-03-27 10:00:44,239 Epoch: [0/20] Iter:[0/192], Time: 14.90, lr: [0.01], Loss: 16.567165, Acc:0.128496, Semantic loss: 7.081683, BCE loss: 3.795961, SB loss: 5.689521
2025-03-27 10:00:48,603 Epoch: [0/20] Iter:[10/192], Time: 1.73, lr: [0.009976559445324192], Loss: 11.894354, Acc:0.288381, Semantic loss: 5.310573, BCE loss: 2.730154, SB loss: 3.853627
2025-03-27 10:00:52,922 Epoch: [0/20] Iter:[20/192], Time: 1.11, lr: [0.009953112769592761], Loss: 10.029400, Acc:0.322899, Semantic loss: 4.406534, BCE loss: 2.424913, SB loss: 3.197952
2025-03-27 10:00:57,194 Epoch: [0/20] Iter:[30/192], Time: 0.89, lr: [0.009929659955177281], Loss: 8.715570, Acc:0.359433, Semantic loss: 3.771582, BCE loss: 2.230517, SB loss: 2.713471
2025-03-27 10:01:01,404 Epoch: [0/20] Iter:[40/192], Time: 0.78, lr: [0.009906200984352154], Loss: 7.959257, Acc:0.370995, Semantic loss: 3.403818, BCE loss: 2.092057, SB loss: 2.463383
2025-03-27 10:01:05,619 Epoch: [0/20] Iter:[50/192], Time: 0.71, lr: [0.009882735839293803], Loss: 7.300881, Acc:0.400156, Semantic loss: 3.107090, BCE loss: 1.987790, SB loss: 2.206000
2025-03-27 10:01:09,803 Epoch: [0/20] Iter:[60/192], Time: 0.66, lr: [0.00985926450207989], Loss: 6.913266, Acc:0.405521, Semantic loss: 2.944637, BCE loss: 1.929870, SB loss: 2.038759
2025-03-27 10:01:14,148 Epoch: [0/20] Iter:[70/192], Time: 0.63, lr: [0.009835786954688485], Loss: 6.603004, Acc:0.408711, Semantic loss: 2.807612, BCE loss: 1.884891, SB loss: 1.910501
2025-03-27 10:01:18,793 Epoch: [0/20] Iter:[80/192], Time: 0.61, lr: [0.00981230317899726], Loss: 6.352817, Acc:0.414529, Semantic loss: 2.698251, BCE loss: 1.845874, SB loss: 1.808692
2025-03-27 10:01:23,192 Epoch: [0/20] Iter:[90/192], Time: 0.59, lr: [0.009788813156782662], Loss: 6.191806, Acc:0.417575, Semantic loss: 2.627390, BCE loss: 1.830443, SB loss: 1.733973
2025-03-27 10:01:27,796 Epoch: [0/20] Iter:[100/192], Time: 0.58, lr: [0.009765316869719067], Loss: 6.047550, Acc:0.419508, Semantic loss: 2.568159, BCE loss: 1.806014, SB loss: 1.673377
2025-03-27 10:01:32,316 Epoch: [0/20] Iter:[110/192], Time: 0.57, lr: [0.009741814299377942], Loss: 5.930652, Acc:0.419424, Semantic loss: 2.516994, BCE loss: 1.778848, SB loss: 1.634811
2025-03-27 10:01:36,807 Epoch: [0/20] Iter:[120/192], Time: 0.56, lr: [0.009718305427226986], Loss: 5.809480, Acc:0.424092, Semantic loss: 2.462749, BCE loss: 1.768099, SB loss: 1.578632
2025-03-27 10:01:41,236 Epoch: [0/20] Iter:[130/192], Time: 0.55, lr: [0.009694790234629266], Loss: 5.709080, Acc:0.428722, Semantic loss: 2.409451, BCE loss: 1.753954, SB loss: 1.545674
2025-03-27 10:01:45,814 Epoch: [0/20] Iter:[140/192], Time: 0.54, lr: [0.009671268702842338], Loss: 5.614013, Acc:0.430832, Semantic loss: 2.374820, BCE loss: 1.734351, SB loss: 1.504843
2025-03-27 10:01:50,218 Epoch: [0/20] Iter:[150/192], Time: 0.53, lr: [0.009647740813017376], Loss: 5.540558, Acc:0.431258, Semantic loss: 2.345280, BCE loss: 1.720168, SB loss: 1.475110
2025-03-27 10:01:54,774 Epoch: [0/20] Iter:[160/192], Time: 0.53, lr: [0.009624206546198262], Loss: 5.473529, Acc:0.435655, Semantic loss: 2.308114, BCE loss: 1.720265, SB loss: 1.445150
2025-03-27 10:01:59,218 Epoch: [0/20] Iter:[170/192], Time: 0.52, lr: [0.009600665883320689], Loss: 5.406195, Acc:0.438312, Semantic loss: 2.274505, BCE loss: 1.716056, SB loss: 1.415634
2025-03-27 10:02:03,807 Epoch: [0/20] Iter:[180/192], Time: 0.52, lr: [0.009577118805211254], Loss: 5.352587, Acc:0.441863, Semantic loss: 2.247259, BCE loss: 1.709906, SB loss: 1.395421
2025-03-27 10:02:08,249 Epoch: [0/20] Iter:[190/192], Time: 0.52, lr: [0.009553565292586523], Loss: 5.302279, Acc:0.444775, Semantic loss: 2.223900, BCE loss: 1.703598, SB loss: 1.374781
2025-03-27 10:04:12,883 0 [0.         0.58664988 0.13489592 0.00429209 0.00663075 0.01038116
 0.00350951] 0.10662275684802804
2025-03-27 10:04:12,884 1 [0.00000000e+00 5.98324298e-01 2.17622456e-01 5.09787741e-04
 1.17246487e-02 2.42873133e-03 2.83352333e-05] 0.11866260808725779
2025-03-27 10:04:12,889 => saving checkpoint to output\loveda\pidnet_small_loveda\aug_gb_mcheckpoint.pth.tar
2025-03-27 10:04:13,066 Loss: 4.039, MeanIU:  0.1187, Best_mIoU:  0.1187
2025-03-27 10:04:13,066 [0.00000000e+00 5.98324298e-01 2.17622456e-01 5.09787741e-04
 1.17246487e-02 2.42873133e-03 2.83352333e-05]
2025-03-27 10:04:24,349 Epoch: [1/20] Iter:[0/192], Time: 11.10, lr: [0.009548853816214998], Loss: 4.696699, Acc:0.390985, Semantic loss: 2.081892, BCE loss: 1.486765, SB loss: 1.128042
2025-03-27 10:04:28,640 Epoch: [1/20] Iter:[10/192], Time: 1.40, lr: [0.009525292556561479], Loss: 4.545119, Acc:0.457070, Semantic loss: 1.913315, BCE loss: 1.540341, SB loss: 1.091463
2025-03-27 10:04:33,278 Epoch: [1/20] Iter:[20/192], Time: 0.95, lr: [0.00950172481957719], Loss: 4.451740, Acc:0.470580, Semantic loss: 1.878879, BCE loss: 1.555289, SB loss: 1.017572
2025-03-27 10:04:37,735 Epoch: [1/20] Iter:[30/192], Time: 0.79, lr: [0.009478150585620286], Loss: 4.533817, Acc:0.471237, Semantic loss: 1.907434, BCE loss: 1.528686, SB loss: 1.097697
2025-03-27 10:04:42,294 Epoch: [1/20] Iter:[40/192], Time: 0.71, lr: [0.009454569834934885], Loss: 4.551926, Acc:0.465190, Semantic loss: 1.914721, BCE loss: 1.549985, SB loss: 1.087220
2025-03-27 10:04:46,729 Epoch: [1/20] Iter:[50/192], Time: 0.66, lr: [0.009430982547650114], Loss: 4.552022, Acc:0.469721, Semantic loss: 1.899997, BCE loss: 1.574903, SB loss: 1.077123
2025-03-27 10:04:51,320 Epoch: [1/20] Iter:[60/192], Time: 0.62, lr: [0.009407388703779091], Loss: 4.535794, Acc:0.471028, Semantic loss: 1.887281, BCE loss: 1.590338, SB loss: 1.058175
2025-03-27 10:04:55,835 Epoch: [1/20] Iter:[70/192], Time: 0.60, lr: [0.009383788283217955], Loss: 4.483976, Acc:0.475661, Semantic loss: 1.859751, BCE loss: 1.594955, SB loss: 1.029269
2025-03-27 10:05:00,458 Epoch: [1/20] Iter:[80/192], Time: 0.58, lr: [0.00936018126574482], Loss: 4.485013, Acc:0.467954, Semantic loss: 1.867901, BCE loss: 1.587362, SB loss: 1.029750
2025-03-27 10:05:04,890 Epoch: [1/20] Iter:[90/192], Time: 0.57, lr: [0.009336567631018769], Loss: 4.478875, Acc:0.471675, Semantic loss: 1.851757, BCE loss: 1.605210, SB loss: 1.021909
2025-03-27 10:05:09,476 Epoch: [1/20] Iter:[100/192], Time: 0.56, lr: [0.009312947358578814], Loss: 4.480408, Acc:0.472457, Semantic loss: 1.847679, BCE loss: 1.616961, SB loss: 1.015769
2025-03-27 10:05:13,917 Epoch: [1/20] Iter:[110/192], Time: 0.55, lr: [0.009289320427842841], Loss: 4.441118, Acc:0.473267, Semantic loss: 1.835893, BCE loss: 1.597361, SB loss: 1.007865
2025-03-27 10:05:18,524 Epoch: [1/20] Iter:[120/192], Time: 0.54, lr: [0.009265686818106552], Loss: 4.411520, Acc:0.475099, Semantic loss: 1.824328, BCE loss: 1.586044, SB loss: 1.001148
2025-03-27 10:05:22,940 Epoch: [1/20] Iter:[130/192], Time: 0.53, lr: [0.009242046508542393], Loss: 4.406549, Acc:0.475882, Semantic loss: 1.822114, BCE loss: 1.587654, SB loss: 0.996781
2025-03-27 10:05:27,529 Epoch: [1/20] Iter:[140/192], Time: 0.53, lr: [0.009218399478198466], Loss: 4.386535, Acc:0.475334, Semantic loss: 1.815745, BCE loss: 1.581420, SB loss: 0.989370
2025-03-27 10:05:32,064 Epoch: [1/20] Iter:[150/192], Time: 0.52, lr: [0.009194745705997428], Loss: 4.377280, Acc:0.473680, Semantic loss: 1.814717, BCE loss: 1.575064, SB loss: 0.987498
2025-03-27 10:05:36,657 Epoch: [1/20] Iter:[160/192], Time: 0.52, lr: [0.00917108517073538], Loss: 4.371176, Acc:0.473124, Semantic loss: 1.808874, BCE loss: 1.575160, SB loss: 0.987143
2025-03-27 10:05:41,090 Epoch: [1/20] Iter:[170/192], Time: 0.51, lr: [0.00914741785108075], Loss: 4.371079, Acc:0.473916, Semantic loss: 1.804336, BCE loss: 1.574972, SB loss: 0.991771
2025-03-27 10:05:45,757 Epoch: [1/20] Iter:[180/192], Time: 0.51, lr: [0.00912374372557314], Loss: 4.366025, Acc:0.473583, Semantic loss: 1.801193, BCE loss: 1.573108, SB loss: 0.991724
2025-03-27 10:05:50,118 Epoch: [1/20] Iter:[190/192], Time: 0.51, lr: [0.009100062772622186], Loss: 4.362033, Acc:0.473801, Semantic loss: 1.797126, BCE loss: 1.572667, SB loss: 0.992240
2025-03-27 10:07:53,887 0 [0.         0.5036331  0.07613103 0.01880916 0.16891671 0.09544784
 0.03902034] 0.12885116713426434
2025-03-27 10:07:53,887 1 [0.         0.57753164 0.16747241 0.00956822 0.0097057  0.09102175
 0.00165313] 0.12242183324800467
2025-03-27 10:07:53,893 => saving checkpoint to output\loveda\pidnet_small_loveda\aug_gb_mcheckpoint.pth.tar
2025-03-27 10:07:54,098 Loss: 4.169, MeanIU:  0.1224, Best_mIoU:  0.1224
2025-03-27 10:07:54,098 [0.         0.57753164 0.16747241 0.00956822 0.0097057  0.09102175
 0.00165313]
2025-03-27 10:08:05,425 Epoch: [2/20] Iter:[0/192], Time: 11.14, lr: [0.009095325760829623], Loss: 4.041950, Acc:0.446426, Semantic loss: 1.919413, BCE loss: 1.117741, SB loss: 1.004795
2025-03-27 10:08:09,681 Epoch: [2/20] Iter:[10/192], Time: 1.40, lr: [0.009071636586262652], Loss: 4.304888, Acc:0.472678, Semantic loss: 1.764781, BCE loss: 1.581892, SB loss: 0.958214
2025-03-27 10:08:14,255 Epoch: [2/20] Iter:[20/192], Time: 0.95, lr: [0.009047940536290279], Loss: 4.268138, Acc:0.464576, Semantic loss: 1.745939, BCE loss: 1.566873, SB loss: 0.955326
2025-03-27 10:08:18,666 Epoch: [2/20] Iter:[30/192], Time: 0.79, lr: [0.009024237588898336], Loss: 4.208375, Acc:0.470544, Semantic loss: 1.726052, BCE loss: 1.513857, SB loss: 0.968466
2025-03-27 10:08:23,214 Epoch: [2/20] Iter:[40/192], Time: 0.71, lr: [0.009000527721937697], Loss: 4.213770, Acc:0.461805, Semantic loss: 1.737304, BCE loss: 1.509358, SB loss: 0.967108
2025-03-27 10:08:27,737 Epoch: [2/20] Iter:[50/192], Time: 0.66, lr: [0.008976810913123051], Loss: 4.234380, Acc:0.460044, Semantic loss: 1.736215, BCE loss: 1.522749, SB loss: 0.975416
2025-03-27 10:08:32,344 Epoch: [2/20] Iter:[60/192], Time: 0.62, lr: [0.008953087140031669], Loss: 4.238581, Acc:0.453957, Semantic loss: 1.748778, BCE loss: 1.506823, SB loss: 0.982980
2025-03-27 10:08:36,884 Epoch: [2/20] Iter:[70/192], Time: 0.60, lr: [0.008929356380102142], Loss: 4.242996, Acc:0.461639, Semantic loss: 1.738727, BCE loss: 1.513623, SB loss: 0.990645
2025-03-27 10:08:41,480 Epoch: [2/20] Iter:[80/192], Time: 0.58, lr: [0.008905618610633112], Loss: 4.252131, Acc:0.470308, Semantic loss: 1.729848, BCE loss: 1.532195, SB loss: 0.990089
2025-03-27 10:08:45,893 Epoch: [2/20] Iter:[90/192], Time: 0.57, lr: [0.008881873808781991], Loss: 4.237090, Acc:0.477226, Semantic loss: 1.717296, BCE loss: 1.535930, SB loss: 0.983864
2025-03-27 10:08:50,496 Epoch: [2/20] Iter:[100/192], Time: 0.56, lr: [0.008858121951563658], Loss: 4.222295, Acc:0.476801, Semantic loss: 1.715959, BCE loss: 1.524242, SB loss: 0.982094
2025-03-27 10:08:55,001 Epoch: [2/20] Iter:[110/192], Time: 0.55, lr: [0.008834363015849136], Loss: 4.204004, Acc:0.481409, Semantic loss: 1.705575, BCE loss: 1.522590, SB loss: 0.975838
2025-03-27 10:08:59,586 Epoch: [2/20] Iter:[120/192], Time: 0.54, lr: [0.008810596978364274], Loss: 4.220950, Acc:0.482766, Semantic loss: 1.707799, BCE loss: 1.531974, SB loss: 0.981177
2025-03-27 10:09:04,049 Epoch: [2/20] Iter:[130/192], Time: 0.53, lr: [0.008786823815688379], Loss: 4.215409, Acc:0.483207, Semantic loss: 1.706052, BCE loss: 1.532099, SB loss: 0.977258
2025-03-27 10:09:08,637 Epoch: [2/20] Iter:[140/192], Time: 0.53, lr: [0.008763043504252865], Loss: 4.221584, Acc:0.485602, Semantic loss: 1.701782, BCE loss: 1.539869, SB loss: 0.979933
2025-03-27 10:09:13,070 Epoch: [2/20] Iter:[150/192], Time: 0.52, lr: [0.008739256020339866], Loss: 4.218745, Acc:0.483714, Semantic loss: 1.701817, BCE loss: 1.534616, SB loss: 0.982311
2025-03-27 10:09:17,644 Epoch: [2/20] Iter:[160/192], Time: 0.52, lr: [0.00871546134008083], Loss: 4.216342, Acc:0.483488, Semantic loss: 1.701631, BCE loss: 1.536443, SB loss: 0.978269
2025-03-27 10:09:22,093 Epoch: [2/20] Iter:[170/192], Time: 0.51, lr: [0.008691659439455107], Loss: 4.218731, Acc:0.484800, Semantic loss: 1.698192, BCE loss: 1.543665, SB loss: 0.976873
2025-03-27 10:09:26,765 Epoch: [2/20] Iter:[180/192], Time: 0.51, lr: [0.008667850294288517], Loss: 4.216045, Acc:0.484924, Semantic loss: 1.694536, BCE loss: 1.548093, SB loss: 0.973416
2025-03-27 10:09:31,154 Epoch: [2/20] Iter:[190/192], Time: 0.51, lr: [0.008644033880251888], Loss: 4.215864, Acc:0.485565, Semantic loss: 1.693913, BCE loss: 1.547561, SB loss: 0.974389
2025-03-27 10:11:35,146 0 [0.         0.47568315 0.15299501 0.06078066 0.10770704 0.06708517
 0.07568514] 0.13427659723158333
2025-03-27 10:11:35,147 1 [0.         0.53078213 0.2329723  0.08702957 0.01100384 0.03306824
 0.04420791] 0.1341519993232053
2025-03-27 10:11:35,154 => saving checkpoint to output\loveda\pidnet_small_loveda\aug_gb_mcheckpoint.pth.tar
2025-03-27 10:11:35,382 Loss: 3.993, MeanIU:  0.1342, Best_mIoU:  0.1342
2025-03-27 10:11:35,382 [0.         0.53078213 0.2329723  0.08702957 0.01100384 0.03306824
 0.04420791]
2025-03-27 10:11:46,353 Epoch: [3/20] Iter:[0/192], Time: 10.79, lr: [0.008639269723028191], Loss: 4.457407, Acc:0.410270, Semantic loss: 2.174773, BCE loss: 1.340418, SB loss: 0.942216
2025-03-27 10:11:50,550 Epoch: [3/20] Iter:[10/192], Time: 1.36, lr: [0.008615444554012613], Loss: 4.127590, Acc:0.483672, Semantic loss: 1.692780, BCE loss: 1.528843, SB loss: 0.905966
2025-03-27 10:11:55,063 Epoch: [3/20] Iter:[20/192], Time: 0.93, lr: [0.008591612062049989], Loss: 4.074076, Acc:0.505591, Semantic loss: 1.663329, BCE loss: 1.487831, SB loss: 0.922916
2025-03-27 10:11:59,533 Epoch: [3/20] Iter:[30/192], Time: 0.77, lr: [0.008567772222305215], Loss: 4.051218, Acc:0.508313, Semantic loss: 1.623395, BCE loss: 1.528657, SB loss: 0.899167
2025-03-27 10:12:04,177 Epoch: [3/20] Iter:[40/192], Time: 0.70, lr: [0.008543925009781886], Loss: 4.041148, Acc:0.507639, Semantic loss: 1.613227, BCE loss: 1.515780, SB loss: 0.912142
2025-03-27 10:12:08,629 Epoch: [3/20] Iter:[50/192], Time: 0.65, lr: [0.00852007039932076], Loss: 4.038251, Acc:0.502677, Semantic loss: 1.622275, BCE loss: 1.502367, SB loss: 0.913610
2025-03-27 10:12:13,192 Epoch: [3/20] Iter:[60/192], Time: 0.62, lr: [0.00849620836559818], Loss: 4.061690, Acc:0.491536, Semantic loss: 1.653782, BCE loss: 1.478649, SB loss: 0.929259
2025-03-27 10:12:17,679 Epoch: [3/20] Iter:[70/192], Time: 0.59, lr: [0.008472338883124477], Loss: 4.094671, Acc:0.493530, Semantic loss: 1.657743, BCE loss: 1.504804, SB loss: 0.932123
2025-03-27 10:12:22,257 Epoch: [3/20] Iter:[80/192], Time: 0.58, lr: [0.008448461926242374], Loss: 4.105127, Acc:0.495621, Semantic loss: 1.664170, BCE loss: 1.494713, SB loss: 0.946244
2025-03-27 10:12:26,728 Epoch: [3/20] Iter:[90/192], Time: 0.56, lr: [0.008424577469125337], Loss: 4.100725, Acc:0.498781, Semantic loss: 1.652567, BCE loss: 1.508591, SB loss: 0.939567
2025-03-27 10:12:31,372 Epoch: [3/20] Iter:[100/192], Time: 0.55, lr: [0.008400685485775935], Loss: 4.112077, Acc:0.500180, Semantic loss: 1.648199, BCE loss: 1.520490, SB loss: 0.943387
2025-03-27 10:12:35,839 Epoch: [3/20] Iter:[110/192], Time: 0.54, lr: [0.008376785950024154], Loss: 4.102152, Acc:0.501996, Semantic loss: 1.632930, BCE loss: 1.522196, SB loss: 0.947025
2025-03-27 10:12:40,438 Epoch: [3/20] Iter:[120/192], Time: 0.54, lr: [0.00835287883552571], Loss: 4.114293, Acc:0.503965, Semantic loss: 1.625435, BCE loss: 1.542614, SB loss: 0.946243
2025-03-27 10:12:44,797 Epoch: [3/20] Iter:[130/192], Time: 0.53, lr: [0.008328964115760324], Loss: 4.112568, Acc:0.504530, Semantic loss: 1.625246, BCE loss: 1.535890, SB loss: 0.951432
2025-03-27 10:12:49,466 Epoch: [3/20] Iter:[140/192], Time: 0.52, lr: [0.008305041764029988], Loss: 4.113275, Acc:0.503701, Semantic loss: 1.625618, BCE loss: 1.532045, SB loss: 0.955612
2025-03-27 10:12:53,934 Epoch: [3/20] Iter:[150/192], Time: 0.52, lr: [0.008281111753457188], Loss: 4.115821, Acc:0.502431, Semantic loss: 1.629264, BCE loss: 1.524162, SB loss: 0.962394
2025-03-27 10:12:58,564 Epoch: [3/20] Iter:[160/192], Time: 0.52, lr: [0.008257174056983133], Loss: 4.117938, Acc:0.503096, Semantic loss: 1.626043, BCE loss: 1.533729, SB loss: 0.958167
2025-03-27 10:13:03,035 Epoch: [3/20] Iter:[170/192], Time: 0.51, lr: [0.00823322864736593], Loss: 4.109897, Acc:0.504932, Semantic loss: 1.615843, BCE loss: 1.539179, SB loss: 0.954876
2025-03-27 10:13:07,680 Epoch: [3/20] Iter:[180/192], Time: 0.51, lr: [0.008209275497178764], Loss: 4.098459, Acc:0.507481, Semantic loss: 1.612070, BCE loss: 1.533218, SB loss: 0.953171
2025-03-27 10:13:12,113 Epoch: [3/20] Iter:[190/192], Time: 0.51, lr: [0.008185314578808021], Loss: 4.094014, Acc:0.508738, Semantic loss: 1.610918, BCE loss: 1.529209, SB loss: 0.953887
2025-03-27 10:15:16,499 0 [0.         0.42221911 0.12575101 0.08044737 0.27187197 0.00119319
 0.01399089] 0.13078193423408577
2025-03-27 10:15:16,500 1 [0.         0.54307677 0.19015177 0.20143824 0.23094551 0.02565939
 0.03153234] 0.1746862900257456
2025-03-27 10:15:16,506 => saving checkpoint to output\loveda\pidnet_small_loveda\aug_gb_mcheckpoint.pth.tar
2025-03-27 10:15:16,730 Loss: 4.112, MeanIU:  0.1747, Best_mIoU:  0.1747
2025-03-27 10:15:16,730 [0.         0.54307677 0.19015177 0.20143824 0.23094551 0.02565939
 0.03153234]
2025-03-27 10:15:27,843 Epoch: [4/20] Iter:[0/192], Time: 10.93, lr: [0.008180521460508584], Loss: 4.278355, Acc:0.481940, Semantic loss: 1.593173, BCE loss: 1.691733, SB loss: 0.993448
2025-03-27 10:15:32,052 Epoch: [4/20] Iter:[10/192], Time: 1.38, lr: [0.008156551183601795], Loss: 4.047303, Acc:0.508505, Semantic loss: 1.571407, BCE loss: 1.536835, SB loss: 0.939061
2025-03-27 10:15:36,678 Epoch: [4/20] Iter:[20/192], Time: 0.94, lr: [0.008132573077094668], Loss: 3.969293, Acc:0.499430, Semantic loss: 1.575995, BCE loss: 1.479188, SB loss: 0.914110
2025-03-27 10:15:41,054 Epoch: [4/20] Iter:[30/192], Time: 0.78, lr: [0.008108587112763079], Loss: 3.981295, Acc:0.502551, Semantic loss: 1.580547, BCE loss: 1.487640, SB loss: 0.913108
2025-03-27 10:15:45,659 Epoch: [4/20] Iter:[40/192], Time: 0.70, lr: [0.008084593262188028], Loss: 4.017125, Acc:0.512157, Semantic loss: 1.578016, BCE loss: 1.519353, SB loss: 0.919756
2025-03-27 10:15:50,110 Epoch: [4/20] Iter:[50/192], Time: 0.65, lr: [0.008060591496753653], Loss: 4.003080, Acc:0.513974, Semantic loss: 1.573764, BCE loss: 1.504831, SB loss: 0.924485
2025-03-27 10:15:54,790 Epoch: [4/20] Iter:[60/192], Time: 0.62, lr: [0.008036581787645204], Loss: 4.040371, Acc:0.513842, Semantic loss: 1.573356, BCE loss: 1.532794, SB loss: 0.934220
2025-03-27 10:15:59,263 Epoch: [4/20] Iter:[70/192], Time: 0.60, lr: [0.008012564105846994], Loss: 4.015910, Acc:0.509476, Semantic loss: 1.571003, BCE loss: 1.503148, SB loss: 0.941759
2025-03-27 10:16:03,801 Epoch: [4/20] Iter:[80/192], Time: 0.58, lr: [0.007988538422140333], Loss: 4.005466, Acc:0.511828, Semantic loss: 1.569380, BCE loss: 1.494256, SB loss: 0.941830
2025-03-27 10:16:08,303 Epoch: [4/20] Iter:[90/192], Time: 0.56, lr: [0.007964504707101411], Loss: 4.007150, Acc:0.509869, Semantic loss: 1.573663, BCE loss: 1.487647, SB loss: 0.945840
2025-03-27 10:16:12,971 Epoch: [4/20] Iter:[100/192], Time: 0.56, lr: [0.007940462931099176], Loss: 3.993431, Acc:0.512722, Semantic loss: 1.569828, BCE loss: 1.480468, SB loss: 0.943135
2025-03-27 10:16:17,438 Epoch: [4/20] Iter:[110/192], Time: 0.55, lr: [0.007916413064293163], Loss: 3.980799, Acc:0.517925, Semantic loss: 1.556891, BCE loss: 1.485034, SB loss: 0.938874
2025-03-27 10:16:22,003 Epoch: [4/20] Iter:[120/192], Time: 0.54, lr: [0.007892355076631318], Loss: 3.979873, Acc:0.521256, Semantic loss: 1.549671, BCE loss: 1.497068, SB loss: 0.933134
2025-03-27 10:16:26,443 Epoch: [4/20] Iter:[130/192], Time: 0.53, lr: [0.007868288937847752], Loss: 3.986150, Acc:0.519899, Semantic loss: 1.550886, BCE loss: 1.501983, SB loss: 0.933281
2025-03-27 10:16:31,082 Epoch: [4/20] Iter:[140/192], Time: 0.53, lr: [0.007844214617460508], Loss: 3.989883, Acc:0.523271, Semantic loss: 1.543812, BCE loss: 1.514279, SB loss: 0.931792
2025-03-27 10:16:35,596 Epoch: [4/20] Iter:[150/192], Time: 0.52, lr: [0.007820132084769268], Loss: 3.991885, Acc:0.520517, Semantic loss: 1.548763, BCE loss: 1.513068, SB loss: 0.930053
2025-03-27 10:16:40,306 Epoch: [4/20] Iter:[160/192], Time: 0.52, lr: [0.00779604130885303], Loss: 3.994401, Acc:0.521328, Semantic loss: 1.549058, BCE loss: 1.516183, SB loss: 0.929161
2025-03-27 10:16:44,788 Epoch: [4/20] Iter:[170/192], Time: 0.51, lr: [0.007771942258567773], Loss: 3.993194, Acc:0.522801, Semantic loss: 1.544609, BCE loss: 1.520710, SB loss: 0.927875
2025-03-27 10:16:49,317 Epoch: [4/20] Iter:[180/192], Time: 0.51, lr: [0.007747834902544056], Loss: 3.988575, Acc:0.522169, Semantic loss: 1.544816, BCE loss: 1.516845, SB loss: 0.926914
2025-03-27 10:16:53,748 Epoch: [4/20] Iter:[190/192], Time: 0.51, lr: [0.0077237192091846206], Loss: 4.002386, Acc:0.519508, Semantic loss: 1.552633, BCE loss: 1.518457, SB loss: 0.931296
2025-03-27 10:18:58,164 0 [0.         0.54560569 0.17217194 0.08825845 0.17691797 0.04928067
 0.02126753] 0.15050031955314333
2025-03-27 10:18:58,164 1 [0.         0.54281428 0.19335002 0.16670928 0.27944074 0.03906268
 0.02359431] 0.17785304418122946
2025-03-27 10:18:58,170 => saving checkpoint to output\loveda\pidnet_small_loveda\aug_gb_mcheckpoint.pth.tar
2025-03-27 10:18:58,383 Loss: 3.980, MeanIU:  0.1779, Best_mIoU:  0.1779
2025-03-27 10:18:58,384 [0.         0.54281428 0.19335002 0.16670928 0.27944074 0.03906268
 0.02359431]
2025-03-27 10:19:09,209 Epoch: [5/20] Iter:[0/192], Time: 10.65, lr: [0.007718895067235705], Loss: 3.501647, Acc:0.512295, Semantic loss: 1.308127, BCE loss: 1.303460, SB loss: 0.890060
2025-03-27 10:19:13,480 Epoch: [5/20] Iter:[10/192], Time: 1.36, lr: [0.007694769327040611], Loss: 3.929460, Acc:0.520412, Semantic loss: 1.528373, BCE loss: 1.519090, SB loss: 0.881997
2025-03-27 10:19:18,092 Epoch: [5/20] Iter:[20/192], Time: 0.93, lr: [0.00767063517918174], Loss: 3.918911, Acc:0.520188, Semantic loss: 1.564797, BCE loss: 1.446273, SB loss: 0.907841
2025-03-27 10:19:22,541 Epoch: [5/20] Iter:[30/192], Time: 0.77, lr: [0.007646492591316132], Loss: 3.818412, Acc:0.533915, Semantic loss: 1.507332, BCE loss: 1.428147, SB loss: 0.882932
2025-03-27 10:19:27,074 Epoch: [5/20] Iter:[40/192], Time: 0.70, lr: [0.007622341530862476], Loss: 3.849811, Acc:0.530045, Semantic loss: 1.522141, BCE loss: 1.434239, SB loss: 0.893432
2025-03-27 10:19:31,588 Epoch: [5/20] Iter:[50/192], Time: 0.65, lr: [0.0075981819649984985], Loss: 3.907547, Acc:0.526138, Semantic loss: 1.538267, BCE loss: 1.480217, SB loss: 0.889063
2025-03-27 10:19:36,123 Epoch: [5/20] Iter:[60/192], Time: 0.62, lr: [0.007574013860658317], Loss: 3.858735, Acc:0.530855, Semantic loss: 1.512387, BCE loss: 1.462562, SB loss: 0.883787
2025-03-27 10:19:40,583 Epoch: [5/20] Iter:[70/192], Time: 0.59, lr: [0.007549837184529776], Loss: 3.888668, Acc:0.529179, Semantic loss: 1.514146, BCE loss: 1.479367, SB loss: 0.895154
2025-03-27 10:19:45,165 Epoch: [5/20] Iter:[80/192], Time: 0.58, lr: [0.0075256519030517215], Loss: 3.898053, Acc:0.525952, Semantic loss: 1.517909, BCE loss: 1.478279, SB loss: 0.901866
2025-03-27 10:19:49,657 Epoch: [5/20] Iter:[90/192], Time: 0.56, lr: [0.007501457982411236], Loss: 3.879077, Acc:0.526716, Semantic loss: 1.512541, BCE loss: 1.465858, SB loss: 0.900678
2025-03-27 10:19:54,265 Epoch: [5/20] Iter:[100/192], Time: 0.55, lr: [0.0074772553885408604], Loss: 3.885961, Acc:0.528555, Semantic loss: 1.511482, BCE loss: 1.469850, SB loss: 0.904629
2025-03-27 10:19:58,780 Epoch: [5/20] Iter:[110/192], Time: 0.54, lr: [0.007453044087115737], Loss: 3.906504, Acc:0.530151, Semantic loss: 1.518959, BCE loss: 1.473306, SB loss: 0.914238
2025-03-27 10:20:03,371 Epoch: [5/20] Iter:[120/192], Time: 0.54, lr: [0.007428824043550734], Loss: 3.901284, Acc:0.528796, Semantic loss: 1.516033, BCE loss: 1.473616, SB loss: 0.911635
2025-03-27 10:20:07,865 Epoch: [5/20] Iter:[130/192], Time: 0.53, lr: [0.007404595222997526], Loss: 3.912247, Acc:0.527200, Semantic loss: 1.521039, BCE loss: 1.474667, SB loss: 0.916541
2025-03-27 10:20:12,426 Epoch: [5/20] Iter:[140/192], Time: 0.52, lr: [0.007380357590341623], Loss: 3.911843, Acc:0.531620, Semantic loss: 1.513465, BCE loss: 1.483599, SB loss: 0.914779
2025-03-27 10:20:17,007 Epoch: [5/20] Iter:[150/192], Time: 0.52, lr: [0.007356111110199354], Loss: 3.911043, Acc:0.531028, Semantic loss: 1.513888, BCE loss: 1.485124, SB loss: 0.912032
2025-03-27 10:20:21,554 Epoch: [5/20] Iter:[160/192], Time: 0.52, lr: [0.00733185574691482], Loss: 3.914696, Acc:0.531410, Semantic loss: 1.512712, BCE loss: 1.492920, SB loss: 0.909064
2025-03-27 10:20:26,083 Epoch: [5/20] Iter:[170/192], Time: 0.51, lr: [0.007307591464556783], Loss: 3.908640, Acc:0.533150, Semantic loss: 1.509587, BCE loss: 1.494411, SB loss: 0.904641
2025-03-27 10:20:30,713 Epoch: [5/20] Iter:[180/192], Time: 0.51, lr: [0.007283318226915514], Loss: 3.929153, Acc:0.532242, Semantic loss: 1.514581, BCE loss: 1.504974, SB loss: 0.909599
2025-03-27 10:20:35,173 Epoch: [5/20] Iter:[190/192], Time: 0.51, lr: [0.007259035997499604], Loss: 3.922734, Acc:0.533617, Semantic loss: 1.510381, BCE loss: 1.504993, SB loss: 0.907359
2025-03-27 10:22:40,059 0 [0.         0.56169337 0.19595499 0.16066931 0.20093548 0.10555726
 0.10023435] 0.18929210795801735
2025-03-27 10:22:40,060 1 [0.         0.47225523 0.21256974 0.25181232 0.27502105 0.18819935
 0.11141953] 0.21589674441102533
2025-03-27 10:22:40,065 => saving checkpoint to output\loveda\pidnet_small_loveda\aug_gb_mcheckpoint.pth.tar
2025-03-27 10:22:40,287 Loss: 4.088, MeanIU:  0.2159, Best_mIoU:  0.2159
2025-03-27 10:22:40,288 [0.         0.47225523 0.21256974 0.25181232 0.27502105 0.18819935
 0.11141953]
2025-03-27 10:22:51,286 Epoch: [6/20] Iter:[0/192], Time: 10.81, lr: [0.007254178469372199], Loss: 4.003429, Acc:0.560009, Semantic loss: 1.459371, BCE loss: 1.665472, SB loss: 0.878586
2025-03-27 10:22:55,547 Epoch: [6/20] Iter:[10/192], Time: 1.37, lr: [0.007229885401256642], Loss: 3.699529, Acc:0.550157, Semantic loss: 1.432597, BCE loss: 1.399897, SB loss: 0.867036
2025-03-27 10:23:00,099 Epoch: [6/20] Iter:[20/192], Time: 0.93, lr: [0.0072055832600777334], Loss: 3.756205, Acc:0.532274, Semantic loss: 1.459777, BCE loss: 1.416495, SB loss: 0.879934
2025-03-27 10:23:04,603 Epoch: [6/20] Iter:[30/192], Time: 0.78, lr: [0.007181272008420604], Loss: 3.774524, Acc:0.541395, Semantic loss: 1.473606, BCE loss: 1.425976, SB loss: 0.874943
2025-03-27 10:23:09,194 Epoch: [6/20] Iter:[40/192], Time: 0.70, lr: [0.007156951608574727], Loss: 3.793224, Acc:0.539173, Semantic loss: 1.474373, BCE loss: 1.441553, SB loss: 0.877298
2025-03-27 10:23:13,638 Epoch: [6/20] Iter:[50/192], Time: 0.65, lr: [0.007132622022530447], Loss: 3.786368, Acc:0.538022, Semantic loss: 1.482479, BCE loss: 1.418108, SB loss: 0.885780
2025-03-27 10:23:18,274 Epoch: [6/20] Iter:[60/192], Time: 0.62, lr: [0.007108283211975477], Loss: 3.844850, Acc:0.538025, Semantic loss: 1.495836, BCE loss: 1.471920, SB loss: 0.877094
2025-03-27 10:23:22,775 Epoch: [6/20] Iter:[70/192], Time: 0.60, lr: [0.007083935138291319], Loss: 3.841914, Acc:0.534423, Semantic loss: 1.497897, BCE loss: 1.462426, SB loss: 0.881592
2025-03-27 10:23:27,392 Epoch: [6/20] Iter:[80/192], Time: 0.58, lr: [0.007059577762549636], Loss: 3.851703, Acc:0.537120, Semantic loss: 1.491268, BCE loss: 1.474908, SB loss: 0.885528
2025-03-27 10:23:31,825 Epoch: [6/20] Iter:[90/192], Time: 0.56, lr: [0.007035211045508576], Loss: 3.841589, Acc:0.542612, Semantic loss: 1.478046, BCE loss: 1.483538, SB loss: 0.880006
2025-03-27 10:23:36,458 Epoch: [6/20] Iter:[100/192], Time: 0.55, lr: [0.0070108349476090265], Loss: 3.857923, Acc:0.543842, Semantic loss: 1.475810, BCE loss: 1.499710, SB loss: 0.882402
2025-03-27 10:23:40,872 Epoch: [6/20] Iter:[110/192], Time: 0.54, lr: [0.00698644942897081], Loss: 3.850181, Acc:0.540812, Semantic loss: 1.473572, BCE loss: 1.495967, SB loss: 0.880642
2025-03-27 10:23:45,468 Epoch: [6/20] Iter:[120/192], Time: 0.54, lr: [0.006962054449388827], Loss: 3.859294, Acc:0.538567, Semantic loss: 1.477622, BCE loss: 1.499690, SB loss: 0.881982
2025-03-27 10:23:49,916 Epoch: [6/20] Iter:[130/192], Time: 0.53, lr: [0.006937649968329135], Loss: 3.870940, Acc:0.538462, Semantic loss: 1.478362, BCE loss: 1.507411, SB loss: 0.885168
2025-03-27 10:23:54,470 Epoch: [6/20] Iter:[140/192], Time: 0.52, lr: [0.006913235944924954], Loss: 3.888328, Acc:0.539057, Semantic loss: 1.477667, BCE loss: 1.520284, SB loss: 0.890377
2025-03-27 10:23:58,953 Epoch: [6/20] Iter:[150/192], Time: 0.52, lr: [0.006888812337972621], Loss: 3.876281, Acc:0.539359, Semantic loss: 1.475811, BCE loss: 1.513520, SB loss: 0.886950
2025-03-27 10:24:03,465 Epoch: [6/20] Iter:[160/192], Time: 0.52, lr: [0.00686437910592748], Loss: 3.873504, Acc:0.539162, Semantic loss: 1.476451, BCE loss: 1.508253, SB loss: 0.888800
2025-03-27 10:24:07,919 Epoch: [6/20] Iter:[170/192], Time: 0.51, lr: [0.00683993620689969], Loss: 3.872155, Acc:0.538629, Semantic loss: 1.476408, BCE loss: 1.506017, SB loss: 0.889730
2025-03-27 10:24:12,403 Epoch: [6/20] Iter:[180/192], Time: 0.51, lr: [0.0068154835986499775], Loss: 3.867716, Acc:0.540751, Semantic loss: 1.473294, BCE loss: 1.505301, SB loss: 0.889121
2025-03-27 10:24:16,792 Epoch: [6/20] Iter:[190/192], Time: 0.50, lr: [0.006791021238585323], Loss: 3.858723, Acc:0.542125, Semantic loss: 1.471304, BCE loss: 1.500302, SB loss: 0.887118
2025-03-27 10:26:20,018 0 [0.         0.53179772 0.16093027 0.18851122 0.33877217 0.13366308
 0.02435946] 0.1968619884538479
2025-03-27 10:26:20,019 1 [0.         0.49730726 0.17852039 0.24917632 0.35155443 0.02862626
 0.02787117] 0.19043654800645418
2025-03-27 10:26:20,024 => saving checkpoint to output\loveda\pidnet_small_loveda\aug_gb_mcheckpoint.pth.tar
2025-03-27 10:26:20,147 Loss: 3.766, MeanIU:  0.1904, Best_mIoU:  0.2159
2025-03-27 10:26:20,148 [0.         0.49730726 0.17852039 0.24917632 0.35155443 0.02862626
 0.02787117]
2025-03-27 10:26:31,023 Epoch: [7/20] Iter:[0/192], Time: 10.70, lr: [0.006786127592581251], Loss: 4.208838, Acc:0.574719, Semantic loss: 1.286087, BCE loss: 2.016843, SB loss: 0.905908
2025-03-27 10:26:35,214 Epoch: [7/20] Iter:[10/192], Time: 1.35, lr: [0.006761653473611295], Loss: 3.665746, Acc:0.567990, Semantic loss: 1.346578, BCE loss: 1.496969, SB loss: 0.822199
2025-03-27 10:26:39,814 Epoch: [7/20] Iter:[20/192], Time: 0.93, lr: [0.006737169507854796], Loss: 3.696432, Acc:0.572213, Semantic loss: 1.350688, BCE loss: 1.533958, SB loss: 0.811786
2025-03-27 10:26:44,251 Epoch: [7/20] Iter:[30/192], Time: 0.77, lr: [0.006712675651556858], Loss: 3.737596, Acc:0.573062, Semantic loss: 1.377486, BCE loss: 1.534792, SB loss: 0.825318
2025-03-27 10:26:48,737 Epoch: [7/20] Iter:[40/192], Time: 0.69, lr: [0.006688171860589905], Loss: 3.690596, Acc:0.568403, Semantic loss: 1.379592, BCE loss: 1.484161, SB loss: 0.826844
2025-03-27 10:26:53,182 Epoch: [7/20] Iter:[50/192], Time: 0.64, lr: [0.0066636580904489585], Loss: 3.740531, Acc:0.562560, Semantic loss: 1.406221, BCE loss: 1.492967, SB loss: 0.841343
2025-03-27 10:26:57,781 Epoch: [7/20] Iter:[60/192], Time: 0.61, lr: [0.006639134296246874], Loss: 3.763267, Acc:0.558492, Semantic loss: 1.413466, BCE loss: 1.500134, SB loss: 0.849667
2025-03-27 10:27:02,261 Epoch: [7/20] Iter:[70/192], Time: 0.59, lr: [0.0066146004327094585], Loss: 3.770825, Acc:0.557803, Semantic loss: 1.422475, BCE loss: 1.494901, SB loss: 0.853450
2025-03-27 10:27:06,779 Epoch: [7/20] Iter:[80/192], Time: 0.57, lr: [0.006590056454170537], Loss: 3.782628, Acc:0.556375, Semantic loss: 1.423880, BCE loss: 1.503067, SB loss: 0.855681
2025-03-27 10:27:11,197 Epoch: [7/20] Iter:[90/192], Time: 0.56, lr: [0.006565502314566912], Loss: 3.789266, Acc:0.554372, Semantic loss: 1.429995, BCE loss: 1.490683, SB loss: 0.868588
2025-03-27 10:27:15,795 Epoch: [7/20] Iter:[100/192], Time: 0.55, lr: [0.006540937967433255], Loss: 3.790859, Acc:0.551018, Semantic loss: 1.432724, BCE loss: 1.489475, SB loss: 0.868660
2025-03-27 10:27:20,277 Epoch: [7/20] Iter:[110/192], Time: 0.54, lr: [0.006516363365896894], Loss: 3.782489, Acc:0.553054, Semantic loss: 1.430570, BCE loss: 1.484017, SB loss: 0.867902
2025-03-27 10:27:24,788 Epoch: [7/20] Iter:[120/192], Time: 0.53, lr: [0.006491778462672531], Loss: 3.783121, Acc:0.553817, Semantic loss: 1.424579, BCE loss: 1.492183, SB loss: 0.866358
2025-03-27 10:27:29,218 Epoch: [7/20] Iter:[130/192], Time: 0.53, lr: [0.006467183210056843], Loss: 3.796967, Acc:0.552348, Semantic loss: 1.429660, BCE loss: 1.499322, SB loss: 0.867985
2025-03-27 10:27:33,767 Epoch: [7/20] Iter:[140/192], Time: 0.52, lr: [0.006442577559923017], Loss: 3.793400, Acc:0.552429, Semantic loss: 1.429063, BCE loss: 1.499018, SB loss: 0.865319
2025-03-27 10:27:38,314 Epoch: [7/20] Iter:[150/192], Time: 0.52, lr: [0.006417961463715172], Loss: 3.784898, Acc:0.551483, Semantic loss: 1.431504, BCE loss: 1.489270, SB loss: 0.864125
2025-03-27 10:27:42,853 Epoch: [7/20] Iter:[160/192], Time: 0.51, lr: [0.006393334872442681], Loss: 3.787843, Acc:0.551166, Semantic loss: 1.435413, BCE loss: 1.488947, SB loss: 0.863483
2025-03-27 10:27:47,247 Epoch: [7/20] Iter:[170/192], Time: 0.51, lr: [0.006368697736674411], Loss: 3.790967, Acc:0.552224, Semantic loss: 1.439959, BCE loss: 1.487043, SB loss: 0.863965
2025-03-27 10:27:51,947 Epoch: [7/20] Iter:[180/192], Time: 0.51, lr: [0.006344050006532848], Loss: 3.796877, Acc:0.551180, Semantic loss: 1.441388, BCE loss: 1.490768, SB loss: 0.864720
2025-03-27 10:27:56,356 Epoch: [7/20] Iter:[190/192], Time: 0.50, lr: [0.006319391631688114], Loss: 3.796608, Acc:0.552924, Semantic loss: 1.438848, BCE loss: 1.492185, SB loss: 0.865575
2025-03-27 10:29:59,094 0 [0.         0.59135796 0.27386943 0.24054271 0.1939972  0.08890573
 0.09798671] 0.21237996390459232
2025-03-27 10:29:59,094 1 [0.         0.60985786 0.30798292 0.29210627 0.1978455  0.05797975
 0.06395945] 0.2185331052840174
2025-03-27 10:29:59,102 => saving checkpoint to output\loveda\pidnet_small_loveda\aug_gb_mcheckpoint.pth.tar
2025-03-27 10:29:59,323 Loss: 3.940, MeanIU:  0.2185, Best_mIoU:  0.2185
2025-03-27 10:29:59,324 [0.         0.60985786 0.30798292 0.29210627 0.1978455  0.05797975
 0.06395945]
2025-03-27 10:30:10,332 Epoch: [8/20] Iter:[0/192], Time: 10.83, lr: [0.006314458674893553], Loss: 3.764165, Acc:0.639869, Semantic loss: 1.218884, BCE loss: 1.747679, SB loss: 0.797603
2025-03-27 10:30:14,536 Epoch: [8/20] Iter:[10/192], Time: 1.37, lr: [0.006289787459323657], Loss: 3.794326, Acc:0.563320, Semantic loss: 1.398847, BCE loss: 1.509271, SB loss: 0.886208
2025-03-27 10:30:18,929 Epoch: [8/20] Iter:[20/192], Time: 0.93, lr: [0.006265105486702424], Loss: 3.821825, Acc:0.558405, Semantic loss: 1.443549, BCE loss: 1.475268, SB loss: 0.903008
2025-03-27 10:30:23,435 Epoch: [8/20] Iter:[30/192], Time: 0.77, lr: [0.006240412705211017], Loss: 3.799237, Acc:0.550862, Semantic loss: 1.444551, BCE loss: 1.456268, SB loss: 0.898418
2025-03-27 10:30:27,966 Epoch: [8/20] Iter:[40/192], Time: 0.69, lr: [0.006215709062551949], Loss: 3.763849, Acc:0.554090, Semantic loss: 1.421857, BCE loss: 1.468350, SB loss: 0.873642
2025-03-27 10:30:32,471 Epoch: [8/20] Iter:[50/192], Time: 0.65, lr: [0.006190994505942529], Loss: 3.750250, Acc:0.552650, Semantic loss: 1.436142, BCE loss: 1.441471, SB loss: 0.872638
2025-03-27 10:30:36,976 Epoch: [8/20] Iter:[60/192], Time: 0.61, lr: [0.006166268982108192], Loss: 3.734147, Acc:0.550521, Semantic loss: 1.437833, BCE loss: 1.427519, SB loss: 0.868794
2025-03-27 10:30:41,437 Epoch: [8/20] Iter:[70/192], Time: 0.59, lr: [0.006141532437275693], Loss: 3.721682, Acc:0.548028, Semantic loss: 1.434225, BCE loss: 1.419835, SB loss: 0.867622
2025-03-27 10:30:46,049 Epoch: [8/20] Iter:[80/192], Time: 0.57, lr: [0.006116784817166194], Loss: 3.728746, Acc:0.547067, Semantic loss: 1.431882, BCE loss: 1.422317, SB loss: 0.874547
2025-03-27 10:30:50,420 Epoch: [8/20] Iter:[90/192], Time: 0.56, lr: [0.006092026066988214], Loss: 3.757426, Acc:0.547875, Semantic loss: 1.438431, BCE loss: 1.445319, SB loss: 0.873675
2025-03-27 10:30:54,966 Epoch: [8/20] Iter:[100/192], Time: 0.55, lr: [0.006067256131430442], Loss: 3.765312, Acc:0.548151, Semantic loss: 1.433987, BCE loss: 1.457220, SB loss: 0.874105
2025-03-27 10:30:59,397 Epoch: [8/20] Iter:[110/192], Time: 0.54, lr: [0.00604247495465443], Loss: 3.763060, Acc:0.550305, Semantic loss: 1.426982, BCE loss: 1.466624, SB loss: 0.869454
2025-03-27 10:31:04,062 Epoch: [8/20] Iter:[120/192], Time: 0.53, lr: [0.006017682480287143], Loss: 3.757377, Acc:0.553183, Semantic loss: 1.424522, BCE loss: 1.464766, SB loss: 0.868089
2025-03-27 10:31:08,521 Epoch: [8/20] Iter:[130/192], Time: 0.53, lr: [0.00599287865141337], Loss: 3.755430, Acc:0.554636, Semantic loss: 1.422964, BCE loss: 1.464378, SB loss: 0.868088
2025-03-27 10:31:13,074 Epoch: [8/20] Iter:[140/192], Time: 0.52, lr: [0.005968063410567983], Loss: 3.753925, Acc:0.554693, Semantic loss: 1.419824, BCE loss: 1.464372, SB loss: 0.869729
2025-03-27 10:31:17,521 Epoch: [8/20] Iter:[150/192], Time: 0.52, lr: [0.00594323669972807], Loss: 3.759409, Acc:0.556705, Semantic loss: 1.417666, BCE loss: 1.472967, SB loss: 0.868776
2025-03-27 10:31:22,094 Epoch: [8/20] Iter:[160/192], Time: 0.51, lr: [0.005918398460304892], Loss: 3.761830, Acc:0.557554, Semantic loss: 1.418701, BCE loss: 1.475734, SB loss: 0.867395
2025-03-27 10:31:26,496 Epoch: [8/20] Iter:[170/192], Time: 0.51, lr: [0.0058935486331357125], Loss: 3.770539, Acc:0.557340, Semantic loss: 1.420107, BCE loss: 1.481975, SB loss: 0.868457
2025-03-27 10:31:31,134 Epoch: [8/20] Iter:[180/192], Time: 0.51, lr: [0.005868687158475447], Loss: 3.769310, Acc:0.558330, Semantic loss: 1.417684, BCE loss: 1.483589, SB loss: 0.868037
2025-03-27 10:31:35,616 Epoch: [8/20] Iter:[190/192], Time: 0.50, lr: [0.005843813975988169], Loss: 3.764788, Acc:0.559112, Semantic loss: 1.413506, BCE loss: 1.486267, SB loss: 0.865014
2025-03-27 10:33:39,187 0 [0.         0.55870501 0.21614246 0.2503779  0.2386101  0.11520673
 0.05212648] 0.2044526691363626
2025-03-27 10:33:39,187 1 [0.         0.53867428 0.2876819  0.31911832 0.30311823 0.03070651
 0.03027618] 0.21565363249224748
2025-03-27 10:33:39,193 => saving checkpoint to output\loveda\pidnet_small_loveda\aug_gb_mcheckpoint.pth.tar
2025-03-27 10:33:39,335 Loss: 3.869, MeanIU:  0.2157, Best_mIoU:  0.2185
2025-03-27 10:33:39,335 [0.         0.53867428 0.2876819  0.31911832 0.30311823 0.03070651
 0.03027618]
2025-03-27 10:33:50,262 Epoch: [9/20] Iter:[0/192], Time: 10.75, lr: [0.0058388379291998025], Loss: 3.685645, Acc:0.598399, Semantic loss: 1.303643, BCE loss: 1.592520, SB loss: 0.789482
2025-03-27 10:33:54,519 Epoch: [9/20] Iter:[10/192], Time: 1.36, lr: [0.0058139506168319475], Loss: 3.559563, Acc:0.574310, Semantic loss: 1.347581, BCE loss: 1.410247, SB loss: 0.801735
2025-03-27 10:33:59,103 Epoch: [9/20] Iter:[20/192], Time: 0.93, lr: [0.005789051461775303], Loss: 3.595972, Acc:0.569476, Semantic loss: 1.377976, BCE loss: 1.422188, SB loss: 0.795809
2025-03-27 10:34:03,581 Epoch: [9/20] Iter:[30/192], Time: 0.78, lr: [0.005764140401744157], Loss: 3.630789, Acc:0.563207, Semantic loss: 1.386154, BCE loss: 1.429489, SB loss: 0.815146
2025-03-27 10:34:08,104 Epoch: [9/20] Iter:[40/192], Time: 0.70, lr: [0.005739217373824397], Loss: 3.662957, Acc:0.558017, Semantic loss: 1.396441, BCE loss: 1.441853, SB loss: 0.824663
2025-03-27 10:34:12,585 Epoch: [9/20] Iter:[50/192], Time: 0.65, lr: [0.005714282314464109], Loss: 3.697071, Acc:0.562009, Semantic loss: 1.385190, BCE loss: 1.483100, SB loss: 0.828782
2025-03-27 10:34:17,141 Epoch: [9/20] Iter:[60/192], Time: 0.62, lr: [0.005689335159463984], Loss: 3.691582, Acc:0.566834, Semantic loss: 1.387022, BCE loss: 1.469476, SB loss: 0.835084
2025-03-27 10:34:21,562 Epoch: [9/20] Iter:[70/192], Time: 0.59, lr: [0.0056643758439675305], Loss: 3.697288, Acc:0.566057, Semantic loss: 1.388269, BCE loss: 1.474078, SB loss: 0.834941
2025-03-27 10:34:26,058 Epoch: [9/20] Iter:[80/192], Time: 0.57, lr: [0.005639404302451105], Loss: 3.671171, Acc:0.571876, Semantic loss: 1.377490, BCE loss: 1.463430, SB loss: 0.830251
2025-03-27 10:34:30,505 Epoch: [9/20] Iter:[90/192], Time: 0.56, lr: [0.005614420468713722], Loss: 3.679072, Acc:0.571050, Semantic loss: 1.381617, BCE loss: 1.463651, SB loss: 0.833804
2025-03-27 10:34:35,009 Epoch: [9/20] Iter:[100/192], Time: 0.55, lr: [0.005589424275866668], Loss: 3.677346, Acc:0.572996, Semantic loss: 1.381680, BCE loss: 1.464252, SB loss: 0.831413
2025-03-27 10:34:39,483 Epoch: [9/20] Iter:[110/192], Time: 0.54, lr: [0.005564415656322913], Loss: 3.697073, Acc:0.571403, Semantic loss: 1.388051, BCE loss: 1.474417, SB loss: 0.834604
2025-03-27 10:34:44,075 Epoch: [9/20] Iter:[120/192], Time: 0.53, lr: [0.00553939454178628], Loss: 3.704797, Acc:0.571632, Semantic loss: 1.385253, BCE loss: 1.483928, SB loss: 0.835615
2025-03-27 10:34:48,533 Epoch: [9/20] Iter:[130/192], Time: 0.53, lr: [0.005514360863240413], Loss: 3.696557, Acc:0.571265, Semantic loss: 1.384183, BCE loss: 1.479230, SB loss: 0.833144
2025-03-27 10:34:53,075 Epoch: [9/20] Iter:[140/192], Time: 0.52, lr: [0.005489314550937511], Loss: 3.689508, Acc:0.572618, Semantic loss: 1.376781, BCE loss: 1.478826, SB loss: 0.833902
2025-03-27 10:34:57,520 Epoch: [9/20] Iter:[150/192], Time: 0.52, lr: [0.005464255534386825], Loss: 3.679650, Acc:0.574809, Semantic loss: 1.369841, BCE loss: 1.476661, SB loss: 0.833147
2025-03-27 10:35:02,172 Epoch: [9/20] Iter:[160/192], Time: 0.51, lr: [0.005439183742342914], Loss: 3.690683, Acc:0.575100, Semantic loss: 1.373265, BCE loss: 1.484263, SB loss: 0.833155
2025-03-27 10:35:06,664 Epoch: [9/20] Iter:[170/192], Time: 0.51, lr: [0.00541409910279366], Loss: 3.690196, Acc:0.574763, Semantic loss: 1.370946, BCE loss: 1.487474, SB loss: 0.831776
2025-03-27 10:35:11,224 Epoch: [9/20] Iter:[180/192], Time: 0.51, lr: [0.005389001542948025], Loss: 3.702097, Acc:0.573613, Semantic loss: 1.377844, BCE loss: 1.489664, SB loss: 0.834589
2025-03-27 10:35:15,657 Epoch: [9/20] Iter:[190/192], Time: 0.50, lr: [0.005363890989223547], Loss: 3.692163, Acc:0.572558, Semantic loss: 1.378128, BCE loss: 1.479316, SB loss: 0.834719
2025-03-27 10:37:18,896 0 [0.         0.60687144 0.27018284 0.29241052 0.28836829 0.19361961
 0.05649127] 0.24399199586621625
2025-03-27 10:37:18,897 1 [0.         0.55606494 0.40598158 0.35032518 0.33374883 0.15872215
 0.03213506] 0.26242539222665545
2025-03-27 10:37:18,901 => saving checkpoint to output\loveda\pidnet_small_loveda\aug_gb_mcheckpoint.pth.tar
2025-03-27 10:37:19,096 Loss: 3.542, MeanIU:  0.2624, Best_mIoU:  0.2624
2025-03-27 10:37:19,097 [0.         0.55606494 0.40598158 0.35032518 0.33374883 0.15872215
 0.03213506]
2025-03-27 10:37:29,990 Epoch: [10/20] Iter:[0/192], Time: 10.71, lr: [0.005358867312681466], Loss: 3.519593, Acc:0.609900, Semantic loss: 1.285941, BCE loss: 1.535094, SB loss: 0.698558
2025-03-27 10:37:34,178 Epoch: [10/20] Iter:[10/192], Time: 1.35, lr: [0.005333741068040314], Loss: 3.784990, Acc:0.587449, Semantic loss: 1.373657, BCE loss: 1.580542, SB loss: 0.830791
2025-03-27 10:37:38,766 Epoch: [10/20] Iter:[20/192], Time: 0.93, lr: [0.0053086016647897714], Loss: 3.763594, Acc:0.589277, Semantic loss: 1.381725, BCE loss: 1.556523, SB loss: 0.825346
2025-03-27 10:37:43,242 Epoch: [10/20] Iter:[30/192], Time: 0.77, lr: [0.005283449026727663], Loss: 3.803285, Acc:0.574821, Semantic loss: 1.397872, BCE loss: 1.575112, SB loss: 0.830301
2025-03-27 10:37:47,794 Epoch: [10/20] Iter:[40/192], Time: 0.70, lr: [0.005258283076804885], Loss: 3.788727, Acc:0.583846, Semantic loss: 1.376844, BCE loss: 1.586755, SB loss: 0.825128
2025-03-27 10:37:52,246 Epoch: [10/20] Iter:[50/192], Time: 0.65, lr: [0.00523310373711144], Loss: 3.751771, Acc:0.582354, Semantic loss: 1.363548, BCE loss: 1.566006, SB loss: 0.822217
2025-03-27 10:37:56,817 Epoch: [10/20] Iter:[60/192], Time: 0.62, lr: [0.005207910928862159], Loss: 3.722527, Acc:0.580974, Semantic loss: 1.357974, BCE loss: 1.548252, SB loss: 0.816300
2025-03-27 10:38:01,321 Epoch: [10/20] Iter:[70/192], Time: 0.59, lr: [0.005182704572382109], Loss: 3.697350, Acc:0.580716, Semantic loss: 1.358763, BCE loss: 1.522717, SB loss: 0.815870
2025-03-27 10:38:05,911 Epoch: [10/20] Iter:[80/192], Time: 0.58, lr: [0.005157484587091684], Loss: 3.705845, Acc:0.579847, Semantic loss: 1.360556, BCE loss: 1.526987, SB loss: 0.818302
2025-03-27 10:38:10,311 Epoch: [10/20] Iter:[90/192], Time: 0.56, lr: [0.005132250891491357], Loss: 3.690969, Acc:0.577658, Semantic loss: 1.359157, BCE loss: 1.517600, SB loss: 0.814212
2025-03-27 10:38:14,865 Epoch: [10/20] Iter:[100/192], Time: 0.55, lr: [0.005107003403146087], Loss: 3.668687, Acc:0.578725, Semantic loss: 1.356140, BCE loss: 1.497051, SB loss: 0.815497
2025-03-27 10:38:19,420 Epoch: [10/20] Iter:[110/192], Time: 0.54, lr: [0.005081742038669388], Loss: 3.684224, Acc:0.576797, Semantic loss: 1.364709, BCE loss: 1.497100, SB loss: 0.822414
2025-03-27 10:38:23,986 Epoch: [10/20] Iter:[120/192], Time: 0.53, lr: [0.005056466713707024], Loss: 3.684683, Acc:0.574929, Semantic loss: 1.371812, BCE loss: 1.484370, SB loss: 0.828501
2025-03-27 10:38:28,500 Epoch: [10/20] Iter:[130/192], Time: 0.53, lr: [0.005031177342920337], Loss: 3.677887, Acc:0.575311, Semantic loss: 1.371120, BCE loss: 1.478103, SB loss: 0.828664
2025-03-27 10:38:33,117 Epoch: [10/20] Iter:[140/192], Time: 0.52, lr: [0.005005873839969192], Loss: 3.678060, Acc:0.574251, Semantic loss: 1.373098, BCE loss: 1.468856, SB loss: 0.836106
2025-03-27 10:38:37,641 Epoch: [10/20] Iter:[150/192], Time: 0.52, lr: [0.00498055611749454], Loss: 3.689147, Acc:0.573528, Semantic loss: 1.377703, BCE loss: 1.470595, SB loss: 0.840849
2025-03-27 10:38:42,184 Epoch: [10/20] Iter:[160/192], Time: 0.51, lr: [0.004955224087100552], Loss: 3.685589, Acc:0.574026, Semantic loss: 1.373531, BCE loss: 1.471715, SB loss: 0.840344
2025-03-27 10:38:46,640 Epoch: [10/20] Iter:[170/192], Time: 0.51, lr: [0.004929877659336362], Loss: 3.687840, Acc:0.575149, Semantic loss: 1.373273, BCE loss: 1.473658, SB loss: 0.840909
2025-03-27 10:38:51,161 Epoch: [10/20] Iter:[180/192], Time: 0.51, lr: [0.004904516743677371], Loss: 3.683318, Acc:0.574025, Semantic loss: 1.374448, BCE loss: 1.469184, SB loss: 0.839686
2025-03-27 10:38:55,594 Epoch: [10/20] Iter:[190/192], Time: 0.50, lr: [0.00487914124850611], Loss: 3.687106, Acc:0.573779, Semantic loss: 1.374283, BCE loss: 1.473534, SB loss: 0.839289
2025-03-27 10:40:57,523 0 [0.         0.6102442  0.29015817 0.25275636 0.27997814 0.10782076
 0.07663389] 0.23108450487942253
2025-03-27 10:40:57,523 1 [0.         0.58950297 0.36241355 0.31134029 0.36829694 0.06775111
 0.05797475] 0.25103994607497915
2025-03-27 10:40:57,528 => saving checkpoint to output\loveda\pidnet_small_loveda\aug_gb_mcheckpoint.pth.tar
2025-03-27 10:40:57,632 Loss: 3.563, MeanIU:  0.2510, Best_mIoU:  0.2624
2025-03-27 10:40:57,632 [0.         0.58950297 0.36241355 0.31134029 0.36829694 0.06775111
 0.05797475]
2025-03-27 10:41:09,089 Epoch: [11/20] Iter:[0/192], Time: 11.27, lr: [0.004874064391789954], Loss: 3.633797, Acc:0.698373, Semantic loss: 1.229206, BCE loss: 1.637522, SB loss: 0.767068
2025-03-27 10:41:13,402 Epoch: [11/20] Iter:[10/192], Time: 1.42, lr: [0.004848671278701159], Loss: 3.547481, Acc:0.624047, Semantic loss: 1.240366, BCE loss: 1.522590, SB loss: 0.784524
2025-03-27 10:41:17,678 Epoch: [11/20] Iter:[20/192], Time: 0.95, lr: [0.0048232633805975296], Loss: 3.623190, Acc:0.599898, Semantic loss: 1.296213, BCE loss: 1.533040, SB loss: 0.793937
2025-03-27 10:41:22,101 Epoch: [11/20] Iter:[30/192], Time: 0.78, lr: [0.00479784060223045], Loss: 3.597902, Acc:0.600907, Semantic loss: 1.313375, BCE loss: 1.481338, SB loss: 0.803189
2025-03-27 10:41:26,626 Epoch: [11/20] Iter:[40/192], Time: 0.70, lr: [0.004772402847172951], Loss: 3.579642, Acc:0.601622, Semantic loss: 1.306503, BCE loss: 1.469454, SB loss: 0.803684
2025-03-27 10:41:31,014 Epoch: [11/20] Iter:[50/192], Time: 0.65, lr: [0.004746950017798064], Loss: 3.585491, Acc:0.599789, Semantic loss: 1.299741, BCE loss: 1.475445, SB loss: 0.810304
2025-03-27 10:41:35,515 Epoch: [11/20] Iter:[60/192], Time: 0.62, lr: [0.004721482015256639], Loss: 3.578556, Acc:0.599531, Semantic loss: 1.294154, BCE loss: 1.468109, SB loss: 0.816292
2025-03-27 10:41:39,891 Epoch: [11/20] Iter:[70/192], Time: 0.59, lr: [0.004695998739454633], Loss: 3.603852, Acc:0.601922, Semantic loss: 1.301648, BCE loss: 1.483888, SB loss: 0.818316
2025-03-27 10:41:44,495 Epoch: [11/20] Iter:[80/192], Time: 0.58, lr: [0.004670500089029817], Loss: 3.602501, Acc:0.599991, Semantic loss: 1.303803, BCE loss: 1.485047, SB loss: 0.813651
2025-03-27 10:41:48,817 Epoch: [11/20] Iter:[90/192], Time: 0.56, lr: [0.004644985961327915], Loss: 3.600142, Acc:0.593984, Semantic loss: 1.321063, BCE loss: 1.465154, SB loss: 0.813925
2025-03-27 10:41:53,272 Epoch: [11/20] Iter:[100/192], Time: 0.55, lr: [0.004619456252378151], Loss: 3.607432, Acc:0.593587, Semantic loss: 1.322842, BCE loss: 1.467269, SB loss: 0.817321
2025-03-27 10:41:57,685 Epoch: [11/20] Iter:[110/192], Time: 0.54, lr: [0.004593910856868159], Loss: 3.612207, Acc:0.592982, Semantic loss: 1.326506, BCE loss: 1.465096, SB loss: 0.820605
2025-03-27 10:42:02,135 Epoch: [11/20] Iter:[120/192], Time: 0.53, lr: [0.004568349668118281], Loss: 3.621704, Acc:0.590058, Semantic loss: 1.333608, BCE loss: 1.466245, SB loss: 0.821851
2025-03-27 10:42:06,584 Epoch: [11/20] Iter:[130/192], Time: 0.52, lr: [0.004542772578055196], Loss: 3.630739, Acc:0.586649, Semantic loss: 1.337754, BCE loss: 1.468218, SB loss: 0.824766
2025-03-27 10:42:11,153 Epoch: [11/20] Iter:[140/192], Time: 0.52, lr: [0.00451717947718487], Loss: 3.635144, Acc:0.587238, Semantic loss: 1.336251, BCE loss: 1.477507, SB loss: 0.821387
2025-03-27 10:42:15,641 Epoch: [11/20] Iter:[150/192], Time: 0.52, lr: [0.004491570254564817], Loss: 3.644693, Acc:0.585259, Semantic loss: 1.343410, BCE loss: 1.474590, SB loss: 0.826694
2025-03-27 10:42:20,166 Epoch: [11/20] Iter:[160/192], Time: 0.51, lr: [0.004465944797775636], Loss: 3.644290, Acc:0.584906, Semantic loss: 1.344203, BCE loss: 1.474435, SB loss: 0.825652
2025-03-27 10:42:24,639 Epoch: [11/20] Iter:[170/192], Time: 0.51, lr: [0.004440302992891796], Loss: 3.649619, Acc:0.583934, Semantic loss: 1.347579, BCE loss: 1.477702, SB loss: 0.824338
2025-03-27 10:42:29,121 Epoch: [11/20] Iter:[180/192], Time: 0.50, lr: [0.004414644724451659], Loss: 3.651713, Acc:0.582111, Semantic loss: 1.349687, BCE loss: 1.476877, SB loss: 0.825150
2025-03-27 10:42:33,539 Epoch: [11/20] Iter:[190/192], Time: 0.50, lr: [0.004388969875426714], Loss: 3.650405, Acc:0.582407, Semantic loss: 1.351971, BCE loss: 1.472754, SB loss: 0.825680
2025-03-27 10:44:34,580 0 [0.         0.61324769 0.30421    0.28882106 0.1796823  0.19544827
 0.12708236] 0.24407023857884202
2025-03-27 10:44:34,581 1 [0.         0.60202165 0.37821467 0.34495217 0.29707764 0.1700412
 0.08096373] 0.26761015154331486
2025-03-27 10:44:34,590 => saving checkpoint to output\loveda\pidnet_small_loveda\aug_gb_mcheckpoint.pth.tar
2025-03-27 10:44:34,811 Loss: 3.616, MeanIU:  0.2676, Best_mIoU:  0.2676
2025-03-27 10:44:34,812 [0.         0.60202165 0.37821467 0.34495217 0.29707764 0.1700412
 0.08096373]
2025-03-27 10:44:45,796 Epoch: [12/20] Iter:[0/192], Time: 10.80, lr: [0.0043838329055408696], Loss: 3.571456, Acc:0.689433, Semantic loss: 1.122462, BCE loss: 1.720294, SB loss: 0.728700
2025-03-27 10:44:50,113 Epoch: [12/20] Iter:[10/192], Time: 1.37, lr: [0.004358138003083593], Loss: 3.749665, Acc:0.584393, Semantic loss: 1.334320, BCE loss: 1.629607, SB loss: 0.785738
2025-03-27 10:44:54,626 Epoch: [12/20] Iter:[20/192], Time: 0.93, lr: [0.0043324262569064236], Loss: 3.717727, Acc:0.584479, Semantic loss: 1.345506, BCE loss: 1.546540, SB loss: 0.825681
2025-03-27 10:44:59,091 Epoch: [12/20] Iter:[30/192], Time: 0.78, lr: [0.0043066975447503065], Loss: 3.695372, Acc:0.577642, Semantic loss: 1.373662, BCE loss: 1.501043, SB loss: 0.820667
2025-03-27 10:45:03,529 Epoch: [12/20] Iter:[40/192], Time: 0.70, lr: [0.00428095174265078], Loss: 3.681809, Acc:0.587415, Semantic loss: 1.360020, BCE loss: 1.511495, SB loss: 0.810295
2025-03-27 10:45:07,971 Epoch: [12/20] Iter:[50/192], Time: 0.65, lr: [0.004255188724902623], Loss: 3.692995, Acc:0.588156, Semantic loss: 1.361012, BCE loss: 1.519735, SB loss: 0.812249
2025-03-27 10:45:12,539 Epoch: [12/20] Iter:[60/192], Time: 0.62, lr: [0.004229408364023519], Loss: 3.692349, Acc:0.592209, Semantic loss: 1.353168, BCE loss: 1.529924, SB loss: 0.809257
2025-03-27 10:45:16,925 Epoch: [12/20] Iter:[70/192], Time: 0.59, lr: [0.004203610530716726], Loss: 3.680309, Acc:0.587656, Semantic loss: 1.355622, BCE loss: 1.513938, SB loss: 0.810749
2025-03-27 10:45:21,389 Epoch: [12/20] Iter:[80/192], Time: 0.57, lr: [0.004177795093832693], Loss: 3.675191, Acc:0.587146, Semantic loss: 1.357991, BCE loss: 1.510922, SB loss: 0.806278
2025-03-27 10:45:25,761 Epoch: [12/20] Iter:[90/192], Time: 0.56, lr: [0.004151961920329593], Loss: 3.659140, Acc:0.585638, Semantic loss: 1.359080, BCE loss: 1.497016, SB loss: 0.803043
2025-03-27 10:45:30,217 Epoch: [12/20] Iter:[100/192], Time: 0.55, lr: [0.004126110875232744], Loss: 3.661597, Acc:0.588820, Semantic loss: 1.354044, BCE loss: 1.503194, SB loss: 0.804359
2025-03-27 10:45:34,541 Epoch: [12/20] Iter:[110/192], Time: 0.54, lr: [0.004100241821592866], Loss: 3.646541, Acc:0.587825, Semantic loss: 1.348117, BCE loss: 1.492334, SB loss: 0.806090
2025-03-27 10:45:39,044 Epoch: [12/20] Iter:[120/192], Time: 0.53, lr: [0.00407435462044314], Loss: 3.640349, Acc:0.588788, Semantic loss: 1.341922, BCE loss: 1.491967, SB loss: 0.806460
2025-03-27 10:45:43,423 Epoch: [12/20] Iter:[130/192], Time: 0.52, lr: [0.004048449130755016], Loss: 3.638109, Acc:0.587415, Semantic loss: 1.340610, BCE loss: 1.492195, SB loss: 0.805304
2025-03-27 10:45:47,912 Epoch: [12/20] Iter:[140/192], Time: 0.52, lr: [0.004022525209392749], Loss: 3.642121, Acc:0.587763, Semantic loss: 1.339843, BCE loss: 1.495857, SB loss: 0.806421
2025-03-27 10:45:52,359 Epoch: [12/20] Iter:[150/192], Time: 0.51, lr: [0.003996582711066572], Loss: 3.636176, Acc:0.587861, Semantic loss: 1.335936, BCE loss: 1.494921, SB loss: 0.805318
2025-03-27 10:45:56,825 Epoch: [12/20] Iter:[160/192], Time: 0.51, lr: [0.003970621488284514], Loss: 3.625104, Acc:0.588382, Semantic loss: 1.331014, BCE loss: 1.485787, SB loss: 0.808303
2025-03-27 10:46:01,259 Epoch: [12/20] Iter:[170/192], Time: 0.50, lr: [0.003944641391302759], Loss: 3.626354, Acc:0.586732, Semantic loss: 1.335175, BCE loss: 1.481466, SB loss: 0.809713
2025-03-27 10:46:05,742 Epoch: [12/20] Iter:[180/192], Time: 0.50, lr: [0.003918642268074522], Loss: 3.617630, Acc:0.585643, Semantic loss: 1.338953, BCE loss: 1.468888, SB loss: 0.809788
2025-03-27 10:46:10,064 Epoch: [12/20] Iter:[190/192], Time: 0.50, lr: [0.003892623964197378], Loss: 3.616338, Acc:0.585391, Semantic loss: 1.337415, BCE loss: 1.467688, SB loss: 0.811235
2025-03-27 10:48:11,343 0 [0.         0.6024169  0.34954379 0.25513861 0.23621106 0.08418521
 0.11976873] 0.23532347174612508
2025-03-27 10:48:11,344 1 [0.         0.62340634 0.41452974 0.3262378  0.305949   0.05558613
 0.07472459] 0.2572048008657853
2025-03-27 10:48:11,351 => saving checkpoint to output\loveda\pidnet_small_loveda\aug_gb_mcheckpoint.pth.tar
2025-03-27 10:48:11,470 Loss: 3.515, MeanIU:  0.2572, Best_mIoU:  0.2676
2025-03-27 10:48:11,470 [0.         0.62340634 0.41452974 0.3262378  0.305949   0.05558613
 0.07472459]
2025-03-27 10:48:22,712 Epoch: [13/20] Iter:[0/192], Time: 11.06, lr: [0.0038874179879876346], Loss: 3.766770, Acc:0.651339, Semantic loss: 1.208125, BCE loss: 1.821058, SB loss: 0.737587
2025-03-27 10:48:26,936 Epoch: [13/20] Iter:[10/192], Time: 1.39, lr: [0.003861376460123532], Loss: 3.730690, Acc:0.590792, Semantic loss: 1.308427, BCE loss: 1.575174, SB loss: 0.847089
2025-03-27 10:48:31,436 Epoch: [13/20] Iter:[20/192], Time: 0.94, lr: [0.003835315403363414], Loss: 3.702556, Acc:0.588943, Semantic loss: 1.347908, BCE loss: 1.513233, SB loss: 0.841415
2025-03-27 10:48:35,850 Epoch: [13/20] Iter:[30/192], Time: 0.78, lr: [0.00380923465539378], Loss: 3.629950, Acc:0.594885, Semantic loss: 1.320384, BCE loss: 1.485647, SB loss: 0.823919
2025-03-27 10:48:40,352 Epoch: [13/20] Iter:[40/192], Time: 0.70, lr: [0.0037831340513060203], Loss: 3.628454, Acc:0.592904, Semantic loss: 1.314861, BCE loss: 1.498651, SB loss: 0.814943
2025-03-27 10:48:44,768 Epoch: [13/20] Iter:[50/192], Time: 0.65, lr: [0.003757013423534689], Loss: 3.641977, Acc:0.598054, Semantic loss: 1.319390, BCE loss: 1.509633, SB loss: 0.812953
2025-03-27 10:48:49,258 Epoch: [13/20] Iter:[60/192], Time: 0.62, lr: [0.003730872601793835], Loss: 3.625595, Acc:0.596790, Semantic loss: 1.310463, BCE loss: 1.506306, SB loss: 0.808826
2025-03-27 10:48:53,686 Epoch: [13/20] Iter:[70/192], Time: 0.59, lr: [0.0037047114130112895], Loss: 3.595899, Acc:0.598247, Semantic loss: 1.303158, BCE loss: 1.490733, SB loss: 0.802009
2025-03-27 10:48:58,183 Epoch: [13/20] Iter:[80/192], Time: 0.57, lr: [0.0036785296812608405], Loss: 3.605714, Acc:0.592799, Semantic loss: 1.325837, BCE loss: 1.462664, SB loss: 0.817213
2025-03-27 10:49:02,644 Epoch: [13/20] Iter:[90/192], Time: 0.56, lr: [0.003652327227692201], Loss: 3.627725, Acc:0.590493, Semantic loss: 1.332277, BCE loss: 1.477336, SB loss: 0.818111
2025-03-27 10:49:07,166 Epoch: [13/20] Iter:[100/192], Time: 0.55, lr: [0.0036261038704587037], Loss: 3.641949, Acc:0.587713, Semantic loss: 1.334706, BCE loss: 1.488806, SB loss: 0.818437
2025-03-27 10:49:11,584 Epoch: [13/20] Iter:[110/192], Time: 0.54, lr: [0.003599859424642584], Loss: 3.648499, Acc:0.588201, Semantic loss: 1.336221, BCE loss: 1.491193, SB loss: 0.821085
2025-03-27 10:49:16,063 Epoch: [13/20] Iter:[120/192], Time: 0.53, lr: [0.0035735937021778063], Loss: 3.642739, Acc:0.587913, Semantic loss: 1.336392, BCE loss: 1.486612, SB loss: 0.819736
2025-03-27 10:49:20,476 Epoch: [13/20] Iter:[130/192], Time: 0.53, lr: [0.0035473065117702885], Loss: 3.631364, Acc:0.588335, Semantic loss: 1.334159, BCE loss: 1.480053, SB loss: 0.817152
2025-03-27 10:49:24,956 Epoch: [13/20] Iter:[140/192], Time: 0.52, lr: [0.003520997658815433], Loss: 3.619456, Acc:0.588935, Semantic loss: 1.332289, BCE loss: 1.474059, SB loss: 0.813108
2025-03-27 10:49:29,396 Epoch: [13/20] Iter:[150/192], Time: 0.51, lr: [0.003494666945312851], Loss: 3.611896, Acc:0.589710, Semantic loss: 1.331605, BCE loss: 1.467489, SB loss: 0.812803
2025-03-27 10:49:33,859 Epoch: [13/20] Iter:[160/192], Time: 0.51, lr: [0.00346831416977816], Loss: 3.604840, Acc:0.589179, Semantic loss: 1.332038, BCE loss: 1.460097, SB loss: 0.812705
2025-03-27 10:49:38,279 Epoch: [13/20] Iter:[170/192], Time: 0.51, lr: [0.003441939127151716], Loss: 3.601603, Acc:0.591231, Semantic loss: 1.328354, BCE loss: 1.461220, SB loss: 0.812029
2025-03-27 10:49:42,772 Epoch: [13/20] Iter:[180/192], Time: 0.50, lr: [0.0034155416087041646], Loss: 3.594285, Acc:0.591972, Semantic loss: 1.324021, BCE loss: 1.459283, SB loss: 0.810981
2025-03-27 10:49:47,168 Epoch: [13/20] Iter:[190/192], Time: 0.50, lr: [0.0033891214019386652], Loss: 3.586009, Acc:0.592523, Semantic loss: 1.317998, BCE loss: 1.457813, SB loss: 0.810199
2025-03-27 10:51:49,188 0 [0.         0.6141848  0.324198   0.28674488 0.27889987 0.16426804
 0.09847333] 0.25239556121330925
2025-03-27 10:51:49,189 1 [0.         0.56785079 0.41577936 0.34553114 0.32811331 0.08229412
 0.06048978] 0.2571512149901932
2025-03-27 10:51:49,194 => saving checkpoint to output\loveda\pidnet_small_loveda\aug_gb_mcheckpoint.pth.tar
2025-03-27 10:51:49,339 Loss: 3.753, MeanIU:  0.2572, Best_mIoU:  0.2676
2025-03-27 10:51:49,339 [0.         0.56785079 0.41577936 0.34553114 0.32811331 0.08229412
 0.06048978]
2025-03-27 10:52:00,450 Epoch: [14/20] Iter:[0/192], Time: 10.93, lr: [0.0033838346190164987], Loss: 3.674427, Acc:0.617397, Semantic loss: 1.183517, BCE loss: 1.642070, SB loss: 0.848840
2025-03-27 10:52:04,707 Epoch: [14/20] Iter:[10/192], Time: 1.38, lr: [0.0033573869003190927], Loss: 3.679507, Acc:0.594995, Semantic loss: 1.311036, BCE loss: 1.562546, SB loss: 0.805925
2025-03-27 10:52:09,164 Epoch: [14/20] Iter:[20/192], Time: 0.94, lr: [0.0033309160120447595], Loss: 3.573344, Acc:0.610496, Semantic loss: 1.274074, BCE loss: 1.496474, SB loss: 0.802796
2025-03-27 10:52:13,617 Epoch: [14/20] Iter:[30/192], Time: 0.78, lr: [0.0033044217289421207], Loss: 3.542327, Acc:0.605467, Semantic loss: 1.298506, BCE loss: 1.456173, SB loss: 0.787649
2025-03-27 10:52:18,139 Epoch: [14/20] Iter:[40/192], Time: 0.70, lr: [0.0032779038215418194], Loss: 3.556704, Acc:0.608057, Semantic loss: 1.300262, BCE loss: 1.470772, SB loss: 0.785670
2025-03-27 10:52:22,626 Epoch: [14/20] Iter:[50/192], Time: 0.65, lr: [0.0032513620560388795], Loss: 3.580919, Acc:0.597688, Semantic loss: 1.305924, BCE loss: 1.484808, SB loss: 0.790187
2025-03-27 10:52:27,175 Epoch: [14/20] Iter:[60/192], Time: 0.62, lr: [0.003224796194170671], Loss: 3.568674, Acc:0.599283, Semantic loss: 1.295868, BCE loss: 1.484398, SB loss: 0.788408
2025-03-27 10:52:31,623 Epoch: [14/20] Iter:[70/192], Time: 0.59, lr: [0.003198205993090303], Loss: 3.545655, Acc:0.598395, Semantic loss: 1.295296, BCE loss: 1.465217, SB loss: 0.785142
2025-03-27 10:52:36,149 Epoch: [14/20] Iter:[80/192], Time: 0.58, lr: [0.0031715912052352204], Loss: 3.548442, Acc:0.601688, Semantic loss: 1.292798, BCE loss: 1.472985, SB loss: 0.782659
2025-03-27 10:52:40,520 Epoch: [14/20] Iter:[90/192], Time: 0.56, lr: [0.0031449515781907557], Loss: 3.539184, Acc:0.603722, Semantic loss: 1.290244, BCE loss: 1.465632, SB loss: 0.783308
2025-03-27 10:52:45,004 Epoch: [14/20] Iter:[100/192], Time: 0.55, lr: [0.003118286854548424], Loss: 3.537782, Acc:0.603070, Semantic loss: 1.290063, BCE loss: 1.461334, SB loss: 0.786385
2025-03-27 10:52:49,387 Epoch: [14/20] Iter:[110/192], Time: 0.54, lr: [0.003091596771758693], Loss: 3.533919, Acc:0.607228, Semantic loss: 1.279678, BCE loss: 1.471597, SB loss: 0.782644
2025-03-27 10:52:53,832 Epoch: [14/20] Iter:[120/192], Time: 0.53, lr: [0.0030648810619779434], Loss: 3.553978, Acc:0.606568, Semantic loss: 1.286739, BCE loss: 1.479862, SB loss: 0.787377
2025-03-27 10:52:58,231 Epoch: [14/20] Iter:[130/192], Time: 0.52, lr: [0.0030381394519093602], Loss: 3.544899, Acc:0.604569, Semantic loss: 1.284373, BCE loss: 1.470375, SB loss: 0.790151
2025-03-27 10:53:02,755 Epoch: [14/20] Iter:[140/192], Time: 0.52, lr: [0.003011371662637431], Loss: 3.539876, Acc:0.604531, Semantic loss: 1.288474, BCE loss: 1.463151, SB loss: 0.788251
2025-03-27 10:53:07,226 Epoch: [14/20] Iter:[150/192], Time: 0.51, lr: [0.0029845774094557345], Loss: 3.543767, Acc:0.603789, Semantic loss: 1.290179, BCE loss: 1.465649, SB loss: 0.787940
2025-03-27 10:53:11,741 Epoch: [14/20] Iter:[160/192], Time: 0.51, lr: [0.002957756401687678], Loss: 3.543846, Acc:0.603025, Semantic loss: 1.295327, BCE loss: 1.460243, SB loss: 0.788276
2025-03-27 10:53:16,164 Epoch: [14/20] Iter:[170/192], Time: 0.51, lr: [0.002930908342499829], Loss: 3.544258, Acc:0.604808, Semantic loss: 1.293039, BCE loss: 1.463080, SB loss: 0.788140
2025-03-27 10:53:20,589 Epoch: [14/20] Iter:[180/192], Time: 0.50, lr: [0.002904032928707437], Loss: 3.541536, Acc:0.603928, Semantic loss: 1.292335, BCE loss: 1.458869, SB loss: 0.790333
2025-03-27 10:53:25,018 Epoch: [14/20] Iter:[190/192], Time: 0.50, lr: [0.0028771298505717554], Loss: 3.559067, Acc:0.600727, Semantic loss: 1.303846, BCE loss: 1.454512, SB loss: 0.800709
2025-03-27 10:55:26,870 0 [0.         0.60314322 0.31414508 0.24389076 0.29804577 0.1836016
 0.10940594] 0.2503189076698355
2025-03-27 10:55:26,870 1 [0.         0.55093083 0.40466269 0.32804751 0.35941021 0.05705033
 0.08630401] 0.25520079859683403
2025-03-27 10:55:26,879 => saving checkpoint to output\loveda\pidnet_small_loveda\aug_gb_mcheckpoint.pth.tar
2025-03-27 10:55:27,022 Loss: 3.714, MeanIU:  0.2552, Best_mIoU:  0.2676
2025-03-27 10:55:27,023 [0.         0.55093083 0.40466269 0.32804751 0.35941021 0.05705033
 0.08630401]
2025-03-27 10:55:38,155 Epoch: [15/20] Iter:[0/192], Time: 10.95, lr: [0.0028717458874925874], Loss: 3.262709, Acc:0.574166, Semantic loss: 1.140507, BCE loss: 1.446074, SB loss: 0.676127
2025-03-27 10:55:42,373 Epoch: [15/20] Iter:[10/192], Time: 1.38, lr: [0.0028448091937488323], Loss: 3.524559, Acc:0.570990, Semantic loss: 1.372614, BCE loss: 1.345549, SB loss: 0.806395
2025-03-27 10:55:46,904 Epoch: [15/20] Iter:[20/192], Time: 0.94, lr: [0.002817844130111582], Loss: 3.603946, Acc:0.579476, Semantic loss: 1.368385, BCE loss: 1.403454, SB loss: 0.832107
2025-03-27 10:55:51,309 Epoch: [15/20] Iter:[30/192], Time: 0.78, lr: [0.0027908503644035994], Loss: 3.654856, Acc:0.584959, Semantic loss: 1.367353, BCE loss: 1.464275, SB loss: 0.823228
2025-03-27 10:55:55,827 Epoch: [15/20] Iter:[40/192], Time: 0.70, lr: [0.0027638275569424097], Loss: 3.630066, Acc:0.580537, Semantic loss: 1.364813, BCE loss: 1.447381, SB loss: 0.817872
2025-03-27 10:56:00,142 Epoch: [15/20] Iter:[50/192], Time: 0.65, lr: [0.002736775360287257], Loss: 3.581921, Acc:0.583121, Semantic loss: 1.352662, BCE loss: 1.414871, SB loss: 0.814388
2025-03-27 10:56:04,550 Epoch: [15/20] Iter:[60/192], Time: 0.61, lr: [0.002709693418974644], Loss: 3.580066, Acc:0.587820, Semantic loss: 1.343246, BCE loss: 1.421152, SB loss: 0.815667
2025-03-27 10:56:09,035 Epoch: [15/20] Iter:[70/192], Time: 0.59, lr: [0.0026825813692418162], Loss: 3.535807, Acc:0.592005, Semantic loss: 1.324298, BCE loss: 1.406524, SB loss: 0.804986
2025-03-27 10:56:13,615 Epoch: [15/20] Iter:[80/192], Time: 0.57, lr: [0.0026554388387375], Loss: 3.546206, Acc:0.592546, Semantic loss: 1.324184, BCE loss: 1.412389, SB loss: 0.809634
2025-03-27 10:56:18,122 Epoch: [15/20] Iter:[90/192], Time: 0.56, lr: [0.002628265446219161], Loss: 3.541083, Acc:0.595473, Semantic loss: 1.321171, BCE loss: 1.416728, SB loss: 0.803184
2025-03-27 10:56:22,647 Epoch: [15/20] Iter:[100/192], Time: 0.55, lr: [0.002601060801235972], Loss: 3.544218, Acc:0.596407, Semantic loss: 1.322114, BCE loss: 1.419781, SB loss: 0.802324
2025-03-27 10:56:27,084 Epoch: [15/20] Iter:[110/192], Time: 0.54, lr: [0.002573824503796671], Loss: 3.547157, Acc:0.595315, Semantic loss: 1.316518, BCE loss: 1.431472, SB loss: 0.799167
2025-03-27 10:56:31,537 Epoch: [15/20] Iter:[120/192], Time: 0.53, lr: [0.00254655614402138], Loss: 3.559915, Acc:0.593697, Semantic loss: 1.317496, BCE loss: 1.441661, SB loss: 0.800758
2025-03-27 10:56:35,873 Epoch: [15/20] Iter:[130/192], Time: 0.52, lr: [0.0025192553017764118], Loss: 3.548825, Acc:0.595521, Semantic loss: 1.311119, BCE loss: 1.440334, SB loss: 0.797371
2025-03-27 10:56:40,340 Epoch: [15/20] Iter:[140/192], Time: 0.52, lr: [0.002491921546291034], Loss: 3.557227, Acc:0.594111, Semantic loss: 1.310150, BCE loss: 1.449458, SB loss: 0.797619
2025-03-27 10:56:44,709 Epoch: [15/20] Iter:[150/192], Time: 0.51, lr: [0.0024645544357550573], Loss: 3.559469, Acc:0.594145, Semantic loss: 1.310446, BCE loss: 1.449126, SB loss: 0.799898
2025-03-27 10:56:49,269 Epoch: [15/20] Iter:[160/192], Time: 0.51, lr: [0.002437153516896028], Loss: 3.559098, Acc:0.592745, Semantic loss: 1.313930, BCE loss: 1.443859, SB loss: 0.801308
2025-03-27 10:56:53,657 Epoch: [15/20] Iter:[170/192], Time: 0.51, lr: [0.0024097183245347467], Loss: 3.554925, Acc:0.596497, Semantic loss: 1.305668, BCE loss: 1.451995, SB loss: 0.797262
2025-03-27 10:56:58,236 Epoch: [15/20] Iter:[180/192], Time: 0.50, lr: [0.0023822483811177], Loss: 3.551796, Acc:0.598738, Semantic loss: 1.302350, BCE loss: 1.455744, SB loss: 0.793701
2025-03-27 10:57:02,578 Epoch: [15/20] Iter:[190/192], Time: 0.50, lr: [0.002354743196224891], Loss: 3.558526, Acc:0.597751, Semantic loss: 1.305783, BCE loss: 1.455458, SB loss: 0.797285
2025-03-27 10:59:03,362 0 [0.         0.63498808 0.32607899 0.25607925 0.22770341 0.09608008
 0.13134351] 0.2388961891380514
2025-03-27 10:59:03,362 1 [0.         0.62128896 0.37972056 0.3300873  0.3030031  0.08980623
 0.08585888] 0.25853786292229936
2025-03-27 10:59:03,371 => saving checkpoint to output\loveda\pidnet_small_loveda\aug_gb_mcheckpoint.pth.tar
2025-03-27 10:59:03,513 Loss: 3.649, MeanIU:  0.2585, Best_mIoU:  0.2676
2025-03-27 10:59:03,513 [0.         0.62128896 0.37972056 0.3300873  0.3030031  0.08980623
 0.08585888]
2025-03-27 10:59:14,487 Epoch: [16/20] Iter:[0/192], Time: 10.79, lr: [0.0023492378861760376], Loss: 3.897265, Acc:0.636444, Semantic loss: 1.367050, BCE loss: 1.711147, SB loss: 0.819068
2025-03-27 10:59:18,702 Epoch: [16/20] Iter:[10/192], Time: 1.36, lr: [0.0023216897452738748], Loss: 3.509916, Acc:0.623213, Semantic loss: 1.261904, BCE loss: 1.464298, SB loss: 0.783714
2025-03-27 10:59:23,154 Epoch: [16/20] Iter:[20/192], Time: 0.93, lr: [0.0022941052360858027], Loss: 3.408146, Acc:0.620907, Semantic loss: 1.239019, BCE loss: 1.398087, SB loss: 0.771041
2025-03-27 10:59:27,547 Epoch: [16/20] Iter:[30/192], Time: 0.77, lr: [0.0022664838233947228], Loss: 3.486266, Acc:0.614015, Semantic loss: 1.275734, BCE loss: 1.429048, SB loss: 0.781483
2025-03-27 10:59:31,978 Epoch: [16/20] Iter:[40/192], Time: 0.69, lr: [0.0022388249567421017], Loss: 3.498218, Acc:0.613525, Semantic loss: 1.265619, BCE loss: 1.458536, SB loss: 0.774063
2025-03-27 10:59:36,356 Epoch: [16/20] Iter:[50/192], Time: 0.64, lr: [0.002211128069778427], Loss: 3.464547, Acc:0.619992, Semantic loss: 1.251214, BCE loss: 1.444665, SB loss: 0.768668
2025-03-27 10:59:40,855 Epoch: [16/20] Iter:[60/192], Time: 0.61, lr: [0.0021833925795765436], Loss: 3.500581, Acc:0.615841, Semantic loss: 1.259167, BCE loss: 1.467180, SB loss: 0.774233
2025-03-27 10:59:45,252 Epoch: [16/20] Iter:[70/192], Time: 0.59, lr: [0.0021556178859051967], Loss: 3.499164, Acc:0.614461, Semantic loss: 1.259344, BCE loss: 1.467545, SB loss: 0.772276
2025-03-27 10:59:49,735 Epoch: [16/20] Iter:[80/192], Time: 0.57, lr: [0.002127803370459852], Loss: 3.507469, Acc:0.613635, Semantic loss: 1.258017, BCE loss: 1.476398, SB loss: 0.773054
2025-03-27 10:59:54,170 Epoch: [16/20] Iter:[90/192], Time: 0.55, lr: [0.0020999483960476508], Loss: 3.479580, Acc:0.612365, Semantic loss: 1.255412, BCE loss: 1.458036, SB loss: 0.766132
2025-03-27 10:59:58,692 Epoch: [16/20] Iter:[100/192], Time: 0.54, lr: [0.0020720523057230294], Loss: 3.500270, Acc:0.613429, Semantic loss: 1.260176, BCE loss: 1.475362, SB loss: 0.764732
2025-03-27 11:00:03,081 Epoch: [16/20] Iter:[110/192], Time: 0.54, lr: [0.002044114421870228], Loss: 3.497675, Acc:0.613838, Semantic loss: 1.258385, BCE loss: 1.475915, SB loss: 0.763375
2025-03-27 11:00:07,513 Epoch: [16/20] Iter:[120/192], Time: 0.53, lr: [0.0020161340452285867], Loss: 3.495247, Acc:0.615218, Semantic loss: 1.257777, BCE loss: 1.472396, SB loss: 0.765075
2025-03-27 11:00:11,855 Epoch: [16/20] Iter:[130/192], Time: 0.52, lr: [0.001988110453856112], Loss: 3.485324, Acc:0.611537, Semantic loss: 1.259110, BCE loss: 1.459227, SB loss: 0.766986
2025-03-27 11:00:16,330 Epoch: [16/20] Iter:[140/192], Time: 0.52, lr: [0.0019600429020263607], Loss: 3.490843, Acc:0.611278, Semantic loss: 1.259974, BCE loss: 1.462256, SB loss: 0.768613
2025-03-27 11:00:20,768 Epoch: [16/20] Iter:[150/192], Time: 0.51, lr: [0.0019319306190532476], Loss: 3.496220, Acc:0.611092, Semantic loss: 1.262054, BCE loss: 1.466326, SB loss: 0.767840
2025-03-27 11:00:25,322 Epoch: [16/20] Iter:[160/192], Time: 0.51, lr: [0.0019037728080378042], Loss: 3.502065, Acc:0.608389, Semantic loss: 1.271463, BCE loss: 1.459914, SB loss: 0.770687
2025-03-27 11:00:29,706 Epoch: [16/20] Iter:[170/192], Time: 0.50, lr: [0.0018755686445303314], Loss: 3.493316, Acc:0.608912, Semantic loss: 1.271493, BCE loss: 1.450599, SB loss: 0.771223
2025-03-27 11:00:34,194 Epoch: [16/20] Iter:[180/192], Time: 0.50, lr: [0.001847317275100738], Loss: 3.502361, Acc:0.607542, Semantic loss: 1.275921, BCE loss: 1.452869, SB loss: 0.773571
2025-03-27 11:00:38,580 Epoch: [16/20] Iter:[190/192], Time: 0.50, lr: [0.0018190178158090872], Loss: 3.506592, Acc:0.607802, Semantic loss: 1.279843, BCE loss: 1.452088, SB loss: 0.774662
2025-03-27 11:02:40,217 0 [0.         0.61346431 0.34203727 0.26896367 0.26138375 0.15873011
 0.14092186] 0.25507156599094905
2025-03-27 11:02:40,218 1 [0.         0.59080215 0.43390942 0.35629971 0.37031606 0.09928572
 0.05933706] 0.27285001661850367
2025-03-27 11:02:40,229 => saving checkpoint to output\loveda\pidnet_small_loveda\aug_gb_mcheckpoint.pth.tar
2025-03-27 11:02:40,449 Loss: 3.556, MeanIU:  0.2729, Best_mIoU:  0.2729
2025-03-27 11:02:40,449 [0.         0.59080215 0.43390942 0.35629971 0.37031606 0.09928572
 0.05933706]
2025-03-27 11:02:51,593 Epoch: [17/20] Iter:[0/192], Time: 10.96, lr: [0.0018133520731367456], Loss: 3.796710, Acc:0.570395, Semantic loss: 1.311295, BCE loss: 1.708300, SB loss: 0.777116
2025-03-27 11:02:55,810 Epoch: [17/20] Iter:[10/192], Time: 1.38, lr: [0.001784993693823396], Loss: 3.537924, Acc:0.604182, Semantic loss: 1.248612, BCE loss: 1.527896, SB loss: 0.761417
2025-03-27 11:03:00,258 Epoch: [17/20] Iter:[20/192], Time: 0.93, lr: [0.0017565851643374117], Loss: 3.539463, Acc:0.609265, Semantic loss: 1.260811, BCE loss: 1.499961, SB loss: 0.778691
2025-03-27 11:03:04,689 Epoch: [17/20] Iter:[30/192], Time: 0.78, lr: [0.0017281254915000803], Loss: 3.566379, Acc:0.605915, Semantic loss: 1.286309, BCE loss: 1.483483, SB loss: 0.796587
2025-03-27 11:03:09,189 Epoch: [17/20] Iter:[40/192], Time: 0.70, lr: [0.0016996136438923032], Loss: 3.553732, Acc:0.601547, Semantic loss: 1.294879, BCE loss: 1.468359, SB loss: 0.790495
2025-03-27 11:03:13,563 Epoch: [17/20] Iter:[50/192], Time: 0.65, lr: [0.0016710485496403851], Loss: 3.526995, Acc:0.604001, Semantic loss: 1.286601, BCE loss: 1.457502, SB loss: 0.782891
2025-03-27 11:03:18,094 Epoch: [17/20] Iter:[60/192], Time: 0.61, lr: [0.0016424290940290059], Loss: 3.516577, Acc:0.607699, Semantic loss: 1.283092, BCE loss: 1.454140, SB loss: 0.779345
2025-03-27 11:03:22,527 Epoch: [17/20] Iter:[70/192], Time: 0.59, lr: [0.0016137541169242962], Loss: 3.473704, Acc:0.609369, Semantic loss: 1.274071, BCE loss: 1.424147, SB loss: 0.775486
2025-03-27 11:03:27,059 Epoch: [17/20] Iter:[80/192], Time: 0.57, lr: [0.0015850224099878446], Loss: 3.486514, Acc:0.611868, Semantic loss: 1.269542, BCE loss: 1.438706, SB loss: 0.778265
2025-03-27 11:03:31,527 Epoch: [17/20] Iter:[90/192], Time: 0.56, lr: [0.001556232713660091], Loss: 3.477842, Acc:0.611047, Semantic loss: 1.264998, BCE loss: 1.439495, SB loss: 0.773350
2025-03-27 11:03:36,006 Epoch: [17/20] Iter:[100/192], Time: 0.55, lr: [0.0015273837138888994], Loss: 3.482429, Acc:0.611834, Semantic loss: 1.265710, BCE loss: 1.447297, SB loss: 0.769422
2025-03-27 11:03:40,449 Epoch: [17/20] Iter:[110/192], Time: 0.54, lr: [0.0014984740385759552], Loss: 3.494098, Acc:0.609399, Semantic loss: 1.267918, BCE loss: 1.456678, SB loss: 0.769502
2025-03-27 11:03:44,790 Epoch: [17/20] Iter:[120/192], Time: 0.53, lr: [0.0014695022537100475], Loss: 3.496243, Acc:0.606129, Semantic loss: 1.267995, BCE loss: 1.454380, SB loss: 0.773867
2025-03-27 11:03:49,262 Epoch: [17/20] Iter:[130/192], Time: 0.52, lr: [0.0014404668591521846], Loss: 3.494113, Acc:0.605246, Semantic loss: 1.271010, BCE loss: 1.448704, SB loss: 0.774400
2025-03-27 11:03:53,830 Epoch: [17/20] Iter:[140/192], Time: 0.52, lr: [0.0014113662840326588], Loss: 3.499854, Acc:0.606373, Semantic loss: 1.274954, BCE loss: 1.448432, SB loss: 0.776468
2025-03-27 11:03:58,276 Epoch: [17/20] Iter:[150/192], Time: 0.51, lr: [0.0013821988817145786], Loss: 3.496978, Acc:0.608591, Semantic loss: 1.270509, BCE loss: 1.450752, SB loss: 0.775717
2025-03-27 11:04:02,819 Epoch: [17/20] Iter:[160/192], Time: 0.51, lr: [0.0013529629242719093], Loss: 3.498401, Acc:0.610386, Semantic loss: 1.271271, BCE loss: 1.450229, SB loss: 0.776901
2025-03-27 11:04:07,268 Epoch: [17/20] Iter:[170/192], Time: 0.51, lr: [0.0013236565964223801], Loss: 3.500099, Acc:0.611677, Semantic loss: 1.270189, BCE loss: 1.453691, SB loss: 0.776219
2025-03-27 11:04:11,744 Epoch: [17/20] Iter:[180/192], Time: 0.50, lr: [0.0012942779888466518], Loss: 3.498019, Acc:0.611725, Semantic loss: 1.269219, BCE loss: 1.453467, SB loss: 0.775333
2025-03-27 11:04:16,127 Epoch: [17/20] Iter:[190/192], Time: 0.50, lr: [0.0012648250908145803], Loss: 3.495097, Acc:0.610820, Semantic loss: 1.269559, BCE loss: 1.450170, SB loss: 0.775368
2025-03-27 11:06:18,009 0 [0.         0.61858554 0.38700806 0.2997261  0.24505525 0.16362328
 0.15520385] 0.2670288676144144
2025-03-27 11:06:18,010 1 [0.         0.63208602 0.46325037 0.35132432 0.27929639 0.10275696
 0.07947454] 0.2725983705731782
2025-03-27 11:06:18,018 => saving checkpoint to output\loveda\pidnet_small_loveda\aug_gb_mcheckpoint.pth.tar
2025-03-27 11:06:18,157 Loss: 3.656, MeanIU:  0.2726, Best_mIoU:  0.2729
2025-03-27 11:06:18,157 [0.         0.63208602 0.46325037 0.35132432 0.27929639 0.10275696
 0.07947454]
2025-03-27 11:06:29,114 Epoch: [18/20] Iter:[0/192], Time: 10.78, lr: [0.001258925411794167], Loss: 3.434367, Acc:0.529975, Semantic loss: 1.203555, BCE loss: 1.447388, SB loss: 0.783424
2025-03-27 11:06:33,332 Epoch: [18/20] Iter:[10/192], Time: 1.36, lr: [0.0012293805561511607], Loss: 3.544848, Acc:0.618947, Semantic loss: 1.260944, BCE loss: 1.485793, SB loss: 0.798111
2025-03-27 11:06:37,729 Epoch: [18/20] Iter:[20/192], Time: 0.92, lr: [0.0011997565879500753], Loss: 3.531381, Acc:0.620430, Semantic loss: 1.278079, BCE loss: 1.456628, SB loss: 0.796674
2025-03-27 11:06:42,135 Epoch: [18/20] Iter:[30/192], Time: 0.77, lr: [0.0011700511125444005], Loss: 3.515270, Acc:0.625632, Semantic loss: 1.281907, BCE loss: 1.445204, SB loss: 0.788159
2025-03-27 11:06:46,586 Epoch: [18/20] Iter:[40/192], Time: 0.69, lr: [0.0011402615929770753], Loss: 3.481527, Acc:0.626864, Semantic loss: 1.255153, BCE loss: 1.451249, SB loss: 0.775126
2025-03-27 11:06:50,943 Epoch: [18/20] Iter:[50/192], Time: 0.64, lr: [0.0011103853371305413], Loss: 3.455052, Acc:0.627041, Semantic loss: 1.249715, BCE loss: 1.434577, SB loss: 0.770760
2025-03-27 11:06:55,469 Epoch: [18/20] Iter:[60/192], Time: 0.61, lr: [0.001080419483295973], Loss: 3.428142, Acc:0.629999, Semantic loss: 1.244854, BCE loss: 1.416984, SB loss: 0.766304
2025-03-27 11:06:59,817 Epoch: [18/20] Iter:[70/192], Time: 0.58, lr: [0.0010503609839122385], Loss: 3.448784, Acc:0.631927, Semantic loss: 1.244680, BCE loss: 1.440578, SB loss: 0.763526
2025-03-27 11:07:04,339 Epoch: [18/20] Iter:[80/192], Time: 0.57, lr: [0.0010202065871765603], Loss: 3.474439, Acc:0.623345, Semantic loss: 1.259914, BCE loss: 1.445918, SB loss: 0.768607
2025-03-27 11:07:08,730 Epoch: [18/20] Iter:[90/192], Time: 0.55, lr: [0.000989952816168914], Loss: 3.475466, Acc:0.623372, Semantic loss: 1.257844, BCE loss: 1.449046, SB loss: 0.768575
2025-03-27 11:07:13,224 Epoch: [18/20] Iter:[100/192], Time: 0.54, lr: [0.0009595959450576828], Loss: 3.469970, Acc:0.622740, Semantic loss: 1.253947, BCE loss: 1.447358, SB loss: 0.768665
2025-03-27 11:07:17,630 Epoch: [18/20] Iter:[110/192], Time: 0.53, lr: [0.000929131971860904], Loss: 3.446334, Acc:0.621601, Semantic loss: 1.247676, BCE loss: 1.430140, SB loss: 0.768518
2025-03-27 11:07:22,089 Epoch: [18/20] Iter:[120/192], Time: 0.53, lr: [0.0008985565871200918], Loss: 3.446863, Acc:0.621689, Semantic loss: 1.246539, BCE loss: 1.433907, SB loss: 0.766417
2025-03-27 11:07:26,468 Epoch: [18/20] Iter:[130/192], Time: 0.52, lr: [0.0008678651376944955], Loss: 3.457780, Acc:0.622971, Semantic loss: 1.247541, BCE loss: 1.445520, SB loss: 0.764719
2025-03-27 11:07:30,899 Epoch: [18/20] Iter:[140/192], Time: 0.51, lr: [0.000837052584692747], Loss: 3.469371, Acc:0.622959, Semantic loss: 1.248139, BCE loss: 1.454260, SB loss: 0.766972
2025-03-27 11:07:35,300 Epoch: [18/20] Iter:[150/192], Time: 0.51, lr: [0.000806113454312208], Loss: 3.465400, Acc:0.621784, Semantic loss: 1.250702, BCE loss: 1.447082, SB loss: 0.767616
2025-03-27 11:07:39,832 Epoch: [18/20] Iter:[160/192], Time: 0.51, lr: [0.0007750417800344363], Loss: 3.461935, Acc:0.620963, Semantic loss: 1.251276, BCE loss: 1.443400, SB loss: 0.767260
2025-03-27 11:07:44,231 Epoch: [18/20] Iter:[170/192], Time: 0.50, lr: [0.0007438310342008949], Loss: 3.470255, Acc:0.618255, Semantic loss: 1.257887, BCE loss: 1.441641, SB loss: 0.770727
2025-03-27 11:07:48,701 Epoch: [18/20] Iter:[180/192], Time: 0.50, lr: [0.0007124740464272778], Loss: 3.468347, Acc:0.617921, Semantic loss: 1.257850, BCE loss: 1.442297, SB loss: 0.768200
2025-03-27 11:07:53,037 Epoch: [18/20] Iter:[190/192], Time: 0.50, lr: [0.0006809629055511224], Loss: 3.473686, Acc:0.617092, Semantic loss: 1.259482, BCE loss: 1.444762, SB loss: 0.769442
2025-03-27 11:09:54,384 0 [0.         0.61172268 0.33016213 0.28523709 0.21256174 0.17472588
 0.10801227] 0.2460602572541102
2025-03-27 11:09:54,385 1 [0.         0.60479065 0.41817129 0.35098551 0.31164972 0.08786651
 0.06571014] 0.2627391168931447
2025-03-27 11:09:54,392 => saving checkpoint to output\loveda\pidnet_small_loveda\aug_gb_mcheckpoint.pth.tar
2025-03-27 11:09:54,535 Loss: 3.626, MeanIU:  0.2627, Best_mIoU:  0.2729
2025-03-27 11:09:54,535 [0.         0.60479065 0.41817129 0.35098551 0.31164972 0.08786651
 0.06571014]
2025-03-27 11:10:05,456 Epoch: [19/20] Iter:[0/192], Time: 10.74, lr: [0.0006746414238367822], Loss: 3.734283, Acc:0.590070, Semantic loss: 1.337796, BCE loss: 1.546366, SB loss: 0.850121
2025-03-27 11:10:09,637 Epoch: [19/20] Iter:[10/192], Time: 1.36, lr: [0.0006429336362339898], Loss: 3.467730, Acc:0.604886, Semantic loss: 1.267410, BCE loss: 1.428585, SB loss: 0.771735
2025-03-27 11:10:14,006 Epoch: [19/20] Iter:[20/192], Time: 0.92, lr: [0.0006110510578510947], Loss: 3.407297, Acc:0.610201, Semantic loss: 1.240237, BCE loss: 1.369150, SB loss: 0.797909
2025-03-27 11:10:18,420 Epoch: [19/20] Iter:[30/192], Time: 0.76, lr: [0.0005789824653018995], Loss: 3.433167, Acc:0.615668, Semantic loss: 1.268046, BCE loss: 1.373047, SB loss: 0.792074
2025-03-27 11:10:22,899 Epoch: [19/20] Iter:[40/192], Time: 0.69, lr: [0.0005467151732202777], Loss: 3.486903, Acc:0.611522, Semantic loss: 1.278520, BCE loss: 1.423476, SB loss: 0.784908
2025-03-27 11:10:27,350 Epoch: [19/20] Iter:[50/192], Time: 0.64, lr: [0.0005142347343351296], Loss: 3.502540, Acc:0.610743, Semantic loss: 1.287602, BCE loss: 1.429470, SB loss: 0.785468
2025-03-27 11:10:31,739 Epoch: [19/20] Iter:[60/192], Time: 0.61, lr: [0.0004815245523312483], Loss: 3.466837, Acc:0.614416, Semantic loss: 1.275302, BCE loss: 1.417779, SB loss: 0.773756
2025-03-27 11:10:36,163 Epoch: [19/20] Iter:[70/192], Time: 0.58, lr: [0.000448565373510549], Loss: 3.466055, Acc:0.614899, Semantic loss: 1.275256, BCE loss: 1.414854, SB loss: 0.775945
2025-03-27 11:10:40,693 Epoch: [19/20] Iter:[80/192], Time: 0.57, lr: [0.00041533460609889997], Loss: 3.487138, Acc:0.614430, Semantic loss: 1.280424, BCE loss: 1.433439, SB loss: 0.773276
2025-03-27 11:10:45,095 Epoch: [19/20] Iter:[90/192], Time: 0.55, lr: [0.00038180538785330436], Loss: 3.474363, Acc:0.615928, Semantic loss: 1.276515, BCE loss: 1.425615, SB loss: 0.772233
2025-03-27 11:10:49,593 Epoch: [19/20] Iter:[100/192], Time: 0.54, lr: [0.00034794527452517863], Loss: 3.459447, Acc:0.614926, Semantic loss: 1.272314, BCE loss: 1.419978, SB loss: 0.767155
2025-03-27 11:10:54,026 Epoch: [19/20] Iter:[110/192], Time: 0.53, lr: [0.00031371433588231993], Loss: 3.451316, Acc:0.616220, Semantic loss: 1.270145, BCE loss: 1.415273, SB loss: 0.765897
2025-03-27 11:10:58,598 Epoch: [19/20] Iter:[120/192], Time: 0.53, lr: [0.0002790622842837163], Loss: 3.447520, Acc:0.619154, Semantic loss: 1.264974, BCE loss: 1.418851, SB loss: 0.763695
2025-03-27 11:11:03,053 Epoch: [19/20] Iter:[130/192], Time: 0.52, lr: [0.0002439239356353784], Loss: 3.446500, Acc:0.619142, Semantic loss: 1.263218, BCE loss: 1.422205, SB loss: 0.761077
2025-03-27 11:11:07,461 Epoch: [19/20] Iter:[140/192], Time: 0.52, lr: [0.00020821159321002047], Loss: 3.452476, Acc:0.619184, Semantic loss: 1.260777, BCE loss: 1.431367, SB loss: 0.760333
2025-03-27 11:11:11,802 Epoch: [19/20] Iter:[150/192], Time: 0.51, lr: [0.00017180122628828942], Loss: 3.466934, Acc:0.618966, Semantic loss: 1.262121, BCE loss: 1.443432, SB loss: 0.761381
2025-03-27 11:11:16,350 Epoch: [19/20] Iter:[160/192], Time: 0.51, lr: [0.00013450451987183818], Loss: 3.463755, Acc:0.619593, Semantic loss: 1.259280, BCE loss: 1.444945, SB loss: 0.759530
2025-03-27 11:11:20,731 Epoch: [19/20] Iter:[170/192], Time: 0.50, lr: [9.600244875192536e-05], Loss: 3.466910, Acc:0.619532, Semantic loss: 1.258005, BCE loss: 1.450098, SB loss: 0.758807
2025-03-27 11:11:25,252 Epoch: [19/20] Iter:[180/192], Time: 0.50, lr: [5.563716848048335e-05], Loss: 3.472400, Acc:0.620707, Semantic loss: 1.258612, BCE loss: 1.455223, SB loss: 0.758566
2025-03-27 11:11:29,562 Epoch: [19/20] Iter:[190/192], Time: 0.50, lr: [1.1092486125349496e-05], Loss: 3.459814, Acc:0.620747, Semantic loss: 1.255420, BCE loss: 1.447362, SB loss: 0.757032
2025-03-27 11:13:30,896 0 [0.         0.59826877 0.35754299 0.30470376 0.24105317 0.17341733
 0.12504088] 0.2571467008151607
2025-03-27 11:13:30,896 1 [0.         0.59030404 0.45228723 0.37190243 0.32965741 0.074245
 0.08385551] 0.27175023354723654
2025-03-27 11:13:30,907 => saving checkpoint to output\loveda\pidnet_small_loveda\aug_gb_mcheckpoint.pth.tar
2025-03-27 11:13:31,045 Loss: 3.607, MeanIU:  0.2718, Best_mIoU:  0.2729
2025-03-27 11:13:31,045 [0.         0.59030404 0.45228723 0.37190243 0.32965741 0.074245
 0.08385551]
2025-03-27 11:13:31,118 Hours: 1
2025-03-27 11:13:31,119 Done
