2025-03-28 10:44:55,338 Namespace(cfg='configs/loveda/pidnet_small_loveda.yaml', seed=304, opts=[])
2025-03-28 10:44:55,338 AUTO_RESUME: False
CUDNN:
  BENCHMARK: True
  DETERMINISTIC: False
  ENABLED: True
DATASET:
  DATASET: loveda
  EXTRA_TRAIN_SET: 
  NUM_CLASSES: 7
  ROOT: data/
  TARGET_SET: 
  TEST_SET: list/loveda/urban_rural/val.lst
  TRAIN_SET: list/loveda/urban_rural/train.lst
GPUS: (0,)
LOG_DIR: log
LOSS:
  BALANCE_WEIGHTS: [0.4, 1.0]
  CLASS_BALANCE: False
  OHEMKEEP: 131072
  OHEMTHRES: 0.9
  SB_WEIGHTS: 1.0
  USE_OHEM: True
MODEL:
  ALIGN_CORNERS: True
  NAME: pidnet_small
  NUM_OUTPUTS: 2
  PRETRAINED: pretrained_models/imagenet/PIDNet_S_ImageNet.pth.tar
OUTPUT_DIR: output
PIN_MEMORY: True
PRINT_FREQ: 10
TEST:
  BASE_SIZE: 2048
  BATCH_SIZE_PER_GPU: 6
  FLIP_TEST: False
  IMAGE_SIZE: [2048, 1024]
  MODEL_FILE: output/loveda/pidnet_small_loveda/final_state.pt
  MULTI_SCALE: False
  OUTPUT_INDEX: 1
TRAIN:
  AUGMENTATION:
    ENABLE: True
    PROBABILITY: 0.5
    TECHNIQUES:
      GAUSSIAN_BLUR: True
      HORIZONTAL_FLIP: True
      MULTIPLY: True
      RANDOM_BRIGHTNESS: False
  BASE_SIZE: 2048
  BATCH_SIZE_PER_GPU: 6
  BEGIN_EPOCH: 0
  DACS:
    ENABLE: False
    THRESHOLD: 0.968
  END_EPOCH: 20
  EXTRA_EPOCH: 0
  EXTRA_LR: 0.001
  FLIP: False
  IGNORE_LABEL: 0
  IMAGE_SIZE: [1024, 1024]
  LR: 0.01
  MOMENTUM: 0.9
  MULTI_SCALE: False
  NESTEROV: False
  OPTIMIZER: sgd
  RESUME: True
  SCALE_FACTOR: 16
  SHUFFLE: True
  WD: 0.0005
WORKERS: 4
2025-03-28 10:44:55,443 Attention!!!
2025-03-28 10:44:55,443 Loaded 302 parameters!
2025-03-28 10:44:55,443 Over!!!
2025-03-28 10:45:08,949 Epoch: [0/20] Iter:[0/192], Time: 13.39, lr: [0.01], Loss: 16.452400, Acc:0.139461, Semantic loss: 7.010793, BCE loss: 3.814123, SB loss: 5.627485
2025-03-28 10:45:12,956 Epoch: [0/20] Iter:[10/192], Time: 1.56, lr: [0.009976559445324192], Loss: 12.379925, Acc:0.272422, Semantic loss: 5.503788, BCE loss: 2.747370, SB loss: 4.128767
2025-03-28 10:45:16,893 Epoch: [0/20] Iter:[20/192], Time: 1.01, lr: [0.009953112769592761], Loss: 10.081570, Acc:0.328693, Semantic loss: 4.460220, BCE loss: 2.417657, SB loss: 3.203693
2025-03-28 10:45:20,798 Epoch: [0/20] Iter:[30/192], Time: 0.81, lr: [0.009929659955177281], Loss: 8.721870, Acc:0.364858, Semantic loss: 3.817104, BCE loss: 2.220046, SB loss: 2.684719
2025-03-28 10:45:24,673 Epoch: [0/20] Iter:[40/192], Time: 0.71, lr: [0.009906200984352154], Loss: 7.942541, Acc:0.379899, Semantic loss: 3.462503, BCE loss: 2.079545, SB loss: 2.400492
2025-03-28 10:45:28,567 Epoch: [0/20] Iter:[50/192], Time: 0.64, lr: [0.009882735839293803], Loss: 7.330632, Acc:0.409820, Semantic loss: 3.168882, BCE loss: 1.979709, SB loss: 2.182041
2025-03-28 10:45:32,452 Epoch: [0/20] Iter:[60/192], Time: 0.60, lr: [0.00985926450207989], Loss: 7.010284, Acc:0.414479, Semantic loss: 3.018565, BCE loss: 1.922430, SB loss: 2.069289
2025-03-28 10:45:36,323 Epoch: [0/20] Iter:[70/192], Time: 0.57, lr: [0.009835786954688485], Loss: 6.709518, Acc:0.416086, Semantic loss: 2.883649, BCE loss: 1.879284, SB loss: 1.946585
2025-03-28 10:45:40,219 Epoch: [0/20] Iter:[80/192], Time: 0.55, lr: [0.00981230317899726], Loss: 6.474613, Acc:0.421037, Semantic loss: 2.770116, BCE loss: 1.842989, SB loss: 1.861508
2025-03-28 10:45:44,124 Epoch: [0/20] Iter:[90/192], Time: 0.53, lr: [0.009788813156782662], Loss: 6.507577, Acc:0.423824, Semantic loss: 2.731469, BCE loss: 1.828957, SB loss: 1.947152
2025-03-28 10:45:48,011 Epoch: [0/20] Iter:[100/192], Time: 0.52, lr: [0.009765316869719067], Loss: 6.389889, Acc:0.422741, Semantic loss: 2.701752, BCE loss: 1.808207, SB loss: 1.879929
2025-03-28 10:45:51,900 Epoch: [0/20] Iter:[110/192], Time: 0.51, lr: [0.009741814299377942], Loss: 6.266753, Acc:0.420950, Semantic loss: 2.660615, BCE loss: 1.784245, SB loss: 1.821893
2025-03-28 10:45:55,801 Epoch: [0/20] Iter:[120/192], Time: 0.50, lr: [0.009718305427226986], Loss: 6.135422, Acc:0.425440, Semantic loss: 2.597202, BCE loss: 1.775067, SB loss: 1.763152
2025-03-28 10:45:59,706 Epoch: [0/20] Iter:[130/192], Time: 0.49, lr: [0.009694790234629266], Loss: 6.013916, Acc:0.429078, Semantic loss: 2.536257, BCE loss: 1.761333, SB loss: 1.716326
2025-03-28 10:46:03,604 Epoch: [0/20] Iter:[140/192], Time: 0.48, lr: [0.009671268702842338], Loss: 5.919638, Acc:0.430695, Semantic loss: 2.494619, BCE loss: 1.742696, SB loss: 1.682322
2025-03-28 10:46:07,483 Epoch: [0/20] Iter:[150/192], Time: 0.48, lr: [0.009647740813017376], Loss: 5.835966, Acc:0.430259, Semantic loss: 2.462242, BCE loss: 1.729168, SB loss: 1.644556
2025-03-28 10:46:11,388 Epoch: [0/20] Iter:[160/192], Time: 0.47, lr: [0.009624206546198262], Loss: 5.889947, Acc:0.435568, Semantic loss: 2.426154, BCE loss: 1.730254, SB loss: 1.733540
2025-03-28 10:46:15,277 Epoch: [0/20] Iter:[170/192], Time: 0.47, lr: [0.009600665883320689], Loss: 5.829675, Acc:0.437251, Semantic loss: 2.409659, BCE loss: 1.727452, SB loss: 1.692564
2025-03-28 10:46:19,162 Epoch: [0/20] Iter:[180/192], Time: 0.46, lr: [0.009577118805211254], Loss: 5.777567, Acc:0.439910, Semantic loss: 2.394201, BCE loss: 1.723063, SB loss: 1.660303
2025-03-28 10:46:23,024 Epoch: [0/20] Iter:[190/192], Time: 0.46, lr: [0.009553565292586523], Loss: 5.708247, Acc:0.442863, Semantic loss: 2.366374, BCE loss: 1.717986, SB loss: 1.623887
2025-03-28 10:47:56,811 0 [0.00000000e+00 5.56603646e-01 1.39896997e-01 3.72024146e-03
 3.78449909e-05 4.62060777e-02 7.00929658e-03] 0.10763915768993167
2025-03-28 10:47:56,811 1 [0.         0.59475126 0.14688155 0.         0.         0.
 0.        ] 0.10594754353462757
2025-03-28 10:47:56,817 => saving checkpoint to output\loveda\pidnet_small_loveda\aug_hf_gb_mcheckpoint.pth.tar
2025-03-28 10:47:56,932 Loss: 4.308, MeanIU:  0.1059, Best_mIoU:  0.1059
2025-03-28 10:47:56,932 [0.         0.59475126 0.14688155 0.         0.         0.
 0.        ]
2025-03-28 10:48:07,108 Epoch: [1/20] Iter:[0/192], Time: 9.98, lr: [0.009548853816214998], Loss: 4.647099, Acc:0.386224, Semantic loss: 2.123967, BCE loss: 1.508017, SB loss: 1.015115
2025-03-28 10:48:11,039 Epoch: [1/20] Iter:[10/192], Time: 1.26, lr: [0.009525292556561479], Loss: 4.580492, Acc:0.474466, Semantic loss: 1.918095, BCE loss: 1.557591, SB loss: 1.104807
2025-03-28 10:48:14,915 Epoch: [1/20] Iter:[20/192], Time: 0.85, lr: [0.00950172481957719], Loss: 4.526256, Acc:0.478646, Semantic loss: 1.892065, BCE loss: 1.569183, SB loss: 1.065008
2025-03-28 10:48:18,797 Epoch: [1/20] Iter:[30/192], Time: 0.70, lr: [0.009478150585620286], Loss: 4.575374, Acc:0.477108, Semantic loss: 1.905846, BCE loss: 1.543989, SB loss: 1.125540
2025-03-28 10:48:22,696 Epoch: [1/20] Iter:[40/192], Time: 0.62, lr: [0.009454569834934885], Loss: 4.609077, Acc:0.472456, Semantic loss: 1.905975, BCE loss: 1.559441, SB loss: 1.143661
2025-03-28 10:48:26,575 Epoch: [1/20] Iter:[50/192], Time: 0.58, lr: [0.009430982547650114], Loss: 4.607073, Acc:0.472234, Semantic loss: 1.899678, BCE loss: 1.582055, SB loss: 1.125340
2025-03-28 10:48:30,463 Epoch: [1/20] Iter:[60/192], Time: 0.55, lr: [0.009407388703779091], Loss: 4.585400, Acc:0.471851, Semantic loss: 1.887620, BCE loss: 1.596459, SB loss: 1.101321
2025-03-28 10:48:34,358 Epoch: [1/20] Iter:[70/192], Time: 0.52, lr: [0.009383788283217955], Loss: 4.530757, Acc:0.477147, Semantic loss: 1.856512, BCE loss: 1.602894, SB loss: 1.071351
2025-03-28 10:48:38,228 Epoch: [1/20] Iter:[80/192], Time: 0.51, lr: [0.00936018126574482], Loss: 4.537064, Acc:0.470031, Semantic loss: 1.868619, BCE loss: 1.595566, SB loss: 1.072878
2025-03-28 10:48:42,130 Epoch: [1/20] Iter:[90/192], Time: 0.49, lr: [0.009336567631018769], Loss: 4.541430, Acc:0.473221, Semantic loss: 1.856771, BCE loss: 1.612847, SB loss: 1.071813
2025-03-28 10:48:46,031 Epoch: [1/20] Iter:[100/192], Time: 0.48, lr: [0.009312947358578814], Loss: 4.541034, Acc:0.473243, Semantic loss: 1.857986, BCE loss: 1.624784, SB loss: 1.058264
2025-03-28 10:48:49,911 Epoch: [1/20] Iter:[110/192], Time: 0.48, lr: [0.009289320427842841], Loss: 4.504561, Acc:0.473603, Semantic loss: 1.851734, BCE loss: 1.605408, SB loss: 1.047419
2025-03-28 10:48:53,792 Epoch: [1/20] Iter:[120/192], Time: 0.47, lr: [0.009265686818106552], Loss: 4.471996, Acc:0.474822, Semantic loss: 1.840702, BCE loss: 1.594298, SB loss: 1.036996
2025-03-28 10:48:57,715 Epoch: [1/20] Iter:[130/192], Time: 0.46, lr: [0.009242046508542393], Loss: 4.462367, Acc:0.477202, Semantic loss: 1.835146, BCE loss: 1.596095, SB loss: 1.031125
2025-03-28 10:49:01,665 Epoch: [1/20] Iter:[140/192], Time: 0.46, lr: [0.009218399478198466], Loss: 4.450178, Acc:0.476363, Semantic loss: 1.826949, BCE loss: 1.589498, SB loss: 1.033731
2025-03-28 10:49:05,556 Epoch: [1/20] Iter:[150/192], Time: 0.45, lr: [0.009194745705997428], Loss: 4.437656, Acc:0.474147, Semantic loss: 1.827991, BCE loss: 1.582435, SB loss: 1.027229
2025-03-28 10:49:09,431 Epoch: [1/20] Iter:[160/192], Time: 0.45, lr: [0.00917108517073538], Loss: 4.431836, Acc:0.473955, Semantic loss: 1.825426, BCE loss: 1.583063, SB loss: 1.023348
2025-03-28 10:49:13,322 Epoch: [1/20] Iter:[170/192], Time: 0.45, lr: [0.00914741785108075], Loss: 4.430918, Acc:0.475002, Semantic loss: 1.822883, BCE loss: 1.582080, SB loss: 1.025955
2025-03-28 10:49:17,197 Epoch: [1/20] Iter:[180/192], Time: 0.44, lr: [0.00912374372557314], Loss: 4.430084, Acc:0.474684, Semantic loss: 1.821764, BCE loss: 1.579785, SB loss: 1.028535
2025-03-28 10:49:21,059 Epoch: [1/20] Iter:[190/192], Time: 0.44, lr: [0.009100062772622186], Loss: 4.424565, Acc:0.474662, Semantic loss: 1.818396, BCE loss: 1.578535, SB loss: 1.027635
2025-03-28 10:50:54,250 0 [0.         0.49538694 0.13355849 0.01279366 0.06346406 0.03678281
 0.01527496] 0.10818013018609188
2025-03-28 10:50:54,251 1 [0.00000000e+00 5.01455192e-01 1.21736590e-01 2.32748716e-04
 6.29097524e-04 1.57250356e-02 3.20656268e-05] 0.09140153275584285
2025-03-28 10:50:54,256 => saving checkpoint to output\loveda\pidnet_small_loveda\aug_hf_gb_mcheckpoint.pth.tar
2025-03-28 10:50:54,334 Loss: 4.396, MeanIU:  0.0914, Best_mIoU:  0.1059
2025-03-28 10:50:54,334 [0.00000000e+00 5.01455192e-01 1.21736590e-01 2.32748716e-04
 6.29097524e-04 1.57250356e-02 3.20656268e-05]
2025-03-28 10:51:04,599 Epoch: [2/20] Iter:[0/192], Time: 10.07, lr: [0.009095325760829623], Loss: 4.075799, Acc:0.429180, Semantic loss: 2.066969, BCE loss: 1.105711, SB loss: 0.903119
2025-03-28 10:51:08,476 Epoch: [2/20] Iter:[10/192], Time: 1.27, lr: [0.009071636586262652], Loss: 4.341263, Acc:0.474213, Semantic loss: 1.831894, BCE loss: 1.593877, SB loss: 0.915492
2025-03-28 10:51:12,359 Epoch: [2/20] Iter:[20/192], Time: 0.85, lr: [0.009047940536290279], Loss: 4.309407, Acc:0.465563, Semantic loss: 1.807773, BCE loss: 1.575815, SB loss: 0.925819
2025-03-28 10:51:16,255 Epoch: [2/20] Iter:[30/192], Time: 0.70, lr: [0.009024237588898336], Loss: 4.234965, Acc:0.476739, Semantic loss: 1.781171, BCE loss: 1.521515, SB loss: 0.932278
2025-03-28 10:51:20,116 Epoch: [2/20] Iter:[40/192], Time: 0.62, lr: [0.009000527721937697], Loss: 4.271363, Acc:0.459046, Semantic loss: 1.804061, BCE loss: 1.514870, SB loss: 0.952432
2025-03-28 10:51:23,991 Epoch: [2/20] Iter:[50/192], Time: 0.58, lr: [0.008976810913123051], Loss: 4.281203, Acc:0.458337, Semantic loss: 1.799349, BCE loss: 1.529435, SB loss: 0.952419
2025-03-28 10:51:27,882 Epoch: [2/20] Iter:[60/192], Time: 0.55, lr: [0.008953087140031669], Loss: 4.297253, Acc:0.454397, Semantic loss: 1.809864, BCE loss: 1.514430, SB loss: 0.972959
2025-03-28 10:51:31,779 Epoch: [2/20] Iter:[70/192], Time: 0.52, lr: [0.008929356380102142], Loss: 4.281869, Acc:0.458927, Semantic loss: 1.792336, BCE loss: 1.520394, SB loss: 0.969139
2025-03-28 10:51:35,673 Epoch: [2/20] Iter:[80/192], Time: 0.51, lr: [0.008905618610633112], Loss: 4.299394, Acc:0.467472, Semantic loss: 1.782167, BCE loss: 1.538416, SB loss: 0.978811
2025-03-28 10:51:39,578 Epoch: [2/20] Iter:[90/192], Time: 0.50, lr: [0.008881873808781991], Loss: 4.284417, Acc:0.472736, Semantic loss: 1.770212, BCE loss: 1.542559, SB loss: 0.971647
2025-03-28 10:51:43,484 Epoch: [2/20] Iter:[100/192], Time: 0.48, lr: [0.008858121951563658], Loss: 4.290714, Acc:0.471645, Semantic loss: 1.774385, BCE loss: 1.530830, SB loss: 0.985499
2025-03-28 10:51:47,381 Epoch: [2/20] Iter:[110/192], Time: 0.48, lr: [0.008834363015849136], Loss: 4.262743, Acc:0.476376, Semantic loss: 1.763085, BCE loss: 1.528560, SB loss: 0.971098
2025-03-28 10:51:51,302 Epoch: [2/20] Iter:[120/192], Time: 0.47, lr: [0.008810596978364274], Loss: 4.284136, Acc:0.477914, Semantic loss: 1.767420, BCE loss: 1.539159, SB loss: 0.977557
2025-03-28 10:51:55,198 Epoch: [2/20] Iter:[130/192], Time: 0.46, lr: [0.008786823815688379], Loss: 4.286915, Acc:0.478809, Semantic loss: 1.768431, BCE loss: 1.539185, SB loss: 0.979299
2025-03-28 10:51:59,104 Epoch: [2/20] Iter:[140/192], Time: 0.46, lr: [0.008763043504252865], Loss: 4.284218, Acc:0.482039, Semantic loss: 1.761429, BCE loss: 1.546803, SB loss: 0.975986
2025-03-28 10:52:02,983 Epoch: [2/20] Iter:[150/192], Time: 0.45, lr: [0.008739256020339866], Loss: 4.285932, Acc:0.481019, Semantic loss: 1.763141, BCE loss: 1.541472, SB loss: 0.981319
2025-03-28 10:52:06,873 Epoch: [2/20] Iter:[160/192], Time: 0.45, lr: [0.00871546134008083], Loss: 4.282301, Acc:0.480037, Semantic loss: 1.760513, BCE loss: 1.543959, SB loss: 0.977829
2025-03-28 10:52:10,763 Epoch: [2/20] Iter:[170/192], Time: 0.45, lr: [0.008691659439455107], Loss: 4.295764, Acc:0.480056, Semantic loss: 1.762217, BCE loss: 1.551367, SB loss: 0.982180
2025-03-28 10:52:14,659 Epoch: [2/20] Iter:[180/192], Time: 0.44, lr: [0.008667850294288517], Loss: 4.295569, Acc:0.479764, Semantic loss: 1.760449, BCE loss: 1.555545, SB loss: 0.979575
2025-03-28 10:52:18,531 Epoch: [2/20] Iter:[190/192], Time: 0.44, lr: [0.008644033880251888], Loss: 4.305944, Acc:0.480101, Semantic loss: 1.763225, BCE loss: 1.555551, SB loss: 0.987168
2025-03-28 10:53:51,466 0 [0.         0.54218373 0.11798104 0.01766676 0.00077071 0.00448316
 0.01407211] 0.09959392929027733
2025-03-28 10:53:51,466 1 [0.00000000e+00 5.11154920e-01 9.21934494e-02 2.41764424e-02
 3.43770725e-06 8.10806432e-03 2.47228520e-03] 0.09115837127427302
2025-03-28 10:53:51,472 => saving checkpoint to output\loveda\pidnet_small_loveda\aug_hf_gb_mcheckpoint.pth.tar
2025-03-28 10:53:51,550 Loss: 4.261, MeanIU:  0.0912, Best_mIoU:  0.1059
2025-03-28 10:53:51,550 [0.00000000e+00 5.11154920e-01 9.21934494e-02 2.41764424e-02
 3.43770725e-06 8.10806432e-03 2.47228520e-03]
2025-03-28 10:54:01,747 Epoch: [3/20] Iter:[0/192], Time: 10.00, lr: [0.008639269723028191], Loss: 4.608999, Acc:0.434365, Semantic loss: 2.294867, BCE loss: 1.357559, SB loss: 0.956573
2025-03-28 10:54:05,620 Epoch: [3/20] Iter:[10/192], Time: 1.26, lr: [0.008615444554012613], Loss: 4.232731, Acc:0.480424, Semantic loss: 1.772234, BCE loss: 1.540204, SB loss: 0.920293
2025-03-28 10:54:09,507 Epoch: [3/20] Iter:[20/192], Time: 0.85, lr: [0.008591612062049989], Loss: 4.212673, Acc:0.500939, Semantic loss: 1.747400, BCE loss: 1.498641, SB loss: 0.966632
2025-03-28 10:54:13,376 Epoch: [3/20] Iter:[30/192], Time: 0.70, lr: [0.008567772222305215], Loss: 4.166847, Acc:0.503445, Semantic loss: 1.704811, BCE loss: 1.536493, SB loss: 0.925543
2025-03-28 10:54:17,258 Epoch: [3/20] Iter:[40/192], Time: 0.62, lr: [0.008543925009781886], Loss: 4.174720, Acc:0.499624, Semantic loss: 1.701433, BCE loss: 1.522541, SB loss: 0.950746
2025-03-28 10:54:21,136 Epoch: [3/20] Iter:[50/192], Time: 0.58, lr: [0.00852007039932076], Loss: 4.191445, Acc:0.488717, Semantic loss: 1.720713, BCE loss: 1.510442, SB loss: 0.960290
2025-03-28 10:54:25,027 Epoch: [3/20] Iter:[60/192], Time: 0.55, lr: [0.00849620836559818], Loss: 4.222004, Acc:0.475369, Semantic loss: 1.753689, BCE loss: 1.487473, SB loss: 0.980842
2025-03-28 10:54:28,929 Epoch: [3/20] Iter:[70/192], Time: 0.52, lr: [0.008472338883124477], Loss: 4.253038, Acc:0.479573, Semantic loss: 1.759381, BCE loss: 1.513231, SB loss: 0.980426
2025-03-28 10:54:32,837 Epoch: [3/20] Iter:[80/192], Time: 0.51, lr: [0.008448461926242374], Loss: 4.266274, Acc:0.479123, Semantic loss: 1.770362, BCE loss: 1.504411, SB loss: 0.991501
2025-03-28 10:54:36,719 Epoch: [3/20] Iter:[90/192], Time: 0.49, lr: [0.008424577469125337], Loss: 4.269891, Acc:0.479620, Semantic loss: 1.763938, BCE loss: 1.519093, SB loss: 0.986860
2025-03-28 10:54:40,623 Epoch: [3/20] Iter:[100/192], Time: 0.48, lr: [0.008400685485775935], Loss: 4.281482, Acc:0.482394, Semantic loss: 1.759454, BCE loss: 1.531860, SB loss: 0.990168
2025-03-28 10:54:44,503 Epoch: [3/20] Iter:[110/192], Time: 0.48, lr: [0.008376785950024154], Loss: 4.270808, Acc:0.483384, Semantic loss: 1.748629, BCE loss: 1.533612, SB loss: 0.988568
2025-03-28 10:54:48,396 Epoch: [3/20] Iter:[120/192], Time: 0.47, lr: [0.00835287883552571], Loss: 4.286389, Acc:0.484623, Semantic loss: 1.742534, BCE loss: 1.555012, SB loss: 0.988843
2025-03-28 10:54:52,276 Epoch: [3/20] Iter:[130/192], Time: 0.46, lr: [0.008328964115760324], Loss: 4.282087, Acc:0.483507, Semantic loss: 1.739521, BCE loss: 1.547992, SB loss: 0.994574
2025-03-28 10:54:56,157 Epoch: [3/20] Iter:[140/192], Time: 0.46, lr: [0.008305041764029988], Loss: 4.282776, Acc:0.482089, Semantic loss: 1.740411, BCE loss: 1.544494, SB loss: 0.997871
2025-03-28 10:55:00,037 Epoch: [3/20] Iter:[150/192], Time: 0.45, lr: [0.008281111753457188], Loss: 4.279295, Acc:0.480998, Semantic loss: 1.742173, BCE loss: 1.536598, SB loss: 1.000523
2025-03-28 10:55:03,920 Epoch: [3/20] Iter:[160/192], Time: 0.45, lr: [0.008257174056983133], Loss: 4.290503, Acc:0.481714, Semantic loss: 1.739123, BCE loss: 1.546525, SB loss: 1.004855
2025-03-28 10:55:07,807 Epoch: [3/20] Iter:[170/192], Time: 0.44, lr: [0.00823322864736593], Loss: 4.283686, Acc:0.482073, Semantic loss: 1.731132, BCE loss: 1.552301, SB loss: 1.000253
2025-03-28 10:55:11,701 Epoch: [3/20] Iter:[180/192], Time: 0.44, lr: [0.008209275497178764], Loss: 4.267971, Acc:0.483992, Semantic loss: 1.726341, BCE loss: 1.546606, SB loss: 0.995023
2025-03-28 10:55:15,586 Epoch: [3/20] Iter:[190/192], Time: 0.44, lr: [0.008185314578808021], Loss: 4.259049, Acc:0.485463, Semantic loss: 1.721890, BCE loss: 1.542905, SB loss: 0.994253
2025-03-28 10:56:48,587 0 [0.         0.55870198 0.16739361 0.0327661  0.0011547  0.0006204
 0.01035249] 0.11014132622271162
2025-03-28 10:56:48,587 1 [0.         0.53219503 0.17550583 0.04829932 0.03101518 0.02156027
 0.01406781] 0.11752049128406157
2025-03-28 10:56:48,593 => saving checkpoint to output\loveda\pidnet_small_loveda\aug_hf_gb_mcheckpoint.pth.tar
2025-03-28 10:56:48,718 Loss: 3.973, MeanIU:  0.1175, Best_mIoU:  0.1175
2025-03-28 10:56:48,718 [0.         0.53219503 0.17550583 0.04829932 0.03101518 0.02156027
 0.01406781]
2025-03-28 10:56:58,871 Epoch: [4/20] Iter:[0/192], Time: 9.96, lr: [0.008180521460508584], Loss: 4.347887, Acc:0.492995, Semantic loss: 1.682825, BCE loss: 1.702652, SB loss: 0.962409
2025-03-28 10:57:02,760 Epoch: [4/20] Iter:[10/192], Time: 1.26, lr: [0.008156551183601795], Loss: 4.167923, Acc:0.493339, Semantic loss: 1.650263, BCE loss: 1.548598, SB loss: 0.969061
2025-03-28 10:57:06,639 Epoch: [4/20] Iter:[20/192], Time: 0.84, lr: [0.008132573077094668], Loss: 4.116360, Acc:0.484199, Semantic loss: 1.662353, BCE loss: 1.486738, SB loss: 0.967269
2025-03-28 10:57:10,518 Epoch: [4/20] Iter:[30/192], Time: 0.70, lr: [0.008108587112763079], Loss: 4.119950, Acc:0.486924, Semantic loss: 1.662206, BCE loss: 1.499397, SB loss: 0.958346
2025-03-28 10:57:14,416 Epoch: [4/20] Iter:[40/192], Time: 0.62, lr: [0.008084593262188028], Loss: 4.166632, Acc:0.493601, Semantic loss: 1.665578, BCE loss: 1.528607, SB loss: 0.972446
2025-03-28 10:57:18,287 Epoch: [4/20] Iter:[50/192], Time: 0.58, lr: [0.008060591496753653], Loss: 4.160173, Acc:0.494364, Semantic loss: 1.668619, BCE loss: 1.514907, SB loss: 0.976648
2025-03-28 10:57:22,179 Epoch: [4/20] Iter:[60/192], Time: 0.55, lr: [0.008036581787645204], Loss: 4.198647, Acc:0.490793, Semantic loss: 1.672672, BCE loss: 1.543823, SB loss: 0.982153
2025-03-28 10:57:26,044 Epoch: [4/20] Iter:[70/192], Time: 0.52, lr: [0.008012564105846994], Loss: 4.176587, Acc:0.488203, Semantic loss: 1.673338, BCE loss: 1.515680, SB loss: 0.987569
2025-03-28 10:57:29,948 Epoch: [4/20] Iter:[80/192], Time: 0.51, lr: [0.007988538422140333], Loss: 4.169220, Acc:0.491335, Semantic loss: 1.671953, BCE loss: 1.508531, SB loss: 0.988736
2025-03-28 10:57:33,832 Epoch: [4/20] Iter:[90/192], Time: 0.49, lr: [0.007964504707101411], Loss: 4.168993, Acc:0.490228, Semantic loss: 1.674145, BCE loss: 1.502151, SB loss: 0.992696
2025-03-28 10:57:37,740 Epoch: [4/20] Iter:[100/192], Time: 0.48, lr: [0.007940462931099176], Loss: 4.146923, Acc:0.494810, Semantic loss: 1.667989, BCE loss: 1.494355, SB loss: 0.984578
2025-03-28 10:57:41,651 Epoch: [4/20] Iter:[110/192], Time: 0.48, lr: [0.007916413064293163], Loss: 4.131894, Acc:0.500001, Semantic loss: 1.653872, BCE loss: 1.499116, SB loss: 0.978906
2025-03-28 10:57:45,553 Epoch: [4/20] Iter:[120/192], Time: 0.47, lr: [0.007892355076631318], Loss: 4.137572, Acc:0.502257, Semantic loss: 1.649692, BCE loss: 1.511667, SB loss: 0.976213
2025-03-28 10:57:49,454 Epoch: [4/20] Iter:[130/192], Time: 0.46, lr: [0.007868288937847752], Loss: 4.147679, Acc:0.500074, Semantic loss: 1.651670, BCE loss: 1.516664, SB loss: 0.979345
2025-03-28 10:57:53,365 Epoch: [4/20] Iter:[140/192], Time: 0.46, lr: [0.007844214617460508], Loss: 4.152370, Acc:0.502584, Semantic loss: 1.644745, BCE loss: 1.528208, SB loss: 0.979417
2025-03-28 10:57:57,243 Epoch: [4/20] Iter:[150/192], Time: 0.45, lr: [0.007820132084769268], Loss: 4.157848, Acc:0.499091, Semantic loss: 1.652186, BCE loss: 1.526588, SB loss: 0.979075
2025-03-28 10:58:01,133 Epoch: [4/20] Iter:[160/192], Time: 0.45, lr: [0.00779604130885303], Loss: 4.158468, Acc:0.499520, Semantic loss: 1.651690, BCE loss: 1.529571, SB loss: 0.977207
2025-03-28 10:58:05,013 Epoch: [4/20] Iter:[170/192], Time: 0.45, lr: [0.007771942258567773], Loss: 4.161531, Acc:0.499430, Semantic loss: 1.650257, BCE loss: 1.534078, SB loss: 0.977196
2025-03-28 10:58:08,916 Epoch: [4/20] Iter:[180/192], Time: 0.44, lr: [0.007747834902544056], Loss: 4.158229, Acc:0.498784, Semantic loss: 1.651757, BCE loss: 1.530211, SB loss: 0.976262
2025-03-28 10:58:12,798 Epoch: [4/20] Iter:[190/192], Time: 0.44, lr: [0.0077237192091846206], Loss: 4.171713, Acc:0.496803, Semantic loss: 1.658281, BCE loss: 1.531646, SB loss: 0.981786
2025-03-28 10:59:45,521 0 [0.         0.54876583 0.17044566 0.0776353  0.11331654 0.01741721
 0.01355801] 0.13444836476767344
2025-03-28 10:59:45,522 1 [0.         0.59415585 0.16945657 0.21552084 0.06624215 0.03056057
 0.00636959] 0.1546150821018296
2025-03-28 10:59:45,527 => saving checkpoint to output\loveda\pidnet_small_loveda\aug_hf_gb_mcheckpoint.pth.tar
2025-03-28 10:59:45,648 Loss: 3.867, MeanIU:  0.1546, Best_mIoU:  0.1546
2025-03-28 10:59:45,648 [0.         0.59415585 0.16945657 0.21552084 0.06624215 0.03056057
 0.00636959]
2025-03-28 10:59:55,811 Epoch: [5/20] Iter:[0/192], Time: 9.97, lr: [0.007718895067235705], Loss: 3.580127, Acc:0.487555, Semantic loss: 1.451687, BCE loss: 1.303937, SB loss: 0.824502
2025-03-28 10:59:59,685 Epoch: [5/20] Iter:[10/192], Time: 1.26, lr: [0.007694769327040611], Loss: 4.127246, Acc:0.484738, Semantic loss: 1.644996, BCE loss: 1.534081, SB loss: 0.948169
2025-03-28 11:00:03,570 Epoch: [5/20] Iter:[20/192], Time: 0.84, lr: [0.00767063517918174], Loss: 4.103712, Acc:0.484656, Semantic loss: 1.679593, BCE loss: 1.458607, SB loss: 0.965512
2025-03-28 11:00:07,447 Epoch: [5/20] Iter:[30/192], Time: 0.70, lr: [0.007646492591316132], Loss: 3.993621, Acc:0.504488, Semantic loss: 1.615179, BCE loss: 1.443540, SB loss: 0.934901
2025-03-28 11:00:11,337 Epoch: [5/20] Iter:[40/192], Time: 0.62, lr: [0.007622341530862476], Loss: 4.016096, Acc:0.498219, Semantic loss: 1.634711, BCE loss: 1.448200, SB loss: 0.933185
2025-03-28 11:00:15,223 Epoch: [5/20] Iter:[50/192], Time: 0.58, lr: [0.0075981819649984985], Loss: 4.078201, Acc:0.497111, Semantic loss: 1.642890, BCE loss: 1.495450, SB loss: 0.939862
2025-03-28 11:00:19,079 Epoch: [5/20] Iter:[60/192], Time: 0.54, lr: [0.007574013860658317], Loss: 4.030017, Acc:0.501956, Semantic loss: 1.620921, BCE loss: 1.478204, SB loss: 0.930891
2025-03-28 11:00:22,945 Epoch: [5/20] Iter:[70/192], Time: 0.52, lr: [0.007549837184529776], Loss: 4.097274, Acc:0.500898, Semantic loss: 1.658103, BCE loss: 1.494320, SB loss: 0.944851
2025-03-28 11:00:26,838 Epoch: [5/20] Iter:[80/192], Time: 0.51, lr: [0.0075256519030517215], Loss: 4.123256, Acc:0.499000, Semantic loss: 1.682231, BCE loss: 1.493957, SB loss: 0.947068
2025-03-28 11:00:30,723 Epoch: [5/20] Iter:[90/192], Time: 0.49, lr: [0.007501457982411236], Loss: 4.102193, Acc:0.501551, Semantic loss: 1.672367, BCE loss: 1.481777, SB loss: 0.948049
2025-03-28 11:00:34,626 Epoch: [5/20] Iter:[100/192], Time: 0.48, lr: [0.0074772553885408604], Loss: 4.099033, Acc:0.503943, Semantic loss: 1.661876, BCE loss: 1.485005, SB loss: 0.952151
2025-03-28 11:00:38,532 Epoch: [5/20] Iter:[110/192], Time: 0.47, lr: [0.007453044087115737], Loss: 4.127191, Acc:0.501526, Semantic loss: 1.670546, BCE loss: 1.487771, SB loss: 0.968873
2025-03-28 11:00:42,424 Epoch: [5/20] Iter:[120/192], Time: 0.47, lr: [0.007428824043550734], Loss: 4.115993, Acc:0.500720, Semantic loss: 1.662728, BCE loss: 1.487842, SB loss: 0.965424
2025-03-28 11:00:46,323 Epoch: [5/20] Iter:[130/192], Time: 0.46, lr: [0.007404595222997526], Loss: 4.118021, Acc:0.499087, Semantic loss: 1.663296, BCE loss: 1.489211, SB loss: 0.965514
2025-03-28 11:00:50,249 Epoch: [5/20] Iter:[140/192], Time: 0.46, lr: [0.007380357590341623], Loss: 4.117918, Acc:0.501599, Semantic loss: 1.657283, BCE loss: 1.498229, SB loss: 0.962406
2025-03-28 11:00:54,164 Epoch: [5/20] Iter:[150/192], Time: 0.45, lr: [0.007356111110199354], Loss: 4.117985, Acc:0.501254, Semantic loss: 1.655355, BCE loss: 1.500015, SB loss: 0.962615
2025-03-28 11:00:58,032 Epoch: [5/20] Iter:[160/192], Time: 0.45, lr: [0.00733185574691482], Loss: 4.119966, Acc:0.502390, Semantic loss: 1.650025, BCE loss: 1.507764, SB loss: 0.962177
2025-03-28 11:01:01,949 Epoch: [5/20] Iter:[170/192], Time: 0.45, lr: [0.007307591464556783], Loss: 4.108302, Acc:0.504784, Semantic loss: 1.643466, BCE loss: 1.509085, SB loss: 0.955751
2025-03-28 11:01:05,844 Epoch: [5/20] Iter:[180/192], Time: 0.44, lr: [0.007283318226915514], Loss: 4.133268, Acc:0.503286, Semantic loss: 1.648522, BCE loss: 1.519704, SB loss: 0.965041
2025-03-28 11:01:09,717 Epoch: [5/20] Iter:[190/192], Time: 0.44, lr: [0.007259035997499604], Loss: 4.123863, Acc:0.504850, Semantic loss: 1.642651, BCE loss: 1.519989, SB loss: 0.961223
2025-03-28 11:02:42,654 0 [0.         0.56939763 0.18739852 0.04447081 0.11043165 0.0021373
 0.03669887] 0.13579068152863735
2025-03-28 11:02:42,654 1 [0.         0.57723647 0.14059555 0.18864166 0.14184588 0.01935909
 0.02284746] 0.15578944337495404
2025-03-28 11:02:42,659 => saving checkpoint to output\loveda\pidnet_small_loveda\aug_hf_gb_mcheckpoint.pth.tar
2025-03-28 11:02:42,784 Loss: 3.701, MeanIU:  0.1558, Best_mIoU:  0.1558
2025-03-28 11:02:42,784 [0.         0.57723647 0.14059555 0.18864166 0.14184588 0.01935909
 0.02284746]
2025-03-28 11:02:52,942 Epoch: [6/20] Iter:[0/192], Time: 9.96, lr: [0.007254178469372199], Loss: 4.289472, Acc:0.521145, Semantic loss: 1.628221, BCE loss: 1.682285, SB loss: 0.978967
2025-03-28 11:02:56,823 Epoch: [6/20] Iter:[10/192], Time: 1.26, lr: [0.007229885401256642], Loss: 3.908474, Acc:0.528449, Semantic loss: 1.549735, BCE loss: 1.422663, SB loss: 0.936075
2025-03-28 11:03:00,702 Epoch: [6/20] Iter:[20/192], Time: 0.84, lr: [0.0072055832600777334], Loss: 3.952123, Acc:0.511364, Semantic loss: 1.571712, BCE loss: 1.440491, SB loss: 0.939920
2025-03-28 11:03:04,605 Epoch: [6/20] Iter:[30/192], Time: 0.70, lr: [0.007181272008420604], Loss: 3.959030, Acc:0.515182, Semantic loss: 1.590097, BCE loss: 1.447638, SB loss: 0.921295
2025-03-28 11:03:08,489 Epoch: [6/20] Iter:[40/192], Time: 0.62, lr: [0.007156951608574727], Loss: 3.987053, Acc:0.513656, Semantic loss: 1.589164, BCE loss: 1.460596, SB loss: 0.937292
2025-03-28 11:03:12,391 Epoch: [6/20] Iter:[50/192], Time: 0.58, lr: [0.007132622022530447], Loss: 3.998013, Acc:0.509525, Semantic loss: 1.603104, BCE loss: 1.436025, SB loss: 0.958884
2025-03-28 11:03:16,302 Epoch: [6/20] Iter:[60/192], Time: 0.55, lr: [0.007108283211975477], Loss: 4.042224, Acc:0.511820, Semantic loss: 1.606869, BCE loss: 1.489623, SB loss: 0.945732
2025-03-28 11:03:20,175 Epoch: [6/20] Iter:[70/192], Time: 0.52, lr: [0.007083935138291319], Loss: 4.037305, Acc:0.509701, Semantic loss: 1.606223, BCE loss: 1.481099, SB loss: 0.949983
2025-03-28 11:03:24,064 Epoch: [6/20] Iter:[80/192], Time: 0.51, lr: [0.007059577762549636], Loss: 4.042686, Acc:0.514458, Semantic loss: 1.597018, BCE loss: 1.492113, SB loss: 0.953556
2025-03-28 11:03:27,960 Epoch: [6/20] Iter:[90/192], Time: 0.49, lr: [0.007035211045508576], Loss: 4.036448, Acc:0.518127, Semantic loss: 1.586374, BCE loss: 1.500462, SB loss: 0.949612
2025-03-28 11:03:31,859 Epoch: [6/20] Iter:[100/192], Time: 0.48, lr: [0.0070108349476090265], Loss: 4.053541, Acc:0.518585, Semantic loss: 1.584534, BCE loss: 1.516450, SB loss: 0.952557
2025-03-28 11:03:35,727 Epoch: [6/20] Iter:[110/192], Time: 0.48, lr: [0.00698644942897081], Loss: 4.044866, Acc:0.514724, Semantic loss: 1.584829, BCE loss: 1.512961, SB loss: 0.947075
2025-03-28 11:03:39,628 Epoch: [6/20] Iter:[120/192], Time: 0.47, lr: [0.006962054449388827], Loss: 4.055025, Acc:0.512680, Semantic loss: 1.589377, BCE loss: 1.516363, SB loss: 0.949284
2025-03-28 11:03:43,544 Epoch: [6/20] Iter:[130/192], Time: 0.46, lr: [0.006937649968329135], Loss: 4.066963, Acc:0.511068, Semantic loss: 1.591940, BCE loss: 1.524356, SB loss: 0.950667
2025-03-28 11:03:47,440 Epoch: [6/20] Iter:[140/192], Time: 0.46, lr: [0.006913235944924954], Loss: 4.079660, Acc:0.512099, Semantic loss: 1.589592, BCE loss: 1.536357, SB loss: 0.953712
2025-03-28 11:03:51,334 Epoch: [6/20] Iter:[150/192], Time: 0.45, lr: [0.006888812337972621], Loss: 4.079167, Acc:0.512051, Semantic loss: 1.595840, BCE loss: 1.530012, SB loss: 0.953315
2025-03-28 11:03:55,236 Epoch: [6/20] Iter:[160/192], Time: 0.45, lr: [0.00686437910592748], Loss: 4.074377, Acc:0.512633, Semantic loss: 1.601232, BCE loss: 1.524655, SB loss: 0.948490
2025-03-28 11:03:59,133 Epoch: [6/20] Iter:[170/192], Time: 0.45, lr: [0.00683993620689969], Loss: 4.075195, Acc:0.512223, Semantic loss: 1.603236, BCE loss: 1.522433, SB loss: 0.949526
2025-03-28 11:04:03,023 Epoch: [6/20] Iter:[180/192], Time: 0.44, lr: [0.0068154835986499775], Loss: 4.070419, Acc:0.513489, Semantic loss: 1.599877, BCE loss: 1.521714, SB loss: 0.948828
2025-03-28 11:04:06,908 Epoch: [6/20] Iter:[190/192], Time: 0.44, lr: [0.006791021238585323], Loss: 4.060430, Acc:0.514719, Semantic loss: 1.596193, BCE loss: 1.516352, SB loss: 0.947885
2025-03-28 11:05:39,638 0 [0.         0.53595416 0.2278915  0.14408931 0.22376861 0.00231719
 0.02295032] 0.16528158432788456
2025-03-28 11:05:39,638 1 [0.00000000e+00 5.20312483e-01 1.71332154e-01 2.12048141e-01
 2.84287591e-01 8.99314549e-05 4.00232426e-04] 0.16978150463113664
2025-03-28 11:05:39,644 => saving checkpoint to output\loveda\pidnet_small_loveda\aug_hf_gb_mcheckpoint.pth.tar
2025-03-28 11:05:39,770 Loss: 3.624, MeanIU:  0.1698, Best_mIoU:  0.1698
2025-03-28 11:05:39,770 [0.00000000e+00 5.20312483e-01 1.71332154e-01 2.12048141e-01
 2.84287591e-01 8.99314549e-05 4.00232426e-04]
2025-03-28 11:05:49,869 Epoch: [7/20] Iter:[0/192], Time: 9.90, lr: [0.006786127592581251], Loss: 4.326222, Acc:0.511432, Semantic loss: 1.395653, BCE loss: 2.027444, SB loss: 0.903126
2025-03-28 11:05:53,741 Epoch: [7/20] Iter:[10/192], Time: 1.25, lr: [0.006761653473611295], Loss: 3.855729, Acc:0.531403, Semantic loss: 1.462612, BCE loss: 1.509365, SB loss: 0.883752
2025-03-28 11:05:57,628 Epoch: [7/20] Iter:[20/192], Time: 0.84, lr: [0.006737169507854796], Loss: 3.878082, Acc:0.537925, Semantic loss: 1.463574, BCE loss: 1.550722, SB loss: 0.863785
2025-03-28 11:06:01,529 Epoch: [7/20] Iter:[30/192], Time: 0.70, lr: [0.006712675651556858], Loss: 3.926426, Acc:0.541614, Semantic loss: 1.491422, BCE loss: 1.552804, SB loss: 0.882199
2025-03-28 11:06:05,402 Epoch: [7/20] Iter:[40/192], Time: 0.62, lr: [0.006688171860589905], Loss: 3.873627, Acc:0.536531, Semantic loss: 1.491239, BCE loss: 1.500948, SB loss: 0.881440
2025-03-28 11:06:09,300 Epoch: [7/20] Iter:[50/192], Time: 0.58, lr: [0.0066636580904489585], Loss: 3.926373, Acc:0.530797, Semantic loss: 1.513402, BCE loss: 1.508206, SB loss: 0.904765
2025-03-28 11:06:13,199 Epoch: [7/20] Iter:[60/192], Time: 0.54, lr: [0.006639134296246874], Loss: 3.952104, Acc:0.526716, Semantic loss: 1.518495, BCE loss: 1.514453, SB loss: 0.919156
2025-03-28 11:06:17,085 Epoch: [7/20] Iter:[70/192], Time: 0.52, lr: [0.0066146004327094585], Loss: 3.966606, Acc:0.520937, Semantic loss: 1.533790, BCE loss: 1.509462, SB loss: 0.923354
2025-03-28 11:06:20,981 Epoch: [7/20] Iter:[80/192], Time: 0.51, lr: [0.006590056454170537], Loss: 3.979163, Acc:0.521278, Semantic loss: 1.534795, BCE loss: 1.518149, SB loss: 0.926219
2025-03-28 11:06:24,878 Epoch: [7/20] Iter:[90/192], Time: 0.49, lr: [0.006565502314566912], Loss: 3.986199, Acc:0.520484, Semantic loss: 1.540047, BCE loss: 1.506929, SB loss: 0.939222
2025-03-28 11:06:28,741 Epoch: [7/20] Iter:[100/192], Time: 0.48, lr: [0.006540937967433255], Loss: 3.982461, Acc:0.517606, Semantic loss: 1.544123, BCE loss: 1.507321, SB loss: 0.931017
2025-03-28 11:06:32,637 Epoch: [7/20] Iter:[110/192], Time: 0.47, lr: [0.006516363365896894], Loss: 3.981221, Acc:0.518377, Semantic loss: 1.546659, BCE loss: 1.502798, SB loss: 0.931763
2025-03-28 11:06:36,531 Epoch: [7/20] Iter:[120/192], Time: 0.47, lr: [0.006491778462672531], Loss: 3.986174, Acc:0.518978, Semantic loss: 1.544156, BCE loss: 1.511877, SB loss: 0.930141
2025-03-28 11:06:40,400 Epoch: [7/20] Iter:[130/192], Time: 0.46, lr: [0.006467183210056843], Loss: 3.999600, Acc:0.518175, Semantic loss: 1.547324, BCE loss: 1.518741, SB loss: 0.933535
2025-03-28 11:06:44,303 Epoch: [7/20] Iter:[140/192], Time: 0.46, lr: [0.006442577559923017], Loss: 3.996426, Acc:0.519440, Semantic loss: 1.545115, BCE loss: 1.518843, SB loss: 0.932468
2025-03-28 11:06:48,193 Epoch: [7/20] Iter:[150/192], Time: 0.45, lr: [0.006417961463715172], Loss: 3.988180, Acc:0.519238, Semantic loss: 1.546288, BCE loss: 1.508891, SB loss: 0.933001
2025-03-28 11:06:52,074 Epoch: [7/20] Iter:[160/192], Time: 0.45, lr: [0.006393334872442681], Loss: 3.997456, Acc:0.518580, Semantic loss: 1.551867, BCE loss: 1.509271, SB loss: 0.936318
2025-03-28 11:06:55,974 Epoch: [7/20] Iter:[170/192], Time: 0.44, lr: [0.006368697736674411], Loss: 4.000781, Acc:0.519344, Semantic loss: 1.556705, BCE loss: 1.507329, SB loss: 0.936747
2025-03-28 11:06:59,878 Epoch: [7/20] Iter:[180/192], Time: 0.44, lr: [0.006344050006532848], Loss: 4.008834, Acc:0.518395, Semantic loss: 1.559691, BCE loss: 1.511139, SB loss: 0.938003
2025-03-28 11:07:03,750 Epoch: [7/20] Iter:[190/192], Time: 0.44, lr: [0.006319391631688114], Loss: 4.005378, Acc:0.520147, Semantic loss: 1.556309, BCE loss: 1.512024, SB loss: 0.937044
2025-03-28 11:08:36,772 0 [0.         0.58172856 0.20731445 0.14123694 0.08265178 0.02772946
 0.00064243] 0.14875765852623735
2025-03-28 11:08:36,772 1 [0.00000000e+00 5.81520932e-01 2.03157877e-01 1.52619390e-01
 1.27180565e-01 1.76079490e-01 4.41004271e-04] 0.17728560833004584
2025-03-28 11:08:36,778 => saving checkpoint to output\loveda\pidnet_small_loveda\aug_hf_gb_mcheckpoint.pth.tar
2025-03-28 11:08:36,896 Loss: 3.825, MeanIU:  0.1773, Best_mIoU:  0.1773
2025-03-28 11:08:36,896 [0.00000000e+00 5.81520932e-01 2.03157877e-01 1.52619390e-01
 1.27180565e-01 1.76079490e-01 4.41004271e-04]
2025-03-28 11:08:47,026 Epoch: [8/20] Iter:[0/192], Time: 9.94, lr: [0.006314458674893553], Loss: 3.956083, Acc:0.597302, Semantic loss: 1.366542, BCE loss: 1.788400, SB loss: 0.801141
2025-03-28 11:08:50,914 Epoch: [8/20] Iter:[10/192], Time: 1.26, lr: [0.006289787459323657], Loss: 3.954288, Acc:0.540812, Semantic loss: 1.495442, BCE loss: 1.524978, SB loss: 0.933868
2025-03-28 11:08:54,815 Epoch: [8/20] Iter:[20/192], Time: 0.84, lr: [0.006265105486702424], Loss: 3.966479, Acc:0.530478, Semantic loss: 1.535723, BCE loss: 1.493915, SB loss: 0.936841
2025-03-28 11:08:58,696 Epoch: [8/20] Iter:[30/192], Time: 0.70, lr: [0.006240412705211017], Loss: 3.937458, Acc:0.526620, Semantic loss: 1.531908, BCE loss: 1.473323, SB loss: 0.932226
2025-03-28 11:09:02,603 Epoch: [8/20] Iter:[40/192], Time: 0.62, lr: [0.006215709062551949], Loss: 3.916183, Acc:0.528046, Semantic loss: 1.513279, BCE loss: 1.482765, SB loss: 0.920139
2025-03-28 11:09:06,512 Epoch: [8/20] Iter:[50/192], Time: 0.58, lr: [0.006190994505942529], Loss: 3.910810, Acc:0.525706, Semantic loss: 1.534164, BCE loss: 1.454490, SB loss: 0.922155
2025-03-28 11:09:10,403 Epoch: [8/20] Iter:[60/192], Time: 0.55, lr: [0.006166268982108192], Loss: 3.904635, Acc:0.523909, Semantic loss: 1.539564, BCE loss: 1.441573, SB loss: 0.923498
2025-03-28 11:09:14,288 Epoch: [8/20] Iter:[70/192], Time: 0.52, lr: [0.006141532437275693], Loss: 3.895752, Acc:0.519392, Semantic loss: 1.539831, BCE loss: 1.434567, SB loss: 0.921354
2025-03-28 11:09:18,181 Epoch: [8/20] Iter:[80/192], Time: 0.51, lr: [0.006116784817166194], Loss: 3.903204, Acc:0.518623, Semantic loss: 1.539257, BCE loss: 1.437668, SB loss: 0.926279
2025-03-28 11:09:22,088 Epoch: [8/20] Iter:[90/192], Time: 0.49, lr: [0.006092026066988214], Loss: 3.929819, Acc:0.518846, Semantic loss: 1.544139, BCE loss: 1.461066, SB loss: 0.924614
2025-03-28 11:09:25,964 Epoch: [8/20] Iter:[100/192], Time: 0.48, lr: [0.006067256131430442], Loss: 3.936098, Acc:0.519145, Semantic loss: 1.539418, BCE loss: 1.473020, SB loss: 0.923660
2025-03-28 11:09:29,856 Epoch: [8/20] Iter:[110/192], Time: 0.48, lr: [0.00604247495465443], Loss: 3.936471, Acc:0.521269, Semantic loss: 1.532240, BCE loss: 1.481901, SB loss: 0.922331
2025-03-28 11:09:33,761 Epoch: [8/20] Iter:[120/192], Time: 0.47, lr: [0.006017682480287143], Loss: 3.937133, Acc:0.522782, Semantic loss: 1.532042, BCE loss: 1.480206, SB loss: 0.924886
2025-03-28 11:09:37,657 Epoch: [8/20] Iter:[130/192], Time: 0.46, lr: [0.00599287865141337], Loss: 3.935165, Acc:0.523918, Semantic loss: 1.531954, BCE loss: 1.480035, SB loss: 0.923176
2025-03-28 11:09:41,539 Epoch: [8/20] Iter:[140/192], Time: 0.46, lr: [0.005968063410567983], Loss: 3.934788, Acc:0.523284, Semantic loss: 1.529040, BCE loss: 1.479777, SB loss: 0.925971
2025-03-28 11:09:45,442 Epoch: [8/20] Iter:[150/192], Time: 0.45, lr: [0.00594323669972807], Loss: 3.938933, Acc:0.525723, Semantic loss: 1.524918, BCE loss: 1.488499, SB loss: 0.925516
2025-03-28 11:09:49,346 Epoch: [8/20] Iter:[160/192], Time: 0.45, lr: [0.005918398460304892], Loss: 3.941457, Acc:0.527295, Semantic loss: 1.523930, BCE loss: 1.491472, SB loss: 0.926056
2025-03-28 11:09:53,239 Epoch: [8/20] Iter:[170/192], Time: 0.45, lr: [0.0058935486331357125], Loss: 3.947183, Acc:0.528334, Semantic loss: 1.523911, BCE loss: 1.497663, SB loss: 0.925609
2025-03-28 11:09:57,154 Epoch: [8/20] Iter:[180/192], Time: 0.44, lr: [0.005868687158475447], Loss: 3.945395, Acc:0.529765, Semantic loss: 1.521569, BCE loss: 1.499247, SB loss: 0.924579
2025-03-28 11:10:01,016 Epoch: [8/20] Iter:[190/192], Time: 0.44, lr: [0.005843813975988169], Loss: 3.939771, Acc:0.530795, Semantic loss: 1.516341, BCE loss: 1.502477, SB loss: 0.920953
2025-03-28 11:11:33,769 0 [0.         0.59994793 0.22416019 0.18956661 0.24001512 0.0153842
 0.04366961] 0.18753480755458019
2025-03-28 11:11:33,769 1 [0.         0.58697749 0.24253864 0.23524367 0.26667993 0.00364076
 0.06885622] 0.20056238600006862
2025-03-28 11:11:33,774 => saving checkpoint to output\loveda\pidnet_small_loveda\aug_hf_gb_mcheckpoint.pth.tar
2025-03-28 11:11:33,902 Loss: 3.505, MeanIU:  0.2006, Best_mIoU:  0.2006
2025-03-28 11:11:33,902 [0.         0.58697749 0.24253864 0.23524367 0.26667993 0.00364076
 0.06885622]
2025-03-28 11:11:44,145 Epoch: [9/20] Iter:[0/192], Time: 10.05, lr: [0.0058388379291998025], Loss: 3.698534, Acc:0.609129, Semantic loss: 1.299579, BCE loss: 1.614275, SB loss: 0.784681
2025-03-28 11:11:48,024 Epoch: [9/20] Iter:[10/192], Time: 1.27, lr: [0.0058139506168319475], Loss: 3.679008, Acc:0.553062, Semantic loss: 1.428629, BCE loss: 1.423654, SB loss: 0.826725
2025-03-28 11:11:51,899 Epoch: [9/20] Iter:[20/192], Time: 0.85, lr: [0.005789051461775303], Loss: 3.756758, Acc:0.537283, Semantic loss: 1.471211, BCE loss: 1.436980, SB loss: 0.848567
2025-03-28 11:11:55,771 Epoch: [9/20] Iter:[30/192], Time: 0.70, lr: [0.005764140401744157], Loss: 3.801742, Acc:0.536026, Semantic loss: 1.478499, BCE loss: 1.445612, SB loss: 0.877631
2025-03-28 11:11:59,671 Epoch: [9/20] Iter:[40/192], Time: 0.62, lr: [0.005739217373824397], Loss: 3.826188, Acc:0.534499, Semantic loss: 1.487131, BCE loss: 1.457957, SB loss: 0.881100
2025-03-28 11:12:03,562 Epoch: [9/20] Iter:[50/192], Time: 0.58, lr: [0.005714282314464109], Loss: 3.865773, Acc:0.535594, Semantic loss: 1.480890, BCE loss: 1.500133, SB loss: 0.884750
2025-03-28 11:12:07,469 Epoch: [9/20] Iter:[60/192], Time: 0.55, lr: [0.005689335159463984], Loss: 3.861082, Acc:0.538340, Semantic loss: 1.484608, BCE loss: 1.486841, SB loss: 0.889632
2025-03-28 11:12:11,353 Epoch: [9/20] Iter:[70/192], Time: 0.52, lr: [0.0056643758439675305], Loss: 3.866491, Acc:0.537327, Semantic loss: 1.486052, BCE loss: 1.491518, SB loss: 0.888921
2025-03-28 11:12:15,241 Epoch: [9/20] Iter:[80/192], Time: 0.51, lr: [0.005639404302451105], Loss: 3.839246, Acc:0.543218, Semantic loss: 1.475542, BCE loss: 1.480089, SB loss: 0.883614
2025-03-28 11:12:19,144 Epoch: [9/20] Iter:[90/192], Time: 0.50, lr: [0.005614420468713722], Loss: 3.854569, Acc:0.540044, Semantic loss: 1.485840, BCE loss: 1.479947, SB loss: 0.888781
2025-03-28 11:12:23,056 Epoch: [9/20] Iter:[100/192], Time: 0.48, lr: [0.005589424275866668], Loss: 3.852768, Acc:0.541481, Semantic loss: 1.483797, BCE loss: 1.480874, SB loss: 0.888096
2025-03-28 11:12:26,974 Epoch: [9/20] Iter:[110/192], Time: 0.48, lr: [0.005564415656322913], Loss: 3.867558, Acc:0.540346, Semantic loss: 1.488307, BCE loss: 1.491428, SB loss: 0.887823
2025-03-28 11:12:30,860 Epoch: [9/20] Iter:[120/192], Time: 0.47, lr: [0.00553939454178628], Loss: 3.875754, Acc:0.541454, Semantic loss: 1.486871, BCE loss: 1.501560, SB loss: 0.887323
2025-03-28 11:12:34,750 Epoch: [9/20] Iter:[130/192], Time: 0.46, lr: [0.005514360863240413], Loss: 3.869533, Acc:0.540710, Semantic loss: 1.488266, BCE loss: 1.497488, SB loss: 0.883779
2025-03-28 11:12:38,648 Epoch: [9/20] Iter:[140/192], Time: 0.46, lr: [0.005489314550937511], Loss: 3.859068, Acc:0.543254, Semantic loss: 1.479311, BCE loss: 1.496801, SB loss: 0.882956
2025-03-28 11:12:42,550 Epoch: [9/20] Iter:[150/192], Time: 0.45, lr: [0.005464255534386825], Loss: 3.849871, Acc:0.545117, Semantic loss: 1.471877, BCE loss: 1.495074, SB loss: 0.882921
2025-03-28 11:12:46,470 Epoch: [9/20] Iter:[160/192], Time: 0.45, lr: [0.005439183742342914], Loss: 3.859057, Acc:0.545719, Semantic loss: 1.473632, BCE loss: 1.502470, SB loss: 0.882954
2025-03-28 11:12:50,352 Epoch: [9/20] Iter:[170/192], Time: 0.45, lr: [0.00541409910279366], Loss: 3.858063, Acc:0.545655, Semantic loss: 1.470535, BCE loss: 1.505585, SB loss: 0.881943
2025-03-28 11:12:54,260 Epoch: [9/20] Iter:[180/192], Time: 0.44, lr: [0.005389001542948025], Loss: 3.867441, Acc:0.544070, Semantic loss: 1.476718, BCE loss: 1.507508, SB loss: 0.883214
2025-03-28 11:12:58,116 Epoch: [9/20] Iter:[190/192], Time: 0.44, lr: [0.005363890989223547], Loss: 3.857721, Acc:0.543269, Semantic loss: 1.476975, BCE loss: 1.497008, SB loss: 0.883738
2025-03-28 11:14:31,081 0 [0.         0.59045509 0.24728213 0.24557918 0.18030147 0.07309227
 0.0318553 ] 0.19550934806023856
2025-03-28 11:14:31,081 1 [0.         0.59824319 0.3130478  0.33153841 0.17205808 0.15997095
 0.0169143 ] 0.22739610245407246
2025-03-28 11:14:31,087 => saving checkpoint to output\loveda\pidnet_small_loveda\aug_hf_gb_mcheckpoint.pth.tar
2025-03-28 11:14:31,205 Loss: 3.585, MeanIU:  0.2274, Best_mIoU:  0.2274
2025-03-28 11:14:31,205 [0.         0.59824319 0.3130478  0.33153841 0.17205808 0.15997095
 0.0169143 ]
2025-03-28 11:14:41,298 Epoch: [10/20] Iter:[0/192], Time: 9.90, lr: [0.005358867312681466], Loss: 3.683013, Acc:0.608027, Semantic loss: 1.386163, BCE loss: 1.557677, SB loss: 0.739173
2025-03-28 11:14:45,181 Epoch: [10/20] Iter:[10/192], Time: 1.25, lr: [0.005333741068040314], Loss: 3.966378, Acc:0.555306, Semantic loss: 1.470340, BCE loss: 1.602602, SB loss: 0.893436
2025-03-28 11:14:49,076 Epoch: [10/20] Iter:[20/192], Time: 0.84, lr: [0.0053086016647897714], Loss: 3.947237, Acc:0.556568, Semantic loss: 1.482752, BCE loss: 1.577053, SB loss: 0.887432
2025-03-28 11:14:52,961 Epoch: [10/20] Iter:[30/192], Time: 0.70, lr: [0.005283449026727663], Loss: 3.976337, Acc:0.546322, Semantic loss: 1.487472, BCE loss: 1.592267, SB loss: 0.896598
2025-03-28 11:14:56,873 Epoch: [10/20] Iter:[40/192], Time: 0.62, lr: [0.005258283076804885], Loss: 3.960425, Acc:0.554712, Semantic loss: 1.467888, BCE loss: 1.602350, SB loss: 0.890187
2025-03-28 11:15:00,760 Epoch: [10/20] Iter:[50/192], Time: 0.58, lr: [0.00523310373711144], Loss: 3.914967, Acc:0.554774, Semantic loss: 1.453036, BCE loss: 1.582286, SB loss: 0.879644
2025-03-28 11:15:04,653 Epoch: [10/20] Iter:[60/192], Time: 0.55, lr: [0.005207910928862159], Loss: 3.885651, Acc:0.554669, Semantic loss: 1.446853, BCE loss: 1.565050, SB loss: 0.873749
2025-03-28 11:15:08,525 Epoch: [10/20] Iter:[70/192], Time: 0.52, lr: [0.005182704572382109], Loss: 3.854212, Acc:0.554310, Semantic loss: 1.446678, BCE loss: 1.539298, SB loss: 0.868235
2025-03-28 11:15:12,434 Epoch: [10/20] Iter:[80/192], Time: 0.51, lr: [0.005157484587091684], Loss: 3.858128, Acc:0.555171, Semantic loss: 1.444463, BCE loss: 1.542930, SB loss: 0.870734
2025-03-28 11:15:16,327 Epoch: [10/20] Iter:[90/192], Time: 0.49, lr: [0.005132250891491357], Loss: 3.838869, Acc:0.554376, Semantic loss: 1.439710, BCE loss: 1.533057, SB loss: 0.866101
2025-03-28 11:15:20,244 Epoch: [10/20] Iter:[100/192], Time: 0.48, lr: [0.005107003403146087], Loss: 3.817910, Acc:0.554631, Semantic loss: 1.437758, BCE loss: 1.512831, SB loss: 0.867321
2025-03-28 11:15:24,159 Epoch: [10/20] Iter:[110/192], Time: 0.48, lr: [0.005081742038669388], Loss: 3.832484, Acc:0.552223, Semantic loss: 1.444855, BCE loss: 1.513222, SB loss: 0.874406
2025-03-28 11:15:28,067 Epoch: [10/20] Iter:[120/192], Time: 0.47, lr: [0.005056466713707024], Loss: 3.832850, Acc:0.550081, Semantic loss: 1.453273, BCE loss: 1.500296, SB loss: 0.879280
2025-03-28 11:15:31,950 Epoch: [10/20] Iter:[130/192], Time: 0.46, lr: [0.005031177342920337], Loss: 3.834454, Acc:0.549435, Semantic loss: 1.458099, BCE loss: 1.494987, SB loss: 0.881367
2025-03-28 11:15:35,854 Epoch: [10/20] Iter:[140/192], Time: 0.46, lr: [0.005005873839969192], Loss: 3.837467, Acc:0.547870, Semantic loss: 1.461952, BCE loss: 1.485723, SB loss: 0.889793
2025-03-28 11:15:39,763 Epoch: [10/20] Iter:[150/192], Time: 0.45, lr: [0.00498055611749454], Loss: 3.850468, Acc:0.547788, Semantic loss: 1.467341, BCE loss: 1.487769, SB loss: 0.895359
2025-03-28 11:15:43,659 Epoch: [10/20] Iter:[160/192], Time: 0.45, lr: [0.004955224087100552], Loss: 3.848135, Acc:0.548426, Semantic loss: 1.463786, BCE loss: 1.489087, SB loss: 0.895263
2025-03-28 11:15:47,565 Epoch: [10/20] Iter:[170/192], Time: 0.45, lr: [0.004929877659336362], Loss: 3.849278, Acc:0.549740, Semantic loss: 1.463014, BCE loss: 1.491065, SB loss: 0.895199
2025-03-28 11:15:51,461 Epoch: [10/20] Iter:[180/192], Time: 0.44, lr: [0.004904516743677371], Loss: 3.845440, Acc:0.548506, Semantic loss: 1.464100, BCE loss: 1.486777, SB loss: 0.894563
2025-03-28 11:15:55,321 Epoch: [10/20] Iter:[190/192], Time: 0.44, lr: [0.00487914124850611], Loss: 3.851257, Acc:0.547820, Semantic loss: 1.465397, BCE loss: 1.491424, SB loss: 0.894436
2025-03-28 11:17:27,994 0 [0.         0.58698677 0.2309737  0.18105944 0.31507531 0.04495287
 0.06105092] 0.2028712861823149
2025-03-28 11:17:27,994 1 [0.         0.57441911 0.21177814 0.26251072 0.40692002 0.11797198
 0.0360891 ] 0.2299555817690983
2025-03-28 11:17:28,000 => saving checkpoint to output\loveda\pidnet_small_loveda\aug_hf_gb_mcheckpoint.pth.tar
2025-03-28 11:17:28,168 Loss: 3.524, MeanIU:  0.2300, Best_mIoU:  0.2300
2025-03-28 11:17:28,168 [0.         0.57441911 0.21177814 0.26251072 0.40692002 0.11797198
 0.0360891 ]
2025-03-28 11:17:38,221 Epoch: [11/20] Iter:[0/192], Time: 9.86, lr: [0.004874064391789954], Loss: 3.866892, Acc:0.644894, Semantic loss: 1.340683, BCE loss: 1.648690, SB loss: 0.877519
2025-03-28 11:17:42,112 Epoch: [11/20] Iter:[10/192], Time: 1.25, lr: [0.004848671278701159], Loss: 3.701811, Acc:0.595713, Semantic loss: 1.314457, BCE loss: 1.540778, SB loss: 0.846577
2025-03-28 11:17:46,032 Epoch: [11/20] Iter:[20/192], Time: 0.84, lr: [0.0048232633805975296], Loss: 3.764945, Acc:0.572223, Semantic loss: 1.376270, BCE loss: 1.551437, SB loss: 0.837237
2025-03-28 11:17:49,918 Epoch: [11/20] Iter:[30/192], Time: 0.70, lr: [0.00479784060223045], Loss: 3.761273, Acc:0.569349, Semantic loss: 1.409291, BCE loss: 1.500452, SB loss: 0.851530
2025-03-28 11:17:53,816 Epoch: [11/20] Iter:[40/192], Time: 0.62, lr: [0.004772402847172951], Loss: 3.726702, Acc:0.572652, Semantic loss: 1.398916, BCE loss: 1.485680, SB loss: 0.842106
2025-03-28 11:17:57,701 Epoch: [11/20] Iter:[50/192], Time: 0.58, lr: [0.004746950017798064], Loss: 3.715506, Acc:0.575603, Semantic loss: 1.380819, BCE loss: 1.492189, SB loss: 0.842498
2025-03-28 11:18:01,589 Epoch: [11/20] Iter:[60/192], Time: 0.54, lr: [0.004721482015256639], Loss: 3.715324, Acc:0.574993, Semantic loss: 1.375935, BCE loss: 1.484808, SB loss: 0.854581
2025-03-28 11:18:05,492 Epoch: [11/20] Iter:[70/192], Time: 0.52, lr: [0.004695998739454633], Loss: 3.739709, Acc:0.577597, Semantic loss: 1.382364, BCE loss: 1.500711, SB loss: 0.856633
2025-03-28 11:18:09,382 Epoch: [11/20] Iter:[80/192], Time: 0.51, lr: [0.004670500089029817], Loss: 3.737824, Acc:0.576865, Semantic loss: 1.380954, BCE loss: 1.502691, SB loss: 0.854180
2025-03-28 11:18:13,262 Epoch: [11/20] Iter:[90/192], Time: 0.49, lr: [0.004644985961327915], Loss: 3.737159, Acc:0.570234, Semantic loss: 1.400443, BCE loss: 1.482132, SB loss: 0.854583
2025-03-28 11:18:17,160 Epoch: [11/20] Iter:[100/192], Time: 0.48, lr: [0.004619456252378151], Loss: 3.740477, Acc:0.569159, Semantic loss: 1.401870, BCE loss: 1.483916, SB loss: 0.854691
2025-03-28 11:18:21,060 Epoch: [11/20] Iter:[110/192], Time: 0.47, lr: [0.004593910856868159], Loss: 3.753554, Acc:0.568459, Semantic loss: 1.409239, BCE loss: 1.481937, SB loss: 0.862378
2025-03-28 11:18:24,941 Epoch: [11/20] Iter:[120/192], Time: 0.47, lr: [0.004568349668118281], Loss: 3.769944, Acc:0.565331, Semantic loss: 1.416836, BCE loss: 1.482428, SB loss: 0.870680
2025-03-28 11:18:28,858 Epoch: [11/20] Iter:[130/192], Time: 0.46, lr: [0.004542772578055196], Loss: 3.781040, Acc:0.561961, Semantic loss: 1.422618, BCE loss: 1.484206, SB loss: 0.874215
2025-03-28 11:18:32,750 Epoch: [11/20] Iter:[140/192], Time: 0.46, lr: [0.00451717947718487], Loss: 3.786984, Acc:0.562025, Semantic loss: 1.420772, BCE loss: 1.493235, SB loss: 0.872977
2025-03-28 11:18:36,641 Epoch: [11/20] Iter:[150/192], Time: 0.45, lr: [0.004491570254564817], Loss: 3.797984, Acc:0.560535, Semantic loss: 1.427133, BCE loss: 1.490352, SB loss: 0.880499
2025-03-28 11:18:40,530 Epoch: [11/20] Iter:[160/192], Time: 0.45, lr: [0.004465944797775636], Loss: 3.799611, Acc:0.560179, Semantic loss: 1.427244, BCE loss: 1.490753, SB loss: 0.881614
2025-03-28 11:18:44,426 Epoch: [11/20] Iter:[170/192], Time: 0.44, lr: [0.004440302992891796], Loss: 3.804064, Acc:0.559338, Semantic loss: 1.428996, BCE loss: 1.494376, SB loss: 0.880692
2025-03-28 11:18:48,298 Epoch: [11/20] Iter:[180/192], Time: 0.44, lr: [0.004414644724451659], Loss: 3.806659, Acc:0.557387, Semantic loss: 1.431766, BCE loss: 1.493296, SB loss: 0.881597
2025-03-28 11:18:52,181 Epoch: [11/20] Iter:[190/192], Time: 0.44, lr: [0.004388969875426714], Loss: 3.805187, Acc:0.557382, Semantic loss: 1.434111, BCE loss: 1.489086, SB loss: 0.881990
2025-03-28 11:20:24,879 0 [0.         0.59910918 0.22940519 0.22510213 0.24187512 0.15516254
 0.05286387] 0.21478829165297278
2025-03-28 11:20:24,879 1 [0.         0.60203313 0.17833611 0.28907271 0.3531992  0.13796875
 0.04756863] 0.22973978904223422
2025-03-28 11:20:24,884 => saving checkpoint to output\loveda\pidnet_small_loveda\aug_hf_gb_mcheckpoint.pth.tar
2025-03-28 11:20:24,967 Loss: 3.547, MeanIU:  0.2297, Best_mIoU:  0.2300
2025-03-28 11:20:24,967 [0.         0.60203313 0.17833611 0.28907271 0.3531992  0.13796875
 0.04756863]
2025-03-28 11:20:35,161 Epoch: [12/20] Iter:[0/192], Time: 10.00, lr: [0.0043838329055408696], Loss: 3.666265, Acc:0.691428, Semantic loss: 1.178644, BCE loss: 1.721509, SB loss: 0.766112
2025-03-28 11:20:39,052 Epoch: [12/20] Iter:[10/192], Time: 1.26, lr: [0.004358138003083593], Loss: 3.886358, Acc:0.566468, Semantic loss: 1.417389, BCE loss: 1.646465, SB loss: 0.822504
2025-03-28 11:20:42,935 Epoch: [12/20] Iter:[20/192], Time: 0.85, lr: [0.0043324262569064236], Loss: 3.869255, Acc:0.560050, Semantic loss: 1.438903, BCE loss: 1.563127, SB loss: 0.867226
2025-03-28 11:20:46,825 Epoch: [12/20] Iter:[30/192], Time: 0.70, lr: [0.0043066975447503065], Loss: 3.840446, Acc:0.556252, Semantic loss: 1.462739, BCE loss: 1.516229, SB loss: 0.861478
2025-03-28 11:20:50,735 Epoch: [12/20] Iter:[40/192], Time: 0.62, lr: [0.00428095174265078], Loss: 3.822700, Acc:0.563778, Semantic loss: 1.446572, BCE loss: 1.527269, SB loss: 0.848859
2025-03-28 11:20:54,628 Epoch: [12/20] Iter:[50/192], Time: 0.58, lr: [0.004255188724902623], Loss: 3.841326, Acc:0.561705, Semantic loss: 1.450573, BCE loss: 1.535301, SB loss: 0.855453
2025-03-28 11:20:58,531 Epoch: [12/20] Iter:[60/192], Time: 0.55, lr: [0.004229408364023519], Loss: 3.839938, Acc:0.566817, Semantic loss: 1.441169, BCE loss: 1.546087, SB loss: 0.852681
2025-03-28 11:21:02,431 Epoch: [12/20] Iter:[70/192], Time: 0.52, lr: [0.004203610530716726], Loss: 3.828745, Acc:0.563254, Semantic loss: 1.442218, BCE loss: 1.529856, SB loss: 0.856671
2025-03-28 11:21:06,337 Epoch: [12/20] Iter:[80/192], Time: 0.51, lr: [0.004177795093832693], Loss: 3.825555, Acc:0.563022, Semantic loss: 1.442320, BCE loss: 1.527346, SB loss: 0.855890
2025-03-28 11:21:10,264 Epoch: [12/20] Iter:[90/192], Time: 0.50, lr: [0.004151961920329593], Loss: 3.810817, Acc:0.561594, Semantic loss: 1.446139, BCE loss: 1.513568, SB loss: 0.851111
2025-03-28 11:21:14,182 Epoch: [12/20] Iter:[100/192], Time: 0.49, lr: [0.004126110875232744], Loss: 3.815135, Acc:0.564507, Semantic loss: 1.440380, BCE loss: 1.520076, SB loss: 0.854679
2025-03-28 11:21:18,049 Epoch: [12/20] Iter:[110/192], Time: 0.48, lr: [0.004100241821592866], Loss: 3.799597, Acc:0.563300, Semantic loss: 1.434625, BCE loss: 1.509905, SB loss: 0.855066
2025-03-28 11:21:21,934 Epoch: [12/20] Iter:[120/192], Time: 0.47, lr: [0.00407435462044314], Loss: 3.792403, Acc:0.565372, Semantic loss: 1.427340, BCE loss: 1.510205, SB loss: 0.854858
2025-03-28 11:21:25,816 Epoch: [12/20] Iter:[130/192], Time: 0.46, lr: [0.004048449130755016], Loss: 3.789209, Acc:0.562911, Semantic loss: 1.425856, BCE loss: 1.510209, SB loss: 0.853144
2025-03-28 11:21:29,717 Epoch: [12/20] Iter:[140/192], Time: 0.46, lr: [0.004022525209392749], Loss: 3.789678, Acc:0.563479, Semantic loss: 1.421321, BCE loss: 1.514068, SB loss: 0.854289
2025-03-28 11:21:33,609 Epoch: [12/20] Iter:[150/192], Time: 0.45, lr: [0.003996582711066572], Loss: 3.779494, Acc:0.563420, Semantic loss: 1.414473, BCE loss: 1.512463, SB loss: 0.852557
2025-03-28 11:21:37,498 Epoch: [12/20] Iter:[160/192], Time: 0.45, lr: [0.003970621488284514], Loss: 3.769399, Acc:0.563426, Semantic loss: 1.409523, BCE loss: 1.503209, SB loss: 0.856667
2025-03-28 11:21:41,405 Epoch: [12/20] Iter:[170/192], Time: 0.45, lr: [0.003944641391302759], Loss: 3.771744, Acc:0.561925, Semantic loss: 1.414377, BCE loss: 1.498412, SB loss: 0.858956
2025-03-28 11:21:45,296 Epoch: [12/20] Iter:[180/192], Time: 0.44, lr: [0.003918642268074522], Loss: 3.763104, Acc:0.562142, Semantic loss: 1.415728, BCE loss: 1.486061, SB loss: 0.861315
2025-03-28 11:21:49,188 Epoch: [12/20] Iter:[190/192], Time: 0.44, lr: [0.003892623964197378], Loss: 3.762258, Acc:0.562029, Semantic loss: 1.415247, BCE loss: 1.484586, SB loss: 0.862425
2025-03-28 11:23:22,027 0 [0.         0.59212382 0.29489197 0.2498737  0.22039869 0.09221067
 0.09002361] 0.2199317782290838
2025-03-28 11:23:22,027 1 [0.         0.58456477 0.39760552 0.33225799 0.31539404 0.12199902
 0.09944166] 0.26446614403443885
2025-03-28 11:23:22,032 => saving checkpoint to output\loveda\pidnet_small_loveda\aug_hf_gb_mcheckpoint.pth.tar
2025-03-28 11:23:22,157 Loss: 3.382, MeanIU:  0.2645, Best_mIoU:  0.2645
2025-03-28 11:23:22,157 [0.         0.58456477 0.39760552 0.33225799 0.31539404 0.12199902
 0.09944166]
2025-03-28 11:23:32,487 Epoch: [13/20] Iter:[0/192], Time: 10.14, lr: [0.0038874179879876346], Loss: 3.866343, Acc:0.645728, Semantic loss: 1.249354, BCE loss: 1.822625, SB loss: 0.794364
2025-03-28 11:23:36,356 Epoch: [13/20] Iter:[10/192], Time: 1.27, lr: [0.003861376460123532], Loss: 3.811969, Acc:0.578633, Semantic loss: 1.344869, BCE loss: 1.589750, SB loss: 0.877349
2025-03-28 11:23:40,257 Epoch: [13/20] Iter:[20/192], Time: 0.85, lr: [0.003835315403363414], Loss: 3.809001, Acc:0.576642, Semantic loss: 1.406455, BCE loss: 1.524575, SB loss: 0.877971
2025-03-28 11:23:44,157 Epoch: [13/20] Iter:[30/192], Time: 0.70, lr: [0.00380923465539378], Loss: 3.754521, Acc:0.580044, Semantic loss: 1.380773, BCE loss: 1.500370, SB loss: 0.873378
2025-03-28 11:23:48,054 Epoch: [13/20] Iter:[40/192], Time: 0.63, lr: [0.0037831340513060203], Loss: 3.766053, Acc:0.574470, Semantic loss: 1.381169, BCE loss: 1.513270, SB loss: 0.871614
2025-03-28 11:23:51,967 Epoch: [13/20] Iter:[50/192], Time: 0.58, lr: [0.003757013423534689], Loss: 3.781689, Acc:0.577106, Semantic loss: 1.389577, BCE loss: 1.524007, SB loss: 0.868106
2025-03-28 11:23:55,846 Epoch: [13/20] Iter:[60/192], Time: 0.55, lr: [0.003730872601793835], Loss: 3.773948, Acc:0.573611, Semantic loss: 1.384160, BCE loss: 1.522764, SB loss: 0.867024
2025-03-28 11:23:59,716 Epoch: [13/20] Iter:[70/192], Time: 0.53, lr: [0.0037047114130112895], Loss: 3.748467, Acc:0.574420, Semantic loss: 1.377344, BCE loss: 1.507640, SB loss: 0.863482
2025-03-28 11:24:03,623 Epoch: [13/20] Iter:[80/192], Time: 0.51, lr: [0.0036785296812608405], Loss: 3.760668, Acc:0.568661, Semantic loss: 1.405180, BCE loss: 1.479174, SB loss: 0.876314
2025-03-28 11:24:07,506 Epoch: [13/20] Iter:[90/192], Time: 0.50, lr: [0.003652327227692201], Loss: 3.781131, Acc:0.565131, Semantic loss: 1.410237, BCE loss: 1.494285, SB loss: 0.876609
2025-03-28 11:24:11,389 Epoch: [13/20] Iter:[100/192], Time: 0.49, lr: [0.0036261038704587037], Loss: 3.793733, Acc:0.562359, Semantic loss: 1.412595, BCE loss: 1.505772, SB loss: 0.875367
2025-03-28 11:24:15,281 Epoch: [13/20] Iter:[110/192], Time: 0.48, lr: [0.003599859424642584], Loss: 3.797142, Acc:0.562599, Semantic loss: 1.412972, BCE loss: 1.508924, SB loss: 0.875246
2025-03-28 11:24:19,174 Epoch: [13/20] Iter:[120/192], Time: 0.47, lr: [0.0035735937021778063], Loss: 3.787003, Acc:0.563364, Semantic loss: 1.410776, BCE loss: 1.504061, SB loss: 0.872166
2025-03-28 11:24:23,072 Epoch: [13/20] Iter:[130/192], Time: 0.46, lr: [0.0035473065117702885], Loss: 3.776930, Acc:0.563718, Semantic loss: 1.408019, BCE loss: 1.497559, SB loss: 0.871353
2025-03-28 11:24:26,967 Epoch: [13/20] Iter:[140/192], Time: 0.46, lr: [0.003520997658815433], Loss: 3.761487, Acc:0.565905, Semantic loss: 1.404434, BCE loss: 1.491285, SB loss: 0.865768
2025-03-28 11:24:30,860 Epoch: [13/20] Iter:[150/192], Time: 0.45, lr: [0.003494666945312851], Loss: 3.752381, Acc:0.566871, Semantic loss: 1.403445, BCE loss: 1.484490, SB loss: 0.864446
2025-03-28 11:24:34,758 Epoch: [13/20] Iter:[160/192], Time: 0.45, lr: [0.00346831416977816], Loss: 3.744978, Acc:0.566353, Semantic loss: 1.404672, BCE loss: 1.476415, SB loss: 0.863891
2025-03-28 11:24:38,664 Epoch: [13/20] Iter:[170/192], Time: 0.45, lr: [0.003441939127151716], Loss: 3.741596, Acc:0.568377, Semantic loss: 1.400502, BCE loss: 1.477587, SB loss: 0.863507
2025-03-28 11:24:42,550 Epoch: [13/20] Iter:[180/192], Time: 0.44, lr: [0.0034155416087041646], Loss: 3.732049, Acc:0.569813, Semantic loss: 1.395650, BCE loss: 1.475910, SB loss: 0.860489
2025-03-28 11:24:46,413 Epoch: [13/20] Iter:[190/192], Time: 0.44, lr: [0.0033891214019386652], Loss: 3.724514, Acc:0.570190, Semantic loss: 1.389655, BCE loss: 1.475003, SB loss: 0.859856
2025-03-28 11:26:19,293 0 [0.         0.61760461 0.28714163 0.25578132 0.20878006 0.1216494
 0.06468281] 0.22223426226515328
2025-03-28 11:26:19,293 1 [0.         0.57928549 0.36867885 0.32179216 0.35543618 0.17351632
 0.08253129] 0.2687486129701996
2025-03-28 11:26:19,299 => saving checkpoint to output\loveda\pidnet_small_loveda\aug_hf_gb_mcheckpoint.pth.tar
2025-03-28 11:26:19,426 Loss: 3.420, MeanIU:  0.2687, Best_mIoU:  0.2687
2025-03-28 11:26:19,426 [0.         0.57928549 0.36867885 0.32179216 0.35543618 0.17351632
 0.08253129]
2025-03-28 11:26:29,637 Epoch: [14/20] Iter:[0/192], Time: 10.02, lr: [0.0033838346190164987], Loss: 3.809094, Acc:0.614951, Semantic loss: 1.239538, BCE loss: 1.680703, SB loss: 0.888853
2025-03-28 11:26:33,527 Epoch: [14/20] Iter:[10/192], Time: 1.26, lr: [0.0033573869003190927], Loss: 3.782298, Acc:0.574254, Semantic loss: 1.360869, BCE loss: 1.580521, SB loss: 0.840908
2025-03-28 11:26:37,431 Epoch: [14/20] Iter:[20/192], Time: 0.85, lr: [0.0033309160120447595], Loss: 3.717866, Acc:0.583906, Semantic loss: 1.341804, BCE loss: 1.517114, SB loss: 0.858947
2025-03-28 11:26:41,315 Epoch: [14/20] Iter:[30/192], Time: 0.70, lr: [0.0033044217289421207], Loss: 3.682935, Acc:0.580178, Semantic loss: 1.363042, BCE loss: 1.475856, SB loss: 0.844038
2025-03-28 11:26:45,214 Epoch: [14/20] Iter:[40/192], Time: 0.62, lr: [0.0032779038215418194], Loss: 3.691688, Acc:0.580259, Semantic loss: 1.365356, BCE loss: 1.488951, SB loss: 0.837381
2025-03-28 11:26:49,070 Epoch: [14/20] Iter:[50/192], Time: 0.58, lr: [0.0032513620560388795], Loss: 3.717146, Acc:0.570185, Semantic loss: 1.369633, BCE loss: 1.503010, SB loss: 0.844503
2025-03-28 11:26:52,984 Epoch: [14/20] Iter:[60/192], Time: 0.55, lr: [0.003224796194170671], Loss: 3.699244, Acc:0.574100, Semantic loss: 1.357028, BCE loss: 1.502126, SB loss: 0.840090
2025-03-28 11:26:56,883 Epoch: [14/20] Iter:[70/192], Time: 0.52, lr: [0.003198205993090303], Loss: 3.674217, Acc:0.572826, Semantic loss: 1.357521, BCE loss: 1.482166, SB loss: 0.834530
2025-03-28 11:27:00,777 Epoch: [14/20] Iter:[80/192], Time: 0.51, lr: [0.0031715912052352204], Loss: 3.675740, Acc:0.576500, Semantic loss: 1.356152, BCE loss: 1.489006, SB loss: 0.830583
2025-03-28 11:27:04,684 Epoch: [14/20] Iter:[90/192], Time: 0.50, lr: [0.0031449515781907557], Loss: 3.661936, Acc:0.580992, Semantic loss: 1.350073, BCE loss: 1.481418, SB loss: 0.830445
2025-03-28 11:27:08,587 Epoch: [14/20] Iter:[100/192], Time: 0.48, lr: [0.003118286854548424], Loss: 3.657702, Acc:0.580600, Semantic loss: 1.351175, BCE loss: 1.477701, SB loss: 0.828827
2025-03-28 11:27:12,474 Epoch: [14/20] Iter:[110/192], Time: 0.48, lr: [0.003091596771758693], Loss: 3.655101, Acc:0.583946, Semantic loss: 1.341650, BCE loss: 1.488526, SB loss: 0.824925
2025-03-28 11:27:16,384 Epoch: [14/20] Iter:[120/192], Time: 0.47, lr: [0.0030648810619779434], Loss: 3.675102, Acc:0.583165, Semantic loss: 1.348978, BCE loss: 1.496615, SB loss: 0.829509
2025-03-28 11:27:20,273 Epoch: [14/20] Iter:[130/192], Time: 0.46, lr: [0.0030381394519093602], Loss: 3.668049, Acc:0.581885, Semantic loss: 1.347366, BCE loss: 1.486824, SB loss: 0.833859
2025-03-28 11:27:24,192 Epoch: [14/20] Iter:[140/192], Time: 0.46, lr: [0.003011371662637431], Loss: 3.664060, Acc:0.582050, Semantic loss: 1.351049, BCE loss: 1.479721, SB loss: 0.833289
2025-03-28 11:27:28,095 Epoch: [14/20] Iter:[150/192], Time: 0.45, lr: [0.0029845774094557345], Loss: 3.667300, Acc:0.581625, Semantic loss: 1.352223, BCE loss: 1.482396, SB loss: 0.832681
2025-03-28 11:27:31,980 Epoch: [14/20] Iter:[160/192], Time: 0.45, lr: [0.002957756401687678], Loss: 3.664805, Acc:0.580325, Semantic loss: 1.357158, BCE loss: 1.477068, SB loss: 0.830578
2025-03-28 11:27:35,894 Epoch: [14/20] Iter:[170/192], Time: 0.45, lr: [0.002930908342499829], Loss: 3.665137, Acc:0.581818, Semantic loss: 1.355554, BCE loss: 1.480277, SB loss: 0.829307
2025-03-28 11:27:39,778 Epoch: [14/20] Iter:[180/192], Time: 0.44, lr: [0.002904032928707437], Loss: 3.663611, Acc:0.581031, Semantic loss: 1.356256, BCE loss: 1.475627, SB loss: 0.831728
2025-03-28 11:27:43,635 Epoch: [14/20] Iter:[190/192], Time: 0.44, lr: [0.0028771298505717554], Loss: 3.676222, Acc:0.577868, Semantic loss: 1.367758, BCE loss: 1.471203, SB loss: 0.837262
2025-03-28 11:29:16,539 0 [0.         0.60482103 0.26165558 0.27401641 0.30625317 0.12441401
 0.07168444] 0.23469209267956645
2025-03-28 11:29:16,539 1 [0.         0.55572487 0.31976749 0.35315627 0.45335549 0.13624639
 0.08292573] 0.27159660548546616
2025-03-28 11:29:16,545 => saving checkpoint to output\loveda\pidnet_small_loveda\aug_hf_gb_mcheckpoint.pth.tar
2025-03-28 11:29:16,670 Loss: 3.479, MeanIU:  0.2716, Best_mIoU:  0.2716
2025-03-28 11:29:16,670 [0.         0.55572487 0.31976749 0.35315627 0.45335549 0.13624639
 0.08292573]
2025-03-28 11:29:26,778 Epoch: [15/20] Iter:[0/192], Time: 9.92, lr: [0.0028717458874925874], Loss: 3.450307, Acc:0.548201, Semantic loss: 1.231309, BCE loss: 1.477013, SB loss: 0.741985
2025-03-28 11:29:30,658 Epoch: [15/20] Iter:[10/192], Time: 1.25, lr: [0.0028448091937488323], Loss: 3.658064, Acc:0.544967, Semantic loss: 1.433348, BCE loss: 1.363780, SB loss: 0.860935
2025-03-28 11:29:34,565 Epoch: [15/20] Iter:[20/192], Time: 0.84, lr: [0.002817844130111582], Loss: 3.750053, Acc:0.549075, Semantic loss: 1.443513, BCE loss: 1.424163, SB loss: 0.882377
2025-03-28 11:29:38,469 Epoch: [15/20] Iter:[30/192], Time: 0.70, lr: [0.0027908503644035994], Loss: 3.790832, Acc:0.561028, Semantic loss: 1.436121, BCE loss: 1.484103, SB loss: 0.870608
2025-03-28 11:29:42,363 Epoch: [15/20] Iter:[40/192], Time: 0.62, lr: [0.0027638275569424097], Loss: 3.752888, Acc:0.558142, Semantic loss: 1.427943, BCE loss: 1.466213, SB loss: 0.858732
2025-03-28 11:29:46,257 Epoch: [15/20] Iter:[50/192], Time: 0.58, lr: [0.002736775360287257], Loss: 3.700842, Acc:0.561198, Semantic loss: 1.413444, BCE loss: 1.431206, SB loss: 0.856192
2025-03-28 11:29:50,172 Epoch: [15/20] Iter:[60/192], Time: 0.55, lr: [0.002709693418974644], Loss: 3.695660, Acc:0.567897, Semantic loss: 1.403780, BCE loss: 1.437573, SB loss: 0.854307
2025-03-28 11:29:54,063 Epoch: [15/20] Iter:[70/192], Time: 0.52, lr: [0.0026825813692418162], Loss: 3.647551, Acc:0.571998, Semantic loss: 1.381659, BCE loss: 1.422593, SB loss: 0.843300
2025-03-28 11:29:57,955 Epoch: [15/20] Iter:[80/192], Time: 0.51, lr: [0.0026554388387375], Loss: 3.662070, Acc:0.573089, Semantic loss: 1.382730, BCE loss: 1.428235, SB loss: 0.851104
2025-03-28 11:30:01,850 Epoch: [15/20] Iter:[90/192], Time: 0.49, lr: [0.002628265446219161], Loss: 3.658056, Acc:0.576716, Semantic loss: 1.378462, BCE loss: 1.432168, SB loss: 0.847426
2025-03-28 11:30:05,768 Epoch: [15/20] Iter:[100/192], Time: 0.48, lr: [0.002601060801235972], Loss: 3.659986, Acc:0.577496, Semantic loss: 1.380032, BCE loss: 1.435448, SB loss: 0.844506
2025-03-28 11:30:09,647 Epoch: [15/20] Iter:[110/192], Time: 0.48, lr: [0.002573824503796671], Loss: 3.659088, Acc:0.576998, Semantic loss: 1.372622, BCE loss: 1.446879, SB loss: 0.839587
2025-03-28 11:30:13,528 Epoch: [15/20] Iter:[120/192], Time: 0.47, lr: [0.00254655614402138], Loss: 3.671577, Acc:0.575455, Semantic loss: 1.374356, BCE loss: 1.456615, SB loss: 0.840605
2025-03-28 11:30:17,433 Epoch: [15/20] Iter:[130/192], Time: 0.46, lr: [0.0025192553017764118], Loss: 3.659837, Acc:0.576521, Semantic loss: 1.368486, BCE loss: 1.455093, SB loss: 0.836258
2025-03-28 11:30:21,319 Epoch: [15/20] Iter:[140/192], Time: 0.46, lr: [0.002491921546291034], Loss: 3.668179, Acc:0.575341, Semantic loss: 1.367628, BCE loss: 1.463594, SB loss: 0.836957
2025-03-28 11:30:25,227 Epoch: [15/20] Iter:[150/192], Time: 0.45, lr: [0.0024645544357550573], Loss: 3.674436, Acc:0.574248, Semantic loss: 1.370501, BCE loss: 1.463531, SB loss: 0.840405
2025-03-28 11:30:29,114 Epoch: [15/20] Iter:[160/192], Time: 0.45, lr: [0.002437153516896028], Loss: 3.677266, Acc:0.571909, Semantic loss: 1.375782, BCE loss: 1.459127, SB loss: 0.842356
2025-03-28 11:30:33,018 Epoch: [15/20] Iter:[170/192], Time: 0.45, lr: [0.0024097183245347467], Loss: 3.671917, Acc:0.575309, Semantic loss: 1.367702, BCE loss: 1.467742, SB loss: 0.836474
2025-03-28 11:30:36,905 Epoch: [15/20] Iter:[180/192], Time: 0.44, lr: [0.0023822483811177], Loss: 3.669567, Acc:0.576850, Semantic loss: 1.364582, BCE loss: 1.471762, SB loss: 0.833223
2025-03-28 11:30:40,764 Epoch: [15/20] Iter:[190/192], Time: 0.44, lr: [0.002354743196224891], Loss: 3.675458, Acc:0.575614, Semantic loss: 1.367078, BCE loss: 1.471541, SB loss: 0.836839
2025-03-28 11:32:13,565 0 [0.         0.57601368 0.26165036 0.24317901 0.24332553 0.06059009
 0.10108106] 0.2122628191778281
2025-03-28 11:32:13,565 1 [0.         0.53235141 0.30813507 0.34455287 0.32415613 0.15165205
 0.18078589] 0.2630904885698885
2025-03-28 11:32:13,571 => saving checkpoint to output\loveda\pidnet_small_loveda\aug_hf_gb_mcheckpoint.pth.tar
2025-03-28 11:32:13,649 Loss: 3.575, MeanIU:  0.2631, Best_mIoU:  0.2716
2025-03-28 11:32:13,649 [0.         0.53235141 0.30813507 0.34455287 0.32415613 0.15165205
 0.18078589]
2025-03-28 11:32:23,905 Epoch: [16/20] Iter:[0/192], Time: 10.06, lr: [0.0023492378861760376], Loss: 3.994772, Acc:0.593039, Semantic loss: 1.422318, BCE loss: 1.729219, SB loss: 0.843235
2025-03-28 11:32:27,780 Epoch: [16/20] Iter:[10/192], Time: 1.27, lr: [0.0023216897452738748], Loss: 3.614324, Acc:0.612205, Semantic loss: 1.322323, BCE loss: 1.480102, SB loss: 0.811899
2025-03-28 11:32:31,677 Epoch: [16/20] Iter:[20/192], Time: 0.85, lr: [0.0022941052360858027], Loss: 3.532171, Acc:0.605753, Semantic loss: 1.301619, BCE loss: 1.413828, SB loss: 0.816724
2025-03-28 11:32:35,573 Epoch: [16/20] Iter:[30/192], Time: 0.70, lr: [0.0022664838233947228], Loss: 3.602572, Acc:0.595405, Semantic loss: 1.339512, BCE loss: 1.443815, SB loss: 0.819245
2025-03-28 11:32:39,484 Epoch: [16/20] Iter:[40/192], Time: 0.63, lr: [0.0022388249567421017], Loss: 3.616791, Acc:0.593661, Semantic loss: 1.330951, BCE loss: 1.473653, SB loss: 0.812186
2025-03-28 11:32:43,391 Epoch: [16/20] Iter:[50/192], Time: 0.58, lr: [0.002211128069778427], Loss: 3.588462, Acc:0.597891, Semantic loss: 1.318965, BCE loss: 1.460345, SB loss: 0.809152
2025-03-28 11:32:47,269 Epoch: [16/20] Iter:[60/192], Time: 0.55, lr: [0.0021833925795765436], Loss: 3.629803, Acc:0.593199, Semantic loss: 1.327306, BCE loss: 1.483488, SB loss: 0.819009
2025-03-28 11:32:51,162 Epoch: [16/20] Iter:[70/192], Time: 0.53, lr: [0.0021556178859051967], Loss: 3.630701, Acc:0.593023, Semantic loss: 1.325199, BCE loss: 1.484721, SB loss: 0.820781
2025-03-28 11:32:55,065 Epoch: [16/20] Iter:[80/192], Time: 0.51, lr: [0.002127803370459852], Loss: 3.634177, Acc:0.593319, Semantic loss: 1.321664, BCE loss: 1.493446, SB loss: 0.819067
2025-03-28 11:32:58,948 Epoch: [16/20] Iter:[90/192], Time: 0.50, lr: [0.0020999483960476508], Loss: 3.605614, Acc:0.592233, Semantic loss: 1.318185, BCE loss: 1.475254, SB loss: 0.812175
2025-03-28 11:33:02,859 Epoch: [16/20] Iter:[100/192], Time: 0.49, lr: [0.0020720523057230294], Loss: 3.623017, Acc:0.593350, Semantic loss: 1.321955, BCE loss: 1.492040, SB loss: 0.809021
2025-03-28 11:33:06,750 Epoch: [16/20] Iter:[110/192], Time: 0.48, lr: [0.002044114421870228], Loss: 3.619216, Acc:0.593244, Semantic loss: 1.319446, BCE loss: 1.493134, SB loss: 0.806636
2025-03-28 11:33:10,657 Epoch: [16/20] Iter:[120/192], Time: 0.47, lr: [0.0020161340452285867], Loss: 3.619345, Acc:0.593953, Semantic loss: 1.320332, BCE loss: 1.489950, SB loss: 0.809063
2025-03-28 11:33:14,549 Epoch: [16/20] Iter:[130/192], Time: 0.46, lr: [0.001988110453856112], Loss: 3.606340, Acc:0.590924, Semantic loss: 1.320975, BCE loss: 1.476866, SB loss: 0.808499
2025-03-28 11:33:18,445 Epoch: [16/20] Iter:[140/192], Time: 0.46, lr: [0.0019600429020263607], Loss: 3.615579, Acc:0.590062, Semantic loss: 1.323441, BCE loss: 1.479719, SB loss: 0.812419
2025-03-28 11:33:22,337 Epoch: [16/20] Iter:[150/192], Time: 0.45, lr: [0.0019319306190532476], Loss: 3.619126, Acc:0.589618, Semantic loss: 1.324557, BCE loss: 1.483794, SB loss: 0.810776
2025-03-28 11:33:26,228 Epoch: [16/20] Iter:[160/192], Time: 0.45, lr: [0.0019037728080378042], Loss: 3.627510, Acc:0.585880, Semantic loss: 1.335295, BCE loss: 1.477242, SB loss: 0.814973
2025-03-28 11:33:30,120 Epoch: [16/20] Iter:[170/192], Time: 0.45, lr: [0.0018755686445303314], Loss: 3.616947, Acc:0.586709, Semantic loss: 1.334536, BCE loss: 1.467464, SB loss: 0.814947
2025-03-28 11:33:34,032 Epoch: [16/20] Iter:[180/192], Time: 0.44, lr: [0.001847317275100738], Loss: 3.628376, Acc:0.585064, Semantic loss: 1.341770, BCE loss: 1.469905, SB loss: 0.816701
2025-03-28 11:33:37,919 Epoch: [16/20] Iter:[190/192], Time: 0.44, lr: [0.0018190178158090872], Loss: 3.633304, Acc:0.585390, Semantic loss: 1.346400, BCE loss: 1.469278, SB loss: 0.817626
2025-03-28 11:35:10,727 0 [0.         0.58668744 0.25605501 0.27315682 0.25314576 0.19424112
 0.11459374] 0.23969712609007307
2025-03-28 11:35:10,727 1 [0.         0.58100836 0.3222726  0.34322919 0.40213508 0.19013434
 0.11800669] 0.27954089333902893
2025-03-28 11:35:10,733 => saving checkpoint to output\loveda\pidnet_small_loveda\aug_hf_gb_mcheckpoint.pth.tar
2025-03-28 11:35:10,851 Loss: 3.438, MeanIU:  0.2795, Best_mIoU:  0.2795
2025-03-28 11:35:10,851 [0.         0.58100836 0.3222726  0.34322919 0.40213508 0.19013434
 0.11800669]
2025-03-28 11:35:21,035 Epoch: [17/20] Iter:[0/192], Time: 9.99, lr: [0.0018133520731367456], Loss: 3.878492, Acc:0.541194, Semantic loss: 1.362590, BCE loss: 1.717626, SB loss: 0.798276
2025-03-28 11:35:24,899 Epoch: [17/20] Iter:[10/192], Time: 1.26, lr: [0.001784993693823396], Loss: 3.678348, Acc:0.570030, Semantic loss: 1.340614, BCE loss: 1.546085, SB loss: 0.791648
2025-03-28 11:35:28,793 Epoch: [17/20] Iter:[20/192], Time: 0.85, lr: [0.0017565851643374117], Loss: 3.652120, Acc:0.584309, Semantic loss: 1.328438, BCE loss: 1.519299, SB loss: 0.804383
2025-03-28 11:35:32,672 Epoch: [17/20] Iter:[30/192], Time: 0.70, lr: [0.0017281254915000803], Loss: 3.685132, Acc:0.576693, Semantic loss: 1.353566, BCE loss: 1.500186, SB loss: 0.831380
2025-03-28 11:35:36,543 Epoch: [17/20] Iter:[40/192], Time: 0.62, lr: [0.0016996136438923032], Loss: 3.663279, Acc:0.573763, Semantic loss: 1.356574, BCE loss: 1.484289, SB loss: 0.822416
2025-03-28 11:35:40,418 Epoch: [17/20] Iter:[50/192], Time: 0.58, lr: [0.0016710485496403851], Loss: 3.649077, Acc:0.576772, Semantic loss: 1.351689, BCE loss: 1.475048, SB loss: 0.822340
2025-03-28 11:35:44,307 Epoch: [17/20] Iter:[60/192], Time: 0.55, lr: [0.0016424290940290059], Loss: 3.639849, Acc:0.581953, Semantic loss: 1.349854, BCE loss: 1.472409, SB loss: 0.817586
2025-03-28 11:35:48,185 Epoch: [17/20] Iter:[70/192], Time: 0.52, lr: [0.0016137541169242962], Loss: 3.594402, Acc:0.585744, Semantic loss: 1.338789, BCE loss: 1.441968, SB loss: 0.813644
2025-03-28 11:35:52,094 Epoch: [17/20] Iter:[80/192], Time: 0.51, lr: [0.0015850224099878446], Loss: 3.611106, Acc:0.586322, Semantic loss: 1.337222, BCE loss: 1.456357, SB loss: 0.817527
2025-03-28 11:35:55,960 Epoch: [17/20] Iter:[90/192], Time: 0.49, lr: [0.001556232713660091], Loss: 3.607371, Acc:0.585559, Semantic loss: 1.334586, BCE loss: 1.457088, SB loss: 0.815697
2025-03-28 11:35:59,858 Epoch: [17/20] Iter:[100/192], Time: 0.48, lr: [0.0015273837138888994], Loss: 3.610750, Acc:0.585958, Semantic loss: 1.335269, BCE loss: 1.464718, SB loss: 0.810764
2025-03-28 11:36:03,750 Epoch: [17/20] Iter:[110/192], Time: 0.47, lr: [0.0014984740385759552], Loss: 3.619457, Acc:0.585004, Semantic loss: 1.334532, BCE loss: 1.473867, SB loss: 0.811059
2025-03-28 11:36:07,635 Epoch: [17/20] Iter:[120/192], Time: 0.47, lr: [0.0014695022537100475], Loss: 3.621312, Acc:0.583305, Semantic loss: 1.333947, BCE loss: 1.472016, SB loss: 0.815349
2025-03-28 11:36:11,527 Epoch: [17/20] Iter:[130/192], Time: 0.46, lr: [0.0014404668591521846], Loss: 3.619805, Acc:0.581675, Semantic loss: 1.338950, BCE loss: 1.466724, SB loss: 0.814130
2025-03-28 11:36:15,430 Epoch: [17/20] Iter:[140/192], Time: 0.46, lr: [0.0014113662840326588], Loss: 3.622600, Acc:0.583455, Semantic loss: 1.342239, BCE loss: 1.466443, SB loss: 0.813918
2025-03-28 11:36:19,329 Epoch: [17/20] Iter:[150/192], Time: 0.45, lr: [0.0013821988817145786], Loss: 3.619328, Acc:0.585827, Semantic loss: 1.337966, BCE loss: 1.468977, SB loss: 0.812385
2025-03-28 11:36:23,235 Epoch: [17/20] Iter:[160/192], Time: 0.45, lr: [0.0013529629242719093], Loss: 3.618156, Acc:0.588400, Semantic loss: 1.336809, BCE loss: 1.468487, SB loss: 0.812861
2025-03-28 11:36:27,147 Epoch: [17/20] Iter:[170/192], Time: 0.45, lr: [0.0013236565964223801], Loss: 3.618772, Acc:0.589639, Semantic loss: 1.335547, BCE loss: 1.471653, SB loss: 0.811572
2025-03-28 11:36:31,046 Epoch: [17/20] Iter:[180/192], Time: 0.44, lr: [0.0012942779888466518], Loss: 3.616078, Acc:0.589633, Semantic loss: 1.333881, BCE loss: 1.471705, SB loss: 0.810492
2025-03-28 11:36:34,919 Epoch: [17/20] Iter:[190/192], Time: 0.44, lr: [0.0012648250908145803], Loss: 3.612867, Acc:0.589112, Semantic loss: 1.334196, BCE loss: 1.468349, SB loss: 0.810321
2025-03-28 11:38:07,702 0 [0.         0.54291282 0.28030865 0.25824934 0.22231953 0.12721584
 0.12850193] 0.22278687327090094
2025-03-28 11:38:07,702 1 [0.         0.49531585 0.40278853 0.3532297  0.32776939 0.12867376
 0.15244637] 0.2657462294480727
2025-03-28 11:38:07,708 => saving checkpoint to output\loveda\pidnet_small_loveda\aug_hf_gb_mcheckpoint.pth.tar
2025-03-28 11:38:07,785 Loss: 3.588, MeanIU:  0.2657, Best_mIoU:  0.2795
2025-03-28 11:38:07,785 [0.         0.49531585 0.40278853 0.3532297  0.32776939 0.12867376
 0.15244637]
2025-03-28 11:38:17,964 Epoch: [18/20] Iter:[0/192], Time: 9.99, lr: [0.001258925411794167], Loss: 3.524495, Acc:0.559700, Semantic loss: 1.241261, BCE loss: 1.456166, SB loss: 0.827067
2025-03-28 11:38:21,881 Epoch: [18/20] Iter:[10/192], Time: 1.26, lr: [0.0012293805561511607], Loss: 3.661087, Acc:0.599413, Semantic loss: 1.344816, BCE loss: 1.504323, SB loss: 0.811948
2025-03-28 11:38:25,766 Epoch: [18/20] Iter:[20/192], Time: 0.85, lr: [0.0011997565879500753], Loss: 3.653717, Acc:0.594991, Semantic loss: 1.361166, BCE loss: 1.474851, SB loss: 0.817700
2025-03-28 11:38:29,671 Epoch: [18/20] Iter:[30/192], Time: 0.70, lr: [0.0011700511125444005], Loss: 3.648593, Acc:0.598967, Semantic loss: 1.367220, BCE loss: 1.461711, SB loss: 0.819662
2025-03-28 11:38:33,545 Epoch: [18/20] Iter:[40/192], Time: 0.62, lr: [0.0011402615929770753], Loss: 3.611843, Acc:0.599058, Semantic loss: 1.336221, BCE loss: 1.470051, SB loss: 0.805570
2025-03-28 11:38:37,434 Epoch: [18/20] Iter:[50/192], Time: 0.58, lr: [0.0011103853371305413], Loss: 3.587376, Acc:0.598165, Semantic loss: 1.331300, BCE loss: 1.452787, SB loss: 0.803289
2025-03-28 11:38:41,353 Epoch: [18/20] Iter:[60/192], Time: 0.55, lr: [0.001080419483295973], Loss: 3.565649, Acc:0.596458, Semantic loss: 1.331587, BCE loss: 1.434875, SB loss: 0.799187
2025-03-28 11:38:45,270 Epoch: [18/20] Iter:[70/192], Time: 0.53, lr: [0.0010503609839122385], Loss: 3.580121, Acc:0.599189, Semantic loss: 1.327573, BCE loss: 1.457612, SB loss: 0.794937
2025-03-28 11:38:49,147 Epoch: [18/20] Iter:[80/192], Time: 0.51, lr: [0.0010202065871765603], Loss: 3.601076, Acc:0.591287, Semantic loss: 1.339735, BCE loss: 1.462816, SB loss: 0.798524
2025-03-28 11:38:53,050 Epoch: [18/20] Iter:[90/192], Time: 0.50, lr: [0.000989952816168914], Loss: 3.598981, Acc:0.591591, Semantic loss: 1.335643, BCE loss: 1.466028, SB loss: 0.797309
2025-03-28 11:38:56,951 Epoch: [18/20] Iter:[100/192], Time: 0.48, lr: [0.0009595959450576828], Loss: 3.592674, Acc:0.591018, Semantic loss: 1.330529, BCE loss: 1.465006, SB loss: 0.797139
2025-03-28 11:39:00,835 Epoch: [18/20] Iter:[110/192], Time: 0.48, lr: [0.000929131971860904], Loss: 3.569079, Acc:0.591591, Semantic loss: 1.323227, BCE loss: 1.447959, SB loss: 0.797893
2025-03-28 11:39:04,730 Epoch: [18/20] Iter:[120/192], Time: 0.47, lr: [0.0008985565871200918], Loss: 3.569392, Acc:0.592150, Semantic loss: 1.321121, BCE loss: 1.451249, SB loss: 0.797022
2025-03-28 11:39:08,645 Epoch: [18/20] Iter:[130/192], Time: 0.46, lr: [0.0008678651376944955], Loss: 3.580274, Acc:0.594136, Semantic loss: 1.321136, BCE loss: 1.463274, SB loss: 0.795864
2025-03-28 11:39:12,553 Epoch: [18/20] Iter:[140/192], Time: 0.46, lr: [0.000837052584692747], Loss: 3.593546, Acc:0.593725, Semantic loss: 1.320711, BCE loss: 1.472178, SB loss: 0.800657
2025-03-28 11:39:16,443 Epoch: [18/20] Iter:[150/192], Time: 0.45, lr: [0.000806113454312208], Loss: 3.589290, Acc:0.593054, Semantic loss: 1.322470, BCE loss: 1.465004, SB loss: 0.801817
2025-03-28 11:39:20,333 Epoch: [18/20] Iter:[160/192], Time: 0.45, lr: [0.0007750417800344363], Loss: 3.588039, Acc:0.591232, Semantic loss: 1.323737, BCE loss: 1.461126, SB loss: 0.803176
2025-03-28 11:39:24,216 Epoch: [18/20] Iter:[170/192], Time: 0.45, lr: [0.0007438310342008949], Loss: 3.595991, Acc:0.588827, Semantic loss: 1.329145, BCE loss: 1.459576, SB loss: 0.807270
2025-03-28 11:39:28,146 Epoch: [18/20] Iter:[180/192], Time: 0.44, lr: [0.0007124740464272778], Loss: 3.591341, Acc:0.589928, Semantic loss: 1.327100, BCE loss: 1.460077, SB loss: 0.804164
2025-03-28 11:39:32,020 Epoch: [18/20] Iter:[190/192], Time: 0.44, lr: [0.0006809629055511224], Loss: 3.595399, Acc:0.589310, Semantic loss: 1.327778, BCE loss: 1.462698, SB loss: 0.804923
2025-03-28 11:41:04,637 0 [0.         0.58688535 0.27444736 0.25629241 0.19016278 0.14740314
 0.09582872] 0.2215742511089573
2025-03-28 11:41:04,637 1 [0.         0.59045375 0.33519297 0.34086699 0.3395004  0.14819886
 0.1127326 ] 0.26670650909498145
2025-03-28 11:41:04,643 => saving checkpoint to output\loveda\pidnet_small_loveda\aug_hf_gb_mcheckpoint.pth.tar
2025-03-28 11:41:04,731 Loss: 3.493, MeanIU:  0.2667, Best_mIoU:  0.2795
2025-03-28 11:41:04,731 [0.         0.59045375 0.33519297 0.34086699 0.3395004  0.14819886
 0.1127326 ]
2025-03-28 11:41:14,892 Epoch: [19/20] Iter:[0/192], Time: 9.97, lr: [0.0006746414238367822], Loss: 3.879924, Acc:0.575808, Semantic loss: 1.394496, BCE loss: 1.562579, SB loss: 0.922850
2025-03-28 11:41:18,770 Epoch: [19/20] Iter:[10/192], Time: 1.26, lr: [0.0006429336362339898], Loss: 3.619457, Acc:0.587375, Semantic loss: 1.340807, BCE loss: 1.445781, SB loss: 0.832869
2025-03-28 11:41:22,641 Epoch: [19/20] Iter:[20/192], Time: 0.84, lr: [0.0006110510578510947], Loss: 3.537897, Acc:0.583578, Semantic loss: 1.303534, BCE loss: 1.386409, SB loss: 0.847954
2025-03-28 11:41:26,521 Epoch: [19/20] Iter:[30/192], Time: 0.70, lr: [0.0005789824653018995], Loss: 3.551078, Acc:0.587935, Semantic loss: 1.330967, BCE loss: 1.389486, SB loss: 0.830625
2025-03-28 11:41:30,409 Epoch: [19/20] Iter:[40/192], Time: 0.62, lr: [0.0005467151732202777], Loss: 3.614882, Acc:0.583017, Semantic loss: 1.348091, BCE loss: 1.440088, SB loss: 0.826703
2025-03-28 11:41:34,295 Epoch: [19/20] Iter:[50/192], Time: 0.58, lr: [0.0005142347343351296], Loss: 3.628003, Acc:0.584611, Semantic loss: 1.351023, BCE loss: 1.445919, SB loss: 0.831061
2025-03-28 11:41:38,190 Epoch: [19/20] Iter:[60/192], Time: 0.55, lr: [0.0004815245523312483], Loss: 3.592795, Acc:0.586269, Semantic loss: 1.341140, BCE loss: 1.434664, SB loss: 0.816991
2025-03-28 11:41:42,078 Epoch: [19/20] Iter:[70/192], Time: 0.52, lr: [0.000448565373510549], Loss: 3.589802, Acc:0.588712, Semantic loss: 1.340004, BCE loss: 1.431441, SB loss: 0.818358
2025-03-28 11:41:45,970 Epoch: [19/20] Iter:[80/192], Time: 0.51, lr: [0.00041533460609889997], Loss: 3.607211, Acc:0.588961, Semantic loss: 1.342984, BCE loss: 1.450035, SB loss: 0.814192
2025-03-28 11:41:49,861 Epoch: [19/20] Iter:[90/192], Time: 0.49, lr: [0.00038180538785330436], Loss: 3.590603, Acc:0.590374, Semantic loss: 1.339156, BCE loss: 1.442106, SB loss: 0.809342
2025-03-28 11:41:53,743 Epoch: [19/20] Iter:[100/192], Time: 0.48, lr: [0.00034794527452517863], Loss: 3.578086, Acc:0.588585, Semantic loss: 1.336659, BCE loss: 1.435965, SB loss: 0.805462
2025-03-28 11:41:57,634 Epoch: [19/20] Iter:[110/192], Time: 0.47, lr: [0.00031371433588231993], Loss: 3.570248, Acc:0.590534, Semantic loss: 1.334484, BCE loss: 1.431611, SB loss: 0.804152
2025-03-28 11:42:01,559 Epoch: [19/20] Iter:[120/192], Time: 0.47, lr: [0.0002790622842837163], Loss: 3.566693, Acc:0.593361, Semantic loss: 1.330436, BCE loss: 1.435208, SB loss: 0.801049
2025-03-28 11:42:05,443 Epoch: [19/20] Iter:[130/192], Time: 0.46, lr: [0.0002439239356353784], Loss: 3.561646, Acc:0.594025, Semantic loss: 1.328081, BCE loss: 1.438287, SB loss: 0.795277
2025-03-28 11:42:09,339 Epoch: [19/20] Iter:[140/192], Time: 0.46, lr: [0.00020821159321002047], Loss: 3.570038, Acc:0.594175, Semantic loss: 1.325470, BCE loss: 1.447522, SB loss: 0.797045
2025-03-28 11:42:13,244 Epoch: [19/20] Iter:[150/192], Time: 0.45, lr: [0.00017180122628828942], Loss: 3.582430, Acc:0.594115, Semantic loss: 1.324807, BCE loss: 1.459716, SB loss: 0.797907
2025-03-28 11:42:17,136 Epoch: [19/20] Iter:[160/192], Time: 0.45, lr: [0.00013450451987183818], Loss: 3.579323, Acc:0.594645, Semantic loss: 1.321893, BCE loss: 1.461204, SB loss: 0.796227
2025-03-28 11:42:21,035 Epoch: [19/20] Iter:[170/192], Time: 0.45, lr: [9.600244875192536e-05], Loss: 3.584645, Acc:0.594496, Semantic loss: 1.321469, BCE loss: 1.466557, SB loss: 0.796619
2025-03-28 11:42:24,943 Epoch: [19/20] Iter:[180/192], Time: 0.44, lr: [5.563716848048335e-05], Loss: 3.589934, Acc:0.595613, Semantic loss: 1.322699, BCE loss: 1.471765, SB loss: 0.795471
2025-03-28 11:42:28,805 Epoch: [19/20] Iter:[190/192], Time: 0.44, lr: [1.1092486125349496e-05], Loss: 3.576889, Acc:0.595569, Semantic loss: 1.318784, BCE loss: 1.463579, SB loss: 0.794526
2025-03-28 11:44:01,663 0 [0.         0.57654405 0.29338372 0.26191467 0.22406561 0.16327969
 0.11018686] 0.23276779843159254
2025-03-28 11:44:01,664 1 [0.         0.55727275 0.3668389  0.36129476 0.39102612 0.16109378
 0.14588313] 0.2833442057027956
2025-03-28 11:44:01,670 => saving checkpoint to output\loveda\pidnet_small_loveda\aug_hf_gb_mcheckpoint.pth.tar
2025-03-28 11:44:01,791 Loss: 3.443, MeanIU:  0.2833, Best_mIoU:  0.2833
2025-03-28 11:44:01,791 [0.         0.55727275 0.3668389  0.36129476 0.39102612 0.16109378
 0.14588313]
2025-03-28 11:44:01,832 Hours: 0
2025-03-28 11:44:01,832 Done
